0.000 NEW RUN: Server, TEST: Write_file__Large_multi-packet
0.217 Received: b'\xe5\x9a\x8e\xb2\x00\x00\x00.\x00\x00\x00\x00P\x02\x05\xa8\x00\x00\x00\x00'
0.218 Disassembled: source: 58778, dest: 36530, seq: 46, window: 1448, SYN
0.218 SYN accepted; new connection: 127.0.0.1 on port 58778
0.218 Assembling: source: 36530, dest: 58778, seq: 1480329506, ack: 47, window: 5808, ACK, SYN
0.218 Sent: b'\x8e\xb2\xe5\x9aX<\t"\x00\x00\x00/P\x12\x16\xb0\x00\x00\x00\x00'
0.220 Received: b'\xe5\x9a\x8e\xb2\x00\x00\x00/X<\t#P\x10\x16\xb0\x00\x00\x00\x00'
0.220 Disassembled: source: 58778, dest: 36530, seq: 47, ack: 1480329507, window: 5808, ACK
0.221 Assembling: source: 36530, dest: 58778, seq: 1480329507, ack: 47, window: 5808, ACK
0.221 Sent: b'\x8e\xb2\xe5\x9aX<\t#\x00\x00\x00/P\x10\x16\xb0\x00\x00\x00\x00'
0.221 Received: b'\xe5\x9a\x8e\xb2\x00\x00\x00/X<\t#P\x10\x16\xb0\x00\x00\x00\x00Lorem ipsum dolo'...
0.222 Disassembled: source: 58778, dest: 36530, seq: 47, ack: 1480329507, window: 5808, ACK, data: "Lorem ipsum dolo"...
0.222 Handshake complete
0.222 Data accepted; writing to file
0.222 Assembling: source: 36530, dest: 58778, seq: 1480329507, ack: 1499, window: 5808, ACK
0.222 Sent: b'\x8e\xb2\xe5\x9aX<\t#\x00\x00\x05\xdbP\x10\x16\xb0\x00\x00\x00\x00'
0.223 Received: b'\xe5\x9a\x8e\xb2\x00\x00\x00/X<\t#P\x10\x16\xb0\x00\x00\x00\x00Lorem ipsum dolo'...
0.223 Disassembled: source: 58778, dest: 36530, seq: 47, ack: 1480329507, window: 5808, ACK, data: "Lorem ipsum dolo"...
0.223 Old data; ignoring
0.224 Received: b'\xe5\x9a\x8e\xb2\x00\x00\x00/X<\t#P\x10\x16\xb0\x00\x00\x00\x00Lorem ipsum dolo'...
0.225 Disassembled: source: 58778, dest: 36530, seq: 47, ack: 1480329507, window: 5808, ACK, data: "Lorem ipsum dolo"...
0.225 Old data; ignoring
0.723 Sent: b'\x8e\xb2\xe5\x9aX<\t#\x00\x00\x05\xdbP\x10\x16\xb0\x00\x00\x00\x00'
0.725 Received: b'\xe5\x9a\x8e\xb2\x00\x00\x00/X<\t#P\x10\x16\xb0\x00\x00\x00\x00Lorem ipsum dolo'...
0.725 Disassembled: source: 58778, dest: 36530, seq: 47, ack: 1480329507, window: 5808, ACK, data: "Lorem ipsum dolo"...
0.726 Old data; ignoring
1.223 Sent: b'\x8e\xb2\xe5\x9aX<\t#\x00\x00\x05\xdbP\x10\x16\xb0\x00\x00\x00\x00'
1.226 Received: b'\xe5\x9a\x8e\xb2\x00\x00\x00/X<\t#P\x10\x16\xb0\x00\x00\x00\x00Lorem ipsum dolo'...
1.226 Disassembled: source: 58778, dest: 36530, seq: 47, ack: 1480329507, window: 5808, ACK, data: "Lorem ipsum dolo"...
1.227 Old data; ignoring
1.723 Sent: b'\x8e\xb2\xe5\x9aX<\t#\x00\x00\x05\xdbP\x10\x16\xb0\x00\x00\x00\x00'
1.727 Received: b'\xe5\x9a\x8e\xb2\x00\x00\x00/X<\t#P\x10\x16\xb0\x00\x00\x00\x00Lorem ipsum dolo'...
1.727 Disassembled: source: 58778, dest: 36530, seq: 47, ack: 1480329507, window: 5808, ACK, data: "Lorem ipsum dolo"...
1.727 Old data; ignoring
2.224 Sent: b'\x8e\xb2\xe5\x9aX<\t#\x00\x00\x05\xdbP\x10\x16\xb0\x00\x00\x00\x00'
2.227 Received: b'\xe5\x9a\x8e\xb2\x00\x00\x00/X<\t#P\x10\x16\xb0\x00\x00\x00\x00Lorem ipsum dolo'...
2.228 Disassembled: source: 58778, dest: 36530, seq: 47, ack: 1480329507, window: 5808, ACK, data: "Lorem ipsum dolo"...
2.228 Old data; ignoring
2.724 Error: Connection timed out
2.725 Closed connection
2.729 Shutting down
