0.000 NEW RUN: Server, TEST: Write_file__No_file_extension
0.210 Received: b'KQ^\xb4\x00\x00\x00Z\x00\x00\x00\x00P\x02\x05\xa8\x00\x00\x00\x00'
0.211 Disassembled: source: 19281, dest: 24244, seq: 90, window: 1448, SYN
0.211 SYN accepted; new connection: 127.0.0.1 on port 19281
0.211 Assembling: source: 24244, dest: 19281, seq: 1482937345, ack: 91, window: 5808, ACK, SYN
0.211 Sent: b'^\xb4KQXc\xd4\x01\x00\x00\x00[P\x12\x16\xb0\x00\x00\x00\x00'
0.213 Received: b'KQ^\xb4\x00\x00\x00[Xc\xd4\x02P\x10\x16\xb0\x00\x00\x00\x00'
0.213 Disassembled: source: 19281, dest: 24244, seq: 91, ack: 1482937346, window: 5808, ACK
0.213 Assembling: source: 24244, dest: 19281, seq: 1482937346, ack: 91, window: 5808, ACK
0.213 Sent: b'^\xb4KQXc\xd4\x02\x00\x00\x00[P\x10\x16\xb0\x00\x00\x00\x00'
0.214 Received: b'KQ^\xb4\x00\x00\x00[Xc\xd4\x02P\x10\x16\xb0\x00\x00\x00\x00Lorem ipsum dolo'...
0.214 Disassembled: source: 19281, dest: 24244, seq: 91, ack: 1482937346, window: 5808, ACK, data: "Lorem ipsum dolo"...
0.214 Handshake complete
0.214 Data accepted; writing to file
0.214 Assembling: source: 24244, dest: 19281, seq: 1482937346, ack: 1543, window: 5808, ACK
0.215 Sent: b'^\xb4KQXc\xd4\x02\x00\x00\x06\x07P\x10\x16\xb0\x00\x00\x00\x00'
0.215 Received: b'KQ^\xb4\x00\x00\x00[Xc\xd4\x02P\x10\x16\xb0\x00\x00\x00\x00Lorem ipsum dolo'...
0.215 Disassembled: source: 19281, dest: 24244, seq: 91, ack: 1482937346, window: 5808, ACK, data: "Lorem ipsum dolo"...
0.215 Old data; ignoring
0.216 Received: b'KQ^\xb4\x00\x00\x00[Xc\xd4\x02P\x10\x16\xb0\x00\x00\x00\x00Lorem ipsum dolo'...
0.216 Disassembled: source: 19281, dest: 24244, seq: 91, ack: 1482937346, window: 5808, ACK, data: "Lorem ipsum dolo"...
0.216 Old data; ignoring
0.715 Sent: b'^\xb4KQXc\xd4\x02\x00\x00\x06\x07P\x10\x16\xb0\x00\x00\x00\x00'
1.216 Sent: b'^\xb4KQXc\xd4\x02\x00\x00\x06\x07P\x10\x16\xb0\x00\x00\x00\x00'
1.716 Sent: b'^\xb4KQXc\xd4\x02\x00\x00\x06\x07P\x10\x16\xb0\x00\x00\x00\x00'
2.216 Sent: b'^\xb4KQXc\xd4\x02\x00\x00\x06\x07P\x10\x16\xb0\x00\x00\x00\x00'
2.717 Error: Connection timed out
2.717 Closed connection
2.719 Shutting down
