0.000 NEW RUN: Server, TEST: Write_file__Small_multi-packet
0.210 Received: b'.\x14\x84D\x00\x00\x00\x03\x00\x00\x00\x00P\x02\x05\xa8\x00\x00\x00\x00'
0.210 Disassembled: source: 11796, dest: 33860, seq: 3, window: 1448, SYN
0.210 SYN accepted; new connection: 127.0.0.1 on port 11796
0.211 Assembling: source: 33860, dest: 11796, seq: 1468759413, ack: 4, window: 5808, ACK, SYN
0.211 Sent: b'\x84D.\x14W\x8b}u\x00\x00\x00\x04P\x12\x16\xb0\x00\x00\x00\x00'
0.213 Received: b'.\x14\x84D\x00\x00\x00\x04W\x8b}vP\x10\x16\xb0\x00\x00\x00\x00'
0.214 Disassembled: source: 11796, dest: 33860, seq: 4, ack: 1468759414, window: 5808, ACK
0.214 Assembling: source: 33860, dest: 11796, seq: 1468759414, ack: 4, window: 5808, ACK
0.214 Sent: b'\x84D.\x14W\x8b}v\x00\x00\x00\x04P\x10\x16\xb0\x00\x00\x00\x00'
0.215 Received: b'.\x14\x84D\x00\x00\x00\x04W\x8b}vP\x10\x16\xb0\x00\x00\x00\x00Lorem ipsum dolo'...
0.215 Disassembled: source: 11796, dest: 33860, seq: 4, ack: 1468759414, window: 5808, ACK, data: "Lorem ipsum dolo"...
0.215 Handshake complete
0.215 Data accepted; writing to file
0.215 Assembling: source: 33860, dest: 11796, seq: 1468759414, ack: 1456, window: 5808, ACK
0.216 Sent: b'\x84D.\x14W\x8b}v\x00\x00\x05\xb0P\x10\x16\xb0\x00\x00\x00\x00'
0.216 Received: b'.\x14\x84D\x00\x00\x00\x04W\x8b}vP\x10\x16\xb0\x00\x00\x00\x00Lorem ipsum dolo'...
0.217 Disassembled: source: 11796, dest: 33860, seq: 4, ack: 1468759414, window: 5808, ACK, data: "Lorem ipsum dolo"...
0.217 Old data; ignoring
0.218 Received: b'.\x14\x84D\x00\x00\x00\x04W\x8b}vP\x10\x16\xb0\x00\x00\x00\x00Lorem ipsum dolo'...
0.218 Disassembled: source: 11796, dest: 33860, seq: 4, ack: 1468759414, window: 5808, ACK, data: "Lorem ipsum dolo"...
0.218 Old data; ignoring
0.716 Sent: b'\x84D.\x14W\x8b}v\x00\x00\x05\xb0P\x10\x16\xb0\x00\x00\x00\x00'
0.719 Received: b'.\x14\x84D\x00\x00\x00\x04W\x8b}vP\x10\x16\xb0\x00\x00\x00\x00Lorem ipsum dolo'...
0.720 Disassembled: source: 11796, dest: 33860, seq: 4, ack: 1468759414, window: 5808, ACK, data: "Lorem ipsum dolo"...
0.720 Old data; ignoring
1.217 Sent: b'\x84D.\x14W\x8b}v\x00\x00\x05\xb0P\x10\x16\xb0\x00\x00\x00\x00'
1.220 Received: b'.\x14\x84D\x00\x00\x00\x04W\x8b}vP\x10\x16\xb0\x00\x00\x00\x00Lorem ipsum dolo'...
1.220 Disassembled: source: 11796, dest: 33860, seq: 4, ack: 1468759414, window: 5808, ACK, data: "Lorem ipsum dolo"...
1.220 Old data; ignoring
1.717 Sent: b'\x84D.\x14W\x8b}v\x00\x00\x05\xb0P\x10\x16\xb0\x00\x00\x00\x00'
1.720 Received: b'.\x14\x84D\x00\x00\x00\x04W\x8b}vP\x10\x16\xb0\x00\x00\x00\x00Lorem ipsum dolo'...
1.721 Disassembled: source: 11796, dest: 33860, seq: 4, ack: 1468759414, window: 5808, ACK, data: "Lorem ipsum dolo"...
1.721 Old data; ignoring
2.217 Sent: b'\x84D.\x14W\x8b}v\x00\x00\x05\xb0P\x10\x16\xb0\x00\x00\x00\x00'
2.220 Received: b'.\x14\x84D\x00\x00\x00\x04W\x8b}vP\x10\x16\xb0\x00\x00\x00\x00Lorem ipsum dolo'...
2.221 Disassembled: source: 11796, dest: 33860, seq: 4, ack: 1468759414, window: 5808, ACK, data: "Lorem ipsum dolo"...
2.221 Old data; ignoring
2.718 Error: Connection timed out
2.718 Closed connection
2.721 Shutting down
