0.000 NEW RUN: Server, TEST: Write_file__Single_packet
0.205 Received: b'cY\xed\xb6\x00\x00\x00P\x00\x00\x00\x00P\x02\x05\xa8\x00\x00\x00\x00'
0.205 Disassembled: source: 25433, dest: 60854, seq: 80, window: 1448, SYN
0.206 SYN accepted; new connection: 127.0.0.1 on port 25433
0.206 Assembling: source: 60854, dest: 25433, seq: 1457206706, ack: 81, window: 5808, ACK, SYN
0.206 Sent: b'\xed\xb6cYV\xdb5\xb2\x00\x00\x00QP\x12\x16\xb0\x00\x00\x00\x00'
0.207 Received: b'cY\xed\xb6\x00\x00\x00QV\xdb5\xb3P\x10\x16\xb0\x00\x00\x00\x00'
0.208 Disassembled: source: 25433, dest: 60854, seq: 81, ack: 1457206707, window: 5808, ACK
0.208 Assembling: source: 60854, dest: 25433, seq: 1457206707, ack: 81, window: 5808, ACK
0.208 Sent: b'\xed\xb6cYV\xdb5\xb3\x00\x00\x00QP\x10\x16\xb0\x00\x00\x00\x00'
0.208 Received: b'cY\xed\xb6\x00\x00\x00QV\xdb5\xb3P\x10\x16\xb0\x00\x00\x00\x00This file fits i'...
0.209 Disassembled: source: 25433, dest: 60854, seq: 81, ack: 1457206707, window: 5808, ACK, data: "This file fits i"...
0.209 Handshake complete
0.209 Data accepted; writing to file
0.209 Assembling: source: 60854, dest: 25433, seq: 1457206707, ack: 124, window: 5808, ACK
0.209 Sent: b'\xed\xb6cYV\xdb5\xb3\x00\x00\x00|P\x10\x16\xb0\x00\x00\x00\x00'
0.209 Received: b'cY\xed\xb6\x00\x00\x00QV\xdb5\xb3P\x10\x16\xb0\x00\x00\x00\x00This file fits i'...
0.210 Disassembled: source: 25433, dest: 60854, seq: 81, ack: 1457206707, window: 5808, ACK, data: "This file fits i"...
0.210 Old data; ignoring
0.710 Sent: b'\xed\xb6cYV\xdb5\xb3\x00\x00\x00|P\x10\x16\xb0\x00\x00\x00\x00'
1.210 Sent: b'\xed\xb6cYV\xdb5\xb3\x00\x00\x00|P\x10\x16\xb0\x00\x00\x00\x00'
1.710 Sent: b'\xed\xb6cYV\xdb5\xb3\x00\x00\x00|P\x10\x16\xb0\x00\x00\x00\x00'
2.211 Sent: b'\xed\xb6cYV\xdb5\xb3\x00\x00\x00|P\x10\x16\xb0\x00\x00\x00\x00'
2.711 Error: Connection timed out
2.711 Closed connection
2.712 Shutting down
