0.000 NEW RUN: Server, TEST: Write_file__Relaxed
0.206 Received: b'\xb8\xb4\xea\x9d\x00\x00\x00 \x00\x00\x00\x00P\x02\x05\xa8\x00\x00\x00\x00'
0.206 Disassembled: source: 47284, dest: 60061, seq: 32, window: 1448, SYN
0.206 SYN accepted; new connection: 127.0.0.1 on port 47284
0.207 Assembling: source: 60061, dest: 47284, seq: 1419614002, ack: 33, window: 5808, ACK, SYN
0.207 Sent: b'\xea\x9d\xb8\xb4T\x9d\x972\x00\x00\x00!P\x12\x16\xb0\x00\x00\x00\x00'
0.209 Received: b'\xb8\xb4\xea\x9d\x00\x00\x00!T\x9d\x973P\x10\x16\xb0\x00\x00\x00\x00'
0.209 Disassembled: source: 47284, dest: 60061, seq: 33, ack: 1419614003, window: 5808, ACK
0.209 Assembling: source: 60061, dest: 47284, seq: 1419614003, ack: 33, window: 5808, ACK
0.210 Sent: b'\xea\x9d\xb8\xb4T\x9d\x973\x00\x00\x00!P\x10\x16\xb0\x00\x00\x00\x00'
0.210 Received: b'\xb8\xb4\xea\x9d\x00\x00\x00!T\x9d\x973P\x10\x16\xb0\x00\x00\x00\x00'
0.210 Disassembled: source: 47284, dest: 60061, seq: 33, ack: 1419614003, window: 5808, ACK
0.211 Assembling: source: 60061, dest: 47284, seq: 1419614003, ack: 33, window: 5808, ACK
0.211 Sent: b'\xea\x9d\xb8\xb4T\x9d\x973\x00\x00\x00!P\x10\x16\xb0\x00\x00\x00\x00'
0.711 Sent: b'\xea\x9d\xb8\xb4T\x9d\x973\x00\x00\x00!P\x10\x16\xb0\x00\x00\x00\x00'
1.212 Sent: b'\xea\x9d\xb8\xb4T\x9d\x973\x00\x00\x00!P\x10\x16\xb0\x00\x00\x00\x00'
1.712 Sent: b'\xea\x9d\xb8\xb4T\x9d\x973\x00\x00\x00!P\x10\x16\xb0\x00\x00\x00\x00'
2.212 Sent: b'\xea\x9d\xb8\xb4T\x9d\x973\x00\x00\x00!P\x10\x16\xb0\x00\x00\x00\x00'
2.713 Error: Connection timed out
2.713 Closed connection
2.714 Shutting down
