0.000 NEW RUN: Server, TEST: Write_file__Empty
0.209 Received: b'\x99w\x84\xfc\x00\x00\x00a\x00\x00\x00\x00P\x02\x05\xa8\x00\x00\x00\x00'
0.209 Disassembled: source: 39287, dest: 34044, seq: 97, window: 1448, SYN
0.209 SYN accepted; new connection: 127.0.0.1 on port 39287
0.209 Assembling: source: 34044, dest: 39287, seq: 1445652789, ack: 98, window: 5808, ACK, SYN
0.210 Sent: b'\x84\xfc\x99wV*\xe95\x00\x00\x00bP\x12\x16\xb0\x00\x00\x00\x00'
0.211 Received: b'\x99w\x84\xfc\x00\x00\x00bV*\xe96P\x10\x16\xb0\x00\x00\x00\x00'
0.212 Disassembled: source: 39287, dest: 34044, seq: 98, ack: 1445652790, window: 5808, ACK
0.212 Assembling: source: 34044, dest: 39287, seq: 1445652790, ack: 98, window: 5808, ACK
0.212 Sent: b'\x84\xfc\x99wV*\xe96\x00\x00\x00bP\x10\x16\xb0\x00\x00\x00\x00'
0.213 Received: b'\x99w\x84\xfc\x00\x00\x00bV*\xe96P\x10\x16\xb0\x00\x00\x00\x00'
0.213 Disassembled: source: 39287, dest: 34044, seq: 98, ack: 1445652790, window: 5808, ACK
0.213 Assembling: source: 34044, dest: 39287, seq: 1445652790, ack: 98, window: 5808, ACK
0.213 Sent: b'\x84\xfc\x99wV*\xe96\x00\x00\x00bP\x10\x16\xb0\x00\x00\x00\x00'
0.713 Sent: b'\x84\xfc\x99wV*\xe96\x00\x00\x00bP\x10\x16\xb0\x00\x00\x00\x00'
1.214 Sent: b'\x84\xfc\x99wV*\xe96\x00\x00\x00bP\x10\x16\xb0\x00\x00\x00\x00'
1.714 Sent: b'\x84\xfc\x99wV*\xe96\x00\x00\x00bP\x10\x16\xb0\x00\x00\x00\x00'
2.214 Sent: b'\x84\xfc\x99wV*\xe96\x00\x00\x00bP\x10\x16\xb0\x00\x00\x00\x00'
2.715 Error: Connection timed out
2.715 Closed connection
2.717 Shutting down
