0.000 NEW RUN: Server, TEST: Read_file__Single_packet
0.216 Received: b'\xf1\xfc\x96\x83\x00\x00\x00\r\x00\x00\x00\x00P\x02\x05\xa8\x00\x00\x00\x00'
0.216 Disassembled: source: 61948, dest: 38531, seq: 13, window: 1448, SYN
0.217 SYN accepted; new connection: 127.0.0.1 on port 61948
0.217 Assembling: source: 38531, dest: 61948, seq: 1918435411, ack: 14, window: 1448, ACK, SYN
0.217 Sent: b'\x96\x83\xf1\xfcrY\x00S\x00\x00\x00\x0eP\x12\x05\xa8\x00\x00\x00\x00'
0.219 Received: b'\xf1\xfc\x96\x83\x00\x00\x00\x0erY\x00TP\x10\x05\xa8\x00\x00\x00\x00'
0.219 Disassembled: source: 61948, dest: 38531, seq: 14, ack: 1918435412, window: 1448, ACK
0.220 Handshake complete
0.220 Acknowledged seq: 1918435411
0.220 Finished reading file
0.220 Assembling: source: 38531, dest: 61948, seq: 1918435412, ack: 15, window: 1448, data: "This file fits i"...
0.220 Sent: b'\x96\x83\xf1\xfcrY\x00T\x00\x00\x00\x0fP\x00\x05\xa8\x00\x00\x00\x00This file fits i'...
0.222 Received: b'\xf1\xfc\x96\x83\x00\x00\x00\x0erY\x00\x7fP\x10\x05\xa8\x00\x00\x00\x00'
0.223 Disassembled: source: 61948, dest: 38531, seq: 14, ack: 1918435455, window: 1448, ACK
0.223 Acknowledged seq: 1918435412
0.223 Assembling: source: 38531, dest: 61948, seq: 1918435455, ack: 15, window: 1448, ACK, FIN
0.224 Sent: b'\x96\x83\xf1\xfcrY\x00\x7f\x00\x00\x00\x0fP\x11\x05\xa8\x00\x00\x00\x00'
0.225 Received: b'\xf1\xfc\x96\x83\x00\x00\x00\x0erY\x00\x80P\x10\x05\xa8\x00\x00\x00\x00'
0.226 Disassembled: source: 61948, dest: 38531, seq: 14, ack: 1918435456, window: 1448, ACK
0.226 FIN accepted; sending final packet
0.226 Assembling: source: 38531, dest: 61948, seq: 1918435456, ack: 15, window: 1448, ACK
0.226 Sent: b'\x96\x83\xf1\xfcrY\x00\x80\x00\x00\x00\x0fP\x10\x05\xa8\x00\x00\x00\x00'
0.226 Closed connection
0.227 Shutting down
