0.000 NEW RUN: Server, TEST: Read_file__Empty
0.222 Received: b'\x86\xcd\x9e/\x00\x00\x00\x0b\x00\x00\x00\x00P\x02\x05\xa8\x00\x00\x00\x00'
0.223 Disassembled: source: 34509, dest: 40495, seq: 11, window: 1448, SYN
0.223 SYN accepted; new connection: 127.0.0.1 on port 34509
0.223 Assembling: source: 40495, dest: 34509, seq: 1908877126, ack: 12, window: 1448, ACK, SYN
0.224 Sent: b"\x9e/\x86\xcdq\xc7'F\x00\x00\x00\x0cP\x12\x05\xa8\x00\x00\x00\x00"
0.225 Received: b"\x86\xcd\x9e/\x00\x00\x00\x0cq\xc7'GP\x10\x05\xa8\x00\x00\x00\x00"
0.226 Disassembled: source: 34509, dest: 40495, seq: 12, ack: 1908877127, window: 1448, ACK
0.226 Handshake complete
0.226 Acknowledged seq: 1908877126
0.226 Finished reading file
0.226 Assembling: source: 40495, dest: 34509, seq: 1908877127, ack: 13, window: 1448, ACK, FIN
0.226 Sent: b"\x9e/\x86\xcdq\xc7'G\x00\x00\x00\rP\x11\x05\xa8\x00\x00\x00\x00"
0.228 Received: b"\x86\xcd\x9e/\x00\x00\x00\x0cq\xc7'HP\x10\x05\xa8\x00\x00\x00\x00"
0.228 Disassembled: source: 34509, dest: 40495, seq: 12, ack: 1908877128, window: 1448, ACK
0.228 FIN accepted; sending final packet
0.228 Assembling: source: 40495, dest: 34509, seq: 1908877128, ack: 13, window: 1448, ACK
0.229 Sent: b"\x9e/\x86\xcdq\xc7'H\x00\x00\x00\rP\x10\x05\xa8\x00\x00\x00\x00"
0.229 Closed connection
0.229 Shutting down
