0.000 NEW RUN: Server, TEST: Write_file__Large_multi-packet
0.204 Received: b'\xf0\x8a\x97\x90\x00\x00\x00\x02\x00\x00\x00\x00P\x02\x05\xa8\x00\x00\x00\x00'
0.205 Disassembled: source: 61578, dest: 38800, seq: 2, window: 1448, SYN
0.205 SYN accepted; new connection: 127.0.0.1 on port 61578
0.205 Assembling: source: 38800, dest: 61578, seq: 1955536610, ack: 3, window: 5808, ACK, SYN
0.206 Sent: b'\x97\x90\xf0\x8at\x8f\x1e\xe2\x00\x00\x00\x03P\x12\x16\xb0\x00\x00\x00\x00'
0.207 Received: b'\xf0\x8a\x97\x90\x00\x00\x00\x03t\x8f\x1e\xe3P\x10\x16\xb0\x00\x00\x00\x00'
0.207 Disassembled: source: 61578, dest: 38800, seq: 3, ack: 1955536611, window: 5808, ACK
0.207 Assembling: source: 38800, dest: 61578, seq: 1955536611, ack: 3, window: 5808, ACK
0.208 Sent: b'\x97\x90\xf0\x8at\x8f\x1e\xe3\x00\x00\x00\x03P\x10\x16\xb0\x00\x00\x00\x00'
0.208 Received: b'\xf0\x8a\x97\x90\x00\x00\x00\x03t\x8f\x1e\xe3P\x10\x16\xb0\x00\x00\x00\x00Lorem ipsum dolo'...
0.208 Disassembled: source: 61578, dest: 38800, seq: 3, ack: 1955536611, window: 5808, ACK, data: "Lorem ipsum dolo"...
0.208 Handshake complete
0.208 Data accepted; writing to file
0.208 Assembling: source: 38800, dest: 61578, seq: 1955536611, ack: 1451, window: 5808, ACK
0.209 Sent: b'\x97\x90\xf0\x8at\x8f\x1e\xe3\x00\x00\x05\xabP\x10\x16\xb0\x00\x00\x00\x00'
0.209 Received: b'\xf0\x8a\x97\x90\x00\x00\x00\x03t\x8f\x1e\xe3P\x10\x16\xb0\x00\x00\x00\x00Lorem ipsum dolo'...
0.209 Disassembled: source: 61578, dest: 38800, seq: 3, ack: 1955536611, window: 5808, ACK, data: "Lorem ipsum dolo"...
0.209 Old data; ignoring
0.210 Received: b'\xf0\x8a\x97\x90\x00\x00\x05\xabt\x8f\x1e\xe3P\x00\x16\xb0\x00\x00\x00\x00mprehensam nam, '...
0.210 Disassembled: source: 61578, dest: 38800, seq: 1451, ack: 1955536611, window: 5808, data: "mprehensam nam, "...
0.210 Data accepted; writing to file
0.211 Assembling: source: 38800, dest: 61578, seq: 1955536611, ack: 2899, window: 5808, ACK
0.211 Sent: b'\x97\x90\xf0\x8at\x8f\x1e\xe3\x00\x00\x0bSP\x10\x16\xb0\x00\x00\x00\x00'
0.212 Received: b'\xf0\x8a\x97\x90\x00\x00\x0bSt\x8f\x1e\xe3P\x10\x16\xb0\x00\x00\x00\x00ilisi repudiare '...
0.212 Disassembled: source: 61578, dest: 38800, seq: 2899, ack: 1955536611, window: 5808, ACK, data: "ilisi repudiare "...
0.212 Error: Incorrect acknowledgement flag
0.711 Sent: b'\x97\x90\xf0\x8at\x8f\x1e\xe3\x00\x00\x0bSP\x10\x16\xb0\x00\x00\x00\x00'
0.713 Received: b'\xf0\x8a\x97\x90\x00\x00\x0bSt\x8f\x1e\xe3P\x10\x16\xb0\x00\x00\x00\x00ilisi repudiare '...
0.713 Disassembled: source: 61578, dest: 38800, seq: 2899, ack: 1955536611, window: 5808, ACK, data: "ilisi repudiare "...
0.713 Error: Incorrect acknowledgement flag
1.211 Sent: b'\x97\x90\xf0\x8at\x8f\x1e\xe3\x00\x00\x0bSP\x10\x16\xb0\x00\x00\x00\x00'
1.214 Received: b'\xf0\x8a\x97\x90\x00\x00\x0bSt\x8f\x1e\xe3P\x10\x16\xb0\x00\x00\x00\x00ilisi repudiare '...
1.214 Disassembled: source: 61578, dest: 38800, seq: 2899, ack: 1955536611, window: 5808, ACK, data: "ilisi repudiare "...
1.214 Error: Incorrect acknowledgement flag
1.712 Sent: b'\x97\x90\xf0\x8at\x8f\x1e\xe3\x00\x00\x0bSP\x10\x16\xb0\x00\x00\x00\x00'
1.715 Received: b'\xf0\x8a\x97\x90\x00\x00\x0bSt\x8f\x1e\xe3P\x10\x16\xb0\x00\x00\x00\x00ilisi repudiare '...
1.715 Disassembled: source: 61578, dest: 38800, seq: 2899, ack: 1955536611, window: 5808, ACK, data: "ilisi repudiare "...
1.716 Error: Incorrect acknowledgement flag
2.212 Sent: b'\x97\x90\xf0\x8at\x8f\x1e\xe3\x00\x00\x0bSP\x10\x16\xb0\x00\x00\x00\x00'
2.215 Received: b'\xf0\x8a\x97\x90\x00\x00\x0bSt\x8f\x1e\xe3P\x10\x16\xb0\x00\x00\x00\x00ilisi repudiare '...
2.216 Disassembled: source: 61578, dest: 38800, seq: 2899, ack: 1955536611, window: 5808, ACK, data: "ilisi repudiare "...
2.216 Error: Incorrect acknowledgement flag
2.713 Error: Connection timed out
2.713 Closed connection
2.716 Shutting down
