0.000 NEW RUN: Server, TEST: Write_file__Latency
0.211 Received: b'\xadR$\x8c\x00\x00\x00\x08\x00\x00\x00\x00P\x02\x05\xa8\x00\x00\x00\x00'
0.211 Disassembled: source: 44370, dest: 9356, seq: 8, window: 1448, SYN
0.212 SYN accepted; new connection: 127.0.0.1 on port 44370
0.212 Assembling: source: 9356, dest: 44370, seq: 2043380789, ack: 9, window: 5808, ACK, SYN
0.212 Sent: b'$\x8c\xadRy\xcb\x845\x00\x00\x00\tP\x12\x16\xb0\x00\x00\x00\x00'
0.713 Sent: b'$\x8c\xadRy\xcb\x845\x00\x00\x00\tP\x12\x16\xb0\x00\x00\x00\x00'
1.213 Sent: b'$\x8c\xadRy\xcb\x845\x00\x00\x00\tP\x12\x16\xb0\x00\x00\x00\x00'
1.217 Received: b'\xadR$\x8c\x00\x00\x00\ty\xcb\x846P\x10\x16\xb0\x00\x00\x00\x00'
1.218 Disassembled: source: 44370, dest: 9356, seq: 9, ack: 2043380790, window: 5808, ACK
1.218 Assembling: source: 9356, dest: 44370, seq: 2043380790, ack: 9, window: 5808, ACK
1.218 Sent: b'$\x8c\xadRy\xcb\x846\x00\x00\x00\tP\x10\x16\xb0\x00\x00\x00\x00'
1.220 Received: b'\xadR$\x8c\x00\x00\x00\ty\xcb\x846P\x10\x16\xb0\x00\x00\x00\x00Lorem ipsum dolo'...
1.220 Disassembled: source: 44370, dest: 9356, seq: 9, ack: 2043380790, window: 5808, ACK, data: "Lorem ipsum dolo"...
1.220 Handshake complete
1.220 Data accepted; writing to file
1.220 Assembling: source: 9356, dest: 44370, seq: 2043380790, ack: 1457, window: 5808, ACK
1.221 Sent: b'$\x8c\xadRy\xcb\x846\x00\x00\x05\xb1P\x10\x16\xb0\x00\x00\x00\x00'
1.717 Received: b'\xadR$\x8c\x00\x00\x00\ty\xcb\x846P\x10\x16\xb0\x00\x00\x00\x00Lorem ipsum dolo'...
1.718 Disassembled: source: 44370, dest: 9356, seq: 9, ack: 2043380790, window: 5808, ACK, data: "Lorem ipsum dolo"...
1.718 Old data; ignoring
1.722 Sent: b'$\x8c\xadRy\xcb\x846\x00\x00\x05\xb1P\x10\x16\xb0\x00\x00\x00\x00'
2.218 Received: b'\xadR$\x8c\x00\x00\x00\ty\xcb\x846P\x10\x16\xb0\x00\x00\x00\x00Lorem ipsum dolo'...
2.218 Disassembled: source: 44370, dest: 9356, seq: 9, ack: 2043380790, window: 5808, ACK, data: "Lorem ipsum dolo"...
2.219 Old data; ignoring
2.223 Sent: b'$\x8c\xadRy\xcb\x846\x00\x00\x05\xb1P\x10\x16\xb0\x00\x00\x00\x00'
2.223 Received: b'\xadR$\x8c\x00\x00\x00\ty\xcb\x846P\x10\x16\xb0\x00\x00\x00\x00Lorem ipsum dolo'...
2.224 Disassembled: source: 44370, dest: 9356, seq: 9, ack: 2043380790, window: 5808, ACK, data: "Lorem ipsum dolo"...
2.224 Old data; ignoring
2.226 Received: b'\xadR$\x8c\x00\x00\x05\xb1y\xcb\x846P\x00\x16\xb0\x00\x00\x00\x00mprehensam nam, '...
2.226 Disassembled: source: 44370, dest: 9356, seq: 1457, ack: 2043380790, window: 5808, data: "mprehensam nam, "...
2.227 Data accepted; writing to file
2.227 Assembling: source: 9356, dest: 44370, seq: 2043380790, ack: 2905, window: 5808, ACK
2.227 Sent: b'$\x8c\xadRy\xcb\x846\x00\x00\x0bYP\x10\x16\xb0\x00\x00\x00\x00'
2.726 Received: b'\xadR$\x8c\x00\x00\x05\xb1y\xcb\x846P\x00\x16\xb0\x00\x00\x00\x00mprehensam nam, '...
2.727 Disassembled: source: 44370, dest: 9356, seq: 1457, ack: 2043380790, window: 5808, data: "mprehensam nam, "...
2.727 Old data; ignoring
2.728 Sent: b'$\x8c\xadRy\xcb\x846\x00\x00\x0bYP\x10\x16\xb0\x00\x00\x00\x00'
3.227 Received: b'\xadR$\x8c\x00\x00\x05\xb1y\xcb\x846P\x00\x16\xb0\x00\x00\x00\x00mprehensam nam, '...
3.228 Disassembled: source: 44370, dest: 9356, seq: 1457, ack: 2043380790, window: 5808, data: "mprehensam nam, "...
3.228 Old data; ignoring
3.228 Sent: b'$\x8c\xadRy\xcb\x846\x00\x00\x0bYP\x10\x16\xb0\x00\x00\x00\x00'
3.232 Received: b'\xadR$\x8c\x00\x00\x0bYy\xcb\x846P\x10\x16\xb0\x00\x00\x00\x00ilisi repudiare '...
3.232 Disassembled: source: 44370, dest: 9356, seq: 2905, ack: 2043380790, window: 5808, ACK, data: "ilisi repudiare "...
3.232 Error: Incorrect acknowledgement flag
3.729 Sent: b'$\x8c\xadRy\xcb\x846\x00\x00\x0bYP\x10\x16\xb0\x00\x00\x00\x00'
3.732 Received: b'\xadR$\x8c\x00\x00\x0bYy\xcb\x846P\x10\x16\xb0\x00\x00\x00\x00ilisi repudiare '...
3.733 Disassembled: source: 44370, dest: 9356, seq: 2905, ack: 2043380790, window: 5808, ACK, data: "ilisi repudiare "...
3.733 Error: Incorrect acknowledgement flag
4.230 Sent: b'$\x8c\xadRy\xcb\x846\x00\x00\x0bYP\x10\x16\xb0\x00\x00\x00\x00'
4.233 Received: b'\xadR$\x8c\x00\x00\x0bYy\xcb\x846P\x10\x16\xb0\x00\x00\x00\x00ilisi repudiare '...
4.234 Disassembled: source: 44370, dest: 9356, seq: 2905, ack: 2043380790, window: 5808, ACK, data: "ilisi repudiare "...
4.234 Error: Incorrect acknowledgement flag
4.731 Error: Connection timed out
4.731 Closed connection
4.734 Received: b'\xadR$\x8c\x00\x00\x0bYy\xcb\x846P\x10\x16\xb0\x00\x00\x00\x00ilisi repudiare '...
4.734 New client; ignoring
4.734 Shutting down
