0.000 NEW RUN: Server, TEST: Write_file__Relaxed
0.212 Received: b'\xcf\x91\xe6Q\x00\x00\x00\x03\x00\x00\x00\x00P\x02\x05\xa8\x00\x00\x00\x00'
0.213 Disassembled: source: 53137, dest: 58961, seq: 3, window: 1448, SYN
0.213 SYN accepted; new connection: 127.0.0.1 on port 53137
0.214 Assembling: source: 58961, dest: 53137, seq: 1897311335, ack: 4, window: 5808, ACK, SYN
0.214 Sent: b'\xe6Q\xcf\x91q\x16\xacg\x00\x00\x00\x04P\x12\x16\xb0\x00\x00\x00\x00'
0.215 Received: b'\xcf\x91\xe6Q\x00\x00\x00\x04q\x16\xachP\x10\x16\xb0\x00\x00\x00\x00'
0.216 Disassembled: source: 53137, dest: 58961, seq: 4, ack: 1897311336, window: 5808, ACK
0.216 Assembling: source: 58961, dest: 53137, seq: 1897311336, ack: 4, window: 5808, ACK
0.216 Sent: b'\xe6Q\xcf\x91q\x16\xach\x00\x00\x00\x04P\x10\x16\xb0\x00\x00\x00\x00'
0.216 Received: b'\xcf\x91\xe6Q\x00\x00\x00\x04q\x16\xachP\x10\x16\xb0\x00\x00\x00\x00'
0.217 Disassembled: source: 53137, dest: 58961, seq: 4, ack: 1897311336, window: 5808, ACK
0.217 Assembling: source: 58961, dest: 53137, seq: 1897311336, ack: 4, window: 5808, ACK
0.217 Sent: b'\xe6Q\xcf\x91q\x16\xach\x00\x00\x00\x04P\x10\x16\xb0\x00\x00\x00\x00'
0.717 Sent: b'\xe6Q\xcf\x91q\x16\xach\x00\x00\x00\x04P\x10\x16\xb0\x00\x00\x00\x00'
1.218 Sent: b'\xe6Q\xcf\x91q\x16\xach\x00\x00\x00\x04P\x10\x16\xb0\x00\x00\x00\x00'
1.718 Sent: b'\xe6Q\xcf\x91q\x16\xach\x00\x00\x00\x04P\x10\x16\xb0\x00\x00\x00\x00'
2.219 Sent: b'\xe6Q\xcf\x91q\x16\xach\x00\x00\x00\x04P\x10\x16\xb0\x00\x00\x00\x00'
2.719 Error: Connection timed out
2.719 Closed connection
2.720 Shutting down
