0.000 NEW RUN: Server, TEST: Write_file__Small_multi-packet
0.219 Received: b'\x9b5\x85\xb2\x00\x00\x00\x13\x00\x00\x00\x00P\x02\x05\xa8\x00\x00\x00\x00'
0.219 Disassembled: source: 39733, dest: 34226, seq: 19, window: 1448, SYN
0.219 SYN accepted; new connection: 127.0.0.1 on port 39733
0.220 Assembling: source: 34226, dest: 39733, seq: 1943980777, ack: 20, window: 5808, ACK, SYN
0.220 Sent: b'\x85\xb2\x9b5s\xde\xca\xe9\x00\x00\x00\x14P\x12\x16\xb0\x00\x00\x00\x00'
0.221 Received: b'\x9b5\x85\xb2\x00\x00\x00\x14s\xde\xca\xeaP\x10\x16\xb0\x00\x00\x00\x00'
0.222 Disassembled: source: 39733, dest: 34226, seq: 20, ack: 1943980778, window: 5808, ACK
0.222 Assembling: source: 34226, dest: 39733, seq: 1943980778, ack: 20, window: 5808, ACK
0.222 Sent: b'\x85\xb2\x9b5s\xde\xca\xea\x00\x00\x00\x14P\x10\x16\xb0\x00\x00\x00\x00'
0.222 Received: b'\x9b5\x85\xb2\x00\x00\x00\x14s\xde\xca\xeaP\x10\x16\xb0\x00\x00\x00\x00Lorem ipsum dolo'...
0.223 Disassembled: source: 39733, dest: 34226, seq: 20, ack: 1943980778, window: 5808, ACK, data: "Lorem ipsum dolo"...
0.223 Handshake complete
0.223 Data accepted; writing to file
0.223 Assembling: source: 34226, dest: 39733, seq: 1943980778, ack: 1468, window: 5808, ACK
0.223 Sent: b'\x85\xb2\x9b5s\xde\xca\xea\x00\x00\x05\xbcP\x10\x16\xb0\x00\x00\x00\x00'
0.223 Received: b'\x9b5\x85\xb2\x00\x00\x00\x14s\xde\xca\xeaP\x10\x16\xb0\x00\x00\x00\x00Lorem ipsum dolo'...
0.224 Disassembled: source: 39733, dest: 34226, seq: 20, ack: 1943980778, window: 5808, ACK, data: "Lorem ipsum dolo"...
0.224 Old data; ignoring
0.224 Received: b'\x9b5\x85\xb2\x00\x00\x05\xbcs\xde\xca\xeaP\x00\x16\xb0\x00\x00\x00\x00mprehensam nam, '...
0.225 Disassembled: source: 39733, dest: 34226, seq: 1468, ack: 1943980778, window: 5808, data: "mprehensam nam, "...
0.225 Data accepted; writing to file
0.225 Assembling: source: 34226, dest: 39733, seq: 1943980778, ack: 2916, window: 5808, ACK
0.225 Sent: b'\x85\xb2\x9b5s\xde\xca\xea\x00\x00\x0bdP\x10\x16\xb0\x00\x00\x00\x00'
0.227 Received: b'\x9b5\x85\xb2\x00\x00\x0bds\xde\xca\xeaP\x10\x16\xb0\x00\x00\x00\x00ilisi repudiare '...
0.227 Disassembled: source: 39733, dest: 34226, seq: 2916, ack: 1943980778, window: 5808, ACK, data: "ilisi repudiare "...
0.227 Error: Incorrect acknowledgement flag
0.726 Sent: b'\x85\xb2\x9b5s\xde\xca\xea\x00\x00\x0bdP\x10\x16\xb0\x00\x00\x00\x00'
0.728 Received: b'\x9b5\x85\xb2\x00\x00\x0bds\xde\xca\xeaP\x10\x16\xb0\x00\x00\x00\x00ilisi repudiare '...
0.729 Disassembled: source: 39733, dest: 34226, seq: 2916, ack: 1943980778, window: 5808, ACK, data: "ilisi repudiare "...
0.729 Error: Incorrect acknowledgement flag
1.226 Sent: b'\x85\xb2\x9b5s\xde\xca\xea\x00\x00\x0bdP\x10\x16\xb0\x00\x00\x00\x00'
1.229 Received: b'\x9b5\x85\xb2\x00\x00\x0bds\xde\xca\xeaP\x10\x16\xb0\x00\x00\x00\x00ilisi repudiare '...
1.230 Disassembled: source: 39733, dest: 34226, seq: 2916, ack: 1943980778, window: 5808, ACK, data: "ilisi repudiare "...
1.230 Error: Incorrect acknowledgement flag
1.727 Sent: b'\x85\xb2\x9b5s\xde\xca\xea\x00\x00\x0bdP\x10\x16\xb0\x00\x00\x00\x00'
1.730 Received: b'\x9b5\x85\xb2\x00\x00\x0bds\xde\xca\xeaP\x10\x16\xb0\x00\x00\x00\x00ilisi repudiare '...
1.730 Disassembled: source: 39733, dest: 34226, seq: 2916, ack: 1943980778, window: 5808, ACK, data: "ilisi repudiare "...
1.730 Error: Incorrect acknowledgement flag
2.227 Sent: b'\x85\xb2\x9b5s\xde\xca\xea\x00\x00\x0bdP\x10\x16\xb0\x00\x00\x00\x00'
2.230 Received: b'\x9b5\x85\xb2\x00\x00\x0bds\xde\xca\xeaP\x10\x16\xb0\x00\x00\x00\x00ilisi repudiare '...
2.231 Disassembled: source: 39733, dest: 34226, seq: 2916, ack: 1943980778, window: 5808, ACK, data: "ilisi repudiare "...
2.231 Error: Incorrect acknowledgement flag
2.727 Error: Connection timed out
2.728 Closed connection
2.731 Shutting down
