0.000 NEW RUN: Server, TEST: Read_file__Single_packet
0.217 Received: b'\xcfF<U\x00\x00\x00\x17\x00\x00\x00\x00P\x02\x05\xa8\x00\x00\x00\x00'
0.217 Disassembled: source: 53062, dest: 15445, seq: 23, window: 1448, SYN
0.218 SYN accepted; new connection: 127.0.0.1 on port 53062
0.218 Assembling: source: 15445, dest: 53062, seq: 162376299, ack: 24, window: 1448, ACK, SYN
0.218 Sent: b'<U\xcfF\t\xad\xaak\x00\x00\x00\x18P\x12\x05\xa8\x00\x00\x00\x00'
0.220 Received: b'\xcfF<U\x00\x00\x00\x18\t\xad\xaalP\x10\x05\xa8\x00\x00\x00\x00'
0.220 Disassembled: source: 53062, dest: 15445, seq: 24, ack: 162376300, window: 1448, ACK
0.220 Handshake complete
0.221 Acknowledged seq: 162376299
0.221 Finished reading file
0.221 Assembling: source: 15445, dest: 53062, seq: 162376300, ack: 25, window: 1448, data: "This file fits i"...
0.221 Sent: b'<U\xcfF\t\xad\xaal\x00\x00\x00\x19P\x00\x05\xa8\x00\x00\x00\x00This file fits i'...
0.223 Received: b'\xcfF<U\x00\x00\x00\x18\t\xad\xaa\x97P\x10\x05\xa8\x00\x00\x00\x00'
0.223 Disassembled: source: 53062, dest: 15445, seq: 24, ack: 162376343, window: 1448, ACK
0.224 Acknowledged seq: 162376300
0.224 Assembling: source: 15445, dest: 53062, seq: 162376343, ack: 25, window: 1448, ACK, FIN
0.224 Sent: b'<U\xcfF\t\xad\xaa\x97\x00\x00\x00\x19P\x11\x05\xa8\x00\x00\x00\x00'
0.226 Received: b'\xcfF<U\x00\x00\x00\x18\t\xad\xaa\x98P\x10\x05\xa8\x00\x00\x00\x00'
0.226 Disassembled: source: 53062, dest: 15445, seq: 24, ack: 162376344, window: 1448, ACK
0.226 FIN accepted; sending final packet
0.227 Assembling: source: 15445, dest: 53062, seq: 162376344, ack: 25, window: 1448, ACK
0.227 Sent: b'<U\xcfF\t\xad\xaa\x98\x00\x00\x00\x19P\x10\x05\xa8\x00\x00\x00\x00'
0.227 Closed connection
0.227 Shutting down
