0.000 NEW RUN: Server, TEST: Read_file__Large_multi-packet
0.212 Received: b'<\x1e\x92_\x00\x00\x00N\x00\x00\x00\x00P\x02\x05\xa8\x00\x00\x00\x00'
0.212 Disassembled: source: 15390, dest: 37471, seq: 78, window: 1448, SYN
0.213 SYN accepted; new connection: 127.0.0.1 on port 15390
0.213 Assembling: source: 37471, dest: 15390, seq: 163454749, ack: 79, window: 1448, ACK, SYN
0.213 Sent: b'\x92_<\x1e\t\xbe\x1f\x1d\x00\x00\x00OP\x12\x05\xa8\x00\x00\x00\x00'
0.214 Received: b'<\x1e\x92_\x00\x00\x00O\t\xbe\x1f\x1eP\x10\x05\xa8\x00\x00\x00\x00'
0.215 Disassembled: source: 15390, dest: 37471, seq: 79, ack: 163454750, window: 1448, ACK
0.215 Handshake complete
0.215 Acknowledged seq: 163454749
0.215 Assembling: source: 37471, dest: 15390, seq: 163454750, ack: 80, window: 1448, data: "Lorem ipsum dolo"...
0.215 Sent: b'\x92_<\x1e\t\xbe\x1f\x1e\x00\x00\x00PP\x00\x05\xa8\x00\x00\x00\x00Lorem ipsum dolo'...
0.217 Received: b'<\x1e\x92_\x00\x00\x00O\t\xbe$\xc6P\x10\x05\xa8\x00\x00\x00\x00'
0.217 Disassembled: source: 15390, dest: 37471, seq: 79, ack: 163456198, window: 1448, ACK
0.217 Acknowledged seq: 163454750
0.217 Assembling: source: 37471, dest: 15390, seq: 163456198, ack: 80, window: 1448, data: "mprehensam nam, "...
0.217 Sent: b'\x92_<\x1e\t\xbe$\xc6\x00\x00\x00PP\x00\x05\xa8\x00\x00\x00\x00mprehensam nam, '...
0.219 Received: b'<\x1e\x92_\x00\x00\x00O\t\xbe*nP\x10\x05\xa8\x00\x00\x00\x00'
0.219 Disassembled: source: 15390, dest: 37471, seq: 79, ack: 163457646, window: 1448, ACK
0.219 Acknowledged seq: 163456198
0.219 Assembling: source: 37471, dest: 15390, seq: 163457646, ack: 80, window: 1448, data: "ilisi repudiare "...
0.219 Sent: b'\x92_<\x1e\t\xbe*n\x00\x00\x00PP\x00\x05\xa8\x00\x00\x00\x00ilisi repudiare '...
0.221 Received: b'<\x1e\x92_\x00\x00\x00O\t\xbe0\x16P\x10\x05\xa8\x00\x00\x00\x00'
0.221 Disassembled: source: 15390, dest: 37471, seq: 79, ack: 163459094, window: 1448, ACK
0.221 Acknowledged seq: 163457646
0.221 Assembling: source: 37471, dest: 15390, seq: 163459094, ack: 80, window: 1448, data: "ta.

Et essent s"...
0.221 Sent: b'\x92_<\x1e\t\xbe0\x16\x00\x00\x00PP\x00\x05\xa8\x00\x00\x00\x00ta.\n\nEt essent s'...
0.223 Received: b'<\x1e\x92_\x00\x00\x00O\t\xbe5\xbeP\x10\x05\xa8\x00\x00\x00\x00'
0.223 Disassembled: source: 15390, dest: 37471, seq: 79, ack: 163460542, window: 1448, ACK
0.223 Acknowledged seq: 163459094
0.223 Assembling: source: 37471, dest: 15390, seq: 163460542, ack: 80, window: 1448, data: " Nihil tractatos"...
0.223 Sent: b'\x92_<\x1e\t\xbe5\xbe\x00\x00\x00PP\x00\x05\xa8\x00\x00\x00\x00 Nihil tractatos'...
0.225 Received: b'<\x1e\x92_\x00\x00\x00O\t\xbe;fP\x10\x05\xa8\x00\x00\x00\x00'
0.225 Disassembled: source: 15390, dest: 37471, seq: 79, ack: 163461990, window: 1448, ACK
0.225 Acknowledged seq: 163460542
0.226 Assembling: source: 37471, dest: 15390, seq: 163461990, ack: 80, window: 1448, data: "fert iuvaret sap"...
0.226 Sent: b'\x92_<\x1e\t\xbe;f\x00\x00\x00PP\x00\x05\xa8\x00\x00\x00\x00fert iuvaret sap'...
0.227 Received: b'<\x1e\x92_\x00\x00\x00O\t\xbeA\x0eP\x10\x05\xa8\x00\x00\x00\x00'
0.227 Disassembled: source: 15390, dest: 37471, seq: 79, ack: 163463438, window: 1448, ACK
0.228 Acknowledged seq: 163461990
0.228 Assembling: source: 37471, dest: 15390, seq: 163463438, ack: 80, window: 1448, data: "ram adipiscing, "...
0.228 Sent: b'\x92_<\x1e\t\xbeA\x0e\x00\x00\x00PP\x00\x05\xa8\x00\x00\x00\x00ram adipiscing, '...
0.229 Received: b'<\x1e\x92_\x00\x00\x00O\t\xbeF\xb6P\x10\x05\xa8\x00\x00\x00\x00'
0.230 Disassembled: source: 15390, dest: 37471, seq: 79, ack: 163464886, window: 1448, ACK
0.230 Acknowledged seq: 163463438
0.230 Assembling: source: 37471, dest: 15390, seq: 163464886, ack: 80, window: 1448, data: "m veritus vivend"...
0.230 Sent: b'\x92_<\x1e\t\xbeF\xb6\x00\x00\x00PP\x00\x05\xa8\x00\x00\x00\x00m veritus vivend'...
0.232 Received: b'<\x1e\x92_\x00\x00\x00O\t\xbeL^P\x10\x05\xa8\x00\x00\x00\x00'
0.232 Disassembled: source: 15390, dest: 37471, seq: 79, ack: 163466334, window: 1448, ACK
0.232 Acknowledged seq: 163464886
0.232 Assembling: source: 37471, dest: 15390, seq: 163466334, ack: 80, window: 1448, data: " delenit, ignota"...
0.232 Sent: b'\x92_<\x1e\t\xbeL^\x00\x00\x00PP\x00\x05\xa8\x00\x00\x00\x00 delenit, ignota'...
0.234 Received: b'<\x1e\x92_\x00\x00\x00O\t\xbeR\x06P\x10\x05\xa8\x00\x00\x00\x00'
0.234 Disassembled: source: 15390, dest: 37471, seq: 79, ack: 163467782, window: 1448, ACK
0.234 Acknowledged seq: 163466334
0.234 Assembling: source: 37471, dest: 15390, seq: 163467782, ack: 80, window: 1448, data: "se explicari des"...
0.234 Sent: b'\x92_<\x1e\t\xbeR\x06\x00\x00\x00PP\x00\x05\xa8\x00\x00\x00\x00se explicari des'...
0.236 Received: b'<\x1e\x92_\x00\x00\x00O\t\xbeW\xaeP\x10\x05\xa8\x00\x00\x00\x00'
0.236 Disassembled: source: 15390, dest: 37471, seq: 79, ack: 163469230, window: 1448, ACK
0.236 Acknowledged seq: 163467782
0.236 Assembling: source: 37471, dest: 15390, seq: 163469230, ack: 80, window: 1448, data: "piscing, in modo"...
0.236 Sent: b'\x92_<\x1e\t\xbeW\xae\x00\x00\x00PP\x00\x05\xa8\x00\x00\x00\x00piscing, in modo'...
0.238 Received: b'<\x1e\x92_\x00\x00\x00O\t\xbe]VP\x10\x05\xa8\x00\x00\x00\x00'
0.238 Disassembled: source: 15390, dest: 37471, seq: 79, ack: 163470678, window: 1448, ACK
0.238 Acknowledged seq: 163469230
0.238 Assembling: source: 37471, dest: 15390, seq: 163470678, ack: 80, window: 1448, data: "o copiosae tacim"...
0.239 Sent: b'\x92_<\x1e\t\xbe]V\x00\x00\x00PP\x00\x05\xa8\x00\x00\x00\x00o copiosae tacim'...
0.240 Received: b'<\x1e\x92_\x00\x00\x00O\t\xbeb\xfeP\x10\x05\xa8\x00\x00\x00\x00'
0.240 Disassembled: source: 15390, dest: 37471, seq: 79, ack: 163472126, window: 1448, ACK
0.241 Acknowledged seq: 163470678
0.241 Assembling: source: 37471, dest: 15390, seq: 163472126, ack: 80, window: 1448, data: "am. Pri ne antio"...
0.241 Sent: b'\x92_<\x1e\t\xbeb\xfe\x00\x00\x00PP\x00\x05\xa8\x00\x00\x00\x00am. Pri ne antio'...
0.242 Received: b'<\x1e\x92_\x00\x00\x00O\t\xbeh\xa6P\x10\x05\xa8\x00\x00\x00\x00'
0.243 Disassembled: source: 15390, dest: 37471, seq: 79, ack: 163473574, window: 1448, ACK
0.243 Acknowledged seq: 163472126
0.243 Assembling: source: 37471, dest: 15390, seq: 163473574, ack: 80, window: 1448, data: "to no. Elitr pos"...
0.243 Sent: b'\x92_<\x1e\t\xbeh\xa6\x00\x00\x00PP\x00\x05\xa8\x00\x00\x00\x00to no. Elitr pos'...
0.245 Received: b'<\x1e\x92_\x00\x00\x00O\t\xbenNP\x10\x05\xa8\x00\x00\x00\x00'
0.245 Disassembled: source: 15390, dest: 37471, seq: 79, ack: 163475022, window: 1448, ACK
0.245 Acknowledged seq: 163473574
0.245 Assembling: source: 37471, dest: 15390, seq: 163475022, ack: 80, window: 1448, data: "pretaris, sea ex"...
0.246 Sent: b'\x92_<\x1e\t\xbenN\x00\x00\x00PP\x00\x05\xa8\x00\x00\x00\x00pretaris, sea ex'...
0.247 Received: b'<\x1e\x92_\x00\x00\x00O\t\xbes\xf6P\x10\x05\xa8\x00\x00\x00\x00'
0.247 Disassembled: source: 15390, dest: 37471, seq: 79, ack: 163476470, window: 1448, ACK
0.247 Acknowledged seq: 163475022
0.247 Assembling: source: 37471, dest: 15390, seq: 163476470, ack: 80, window: 1448, data: "oporteat inimicu"...
0.248 Sent: b'\x92_<\x1e\t\xbes\xf6\x00\x00\x00PP\x00\x05\xa8\x00\x00\x00\x00oporteat inimicu'...
0.249 Received: b'<\x1e\x92_\x00\x00\x00O\t\xbey\x9eP\x10\x05\xa8\x00\x00\x00\x00'
0.249 Disassembled: source: 15390, dest: 37471, seq: 79, ack: 163477918, window: 1448, ACK
0.249 Acknowledged seq: 163476470
0.250 Assembling: source: 37471, dest: 15390, seq: 163477918, ack: 80, window: 1448, data: "ligendi officiis"...
0.250 Sent: b'\x92_<\x1e\t\xbey\x9e\x00\x00\x00PP\x00\x05\xa8\x00\x00\x00\x00ligendi officiis'...
0.251 Received: b'<\x1e\x92_\x00\x00\x00O\t\xbe\x7fFP\x10\x05\xa8\x00\x00\x00\x00'
0.251 Disassembled: source: 15390, dest: 37471, seq: 79, ack: 163479366, window: 1448, ACK
0.252 Acknowledged seq: 163477918
0.252 Assembling: source: 37471, dest: 15390, seq: 163479366, ack: 80, window: 1448, data: "no vel regione i"...
0.252 Sent: b'\x92_<\x1e\t\xbe\x7fF\x00\x00\x00PP\x00\x05\xa8\x00\x00\x00\x00no vel regione i'...
0.253 Received: b'<\x1e\x92_\x00\x00\x00O\t\xbe\x84\xeeP\x10\x05\xa8\x00\x00\x00\x00'
0.254 Disassembled: source: 15390, dest: 37471, seq: 79, ack: 163480814, window: 1448, ACK
0.254 Acknowledged seq: 163479366
0.254 Assembling: source: 37471, dest: 15390, seq: 163480814, ack: 80, window: 1448, data: "ibus vis ex, pro"...
0.254 Sent: b'\x92_<\x1e\t\xbe\x84\xee\x00\x00\x00PP\x00\x05\xa8\x00\x00\x00\x00ibus vis ex, pro'...
0.256 Received: b'<\x1e\x92_\x00\x00\x00O\t\xbe\x8a\x96P\x10\x05\xa8\x00\x00\x00\x00'
0.256 Disassembled: source: 15390, dest: 37471, seq: 79, ack: 163482262, window: 1448, ACK
0.256 Acknowledged seq: 163480814
0.256 Assembling: source: 37471, dest: 15390, seq: 163482262, ack: 80, window: 1448, data: "o vix, mel ea li"...
0.257 Sent: b'\x92_<\x1e\t\xbe\x8a\x96\x00\x00\x00PP\x00\x05\xa8\x00\x00\x00\x00o vix, mel ea li'...
0.258 Received: b'<\x1e\x92_\x00\x00\x00O\t\xbe\x90>P\x10\x05\xa8\x00\x00\x00\x00'
0.258 Disassembled: source: 15390, dest: 37471, seq: 79, ack: 163483710, window: 1448, ACK
0.258 Acknowledged seq: 163482262
0.259 Assembling: source: 37471, dest: 15390, seq: 163483710, ack: 80, window: 1448, data: "d. Ex fugit suav"...
0.259 Sent: b'\x92_<\x1e\t\xbe\x90>\x00\x00\x00PP\x00\x05\xa8\x00\x00\x00\x00d. Ex fugit suav'...
0.260 Received: b'<\x1e\x92_\x00\x00\x00O\t\xbe\x95\xe6P\x10\x05\xa8\x00\x00\x00\x00'
0.260 Disassembled: source: 15390, dest: 37471, seq: 79, ack: 163485158, window: 1448, ACK
0.261 Acknowledged seq: 163483710
0.261 Assembling: source: 37471, dest: 15390, seq: 163485158, ack: 80, window: 1448, data: "pertinax nec. De"...
0.261 Sent: b'\x92_<\x1e\t\xbe\x95\xe6\x00\x00\x00PP\x00\x05\xa8\x00\x00\x00\x00pertinax nec. De'...
0.262 Received: b'<\x1e\x92_\x00\x00\x00O\t\xbe\x9b\x8eP\x10\x05\xa8\x00\x00\x00\x00'
0.263 Disassembled: source: 15390, dest: 37471, seq: 79, ack: 163486606, window: 1448, ACK
0.263 Acknowledged seq: 163485158
0.263 Assembling: source: 37471, dest: 15390, seq: 163486606, ack: 80, window: 1448, data: "lli primis praes"...
0.263 Sent: b'\x92_<\x1e\t\xbe\x9b\x8e\x00\x00\x00PP\x00\x05\xa8\x00\x00\x00\x00lli primis praes'...
0.264 Received: b'<\x1e\x92_\x00\x00\x00O\t\xbe\xa16P\x10\x05\xa8\x00\x00\x00\x00'
0.265 Disassembled: source: 15390, dest: 37471, seq: 79, ack: 163488054, window: 1448, ACK
0.265 Acknowledged seq: 163486606
0.265 Assembling: source: 37471, dest: 15390, seq: 163488054, ack: 80, window: 1448, data: "m, percipit inte"...
0.265 Sent: b'\x92_<\x1e\t\xbe\xa16\x00\x00\x00PP\x00\x05\xa8\x00\x00\x00\x00m, percipit inte'...
0.267 Received: b'<\x1e\x92_\x00\x00\x00O\t\xbe\xa6\xdeP\x10\x05\xa8\x00\x00\x00\x00'
0.267 Disassembled: source: 15390, dest: 37471, seq: 79, ack: 163489502, window: 1448, ACK
0.267 Acknowledged seq: 163488054
0.267 Assembling: source: 37471, dest: 15390, seq: 163489502, ack: 80, window: 1448, data: "nani docendi pat"...
0.268 Sent: b'\x92_<\x1e\t\xbe\xa6\xde\x00\x00\x00PP\x00\x05\xa8\x00\x00\x00\x00nani docendi pat'...
0.269 Received: b'<\x1e\x92_\x00\x00\x00O\t\xbe\xac\x86P\x10\x05\xa8\x00\x00\x00\x00'
0.269 Disassembled: source: 15390, dest: 37471, seq: 79, ack: 163490950, window: 1448, ACK
0.269 Acknowledged seq: 163489502
0.270 Assembling: source: 37471, dest: 15390, seq: 163490950, ack: 80, window: 1448, data: " vis decore poss"...
0.270 Sent: b'\x92_<\x1e\t\xbe\xac\x86\x00\x00\x00PP\x00\x05\xa8\x00\x00\x00\x00 vis decore poss'...
0.271 Received: b'<\x1e\x92_\x00\x00\x00O\t\xbe\xb2.P\x10\x05\xa8\x00\x00\x00\x00'
0.272 Disassembled: source: 15390, dest: 37471, seq: 79, ack: 163492398, window: 1448, ACK
0.272 Acknowledged seq: 163490950
0.272 Assembling: source: 37471, dest: 15390, seq: 163492398, ack: 80, window: 1448, data: "eam odio corpora"...
0.272 Sent: b'\x92_<\x1e\t\xbe\xb2.\x00\x00\x00PP\x00\x05\xa8\x00\x00\x00\x00eam odio corpora'...
0.273 Received: b'<\x1e\x92_\x00\x00\x00O\t\xbe\xb7\xd6P\x10\x05\xa8\x00\x00\x00\x00'
0.274 Disassembled: source: 15390, dest: 37471, seq: 79, ack: 163493846, window: 1448, ACK
0.274 Acknowledged seq: 163492398
0.274 Assembling: source: 37471, dest: 15390, seq: 163493846, ack: 80, window: 1448, data: " est. Usu sanctu"...
0.274 Sent: b'\x92_<\x1e\t\xbe\xb7\xd6\x00\x00\x00PP\x00\x05\xa8\x00\x00\x00\x00 est. Usu sanctu'...
0.275 Received: b'<\x1e\x92_\x00\x00\x00O\t\xbe\xbd~P\x10\x05\xa8\x00\x00\x00\x00'
0.276 Disassembled: source: 15390, dest: 37471, seq: 79, ack: 163495294, window: 1448, ACK
0.276 Acknowledged seq: 163493846
0.276 Assembling: source: 37471, dest: 15390, seq: 163495294, ack: 80, window: 1448, data: ".

Mei graeco ae"...
0.276 Sent: b'\x92_<\x1e\t\xbe\xbd~\x00\x00\x00PP\x00\x05\xa8\x00\x00\x00\x00.\n\nMei graeco ae'...
0.278 Received: b'<\x1e\x92_\x00\x00\x00O\t\xbe\xc3&P\x10\x05\xa8\x00\x00\x00\x00'
0.278 Disassembled: source: 15390, dest: 37471, seq: 79, ack: 163496742, window: 1448, ACK
0.278 Acknowledged seq: 163495294
0.278 Assembling: source: 37471, dest: 15390, seq: 163496742, ack: 80, window: 1448, data: "et. Ne sea primi"...
0.279 Sent: b'\x92_<\x1e\t\xbe\xc3&\x00\x00\x00PP\x00\x05\xa8\x00\x00\x00\x00et. Ne sea primi'...
0.280 Received: b'<\x1e\x92_\x00\x00\x00O\t\xbe\xc8\xceP\x10\x05\xa8\x00\x00\x00\x00'
0.280 Disassembled: source: 15390, dest: 37471, seq: 79, ack: 163498190, window: 1448, ACK
0.281 Acknowledged seq: 163496742
0.281 Assembling: source: 37471, dest: 15390, seq: 163498190, ack: 80, window: 1448, data: "ittam convenire."...
0.281 Sent: b'\x92_<\x1e\t\xbe\xc8\xce\x00\x00\x00PP\x00\x05\xa8\x00\x00\x00\x00ittam convenire.'...
0.282 Received: b'<\x1e\x92_\x00\x00\x00O\t\xbe\xcevP\x10\x05\xa8\x00\x00\x00\x00'
0.283 Disassembled: source: 15390, dest: 37471, seq: 79, ack: 163499638, window: 1448, ACK
0.283 Acknowledged seq: 163498190
0.283 Assembling: source: 37471, dest: 15390, seq: 163499638, ack: 80, window: 1448, data: "ua et vis, id eu"...
0.283 Sent: b'\x92_<\x1e\t\xbe\xcev\x00\x00\x00PP\x00\x05\xa8\x00\x00\x00\x00ua et vis, id eu'...
0.285 Received: b'<\x1e\x92_\x00\x00\x00O\t\xbe\xd4\x1eP\x10\x05\xa8\x00\x00\x00\x00'
0.285 Disassembled: source: 15390, dest: 37471, seq: 79, ack: 163501086, window: 1448, ACK
0.285 Acknowledged seq: 163499638
0.286 Assembling: source: 37471, dest: 15390, seq: 163501086, ack: 80, window: 1448, data: "r. Et velit appa"...
0.286 Sent: b'\x92_<\x1e\t\xbe\xd4\x1e\x00\x00\x00PP\x00\x05\xa8\x00\x00\x00\x00r. Et velit appa'...
0.287 Received: b'<\x1e\x92_\x00\x00\x00O\t\xbe\xd9\xc6P\x10\x05\xa8\x00\x00\x00\x00'
0.288 Disassembled: source: 15390, dest: 37471, seq: 79, ack: 163502534, window: 1448, ACK
0.288 Acknowledged seq: 163501086
0.288 Assembling: source: 37471, dest: 15390, seq: 163502534, ack: 80, window: 1448, data: " novum laudem, v"...
0.288 Sent: b'\x92_<\x1e\t\xbe\xd9\xc6\x00\x00\x00PP\x00\x05\xa8\x00\x00\x00\x00 novum laudem, v'...
0.290 Received: b'<\x1e\x92_\x00\x00\x00O\t\xbe\xdfnP\x10\x05\xa8\x00\x00\x00\x00'
0.290 Disassembled: source: 15390, dest: 37471, seq: 79, ack: 163503982, window: 1448, ACK
0.291 Acknowledged seq: 163502534
0.291 Assembling: source: 37471, dest: 15390, seq: 163503982, ack: 80, window: 1448, data: "luptatibus, cibo"...
0.291 Sent: b'\x92_<\x1e\t\xbe\xdfn\x00\x00\x00PP\x00\x05\xa8\x00\x00\x00\x00luptatibus, cibo'...
0.293 Received: b'<\x1e\x92_\x00\x00\x00O\t\xbe\xe5\x16P\x10\x05\xa8\x00\x00\x00\x00'
0.293 Disassembled: source: 15390, dest: 37471, seq: 79, ack: 163505430, window: 1448, ACK
0.293 Acknowledged seq: 163503982
0.293 Assembling: source: 37471, dest: 15390, seq: 163505430, ack: 80, window: 1448, data: "alii indoctum ma"...
0.294 Sent: b'\x92_<\x1e\t\xbe\xe5\x16\x00\x00\x00PP\x00\x05\xa8\x00\x00\x00\x00alii indoctum ma'...
0.295 Received: b'<\x1e\x92_\x00\x00\x00O\t\xbe\xea\xbeP\x10\x05\xa8\x00\x00\x00\x00'
0.295 Disassembled: source: 15390, dest: 37471, seq: 79, ack: 163506878, window: 1448, ACK
0.296 Acknowledged seq: 163505430
0.296 Assembling: source: 37471, dest: 15390, seq: 163506878, ack: 80, window: 1448, data: "im, his facete c"...
0.296 Sent: b'\x92_<\x1e\t\xbe\xea\xbe\x00\x00\x00PP\x00\x05\xa8\x00\x00\x00\x00im, his facete c'...
0.298 Received: b'<\x1e\x92_\x00\x00\x00O\t\xbe\xf0fP\x10\x05\xa8\x00\x00\x00\x00'
0.298 Disassembled: source: 15390, dest: 37471, seq: 79, ack: 163508326, window: 1448, ACK
0.298 Acknowledged seq: 163506878
0.298 Assembling: source: 37471, dest: 15390, seq: 163508326, ack: 80, window: 1448, data: "e alia dolor com"...
0.299 Sent: b'\x92_<\x1e\t\xbe\xf0f\x00\x00\x00PP\x00\x05\xa8\x00\x00\x00\x00e alia dolor com'...
0.300 Received: b'<\x1e\x92_\x00\x00\x00O\t\xbe\xf6\x0eP\x10\x05\xa8\x00\x00\x00\x00'
0.301 Disassembled: source: 15390, dest: 37471, seq: 79, ack: 163509774, window: 1448, ACK
0.301 Acknowledged seq: 163508326
0.301 Assembling: source: 37471, dest: 15390, seq: 163509774, ack: 80, window: 1448, data: "it ea, reque tem"...
0.301 Sent: b'\x92_<\x1e\t\xbe\xf6\x0e\x00\x00\x00PP\x00\x05\xa8\x00\x00\x00\x00it ea, reque tem'...
0.303 Received: b'<\x1e\x92_\x00\x00\x00O\t\xbe\xfb\xb6P\x10\x05\xa8\x00\x00\x00\x00'
0.303 Disassembled: source: 15390, dest: 37471, seq: 79, ack: 163511222, window: 1448, ACK
0.304 Acknowledged seq: 163509774
0.304 Assembling: source: 37471, dest: 15390, seq: 163511222, ack: 80, window: 1448, data: "alisque.

Equide"...
0.304 Sent: b'\x92_<\x1e\t\xbe\xfb\xb6\x00\x00\x00PP\x00\x05\xa8\x00\x00\x00\x00alisque.\n\nEquide'...
0.306 Received: b'<\x1e\x92_\x00\x00\x00O\t\xbf\x01^P\x10\x05\xa8\x00\x00\x00\x00'
0.306 Disassembled: source: 15390, dest: 37471, seq: 79, ack: 163512670, window: 1448, ACK
0.306 Acknowledged seq: 163511222
0.306 Assembling: source: 37471, dest: 15390, seq: 163512670, ack: 80, window: 1448, data: "finitiones, affe"...
0.307 Sent: b'\x92_<\x1e\t\xbf\x01^\x00\x00\x00PP\x00\x05\xa8\x00\x00\x00\x00finitiones, affe'...
0.308 Received: b'<\x1e\x92_\x00\x00\x00O\t\xbf\x07\x06P\x10\x05\xa8\x00\x00\x00\x00'
0.309 Disassembled: source: 15390, dest: 37471, seq: 79, ack: 163514118, window: 1448, ACK
0.309 Acknowledged seq: 163512670
0.309 Assembling: source: 37471, dest: 15390, seq: 163514118, ack: 80, window: 1448, data: "his duis graeco "...
0.309 Sent: b'\x92_<\x1e\t\xbf\x07\x06\x00\x00\x00PP\x00\x05\xa8\x00\x00\x00\x00his duis graeco '...
0.311 Received: b'<\x1e\x92_\x00\x00\x00O\t\xbf\x0c\xaeP\x10\x05\xa8\x00\x00\x00\x00'
0.311 Disassembled: source: 15390, dest: 37471, seq: 79, ack: 163515566, window: 1448, ACK
0.311 Acknowledged seq: 163514118
0.311 Assembling: source: 37471, dest: 15390, seq: 163515566, ack: 80, window: 1448, data: "am. Alia possit "...
0.312 Sent: b'\x92_<\x1e\t\xbf\x0c\xae\x00\x00\x00PP\x00\x05\xa8\x00\x00\x00\x00am. Alia possit '...
0.313 Received: b'<\x1e\x92_\x00\x00\x00O\t\xbf\x12VP\x10\x05\xa8\x00\x00\x00\x00'
0.314 Disassembled: source: 15390, dest: 37471, seq: 79, ack: 163517014, window: 1448, ACK
0.314 Acknowledged seq: 163515566
0.314 Assembling: source: 37471, dest: 15390, seq: 163517014, ack: 80, window: 1448, data: "cum an. Mei faci"...
0.314 Sent: b'\x92_<\x1e\t\xbf\x12V\x00\x00\x00PP\x00\x05\xa8\x00\x00\x00\x00cum an. Mei faci'...
0.316 Received: b'<\x1e\x92_\x00\x00\x00O\t\xbf\x17\xfeP\x10\x05\xa8\x00\x00\x00\x00'
0.316 Disassembled: source: 15390, dest: 37471, seq: 79, ack: 163518462, window: 1448, ACK
0.317 Acknowledged seq: 163517014
0.317 Assembling: source: 37471, dest: 15390, seq: 163518462, ack: 80, window: 1448, data: " vis adhuc tatio"...
0.317 Sent: b'\x92_<\x1e\t\xbf\x17\xfe\x00\x00\x00PP\x00\x05\xa8\x00\x00\x00\x00 vis adhuc tatio'...
0.319 Received: b'<\x1e\x92_\x00\x00\x00O\t\xbf\x1d\xa6P\x10\x05\xa8\x00\x00\x00\x00'
0.319 Disassembled: source: 15390, dest: 37471, seq: 79, ack: 163519910, window: 1448, ACK
0.319 Acknowledged seq: 163518462
0.319 Assembling: source: 37471, dest: 15390, seq: 163519910, ack: 80, window: 1448, data: "im eu option iuv"...
0.320 Sent: b'\x92_<\x1e\t\xbf\x1d\xa6\x00\x00\x00PP\x00\x05\xa8\x00\x00\x00\x00im eu option iuv'...
0.322 Received: b'<\x1e\x92_\x00\x00\x00O\t\xbf#NP\x10\x05\xa8\x00\x00\x00\x00'
0.322 Disassembled: source: 15390, dest: 37471, seq: 79, ack: 163521358, window: 1448, ACK
0.322 Acknowledged seq: 163519910
0.322 Assembling: source: 37471, dest: 15390, seq: 163521358, ack: 80, window: 1448, data: "ex epicurei taci"...
0.323 Sent: b'\x92_<\x1e\t\xbf#N\x00\x00\x00PP\x00\x05\xa8\x00\x00\x00\x00ex epicurei taci'...
0.325 Received: b'<\x1e\x92_\x00\x00\x00O\t\xbf(\xf6P\x10\x05\xa8\x00\x00\x00\x00'
0.325 Disassembled: source: 15390, dest: 37471, seq: 79, ack: 163522806, window: 1448, ACK
0.325 Acknowledged seq: 163521358
0.325 Assembling: source: 37471, dest: 15390, seq: 163522806, ack: 80, window: 1448, data: "ebat, eu pro ero"...
0.326 Sent: b'\x92_<\x1e\t\xbf(\xf6\x00\x00\x00PP\x00\x05\xa8\x00\x00\x00\x00ebat, eu pro ero'...
0.327 Received: b'<\x1e\x92_\x00\x00\x00O\t\xbf.\x9eP\x10\x05\xa8\x00\x00\x00\x00'
0.328 Disassembled: source: 15390, dest: 37471, seq: 79, ack: 163524254, window: 1448, ACK
0.328 Acknowledged seq: 163522806
0.328 Assembling: source: 37471, dest: 15390, seq: 163524254, ack: 80, window: 1448, data: "s. Per no sale v"...
0.328 Sent: b'\x92_<\x1e\t\xbf.\x9e\x00\x00\x00PP\x00\x05\xa8\x00\x00\x00\x00s. Per no sale v'...
0.330 Received: b'<\x1e\x92_\x00\x00\x00O\t\xbf4FP\x10\x05\xa8\x00\x00\x00\x00'
0.331 Disassembled: source: 15390, dest: 37471, seq: 79, ack: 163525702, window: 1448, ACK
0.331 Acknowledged seq: 163524254
0.331 Assembling: source: 37471, dest: 15390, seq: 163525702, ack: 80, window: 1448, data: "orrupte ea mel. "...
0.331 Sent: b'\x92_<\x1e\t\xbf4F\x00\x00\x00PP\x00\x05\xa8\x00\x00\x00\x00orrupte ea mel. '...
0.333 Received: b'<\x1e\x92_\x00\x00\x00O\t\xbf9\xeeP\x10\x05\xa8\x00\x00\x00\x00'
0.333 Disassembled: source: 15390, dest: 37471, seq: 79, ack: 163527150, window: 1448, ACK
0.333 Acknowledged seq: 163525702
0.333 Assembling: source: 37471, dest: 15390, seq: 163527150, ack: 80, window: 1448, data: ". Est iracundia "...
0.334 Sent: b'\x92_<\x1e\t\xbf9\xee\x00\x00\x00PP\x00\x05\xa8\x00\x00\x00\x00. Est iracundia '...
0.336 Received: b'<\x1e\x92_\x00\x00\x00O\t\xbf?\x96P\x10\x05\xa8\x00\x00\x00\x00'
0.336 Disassembled: source: 15390, dest: 37471, seq: 79, ack: 163528598, window: 1448, ACK
0.336 Acknowledged seq: 163527150
0.336 Assembling: source: 37471, dest: 15390, seq: 163528598, ack: 80, window: 1448, data: "pta probatus scr"...
0.337 Sent: b'\x92_<\x1e\t\xbf?\x96\x00\x00\x00PP\x00\x05\xa8\x00\x00\x00\x00pta probatus scr'...
0.339 Received: b'<\x1e\x92_\x00\x00\x00O\t\xbfE>P\x10\x05\xa8\x00\x00\x00\x00'
0.339 Disassembled: source: 15390, dest: 37471, seq: 79, ack: 163530046, window: 1448, ACK
0.339 Acknowledged seq: 163528598
0.339 Assembling: source: 37471, dest: 15390, seq: 163530046, ack: 80, window: 1448, data: "entur ei, pro ei"...
0.340 Sent: b'\x92_<\x1e\t\xbfE>\x00\x00\x00PP\x00\x05\xa8\x00\x00\x00\x00entur ei, pro ei'...
0.341 Received: b'<\x1e\x92_\x00\x00\x00O\t\xbfJ\xe6P\x10\x05\xa8\x00\x00\x00\x00'
0.341 Disassembled: source: 15390, dest: 37471, seq: 79, ack: 163531494, window: 1448, ACK
0.342 Acknowledged seq: 163530046
0.342 Assembling: source: 37471, dest: 15390, seq: 163531494, ack: 80, window: 1448, data: "simul euismod vi"...
0.342 Sent: b'\x92_<\x1e\t\xbfJ\xe6\x00\x00\x00PP\x00\x05\xa8\x00\x00\x00\x00simul euismod vi'...
0.344 Received: b'<\x1e\x92_\x00\x00\x00O\t\xbfP\x8eP\x10\x05\xa8\x00\x00\x00\x00'
0.344 Disassembled: source: 15390, dest: 37471, seq: 79, ack: 163532942, window: 1448, ACK
0.344 Acknowledged seq: 163531494
0.345 Assembling: source: 37471, dest: 15390, seq: 163532942, ack: 80, window: 1448, data: ", eam id iudico "...
0.345 Sent: b'\x92_<\x1e\t\xbfP\x8e\x00\x00\x00PP\x00\x05\xa8\x00\x00\x00\x00, eam id iudico '...
0.347 Received: b'<\x1e\x92_\x00\x00\x00O\t\xbfV6P\x10\x05\xa8\x00\x00\x00\x00'
0.347 Disassembled: source: 15390, dest: 37471, seq: 79, ack: 163534390, window: 1448, ACK
0.347 Acknowledged seq: 163532942
0.347 Assembling: source: 37471, dest: 15390, seq: 163534390, ack: 80, window: 1448, data: "m vix. Ea est mu"...
0.348 Sent: b'\x92_<\x1e\t\xbfV6\x00\x00\x00PP\x00\x05\xa8\x00\x00\x00\x00m vix. Ea est mu'...
0.350 Received: b'<\x1e\x92_\x00\x00\x00O\t\xbf[\xdeP\x10\x05\xa8\x00\x00\x00\x00'
0.350 Disassembled: source: 15390, dest: 37471, seq: 79, ack: 163535838, window: 1448, ACK
0.350 Acknowledged seq: 163534390
0.350 Assembling: source: 37471, dest: 15390, seq: 163535838, ack: 80, window: 1448, data: "olor sit amet, e"...
0.351 Sent: b'\x92_<\x1e\t\xbf[\xde\x00\x00\x00PP\x00\x05\xa8\x00\x00\x00\x00olor sit amet, e'...
0.352 Received: b'<\x1e\x92_\x00\x00\x00O\t\xbfa\x86P\x10\x05\xa8\x00\x00\x00\x00'
0.353 Disassembled: source: 15390, dest: 37471, seq: 79, ack: 163537286, window: 1448, ACK
0.353 Acknowledged seq: 163535838
0.353 Assembling: source: 37471, dest: 15390, seq: 163537286, ack: 80, window: 1448, data: "m, aperiam iudic"...
0.354 Sent: b'\x92_<\x1e\t\xbfa\x86\x00\x00\x00PP\x00\x05\xa8\x00\x00\x00\x00m, aperiam iudic'...
0.355 Received: b'<\x1e\x92_\x00\x00\x00O\t\xbfg.P\x10\x05\xa8\x00\x00\x00\x00'
0.356 Disassembled: source: 15390, dest: 37471, seq: 79, ack: 163538734, window: 1448, ACK
0.356 Acknowledged seq: 163537286
0.356 Assembling: source: 37471, dest: 15390, seq: 163538734, ack: 80, window: 1448, data: "re sea. No eos d"...
0.356 Sent: b'\x92_<\x1e\t\xbfg.\x00\x00\x00PP\x00\x05\xa8\x00\x00\x00\x00re sea. No eos d'...
0.358 Received: b'<\x1e\x92_\x00\x00\x00O\t\xbfl\xd6P\x10\x05\xa8\x00\x00\x00\x00'
0.359 Disassembled: source: 15390, dest: 37471, seq: 79, ack: 163540182, window: 1448, ACK
0.359 Acknowledged seq: 163538734
0.359 Assembling: source: 37471, dest: 15390, seq: 163540182, ack: 80, window: 1448, data: "t scripta philos"...
0.359 Sent: b'\x92_<\x1e\t\xbfl\xd6\x00\x00\x00PP\x00\x05\xa8\x00\x00\x00\x00t scripta philos'...
0.361 Received: b'<\x1e\x92_\x00\x00\x00O\t\xbfr~P\x10\x05\xa8\x00\x00\x00\x00'
0.361 Disassembled: source: 15390, dest: 37471, seq: 79, ack: 163541630, window: 1448, ACK
0.362 Acknowledged seq: 163540182
0.362 Assembling: source: 37471, dest: 15390, seq: 163541630, ack: 80, window: 1448, data: "tos sadipscing e"...
0.362 Sent: b'\x92_<\x1e\t\xbfr~\x00\x00\x00PP\x00\x05\xa8\x00\x00\x00\x00tos sadipscing e'...
0.364 Received: b'<\x1e\x92_\x00\x00\x00O\t\xbfx&P\x10\x05\xa8\x00\x00\x00\x00'
0.364 Disassembled: source: 15390, dest: 37471, seq: 79, ack: 163543078, window: 1448, ACK
0.364 Acknowledged seq: 163541630
0.365 Assembling: source: 37471, dest: 15390, seq: 163543078, ack: 80, window: 1448, data: "sapientem ea, ad"...
0.365 Sent: b'\x92_<\x1e\t\xbfx&\x00\x00\x00PP\x00\x05\xa8\x00\x00\x00\x00sapientem ea, ad'...
0.367 Received: b'<\x1e\x92_\x00\x00\x00O\t\xbf}\xceP\x10\x05\xa8\x00\x00\x00\x00'
0.367 Disassembled: source: 15390, dest: 37471, seq: 79, ack: 163544526, window: 1448, ACK
0.367 Acknowledged seq: 163543078
0.368 Assembling: source: 37471, dest: 15390, seq: 163544526, ack: 80, window: 1448, data: "g, ei invenire p"...
0.368 Sent: b'\x92_<\x1e\t\xbf}\xce\x00\x00\x00PP\x00\x05\xa8\x00\x00\x00\x00g, ei invenire p'...
0.370 Received: b'<\x1e\x92_\x00\x00\x00O\t\xbf\x83vP\x10\x05\xa8\x00\x00\x00\x00'
0.370 Disassembled: source: 15390, dest: 37471, seq: 79, ack: 163545974, window: 1448, ACK
0.370 Acknowledged seq: 163544526
0.371 Assembling: source: 37471, dest: 15390, seq: 163545974, ack: 80, window: 1448, data: "endo at. Qui id "...
0.371 Sent: b'\x92_<\x1e\t\xbf\x83v\x00\x00\x00PP\x00\x05\xa8\x00\x00\x00\x00endo at. Qui id '...
0.373 Received: b'<\x1e\x92_\x00\x00\x00O\t\xbf\x89\x1eP\x10\x05\xa8\x00\x00\x00\x00'
0.373 Disassembled: source: 15390, dest: 37471, seq: 79, ack: 163547422, window: 1448, ACK
0.373 Acknowledged seq: 163545974
0.373 Assembling: source: 37471, dest: 15390, seq: 163547422, ack: 80, window: 1448, data: "ota nostrum et p"...
0.374 Sent: b'\x92_<\x1e\t\xbf\x89\x1e\x00\x00\x00PP\x00\x05\xa8\x00\x00\x00\x00ota nostrum et p'...
0.376 Received: b'<\x1e\x92_\x00\x00\x00O\t\xbf\x8e\xc6P\x10\x05\xa8\x00\x00\x00\x00'
0.376 Disassembled: source: 15390, dest: 37471, seq: 79, ack: 163548870, window: 1448, ACK
0.376 Acknowledged seq: 163547422
0.376 Assembling: source: 37471, dest: 15390, seq: 163548870, ack: 80, window: 1448, data: "deseruisse id. P"...
0.377 Sent: b'\x92_<\x1e\t\xbf\x8e\xc6\x00\x00\x00PP\x00\x05\xa8\x00\x00\x00\x00deseruisse id. P'...
0.379 Received: b'<\x1e\x92_\x00\x00\x00O\t\xbf\x94nP\x10\x05\xa8\x00\x00\x00\x00'
0.379 Disassembled: source: 15390, dest: 37471, seq: 79, ack: 163550318, window: 1448, ACK
0.379 Acknowledged seq: 163548870
0.379 Assembling: source: 37471, dest: 15390, seq: 163550318, ack: 80, window: 1448, data: "odo munere imper"...
0.380 Sent: b'\x92_<\x1e\t\xbf\x94n\x00\x00\x00PP\x00\x05\xa8\x00\x00\x00\x00odo munere imper'...
0.382 Received: b'<\x1e\x92_\x00\x00\x00O\t\xbf\x9a\x16P\x10\x05\xa8\x00\x00\x00\x00'
0.382 Disassembled: source: 15390, dest: 37471, seq: 79, ack: 163551766, window: 1448, ACK
0.382 Acknowledged seq: 163550318
0.382 Assembling: source: 37471, dest: 15390, seq: 163551766, ack: 80, window: 1448, data: "cimates cum, tib"...
0.383 Sent: b'\x92_<\x1e\t\xbf\x9a\x16\x00\x00\x00PP\x00\x05\xa8\x00\x00\x00\x00cimates cum, tib'...
0.385 Received: b'<\x1e\x92_\x00\x00\x00O\t\xbf\x9f\xbeP\x10\x05\xa8\x00\x00\x00\x00'
0.385 Disassembled: source: 15390, dest: 37471, seq: 79, ack: 163553214, window: 1448, ACK
0.385 Acknowledged seq: 163551766
0.385 Assembling: source: 37471, dest: 15390, seq: 163553214, ack: 80, window: 1448, data: "tiopam molestiae"...
0.386 Sent: b'\x92_<\x1e\t\xbf\x9f\xbe\x00\x00\x00PP\x00\x05\xa8\x00\x00\x00\x00tiopam molestiae'...
0.388 Received: b'<\x1e\x92_\x00\x00\x00O\t\xbf\xa5fP\x10\x05\xa8\x00\x00\x00\x00'
0.388 Disassembled: source: 15390, dest: 37471, seq: 79, ack: 163554662, window: 1448, ACK
0.388 Acknowledged seq: 163553214
0.389 Assembling: source: 37471, dest: 15390, seq: 163554662, ack: 80, window: 1448, data: "possim qui no, v"...
0.389 Sent: b'\x92_<\x1e\t\xbf\xa5f\x00\x00\x00PP\x00\x05\xa8\x00\x00\x00\x00possim qui no, v'...
0.391 Received: b'<\x1e\x92_\x00\x00\x00O\t\xbf\xab\x0eP\x10\x05\xa8\x00\x00\x00\x00'
0.391 Disassembled: source: 15390, dest: 37471, seq: 79, ack: 163556110, window: 1448, ACK
0.391 Acknowledged seq: 163554662
0.392 Assembling: source: 37471, dest: 15390, seq: 163556110, ack: 80, window: 1448, data: " ex utinam parti"...
0.392 Sent: b'\x92_<\x1e\t\xbf\xab\x0e\x00\x00\x00PP\x00\x05\xa8\x00\x00\x00\x00 ex utinam parti'...
0.394 Received: b'<\x1e\x92_\x00\x00\x00O\t\xbf\xb0\xb6P\x10\x05\xa8\x00\x00\x00\x00'
0.394 Disassembled: source: 15390, dest: 37471, seq: 79, ack: 163557558, window: 1448, ACK
0.394 Acknowledged seq: 163556110
0.394 Assembling: source: 37471, dest: 15390, seq: 163557558, ack: 80, window: 1448, data: "icus in his. Pri"...
0.395 Sent: b'\x92_<\x1e\t\xbf\xb0\xb6\x00\x00\x00PP\x00\x05\xa8\x00\x00\x00\x00icus in his. Pri'...
0.397 Received: b'<\x1e\x92_\x00\x00\x00O\t\xbf\xb6^P\x10\x05\xa8\x00\x00\x00\x00'
0.397 Disassembled: source: 15390, dest: 37471, seq: 79, ack: 163559006, window: 1448, ACK
0.397 Acknowledged seq: 163557558
0.397 Assembling: source: 37471, dest: 15390, seq: 163559006, ack: 80, window: 1448, data: "iis et.

Ius cu "...
0.398 Sent: b'\x92_<\x1e\t\xbf\xb6^\x00\x00\x00PP\x00\x05\xa8\x00\x00\x00\x00iis et.\n\nIus cu '...
0.400 Received: b'<\x1e\x92_\x00\x00\x00O\t\xbf\xbc\x06P\x10\x05\xa8\x00\x00\x00\x00'
0.400 Disassembled: source: 15390, dest: 37471, seq: 79, ack: 163560454, window: 1448, ACK
0.400 Acknowledged seq: 163559006
0.401 Assembling: source: 37471, dest: 15390, seq: 163560454, ack: 80, window: 1448, data: "e interesset.

T"...
0.401 Sent: b'\x92_<\x1e\t\xbf\xbc\x06\x00\x00\x00PP\x00\x05\xa8\x00\x00\x00\x00e interesset.\n\nT'...
0.403 Received: b'<\x1e\x92_\x00\x00\x00O\t\xbf\xc1\xaeP\x10\x05\xa8\x00\x00\x00\x00'
0.403 Disassembled: source: 15390, dest: 37471, seq: 79, ack: 163561902, window: 1448, ACK
0.403 Acknowledged seq: 163560454
0.403 Assembling: source: 37471, dest: 15390, seq: 163561902, ack: 80, window: 1448, data: "pro alia volutpa"...
0.404 Sent: b'\x92_<\x1e\t\xbf\xc1\xae\x00\x00\x00PP\x00\x05\xa8\x00\x00\x00\x00pro alia volutpa'...
0.406 Received: b'<\x1e\x92_\x00\x00\x00O\t\xbf\xc7VP\x10\x05\xa8\x00\x00\x00\x00'
0.406 Disassembled: source: 15390, dest: 37471, seq: 79, ack: 163563350, window: 1448, ACK
0.406 Acknowledged seq: 163561902
0.406 Assembling: source: 37471, dest: 15390, seq: 163563350, ack: 80, window: 1448, data: " libris equidem "...
0.407 Sent: b'\x92_<\x1e\t\xbf\xc7V\x00\x00\x00PP\x00\x05\xa8\x00\x00\x00\x00 libris equidem '...
0.409 Received: b'<\x1e\x92_\x00\x00\x00O\t\xbf\xcc\xfeP\x10\x05\xa8\x00\x00\x00\x00'
0.409 Disassembled: source: 15390, dest: 37471, seq: 79, ack: 163564798, window: 1448, ACK
0.409 Acknowledged seq: 163563350
0.410 Assembling: source: 37471, dest: 15390, seq: 163564798, ack: 80, window: 1448, data: "uavitate volupta"...
0.410 Sent: b'\x92_<\x1e\t\xbf\xcc\xfe\x00\x00\x00PP\x00\x05\xa8\x00\x00\x00\x00uavitate volupta'...
0.412 Received: b'<\x1e\x92_\x00\x00\x00O\t\xbf\xd2\xa6P\x10\x05\xa8\x00\x00\x00\x00'
0.412 Disassembled: source: 15390, dest: 37471, seq: 79, ack: 163566246, window: 1448, ACK
0.412 Acknowledged seq: 163564798
0.412 Assembling: source: 37471, dest: 15390, seq: 163566246, ack: 80, window: 1448, data: " Detraxit defini"...
0.413 Sent: b'\x92_<\x1e\t\xbf\xd2\xa6\x00\x00\x00PP\x00\x05\xa8\x00\x00\x00\x00 Detraxit defini'...
0.415 Received: b'<\x1e\x92_\x00\x00\x00O\t\xbf\xd8NP\x10\x05\xa8\x00\x00\x00\x00'
0.415 Disassembled: source: 15390, dest: 37471, seq: 79, ack: 163567694, window: 1448, ACK
0.415 Acknowledged seq: 163566246
0.415 Assembling: source: 37471, dest: 15390, seq: 163567694, ack: 80, window: 1448, data: "aesent mei. Quo "...
0.416 Sent: b'\x92_<\x1e\t\xbf\xd8N\x00\x00\x00PP\x00\x05\xa8\x00\x00\x00\x00aesent mei. Quo '...
0.418 Received: b'<\x1e\x92_\x00\x00\x00O\t\xbf\xdd\xf6P\x10\x05\xa8\x00\x00\x00\x00'
0.418 Disassembled: source: 15390, dest: 37471, seq: 79, ack: 163569142, window: 1448, ACK
0.418 Acknowledged seq: 163567694
0.418 Assembling: source: 37471, dest: 15390, seq: 163569142, ack: 80, window: 1448, data: "nterpretaris no "...
0.419 Sent: b'\x92_<\x1e\t\xbf\xdd\xf6\x00\x00\x00PP\x00\x05\xa8\x00\x00\x00\x00nterpretaris no '...
0.421 Received: b'<\x1e\x92_\x00\x00\x00O\t\xbf\xe3\x9eP\x10\x05\xa8\x00\x00\x00\x00'
0.421 Disassembled: source: 15390, dest: 37471, seq: 79, ack: 163570590, window: 1448, ACK
0.421 Acknowledged seq: 163569142
0.422 Assembling: source: 37471, dest: 15390, seq: 163570590, ack: 80, window: 1448, data: "patrioque has. I"...
0.422 Sent: b'\x92_<\x1e\t\xbf\xe3\x9e\x00\x00\x00PP\x00\x05\xa8\x00\x00\x00\x00patrioque has. I'...
0.424 Received: b'<\x1e\x92_\x00\x00\x00O\t\xbf\xe9FP\x10\x05\xa8\x00\x00\x00\x00'
0.424 Disassembled: source: 15390, dest: 37471, seq: 79, ack: 163572038, window: 1448, ACK
0.424 Acknowledged seq: 163570590
0.424 Assembling: source: 37471, dest: 15390, seq: 163572038, ack: 80, window: 1448, data: "ossit repudianda"...
0.425 Sent: b'\x92_<\x1e\t\xbf\xe9F\x00\x00\x00PP\x00\x05\xa8\x00\x00\x00\x00ossit repudianda'...
0.427 Received: b'<\x1e\x92_\x00\x00\x00O\t\xbf\xee\xeeP\x10\x05\xa8\x00\x00\x00\x00'
0.427 Disassembled: source: 15390, dest: 37471, seq: 79, ack: 163573486, window: 1448, ACK
0.427 Acknowledged seq: 163572038
0.427 Assembling: source: 37471, dest: 15390, seq: 163573486, ack: 80, window: 1448, data: "ora consequuntur"...
0.428 Sent: b'\x92_<\x1e\t\xbf\xee\xee\x00\x00\x00PP\x00\x05\xa8\x00\x00\x00\x00ora consequuntur'...
0.429 Received: b'<\x1e\x92_\x00\x00\x00O\t\xbf\xf4\x96P\x10\x05\xa8\x00\x00\x00\x00'
0.430 Disassembled: source: 15390, dest: 37471, seq: 79, ack: 163574934, window: 1448, ACK
0.430 Acknowledged seq: 163573486
0.430 Assembling: source: 37471, dest: 15390, seq: 163574934, ack: 80, window: 1448, data: "ctus conceptam a"...
0.431 Sent: b'\x92_<\x1e\t\xbf\xf4\x96\x00\x00\x00PP\x00\x05\xa8\x00\x00\x00\x00ctus conceptam a'...
0.432 Received: b'<\x1e\x92_\x00\x00\x00O\t\xbf\xfa>P\x10\x05\xa8\x00\x00\x00\x00'
0.432 Disassembled: source: 15390, dest: 37471, seq: 79, ack: 163576382, window: 1448, ACK
0.433 Acknowledged seq: 163574934
0.433 Assembling: source: 37471, dest: 15390, seq: 163576382, ack: 80, window: 1448, data: " aeterno te, ne "...
0.433 Sent: b'\x92_<\x1e\t\xbf\xfa>\x00\x00\x00PP\x00\x05\xa8\x00\x00\x00\x00 aeterno te, ne '...
0.435 Received: b'<\x1e\x92_\x00\x00\x00O\t\xbf\xff\xe6P\x10\x05\xa8\x00\x00\x00\x00'
0.435 Disassembled: source: 15390, dest: 37471, seq: 79, ack: 163577830, window: 1448, ACK
0.435 Acknowledged seq: 163576382
0.436 Assembling: source: 37471, dest: 15390, seq: 163577830, ack: 80, window: 1448, data: "imis oporteat di"...
0.436 Sent: b'\x92_<\x1e\t\xbf\xff\xe6\x00\x00\x00PP\x00\x05\xa8\x00\x00\x00\x00imis oporteat di'...
0.438 Received: b'<\x1e\x92_\x00\x00\x00O\t\xc0\x05\x8eP\x10\x05\xa8\x00\x00\x00\x00'
0.438 Disassembled: source: 15390, dest: 37471, seq: 79, ack: 163579278, window: 1448, ACK
0.438 Acknowledged seq: 163577830
0.438 Assembling: source: 37471, dest: 15390, seq: 163579278, ack: 80, window: 1448, data: "re. Has virtute "...
0.439 Sent: b'\x92_<\x1e\t\xc0\x05\x8e\x00\x00\x00PP\x00\x05\xa8\x00\x00\x00\x00re. Has virtute '...
0.441 Received: b'<\x1e\x92_\x00\x00\x00O\t\xc0\x0b6P\x10\x05\xa8\x00\x00\x00\x00'
0.441 Disassembled: source: 15390, dest: 37471, seq: 79, ack: 163580726, window: 1448, ACK
0.441 Acknowledged seq: 163579278
0.441 Assembling: source: 37471, dest: 15390, seq: 163580726, ack: 80, window: 1448, data: " eum ancillae no"...
0.442 Sent: b'\x92_<\x1e\t\xc0\x0b6\x00\x00\x00PP\x00\x05\xa8\x00\x00\x00\x00 eum ancillae no'...
0.443 Received: b'<\x1e\x92_\x00\x00\x00O\t\xc0\x10\xdeP\x10\x05\xa8\x00\x00\x00\x00'
0.444 Disassembled: source: 15390, dest: 37471, seq: 79, ack: 163582174, window: 1448, ACK
0.444 Acknowledged seq: 163580726
0.444 Assembling: source: 37471, dest: 15390, seq: 163582174, ack: 80, window: 1448, data: "ppareat ius. At "...
0.445 Sent: b'\x92_<\x1e\t\xc0\x10\xde\x00\x00\x00PP\x00\x05\xa8\x00\x00\x00\x00ppareat ius. At '...
0.447 Received: b'<\x1e\x92_\x00\x00\x00O\t\xc0\x16\x86P\x10\x05\xa8\x00\x00\x00\x00'
0.447 Disassembled: source: 15390, dest: 37471, seq: 79, ack: 163583622, window: 1448, ACK
0.447 Acknowledged seq: 163582174
0.447 Assembling: source: 37471, dest: 15390, seq: 163583622, ack: 80, window: 1448, data: ", vero appellant"...
0.448 Sent: b'\x92_<\x1e\t\xc0\x16\x86\x00\x00\x00PP\x00\x05\xa8\x00\x00\x00\x00, vero appellant'...
0.449 Received: b'<\x1e\x92_\x00\x00\x00O\t\xc0\x1c.P\x10\x05\xa8\x00\x00\x00\x00'
0.450 Disassembled: source: 15390, dest: 37471, seq: 79, ack: 163585070, window: 1448, ACK
0.450 Acknowledged seq: 163583622
0.450 Assembling: source: 37471, dest: 15390, seq: 163585070, ack: 80, window: 1448, data: "ibo quando copio"...
0.451 Sent: b'\x92_<\x1e\t\xc0\x1c.\x00\x00\x00PP\x00\x05\xa8\x00\x00\x00\x00ibo quando copio'...
0.452 Received: b'<\x1e\x92_\x00\x00\x00O\t\xc0!\xd6P\x10\x05\xa8\x00\x00\x00\x00'
0.453 Disassembled: source: 15390, dest: 37471, seq: 79, ack: 163586518, window: 1448, ACK
0.453 Acknowledged seq: 163585070
0.453 Assembling: source: 37471, dest: 15390, seq: 163586518, ack: 80, window: 1448, data: " maluisset. Sit "...
0.454 Sent: b'\x92_<\x1e\t\xc0!\xd6\x00\x00\x00PP\x00\x05\xa8\x00\x00\x00\x00 maluisset. Sit '...
0.455 Received: b"<\x1e\x92_\x00\x00\x00O\t\xc0'~P\x10\x05\xa8\x00\x00\x00\x00"
0.456 Disassembled: source: 15390, dest: 37471, seq: 79, ack: 163587966, window: 1448, ACK
0.456 Acknowledged seq: 163586518
0.456 Assembling: source: 37471, dest: 15390, seq: 163587966, ack: 80, window: 1448, data: "e ceteros albuci"...
0.457 Sent: b"\x92_<\x1e\t\xc0'~\x00\x00\x00PP\x00\x05\xa8\x00\x00\x00\x00e ceteros albuci"...
0.458 Received: b'<\x1e\x92_\x00\x00\x00O\t\xc0-&P\x10\x05\xa8\x00\x00\x00\x00'
0.459 Disassembled: source: 15390, dest: 37471, seq: 79, ack: 163589414, window: 1448, ACK
0.459 Acknowledged seq: 163587966
0.459 Assembling: source: 37471, dest: 15390, seq: 163589414, ack: 80, window: 1448, data: "complectitur sea"...
0.460 Sent: b'\x92_<\x1e\t\xc0-&\x00\x00\x00PP\x00\x05\xa8\x00\x00\x00\x00complectitur sea'...
0.462 Received: b'<\x1e\x92_\x00\x00\x00O\t\xc02\xceP\x10\x05\xa8\x00\x00\x00\x00'
0.462 Disassembled: source: 15390, dest: 37471, seq: 79, ack: 163590862, window: 1448, ACK
0.462 Acknowledged seq: 163589414
0.462 Finished reading file
0.462 Assembling: source: 37471, dest: 15390, seq: 163590862, ack: 80, window: 1448, data: "tempor ex ius. E"...
0.463 Sent: b'\x92_<\x1e\t\xc02\xce\x00\x00\x00PP\x00\x05\xa8\x00\x00\x00\x00tempor ex ius. E'...
0.465 Received: b'<\x1e\x92_\x00\x00\x00O\t\xc03,P\x10\x05\xa8\x00\x00\x00\x00'
0.465 Disassembled: source: 15390, dest: 37471, seq: 79, ack: 163590956, window: 1448, ACK
0.466 Acknowledged seq: 163590862
0.466 Assembling: source: 37471, dest: 15390, seq: 163590956, ack: 80, window: 1448, ACK, FIN
0.466 Sent: b'\x92_<\x1e\t\xc03,\x00\x00\x00PP\x11\x05\xa8\x00\x00\x00\x00'
0.468 Received: b'<\x1e\x92_\x00\x00\x00O\t\xc03-P\x10\x05\xa8\x00\x00\x00\x00'
0.468 Disassembled: source: 15390, dest: 37471, seq: 79, ack: 163590957, window: 1448, ACK
0.469 FIN accepted; sending final packet
0.469 Assembling: source: 37471, dest: 15390, seq: 163590957, ack: 80, window: 1448, ACK
0.469 Sent: b'\x92_<\x1e\t\xc03-\x00\x00\x00PP\x10\x05\xa8\x00\x00\x00\x00'
0.469 Closed connection
0.470 Shutting down
