0.000 NEW RUN: Server, TEST: Read_file__Relaxed
0.209 Received: b'\x84\xf9\x81"\x00\x00\x00\x15\x00\x00\x00\x00P\x02\x05\xa8\x00\x00\x00\x00'
0.209 Disassembled: source: 34041, dest: 33058, seq: 21, window: 1448, SYN
0.209 SYN accepted; new connection: 127.0.0.1 on port 34041
0.210 Assembling: source: 33058, dest: 34041, seq: 159759196, ack: 22, window: 1448, ACK, SYN
0.210 Sent: b'\x81"\x84\xf9\t\x85\xbb\\\x00\x00\x00\x16P\x12\x05\xa8\x00\x00\x00\x00'
0.211 Received: b'\x84\xf9\x81"\x00\x00\x00\x16\t\x85\xbb]P\x10\x05\xa8\x00\x00\x00\x00'
0.212 Disassembled: source: 34041, dest: 33058, seq: 22, ack: 159759197, window: 1448, ACK
0.212 Handshake complete
0.212 Acknowledged seq: 159759196
0.212 Finished reading file
0.212 Assembling: source: 33058, dest: 34041, seq: 159759197, ack: 23, window: 1448, ACK, FIN
0.212 Sent: b'\x81"\x84\xf9\t\x85\xbb]\x00\x00\x00\x17P\x11\x05\xa8\x00\x00\x00\x00'
0.713 Sent: b'\x81"\x84\xf9\t\x85\xbb]\x00\x00\x00\x17P\x11\x05\xa8\x00\x00\x00\x00'
1.213 Sent: b'\x81"\x84\xf9\t\x85\xbb]\x00\x00\x00\x17P\x11\x05\xa8\x00\x00\x00\x00'
1.713 Sent: b'\x81"\x84\xf9\t\x85\xbb]\x00\x00\x00\x17P\x11\x05\xa8\x00\x00\x00\x00'
2.214 Sent: b'\x81"\x84\xf9\t\x85\xbb]\x00\x00\x00\x17P\x11\x05\xa8\x00\x00\x00\x00'
2.714 Sent: b'\x81"\x84\xf9\t\x85\xbb]\x00\x00\x00\x17P\x11\x05\xa8\x00\x00\x00\x00'
3.215 Error: Connection timed out
3.215 Closed connection
3.715 Shutting down
