0.000 NEW RUN: Server, TEST: Write_file__Relaxed
0.215 Received: b'\x98\x96\xeb\x95\x00\x00\x00\x07\x00\x00\x00\x00P\x02\x05\xa8\x00\x00\x00\x00'
0.216 Disassembled: source: 39062, dest: 60309, seq: 7, window: 1448, SYN
0.216 SYN accepted; new connection: 127.0.0.1 on port 39062
0.216 Assembling: source: 60309, dest: 39062, seq: 160805592, ack: 8, window: 5808, ACK, SYN
0.216 Sent: b'\xeb\x95\x98\x96\t\x95\xb2\xd8\x00\x00\x00\x08P\x12\x16\xb0\x00\x00\x00\x00'
0.218 Received: b'\x98\x96\xeb\x95\x00\x00\x00\x08\t\x95\xb2\xd9P\x10\x16\xb0\x00\x00\x00\x00'
0.218 Disassembled: source: 39062, dest: 60309, seq: 8, ack: 160805593, window: 5808, ACK
0.219 Assembling: source: 60309, dest: 39062, seq: 160805593, ack: 8, window: 5808, ACK
0.219 Sent: b'\xeb\x95\x98\x96\t\x95\xb2\xd9\x00\x00\x00\x08P\x10\x16\xb0\x00\x00\x00\x00'
0.219 Received: b'\x98\x96\xeb\x95\x00\x00\x00\x08\t\x95\xb2\xd9P\x10\x16\xb0\x00\x00\x00\x00'
0.220 Disassembled: source: 39062, dest: 60309, seq: 8, ack: 160805593, window: 5808, ACK
0.220 Assembling: source: 60309, dest: 39062, seq: 160805593, ack: 8, window: 5808, ACK
0.220 Sent: b'\xeb\x95\x98\x96\t\x95\xb2\xd9\x00\x00\x00\x08P\x10\x16\xb0\x00\x00\x00\x00'
0.720 Sent: b'\xeb\x95\x98\x96\t\x95\xb2\xd9\x00\x00\x00\x08P\x10\x16\xb0\x00\x00\x00\x00'
1.221 Sent: b'\xeb\x95\x98\x96\t\x95\xb2\xd9\x00\x00\x00\x08P\x10\x16\xb0\x00\x00\x00\x00'
1.721 Sent: b'\xeb\x95\x98\x96\t\x95\xb2\xd9\x00\x00\x00\x08P\x10\x16\xb0\x00\x00\x00\x00'
2.222 Sent: b'\xeb\x95\x98\x96\t\x95\xb2\xd9\x00\x00\x00\x08P\x10\x16\xb0\x00\x00\x00\x00'
2.722 Error: Connection timed out
2.723 Closed connection
3.222 Shutting down
