0.000 NEW RUN: Server, TEST: Read_file__Relaxed
0.207 Received: b'\xc7\xa4P\xc0\x00\x00\x00Z\x00\x00\x00\x00P\x02\x05\xa8\x00\x00\x00\x00'
0.208 Disassembled: source: 51108, dest: 20672, seq: 90, window: 1448, SYN
0.208 SYN accepted; new connection: 127.0.0.1 on port 51108
0.208 Assembling: source: 20672, dest: 51108, seq: 2899475365, ack: 91, window: 1448, ACK, SYN
0.209 Sent: b'P\xc0\xc7\xa4\xac\xd2{\xa5\x00\x00\x00[P\x12\x05\xa8\x00\x00\x00\x00'
0.210 Received: b'\xc7\xa4P\xc0\x00\x00\x00[\xac\xd2{\xa6P\x10\x05\xa8\x00\x00\x00\x00'
0.210 Disassembled: source: 51108, dest: 20672, seq: 91, ack: 2899475366, window: 1448, ACK
0.210 Handshake complete
0.210 Acknowledged seq: 2899475365
0.210 Finished reading file
0.211 Assembling: source: 20672, dest: 51108, seq: 2899475366, ack: 92, window: 1448, ACK, FIN
0.211 Sent: b'P\xc0\xc7\xa4\xac\xd2{\xa6\x00\x00\x00\\P\x11\x05\xa8\x00\x00\x00\x00'
0.711 Sent: b'P\xc0\xc7\xa4\xac\xd2{\xa6\x00\x00\x00\\P\x11\x05\xa8\x00\x00\x00\x00'
1.212 Sent: b'P\xc0\xc7\xa4\xac\xd2{\xa6\x00\x00\x00\\P\x11\x05\xa8\x00\x00\x00\x00'
1.712 Sent: b'P\xc0\xc7\xa4\xac\xd2{\xa6\x00\x00\x00\\P\x11\x05\xa8\x00\x00\x00\x00'
2.212 Sent: b'P\xc0\xc7\xa4\xac\xd2{\xa6\x00\x00\x00\\P\x11\x05\xa8\x00\x00\x00\x00'
2.713 Sent: b'P\xc0\xc7\xa4\xac\xd2{\xa6\x00\x00\x00\\P\x11\x05\xa8\x00\x00\x00\x00'
3.214 Error: Connection timed out
3.214 Closed connection
3.714 Shutting down
