0.000 NEW RUN: Server, TEST: Read_file__Empty
0.201 Received: b'\xe0\x1dD\x8c\x00\x00\x00Y\x00\x00\x00\x00P\x02\x05\xa8\x00\x00\x00\x00'
0.202 Disassembled: source: 57373, dest: 17548, seq: 89, window: 1448, SYN
0.202 SYN accepted; new connection: 127.0.0.1 on port 57373
0.202 Assembling: source: 17548, dest: 57373, seq: 2901037983, ack: 90, window: 1448, ACK, SYN
0.202 Sent: b'D\x8c\xe0\x1d\xac\xeaS\x9f\x00\x00\x00ZP\x12\x05\xa8\x00\x00\x00\x00'
0.205 Received: b'\xe0\x1dD\x8c\x00\x00\x00Z\xac\xeaS\xa0P\x10\x05\xa8\x00\x00\x00\x00'
0.205 Disassembled: source: 57373, dest: 17548, seq: 90, ack: 2901037984, window: 1448, ACK
0.205 Handshake complete
0.205 Acknowledged seq: 2901037983
0.205 Finished reading file
0.205 Assembling: source: 17548, dest: 57373, seq: 2901037984, ack: 91, window: 1448, ACK, FIN
0.205 Sent: b'D\x8c\xe0\x1d\xac\xeaS\xa0\x00\x00\x00[P\x11\x05\xa8\x00\x00\x00\x00'
0.706 Sent: b'D\x8c\xe0\x1d\xac\xeaS\xa0\x00\x00\x00[P\x11\x05\xa8\x00\x00\x00\x00'
1.206 Sent: b'D\x8c\xe0\x1d\xac\xeaS\xa0\x00\x00\x00[P\x11\x05\xa8\x00\x00\x00\x00'
1.707 Sent: b'D\x8c\xe0\x1d\xac\xeaS\xa0\x00\x00\x00[P\x11\x05\xa8\x00\x00\x00\x00'
2.207 Sent: b'D\x8c\xe0\x1d\xac\xeaS\xa0\x00\x00\x00[P\x11\x05\xa8\x00\x00\x00\x00'
2.708 Sent: b'D\x8c\xe0\x1d\xac\xeaS\xa0\x00\x00\x00[P\x11\x05\xa8\x00\x00\x00\x00'
3.208 Error: Connection timed out
3.209 Closed connection
3.210 Shutting down
