0.000 NEW RUN: Server, TEST: Write_file__Large_multi-packet
0.203 Received: b'\xb2\xaf\xf0\xfd\x00\x00\x00\x1e\x00\x00\x00\x00P\x02\x05\xa8\x00\x00\x00\x00'
0.203 Disassembled: source: 45743, dest: 61693, seq: 30, window: 1448, SYN
0.204 SYN accepted; new connection: 127.0.0.1 on port 45743
0.204 Assembling: source: 61693, dest: 45743, seq: 2906055069, ack: 31, window: 5808, ACK, SYN
0.204 Sent: b'\xf0\xfd\xb2\xaf\xad6\xe1\x9d\x00\x00\x00\x1fP\x12\x16\xb0\x00\x00\x00\x00'
0.206 Received: b'\xb2\xaf\xf0\xfd\x00\x00\x00\x1f\xad6\xe1\x9eP\x10\x16\xb0\x00\x00\x00\x00'
0.207 Disassembled: source: 45743, dest: 61693, seq: 31, ack: 2906055070, window: 5808, ACK
0.207 Assembling: source: 61693, dest: 45743, seq: 2906055070, ack: 31, window: 5808, ACK
0.207 Sent: b'\xf0\xfd\xb2\xaf\xad6\xe1\x9e\x00\x00\x00\x1fP\x10\x16\xb0\x00\x00\x00\x00'
0.208 Received: b'\xb2\xaf\xf0\xfd\x00\x00\x00\x1f\xad6\xe1\x9eP\x10\x16\xb0\x00\x00\x00\x00Lorem ipsum dolo'...
0.208 Disassembled: source: 45743, dest: 61693, seq: 31, ack: 2906055070, window: 5808, ACK, data: "Lorem ipsum dolo"...
0.209 Handshake complete
0.209 Data accepted; writing to file
0.209 Assembling: source: 61693, dest: 45743, seq: 2906055070, ack: 1483, window: 5808, ACK
0.209 Sent: b'\xf0\xfd\xb2\xaf\xad6\xe1\x9e\x00\x00\x05\xcbP\x10\x16\xb0\x00\x00\x00\x00'
0.210 Received: b'\xb2\xaf\xf0\xfd\x00\x00\x16\xcf\xad6\xe1\x9eP\x10\x16\xb0\x00\x00\x00\x00 sadipscing ei q'...
0.210 Disassembled: source: 45743, dest: 61693, seq: 5839, ack: 2906055070, window: 5808, ACK, data: " sadipscing ei q"...
0.211 Error: Incorrect acknowledgement flag
0.212 Received: b'\xb2\xaf\xf0\xfd\x00\x00-\x7f\xad6\xe1\x9eP\x10\x16\xb0\x00\x00\x00\x00 Duo ea augue fa'...
0.212 Disassembled: source: 45743, dest: 61693, seq: 11647, ack: 2906055070, window: 5808, ACK, data: " Duo ea augue fa"...
0.213 Error: Sequence number too high
0.709 Sent: b'\xf0\xfd\xb2\xaf\xad6\xe1\x9e\x00\x00\x05\xcbP\x10\x16\xb0\x00\x00\x00\x00'
0.712 Received: b'\xb2\xaf\xf0\xfd\x00\x00D/\xad6\xe1\x9eP\x10\x16\xb0\x00\x00\x00\x00uta debitis pert'...
0.712 Disassembled: source: 45743, dest: 61693, seq: 17455, ack: 2906055070, window: 5808, ACK, data: "uta debitis pert"...
0.713 Error: Sequence number too high
1.210 Sent: b'\xf0\xfd\xb2\xaf\xad6\xe1\x9e\x00\x00\x05\xcbP\x10\x16\xb0\x00\x00\x00\x00'
1.213 Received: b'\xb2\xaf\xf0\xfd\x00\x00Z\xdf\xad6\xe1\x9eP\x10\x16\xb0\x00\x00\x00\x00 decore possit r'...
1.213 Disassembled: source: 45743, dest: 61693, seq: 23263, ack: 2906055070, window: 5808, ACK, data: " decore possit r"...
1.213 Error: Sequence number too high
1.710 Sent: b'\xf0\xfd\xb2\xaf\xad6\xe1\x9e\x00\x00\x05\xcbP\x10\x16\xb0\x00\x00\x00\x00'
1.713 Received: b'\xb2\xaf\xf0\xfd\x00\x00q\x8f\xad6\xe1\x9eP\x10\x16\xb0\x00\x00\x00\x00orteat dissentiu'...
1.714 Disassembled: source: 45743, dest: 61693, seq: 29071, ack: 2906055070, window: 5808, ACK, data: "orteat dissentiu"...
1.714 Error: Sequence number too high
2.211 Sent: b'\xf0\xfd\xb2\xaf\xad6\xe1\x9e\x00\x00\x05\xcbP\x10\x16\xb0\x00\x00\x00\x00'
2.214 Received: b'\xb2\xaf\xf0\xfd\x00\x00\x88?\xad6\xe1\x9eP\x10\x16\xb0\x00\x00\x00\x00an. Ut per eirmo'...
2.214 Disassembled: source: 45743, dest: 61693, seq: 34879, ack: 2906055070, window: 5808, ACK, data: "an. Ut per eirmo"...
2.214 Error: Sequence number too high
2.711 Error: Connection timed out
2.711 Closed connection
2.715 Shutting down
