0.000 NEW RUN: Server, TEST: Write_file__Single_packet
0.222 Received: b'-\xdcm\xbf\x00\x00\x00b\x00\x00\x00\x00P\x02\x05\xa8\x00\x00\x00\x00'
0.223 Disassembled: source: 11740, dest: 28095, seq: 98, window: 1448, SYN
0.223 SYN accepted; new connection: 127.0.0.1 on port 11740
0.223 Assembling: source: 28095, dest: 11740, seq: 2904990696, ack: 99, window: 5808, ACK, SYN
0.224 Sent: b'm\xbf-\xdc\xad&\xa3\xe8\x00\x00\x00cP\x12\x16\xb0\x00\x00\x00\x00'
0.225 Received: b'-\xdcm\xbf\x00\x00\x00c\xad&\xa3\xe9P\x10\x16\xb0\x00\x00\x00\x00'
0.225 Disassembled: source: 11740, dest: 28095, seq: 99, ack: 2904990697, window: 5808, ACK
0.225 Assembling: source: 28095, dest: 11740, seq: 2904990697, ack: 99, window: 5808, ACK
0.226 Sent: b'm\xbf-\xdc\xad&\xa3\xe9\x00\x00\x00cP\x10\x16\xb0\x00\x00\x00\x00'
0.226 Received: b'-\xdcm\xbf\x00\x00\x00c\xad&\xa3\xe9P\x10\x16\xb0\x00\x00\x00\x00This file fits i'...
0.226 Disassembled: source: 11740, dest: 28095, seq: 99, ack: 2904990697, window: 5808, ACK, data: "This file fits i"...
0.226 Handshake complete
0.226 Data accepted; writing to file
0.226 Assembling: source: 28095, dest: 11740, seq: 2904990697, ack: 142, window: 5808, ACK
0.227 Sent: b'm\xbf-\xdc\xad&\xa3\xe9\x00\x00\x00\x8eP\x10\x16\xb0\x00\x00\x00\x00'
0.727 Sent: b'm\xbf-\xdc\xad&\xa3\xe9\x00\x00\x00\x8eP\x10\x16\xb0\x00\x00\x00\x00'
1.227 Sent: b'm\xbf-\xdc\xad&\xa3\xe9\x00\x00\x00\x8eP\x10\x16\xb0\x00\x00\x00\x00'
1.728 Sent: b'm\xbf-\xdc\xad&\xa3\xe9\x00\x00\x00\x8eP\x10\x16\xb0\x00\x00\x00\x00'
2.228 Sent: b'm\xbf-\xdc\xad&\xa3\xe9\x00\x00\x00\x8eP\x10\x16\xb0\x00\x00\x00\x00'
2.729 Error: Connection timed out
2.729 Closed connection
2.730 Shutting down
