0.000 NEW RUN: Server, TEST: Read_file__Large_multi-packet
0.202 Received: b'b\x94\x18i\x00\x00\x00:\x00\x00\x00\x00P\x02\x05\xa8\x00\x00\x00\x00'
0.203 Disassembled: source: 25236, dest: 6249, seq: 58, window: 1448, SYN
0.203 SYN accepted; new connection: 127.0.0.1 on port 25236
0.203 Assembling: source: 6249, dest: 25236, seq: 351648276, ack: 59, window: 1448, ACK, SYN
0.203 Sent: b'\x18ib\x94\x14\xf5\xba\x14\x00\x00\x00;P\x12\x05\xa8\x00\x00\x00\x00'
0.205 Received: b'b\x94\x18i\x00\x00\x00;\x14\xf5\xba\x15P\x10\x05\xa8\x00\x00\x00\x00'
0.205 Disassembled: source: 25236, dest: 6249, seq: 59, ack: 351648277, window: 1448, ACK
0.205 Handshake complete
0.205 Acknowledged seq: 351648276
0.205 Assembling: source: 6249, dest: 25236, seq: 351648277, ack: 60, window: 1448, data: "Lorem ipsum dolo"...
0.206 Sent: b'\x18ib\x94\x14\xf5\xba\x15\x00\x00\x00<P\x00\x05\xa8\x00\x00\x00\x00Lorem ipsum dolo'...
0.207 Received: b'b\x94\x18i\x00\x00\x00;\x14\xf5\xbf\xbdP\x10\x05\xa8\x00\x00\x00\x00'
0.207 Disassembled: source: 25236, dest: 6249, seq: 59, ack: 351649725, window: 1448, ACK
0.207 Acknowledged seq: 351648277
0.207 Assembling: source: 6249, dest: 25236, seq: 351649725, ack: 60, window: 1448, data: "mprehensam nam, "...
0.208 Sent: b'\x18ib\x94\x14\xf5\xbf\xbd\x00\x00\x00<P\x00\x05\xa8\x00\x00\x00\x00mprehensam nam, '...
0.209 Received: b'b\x94\x18i\x00\x00\x00;\x14\xf5\xc5eP\x10\x05\xa8\x00\x00\x00\x00'
0.209 Disassembled: source: 25236, dest: 6249, seq: 59, ack: 351651173, window: 1448, ACK
0.209 Acknowledged seq: 351649725
0.210 Assembling: source: 6249, dest: 25236, seq: 351651173, ack: 60, window: 1448, data: "ilisi repudiare "...
0.210 Sent: b'\x18ib\x94\x14\xf5\xc5e\x00\x00\x00<P\x00\x05\xa8\x00\x00\x00\x00ilisi repudiare '...
0.211 Received: b'b\x94\x18i\x00\x00\x00;\x14\xf5\xcb\rP\x10\x05\xa8\x00\x00\x00\x00'
0.211 Disassembled: source: 25236, dest: 6249, seq: 59, ack: 351652621, window: 1448, ACK
0.212 Acknowledged seq: 351651173
0.212 Assembling: source: 6249, dest: 25236, seq: 351652621, ack: 60, window: 1448, data: "ta.

Et essent s"...
0.212 Sent: b'\x18ib\x94\x14\xf5\xcb\r\x00\x00\x00<P\x00\x05\xa8\x00\x00\x00\x00ta.\n\nEt essent s'...
0.213 Received: b'b\x94\x18i\x00\x00\x00;\x14\xf5\xd0\xb5P\x10\x05\xa8\x00\x00\x00\x00'
0.214 Disassembled: source: 25236, dest: 6249, seq: 59, ack: 351654069, window: 1448, ACK
0.214 Acknowledged seq: 351652621
0.214 Assembling: source: 6249, dest: 25236, seq: 351654069, ack: 60, window: 1448, data: " Nihil tractatos"...
0.214 Sent: b'\x18ib\x94\x14\xf5\xd0\xb5\x00\x00\x00<P\x00\x05\xa8\x00\x00\x00\x00 Nihil tractatos'...
0.216 Received: b'b\x94\x18i\x00\x00\x00;\x14\xf5\xd6]P\x10\x05\xa8\x00\x00\x00\x00'
0.216 Disassembled: source: 25236, dest: 6249, seq: 59, ack: 351655517, window: 1448, ACK
0.216 Acknowledged seq: 351654069
0.216 Assembling: source: 6249, dest: 25236, seq: 351655517, ack: 60, window: 1448, data: "fert iuvaret sap"...
0.216 Sent: b'\x18ib\x94\x14\xf5\xd6]\x00\x00\x00<P\x00\x05\xa8\x00\x00\x00\x00fert iuvaret sap'...
0.218 Received: b'b\x94\x18i\x00\x00\x00;\x14\xf5\xdc\x05P\x10\x05\xa8\x00\x00\x00\x00'
0.218 Disassembled: source: 25236, dest: 6249, seq: 59, ack: 351656965, window: 1448, ACK
0.218 Acknowledged seq: 351655517
0.218 Assembling: source: 6249, dest: 25236, seq: 351656965, ack: 60, window: 1448, data: "ram adipiscing, "...
0.219 Sent: b'\x18ib\x94\x14\xf5\xdc\x05\x00\x00\x00<P\x00\x05\xa8\x00\x00\x00\x00ram adipiscing, '...
0.220 Received: b'b\x94\x18i\x00\x00\x00;\x14\xf5\xe1\xadP\x10\x05\xa8\x00\x00\x00\x00'
0.220 Disassembled: source: 25236, dest: 6249, seq: 59, ack: 351658413, window: 1448, ACK
0.220 Acknowledged seq: 351656965
0.220 Assembling: source: 6249, dest: 25236, seq: 351658413, ack: 60, window: 1448, data: "m veritus vivend"...
0.221 Sent: b'\x18ib\x94\x14\xf5\xe1\xad\x00\x00\x00<P\x00\x05\xa8\x00\x00\x00\x00m veritus vivend'...
0.222 Received: b'b\x94\x18i\x00\x00\x00;\x14\xf5\xe7UP\x10\x05\xa8\x00\x00\x00\x00'
0.222 Disassembled: source: 25236, dest: 6249, seq: 59, ack: 351659861, window: 1448, ACK
0.222 Acknowledged seq: 351658413
0.222 Assembling: source: 6249, dest: 25236, seq: 351659861, ack: 60, window: 1448, data: " delenit, ignota"...
0.223 Sent: b'\x18ib\x94\x14\xf5\xe7U\x00\x00\x00<P\x00\x05\xa8\x00\x00\x00\x00 delenit, ignota'...
0.224 Received: b'b\x94\x18i\x00\x00\x00;\x14\xf5\xec\xfdP\x10\x05\xa8\x00\x00\x00\x00'
0.224 Disassembled: source: 25236, dest: 6249, seq: 59, ack: 351661309, window: 1448, ACK
0.224 Acknowledged seq: 351659861
0.225 Assembling: source: 6249, dest: 25236, seq: 351661309, ack: 60, window: 1448, data: "se explicari des"...
0.225 Sent: b'\x18ib\x94\x14\xf5\xec\xfd\x00\x00\x00<P\x00\x05\xa8\x00\x00\x00\x00se explicari des'...
0.226 Received: b'b\x94\x18i\x00\x00\x00;\x14\xf5\xf2\xa5P\x10\x05\xa8\x00\x00\x00\x00'
0.227 Disassembled: source: 25236, dest: 6249, seq: 59, ack: 351662757, window: 1448, ACK
0.227 Acknowledged seq: 351661309
0.227 Assembling: source: 6249, dest: 25236, seq: 351662757, ack: 60, window: 1448, data: "piscing, in modo"...
0.227 Sent: b'\x18ib\x94\x14\xf5\xf2\xa5\x00\x00\x00<P\x00\x05\xa8\x00\x00\x00\x00piscing, in modo'...
0.228 Received: b'b\x94\x18i\x00\x00\x00;\x14\xf5\xf8MP\x10\x05\xa8\x00\x00\x00\x00'
0.229 Disassembled: source: 25236, dest: 6249, seq: 59, ack: 351664205, window: 1448, ACK
0.229 Acknowledged seq: 351662757
0.229 Assembling: source: 6249, dest: 25236, seq: 351664205, ack: 60, window: 1448, data: "o copiosae tacim"...
0.229 Sent: b'\x18ib\x94\x14\xf5\xf8M\x00\x00\x00<P\x00\x05\xa8\x00\x00\x00\x00o copiosae tacim'...
0.231 Received: b'b\x94\x18i\x00\x00\x00;\x14\xf5\xfd\xf5P\x10\x05\xa8\x00\x00\x00\x00'
0.231 Disassembled: source: 25236, dest: 6249, seq: 59, ack: 351665653, window: 1448, ACK
0.231 Acknowledged seq: 351664205
0.231 Assembling: source: 6249, dest: 25236, seq: 351665653, ack: 60, window: 1448, data: "am. Pri ne antio"...
0.231 Sent: b'\x18ib\x94\x14\xf5\xfd\xf5\x00\x00\x00<P\x00\x05\xa8\x00\x00\x00\x00am. Pri ne antio'...
0.233 Received: b'b\x94\x18i\x00\x00\x00;\x14\xf6\x03\x9dP\x10\x05\xa8\x00\x00\x00\x00'
0.233 Disassembled: source: 25236, dest: 6249, seq: 59, ack: 351667101, window: 1448, ACK
0.233 Acknowledged seq: 351665653
0.233 Assembling: source: 6249, dest: 25236, seq: 351667101, ack: 60, window: 1448, data: "to no. Elitr pos"...
0.234 Sent: b'\x18ib\x94\x14\xf6\x03\x9d\x00\x00\x00<P\x00\x05\xa8\x00\x00\x00\x00to no. Elitr pos'...
0.235 Received: b'b\x94\x18i\x00\x00\x00;\x14\xf6\tEP\x10\x05\xa8\x00\x00\x00\x00'
0.235 Disassembled: source: 25236, dest: 6249, seq: 59, ack: 351668549, window: 1448, ACK
0.235 Acknowledged seq: 351667101
0.236 Assembling: source: 6249, dest: 25236, seq: 351668549, ack: 60, window: 1448, data: "pretaris, sea ex"...
0.236 Sent: b'\x18ib\x94\x14\xf6\tE\x00\x00\x00<P\x00\x05\xa8\x00\x00\x00\x00pretaris, sea ex'...
0.237 Received: b'b\x94\x18i\x00\x00\x00;\x14\xf6\x0e\xedP\x10\x05\xa8\x00\x00\x00\x00'
0.238 Disassembled: source: 25236, dest: 6249, seq: 59, ack: 351669997, window: 1448, ACK
0.238 Acknowledged seq: 351668549
0.238 Assembling: source: 6249, dest: 25236, seq: 351669997, ack: 60, window: 1448, data: "oporteat inimicu"...
0.238 Sent: b'\x18ib\x94\x14\xf6\x0e\xed\x00\x00\x00<P\x00\x05\xa8\x00\x00\x00\x00oporteat inimicu'...
0.240 Received: b'b\x94\x18i\x00\x00\x00;\x14\xf6\x14\x95P\x10\x05\xa8\x00\x00\x00\x00'
0.240 Disassembled: source: 25236, dest: 6249, seq: 59, ack: 351671445, window: 1448, ACK
0.240 Acknowledged seq: 351669997
0.240 Assembling: source: 6249, dest: 25236, seq: 351671445, ack: 60, window: 1448, data: "ligendi officiis"...
0.241 Sent: b'\x18ib\x94\x14\xf6\x14\x95\x00\x00\x00<P\x00\x05\xa8\x00\x00\x00\x00ligendi officiis'...
0.242 Received: b'b\x94\x18i\x00\x00\x00;\x14\xf6\x1a=P\x10\x05\xa8\x00\x00\x00\x00'
0.242 Disassembled: source: 25236, dest: 6249, seq: 59, ack: 351672893, window: 1448, ACK
0.242 Acknowledged seq: 351671445
0.243 Assembling: source: 6249, dest: 25236, seq: 351672893, ack: 60, window: 1448, data: "no vel regione i"...
0.243 Sent: b'\x18ib\x94\x14\xf6\x1a=\x00\x00\x00<P\x00\x05\xa8\x00\x00\x00\x00no vel regione i'...
0.244 Received: b'b\x94\x18i\x00\x00\x00;\x14\xf6\x1f\xe5P\x10\x05\xa8\x00\x00\x00\x00'
0.245 Disassembled: source: 25236, dest: 6249, seq: 59, ack: 351674341, window: 1448, ACK
0.245 Acknowledged seq: 351672893
0.245 Assembling: source: 6249, dest: 25236, seq: 351674341, ack: 60, window: 1448, data: "ibus vis ex, pro"...
0.245 Sent: b'\x18ib\x94\x14\xf6\x1f\xe5\x00\x00\x00<P\x00\x05\xa8\x00\x00\x00\x00ibus vis ex, pro'...
0.247 Received: b'b\x94\x18i\x00\x00\x00;\x14\xf6%\x8dP\x10\x05\xa8\x00\x00\x00\x00'
0.247 Disassembled: source: 25236, dest: 6249, seq: 59, ack: 351675789, window: 1448, ACK
0.247 Acknowledged seq: 351674341
0.248 Assembling: source: 6249, dest: 25236, seq: 351675789, ack: 60, window: 1448, data: "o vix, mel ea li"...
0.248 Sent: b'\x18ib\x94\x14\xf6%\x8d\x00\x00\x00<P\x00\x05\xa8\x00\x00\x00\x00o vix, mel ea li'...
0.250 Received: b'b\x94\x18i\x00\x00\x00;\x14\xf6+5P\x10\x05\xa8\x00\x00\x00\x00'
0.250 Disassembled: source: 25236, dest: 6249, seq: 59, ack: 351677237, window: 1448, ACK
0.250 Acknowledged seq: 351675789
0.250 Assembling: source: 6249, dest: 25236, seq: 351677237, ack: 60, window: 1448, data: "d. Ex fugit suav"...
0.250 Sent: b'\x18ib\x94\x14\xf6+5\x00\x00\x00<P\x00\x05\xa8\x00\x00\x00\x00d. Ex fugit suav'...
0.252 Received: b'b\x94\x18i\x00\x00\x00;\x14\xf60\xddP\x10\x05\xa8\x00\x00\x00\x00'
0.252 Disassembled: source: 25236, dest: 6249, seq: 59, ack: 351678685, window: 1448, ACK
0.252 Acknowledged seq: 351677237
0.253 Assembling: source: 6249, dest: 25236, seq: 351678685, ack: 60, window: 1448, data: "pertinax nec. De"...
0.253 Sent: b'\x18ib\x94\x14\xf60\xdd\x00\x00\x00<P\x00\x05\xa8\x00\x00\x00\x00pertinax nec. De'...
0.255 Received: b'b\x94\x18i\x00\x00\x00;\x14\xf66\x85P\x10\x05\xa8\x00\x00\x00\x00'
0.255 Disassembled: source: 25236, dest: 6249, seq: 59, ack: 351680133, window: 1448, ACK
0.255 Acknowledged seq: 351678685
0.255 Assembling: source: 6249, dest: 25236, seq: 351680133, ack: 60, window: 1448, data: "lli primis praes"...
0.256 Sent: b'\x18ib\x94\x14\xf66\x85\x00\x00\x00<P\x00\x05\xa8\x00\x00\x00\x00lli primis praes'...
0.257 Received: b'b\x94\x18i\x00\x00\x00;\x14\xf6<-P\x10\x05\xa8\x00\x00\x00\x00'
0.258 Disassembled: source: 25236, dest: 6249, seq: 59, ack: 351681581, window: 1448, ACK
0.258 Acknowledged seq: 351680133
0.258 Assembling: source: 6249, dest: 25236, seq: 351681581, ack: 60, window: 1448, data: "m, percipit inte"...
0.258 Sent: b'\x18ib\x94\x14\xf6<-\x00\x00\x00<P\x00\x05\xa8\x00\x00\x00\x00m, percipit inte'...
0.260 Received: b'b\x94\x18i\x00\x00\x00;\x14\xf6A\xd5P\x10\x05\xa8\x00\x00\x00\x00'
0.260 Disassembled: source: 25236, dest: 6249, seq: 59, ack: 351683029, window: 1448, ACK
0.261 Acknowledged seq: 351681581
0.261 Assembling: source: 6249, dest: 25236, seq: 351683029, ack: 60, window: 1448, data: "nani docendi pat"...
0.261 Sent: b'\x18ib\x94\x14\xf6A\xd5\x00\x00\x00<P\x00\x05\xa8\x00\x00\x00\x00nani docendi pat'...
0.263 Received: b'b\x94\x18i\x00\x00\x00;\x14\xf6G}P\x10\x05\xa8\x00\x00\x00\x00'
0.263 Disassembled: source: 25236, dest: 6249, seq: 59, ack: 351684477, window: 1448, ACK
0.263 Acknowledged seq: 351683029
0.264 Assembling: source: 6249, dest: 25236, seq: 351684477, ack: 60, window: 1448, data: " vis decore poss"...
0.264 Sent: b'\x18ib\x94\x14\xf6G}\x00\x00\x00<P\x00\x05\xa8\x00\x00\x00\x00 vis decore poss'...
0.265 Received: b'b\x94\x18i\x00\x00\x00;\x14\xf6M%P\x10\x05\xa8\x00\x00\x00\x00'
0.266 Disassembled: source: 25236, dest: 6249, seq: 59, ack: 351685925, window: 1448, ACK
0.266 Acknowledged seq: 351684477
0.266 Assembling: source: 6249, dest: 25236, seq: 351685925, ack: 60, window: 1448, data: "eam odio corpora"...
0.267 Sent: b'\x18ib\x94\x14\xf6M%\x00\x00\x00<P\x00\x05\xa8\x00\x00\x00\x00eam odio corpora'...
0.268 Received: b'b\x94\x18i\x00\x00\x00;\x14\xf6R\xcdP\x10\x05\xa8\x00\x00\x00\x00'
0.269 Disassembled: source: 25236, dest: 6249, seq: 59, ack: 351687373, window: 1448, ACK
0.269 Acknowledged seq: 351685925
0.269 Assembling: source: 6249, dest: 25236, seq: 351687373, ack: 60, window: 1448, data: " est. Usu sanctu"...
0.269 Sent: b'\x18ib\x94\x14\xf6R\xcd\x00\x00\x00<P\x00\x05\xa8\x00\x00\x00\x00 est. Usu sanctu'...
0.271 Received: b'b\x94\x18i\x00\x00\x00;\x14\xf6XuP\x10\x05\xa8\x00\x00\x00\x00'
0.271 Disassembled: source: 25236, dest: 6249, seq: 59, ack: 351688821, window: 1448, ACK
0.272 Acknowledged seq: 351687373
0.272 Assembling: source: 6249, dest: 25236, seq: 351688821, ack: 60, window: 1448, data: ".

Mei graeco ae"...
0.272 Sent: b'\x18ib\x94\x14\xf6Xu\x00\x00\x00<P\x00\x05\xa8\x00\x00\x00\x00.\n\nMei graeco ae'...
0.274 Received: b'b\x94\x18i\x00\x00\x00;\x14\xf6^\x1dP\x10\x05\xa8\x00\x00\x00\x00'
0.274 Disassembled: source: 25236, dest: 6249, seq: 59, ack: 351690269, window: 1448, ACK
0.274 Acknowledged seq: 351688821
0.275 Assembling: source: 6249, dest: 25236, seq: 351690269, ack: 60, window: 1448, data: "et. Ne sea primi"...
0.275 Sent: b'\x18ib\x94\x14\xf6^\x1d\x00\x00\x00<P\x00\x05\xa8\x00\x00\x00\x00et. Ne sea primi'...
0.277 Received: b'b\x94\x18i\x00\x00\x00;\x14\xf6c\xc5P\x10\x05\xa8\x00\x00\x00\x00'
0.277 Disassembled: source: 25236, dest: 6249, seq: 59, ack: 351691717, window: 1448, ACK
0.277 Acknowledged seq: 351690269
0.278 Assembling: source: 6249, dest: 25236, seq: 351691717, ack: 60, window: 1448, data: "ittam convenire."...
0.278 Sent: b'\x18ib\x94\x14\xf6c\xc5\x00\x00\x00<P\x00\x05\xa8\x00\x00\x00\x00ittam convenire.'...
0.280 Received: b'b\x94\x18i\x00\x00\x00;\x14\xf6imP\x10\x05\xa8\x00\x00\x00\x00'
0.280 Disassembled: source: 25236, dest: 6249, seq: 59, ack: 351693165, window: 1448, ACK
0.280 Acknowledged seq: 351691717
0.280 Assembling: source: 6249, dest: 25236, seq: 351693165, ack: 60, window: 1448, data: "ua et vis, id eu"...
0.281 Sent: b'\x18ib\x94\x14\xf6im\x00\x00\x00<P\x00\x05\xa8\x00\x00\x00\x00ua et vis, id eu'...
0.283 Received: b'b\x94\x18i\x00\x00\x00;\x14\xf6o\x15P\x10\x05\xa8\x00\x00\x00\x00'
0.283 Disassembled: source: 25236, dest: 6249, seq: 59, ack: 351694613, window: 1448, ACK
0.283 Acknowledged seq: 351693165
0.284 Assembling: source: 6249, dest: 25236, seq: 351694613, ack: 60, window: 1448, data: "r. Et velit appa"...
0.284 Sent: b'\x18ib\x94\x14\xf6o\x15\x00\x00\x00<P\x00\x05\xa8\x00\x00\x00\x00r. Et velit appa'...
0.286 Received: b'b\x94\x18i\x00\x00\x00;\x14\xf6t\xbdP\x10\x05\xa8\x00\x00\x00\x00'
0.287 Disassembled: source: 25236, dest: 6249, seq: 59, ack: 351696061, window: 1448, ACK
0.287 Acknowledged seq: 351694613
0.287 Assembling: source: 6249, dest: 25236, seq: 351696061, ack: 60, window: 1448, data: " novum laudem, v"...
0.287 Sent: b'\x18ib\x94\x14\xf6t\xbd\x00\x00\x00<P\x00\x05\xa8\x00\x00\x00\x00 novum laudem, v'...
0.289 Received: b'b\x94\x18i\x00\x00\x00;\x14\xf6zeP\x10\x05\xa8\x00\x00\x00\x00'
0.290 Disassembled: source: 25236, dest: 6249, seq: 59, ack: 351697509, window: 1448, ACK
0.290 Acknowledged seq: 351696061
0.290 Assembling: source: 6249, dest: 25236, seq: 351697509, ack: 60, window: 1448, data: "luptatibus, cibo"...
0.291 Sent: b'\x18ib\x94\x14\xf6ze\x00\x00\x00<P\x00\x05\xa8\x00\x00\x00\x00luptatibus, cibo'...
0.293 Received: b'b\x94\x18i\x00\x00\x00;\x14\xf6\x80\rP\x10\x05\xa8\x00\x00\x00\x00'
0.293 Disassembled: source: 25236, dest: 6249, seq: 59, ack: 351698957, window: 1448, ACK
0.293 Acknowledged seq: 351697509
0.293 Assembling: source: 6249, dest: 25236, seq: 351698957, ack: 60, window: 1448, data: "alii indoctum ma"...
0.294 Sent: b'\x18ib\x94\x14\xf6\x80\r\x00\x00\x00<P\x00\x05\xa8\x00\x00\x00\x00alii indoctum ma'...
0.296 Received: b'b\x94\x18i\x00\x00\x00;\x14\xf6\x85\xb5P\x10\x05\xa8\x00\x00\x00\x00'
0.296 Disassembled: source: 25236, dest: 6249, seq: 59, ack: 351700405, window: 1448, ACK
0.296 Acknowledged seq: 351698957
0.297 Assembling: source: 6249, dest: 25236, seq: 351700405, ack: 60, window: 1448, data: "im, his facete c"...
0.297 Sent: b'\x18ib\x94\x14\xf6\x85\xb5\x00\x00\x00<P\x00\x05\xa8\x00\x00\x00\x00im, his facete c'...
0.299 Received: b'b\x94\x18i\x00\x00\x00;\x14\xf6\x8b]P\x10\x05\xa8\x00\x00\x00\x00'
0.299 Disassembled: source: 25236, dest: 6249, seq: 59, ack: 351701853, window: 1448, ACK
0.300 Acknowledged seq: 351700405
0.300 Assembling: source: 6249, dest: 25236, seq: 351701853, ack: 60, window: 1448, data: "e alia dolor com"...
0.300 Sent: b'\x18ib\x94\x14\xf6\x8b]\x00\x00\x00<P\x00\x05\xa8\x00\x00\x00\x00e alia dolor com'...
0.302 Received: b'b\x94\x18i\x00\x00\x00;\x14\xf6\x91\x05P\x10\x05\xa8\x00\x00\x00\x00'
0.302 Disassembled: source: 25236, dest: 6249, seq: 59, ack: 351703301, window: 1448, ACK
0.303 Acknowledged seq: 351701853
0.303 Assembling: source: 6249, dest: 25236, seq: 351703301, ack: 60, window: 1448, data: "it ea, reque tem"...
0.303 Sent: b'\x18ib\x94\x14\xf6\x91\x05\x00\x00\x00<P\x00\x05\xa8\x00\x00\x00\x00it ea, reque tem'...
0.305 Received: b'b\x94\x18i\x00\x00\x00;\x14\xf6\x96\xadP\x10\x05\xa8\x00\x00\x00\x00'
0.306 Disassembled: source: 25236, dest: 6249, seq: 59, ack: 351704749, window: 1448, ACK
0.306 Acknowledged seq: 351703301
0.306 Assembling: source: 6249, dest: 25236, seq: 351704749, ack: 60, window: 1448, data: "alisque.

Equide"...
0.306 Sent: b'\x18ib\x94\x14\xf6\x96\xad\x00\x00\x00<P\x00\x05\xa8\x00\x00\x00\x00alisque.\n\nEquide'...
0.308 Received: b'b\x94\x18i\x00\x00\x00;\x14\xf6\x9cUP\x10\x05\xa8\x00\x00\x00\x00'
0.309 Disassembled: source: 25236, dest: 6249, seq: 59, ack: 351706197, window: 1448, ACK
0.309 Acknowledged seq: 351704749
0.309 Assembling: source: 6249, dest: 25236, seq: 351706197, ack: 60, window: 1448, data: "finitiones, affe"...
0.310 Sent: b'\x18ib\x94\x14\xf6\x9cU\x00\x00\x00<P\x00\x05\xa8\x00\x00\x00\x00finitiones, affe'...
0.311 Received: b'b\x94\x18i\x00\x00\x00;\x14\xf6\xa1\xfdP\x10\x05\xa8\x00\x00\x00\x00'
0.312 Disassembled: source: 25236, dest: 6249, seq: 59, ack: 351707645, window: 1448, ACK
0.312 Acknowledged seq: 351706197
0.312 Assembling: source: 6249, dest: 25236, seq: 351707645, ack: 60, window: 1448, data: "his duis graeco "...
0.313 Sent: b'\x18ib\x94\x14\xf6\xa1\xfd\x00\x00\x00<P\x00\x05\xa8\x00\x00\x00\x00his duis graeco '...
0.315 Received: b'b\x94\x18i\x00\x00\x00;\x14\xf6\xa7\xa5P\x10\x05\xa8\x00\x00\x00\x00'
0.315 Disassembled: source: 25236, dest: 6249, seq: 59, ack: 351709093, window: 1448, ACK
0.315 Acknowledged seq: 351707645
0.315 Assembling: source: 6249, dest: 25236, seq: 351709093, ack: 60, window: 1448, data: "am. Alia possit "...
0.316 Sent: b'\x18ib\x94\x14\xf6\xa7\xa5\x00\x00\x00<P\x00\x05\xa8\x00\x00\x00\x00am. Alia possit '...
0.318 Received: b'b\x94\x18i\x00\x00\x00;\x14\xf6\xadMP\x10\x05\xa8\x00\x00\x00\x00'
0.318 Disassembled: source: 25236, dest: 6249, seq: 59, ack: 351710541, window: 1448, ACK
0.318 Acknowledged seq: 351709093
0.318 Assembling: source: 6249, dest: 25236, seq: 351710541, ack: 60, window: 1448, data: "cum an. Mei faci"...
0.319 Sent: b'\x18ib\x94\x14\xf6\xadM\x00\x00\x00<P\x00\x05\xa8\x00\x00\x00\x00cum an. Mei faci'...
0.321 Received: b'b\x94\x18i\x00\x00\x00;\x14\xf6\xb2\xf5P\x10\x05\xa8\x00\x00\x00\x00'
0.321 Disassembled: source: 25236, dest: 6249, seq: 59, ack: 351711989, window: 1448, ACK
0.321 Acknowledged seq: 351710541
0.322 Assembling: source: 6249, dest: 25236, seq: 351711989, ack: 60, window: 1448, data: " vis adhuc tatio"...
0.322 Sent: b'\x18ib\x94\x14\xf6\xb2\xf5\x00\x00\x00<P\x00\x05\xa8\x00\x00\x00\x00 vis adhuc tatio'...
0.324 Received: b'b\x94\x18i\x00\x00\x00;\x14\xf6\xb8\x9dP\x10\x05\xa8\x00\x00\x00\x00'
0.324 Disassembled: source: 25236, dest: 6249, seq: 59, ack: 351713437, window: 1448, ACK
0.325 Acknowledged seq: 351711989
0.325 Assembling: source: 6249, dest: 25236, seq: 351713437, ack: 60, window: 1448, data: "im eu option iuv"...
0.325 Sent: b'\x18ib\x94\x14\xf6\xb8\x9d\x00\x00\x00<P\x00\x05\xa8\x00\x00\x00\x00im eu option iuv'...
0.327 Received: b'b\x94\x18i\x00\x00\x00;\x14\xf6\xbeEP\x10\x05\xa8\x00\x00\x00\x00'
0.328 Disassembled: source: 25236, dest: 6249, seq: 59, ack: 351714885, window: 1448, ACK
0.328 Acknowledged seq: 351713437
0.328 Assembling: source: 6249, dest: 25236, seq: 351714885, ack: 60, window: 1448, data: "ex epicurei taci"...
0.328 Sent: b'\x18ib\x94\x14\xf6\xbeE\x00\x00\x00<P\x00\x05\xa8\x00\x00\x00\x00ex epicurei taci'...
0.330 Received: b'b\x94\x18i\x00\x00\x00;\x14\xf6\xc3\xedP\x10\x05\xa8\x00\x00\x00\x00'
0.331 Disassembled: source: 25236, dest: 6249, seq: 59, ack: 351716333, window: 1448, ACK
0.331 Acknowledged seq: 351714885
0.331 Assembling: source: 6249, dest: 25236, seq: 351716333, ack: 60, window: 1448, data: "ebat, eu pro ero"...
0.332 Sent: b'\x18ib\x94\x14\xf6\xc3\xed\x00\x00\x00<P\x00\x05\xa8\x00\x00\x00\x00ebat, eu pro ero'...
0.334 Received: b'b\x94\x18i\x00\x00\x00;\x14\xf6\xc9\x95P\x10\x05\xa8\x00\x00\x00\x00'
0.334 Disassembled: source: 25236, dest: 6249, seq: 59, ack: 351717781, window: 1448, ACK
0.334 Acknowledged seq: 351716333
0.335 Assembling: source: 6249, dest: 25236, seq: 351717781, ack: 60, window: 1448, data: "s. Per no sale v"...
0.335 Sent: b'\x18ib\x94\x14\xf6\xc9\x95\x00\x00\x00<P\x00\x05\xa8\x00\x00\x00\x00s. Per no sale v'...
0.337 Received: b'b\x94\x18i\x00\x00\x00;\x14\xf6\xcf=P\x10\x05\xa8\x00\x00\x00\x00'
0.337 Disassembled: source: 25236, dest: 6249, seq: 59, ack: 351719229, window: 1448, ACK
0.338 Acknowledged seq: 351717781
0.338 Assembling: source: 6249, dest: 25236, seq: 351719229, ack: 60, window: 1448, data: "orrupte ea mel. "...
0.338 Sent: b'\x18ib\x94\x14\xf6\xcf=\x00\x00\x00<P\x00\x05\xa8\x00\x00\x00\x00orrupte ea mel. '...
0.340 Received: b'b\x94\x18i\x00\x00\x00;\x14\xf6\xd4\xe5P\x10\x05\xa8\x00\x00\x00\x00'
0.341 Disassembled: source: 25236, dest: 6249, seq: 59, ack: 351720677, window: 1448, ACK
0.341 Acknowledged seq: 351719229
0.341 Assembling: source: 6249, dest: 25236, seq: 351720677, ack: 60, window: 1448, data: ". Est iracundia "...
0.341 Sent: b'\x18ib\x94\x14\xf6\xd4\xe5\x00\x00\x00<P\x00\x05\xa8\x00\x00\x00\x00. Est iracundia '...
0.343 Received: b'b\x94\x18i\x00\x00\x00;\x14\xf6\xda\x8dP\x10\x05\xa8\x00\x00\x00\x00'
0.344 Disassembled: source: 25236, dest: 6249, seq: 59, ack: 351722125, window: 1448, ACK
0.344 Acknowledged seq: 351720677
0.344 Assembling: source: 6249, dest: 25236, seq: 351722125, ack: 60, window: 1448, data: "pta probatus scr"...
0.345 Sent: b'\x18ib\x94\x14\xf6\xda\x8d\x00\x00\x00<P\x00\x05\xa8\x00\x00\x00\x00pta probatus scr'...
0.347 Received: b'b\x94\x18i\x00\x00\x00;\x14\xf6\xe05P\x10\x05\xa8\x00\x00\x00\x00'
0.347 Disassembled: source: 25236, dest: 6249, seq: 59, ack: 351723573, window: 1448, ACK
0.347 Acknowledged seq: 351722125
0.347 Assembling: source: 6249, dest: 25236, seq: 351723573, ack: 60, window: 1448, data: "entur ei, pro ei"...
0.348 Sent: b'\x18ib\x94\x14\xf6\xe05\x00\x00\x00<P\x00\x05\xa8\x00\x00\x00\x00entur ei, pro ei'...
0.350 Received: b'b\x94\x18i\x00\x00\x00;\x14\xf6\xe5\xddP\x10\x05\xa8\x00\x00\x00\x00'
0.350 Disassembled: source: 25236, dest: 6249, seq: 59, ack: 351725021, window: 1448, ACK
0.350 Acknowledged seq: 351723573
0.350 Assembling: source: 6249, dest: 25236, seq: 351725021, ack: 60, window: 1448, data: "simul euismod vi"...
0.351 Sent: b'\x18ib\x94\x14\xf6\xe5\xdd\x00\x00\x00<P\x00\x05\xa8\x00\x00\x00\x00simul euismod vi'...
0.353 Received: b'b\x94\x18i\x00\x00\x00;\x14\xf6\xeb\x85P\x10\x05\xa8\x00\x00\x00\x00'
0.353 Disassembled: source: 25236, dest: 6249, seq: 59, ack: 351726469, window: 1448, ACK
0.353 Acknowledged seq: 351725021
0.353 Assembling: source: 6249, dest: 25236, seq: 351726469, ack: 60, window: 1448, data: ", eam id iudico "...
0.354 Sent: b'\x18ib\x94\x14\xf6\xeb\x85\x00\x00\x00<P\x00\x05\xa8\x00\x00\x00\x00, eam id iudico '...
0.356 Received: b'b\x94\x18i\x00\x00\x00;\x14\xf6\xf1-P\x10\x05\xa8\x00\x00\x00\x00'
0.356 Disassembled: source: 25236, dest: 6249, seq: 59, ack: 351727917, window: 1448, ACK
0.356 Acknowledged seq: 351726469
0.356 Assembling: source: 6249, dest: 25236, seq: 351727917, ack: 60, window: 1448, data: "m vix. Ea est mu"...
0.357 Sent: b'\x18ib\x94\x14\xf6\xf1-\x00\x00\x00<P\x00\x05\xa8\x00\x00\x00\x00m vix. Ea est mu'...
0.359 Received: b'b\x94\x18i\x00\x00\x00;\x14\xf6\xf6\xd5P\x10\x05\xa8\x00\x00\x00\x00'
0.359 Disassembled: source: 25236, dest: 6249, seq: 59, ack: 351729365, window: 1448, ACK
0.359 Acknowledged seq: 351727917
0.360 Assembling: source: 6249, dest: 25236, seq: 351729365, ack: 60, window: 1448, data: "olor sit amet, e"...
0.360 Sent: b'\x18ib\x94\x14\xf6\xf6\xd5\x00\x00\x00<P\x00\x05\xa8\x00\x00\x00\x00olor sit amet, e'...
0.362 Received: b'b\x94\x18i\x00\x00\x00;\x14\xf6\xfc}P\x10\x05\xa8\x00\x00\x00\x00'
0.362 Disassembled: source: 25236, dest: 6249, seq: 59, ack: 351730813, window: 1448, ACK
0.363 Acknowledged seq: 351729365
0.363 Assembling: source: 6249, dest: 25236, seq: 351730813, ack: 60, window: 1448, data: "m, aperiam iudic"...
0.363 Sent: b'\x18ib\x94\x14\xf6\xfc}\x00\x00\x00<P\x00\x05\xa8\x00\x00\x00\x00m, aperiam iudic'...
0.365 Received: b'b\x94\x18i\x00\x00\x00;\x14\xf7\x02%P\x10\x05\xa8\x00\x00\x00\x00'
0.366 Disassembled: source: 25236, dest: 6249, seq: 59, ack: 351732261, window: 1448, ACK
0.366 Acknowledged seq: 351730813
0.366 Assembling: source: 6249, dest: 25236, seq: 351732261, ack: 60, window: 1448, data: "re sea. No eos d"...
0.367 Sent: b'\x18ib\x94\x14\xf7\x02%\x00\x00\x00<P\x00\x05\xa8\x00\x00\x00\x00re sea. No eos d'...
0.368 Received: b'b\x94\x18i\x00\x00\x00;\x14\xf7\x07\xcdP\x10\x05\xa8\x00\x00\x00\x00'
0.369 Disassembled: source: 25236, dest: 6249, seq: 59, ack: 351733709, window: 1448, ACK
0.369 Acknowledged seq: 351732261
0.369 Assembling: source: 6249, dest: 25236, seq: 351733709, ack: 60, window: 1448, data: "t scripta philos"...
0.370 Sent: b'\x18ib\x94\x14\xf7\x07\xcd\x00\x00\x00<P\x00\x05\xa8\x00\x00\x00\x00t scripta philos'...
0.372 Received: b'b\x94\x18i\x00\x00\x00;\x14\xf7\ruP\x10\x05\xa8\x00\x00\x00\x00'
0.372 Disassembled: source: 25236, dest: 6249, seq: 59, ack: 351735157, window: 1448, ACK
0.372 Acknowledged seq: 351733709
0.372 Assembling: source: 6249, dest: 25236, seq: 351735157, ack: 60, window: 1448, data: "tos sadipscing e"...
0.373 Sent: b'\x18ib\x94\x14\xf7\ru\x00\x00\x00<P\x00\x05\xa8\x00\x00\x00\x00tos sadipscing e'...
0.375 Received: b'b\x94\x18i\x00\x00\x00;\x14\xf7\x13\x1dP\x10\x05\xa8\x00\x00\x00\x00'
0.375 Disassembled: source: 25236, dest: 6249, seq: 59, ack: 351736605, window: 1448, ACK
0.375 Acknowledged seq: 351735157
0.376 Assembling: source: 6249, dest: 25236, seq: 351736605, ack: 60, window: 1448, data: "sapientem ea, ad"...
0.376 Sent: b'\x18ib\x94\x14\xf7\x13\x1d\x00\x00\x00<P\x00\x05\xa8\x00\x00\x00\x00sapientem ea, ad'...
0.378 Received: b'b\x94\x18i\x00\x00\x00;\x14\xf7\x18\xc5P\x10\x05\xa8\x00\x00\x00\x00'
0.378 Disassembled: source: 25236, dest: 6249, seq: 59, ack: 351738053, window: 1448, ACK
0.379 Acknowledged seq: 351736605
0.379 Assembling: source: 6249, dest: 25236, seq: 351738053, ack: 60, window: 1448, data: "g, ei invenire p"...
0.379 Sent: b'\x18ib\x94\x14\xf7\x18\xc5\x00\x00\x00<P\x00\x05\xa8\x00\x00\x00\x00g, ei invenire p'...
0.381 Received: b'b\x94\x18i\x00\x00\x00;\x14\xf7\x1emP\x10\x05\xa8\x00\x00\x00\x00'
0.382 Disassembled: source: 25236, dest: 6249, seq: 59, ack: 351739501, window: 1448, ACK
0.382 Acknowledged seq: 351738053
0.382 Assembling: source: 6249, dest: 25236, seq: 351739501, ack: 60, window: 1448, data: "endo at. Qui id "...
0.382 Sent: b'\x18ib\x94\x14\xf7\x1em\x00\x00\x00<P\x00\x05\xa8\x00\x00\x00\x00endo at. Qui id '...
0.384 Received: b'b\x94\x18i\x00\x00\x00;\x14\xf7$\x15P\x10\x05\xa8\x00\x00\x00\x00'
0.385 Disassembled: source: 25236, dest: 6249, seq: 59, ack: 351740949, window: 1448, ACK
0.385 Acknowledged seq: 351739501
0.385 Assembling: source: 6249, dest: 25236, seq: 351740949, ack: 60, window: 1448, data: "ota nostrum et p"...
0.386 Sent: b'\x18ib\x94\x14\xf7$\x15\x00\x00\x00<P\x00\x05\xa8\x00\x00\x00\x00ota nostrum et p'...
0.388 Received: b'b\x94\x18i\x00\x00\x00;\x14\xf7)\xbdP\x10\x05\xa8\x00\x00\x00\x00'
0.388 Disassembled: source: 25236, dest: 6249, seq: 59, ack: 351742397, window: 1448, ACK
0.388 Acknowledged seq: 351740949
0.389 Assembling: source: 6249, dest: 25236, seq: 351742397, ack: 60, window: 1448, data: "deseruisse id. P"...
0.389 Sent: b'\x18ib\x94\x14\xf7)\xbd\x00\x00\x00<P\x00\x05\xa8\x00\x00\x00\x00deseruisse id. P'...
0.391 Received: b'b\x94\x18i\x00\x00\x00;\x14\xf7/eP\x10\x05\xa8\x00\x00\x00\x00'
0.391 Disassembled: source: 25236, dest: 6249, seq: 59, ack: 351743845, window: 1448, ACK
0.392 Acknowledged seq: 351742397
0.392 Assembling: source: 6249, dest: 25236, seq: 351743845, ack: 60, window: 1448, data: "odo munere imper"...
0.392 Sent: b'\x18ib\x94\x14\xf7/e\x00\x00\x00<P\x00\x05\xa8\x00\x00\x00\x00odo munere imper'...
0.394 Received: b'b\x94\x18i\x00\x00\x00;\x14\xf75\rP\x10\x05\xa8\x00\x00\x00\x00'
0.395 Disassembled: source: 25236, dest: 6249, seq: 59, ack: 351745293, window: 1448, ACK
0.395 Acknowledged seq: 351743845
0.395 Assembling: source: 6249, dest: 25236, seq: 351745293, ack: 60, window: 1448, data: "cimates cum, tib"...
0.395 Sent: b'\x18ib\x94\x14\xf75\r\x00\x00\x00<P\x00\x05\xa8\x00\x00\x00\x00cimates cum, tib'...
0.397 Received: b'b\x94\x18i\x00\x00\x00;\x14\xf7:\xb5P\x10\x05\xa8\x00\x00\x00\x00'
0.398 Disassembled: source: 25236, dest: 6249, seq: 59, ack: 351746741, window: 1448, ACK
0.398 Acknowledged seq: 351745293
0.398 Assembling: source: 6249, dest: 25236, seq: 351746741, ack: 60, window: 1448, data: "tiopam molestiae"...
0.399 Sent: b'\x18ib\x94\x14\xf7:\xb5\x00\x00\x00<P\x00\x05\xa8\x00\x00\x00\x00tiopam molestiae'...
0.401 Received: b'b\x94\x18i\x00\x00\x00;\x14\xf7@]P\x10\x05\xa8\x00\x00\x00\x00'
0.401 Disassembled: source: 25236, dest: 6249, seq: 59, ack: 351748189, window: 1448, ACK
0.401 Acknowledged seq: 351746741
0.402 Assembling: source: 6249, dest: 25236, seq: 351748189, ack: 60, window: 1448, data: "possim qui no, v"...
0.402 Sent: b'\x18ib\x94\x14\xf7@]\x00\x00\x00<P\x00\x05\xa8\x00\x00\x00\x00possim qui no, v'...
0.404 Received: b'b\x94\x18i\x00\x00\x00;\x14\xf7F\x05P\x10\x05\xa8\x00\x00\x00\x00'
0.404 Disassembled: source: 25236, dest: 6249, seq: 59, ack: 351749637, window: 1448, ACK
0.405 Acknowledged seq: 351748189
0.405 Assembling: source: 6249, dest: 25236, seq: 351749637, ack: 60, window: 1448, data: " ex utinam parti"...
0.405 Sent: b'\x18ib\x94\x14\xf7F\x05\x00\x00\x00<P\x00\x05\xa8\x00\x00\x00\x00 ex utinam parti'...
0.407 Received: b'b\x94\x18i\x00\x00\x00;\x14\xf7K\xadP\x10\x05\xa8\x00\x00\x00\x00'
0.408 Disassembled: source: 25236, dest: 6249, seq: 59, ack: 351751085, window: 1448, ACK
0.408 Acknowledged seq: 351749637
0.408 Assembling: source: 6249, dest: 25236, seq: 351751085, ack: 60, window: 1448, data: "icus in his. Pri"...
0.408 Sent: b'\x18ib\x94\x14\xf7K\xad\x00\x00\x00<P\x00\x05\xa8\x00\x00\x00\x00icus in his. Pri'...
0.410 Received: b'b\x94\x18i\x00\x00\x00;\x14\xf7QUP\x10\x05\xa8\x00\x00\x00\x00'
0.411 Disassembled: source: 25236, dest: 6249, seq: 59, ack: 351752533, window: 1448, ACK
0.411 Acknowledged seq: 351751085
0.411 Assembling: source: 6249, dest: 25236, seq: 351752533, ack: 60, window: 1448, data: "iis et.

Ius cu "...
0.412 Sent: b'\x18ib\x94\x14\xf7QU\x00\x00\x00<P\x00\x05\xa8\x00\x00\x00\x00iis et.\n\nIus cu '...
0.414 Received: b'b\x94\x18i\x00\x00\x00;\x14\xf7V\xfdP\x10\x05\xa8\x00\x00\x00\x00'
0.414 Disassembled: source: 25236, dest: 6249, seq: 59, ack: 351753981, window: 1448, ACK
0.414 Acknowledged seq: 351752533
0.414 Assembling: source: 6249, dest: 25236, seq: 351753981, ack: 60, window: 1448, data: "e interesset.

T"...
0.415 Sent: b'\x18ib\x94\x14\xf7V\xfd\x00\x00\x00<P\x00\x05\xa8\x00\x00\x00\x00e interesset.\n\nT'...
0.417 Received: b'b\x94\x18i\x00\x00\x00;\x14\xf7\\\xa5P\x10\x05\xa8\x00\x00\x00\x00'
0.417 Disassembled: source: 25236, dest: 6249, seq: 59, ack: 351755429, window: 1448, ACK
0.417 Acknowledged seq: 351753981
0.418 Assembling: source: 6249, dest: 25236, seq: 351755429, ack: 60, window: 1448, data: "pro alia volutpa"...
0.418 Sent: b'\x18ib\x94\x14\xf7\\\xa5\x00\x00\x00<P\x00\x05\xa8\x00\x00\x00\x00pro alia volutpa'...
0.420 Received: b'b\x94\x18i\x00\x00\x00;\x14\xf7bMP\x10\x05\xa8\x00\x00\x00\x00'
0.420 Disassembled: source: 25236, dest: 6249, seq: 59, ack: 351756877, window: 1448, ACK
0.421 Acknowledged seq: 351755429
0.421 Assembling: source: 6249, dest: 25236, seq: 351756877, ack: 60, window: 1448, data: " libris equidem "...
0.421 Sent: b'\x18ib\x94\x14\xf7bM\x00\x00\x00<P\x00\x05\xa8\x00\x00\x00\x00 libris equidem '...
0.423 Received: b'b\x94\x18i\x00\x00\x00;\x14\xf7g\xf5P\x10\x05\xa8\x00\x00\x00\x00'
0.424 Disassembled: source: 25236, dest: 6249, seq: 59, ack: 351758325, window: 1448, ACK
0.424 Acknowledged seq: 351756877
0.424 Assembling: source: 6249, dest: 25236, seq: 351758325, ack: 60, window: 1448, data: "uavitate volupta"...
0.424 Sent: b'\x18ib\x94\x14\xf7g\xf5\x00\x00\x00<P\x00\x05\xa8\x00\x00\x00\x00uavitate volupta'...
0.426 Received: b'b\x94\x18i\x00\x00\x00;\x14\xf7m\x9dP\x10\x05\xa8\x00\x00\x00\x00'
0.427 Disassembled: source: 25236, dest: 6249, seq: 59, ack: 351759773, window: 1448, ACK
0.427 Acknowledged seq: 351758325
0.427 Assembling: source: 6249, dest: 25236, seq: 351759773, ack: 60, window: 1448, data: " Detraxit defini"...
0.428 Sent: b'\x18ib\x94\x14\xf7m\x9d\x00\x00\x00<P\x00\x05\xa8\x00\x00\x00\x00 Detraxit defini'...
0.430 Received: b'b\x94\x18i\x00\x00\x00;\x14\xf7sEP\x10\x05\xa8\x00\x00\x00\x00'
0.430 Disassembled: source: 25236, dest: 6249, seq: 59, ack: 351761221, window: 1448, ACK
0.430 Acknowledged seq: 351759773
0.430 Assembling: source: 6249, dest: 25236, seq: 351761221, ack: 60, window: 1448, data: "aesent mei. Quo "...
0.431 Sent: b'\x18ib\x94\x14\xf7sE\x00\x00\x00<P\x00\x05\xa8\x00\x00\x00\x00aesent mei. Quo '...
0.433 Received: b'b\x94\x18i\x00\x00\x00;\x14\xf7x\xedP\x10\x05\xa8\x00\x00\x00\x00'
0.433 Disassembled: source: 25236, dest: 6249, seq: 59, ack: 351762669, window: 1448, ACK
0.434 Acknowledged seq: 351761221
0.434 Assembling: source: 6249, dest: 25236, seq: 351762669, ack: 60, window: 1448, data: "nterpretaris no "...
0.434 Sent: b'\x18ib\x94\x14\xf7x\xed\x00\x00\x00<P\x00\x05\xa8\x00\x00\x00\x00nterpretaris no '...
0.436 Received: b'b\x94\x18i\x00\x00\x00;\x14\xf7~\x95P\x10\x05\xa8\x00\x00\x00\x00'
0.437 Disassembled: source: 25236, dest: 6249, seq: 59, ack: 351764117, window: 1448, ACK
0.437 Acknowledged seq: 351762669
0.437 Assembling: source: 6249, dest: 25236, seq: 351764117, ack: 60, window: 1448, data: "patrioque has. I"...
0.437 Sent: b'\x18ib\x94\x14\xf7~\x95\x00\x00\x00<P\x00\x05\xa8\x00\x00\x00\x00patrioque has. I'...
0.440 Received: b'b\x94\x18i\x00\x00\x00;\x14\xf7\x84=P\x10\x05\xa8\x00\x00\x00\x00'
0.440 Disassembled: source: 25236, dest: 6249, seq: 59, ack: 351765565, window: 1448, ACK
0.440 Acknowledged seq: 351764117
0.440 Assembling: source: 6249, dest: 25236, seq: 351765565, ack: 60, window: 1448, data: "ossit repudianda"...
0.441 Sent: b'\x18ib\x94\x14\xf7\x84=\x00\x00\x00<P\x00\x05\xa8\x00\x00\x00\x00ossit repudianda'...
0.442 Received: b'b\x94\x18i\x00\x00\x00;\x14\xf7\x89\xe5P\x10\x05\xa8\x00\x00\x00\x00'
0.443 Disassembled: source: 25236, dest: 6249, seq: 59, ack: 351767013, window: 1448, ACK
0.443 Acknowledged seq: 351765565
0.443 Assembling: source: 6249, dest: 25236, seq: 351767013, ack: 60, window: 1448, data: "ora consequuntur"...
0.444 Sent: b'\x18ib\x94\x14\xf7\x89\xe5\x00\x00\x00<P\x00\x05\xa8\x00\x00\x00\x00ora consequuntur'...
0.445 Received: b'b\x94\x18i\x00\x00\x00;\x14\xf7\x8f\x8dP\x10\x05\xa8\x00\x00\x00\x00'
0.446 Disassembled: source: 25236, dest: 6249, seq: 59, ack: 351768461, window: 1448, ACK
0.446 Acknowledged seq: 351767013
0.446 Assembling: source: 6249, dest: 25236, seq: 351768461, ack: 60, window: 1448, data: "ctus conceptam a"...
0.447 Sent: b'\x18ib\x94\x14\xf7\x8f\x8d\x00\x00\x00<P\x00\x05\xa8\x00\x00\x00\x00ctus conceptam a'...
0.448 Received: b'b\x94\x18i\x00\x00\x00;\x14\xf7\x955P\x10\x05\xa8\x00\x00\x00\x00'
0.449 Disassembled: source: 25236, dest: 6249, seq: 59, ack: 351769909, window: 1448, ACK
0.449 Acknowledged seq: 351768461
0.449 Assembling: source: 6249, dest: 25236, seq: 351769909, ack: 60, window: 1448, data: " aeterno te, ne "...
0.450 Sent: b'\x18ib\x94\x14\xf7\x955\x00\x00\x00<P\x00\x05\xa8\x00\x00\x00\x00 aeterno te, ne '...
0.451 Received: b'b\x94\x18i\x00\x00\x00;\x14\xf7\x9a\xddP\x10\x05\xa8\x00\x00\x00\x00'
0.452 Disassembled: source: 25236, dest: 6249, seq: 59, ack: 351771357, window: 1448, ACK
0.452 Acknowledged seq: 351769909
0.452 Assembling: source: 6249, dest: 25236, seq: 351771357, ack: 60, window: 1448, data: "imis oporteat di"...
0.453 Sent: b'\x18ib\x94\x14\xf7\x9a\xdd\x00\x00\x00<P\x00\x05\xa8\x00\x00\x00\x00imis oporteat di'...
0.455 Received: b'b\x94\x18i\x00\x00\x00;\x14\xf7\xa0\x85P\x10\x05\xa8\x00\x00\x00\x00'
0.455 Disassembled: source: 25236, dest: 6249, seq: 59, ack: 351772805, window: 1448, ACK
0.455 Acknowledged seq: 351771357
0.455 Assembling: source: 6249, dest: 25236, seq: 351772805, ack: 60, window: 1448, data: "re. Has virtute "...
0.456 Sent: b'\x18ib\x94\x14\xf7\xa0\x85\x00\x00\x00<P\x00\x05\xa8\x00\x00\x00\x00re. Has virtute '...
0.458 Received: b'b\x94\x18i\x00\x00\x00;\x14\xf7\xa6-P\x10\x05\xa8\x00\x00\x00\x00'
0.458 Disassembled: source: 25236, dest: 6249, seq: 59, ack: 351774253, window: 1448, ACK
0.458 Acknowledged seq: 351772805
0.459 Assembling: source: 6249, dest: 25236, seq: 351774253, ack: 60, window: 1448, data: " eum ancillae no"...
0.459 Sent: b'\x18ib\x94\x14\xf7\xa6-\x00\x00\x00<P\x00\x05\xa8\x00\x00\x00\x00 eum ancillae no'...
0.461 Received: b'b\x94\x18i\x00\x00\x00;\x14\xf7\xab\xd5P\x10\x05\xa8\x00\x00\x00\x00'
0.461 Disassembled: source: 25236, dest: 6249, seq: 59, ack: 351775701, window: 1448, ACK
0.462 Acknowledged seq: 351774253
0.462 Assembling: source: 6249, dest: 25236, seq: 351775701, ack: 60, window: 1448, data: "ppareat ius. At "...
0.462 Sent: b'\x18ib\x94\x14\xf7\xab\xd5\x00\x00\x00<P\x00\x05\xa8\x00\x00\x00\x00ppareat ius. At '...
0.464 Received: b'b\x94\x18i\x00\x00\x00;\x14\xf7\xb1}P\x10\x05\xa8\x00\x00\x00\x00'
0.465 Disassembled: source: 25236, dest: 6249, seq: 59, ack: 351777149, window: 1448, ACK
0.465 Acknowledged seq: 351775701
0.465 Assembling: source: 6249, dest: 25236, seq: 351777149, ack: 60, window: 1448, data: ", vero appellant"...
0.465 Sent: b'\x18ib\x94\x14\xf7\xb1}\x00\x00\x00<P\x00\x05\xa8\x00\x00\x00\x00, vero appellant'...
0.467 Received: b'b\x94\x18i\x00\x00\x00;\x14\xf7\xb7%P\x10\x05\xa8\x00\x00\x00\x00'
0.468 Disassembled: source: 25236, dest: 6249, seq: 59, ack: 351778597, window: 1448, ACK
0.468 Acknowledged seq: 351777149
0.468 Assembling: source: 6249, dest: 25236, seq: 351778597, ack: 60, window: 1448, data: "ibo quando copio"...
0.469 Sent: b'\x18ib\x94\x14\xf7\xb7%\x00\x00\x00<P\x00\x05\xa8\x00\x00\x00\x00ibo quando copio'...
0.471 Received: b'b\x94\x18i\x00\x00\x00;\x14\xf7\xbc\xcdP\x10\x05\xa8\x00\x00\x00\x00'
0.471 Disassembled: source: 25236, dest: 6249, seq: 59, ack: 351780045, window: 1448, ACK
0.471 Acknowledged seq: 351778597
0.471 Assembling: source: 6249, dest: 25236, seq: 351780045, ack: 60, window: 1448, data: " maluisset. Sit "...
0.472 Sent: b'\x18ib\x94\x14\xf7\xbc\xcd\x00\x00\x00<P\x00\x05\xa8\x00\x00\x00\x00 maluisset. Sit '...
0.474 Received: b'b\x94\x18i\x00\x00\x00;\x14\xf7\xc2uP\x10\x05\xa8\x00\x00\x00\x00'
0.474 Disassembled: source: 25236, dest: 6249, seq: 59, ack: 351781493, window: 1448, ACK
0.474 Acknowledged seq: 351780045
0.475 Assembling: source: 6249, dest: 25236, seq: 351781493, ack: 60, window: 1448, data: "e ceteros albuci"...
0.475 Sent: b'\x18ib\x94\x14\xf7\xc2u\x00\x00\x00<P\x00\x05\xa8\x00\x00\x00\x00e ceteros albuci'...
0.477 Received: b'b\x94\x18i\x00\x00\x00;\x14\xf7\xc8\x1dP\x10\x05\xa8\x00\x00\x00\x00'
0.477 Disassembled: source: 25236, dest: 6249, seq: 59, ack: 351782941, window: 1448, ACK
0.478 Acknowledged seq: 351781493
0.478 Assembling: source: 6249, dest: 25236, seq: 351782941, ack: 60, window: 1448, data: "complectitur sea"...
0.478 Sent: b'\x18ib\x94\x14\xf7\xc8\x1d\x00\x00\x00<P\x00\x05\xa8\x00\x00\x00\x00complectitur sea'...
0.480 Received: b'b\x94\x18i\x00\x00\x00;\x14\xf7\xcd\xc5P\x10\x05\xa8\x00\x00\x00\x00'
0.481 Disassembled: source: 25236, dest: 6249, seq: 59, ack: 351784389, window: 1448, ACK
0.481 Acknowledged seq: 351782941
0.481 Finished reading file
0.481 Assembling: source: 6249, dest: 25236, seq: 351784389, ack: 60, window: 1448, data: "tempor ex ius. E"...
0.482 Sent: b'\x18ib\x94\x14\xf7\xcd\xc5\x00\x00\x00<P\x00\x05\xa8\x00\x00\x00\x00tempor ex ius. E'...
0.484 Received: b'b\x94\x18i\x00\x00\x00;\x14\xf7\xce#P\x10\x05\xa8\x00\x00\x00\x00'
0.484 Disassembled: source: 25236, dest: 6249, seq: 59, ack: 351784483, window: 1448, ACK
0.484 Acknowledged seq: 351784389
0.484 Assembling: source: 6249, dest: 25236, seq: 351784483, ack: 60, window: 1448, ACK, FIN
0.485 Sent: b'\x18ib\x94\x14\xf7\xce#\x00\x00\x00<P\x11\x05\xa8\x00\x00\x00\x00'
0.487 Received: b'b\x94\x18i\x00\x00\x00;\x14\xf7\xce$P\x10\x05\xa8\x00\x00\x00\x00'
0.487 Disassembled: source: 25236, dest: 6249, seq: 59, ack: 351784484, window: 1448, ACK
0.487 FIN accepted; sending final packet
0.488 Assembling: source: 6249, dest: 25236, seq: 351784484, ack: 60, window: 1448, ACK
0.488 Sent: b'\x18ib\x94\x14\xf7\xce$\x00\x00\x00<P\x10\x05\xa8\x00\x00\x00\x00'
0.488 Closed connection
0.488 Shutting down
