0.000 NEW RUN: Server, TEST: Read_file__Empty
0.210 Received: b'is\xa1\xd1\x00\x00\x00V\x00\x00\x00\x00P\x02\x05\xa8\x00\x00\x00\x00'
0.211 Disassembled: source: 26995, dest: 41425, seq: 86, window: 1448, SYN
0.211 SYN accepted; new connection: 127.0.0.1 on port 26995
0.211 Assembling: source: 41425, dest: 26995, seq: 349548550, ack: 87, window: 1448, ACK, SYN
0.211 Sent: b'\xa1\xd1is\x14\xd5\xb0\x06\x00\x00\x00WP\x12\x05\xa8\x00\x00\x00\x00'
0.213 Received: b'is\xa1\xd1\x00\x00\x00W\x14\xd5\xb0\x07P\x10\x05\xa8\x00\x00\x00\x00'
0.213 Disassembled: source: 26995, dest: 41425, seq: 87, ack: 349548551, window: 1448, ACK
0.213 Handshake complete
0.213 Acknowledged seq: 349548550
0.214 Finished reading file
0.214 Assembling: source: 41425, dest: 26995, seq: 349548551, ack: 88, window: 1448, ACK, FIN
0.214 Sent: b'\xa1\xd1is\x14\xd5\xb0\x07\x00\x00\x00XP\x11\x05\xa8\x00\x00\x00\x00'
0.714 Sent: b'\xa1\xd1is\x14\xd5\xb0\x07\x00\x00\x00XP\x11\x05\xa8\x00\x00\x00\x00'
1.215 Sent: b'\xa1\xd1is\x14\xd5\xb0\x07\x00\x00\x00XP\x11\x05\xa8\x00\x00\x00\x00'
1.715 Sent: b'\xa1\xd1is\x14\xd5\xb0\x07\x00\x00\x00XP\x11\x05\xa8\x00\x00\x00\x00'
2.216 Sent: b'\xa1\xd1is\x14\xd5\xb0\x07\x00\x00\x00XP\x11\x05\xa8\x00\x00\x00\x00'
2.716 Sent: b'\xa1\xd1is\x14\xd5\xb0\x07\x00\x00\x00XP\x11\x05\xa8\x00\x00\x00\x00'
3.217 Error: Connection timed out
3.217 Closed connection
3.218 Shutting down
