0.000 NEW RUN: Server, TEST: Read_file__Relaxed
0.208 Received: b'<\xfe\xe8s\x00\x00\x00L\x00\x00\x00\x00P\x02\x05\xa8\x00\x00\x00\x00'
0.209 Disassembled: source: 15614, dest: 59507, seq: 76, window: 1448, SYN
0.209 SYN accepted; new connection: 127.0.0.1 on port 15614
0.209 Assembling: source: 59507, dest: 15614, seq: 347981964, ack: 77, window: 1448, ACK, SYN
0.209 Sent: b'\xe8s<\xfe\x14\xbd\xc8\x8c\x00\x00\x00MP\x12\x05\xa8\x00\x00\x00\x00'
0.211 Received: b'<\xfe\xe8s\x00\x00\x00M\x14\xbd\xc8\x8dP\x10\x05\xa8\x00\x00\x00\x00'
0.211 Disassembled: source: 15614, dest: 59507, seq: 77, ack: 347981965, window: 1448, ACK
0.212 Handshake complete
0.212 Acknowledged seq: 347981964
0.212 Finished reading file
0.212 Assembling: source: 59507, dest: 15614, seq: 347981965, ack: 78, window: 1448, ACK, FIN
0.212 Sent: b'\xe8s<\xfe\x14\xbd\xc8\x8d\x00\x00\x00NP\x11\x05\xa8\x00\x00\x00\x00'
0.713 Sent: b'\xe8s<\xfe\x14\xbd\xc8\x8d\x00\x00\x00NP\x11\x05\xa8\x00\x00\x00\x00'
1.213 Sent: b'\xe8s<\xfe\x14\xbd\xc8\x8d\x00\x00\x00NP\x11\x05\xa8\x00\x00\x00\x00'
1.714 Sent: b'\xe8s<\xfe\x14\xbd\xc8\x8d\x00\x00\x00NP\x11\x05\xa8\x00\x00\x00\x00'
2.214 Sent: b'\xe8s<\xfe\x14\xbd\xc8\x8d\x00\x00\x00NP\x11\x05\xa8\x00\x00\x00\x00'
2.715 Sent: b'\xe8s<\xfe\x14\xbd\xc8\x8d\x00\x00\x00NP\x11\x05\xa8\x00\x00\x00\x00'
3.215 Error: Connection timed out
3.216 Closed connection
3.716 Shutting down
