0.000 NEW RUN: Server, TEST: Write_file__Empty
0.200 Received: b'B\x1a`S\x00\x00\x00\x0e\x00\x00\x00\x00P\x02\x05\xa8\x00\x00\x00\x00'
0.201 Disassembled: source: 16922, dest: 24659, seq: 14, window: 1448, SYN
0.201 SYN accepted; new connection: 127.0.0.1 on port 16922
0.201 Assembling: source: 24659, dest: 16922, seq: 352980704, ack: 15, window: 5808, ACK, SYN
0.202 Sent: b'`SB\x1a\x15\n\x0e\xe0\x00\x00\x00\x0fP\x12\x16\xb0\x00\x00\x00\x00'
0.203 Received: b'B\x1a`S\x00\x00\x00\x0f\x15\n\x0e\xe1P\x10\x16\xb0\x00\x00\x00\x00'
0.204 Disassembled: source: 16922, dest: 24659, seq: 15, ack: 352980705, window: 5808, ACK
0.204 Assembling: source: 24659, dest: 16922, seq: 352980705, ack: 15, window: 5808, ACK
0.204 Sent: b'`SB\x1a\x15\n\x0e\xe1\x00\x00\x00\x0fP\x10\x16\xb0\x00\x00\x00\x00'
0.205 Received: b'B\x1a`S\x00\x00\x00\x0f\x15\n\x0e\xe1P\x10\x16\xb0\x00\x00\x00\x00'
0.205 Disassembled: source: 16922, dest: 24659, seq: 15, ack: 352980705, window: 5808, ACK
0.205 Assembling: source: 24659, dest: 16922, seq: 352980705, ack: 15, window: 5808, ACK
0.205 Sent: b'`SB\x1a\x15\n\x0e\xe1\x00\x00\x00\x0fP\x10\x16\xb0\x00\x00\x00\x00'
0.706 Sent: b'`SB\x1a\x15\n\x0e\xe1\x00\x00\x00\x0fP\x10\x16\xb0\x00\x00\x00\x00'
1.206 Sent: b'`SB\x1a\x15\n\x0e\xe1\x00\x00\x00\x0fP\x10\x16\xb0\x00\x00\x00\x00'
1.707 Sent: b'`SB\x1a\x15\n\x0e\xe1\x00\x00\x00\x0fP\x10\x16\xb0\x00\x00\x00\x00'
2.207 Sent: b'`SB\x1a\x15\n\x0e\xe1\x00\x00\x00\x0fP\x10\x16\xb0\x00\x00\x00\x00'
2.708 Error: Connection timed out
2.708 Closed connection
2.709 Shutting down
