0.000 NEW RUN: Server, TEST: Write_file__Relaxed
0.204 Received: b'\xe1V\xc7\xcb\x00\x00\x00^\x00\x00\x00\x00P\x02\x05\xa8\x00\x00\x00\x00'
0.205 Disassembled: source: 57686, dest: 51147, seq: 94, window: 1448, SYN
0.205 SYN accepted; new connection: 127.0.0.1 on port 57686
0.205 Assembling: source: 51147, dest: 57686, seq: 349017916, ack: 95, window: 5808, ACK, SYN
0.206 Sent: b'\xc7\xcb\xe1V\x14\xcd\x97<\x00\x00\x00_P\x12\x16\xb0\x00\x00\x00\x00'
0.209 Received: b'\xe1V\xc7\xcb\x00\x00\x00_\x14\xcd\x97=P\x10\x16\xb0\x00\x00\x00\x00'
0.209 Disassembled: source: 57686, dest: 51147, seq: 95, ack: 349017917, window: 5808, ACK
0.209 Assembling: source: 51147, dest: 57686, seq: 349017917, ack: 95, window: 5808, ACK
0.210 Sent: b'\xc7\xcb\xe1V\x14\xcd\x97=\x00\x00\x00_P\x10\x16\xb0\x00\x00\x00\x00'
0.211 Received: b'\xe1V\xc7\xcb\x00\x00\x00_\x14\xcd\x97=P\x10\x16\xb0\x00\x00\x00\x00'
0.212 Disassembled: source: 57686, dest: 51147, seq: 95, ack: 349017917, window: 5808, ACK
0.212 Assembling: source: 51147, dest: 57686, seq: 349017917, ack: 95, window: 5808, ACK
0.212 Sent: b'\xc7\xcb\xe1V\x14\xcd\x97=\x00\x00\x00_P\x10\x16\xb0\x00\x00\x00\x00'
0.712 Sent: b'\xc7\xcb\xe1V\x14\xcd\x97=\x00\x00\x00_P\x10\x16\xb0\x00\x00\x00\x00'
1.213 Sent: b'\xc7\xcb\xe1V\x14\xcd\x97=\x00\x00\x00_P\x10\x16\xb0\x00\x00\x00\x00'
1.713 Sent: b'\xc7\xcb\xe1V\x14\xcd\x97=\x00\x00\x00_P\x10\x16\xb0\x00\x00\x00\x00'
2.214 Sent: b'\xc7\xcb\xe1V\x14\xcd\x97=\x00\x00\x00_P\x10\x16\xb0\x00\x00\x00\x00'
2.715 Error: Connection timed out
2.715 Closed connection
3.215 Shutting down
