0.000 NEW RUN: Server, TEST: Read_file__Single_packet
0.205 Received: b'\xd5\xf6\x95\xce\x00\x00\x00]\x00\x00\x00\x00P\x02\x05\xa8\x00\x00\x00\x00'
0.205 Disassembled: source: 54774, dest: 38350, seq: 93, window: 1448, SYN
0.205 SYN accepted; new connection: 127.0.0.1 on port 54774
0.206 Assembling: source: 38350, dest: 54774, seq: 3460599051, ack: 94, window: 1448, ACK, SYN
0.206 Sent: b'\x95\xce\xd5\xf6\xceD\x8d\x0b\x00\x00\x00^P\x12\x05\xa8\x00\x00\x00\x00'
0.208 Received: b'\xd5\xf6\x95\xce\x00\x00\x00^\xceD\x8d\x0cP\x10\x05\xa8\x00\x00\x00\x00'
0.208 Disassembled: source: 54774, dest: 38350, seq: 94, ack: 3460599052, window: 1448, ACK
0.208 Handshake complete
0.209 Acknowledged seq: 3460599051
0.209 Finished reading file
0.209 Assembling: source: 38350, dest: 54774, seq: 3460599052, ack: 95, window: 1448, data: "This file fits i"...
0.209 Sent: b'\x95\xce\xd5\xf6\xceD\x8d\x0c\x00\x00\x00_P\x00\x05\xa8\x00\x00\x00\x00This file fits i'...
0.709 Sent: b'\x95\xce\xd5\xf6\xceD\x8d\x0c\x00\x00\x00_P\x00\x05\xa8\x00\x00\x00\x00This file fits i'...
1.210 Sent: b'\x95\xce\xd5\xf6\xceD\x8d\x0c\x00\x00\x00_P\x00\x05\xa8\x00\x00\x00\x00This file fits i'...
1.710 Sent: b'\x95\xce\xd5\xf6\xceD\x8d\x0c\x00\x00\x00_P\x00\x05\xa8\x00\x00\x00\x00This file fits i'...
2.211 Sent: b'\x95\xce\xd5\xf6\xceD\x8d\x0c\x00\x00\x00_P\x00\x05\xa8\x00\x00\x00\x00This file fits i'...
2.711 Sent: b'\x95\xce\xd5\xf6\xceD\x8d\x0c\x00\x00\x00_P\x00\x05\xa8\x00\x00\x00\x00This file fits i'...
3.211 Error: Connection timed out
3.212 Closed connection
3.212 Shutting down
