0.000 NEW RUN: Server, TEST: Read_file__Small_multi-packet
0.209 Received: b'7p\xa6v\x00\x00\x00\x02\x00\x00\x00\x00P\x02\x05\xa8\x00\x00\x00\x00'
0.210 Disassembled: source: 14192, dest: 42614, seq: 2, window: 1448, SYN
0.210 SYN accepted; new connection: 127.0.0.1 on port 14192
0.210 Assembling: source: 42614, dest: 14192, seq: 3466700822, ack: 3, window: 1448, ACK, SYN
0.210 Sent: b'\xa6v7p\xce\xa1\xa8\x16\x00\x00\x00\x03P\x12\x05\xa8\x00\x00\x00\x00'
0.212 Received: b'7p\xa6v\x00\x00\x00\x03\xce\xa1\xa8\x17P\x10\x05\xa8\x00\x00\x00\x00'
0.213 Disassembled: source: 14192, dest: 42614, seq: 3, ack: 3466700823, window: 1448, ACK
0.213 Handshake complete
0.213 Acknowledged seq: 3466700822
0.213 Assembling: source: 42614, dest: 14192, seq: 3466700823, ack: 4, window: 1448, data: "Lorem ipsum dolo"...
0.213 Sent: b'\xa6v7p\xce\xa1\xa8\x17\x00\x00\x00\x04P\x00\x05\xa8\x00\x00\x00\x00Lorem ipsum dolo'...
0.713 Sent: b'\xa6v7p\xce\xa1\xa8\x17\x00\x00\x00\x04P\x00\x05\xa8\x00\x00\x00\x00Lorem ipsum dolo'...
1.214 Sent: b'\xa6v7p\xce\xa1\xa8\x17\x00\x00\x00\x04P\x00\x05\xa8\x00\x00\x00\x00Lorem ipsum dolo'...
1.714 Sent: b'\xa6v7p\xce\xa1\xa8\x17\x00\x00\x00\x04P\x00\x05\xa8\x00\x00\x00\x00Lorem ipsum dolo'...
2.215 Sent: b'\xa6v7p\xce\xa1\xa8\x17\x00\x00\x00\x04P\x00\x05\xa8\x00\x00\x00\x00Lorem ipsum dolo'...
2.715 Sent: b'\xa6v7p\xce\xa1\xa8\x17\x00\x00\x00\x04P\x00\x05\xa8\x00\x00\x00\x00Lorem ipsum dolo'...
3.216 Error: Connection timed out
3.216 Closed connection
3.216 Shutting down
