0.000 NEW RUN: Server, TEST: Read_file__No_file_extension
0.210 Received: b'P\xbaV4\x00\x00\x00M\x00\x00\x00\x00P\x02\x05\xa8\x00\x00\x00\x00'
0.210 Disassembled: source: 20666, dest: 22068, seq: 77, window: 1448, SYN
0.210 SYN accepted; new connection: 127.0.0.1 on port 20666
0.211 Assembling: source: 22068, dest: 20666, seq: 3478913500, ack: 78, window: 1448, ACK, SYN
0.211 Sent: b'V4P\xba\xcf\\\x01\xdc\x00\x00\x00NP\x12\x05\xa8\x00\x00\x00\x00'
0.213 Received: b'P\xbaV4\x00\x00\x00N\xcf\\\x01\xddP\x10\x05\xa8\x00\x00\x00\x00'
0.213 Disassembled: source: 20666, dest: 22068, seq: 78, ack: 3478913501, window: 1448, ACK
0.213 Handshake complete
0.213 Acknowledged seq: 3478913500
0.214 Assembling: source: 22068, dest: 20666, seq: 3478913501, ack: 79, window: 1448, data: "Lorem ipsum dolo"...
0.214 Sent: b'V4P\xba\xcf\\\x01\xdd\x00\x00\x00OP\x00\x05\xa8\x00\x00\x00\x00Lorem ipsum dolo'...
0.714 Sent: b'V4P\xba\xcf\\\x01\xdd\x00\x00\x00OP\x00\x05\xa8\x00\x00\x00\x00Lorem ipsum dolo'...
1.215 Sent: b'V4P\xba\xcf\\\x01\xdd\x00\x00\x00OP\x00\x05\xa8\x00\x00\x00\x00Lorem ipsum dolo'...
1.715 Sent: b'V4P\xba\xcf\\\x01\xdd\x00\x00\x00OP\x00\x05\xa8\x00\x00\x00\x00Lorem ipsum dolo'...
2.215 Sent: b'V4P\xba\xcf\\\x01\xdd\x00\x00\x00OP\x00\x05\xa8\x00\x00\x00\x00Lorem ipsum dolo'...
2.716 Sent: b'V4P\xba\xcf\\\x01\xdd\x00\x00\x00OP\x00\x05\xa8\x00\x00\x00\x00Lorem ipsum dolo'...
3.216 Error: Connection timed out
3.216 Closed connection
3.217 Shutting down
