0.000 NEW RUN: Server, TEST: Read_file__Relaxed
0.208 Received: b'\x92\xd5*\x14\x00\x00\x00\x19\x00\x00\x00\x00P\x02\x05\xa8\x00\x00\x00\x00'
0.209 Disassembled: source: 37589, dest: 10772, seq: 25, window: 1448, SYN
0.209 SYN accepted; new connection: 127.0.0.1 on port 37589
0.209 Assembling: source: 10772, dest: 37589, seq: 2751794698, ack: 26, window: 1448, ACK, SYN
0.210 Sent: b'*\x14\x92\xd5\xa4\x05\x0e\n\x00\x00\x00\x1aP\x12\x05\xa8\x00\x00\x00\x00'
0.213 Received: b'\x92\xd5*\x14\x00\x00\x00\x1a\xa4\x05\x0e\x0bP\x10\x05\xa8\x00\x00\x00\x00'
0.213 Disassembled: source: 37589, dest: 10772, seq: 26, ack: 2751794699, window: 1448, ACK
0.213 Handshake complete
0.213 Acknowledged seq: 2751794698
0.213 Finished reading file
0.213 Assembling: source: 10772, dest: 37589, seq: 2751794699, ack: 27, window: 1448, ACK, FIN
0.214 Sent: b'*\x14\x92\xd5\xa4\x05\x0e\x0b\x00\x00\x00\x1bP\x11\x05\xa8\x00\x00\x00\x00'
0.714 Sent: b'*\x14\x92\xd5\xa4\x05\x0e\x0b\x00\x00\x00\x1bP\x11\x05\xa8\x00\x00\x00\x00'
1.214 Sent: b'*\x14\x92\xd5\xa4\x05\x0e\x0b\x00\x00\x00\x1bP\x11\x05\xa8\x00\x00\x00\x00'
1.715 Sent: b'*\x14\x92\xd5\xa4\x05\x0e\x0b\x00\x00\x00\x1bP\x11\x05\xa8\x00\x00\x00\x00'
2.215 Sent: b'*\x14\x92\xd5\xa4\x05\x0e\x0b\x00\x00\x00\x1bP\x11\x05\xa8\x00\x00\x00\x00'
2.716 Sent: b'*\x14\x92\xd5\xa4\x05\x0e\x0b\x00\x00\x00\x1bP\x11\x05\xa8\x00\x00\x00\x00'
3.216 Error: Connection timed out
3.216 Closed connection
3.217 Shutting down
