0.000 NEW RUN: Server, TEST: Write_file__Random_drops
0.209 Received: b'\xbe\x03\xa9:\x00\x00\x00\x05\x00\x00\x00\x00P\x02\x05\xa8\x00\x00\x00\x00'
0.210 Disassembled: source: 48643, dest: 43322, seq: 5, window: 1448, SYN
0.210 SYN accepted; new connection: 127.0.0.1 on port 48643
0.210 Assembling: source: 43322, dest: 48643, seq: 2794505121, ack: 6, window: 5808, ACK, SYN
0.211 Sent: b'\xa9:\xbe\x03\xa6\x90\xc3\xa1\x00\x00\x00\x06P\x12\x16\xb0\x00\x00\x00\x00'
0.213 Received: b'\xbe\x03\xa9:\x00\x00\x00\x06\xa6\x90\xc3\xa2P\x10\x16\xb0\x00\x00\x00\x00'
0.213 Disassembled: source: 48643, dest: 43322, seq: 6, ack: 2794505122, window: 5808, ACK
0.213 Assembling: source: 43322, dest: 48643, seq: 2794505122, ack: 6, window: 5808, ACK
0.213 Sent: b'\xa9:\xbe\x03\xa6\x90\xc3\xa2\x00\x00\x00\x06P\x10\x16\xb0\x00\x00\x00\x00'
0.214 Received: b'\xbe\x03\xa9:\x00\x00\x00\x06\xa6\x90\xc3\xa2P\x10\x16\xb0\x00\x00\x00\x00Lorem ipsum dolo'...
0.215 Disassembled: source: 48643, dest: 43322, seq: 6, ack: 2794505122, window: 5808, ACK, data: "Lorem ipsum dolo"...
0.215 Handshake complete
0.215 Data accepted; writing to file
0.215 Assembling: source: 43322, dest: 48643, seq: 2794505122, ack: 1458, window: 5808, ACK
0.215 Sent: b'\xa9:\xbe\x03\xa6\x90\xc3\xa2\x00\x00\x05\xb2P\x10\x16\xb0\x00\x00\x00\x00'
0.216 Received: b'\xbe\x03\xa9:\x00\x00\x00\x06\xa6\x90\xc3\xa2P\x10\x16\xb0\x00\x00\x00\x00Lorem ipsum dolo'...
0.216 Disassembled: source: 48643, dest: 43322, seq: 6, ack: 2794505122, window: 5808, ACK, data: "Lorem ipsum dolo"...
0.216 Old data; ignoring
0.218 Received: b'\xbe\x03\xa9:\x00\x00\x00\x06\xa6\x90\xc3\xa2P\x10\x16\xb0\x00\x00\x00\x00Lorem ipsum dolo'...
0.218 Disassembled: source: 48643, dest: 43322, seq: 6, ack: 2794505122, window: 5808, ACK, data: "Lorem ipsum dolo"...
0.218 Old data; ignoring
0.716 Sent: b'\xa9:\xbe\x03\xa6\x90\xc3\xa2\x00\x00\x05\xb2P\x10\x16\xb0\x00\x00\x00\x00'
0.719 Received: b'\xbe\x03\xa9:\x00\x00\x00\x06\xa6\x90\xc3\xa2P\x10\x16\xb0\x00\x00\x00\x00Lorem ipsum dolo'...
0.719 Disassembled: source: 48643, dest: 43322, seq: 6, ack: 2794505122, window: 5808, ACK, data: "Lorem ipsum dolo"...
0.719 Old data; ignoring
1.216 Sent: b'\xa9:\xbe\x03\xa6\x90\xc3\xa2\x00\x00\x05\xb2P\x10\x16\xb0\x00\x00\x00\x00'
1.219 Received: b'\xbe\x03\xa9:\x00\x00\x00\x06\xa6\x90\xc3\xa2P\x10\x16\xb0\x00\x00\x00\x00Lorem ipsum dolo'...
1.220 Disassembled: source: 48643, dest: 43322, seq: 6, ack: 2794505122, window: 5808, ACK, data: "Lorem ipsum dolo"...
1.220 Old data; ignoring
1.716 Failed to send packet
2.217 Sent: b'\xa9:\xbe\x03\xa6\x90\xc3\xa2\x00\x00\x05\xb2P\x10\x16\xb0\x00\x00\x00\x00'
2.220 Received: b'\xbe\x03\xa9:\x00\x00\x00\x06\xa6\x90\xc3\xa2P\x10\x16\xb0\x00\x00\x00\x00Lorem ipsum dolo'...
2.220 Disassembled: source: 48643, dest: 43322, seq: 6, ack: 2794505122, window: 5808, ACK, data: "Lorem ipsum dolo"...
2.221 Old data; ignoring
2.717 Error: Connection timed out
2.717 Closed connection
2.721 Shutting down
