0.000 NEW RUN: Server, TEST: Write_file__Single_packet
0.201 Received: b'=;\x9c#\x00\x00\x00\x00\x00\x00\x00\x00P\x02\x05\xa8\x00\x00\x00\x00'
0.202 Disassembled: source: 15675, dest: 39971, window: 1448, SYN
0.202 SYN accepted; new connection: 127.0.0.1 on port 15675
0.203 Assembling: source: 39971, dest: 15675, seq: 2757255877, ack: 1, window: 5808, ACK, SYN
0.203 Sent: b'\x9c#=;\xa4Xb\xc5\x00\x00\x00\x01P\x12\x16\xb0\x00\x00\x00\x00'
0.204 Received: b'=;\x9c#\x00\x00\x00\x01\xa4Xb\xc6P\x10\x16\xb0\x00\x00\x00\x00'
0.204 Disassembled: source: 15675, dest: 39971, seq: 1, ack: 2757255878, window: 5808, ACK
0.205 Assembling: source: 39971, dest: 15675, seq: 2757255878, ack: 1, window: 5808, ACK
0.205 Sent: b'\x9c#=;\xa4Xb\xc6\x00\x00\x00\x01P\x10\x16\xb0\x00\x00\x00\x00'
0.205 Received: b'=;\x9c#\x00\x00\x00\x01\xa4Xb\xc6P\x10\x16\xb0\x00\x00\x00\x00This file fits i'...
0.205 Disassembled: source: 15675, dest: 39971, seq: 1, ack: 2757255878, window: 5808, ACK, data: "This file fits i"...
0.206 Handshake complete
0.206 Data accepted; writing to file
0.206 Assembling: source: 39971, dest: 15675, seq: 2757255878, ack: 44, window: 5808, ACK
0.206 Sent: b'\x9c#=;\xa4Xb\xc6\x00\x00\x00,P\x10\x16\xb0\x00\x00\x00\x00'
0.206 Received: b'=;\x9c#\x00\x00\x00\x01\xa4Xb\xc6P\x10\x16\xb0\x00\x00\x00\x00This file fits i'...
0.207 Disassembled: source: 15675, dest: 39971, seq: 1, ack: 2757255878, window: 5808, ACK, data: "This file fits i"...
0.207 Old data; ignoring
0.706 Sent: b'\x9c#=;\xa4Xb\xc6\x00\x00\x00,P\x10\x16\xb0\x00\x00\x00\x00'
1.207 Sent: b'\x9c#=;\xa4Xb\xc6\x00\x00\x00,P\x10\x16\xb0\x00\x00\x00\x00'
1.707 Sent: b'\x9c#=;\xa4Xb\xc6\x00\x00\x00,P\x10\x16\xb0\x00\x00\x00\x00'
2.208 Sent: b'\x9c#=;\xa4Xb\xc6\x00\x00\x00,P\x10\x16\xb0\x00\x00\x00\x00'
2.708 Error: Connection timed out
2.708 Closed connection
2.709 Shutting down
