0.000 NEW RUN: Server, TEST: Write_file__Large_multi-packet
0.213 Received: b'\xb3w\xead\x00\x00\x00#\x00\x00\x00\x00P\x02\x05\xa8\x00\x00\x00\x00'
0.214 Disassembled: source: 45943, dest: 60004, seq: 35, window: 1448, SYN
0.214 SYN accepted; new connection: 127.0.0.1 on port 45943
0.214 Assembling: source: 60004, dest: 45943, seq: 2769856969, ack: 36, window: 5808, ACK, SYN
0.214 Sent: b'\xead\xb3w\xa5\x18\xa9\xc9\x00\x00\x00$P\x12\x16\xb0\x00\x00\x00\x00'
0.216 Received: b'\xb3w\xead\x00\x00\x00$\xa5\x18\xa9\xcaP\x10\x16\xb0\x00\x00\x00\x00'
0.216 Disassembled: source: 45943, dest: 60004, seq: 36, ack: 2769856970, window: 5808, ACK
0.216 Assembling: source: 60004, dest: 45943, seq: 2769856970, ack: 36, window: 5808, ACK
0.216 Sent: b'\xead\xb3w\xa5\x18\xa9\xca\x00\x00\x00$P\x10\x16\xb0\x00\x00\x00\x00'
0.217 Received: b'\xb3w\xead\x00\x00\x00$\xa5\x18\xa9\xcaP\x10\x16\xb0\x00\x00\x00\x00Lorem ipsum dolo'...
0.217 Disassembled: source: 45943, dest: 60004, seq: 36, ack: 2769856970, window: 5808, ACK, data: "Lorem ipsum dolo"...
0.217 Handshake complete
0.217 Data accepted; writing to file
0.217 Assembling: source: 60004, dest: 45943, seq: 2769856970, ack: 1488, window: 5808, ACK
0.217 Sent: b'\xead\xb3w\xa5\x18\xa9\xca\x00\x00\x05\xd0P\x10\x16\xb0\x00\x00\x00\x00'
0.218 Received: b'\xb3w\xead\x00\x00\x00$\xa5\x18\xa9\xcaP\x10\x16\xb0\x00\x00\x00\x00Lorem ipsum dolo'...
0.218 Disassembled: source: 45943, dest: 60004, seq: 36, ack: 2769856970, window: 5808, ACK, data: "Lorem ipsum dolo"...
0.218 Old data; ignoring
0.219 Received: b'\xb3w\xead\x00\x00\x00$\xa5\x18\xa9\xcaP\x10\x16\xb0\x00\x00\x00\x00Lorem ipsum dolo'...
0.219 Disassembled: source: 45943, dest: 60004, seq: 36, ack: 2769856970, window: 5808, ACK, data: "Lorem ipsum dolo"...
0.219 Old data; ignoring
0.718 Sent: b'\xead\xb3w\xa5\x18\xa9\xca\x00\x00\x05\xd0P\x10\x16\xb0\x00\x00\x00\x00'
0.719 Received: b'\xb3w\xead\x00\x00\x00$\xa5\x18\xa9\xcaP\x10\x16\xb0\x00\x00\x00\x00Lorem ipsum dolo'...
0.720 Disassembled: source: 45943, dest: 60004, seq: 36, ack: 2769856970, window: 5808, ACK, data: "Lorem ipsum dolo"...
0.720 Old data; ignoring
1.218 Sent: b'\xead\xb3w\xa5\x18\xa9\xca\x00\x00\x05\xd0P\x10\x16\xb0\x00\x00\x00\x00'
1.220 Received: b'\xb3w\xead\x00\x00\x00$\xa5\x18\xa9\xcaP\x10\x16\xb0\x00\x00\x00\x00Lorem ipsum dolo'...
1.220 Disassembled: source: 45943, dest: 60004, seq: 36, ack: 2769856970, window: 5808, ACK, data: "Lorem ipsum dolo"...
1.221 Old data; ignoring
1.718 Sent: b'\xead\xb3w\xa5\x18\xa9\xca\x00\x00\x05\xd0P\x10\x16\xb0\x00\x00\x00\x00'
1.721 Received: b'\xb3w\xead\x00\x00\x00$\xa5\x18\xa9\xcaP\x10\x16\xb0\x00\x00\x00\x00Lorem ipsum dolo'...
1.722 Disassembled: source: 45943, dest: 60004, seq: 36, ack: 2769856970, window: 5808, ACK, data: "Lorem ipsum dolo"...
1.722 Old data; ignoring
2.219 Sent: b'\xead\xb3w\xa5\x18\xa9\xca\x00\x00\x05\xd0P\x10\x16\xb0\x00\x00\x00\x00'
2.222 Received: b'\xb3w\xead\x00\x00\x00$\xa5\x18\xa9\xcaP\x10\x16\xb0\x00\x00\x00\x00Lorem ipsum dolo'...
2.223 Disassembled: source: 45943, dest: 60004, seq: 36, ack: 2769856970, window: 5808, ACK, data: "Lorem ipsum dolo"...
2.223 Old data; ignoring
2.719 Error: Connection timed out
2.719 Closed connection
2.723 Shutting down
