0.000 NEW RUN: Server, TEST: Write_file__Relaxed
0.221 Received: b'\x1b\xf3\x98\xef\x00\x00\x00\x1e\x00\x00\x00\x00P\x02\x05\xa8\x00\x00\x00\x00'
0.222 Disassembled: source: 7155, dest: 39151, seq: 30, window: 1448, SYN
0.222 SYN accepted; new connection: 127.0.0.1 on port 7155
0.222 Assembling: source: 39151, dest: 7155, seq: 2752835071, ack: 31, window: 5808, ACK, SYN
0.222 Sent: b'\x98\xef\x1b\xf3\xa4\x14\xed\xff\x00\x00\x00\x1fP\x12\x16\xb0\x00\x00\x00\x00'
0.224 Received: b'\x1b\xf3\x98\xef\x00\x00\x00\x1f\xa4\x14\xee\x00P\x10\x16\xb0\x00\x00\x00\x00'
0.224 Disassembled: source: 7155, dest: 39151, seq: 31, ack: 2752835072, window: 5808, ACK
0.225 Assembling: source: 39151, dest: 7155, seq: 2752835072, ack: 31, window: 5808, ACK
0.225 Sent: b'\x98\xef\x1b\xf3\xa4\x14\xee\x00\x00\x00\x00\x1fP\x10\x16\xb0\x00\x00\x00\x00'
0.225 Received: b'\x1b\xf3\x98\xef\x00\x00\x00\x1f\xa4\x14\xee\x00P\x10\x16\xb0\x00\x00\x00\x00'
0.226 Disassembled: source: 7155, dest: 39151, seq: 31, ack: 2752835072, window: 5808, ACK
0.226 Assembling: source: 39151, dest: 7155, seq: 2752835072, ack: 31, window: 5808, ACK
0.226 Sent: b'\x98\xef\x1b\xf3\xa4\x14\xee\x00\x00\x00\x00\x1fP\x10\x16\xb0\x00\x00\x00\x00'
0.726 Sent: b'\x98\xef\x1b\xf3\xa4\x14\xee\x00\x00\x00\x00\x1fP\x10\x16\xb0\x00\x00\x00\x00'
1.227 Sent: b'\x98\xef\x1b\xf3\xa4\x14\xee\x00\x00\x00\x00\x1fP\x10\x16\xb0\x00\x00\x00\x00'
1.727 Sent: b'\x98\xef\x1b\xf3\xa4\x14\xee\x00\x00\x00\x00\x1fP\x10\x16\xb0\x00\x00\x00\x00'
2.228 Sent: b'\x98\xef\x1b\xf3\xa4\x14\xee\x00\x00\x00\x00\x1fP\x10\x16\xb0\x00\x00\x00\x00'
2.728 Error: Connection timed out
2.729 Closed connection
2.730 Shutting down
