0.000 NEW RUN: Server, TEST: Write_file__Small_multi-packet
0.216 Received: b'\xe5\xaf\x9d\x9a\x00\x00\x00^\x00\x00\x00\x00P\x02\x05\xa8\x00\x00\x00\x00'
0.216 Disassembled: source: 58799, dest: 40346, seq: 94, window: 1448, SYN
0.217 SYN accepted; new connection: 127.0.0.1 on port 58799
0.217 Assembling: source: 40346, dest: 58799, seq: 2758294478, ack: 95, window: 5808, ACK, SYN
0.217 Sent: b'\x9d\x9a\xe5\xaf\xa4h;\xce\x00\x00\x00_P\x12\x16\xb0\x00\x00\x00\x00'
0.218 Received: b'\xe5\xaf\x9d\x9a\x00\x00\x00_\xa4h;\xcfP\x10\x16\xb0\x00\x00\x00\x00'
0.218 Disassembled: source: 58799, dest: 40346, seq: 95, ack: 2758294479, window: 5808, ACK
0.218 Assembling: source: 40346, dest: 58799, seq: 2758294479, ack: 95, window: 5808, ACK
0.219 Sent: b'\x9d\x9a\xe5\xaf\xa4h;\xcf\x00\x00\x00_P\x10\x16\xb0\x00\x00\x00\x00'
0.219 Received: b'\xe5\xaf\x9d\x9a\x00\x00\x00_\xa4h;\xcfP\x10\x16\xb0\x00\x00\x00\x00Lorem ipsum dolo'...
0.219 Disassembled: source: 58799, dest: 40346, seq: 95, ack: 2758294479, window: 5808, ACK, data: "Lorem ipsum dolo"...
0.219 Handshake complete
0.219 Data accepted; writing to file
0.220 Assembling: source: 40346, dest: 58799, seq: 2758294479, ack: 1547, window: 5808, ACK
0.220 Sent: b'\x9d\x9a\xe5\xaf\xa4h;\xcf\x00\x00\x06\x0bP\x10\x16\xb0\x00\x00\x00\x00'
0.220 Received: b'\xe5\xaf\x9d\x9a\x00\x00\x00_\xa4h;\xcfP\x10\x16\xb0\x00\x00\x00\x00Lorem ipsum dolo'...
0.221 Disassembled: source: 58799, dest: 40346, seq: 95, ack: 2758294479, window: 5808, ACK, data: "Lorem ipsum dolo"...
0.221 Old data; ignoring
0.221 Received: b'\xe5\xaf\x9d\x9a\x00\x00\x00_\xa4h;\xcfP\x10\x16\xb0\x00\x00\x00\x00Lorem ipsum dolo'...
0.222 Disassembled: source: 58799, dest: 40346, seq: 95, ack: 2758294479, window: 5808, ACK, data: "Lorem ipsum dolo"...
0.222 Old data; ignoring
0.720 Sent: b'\x9d\x9a\xe5\xaf\xa4h;\xcf\x00\x00\x06\x0bP\x10\x16\xb0\x00\x00\x00\x00'
0.722 Received: b'\xe5\xaf\x9d\x9a\x00\x00\x00_\xa4h;\xcfP\x10\x16\xb0\x00\x00\x00\x00Lorem ipsum dolo'...
0.723 Disassembled: source: 58799, dest: 40346, seq: 95, ack: 2758294479, window: 5808, ACK, data: "Lorem ipsum dolo"...
0.723 Old data; ignoring
1.221 Sent: b'\x9d\x9a\xe5\xaf\xa4h;\xcf\x00\x00\x06\x0bP\x10\x16\xb0\x00\x00\x00\x00'
1.224 Received: b'\xe5\xaf\x9d\x9a\x00\x00\x00_\xa4h;\xcfP\x10\x16\xb0\x00\x00\x00\x00Lorem ipsum dolo'...
1.224 Disassembled: source: 58799, dest: 40346, seq: 95, ack: 2758294479, window: 5808, ACK, data: "Lorem ipsum dolo"...
1.224 Old data; ignoring
1.721 Sent: b'\x9d\x9a\xe5\xaf\xa4h;\xcf\x00\x00\x06\x0bP\x10\x16\xb0\x00\x00\x00\x00'
1.724 Received: b'\xe5\xaf\x9d\x9a\x00\x00\x00_\xa4h;\xcfP\x10\x16\xb0\x00\x00\x00\x00Lorem ipsum dolo'...
1.725 Disassembled: source: 58799, dest: 40346, seq: 95, ack: 2758294479, window: 5808, ACK, data: "Lorem ipsum dolo"...
1.725 Old data; ignoring
2.222 Sent: b'\x9d\x9a\xe5\xaf\xa4h;\xcf\x00\x00\x06\x0bP\x10\x16\xb0\x00\x00\x00\x00'
2.224 Received: b'\xe5\xaf\x9d\x9a\x00\x00\x00_\xa4h;\xcfP\x10\x16\xb0\x00\x00\x00\x00Lorem ipsum dolo'...
2.225 Disassembled: source: 58799, dest: 40346, seq: 95, ack: 2758294479, window: 5808, ACK, data: "Lorem ipsum dolo"...
2.225 Old data; ignoring
2.722 Error: Connection timed out
2.722 Closed connection
2.725 Shutting down
