0.000 NEW RUN: Server, TEST: Write_file__Very_large_multi-packet
0.206 Received: b'[\x02\xc4\x9a\x00\x00\x00N\x00\x00\x00\x00P\x02\x05\xa8\x00\x00\x00\x00'
0.207 Disassembled: source: 23298, dest: 50330, seq: 78, window: 1448, SYN
0.207 SYN accepted; new connection: 127.0.0.1 on port 23298
0.207 Assembling: source: 50330, dest: 23298, seq: 2835122736, ack: 79, window: 5808, ACK, SYN
0.208 Sent: b'\xc4\x9a[\x02\xa8\xfc\x8a0\x00\x00\x00OP\x12\x16\xb0\x00\x00\x00\x00'
0.209 Received: b'[\x02\xc4\x9a\x00\x00\x00O\xa8\xfc\x8a1P\x10\x16\xb0\x00\x00\x00\x00'
0.210 Disassembled: source: 23298, dest: 50330, seq: 79, ack: 2835122737, window: 5808, ACK
0.210 Assembling: source: 50330, dest: 23298, seq: 2835122737, ack: 79, window: 5808, ACK
0.210 Sent: b'\xc4\x9a[\x02\xa8\xfc\x8a1\x00\x00\x00OP\x10\x16\xb0\x00\x00\x00\x00'
0.211 Received: b'[\x02\xc4\x9a\x00\x00\x00O\xa8\xfc\x8a1P\x10\x16\xb0\x00\x00\x00\x00@\x96o\xec!c\x93Z\xed\x08f\xcd}`>&'...
0.211 Disassembled: source: 23298, dest: 50330, seq: 79, ack: 2835122737, window: 5808, ACK, data: b'@\x96o\xec!c\x93Z\xed\x08f\xcd}`>&'...
0.211 Handshake complete
0.211 Data accepted; writing to file
0.211 Assembling: source: 50330, dest: 23298, seq: 2835122737, ack: 1531, window: 5808, ACK
0.212 Sent: b'\xc4\x9a[\x02\xa8\xfc\x8a1\x00\x00\x05\xfbP\x10\x16\xb0\x00\x00\x00\x00'
0.212 Received: b'[\x02\xc4\x9a\x00\x00\x00O\xa8\xfc\x8a1P\x10\x16\xb0\x00\x00\x00\x00@\x96o\xec!c\x93Z\xed\x08f\xcd}`>&'...
0.213 Disassembled: source: 23298, dest: 50330, seq: 79, ack: 2835122737, window: 5808, ACK, data: b'@\x96o\xec!c\x93Z\xed\x08f\xcd}`>&'...
0.213 Old data; ignoring
0.214 Received: b'[\x02\xc4\x9a\x00\x00\x00O\xa8\xfc\x8a1P\x10\x16\xb0\x00\x00\x00\x00@\x96o\xec!c\x93Z\xed\x08f\xcd}`>&'...
0.214 Disassembled: source: 23298, dest: 50330, seq: 79, ack: 2835122737, window: 5808, ACK, data: b'@\x96o\xec!c\x93Z\xed\x08f\xcd}`>&'...
0.214 Old data; ignoring
0.712 Sent: b'\xc4\x9a[\x02\xa8\xfc\x8a1\x00\x00\x05\xfbP\x10\x16\xb0\x00\x00\x00\x00'
1.212 Sent: b'\xc4\x9a[\x02\xa8\xfc\x8a1\x00\x00\x05\xfbP\x10\x16\xb0\x00\x00\x00\x00'
1.713 Sent: b'\xc4\x9a[\x02\xa8\xfc\x8a1\x00\x00\x05\xfbP\x10\x16\xb0\x00\x00\x00\x00'
