0.000 NEW RUN: Server, TEST: Read_file__Empty
0.217 Received: b'\xfdA\xdc\x85\x00\x00\x00 \x00\x00\x00\x00P\x02\x05\xa8\x00\x00\x00\x00'
0.218 Disassembled: source: 64833, dest: 56453, seq: 32, window: 1448, SYN
0.218 SYN accepted; new connection: 127.0.0.1 on port 64833
0.218 Assembling: source: 56453, dest: 64833, seq: 2730548382, ack: 33, window: 1448, ACK, SYN
0.218 Sent: b'\xdc\x85\xfdA\xa2\xc0\xdc\x9e\x00\x00\x00!P\x12\x05\xa8\x00\x00\x00\x00'
0.219 Received: b'\xfdA\xdc\x85\x00\x00\x00!\xa2\xc0\xdc\x9fP\x10\x05\xa8\x00\x00\x00\x00'
0.220 Disassembled: source: 64833, dest: 56453, seq: 33, ack: 2730548383, window: 1448, ACK
0.220 Handshake complete
0.220 Acknowledged seq: 2730548382
0.220 Finished reading file
0.220 Assembling: source: 56453, dest: 64833, seq: 2730548383, ack: 34, window: 1448, ACK, FIN
0.220 Sent: b'\xdc\x85\xfdA\xa2\xc0\xdc\x9f\x00\x00\x00"P\x11\x05\xa8\x00\x00\x00\x00'
0.720 Sent: b'\xdc\x85\xfdA\xa2\xc0\xdc\x9f\x00\x00\x00"P\x11\x05\xa8\x00\x00\x00\x00'
0.722 Received: b'\xfdA\xdc\x85\x00\x00\x00!\xa2\xc0\xdc\xa1P\x10\x05\xa8\x00\x00\x00\x00'
0.722 Disassembled: source: 64833, dest: 56453, seq: 33, ack: 2730548385, window: 1448, ACK
0.723 Error: Acknowledgement number too high
0.723 Received: b'\xfdA\xdc\x85\x00\x00\x00!\xa2\xc0\xdc\xa1P\x01\x05\xa8\x00\x00\x00\x00'
0.724 Disassembled: source: 64833, dest: 56453, seq: 33, ack: 2730548385, window: 1448, FIN
0.724 Error: Acknowledgement number too high
1.221 Sent: b'\xdc\x85\xfdA\xa2\xc0\xdc\x9f\x00\x00\x00"P\x11\x05\xa8\x00\x00\x00\x00'
1.721 Sent: b'\xdc\x85\xfdA\xa2\xc0\xdc\x9f\x00\x00\x00"P\x11\x05\xa8\x00\x00\x00\x00'
2.222 Sent: b'\xdc\x85\xfdA\xa2\xc0\xdc\x9f\x00\x00\x00"P\x11\x05\xa8\x00\x00\x00\x00'
2.722 Sent: b'\xdc\x85\xfdA\xa2\xc0\xdc\x9f\x00\x00\x00"P\x11\x05\xa8\x00\x00\x00\x00'
3.223 Error: Connection timed out
3.223 Closed connection
3.226 Shutting down
