0.000 NEW RUN: Server, TEST: Read_file__Latency
0.225 Received: b'`|\xc0\x0e\x00\x00\x00\x1c\x00\x00\x00\x00P\x02\x05\xa8\x00\x00\x00\x00'
0.226 Disassembled: source: 24700, dest: 49166, seq: 28, window: 1448, SYN
0.226 SYN accepted; new connection: 127.0.0.1 on port 24700
0.226 Assembling: source: 49166, dest: 24700, seq: 2771850254, ack: 29, window: 1448, ACK, SYN
0.227 Sent: b'\xc0\x0e`|\xa57\x14\x0e\x00\x00\x00\x1dP\x12\x05\xa8\x00\x00\x00\x00'
0.727 Sent: b'\xc0\x0e`|\xa57\x14\x0e\x00\x00\x00\x1dP\x12\x05\xa8\x00\x00\x00\x00'
1.227 Sent: b'\xc0\x0e`|\xa57\x14\x0e\x00\x00\x00\x1dP\x12\x05\xa8\x00\x00\x00\x00'
1.231 Received: b'`|\xc0\x0e\x00\x00\x00\x1d\xa57\x14\x0fP\x10\x05\xa8\x00\x00\x00\x00'
1.231 Disassembled: source: 24700, dest: 49166, seq: 29, ack: 2771850255, window: 1448, ACK
1.231 Handshake complete
1.232 Acknowledged seq: 2771850254
1.232 Assembling: source: 49166, dest: 24700, seq: 2771850255, ack: 30, window: 1448, data: "Lorem ipsum dolo"...
1.232 Sent: b'\xc0\x0e`|\xa57\x14\x0f\x00\x00\x00\x1eP\x00\x05\xa8\x00\x00\x00\x00Lorem ipsum dolo'...
1.733 Sent: b'\xc0\x0e`|\xa57\x14\x0f\x00\x00\x00\x1eP\x00\x05\xa8\x00\x00\x00\x00Lorem ipsum dolo'...
2.233 Sent: b'\xc0\x0e`|\xa57\x14\x0f\x00\x00\x00\x1eP\x00\x05\xa8\x00\x00\x00\x00Lorem ipsum dolo'...
2.734 Sent: b'\xc0\x0e`|\xa57\x14\x0f\x00\x00\x00\x1eP\x00\x05\xa8\x00\x00\x00\x00Lorem ipsum dolo'...
3.237 Sent: b'\xc0\x0e`|\xa57\x14\x0f\x00\x00\x00\x1eP\x00\x05\xa8\x00\x00\x00\x00Lorem ipsum dolo'...
3.737 Sent: b'\xc0\x0e`|\xa57\x14\x0f\x00\x00\x00\x1eP\x00\x05\xa8\x00\x00\x00\x00Lorem ipsum dolo'...
4.238 Error: Connection timed out
4.238 Closed connection
4.735 Shutting down
