0.000 NEW RUN: Server, TEST: Write_file__Latency
0.214 Received: b'\xd4\x0c\xa8\xfc\x00\x00\x00*\x00\x00\x00\x00P\x02\x05\xa8\x00\x00\x00\x00'
0.214 Disassembled: source: 54284, dest: 43260, seq: 42, window: 1448, SYN
0.215 SYN accepted; new connection: 127.0.0.1 on port 54284
0.215 Assembling: source: 43260, dest: 54284, seq: 2774400136, ack: 43, window: 5808, ACK, SYN
0.215 Sent: b'\xa8\xfc\xd4\x0c\xa5]\xfc\x88\x00\x00\x00+P\x12\x16\xb0\x00\x00\x00\x00'
0.716 Sent: b'\xa8\xfc\xd4\x0c\xa5]\xfc\x88\x00\x00\x00+P\x12\x16\xb0\x00\x00\x00\x00'
1.216 Sent: b'\xa8\xfc\xd4\x0c\xa5]\xfc\x88\x00\x00\x00+P\x12\x16\xb0\x00\x00\x00\x00'
1.220 Received: b'\xd4\x0c\xa8\xfc\x00\x00\x00+\xa5]\xfc\x89P\x10\x16\xb0\x00\x00\x00\x00'
1.221 Disassembled: source: 54284, dest: 43260, seq: 43, ack: 2774400137, window: 5808, ACK
1.221 Assembling: source: 43260, dest: 54284, seq: 2774400137, ack: 43, window: 5808, ACK
1.221 Sent: b'\xa8\xfc\xd4\x0c\xa5]\xfc\x89\x00\x00\x00+P\x10\x16\xb0\x00\x00\x00\x00'
1.223 Received: b'\xd4\x0c\xa8\xfc\x00\x00\x00+\xa5]\xfc\x89P\x10\x16\xb0\x00\x00\x00\x00Lorem ipsum dolo'...
1.223 Disassembled: source: 54284, dest: 43260, seq: 43, ack: 2774400137, window: 5808, ACK, data: "Lorem ipsum dolo"...
1.223 Handshake complete
1.223 Data accepted; writing to file
1.223 Assembling: source: 43260, dest: 54284, seq: 2774400137, ack: 1495, window: 5808, ACK
1.224 Sent: b'\xa8\xfc\xd4\x0c\xa5]\xfc\x89\x00\x00\x05\xd7P\x10\x16\xb0\x00\x00\x00\x00'
1.725 Sent: b'\xa8\xfc\xd4\x0c\xa5]\xfc\x89\x00\x00\x05\xd7P\x10\x16\xb0\x00\x00\x00\x00'
2.225 Sent: b'\xa8\xfc\xd4\x0c\xa5]\xfc\x89\x00\x00\x05\xd7P\x10\x16\xb0\x00\x00\x00\x00'
2.726 Sent: b'\xa8\xfc\xd4\x0c\xa5]\xfc\x89\x00\x00\x05\xd7P\x10\x16\xb0\x00\x00\x00\x00'
3.226 Sent: b'\xa8\xfc\xd4\x0c\xa5]\xfc\x89\x00\x00\x05\xd7P\x10\x16\xb0\x00\x00\x00\x00'
3.727 Error: Connection timed out
3.727 Closed connection
3.728 Shutting down
