0.000 NEW RUN: Server, TEST: Write_file__Random_drops
0.212 Received: b'~=Ui\x00\x00\x00L\x00\x00\x00\x00P\x02\x05\xa8\x00\x00\x00\x00'
0.213 Disassembled: source: 32317, dest: 21865, seq: 76, window: 1448, SYN
0.213 SYN accepted; new connection: 127.0.0.1 on port 32317
0.213 Assembling: source: 21865, dest: 32317, seq: 2749685145, ack: 77, window: 5808, ACK, SYN
0.214 Sent: b'Ui~=\xa3\xe4\xdd\x99\x00\x00\x00MP\x12\x16\xb0\x00\x00\x00\x00'
0.216 Received: b'~=Ui\x00\x00\x00M\xa3\xe4\xdd\x9aP\x10\x16\xb0\x00\x00\x00\x00'
0.216 Disassembled: source: 32317, dest: 21865, seq: 77, ack: 2749685146, window: 5808, ACK
0.216 Assembling: source: 21865, dest: 32317, seq: 2749685146, ack: 77, window: 5808, ACK
0.217 Sent: b'Ui~=\xa3\xe4\xdd\x9a\x00\x00\x00MP\x10\x16\xb0\x00\x00\x00\x00'
0.217 Received: b'~=Ui\x00\x00\x00M\xa3\xe4\xdd\x9aP\x10\x16\xb0\x00\x00\x00\x00Lorem ipsum dolo'...
0.218 Disassembled: source: 32317, dest: 21865, seq: 77, ack: 2749685146, window: 5808, ACK, data: "Lorem ipsum dolo"...
0.218 Handshake complete
0.218 Data accepted; writing to file
0.218 Assembling: source: 21865, dest: 32317, seq: 2749685146, ack: 1529, window: 5808, ACK
0.218 Sent: b'Ui~=\xa3\xe4\xdd\x9a\x00\x00\x05\xf9P\x10\x16\xb0\x00\x00\x00\x00'
0.219 Received: b'~=Ui\x00\x00\x16\xfd\xa3\xe4\xdd\x9aP\x10\x16\xb0\x00\x00\x00\x00 sadipscing ei q'...
0.219 Disassembled: source: 32317, dest: 21865, seq: 5885, ack: 2749685146, window: 5808, ACK, data: " sadipscing ei q"...
0.219 Error: Incorrect acknowledgement flag
0.220 Received: b'~=Ui\x00\x00-\xad\xa3\xe4\xdd\x9aP\x10\x16\xb0\x00\x00\x00\x00 Duo ea augue fa'...
0.220 Disassembled: source: 32317, dest: 21865, seq: 11693, ack: 2749685146, window: 5808, ACK, data: " Duo ea augue fa"...
0.220 Error: Sequence number too high
0.718 Sent: b'Ui~=\xa3\xe4\xdd\x9a\x00\x00\x05\xf9P\x10\x16\xb0\x00\x00\x00\x00'
0.721 Received: b'~=Ui\x00\x00D]\xa3\xe4\xdd\x9aP\x10\x16\xb0\x00\x00\x00\x00uta debitis pert'...
0.722 Disassembled: source: 32317, dest: 21865, seq: 17501, ack: 2749685146, window: 5808, ACK, data: "uta debitis pert"...
0.722 Error: Sequence number too high
1.219 Sent: b'Ui~=\xa3\xe4\xdd\x9a\x00\x00\x05\xf9P\x10\x16\xb0\x00\x00\x00\x00'
1.222 Received: b'~=Ui\x00\x00[\r\xa3\xe4\xdd\x9aP\x10\x16\xb0\x00\x00\x00\x00 decore possit r'...
1.222 Disassembled: source: 32317, dest: 21865, seq: 23309, ack: 2749685146, window: 5808, ACK, data: " decore possit r"...
1.223 Error: Sequence number too high
1.719 Sent: b'Ui~=\xa3\xe4\xdd\x9a\x00\x00\x05\xf9P\x10\x16\xb0\x00\x00\x00\x00'
1.722 Received: b'~=Ui\x00\x00q\xbd\xa3\xe4\xdd\x9aP\x10\x16\xb0\x00\x00\x00\x00orteat dissentiu'...
1.723 Disassembled: source: 32317, dest: 21865, seq: 29117, ack: 2749685146, window: 5808, ACK, data: "orteat dissentiu"...
1.723 Error: Sequence number too high
2.220 Sent: b'Ui~=\xa3\xe4\xdd\x9a\x00\x00\x05\xf9P\x10\x16\xb0\x00\x00\x00\x00'
2.223 Received: b'~=Ui\x00\x00\x88m\xa3\xe4\xdd\x9aP\x10\x16\xb0\x00\x00\x00\x00an. Ut per eirmo'...
2.223 Disassembled: source: 32317, dest: 21865, seq: 34925, ack: 2749685146, window: 5808, ACK, data: "an. Ut per eirmo"...
2.223 Error: Sequence number too high
2.720 Error: Connection timed out
2.720 Closed connection
2.724 Shutting down
