0.000 NEW RUN: Server, TEST: Write_file__Large_multi-packet
0.221 Received: b's\xda\xdfT\x00\x00\x00\x18\x00\x00\x00\x00P\x02\x05\xa8\x00\x00\x00\x00'
0.221 Disassembled: source: 29658, dest: 57172, seq: 24, window: 1448, SYN
0.221 SYN accepted; new connection: 127.0.0.1 on port 29658
0.221 Assembling: source: 57172, dest: 29658, seq: 2736041255, ack: 25, window: 5808, ACK, SYN
0.222 Sent: b"\xdfTs\xda\xa3\x14\xad'\x00\x00\x00\x19P\x12\x16\xb0\x00\x00\x00\x00"
0.224 Received: b's\xda\xdfT\x00\x00\x00\x19\xa3\x14\xad(P\x10\x16\xb0\x00\x00\x00\x00'
0.224 Disassembled: source: 29658, dest: 57172, seq: 25, ack: 2736041256, window: 5808, ACK
0.224 Assembling: source: 57172, dest: 29658, seq: 2736041256, ack: 25, window: 5808, ACK
0.224 Sent: b'\xdfTs\xda\xa3\x14\xad(\x00\x00\x00\x19P\x10\x16\xb0\x00\x00\x00\x00'
0.225 Received: b's\xda\xdfT\x00\x00\x00\x19\xa3\x14\xad(P\x10\x16\xb0\x00\x00\x00\x00Lorem ipsum dolo'...
0.225 Disassembled: source: 29658, dest: 57172, seq: 25, ack: 2736041256, window: 5808, ACK, data: "Lorem ipsum dolo"...
0.225 Handshake complete
0.225 Data accepted; writing to file
0.225 Assembling: source: 57172, dest: 29658, seq: 2736041256, ack: 1477, window: 5808, ACK
0.226 Sent: b'\xdfTs\xda\xa3\x14\xad(\x00\x00\x05\xc5P\x10\x16\xb0\x00\x00\x00\x00'
0.226 Received: b's\xda\xdfT\x00\x00\x16\xc9\xa3\x14\xad(P\x10\x16\xb0\x00\x00\x00\x00 sadipscing ei q'...
0.226 Disassembled: source: 29658, dest: 57172, seq: 5833, ack: 2736041256, window: 5808, ACK, data: " sadipscing ei q"...
0.226 Error: Incorrect acknowledgement flag
0.227 Received: b's\xda\xdfT\x00\x00-y\xa3\x14\xad(P\x10\x16\xb0\x00\x00\x00\x00 Duo ea augue fa'...
0.228 Disassembled: source: 29658, dest: 57172, seq: 11641, ack: 2736041256, window: 5808, ACK, data: " Duo ea augue fa"...
0.228 Error: Sequence number too high
0.726 Sent: b'\xdfTs\xda\xa3\x14\xad(\x00\x00\x05\xc5P\x10\x16\xb0\x00\x00\x00\x00'
0.728 Received: b's\xda\xdfT\x00\x00D)\xa3\x14\xad(P\x10\x16\xb0\x00\x00\x00\x00uta debitis pert'...
0.729 Disassembled: source: 29658, dest: 57172, seq: 17449, ack: 2736041256, window: 5808, ACK, data: "uta debitis pert"...
0.729 Error: Sequence number too high
1.226 Sent: b'\xdfTs\xda\xa3\x14\xad(\x00\x00\x05\xc5P\x10\x16\xb0\x00\x00\x00\x00'
1.229 Received: b's\xda\xdfT\x00\x00Z\xd9\xa3\x14\xad(P\x10\x16\xb0\x00\x00\x00\x00 decore possit r'...
1.230 Disassembled: source: 29658, dest: 57172, seq: 23257, ack: 2736041256, window: 5808, ACK, data: " decore possit r"...
1.230 Error: Sequence number too high
1.727 Sent: b'\xdfTs\xda\xa3\x14\xad(\x00\x00\x05\xc5P\x10\x16\xb0\x00\x00\x00\x00'
1.730 Received: b's\xda\xdfT\x00\x00q\x89\xa3\x14\xad(P\x10\x16\xb0\x00\x00\x00\x00orteat dissentiu'...
1.730 Disassembled: source: 29658, dest: 57172, seq: 29065, ack: 2736041256, window: 5808, ACK, data: "orteat dissentiu"...
1.730 Error: Sequence number too high
2.227 Sent: b'\xdfTs\xda\xa3\x14\xad(\x00\x00\x05\xc5P\x10\x16\xb0\x00\x00\x00\x00'
2.230 Received: b's\xda\xdfT\x00\x00\x889\xa3\x14\xad(P\x10\x16\xb0\x00\x00\x00\x00an. Ut per eirmo'...
2.231 Disassembled: source: 29658, dest: 57172, seq: 34873, ack: 2736041256, window: 5808, ACK, data: "an. Ut per eirmo"...
2.231 Error: Sequence number too high
2.728 Error: Connection timed out
2.729 Closed connection
2.731 Shutting down
