0.000 NEW RUN: Server, TEST: Write_file__Empty
0.192 Received: b"O\xae\xfb\xa8\x00\x00\x00'\x00\x00\x00\x00P\x02\x05\xa8\x00\x00\x00\x00"
0.192 Disassembled: source: 20398, dest: 64424, seq: 39, window: 1448, SYN
0.193 SYN accepted; new connection: 127.0.0.1 on port 20398
0.193 Assembling: source: 64424, dest: 20398, seq: 2734438945, ack: 40, window: 5808, ACK, SYN
0.193 Sent: b'\xfb\xa8O\xae\xa2\xfc:!\x00\x00\x00(P\x12\x16\xb0\x00\x00\x00\x00'
0.195 Received: b'O\xae\xfb\xa8\x00\x00\x00(\xa2\xfc:"P\x10\x16\xb0\x00\x00\x00\x00'
0.195 Disassembled: source: 20398, dest: 64424, seq: 40, ack: 2734438946, window: 5808, ACK
0.195 Assembling: source: 64424, dest: 20398, seq: 2734438946, ack: 40, window: 5808, ACK
0.196 Sent: b'\xfb\xa8O\xae\xa2\xfc:"\x00\x00\x00(P\x10\x16\xb0\x00\x00\x00\x00'
0.196 Received: b'O\xae\xfb\xa8\x00\x00\x00(\xa2\xfc:"P\x10\x16\xb0\x00\x00\x00\x00'
0.196 Disassembled: source: 20398, dest: 64424, seq: 40, ack: 2734438946, window: 5808, ACK
0.196 Assembling: source: 64424, dest: 20398, seq: 2734438946, ack: 40, window: 5808, ACK
0.197 Sent: b'\xfb\xa8O\xae\xa2\xfc:"\x00\x00\x00(P\x10\x16\xb0\x00\x00\x00\x00'
0.697 Sent: b'\xfb\xa8O\xae\xa2\xfc:"\x00\x00\x00(P\x10\x16\xb0\x00\x00\x00\x00'
1.197 Sent: b'\xfb\xa8O\xae\xa2\xfc:"\x00\x00\x00(P\x10\x16\xb0\x00\x00\x00\x00'
1.698 Sent: b'\xfb\xa8O\xae\xa2\xfc:"\x00\x00\x00(P\x10\x16\xb0\x00\x00\x00\x00'
2.199 Sent: b'\xfb\xa8O\xae\xa2\xfc:"\x00\x00\x00(P\x10\x16\xb0\x00\x00\x00\x00'
2.699 Error: Connection timed out
2.700 Closed connection
2.700 Shutting down
