0.000 NEW RUN: Server, TEST: Read_file__No_file_extension
0.198 Received: b'\xcaG\xe8<\x00\x00\x00\x06\x00\x00\x00\x00P\x02\x05\xa8\x00\x00\x00\x00'
0.199 Disassembled: source: 51783, dest: 59452, seq: 6, window: 1448, SYN
0.199 SYN accepted; new connection: 127.0.0.1 on port 51783
0.199 Assembling: source: 59452, dest: 51783, seq: 2639497214, ack: 7, window: 1448, ACK, SYN
0.199 Sent: b'\xe8<\xcaG\x9dS\x87\xfe\x00\x00\x00\x07P\x12\x05\xa8\x00\x00\x00\x00'
0.201 Received: b'\xcaG\xe8<\x00\x00\x00\x07\x9dS\x87\xffP\x10\x05\xa8\x00\x00\x00\x00'
0.202 Disassembled: source: 51783, dest: 59452, seq: 7, ack: 2639497215, window: 1448, ACK
0.202 Handshake complete
0.202 Acknowledged seq: 2639497214
0.202 Assembling: source: 59452, dest: 51783, seq: 2639497215, ack: 8, window: 1448, data: "Lorem ipsum dolo"...
0.202 Sent: b'\xe8<\xcaG\x9dS\x87\xff\x00\x00\x00\x08P\x00\x05\xa8\x00\x00\x00\x00Lorem ipsum dolo'...
0.205 Received: b'\xcaG\xe8<\x00\x00\x00\x08\x9dS\x88\x00P\x10\x05\xa8\x00\x00\x00\x00'
0.205 Disassembled: source: 51783, dest: 59452, seq: 8, ack: 2639497216, window: 1448, ACK
0.205 Assembling: source: 59452, dest: 51783, seq: 2639498663, ack: 9, window: 1448, data: "m"
0.206 Sent: b'\xe8<\xcaG\x9dS\x8d\xa7\x00\x00\x00\tP\x00\x05\xa8\x00\x00\x00\x00m'
0.208 Received: b'\xcaG\xe8<\x00\x00\x00\t\x9dS\x88\x01P\x10\x05\xa8\x00\x00\x00\x00'
0.208 Disassembled: source: 51783, dest: 59452, seq: 9, ack: 2639497217, window: 1448, ACK
0.208 Assembling: source: 59452, dest: 51783, seq: 2639498664, ack: 10, window: 1448, data: "p"
0.209 Sent: b'\xe8<\xcaG\x9dS\x8d\xa8\x00\x00\x00\nP\x00\x05\xa8\x00\x00\x00\x00p'
0.709 Sent: b'\xe8<\xcaG\x9dS\x87\xff\x00\x00\x00\x08P\x00\x05\xa8\x00\x00\x00\x00Lorem ipsum dolo'...
0.709 Sent: b'\xe8<\xcaG\x9dS\x8d\xa7\x00\x00\x00\tP\x00\x05\xa8\x00\x00\x00\x00m'
0.709 Sent: b'\xe8<\xcaG\x9dS\x8d\xa8\x00\x00\x00\nP\x00\x05\xa8\x00\x00\x00\x00p'
1.209 Sent: b'\xe8<\xcaG\x9dS\x87\xff\x00\x00\x00\x08P\x00\x05\xa8\x00\x00\x00\x00Lorem ipsum dolo'...
1.210 Sent: b'\xe8<\xcaG\x9dS\x8d\xa7\x00\x00\x00\tP\x00\x05\xa8\x00\x00\x00\x00m'
1.210 Sent: b'\xe8<\xcaG\x9dS\x8d\xa8\x00\x00\x00\nP\x00\x05\xa8\x00\x00\x00\x00p'
1.710 Sent: b'\xe8<\xcaG\x9dS\x87\xff\x00\x00\x00\x08P\x00\x05\xa8\x00\x00\x00\x00Lorem ipsum dolo'...
1.710 Sent: b'\xe8<\xcaG\x9dS\x8d\xa7\x00\x00\x00\tP\x00\x05\xa8\x00\x00\x00\x00m'
1.710 Sent: b'\xe8<\xcaG\x9dS\x8d\xa8\x00\x00\x00\nP\x00\x05\xa8\x00\x00\x00\x00p'
2.210 Sent: b'\xe8<\xcaG\x9dS\x87\xff\x00\x00\x00\x08P\x00\x05\xa8\x00\x00\x00\x00Lorem ipsum dolo'...
2.210 Sent: b'\xe8<\xcaG\x9dS\x8d\xa7\x00\x00\x00\tP\x00\x05\xa8\x00\x00\x00\x00m'
2.211 Sent: b'\xe8<\xcaG\x9dS\x8d\xa8\x00\x00\x00\nP\x00\x05\xa8\x00\x00\x00\x00p'
2.710 Sent: b'\xe8<\xcaG\x9dS\x87\xff\x00\x00\x00\x08P\x00\x05\xa8\x00\x00\x00\x00Lorem ipsum dolo'...
2.711 Sent: b'\xe8<\xcaG\x9dS\x8d\xa7\x00\x00\x00\tP\x00\x05\xa8\x00\x00\x00\x00m'
2.711 Sent: b'\xe8<\xcaG\x9dS\x8d\xa8\x00\x00\x00\nP\x00\x05\xa8\x00\x00\x00\x00p'
3.211 Error: Connection timed out
3.211 Closed connection
3.212 Shutting down
