0.000 NEW RUN: Server, TEST: Read_file__Small_multi-packet
0.192 Received: b']\x14\xff\x91\x00\x00\x00;\x00\x00\x00\x00P\x02\x05\xa8\x00\x00\x00\x00'
0.192 Disassembled: source: 23828, dest: 65425, seq: 59, window: 1448, SYN
0.193 SYN accepted; new connection: 127.0.0.1 on port 23828
0.193 Assembling: source: 65425, dest: 23828, seq: 2638445425, ack: 60, window: 1448, ACK, SYN
0.193 Sent: b'\xff\x91]\x14\x9dC{q\x00\x00\x00<P\x12\x05\xa8\x00\x00\x00\x00'
0.195 Received: b']\x14\xff\x91\x00\x00\x00<\x9dC{rP\x10\x05\xa8\x00\x00\x00\x00'
0.196 Disassembled: source: 23828, dest: 65425, seq: 60, ack: 2638445426, window: 1448, ACK
0.196 Handshake complete
0.196 Acknowledged seq: 2638445425
0.196 Assembling: source: 65425, dest: 23828, seq: 2638445426, ack: 61, window: 1448, data: "Lorem ipsum dolo"...
0.196 Sent: b'\xff\x91]\x14\x9dC{r\x00\x00\x00=P\x00\x05\xa8\x00\x00\x00\x00Lorem ipsum dolo'...
0.199 Received: b']\x14\xff\x91\x00\x00\x00=\x9dC{sP\x10\x05\xa8\x00\x00\x00\x00'
0.199 Disassembled: source: 23828, dest: 65425, seq: 61, ack: 2638445427, window: 1448, ACK
0.199 Assembling: source: 65425, dest: 23828, seq: 2638446874, ack: 62, window: 1448, data: "m"
0.199 Sent: b'\xff\x91]\x14\x9dC\x81\x1a\x00\x00\x00>P\x00\x05\xa8\x00\x00\x00\x00m'
0.202 Received: b']\x14\xff\x91\x00\x00\x00>\x9dC{tP\x10\x05\xa8\x00\x00\x00\x00'
0.202 Disassembled: source: 23828, dest: 65425, seq: 62, ack: 2638445428, window: 1448, ACK
0.202 Assembling: source: 65425, dest: 23828, seq: 2638446875, ack: 63, window: 1448, data: "p"
0.203 Sent: b'\xff\x91]\x14\x9dC\x81\x1b\x00\x00\x00?P\x00\x05\xa8\x00\x00\x00\x00p'
0.703 Sent: b'\xff\x91]\x14\x9dC{r\x00\x00\x00=P\x00\x05\xa8\x00\x00\x00\x00Lorem ipsum dolo'...
0.703 Sent: b'\xff\x91]\x14\x9dC\x81\x1a\x00\x00\x00>P\x00\x05\xa8\x00\x00\x00\x00m'
0.703 Sent: b'\xff\x91]\x14\x9dC\x81\x1b\x00\x00\x00?P\x00\x05\xa8\x00\x00\x00\x00p'
1.203 Sent: b'\xff\x91]\x14\x9dC{r\x00\x00\x00=P\x00\x05\xa8\x00\x00\x00\x00Lorem ipsum dolo'...
1.203 Sent: b'\xff\x91]\x14\x9dC\x81\x1a\x00\x00\x00>P\x00\x05\xa8\x00\x00\x00\x00m'
1.204 Sent: b'\xff\x91]\x14\x9dC\x81\x1b\x00\x00\x00?P\x00\x05\xa8\x00\x00\x00\x00p'
1.703 Sent: b'\xff\x91]\x14\x9dC{r\x00\x00\x00=P\x00\x05\xa8\x00\x00\x00\x00Lorem ipsum dolo'...
1.704 Sent: b'\xff\x91]\x14\x9dC\x81\x1a\x00\x00\x00>P\x00\x05\xa8\x00\x00\x00\x00m'
1.704 Sent: b'\xff\x91]\x14\x9dC\x81\x1b\x00\x00\x00?P\x00\x05\xa8\x00\x00\x00\x00p'
2.204 Sent: b'\xff\x91]\x14\x9dC{r\x00\x00\x00=P\x00\x05\xa8\x00\x00\x00\x00Lorem ipsum dolo'...
2.204 Sent: b'\xff\x91]\x14\x9dC\x81\x1a\x00\x00\x00>P\x00\x05\xa8\x00\x00\x00\x00m'
2.205 Sent: b'\xff\x91]\x14\x9dC\x81\x1b\x00\x00\x00?P\x00\x05\xa8\x00\x00\x00\x00p'
2.704 Sent: b'\xff\x91]\x14\x9dC{r\x00\x00\x00=P\x00\x05\xa8\x00\x00\x00\x00Lorem ipsum dolo'...
2.705 Sent: b'\xff\x91]\x14\x9dC\x81\x1a\x00\x00\x00>P\x00\x05\xa8\x00\x00\x00\x00m'
2.705 Sent: b'\xff\x91]\x14\x9dC\x81\x1b\x00\x00\x00?P\x00\x05\xa8\x00\x00\x00\x00p'
3.204 Error: Connection timed out
3.205 Closed connection
3.205 Shutting down
