0.000 NEW RUN: Server, TEST: Read_file__Empty
0.225 Received: b'\xb7\xd4I\x1f\x00\x00\x00O\x00\x00\x00\x00P\x02\x05\xa8\x00\x00\x00\x00'
0.226 Disassembled: source: 47060, dest: 18719, seq: 79, window: 1448, SYN
0.226 SYN accepted; new connection: 127.0.0.1 on port 47060
0.226 Assembling: source: 18719, dest: 47060, seq: 2636364279, ack: 80, window: 1448, ACK, SYN
0.227 Sent: b'I\x1f\xb7\xd4\x9d#\xb9\xf7\x00\x00\x00PP\x12\x05\xa8\x00\x00\x00\x00'
0.228 Received: b'\xb7\xd4I\x1f\x00\x00\x00P\x9d#\xb9\xf8P\x10\x05\xa8\x00\x00\x00\x00'
0.228 Disassembled: source: 47060, dest: 18719, seq: 80, ack: 2636364280, window: 1448, ACK
0.228 Handshake complete
0.228 Acknowledged seq: 2636364279
0.229 Finished reading file
0.229 Assembling: source: 18719, dest: 47060, seq: 2636364280, ack: 81, window: 1448, ACK, FIN
0.229 Sent: b'I\x1f\xb7\xd4\x9d#\xb9\xf8\x00\x00\x00QP\x11\x05\xa8\x00\x00\x00\x00'
0.729 Sent: b'I\x1f\xb7\xd4\x9d#\xb9\xf8\x00\x00\x00QP\x11\x05\xa8\x00\x00\x00\x00'
0.731 Received: b'\xb7\xd4I\x1f\x00\x00\x00Q\x9d#\xb9\xf9P\x10\x05\xa8\x00\x00\x00\x00'
0.732 Disassembled: source: 47060, dest: 18719, seq: 81, ack: 2636364281, window: 1448, ACK
0.732 FIN accepted; sending final packet
0.732 Assembling: source: 18719, dest: 47060, seq: 2636364281, ack: 81, window: 1448, ACK
0.732 Sent: b'I\x1f\xb7\xd4\x9d#\xb9\xf9\x00\x00\x00QP\x10\x05\xa8\x00\x00\x00\x00'
0.732 Closed connection
0.733 Shutting down
