0.000 NEW RUN: Server, TEST: Read_file__Single_packet
0.221 Received: b'\xa0\x99G\xbc\x00\x00\x00P\x00\x00\x00\x00P\x02\x05\xa8\x00\x00\x00\x00'
0.221 Disassembled: source: 41113, dest: 18364, seq: 80, window: 1448, SYN
0.221 SYN accepted; new connection: 127.0.0.1 on port 41113
0.221 Assembling: source: 18364, dest: 41113, seq: 2637415940, ack: 81, window: 1448, ACK, SYN
0.222 Sent: b'G\xbc\xa0\x99\x9d3\xc6\x04\x00\x00\x00QP\x12\x05\xa8\x00\x00\x00\x00'
0.224 Received: b'\xa0\x99G\xbc\x00\x00\x00Q\x9d3\xc6\x05P\x10\x05\xa8\x00\x00\x00\x00'
0.224 Disassembled: source: 41113, dest: 18364, seq: 81, ack: 2637415941, window: 1448, ACK
0.224 Handshake complete
0.224 Acknowledged seq: 2637415940
0.224 Finished reading file
0.224 Assembling: source: 18364, dest: 41113, seq: 2637415941, ack: 82, window: 1448, data: "This file fits i"...
0.225 Sent: b'G\xbc\xa0\x99\x9d3\xc6\x05\x00\x00\x00RP\x00\x05\xa8\x00\x00\x00\x00This file fits i'...
0.227 Received: b'\xa0\x99G\xbc\x00\x00\x00R\x9d3\xc6\x06P\x10\x05\xa8\x00\x00\x00\x00'
0.227 Disassembled: source: 41113, dest: 18364, seq: 82, ack: 2637415942, window: 1448, ACK
0.227 Assembling: source: 18364, dest: 41113, seq: 2637415984, ack: 83, window: 1448, ACK, FIN
0.228 Sent: b'G\xbc\xa0\x99\x9d3\xc60\x00\x00\x00SP\x11\x05\xa8\x00\x00\x00\x00'
0.229 Received: b'\xa0\x99G\xbc\x00\x00\x00S\x9d3\xc6\x07P\x10\x05\xa8\x00\x00\x00\x00'
0.230 Disassembled: source: 41113, dest: 18364, seq: 83, ack: 2637415943, window: 1448, ACK
0.231 Received: b'\xa0\x99G\xbc\x00\x00\x00T\x9d3\xc6\x07P\x01\x05\xa8\x00\x00\x00\x00'
0.231 Disassembled: source: 41113, dest: 18364, seq: 84, ack: 2637415943, window: 1448, FIN
0.231 Error: Responses must be acknowledgements
0.725 Sent: b'G\xbc\xa0\x99\x9d3\xc6\x05\x00\x00\x00RP\x00\x05\xa8\x00\x00\x00\x00This file fits i'...
0.728 Sent: b'G\xbc\xa0\x99\x9d3\xc60\x00\x00\x00SP\x11\x05\xa8\x00\x00\x00\x00'
1.225 Sent: b'G\xbc\xa0\x99\x9d3\xc6\x05\x00\x00\x00RP\x00\x05\xa8\x00\x00\x00\x00This file fits i'...
1.229 Sent: b'G\xbc\xa0\x99\x9d3\xc60\x00\x00\x00SP\x11\x05\xa8\x00\x00\x00\x00'
1.726 Sent: b'G\xbc\xa0\x99\x9d3\xc6\x05\x00\x00\x00RP\x00\x05\xa8\x00\x00\x00\x00This file fits i'...
1.729 Sent: b'G\xbc\xa0\x99\x9d3\xc60\x00\x00\x00SP\x11\x05\xa8\x00\x00\x00\x00'
2.226 Sent: b'G\xbc\xa0\x99\x9d3\xc6\x05\x00\x00\x00RP\x00\x05\xa8\x00\x00\x00\x00This file fits i'...
2.230 Sent: b'G\xbc\xa0\x99\x9d3\xc60\x00\x00\x00SP\x11\x05\xa8\x00\x00\x00\x00'
2.726 Sent: b'G\xbc\xa0\x99\x9d3\xc6\x05\x00\x00\x00RP\x00\x05\xa8\x00\x00\x00\x00This file fits i'...
2.730 Sent: b'G\xbc\xa0\x99\x9d3\xc60\x00\x00\x00SP\x11\x05\xa8\x00\x00\x00\x00'
3.227 Error: Connection timed out
3.227 Closed connection
3.234 Shutting down
