0.000 NEW RUN: Server, TEST: Write_file__Empty
0.211 Received: b'\xb1\x00m~\x00\x00\x00\x05\x00\x00\x00\x00P\x02\x05\xa8\x00\x00\x00\x00'
0.211 Disassembled: source: 45312, dest: 28030, seq: 5, window: 1448, SYN
0.212 SYN accepted; new connection: 127.0.0.1 on port 45312
0.212 Assembling: source: 28030, dest: 45312, seq: 2640023775, ack: 6, window: 5808, ACK, SYN
0.212 Sent: b'm~\xb1\x00\x9d[\x90\xdf\x00\x00\x00\x06P\x12\x16\xb0\x00\x00\x00\x00'
0.213 Received: b'\xb1\x00m~\x00\x00\x00\x06\x9d[\x90\xe0P\x10\x16\xb0\x00\x00\x00\x00'
0.214 Disassembled: source: 45312, dest: 28030, seq: 6, ack: 2640023776, window: 5808, ACK
0.214 Assembling: source: 28030, dest: 45312, seq: 2640023776, ack: 6, window: 5808, ACK
0.214 Sent: b'm~\xb1\x00\x9d[\x90\xe0\x00\x00\x00\x06P\x10\x16\xb0\x00\x00\x00\x00'
0.214 Received: b'\xb1\x00m~\x00\x00\x00\x07\x9d[\x90\xe0P\x10\x16\xb0\x00\x00\x00\x00'
0.215 Disassembled: source: 45312, dest: 28030, seq: 7, ack: 2640023776, window: 5808, ACK
0.215 Assembling: source: 28030, dest: 45312, seq: 2640023776, ack: 6, window: 5808, ACK
0.215 Sent: b'm~\xb1\x00\x9d[\x90\xe0\x00\x00\x00\x06P\x10\x16\xb0\x00\x00\x00\x00'
0.715 Sent: b'm~\xb1\x00\x9d[\x90\xe0\x00\x00\x00\x06P\x10\x16\xb0\x00\x00\x00\x00'
1.216 Sent: b'm~\xb1\x00\x9d[\x90\xe0\x00\x00\x00\x06P\x10\x16\xb0\x00\x00\x00\x00'
1.716 Sent: b'm~\xb1\x00\x9d[\x90\xe0\x00\x00\x00\x06P\x10\x16\xb0\x00\x00\x00\x00'
2.217 Sent: b'm~\xb1\x00\x9d[\x90\xe0\x00\x00\x00\x06P\x10\x16\xb0\x00\x00\x00\x00'
2.717 Error: Connection timed out
2.717 Closed connection
2.718 Shutting down
