0.000 NEW RUN: Server, TEST: Write_file__Large_multi-packet
0.228 Received: b'O"Y\xd3\x00\x00\x00A\x00\x00\x00\x00P\x02\x05\xa8\x00\x00\x00\x00'
0.228 Disassembled: source: 20258, dest: 22995, seq: 65, window: 1448, SYN
0.229 SYN accepted; new connection: 127.0.0.1 on port 20258
0.229 Assembling: source: 22995, dest: 20258, seq: 2642142050, ack: 66, window: 5808, ACK, SYN
0.229 Sent: b'Y\xd3O"\x9d{\xe3b\x00\x00\x00BP\x12\x16\xb0\x00\x00\x00\x00'
0.231 Received: b'O"Y\xd3\x00\x00\x00B\x9d{\xe3cP\x10\x16\xb0\x00\x00\x00\x00'
0.231 Disassembled: source: 20258, dest: 22995, seq: 66, ack: 2642142051, window: 5808, ACK
0.231 Assembling: source: 22995, dest: 20258, seq: 2642142051, ack: 66, window: 5808, ACK
0.231 Sent: b'Y\xd3O"\x9d{\xe3c\x00\x00\x00BP\x10\x16\xb0\x00\x00\x00\x00'
0.232 Received: b'O"Y\xd3\x00\x00\x00C\x9d{\xe3cP\x10\x16\xb0\x00\x00\x00\x00Lorem ipsum dolo'...
0.232 Disassembled: source: 20258, dest: 22995, seq: 67, ack: 2642142051, window: 5808, ACK, data: "Lorem ipsum dolo"...
0.232 Handshake complete
0.232 Data accepted; adding to buffer
0.232 Assembling: source: 22995, dest: 20258, seq: 2642142051, ack: 66, window: 5808, ACK
0.232 Sent: b'Y\xd3O"\x9d{\xe3c\x00\x00\x00BP\x10\x16\xb0\x00\x00\x00\x00'
0.232 Received: b'O"Y\xd3\x00\x00\x00D\x9d{\xe3dP\x10\x16\xb0\x00\x00\x00\x00'
0.233 Disassembled: source: 20258, dest: 22995, seq: 68, ack: 2642142052, window: 5808, ACK
0.233 Error: Incorrect acknowledgement flag
0.233 Received: b'O"Y\xd3\x00\x00\x00E\x9d{\xe3dP\x10\x16\xb0\x00\x00\x00\x00mprehensam nam, '...
0.234 Disassembled: source: 20258, dest: 22995, seq: 69, ack: 2642142052, window: 5808, ACK, data: "mprehensam nam, "...
0.234 Error: Incorrect acknowledgement flag
0.234 Received: b'O"Y\xd3\x00\x00\x00F\x9d{\xe3eP\x10\x16\xb0\x00\x00\x00\x00'
0.234 Disassembled: source: 20258, dest: 22995, seq: 70, ack: 2642142053, window: 5808, ACK
0.234 Error: Incorrect acknowledgement flag
0.235 Received: b'O"Y\xd3\x00\x00\x00G\x9d{\xe3eP\x10\x16\xb0\x00\x00\x00\x00ilisi repudiare '...
0.235 Disassembled: source: 20258, dest: 22995, seq: 71, ack: 2642142053, window: 5808, ACK, data: "ilisi repudiare "...
0.235 Error: Incorrect acknowledgement flag
0.733 Sent: b'Y\xd3O"\x9d{\xe3c\x00\x00\x00BP\x10\x16\xb0\x00\x00\x00\x00'
0.734 Received: b'O"Y\xd3\x00\x00\x00H\x9d{\xe3fP\x10\x16\xb0\x00\x00\x00\x00'
0.735 Disassembled: source: 20258, dest: 22995, seq: 72, ack: 2642142054, window: 5808, ACK
0.735 Error: Incorrect acknowledgement flag
0.736 Received: b'O"Y\xd3\x00\x00\x00I\x9d{\xe3fP\x10\x16\xb0\x00\x00\x00\x00ta.\n\nEt essent s'...
0.736 Disassembled: source: 20258, dest: 22995, seq: 73, ack: 2642142054, window: 5808, ACK, data: "ta.

Et essent s"...
0.736 Error: Incorrect acknowledgement flag
1.233 Sent: b'Y\xd3O"\x9d{\xe3c\x00\x00\x00BP\x10\x16\xb0\x00\x00\x00\x00'
1.236 Received: b'O"Y\xd3\x00\x00\x00J\x9d{\xe3gP\x10\x16\xb0\x00\x00\x00\x00'
1.236 Disassembled: source: 20258, dest: 22995, seq: 74, ack: 2642142055, window: 5808, ACK
1.236 Error: Incorrect acknowledgement flag
1.238 Received: b'O"Y\xd3\x00\x00\x00K\x9d{\xe3gP\x10\x16\xb0\x00\x00\x00\x00 Nihil tractatos'...
1.238 Disassembled: source: 20258, dest: 22995, seq: 75, ack: 2642142055, window: 5808, ACK, data: " Nihil tractatos"...
1.239 Error: Incorrect acknowledgement flag
1.733 Sent: b'Y\xd3O"\x9d{\xe3c\x00\x00\x00BP\x10\x16\xb0\x00\x00\x00\x00'
1.735 Received: b'O"Y\xd3\x00\x00\x00L\x9d{\xe3hP\x10\x16\xb0\x00\x00\x00\x00'
1.735 Disassembled: source: 20258, dest: 22995, seq: 76, ack: 2642142056, window: 5808, ACK
1.735 Error: Incorrect acknowledgement flag
1.736 Received: b'O"Y\xd3\x00\x00\x00M\x9d{\xe3hP\x10\x16\xb0\x00\x00\x00\x00fert iuvaret sap'...
1.736 Disassembled: source: 20258, dest: 22995, seq: 77, ack: 2642142056, window: 5808, ACK, data: "fert iuvaret sap"...
1.736 Error: Incorrect acknowledgement flag
2.234 Sent: b'Y\xd3O"\x9d{\xe3c\x00\x00\x00BP\x10\x16\xb0\x00\x00\x00\x00'
2.236 Received: b'O"Y\xd3\x00\x00\x00N\x9d{\xe3iP\x10\x16\xb0\x00\x00\x00\x00'
2.237 Disassembled: source: 20258, dest: 22995, seq: 78, ack: 2642142057, window: 5808, ACK
2.237 Error: Incorrect acknowledgement flag
2.238 Received: b'O"Y\xd3\x00\x00\x00O\x9d{\xe3iP\x10\x16\xb0\x00\x00\x00\x00ram adipiscing, '...
2.238 Disassembled: source: 20258, dest: 22995, seq: 79, ack: 2642142057, window: 5808, ACK, data: "ram adipiscing, "...
2.238 Error: Incorrect acknowledgement flag
2.734 Error: Connection timed out
2.734 Closed connection
2.739 Shutting down
