0.000 NEW RUN: Server, TEST: Read_file__No_file_extension
0.219 Received: b'\xe6\xf5\x1f\xf9\x00\x00\x00N\x00\x00\x00\x00P\x02\x05\xa8\x00\x00\x00\x00'
0.219 Disassembled: source: 59125, dest: 8185, seq: 78, window: 1448, SYN
0.219 SYN accepted; new connection: 127.0.0.1 on port 59125
0.220 Assembling: source: 8185, dest: 59125, seq: 1581176810, ack: 79, window: 1448, ACK, SYN
0.220 Sent: b'\x1f\xf9\xe6\xf5^>\xd7\xea\x00\x00\x00OP\x12\x05\xa8\x00\x00\x00\x00'
0.222 Received: b'\xe6\xf5\x1f\xf9\x00\x00\x00O^>\xd7\xebP\x10\x05\xa8\x00\x00\x00\x00'
0.222 Disassembled: source: 59125, dest: 8185, seq: 79, ack: 1581176811, window: 1448, ACK
0.222 Handshake complete
0.223 Acknowledged seq: 1581176810
0.223 Assembling: source: 8185, dest: 59125, seq: 1581176811, ack: 80, window: 1448, data: "Lorem ipsum dolo"...
0.223 Sent: b'\x1f\xf9\xe6\xf5^>\xd7\xeb\x00\x00\x00PP\x00\x05\xa8\x00\x00\x00\x00Lorem ipsum dolo'...
0.723 Sent: b'\x1f\xf9\xe6\xf5^>\xd7\xeb\x00\x00\x00PP\x00\x05\xa8\x00\x00\x00\x00Lorem ipsum dolo'...
1.224 Sent: b'\x1f\xf9\xe6\xf5^>\xd7\xeb\x00\x00\x00PP\x00\x05\xa8\x00\x00\x00\x00Lorem ipsum dolo'...
1.724 Sent: b'\x1f\xf9\xe6\xf5^>\xd7\xeb\x00\x00\x00PP\x00\x05\xa8\x00\x00\x00\x00Lorem ipsum dolo'...
2.225 Sent: b'\x1f\xf9\xe6\xf5^>\xd7\xeb\x00\x00\x00PP\x00\x05\xa8\x00\x00\x00\x00Lorem ipsum dolo'...
2.725 Sent: b'\x1f\xf9\xe6\xf5^>\xd7\xeb\x00\x00\x00PP\x00\x05\xa8\x00\x00\x00\x00Lorem ipsum dolo'...
3.225 Error: Connection timed out
3.226 Closed connection
3.226 Shutting down
