0.000 NEW RUN: Server, TEST: Read_file__Random_drops
0.219 Received: b'\x8f d\xd9\x00\x00\x00\x01\x00\x00\x00\x00P\x02\x05\xa8\x00\x00\x00\x00'
0.220 Disassembled: source: 36640, dest: 25817, seq: 1, window: 1448, SYN
0.220 SYN accepted; new connection: 127.0.0.1 on port 36640
0.220 Assembling: source: 25817, dest: 36640, seq: 1607924964, ack: 2, window: 1448, ACK, SYN
0.220 Sent: b'd\xd9\x8f _\xd6\xfc\xe4\x00\x00\x00\x02P\x12\x05\xa8\x00\x00\x00\x00'
0.222 Received: b'\x8f d\xd9\x00\x00\x00\x02_\xd6\xfc\xe5P\x10\x05\xa8\x00\x00\x00\x00'
0.222 Disassembled: source: 36640, dest: 25817, seq: 2, ack: 1607924965, window: 1448, ACK
0.223 Handshake complete
0.223 Acknowledged seq: 1607924964
0.223 Assembling: source: 25817, dest: 36640, seq: 1607924965, ack: 3, window: 1448, data: "Lorem ipsum dolo"...
0.223 Sent: b'd\xd9\x8f _\xd6\xfc\xe5\x00\x00\x00\x03P\x00\x05\xa8\x00\x00\x00\x00Lorem ipsum dolo'...
0.723 Sent: b'd\xd9\x8f _\xd6\xfc\xe5\x00\x00\x00\x03P\x00\x05\xa8\x00\x00\x00\x00Lorem ipsum dolo'...
1.224 Sent: b'd\xd9\x8f _\xd6\xfc\xe5\x00\x00\x00\x03P\x00\x05\xa8\x00\x00\x00\x00Lorem ipsum dolo'...
1.724 Sent: b'd\xd9\x8f _\xd6\xfc\xe5\x00\x00\x00\x03P\x00\x05\xa8\x00\x00\x00\x00Lorem ipsum dolo'...
2.225 Sent: b'd\xd9\x8f _\xd6\xfc\xe5\x00\x00\x00\x03P\x00\x05\xa8\x00\x00\x00\x00Lorem ipsum dolo'...
2.725 Sent: b'd\xd9\x8f _\xd6\xfc\xe5\x00\x00\x00\x03P\x00\x05\xa8\x00\x00\x00\x00Lorem ipsum dolo'...
3.225 Error: Connection timed out
3.226 Closed connection
3.226 Shutting down
