0.000 NEW RUN: Server, TEST: Read_file__Very_large_multi-packet
0.212 Received: b'\x83\x98>\xe4\x00\x00\x00\x10\x00\x00\x00\x00P\x02\x05\xa8\x00\x00\x00\x00'
0.213 Disassembled: source: 33688, dest: 16100, seq: 16, window: 1448, SYN
0.213 SYN accepted; new connection: 127.0.0.1 on port 33688
0.213 Assembling: source: 16100, dest: 33688, seq: 1660761583, ack: 17, window: 1448, ACK, SYN
0.214 Sent: b'>\xe4\x83\x98b\xfd5\xef\x00\x00\x00\x11P\x12\x05\xa8\x00\x00\x00\x00'
0.215 Received: b'\x83\x98>\xe4\x00\x00\x00\x11b\xfd5\xf0P\x10\x05\xa8\x00\x00\x00\x00'
0.215 Disassembled: source: 33688, dest: 16100, seq: 17, ack: 1660761584, window: 1448, ACK
0.216 Handshake complete
0.216 Acknowledged seq: 1660761583
0.216 Assembling: source: 16100, dest: 33688, seq: 1660761584, ack: 18, window: 1448, data: b'@\x96o\xec!c\x93Z\xed\x08f\xcd}`>&'...
0.216 Sent: b'>\xe4\x83\x98b\xfd5\xf0\x00\x00\x00\x12P\x00\x05\xa8\x00\x00\x00\x00@\x96o\xec!c\x93Z\xed\x08f\xcd}`>&'...
0.716 Sent: b'>\xe4\x83\x98b\xfd5\xf0\x00\x00\x00\x12P\x00\x05\xa8\x00\x00\x00\x00@\x96o\xec!c\x93Z\xed\x08f\xcd}`>&'...
1.217 Sent: b'>\xe4\x83\x98b\xfd5\xf0\x00\x00\x00\x12P\x00\x05\xa8\x00\x00\x00\x00@\x96o\xec!c\x93Z\xed\x08f\xcd}`>&'...
1.717 Sent: b'>\xe4\x83\x98b\xfd5\xf0\x00\x00\x00\x12P\x00\x05\xa8\x00\x00\x00\x00@\x96o\xec!c\x93Z\xed\x08f\xcd}`>&'...
2.218 Sent: b'>\xe4\x83\x98b\xfd5\xf0\x00\x00\x00\x12P\x00\x05\xa8\x00\x00\x00\x00@\x96o\xec!c\x93Z\xed\x08f\xcd}`>&'...
2.718 Sent: b'>\xe4\x83\x98b\xfd5\xf0\x00\x00\x00\x12P\x00\x05\xa8\x00\x00\x00\x00@\x96o\xec!c\x93Z\xed\x08f\xcd}`>&'...
3.218 Error: Connection timed out
3.219 Closed connection
3.219 Shutting down
