0.000 NEW RUN: Server, TEST: Read_file__Small_multi-packet
0.210 Received: b'7\x01\xacN\x00\x00\x00\x01\x00\x00\x00\x00P\x02\x05\xa8\x00\x00\x00\x00'
0.210 Disassembled: source: 14081, dest: 44110, seq: 1, window: 1448, SYN
0.211 SYN accepted; new connection: 127.0.0.1 on port 14081
0.211 Assembling: source: 44110, dest: 14081, seq: 1557058290, ack: 2, window: 1448, ACK, SYN
0.211 Sent: b'\xacN7\x01\\\xce\xd2\xf2\x00\x00\x00\x02P\x12\x05\xa8\x00\x00\x00\x00'
0.213 Received: b'7\x01\xacN\x00\x00\x00\x02\\\xce\xd2\xf3P\x10\x05\xa8\x00\x00\x00\x00'
0.213 Disassembled: source: 14081, dest: 44110, seq: 2, ack: 1557058291, window: 1448, ACK
0.213 Handshake complete
0.214 Acknowledged seq: 1557058290
0.214 Assembling: source: 44110, dest: 14081, seq: 1557058291, ack: 3, window: 1448, data: "Lorem ipsum dolo"...
0.214 Sent: b'\xacN7\x01\\\xce\xd2\xf3\x00\x00\x00\x03P\x00\x05\xa8\x00\x00\x00\x00Lorem ipsum dolo'...
0.714 Sent: b'\xacN7\x01\\\xce\xd2\xf3\x00\x00\x00\x03P\x00\x05\xa8\x00\x00\x00\x00Lorem ipsum dolo'...
1.215 Sent: b'\xacN7\x01\\\xce\xd2\xf3\x00\x00\x00\x03P\x00\x05\xa8\x00\x00\x00\x00Lorem ipsum dolo'...
1.715 Sent: b'\xacN7\x01\\\xce\xd2\xf3\x00\x00\x00\x03P\x00\x05\xa8\x00\x00\x00\x00Lorem ipsum dolo'...
2.216 Sent: b'\xacN7\x01\\\xce\xd2\xf3\x00\x00\x00\x03P\x00\x05\xa8\x00\x00\x00\x00Lorem ipsum dolo'...
2.716 Sent: b'\xacN7\x01\\\xce\xd2\xf3\x00\x00\x00\x03P\x00\x05\xa8\x00\x00\x00\x00Lorem ipsum dolo'...
3.216 Error: Connection timed out
3.217 Closed connection
3.218 Shutting down
