0.000 NEW RUN: Server, TEST: Read_file__Large_multi-packet
0.209 Received: b'q\x8bU\xa8\x00\x00\x00,\x00\x00\x00\x00P\x02\x05\xa8\x00\x00\x00\x00'
0.209 Disassembled: source: 29067, dest: 21928, seq: 44, window: 1448, SYN
0.210 SYN accepted; new connection: 127.0.0.1 on port 29067
0.210 Assembling: source: 21928, dest: 29067, seq: 1569110290, ack: 45, window: 1448, ACK, SYN
0.210 Sent: b'U\xa8q\x8b]\x86\xb9\x12\x00\x00\x00-P\x12\x05\xa8\x00\x00\x00\x00'
0.211 Received: b'q\x8bU\xa8\x00\x00\x00-]\x86\xb9\x13P\x10\x05\xa8\x00\x00\x00\x00'
0.212 Disassembled: source: 29067, dest: 21928, seq: 45, ack: 1569110291, window: 1448, ACK
0.212 Handshake complete
0.212 Acknowledged seq: 1569110290
0.212 Assembling: source: 21928, dest: 29067, seq: 1569110291, ack: 46, window: 1448, data: "Lorem ipsum dolo"...
0.212 Sent: b'U\xa8q\x8b]\x86\xb9\x13\x00\x00\x00.P\x00\x05\xa8\x00\x00\x00\x00Lorem ipsum dolo'...
0.713 Sent: b'U\xa8q\x8b]\x86\xb9\x13\x00\x00\x00.P\x00\x05\xa8\x00\x00\x00\x00Lorem ipsum dolo'...
1.213 Sent: b'U\xa8q\x8b]\x86\xb9\x13\x00\x00\x00.P\x00\x05\xa8\x00\x00\x00\x00Lorem ipsum dolo'...
1.713 Sent: b'U\xa8q\x8b]\x86\xb9\x13\x00\x00\x00.P\x00\x05\xa8\x00\x00\x00\x00Lorem ipsum dolo'...
2.214 Sent: b'U\xa8q\x8b]\x86\xb9\x13\x00\x00\x00.P\x00\x05\xa8\x00\x00\x00\x00Lorem ipsum dolo'...
2.714 Sent: b'U\xa8q\x8b]\x86\xb9\x13\x00\x00\x00.P\x00\x05\xa8\x00\x00\x00\x00Lorem ipsum dolo'...
3.215 Error: Connection timed out
3.215 Closed connection
3.215 Shutting down
