0.000 NEW RUN: Server, TEST: Write_file__Very_large_multi-packet
0.212 Received: b'\xa1v|\xa9\x00\x00\x00\x06\x00\x00\x00\x00P\x02\x05\xa8\x00\x00\x00\x00'
0.213 Disassembled: source: 41334, dest: 31913, seq: 6, window: 1448, SYN
0.213 SYN accepted; new connection: 127.0.0.1 on port 41334
0.214 Assembling: source: 31913, dest: 41334, seq: 1672824452, ack: 7, window: 5808, ACK, SYN
0.214 Sent: b'|\xa9\xa1vc\xb5F\x84\x00\x00\x00\x07P\x12\x16\xb0\x00\x00\x00\x00'
0.216 Received: b'\xa1v|\xa9\x00\x00\x00\x07c\xb5F\x85P\x10\x16\xb0\x00\x00\x00\x00'
0.216 Disassembled: source: 41334, dest: 31913, seq: 7, ack: 1672824453, window: 5808, ACK
0.217 Assembling: source: 31913, dest: 41334, seq: 1672824453, ack: 7, window: 5808, ACK
0.217 Sent: b'|\xa9\xa1vc\xb5F\x85\x00\x00\x00\x07P\x10\x16\xb0\x00\x00\x00\x00'
0.218 Received: b'\xa1v|\xa9\x00\x00\x00\x08c\xb5F\x85P\x10\x16\xb0\x00\x00\x00\x00\x00\x00\x00\x00@\x96o\xec!c\x93Z\xed\x08f\xcd'...
0.218 Disassembled: source: 41334, dest: 31913, seq: 8, ack: 1672824453, window: 5808, ACK, data: b'\x00\x00\x00\x00@\x96o\xec!c\x93Z\xed\x08f\xcd'...
0.218 Handshake complete
0.219 Data accepted; adding to buffer
0.219 Assembling: source: 31913, dest: 41334, seq: 1672824453, ack: 7, window: 5808, ACK
0.219 Sent: b'|\xa9\xa1vc\xb5F\x85\x00\x00\x00\x07P\x10\x16\xb0\x00\x00\x00\x00'
0.219 Received: b'\xa1v|\xa9\x00\x00\x00\tc\xb5F\x85P\x10\x16\xb0\x00\x00\x00\x00\x00\x00\x00\x00\xcf\xc8\x9b\xa1\xda\x8aQ^\xb7~?\xf6'...
0.219 Disassembled: source: 41334, dest: 31913, seq: 9, ack: 1672824453, window: 5808, ACK, data: b'\x00\x00\x00\x00\xcf\xc8\x9b\xa1\xda\x8aQ^\xb7~?\xf6'...
0.220 Error: Incorrect acknowledgement flag
0.220 Received: b'\xa1v|\xa9\x00\x00\x00\nc\xb5F\x85P\x10\x16\xb0\x00\x00\x00\x00\x00\x00\x00\x00B\x87\x8a\xb0C\r1JP\x16O\xcd'...
0.221 Disassembled: source: 41334, dest: 31913, seq: 10, ack: 1672824453, window: 5808, ACK, data: b'\x00\x00\x00\x00B\x87\x8a\xb0C\r1JP\x16O\xcd'...
0.221 Error: Incorrect acknowledgement flag
0.719 Sent: b'|\xa9\xa1vc\xb5F\x85\x00\x00\x00\x07P\x10\x16\xb0\x00\x00\x00\x00'
0.722 Received: b'\xa1v|\xa9\x00\x00\x00\x0bc\xb5F\x85P\x10\x16\xb0\x00\x00\x00\x00\x00\x00\x00\x00W7z%\x88\xa6(\xf8\x9d\x11\xd5~'...
0.722 Disassembled: source: 41334, dest: 31913, seq: 11, ack: 1672824453, window: 5808, ACK, data: b'\x00\x00\x00\x00W7z%\x88\xa6(\xf8\x9d\x11\xd5~'...
0.722 Error: Incorrect acknowledgement flag
1.220 Sent: b'|\xa9\xa1vc\xb5F\x85\x00\x00\x00\x07P\x10\x16\xb0\x00\x00\x00\x00'
1.222 Received: b'\xa1v|\xa9\x00\x00\x00\x0cc\xb5F\x85P\x10\x16\xb0\x00\x00\x00\x00\x00\x00\x00\x00\xff\x8d\xa3u=\xa5#YN\xa8\x99U'...
1.223 Disassembled: source: 41334, dest: 31913, seq: 12, ack: 1672824453, window: 5808, ACK, data: b'\x00\x00\x00\x00\xff\x8d\xa3u=\xa5#YN\xa8\x99U'...
1.223 Error: Incorrect acknowledgement flag
1.720 Sent: b'|\xa9\xa1vc\xb5F\x85\x00\x00\x00\x07P\x10\x16\xb0\x00\x00\x00\x00'
1.723 Received: b'\xa1v|\xa9\x00\x00\x00\rc\xb5F\x85P\x10\x16\xb0\x00\x00\x00\x00\x00\x00\x00\x00\xb5\xfd\xe7\x16\xfb\xe5\xd1\xb4vy\x8d\\'...
1.723 Disassembled: source: 41334, dest: 31913, seq: 13, ack: 1672824453, window: 5808, ACK, data: b'\x00\x00\x00\x00\xb5\xfd\xe7\x16\xfb\xe5\xd1\xb4vy\x8d\\'...
1.723 Error: Incorrect acknowledgement flag
2.220 Sent: b'|\xa9\xa1vc\xb5F\x85\x00\x00\x00\x07P\x10\x16\xb0\x00\x00\x00\x00'
2.223 Received: b'\xa1v|\xa9\x00\x00\x00\x0ec\xb5F\x85P\x10\x16\xb0\x00\x00\x00\x00\x00\x00\x00\x00j\x00N.K0F\xa3|l\x1b\xbe'...
2.224 Disassembled: source: 41334, dest: 31913, seq: 14, ack: 1672824453, window: 5808, ACK, data: b'\x00\x00\x00\x00j\x00N.K0F\xa3|l\x1b\xbe'...
2.224 Error: Incorrect acknowledgement flag
2.721 Error: Connection timed out
2.721 Closed connection
2.724 Shutting down
