0.000 NEW RUN: Server, TEST: Read_file__Large_multi-packet
0.221 Received: b'\xc9?\x1bN\x00\x00\x00d\x00\x00\x00\x00P\x02\x05\xa8\x00\x00\x00\x00'
0.222 Disassembled: source: 51519, dest: 6990, seq: 100, window: 1448, SYN
0.222 SYN accepted; new connection: 127.0.0.1 on port 51519
0.222 Assembling: source: 6990, dest: 51519, seq: 1944209511, ack: 101, window: 1448, ACK, SYN
0.223 Sent: b'\x1bN\xc9?s\xe2Hg\x00\x00\x00eP\x12\x05\xa8\x00\x00\x00\x00'
0.226 Received: b'\xc9?\x1bN\x00\x00\x00es\xe2HhP\x10\x05\xa8\x00\x00\x00\x00'
0.227 Disassembled: source: 51519, dest: 6990, seq: 101, ack: 1944209512, window: 1448, ACK
0.227 Handshake complete
0.227 Acknowledged seq: 1944209511
0.227 Assembling: source: 6990, dest: 51519, seq: 1944209512, ack: 102, window: 1448, data: "Lorem ipsum dolo"...
0.227 Sent: b'\x1bN\xc9?s\xe2Hh\x00\x00\x00fP\x00\x05\xa8\x00\x00\x00\x00Lorem ipsum dolo'...
0.230 Received: b'\xc9?\x1bN\x00\x00\x00es\xe2N\x10P\x10\x05\xa8\x00\x00\x00\x00'
0.231 Disassembled: source: 51519, dest: 6990, seq: 101, ack: 1944210960, window: 1448, ACK
0.231 Acknowledged seq: 1944209512
0.231 Assembling: source: 6990, dest: 51519, seq: 1944210960, ack: 102, window: 1448, data: "mprehensam nam, "...
0.231 Sent: b'\x1bN\xc9?s\xe2N\x10\x00\x00\x00fP\x00\x05\xa8\x00\x00\x00\x00mprehensam nam, '...
0.234 Received: b'\xc9?\x1bN\x00\x00\x00es\xe2S\xb8P\x10\x05\xa8\x00\x00\x00\x00'
0.235 Disassembled: source: 51519, dest: 6990, seq: 101, ack: 1944212408, window: 1448, ACK
0.235 Acknowledged seq: 1944210960
0.235 Assembling: source: 6990, dest: 51519, seq: 1944212408, ack: 102, window: 1448, data: "ilisi repudiare "...
0.235 Sent: b'\x1bN\xc9?s\xe2S\xb8\x00\x00\x00fP\x00\x05\xa8\x00\x00\x00\x00ilisi repudiare '...
0.238 Received: b'\xc9?\x1bN\x00\x00\x00es\xe2Y`P\x10\x05\xa8\x00\x00\x00\x00'
0.239 Disassembled: source: 51519, dest: 6990, seq: 101, ack: 1944213856, window: 1448, ACK
0.239 Acknowledged seq: 1944212408
0.239 Assembling: source: 6990, dest: 51519, seq: 1944213856, ack: 102, window: 1448, data: "ta.

Et essent s"...
0.239 Sent: b'\x1bN\xc9?s\xe2Y`\x00\x00\x00fP\x00\x05\xa8\x00\x00\x00\x00ta.\n\nEt essent s'...
0.241 Received: b'\xc9?\x1bN\x00\x00\x00es\xe2_\x08P\x10\x05\xa8\x00\x00\x00\x00'
0.241 Disassembled: source: 51519, dest: 6990, seq: 101, ack: 1944215304, window: 1448, ACK
0.242 Acknowledged seq: 1944213856
0.242 Assembling: source: 6990, dest: 51519, seq: 1944215304, ack: 102, window: 1448, data: " Nihil tractatos"...
0.242 Sent: b'\x1bN\xc9?s\xe2_\x08\x00\x00\x00fP\x00\x05\xa8\x00\x00\x00\x00 Nihil tractatos'...
0.244 Received: b'\xc9?\x1bN\x00\x00\x00es\xe2d\xb0P\x10\x05\xa8\x00\x00\x00\x00'
0.244 Disassembled: source: 51519, dest: 6990, seq: 101, ack: 1944216752, window: 1448, ACK
0.244 Acknowledged seq: 1944215304
0.245 Assembling: source: 6990, dest: 51519, seq: 1944216752, ack: 102, window: 1448, data: "fert iuvaret sap"...
0.245 Sent: b'\x1bN\xc9?s\xe2d\xb0\x00\x00\x00fP\x00\x05\xa8\x00\x00\x00\x00fert iuvaret sap'...
0.247 Received: b'\xc9?\x1bN\x00\x00\x00es\xe2jXP\x10\x05\xa8\x00\x00\x00\x00'
0.247 Disassembled: source: 51519, dest: 6990, seq: 101, ack: 1944218200, window: 1448, ACK
0.247 Acknowledged seq: 1944216752
0.247 Assembling: source: 6990, dest: 51519, seq: 1944218200, ack: 102, window: 1448, data: "ram adipiscing, "...
0.248 Sent: b'\x1bN\xc9?s\xe2jX\x00\x00\x00fP\x00\x05\xa8\x00\x00\x00\x00ram adipiscing, '...
0.250 Received: b'\xc9?\x1bN\x00\x00\x00es\xe2p\x00P\x10\x05\xa8\x00\x00\x00\x00'
0.250 Disassembled: source: 51519, dest: 6990, seq: 101, ack: 1944219648, window: 1448, ACK
0.250 Acknowledged seq: 1944218200
0.250 Assembling: source: 6990, dest: 51519, seq: 1944219648, ack: 102, window: 1448, data: "m veritus vivend"...
0.251 Sent: b'\x1bN\xc9?s\xe2p\x00\x00\x00\x00fP\x00\x05\xa8\x00\x00\x00\x00m veritus vivend'...
0.253 Received: b'\xc9?\x1bN\x00\x00\x00es\xe2u\xa8P\x10\x05\xa8\x00\x00\x00\x00'
0.253 Disassembled: source: 51519, dest: 6990, seq: 101, ack: 1944221096, window: 1448, ACK
0.253 Acknowledged seq: 1944219648
0.253 Assembling: source: 6990, dest: 51519, seq: 1944221096, ack: 102, window: 1448, data: " delenit, ignota"...
0.254 Sent: b'\x1bN\xc9?s\xe2u\xa8\x00\x00\x00fP\x00\x05\xa8\x00\x00\x00\x00 delenit, ignota'...
0.256 Received: b'\xc9?\x1bN\x00\x00\x00es\xe2{PP\x10\x05\xa8\x00\x00\x00\x00'
0.256 Disassembled: source: 51519, dest: 6990, seq: 101, ack: 1944222544, window: 1448, ACK
0.256 Acknowledged seq: 1944221096
0.256 Assembling: source: 6990, dest: 51519, seq: 1944222544, ack: 102, window: 1448, data: "se explicari des"...
0.257 Sent: b'\x1bN\xc9?s\xe2{P\x00\x00\x00fP\x00\x05\xa8\x00\x00\x00\x00se explicari des'...
0.258 Received: b'\xc9?\x1bN\x00\x00\x00es\xe2\x80\xf8P\x10\x05\xa8\x00\x00\x00\x00'
0.259 Disassembled: source: 51519, dest: 6990, seq: 101, ack: 1944223992, window: 1448, ACK
0.259 Acknowledged seq: 1944222544
0.259 Assembling: source: 6990, dest: 51519, seq: 1944223992, ack: 102, window: 1448, data: "piscing, in modo"...
0.260 Sent: b'\x1bN\xc9?s\xe2\x80\xf8\x00\x00\x00fP\x00\x05\xa8\x00\x00\x00\x00piscing, in modo'...
0.261 Received: b'\xc9?\x1bN\x00\x00\x00es\xe2\x86\xa0P\x10\x05\xa8\x00\x00\x00\x00'
0.262 Disassembled: source: 51519, dest: 6990, seq: 101, ack: 1944225440, window: 1448, ACK
0.262 Acknowledged seq: 1944223992
0.262 Assembling: source: 6990, dest: 51519, seq: 1944225440, ack: 102, window: 1448, data: "o copiosae tacim"...
0.262 Sent: b'\x1bN\xc9?s\xe2\x86\xa0\x00\x00\x00fP\x00\x05\xa8\x00\x00\x00\x00o copiosae tacim'...
0.264 Received: b'\xc9?\x1bN\x00\x00\x00es\xe2\x8cHP\x10\x05\xa8\x00\x00\x00\x00'
0.265 Disassembled: source: 51519, dest: 6990, seq: 101, ack: 1944226888, window: 1448, ACK
0.265 Acknowledged seq: 1944225440
0.265 Assembling: source: 6990, dest: 51519, seq: 1944226888, ack: 102, window: 1448, data: "am. Pri ne antio"...
0.265 Sent: b'\x1bN\xc9?s\xe2\x8cH\x00\x00\x00fP\x00\x05\xa8\x00\x00\x00\x00am. Pri ne antio'...
0.267 Received: b'\xc9?\x1bN\x00\x00\x00es\xe2\x91\xf0P\x10\x05\xa8\x00\x00\x00\x00'
0.268 Disassembled: source: 51519, dest: 6990, seq: 101, ack: 1944228336, window: 1448, ACK
0.268 Acknowledged seq: 1944226888
0.268 Assembling: source: 6990, dest: 51519, seq: 1944228336, ack: 102, window: 1448, data: "to no. Elitr pos"...
0.268 Sent: b'\x1bN\xc9?s\xe2\x91\xf0\x00\x00\x00fP\x00\x05\xa8\x00\x00\x00\x00to no. Elitr pos'...
0.270 Received: b'\xc9?\x1bN\x00\x00\x00es\xe2\x97\x98P\x10\x05\xa8\x00\x00\x00\x00'
0.271 Disassembled: source: 51519, dest: 6990, seq: 101, ack: 1944229784, window: 1448, ACK
0.271 Acknowledged seq: 1944228336
0.271 Assembling: source: 6990, dest: 51519, seq: 1944229784, ack: 102, window: 1448, data: "pretaris, sea ex"...
0.271 Sent: b'\x1bN\xc9?s\xe2\x97\x98\x00\x00\x00fP\x00\x05\xa8\x00\x00\x00\x00pretaris, sea ex'...
0.273 Received: b'\xc9?\x1bN\x00\x00\x00es\xe2\x9d@P\x10\x05\xa8\x00\x00\x00\x00'
0.274 Disassembled: source: 51519, dest: 6990, seq: 101, ack: 1944231232, window: 1448, ACK
0.274 Acknowledged seq: 1944229784
0.274 Assembling: source: 6990, dest: 51519, seq: 1944231232, ack: 102, window: 1448, data: "oporteat inimicu"...
0.274 Sent: b'\x1bN\xc9?s\xe2\x9d@\x00\x00\x00fP\x00\x05\xa8\x00\x00\x00\x00oporteat inimicu'...
0.276 Received: b'\xc9?\x1bN\x00\x00\x00es\xe2\xa2\xe8P\x10\x05\xa8\x00\x00\x00\x00'
0.277 Disassembled: source: 51519, dest: 6990, seq: 101, ack: 1944232680, window: 1448, ACK
0.277 Acknowledged seq: 1944231232
0.277 Assembling: source: 6990, dest: 51519, seq: 1944232680, ack: 102, window: 1448, data: "ligendi officiis"...
0.277 Sent: b'\x1bN\xc9?s\xe2\xa2\xe8\x00\x00\x00fP\x00\x05\xa8\x00\x00\x00\x00ligendi officiis'...
0.279 Received: b'\xc9?\x1bN\x00\x00\x00es\xe2\xa8\x90P\x10\x05\xa8\x00\x00\x00\x00'
0.280 Disassembled: source: 51519, dest: 6990, seq: 101, ack: 1944234128, window: 1448, ACK
0.280 Acknowledged seq: 1944232680
0.280 Assembling: source: 6990, dest: 51519, seq: 1944234128, ack: 102, window: 1448, data: "no vel regione i"...
0.281 Sent: b'\x1bN\xc9?s\xe2\xa8\x90\x00\x00\x00fP\x00\x05\xa8\x00\x00\x00\x00no vel regione i'...
0.282 Received: b'\xc9?\x1bN\x00\x00\x00es\xe2\xae8P\x10\x05\xa8\x00\x00\x00\x00'
0.283 Disassembled: source: 51519, dest: 6990, seq: 101, ack: 1944235576, window: 1448, ACK
0.283 Acknowledged seq: 1944234128
0.283 Assembling: source: 6990, dest: 51519, seq: 1944235576, ack: 102, window: 1448, data: "ibus vis ex, pro"...
0.284 Sent: b'\x1bN\xc9?s\xe2\xae8\x00\x00\x00fP\x00\x05\xa8\x00\x00\x00\x00ibus vis ex, pro'...
0.286 Received: b'\xc9?\x1bN\x00\x00\x00es\xe2\xb3\xe0P\x10\x05\xa8\x00\x00\x00\x00'
0.286 Disassembled: source: 51519, dest: 6990, seq: 101, ack: 1944237024, window: 1448, ACK
0.286 Acknowledged seq: 1944235576
0.286 Assembling: source: 6990, dest: 51519, seq: 1944237024, ack: 102, window: 1448, data: "o vix, mel ea li"...
0.287 Sent: b'\x1bN\xc9?s\xe2\xb3\xe0\x00\x00\x00fP\x00\x05\xa8\x00\x00\x00\x00o vix, mel ea li'...
0.289 Received: b'\xc9?\x1bN\x00\x00\x00es\xe2\xb9\x88P\x10\x05\xa8\x00\x00\x00\x00'
0.289 Disassembled: source: 51519, dest: 6990, seq: 101, ack: 1944238472, window: 1448, ACK
0.289 Acknowledged seq: 1944237024
0.290 Assembling: source: 6990, dest: 51519, seq: 1944238472, ack: 102, window: 1448, data: "d. Ex fugit suav"...
0.290 Sent: b'\x1bN\xc9?s\xe2\xb9\x88\x00\x00\x00fP\x00\x05\xa8\x00\x00\x00\x00d. Ex fugit suav'...
0.292 Received: b'\xc9?\x1bN\x00\x00\x00es\xe2\xbf0P\x10\x05\xa8\x00\x00\x00\x00'
0.292 Disassembled: source: 51519, dest: 6990, seq: 101, ack: 1944239920, window: 1448, ACK
0.293 Acknowledged seq: 1944238472
0.293 Assembling: source: 6990, dest: 51519, seq: 1944239920, ack: 102, window: 1448, data: "pertinax nec. De"...
0.293 Sent: b'\x1bN\xc9?s\xe2\xbf0\x00\x00\x00fP\x00\x05\xa8\x00\x00\x00\x00pertinax nec. De'...
0.295 Received: b'\xc9?\x1bN\x00\x00\x00es\xe2\xc4\xd8P\x10\x05\xa8\x00\x00\x00\x00'
0.296 Disassembled: source: 51519, dest: 6990, seq: 101, ack: 1944241368, window: 1448, ACK
0.296 Acknowledged seq: 1944239920
0.296 Assembling: source: 6990, dest: 51519, seq: 1944241368, ack: 102, window: 1448, data: "lli primis praes"...
0.297 Sent: b'\x1bN\xc9?s\xe2\xc4\xd8\x00\x00\x00fP\x00\x05\xa8\x00\x00\x00\x00lli primis praes'...
0.298 Received: b'\xc9?\x1bN\x00\x00\x00es\xe2\xca\x80P\x10\x05\xa8\x00\x00\x00\x00'
0.299 Disassembled: source: 51519, dest: 6990, seq: 101, ack: 1944242816, window: 1448, ACK
0.299 Acknowledged seq: 1944241368
0.299 Assembling: source: 6990, dest: 51519, seq: 1944242816, ack: 102, window: 1448, data: "m, percipit inte"...
0.300 Sent: b'\x1bN\xc9?s\xe2\xca\x80\x00\x00\x00fP\x00\x05\xa8\x00\x00\x00\x00m, percipit inte'...
0.302 Received: b'\xc9?\x1bN\x00\x00\x00es\xe2\xd0(P\x10\x05\xa8\x00\x00\x00\x00'
0.302 Disassembled: source: 51519, dest: 6990, seq: 101, ack: 1944244264, window: 1448, ACK
0.303 Acknowledged seq: 1944242816
0.303 Assembling: source: 6990, dest: 51519, seq: 1944244264, ack: 102, window: 1448, data: "nani docendi pat"...
0.303 Sent: b'\x1bN\xc9?s\xe2\xd0(\x00\x00\x00fP\x00\x05\xa8\x00\x00\x00\x00nani docendi pat'...
0.305 Received: b'\xc9?\x1bN\x00\x00\x00es\xe2\xd5\xd0P\x10\x05\xa8\x00\x00\x00\x00'
0.306 Disassembled: source: 51519, dest: 6990, seq: 101, ack: 1944245712, window: 1448, ACK
0.306 Acknowledged seq: 1944244264
0.306 Assembling: source: 6990, dest: 51519, seq: 1944245712, ack: 102, window: 1448, data: " vis decore poss"...
0.307 Sent: b'\x1bN\xc9?s\xe2\xd5\xd0\x00\x00\x00fP\x00\x05\xa8\x00\x00\x00\x00 vis decore poss'...
0.308 Received: b'\xc9?\x1bN\x00\x00\x00es\xe2\xdbxP\x10\x05\xa8\x00\x00\x00\x00'
0.309 Disassembled: source: 51519, dest: 6990, seq: 101, ack: 1944247160, window: 1448, ACK
0.309 Acknowledged seq: 1944245712
0.309 Assembling: source: 6990, dest: 51519, seq: 1944247160, ack: 102, window: 1448, data: "eam odio corpora"...
0.310 Sent: b'\x1bN\xc9?s\xe2\xdbx\x00\x00\x00fP\x00\x05\xa8\x00\x00\x00\x00eam odio corpora'...
0.312 Received: b'\xc9?\x1bN\x00\x00\x00es\xe2\xe1 P\x10\x05\xa8\x00\x00\x00\x00'
0.312 Disassembled: source: 51519, dest: 6990, seq: 101, ack: 1944248608, window: 1448, ACK
0.312 Acknowledged seq: 1944247160
0.313 Assembling: source: 6990, dest: 51519, seq: 1944248608, ack: 102, window: 1448, data: " est. Usu sanctu"...
0.313 Sent: b'\x1bN\xc9?s\xe2\xe1 \x00\x00\x00fP\x00\x05\xa8\x00\x00\x00\x00 est. Usu sanctu'...
0.315 Received: b'\xc9?\x1bN\x00\x00\x00es\xe2\xe6\xc8P\x10\x05\xa8\x00\x00\x00\x00'
0.316 Disassembled: source: 51519, dest: 6990, seq: 101, ack: 1944250056, window: 1448, ACK
0.316 Acknowledged seq: 1944248608
0.316 Assembling: source: 6990, dest: 51519, seq: 1944250056, ack: 102, window: 1448, data: ".

Mei graeco ae"...
0.317 Sent: b'\x1bN\xc9?s\xe2\xe6\xc8\x00\x00\x00fP\x00\x05\xa8\x00\x00\x00\x00.\n\nMei graeco ae'...
0.319 Received: b'\xc9?\x1bN\x00\x00\x00es\xe2\xecpP\x10\x05\xa8\x00\x00\x00\x00'
0.319 Disassembled: source: 51519, dest: 6990, seq: 101, ack: 1944251504, window: 1448, ACK
0.319 Acknowledged seq: 1944250056
0.320 Assembling: source: 6990, dest: 51519, seq: 1944251504, ack: 102, window: 1448, data: "et. Ne sea primi"...
0.320 Sent: b'\x1bN\xc9?s\xe2\xecp\x00\x00\x00fP\x00\x05\xa8\x00\x00\x00\x00et. Ne sea primi'...
0.322 Received: b'\xc9?\x1bN\x00\x00\x00es\xe2\xf2\x18P\x10\x05\xa8\x00\x00\x00\x00'
0.322 Disassembled: source: 51519, dest: 6990, seq: 101, ack: 1944252952, window: 1448, ACK
0.323 Acknowledged seq: 1944251504
0.323 Assembling: source: 6990, dest: 51519, seq: 1944252952, ack: 102, window: 1448, data: "ittam convenire."...
0.323 Sent: b'\x1bN\xc9?s\xe2\xf2\x18\x00\x00\x00fP\x00\x05\xa8\x00\x00\x00\x00ittam convenire.'...
0.325 Received: b'\xc9?\x1bN\x00\x00\x00es\xe2\xf7\xc0P\x10\x05\xa8\x00\x00\x00\x00'
0.326 Disassembled: source: 51519, dest: 6990, seq: 101, ack: 1944254400, window: 1448, ACK
0.326 Acknowledged seq: 1944252952
0.326 Assembling: source: 6990, dest: 51519, seq: 1944254400, ack: 102, window: 1448, data: "ua et vis, id eu"...
0.327 Sent: b'\x1bN\xc9?s\xe2\xf7\xc0\x00\x00\x00fP\x00\x05\xa8\x00\x00\x00\x00ua et vis, id eu'...
0.329 Received: b'\xc9?\x1bN\x00\x00\x00es\xe2\xfdhP\x10\x05\xa8\x00\x00\x00\x00'
0.329 Disassembled: source: 51519, dest: 6990, seq: 101, ack: 1944255848, window: 1448, ACK
0.329 Acknowledged seq: 1944254400
0.329 Assembling: source: 6990, dest: 51519, seq: 1944255848, ack: 102, window: 1448, data: "r. Et velit appa"...
0.330 Sent: b'\x1bN\xc9?s\xe2\xfdh\x00\x00\x00fP\x00\x05\xa8\x00\x00\x00\x00r. Et velit appa'...
0.332 Received: b'\xc9?\x1bN\x00\x00\x00es\xe3\x03\x10P\x10\x05\xa8\x00\x00\x00\x00'
0.332 Disassembled: source: 51519, dest: 6990, seq: 101, ack: 1944257296, window: 1448, ACK
0.332 Acknowledged seq: 1944255848
0.332 Assembling: source: 6990, dest: 51519, seq: 1944257296, ack: 102, window: 1448, data: " novum laudem, v"...
0.333 Sent: b'\x1bN\xc9?s\xe3\x03\x10\x00\x00\x00fP\x00\x05\xa8\x00\x00\x00\x00 novum laudem, v'...
0.335 Received: b'\xc9?\x1bN\x00\x00\x00es\xe3\x08\xb8P\x10\x05\xa8\x00\x00\x00\x00'
0.335 Disassembled: source: 51519, dest: 6990, seq: 101, ack: 1944258744, window: 1448, ACK
0.335 Acknowledged seq: 1944257296
0.335 Assembling: source: 6990, dest: 51519, seq: 1944258744, ack: 102, window: 1448, data: "luptatibus, cibo"...
0.336 Sent: b'\x1bN\xc9?s\xe3\x08\xb8\x00\x00\x00fP\x00\x05\xa8\x00\x00\x00\x00luptatibus, cibo'...
0.338 Received: b'\xc9?\x1bN\x00\x00\x00es\xe3\x0e`P\x10\x05\xa8\x00\x00\x00\x00'
0.338 Disassembled: source: 51519, dest: 6990, seq: 101, ack: 1944260192, window: 1448, ACK
0.338 Acknowledged seq: 1944258744
0.338 Assembling: source: 6990, dest: 51519, seq: 1944260192, ack: 102, window: 1448, data: "alii indoctum ma"...
0.339 Sent: b'\x1bN\xc9?s\xe3\x0e`\x00\x00\x00fP\x00\x05\xa8\x00\x00\x00\x00alii indoctum ma'...
0.341 Received: b'\xc9?\x1bN\x00\x00\x00es\xe3\x14\x08P\x10\x05\xa8\x00\x00\x00\x00'
0.341 Disassembled: source: 51519, dest: 6990, seq: 101, ack: 1944261640, window: 1448, ACK
0.341 Acknowledged seq: 1944260192
0.341 Assembling: source: 6990, dest: 51519, seq: 1944261640, ack: 102, window: 1448, data: "im, his facete c"...
0.342 Sent: b'\x1bN\xc9?s\xe3\x14\x08\x00\x00\x00fP\x00\x05\xa8\x00\x00\x00\x00im, his facete c'...
0.344 Received: b'\xc9?\x1bN\x00\x00\x00es\xe3\x19\xb0P\x10\x05\xa8\x00\x00\x00\x00'
0.344 Disassembled: source: 51519, dest: 6990, seq: 101, ack: 1944263088, window: 1448, ACK
0.344 Acknowledged seq: 1944261640
0.344 Assembling: source: 6990, dest: 51519, seq: 1944263088, ack: 102, window: 1448, data: "e alia dolor com"...
0.345 Sent: b'\x1bN\xc9?s\xe3\x19\xb0\x00\x00\x00fP\x00\x05\xa8\x00\x00\x00\x00e alia dolor com'...
0.347 Received: b'\xc9?\x1bN\x00\x00\x00es\xe3\x1fXP\x10\x05\xa8\x00\x00\x00\x00'
0.347 Disassembled: source: 51519, dest: 6990, seq: 101, ack: 1944264536, window: 1448, ACK
0.347 Acknowledged seq: 1944263088
0.347 Assembling: source: 6990, dest: 51519, seq: 1944264536, ack: 102, window: 1448, data: "it ea, reque tem"...
0.348 Sent: b'\x1bN\xc9?s\xe3\x1fX\x00\x00\x00fP\x00\x05\xa8\x00\x00\x00\x00it ea, reque tem'...
0.350 Received: b'\xc9?\x1bN\x00\x00\x00es\xe3%\x00P\x10\x05\xa8\x00\x00\x00\x00'
0.350 Disassembled: source: 51519, dest: 6990, seq: 101, ack: 1944265984, window: 1448, ACK
0.350 Acknowledged seq: 1944264536
0.350 Assembling: source: 6990, dest: 51519, seq: 1944265984, ack: 102, window: 1448, data: "alisque.

Equide"...
0.351 Sent: b'\x1bN\xc9?s\xe3%\x00\x00\x00\x00fP\x00\x05\xa8\x00\x00\x00\x00alisque.\n\nEquide'...
0.353 Received: b'\xc9?\x1bN\x00\x00\x00es\xe3*\xa8P\x10\x05\xa8\x00\x00\x00\x00'
0.353 Disassembled: source: 51519, dest: 6990, seq: 101, ack: 1944267432, window: 1448, ACK
0.353 Acknowledged seq: 1944265984
0.354 Assembling: source: 6990, dest: 51519, seq: 1944267432, ack: 102, window: 1448, data: "finitiones, affe"...
0.354 Sent: b'\x1bN\xc9?s\xe3*\xa8\x00\x00\x00fP\x00\x05\xa8\x00\x00\x00\x00finitiones, affe'...
0.356 Received: b'\xc9?\x1bN\x00\x00\x00es\xe30PP\x10\x05\xa8\x00\x00\x00\x00'
0.356 Disassembled: source: 51519, dest: 6990, seq: 101, ack: 1944268880, window: 1448, ACK
0.356 Acknowledged seq: 1944267432
0.357 Assembling: source: 6990, dest: 51519, seq: 1944268880, ack: 102, window: 1448, data: "his duis graeco "...
0.357 Sent: b'\x1bN\xc9?s\xe30P\x00\x00\x00fP\x00\x05\xa8\x00\x00\x00\x00his duis graeco '...
0.359 Received: b'\xc9?\x1bN\x00\x00\x00es\xe35\xf8P\x10\x05\xa8\x00\x00\x00\x00'
0.359 Disassembled: source: 51519, dest: 6990, seq: 101, ack: 1944270328, window: 1448, ACK
0.360 Acknowledged seq: 1944268880
0.360 Assembling: source: 6990, dest: 51519, seq: 1944270328, ack: 102, window: 1448, data: "am. Alia possit "...
0.360 Sent: b'\x1bN\xc9?s\xe35\xf8\x00\x00\x00fP\x00\x05\xa8\x00\x00\x00\x00am. Alia possit '...
0.362 Received: b'\xc9?\x1bN\x00\x00\x00es\xe3;\xa0P\x10\x05\xa8\x00\x00\x00\x00'
0.362 Disassembled: source: 51519, dest: 6990, seq: 101, ack: 1944271776, window: 1448, ACK
0.363 Acknowledged seq: 1944270328
0.363 Assembling: source: 6990, dest: 51519, seq: 1944271776, ack: 102, window: 1448, data: "cum an. Mei faci"...
0.363 Sent: b'\x1bN\xc9?s\xe3;\xa0\x00\x00\x00fP\x00\x05\xa8\x00\x00\x00\x00cum an. Mei faci'...
0.365 Received: b'\xc9?\x1bN\x00\x00\x00es\xe3AHP\x10\x05\xa8\x00\x00\x00\x00'
0.366 Disassembled: source: 51519, dest: 6990, seq: 101, ack: 1944273224, window: 1448, ACK
0.366 Acknowledged seq: 1944271776
0.366 Assembling: source: 6990, dest: 51519, seq: 1944273224, ack: 102, window: 1448, data: " vis adhuc tatio"...
0.366 Sent: b'\x1bN\xc9?s\xe3AH\x00\x00\x00fP\x00\x05\xa8\x00\x00\x00\x00 vis adhuc tatio'...
0.368 Received: b'\xc9?\x1bN\x00\x00\x00es\xe3F\xf0P\x10\x05\xa8\x00\x00\x00\x00'
0.369 Disassembled: source: 51519, dest: 6990, seq: 101, ack: 1944274672, window: 1448, ACK
0.369 Acknowledged seq: 1944273224
0.369 Assembling: source: 6990, dest: 51519, seq: 1944274672, ack: 102, window: 1448, data: "im eu option iuv"...
0.369 Sent: b'\x1bN\xc9?s\xe3F\xf0\x00\x00\x00fP\x00\x05\xa8\x00\x00\x00\x00im eu option iuv'...
0.371 Received: b'\xc9?\x1bN\x00\x00\x00es\xe3L\x98P\x10\x05\xa8\x00\x00\x00\x00'
0.372 Disassembled: source: 51519, dest: 6990, seq: 101, ack: 1944276120, window: 1448, ACK
0.372 Acknowledged seq: 1944274672
0.372 Assembling: source: 6990, dest: 51519, seq: 1944276120, ack: 102, window: 1448, data: "ex epicurei taci"...
0.373 Sent: b'\x1bN\xc9?s\xe3L\x98\x00\x00\x00fP\x00\x05\xa8\x00\x00\x00\x00ex epicurei taci'...
0.374 Received: b'\xc9?\x1bN\x00\x00\x00es\xe3R@P\x10\x05\xa8\x00\x00\x00\x00'
0.375 Disassembled: source: 51519, dest: 6990, seq: 101, ack: 1944277568, window: 1448, ACK
0.375 Acknowledged seq: 1944276120
0.375 Assembling: source: 6990, dest: 51519, seq: 1944277568, ack: 102, window: 1448, data: "ebat, eu pro ero"...
0.376 Sent: b'\x1bN\xc9?s\xe3R@\x00\x00\x00fP\x00\x05\xa8\x00\x00\x00\x00ebat, eu pro ero'...
0.378 Received: b'\xc9?\x1bN\x00\x00\x00es\xe3W\xe8P\x10\x05\xa8\x00\x00\x00\x00'
0.378 Disassembled: source: 51519, dest: 6990, seq: 101, ack: 1944279016, window: 1448, ACK
0.378 Acknowledged seq: 1944277568
0.378 Assembling: source: 6990, dest: 51519, seq: 1944279016, ack: 102, window: 1448, data: "s. Per no sale v"...
0.379 Sent: b'\x1bN\xc9?s\xe3W\xe8\x00\x00\x00fP\x00\x05\xa8\x00\x00\x00\x00s. Per no sale v'...
0.381 Received: b'\xc9?\x1bN\x00\x00\x00es\xe3]\x90P\x10\x05\xa8\x00\x00\x00\x00'
0.381 Disassembled: source: 51519, dest: 6990, seq: 101, ack: 1944280464, window: 1448, ACK
0.381 Acknowledged seq: 1944279016
0.382 Assembling: source: 6990, dest: 51519, seq: 1944280464, ack: 102, window: 1448, data: "orrupte ea mel. "...
0.382 Sent: b'\x1bN\xc9?s\xe3]\x90\x00\x00\x00fP\x00\x05\xa8\x00\x00\x00\x00orrupte ea mel. '...
0.384 Received: b'\xc9?\x1bN\x00\x00\x00es\xe3c8P\x10\x05\xa8\x00\x00\x00\x00'
0.385 Disassembled: source: 51519, dest: 6990, seq: 101, ack: 1944281912, window: 1448, ACK
0.385 Acknowledged seq: 1944280464
0.385 Assembling: source: 6990, dest: 51519, seq: 1944281912, ack: 102, window: 1448, data: ". Est iracundia "...
0.385 Sent: b'\x1bN\xc9?s\xe3c8\x00\x00\x00fP\x00\x05\xa8\x00\x00\x00\x00. Est iracundia '...
0.387 Received: b'\xc9?\x1bN\x00\x00\x00es\xe3h\xe0P\x10\x05\xa8\x00\x00\x00\x00'
0.388 Disassembled: source: 51519, dest: 6990, seq: 101, ack: 1944283360, window: 1448, ACK
0.388 Acknowledged seq: 1944281912
0.388 Assembling: source: 6990, dest: 51519, seq: 1944283360, ack: 102, window: 1448, data: "pta probatus scr"...
0.389 Sent: b'\x1bN\xc9?s\xe3h\xe0\x00\x00\x00fP\x00\x05\xa8\x00\x00\x00\x00pta probatus scr'...
0.391 Received: b'\xc9?\x1bN\x00\x00\x00es\xe3n\x88P\x10\x05\xa8\x00\x00\x00\x00'
0.391 Disassembled: source: 51519, dest: 6990, seq: 101, ack: 1944284808, window: 1448, ACK
0.391 Acknowledged seq: 1944283360
0.391 Assembling: source: 6990, dest: 51519, seq: 1944284808, ack: 102, window: 1448, data: "entur ei, pro ei"...
0.392 Sent: b'\x1bN\xc9?s\xe3n\x88\x00\x00\x00fP\x00\x05\xa8\x00\x00\x00\x00entur ei, pro ei'...
0.394 Received: b'\xc9?\x1bN\x00\x00\x00es\xe3t0P\x10\x05\xa8\x00\x00\x00\x00'
0.394 Disassembled: source: 51519, dest: 6990, seq: 101, ack: 1944286256, window: 1448, ACK
0.394 Acknowledged seq: 1944284808
0.395 Assembling: source: 6990, dest: 51519, seq: 1944286256, ack: 102, window: 1448, data: "simul euismod vi"...
0.395 Sent: b'\x1bN\xc9?s\xe3t0\x00\x00\x00fP\x00\x05\xa8\x00\x00\x00\x00simul euismod vi'...
0.397 Received: b'\xc9?\x1bN\x00\x00\x00es\xe3y\xd8P\x10\x05\xa8\x00\x00\x00\x00'
0.398 Disassembled: source: 51519, dest: 6990, seq: 101, ack: 1944287704, window: 1448, ACK
0.398 Acknowledged seq: 1944286256
0.398 Assembling: source: 6990, dest: 51519, seq: 1944287704, ack: 102, window: 1448, data: ", eam id iudico "...
0.398 Sent: b'\x1bN\xc9?s\xe3y\xd8\x00\x00\x00fP\x00\x05\xa8\x00\x00\x00\x00, eam id iudico '...
0.400 Received: b'\xc9?\x1bN\x00\x00\x00es\xe3\x7f\x80P\x10\x05\xa8\x00\x00\x00\x00'
0.401 Disassembled: source: 51519, dest: 6990, seq: 101, ack: 1944289152, window: 1448, ACK
0.401 Acknowledged seq: 1944287704
0.401 Assembling: source: 6990, dest: 51519, seq: 1944289152, ack: 102, window: 1448, data: "m vix. Ea est mu"...
0.402 Sent: b'\x1bN\xc9?s\xe3\x7f\x80\x00\x00\x00fP\x00\x05\xa8\x00\x00\x00\x00m vix. Ea est mu'...
0.404 Received: b'\xc9?\x1bN\x00\x00\x00es\xe3\x85(P\x10\x05\xa8\x00\x00\x00\x00'
0.404 Disassembled: source: 51519, dest: 6990, seq: 101, ack: 1944290600, window: 1448, ACK
0.404 Acknowledged seq: 1944289152
0.405 Assembling: source: 6990, dest: 51519, seq: 1944290600, ack: 102, window: 1448, data: "olor sit amet, e"...
0.405 Sent: b'\x1bN\xc9?s\xe3\x85(\x00\x00\x00fP\x00\x05\xa8\x00\x00\x00\x00olor sit amet, e'...
0.407 Received: b'\xc9?\x1bN\x00\x00\x00es\xe3\x8a\xd0P\x10\x05\xa8\x00\x00\x00\x00'
0.407 Disassembled: source: 51519, dest: 6990, seq: 101, ack: 1944292048, window: 1448, ACK
0.407 Acknowledged seq: 1944290600
0.408 Assembling: source: 6990, dest: 51519, seq: 1944292048, ack: 102, window: 1448, data: "m, aperiam iudic"...
0.408 Sent: b'\x1bN\xc9?s\xe3\x8a\xd0\x00\x00\x00fP\x00\x05\xa8\x00\x00\x00\x00m, aperiam iudic'...
0.410 Received: b'\xc9?\x1bN\x00\x00\x00es\xe3\x90xP\x10\x05\xa8\x00\x00\x00\x00'
0.410 Disassembled: source: 51519, dest: 6990, seq: 101, ack: 1944293496, window: 1448, ACK
0.411 Acknowledged seq: 1944292048
0.411 Assembling: source: 6990, dest: 51519, seq: 1944293496, ack: 102, window: 1448, data: "re sea. No eos d"...
0.411 Sent: b'\x1bN\xc9?s\xe3\x90x\x00\x00\x00fP\x00\x05\xa8\x00\x00\x00\x00re sea. No eos d'...
0.413 Received: b'\xc9?\x1bN\x00\x00\x00es\xe3\x96 P\x10\x05\xa8\x00\x00\x00\x00'
0.414 Disassembled: source: 51519, dest: 6990, seq: 101, ack: 1944294944, window: 1448, ACK
0.414 Acknowledged seq: 1944293496
0.414 Assembling: source: 6990, dest: 51519, seq: 1944294944, ack: 102, window: 1448, data: "t scripta philos"...
0.414 Sent: b'\x1bN\xc9?s\xe3\x96 \x00\x00\x00fP\x00\x05\xa8\x00\x00\x00\x00t scripta philos'...
0.416 Received: b'\xc9?\x1bN\x00\x00\x00es\xe3\x9b\xc8P\x10\x05\xa8\x00\x00\x00\x00'
0.417 Disassembled: source: 51519, dest: 6990, seq: 101, ack: 1944296392, window: 1448, ACK
0.417 Acknowledged seq: 1944294944
0.417 Assembling: source: 6990, dest: 51519, seq: 1944296392, ack: 102, window: 1448, data: "tos sadipscing e"...
0.418 Sent: b'\x1bN\xc9?s\xe3\x9b\xc8\x00\x00\x00fP\x00\x05\xa8\x00\x00\x00\x00tos sadipscing e'...
0.420 Received: b'\xc9?\x1bN\x00\x00\x00es\xe3\xa1pP\x10\x05\xa8\x00\x00\x00\x00'
0.420 Disassembled: source: 51519, dest: 6990, seq: 101, ack: 1944297840, window: 1448, ACK
0.420 Acknowledged seq: 1944296392
0.420 Assembling: source: 6990, dest: 51519, seq: 1944297840, ack: 102, window: 1448, data: "sapientem ea, ad"...
0.421 Sent: b'\x1bN\xc9?s\xe3\xa1p\x00\x00\x00fP\x00\x05\xa8\x00\x00\x00\x00sapientem ea, ad'...
0.422 Received: b'\xc9?\x1bN\x00\x00\x00es\xe3\xa7\x18P\x10\x05\xa8\x00\x00\x00\x00'
0.423 Disassembled: source: 51519, dest: 6990, seq: 101, ack: 1944299288, window: 1448, ACK
0.423 Acknowledged seq: 1944297840
0.423 Assembling: source: 6990, dest: 51519, seq: 1944299288, ack: 102, window: 1448, data: "g, ei invenire p"...
0.424 Sent: b'\x1bN\xc9?s\xe3\xa7\x18\x00\x00\x00fP\x00\x05\xa8\x00\x00\x00\x00g, ei invenire p'...
0.425 Received: b'\xc9?\x1bN\x00\x00\x00es\xe3\xac\xc0P\x10\x05\xa8\x00\x00\x00\x00'
0.426 Disassembled: source: 51519, dest: 6990, seq: 101, ack: 1944300736, window: 1448, ACK
0.426 Acknowledged seq: 1944299288
0.426 Assembling: source: 6990, dest: 51519, seq: 1944300736, ack: 102, window: 1448, data: "endo at. Qui id "...
0.427 Sent: b'\x1bN\xc9?s\xe3\xac\xc0\x00\x00\x00fP\x00\x05\xa8\x00\x00\x00\x00endo at. Qui id '...
0.429 Received: b'\xc9?\x1bN\x00\x00\x00es\xe3\xb2hP\x10\x05\xa8\x00\x00\x00\x00'
0.429 Disassembled: source: 51519, dest: 6990, seq: 101, ack: 1944302184, window: 1448, ACK
0.429 Acknowledged seq: 1944300736
0.429 Assembling: source: 6990, dest: 51519, seq: 1944302184, ack: 102, window: 1448, data: "ota nostrum et p"...
0.430 Sent: b'\x1bN\xc9?s\xe3\xb2h\x00\x00\x00fP\x00\x05\xa8\x00\x00\x00\x00ota nostrum et p'...
0.432 Received: b'\xc9?\x1bN\x00\x00\x00es\xe3\xb8\x10P\x10\x05\xa8\x00\x00\x00\x00'
0.432 Disassembled: source: 51519, dest: 6990, seq: 101, ack: 1944303632, window: 1448, ACK
0.432 Acknowledged seq: 1944302184
0.432 Assembling: source: 6990, dest: 51519, seq: 1944303632, ack: 102, window: 1448, data: "deseruisse id. P"...
0.433 Sent: b'\x1bN\xc9?s\xe3\xb8\x10\x00\x00\x00fP\x00\x05\xa8\x00\x00\x00\x00deseruisse id. P'...
0.435 Received: b'\xc9?\x1bN\x00\x00\x00es\xe3\xbd\xb8P\x10\x05\xa8\x00\x00\x00\x00'
0.435 Disassembled: source: 51519, dest: 6990, seq: 101, ack: 1944305080, window: 1448, ACK
0.435 Acknowledged seq: 1944303632
0.436 Assembling: source: 6990, dest: 51519, seq: 1944305080, ack: 102, window: 1448, data: "odo munere imper"...
0.436 Sent: b'\x1bN\xc9?s\xe3\xbd\xb8\x00\x00\x00fP\x00\x05\xa8\x00\x00\x00\x00odo munere imper'...
0.438 Received: b'\xc9?\x1bN\x00\x00\x00es\xe3\xc3`P\x10\x05\xa8\x00\x00\x00\x00'
0.439 Disassembled: source: 51519, dest: 6990, seq: 101, ack: 1944306528, window: 1448, ACK
0.439 Acknowledged seq: 1944305080
0.439 Assembling: source: 6990, dest: 51519, seq: 1944306528, ack: 102, window: 1448, data: "cimates cum, tib"...
0.439 Sent: b'\x1bN\xc9?s\xe3\xc3`\x00\x00\x00fP\x00\x05\xa8\x00\x00\x00\x00cimates cum, tib'...
0.441 Received: b'\xc9?\x1bN\x00\x00\x00es\xe3\xc9\x08P\x10\x05\xa8\x00\x00\x00\x00'
0.442 Disassembled: source: 51519, dest: 6990, seq: 101, ack: 1944307976, window: 1448, ACK
0.442 Acknowledged seq: 1944306528
0.442 Assembling: source: 6990, dest: 51519, seq: 1944307976, ack: 102, window: 1448, data: "tiopam molestiae"...
0.443 Sent: b'\x1bN\xc9?s\xe3\xc9\x08\x00\x00\x00fP\x00\x05\xa8\x00\x00\x00\x00tiopam molestiae'...
0.444 Received: b'\xc9?\x1bN\x00\x00\x00es\xe3\xce\xb0P\x10\x05\xa8\x00\x00\x00\x00'
0.445 Disassembled: source: 51519, dest: 6990, seq: 101, ack: 1944309424, window: 1448, ACK
0.445 Acknowledged seq: 1944307976
0.445 Assembling: source: 6990, dest: 51519, seq: 1944309424, ack: 102, window: 1448, data: "possim qui no, v"...
0.446 Sent: b'\x1bN\xc9?s\xe3\xce\xb0\x00\x00\x00fP\x00\x05\xa8\x00\x00\x00\x00possim qui no, v'...
0.448 Received: b'\xc9?\x1bN\x00\x00\x00es\xe3\xd4XP\x10\x05\xa8\x00\x00\x00\x00'
0.448 Disassembled: source: 51519, dest: 6990, seq: 101, ack: 1944310872, window: 1448, ACK
0.448 Acknowledged seq: 1944309424
0.448 Assembling: source: 6990, dest: 51519, seq: 1944310872, ack: 102, window: 1448, data: " ex utinam parti"...
0.449 Sent: b'\x1bN\xc9?s\xe3\xd4X\x00\x00\x00fP\x00\x05\xa8\x00\x00\x00\x00 ex utinam parti'...
0.451 Received: b'\xc9?\x1bN\x00\x00\x00es\xe3\xda\x00P\x10\x05\xa8\x00\x00\x00\x00'
0.451 Disassembled: source: 51519, dest: 6990, seq: 101, ack: 1944312320, window: 1448, ACK
0.451 Acknowledged seq: 1944310872
0.451 Assembling: source: 6990, dest: 51519, seq: 1944312320, ack: 102, window: 1448, data: "icus in his. Pri"...
0.452 Sent: b'\x1bN\xc9?s\xe3\xda\x00\x00\x00\x00fP\x00\x05\xa8\x00\x00\x00\x00icus in his. Pri'...
0.453 Received: b'\xc9?\x1bN\x00\x00\x00es\xe3\xdf\xa8P\x10\x05\xa8\x00\x00\x00\x00'
0.454 Disassembled: source: 51519, dest: 6990, seq: 101, ack: 1944313768, window: 1448, ACK
0.454 Acknowledged seq: 1944312320
0.454 Assembling: source: 6990, dest: 51519, seq: 1944313768, ack: 102, window: 1448, data: "iis et.

Ius cu "...
0.455 Sent: b'\x1bN\xc9?s\xe3\xdf\xa8\x00\x00\x00fP\x00\x05\xa8\x00\x00\x00\x00iis et.\n\nIus cu '...
0.457 Received: b'\xc9?\x1bN\x00\x00\x00es\xe3\xe5PP\x10\x05\xa8\x00\x00\x00\x00'
0.457 Disassembled: source: 51519, dest: 6990, seq: 101, ack: 1944315216, window: 1448, ACK
0.457 Acknowledged seq: 1944313768
0.457 Assembling: source: 6990, dest: 51519, seq: 1944315216, ack: 102, window: 1448, data: "e interesset.

T"...
0.458 Sent: b'\x1bN\xc9?s\xe3\xe5P\x00\x00\x00fP\x00\x05\xa8\x00\x00\x00\x00e interesset.\n\nT'...
0.460 Received: b'\xc9?\x1bN\x00\x00\x00es\xe3\xea\xf8P\x10\x05\xa8\x00\x00\x00\x00'
0.460 Disassembled: source: 51519, dest: 6990, seq: 101, ack: 1944316664, window: 1448, ACK
0.460 Acknowledged seq: 1944315216
0.460 Assembling: source: 6990, dest: 51519, seq: 1944316664, ack: 102, window: 1448, data: "pro alia volutpa"...
0.461 Sent: b'\x1bN\xc9?s\xe3\xea\xf8\x00\x00\x00fP\x00\x05\xa8\x00\x00\x00\x00pro alia volutpa'...
0.463 Received: b'\xc9?\x1bN\x00\x00\x00es\xe3\xf0\xa0P\x10\x05\xa8\x00\x00\x00\x00'
0.463 Disassembled: source: 51519, dest: 6990, seq: 101, ack: 1944318112, window: 1448, ACK
0.463 Acknowledged seq: 1944316664
0.463 Assembling: source: 6990, dest: 51519, seq: 1944318112, ack: 102, window: 1448, data: " libris equidem "...
0.464 Sent: b'\x1bN\xc9?s\xe3\xf0\xa0\x00\x00\x00fP\x00\x05\xa8\x00\x00\x00\x00 libris equidem '...
0.466 Received: b'\xc9?\x1bN\x00\x00\x00es\xe3\xf6HP\x10\x05\xa8\x00\x00\x00\x00'
0.466 Disassembled: source: 51519, dest: 6990, seq: 101, ack: 1944319560, window: 1448, ACK
0.466 Acknowledged seq: 1944318112
0.467 Assembling: source: 6990, dest: 51519, seq: 1944319560, ack: 102, window: 1448, data: "uavitate volupta"...
0.467 Sent: b'\x1bN\xc9?s\xe3\xf6H\x00\x00\x00fP\x00\x05\xa8\x00\x00\x00\x00uavitate volupta'...
0.469 Received: b'\xc9?\x1bN\x00\x00\x00es\xe3\xfb\xf0P\x10\x05\xa8\x00\x00\x00\x00'
0.470 Disassembled: source: 51519, dest: 6990, seq: 101, ack: 1944321008, window: 1448, ACK
0.470 Acknowledged seq: 1944319560
0.470 Assembling: source: 6990, dest: 51519, seq: 1944321008, ack: 102, window: 1448, data: " Detraxit defini"...
0.470 Sent: b'\x1bN\xc9?s\xe3\xfb\xf0\x00\x00\x00fP\x00\x05\xa8\x00\x00\x00\x00 Detraxit defini'...
0.472 Received: b'\xc9?\x1bN\x00\x00\x00es\xe4\x01\x98P\x10\x05\xa8\x00\x00\x00\x00'
0.473 Disassembled: source: 51519, dest: 6990, seq: 101, ack: 1944322456, window: 1448, ACK
0.473 Acknowledged seq: 1944321008
0.473 Assembling: source: 6990, dest: 51519, seq: 1944322456, ack: 102, window: 1448, data: "aesent mei. Quo "...
0.474 Sent: b'\x1bN\xc9?s\xe4\x01\x98\x00\x00\x00fP\x00\x05\xa8\x00\x00\x00\x00aesent mei. Quo '...
0.476 Received: b'\xc9?\x1bN\x00\x00\x00es\xe4\x07@P\x10\x05\xa8\x00\x00\x00\x00'
0.476 Disassembled: source: 51519, dest: 6990, seq: 101, ack: 1944323904, window: 1448, ACK
0.476 Acknowledged seq: 1944322456
0.477 Assembling: source: 6990, dest: 51519, seq: 1944323904, ack: 102, window: 1448, data: "nterpretaris no "...
0.477 Sent: b'\x1bN\xc9?s\xe4\x07@\x00\x00\x00fP\x00\x05\xa8\x00\x00\x00\x00nterpretaris no '...
0.479 Received: b'\xc9?\x1bN\x00\x00\x00es\xe4\x0c\xe8P\x10\x05\xa8\x00\x00\x00\x00'
0.479 Disassembled: source: 51519, dest: 6990, seq: 101, ack: 1944325352, window: 1448, ACK
0.480 Acknowledged seq: 1944323904
0.480 Assembling: source: 6990, dest: 51519, seq: 1944325352, ack: 102, window: 1448, data: "patrioque has. I"...
0.480 Sent: b'\x1bN\xc9?s\xe4\x0c\xe8\x00\x00\x00fP\x00\x05\xa8\x00\x00\x00\x00patrioque has. I'...
0.482 Received: b'\xc9?\x1bN\x00\x00\x00es\xe4\x12\x90P\x10\x05\xa8\x00\x00\x00\x00'
0.483 Disassembled: source: 51519, dest: 6990, seq: 101, ack: 1944326800, window: 1448, ACK
0.483 Acknowledged seq: 1944325352
0.483 Assembling: source: 6990, dest: 51519, seq: 1944326800, ack: 102, window: 1448, data: "ossit repudianda"...
0.484 Sent: b'\x1bN\xc9?s\xe4\x12\x90\x00\x00\x00fP\x00\x05\xa8\x00\x00\x00\x00ossit repudianda'...
0.486 Received: b'\xc9?\x1bN\x00\x00\x00es\xe4\x188P\x10\x05\xa8\x00\x00\x00\x00'
0.486 Disassembled: source: 51519, dest: 6990, seq: 101, ack: 1944328248, window: 1448, ACK
0.486 Acknowledged seq: 1944326800
0.486 Assembling: source: 6990, dest: 51519, seq: 1944328248, ack: 102, window: 1448, data: "ora consequuntur"...
0.487 Sent: b'\x1bN\xc9?s\xe4\x188\x00\x00\x00fP\x00\x05\xa8\x00\x00\x00\x00ora consequuntur'...
0.489 Received: b'\xc9?\x1bN\x00\x00\x00es\xe4\x1d\xe0P\x10\x05\xa8\x00\x00\x00\x00'
0.489 Disassembled: source: 51519, dest: 6990, seq: 101, ack: 1944329696, window: 1448, ACK
0.489 Acknowledged seq: 1944328248
0.490 Assembling: source: 6990, dest: 51519, seq: 1944329696, ack: 102, window: 1448, data: "ctus conceptam a"...
0.490 Sent: b'\x1bN\xc9?s\xe4\x1d\xe0\x00\x00\x00fP\x00\x05\xa8\x00\x00\x00\x00ctus conceptam a'...
0.492 Received: b'\xc9?\x1bN\x00\x00\x00es\xe4#\x88P\x10\x05\xa8\x00\x00\x00\x00'
0.493 Disassembled: source: 51519, dest: 6990, seq: 101, ack: 1944331144, window: 1448, ACK
0.493 Acknowledged seq: 1944329696
0.493 Assembling: source: 6990, dest: 51519, seq: 1944331144, ack: 102, window: 1448, data: " aeterno te, ne "...
0.493 Sent: b'\x1bN\xc9?s\xe4#\x88\x00\x00\x00fP\x00\x05\xa8\x00\x00\x00\x00 aeterno te, ne '...
0.495 Received: b'\xc9?\x1bN\x00\x00\x00es\xe4)0P\x10\x05\xa8\x00\x00\x00\x00'
0.496 Disassembled: source: 51519, dest: 6990, seq: 101, ack: 1944332592, window: 1448, ACK
0.496 Acknowledged seq: 1944331144
0.496 Assembling: source: 6990, dest: 51519, seq: 1944332592, ack: 102, window: 1448, data: "imis oporteat di"...
0.497 Sent: b'\x1bN\xc9?s\xe4)0\x00\x00\x00fP\x00\x05\xa8\x00\x00\x00\x00imis oporteat di'...
0.498 Received: b'\xc9?\x1bN\x00\x00\x00es\xe4.\xd8P\x10\x05\xa8\x00\x00\x00\x00'
0.499 Disassembled: source: 51519, dest: 6990, seq: 101, ack: 1944334040, window: 1448, ACK
0.499 Acknowledged seq: 1944332592
0.499 Assembling: source: 6990, dest: 51519, seq: 1944334040, ack: 102, window: 1448, data: "re. Has virtute "...
0.500 Sent: b'\x1bN\xc9?s\xe4.\xd8\x00\x00\x00fP\x00\x05\xa8\x00\x00\x00\x00re. Has virtute '...
0.502 Received: b'\xc9?\x1bN\x00\x00\x00es\xe44\x80P\x10\x05\xa8\x00\x00\x00\x00'
0.502 Disassembled: source: 51519, dest: 6990, seq: 101, ack: 1944335488, window: 1448, ACK
0.502 Acknowledged seq: 1944334040
0.503 Assembling: source: 6990, dest: 51519, seq: 1944335488, ack: 102, window: 1448, data: " eum ancillae no"...
0.503 Sent: b'\x1bN\xc9?s\xe44\x80\x00\x00\x00fP\x00\x05\xa8\x00\x00\x00\x00 eum ancillae no'...
0.505 Received: b'\xc9?\x1bN\x00\x00\x00es\xe4:(P\x10\x05\xa8\x00\x00\x00\x00'
0.505 Disassembled: source: 51519, dest: 6990, seq: 101, ack: 1944336936, window: 1448, ACK
0.506 Acknowledged seq: 1944335488
0.506 Assembling: source: 6990, dest: 51519, seq: 1944336936, ack: 102, window: 1448, data: "ppareat ius. At "...
0.506 Sent: b'\x1bN\xc9?s\xe4:(\x00\x00\x00fP\x00\x05\xa8\x00\x00\x00\x00ppareat ius. At '...
0.508 Received: b'\xc9?\x1bN\x00\x00\x00es\xe4?\xd0P\x10\x05\xa8\x00\x00\x00\x00'
0.509 Disassembled: source: 51519, dest: 6990, seq: 101, ack: 1944338384, window: 1448, ACK
0.509 Acknowledged seq: 1944336936
0.509 Assembling: source: 6990, dest: 51519, seq: 1944338384, ack: 102, window: 1448, data: ", vero appellant"...
0.510 Sent: b'\x1bN\xc9?s\xe4?\xd0\x00\x00\x00fP\x00\x05\xa8\x00\x00\x00\x00, vero appellant'...
0.512 Received: b'\xc9?\x1bN\x00\x00\x00es\xe4ExP\x10\x05\xa8\x00\x00\x00\x00'
0.512 Disassembled: source: 51519, dest: 6990, seq: 101, ack: 1944339832, window: 1448, ACK
0.512 Acknowledged seq: 1944338384
0.512 Assembling: source: 6990, dest: 51519, seq: 1944339832, ack: 102, window: 1448, data: "ibo quando copio"...
0.513 Sent: b'\x1bN\xc9?s\xe4Ex\x00\x00\x00fP\x00\x05\xa8\x00\x00\x00\x00ibo quando copio'...
0.515 Received: b'\xc9?\x1bN\x00\x00\x00es\xe4K P\x10\x05\xa8\x00\x00\x00\x00'
0.515 Disassembled: source: 51519, dest: 6990, seq: 101, ack: 1944341280, window: 1448, ACK
0.515 Acknowledged seq: 1944339832
0.516 Assembling: source: 6990, dest: 51519, seq: 1944341280, ack: 102, window: 1448, data: " maluisset. Sit "...
0.516 Sent: b'\x1bN\xc9?s\xe4K \x00\x00\x00fP\x00\x05\xa8\x00\x00\x00\x00 maluisset. Sit '...
0.518 Received: b'\xc9?\x1bN\x00\x00\x00es\xe4P\xc8P\x10\x05\xa8\x00\x00\x00\x00'
0.519 Disassembled: source: 51519, dest: 6990, seq: 101, ack: 1944342728, window: 1448, ACK
0.519 Acknowledged seq: 1944341280
0.519 Assembling: source: 6990, dest: 51519, seq: 1944342728, ack: 102, window: 1448, data: "e ceteros albuci"...
0.519 Sent: b'\x1bN\xc9?s\xe4P\xc8\x00\x00\x00fP\x00\x05\xa8\x00\x00\x00\x00e ceteros albuci'...
0.521 Received: b'\xc9?\x1bN\x00\x00\x00es\xe4VpP\x10\x05\xa8\x00\x00\x00\x00'
0.522 Disassembled: source: 51519, dest: 6990, seq: 101, ack: 1944344176, window: 1448, ACK
0.522 Acknowledged seq: 1944342728
0.522 Assembling: source: 6990, dest: 51519, seq: 1944344176, ack: 102, window: 1448, data: "complectitur sea"...
0.523 Sent: b'\x1bN\xc9?s\xe4Vp\x00\x00\x00fP\x00\x05\xa8\x00\x00\x00\x00complectitur sea'...
0.525 Received: b'\xc9?\x1bN\x00\x00\x00es\xe4\\\x18P\x10\x05\xa8\x00\x00\x00\x00'
0.525 Disassembled: source: 51519, dest: 6990, seq: 101, ack: 1944345624, window: 1448, ACK
0.525 Acknowledged seq: 1944344176
0.525 Finished reading file
0.526 Assembling: source: 6990, dest: 51519, seq: 1944345624, ack: 102, window: 1448, data: "tempor ex ius. E"...
0.526 Sent: b'\x1bN\xc9?s\xe4\\\x18\x00\x00\x00fP\x00\x05\xa8\x00\x00\x00\x00tempor ex ius. E'...
0.528 Received: b'\xc9?\x1bN\x00\x00\x00es\xe4\\vP\x10\x05\xa8\x00\x00\x00\x00'
0.528 Disassembled: source: 51519, dest: 6990, seq: 101, ack: 1944345718, window: 1448, ACK
0.529 Acknowledged seq: 1944345624
0.529 Assembling: source: 6990, dest: 51519, seq: 1944345718, ack: 102, window: 1448, ACK, FIN
0.529 Sent: b'\x1bN\xc9?s\xe4\\v\x00\x00\x00fP\x11\x05\xa8\x00\x00\x00\x00'
0.529 Received: b'\xc9?\x1bN\x00\x00\x00es\xe4\\vP\x01\x05\xa8\x00\x00\x00\x00'
0.530 Disassembled: source: 51519, dest: 6990, seq: 101, ack: 1944345718, window: 1448, FIN
0.530 Error: Responses must be acknowledgements
1.030 Sent: b'\x1bN\xc9?s\xe4\\v\x00\x00\x00fP\x11\x05\xa8\x00\x00\x00\x00'
1.033 Received: b'\xc9?\x1bN\x00\x00\x00fs\xe4\\xP\x10\x05\xa8\x00\x00\x00\x00'
1.033 Disassembled: source: 51519, dest: 6990, seq: 102, ack: 1944345720, window: 1448, ACK
1.033 Error: Acknowledgement number too high
1.530 Sent: b'\x1bN\xc9?s\xe4\\v\x00\x00\x00fP\x11\x05\xa8\x00\x00\x00\x00'
2.031 Sent: b'\x1bN\xc9?s\xe4\\v\x00\x00\x00fP\x11\x05\xa8\x00\x00\x00\x00'
2.531 Sent: b'\x1bN\xc9?s\xe4\\v\x00\x00\x00fP\x11\x05\xa8\x00\x00\x00\x00'
3.032 Sent: b'\x1bN\xc9?s\xe4\\v\x00\x00\x00fP\x11\x05\xa8\x00\x00\x00\x00'
3.532 Error: Connection timed out
3.532 Closed connection
3.536 Shutting down
