0.000 NEW RUN: Server, TEST: Read_file__Empty
0.217 Received: b'\xd4\x7f\xee\xd9\x00\x00\x00\x14\x00\x00\x00\x00P\x02\x05\xa8\x00\x00\x00\x00'
0.218 Disassembled: source: 54399, dest: 61145, seq: 20, window: 1448, SYN
0.218 SYN accepted; new connection: 127.0.0.1 on port 54399
0.218 Assembling: source: 61145, dest: 54399, seq: 1940067311, ack: 21, window: 1448, ACK, SYN
0.219 Sent: b'\xee\xd9\xd4\x7fs\xa3\x13\xef\x00\x00\x00\x15P\x12\x05\xa8\x00\x00\x00\x00'
0.221 Received: b'\xd4\x7f\xee\xd9\x00\x00\x00\x15s\xa3\x13\xf0P\x10\x05\xa8\x00\x00\x00\x00'
0.221 Disassembled: source: 54399, dest: 61145, seq: 21, ack: 1940067312, window: 1448, ACK
0.221 Handshake complete
0.221 Acknowledged seq: 1940067311
0.221 Finished reading file
0.221 Assembling: source: 61145, dest: 54399, seq: 1940067312, ack: 22, window: 1448, ACK, FIN
0.221 Sent: b'\xee\xd9\xd4\x7fs\xa3\x13\xf0\x00\x00\x00\x16P\x11\x05\xa8\x00\x00\x00\x00'
0.224 Received: b'\xd4\x7f\xee\xd9\x00\x00\x00\x15s\xa3\x13\xf1P\x01\x05\xa8\x00\x00\x00\x00'
0.224 Disassembled: source: 54399, dest: 61145, seq: 21, ack: 1940067313, window: 1448, FIN
0.224 Error: Responses must be acknowledgements
0.722 Sent: b'\xee\xd9\xd4\x7fs\xa3\x13\xf0\x00\x00\x00\x16P\x11\x05\xa8\x00\x00\x00\x00'
1.222 Sent: b'\xee\xd9\xd4\x7fs\xa3\x13\xf0\x00\x00\x00\x16P\x11\x05\xa8\x00\x00\x00\x00'
1.722 Sent: b'\xee\xd9\xd4\x7fs\xa3\x13\xf0\x00\x00\x00\x16P\x11\x05\xa8\x00\x00\x00\x00'
2.223 Sent: b'\xee\xd9\xd4\x7fs\xa3\x13\xf0\x00\x00\x00\x16P\x11\x05\xa8\x00\x00\x00\x00'
2.723 Sent: b'\xee\xd9\xd4\x7fs\xa3\x13\xf0\x00\x00\x00\x16P\x11\x05\xa8\x00\x00\x00\x00'
3.224 Error: Connection timed out
3.224 Closed connection
3.227 Shutting down
