0.000 NEW RUN: Server, TEST: Write_file__Large_multi-packet
0.218 Received: b'D\xff\xa0\xf8\x00\x00\x00\x1a\x00\x00\x00\x00P\x02\x05\xa8\x00\x00\x00\x00'
0.219 Disassembled: source: 17663, dest: 41208, seq: 26, window: 1448, SYN
0.219 SYN accepted; new connection: 127.0.0.1 on port 17663
0.219 Assembling: source: 41208, dest: 17663, seq: 1950768285, ack: 27, window: 5808, ACK, SYN
0.219 Sent: b'\xa0\xf8D\xfftF\\\x9d\x00\x00\x00\x1bP\x12\x16\xb0\x00\x00\x00\x00'
0.222 Received: b'D\xff\xa0\xf8\x00\x00\x00\x1btF\\\x9eP\x10\x16\xb0\x00\x00\x00\x00'
0.222 Disassembled: source: 17663, dest: 41208, seq: 27, ack: 1950768286, window: 5808, ACK
0.222 Assembling: source: 41208, dest: 17663, seq: 1950768286, ack: 27, window: 5808, ACK
0.222 Sent: b'\xa0\xf8D\xfftF\\\x9e\x00\x00\x00\x1bP\x10\x16\xb0\x00\x00\x00\x00'
0.223 Received: b'D\xff\xa0\xf8\x00\x00\x00\x1btF\\\x9eP\x10\x16\xb0\x00\x00\x00\x00Lorem ipsum dolo'...
0.223 Disassembled: source: 17663, dest: 41208, seq: 27, ack: 1950768286, window: 5808, ACK, data: "Lorem ipsum dolo"...
0.223 Handshake complete
0.224 Data accepted; writing to file
0.224 Assembling: source: 41208, dest: 17663, seq: 1950768286, ack: 1479, window: 5808, ACK
0.224 Sent: b'\xa0\xf8D\xfftF\\\x9e\x00\x00\x05\xc7P\x10\x16\xb0\x00\x00\x00\x00'
0.225 Received: b'D\xff\xa0\xf8\x00\x00\x16\xcbtF\\\x9eP\x10\x16\xb0\x00\x00\x00\x00 sadipscing ei q'...
0.225 Disassembled: source: 17663, dest: 41208, seq: 5835, ack: 1950768286, window: 5808, ACK, data: " sadipscing ei q"...
0.225 Error: Incorrect acknowledgement flag
0.226 Received: b'D\xff\xa0\xf8\x00\x00-{tF\\\x9eP\x10\x16\xb0\x00\x00\x00\x00 Duo ea augue fa'...
0.227 Disassembled: source: 17663, dest: 41208, seq: 11643, ack: 1950768286, window: 5808, ACK, data: " Duo ea augue fa"...
0.227 Error: Sequence number too high
0.724 Sent: b'\xa0\xf8D\xfftF\\\x9e\x00\x00\x05\xc7P\x10\x16\xb0\x00\x00\x00\x00'
0.728 Received: b'D\xff\xa0\xf8\x00\x00D+tF\\\x9eP\x10\x16\xb0\x00\x00\x00\x00uta debitis pert'...
0.728 Disassembled: source: 17663, dest: 41208, seq: 17451, ack: 1950768286, window: 5808, ACK, data: "uta debitis pert"...
0.729 Error: Sequence number too high
1.225 Sent: b'\xa0\xf8D\xfftF\\\x9e\x00\x00\x05\xc7P\x10\x16\xb0\x00\x00\x00\x00'
1.228 Received: b'D\xff\xa0\xf8\x00\x00Z\xdbtF\\\x9eP\x10\x16\xb0\x00\x00\x00\x00 decore possit r'...
1.229 Disassembled: source: 17663, dest: 41208, seq: 23259, ack: 1950768286, window: 5808, ACK, data: " decore possit r"...
1.229 Error: Sequence number too high
1.725 Sent: b'\xa0\xf8D\xfftF\\\x9e\x00\x00\x05\xc7P\x10\x16\xb0\x00\x00\x00\x00'
1.729 Received: b'D\xff\xa0\xf8\x00\x00q\x8btF\\\x9eP\x10\x16\xb0\x00\x00\x00\x00orteat dissentiu'...
1.729 Disassembled: source: 17663, dest: 41208, seq: 29067, ack: 1950768286, window: 5808, ACK, data: "orteat dissentiu"...
1.729 Error: Sequence number too high
2.225 Sent: b'\xa0\xf8D\xfftF\\\x9e\x00\x00\x05\xc7P\x10\x16\xb0\x00\x00\x00\x00'
2.229 Received: b'D\xff\xa0\xf8\x00\x00\x88;tF\\\x9eP\x10\x16\xb0\x00\x00\x00\x00an. Ut per eirmo'...
2.230 Disassembled: source: 17663, dest: 41208, seq: 34875, ack: 1950768286, window: 5808, ACK, data: "an. Ut per eirmo"...
2.230 Error: Sequence number too high
2.726 Error: Connection timed out
2.726 Closed connection
2.730 Shutting down
