0.000 NEW RUN: Server, TEST: Write_file__Single_packet
0.214 Received: b'\\\xef\xcf\x1f\x00\x00\x00]\x00\x00\x00\x00P\x02\x05\xa8\x00\x00\x00\x00'
0.215 Disassembled: source: 23791, dest: 53023, seq: 93, window: 1448, SYN
0.215 SYN accepted; new connection: 127.0.0.1 on port 23791
0.215 Assembling: source: 53023, dest: 23791, seq: 1948669982, ack: 94, window: 5808, ACK, SYN
0.216 Sent: b'\xcf\x1f\\\xeft&X\x1e\x00\x00\x00^P\x12\x16\xb0\x00\x00\x00\x00'
0.218 Received: b'\\\xef\xcf\x1f\x00\x00\x00^t&X\x1fP\x10\x16\xb0\x00\x00\x00\x00'
0.218 Disassembled: source: 23791, dest: 53023, seq: 94, ack: 1948669983, window: 5808, ACK
0.218 Assembling: source: 53023, dest: 23791, seq: 1948669983, ack: 94, window: 5808, ACK
0.218 Sent: b'\xcf\x1f\\\xeft&X\x1f\x00\x00\x00^P\x10\x16\xb0\x00\x00\x00\x00'
0.219 Received: b'\\\xef\xcf\x1f\x00\x00\x00^t&X\x1fP\x10\x16\xb0\x00\x00\x00\x00This file fits i'...
0.219 Disassembled: source: 23791, dest: 53023, seq: 94, ack: 1948669983, window: 5808, ACK, data: "This file fits i"...
0.220 Handshake complete
0.220 Data accepted; writing to file
0.220 Assembling: source: 53023, dest: 23791, seq: 1948669983, ack: 137, window: 5808, ACK
0.220 Sent: b'\xcf\x1f\\\xeft&X\x1f\x00\x00\x00\x89P\x10\x16\xb0\x00\x00\x00\x00'
0.221 Received: b'\\\xef\xcf\x1f\x00\x00\x00\x89t&X\x1fP\x01\x16\xb0\x00\x00\x00\x00'
0.221 Disassembled: source: 23791, dest: 53023, seq: 137, ack: 1948669983, window: 5808, FIN
0.221 Error: Incorrect acknowledgement flag
0.720 Sent: b'\xcf\x1f\\\xeft&X\x1f\x00\x00\x00\x89P\x10\x16\xb0\x00\x00\x00\x00'
1.221 Sent: b'\xcf\x1f\\\xeft&X\x1f\x00\x00\x00\x89P\x10\x16\xb0\x00\x00\x00\x00'
1.721 Sent: b'\xcf\x1f\\\xeft&X\x1f\x00\x00\x00\x89P\x10\x16\xb0\x00\x00\x00\x00'
2.222 Sent: b'\xcf\x1f\\\xeft&X\x1f\x00\x00\x00\x89P\x10\x16\xb0\x00\x00\x00\x00'
2.722 Error: Connection timed out
2.723 Closed connection
2.724 Shutting down
