0.000 NEW RUN: Server, TEST: Write_file__Common_drops
0.202 Received: b's\xa5\x9b\xc1\x00\x00\x00D\x00\x00\x00\x00P\x02\x05\xa8\x00\x00\x00\x00'
0.202 Disassembled: source: 29605, dest: 39873, seq: 68, window: 1448, SYN
0.203 SYN accepted; new connection: 127.0.0.1 on port 29605
0.203 Assembling: source: 39873, dest: 29605, seq: 1997056174, ack: 69, window: 5808, ACK, SYN
0.203 Sent: b'\x9b\xc1s\xa5w\x08\xa8\xae\x00\x00\x00EP\x12\x16\xb0\x00\x00\x00\x00'
0.205 Failed to receive packet
0.207 Received: b's\xa5\x9b\xc1\x00\x00\x00Ew\x08\xa8\xafP\x10\x16\xb0\x00\x00\x00\x00Lorem ipsum dolo'...
0.207 Disassembled: source: 29605, dest: 39873, seq: 69, ack: 1997056175, window: 5808, ACK, data: "Lorem ipsum dolo"...
0.207 Handshake complete
0.207 Data accepted; writing to file
0.208 Assembling: source: 39873, dest: 29605, seq: 1997056175, ack: 1521, window: 5808, ACK
0.208 Failed to send packet
0.708 Sent: b'\x9b\xc1s\xa5w\x08\xa8\xaf\x00\x00\x05\xf1P\x10\x16\xb0\x00\x00\x00\x00'
0.711 Received: b's\xa5\x9b\xc1\x00\x00\x0c\xf0w\x08\xa8\xafP\x01\x16\xb0\x00\x00\x00\x00'
0.711 Disassembled: source: 29605, dest: 39873, seq: 3312, ack: 1997056175, window: 5808, FIN
0.711 Error: Incorrect acknowledgement flag
1.208 Sent: b'\x9b\xc1s\xa5w\x08\xa8\xaf\x00\x00\x05\xf1P\x10\x16\xb0\x00\x00\x00\x00'
1.709 Sent: b'\x9b\xc1s\xa5w\x08\xa8\xaf\x00\x00\x05\xf1P\x10\x16\xb0\x00\x00\x00\x00'
2.209 Failed to send packet
2.710 Error: Connection timed out
2.711 Closed connection
2.713 Shutting down
