0.000 NEW RUN: Server, TEST: Read_file__Large_multi-packet
0.209 Received: b'\xa0\x1f\xe8\x1e\x00\x00\x003\x00\x00\x00\x00P\x02\x05\xa8\x00\x00\x00\x00'
0.210 Disassembled: source: 40991, dest: 59422, seq: 51, window: 1448, SYN
0.210 SYN accepted; new connection: 127.0.0.1 on port 40991
0.210 Assembling: source: 59422, dest: 40991, seq: 409651239, ack: 52, window: 1448, ACK, SYN
0.211 Sent: b"\xe8\x1e\xa0\x1f\x18j\xc8'\x00\x00\x004P\x12\x05\xa8\x00\x00\x00\x00"
0.213 Received: b'\xa0\x1f\xe8\x1e\x00\x00\x004\x18j\xc8(P\x10\x05\xa8\x00\x00\x00\x00'
0.213 Disassembled: source: 40991, dest: 59422, seq: 52, ack: 409651240, window: 1448, ACK
0.213 Handshake complete
0.213 Acknowledged seq: 409651239
0.213 Assembling: source: 59422, dest: 40991, seq: 409651240, ack: 53, window: 1448, data: "Lorem ipsum dolo"...
0.213 Sent: b'\xe8\x1e\xa0\x1f\x18j\xc8(\x00\x00\x005P\x00\x05\xa8\x00\x00\x00\x00Lorem ipsum dolo'...
0.215 Received: b'\xa0\x1f\xe8\x1e\x00\x00\x004\x18j\xcd\xd0P\x10\x05\xa8\x00\x00\x00\x00'
0.216 Disassembled: source: 40991, dest: 59422, seq: 52, ack: 409652688, window: 1448, ACK
0.216 Acknowledged seq: 409651240
0.216 Assembling: source: 59422, dest: 40991, seq: 409652688, ack: 53, window: 1448, data: "mprehensam nam, "...
0.216 Sent: b'\xe8\x1e\xa0\x1f\x18j\xcd\xd0\x00\x00\x005P\x00\x05\xa8\x00\x00\x00\x00mprehensam nam, '...
0.218 Received: b'\xa0\x1f\xe8\x1e\x00\x00\x004\x18j\xd3xP\x10\x05\xa8\x00\x00\x00\x00'
0.218 Disassembled: source: 40991, dest: 59422, seq: 52, ack: 409654136, window: 1448, ACK
0.218 Acknowledged seq: 409652688
0.218 Assembling: source: 59422, dest: 40991, seq: 409654136, ack: 53, window: 1448, data: "ilisi repudiare "...
0.219 Sent: b'\xe8\x1e\xa0\x1f\x18j\xd3x\x00\x00\x005P\x00\x05\xa8\x00\x00\x00\x00ilisi repudiare '...
0.221 Received: b'\xa0\x1f\xe8\x1e\x00\x00\x004\x18j\xd9 P\x10\x05\xa8\x00\x00\x00\x00'
0.221 Disassembled: source: 40991, dest: 59422, seq: 52, ack: 409655584, window: 1448, ACK
0.221 Acknowledged seq: 409654136
0.221 Assembling: source: 59422, dest: 40991, seq: 409655584, ack: 53, window: 1448, data: "ta.

Et essent s"...
0.222 Sent: b'\xe8\x1e\xa0\x1f\x18j\xd9 \x00\x00\x005P\x00\x05\xa8\x00\x00\x00\x00ta.\n\nEt essent s'...
0.223 Received: b'\xa0\x1f\xe8\x1e\x00\x00\x004\x18j\xde\xc8P\x10\x05\xa8\x00\x00\x00\x00'
0.224 Disassembled: source: 40991, dest: 59422, seq: 52, ack: 409657032, window: 1448, ACK
0.224 Acknowledged seq: 409655584
0.224 Assembling: source: 59422, dest: 40991, seq: 409657032, ack: 53, window: 1448, data: " Nihil tractatos"...
0.224 Sent: b'\xe8\x1e\xa0\x1f\x18j\xde\xc8\x00\x00\x005P\x00\x05\xa8\x00\x00\x00\x00 Nihil tractatos'...
0.226 Received: b'\xa0\x1f\xe8\x1e\x00\x00\x004\x18j\xe4pP\x10\x05\xa8\x00\x00\x00\x00'
0.226 Disassembled: source: 40991, dest: 59422, seq: 52, ack: 409658480, window: 1448, ACK
0.226 Acknowledged seq: 409657032
0.226 Assembling: source: 59422, dest: 40991, seq: 409658480, ack: 53, window: 1448, data: "fert iuvaret sap"...
0.226 Sent: b'\xe8\x1e\xa0\x1f\x18j\xe4p\x00\x00\x005P\x00\x05\xa8\x00\x00\x00\x00fert iuvaret sap'...
0.228 Received: b'\xa0\x1f\xe8\x1e\x00\x00\x004\x18j\xea\x18P\x10\x05\xa8\x00\x00\x00\x00'
0.228 Disassembled: source: 40991, dest: 59422, seq: 52, ack: 409659928, window: 1448, ACK
0.228 Acknowledged seq: 409658480
0.228 Assembling: source: 59422, dest: 40991, seq: 409659928, ack: 53, window: 1448, data: "ram adipiscing, "...
0.229 Sent: b'\xe8\x1e\xa0\x1f\x18j\xea\x18\x00\x00\x005P\x00\x05\xa8\x00\x00\x00\x00ram adipiscing, '...
0.230 Received: b'\xa0\x1f\xe8\x1e\x00\x00\x004\x18j\xef\xc0P\x10\x05\xa8\x00\x00\x00\x00'
0.230 Disassembled: source: 40991, dest: 59422, seq: 52, ack: 409661376, window: 1448, ACK
0.231 Acknowledged seq: 409659928
0.231 Assembling: source: 59422, dest: 40991, seq: 409661376, ack: 53, window: 1448, data: "m veritus vivend"...
0.231 Sent: b'\xe8\x1e\xa0\x1f\x18j\xef\xc0\x00\x00\x005P\x00\x05\xa8\x00\x00\x00\x00m veritus vivend'...
0.232 Received: b'\xa0\x1f\xe8\x1e\x00\x00\x004\x18j\xf5hP\x10\x05\xa8\x00\x00\x00\x00'
0.233 Disassembled: source: 40991, dest: 59422, seq: 52, ack: 409662824, window: 1448, ACK
0.233 Acknowledged seq: 409661376
0.233 Assembling: source: 59422, dest: 40991, seq: 409662824, ack: 53, window: 1448, data: " delenit, ignota"...
0.233 Sent: b'\xe8\x1e\xa0\x1f\x18j\xf5h\x00\x00\x005P\x00\x05\xa8\x00\x00\x00\x00 delenit, ignota'...
0.235 Received: b'\xa0\x1f\xe8\x1e\x00\x00\x004\x18j\xfb\x10P\x10\x05\xa8\x00\x00\x00\x00'
0.235 Disassembled: source: 40991, dest: 59422, seq: 52, ack: 409664272, window: 1448, ACK
0.235 Acknowledged seq: 409662824
0.235 Assembling: source: 59422, dest: 40991, seq: 409664272, ack: 53, window: 1448, data: "se explicari des"...
0.236 Sent: b'\xe8\x1e\xa0\x1f\x18j\xfb\x10\x00\x00\x005P\x00\x05\xa8\x00\x00\x00\x00se explicari des'...
0.237 Received: b'\xa0\x1f\xe8\x1e\x00\x00\x004\x18k\x00\xb8P\x10\x05\xa8\x00\x00\x00\x00'
0.237 Disassembled: source: 40991, dest: 59422, seq: 52, ack: 409665720, window: 1448, ACK
0.237 Acknowledged seq: 409664272
0.238 Assembling: source: 59422, dest: 40991, seq: 409665720, ack: 53, window: 1448, data: "piscing, in modo"...
0.238 Sent: b'\xe8\x1e\xa0\x1f\x18k\x00\xb8\x00\x00\x005P\x00\x05\xa8\x00\x00\x00\x00piscing, in modo'...
0.239 Received: b'\xa0\x1f\xe8\x1e\x00\x00\x004\x18k\x06`P\x10\x05\xa8\x00\x00\x00\x00'
0.240 Disassembled: source: 40991, dest: 59422, seq: 52, ack: 409667168, window: 1448, ACK
0.240 Acknowledged seq: 409665720
0.240 Assembling: source: 59422, dest: 40991, seq: 409667168, ack: 53, window: 1448, data: "o copiosae tacim"...
0.240 Sent: b'\xe8\x1e\xa0\x1f\x18k\x06`\x00\x00\x005P\x00\x05\xa8\x00\x00\x00\x00o copiosae tacim'...
0.242 Received: b'\xa0\x1f\xe8\x1e\x00\x00\x004\x18k\x0c\x08P\x10\x05\xa8\x00\x00\x00\x00'
0.242 Disassembled: source: 40991, dest: 59422, seq: 52, ack: 409668616, window: 1448, ACK
0.242 Acknowledged seq: 409667168
0.242 Assembling: source: 59422, dest: 40991, seq: 409668616, ack: 53, window: 1448, data: "am. Pri ne antio"...
0.242 Sent: b'\xe8\x1e\xa0\x1f\x18k\x0c\x08\x00\x00\x005P\x00\x05\xa8\x00\x00\x00\x00am. Pri ne antio'...
0.244 Received: b'\xa0\x1f\xe8\x1e\x00\x00\x004\x18k\x11\xb0P\x10\x05\xa8\x00\x00\x00\x00'
0.244 Disassembled: source: 40991, dest: 59422, seq: 52, ack: 409670064, window: 1448, ACK
0.244 Acknowledged seq: 409668616
0.244 Assembling: source: 59422, dest: 40991, seq: 409670064, ack: 53, window: 1448, data: "to no. Elitr pos"...
0.245 Sent: b'\xe8\x1e\xa0\x1f\x18k\x11\xb0\x00\x00\x005P\x00\x05\xa8\x00\x00\x00\x00to no. Elitr pos'...
0.246 Received: b'\xa0\x1f\xe8\x1e\x00\x00\x004\x18k\x17XP\x10\x05\xa8\x00\x00\x00\x00'
0.246 Disassembled: source: 40991, dest: 59422, seq: 52, ack: 409671512, window: 1448, ACK
0.246 Acknowledged seq: 409670064
0.247 Assembling: source: 59422, dest: 40991, seq: 409671512, ack: 53, window: 1448, data: "pretaris, sea ex"...
0.247 Sent: b'\xe8\x1e\xa0\x1f\x18k\x17X\x00\x00\x005P\x00\x05\xa8\x00\x00\x00\x00pretaris, sea ex'...
0.248 Received: b'\xa0\x1f\xe8\x1e\x00\x00\x004\x18k\x1d\x00P\x10\x05\xa8\x00\x00\x00\x00'
0.249 Disassembled: source: 40991, dest: 59422, seq: 52, ack: 409672960, window: 1448, ACK
0.249 Acknowledged seq: 409671512
0.249 Assembling: source: 59422, dest: 40991, seq: 409672960, ack: 53, window: 1448, data: "oporteat inimicu"...
0.249 Sent: b'\xe8\x1e\xa0\x1f\x18k\x1d\x00\x00\x00\x005P\x00\x05\xa8\x00\x00\x00\x00oporteat inimicu'...
0.251 Received: b'\xa0\x1f\xe8\x1e\x00\x00\x004\x18k"\xa8P\x10\x05\xa8\x00\x00\x00\x00'
0.251 Disassembled: source: 40991, dest: 59422, seq: 52, ack: 409674408, window: 1448, ACK
0.251 Acknowledged seq: 409672960
0.251 Assembling: source: 59422, dest: 40991, seq: 409674408, ack: 53, window: 1448, data: "ligendi officiis"...
0.251 Sent: b'\xe8\x1e\xa0\x1f\x18k"\xa8\x00\x00\x005P\x00\x05\xa8\x00\x00\x00\x00ligendi officiis'...
0.253 Received: b'\xa0\x1f\xe8\x1e\x00\x00\x004\x18k(PP\x10\x05\xa8\x00\x00\x00\x00'
0.253 Disassembled: source: 40991, dest: 59422, seq: 52, ack: 409675856, window: 1448, ACK
0.253 Acknowledged seq: 409674408
0.253 Assembling: source: 59422, dest: 40991, seq: 409675856, ack: 53, window: 1448, data: "no vel regione i"...
0.254 Sent: b'\xe8\x1e\xa0\x1f\x18k(P\x00\x00\x005P\x00\x05\xa8\x00\x00\x00\x00no vel regione i'...
0.255 Received: b'\xa0\x1f\xe8\x1e\x00\x00\x004\x18k-\xf8P\x10\x05\xa8\x00\x00\x00\x00'
0.255 Disassembled: source: 40991, dest: 59422, seq: 52, ack: 409677304, window: 1448, ACK
0.256 Acknowledged seq: 409675856
0.256 Assembling: source: 59422, dest: 40991, seq: 409677304, ack: 53, window: 1448, data: "ibus vis ex, pro"...
0.256 Sent: b'\xe8\x1e\xa0\x1f\x18k-\xf8\x00\x00\x005P\x00\x05\xa8\x00\x00\x00\x00ibus vis ex, pro'...
0.258 Received: b'\xa0\x1f\xe8\x1e\x00\x00\x004\x18k3\xa0P\x10\x05\xa8\x00\x00\x00\x00'
0.258 Disassembled: source: 40991, dest: 59422, seq: 52, ack: 409678752, window: 1448, ACK
0.258 Acknowledged seq: 409677304
0.258 Assembling: source: 59422, dest: 40991, seq: 409678752, ack: 53, window: 1448, data: "o vix, mel ea li"...
0.258 Sent: b'\xe8\x1e\xa0\x1f\x18k3\xa0\x00\x00\x005P\x00\x05\xa8\x00\x00\x00\x00o vix, mel ea li'...
0.260 Received: b'\xa0\x1f\xe8\x1e\x00\x00\x004\x18k9HP\x10\x05\xa8\x00\x00\x00\x00'
0.260 Disassembled: source: 40991, dest: 59422, seq: 52, ack: 409680200, window: 1448, ACK
0.260 Acknowledged seq: 409678752
0.260 Assembling: source: 59422, dest: 40991, seq: 409680200, ack: 53, window: 1448, data: "d. Ex fugit suav"...
0.260 Sent: b'\xe8\x1e\xa0\x1f\x18k9H\x00\x00\x005P\x00\x05\xa8\x00\x00\x00\x00d. Ex fugit suav'...
0.262 Received: b'\xa0\x1f\xe8\x1e\x00\x00\x004\x18k>\xf0P\x10\x05\xa8\x00\x00\x00\x00'
0.262 Disassembled: source: 40991, dest: 59422, seq: 52, ack: 409681648, window: 1448, ACK
0.262 Acknowledged seq: 409680200
0.263 Assembling: source: 59422, dest: 40991, seq: 409681648, ack: 53, window: 1448, data: "pertinax nec. De"...
0.263 Sent: b'\xe8\x1e\xa0\x1f\x18k>\xf0\x00\x00\x005P\x00\x05\xa8\x00\x00\x00\x00pertinax nec. De'...
0.264 Received: b'\xa0\x1f\xe8\x1e\x00\x00\x004\x18kD\x98P\x10\x05\xa8\x00\x00\x00\x00'
0.265 Disassembled: source: 40991, dest: 59422, seq: 52, ack: 409683096, window: 1448, ACK
0.265 Acknowledged seq: 409681648
0.265 Assembling: source: 59422, dest: 40991, seq: 409683096, ack: 53, window: 1448, data: "lli primis praes"...
0.265 Sent: b'\xe8\x1e\xa0\x1f\x18kD\x98\x00\x00\x005P\x00\x05\xa8\x00\x00\x00\x00lli primis praes'...
0.267 Received: b'\xa0\x1f\xe8\x1e\x00\x00\x004\x18kJ@P\x10\x05\xa8\x00\x00\x00\x00'
0.267 Disassembled: source: 40991, dest: 59422, seq: 52, ack: 409684544, window: 1448, ACK
0.267 Acknowledged seq: 409683096
0.267 Assembling: source: 59422, dest: 40991, seq: 409684544, ack: 53, window: 1448, data: "m, percipit inte"...
0.267 Sent: b'\xe8\x1e\xa0\x1f\x18kJ@\x00\x00\x005P\x00\x05\xa8\x00\x00\x00\x00m, percipit inte'...
0.269 Received: b'\xa0\x1f\xe8\x1e\x00\x00\x004\x18kO\xe8P\x10\x05\xa8\x00\x00\x00\x00'
0.269 Disassembled: source: 40991, dest: 59422, seq: 52, ack: 409685992, window: 1448, ACK
0.269 Acknowledged seq: 409684544
0.270 Assembling: source: 59422, dest: 40991, seq: 409685992, ack: 53, window: 1448, data: "nani docendi pat"...
0.270 Sent: b'\xe8\x1e\xa0\x1f\x18kO\xe8\x00\x00\x005P\x00\x05\xa8\x00\x00\x00\x00nani docendi pat'...
0.271 Received: b'\xa0\x1f\xe8\x1e\x00\x00\x004\x18kU\x90P\x10\x05\xa8\x00\x00\x00\x00'
0.272 Disassembled: source: 40991, dest: 59422, seq: 52, ack: 409687440, window: 1448, ACK
0.272 Acknowledged seq: 409685992
0.272 Assembling: source: 59422, dest: 40991, seq: 409687440, ack: 53, window: 1448, data: " vis decore poss"...
0.272 Sent: b'\xe8\x1e\xa0\x1f\x18kU\x90\x00\x00\x005P\x00\x05\xa8\x00\x00\x00\x00 vis decore poss'...
0.274 Received: b'\xa0\x1f\xe8\x1e\x00\x00\x004\x18k[8P\x10\x05\xa8\x00\x00\x00\x00'
0.274 Disassembled: source: 40991, dest: 59422, seq: 52, ack: 409688888, window: 1448, ACK
0.274 Acknowledged seq: 409687440
0.274 Assembling: source: 59422, dest: 40991, seq: 409688888, ack: 53, window: 1448, data: "eam odio corpora"...
0.274 Sent: b'\xe8\x1e\xa0\x1f\x18k[8\x00\x00\x005P\x00\x05\xa8\x00\x00\x00\x00eam odio corpora'...
0.276 Received: b'\xa0\x1f\xe8\x1e\x00\x00\x004\x18k`\xe0P\x10\x05\xa8\x00\x00\x00\x00'
0.276 Disassembled: source: 40991, dest: 59422, seq: 52, ack: 409690336, window: 1448, ACK
0.276 Acknowledged seq: 409688888
0.276 Assembling: source: 59422, dest: 40991, seq: 409690336, ack: 53, window: 1448, data: " est. Usu sanctu"...
0.277 Sent: b'\xe8\x1e\xa0\x1f\x18k`\xe0\x00\x00\x005P\x00\x05\xa8\x00\x00\x00\x00 est. Usu sanctu'...
0.278 Received: b'\xa0\x1f\xe8\x1e\x00\x00\x004\x18kf\x88P\x10\x05\xa8\x00\x00\x00\x00'
0.278 Disassembled: source: 40991, dest: 59422, seq: 52, ack: 409691784, window: 1448, ACK
0.279 Acknowledged seq: 409690336
0.279 Assembling: source: 59422, dest: 40991, seq: 409691784, ack: 53, window: 1448, data: ".

Mei graeco ae"...
0.279 Sent: b'\xe8\x1e\xa0\x1f\x18kf\x88\x00\x00\x005P\x00\x05\xa8\x00\x00\x00\x00.\n\nMei graeco ae'...
0.280 Received: b'\xa0\x1f\xe8\x1e\x00\x00\x004\x18kl0P\x10\x05\xa8\x00\x00\x00\x00'
0.281 Disassembled: source: 40991, dest: 59422, seq: 52, ack: 409693232, window: 1448, ACK
0.281 Acknowledged seq: 409691784
0.281 Assembling: source: 59422, dest: 40991, seq: 409693232, ack: 53, window: 1448, data: "et. Ne sea primi"...
0.281 Sent: b'\xe8\x1e\xa0\x1f\x18kl0\x00\x00\x005P\x00\x05\xa8\x00\x00\x00\x00et. Ne sea primi'...
0.283 Received: b'\xa0\x1f\xe8\x1e\x00\x00\x004\x18kq\xd8P\x10\x05\xa8\x00\x00\x00\x00'
0.283 Disassembled: source: 40991, dest: 59422, seq: 52, ack: 409694680, window: 1448, ACK
0.283 Acknowledged seq: 409693232
0.283 Assembling: source: 59422, dest: 40991, seq: 409694680, ack: 53, window: 1448, data: "ittam convenire."...
0.283 Sent: b'\xe8\x1e\xa0\x1f\x18kq\xd8\x00\x00\x005P\x00\x05\xa8\x00\x00\x00\x00ittam convenire.'...
0.285 Received: b'\xa0\x1f\xe8\x1e\x00\x00\x004\x18kw\x80P\x10\x05\xa8\x00\x00\x00\x00'
0.285 Disassembled: source: 40991, dest: 59422, seq: 52, ack: 409696128, window: 1448, ACK
0.285 Acknowledged seq: 409694680
0.286 Assembling: source: 59422, dest: 40991, seq: 409696128, ack: 53, window: 1448, data: "ua et vis, id eu"...
0.286 Sent: b'\xe8\x1e\xa0\x1f\x18kw\x80\x00\x00\x005P\x00\x05\xa8\x00\x00\x00\x00ua et vis, id eu'...
0.287 Received: b'\xa0\x1f\xe8\x1e\x00\x00\x004\x18k}(P\x10\x05\xa8\x00\x00\x00\x00'
0.288 Disassembled: source: 40991, dest: 59422, seq: 52, ack: 409697576, window: 1448, ACK
0.288 Acknowledged seq: 409696128
0.288 Assembling: source: 59422, dest: 40991, seq: 409697576, ack: 53, window: 1448, data: "r. Et velit appa"...
0.288 Sent: b'\xe8\x1e\xa0\x1f\x18k}(\x00\x00\x005P\x00\x05\xa8\x00\x00\x00\x00r. Et velit appa'...
0.290 Received: b'\xa0\x1f\xe8\x1e\x00\x00\x004\x18k\x82\xd0P\x10\x05\xa8\x00\x00\x00\x00'
0.290 Disassembled: source: 40991, dest: 59422, seq: 52, ack: 409699024, window: 1448, ACK
0.290 Acknowledged seq: 409697576
0.290 Assembling: source: 59422, dest: 40991, seq: 409699024, ack: 53, window: 1448, data: " novum laudem, v"...
0.291 Sent: b'\xe8\x1e\xa0\x1f\x18k\x82\xd0\x00\x00\x005P\x00\x05\xa8\x00\x00\x00\x00 novum laudem, v'...
0.292 Received: b'\xa0\x1f\xe8\x1e\x00\x00\x004\x18k\x88xP\x10\x05\xa8\x00\x00\x00\x00'
0.293 Disassembled: source: 40991, dest: 59422, seq: 52, ack: 409700472, window: 1448, ACK
0.293 Acknowledged seq: 409699024
0.293 Assembling: source: 59422, dest: 40991, seq: 409700472, ack: 53, window: 1448, data: "luptatibus, cibo"...
0.293 Sent: b'\xe8\x1e\xa0\x1f\x18k\x88x\x00\x00\x005P\x00\x05\xa8\x00\x00\x00\x00luptatibus, cibo'...
0.295 Received: b'\xa0\x1f\xe8\x1e\x00\x00\x004\x18k\x8e P\x10\x05\xa8\x00\x00\x00\x00'
0.295 Disassembled: source: 40991, dest: 59422, seq: 52, ack: 409701920, window: 1448, ACK
0.295 Acknowledged seq: 409700472
0.295 Assembling: source: 59422, dest: 40991, seq: 409701920, ack: 53, window: 1448, data: "alii indoctum ma"...
0.296 Sent: b'\xe8\x1e\xa0\x1f\x18k\x8e \x00\x00\x005P\x00\x05\xa8\x00\x00\x00\x00alii indoctum ma'...
0.297 Received: b'\xa0\x1f\xe8\x1e\x00\x00\x004\x18k\x93\xc8P\x10\x05\xa8\x00\x00\x00\x00'
0.297 Disassembled: source: 40991, dest: 59422, seq: 52, ack: 409703368, window: 1448, ACK
0.298 Acknowledged seq: 409701920
0.298 Assembling: source: 59422, dest: 40991, seq: 409703368, ack: 53, window: 1448, data: "im, his facete c"...
0.298 Sent: b'\xe8\x1e\xa0\x1f\x18k\x93\xc8\x00\x00\x005P\x00\x05\xa8\x00\x00\x00\x00im, his facete c'...
0.300 Received: b'\xa0\x1f\xe8\x1e\x00\x00\x004\x18k\x99pP\x10\x05\xa8\x00\x00\x00\x00'
0.300 Disassembled: source: 40991, dest: 59422, seq: 52, ack: 409704816, window: 1448, ACK
0.300 Acknowledged seq: 409703368
0.300 Assembling: source: 59422, dest: 40991, seq: 409704816, ack: 53, window: 1448, data: "e alia dolor com"...
0.300 Sent: b'\xe8\x1e\xa0\x1f\x18k\x99p\x00\x00\x005P\x00\x05\xa8\x00\x00\x00\x00e alia dolor com'...
0.302 Received: b'\xa0\x1f\xe8\x1e\x00\x00\x004\x18k\x9f\x18P\x10\x05\xa8\x00\x00\x00\x00'
0.302 Disassembled: source: 40991, dest: 59422, seq: 52, ack: 409706264, window: 1448, ACK
0.303 Acknowledged seq: 409704816
0.303 Assembling: source: 59422, dest: 40991, seq: 409706264, ack: 53, window: 1448, data: "it ea, reque tem"...
0.303 Sent: b'\xe8\x1e\xa0\x1f\x18k\x9f\x18\x00\x00\x005P\x00\x05\xa8\x00\x00\x00\x00it ea, reque tem'...
0.305 Received: b'\xa0\x1f\xe8\x1e\x00\x00\x004\x18k\xa4\xc0P\x10\x05\xa8\x00\x00\x00\x00'
0.305 Disassembled: source: 40991, dest: 59422, seq: 52, ack: 409707712, window: 1448, ACK
0.305 Acknowledged seq: 409706264
0.305 Assembling: source: 59422, dest: 40991, seq: 409707712, ack: 53, window: 1448, data: "alisque.

Equide"...
0.305 Sent: b'\xe8\x1e\xa0\x1f\x18k\xa4\xc0\x00\x00\x005P\x00\x05\xa8\x00\x00\x00\x00alisque.\n\nEquide'...
0.307 Received: b'\xa0\x1f\xe8\x1e\x00\x00\x004\x18k\xaahP\x10\x05\xa8\x00\x00\x00\x00'
0.307 Disassembled: source: 40991, dest: 59422, seq: 52, ack: 409709160, window: 1448, ACK
0.307 Acknowledged seq: 409707712
0.308 Assembling: source: 59422, dest: 40991, seq: 409709160, ack: 53, window: 1448, data: "finitiones, affe"...
0.308 Sent: b'\xe8\x1e\xa0\x1f\x18k\xaah\x00\x00\x005P\x00\x05\xa8\x00\x00\x00\x00finitiones, affe'...
0.309 Received: b'\xa0\x1f\xe8\x1e\x00\x00\x004\x18k\xb0\x10P\x10\x05\xa8\x00\x00\x00\x00'
0.310 Disassembled: source: 40991, dest: 59422, seq: 52, ack: 409710608, window: 1448, ACK
0.310 Acknowledged seq: 409709160
0.310 Assembling: source: 59422, dest: 40991, seq: 409710608, ack: 53, window: 1448, data: "his duis graeco "...
0.310 Sent: b'\xe8\x1e\xa0\x1f\x18k\xb0\x10\x00\x00\x005P\x00\x05\xa8\x00\x00\x00\x00his duis graeco '...
0.312 Received: b'\xa0\x1f\xe8\x1e\x00\x00\x004\x18k\xb5\xb8P\x10\x05\xa8\x00\x00\x00\x00'
0.312 Disassembled: source: 40991, dest: 59422, seq: 52, ack: 409712056, window: 1448, ACK
0.312 Acknowledged seq: 409710608
0.312 Assembling: source: 59422, dest: 40991, seq: 409712056, ack: 53, window: 1448, data: "am. Alia possit "...
0.313 Sent: b'\xe8\x1e\xa0\x1f\x18k\xb5\xb8\x00\x00\x005P\x00\x05\xa8\x00\x00\x00\x00am. Alia possit '...
0.314 Received: b'\xa0\x1f\xe8\x1e\x00\x00\x004\x18k\xbb`P\x10\x05\xa8\x00\x00\x00\x00'
0.315 Disassembled: source: 40991, dest: 59422, seq: 52, ack: 409713504, window: 1448, ACK
0.315 Acknowledged seq: 409712056
0.315 Assembling: source: 59422, dest: 40991, seq: 409713504, ack: 53, window: 1448, data: "cum an. Mei faci"...
0.315 Sent: b'\xe8\x1e\xa0\x1f\x18k\xbb`\x00\x00\x005P\x00\x05\xa8\x00\x00\x00\x00cum an. Mei faci'...
0.317 Received: b'\xa0\x1f\xe8\x1e\x00\x00\x004\x18k\xc1\x08P\x10\x05\xa8\x00\x00\x00\x00'
0.317 Disassembled: source: 40991, dest: 59422, seq: 52, ack: 409714952, window: 1448, ACK
0.317 Acknowledged seq: 409713504
0.317 Assembling: source: 59422, dest: 40991, seq: 409714952, ack: 53, window: 1448, data: " vis adhuc tatio"...
0.318 Sent: b'\xe8\x1e\xa0\x1f\x18k\xc1\x08\x00\x00\x005P\x00\x05\xa8\x00\x00\x00\x00 vis adhuc tatio'...
0.319 Received: b'\xa0\x1f\xe8\x1e\x00\x00\x004\x18k\xc6\xb0P\x10\x05\xa8\x00\x00\x00\x00'
0.319 Disassembled: source: 40991, dest: 59422, seq: 52, ack: 409716400, window: 1448, ACK
0.320 Acknowledged seq: 409714952
0.320 Assembling: source: 59422, dest: 40991, seq: 409716400, ack: 53, window: 1448, data: "im eu option iuv"...
0.320 Sent: b'\xe8\x1e\xa0\x1f\x18k\xc6\xb0\x00\x00\x005P\x00\x05\xa8\x00\x00\x00\x00im eu option iuv'...
0.322 Received: b'\xa0\x1f\xe8\x1e\x00\x00\x004\x18k\xccXP\x10\x05\xa8\x00\x00\x00\x00'
0.322 Disassembled: source: 40991, dest: 59422, seq: 52, ack: 409717848, window: 1448, ACK
0.322 Acknowledged seq: 409716400
0.322 Assembling: source: 59422, dest: 40991, seq: 409717848, ack: 53, window: 1448, data: "ex epicurei taci"...
0.322 Sent: b'\xe8\x1e\xa0\x1f\x18k\xccX\x00\x00\x005P\x00\x05\xa8\x00\x00\x00\x00ex epicurei taci'...
0.324 Received: b'\xa0\x1f\xe8\x1e\x00\x00\x004\x18k\xd2\x00P\x10\x05\xa8\x00\x00\x00\x00'
0.324 Disassembled: source: 40991, dest: 59422, seq: 52, ack: 409719296, window: 1448, ACK
0.324 Acknowledged seq: 409717848
0.325 Assembling: source: 59422, dest: 40991, seq: 409719296, ack: 53, window: 1448, data: "ebat, eu pro ero"...
0.325 Sent: b'\xe8\x1e\xa0\x1f\x18k\xd2\x00\x00\x00\x005P\x00\x05\xa8\x00\x00\x00\x00ebat, eu pro ero'...
0.326 Received: b'\xa0\x1f\xe8\x1e\x00\x00\x004\x18k\xd7\xa8P\x10\x05\xa8\x00\x00\x00\x00'
0.327 Disassembled: source: 40991, dest: 59422, seq: 52, ack: 409720744, window: 1448, ACK
0.327 Acknowledged seq: 409719296
0.327 Assembling: source: 59422, dest: 40991, seq: 409720744, ack: 53, window: 1448, data: "s. Per no sale v"...
0.327 Sent: b'\xe8\x1e\xa0\x1f\x18k\xd7\xa8\x00\x00\x005P\x00\x05\xa8\x00\x00\x00\x00s. Per no sale v'...
0.329 Received: b'\xa0\x1f\xe8\x1e\x00\x00\x004\x18k\xddPP\x10\x05\xa8\x00\x00\x00\x00'
0.329 Disassembled: source: 40991, dest: 59422, seq: 52, ack: 409722192, window: 1448, ACK
0.329 Acknowledged seq: 409720744
0.329 Assembling: source: 59422, dest: 40991, seq: 409722192, ack: 53, window: 1448, data: "orrupte ea mel. "...
0.330 Sent: b'\xe8\x1e\xa0\x1f\x18k\xddP\x00\x00\x005P\x00\x05\xa8\x00\x00\x00\x00orrupte ea mel. '...
0.331 Received: b'\xa0\x1f\xe8\x1e\x00\x00\x004\x18k\xe2\xf8P\x10\x05\xa8\x00\x00\x00\x00'
0.332 Disassembled: source: 40991, dest: 59422, seq: 52, ack: 409723640, window: 1448, ACK
0.332 Acknowledged seq: 409722192
0.332 Assembling: source: 59422, dest: 40991, seq: 409723640, ack: 53, window: 1448, data: ". Est iracundia "...
0.332 Sent: b'\xe8\x1e\xa0\x1f\x18k\xe2\xf8\x00\x00\x005P\x00\x05\xa8\x00\x00\x00\x00. Est iracundia '...
0.334 Received: b'\xa0\x1f\xe8\x1e\x00\x00\x004\x18k\xe8\xa0P\x10\x05\xa8\x00\x00\x00\x00'
0.334 Disassembled: source: 40991, dest: 59422, seq: 52, ack: 409725088, window: 1448, ACK
0.334 Acknowledged seq: 409723640
0.334 Assembling: source: 59422, dest: 40991, seq: 409725088, ack: 53, window: 1448, data: "pta probatus scr"...
0.335 Sent: b'\xe8\x1e\xa0\x1f\x18k\xe8\xa0\x00\x00\x005P\x00\x05\xa8\x00\x00\x00\x00pta probatus scr'...
0.336 Received: b'\xa0\x1f\xe8\x1e\x00\x00\x004\x18k\xeeHP\x10\x05\xa8\x00\x00\x00\x00'
0.336 Disassembled: source: 40991, dest: 59422, seq: 52, ack: 409726536, window: 1448, ACK
0.336 Acknowledged seq: 409725088
0.337 Assembling: source: 59422, dest: 40991, seq: 409726536, ack: 53, window: 1448, data: "entur ei, pro ei"...
0.337 Sent: b'\xe8\x1e\xa0\x1f\x18k\xeeH\x00\x00\x005P\x00\x05\xa8\x00\x00\x00\x00entur ei, pro ei'...
0.339 Received: b'\xa0\x1f\xe8\x1e\x00\x00\x004\x18k\xf3\xf0P\x10\x05\xa8\x00\x00\x00\x00'
0.339 Disassembled: source: 40991, dest: 59422, seq: 52, ack: 409727984, window: 1448, ACK
0.339 Acknowledged seq: 409726536
0.339 Assembling: source: 59422, dest: 40991, seq: 409727984, ack: 53, window: 1448, data: "simul euismod vi"...
0.339 Sent: b'\xe8\x1e\xa0\x1f\x18k\xf3\xf0\x00\x00\x005P\x00\x05\xa8\x00\x00\x00\x00simul euismod vi'...
0.341 Received: b'\xa0\x1f\xe8\x1e\x00\x00\x004\x18k\xf9\x98P\x10\x05\xa8\x00\x00\x00\x00'
0.341 Disassembled: source: 40991, dest: 59422, seq: 52, ack: 409729432, window: 1448, ACK
0.341 Acknowledged seq: 409727984
0.342 Assembling: source: 59422, dest: 40991, seq: 409729432, ack: 53, window: 1448, data: ", eam id iudico "...
0.342 Sent: b'\xe8\x1e\xa0\x1f\x18k\xf9\x98\x00\x00\x005P\x00\x05\xa8\x00\x00\x00\x00, eam id iudico '...
0.343 Received: b'\xa0\x1f\xe8\x1e\x00\x00\x004\x18k\xff@P\x10\x05\xa8\x00\x00\x00\x00'
0.344 Disassembled: source: 40991, dest: 59422, seq: 52, ack: 409730880, window: 1448, ACK
0.344 Acknowledged seq: 409729432
0.344 Assembling: source: 59422, dest: 40991, seq: 409730880, ack: 53, window: 1448, data: "m vix. Ea est mu"...
0.344 Sent: b'\xe8\x1e\xa0\x1f\x18k\xff@\x00\x00\x005P\x00\x05\xa8\x00\x00\x00\x00m vix. Ea est mu'...
0.346 Received: b'\xa0\x1f\xe8\x1e\x00\x00\x004\x18l\x04\xe8P\x10\x05\xa8\x00\x00\x00\x00'
0.346 Disassembled: source: 40991, dest: 59422, seq: 52, ack: 409732328, window: 1448, ACK
0.346 Acknowledged seq: 409730880
0.347 Assembling: source: 59422, dest: 40991, seq: 409732328, ack: 53, window: 1448, data: "olor sit amet, e"...
0.347 Sent: b'\xe8\x1e\xa0\x1f\x18l\x04\xe8\x00\x00\x005P\x00\x05\xa8\x00\x00\x00\x00olor sit amet, e'...
0.349 Received: b'\xa0\x1f\xe8\x1e\x00\x00\x004\x18l\n\x90P\x10\x05\xa8\x00\x00\x00\x00'
0.349 Disassembled: source: 40991, dest: 59422, seq: 52, ack: 409733776, window: 1448, ACK
0.349 Acknowledged seq: 409732328
0.349 Assembling: source: 59422, dest: 40991, seq: 409733776, ack: 53, window: 1448, data: "m, aperiam iudic"...
0.349 Sent: b'\xe8\x1e\xa0\x1f\x18l\n\x90\x00\x00\x005P\x00\x05\xa8\x00\x00\x00\x00m, aperiam iudic'...
0.351 Received: b'\xa0\x1f\xe8\x1e\x00\x00\x004\x18l\x108P\x10\x05\xa8\x00\x00\x00\x00'
0.351 Disassembled: source: 40991, dest: 59422, seq: 52, ack: 409735224, window: 1448, ACK
0.351 Acknowledged seq: 409733776
0.352 Assembling: source: 59422, dest: 40991, seq: 409735224, ack: 53, window: 1448, data: "re sea. No eos d"...
0.352 Sent: b'\xe8\x1e\xa0\x1f\x18l\x108\x00\x00\x005P\x00\x05\xa8\x00\x00\x00\x00re sea. No eos d'...
0.353 Received: b'\xa0\x1f\xe8\x1e\x00\x00\x004\x18l\x15\xe0P\x10\x05\xa8\x00\x00\x00\x00'
0.354 Disassembled: source: 40991, dest: 59422, seq: 52, ack: 409736672, window: 1448, ACK
0.354 Acknowledged seq: 409735224
0.354 Assembling: source: 59422, dest: 40991, seq: 409736672, ack: 53, window: 1448, data: "t scripta philos"...
0.355 Sent: b'\xe8\x1e\xa0\x1f\x18l\x15\xe0\x00\x00\x005P\x00\x05\xa8\x00\x00\x00\x00t scripta philos'...
0.356 Received: b'\xa0\x1f\xe8\x1e\x00\x00\x004\x18l\x1b\x88P\x10\x05\xa8\x00\x00\x00\x00'
0.356 Disassembled: source: 40991, dest: 59422, seq: 52, ack: 409738120, window: 1448, ACK
0.357 Acknowledged seq: 409736672
0.357 Assembling: source: 59422, dest: 40991, seq: 409738120, ack: 53, window: 1448, data: "tos sadipscing e"...
0.357 Sent: b'\xe8\x1e\xa0\x1f\x18l\x1b\x88\x00\x00\x005P\x00\x05\xa8\x00\x00\x00\x00tos sadipscing e'...
0.359 Received: b'\xa0\x1f\xe8\x1e\x00\x00\x004\x18l!0P\x10\x05\xa8\x00\x00\x00\x00'
0.359 Disassembled: source: 40991, dest: 59422, seq: 52, ack: 409739568, window: 1448, ACK
0.359 Acknowledged seq: 409738120
0.359 Assembling: source: 59422, dest: 40991, seq: 409739568, ack: 53, window: 1448, data: "sapientem ea, ad"...
0.360 Sent: b'\xe8\x1e\xa0\x1f\x18l!0\x00\x00\x005P\x00\x05\xa8\x00\x00\x00\x00sapientem ea, ad'...
0.361 Received: b'\xa0\x1f\xe8\x1e\x00\x00\x004\x18l&\xd8P\x10\x05\xa8\x00\x00\x00\x00'
0.362 Disassembled: source: 40991, dest: 59422, seq: 52, ack: 409741016, window: 1448, ACK
0.362 Acknowledged seq: 409739568
0.362 Assembling: source: 59422, dest: 40991, seq: 409741016, ack: 53, window: 1448, data: "g, ei invenire p"...
0.362 Sent: b'\xe8\x1e\xa0\x1f\x18l&\xd8\x00\x00\x005P\x00\x05\xa8\x00\x00\x00\x00g, ei invenire p'...
0.364 Received: b'\xa0\x1f\xe8\x1e\x00\x00\x004\x18l,\x80P\x10\x05\xa8\x00\x00\x00\x00'
0.365 Disassembled: source: 40991, dest: 59422, seq: 52, ack: 409742464, window: 1448, ACK
0.365 Acknowledged seq: 409741016
0.365 Assembling: source: 59422, dest: 40991, seq: 409742464, ack: 53, window: 1448, data: "endo at. Qui id "...
0.365 Sent: b'\xe8\x1e\xa0\x1f\x18l,\x80\x00\x00\x005P\x00\x05\xa8\x00\x00\x00\x00endo at. Qui id '...
0.367 Received: b'\xa0\x1f\xe8\x1e\x00\x00\x004\x18l2(P\x10\x05\xa8\x00\x00\x00\x00'
0.367 Disassembled: source: 40991, dest: 59422, seq: 52, ack: 409743912, window: 1448, ACK
0.367 Acknowledged seq: 409742464
0.367 Assembling: source: 59422, dest: 40991, seq: 409743912, ack: 53, window: 1448, data: "ota nostrum et p"...
0.368 Sent: b'\xe8\x1e\xa0\x1f\x18l2(\x00\x00\x005P\x00\x05\xa8\x00\x00\x00\x00ota nostrum et p'...
0.369 Received: b'\xa0\x1f\xe8\x1e\x00\x00\x004\x18l7\xd0P\x10\x05\xa8\x00\x00\x00\x00'
0.370 Disassembled: source: 40991, dest: 59422, seq: 52, ack: 409745360, window: 1448, ACK
0.370 Acknowledged seq: 409743912
0.370 Assembling: source: 59422, dest: 40991, seq: 409745360, ack: 53, window: 1448, data: "deseruisse id. P"...
0.370 Sent: b'\xe8\x1e\xa0\x1f\x18l7\xd0\x00\x00\x005P\x00\x05\xa8\x00\x00\x00\x00deseruisse id. P'...
0.372 Received: b'\xa0\x1f\xe8\x1e\x00\x00\x004\x18l=xP\x10\x05\xa8\x00\x00\x00\x00'
0.372 Disassembled: source: 40991, dest: 59422, seq: 52, ack: 409746808, window: 1448, ACK
0.373 Acknowledged seq: 409745360
0.373 Assembling: source: 59422, dest: 40991, seq: 409746808, ack: 53, window: 1448, data: "odo munere imper"...
0.373 Sent: b'\xe8\x1e\xa0\x1f\x18l=x\x00\x00\x005P\x00\x05\xa8\x00\x00\x00\x00odo munere imper'...
0.375 Received: b'\xa0\x1f\xe8\x1e\x00\x00\x004\x18lC P\x10\x05\xa8\x00\x00\x00\x00'
0.375 Disassembled: source: 40991, dest: 59422, seq: 52, ack: 409748256, window: 1448, ACK
0.375 Acknowledged seq: 409746808
0.375 Assembling: source: 59422, dest: 40991, seq: 409748256, ack: 53, window: 1448, data: "cimates cum, tib"...
0.376 Sent: b'\xe8\x1e\xa0\x1f\x18lC \x00\x00\x005P\x00\x05\xa8\x00\x00\x00\x00cimates cum, tib'...
0.377 Received: b'\xa0\x1f\xe8\x1e\x00\x00\x004\x18lH\xc8P\x10\x05\xa8\x00\x00\x00\x00'
0.378 Disassembled: source: 40991, dest: 59422, seq: 52, ack: 409749704, window: 1448, ACK
0.378 Acknowledged seq: 409748256
0.378 Assembling: source: 59422, dest: 40991, seq: 409749704, ack: 53, window: 1448, data: "tiopam molestiae"...
0.378 Sent: b'\xe8\x1e\xa0\x1f\x18lH\xc8\x00\x00\x005P\x00\x05\xa8\x00\x00\x00\x00tiopam molestiae'...
0.380 Received: b'\xa0\x1f\xe8\x1e\x00\x00\x004\x18lNpP\x10\x05\xa8\x00\x00\x00\x00'
0.380 Disassembled: source: 40991, dest: 59422, seq: 52, ack: 409751152, window: 1448, ACK
0.381 Acknowledged seq: 409749704
0.381 Assembling: source: 59422, dest: 40991, seq: 409751152, ack: 53, window: 1448, data: "possim qui no, v"...
0.381 Sent: b'\xe8\x1e\xa0\x1f\x18lNp\x00\x00\x005P\x00\x05\xa8\x00\x00\x00\x00possim qui no, v'...
0.383 Received: b'\xa0\x1f\xe8\x1e\x00\x00\x004\x18lT\x18P\x10\x05\xa8\x00\x00\x00\x00'
0.383 Disassembled: source: 40991, dest: 59422, seq: 52, ack: 409752600, window: 1448, ACK
0.383 Acknowledged seq: 409751152
0.383 Assembling: source: 59422, dest: 40991, seq: 409752600, ack: 53, window: 1448, data: " ex utinam parti"...
0.384 Sent: b'\xe8\x1e\xa0\x1f\x18lT\x18\x00\x00\x005P\x00\x05\xa8\x00\x00\x00\x00 ex utinam parti'...
0.385 Received: b'\xa0\x1f\xe8\x1e\x00\x00\x004\x18lY\xc0P\x10\x05\xa8\x00\x00\x00\x00'
0.385 Disassembled: source: 40991, dest: 59422, seq: 52, ack: 409754048, window: 1448, ACK
0.386 Acknowledged seq: 409752600
0.386 Assembling: source: 59422, dest: 40991, seq: 409754048, ack: 53, window: 1448, data: "icus in his. Pri"...
0.386 Sent: b'\xe8\x1e\xa0\x1f\x18lY\xc0\x00\x00\x005P\x00\x05\xa8\x00\x00\x00\x00icus in his. Pri'...
0.388 Received: b'\xa0\x1f\xe8\x1e\x00\x00\x004\x18l_hP\x10\x05\xa8\x00\x00\x00\x00'
0.388 Disassembled: source: 40991, dest: 59422, seq: 52, ack: 409755496, window: 1448, ACK
0.388 Acknowledged seq: 409754048
0.388 Assembling: source: 59422, dest: 40991, seq: 409755496, ack: 53, window: 1448, data: "iis et.

Ius cu "...
0.389 Sent: b'\xe8\x1e\xa0\x1f\x18l_h\x00\x00\x005P\x00\x05\xa8\x00\x00\x00\x00iis et.\n\nIus cu '...
0.390 Received: b'\xa0\x1f\xe8\x1e\x00\x00\x004\x18le\x10P\x10\x05\xa8\x00\x00\x00\x00'
0.390 Disassembled: source: 40991, dest: 59422, seq: 52, ack: 409756944, window: 1448, ACK
0.391 Acknowledged seq: 409755496
0.391 Assembling: source: 59422, dest: 40991, seq: 409756944, ack: 53, window: 1448, data: "e interesset.

T"...
0.391 Sent: b'\xe8\x1e\xa0\x1f\x18le\x10\x00\x00\x005P\x00\x05\xa8\x00\x00\x00\x00e interesset.\n\nT'...
0.393 Received: b'\xa0\x1f\xe8\x1e\x00\x00\x004\x18lj\xb8P\x10\x05\xa8\x00\x00\x00\x00'
0.393 Disassembled: source: 40991, dest: 59422, seq: 52, ack: 409758392, window: 1448, ACK
0.393 Acknowledged seq: 409756944
0.393 Assembling: source: 59422, dest: 40991, seq: 409758392, ack: 53, window: 1448, data: "pro alia volutpa"...
0.394 Sent: b'\xe8\x1e\xa0\x1f\x18lj\xb8\x00\x00\x005P\x00\x05\xa8\x00\x00\x00\x00pro alia volutpa'...
0.395 Received: b'\xa0\x1f\xe8\x1e\x00\x00\x004\x18lp`P\x10\x05\xa8\x00\x00\x00\x00'
0.396 Disassembled: source: 40991, dest: 59422, seq: 52, ack: 409759840, window: 1448, ACK
0.396 Acknowledged seq: 409758392
0.396 Assembling: source: 59422, dest: 40991, seq: 409759840, ack: 53, window: 1448, data: " libris equidem "...
0.396 Sent: b'\xe8\x1e\xa0\x1f\x18lp`\x00\x00\x005P\x00\x05\xa8\x00\x00\x00\x00 libris equidem '...
0.398 Received: b'\xa0\x1f\xe8\x1e\x00\x00\x004\x18lv\x08P\x10\x05\xa8\x00\x00\x00\x00'
0.399 Disassembled: source: 40991, dest: 59422, seq: 52, ack: 409761288, window: 1448, ACK
0.399 Acknowledged seq: 409759840
0.399 Assembling: source: 59422, dest: 40991, seq: 409761288, ack: 53, window: 1448, data: "uavitate volupta"...
0.399 Sent: b'\xe8\x1e\xa0\x1f\x18lv\x08\x00\x00\x005P\x00\x05\xa8\x00\x00\x00\x00uavitate volupta'...
0.401 Received: b'\xa0\x1f\xe8\x1e\x00\x00\x004\x18l{\xb0P\x10\x05\xa8\x00\x00\x00\x00'
0.401 Disassembled: source: 40991, dest: 59422, seq: 52, ack: 409762736, window: 1448, ACK
0.401 Acknowledged seq: 409761288
0.402 Assembling: source: 59422, dest: 40991, seq: 409762736, ack: 53, window: 1448, data: " Detraxit defini"...
0.402 Sent: b'\xe8\x1e\xa0\x1f\x18l{\xb0\x00\x00\x005P\x00\x05\xa8\x00\x00\x00\x00 Detraxit defini'...
0.404 Received: b'\xa0\x1f\xe8\x1e\x00\x00\x004\x18l\x81XP\x10\x05\xa8\x00\x00\x00\x00'
0.404 Disassembled: source: 40991, dest: 59422, seq: 52, ack: 409764184, window: 1448, ACK
0.404 Acknowledged seq: 409762736
0.404 Assembling: source: 59422, dest: 40991, seq: 409764184, ack: 53, window: 1448, data: "aesent mei. Quo "...
0.405 Sent: b'\xe8\x1e\xa0\x1f\x18l\x81X\x00\x00\x005P\x00\x05\xa8\x00\x00\x00\x00aesent mei. Quo '...
0.406 Received: b'\xa0\x1f\xe8\x1e\x00\x00\x004\x18l\x87\x00P\x10\x05\xa8\x00\x00\x00\x00'
0.407 Disassembled: source: 40991, dest: 59422, seq: 52, ack: 409765632, window: 1448, ACK
0.407 Acknowledged seq: 409764184
0.407 Assembling: source: 59422, dest: 40991, seq: 409765632, ack: 53, window: 1448, data: "nterpretaris no "...
0.408 Sent: b'\xe8\x1e\xa0\x1f\x18l\x87\x00\x00\x00\x005P\x00\x05\xa8\x00\x00\x00\x00nterpretaris no '...
0.409 Received: b'\xa0\x1f\xe8\x1e\x00\x00\x004\x18l\x8c\xa8P\x10\x05\xa8\x00\x00\x00\x00'
0.410 Disassembled: source: 40991, dest: 59422, seq: 52, ack: 409767080, window: 1448, ACK
0.410 Acknowledged seq: 409765632
0.410 Assembling: source: 59422, dest: 40991, seq: 409767080, ack: 53, window: 1448, data: "patrioque has. I"...
0.410 Sent: b'\xe8\x1e\xa0\x1f\x18l\x8c\xa8\x00\x00\x005P\x00\x05\xa8\x00\x00\x00\x00patrioque has. I'...
0.412 Received: b'\xa0\x1f\xe8\x1e\x00\x00\x004\x18l\x92PP\x10\x05\xa8\x00\x00\x00\x00'
0.412 Disassembled: source: 40991, dest: 59422, seq: 52, ack: 409768528, window: 1448, ACK
0.413 Acknowledged seq: 409767080
0.413 Assembling: source: 59422, dest: 40991, seq: 409768528, ack: 53, window: 1448, data: "ossit repudianda"...
0.413 Sent: b'\xe8\x1e\xa0\x1f\x18l\x92P\x00\x00\x005P\x00\x05\xa8\x00\x00\x00\x00ossit repudianda'...
0.415 Received: b'\xa0\x1f\xe8\x1e\x00\x00\x004\x18l\x97\xf8P\x10\x05\xa8\x00\x00\x00\x00'
0.415 Disassembled: source: 40991, dest: 59422, seq: 52, ack: 409769976, window: 1448, ACK
0.415 Acknowledged seq: 409768528
0.416 Assembling: source: 59422, dest: 40991, seq: 409769976, ack: 53, window: 1448, data: "ora consequuntur"...
0.416 Sent: b'\xe8\x1e\xa0\x1f\x18l\x97\xf8\x00\x00\x005P\x00\x05\xa8\x00\x00\x00\x00ora consequuntur'...
0.418 Received: b'\xa0\x1f\xe8\x1e\x00\x00\x004\x18l\x9d\xa0P\x10\x05\xa8\x00\x00\x00\x00'
0.418 Disassembled: source: 40991, dest: 59422, seq: 52, ack: 409771424, window: 1448, ACK
0.418 Acknowledged seq: 409769976
0.418 Assembling: source: 59422, dest: 40991, seq: 409771424, ack: 53, window: 1448, data: "ctus conceptam a"...
0.419 Sent: b'\xe8\x1e\xa0\x1f\x18l\x9d\xa0\x00\x00\x005P\x00\x05\xa8\x00\x00\x00\x00ctus conceptam a'...
0.420 Received: b'\xa0\x1f\xe8\x1e\x00\x00\x004\x18l\xa3HP\x10\x05\xa8\x00\x00\x00\x00'
0.421 Disassembled: source: 40991, dest: 59422, seq: 52, ack: 409772872, window: 1448, ACK
0.421 Acknowledged seq: 409771424
0.421 Assembling: source: 59422, dest: 40991, seq: 409772872, ack: 53, window: 1448, data: " aeterno te, ne "...
0.422 Sent: b'\xe8\x1e\xa0\x1f\x18l\xa3H\x00\x00\x005P\x00\x05\xa8\x00\x00\x00\x00 aeterno te, ne '...
0.423 Received: b'\xa0\x1f\xe8\x1e\x00\x00\x004\x18l\xa8\xf0P\x10\x05\xa8\x00\x00\x00\x00'
0.424 Disassembled: source: 40991, dest: 59422, seq: 52, ack: 409774320, window: 1448, ACK
0.424 Acknowledged seq: 409772872
0.424 Assembling: source: 59422, dest: 40991, seq: 409774320, ack: 53, window: 1448, data: "imis oporteat di"...
0.424 Sent: b'\xe8\x1e\xa0\x1f\x18l\xa8\xf0\x00\x00\x005P\x00\x05\xa8\x00\x00\x00\x00imis oporteat di'...
0.426 Received: b'\xa0\x1f\xe8\x1e\x00\x00\x004\x18l\xae\x98P\x10\x05\xa8\x00\x00\x00\x00'
0.427 Disassembled: source: 40991, dest: 59422, seq: 52, ack: 409775768, window: 1448, ACK
0.427 Acknowledged seq: 409774320
0.427 Assembling: source: 59422, dest: 40991, seq: 409775768, ack: 53, window: 1448, data: "re. Has virtute "...
0.427 Sent: b'\xe8\x1e\xa0\x1f\x18l\xae\x98\x00\x00\x005P\x00\x05\xa8\x00\x00\x00\x00re. Has virtute '...
0.429 Received: b'\xa0\x1f\xe8\x1e\x00\x00\x004\x18l\xb4@P\x10\x05\xa8\x00\x00\x00\x00'
0.430 Disassembled: source: 40991, dest: 59422, seq: 52, ack: 409777216, window: 1448, ACK
0.430 Acknowledged seq: 409775768
0.430 Assembling: source: 59422, dest: 40991, seq: 409777216, ack: 53, window: 1448, data: " eum ancillae no"...
0.431 Sent: b'\xe8\x1e\xa0\x1f\x18l\xb4@\x00\x00\x005P\x00\x05\xa8\x00\x00\x00\x00 eum ancillae no'...
0.432 Received: b'\xa0\x1f\xe8\x1e\x00\x00\x004\x18l\xb9\xe8P\x10\x05\xa8\x00\x00\x00\x00'
0.433 Disassembled: source: 40991, dest: 59422, seq: 52, ack: 409778664, window: 1448, ACK
0.433 Acknowledged seq: 409777216
0.433 Assembling: source: 59422, dest: 40991, seq: 409778664, ack: 53, window: 1448, data: "ppareat ius. At "...
0.433 Sent: b'\xe8\x1e\xa0\x1f\x18l\xb9\xe8\x00\x00\x005P\x00\x05\xa8\x00\x00\x00\x00ppareat ius. At '...
0.435 Received: b'\xa0\x1f\xe8\x1e\x00\x00\x004\x18l\xbf\x90P\x10\x05\xa8\x00\x00\x00\x00'
0.436 Disassembled: source: 40991, dest: 59422, seq: 52, ack: 409780112, window: 1448, ACK
0.436 Acknowledged seq: 409778664
0.436 Assembling: source: 59422, dest: 40991, seq: 409780112, ack: 53, window: 1448, data: ", vero appellant"...
0.436 Sent: b'\xe8\x1e\xa0\x1f\x18l\xbf\x90\x00\x00\x005P\x00\x05\xa8\x00\x00\x00\x00, vero appellant'...
0.438 Received: b'\xa0\x1f\xe8\x1e\x00\x00\x004\x18l\xc58P\x10\x05\xa8\x00\x00\x00\x00'
0.439 Disassembled: source: 40991, dest: 59422, seq: 52, ack: 409781560, window: 1448, ACK
0.439 Acknowledged seq: 409780112
0.439 Assembling: source: 59422, dest: 40991, seq: 409781560, ack: 53, window: 1448, data: "ibo quando copio"...
0.440 Sent: b'\xe8\x1e\xa0\x1f\x18l\xc58\x00\x00\x005P\x00\x05\xa8\x00\x00\x00\x00ibo quando copio'...
0.441 Received: b'\xa0\x1f\xe8\x1e\x00\x00\x004\x18l\xca\xe0P\x10\x05\xa8\x00\x00\x00\x00'
0.442 Disassembled: source: 40991, dest: 59422, seq: 52, ack: 409783008, window: 1448, ACK
0.442 Acknowledged seq: 409781560
0.442 Assembling: source: 59422, dest: 40991, seq: 409783008, ack: 53, window: 1448, data: " maluisset. Sit "...
0.443 Sent: b'\xe8\x1e\xa0\x1f\x18l\xca\xe0\x00\x00\x005P\x00\x05\xa8\x00\x00\x00\x00 maluisset. Sit '...
0.445 Received: b'\xa0\x1f\xe8\x1e\x00\x00\x004\x18l\xd0\x88P\x10\x05\xa8\x00\x00\x00\x00'
0.445 Disassembled: source: 40991, dest: 59422, seq: 52, ack: 409784456, window: 1448, ACK
0.445 Acknowledged seq: 409783008
0.445 Assembling: source: 59422, dest: 40991, seq: 409784456, ack: 53, window: 1448, data: "e ceteros albuci"...
0.446 Sent: b'\xe8\x1e\xa0\x1f\x18l\xd0\x88\x00\x00\x005P\x00\x05\xa8\x00\x00\x00\x00e ceteros albuci'...
0.448 Received: b'\xa0\x1f\xe8\x1e\x00\x00\x004\x18l\xd60P\x10\x05\xa8\x00\x00\x00\x00'
0.448 Disassembled: source: 40991, dest: 59422, seq: 52, ack: 409785904, window: 1448, ACK
0.448 Acknowledged seq: 409784456
0.449 Assembling: source: 59422, dest: 40991, seq: 409785904, ack: 53, window: 1448, data: "complectitur sea"...
0.449 Sent: b'\xe8\x1e\xa0\x1f\x18l\xd60\x00\x00\x005P\x00\x05\xa8\x00\x00\x00\x00complectitur sea'...
0.451 Received: b'\xa0\x1f\xe8\x1e\x00\x00\x004\x18l\xdb\xd8P\x10\x05\xa8\x00\x00\x00\x00'
0.451 Disassembled: source: 40991, dest: 59422, seq: 52, ack: 409787352, window: 1448, ACK
0.451 Acknowledged seq: 409785904
0.452 Finished reading file
0.452 Assembling: source: 59422, dest: 40991, seq: 409787352, ack: 53, window: 1448, data: "tempor ex ius. E"...
0.452 Sent: b'\xe8\x1e\xa0\x1f\x18l\xdb\xd8\x00\x00\x005P\x00\x05\xa8\x00\x00\x00\x00tempor ex ius. E'...
0.454 Received: b'\xa0\x1f\xe8\x1e\x00\x00\x004\x18l\xdc6P\x10\x05\xa8\x00\x00\x00\x00'
0.454 Disassembled: source: 40991, dest: 59422, seq: 52, ack: 409787446, window: 1448, ACK
0.455 Acknowledged seq: 409787352
0.455 Assembling: source: 59422, dest: 40991, seq: 409787446, ack: 53, window: 1448, ACK, FIN
0.455 Sent: b'\xe8\x1e\xa0\x1f\x18l\xdc6\x00\x00\x005P\x11\x05\xa8\x00\x00\x00\x00'
0.455 Received: b'\xa0\x1f\xe8\x1e\x00\x00\x004\x18l\xdc6P\x01\x05\xa8\x00\x00\x00\x00'
0.456 Disassembled: source: 40991, dest: 59422, seq: 52, ack: 409787446, window: 1448, FIN
0.456 Error: Responses must be acknowledgements
0.956 Sent: b'\xe8\x1e\xa0\x1f\x18l\xdc6\x00\x00\x005P\x11\x05\xa8\x00\x00\x00\x00'
0.959 Received: b'\xa0\x1f\xe8\x1e\x00\x00\x005\x18l\xdc8P\x10\x05\xa8\x00\x00\x00\x00'
0.959 Disassembled: source: 40991, dest: 59422, seq: 53, ack: 409787448, window: 1448, ACK
0.960 Error: Acknowledgement number too high
0.962 Received: b'\xa0\x1f\xe8\x1e\x00\x00\x005\x18l\xdc8P\x10\x05\xa8\x00\x00\x00\x00'
0.962 Disassembled: source: 40991, dest: 59422, seq: 53, ack: 409787448, window: 1448, ACK
0.962 Error: Acknowledgement number too high
1.456 Sent: b'\xe8\x1e\xa0\x1f\x18l\xdc6\x00\x00\x005P\x11\x05\xa8\x00\x00\x00\x00'
1.957 Sent: b'\xe8\x1e\xa0\x1f\x18l\xdc6\x00\x00\x005P\x11\x05\xa8\x00\x00\x00\x00'
2.457 Sent: b'\xe8\x1e\xa0\x1f\x18l\xdc6\x00\x00\x005P\x11\x05\xa8\x00\x00\x00\x00'
2.958 Sent: b'\xe8\x1e\xa0\x1f\x18l\xdc6\x00\x00\x005P\x11\x05\xa8\x00\x00\x00\x00'
3.458 Error: Connection timed out
3.458 Closed connection
3.465 Shutting down
