0.000 NEW RUN: Server, TEST: Read_file__Random_drops
0.211 Received: b'\xa2\xab#\xb8\x00\x00\x00$\x00\x00\x00\x00P\x02\x05\xa8\x00\x00\x00\x00'
0.211 Disassembled: source: 41643, dest: 9144, seq: 36, window: 1448, SYN
0.212 SYN accepted; new connection: 127.0.0.1 on port 41643
0.212 Assembling: source: 9144, dest: 41643, seq: 422383213, ack: 37, window: 1448, ACK, SYN
0.212 Sent: b'#\xb8\xa2\xab\x19-\x0em\x00\x00\x00%P\x12\x05\xa8\x00\x00\x00\x00'
0.213 Received: b'\xa2\xab#\xb8\x00\x00\x00%\x19-\x0enP\x10\x05\xa8\x00\x00\x00\x00'
0.214 Disassembled: source: 41643, dest: 9144, seq: 37, ack: 422383214, window: 1448, ACK
0.214 Handshake complete
0.214 Acknowledged seq: 422383213
0.214 Assembling: source: 9144, dest: 41643, seq: 422383214, ack: 38, window: 1448, data: "Lorem ipsum dolo"...
0.214 Sent: b'#\xb8\xa2\xab\x19-\x0en\x00\x00\x00&P\x00\x05\xa8\x00\x00\x00\x00Lorem ipsum dolo'...
0.215 Received: b'\xa2\xab#\xb8\x00\x00\x00%\x19-\x14\x16P\x10\x05\xa8\x00\x00\x00\x00'
0.215 Disassembled: source: 41643, dest: 9144, seq: 37, ack: 422384662, window: 1448, ACK
0.215 Acknowledged seq: 422383214
0.216 Assembling: source: 9144, dest: 41643, seq: 422384662, ack: 38, window: 1448, data: "mprehensam nam, "...
0.216 Sent: b'#\xb8\xa2\xab\x19-\x14\x16\x00\x00\x00&P\x00\x05\xa8\x00\x00\x00\x00mprehensam nam, '...
0.217 Failed to receive packet
0.716 Sent: b'#\xb8\xa2\xab\x19-\x14\x16\x00\x00\x00&P\x00\x05\xa8\x00\x00\x00\x00mprehensam nam, '...
0.718 Received: b'\xa2\xab#\xb8\x00\x00\x00%\x19-\x1ffP\x10\x05\xa8\x00\x00\x00\x00'
0.719 Disassembled: source: 41643, dest: 9144, seq: 37, ack: 422387558, window: 1448, ACK
0.719 Error: Acknowledgement number too high
1.216 Sent: b'#\xb8\xa2\xab\x19-\x14\x16\x00\x00\x00&P\x00\x05\xa8\x00\x00\x00\x00mprehensam nam, '...
1.219 Received: b'\xa2\xab#\xb8\x00\x00\x00%\x19-%\x0eP\x10\x05\xa8\x00\x00\x00\x00'
1.220 Disassembled: source: 41643, dest: 9144, seq: 37, ack: 422389006, window: 1448, ACK
1.220 Error: Acknowledgement number too high
1.717 Sent: b'#\xb8\xa2\xab\x19-\x14\x16\x00\x00\x00&P\x00\x05\xa8\x00\x00\x00\x00mprehensam nam, '...
2.217 Sent: b'#\xb8\xa2\xab\x19-\x14\x16\x00\x00\x00&P\x00\x05\xa8\x00\x00\x00\x00mprehensam nam, '...
2.718 Failed to send packet
3.218 Error: Connection timed out
3.218 Closed connection
3.222 Shutting down
