0.000 NEW RUN: Server, TEST: Write_file__No_file_extension
0.212 Received: b'\xbd\xd7\xc6\xe8\x00\x00\x00X\x00\x00\x00\x00P\x02\x05\xa8\x00\x00\x00\x00'
0.213 Disassembled: source: 48599, dest: 50920, seq: 88, window: 1448, SYN
0.213 SYN accepted; new connection: 127.0.0.1 on port 48599
0.213 Assembling: source: 50920, dest: 48599, seq: 421332352, ack: 89, window: 5808, ACK, SYN
0.214 Sent: b'\xc6\xe8\xbd\xd7\x19\x1d\x05\x80\x00\x00\x00YP\x12\x16\xb0\x00\x00\x00\x00'
0.216 Received: b'\xbd\xd7\xc6\xe8\x00\x00\x00Y\x19\x1d\x05\x81P\x10\x16\xb0\x00\x00\x00\x00'
0.216 Disassembled: source: 48599, dest: 50920, seq: 89, ack: 421332353, window: 5808, ACK
0.216 Assembling: source: 50920, dest: 48599, seq: 421332353, ack: 89, window: 5808, ACK
0.216 Sent: b'\xc6\xe8\xbd\xd7\x19\x1d\x05\x81\x00\x00\x00YP\x10\x16\xb0\x00\x00\x00\x00'
0.217 Received: b'\xbd\xd7\xc6\xe8\x00\x00\x00Y\x19\x1d\x05\x81P\x10\x16\xb0\x00\x00\x00\x00Lorem ipsum dolo'...
0.218 Disassembled: source: 48599, dest: 50920, seq: 89, ack: 421332353, window: 5808, ACK, data: "Lorem ipsum dolo"...
0.218 Handshake complete
0.218 Data accepted; writing to file
0.218 Assembling: source: 50920, dest: 48599, seq: 421332353, ack: 1541, window: 5808, ACK
0.218 Sent: b'\xc6\xe8\xbd\xd7\x19\x1d\x05\x81\x00\x00\x06\x05P\x10\x16\xb0\x00\x00\x00\x00'
0.219 Received: b'\xbd\xd7\xc6\xe8\x00\x00\r\x04\x19\x1d\x05\x81P\x01\x16\xb0\x00\x00\x00\x00'
0.220 Disassembled: source: 48599, dest: 50920, seq: 3332, ack: 421332353, window: 5808, FIN
0.220 Error: Incorrect acknowledgement flag
0.719 Sent: b'\xc6\xe8\xbd\xd7\x19\x1d\x05\x81\x00\x00\x06\x05P\x10\x16\xb0\x00\x00\x00\x00'
1.219 Sent: b'\xc6\xe8\xbd\xd7\x19\x1d\x05\x81\x00\x00\x06\x05P\x10\x16\xb0\x00\x00\x00\x00'
1.720 Sent: b'\xc6\xe8\xbd\xd7\x19\x1d\x05\x81\x00\x00\x06\x05P\x10\x16\xb0\x00\x00\x00\x00'
2.220 Sent: b'\xc6\xe8\xbd\xd7\x19\x1d\x05\x81\x00\x00\x06\x05P\x10\x16\xb0\x00\x00\x00\x00'
2.720 Error: Connection timed out
2.721 Closed connection
2.722 Shutting down
