0.000 NEW RUN: Server, TEST: Write_file__Large_multi-packet
0.213 Received: b'\xa3[H!\x00\x00\x00@\x00\x00\x00\x00P\x02\x05\xa8\x00\x00\x00\x00'
0.214 Disassembled: source: 41819, dest: 18465, seq: 64, window: 1448, SYN
0.214 SYN accepted; new connection: 127.0.0.1 on port 41819
0.215 Assembling: source: 18465, dest: 41819, seq: 416155108, ack: 65, window: 5808, ACK, SYN
0.215 Sent: b'H!\xa3[\x18\xce\x05\xe4\x00\x00\x00AP\x12\x16\xb0\x00\x00\x00\x00'
0.217 Received: b'\xa3[H!\x00\x00\x00A\x18\xce\x05\xe5P\x10\x16\xb0\x00\x00\x00\x00'
0.217 Disassembled: source: 41819, dest: 18465, seq: 65, ack: 416155109, window: 5808, ACK
0.217 Assembling: source: 18465, dest: 41819, seq: 416155109, ack: 65, window: 5808, ACK
0.217 Sent: b'H!\xa3[\x18\xce\x05\xe5\x00\x00\x00AP\x10\x16\xb0\x00\x00\x00\x00'
0.218 Received: b'\xa3[H!\x00\x00\x00A\x18\xce\x05\xe5P\x10\x16\xb0\x00\x00\x00\x00Lorem ipsum dolo'...
0.218 Disassembled: source: 41819, dest: 18465, seq: 65, ack: 416155109, window: 5808, ACK, data: "Lorem ipsum dolo"...
0.218 Handshake complete
0.218 Data accepted; writing to file
0.219 Assembling: source: 18465, dest: 41819, seq: 416155109, ack: 1517, window: 5808, ACK
0.219 Sent: b'H!\xa3[\x18\xce\x05\xe5\x00\x00\x05\xedP\x10\x16\xb0\x00\x00\x00\x00'
0.220 Received: b'\xa3[H!\x00\x00\x16\xf1\x18\xce\x05\xe5P\x10\x16\xb0\x00\x00\x00\x00 sadipscing ei q'...
0.220 Disassembled: source: 41819, dest: 18465, seq: 5873, ack: 416155109, window: 5808, ACK, data: " sadipscing ei q"...
0.220 Error: Incorrect acknowledgement flag
0.221 Received: b'\xa3[H!\x00\x00-\xa1\x18\xce\x05\xe5P\x10\x16\xb0\x00\x00\x00\x00 Duo ea augue fa'...
0.221 Disassembled: source: 41819, dest: 18465, seq: 11681, ack: 416155109, window: 5808, ACK, data: " Duo ea augue fa"...
0.222 Error: Sequence number too high
0.719 Sent: b'H!\xa3[\x18\xce\x05\xe5\x00\x00\x05\xedP\x10\x16\xb0\x00\x00\x00\x00'
0.722 Received: b'\xa3[H!\x00\x00DQ\x18\xce\x05\xe5P\x10\x16\xb0\x00\x00\x00\x00uta debitis pert'...
0.722 Disassembled: source: 41819, dest: 18465, seq: 17489, ack: 416155109, window: 5808, ACK, data: "uta debitis pert"...
0.722 Error: Sequence number too high
1.220 Sent: b'H!\xa3[\x18\xce\x05\xe5\x00\x00\x05\xedP\x10\x16\xb0\x00\x00\x00\x00'
1.222 Received: b'\xa3[H!\x00\x00[\x01\x18\xce\x05\xe5P\x10\x16\xb0\x00\x00\x00\x00 decore possit r'...
1.223 Disassembled: source: 41819, dest: 18465, seq: 23297, ack: 416155109, window: 5808, ACK, data: " decore possit r"...
1.223 Error: Sequence number too high
1.720 Sent: b'H!\xa3[\x18\xce\x05\xe5\x00\x00\x05\xedP\x10\x16\xb0\x00\x00\x00\x00'
1.723 Received: b'\xa3[H!\x00\x00q\xb1\x18\xce\x05\xe5P\x10\x16\xb0\x00\x00\x00\x00orteat dissentiu'...
1.724 Disassembled: source: 41819, dest: 18465, seq: 29105, ack: 416155109, window: 5808, ACK, data: "orteat dissentiu"...
1.724 Error: Sequence number too high
2.220 Sent: b'H!\xa3[\x18\xce\x05\xe5\x00\x00\x05\xedP\x10\x16\xb0\x00\x00\x00\x00'
2.224 Received: b'\xa3[H!\x00\x00\x88a\x18\xce\x05\xe5P\x10\x16\xb0\x00\x00\x00\x00an. Ut per eirmo'...
2.224 Disassembled: source: 41819, dest: 18465, seq: 34913, ack: 416155109, window: 5808, ACK, data: "an. Ut per eirmo"...
2.224 Error: Sequence number too high
2.721 Error: Connection timed out
2.721 Closed connection
2.725 Shutting down
