0.000 NEW RUN: Server, TEST: Read_file__Empty
0.206 Received: b'\xc7\xc5\x90\x15\x00\x00\x00I\x00\x00\x00\x00P\x02\x05\xa8\x00\x00\x00\x00'
0.206 Disassembled: source: 51141, dest: 36885, seq: 73, window: 1448, SYN
0.207 SYN accepted; new connection: 127.0.0.1 on port 51141
0.207 Assembling: source: 36885, dest: 51141, seq: 754251078, ack: 74, window: 1448, ACK, SYN
0.207 Sent: b'\x90\x15\xc7\xc5,\xf4\xf5F\x00\x00\x00JP\x12\x05\xa8\x00\x00\x00\x00'
0.209 Received: b'\xc7\xc5\x90\x15\x00\x00\x00J,\xf4\xf5GP\x10\x05\xa8\x00\x00\x00\x00'
0.209 Disassembled: source: 51141, dest: 36885, seq: 74, ack: 754251079, window: 1448, ACK
0.209 Handshake complete
0.210 Acknowledged seq: 754251078
0.210 Finished reading file
0.210 Assembling: source: 36885, dest: 51141, seq: 754251079, ack: 75, window: 1448, ACK, FIN
0.210 Sent: b'\x90\x15\xc7\xc5,\xf4\xf5G\x00\x00\x00KP\x11\x05\xa8\x00\x00\x00\x00'
0.710 Sent: b'\x90\x15\xc7\xc5,\xf4\xf5G\x00\x00\x00KP\x11\x05\xa8\x00\x00\x00\x00'
1.211 Sent: b'\x90\x15\xc7\xc5,\xf4\xf5G\x00\x00\x00KP\x11\x05\xa8\x00\x00\x00\x00'
1.711 Sent: b'\x90\x15\xc7\xc5,\xf4\xf5G\x00\x00\x00KP\x11\x05\xa8\x00\x00\x00\x00'
2.212 Sent: b'\x90\x15\xc7\xc5,\xf4\xf5G\x00\x00\x00KP\x11\x05\xa8\x00\x00\x00\x00'
2.712 Sent: b'\x90\x15\xc7\xc5,\xf4\xf5G\x00\x00\x00KP\x11\x05\xa8\x00\x00\x00\x00'
3.213 Error: Connection timed out
3.213 Closed connection
3.214 Shutting down
