0.000 NEW RUN: Server, TEST: Read_file__Large_multi-packet
0.205 Received: b'\xfb\xe5\xf5*\x00\x00\x00\x0e\x00\x00\x00\x00P\x02\x05\xa8\x00\x00\x00\x00'
0.206 Disassembled: source: 64485, dest: 62762, seq: 14, window: 1448, SYN
0.206 SYN accepted; new connection: 127.0.0.1 on port 64485
0.206 Assembling: source: 62762, dest: 64485, seq: 756919793, ack: 15, window: 1448, ACK, SYN
0.206 Sent: b'\xf5*\xfb\xe5-\x1d\xad\xf1\x00\x00\x00\x0fP\x12\x05\xa8\x00\x00\x00\x00'
0.208 Received: b'\xfb\xe5\xf5*\x00\x00\x00\x0f-\x1d\xad\xf2P\x10\x05\xa8\x00\x00\x00\x00'
0.208 Disassembled: source: 64485, dest: 62762, seq: 15, ack: 756919794, window: 1448, ACK
0.209 Handshake complete
0.209 Acknowledged seq: 756919793
0.209 Assembling: source: 62762, dest: 64485, seq: 756919794, ack: 16, window: 1448, data: "Lorem ipsum dolo"...
0.209 Sent: b'\xf5*\xfb\xe5-\x1d\xad\xf2\x00\x00\x00\x10P\x00\x05\xa8\x00\x00\x00\x00Lorem ipsum dolo'...
0.211 Received: b'\xfb\xe5\xf5*\x00\x00\x00\x0f-\x1d\xb3\x9aP\x10\x05\xa8\x00\x00\x00\x00'
0.211 Disassembled: source: 64485, dest: 62762, seq: 15, ack: 756921242, window: 1448, ACK
0.211 Acknowledged seq: 756919794
0.211 Assembling: source: 62762, dest: 64485, seq: 756921242, ack: 16, window: 1448, data: "mprehensam nam, "...
0.211 Sent: b'\xf5*\xfb\xe5-\x1d\xb3\x9a\x00\x00\x00\x10P\x00\x05\xa8\x00\x00\x00\x00mprehensam nam, '...
0.213 Received: b'\xfb\xe5\xf5*\x00\x00\x00\x0f-\x1d\xb9BP\x10\x05\xa8\x00\x00\x00\x00'
0.213 Disassembled: source: 64485, dest: 62762, seq: 15, ack: 756922690, window: 1448, ACK
0.213 Acknowledged seq: 756921242
0.213 Assembling: source: 62762, dest: 64485, seq: 756922690, ack: 16, window: 1448, data: "ilisi repudiare "...
0.213 Sent: b'\xf5*\xfb\xe5-\x1d\xb9B\x00\x00\x00\x10P\x00\x05\xa8\x00\x00\x00\x00ilisi repudiare '...
0.215 Received: b'\xfb\xe5\xf5*\x00\x00\x00\x0f-\x1d\xbe\xeaP\x10\x05\xa8\x00\x00\x00\x00'
0.215 Disassembled: source: 64485, dest: 62762, seq: 15, ack: 756924138, window: 1448, ACK
0.215 Acknowledged seq: 756922690
0.216 Assembling: source: 62762, dest: 64485, seq: 756924138, ack: 16, window: 1448, data: "ta.

Et essent s"...
0.216 Sent: b'\xf5*\xfb\xe5-\x1d\xbe\xea\x00\x00\x00\x10P\x00\x05\xa8\x00\x00\x00\x00ta.\n\nEt essent s'...
0.218 Received: b'\xfb\xe5\xf5*\x00\x00\x00\x0f-\x1d\xc4\x92P\x10\x05\xa8\x00\x00\x00\x00'
0.218 Disassembled: source: 64485, dest: 62762, seq: 15, ack: 756925586, window: 1448, ACK
0.218 Acknowledged seq: 756924138
0.218 Assembling: source: 62762, dest: 64485, seq: 756925586, ack: 16, window: 1448, data: " Nihil tractatos"...
0.218 Sent: b'\xf5*\xfb\xe5-\x1d\xc4\x92\x00\x00\x00\x10P\x00\x05\xa8\x00\x00\x00\x00 Nihil tractatos'...
0.220 Received: b'\xfb\xe5\xf5*\x00\x00\x00\x0f-\x1d\xca:P\x10\x05\xa8\x00\x00\x00\x00'
0.220 Disassembled: source: 64485, dest: 62762, seq: 15, ack: 756927034, window: 1448, ACK
0.220 Acknowledged seq: 756925586
0.221 Assembling: source: 62762, dest: 64485, seq: 756927034, ack: 16, window: 1448, data: "fert iuvaret sap"...
0.221 Sent: b'\xf5*\xfb\xe5-\x1d\xca:\x00\x00\x00\x10P\x00\x05\xa8\x00\x00\x00\x00fert iuvaret sap'...
0.223 Received: b'\xfb\xe5\xf5*\x00\x00\x00\x0f-\x1d\xcf\xe2P\x10\x05\xa8\x00\x00\x00\x00'
0.223 Disassembled: source: 64485, dest: 62762, seq: 15, ack: 756928482, window: 1448, ACK
0.223 Acknowledged seq: 756927034
0.223 Assembling: source: 62762, dest: 64485, seq: 756928482, ack: 16, window: 1448, data: "ram adipiscing, "...
0.223 Sent: b'\xf5*\xfb\xe5-\x1d\xcf\xe2\x00\x00\x00\x10P\x00\x05\xa8\x00\x00\x00\x00ram adipiscing, '...
0.225 Received: b'\xfb\xe5\xf5*\x00\x00\x00\x0f-\x1d\xd5\x8aP\x10\x05\xa8\x00\x00\x00\x00'
0.225 Disassembled: source: 64485, dest: 62762, seq: 15, ack: 756929930, window: 1448, ACK
0.225 Acknowledged seq: 756928482
0.226 Assembling: source: 62762, dest: 64485, seq: 756929930, ack: 16, window: 1448, data: "m veritus vivend"...
0.226 Sent: b'\xf5*\xfb\xe5-\x1d\xd5\x8a\x00\x00\x00\x10P\x00\x05\xa8\x00\x00\x00\x00m veritus vivend'...
0.228 Received: b'\xfb\xe5\xf5*\x00\x00\x00\x0f-\x1d\xdb2P\x10\x05\xa8\x00\x00\x00\x00'
0.228 Disassembled: source: 64485, dest: 62762, seq: 15, ack: 756931378, window: 1448, ACK
0.228 Acknowledged seq: 756929930
0.228 Assembling: source: 62762, dest: 64485, seq: 756931378, ack: 16, window: 1448, data: " delenit, ignota"...
0.229 Sent: b'\xf5*\xfb\xe5-\x1d\xdb2\x00\x00\x00\x10P\x00\x05\xa8\x00\x00\x00\x00 delenit, ignota'...
0.230 Received: b'\xfb\xe5\xf5*\x00\x00\x00\x0f-\x1d\xe0\xdaP\x10\x05\xa8\x00\x00\x00\x00'
0.231 Disassembled: source: 64485, dest: 62762, seq: 15, ack: 756932826, window: 1448, ACK
0.231 Acknowledged seq: 756931378
0.231 Assembling: source: 62762, dest: 64485, seq: 756932826, ack: 16, window: 1448, data: "se explicari des"...
0.231 Sent: b'\xf5*\xfb\xe5-\x1d\xe0\xda\x00\x00\x00\x10P\x00\x05\xa8\x00\x00\x00\x00se explicari des'...
0.233 Received: b'\xfb\xe5\xf5*\x00\x00\x00\x0f-\x1d\xe6\x82P\x10\x05\xa8\x00\x00\x00\x00'
0.233 Disassembled: source: 64485, dest: 62762, seq: 15, ack: 756934274, window: 1448, ACK
0.233 Acknowledged seq: 756932826
0.234 Assembling: source: 62762, dest: 64485, seq: 756934274, ack: 16, window: 1448, data: "piscing, in modo"...
0.234 Sent: b'\xf5*\xfb\xe5-\x1d\xe6\x82\x00\x00\x00\x10P\x00\x05\xa8\x00\x00\x00\x00piscing, in modo'...
0.236 Received: b'\xfb\xe5\xf5*\x00\x00\x00\x0f-\x1d\xec*P\x10\x05\xa8\x00\x00\x00\x00'
0.236 Disassembled: source: 64485, dest: 62762, seq: 15, ack: 756935722, window: 1448, ACK
0.236 Acknowledged seq: 756934274
0.236 Assembling: source: 62762, dest: 64485, seq: 756935722, ack: 16, window: 1448, data: "o copiosae tacim"...
0.236 Sent: b'\xf5*\xfb\xe5-\x1d\xec*\x00\x00\x00\x10P\x00\x05\xa8\x00\x00\x00\x00o copiosae tacim'...
0.238 Received: b'\xfb\xe5\xf5*\x00\x00\x00\x0f-\x1d\xf1\xd2P\x10\x05\xa8\x00\x00\x00\x00'
0.239 Disassembled: source: 64485, dest: 62762, seq: 15, ack: 756937170, window: 1448, ACK
0.239 Acknowledged seq: 756935722
0.239 Assembling: source: 62762, dest: 64485, seq: 756937170, ack: 16, window: 1448, data: "am. Pri ne antio"...
0.239 Sent: b'\xf5*\xfb\xe5-\x1d\xf1\xd2\x00\x00\x00\x10P\x00\x05\xa8\x00\x00\x00\x00am. Pri ne antio'...
0.241 Received: b'\xfb\xe5\xf5*\x00\x00\x00\x0f-\x1d\xf7zP\x10\x05\xa8\x00\x00\x00\x00'
0.241 Disassembled: source: 64485, dest: 62762, seq: 15, ack: 756938618, window: 1448, ACK
0.241 Acknowledged seq: 756937170
0.242 Assembling: source: 62762, dest: 64485, seq: 756938618, ack: 16, window: 1448, data: "to no. Elitr pos"...
0.242 Sent: b'\xf5*\xfb\xe5-\x1d\xf7z\x00\x00\x00\x10P\x00\x05\xa8\x00\x00\x00\x00to no. Elitr pos'...
0.244 Received: b'\xfb\xe5\xf5*\x00\x00\x00\x0f-\x1d\xfd"P\x10\x05\xa8\x00\x00\x00\x00'
0.244 Disassembled: source: 64485, dest: 62762, seq: 15, ack: 756940066, window: 1448, ACK
0.244 Acknowledged seq: 756938618
0.244 Assembling: source: 62762, dest: 64485, seq: 756940066, ack: 16, window: 1448, data: "pretaris, sea ex"...
0.245 Sent: b'\xf5*\xfb\xe5-\x1d\xfd"\x00\x00\x00\x10P\x00\x05\xa8\x00\x00\x00\x00pretaris, sea ex'...
0.246 Received: b'\xfb\xe5\xf5*\x00\x00\x00\x0f-\x1e\x02\xcaP\x10\x05\xa8\x00\x00\x00\x00'
0.247 Disassembled: source: 64485, dest: 62762, seq: 15, ack: 756941514, window: 1448, ACK
0.247 Acknowledged seq: 756940066
0.247 Assembling: source: 62762, dest: 64485, seq: 756941514, ack: 16, window: 1448, data: "oporteat inimicu"...
0.247 Sent: b'\xf5*\xfb\xe5-\x1e\x02\xca\x00\x00\x00\x10P\x00\x05\xa8\x00\x00\x00\x00oporteat inimicu'...
0.249 Received: b'\xfb\xe5\xf5*\x00\x00\x00\x0f-\x1e\x08rP\x10\x05\xa8\x00\x00\x00\x00'
0.250 Disassembled: source: 64485, dest: 62762, seq: 15, ack: 756942962, window: 1448, ACK
0.250 Acknowledged seq: 756941514
0.250 Assembling: source: 62762, dest: 64485, seq: 756942962, ack: 16, window: 1448, data: "ligendi officiis"...
0.250 Sent: b'\xf5*\xfb\xe5-\x1e\x08r\x00\x00\x00\x10P\x00\x05\xa8\x00\x00\x00\x00ligendi officiis'...
0.252 Received: b'\xfb\xe5\xf5*\x00\x00\x00\x0f-\x1e\x0e\x1aP\x10\x05\xa8\x00\x00\x00\x00'
0.252 Disassembled: source: 64485, dest: 62762, seq: 15, ack: 756944410, window: 1448, ACK
0.252 Acknowledged seq: 756942962
0.253 Assembling: source: 62762, dest: 64485, seq: 756944410, ack: 16, window: 1448, data: "no vel regione i"...
0.253 Sent: b'\xf5*\xfb\xe5-\x1e\x0e\x1a\x00\x00\x00\x10P\x00\x05\xa8\x00\x00\x00\x00no vel regione i'...
0.255 Received: b'\xfb\xe5\xf5*\x00\x00\x00\x0f-\x1e\x13\xc2P\x10\x05\xa8\x00\x00\x00\x00'
0.255 Disassembled: source: 64485, dest: 62762, seq: 15, ack: 756945858, window: 1448, ACK
0.255 Acknowledged seq: 756944410
0.255 Assembling: source: 62762, dest: 64485, seq: 756945858, ack: 16, window: 1448, data: "ibus vis ex, pro"...
0.256 Sent: b'\xf5*\xfb\xe5-\x1e\x13\xc2\x00\x00\x00\x10P\x00\x05\xa8\x00\x00\x00\x00ibus vis ex, pro'...
0.257 Received: b'\xfb\xe5\xf5*\x00\x00\x00\x0f-\x1e\x19jP\x10\x05\xa8\x00\x00\x00\x00'
0.258 Disassembled: source: 64485, dest: 62762, seq: 15, ack: 756947306, window: 1448, ACK
0.258 Acknowledged seq: 756945858
0.258 Assembling: source: 62762, dest: 64485, seq: 756947306, ack: 16, window: 1448, data: "o vix, mel ea li"...
0.259 Sent: b'\xf5*\xfb\xe5-\x1e\x19j\x00\x00\x00\x10P\x00\x05\xa8\x00\x00\x00\x00o vix, mel ea li'...
0.260 Received: b'\xfb\xe5\xf5*\x00\x00\x00\x0f-\x1e\x1f\x12P\x10\x05\xa8\x00\x00\x00\x00'
0.261 Disassembled: source: 64485, dest: 62762, seq: 15, ack: 756948754, window: 1448, ACK
0.261 Acknowledged seq: 756947306
0.261 Assembling: source: 62762, dest: 64485, seq: 756948754, ack: 16, window: 1448, data: "d. Ex fugit suav"...
0.261 Sent: b'\xf5*\xfb\xe5-\x1e\x1f\x12\x00\x00\x00\x10P\x00\x05\xa8\x00\x00\x00\x00d. Ex fugit suav'...
0.263 Received: b'\xfb\xe5\xf5*\x00\x00\x00\x0f-\x1e$\xbaP\x10\x05\xa8\x00\x00\x00\x00'
0.263 Disassembled: source: 64485, dest: 62762, seq: 15, ack: 756950202, window: 1448, ACK
0.264 Acknowledged seq: 756948754
0.264 Assembling: source: 62762, dest: 64485, seq: 756950202, ack: 16, window: 1448, data: "pertinax nec. De"...
0.264 Sent: b'\xf5*\xfb\xe5-\x1e$\xba\x00\x00\x00\x10P\x00\x05\xa8\x00\x00\x00\x00pertinax nec. De'...
0.266 Received: b'\xfb\xe5\xf5*\x00\x00\x00\x0f-\x1e*bP\x10\x05\xa8\x00\x00\x00\x00'
0.266 Disassembled: source: 64485, dest: 62762, seq: 15, ack: 756951650, window: 1448, ACK
0.266 Acknowledged seq: 756950202
0.267 Assembling: source: 62762, dest: 64485, seq: 756951650, ack: 16, window: 1448, data: "lli primis praes"...
0.267 Sent: b'\xf5*\xfb\xe5-\x1e*b\x00\x00\x00\x10P\x00\x05\xa8\x00\x00\x00\x00lli primis praes'...
0.269 Received: b'\xfb\xe5\xf5*\x00\x00\x00\x0f-\x1e0\nP\x10\x05\xa8\x00\x00\x00\x00'
0.269 Disassembled: source: 64485, dest: 62762, seq: 15, ack: 756953098, window: 1448, ACK
0.269 Acknowledged seq: 756951650
0.270 Assembling: source: 62762, dest: 64485, seq: 756953098, ack: 16, window: 1448, data: "m, percipit inte"...
0.270 Sent: b'\xf5*\xfb\xe5-\x1e0\n\x00\x00\x00\x10P\x00\x05\xa8\x00\x00\x00\x00m, percipit inte'...
0.272 Received: b'\xfb\xe5\xf5*\x00\x00\x00\x0f-\x1e5\xb2P\x10\x05\xa8\x00\x00\x00\x00'
0.272 Disassembled: source: 64485, dest: 62762, seq: 15, ack: 756954546, window: 1448, ACK
0.272 Acknowledged seq: 756953098
0.272 Assembling: source: 62762, dest: 64485, seq: 756954546, ack: 16, window: 1448, data: "nani docendi pat"...
0.273 Sent: b'\xf5*\xfb\xe5-\x1e5\xb2\x00\x00\x00\x10P\x00\x05\xa8\x00\x00\x00\x00nani docendi pat'...
0.274 Received: b'\xfb\xe5\xf5*\x00\x00\x00\x0f-\x1e;ZP\x10\x05\xa8\x00\x00\x00\x00'
0.275 Disassembled: source: 64485, dest: 62762, seq: 15, ack: 756955994, window: 1448, ACK
0.275 Acknowledged seq: 756954546
0.275 Assembling: source: 62762, dest: 64485, seq: 756955994, ack: 16, window: 1448, data: " vis decore poss"...
0.276 Sent: b'\xf5*\xfb\xe5-\x1e;Z\x00\x00\x00\x10P\x00\x05\xa8\x00\x00\x00\x00 vis decore poss'...
0.277 Received: b'\xfb\xe5\xf5*\x00\x00\x00\x0f-\x1eA\x02P\x10\x05\xa8\x00\x00\x00\x00'
0.278 Disassembled: source: 64485, dest: 62762, seq: 15, ack: 756957442, window: 1448, ACK
0.278 Acknowledged seq: 756955994
0.278 Assembling: source: 62762, dest: 64485, seq: 756957442, ack: 16, window: 1448, data: "eam odio corpora"...
0.278 Sent: b'\xf5*\xfb\xe5-\x1eA\x02\x00\x00\x00\x10P\x00\x05\xa8\x00\x00\x00\x00eam odio corpora'...
0.280 Received: b'\xfb\xe5\xf5*\x00\x00\x00\x0f-\x1eF\xaaP\x10\x05\xa8\x00\x00\x00\x00'
0.281 Disassembled: source: 64485, dest: 62762, seq: 15, ack: 756958890, window: 1448, ACK
0.281 Acknowledged seq: 756957442
0.281 Assembling: source: 62762, dest: 64485, seq: 756958890, ack: 16, window: 1448, data: " est. Usu sanctu"...
0.281 Sent: b'\xf5*\xfb\xe5-\x1eF\xaa\x00\x00\x00\x10P\x00\x05\xa8\x00\x00\x00\x00 est. Usu sanctu'...
0.283 Received: b'\xfb\xe5\xf5*\x00\x00\x00\x0f-\x1eLRP\x10\x05\xa8\x00\x00\x00\x00'
0.283 Disassembled: source: 64485, dest: 62762, seq: 15, ack: 756960338, window: 1448, ACK
0.284 Acknowledged seq: 756958890
0.284 Assembling: source: 62762, dest: 64485, seq: 756960338, ack: 16, window: 1448, data: ".

Mei graeco ae"...
0.284 Sent: b'\xf5*\xfb\xe5-\x1eLR\x00\x00\x00\x10P\x00\x05\xa8\x00\x00\x00\x00.\n\nMei graeco ae'...
0.286 Received: b'\xfb\xe5\xf5*\x00\x00\x00\x0f-\x1eQ\xfaP\x10\x05\xa8\x00\x00\x00\x00'
0.286 Disassembled: source: 64485, dest: 62762, seq: 15, ack: 756961786, window: 1448, ACK
0.286 Acknowledged seq: 756960338
0.287 Assembling: source: 62762, dest: 64485, seq: 756961786, ack: 16, window: 1448, data: "et. Ne sea primi"...
0.287 Sent: b'\xf5*\xfb\xe5-\x1eQ\xfa\x00\x00\x00\x10P\x00\x05\xa8\x00\x00\x00\x00et. Ne sea primi'...
0.289 Received: b'\xfb\xe5\xf5*\x00\x00\x00\x0f-\x1eW\xa2P\x10\x05\xa8\x00\x00\x00\x00'
0.289 Disassembled: source: 64485, dest: 62762, seq: 15, ack: 756963234, window: 1448, ACK
0.289 Acknowledged seq: 756961786
0.290 Assembling: source: 62762, dest: 64485, seq: 756963234, ack: 16, window: 1448, data: "ittam convenire."...
0.290 Sent: b'\xf5*\xfb\xe5-\x1eW\xa2\x00\x00\x00\x10P\x00\x05\xa8\x00\x00\x00\x00ittam convenire.'...
0.292 Received: b'\xfb\xe5\xf5*\x00\x00\x00\x0f-\x1e]JP\x10\x05\xa8\x00\x00\x00\x00'
0.292 Disassembled: source: 64485, dest: 62762, seq: 15, ack: 756964682, window: 1448, ACK
0.292 Acknowledged seq: 756963234
0.293 Assembling: source: 62762, dest: 64485, seq: 756964682, ack: 16, window: 1448, data: "ua et vis, id eu"...
0.293 Sent: b'\xf5*\xfb\xe5-\x1e]J\x00\x00\x00\x10P\x00\x05\xa8\x00\x00\x00\x00ua et vis, id eu'...
0.295 Received: b'\xfb\xe5\xf5*\x00\x00\x00\x0f-\x1eb\xf2P\x10\x05\xa8\x00\x00\x00\x00'
0.295 Disassembled: source: 64485, dest: 62762, seq: 15, ack: 756966130, window: 1448, ACK
0.295 Acknowledged seq: 756964682
0.295 Assembling: source: 62762, dest: 64485, seq: 756966130, ack: 16, window: 1448, data: "r. Et velit appa"...
0.296 Sent: b'\xf5*\xfb\xe5-\x1eb\xf2\x00\x00\x00\x10P\x00\x05\xa8\x00\x00\x00\x00r. Et velit appa'...
0.297 Received: b'\xfb\xe5\xf5*\x00\x00\x00\x0f-\x1eh\x9aP\x10\x05\xa8\x00\x00\x00\x00'
0.298 Disassembled: source: 64485, dest: 62762, seq: 15, ack: 756967578, window: 1448, ACK
0.298 Acknowledged seq: 756966130
0.298 Assembling: source: 62762, dest: 64485, seq: 756967578, ack: 16, window: 1448, data: " novum laudem, v"...
0.299 Sent: b'\xf5*\xfb\xe5-\x1eh\x9a\x00\x00\x00\x10P\x00\x05\xa8\x00\x00\x00\x00 novum laudem, v'...
0.301 Received: b'\xfb\xe5\xf5*\x00\x00\x00\x0f-\x1enBP\x10\x05\xa8\x00\x00\x00\x00'
0.301 Disassembled: source: 64485, dest: 62762, seq: 15, ack: 756969026, window: 1448, ACK
0.301 Acknowledged seq: 756967578
0.301 Assembling: source: 62762, dest: 64485, seq: 756969026, ack: 16, window: 1448, data: "luptatibus, cibo"...
0.302 Sent: b'\xf5*\xfb\xe5-\x1enB\x00\x00\x00\x10P\x00\x05\xa8\x00\x00\x00\x00luptatibus, cibo'...
0.304 Received: b'\xfb\xe5\xf5*\x00\x00\x00\x0f-\x1es\xeaP\x10\x05\xa8\x00\x00\x00\x00'
0.304 Disassembled: source: 64485, dest: 62762, seq: 15, ack: 756970474, window: 1448, ACK
0.304 Acknowledged seq: 756969026
0.304 Assembling: source: 62762, dest: 64485, seq: 756970474, ack: 16, window: 1448, data: "alii indoctum ma"...
0.305 Sent: b'\xf5*\xfb\xe5-\x1es\xea\x00\x00\x00\x10P\x00\x05\xa8\x00\x00\x00\x00alii indoctum ma'...
0.306 Received: b'\xfb\xe5\xf5*\x00\x00\x00\x0f-\x1ey\x92P\x10\x05\xa8\x00\x00\x00\x00'
0.307 Disassembled: source: 64485, dest: 62762, seq: 15, ack: 756971922, window: 1448, ACK
0.307 Acknowledged seq: 756970474
0.307 Assembling: source: 62762, dest: 64485, seq: 756971922, ack: 16, window: 1448, data: "im, his facete c"...
0.308 Sent: b'\xf5*\xfb\xe5-\x1ey\x92\x00\x00\x00\x10P\x00\x05\xa8\x00\x00\x00\x00im, his facete c'...
0.309 Received: b'\xfb\xe5\xf5*\x00\x00\x00\x0f-\x1e\x7f:P\x10\x05\xa8\x00\x00\x00\x00'
0.310 Disassembled: source: 64485, dest: 62762, seq: 15, ack: 756973370, window: 1448, ACK
0.310 Acknowledged seq: 756971922
0.310 Assembling: source: 62762, dest: 64485, seq: 756973370, ack: 16, window: 1448, data: "e alia dolor com"...
0.311 Sent: b'\xf5*\xfb\xe5-\x1e\x7f:\x00\x00\x00\x10P\x00\x05\xa8\x00\x00\x00\x00e alia dolor com'...
0.312 Received: b'\xfb\xe5\xf5*\x00\x00\x00\x0f-\x1e\x84\xe2P\x10\x05\xa8\x00\x00\x00\x00'
0.313 Disassembled: source: 64485, dest: 62762, seq: 15, ack: 756974818, window: 1448, ACK
0.313 Acknowledged seq: 756973370
0.313 Assembling: source: 62762, dest: 64485, seq: 756974818, ack: 16, window: 1448, data: "it ea, reque tem"...
0.314 Sent: b'\xf5*\xfb\xe5-\x1e\x84\xe2\x00\x00\x00\x10P\x00\x05\xa8\x00\x00\x00\x00it ea, reque tem'...
0.316 Received: b'\xfb\xe5\xf5*\x00\x00\x00\x0f-\x1e\x8a\x8aP\x10\x05\xa8\x00\x00\x00\x00'
0.316 Disassembled: source: 64485, dest: 62762, seq: 15, ack: 756976266, window: 1448, ACK
0.316 Acknowledged seq: 756974818
0.316 Assembling: source: 62762, dest: 64485, seq: 756976266, ack: 16, window: 1448, data: "alisque.

Equide"...
0.317 Sent: b'\xf5*\xfb\xe5-\x1e\x8a\x8a\x00\x00\x00\x10P\x00\x05\xa8\x00\x00\x00\x00alisque.\n\nEquide'...
0.319 Received: b'\xfb\xe5\xf5*\x00\x00\x00\x0f-\x1e\x902P\x10\x05\xa8\x00\x00\x00\x00'
0.319 Disassembled: source: 64485, dest: 62762, seq: 15, ack: 756977714, window: 1448, ACK
0.319 Acknowledged seq: 756976266
0.320 Assembling: source: 62762, dest: 64485, seq: 756977714, ack: 16, window: 1448, data: "finitiones, affe"...
0.320 Sent: b'\xf5*\xfb\xe5-\x1e\x902\x00\x00\x00\x10P\x00\x05\xa8\x00\x00\x00\x00finitiones, affe'...
0.322 Received: b'\xfb\xe5\xf5*\x00\x00\x00\x0f-\x1e\x95\xdaP\x10\x05\xa8\x00\x00\x00\x00'
0.322 Disassembled: source: 64485, dest: 62762, seq: 15, ack: 756979162, window: 1448, ACK
0.322 Acknowledged seq: 756977714
0.323 Assembling: source: 62762, dest: 64485, seq: 756979162, ack: 16, window: 1448, data: "his duis graeco "...
0.323 Sent: b'\xf5*\xfb\xe5-\x1e\x95\xda\x00\x00\x00\x10P\x00\x05\xa8\x00\x00\x00\x00his duis graeco '...
0.325 Received: b'\xfb\xe5\xf5*\x00\x00\x00\x0f-\x1e\x9b\x82P\x10\x05\xa8\x00\x00\x00\x00'
0.325 Disassembled: source: 64485, dest: 62762, seq: 15, ack: 756980610, window: 1448, ACK
0.325 Acknowledged seq: 756979162
0.326 Assembling: source: 62762, dest: 64485, seq: 756980610, ack: 16, window: 1448, data: "am. Alia possit "...
0.326 Sent: b'\xf5*\xfb\xe5-\x1e\x9b\x82\x00\x00\x00\x10P\x00\x05\xa8\x00\x00\x00\x00am. Alia possit '...
0.328 Received: b'\xfb\xe5\xf5*\x00\x00\x00\x0f-\x1e\xa1*P\x10\x05\xa8\x00\x00\x00\x00'
0.328 Disassembled: source: 64485, dest: 62762, seq: 15, ack: 756982058, window: 1448, ACK
0.328 Acknowledged seq: 756980610
0.329 Assembling: source: 62762, dest: 64485, seq: 756982058, ack: 16, window: 1448, data: "cum an. Mei faci"...
0.329 Sent: b'\xf5*\xfb\xe5-\x1e\xa1*\x00\x00\x00\x10P\x00\x05\xa8\x00\x00\x00\x00cum an. Mei faci'...
0.331 Received: b'\xfb\xe5\xf5*\x00\x00\x00\x0f-\x1e\xa6\xd2P\x10\x05\xa8\x00\x00\x00\x00'
0.331 Disassembled: source: 64485, dest: 62762, seq: 15, ack: 756983506, window: 1448, ACK
0.332 Acknowledged seq: 756982058
0.332 Assembling: source: 62762, dest: 64485, seq: 756983506, ack: 16, window: 1448, data: " vis adhuc tatio"...
0.332 Sent: b'\xf5*\xfb\xe5-\x1e\xa6\xd2\x00\x00\x00\x10P\x00\x05\xa8\x00\x00\x00\x00 vis adhuc tatio'...
0.334 Received: b'\xfb\xe5\xf5*\x00\x00\x00\x0f-\x1e\xaczP\x10\x05\xa8\x00\x00\x00\x00'
0.334 Disassembled: source: 64485, dest: 62762, seq: 15, ack: 756984954, window: 1448, ACK
0.335 Acknowledged seq: 756983506
0.335 Assembling: source: 62762, dest: 64485, seq: 756984954, ack: 16, window: 1448, data: "im eu option iuv"...
0.335 Sent: b'\xf5*\xfb\xe5-\x1e\xacz\x00\x00\x00\x10P\x00\x05\xa8\x00\x00\x00\x00im eu option iuv'...
0.337 Received: b'\xfb\xe5\xf5*\x00\x00\x00\x0f-\x1e\xb2"P\x10\x05\xa8\x00\x00\x00\x00'
0.338 Disassembled: source: 64485, dest: 62762, seq: 15, ack: 756986402, window: 1448, ACK
0.338 Acknowledged seq: 756984954
0.338 Assembling: source: 62762, dest: 64485, seq: 756986402, ack: 16, window: 1448, data: "ex epicurei taci"...
0.338 Sent: b'\xf5*\xfb\xe5-\x1e\xb2"\x00\x00\x00\x10P\x00\x05\xa8\x00\x00\x00\x00ex epicurei taci'...
0.340 Received: b'\xfb\xe5\xf5*\x00\x00\x00\x0f-\x1e\xb7\xcaP\x10\x05\xa8\x00\x00\x00\x00'
0.341 Disassembled: source: 64485, dest: 62762, seq: 15, ack: 756987850, window: 1448, ACK
0.341 Acknowledged seq: 756986402
0.341 Assembling: source: 62762, dest: 64485, seq: 756987850, ack: 16, window: 1448, data: "ebat, eu pro ero"...
0.342 Sent: b'\xf5*\xfb\xe5-\x1e\xb7\xca\x00\x00\x00\x10P\x00\x05\xa8\x00\x00\x00\x00ebat, eu pro ero'...
0.344 Received: b'\xfb\xe5\xf5*\x00\x00\x00\x0f-\x1e\xbdrP\x10\x05\xa8\x00\x00\x00\x00'
0.344 Disassembled: source: 64485, dest: 62762, seq: 15, ack: 756989298, window: 1448, ACK
0.344 Acknowledged seq: 756987850
0.344 Assembling: source: 62762, dest: 64485, seq: 756989298, ack: 16, window: 1448, data: "s. Per no sale v"...
0.345 Sent: b'\xf5*\xfb\xe5-\x1e\xbdr\x00\x00\x00\x10P\x00\x05\xa8\x00\x00\x00\x00s. Per no sale v'...
0.347 Received: b'\xfb\xe5\xf5*\x00\x00\x00\x0f-\x1e\xc3\x1aP\x10\x05\xa8\x00\x00\x00\x00'
0.347 Disassembled: source: 64485, dest: 62762, seq: 15, ack: 756990746, window: 1448, ACK
0.347 Acknowledged seq: 756989298
0.348 Assembling: source: 62762, dest: 64485, seq: 756990746, ack: 16, window: 1448, data: "orrupte ea mel. "...
0.348 Sent: b'\xf5*\xfb\xe5-\x1e\xc3\x1a\x00\x00\x00\x10P\x00\x05\xa8\x00\x00\x00\x00orrupte ea mel. '...
0.350 Received: b'\xfb\xe5\xf5*\x00\x00\x00\x0f-\x1e\xc8\xc2P\x10\x05\xa8\x00\x00\x00\x00'
0.350 Disassembled: source: 64485, dest: 62762, seq: 15, ack: 756992194, window: 1448, ACK
0.351 Acknowledged seq: 756990746
0.351 Assembling: source: 62762, dest: 64485, seq: 756992194, ack: 16, window: 1448, data: ". Est iracundia "...
0.351 Sent: b'\xf5*\xfb\xe5-\x1e\xc8\xc2\x00\x00\x00\x10P\x00\x05\xa8\x00\x00\x00\x00. Est iracundia '...
0.353 Received: b'\xfb\xe5\xf5*\x00\x00\x00\x0f-\x1e\xcejP\x10\x05\xa8\x00\x00\x00\x00'
0.354 Disassembled: source: 64485, dest: 62762, seq: 15, ack: 756993642, window: 1448, ACK
0.354 Acknowledged seq: 756992194
0.354 Assembling: source: 62762, dest: 64485, seq: 756993642, ack: 16, window: 1448, data: "pta probatus scr"...
0.354 Sent: b'\xf5*\xfb\xe5-\x1e\xcej\x00\x00\x00\x10P\x00\x05\xa8\x00\x00\x00\x00pta probatus scr'...
0.356 Received: b'\xfb\xe5\xf5*\x00\x00\x00\x0f-\x1e\xd4\x12P\x10\x05\xa8\x00\x00\x00\x00'
0.357 Disassembled: source: 64485, dest: 62762, seq: 15, ack: 756995090, window: 1448, ACK
0.357 Acknowledged seq: 756993642
0.357 Assembling: source: 62762, dest: 64485, seq: 756995090, ack: 16, window: 1448, data: "entur ei, pro ei"...
0.358 Sent: b'\xf5*\xfb\xe5-\x1e\xd4\x12\x00\x00\x00\x10P\x00\x05\xa8\x00\x00\x00\x00entur ei, pro ei'...
0.359 Received: b'\xfb\xe5\xf5*\x00\x00\x00\x0f-\x1e\xd9\xbaP\x10\x05\xa8\x00\x00\x00\x00'
0.360 Disassembled: source: 64485, dest: 62762, seq: 15, ack: 756996538, window: 1448, ACK
0.360 Acknowledged seq: 756995090
0.360 Assembling: source: 62762, dest: 64485, seq: 756996538, ack: 16, window: 1448, data: "simul euismod vi"...
0.361 Sent: b'\xf5*\xfb\xe5-\x1e\xd9\xba\x00\x00\x00\x10P\x00\x05\xa8\x00\x00\x00\x00simul euismod vi'...
0.363 Received: b'\xfb\xe5\xf5*\x00\x00\x00\x0f-\x1e\xdfbP\x10\x05\xa8\x00\x00\x00\x00'
0.363 Disassembled: source: 64485, dest: 62762, seq: 15, ack: 756997986, window: 1448, ACK
0.363 Acknowledged seq: 756996538
0.364 Assembling: source: 62762, dest: 64485, seq: 756997986, ack: 16, window: 1448, data: ", eam id iudico "...
0.364 Sent: b'\xf5*\xfb\xe5-\x1e\xdfb\x00\x00\x00\x10P\x00\x05\xa8\x00\x00\x00\x00, eam id iudico '...
0.366 Received: b'\xfb\xe5\xf5*\x00\x00\x00\x0f-\x1e\xe5\nP\x10\x05\xa8\x00\x00\x00\x00'
0.366 Disassembled: source: 64485, dest: 62762, seq: 15, ack: 756999434, window: 1448, ACK
0.367 Acknowledged seq: 756997986
0.367 Assembling: source: 62762, dest: 64485, seq: 756999434, ack: 16, window: 1448, data: "m vix. Ea est mu"...
0.367 Sent: b'\xf5*\xfb\xe5-\x1e\xe5\n\x00\x00\x00\x10P\x00\x05\xa8\x00\x00\x00\x00m vix. Ea est mu'...
0.369 Received: b'\xfb\xe5\xf5*\x00\x00\x00\x0f-\x1e\xea\xb2P\x10\x05\xa8\x00\x00\x00\x00'
0.370 Disassembled: source: 64485, dest: 62762, seq: 15, ack: 757000882, window: 1448, ACK
0.370 Acknowledged seq: 756999434
0.370 Assembling: source: 62762, dest: 64485, seq: 757000882, ack: 16, window: 1448, data: "olor sit amet, e"...
0.371 Sent: b'\xf5*\xfb\xe5-\x1e\xea\xb2\x00\x00\x00\x10P\x00\x05\xa8\x00\x00\x00\x00olor sit amet, e'...
0.373 Received: b'\xfb\xe5\xf5*\x00\x00\x00\x0f-\x1e\xf0ZP\x10\x05\xa8\x00\x00\x00\x00'
0.373 Disassembled: source: 64485, dest: 62762, seq: 15, ack: 757002330, window: 1448, ACK
0.373 Acknowledged seq: 757000882
0.374 Assembling: source: 62762, dest: 64485, seq: 757002330, ack: 16, window: 1448, data: "m, aperiam iudic"...
0.374 Sent: b'\xf5*\xfb\xe5-\x1e\xf0Z\x00\x00\x00\x10P\x00\x05\xa8\x00\x00\x00\x00m, aperiam iudic'...
0.376 Received: b'\xfb\xe5\xf5*\x00\x00\x00\x0f-\x1e\xf6\x02P\x10\x05\xa8\x00\x00\x00\x00'
0.376 Disassembled: source: 64485, dest: 62762, seq: 15, ack: 757003778, window: 1448, ACK
0.377 Acknowledged seq: 757002330
0.377 Assembling: source: 62762, dest: 64485, seq: 757003778, ack: 16, window: 1448, data: "re sea. No eos d"...
0.377 Sent: b'\xf5*\xfb\xe5-\x1e\xf6\x02\x00\x00\x00\x10P\x00\x05\xa8\x00\x00\x00\x00re sea. No eos d'...
0.379 Received: b'\xfb\xe5\xf5*\x00\x00\x00\x0f-\x1e\xfb\xaaP\x10\x05\xa8\x00\x00\x00\x00'
0.380 Disassembled: source: 64485, dest: 62762, seq: 15, ack: 757005226, window: 1448, ACK
0.380 Acknowledged seq: 757003778
0.380 Assembling: source: 62762, dest: 64485, seq: 757005226, ack: 16, window: 1448, data: "t scripta philos"...
0.381 Sent: b'\xf5*\xfb\xe5-\x1e\xfb\xaa\x00\x00\x00\x10P\x00\x05\xa8\x00\x00\x00\x00t scripta philos'...
0.383 Received: b'\xfb\xe5\xf5*\x00\x00\x00\x0f-\x1f\x01RP\x10\x05\xa8\x00\x00\x00\x00'
0.383 Disassembled: source: 64485, dest: 62762, seq: 15, ack: 757006674, window: 1448, ACK
0.383 Acknowledged seq: 757005226
0.384 Assembling: source: 62762, dest: 64485, seq: 757006674, ack: 16, window: 1448, data: "tos sadipscing e"...
0.384 Sent: b'\xf5*\xfb\xe5-\x1f\x01R\x00\x00\x00\x10P\x00\x05\xa8\x00\x00\x00\x00tos sadipscing e'...
0.386 Received: b'\xfb\xe5\xf5*\x00\x00\x00\x0f-\x1f\x06\xfaP\x10\x05\xa8\x00\x00\x00\x00'
0.386 Disassembled: source: 64485, dest: 62762, seq: 15, ack: 757008122, window: 1448, ACK
0.386 Acknowledged seq: 757006674
0.387 Assembling: source: 62762, dest: 64485, seq: 757008122, ack: 16, window: 1448, data: "sapientem ea, ad"...
0.387 Sent: b'\xf5*\xfb\xe5-\x1f\x06\xfa\x00\x00\x00\x10P\x00\x05\xa8\x00\x00\x00\x00sapientem ea, ad'...
0.389 Received: b'\xfb\xe5\xf5*\x00\x00\x00\x0f-\x1f\x0c\xa2P\x10\x05\xa8\x00\x00\x00\x00'
0.389 Disassembled: source: 64485, dest: 62762, seq: 15, ack: 757009570, window: 1448, ACK
0.390 Acknowledged seq: 757008122
0.390 Assembling: source: 62762, dest: 64485, seq: 757009570, ack: 16, window: 1448, data: "g, ei invenire p"...
0.390 Sent: b'\xf5*\xfb\xe5-\x1f\x0c\xa2\x00\x00\x00\x10P\x00\x05\xa8\x00\x00\x00\x00g, ei invenire p'...
0.392 Received: b'\xfb\xe5\xf5*\x00\x00\x00\x0f-\x1f\x12JP\x10\x05\xa8\x00\x00\x00\x00'
0.393 Disassembled: source: 64485, dest: 62762, seq: 15, ack: 757011018, window: 1448, ACK
0.393 Acknowledged seq: 757009570
0.393 Assembling: source: 62762, dest: 64485, seq: 757011018, ack: 16, window: 1448, data: "endo at. Qui id "...
0.394 Sent: b'\xf5*\xfb\xe5-\x1f\x12J\x00\x00\x00\x10P\x00\x05\xa8\x00\x00\x00\x00endo at. Qui id '...
0.396 Received: b'\xfb\xe5\xf5*\x00\x00\x00\x0f-\x1f\x17\xf2P\x10\x05\xa8\x00\x00\x00\x00'
0.396 Disassembled: source: 64485, dest: 62762, seq: 15, ack: 757012466, window: 1448, ACK
0.396 Acknowledged seq: 757011018
0.396 Assembling: source: 62762, dest: 64485, seq: 757012466, ack: 16, window: 1448, data: "ota nostrum et p"...
0.397 Sent: b'\xf5*\xfb\xe5-\x1f\x17\xf2\x00\x00\x00\x10P\x00\x05\xa8\x00\x00\x00\x00ota nostrum et p'...
0.399 Received: b'\xfb\xe5\xf5*\x00\x00\x00\x0f-\x1f\x1d\x9aP\x10\x05\xa8\x00\x00\x00\x00'
0.399 Disassembled: source: 64485, dest: 62762, seq: 15, ack: 757013914, window: 1448, ACK
0.400 Acknowledged seq: 757012466
0.400 Assembling: source: 62762, dest: 64485, seq: 757013914, ack: 16, window: 1448, data: "deseruisse id. P"...
0.400 Sent: b'\xf5*\xfb\xe5-\x1f\x1d\x9a\x00\x00\x00\x10P\x00\x05\xa8\x00\x00\x00\x00deseruisse id. P'...
0.402 Received: b'\xfb\xe5\xf5*\x00\x00\x00\x0f-\x1f#BP\x10\x05\xa8\x00\x00\x00\x00'
0.403 Disassembled: source: 64485, dest: 62762, seq: 15, ack: 757015362, window: 1448, ACK
0.403 Acknowledged seq: 757013914
0.403 Assembling: source: 62762, dest: 64485, seq: 757015362, ack: 16, window: 1448, data: "odo munere imper"...
0.404 Sent: b'\xf5*\xfb\xe5-\x1f#B\x00\x00\x00\x10P\x00\x05\xa8\x00\x00\x00\x00odo munere imper'...
0.406 Received: b'\xfb\xe5\xf5*\x00\x00\x00\x0f-\x1f(\xeaP\x10\x05\xa8\x00\x00\x00\x00'
0.406 Disassembled: source: 64485, dest: 62762, seq: 15, ack: 757016810, window: 1448, ACK
0.406 Acknowledged seq: 757015362
0.406 Assembling: source: 62762, dest: 64485, seq: 757016810, ack: 16, window: 1448, data: "cimates cum, tib"...
0.407 Sent: b'\xf5*\xfb\xe5-\x1f(\xea\x00\x00\x00\x10P\x00\x05\xa8\x00\x00\x00\x00cimates cum, tib'...
0.409 Received: b'\xfb\xe5\xf5*\x00\x00\x00\x0f-\x1f.\x92P\x10\x05\xa8\x00\x00\x00\x00'
0.409 Disassembled: source: 64485, dest: 62762, seq: 15, ack: 757018258, window: 1448, ACK
0.410 Acknowledged seq: 757016810
0.410 Assembling: source: 62762, dest: 64485, seq: 757018258, ack: 16, window: 1448, data: "tiopam molestiae"...
0.410 Sent: b'\xf5*\xfb\xe5-\x1f.\x92\x00\x00\x00\x10P\x00\x05\xa8\x00\x00\x00\x00tiopam molestiae'...
0.412 Received: b'\xfb\xe5\xf5*\x00\x00\x00\x0f-\x1f4:P\x10\x05\xa8\x00\x00\x00\x00'
0.413 Disassembled: source: 64485, dest: 62762, seq: 15, ack: 757019706, window: 1448, ACK
0.413 Acknowledged seq: 757018258
0.413 Assembling: source: 62762, dest: 64485, seq: 757019706, ack: 16, window: 1448, data: "possim qui no, v"...
0.414 Sent: b'\xf5*\xfb\xe5-\x1f4:\x00\x00\x00\x10P\x00\x05\xa8\x00\x00\x00\x00possim qui no, v'...
0.416 Received: b'\xfb\xe5\xf5*\x00\x00\x00\x0f-\x1f9\xe2P\x10\x05\xa8\x00\x00\x00\x00'
0.416 Disassembled: source: 64485, dest: 62762, seq: 15, ack: 757021154, window: 1448, ACK
0.416 Acknowledged seq: 757019706
0.417 Assembling: source: 62762, dest: 64485, seq: 757021154, ack: 16, window: 1448, data: " ex utinam parti"...
0.417 Sent: b'\xf5*\xfb\xe5-\x1f9\xe2\x00\x00\x00\x10P\x00\x05\xa8\x00\x00\x00\x00 ex utinam parti'...
0.419 Received: b'\xfb\xe5\xf5*\x00\x00\x00\x0f-\x1f?\x8aP\x10\x05\xa8\x00\x00\x00\x00'
0.419 Disassembled: source: 64485, dest: 62762, seq: 15, ack: 757022602, window: 1448, ACK
0.420 Acknowledged seq: 757021154
0.420 Assembling: source: 62762, dest: 64485, seq: 757022602, ack: 16, window: 1448, data: "icus in his. Pri"...
0.420 Sent: b'\xf5*\xfb\xe5-\x1f?\x8a\x00\x00\x00\x10P\x00\x05\xa8\x00\x00\x00\x00icus in his. Pri'...
0.422 Received: b'\xfb\xe5\xf5*\x00\x00\x00\x0f-\x1fE2P\x10\x05\xa8\x00\x00\x00\x00'
0.423 Disassembled: source: 64485, dest: 62762, seq: 15, ack: 757024050, window: 1448, ACK
0.423 Acknowledged seq: 757022602
0.423 Assembling: source: 62762, dest: 64485, seq: 757024050, ack: 16, window: 1448, data: "iis et.

Ius cu "...
0.424 Sent: b'\xf5*\xfb\xe5-\x1fE2\x00\x00\x00\x10P\x00\x05\xa8\x00\x00\x00\x00iis et.\n\nIus cu '...
0.426 Received: b'\xfb\xe5\xf5*\x00\x00\x00\x0f-\x1fJ\xdaP\x10\x05\xa8\x00\x00\x00\x00'
0.426 Disassembled: source: 64485, dest: 62762, seq: 15, ack: 757025498, window: 1448, ACK
0.426 Acknowledged seq: 757024050
0.427 Assembling: source: 62762, dest: 64485, seq: 757025498, ack: 16, window: 1448, data: "e interesset.

T"...
0.427 Sent: b'\xf5*\xfb\xe5-\x1fJ\xda\x00\x00\x00\x10P\x00\x05\xa8\x00\x00\x00\x00e interesset.\n\nT'...
0.429 Received: b'\xfb\xe5\xf5*\x00\x00\x00\x0f-\x1fP\x82P\x10\x05\xa8\x00\x00\x00\x00'
0.430 Disassembled: source: 64485, dest: 62762, seq: 15, ack: 757026946, window: 1448, ACK
0.430 Acknowledged seq: 757025498
0.430 Assembling: source: 62762, dest: 64485, seq: 757026946, ack: 16, window: 1448, data: "pro alia volutpa"...
0.431 Sent: b'\xf5*\xfb\xe5-\x1fP\x82\x00\x00\x00\x10P\x00\x05\xa8\x00\x00\x00\x00pro alia volutpa'...
0.433 Received: b'\xfb\xe5\xf5*\x00\x00\x00\x0f-\x1fV*P\x10\x05\xa8\x00\x00\x00\x00'
0.433 Disassembled: source: 64485, dest: 62762, seq: 15, ack: 757028394, window: 1448, ACK
0.433 Acknowledged seq: 757026946
0.434 Assembling: source: 62762, dest: 64485, seq: 757028394, ack: 16, window: 1448, data: " libris equidem "...
0.434 Sent: b'\xf5*\xfb\xe5-\x1fV*\x00\x00\x00\x10P\x00\x05\xa8\x00\x00\x00\x00 libris equidem '...
0.436 Received: b'\xfb\xe5\xf5*\x00\x00\x00\x0f-\x1f[\xd2P\x10\x05\xa8\x00\x00\x00\x00'
0.436 Disassembled: source: 64485, dest: 62762, seq: 15, ack: 757029842, window: 1448, ACK
0.437 Acknowledged seq: 757028394
0.437 Assembling: source: 62762, dest: 64485, seq: 757029842, ack: 16, window: 1448, data: "uavitate volupta"...
0.437 Sent: b'\xf5*\xfb\xe5-\x1f[\xd2\x00\x00\x00\x10P\x00\x05\xa8\x00\x00\x00\x00uavitate volupta'...
0.439 Received: b'\xfb\xe5\xf5*\x00\x00\x00\x0f-\x1fazP\x10\x05\xa8\x00\x00\x00\x00'
0.440 Disassembled: source: 64485, dest: 62762, seq: 15, ack: 757031290, window: 1448, ACK
0.440 Acknowledged seq: 757029842
0.440 Assembling: source: 62762, dest: 64485, seq: 757031290, ack: 16, window: 1448, data: " Detraxit defini"...
0.441 Sent: b'\xf5*\xfb\xe5-\x1faz\x00\x00\x00\x10P\x00\x05\xa8\x00\x00\x00\x00 Detraxit defini'...
0.443 Received: b'\xfb\xe5\xf5*\x00\x00\x00\x0f-\x1fg"P\x10\x05\xa8\x00\x00\x00\x00'
0.443 Disassembled: source: 64485, dest: 62762, seq: 15, ack: 757032738, window: 1448, ACK
0.443 Acknowledged seq: 757031290
0.444 Assembling: source: 62762, dest: 64485, seq: 757032738, ack: 16, window: 1448, data: "aesent mei. Quo "...
0.444 Sent: b'\xf5*\xfb\xe5-\x1fg"\x00\x00\x00\x10P\x00\x05\xa8\x00\x00\x00\x00aesent mei. Quo '...
0.446 Received: b'\xfb\xe5\xf5*\x00\x00\x00\x0f-\x1fl\xcaP\x10\x05\xa8\x00\x00\x00\x00'
0.446 Disassembled: source: 64485, dest: 62762, seq: 15, ack: 757034186, window: 1448, ACK
0.447 Acknowledged seq: 757032738
0.447 Assembling: source: 62762, dest: 64485, seq: 757034186, ack: 16, window: 1448, data: "nterpretaris no "...
0.447 Sent: b'\xf5*\xfb\xe5-\x1fl\xca\x00\x00\x00\x10P\x00\x05\xa8\x00\x00\x00\x00nterpretaris no '...
0.449 Received: b'\xfb\xe5\xf5*\x00\x00\x00\x0f-\x1frrP\x10\x05\xa8\x00\x00\x00\x00'
0.450 Disassembled: source: 64485, dest: 62762, seq: 15, ack: 757035634, window: 1448, ACK
0.450 Acknowledged seq: 757034186
0.450 Assembling: source: 62762, dest: 64485, seq: 757035634, ack: 16, window: 1448, data: "patrioque has. I"...
0.451 Sent: b'\xf5*\xfb\xe5-\x1frr\x00\x00\x00\x10P\x00\x05\xa8\x00\x00\x00\x00patrioque has. I'...
0.453 Received: b'\xfb\xe5\xf5*\x00\x00\x00\x0f-\x1fx\x1aP\x10\x05\xa8\x00\x00\x00\x00'
0.453 Disassembled: source: 64485, dest: 62762, seq: 15, ack: 757037082, window: 1448, ACK
0.453 Acknowledged seq: 757035634
0.454 Assembling: source: 62762, dest: 64485, seq: 757037082, ack: 16, window: 1448, data: "ossit repudianda"...
0.454 Sent: b'\xf5*\xfb\xe5-\x1fx\x1a\x00\x00\x00\x10P\x00\x05\xa8\x00\x00\x00\x00ossit repudianda'...
0.456 Received: b'\xfb\xe5\xf5*\x00\x00\x00\x0f-\x1f}\xc2P\x10\x05\xa8\x00\x00\x00\x00'
0.457 Disassembled: source: 64485, dest: 62762, seq: 15, ack: 757038530, window: 1448, ACK
0.457 Acknowledged seq: 757037082
0.457 Assembling: source: 62762, dest: 64485, seq: 757038530, ack: 16, window: 1448, data: "ora consequuntur"...
0.458 Sent: b'\xf5*\xfb\xe5-\x1f}\xc2\x00\x00\x00\x10P\x00\x05\xa8\x00\x00\x00\x00ora consequuntur'...
0.460 Received: b'\xfb\xe5\xf5*\x00\x00\x00\x0f-\x1f\x83jP\x10\x05\xa8\x00\x00\x00\x00'
0.460 Disassembled: source: 64485, dest: 62762, seq: 15, ack: 757039978, window: 1448, ACK
0.460 Acknowledged seq: 757038530
0.460 Assembling: source: 62762, dest: 64485, seq: 757039978, ack: 16, window: 1448, data: "ctus conceptam a"...
0.461 Sent: b'\xf5*\xfb\xe5-\x1f\x83j\x00\x00\x00\x10P\x00\x05\xa8\x00\x00\x00\x00ctus conceptam a'...
0.463 Received: b'\xfb\xe5\xf5*\x00\x00\x00\x0f-\x1f\x89\x12P\x10\x05\xa8\x00\x00\x00\x00'
0.463 Disassembled: source: 64485, dest: 62762, seq: 15, ack: 757041426, window: 1448, ACK
0.464 Acknowledged seq: 757039978
0.464 Assembling: source: 62762, dest: 64485, seq: 757041426, ack: 16, window: 1448, data: " aeterno te, ne "...
0.464 Sent: b'\xf5*\xfb\xe5-\x1f\x89\x12\x00\x00\x00\x10P\x00\x05\xa8\x00\x00\x00\x00 aeterno te, ne '...
0.466 Received: b'\xfb\xe5\xf5*\x00\x00\x00\x0f-\x1f\x8e\xbaP\x10\x05\xa8\x00\x00\x00\x00'
0.467 Disassembled: source: 64485, dest: 62762, seq: 15, ack: 757042874, window: 1448, ACK
0.467 Acknowledged seq: 757041426
0.467 Assembling: source: 62762, dest: 64485, seq: 757042874, ack: 16, window: 1448, data: "imis oporteat di"...
0.468 Sent: b'\xf5*\xfb\xe5-\x1f\x8e\xba\x00\x00\x00\x10P\x00\x05\xa8\x00\x00\x00\x00imis oporteat di'...
0.470 Received: b'\xfb\xe5\xf5*\x00\x00\x00\x0f-\x1f\x94bP\x10\x05\xa8\x00\x00\x00\x00'
0.470 Disassembled: source: 64485, dest: 62762, seq: 15, ack: 757044322, window: 1448, ACK
0.470 Acknowledged seq: 757042874
0.471 Assembling: source: 62762, dest: 64485, seq: 757044322, ack: 16, window: 1448, data: "re. Has virtute "...
0.471 Sent: b'\xf5*\xfb\xe5-\x1f\x94b\x00\x00\x00\x10P\x00\x05\xa8\x00\x00\x00\x00re. Has virtute '...
0.473 Received: b'\xfb\xe5\xf5*\x00\x00\x00\x0f-\x1f\x9a\nP\x10\x05\xa8\x00\x00\x00\x00'
0.474 Disassembled: source: 64485, dest: 62762, seq: 15, ack: 757045770, window: 1448, ACK
0.474 Acknowledged seq: 757044322
0.474 Assembling: source: 62762, dest: 64485, seq: 757045770, ack: 16, window: 1448, data: " eum ancillae no"...
0.475 Sent: b'\xf5*\xfb\xe5-\x1f\x9a\n\x00\x00\x00\x10P\x00\x05\xa8\x00\x00\x00\x00 eum ancillae no'...
0.477 Received: b'\xfb\xe5\xf5*\x00\x00\x00\x0f-\x1f\x9f\xb2P\x10\x05\xa8\x00\x00\x00\x00'
0.477 Disassembled: source: 64485, dest: 62762, seq: 15, ack: 757047218, window: 1448, ACK
0.477 Acknowledged seq: 757045770
0.478 Assembling: source: 62762, dest: 64485, seq: 757047218, ack: 16, window: 1448, data: "ppareat ius. At "...
0.478 Sent: b'\xf5*\xfb\xe5-\x1f\x9f\xb2\x00\x00\x00\x10P\x00\x05\xa8\x00\x00\x00\x00ppareat ius. At '...
0.480 Received: b'\xfb\xe5\xf5*\x00\x00\x00\x0f-\x1f\xa5ZP\x10\x05\xa8\x00\x00\x00\x00'
0.481 Disassembled: source: 64485, dest: 62762, seq: 15, ack: 757048666, window: 1448, ACK
0.481 Acknowledged seq: 757047218
0.481 Assembling: source: 62762, dest: 64485, seq: 757048666, ack: 16, window: 1448, data: ", vero appellant"...
0.482 Sent: b'\xf5*\xfb\xe5-\x1f\xa5Z\x00\x00\x00\x10P\x00\x05\xa8\x00\x00\x00\x00, vero appellant'...
0.484 Received: b'\xfb\xe5\xf5*\x00\x00\x00\x0f-\x1f\xab\x02P\x10\x05\xa8\x00\x00\x00\x00'
0.484 Disassembled: source: 64485, dest: 62762, seq: 15, ack: 757050114, window: 1448, ACK
0.484 Acknowledged seq: 757048666
0.485 Assembling: source: 62762, dest: 64485, seq: 757050114, ack: 16, window: 1448, data: "ibo quando copio"...
0.485 Sent: b'\xf5*\xfb\xe5-\x1f\xab\x02\x00\x00\x00\x10P\x00\x05\xa8\x00\x00\x00\x00ibo quando copio'...
0.487 Received: b'\xfb\xe5\xf5*\x00\x00\x00\x0f-\x1f\xb0\xaaP\x10\x05\xa8\x00\x00\x00\x00'
0.487 Disassembled: source: 64485, dest: 62762, seq: 15, ack: 757051562, window: 1448, ACK
0.488 Acknowledged seq: 757050114
0.488 Assembling: source: 62762, dest: 64485, seq: 757051562, ack: 16, window: 1448, data: " maluisset. Sit "...
0.488 Sent: b'\xf5*\xfb\xe5-\x1f\xb0\xaa\x00\x00\x00\x10P\x00\x05\xa8\x00\x00\x00\x00 maluisset. Sit '...
0.490 Received: b'\xfb\xe5\xf5*\x00\x00\x00\x0f-\x1f\xb6RP\x10\x05\xa8\x00\x00\x00\x00'
0.491 Disassembled: source: 64485, dest: 62762, seq: 15, ack: 757053010, window: 1448, ACK
0.491 Acknowledged seq: 757051562
0.491 Assembling: source: 62762, dest: 64485, seq: 757053010, ack: 16, window: 1448, data: "e ceteros albuci"...
0.492 Sent: b'\xf5*\xfb\xe5-\x1f\xb6R\x00\x00\x00\x10P\x00\x05\xa8\x00\x00\x00\x00e ceteros albuci'...
0.494 Received: b'\xfb\xe5\xf5*\x00\x00\x00\x0f-\x1f\xbb\xfaP\x10\x05\xa8\x00\x00\x00\x00'
0.494 Disassembled: source: 64485, dest: 62762, seq: 15, ack: 757054458, window: 1448, ACK
0.494 Acknowledged seq: 757053010
0.495 Assembling: source: 62762, dest: 64485, seq: 757054458, ack: 16, window: 1448, data: "complectitur sea"...
0.495 Sent: b'\xf5*\xfb\xe5-\x1f\xbb\xfa\x00\x00\x00\x10P\x00\x05\xa8\x00\x00\x00\x00complectitur sea'...
0.497 Received: b'\xfb\xe5\xf5*\x00\x00\x00\x0f-\x1f\xc1\xa2P\x10\x05\xa8\x00\x00\x00\x00'
0.497 Disassembled: source: 64485, dest: 62762, seq: 15, ack: 757055906, window: 1448, ACK
0.498 Acknowledged seq: 757054458
0.498 Finished reading file
0.498 Assembling: source: 62762, dest: 64485, seq: 757055906, ack: 16, window: 1448, data: "tempor ex ius. E"...
0.498 Sent: b'\xf5*\xfb\xe5-\x1f\xc1\xa2\x00\x00\x00\x10P\x00\x05\xa8\x00\x00\x00\x00tempor ex ius. E'...
0.500 Received: b'\xfb\xe5\xf5*\x00\x00\x00\x0f-\x1f\xc2\x00P\x10\x05\xa8\x00\x00\x00\x00'
0.501 Disassembled: source: 64485, dest: 62762, seq: 15, ack: 757056000, window: 1448, ACK
0.501 Acknowledged seq: 757055906
0.501 Assembling: source: 62762, dest: 64485, seq: 757056000, ack: 16, window: 1448, ACK, FIN
0.502 Sent: b'\xf5*\xfb\xe5-\x1f\xc2\x00\x00\x00\x00\x10P\x11\x05\xa8\x00\x00\x00\x00'
0.504 Received: b'\xfb\xe5\xf5*\x00\x00\x00\x0f-\x1f\xc2\x01P\x10\x05\xa8\x00\x00\x00\x00'
0.504 Disassembled: source: 64485, dest: 62762, seq: 15, ack: 757056001, window: 1448, ACK
0.505 FIN accepted; sending final packet
0.505 Assembling: source: 62762, dest: 64485, seq: 757056001, ack: 16, window: 1448, ACK
0.505 Sent: b'\xf5*\xfb\xe5-\x1f\xc2\x01\x00\x00\x00\x10P\x10\x05\xa8\x00\x00\x00\x00'
0.505 Closed connection
0.506 Shutting down
