0.000 NEW RUN: Server, TEST: Write_file__Small_multi-packet
0.206 Received: b'\xce\x11v\xc6\x00\x00\x00E\x00\x00\x00\x00P\x02\x05\xa8\x00\x00\x00\x00'
0.207 Disassembled: source: 52753, dest: 30406, seq: 69, window: 1448, SYN
0.207 SYN accepted; new connection: 127.0.0.1 on port 52753
0.207 Assembling: source: 30406, dest: 52753, seq: 781429733, ack: 70, window: 5808, ACK, SYN
0.207 Sent: b'v\xc6\xce\x11.\x93\xab\xe5\x00\x00\x00FP\x12\x16\xb0\x00\x00\x00\x00'
0.209 Received: b'\xce\x11v\xc6\x00\x00\x00F.\x93\xab\xe6P\x10\x16\xb0\x00\x00\x00\x00'
0.209 Disassembled: source: 52753, dest: 30406, seq: 70, ack: 781429734, window: 5808, ACK
0.209 Assembling: source: 30406, dest: 52753, seq: 781429734, ack: 70, window: 5808, ACK
0.210 Sent: b'v\xc6\xce\x11.\x93\xab\xe6\x00\x00\x00FP\x10\x16\xb0\x00\x00\x00\x00'
0.210 Received: b'\xce\x11v\xc6\x00\x00\x00F.\x93\xab\xe6P\x10\x16\xb0\x00\x00\x00\x00Lorem ipsum dolo'...
0.210 Disassembled: source: 52753, dest: 30406, seq: 70, ack: 781429734, window: 5808, ACK, data: "Lorem ipsum dolo"...
0.211 Handshake complete
0.211 Data accepted; writing to file
0.211 Assembling: source: 30406, dest: 52753, seq: 781429734, ack: 1522, window: 5808, ACK
0.211 Sent: b'v\xc6\xce\x11.\x93\xab\xe6\x00\x00\x05\xf2P\x10\x16\xb0\x00\x00\x00\x00'
0.212 Received: b'\xce\x11v\xc6\x00\x00\x00F.\x93\xab\xe6P\x10\x16\xb0\x00\x00\x00\x00Lorem ipsum dolo'...
0.212 Disassembled: source: 52753, dest: 30406, seq: 70, ack: 781429734, window: 5808, ACK, data: "Lorem ipsum dolo"...
0.212 Old data; ignoring
0.213 Received: b'\xce\x11v\xc6\x00\x00\x00F.\x93\xab\xe6P\x10\x16\xb0\x00\x00\x00\x00Lorem ipsum dolo'...
0.213 Disassembled: source: 52753, dest: 30406, seq: 70, ack: 781429734, window: 5808, ACK, data: "Lorem ipsum dolo"...
0.214 Old data; ignoring
0.711 Sent: b'v\xc6\xce\x11.\x93\xab\xe6\x00\x00\x05\xf2P\x10\x16\xb0\x00\x00\x00\x00'
0.715 Received: b'\xce\x11v\xc6\x00\x00\x00F.\x93\xab\xe6P\x10\x16\xb0\x00\x00\x00\x00Lorem ipsum dolo'...
0.716 Disassembled: source: 52753, dest: 30406, seq: 70, ack: 781429734, window: 5808, ACK, data: "Lorem ipsum dolo"...
0.716 Old data; ignoring
1.212 Sent: b'v\xc6\xce\x11.\x93\xab\xe6\x00\x00\x05\xf2P\x10\x16\xb0\x00\x00\x00\x00'
1.215 Received: b'\xce\x11v\xc6\x00\x00\x00F.\x93\xab\xe6P\x10\x16\xb0\x00\x00\x00\x00Lorem ipsum dolo'...
1.216 Disassembled: source: 52753, dest: 30406, seq: 70, ack: 781429734, window: 5808, ACK, data: "Lorem ipsum dolo"...
1.216 Old data; ignoring
1.712 Sent: b'v\xc6\xce\x11.\x93\xab\xe6\x00\x00\x05\xf2P\x10\x16\xb0\x00\x00\x00\x00'
1.716 Received: b'\xce\x11v\xc6\x00\x00\x00F.\x93\xab\xe6P\x10\x16\xb0\x00\x00\x00\x00Lorem ipsum dolo'...
1.716 Disassembled: source: 52753, dest: 30406, seq: 70, ack: 781429734, window: 5808, ACK, data: "Lorem ipsum dolo"...
1.717 Old data; ignoring
2.213 Sent: b'v\xc6\xce\x11.\x93\xab\xe6\x00\x00\x05\xf2P\x10\x16\xb0\x00\x00\x00\x00'
2.216 Received: b'\xce\x11v\xc6\x00\x00\x00F.\x93\xab\xe6P\x10\x16\xb0\x00\x00\x00\x00Lorem ipsum dolo'...
2.217 Disassembled: source: 52753, dest: 30406, seq: 70, ack: 781429734, window: 5808, ACK, data: "Lorem ipsum dolo"...
2.217 Old data; ignoring
2.713 Error: Connection timed out
2.713 Closed connection
2.717 Shutting down
