0.000 NEW RUN: Server, TEST: Write_file__Empty
0.211 Received: b'W\xe0\x92\x9c\x00\x00\x00/\x00\x00\x00\x00P\x02\x05\xa8\x00\x00\x00\x00'
0.212 Disassembled: source: 22496, dest: 37532, seq: 47, window: 1448, SYN
0.212 SYN accepted; new connection: 127.0.0.1 on port 22496
0.212 Assembling: source: 37532, dest: 22496, seq: 758289558, ack: 48, window: 5808, ACK, SYN
0.213 Sent: b'\x92\x9cW\xe0-2\x94\x96\x00\x00\x000P\x12\x16\xb0\x00\x00\x00\x00'
0.215 Received: b'W\xe0\x92\x9c\x00\x00\x000-2\x94\x97P\x10\x16\xb0\x00\x00\x00\x00'
0.215 Disassembled: source: 22496, dest: 37532, seq: 48, ack: 758289559, window: 5808, ACK
0.215 Assembling: source: 37532, dest: 22496, seq: 758289559, ack: 48, window: 5808, ACK
0.215 Sent: b'\x92\x9cW\xe0-2\x94\x97\x00\x00\x000P\x10\x16\xb0\x00\x00\x00\x00'
0.216 Received: b'W\xe0\x92\x9c\x00\x00\x000-2\x94\x97P\x10\x16\xb0\x00\x00\x00\x00'
0.216 Disassembled: source: 22496, dest: 37532, seq: 48, ack: 758289559, window: 5808, ACK
0.217 Assembling: source: 37532, dest: 22496, seq: 758289559, ack: 48, window: 5808, ACK
0.217 Sent: b'\x92\x9cW\xe0-2\x94\x97\x00\x00\x000P\x10\x16\xb0\x00\x00\x00\x00'
0.717 Sent: b'\x92\x9cW\xe0-2\x94\x97\x00\x00\x000P\x10\x16\xb0\x00\x00\x00\x00'
1.217 Sent: b'\x92\x9cW\xe0-2\x94\x97\x00\x00\x000P\x10\x16\xb0\x00\x00\x00\x00'
1.718 Sent: b'\x92\x9cW\xe0-2\x94\x97\x00\x00\x000P\x10\x16\xb0\x00\x00\x00\x00'
2.218 Sent: b'\x92\x9cW\xe0-2\x94\x97\x00\x00\x000P\x10\x16\xb0\x00\x00\x00\x00'
2.719 Error: Connection timed out
2.719 Closed connection
2.720 Shutting down
