0.000 NEW RUN: Server, TEST: Write_file__Single_packet
0.235 Received: b'<\xe0s\xc7\x00\x00\x00\x10\x00\x00\x00\x00P\x02\x05\xa8\x00\x00\x00\x00'
0.236 Disassembled: source: 15584, dest: 29639, seq: 16, window: 1448, SYN
0.236 SYN accepted; new connection: 127.0.0.1 on port 15584
0.236 Assembling: source: 29639, dest: 15584, seq: 769877366, ack: 17, window: 5808, ACK, SYN
0.236 Sent: b's\xc7<\xe0-\xe3ev\x00\x00\x00\x11P\x12\x16\xb0\x00\x00\x00\x00'
0.238 Received: b'<\xe0s\xc7\x00\x00\x00\x11-\xe3ewP\x10\x16\xb0\x00\x00\x00\x00'
0.238 Disassembled: source: 15584, dest: 29639, seq: 17, ack: 769877367, window: 5808, ACK
0.239 Assembling: source: 29639, dest: 15584, seq: 769877367, ack: 17, window: 5808, ACK
0.239 Sent: b's\xc7<\xe0-\xe3ew\x00\x00\x00\x11P\x10\x16\xb0\x00\x00\x00\x00'
0.239 Received: b'<\xe0s\xc7\x00\x00\x00\x11-\xe3ewP\x10\x16\xb0\x00\x00\x00\x00This file fits i'...
0.240 Disassembled: source: 15584, dest: 29639, seq: 17, ack: 769877367, window: 5808, ACK, data: "This file fits i"...
0.240 Handshake complete
0.240 Data accepted; writing to file
0.240 Assembling: source: 29639, dest: 15584, seq: 769877367, ack: 60, window: 5808, ACK
0.240 Sent: b's\xc7<\xe0-\xe3ew\x00\x00\x00<P\x10\x16\xb0\x00\x00\x00\x00'
0.241 Received: b'<\xe0s\xc7\x00\x00\x00\x11-\xe3ewP\x10\x16\xb0\x00\x00\x00\x00This file fits i'...
0.241 Disassembled: source: 15584, dest: 29639, seq: 17, ack: 769877367, window: 5808, ACK, data: "This file fits i"...
0.241 Old data; ignoring
0.741 Sent: b's\xc7<\xe0-\xe3ew\x00\x00\x00<P\x10\x16\xb0\x00\x00\x00\x00'
1.241 Sent: b's\xc7<\xe0-\xe3ew\x00\x00\x00<P\x10\x16\xb0\x00\x00\x00\x00'
1.741 Sent: b's\xc7<\xe0-\xe3ew\x00\x00\x00<P\x10\x16\xb0\x00\x00\x00\x00'
2.242 Sent: b's\xc7<\xe0-\xe3ew\x00\x00\x00<P\x10\x16\xb0\x00\x00\x00\x00'
2.742 Error: Connection timed out
2.742 Closed connection
2.744 Shutting down
