0.000 NEW RUN: Server, TEST: Read_file__No_file_extension
0.231 Received: b'?a\xa8\xf4\x00\x00\x00\x17\x00\x00\x00\x00P\x02\x05\xa8\x00\x00\x00\x00'
0.232 Disassembled: source: 16225, dest: 43252, seq: 23, window: 1448, SYN
0.232 SYN accepted; new connection: 127.0.0.1 on port 16225
0.232 Assembling: source: 43252, dest: 16225, seq: 3091757545, ack: 24, window: 1448, ACK, SYN
0.232 Sent: b'\xa8\xf4?a\xb8Hy\xe9\x00\x00\x00\x18P\x12\x05\xa8\x00\x00\x00\x00'
0.235 Received: b'?a\xa8\xf4\x00\x00\x00\x18\xb8Hy\xeaP\x10\x05\xa8\x00\x00\x00\x00'
0.235 Disassembled: source: 16225, dest: 43252, seq: 24, ack: 3091757546, window: 1448, ACK
0.235 Handshake complete
0.235 Acknowledged seq: 3091757545
0.235 Assembling: source: 43252, dest: 16225, seq: 3091757546, ack: 25, window: 1448, data: "Lorem ipsum dolo"...
0.236 Sent: b'\xa8\xf4?a\xb8Hy\xea\x00\x00\x00\x19P\x00\x05\xa8\x00\x00\x00\x00Lorem ipsum dolo'...
0.238 Received: b'?a\xa8\xf4\x00\x00\x00\x18\xb8H\x7f\x92P\x10\x05\xa8\x00\x00\x00\x00'
0.238 Disassembled: source: 16225, dest: 43252, seq: 24, ack: 3091758994, window: 1448, ACK
0.238 Acknowledged seq: 3091757546
0.238 Assembling: source: 43252, dest: 16225, seq: 3091758994, ack: 25, window: 1448, data: "mprehensam nam, "...
0.239 Sent: b'\xa8\xf4?a\xb8H\x7f\x92\x00\x00\x00\x19P\x00\x05\xa8\x00\x00\x00\x00mprehensam nam, '...
0.241 Received: b'?a\xa8\xf4\x00\x00\x00\x18\xb8H\x85:P\x10\x05\xa8\x00\x00\x00\x00'
0.241 Disassembled: source: 16225, dest: 43252, seq: 24, ack: 3091760442, window: 1448, ACK
0.241 Acknowledged seq: 3091758994
0.241 Finished reading file
0.241 Assembling: source: 43252, dest: 16225, seq: 3091760442, ack: 25, window: 1448, data: "ilisi repudiare "...
0.242 Sent: b'\xa8\xf4?a\xb8H\x85:\x00\x00\x00\x19P\x00\x05\xa8\x00\x00\x00\x00ilisi repudiare '...
0.244 Received: b'?a\xa8\xf4\x00\x00\x00\x18\xb8H\x86\x95P\x10\x05\xa8\x00\x00\x00\x00'
0.244 Disassembled: source: 16225, dest: 43252, seq: 24, ack: 3091760789, window: 1448, ACK
0.244 Acknowledged seq: 3091760442
0.244 Assembling: source: 43252, dest: 16225, seq: 3091760789, ack: 25, window: 1448, ACK, FIN
0.244 Sent: b'\xa8\xf4?a\xb8H\x86\x95\x00\x00\x00\x19P\x11\x05\xa8\x00\x00\x00\x00'
0.246 Received: b'?a\xa8\xf4\x00\x00\x00\x18\xb8H\x86\x96P\x10\x05\xa8\x00\x00\x00\x00'
0.246 Disassembled: source: 16225, dest: 43252, seq: 24, ack: 3091760790, window: 1448, ACK
0.247 FIN accepted; sending final packet
0.247 Assembling: source: 43252, dest: 16225, seq: 3091760790, ack: 25, window: 1448, ACK
0.247 Sent: b'\xa8\xf4?a\xb8H\x86\x96\x00\x00\x00\x19P\x10\x05\xa8\x00\x00\x00\x00'
0.247 Closed connection
0.247 Shutting down
