0.000 NEW RUN: Server, TEST: Read_file__Empty
0.181 Received: b'\xfe\xa7v\xd4\x00\x00\x00\x0f\x00\x00\x00\x00P\x02\x05\xa8\x00\x00\x00\x00'
0.181 Disassembled: source: 65191, dest: 30420, seq: 15, window: 1448, SYN
0.181 SYN accepted; new connection: 127.0.0.1 on port 65191
0.181 Assembling: source: 30420, dest: 65191, seq: 3088858380, ack: 16, window: 1448, ACK, SYN
0.182 Sent: b'v\xd4\xfe\xa7\xb8\x1c=\x0c\x00\x00\x00\x10P\x12\x05\xa8\x00\x00\x00\x00'
0.184 Received: b'\xfe\xa7v\xd4\x00\x00\x00\x10\xb8\x1c=\rP\x10\x05\xa8\x00\x00\x00\x00'
0.184 Disassembled: source: 65191, dest: 30420, seq: 16, ack: 3088858381, window: 1448, ACK
0.184 Handshake complete
0.184 Acknowledged seq: 3088858380
0.184 Finished reading file
0.184 Assembling: source: 30420, dest: 65191, seq: 3088858381, ack: 17, window: 1448, ACK, FIN
0.185 Sent: b'v\xd4\xfe\xa7\xb8\x1c=\r\x00\x00\x00\x11P\x11\x05\xa8\x00\x00\x00\x00'
0.685 Sent: b'v\xd4\xfe\xa7\xb8\x1c=\r\x00\x00\x00\x11P\x11\x05\xa8\x00\x00\x00\x00'
1.185 Sent: b'v\xd4\xfe\xa7\xb8\x1c=\r\x00\x00\x00\x11P\x11\x05\xa8\x00\x00\x00\x00'
1.686 Sent: b'v\xd4\xfe\xa7\xb8\x1c=\r\x00\x00\x00\x11P\x11\x05\xa8\x00\x00\x00\x00'
2.186 Sent: b'v\xd4\xfe\xa7\xb8\x1c=\r\x00\x00\x00\x11P\x11\x05\xa8\x00\x00\x00\x00'
2.687 Sent: b'v\xd4\xfe\xa7\xb8\x1c=\r\x00\x00\x00\x11P\x11\x05\xa8\x00\x00\x00\x00'
3.188 Error: Connection timed out
3.188 Closed connection
3.688 Shutting down
