0.000 NEW RUN: Server, TEST: Read_file__Large_multi-packet
0.197 Received: b'\xe0i\xdaR\x00\x00\x00_\x00\x00\x00\x00P\x02\x05\xa8\x00\x00\x00\x00'
0.198 Disassembled: source: 57449, dest: 55890, seq: 95, window: 1448, SYN
0.198 SYN accepted; new connection: 127.0.0.1 on port 57449
0.198 Assembling: source: 55890, dest: 57449, seq: 3090915571, ack: 96, window: 1448, ACK, SYN
0.199 Sent: b'\xdaR\xe0i\xb8;\xa0\xf3\x00\x00\x00`P\x12\x05\xa8\x00\x00\x00\x00'
0.200 Received: b'\xe0i\xdaR\x00\x00\x00`\xb8;\xa0\xf4P\x10\x05\xa8\x00\x00\x00\x00'
0.201 Disassembled: source: 57449, dest: 55890, seq: 96, ack: 3090915572, window: 1448, ACK
0.201 Handshake complete
0.201 Acknowledged seq: 3090915571
0.201 Assembling: source: 55890, dest: 57449, seq: 3090915572, ack: 97, window: 1448, data: "Lorem ipsum dolo"...
0.201 Sent: b'\xdaR\xe0i\xb8;\xa0\xf4\x00\x00\x00aP\x00\x05\xa8\x00\x00\x00\x00Lorem ipsum dolo'...
0.203 Received: b'\xe0i\xdaR\x00\x00\x00`\xb8;\xa6\x9cP\x10\x05\xa8\x00\x00\x00\x00'
0.203 Disassembled: source: 57449, dest: 55890, seq: 96, ack: 3090917020, window: 1448, ACK
0.204 Acknowledged seq: 3090915572
0.204 Assembling: source: 55890, dest: 57449, seq: 3090917020, ack: 97, window: 1448, data: "mprehensam nam, "...
0.204 Sent: b'\xdaR\xe0i\xb8;\xa6\x9c\x00\x00\x00aP\x00\x05\xa8\x00\x00\x00\x00mprehensam nam, '...
0.206 Received: b'\xe0i\xdaR\x00\x00\x00`\xb8;\xacDP\x10\x05\xa8\x00\x00\x00\x00'
0.206 Disassembled: source: 57449, dest: 55890, seq: 96, ack: 3090918468, window: 1448, ACK
0.206 Acknowledged seq: 3090917020
0.206 Assembling: source: 55890, dest: 57449, seq: 3090918468, ack: 97, window: 1448, data: "ilisi repudiare "...
0.207 Sent: b'\xdaR\xe0i\xb8;\xacD\x00\x00\x00aP\x00\x05\xa8\x00\x00\x00\x00ilisi repudiare '...
0.208 Received: b'\xe0i\xdaR\x00\x00\x00`\xb8;\xb1\xecP\x10\x05\xa8\x00\x00\x00\x00'
0.209 Disassembled: source: 57449, dest: 55890, seq: 96, ack: 3090919916, window: 1448, ACK
0.209 Acknowledged seq: 3090918468
0.209 Assembling: source: 55890, dest: 57449, seq: 3090919916, ack: 97, window: 1448, data: "ta.

Et essent s"...
0.209 Sent: b'\xdaR\xe0i\xb8;\xb1\xec\x00\x00\x00aP\x00\x05\xa8\x00\x00\x00\x00ta.\n\nEt essent s'...
0.211 Received: b'\xe0i\xdaR\x00\x00\x00`\xb8;\xb7\x94P\x10\x05\xa8\x00\x00\x00\x00'
0.212 Disassembled: source: 57449, dest: 55890, seq: 96, ack: 3090921364, window: 1448, ACK
0.212 Acknowledged seq: 3090919916
0.212 Assembling: source: 55890, dest: 57449, seq: 3090921364, ack: 97, window: 1448, data: " Nihil tractatos"...
0.212 Sent: b'\xdaR\xe0i\xb8;\xb7\x94\x00\x00\x00aP\x00\x05\xa8\x00\x00\x00\x00 Nihil tractatos'...
0.214 Received: b'\xe0i\xdaR\x00\x00\x00`\xb8;\xbd<P\x10\x05\xa8\x00\x00\x00\x00'
0.215 Disassembled: source: 57449, dest: 55890, seq: 96, ack: 3090922812, window: 1448, ACK
0.215 Acknowledged seq: 3090921364
0.215 Assembling: source: 55890, dest: 57449, seq: 3090922812, ack: 97, window: 1448, data: "fert iuvaret sap"...
0.215 Sent: b'\xdaR\xe0i\xb8;\xbd<\x00\x00\x00aP\x00\x05\xa8\x00\x00\x00\x00fert iuvaret sap'...
0.217 Received: b'\xe0i\xdaR\x00\x00\x00`\xb8;\xc2\xe4P\x10\x05\xa8\x00\x00\x00\x00'
0.217 Disassembled: source: 57449, dest: 55890, seq: 96, ack: 3090924260, window: 1448, ACK
0.218 Acknowledged seq: 3090922812
0.218 Assembling: source: 55890, dest: 57449, seq: 3090924260, ack: 97, window: 1448, data: "ram adipiscing, "...
0.218 Sent: b'\xdaR\xe0i\xb8;\xc2\xe4\x00\x00\x00aP\x00\x05\xa8\x00\x00\x00\x00ram adipiscing, '...
0.220 Received: b'\xe0i\xdaR\x00\x00\x00`\xb8;\xc8\x8cP\x10\x05\xa8\x00\x00\x00\x00'
0.220 Disassembled: source: 57449, dest: 55890, seq: 96, ack: 3090925708, window: 1448, ACK
0.220 Acknowledged seq: 3090924260
0.221 Assembling: source: 55890, dest: 57449, seq: 3090925708, ack: 97, window: 1448, data: "m veritus vivend"...
0.221 Sent: b'\xdaR\xe0i\xb8;\xc8\x8c\x00\x00\x00aP\x00\x05\xa8\x00\x00\x00\x00m veritus vivend'...
0.223 Received: b'\xe0i\xdaR\x00\x00\x00`\xb8;\xce4P\x10\x05\xa8\x00\x00\x00\x00'
0.223 Disassembled: source: 57449, dest: 55890, seq: 96, ack: 3090927156, window: 1448, ACK
0.223 Acknowledged seq: 3090925708
0.224 Assembling: source: 55890, dest: 57449, seq: 3090927156, ack: 97, window: 1448, data: " delenit, ignota"...
0.224 Sent: b'\xdaR\xe0i\xb8;\xce4\x00\x00\x00aP\x00\x05\xa8\x00\x00\x00\x00 delenit, ignota'...
0.226 Received: b'\xe0i\xdaR\x00\x00\x00`\xb8;\xd3\xdcP\x10\x05\xa8\x00\x00\x00\x00'
0.226 Disassembled: source: 57449, dest: 55890, seq: 96, ack: 3090928604, window: 1448, ACK
0.227 Acknowledged seq: 3090927156
0.227 Assembling: source: 55890, dest: 57449, seq: 3090928604, ack: 97, window: 1448, data: "se explicari des"...
0.227 Sent: b'\xdaR\xe0i\xb8;\xd3\xdc\x00\x00\x00aP\x00\x05\xa8\x00\x00\x00\x00se explicari des'...
0.229 Received: b'\xe0i\xdaR\x00\x00\x00`\xb8;\xd9\x84P\x10\x05\xa8\x00\x00\x00\x00'
0.229 Disassembled: source: 57449, dest: 55890, seq: 96, ack: 3090930052, window: 1448, ACK
0.230 Acknowledged seq: 3090928604
0.230 Assembling: source: 55890, dest: 57449, seq: 3090930052, ack: 97, window: 1448, data: "piscing, in modo"...
0.230 Sent: b'\xdaR\xe0i\xb8;\xd9\x84\x00\x00\x00aP\x00\x05\xa8\x00\x00\x00\x00piscing, in modo'...
0.232 Received: b'\xe0i\xdaR\x00\x00\x00`\xb8;\xdf,P\x10\x05\xa8\x00\x00\x00\x00'
0.233 Disassembled: source: 57449, dest: 55890, seq: 96, ack: 3090931500, window: 1448, ACK
0.233 Acknowledged seq: 3090930052
0.233 Assembling: source: 55890, dest: 57449, seq: 3090931500, ack: 97, window: 1448, data: "o copiosae tacim"...
0.233 Sent: b'\xdaR\xe0i\xb8;\xdf,\x00\x00\x00aP\x00\x05\xa8\x00\x00\x00\x00o copiosae tacim'...
0.235 Received: b'\xe0i\xdaR\x00\x00\x00`\xb8;\xe4\xd4P\x10\x05\xa8\x00\x00\x00\x00'
0.236 Disassembled: source: 57449, dest: 55890, seq: 96, ack: 3090932948, window: 1448, ACK
0.236 Acknowledged seq: 3090931500
0.236 Assembling: source: 55890, dest: 57449, seq: 3090932948, ack: 97, window: 1448, data: "am. Pri ne antio"...
0.237 Sent: b'\xdaR\xe0i\xb8;\xe4\xd4\x00\x00\x00aP\x00\x05\xa8\x00\x00\x00\x00am. Pri ne antio'...
0.239 Received: b'\xe0i\xdaR\x00\x00\x00`\xb8;\xea|P\x10\x05\xa8\x00\x00\x00\x00'
0.239 Disassembled: source: 57449, dest: 55890, seq: 96, ack: 3090934396, window: 1448, ACK
0.239 Acknowledged seq: 3090932948
0.239 Assembling: source: 55890, dest: 57449, seq: 3090934396, ack: 97, window: 1448, data: "to no. Elitr pos"...
0.240 Sent: b'\xdaR\xe0i\xb8;\xea|\x00\x00\x00aP\x00\x05\xa8\x00\x00\x00\x00to no. Elitr pos'...
0.242 Received: b'\xe0i\xdaR\x00\x00\x00`\xb8;\xf0$P\x10\x05\xa8\x00\x00\x00\x00'
0.242 Disassembled: source: 57449, dest: 55890, seq: 96, ack: 3090935844, window: 1448, ACK
0.242 Acknowledged seq: 3090934396
0.243 Assembling: source: 55890, dest: 57449, seq: 3090935844, ack: 97, window: 1448, data: "pretaris, sea ex"...
0.243 Sent: b'\xdaR\xe0i\xb8;\xf0$\x00\x00\x00aP\x00\x05\xa8\x00\x00\x00\x00pretaris, sea ex'...
0.245 Received: b'\xe0i\xdaR\x00\x00\x00`\xb8;\xf5\xccP\x10\x05\xa8\x00\x00\x00\x00'
0.246 Disassembled: source: 57449, dest: 55890, seq: 96, ack: 3090937292, window: 1448, ACK
0.246 Acknowledged seq: 3090935844
0.246 Assembling: source: 55890, dest: 57449, seq: 3090937292, ack: 97, window: 1448, data: "oporteat inimicu"...
0.246 Sent: b'\xdaR\xe0i\xb8;\xf5\xcc\x00\x00\x00aP\x00\x05\xa8\x00\x00\x00\x00oporteat inimicu'...
0.248 Received: b'\xe0i\xdaR\x00\x00\x00`\xb8;\xfbtP\x10\x05\xa8\x00\x00\x00\x00'
0.249 Disassembled: source: 57449, dest: 55890, seq: 96, ack: 3090938740, window: 1448, ACK
0.249 Acknowledged seq: 3090937292
0.249 Assembling: source: 55890, dest: 57449, seq: 3090938740, ack: 97, window: 1448, data: "ligendi officiis"...
0.250 Sent: b'\xdaR\xe0i\xb8;\xfbt\x00\x00\x00aP\x00\x05\xa8\x00\x00\x00\x00ligendi officiis'...
0.252 Received: b'\xe0i\xdaR\x00\x00\x00`\xb8<\x01\x1cP\x10\x05\xa8\x00\x00\x00\x00'
0.252 Disassembled: source: 57449, dest: 55890, seq: 96, ack: 3090940188, window: 1448, ACK
0.252 Acknowledged seq: 3090938740
0.253 Assembling: source: 55890, dest: 57449, seq: 3090940188, ack: 97, window: 1448, data: "no vel regione i"...
0.253 Sent: b'\xdaR\xe0i\xb8<\x01\x1c\x00\x00\x00aP\x00\x05\xa8\x00\x00\x00\x00no vel regione i'...
0.255 Received: b'\xe0i\xdaR\x00\x00\x00`\xb8<\x06\xc4P\x10\x05\xa8\x00\x00\x00\x00'
0.256 Disassembled: source: 57449, dest: 55890, seq: 96, ack: 3090941636, window: 1448, ACK
0.256 Acknowledged seq: 3090940188
0.256 Assembling: source: 55890, dest: 57449, seq: 3090941636, ack: 97, window: 1448, data: "ibus vis ex, pro"...
0.256 Sent: b'\xdaR\xe0i\xb8<\x06\xc4\x00\x00\x00aP\x00\x05\xa8\x00\x00\x00\x00ibus vis ex, pro'...
0.258 Received: b'\xe0i\xdaR\x00\x00\x00`\xb8<\x0clP\x10\x05\xa8\x00\x00\x00\x00'
0.259 Disassembled: source: 57449, dest: 55890, seq: 96, ack: 3090943084, window: 1448, ACK
0.259 Acknowledged seq: 3090941636
0.259 Assembling: source: 55890, dest: 57449, seq: 3090943084, ack: 97, window: 1448, data: "o vix, mel ea li"...
0.260 Sent: b'\xdaR\xe0i\xb8<\x0cl\x00\x00\x00aP\x00\x05\xa8\x00\x00\x00\x00o vix, mel ea li'...
0.262 Received: b'\xe0i\xdaR\x00\x00\x00`\xb8<\x12\x14P\x10\x05\xa8\x00\x00\x00\x00'
0.262 Disassembled: source: 57449, dest: 55890, seq: 96, ack: 3090944532, window: 1448, ACK
0.262 Acknowledged seq: 3090943084
0.262 Assembling: source: 55890, dest: 57449, seq: 3090944532, ack: 97, window: 1448, data: "d. Ex fugit suav"...
0.263 Sent: b'\xdaR\xe0i\xb8<\x12\x14\x00\x00\x00aP\x00\x05\xa8\x00\x00\x00\x00d. Ex fugit suav'...
0.265 Received: b'\xe0i\xdaR\x00\x00\x00`\xb8<\x17\xbcP\x10\x05\xa8\x00\x00\x00\x00'
0.265 Disassembled: source: 57449, dest: 55890, seq: 96, ack: 3090945980, window: 1448, ACK
0.265 Acknowledged seq: 3090944532
0.266 Assembling: source: 55890, dest: 57449, seq: 3090945980, ack: 97, window: 1448, data: "pertinax nec. De"...
0.266 Sent: b'\xdaR\xe0i\xb8<\x17\xbc\x00\x00\x00aP\x00\x05\xa8\x00\x00\x00\x00pertinax nec. De'...
0.268 Received: b'\xe0i\xdaR\x00\x00\x00`\xb8<\x1ddP\x10\x05\xa8\x00\x00\x00\x00'
0.268 Disassembled: source: 57449, dest: 55890, seq: 96, ack: 3090947428, window: 1448, ACK
0.269 Acknowledged seq: 3090945980
0.269 Assembling: source: 55890, dest: 57449, seq: 3090947428, ack: 97, window: 1448, data: "lli primis praes"...
0.269 Sent: b'\xdaR\xe0i\xb8<\x1dd\x00\x00\x00aP\x00\x05\xa8\x00\x00\x00\x00lli primis praes'...
0.271 Received: b'\xe0i\xdaR\x00\x00\x00`\xb8<#\x0cP\x10\x05\xa8\x00\x00\x00\x00'
0.272 Disassembled: source: 57449, dest: 55890, seq: 96, ack: 3090948876, window: 1448, ACK
0.272 Acknowledged seq: 3090947428
0.272 Assembling: source: 55890, dest: 57449, seq: 3090948876, ack: 97, window: 1448, data: "m, percipit inte"...
0.273 Sent: b'\xdaR\xe0i\xb8<#\x0c\x00\x00\x00aP\x00\x05\xa8\x00\x00\x00\x00m, percipit inte'...
0.275 Received: b'\xe0i\xdaR\x00\x00\x00`\xb8<(\xb4P\x10\x05\xa8\x00\x00\x00\x00'
0.275 Disassembled: source: 57449, dest: 55890, seq: 96, ack: 3090950324, window: 1448, ACK
0.275 Acknowledged seq: 3090948876
0.276 Assembling: source: 55890, dest: 57449, seq: 3090950324, ack: 97, window: 1448, data: "nani docendi pat"...
0.276 Sent: b'\xdaR\xe0i\xb8<(\xb4\x00\x00\x00aP\x00\x05\xa8\x00\x00\x00\x00nani docendi pat'...
0.278 Received: b'\xe0i\xdaR\x00\x00\x00`\xb8<.\\P\x10\x05\xa8\x00\x00\x00\x00'
0.279 Disassembled: source: 57449, dest: 55890, seq: 96, ack: 3090951772, window: 1448, ACK
0.279 Acknowledged seq: 3090950324
0.279 Assembling: source: 55890, dest: 57449, seq: 3090951772, ack: 97, window: 1448, data: " vis decore poss"...
0.280 Sent: b'\xdaR\xe0i\xb8<.\\\x00\x00\x00aP\x00\x05\xa8\x00\x00\x00\x00 vis decore poss'...
0.282 Received: b'\xe0i\xdaR\x00\x00\x00`\xb8<4\x04P\x10\x05\xa8\x00\x00\x00\x00'
0.282 Disassembled: source: 57449, dest: 55890, seq: 96, ack: 3090953220, window: 1448, ACK
0.282 Acknowledged seq: 3090951772
0.283 Assembling: source: 55890, dest: 57449, seq: 3090953220, ack: 97, window: 1448, data: "eam odio corpora"...
0.283 Sent: b'\xdaR\xe0i\xb8<4\x04\x00\x00\x00aP\x00\x05\xa8\x00\x00\x00\x00eam odio corpora'...
0.285 Received: b'\xe0i\xdaR\x00\x00\x00`\xb8<9\xacP\x10\x05\xa8\x00\x00\x00\x00'
0.285 Disassembled: source: 57449, dest: 55890, seq: 96, ack: 3090954668, window: 1448, ACK
0.286 Acknowledged seq: 3090953220
0.286 Assembling: source: 55890, dest: 57449, seq: 3090954668, ack: 97, window: 1448, data: " est. Usu sanctu"...
0.286 Sent: b'\xdaR\xe0i\xb8<9\xac\x00\x00\x00aP\x00\x05\xa8\x00\x00\x00\x00 est. Usu sanctu'...
0.288 Received: b'\xe0i\xdaR\x00\x00\x00`\xb8<?TP\x10\x05\xa8\x00\x00\x00\x00'
0.289 Disassembled: source: 57449, dest: 55890, seq: 96, ack: 3090956116, window: 1448, ACK
0.289 Acknowledged seq: 3090954668
0.289 Assembling: source: 55890, dest: 57449, seq: 3090956116, ack: 97, window: 1448, data: ".

Mei graeco ae"...
0.290 Sent: b'\xdaR\xe0i\xb8<?T\x00\x00\x00aP\x00\x05\xa8\x00\x00\x00\x00.\n\nMei graeco ae'...
0.292 Received: b'\xe0i\xdaR\x00\x00\x00`\xb8<D\xfcP\x10\x05\xa8\x00\x00\x00\x00'
0.292 Disassembled: source: 57449, dest: 55890, seq: 96, ack: 3090957564, window: 1448, ACK
0.292 Acknowledged seq: 3090956116
0.293 Assembling: source: 55890, dest: 57449, seq: 3090957564, ack: 97, window: 1448, data: "et. Ne sea primi"...
0.293 Sent: b'\xdaR\xe0i\xb8<D\xfc\x00\x00\x00aP\x00\x05\xa8\x00\x00\x00\x00et. Ne sea primi'...
0.295 Received: b'\xe0i\xdaR\x00\x00\x00`\xb8<J\xa4P\x10\x05\xa8\x00\x00\x00\x00'
0.296 Disassembled: source: 57449, dest: 55890, seq: 96, ack: 3090959012, window: 1448, ACK
0.296 Acknowledged seq: 3090957564
0.296 Assembling: source: 55890, dest: 57449, seq: 3090959012, ack: 97, window: 1448, data: "ittam convenire."...
0.297 Sent: b'\xdaR\xe0i\xb8<J\xa4\x00\x00\x00aP\x00\x05\xa8\x00\x00\x00\x00ittam convenire.'...
0.299 Received: b'\xe0i\xdaR\x00\x00\x00`\xb8<PLP\x10\x05\xa8\x00\x00\x00\x00'
0.299 Disassembled: source: 57449, dest: 55890, seq: 96, ack: 3090960460, window: 1448, ACK
0.299 Acknowledged seq: 3090959012
0.300 Assembling: source: 55890, dest: 57449, seq: 3090960460, ack: 97, window: 1448, data: "ua et vis, id eu"...
0.300 Sent: b'\xdaR\xe0i\xb8<PL\x00\x00\x00aP\x00\x05\xa8\x00\x00\x00\x00ua et vis, id eu'...
0.302 Received: b'\xe0i\xdaR\x00\x00\x00`\xb8<U\xf4P\x10\x05\xa8\x00\x00\x00\x00'
0.302 Disassembled: source: 57449, dest: 55890, seq: 96, ack: 3090961908, window: 1448, ACK
0.303 Acknowledged seq: 3090960460
0.303 Assembling: source: 55890, dest: 57449, seq: 3090961908, ack: 97, window: 1448, data: "r. Et velit appa"...
0.303 Sent: b'\xdaR\xe0i\xb8<U\xf4\x00\x00\x00aP\x00\x05\xa8\x00\x00\x00\x00r. Et velit appa'...
0.305 Received: b'\xe0i\xdaR\x00\x00\x00`\xb8<[\x9cP\x10\x05\xa8\x00\x00\x00\x00'
0.306 Disassembled: source: 57449, dest: 55890, seq: 96, ack: 3090963356, window: 1448, ACK
0.306 Acknowledged seq: 3090961908
0.306 Assembling: source: 55890, dest: 57449, seq: 3090963356, ack: 97, window: 1448, data: " novum laudem, v"...
0.307 Sent: b'\xdaR\xe0i\xb8<[\x9c\x00\x00\x00aP\x00\x05\xa8\x00\x00\x00\x00 novum laudem, v'...
0.309 Received: b'\xe0i\xdaR\x00\x00\x00`\xb8<aDP\x10\x05\xa8\x00\x00\x00\x00'
0.309 Disassembled: source: 57449, dest: 55890, seq: 96, ack: 3090964804, window: 1448, ACK
0.310 Acknowledged seq: 3090963356
0.310 Assembling: source: 55890, dest: 57449, seq: 3090964804, ack: 97, window: 1448, data: "luptatibus, cibo"...
0.310 Sent: b'\xdaR\xe0i\xb8<aD\x00\x00\x00aP\x00\x05\xa8\x00\x00\x00\x00luptatibus, cibo'...
0.312 Received: b'\xe0i\xdaR\x00\x00\x00`\xb8<f\xecP\x10\x05\xa8\x00\x00\x00\x00'
0.313 Disassembled: source: 57449, dest: 55890, seq: 96, ack: 3090966252, window: 1448, ACK
0.313 Acknowledged seq: 3090964804
0.313 Assembling: source: 55890, dest: 57449, seq: 3090966252, ack: 97, window: 1448, data: "alii indoctum ma"...
0.314 Sent: b'\xdaR\xe0i\xb8<f\xec\x00\x00\x00aP\x00\x05\xa8\x00\x00\x00\x00alii indoctum ma'...
0.316 Received: b'\xe0i\xdaR\x00\x00\x00`\xb8<l\x94P\x10\x05\xa8\x00\x00\x00\x00'
0.316 Disassembled: source: 57449, dest: 55890, seq: 96, ack: 3090967700, window: 1448, ACK
0.316 Acknowledged seq: 3090966252
0.317 Assembling: source: 55890, dest: 57449, seq: 3090967700, ack: 97, window: 1448, data: "im, his facete c"...
0.317 Sent: b'\xdaR\xe0i\xb8<l\x94\x00\x00\x00aP\x00\x05\xa8\x00\x00\x00\x00im, his facete c'...
0.319 Received: b'\xe0i\xdaR\x00\x00\x00`\xb8<r<P\x10\x05\xa8\x00\x00\x00\x00'
0.320 Disassembled: source: 57449, dest: 55890, seq: 96, ack: 3090969148, window: 1448, ACK
0.320 Acknowledged seq: 3090967700
0.320 Assembling: source: 55890, dest: 57449, seq: 3090969148, ack: 97, window: 1448, data: "e alia dolor com"...
0.321 Sent: b'\xdaR\xe0i\xb8<r<\x00\x00\x00aP\x00\x05\xa8\x00\x00\x00\x00e alia dolor com'...
0.323 Received: b'\xe0i\xdaR\x00\x00\x00`\xb8<w\xe4P\x10\x05\xa8\x00\x00\x00\x00'
0.323 Disassembled: source: 57449, dest: 55890, seq: 96, ack: 3090970596, window: 1448, ACK
0.323 Acknowledged seq: 3090969148
0.324 Assembling: source: 55890, dest: 57449, seq: 3090970596, ack: 97, window: 1448, data: "it ea, reque tem"...
0.324 Sent: b'\xdaR\xe0i\xb8<w\xe4\x00\x00\x00aP\x00\x05\xa8\x00\x00\x00\x00it ea, reque tem'...
0.326 Received: b'\xe0i\xdaR\x00\x00\x00`\xb8<}\x8cP\x10\x05\xa8\x00\x00\x00\x00'
0.327 Disassembled: source: 57449, dest: 55890, seq: 96, ack: 3090972044, window: 1448, ACK
0.327 Acknowledged seq: 3090970596
0.327 Assembling: source: 55890, dest: 57449, seq: 3090972044, ack: 97, window: 1448, data: "alisque.

Equide"...
0.327 Sent: b'\xdaR\xe0i\xb8<}\x8c\x00\x00\x00aP\x00\x05\xa8\x00\x00\x00\x00alisque.\n\nEquide'...
0.330 Received: b'\xe0i\xdaR\x00\x00\x00`\xb8<\x834P\x10\x05\xa8\x00\x00\x00\x00'
0.330 Disassembled: source: 57449, dest: 55890, seq: 96, ack: 3090973492, window: 1448, ACK
0.330 Acknowledged seq: 3090972044
0.331 Assembling: source: 55890, dest: 57449, seq: 3090973492, ack: 97, window: 1448, data: "finitiones, affe"...
0.331 Sent: b'\xdaR\xe0i\xb8<\x834\x00\x00\x00aP\x00\x05\xa8\x00\x00\x00\x00finitiones, affe'...
0.333 Received: b'\xe0i\xdaR\x00\x00\x00`\xb8<\x88\xdcP\x10\x05\xa8\x00\x00\x00\x00'
0.334 Disassembled: source: 57449, dest: 55890, seq: 96, ack: 3090974940, window: 1448, ACK
0.334 Acknowledged seq: 3090973492
0.334 Assembling: source: 55890, dest: 57449, seq: 3090974940, ack: 97, window: 1448, data: "his duis graeco "...
0.334 Sent: b'\xdaR\xe0i\xb8<\x88\xdc\x00\x00\x00aP\x00\x05\xa8\x00\x00\x00\x00his duis graeco '...
0.337 Received: b'\xe0i\xdaR\x00\x00\x00`\xb8<\x8e\x84P\x10\x05\xa8\x00\x00\x00\x00'
0.337 Disassembled: source: 57449, dest: 55890, seq: 96, ack: 3090976388, window: 1448, ACK
0.337 Acknowledged seq: 3090974940
0.338 Assembling: source: 55890, dest: 57449, seq: 3090976388, ack: 97, window: 1448, data: "am. Alia possit "...
0.338 Sent: b'\xdaR\xe0i\xb8<\x8e\x84\x00\x00\x00aP\x00\x05\xa8\x00\x00\x00\x00am. Alia possit '...
0.340 Received: b'\xe0i\xdaR\x00\x00\x00`\xb8<\x94,P\x10\x05\xa8\x00\x00\x00\x00'
0.341 Disassembled: source: 57449, dest: 55890, seq: 96, ack: 3090977836, window: 1448, ACK
0.341 Acknowledged seq: 3090976388
0.341 Assembling: source: 55890, dest: 57449, seq: 3090977836, ack: 97, window: 1448, data: "cum an. Mei faci"...
0.342 Sent: b'\xdaR\xe0i\xb8<\x94,\x00\x00\x00aP\x00\x05\xa8\x00\x00\x00\x00cum an. Mei faci'...
0.344 Received: b'\xe0i\xdaR\x00\x00\x00`\xb8<\x99\xd4P\x10\x05\xa8\x00\x00\x00\x00'
0.344 Disassembled: source: 57449, dest: 55890, seq: 96, ack: 3090979284, window: 1448, ACK
0.344 Acknowledged seq: 3090977836
0.345 Assembling: source: 55890, dest: 57449, seq: 3090979284, ack: 97, window: 1448, data: " vis adhuc tatio"...
0.345 Sent: b'\xdaR\xe0i\xb8<\x99\xd4\x00\x00\x00aP\x00\x05\xa8\x00\x00\x00\x00 vis adhuc tatio'...
0.347 Received: b'\xe0i\xdaR\x00\x00\x00`\xb8<\x9f|P\x10\x05\xa8\x00\x00\x00\x00'
0.348 Disassembled: source: 57449, dest: 55890, seq: 96, ack: 3090980732, window: 1448, ACK
0.348 Acknowledged seq: 3090979284
0.348 Assembling: source: 55890, dest: 57449, seq: 3090980732, ack: 97, window: 1448, data: "im eu option iuv"...
0.349 Sent: b'\xdaR\xe0i\xb8<\x9f|\x00\x00\x00aP\x00\x05\xa8\x00\x00\x00\x00im eu option iuv'...
0.351 Received: b'\xe0i\xdaR\x00\x00\x00`\xb8<\xa5$P\x10\x05\xa8\x00\x00\x00\x00'
0.351 Disassembled: source: 57449, dest: 55890, seq: 96, ack: 3090982180, window: 1448, ACK
0.351 Acknowledged seq: 3090980732
0.352 Assembling: source: 55890, dest: 57449, seq: 3090982180, ack: 97, window: 1448, data: "ex epicurei taci"...
0.352 Sent: b'\xdaR\xe0i\xb8<\xa5$\x00\x00\x00aP\x00\x05\xa8\x00\x00\x00\x00ex epicurei taci'...
0.354 Received: b'\xe0i\xdaR\x00\x00\x00`\xb8<\xaa\xccP\x10\x05\xa8\x00\x00\x00\x00'
0.355 Disassembled: source: 57449, dest: 55890, seq: 96, ack: 3090983628, window: 1448, ACK
0.355 Acknowledged seq: 3090982180
0.355 Assembling: source: 55890, dest: 57449, seq: 3090983628, ack: 97, window: 1448, data: "ebat, eu pro ero"...
0.356 Sent: b'\xdaR\xe0i\xb8<\xaa\xcc\x00\x00\x00aP\x00\x05\xa8\x00\x00\x00\x00ebat, eu pro ero'...
0.358 Received: b'\xe0i\xdaR\x00\x00\x00`\xb8<\xb0tP\x10\x05\xa8\x00\x00\x00\x00'
0.358 Disassembled: source: 57449, dest: 55890, seq: 96, ack: 3090985076, window: 1448, ACK
0.358 Acknowledged seq: 3090983628
0.359 Assembling: source: 55890, dest: 57449, seq: 3090985076, ack: 97, window: 1448, data: "s. Per no sale v"...
0.359 Sent: b'\xdaR\xe0i\xb8<\xb0t\x00\x00\x00aP\x00\x05\xa8\x00\x00\x00\x00s. Per no sale v'...
0.361 Received: b'\xe0i\xdaR\x00\x00\x00`\xb8<\xb6\x1cP\x10\x05\xa8\x00\x00\x00\x00'
0.362 Disassembled: source: 57449, dest: 55890, seq: 96, ack: 3090986524, window: 1448, ACK
0.362 Acknowledged seq: 3090985076
0.362 Assembling: source: 55890, dest: 57449, seq: 3090986524, ack: 97, window: 1448, data: "orrupte ea mel. "...
0.363 Sent: b'\xdaR\xe0i\xb8<\xb6\x1c\x00\x00\x00aP\x00\x05\xa8\x00\x00\x00\x00orrupte ea mel. '...
0.365 Received: b'\xe0i\xdaR\x00\x00\x00`\xb8<\xbb\xc4P\x10\x05\xa8\x00\x00\x00\x00'
0.365 Disassembled: source: 57449, dest: 55890, seq: 96, ack: 3090987972, window: 1448, ACK
0.365 Acknowledged seq: 3090986524
0.366 Assembling: source: 55890, dest: 57449, seq: 3090987972, ack: 97, window: 1448, data: ". Est iracundia "...
0.366 Sent: b'\xdaR\xe0i\xb8<\xbb\xc4\x00\x00\x00aP\x00\x05\xa8\x00\x00\x00\x00. Est iracundia '...
0.368 Received: b'\xe0i\xdaR\x00\x00\x00`\xb8<\xc1lP\x10\x05\xa8\x00\x00\x00\x00'
0.369 Disassembled: source: 57449, dest: 55890, seq: 96, ack: 3090989420, window: 1448, ACK
0.369 Acknowledged seq: 3090987972
0.369 Assembling: source: 55890, dest: 57449, seq: 3090989420, ack: 97, window: 1448, data: "pta probatus scr"...
0.370 Sent: b'\xdaR\xe0i\xb8<\xc1l\x00\x00\x00aP\x00\x05\xa8\x00\x00\x00\x00pta probatus scr'...
0.373 Received: b'\xe0i\xdaR\x00\x00\x00`\xb8<\xc7\x14P\x10\x05\xa8\x00\x00\x00\x00'
0.373 Disassembled: source: 57449, dest: 55890, seq: 96, ack: 3090990868, window: 1448, ACK
0.373 Acknowledged seq: 3090989420
0.374 Assembling: source: 55890, dest: 57449, seq: 3090990868, ack: 97, window: 1448, data: "entur ei, pro ei"...
0.374 Sent: b'\xdaR\xe0i\xb8<\xc7\x14\x00\x00\x00aP\x00\x05\xa8\x00\x00\x00\x00entur ei, pro ei'...
0.377 Received: b'\xe0i\xdaR\x00\x00\x00`\xb8<\xcc\xbcP\x10\x05\xa8\x00\x00\x00\x00'
0.378 Disassembled: source: 57449, dest: 55890, seq: 96, ack: 3090992316, window: 1448, ACK
0.378 Acknowledged seq: 3090990868
0.378 Assembling: source: 55890, dest: 57449, seq: 3090992316, ack: 97, window: 1448, data: "simul euismod vi"...
0.378 Sent: b'\xdaR\xe0i\xb8<\xcc\xbc\x00\x00\x00aP\x00\x05\xa8\x00\x00\x00\x00simul euismod vi'...
0.381 Received: b'\xe0i\xdaR\x00\x00\x00`\xb8<\xd2dP\x10\x05\xa8\x00\x00\x00\x00'
0.382 Disassembled: source: 57449, dest: 55890, seq: 96, ack: 3090993764, window: 1448, ACK
0.382 Acknowledged seq: 3090992316
0.382 Assembling: source: 55890, dest: 57449, seq: 3090993764, ack: 97, window: 1448, data: ", eam id iudico "...
0.382 Sent: b'\xdaR\xe0i\xb8<\xd2d\x00\x00\x00aP\x00\x05\xa8\x00\x00\x00\x00, eam id iudico '...
0.384 Received: b'\xe0i\xdaR\x00\x00\x00`\xb8<\xd8\x0cP\x10\x05\xa8\x00\x00\x00\x00'
0.384 Disassembled: source: 57449, dest: 55890, seq: 96, ack: 3090995212, window: 1448, ACK
0.384 Acknowledged seq: 3090993764
0.385 Assembling: source: 55890, dest: 57449, seq: 3090995212, ack: 97, window: 1448, data: "m vix. Ea est mu"...
0.385 Sent: b'\xdaR\xe0i\xb8<\xd8\x0c\x00\x00\x00aP\x00\x05\xa8\x00\x00\x00\x00m vix. Ea est mu'...
0.387 Received: b'\xe0i\xdaR\x00\x00\x00`\xb8<\xdd\xb4P\x10\x05\xa8\x00\x00\x00\x00'
0.387 Disassembled: source: 57449, dest: 55890, seq: 96, ack: 3090996660, window: 1448, ACK
0.387 Acknowledged seq: 3090995212
0.387 Assembling: source: 55890, dest: 57449, seq: 3090996660, ack: 97, window: 1448, data: "olor sit amet, e"...
0.388 Sent: b'\xdaR\xe0i\xb8<\xdd\xb4\x00\x00\x00aP\x00\x05\xa8\x00\x00\x00\x00olor sit amet, e'...
0.390 Received: b'\xe0i\xdaR\x00\x00\x00`\xb8<\xe3\\P\x10\x05\xa8\x00\x00\x00\x00'
0.390 Disassembled: source: 57449, dest: 55890, seq: 96, ack: 3090998108, window: 1448, ACK
0.390 Acknowledged seq: 3090996660
0.390 Assembling: source: 55890, dest: 57449, seq: 3090998108, ack: 97, window: 1448, data: "m, aperiam iudic"...
0.390 Sent: b'\xdaR\xe0i\xb8<\xe3\\\x00\x00\x00aP\x00\x05\xa8\x00\x00\x00\x00m, aperiam iudic'...
0.392 Received: b'\xe0i\xdaR\x00\x00\x00`\xb8<\xe9\x04P\x10\x05\xa8\x00\x00\x00\x00'
0.392 Disassembled: source: 57449, dest: 55890, seq: 96, ack: 3090999556, window: 1448, ACK
0.393 Acknowledged seq: 3090998108
0.393 Assembling: source: 55890, dest: 57449, seq: 3090999556, ack: 97, window: 1448, data: "re sea. No eos d"...
0.393 Sent: b'\xdaR\xe0i\xb8<\xe9\x04\x00\x00\x00aP\x00\x05\xa8\x00\x00\x00\x00re sea. No eos d'...
0.395 Received: b'\xe0i\xdaR\x00\x00\x00`\xb8<\xee\xacP\x10\x05\xa8\x00\x00\x00\x00'
0.395 Disassembled: source: 57449, dest: 55890, seq: 96, ack: 3091001004, window: 1448, ACK
0.395 Acknowledged seq: 3090999556
0.396 Assembling: source: 55890, dest: 57449, seq: 3091001004, ack: 97, window: 1448, data: "t scripta philos"...
0.396 Sent: b'\xdaR\xe0i\xb8<\xee\xac\x00\x00\x00aP\x00\x05\xa8\x00\x00\x00\x00t scripta philos'...
0.398 Received: b'\xe0i\xdaR\x00\x00\x00`\xb8<\xf4TP\x10\x05\xa8\x00\x00\x00\x00'
0.398 Disassembled: source: 57449, dest: 55890, seq: 96, ack: 3091002452, window: 1448, ACK
0.398 Acknowledged seq: 3091001004
0.398 Assembling: source: 55890, dest: 57449, seq: 3091002452, ack: 97, window: 1448, data: "tos sadipscing e"...
0.399 Sent: b'\xdaR\xe0i\xb8<\xf4T\x00\x00\x00aP\x00\x05\xa8\x00\x00\x00\x00tos sadipscing e'...
0.400 Received: b'\xe0i\xdaR\x00\x00\x00`\xb8<\xf9\xfcP\x10\x05\xa8\x00\x00\x00\x00'
0.401 Disassembled: source: 57449, dest: 55890, seq: 96, ack: 3091003900, window: 1448, ACK
0.401 Acknowledged seq: 3091002452
0.401 Assembling: source: 55890, dest: 57449, seq: 3091003900, ack: 97, window: 1448, data: "sapientem ea, ad"...
0.402 Sent: b'\xdaR\xe0i\xb8<\xf9\xfc\x00\x00\x00aP\x00\x05\xa8\x00\x00\x00\x00sapientem ea, ad'...
0.403 Received: b'\xe0i\xdaR\x00\x00\x00`\xb8<\xff\xa4P\x10\x05\xa8\x00\x00\x00\x00'
0.403 Disassembled: source: 57449, dest: 55890, seq: 96, ack: 3091005348, window: 1448, ACK
0.404 Acknowledged seq: 3091003900
0.404 Assembling: source: 55890, dest: 57449, seq: 3091005348, ack: 97, window: 1448, data: "g, ei invenire p"...
0.404 Sent: b'\xdaR\xe0i\xb8<\xff\xa4\x00\x00\x00aP\x00\x05\xa8\x00\x00\x00\x00g, ei invenire p'...
0.406 Received: b'\xe0i\xdaR\x00\x00\x00`\xb8=\x05LP\x10\x05\xa8\x00\x00\x00\x00'
0.406 Disassembled: source: 57449, dest: 55890, seq: 96, ack: 3091006796, window: 1448, ACK
0.406 Acknowledged seq: 3091005348
0.407 Assembling: source: 55890, dest: 57449, seq: 3091006796, ack: 97, window: 1448, data: "endo at. Qui id "...
0.407 Sent: b'\xdaR\xe0i\xb8=\x05L\x00\x00\x00aP\x00\x05\xa8\x00\x00\x00\x00endo at. Qui id '...
0.409 Received: b'\xe0i\xdaR\x00\x00\x00`\xb8=\n\xf4P\x10\x05\xa8\x00\x00\x00\x00'
0.409 Disassembled: source: 57449, dest: 55890, seq: 96, ack: 3091008244, window: 1448, ACK
0.409 Acknowledged seq: 3091006796
0.409 Assembling: source: 55890, dest: 57449, seq: 3091008244, ack: 97, window: 1448, data: "ota nostrum et p"...
0.410 Sent: b'\xdaR\xe0i\xb8=\n\xf4\x00\x00\x00aP\x00\x05\xa8\x00\x00\x00\x00ota nostrum et p'...
0.411 Received: b'\xe0i\xdaR\x00\x00\x00`\xb8=\x10\x9cP\x10\x05\xa8\x00\x00\x00\x00'
0.412 Disassembled: source: 57449, dest: 55890, seq: 96, ack: 3091009692, window: 1448, ACK
0.412 Acknowledged seq: 3091008244
0.412 Assembling: source: 55890, dest: 57449, seq: 3091009692, ack: 97, window: 1448, data: "deseruisse id. P"...
0.412 Sent: b'\xdaR\xe0i\xb8=\x10\x9c\x00\x00\x00aP\x00\x05\xa8\x00\x00\x00\x00deseruisse id. P'...
0.414 Received: b'\xe0i\xdaR\x00\x00\x00`\xb8=\x16DP\x10\x05\xa8\x00\x00\x00\x00'
0.414 Disassembled: source: 57449, dest: 55890, seq: 96, ack: 3091011140, window: 1448, ACK
0.415 Acknowledged seq: 3091009692
0.415 Assembling: source: 55890, dest: 57449, seq: 3091011140, ack: 97, window: 1448, data: "odo munere imper"...
0.415 Sent: b'\xdaR\xe0i\xb8=\x16D\x00\x00\x00aP\x00\x05\xa8\x00\x00\x00\x00odo munere imper'...
0.417 Received: b'\xe0i\xdaR\x00\x00\x00`\xb8=\x1b\xecP\x10\x05\xa8\x00\x00\x00\x00'
0.417 Disassembled: source: 57449, dest: 55890, seq: 96, ack: 3091012588, window: 1448, ACK
0.417 Acknowledged seq: 3091011140
0.418 Assembling: source: 55890, dest: 57449, seq: 3091012588, ack: 97, window: 1448, data: "cimates cum, tib"...
0.418 Sent: b'\xdaR\xe0i\xb8=\x1b\xec\x00\x00\x00aP\x00\x05\xa8\x00\x00\x00\x00cimates cum, tib'...
0.420 Received: b'\xe0i\xdaR\x00\x00\x00`\xb8=!\x94P\x10\x05\xa8\x00\x00\x00\x00'
0.420 Disassembled: source: 57449, dest: 55890, seq: 96, ack: 3091014036, window: 1448, ACK
0.420 Acknowledged seq: 3091012588
0.420 Assembling: source: 55890, dest: 57449, seq: 3091014036, ack: 97, window: 1448, data: "tiopam molestiae"...
0.421 Sent: b'\xdaR\xe0i\xb8=!\x94\x00\x00\x00aP\x00\x05\xa8\x00\x00\x00\x00tiopam molestiae'...
0.422 Received: b"\xe0i\xdaR\x00\x00\x00`\xb8='<P\x10\x05\xa8\x00\x00\x00\x00"
0.423 Disassembled: source: 57449, dest: 55890, seq: 96, ack: 3091015484, window: 1448, ACK
0.423 Acknowledged seq: 3091014036
0.423 Assembling: source: 55890, dest: 57449, seq: 3091015484, ack: 97, window: 1448, data: "possim qui no, v"...
0.423 Sent: b"\xdaR\xe0i\xb8='<\x00\x00\x00aP\x00\x05\xa8\x00\x00\x00\x00possim qui no, v"...
0.425 Received: b'\xe0i\xdaR\x00\x00\x00`\xb8=,\xe4P\x10\x05\xa8\x00\x00\x00\x00'
0.425 Disassembled: source: 57449, dest: 55890, seq: 96, ack: 3091016932, window: 1448, ACK
0.426 Acknowledged seq: 3091015484
0.426 Assembling: source: 55890, dest: 57449, seq: 3091016932, ack: 97, window: 1448, data: " ex utinam parti"...
0.426 Sent: b'\xdaR\xe0i\xb8=,\xe4\x00\x00\x00aP\x00\x05\xa8\x00\x00\x00\x00 ex utinam parti'...
0.428 Received: b'\xe0i\xdaR\x00\x00\x00`\xb8=2\x8cP\x10\x05\xa8\x00\x00\x00\x00'
0.428 Disassembled: source: 57449, dest: 55890, seq: 96, ack: 3091018380, window: 1448, ACK
0.428 Acknowledged seq: 3091016932
0.429 Assembling: source: 55890, dest: 57449, seq: 3091018380, ack: 97, window: 1448, data: "icus in his. Pri"...
0.429 Sent: b'\xdaR\xe0i\xb8=2\x8c\x00\x00\x00aP\x00\x05\xa8\x00\x00\x00\x00icus in his. Pri'...
0.431 Received: b'\xe0i\xdaR\x00\x00\x00`\xb8=84P\x10\x05\xa8\x00\x00\x00\x00'
0.431 Disassembled: source: 57449, dest: 55890, seq: 96, ack: 3091019828, window: 1448, ACK
0.431 Acknowledged seq: 3091018380
0.431 Assembling: source: 55890, dest: 57449, seq: 3091019828, ack: 97, window: 1448, data: "iis et.

Ius cu "...
0.432 Sent: b'\xdaR\xe0i\xb8=84\x00\x00\x00aP\x00\x05\xa8\x00\x00\x00\x00iis et.\n\nIus cu '...
0.433 Received: b'\xe0i\xdaR\x00\x00\x00`\xb8==\xdcP\x10\x05\xa8\x00\x00\x00\x00'
0.434 Disassembled: source: 57449, dest: 55890, seq: 96, ack: 3091021276, window: 1448, ACK
0.434 Acknowledged seq: 3091019828
0.434 Assembling: source: 55890, dest: 57449, seq: 3091021276, ack: 97, window: 1448, data: "e interesset.

T"...
0.435 Sent: b'\xdaR\xe0i\xb8==\xdc\x00\x00\x00aP\x00\x05\xa8\x00\x00\x00\x00e interesset.\n\nT'...
0.436 Received: b'\xe0i\xdaR\x00\x00\x00`\xb8=C\x84P\x10\x05\xa8\x00\x00\x00\x00'
0.436 Disassembled: source: 57449, dest: 55890, seq: 96, ack: 3091022724, window: 1448, ACK
0.437 Acknowledged seq: 3091021276
0.437 Assembling: source: 55890, dest: 57449, seq: 3091022724, ack: 97, window: 1448, data: "pro alia volutpa"...
0.437 Sent: b'\xdaR\xe0i\xb8=C\x84\x00\x00\x00aP\x00\x05\xa8\x00\x00\x00\x00pro alia volutpa'...
0.439 Received: b'\xe0i\xdaR\x00\x00\x00`\xb8=I,P\x10\x05\xa8\x00\x00\x00\x00'
0.439 Disassembled: source: 57449, dest: 55890, seq: 96, ack: 3091024172, window: 1448, ACK
0.439 Acknowledged seq: 3091022724
0.439 Assembling: source: 55890, dest: 57449, seq: 3091024172, ack: 97, window: 1448, data: " libris equidem "...
0.440 Sent: b'\xdaR\xe0i\xb8=I,\x00\x00\x00aP\x00\x05\xa8\x00\x00\x00\x00 libris equidem '...
0.442 Received: b'\xe0i\xdaR\x00\x00\x00`\xb8=N\xd4P\x10\x05\xa8\x00\x00\x00\x00'
0.442 Disassembled: source: 57449, dest: 55890, seq: 96, ack: 3091025620, window: 1448, ACK
0.442 Acknowledged seq: 3091024172
0.442 Assembling: source: 55890, dest: 57449, seq: 3091025620, ack: 97, window: 1448, data: "uavitate volupta"...
0.443 Sent: b'\xdaR\xe0i\xb8=N\xd4\x00\x00\x00aP\x00\x05\xa8\x00\x00\x00\x00uavitate volupta'...
0.444 Received: b'\xe0i\xdaR\x00\x00\x00`\xb8=T|P\x10\x05\xa8\x00\x00\x00\x00'
0.445 Disassembled: source: 57449, dest: 55890, seq: 96, ack: 3091027068, window: 1448, ACK
0.445 Acknowledged seq: 3091025620
0.445 Assembling: source: 55890, dest: 57449, seq: 3091027068, ack: 97, window: 1448, data: " Detraxit defini"...
0.445 Sent: b'\xdaR\xe0i\xb8=T|\x00\x00\x00aP\x00\x05\xa8\x00\x00\x00\x00 Detraxit defini'...
0.447 Received: b'\xe0i\xdaR\x00\x00\x00`\xb8=Z$P\x10\x05\xa8\x00\x00\x00\x00'
0.447 Disassembled: source: 57449, dest: 55890, seq: 96, ack: 3091028516, window: 1448, ACK
0.447 Acknowledged seq: 3091027068
0.447 Assembling: source: 55890, dest: 57449, seq: 3091028516, ack: 97, window: 1448, data: "aesent mei. Quo "...
0.448 Sent: b'\xdaR\xe0i\xb8=Z$\x00\x00\x00aP\x00\x05\xa8\x00\x00\x00\x00aesent mei. Quo '...
0.450 Received: b'\xe0i\xdaR\x00\x00\x00`\xb8=_\xccP\x10\x05\xa8\x00\x00\x00\x00'
0.450 Disassembled: source: 57449, dest: 55890, seq: 96, ack: 3091029964, window: 1448, ACK
0.450 Acknowledged seq: 3091028516
0.450 Assembling: source: 55890, dest: 57449, seq: 3091029964, ack: 97, window: 1448, data: "nterpretaris no "...
0.451 Sent: b'\xdaR\xe0i\xb8=_\xcc\x00\x00\x00aP\x00\x05\xa8\x00\x00\x00\x00nterpretaris no '...
0.452 Received: b'\xe0i\xdaR\x00\x00\x00`\xb8=etP\x10\x05\xa8\x00\x00\x00\x00'
0.453 Disassembled: source: 57449, dest: 55890, seq: 96, ack: 3091031412, window: 1448, ACK
0.453 Acknowledged seq: 3091029964
0.453 Assembling: source: 55890, dest: 57449, seq: 3091031412, ack: 97, window: 1448, data: "patrioque has. I"...
0.453 Sent: b'\xdaR\xe0i\xb8=et\x00\x00\x00aP\x00\x05\xa8\x00\x00\x00\x00patrioque has. I'...
0.455 Received: b'\xe0i\xdaR\x00\x00\x00`\xb8=k\x1cP\x10\x05\xa8\x00\x00\x00\x00'
0.455 Disassembled: source: 57449, dest: 55890, seq: 96, ack: 3091032860, window: 1448, ACK
0.456 Acknowledged seq: 3091031412
0.456 Assembling: source: 55890, dest: 57449, seq: 3091032860, ack: 97, window: 1448, data: "ossit repudianda"...
0.456 Sent: b'\xdaR\xe0i\xb8=k\x1c\x00\x00\x00aP\x00\x05\xa8\x00\x00\x00\x00ossit repudianda'...
0.458 Received: b'\xe0i\xdaR\x00\x00\x00`\xb8=p\xc4P\x10\x05\xa8\x00\x00\x00\x00'
0.458 Disassembled: source: 57449, dest: 55890, seq: 96, ack: 3091034308, window: 1448, ACK
0.459 Acknowledged seq: 3091032860
0.459 Assembling: source: 55890, dest: 57449, seq: 3091034308, ack: 97, window: 1448, data: "ora consequuntur"...
0.459 Sent: b'\xdaR\xe0i\xb8=p\xc4\x00\x00\x00aP\x00\x05\xa8\x00\x00\x00\x00ora consequuntur'...
0.461 Received: b'\xe0i\xdaR\x00\x00\x00`\xb8=vlP\x10\x05\xa8\x00\x00\x00\x00'
0.461 Disassembled: source: 57449, dest: 55890, seq: 96, ack: 3091035756, window: 1448, ACK
0.462 Acknowledged seq: 3091034308
0.462 Assembling: source: 55890, dest: 57449, seq: 3091035756, ack: 97, window: 1448, data: "ctus conceptam a"...
0.462 Sent: b'\xdaR\xe0i\xb8=vl\x00\x00\x00aP\x00\x05\xa8\x00\x00\x00\x00ctus conceptam a'...
0.464 Received: b'\xe0i\xdaR\x00\x00\x00`\xb8=|\x14P\x10\x05\xa8\x00\x00\x00\x00'
0.464 Disassembled: source: 57449, dest: 55890, seq: 96, ack: 3091037204, window: 1448, ACK
0.465 Acknowledged seq: 3091035756
0.465 Assembling: source: 55890, dest: 57449, seq: 3091037204, ack: 97, window: 1448, data: " aeterno te, ne "...
0.465 Sent: b'\xdaR\xe0i\xb8=|\x14\x00\x00\x00aP\x00\x05\xa8\x00\x00\x00\x00 aeterno te, ne '...
0.467 Received: b'\xe0i\xdaR\x00\x00\x00`\xb8=\x81\xbcP\x10\x05\xa8\x00\x00\x00\x00'
0.468 Disassembled: source: 57449, dest: 55890, seq: 96, ack: 3091038652, window: 1448, ACK
0.468 Acknowledged seq: 3091037204
0.468 Assembling: source: 55890, dest: 57449, seq: 3091038652, ack: 97, window: 1448, data: "imis oporteat di"...
0.468 Sent: b'\xdaR\xe0i\xb8=\x81\xbc\x00\x00\x00aP\x00\x05\xa8\x00\x00\x00\x00imis oporteat di'...
0.470 Received: b'\xe0i\xdaR\x00\x00\x00`\xb8=\x87dP\x10\x05\xa8\x00\x00\x00\x00'
0.471 Disassembled: source: 57449, dest: 55890, seq: 96, ack: 3091040100, window: 1448, ACK
0.471 Acknowledged seq: 3091038652
0.471 Assembling: source: 55890, dest: 57449, seq: 3091040100, ack: 97, window: 1448, data: "re. Has virtute "...
0.471 Sent: b'\xdaR\xe0i\xb8=\x87d\x00\x00\x00aP\x00\x05\xa8\x00\x00\x00\x00re. Has virtute '...
0.473 Received: b'\xe0i\xdaR\x00\x00\x00`\xb8=\x8d\x0cP\x10\x05\xa8\x00\x00\x00\x00'
0.473 Disassembled: source: 57449, dest: 55890, seq: 96, ack: 3091041548, window: 1448, ACK
0.474 Acknowledged seq: 3091040100
0.474 Assembling: source: 55890, dest: 57449, seq: 3091041548, ack: 97, window: 1448, data: " eum ancillae no"...
0.474 Sent: b'\xdaR\xe0i\xb8=\x8d\x0c\x00\x00\x00aP\x00\x05\xa8\x00\x00\x00\x00 eum ancillae no'...
0.476 Received: b'\xe0i\xdaR\x00\x00\x00`\xb8=\x92\xb4P\x10\x05\xa8\x00\x00\x00\x00'
0.476 Disassembled: source: 57449, dest: 55890, seq: 96, ack: 3091042996, window: 1448, ACK
0.476 Acknowledged seq: 3091041548
0.477 Assembling: source: 55890, dest: 57449, seq: 3091042996, ack: 97, window: 1448, data: "ppareat ius. At "...
0.477 Sent: b'\xdaR\xe0i\xb8=\x92\xb4\x00\x00\x00aP\x00\x05\xa8\x00\x00\x00\x00ppareat ius. At '...
0.479 Received: b'\xe0i\xdaR\x00\x00\x00`\xb8=\x98\\P\x10\x05\xa8\x00\x00\x00\x00'
0.479 Disassembled: source: 57449, dest: 55890, seq: 96, ack: 3091044444, window: 1448, ACK
0.479 Acknowledged seq: 3091042996
0.480 Assembling: source: 55890, dest: 57449, seq: 3091044444, ack: 97, window: 1448, data: ", vero appellant"...
0.480 Sent: b'\xdaR\xe0i\xb8=\x98\\\x00\x00\x00aP\x00\x05\xa8\x00\x00\x00\x00, vero appellant'...
0.482 Received: b'\xe0i\xdaR\x00\x00\x00`\xb8=\x9e\x04P\x10\x05\xa8\x00\x00\x00\x00'
0.482 Disassembled: source: 57449, dest: 55890, seq: 96, ack: 3091045892, window: 1448, ACK
0.482 Acknowledged seq: 3091044444
0.483 Assembling: source: 55890, dest: 57449, seq: 3091045892, ack: 97, window: 1448, data: "ibo quando copio"...
0.483 Sent: b'\xdaR\xe0i\xb8=\x9e\x04\x00\x00\x00aP\x00\x05\xa8\x00\x00\x00\x00ibo quando copio'...
0.485 Received: b'\xe0i\xdaR\x00\x00\x00`\xb8=\xa3\xacP\x10\x05\xa8\x00\x00\x00\x00'
0.485 Disassembled: source: 57449, dest: 55890, seq: 96, ack: 3091047340, window: 1448, ACK
0.485 Acknowledged seq: 3091045892
0.486 Assembling: source: 55890, dest: 57449, seq: 3091047340, ack: 97, window: 1448, data: " maluisset. Sit "...
0.486 Sent: b'\xdaR\xe0i\xb8=\xa3\xac\x00\x00\x00aP\x00\x05\xa8\x00\x00\x00\x00 maluisset. Sit '...
0.488 Received: b'\xe0i\xdaR\x00\x00\x00`\xb8=\xa9TP\x10\x05\xa8\x00\x00\x00\x00'
0.488 Disassembled: source: 57449, dest: 55890, seq: 96, ack: 3091048788, window: 1448, ACK
0.488 Acknowledged seq: 3091047340
0.489 Assembling: source: 55890, dest: 57449, seq: 3091048788, ack: 97, window: 1448, data: "e ceteros albuci"...
0.489 Sent: b'\xdaR\xe0i\xb8=\xa9T\x00\x00\x00aP\x00\x05\xa8\x00\x00\x00\x00e ceteros albuci'...
0.491 Received: b'\xe0i\xdaR\x00\x00\x00`\xb8=\xae\xfcP\x10\x05\xa8\x00\x00\x00\x00'
0.491 Disassembled: source: 57449, dest: 55890, seq: 96, ack: 3091050236, window: 1448, ACK
0.492 Acknowledged seq: 3091048788
0.492 Assembling: source: 55890, dest: 57449, seq: 3091050236, ack: 97, window: 1448, data: "complectitur sea"...
0.492 Sent: b'\xdaR\xe0i\xb8=\xae\xfc\x00\x00\x00aP\x00\x05\xa8\x00\x00\x00\x00complectitur sea'...
0.494 Received: b'\xe0i\xdaR\x00\x00\x00`\xb8=\xb4\xa4P\x10\x05\xa8\x00\x00\x00\x00'
0.494 Disassembled: source: 57449, dest: 55890, seq: 96, ack: 3091051684, window: 1448, ACK
0.495 Acknowledged seq: 3091050236
0.495 Finished reading file
0.495 Assembling: source: 55890, dest: 57449, seq: 3091051684, ack: 97, window: 1448, data: "tempor ex ius. E"...
0.495 Sent: b'\xdaR\xe0i\xb8=\xb4\xa4\x00\x00\x00aP\x00\x05\xa8\x00\x00\x00\x00tempor ex ius. E'...
0.497 Received: b'\xe0i\xdaR\x00\x00\x00`\xb8=\xb5\x02P\x10\x05\xa8\x00\x00\x00\x00'
0.497 Disassembled: source: 57449, dest: 55890, seq: 96, ack: 3091051778, window: 1448, ACK
0.498 Acknowledged seq: 3091051684
0.498 Assembling: source: 55890, dest: 57449, seq: 3091051778, ack: 97, window: 1448, ACK, FIN
0.498 Sent: b'\xdaR\xe0i\xb8=\xb5\x02\x00\x00\x00aP\x11\x05\xa8\x00\x00\x00\x00'
0.500 Received: b'\xe0i\xdaR\x00\x00\x00`\xb8=\xb5\x03P\x10\x05\xa8\x00\x00\x00\x00'
0.500 Disassembled: source: 57449, dest: 55890, seq: 96, ack: 3091051779, window: 1448, ACK
0.500 FIN accepted; sending final packet
0.500 Assembling: source: 55890, dest: 57449, seq: 3091051779, ack: 97, window: 1448, ACK
0.501 Sent: b'\xdaR\xe0i\xb8=\xb5\x03\x00\x00\x00aP\x10\x05\xa8\x00\x00\x00\x00'
0.501 Closed connection
0.501 Shutting down
