0.000 NEW RUN: Server, TEST: Write_file__Single_packet
0.209 Received: b'\xe7!\xc4\xc2\x00\x00\x00A\x00\x00\x00\x00P\x02\x05\xa8\x00\x00\x00\x00'
0.210 Disassembled: source: 59169, dest: 50370, seq: 65, window: 1448, SYN
0.210 SYN accepted; new connection: 127.0.0.1 on port 59169
0.210 Assembling: source: 50370, dest: 59169, seq: 3092838720, ack: 66, window: 5808, ACK, SYN
0.211 Sent: b'\xc4\xc2\xe7!\xb8X\xf9@\x00\x00\x00BP\x12\x16\xb0\x00\x00\x00\x00'
0.212 Received: b'\xe7!\xc4\xc2\x00\x00\x00B\xb8X\xf9AP\x10\x16\xb0\x00\x00\x00\x00'
0.212 Disassembled: source: 59169, dest: 50370, seq: 66, ack: 3092838721, window: 5808, ACK
0.213 Assembling: source: 50370, dest: 59169, seq: 3092838721, ack: 66, window: 5808, ACK
0.213 Sent: b'\xc4\xc2\xe7!\xb8X\xf9A\x00\x00\x00BP\x10\x16\xb0\x00\x00\x00\x00'
0.213 Received: b'\xe7!\xc4\xc2\x00\x00\x00B\xb8X\xf9AP\x10\x16\xb0\x00\x00\x00\x00This file fits i'...
0.214 Disassembled: source: 59169, dest: 50370, seq: 66, ack: 3092838721, window: 5808, ACK, data: "This file fits i"...
0.214 Handshake complete
0.214 Data accepted; writing to file
0.214 Assembling: source: 50370, dest: 59169, seq: 3092838721, ack: 109, window: 5808, ACK
0.214 Sent: b'\xc4\xc2\xe7!\xb8X\xf9A\x00\x00\x00mP\x10\x16\xb0\x00\x00\x00\x00'
0.215 Received: b'\xe7!\xc4\xc2\x00\x00\x00B\xb8X\xf9AP\x10\x16\xb0\x00\x00\x00\x00This file fits i'...
0.215 Disassembled: source: 59169, dest: 50370, seq: 66, ack: 3092838721, window: 5808, ACK, data: "This file fits i"...
0.215 Old data; ignoring
0.714 Sent: b'\xc4\xc2\xe7!\xb8X\xf9A\x00\x00\x00mP\x10\x16\xb0\x00\x00\x00\x00'
1.215 Sent: b'\xc4\xc2\xe7!\xb8X\xf9A\x00\x00\x00mP\x10\x16\xb0\x00\x00\x00\x00'
1.715 Sent: b'\xc4\xc2\xe7!\xb8X\xf9A\x00\x00\x00mP\x10\x16\xb0\x00\x00\x00\x00'
2.215 Sent: b'\xc4\xc2\xe7!\xb8X\xf9A\x00\x00\x00mP\x10\x16\xb0\x00\x00\x00\x00'
2.716 Error: Connection timed out
2.716 Closed connection
2.718 Shutting down
