0.000 NEW RUN: Server, TEST: Write_file__Empty
0.246 Received: b'\xbai)J\x00\x00\x00^\x00\x00\x00\x00P\x02\x05\xa8\x00\x00\x00\x00'
0.247 Disassembled: source: 47721, dest: 10570, seq: 94, window: 1448, SYN
0.247 SYN accepted; new connection: 127.0.0.1 on port 47721
0.247 Assembling: source: 10570, dest: 47721, seq: 3092325619, ack: 95, window: 5808, ACK, SYN
0.247 Sent: b')J\xbai\xb8Q$\xf3\x00\x00\x00_P\x12\x16\xb0\x00\x00\x00\x00'
0.249 Received: b'\xbai)J\x00\x00\x00_\xb8Q$\xf4P\x10\x16\xb0\x00\x00\x00\x00'
0.249 Disassembled: source: 47721, dest: 10570, seq: 95, ack: 3092325620, window: 5808, ACK
0.250 Assembling: source: 10570, dest: 47721, seq: 3092325620, ack: 95, window: 5808, ACK
0.250 Sent: b')J\xbai\xb8Q$\xf4\x00\x00\x00_P\x10\x16\xb0\x00\x00\x00\x00'
0.250 Received: b'\xbai)J\x00\x00\x00_\xb8Q$\xf4P\x10\x16\xb0\x00\x00\x00\x00'
0.250 Disassembled: source: 47721, dest: 10570, seq: 95, ack: 3092325620, window: 5808, ACK
0.251 Assembling: source: 10570, dest: 47721, seq: 3092325620, ack: 95, window: 5808, ACK
0.251 Sent: b')J\xbai\xb8Q$\xf4\x00\x00\x00_P\x10\x16\xb0\x00\x00\x00\x00'
0.751 Sent: b')J\xbai\xb8Q$\xf4\x00\x00\x00_P\x10\x16\xb0\x00\x00\x00\x00'
1.251 Sent: b')J\xbai\xb8Q$\xf4\x00\x00\x00_P\x10\x16\xb0\x00\x00\x00\x00'
1.752 Sent: b')J\xbai\xb8Q$\xf4\x00\x00\x00_P\x10\x16\xb0\x00\x00\x00\x00'
2.252 Sent: b')J\xbai\xb8Q$\xf4\x00\x00\x00_P\x10\x16\xb0\x00\x00\x00\x00'
2.752 Error: Connection timed out
2.753 Closed connection
2.753 Shutting down
