0.000 NEW RUN: Server, TEST: Read_file__Large_multi-packet
0.208 Received: b'0\x05@-\x00\x00\x00\x15\x00\x00\x00\x00P\x02\x05\xa8\x00\x00\x00\x00'
0.208 Disassembled: source: 12293, dest: 16429, seq: 21, window: 1448, SYN
0.209 SYN accepted; new connection: 127.0.0.1 on port 12293
0.209 Assembling: source: 16429, dest: 12293, seq: 1006730688, ack: 22, window: 1448, ACK, SYN
0.209 Sent: b'@-0\x05<\x01}\xc0\x00\x00\x00\x16P\x12\x05\xa8\x00\x00\x00\x00'
0.211 Received: b'0\x05@-\x00\x00\x00\x16<\x01}\xc1P\x10\x05\xa8\x00\x00\x00\x00'
0.211 Disassembled: source: 12293, dest: 16429, seq: 22, ack: 1006730689, window: 1448, ACK
0.211 Handshake complete
0.211 Acknowledged seq: 1006730688
0.212 Assembling: source: 16429, dest: 12293, seq: 1006730689, ack: 23, window: 1448, data: "Lorem ipsum dolo"...
0.212 Sent: b'@-0\x05<\x01}\xc1\x00\x00\x00\x17P\x00\x05\xa8\x00\x00\x00\x00Lorem ipsum dolo'...
0.214 Received: b'0\x05@-\x00\x00\x00\x16<\x01\x83iP\x10\x05\xa8\x00\x00\x00\x00'
0.214 Disassembled: source: 12293, dest: 16429, seq: 22, ack: 1006732137, window: 1448, ACK
0.214 Acknowledged seq: 1006730689
0.214 Assembling: source: 16429, dest: 12293, seq: 1006732137, ack: 23, window: 1448, data: "mprehensam nam, "...
0.215 Sent: b'@-0\x05<\x01\x83i\x00\x00\x00\x17P\x00\x05\xa8\x00\x00\x00\x00mprehensam nam, '...
0.216 Received: b'0\x05@-\x00\x00\x00\x16<\x01\x89\x11P\x10\x05\xa8\x00\x00\x00\x00'
0.217 Disassembled: source: 12293, dest: 16429, seq: 22, ack: 1006733585, window: 1448, ACK
0.217 Acknowledged seq: 1006732137
0.217 Assembling: source: 16429, dest: 12293, seq: 1006733585, ack: 23, window: 1448, data: "ilisi repudiare "...
0.217 Sent: b'@-0\x05<\x01\x89\x11\x00\x00\x00\x17P\x00\x05\xa8\x00\x00\x00\x00ilisi repudiare '...
0.219 Received: b'0\x05@-\x00\x00\x00\x16<\x01\x8e\xb9P\x10\x05\xa8\x00\x00\x00\x00'
0.219 Disassembled: source: 12293, dest: 16429, seq: 22, ack: 1006735033, window: 1448, ACK
0.219 Acknowledged seq: 1006733585
0.219 Assembling: source: 16429, dest: 12293, seq: 1006735033, ack: 23, window: 1448, data: "ta.

Et essent s"...
0.220 Sent: b'@-0\x05<\x01\x8e\xb9\x00\x00\x00\x17P\x00\x05\xa8\x00\x00\x00\x00ta.\n\nEt essent s'...
0.221 Received: b'0\x05@-\x00\x00\x00\x16<\x01\x94aP\x10\x05\xa8\x00\x00\x00\x00'
0.222 Disassembled: source: 12293, dest: 16429, seq: 22, ack: 1006736481, window: 1448, ACK
0.222 Acknowledged seq: 1006735033
0.222 Assembling: source: 16429, dest: 12293, seq: 1006736481, ack: 23, window: 1448, data: " Nihil tractatos"...
0.222 Sent: b'@-0\x05<\x01\x94a\x00\x00\x00\x17P\x00\x05\xa8\x00\x00\x00\x00 Nihil tractatos'...
0.224 Received: b'0\x05@-\x00\x00\x00\x16<\x01\x9a\tP\x10\x05\xa8\x00\x00\x00\x00'
0.224 Disassembled: source: 12293, dest: 16429, seq: 22, ack: 1006737929, window: 1448, ACK
0.225 Acknowledged seq: 1006736481
0.225 Assembling: source: 16429, dest: 12293, seq: 1006737929, ack: 23, window: 1448, data: "fert iuvaret sap"...
0.225 Sent: b'@-0\x05<\x01\x9a\t\x00\x00\x00\x17P\x00\x05\xa8\x00\x00\x00\x00fert iuvaret sap'...
0.227 Received: b'0\x05@-\x00\x00\x00\x16<\x01\x9f\xb1P\x10\x05\xa8\x00\x00\x00\x00'
0.227 Disassembled: source: 12293, dest: 16429, seq: 22, ack: 1006739377, window: 1448, ACK
0.227 Acknowledged seq: 1006737929
0.227 Assembling: source: 16429, dest: 12293, seq: 1006739377, ack: 23, window: 1448, data: "ram adipiscing, "...
0.228 Sent: b'@-0\x05<\x01\x9f\xb1\x00\x00\x00\x17P\x00\x05\xa8\x00\x00\x00\x00ram adipiscing, '...
0.230 Received: b'0\x05@-\x00\x00\x00\x16<\x01\xa5YP\x10\x05\xa8\x00\x00\x00\x00'
0.230 Disassembled: source: 12293, dest: 16429, seq: 22, ack: 1006740825, window: 1448, ACK
0.230 Acknowledged seq: 1006739377
0.230 Assembling: source: 16429, dest: 12293, seq: 1006740825, ack: 23, window: 1448, data: "m veritus vivend"...
0.230 Sent: b'@-0\x05<\x01\xa5Y\x00\x00\x00\x17P\x00\x05\xa8\x00\x00\x00\x00m veritus vivend'...
0.232 Received: b'0\x05@-\x00\x00\x00\x16<\x01\xab\x01P\x10\x05\xa8\x00\x00\x00\x00'
0.232 Disassembled: source: 12293, dest: 16429, seq: 22, ack: 1006742273, window: 1448, ACK
0.232 Acknowledged seq: 1006740825
0.233 Assembling: source: 16429, dest: 12293, seq: 1006742273, ack: 23, window: 1448, data: " delenit, ignota"...
0.233 Sent: b'@-0\x05<\x01\xab\x01\x00\x00\x00\x17P\x00\x05\xa8\x00\x00\x00\x00 delenit, ignota'...
0.234 Received: b'0\x05@-\x00\x00\x00\x16<\x01\xb0\xa9P\x10\x05\xa8\x00\x00\x00\x00'
0.235 Disassembled: source: 12293, dest: 16429, seq: 22, ack: 1006743721, window: 1448, ACK
0.235 Acknowledged seq: 1006742273
0.235 Assembling: source: 16429, dest: 12293, seq: 1006743721, ack: 23, window: 1448, data: "se explicari des"...
0.235 Sent: b'@-0\x05<\x01\xb0\xa9\x00\x00\x00\x17P\x00\x05\xa8\x00\x00\x00\x00se explicari des'...
0.237 Received: b'0\x05@-\x00\x00\x00\x16<\x01\xb6QP\x10\x05\xa8\x00\x00\x00\x00'
0.237 Disassembled: source: 12293, dest: 16429, seq: 22, ack: 1006745169, window: 1448, ACK
0.237 Acknowledged seq: 1006743721
0.238 Assembling: source: 16429, dest: 12293, seq: 1006745169, ack: 23, window: 1448, data: "piscing, in modo"...
0.238 Sent: b'@-0\x05<\x01\xb6Q\x00\x00\x00\x17P\x00\x05\xa8\x00\x00\x00\x00piscing, in modo'...
0.239 Received: b'0\x05@-\x00\x00\x00\x16<\x01\xbb\xf9P\x10\x05\xa8\x00\x00\x00\x00'
0.240 Disassembled: source: 12293, dest: 16429, seq: 22, ack: 1006746617, window: 1448, ACK
0.240 Acknowledged seq: 1006745169
0.240 Assembling: source: 16429, dest: 12293, seq: 1006746617, ack: 23, window: 1448, data: "o copiosae tacim"...
0.240 Sent: b'@-0\x05<\x01\xbb\xf9\x00\x00\x00\x17P\x00\x05\xa8\x00\x00\x00\x00o copiosae tacim'...
0.242 Received: b'0\x05@-\x00\x00\x00\x16<\x01\xc1\xa1P\x10\x05\xa8\x00\x00\x00\x00'
0.242 Disassembled: source: 12293, dest: 16429, seq: 22, ack: 1006748065, window: 1448, ACK
0.242 Acknowledged seq: 1006746617
0.243 Assembling: source: 16429, dest: 12293, seq: 1006748065, ack: 23, window: 1448, data: "am. Pri ne antio"...
0.243 Sent: b'@-0\x05<\x01\xc1\xa1\x00\x00\x00\x17P\x00\x05\xa8\x00\x00\x00\x00am. Pri ne antio'...
0.245 Received: b'0\x05@-\x00\x00\x00\x16<\x01\xc7IP\x10\x05\xa8\x00\x00\x00\x00'
0.245 Disassembled: source: 12293, dest: 16429, seq: 22, ack: 1006749513, window: 1448, ACK
0.245 Acknowledged seq: 1006748065
0.245 Assembling: source: 16429, dest: 12293, seq: 1006749513, ack: 23, window: 1448, data: "to no. Elitr pos"...
0.246 Sent: b'@-0\x05<\x01\xc7I\x00\x00\x00\x17P\x00\x05\xa8\x00\x00\x00\x00to no. Elitr pos'...
0.247 Received: b'0\x05@-\x00\x00\x00\x16<\x01\xcc\xf1P\x10\x05\xa8\x00\x00\x00\x00'
0.247 Disassembled: source: 12293, dest: 16429, seq: 22, ack: 1006750961, window: 1448, ACK
0.247 Acknowledged seq: 1006749513
0.248 Assembling: source: 16429, dest: 12293, seq: 1006750961, ack: 23, window: 1448, data: "pretaris, sea ex"...
0.248 Sent: b'@-0\x05<\x01\xcc\xf1\x00\x00\x00\x17P\x00\x05\xa8\x00\x00\x00\x00pretaris, sea ex'...
0.250 Received: b'0\x05@-\x00\x00\x00\x16<\x01\xd2\x99P\x10\x05\xa8\x00\x00\x00\x00'
0.250 Disassembled: source: 12293, dest: 16429, seq: 22, ack: 1006752409, window: 1448, ACK
0.250 Acknowledged seq: 1006750961
0.250 Assembling: source: 16429, dest: 12293, seq: 1006752409, ack: 23, window: 1448, data: "oporteat inimicu"...
0.251 Sent: b'@-0\x05<\x01\xd2\x99\x00\x00\x00\x17P\x00\x05\xa8\x00\x00\x00\x00oporteat inimicu'...
0.252 Received: b'0\x05@-\x00\x00\x00\x16<\x01\xd8AP\x10\x05\xa8\x00\x00\x00\x00'
0.252 Disassembled: source: 12293, dest: 16429, seq: 22, ack: 1006753857, window: 1448, ACK
0.253 Acknowledged seq: 1006752409
0.253 Assembling: source: 16429, dest: 12293, seq: 1006753857, ack: 23, window: 1448, data: "ligendi officiis"...
0.253 Sent: b'@-0\x05<\x01\xd8A\x00\x00\x00\x17P\x00\x05\xa8\x00\x00\x00\x00ligendi officiis'...
0.255 Received: b'0\x05@-\x00\x00\x00\x16<\x01\xdd\xe9P\x10\x05\xa8\x00\x00\x00\x00'
0.255 Disassembled: source: 12293, dest: 16429, seq: 22, ack: 1006755305, window: 1448, ACK
0.255 Acknowledged seq: 1006753857
0.255 Assembling: source: 16429, dest: 12293, seq: 1006755305, ack: 23, window: 1448, data: "no vel regione i"...
0.256 Sent: b'@-0\x05<\x01\xdd\xe9\x00\x00\x00\x17P\x00\x05\xa8\x00\x00\x00\x00no vel regione i'...
0.257 Received: b'0\x05@-\x00\x00\x00\x16<\x01\xe3\x91P\x10\x05\xa8\x00\x00\x00\x00'
0.257 Disassembled: source: 12293, dest: 16429, seq: 22, ack: 1006756753, window: 1448, ACK
0.258 Acknowledged seq: 1006755305
0.258 Assembling: source: 16429, dest: 12293, seq: 1006756753, ack: 23, window: 1448, data: "ibus vis ex, pro"...
0.258 Sent: b'@-0\x05<\x01\xe3\x91\x00\x00\x00\x17P\x00\x05\xa8\x00\x00\x00\x00ibus vis ex, pro'...
0.260 Received: b'0\x05@-\x00\x00\x00\x16<\x01\xe99P\x10\x05\xa8\x00\x00\x00\x00'
0.260 Disassembled: source: 12293, dest: 16429, seq: 22, ack: 1006758201, window: 1448, ACK
0.260 Acknowledged seq: 1006756753
0.260 Assembling: source: 16429, dest: 12293, seq: 1006758201, ack: 23, window: 1448, data: "o vix, mel ea li"...
0.261 Sent: b'@-0\x05<\x01\xe99\x00\x00\x00\x17P\x00\x05\xa8\x00\x00\x00\x00o vix, mel ea li'...
0.262 Received: b'0\x05@-\x00\x00\x00\x16<\x01\xee\xe1P\x10\x05\xa8\x00\x00\x00\x00'
0.263 Disassembled: source: 12293, dest: 16429, seq: 22, ack: 1006759649, window: 1448, ACK
0.263 Acknowledged seq: 1006758201
0.263 Assembling: source: 16429, dest: 12293, seq: 1006759649, ack: 23, window: 1448, data: "d. Ex fugit suav"...
0.263 Sent: b'@-0\x05<\x01\xee\xe1\x00\x00\x00\x17P\x00\x05\xa8\x00\x00\x00\x00d. Ex fugit suav'...
0.265 Received: b'0\x05@-\x00\x00\x00\x16<\x01\xf4\x89P\x10\x05\xa8\x00\x00\x00\x00'
0.265 Disassembled: source: 12293, dest: 16429, seq: 22, ack: 1006761097, window: 1448, ACK
0.265 Acknowledged seq: 1006759649
0.266 Assembling: source: 16429, dest: 12293, seq: 1006761097, ack: 23, window: 1448, data: "pertinax nec. De"...
0.266 Sent: b'@-0\x05<\x01\xf4\x89\x00\x00\x00\x17P\x00\x05\xa8\x00\x00\x00\x00pertinax nec. De'...
0.268 Received: b'0\x05@-\x00\x00\x00\x16<\x01\xfa1P\x10\x05\xa8\x00\x00\x00\x00'
0.268 Disassembled: source: 12293, dest: 16429, seq: 22, ack: 1006762545, window: 1448, ACK
0.268 Acknowledged seq: 1006761097
0.268 Assembling: source: 16429, dest: 12293, seq: 1006762545, ack: 23, window: 1448, data: "lli primis praes"...
0.269 Sent: b'@-0\x05<\x01\xfa1\x00\x00\x00\x17P\x00\x05\xa8\x00\x00\x00\x00lli primis praes'...
0.270 Received: b'0\x05@-\x00\x00\x00\x16<\x01\xff\xd9P\x10\x05\xa8\x00\x00\x00\x00'
0.270 Disassembled: source: 12293, dest: 16429, seq: 22, ack: 1006763993, window: 1448, ACK
0.271 Acknowledged seq: 1006762545
0.271 Assembling: source: 16429, dest: 12293, seq: 1006763993, ack: 23, window: 1448, data: "m, percipit inte"...
0.271 Sent: b'@-0\x05<\x01\xff\xd9\x00\x00\x00\x17P\x00\x05\xa8\x00\x00\x00\x00m, percipit inte'...
0.273 Received: b'0\x05@-\x00\x00\x00\x16<\x02\x05\x81P\x10\x05\xa8\x00\x00\x00\x00'
0.273 Disassembled: source: 12293, dest: 16429, seq: 22, ack: 1006765441, window: 1448, ACK
0.273 Acknowledged seq: 1006763993
0.274 Assembling: source: 16429, dest: 12293, seq: 1006765441, ack: 23, window: 1448, data: "nani docendi pat"...
0.274 Sent: b'@-0\x05<\x02\x05\x81\x00\x00\x00\x17P\x00\x05\xa8\x00\x00\x00\x00nani docendi pat'...
0.276 Received: b'0\x05@-\x00\x00\x00\x16<\x02\x0b)P\x10\x05\xa8\x00\x00\x00\x00'
0.276 Disassembled: source: 12293, dest: 16429, seq: 22, ack: 1006766889, window: 1448, ACK
0.276 Acknowledged seq: 1006765441
0.276 Assembling: source: 16429, dest: 12293, seq: 1006766889, ack: 23, window: 1448, data: " vis decore poss"...
0.277 Sent: b'@-0\x05<\x02\x0b)\x00\x00\x00\x17P\x00\x05\xa8\x00\x00\x00\x00 vis decore poss'...
0.279 Received: b'0\x05@-\x00\x00\x00\x16<\x02\x10\xd1P\x10\x05\xa8\x00\x00\x00\x00'
0.279 Disassembled: source: 12293, dest: 16429, seq: 22, ack: 1006768337, window: 1448, ACK
0.279 Acknowledged seq: 1006766889
0.279 Assembling: source: 16429, dest: 12293, seq: 1006768337, ack: 23, window: 1448, data: "eam odio corpora"...
0.280 Sent: b'@-0\x05<\x02\x10\xd1\x00\x00\x00\x17P\x00\x05\xa8\x00\x00\x00\x00eam odio corpora'...
0.282 Received: b'0\x05@-\x00\x00\x00\x16<\x02\x16yP\x10\x05\xa8\x00\x00\x00\x00'
0.282 Disassembled: source: 12293, dest: 16429, seq: 22, ack: 1006769785, window: 1448, ACK
0.282 Acknowledged seq: 1006768337
0.282 Assembling: source: 16429, dest: 12293, seq: 1006769785, ack: 23, window: 1448, data: " est. Usu sanctu"...
0.282 Sent: b'@-0\x05<\x02\x16y\x00\x00\x00\x17P\x00\x05\xa8\x00\x00\x00\x00 est. Usu sanctu'...
0.284 Received: b'0\x05@-\x00\x00\x00\x16<\x02\x1c!P\x10\x05\xa8\x00\x00\x00\x00'
0.285 Disassembled: source: 12293, dest: 16429, seq: 22, ack: 1006771233, window: 1448, ACK
0.285 Acknowledged seq: 1006769785
0.285 Assembling: source: 16429, dest: 12293, seq: 1006771233, ack: 23, window: 1448, data: ".

Mei graeco ae"...
0.285 Sent: b'@-0\x05<\x02\x1c!\x00\x00\x00\x17P\x00\x05\xa8\x00\x00\x00\x00.\n\nMei graeco ae'...
0.287 Received: b'0\x05@-\x00\x00\x00\x16<\x02!\xc9P\x10\x05\xa8\x00\x00\x00\x00'
0.287 Disassembled: source: 12293, dest: 16429, seq: 22, ack: 1006772681, window: 1448, ACK
0.288 Acknowledged seq: 1006771233
0.288 Assembling: source: 16429, dest: 12293, seq: 1006772681, ack: 23, window: 1448, data: "et. Ne sea primi"...
0.288 Sent: b'@-0\x05<\x02!\xc9\x00\x00\x00\x17P\x00\x05\xa8\x00\x00\x00\x00et. Ne sea primi'...
0.290 Received: b"0\x05@-\x00\x00\x00\x16<\x02'qP\x10\x05\xa8\x00\x00\x00\x00"
0.290 Disassembled: source: 12293, dest: 16429, seq: 22, ack: 1006774129, window: 1448, ACK
0.291 Acknowledged seq: 1006772681
0.291 Assembling: source: 16429, dest: 12293, seq: 1006774129, ack: 23, window: 1448, data: "ittam convenire."...
0.291 Sent: b"@-0\x05<\x02'q\x00\x00\x00\x17P\x00\x05\xa8\x00\x00\x00\x00ittam convenire."...
0.293 Received: b'0\x05@-\x00\x00\x00\x16<\x02-\x19P\x10\x05\xa8\x00\x00\x00\x00'
0.293 Disassembled: source: 12293, dest: 16429, seq: 22, ack: 1006775577, window: 1448, ACK
0.293 Acknowledged seq: 1006774129
0.294 Assembling: source: 16429, dest: 12293, seq: 1006775577, ack: 23, window: 1448, data: "ua et vis, id eu"...
0.294 Sent: b'@-0\x05<\x02-\x19\x00\x00\x00\x17P\x00\x05\xa8\x00\x00\x00\x00ua et vis, id eu'...
0.296 Received: b'0\x05@-\x00\x00\x00\x16<\x022\xc1P\x10\x05\xa8\x00\x00\x00\x00'
0.296 Disassembled: source: 12293, dest: 16429, seq: 22, ack: 1006777025, window: 1448, ACK
0.296 Acknowledged seq: 1006775577
0.296 Assembling: source: 16429, dest: 12293, seq: 1006777025, ack: 23, window: 1448, data: "r. Et velit appa"...
0.297 Sent: b'@-0\x05<\x022\xc1\x00\x00\x00\x17P\x00\x05\xa8\x00\x00\x00\x00r. Et velit appa'...
0.299 Received: b'0\x05@-\x00\x00\x00\x16<\x028iP\x10\x05\xa8\x00\x00\x00\x00'
0.299 Disassembled: source: 12293, dest: 16429, seq: 22, ack: 1006778473, window: 1448, ACK
0.299 Acknowledged seq: 1006777025
0.299 Assembling: source: 16429, dest: 12293, seq: 1006778473, ack: 23, window: 1448, data: " novum laudem, v"...
0.300 Sent: b'@-0\x05<\x028i\x00\x00\x00\x17P\x00\x05\xa8\x00\x00\x00\x00 novum laudem, v'...
0.301 Received: b'0\x05@-\x00\x00\x00\x16<\x02>\x11P\x10\x05\xa8\x00\x00\x00\x00'
0.302 Disassembled: source: 12293, dest: 16429, seq: 22, ack: 1006779921, window: 1448, ACK
0.302 Acknowledged seq: 1006778473
0.302 Assembling: source: 16429, dest: 12293, seq: 1006779921, ack: 23, window: 1448, data: "luptatibus, cibo"...
0.302 Sent: b'@-0\x05<\x02>\x11\x00\x00\x00\x17P\x00\x05\xa8\x00\x00\x00\x00luptatibus, cibo'...
0.304 Received: b'0\x05@-\x00\x00\x00\x16<\x02C\xb9P\x10\x05\xa8\x00\x00\x00\x00'
0.304 Disassembled: source: 12293, dest: 16429, seq: 22, ack: 1006781369, window: 1448, ACK
0.305 Acknowledged seq: 1006779921
0.305 Assembling: source: 16429, dest: 12293, seq: 1006781369, ack: 23, window: 1448, data: "alii indoctum ma"...
0.305 Sent: b'@-0\x05<\x02C\xb9\x00\x00\x00\x17P\x00\x05\xa8\x00\x00\x00\x00alii indoctum ma'...
0.307 Received: b'0\x05@-\x00\x00\x00\x16<\x02IaP\x10\x05\xa8\x00\x00\x00\x00'
0.307 Disassembled: source: 12293, dest: 16429, seq: 22, ack: 1006782817, window: 1448, ACK
0.307 Acknowledged seq: 1006781369
0.307 Assembling: source: 16429, dest: 12293, seq: 1006782817, ack: 23, window: 1448, data: "im, his facete c"...
0.308 Sent: b'@-0\x05<\x02Ia\x00\x00\x00\x17P\x00\x05\xa8\x00\x00\x00\x00im, his facete c'...
0.310 Received: b'0\x05@-\x00\x00\x00\x16<\x02O\tP\x10\x05\xa8\x00\x00\x00\x00'
0.310 Disassembled: source: 12293, dest: 16429, seq: 22, ack: 1006784265, window: 1448, ACK
0.310 Acknowledged seq: 1006782817
0.310 Assembling: source: 16429, dest: 12293, seq: 1006784265, ack: 23, window: 1448, data: "e alia dolor com"...
0.311 Sent: b'@-0\x05<\x02O\t\x00\x00\x00\x17P\x00\x05\xa8\x00\x00\x00\x00e alia dolor com'...
0.312 Received: b'0\x05@-\x00\x00\x00\x16<\x02T\xb1P\x10\x05\xa8\x00\x00\x00\x00'
0.313 Disassembled: source: 12293, dest: 16429, seq: 22, ack: 1006785713, window: 1448, ACK
0.313 Acknowledged seq: 1006784265
0.313 Assembling: source: 16429, dest: 12293, seq: 1006785713, ack: 23, window: 1448, data: "it ea, reque tem"...
0.313 Sent: b'@-0\x05<\x02T\xb1\x00\x00\x00\x17P\x00\x05\xa8\x00\x00\x00\x00it ea, reque tem'...
0.315 Received: b'0\x05@-\x00\x00\x00\x16<\x02ZYP\x10\x05\xa8\x00\x00\x00\x00'
0.315 Disassembled: source: 12293, dest: 16429, seq: 22, ack: 1006787161, window: 1448, ACK
0.315 Acknowledged seq: 1006785713
0.316 Assembling: source: 16429, dest: 12293, seq: 1006787161, ack: 23, window: 1448, data: "alisque.

Equide"...
0.316 Sent: b'@-0\x05<\x02ZY\x00\x00\x00\x17P\x00\x05\xa8\x00\x00\x00\x00alisque.\n\nEquide'...
0.318 Received: b'0\x05@-\x00\x00\x00\x16<\x02`\x01P\x10\x05\xa8\x00\x00\x00\x00'
0.318 Disassembled: source: 12293, dest: 16429, seq: 22, ack: 1006788609, window: 1448, ACK
0.318 Acknowledged seq: 1006787161
0.318 Assembling: source: 16429, dest: 12293, seq: 1006788609, ack: 23, window: 1448, data: "finitiones, affe"...
0.319 Sent: b'@-0\x05<\x02`\x01\x00\x00\x00\x17P\x00\x05\xa8\x00\x00\x00\x00finitiones, affe'...
0.321 Received: b'0\x05@-\x00\x00\x00\x16<\x02e\xa9P\x10\x05\xa8\x00\x00\x00\x00'
0.321 Disassembled: source: 12293, dest: 16429, seq: 22, ack: 1006790057, window: 1448, ACK
0.321 Acknowledged seq: 1006788609
0.321 Assembling: source: 16429, dest: 12293, seq: 1006790057, ack: 23, window: 1448, data: "his duis graeco "...
0.322 Sent: b'@-0\x05<\x02e\xa9\x00\x00\x00\x17P\x00\x05\xa8\x00\x00\x00\x00his duis graeco '...
0.323 Received: b'0\x05@-\x00\x00\x00\x16<\x02kQP\x10\x05\xa8\x00\x00\x00\x00'
0.324 Disassembled: source: 12293, dest: 16429, seq: 22, ack: 1006791505, window: 1448, ACK
0.324 Acknowledged seq: 1006790057
0.324 Assembling: source: 16429, dest: 12293, seq: 1006791505, ack: 23, window: 1448, data: "am. Alia possit "...
0.324 Sent: b'@-0\x05<\x02kQ\x00\x00\x00\x17P\x00\x05\xa8\x00\x00\x00\x00am. Alia possit '...
0.326 Received: b'0\x05@-\x00\x00\x00\x16<\x02p\xf9P\x10\x05\xa8\x00\x00\x00\x00'
0.326 Disassembled: source: 12293, dest: 16429, seq: 22, ack: 1006792953, window: 1448, ACK
0.326 Acknowledged seq: 1006791505
0.327 Assembling: source: 16429, dest: 12293, seq: 1006792953, ack: 23, window: 1448, data: "cum an. Mei faci"...
0.327 Sent: b'@-0\x05<\x02p\xf9\x00\x00\x00\x17P\x00\x05\xa8\x00\x00\x00\x00cum an. Mei faci'...
0.329 Received: b'0\x05@-\x00\x00\x00\x16<\x02v\xa1P\x10\x05\xa8\x00\x00\x00\x00'
0.329 Disassembled: source: 12293, dest: 16429, seq: 22, ack: 1006794401, window: 1448, ACK
0.329 Acknowledged seq: 1006792953
0.329 Assembling: source: 16429, dest: 12293, seq: 1006794401, ack: 23, window: 1448, data: " vis adhuc tatio"...
0.330 Sent: b'@-0\x05<\x02v\xa1\x00\x00\x00\x17P\x00\x05\xa8\x00\x00\x00\x00 vis adhuc tatio'...
0.331 Received: b'0\x05@-\x00\x00\x00\x16<\x02|IP\x10\x05\xa8\x00\x00\x00\x00'
0.332 Disassembled: source: 12293, dest: 16429, seq: 22, ack: 1006795849, window: 1448, ACK
0.332 Acknowledged seq: 1006794401
0.332 Assembling: source: 16429, dest: 12293, seq: 1006795849, ack: 23, window: 1448, data: "im eu option iuv"...
0.333 Sent: b'@-0\x05<\x02|I\x00\x00\x00\x17P\x00\x05\xa8\x00\x00\x00\x00im eu option iuv'...
0.334 Received: b'0\x05@-\x00\x00\x00\x16<\x02\x81\xf1P\x10\x05\xa8\x00\x00\x00\x00'
0.335 Disassembled: source: 12293, dest: 16429, seq: 22, ack: 1006797297, window: 1448, ACK
0.335 Acknowledged seq: 1006795849
0.335 Assembling: source: 16429, dest: 12293, seq: 1006797297, ack: 23, window: 1448, data: "ex epicurei taci"...
0.335 Sent: b'@-0\x05<\x02\x81\xf1\x00\x00\x00\x17P\x00\x05\xa8\x00\x00\x00\x00ex epicurei taci'...
0.337 Received: b'0\x05@-\x00\x00\x00\x16<\x02\x87\x99P\x10\x05\xa8\x00\x00\x00\x00'
0.337 Disassembled: source: 12293, dest: 16429, seq: 22, ack: 1006798745, window: 1448, ACK
0.337 Acknowledged seq: 1006797297
0.338 Assembling: source: 16429, dest: 12293, seq: 1006798745, ack: 23, window: 1448, data: "ebat, eu pro ero"...
0.338 Sent: b'@-0\x05<\x02\x87\x99\x00\x00\x00\x17P\x00\x05\xa8\x00\x00\x00\x00ebat, eu pro ero'...
0.340 Received: b'0\x05@-\x00\x00\x00\x16<\x02\x8dAP\x10\x05\xa8\x00\x00\x00\x00'
0.340 Disassembled: source: 12293, dest: 16429, seq: 22, ack: 1006800193, window: 1448, ACK
0.340 Acknowledged seq: 1006798745
0.340 Assembling: source: 16429, dest: 12293, seq: 1006800193, ack: 23, window: 1448, data: "s. Per no sale v"...
0.341 Sent: b'@-0\x05<\x02\x8dA\x00\x00\x00\x17P\x00\x05\xa8\x00\x00\x00\x00s. Per no sale v'...
0.343 Received: b'0\x05@-\x00\x00\x00\x16<\x02\x92\xe9P\x10\x05\xa8\x00\x00\x00\x00'
0.343 Disassembled: source: 12293, dest: 16429, seq: 22, ack: 1006801641, window: 1448, ACK
0.343 Acknowledged seq: 1006800193
0.343 Assembling: source: 16429, dest: 12293, seq: 1006801641, ack: 23, window: 1448, data: "orrupte ea mel. "...
0.344 Sent: b'@-0\x05<\x02\x92\xe9\x00\x00\x00\x17P\x00\x05\xa8\x00\x00\x00\x00orrupte ea mel. '...
0.345 Received: b'0\x05@-\x00\x00\x00\x16<\x02\x98\x91P\x10\x05\xa8\x00\x00\x00\x00'
0.346 Disassembled: source: 12293, dest: 16429, seq: 22, ack: 1006803089, window: 1448, ACK
0.346 Acknowledged seq: 1006801641
0.346 Assembling: source: 16429, dest: 12293, seq: 1006803089, ack: 23, window: 1448, data: ". Est iracundia "...
0.346 Sent: b'@-0\x05<\x02\x98\x91\x00\x00\x00\x17P\x00\x05\xa8\x00\x00\x00\x00. Est iracundia '...
0.348 Received: b'0\x05@-\x00\x00\x00\x16<\x02\x9e9P\x10\x05\xa8\x00\x00\x00\x00'
0.348 Disassembled: source: 12293, dest: 16429, seq: 22, ack: 1006804537, window: 1448, ACK
0.349 Acknowledged seq: 1006803089
0.349 Assembling: source: 16429, dest: 12293, seq: 1006804537, ack: 23, window: 1448, data: "pta probatus scr"...
0.349 Sent: b'@-0\x05<\x02\x9e9\x00\x00\x00\x17P\x00\x05\xa8\x00\x00\x00\x00pta probatus scr'...
0.351 Received: b'0\x05@-\x00\x00\x00\x16<\x02\xa3\xe1P\x10\x05\xa8\x00\x00\x00\x00'
0.351 Disassembled: source: 12293, dest: 16429, seq: 22, ack: 1006805985, window: 1448, ACK
0.351 Acknowledged seq: 1006804537
0.351 Assembling: source: 16429, dest: 12293, seq: 1006805985, ack: 23, window: 1448, data: "entur ei, pro ei"...
0.352 Sent: b'@-0\x05<\x02\xa3\xe1\x00\x00\x00\x17P\x00\x05\xa8\x00\x00\x00\x00entur ei, pro ei'...
0.353 Received: b'0\x05@-\x00\x00\x00\x16<\x02\xa9\x89P\x10\x05\xa8\x00\x00\x00\x00'
0.354 Disassembled: source: 12293, dest: 16429, seq: 22, ack: 1006807433, window: 1448, ACK
0.354 Acknowledged seq: 1006805985
0.354 Assembling: source: 16429, dest: 12293, seq: 1006807433, ack: 23, window: 1448, data: "simul euismod vi"...
0.355 Sent: b'@-0\x05<\x02\xa9\x89\x00\x00\x00\x17P\x00\x05\xa8\x00\x00\x00\x00simul euismod vi'...
0.356 Received: b'0\x05@-\x00\x00\x00\x16<\x02\xaf1P\x10\x05\xa8\x00\x00\x00\x00'
0.356 Disassembled: source: 12293, dest: 16429, seq: 22, ack: 1006808881, window: 1448, ACK
0.356 Acknowledged seq: 1006807433
0.357 Assembling: source: 16429, dest: 12293, seq: 1006808881, ack: 23, window: 1448, data: ", eam id iudico "...
0.357 Sent: b'@-0\x05<\x02\xaf1\x00\x00\x00\x17P\x00\x05\xa8\x00\x00\x00\x00, eam id iudico '...
0.359 Received: b'0\x05@-\x00\x00\x00\x16<\x02\xb4\xd9P\x10\x05\xa8\x00\x00\x00\x00'
0.359 Disassembled: source: 12293, dest: 16429, seq: 22, ack: 1006810329, window: 1448, ACK
0.359 Acknowledged seq: 1006808881
0.359 Assembling: source: 16429, dest: 12293, seq: 1006810329, ack: 23, window: 1448, data: "m vix. Ea est mu"...
0.360 Sent: b'@-0\x05<\x02\xb4\xd9\x00\x00\x00\x17P\x00\x05\xa8\x00\x00\x00\x00m vix. Ea est mu'...
0.361 Received: b'0\x05@-\x00\x00\x00\x16<\x02\xba\x81P\x10\x05\xa8\x00\x00\x00\x00'
0.362 Disassembled: source: 12293, dest: 16429, seq: 22, ack: 1006811777, window: 1448, ACK
0.362 Acknowledged seq: 1006810329
0.362 Assembling: source: 16429, dest: 12293, seq: 1006811777, ack: 23, window: 1448, data: "olor sit amet, e"...
0.362 Sent: b'@-0\x05<\x02\xba\x81\x00\x00\x00\x17P\x00\x05\xa8\x00\x00\x00\x00olor sit amet, e'...
0.364 Received: b'0\x05@-\x00\x00\x00\x16<\x02\xc0)P\x10\x05\xa8\x00\x00\x00\x00'
0.364 Disassembled: source: 12293, dest: 16429, seq: 22, ack: 1006813225, window: 1448, ACK
0.365 Acknowledged seq: 1006811777
0.365 Assembling: source: 16429, dest: 12293, seq: 1006813225, ack: 23, window: 1448, data: "m, aperiam iudic"...
0.365 Sent: b'@-0\x05<\x02\xc0)\x00\x00\x00\x17P\x00\x05\xa8\x00\x00\x00\x00m, aperiam iudic'...
0.367 Received: b'0\x05@-\x00\x00\x00\x16<\x02\xc5\xd1P\x10\x05\xa8\x00\x00\x00\x00'
0.367 Disassembled: source: 12293, dest: 16429, seq: 22, ack: 1006814673, window: 1448, ACK
0.367 Acknowledged seq: 1006813225
0.367 Assembling: source: 16429, dest: 12293, seq: 1006814673, ack: 23, window: 1448, data: "re sea. No eos d"...
0.368 Sent: b'@-0\x05<\x02\xc5\xd1\x00\x00\x00\x17P\x00\x05\xa8\x00\x00\x00\x00re sea. No eos d'...
0.370 Received: b'0\x05@-\x00\x00\x00\x16<\x02\xcbyP\x10\x05\xa8\x00\x00\x00\x00'
0.370 Disassembled: source: 12293, dest: 16429, seq: 22, ack: 1006816121, window: 1448, ACK
0.370 Acknowledged seq: 1006814673
0.370 Assembling: source: 16429, dest: 12293, seq: 1006816121, ack: 23, window: 1448, data: "t scripta philos"...
0.371 Sent: b'@-0\x05<\x02\xcby\x00\x00\x00\x17P\x00\x05\xa8\x00\x00\x00\x00t scripta philos'...
0.373 Received: b'0\x05@-\x00\x00\x00\x16<\x02\xd1!P\x10\x05\xa8\x00\x00\x00\x00'
0.373 Disassembled: source: 12293, dest: 16429, seq: 22, ack: 1006817569, window: 1448, ACK
0.373 Acknowledged seq: 1006816121
0.373 Assembling: source: 16429, dest: 12293, seq: 1006817569, ack: 23, window: 1448, data: "tos sadipscing e"...
0.374 Sent: b'@-0\x05<\x02\xd1!\x00\x00\x00\x17P\x00\x05\xa8\x00\x00\x00\x00tos sadipscing e'...
0.375 Received: b'0\x05@-\x00\x00\x00\x16<\x02\xd6\xc9P\x10\x05\xa8\x00\x00\x00\x00'
0.376 Disassembled: source: 12293, dest: 16429, seq: 22, ack: 1006819017, window: 1448, ACK
0.376 Acknowledged seq: 1006817569
0.376 Assembling: source: 16429, dest: 12293, seq: 1006819017, ack: 23, window: 1448, data: "sapientem ea, ad"...
0.376 Sent: b'@-0\x05<\x02\xd6\xc9\x00\x00\x00\x17P\x00\x05\xa8\x00\x00\x00\x00sapientem ea, ad'...
0.378 Received: b'0\x05@-\x00\x00\x00\x16<\x02\xdcqP\x10\x05\xa8\x00\x00\x00\x00'
0.378 Disassembled: source: 12293, dest: 16429, seq: 22, ack: 1006820465, window: 1448, ACK
0.378 Acknowledged seq: 1006819017
0.379 Assembling: source: 16429, dest: 12293, seq: 1006820465, ack: 23, window: 1448, data: "g, ei invenire p"...
0.379 Sent: b'@-0\x05<\x02\xdcq\x00\x00\x00\x17P\x00\x05\xa8\x00\x00\x00\x00g, ei invenire p'...
0.381 Received: b'0\x05@-\x00\x00\x00\x16<\x02\xe2\x19P\x10\x05\xa8\x00\x00\x00\x00'
0.381 Disassembled: source: 12293, dest: 16429, seq: 22, ack: 1006821913, window: 1448, ACK
0.381 Acknowledged seq: 1006820465
0.381 Assembling: source: 16429, dest: 12293, seq: 1006821913, ack: 23, window: 1448, data: "endo at. Qui id "...
0.382 Sent: b'@-0\x05<\x02\xe2\x19\x00\x00\x00\x17P\x00\x05\xa8\x00\x00\x00\x00endo at. Qui id '...
0.384 Received: b'0\x05@-\x00\x00\x00\x16<\x02\xe7\xc1P\x10\x05\xa8\x00\x00\x00\x00'
0.384 Disassembled: source: 12293, dest: 16429, seq: 22, ack: 1006823361, window: 1448, ACK
0.384 Acknowledged seq: 1006821913
0.384 Assembling: source: 16429, dest: 12293, seq: 1006823361, ack: 23, window: 1448, data: "ota nostrum et p"...
0.385 Sent: b'@-0\x05<\x02\xe7\xc1\x00\x00\x00\x17P\x00\x05\xa8\x00\x00\x00\x00ota nostrum et p'...
0.386 Received: b'0\x05@-\x00\x00\x00\x16<\x02\xediP\x10\x05\xa8\x00\x00\x00\x00'
0.387 Disassembled: source: 12293, dest: 16429, seq: 22, ack: 1006824809, window: 1448, ACK
0.387 Acknowledged seq: 1006823361
0.387 Assembling: source: 16429, dest: 12293, seq: 1006824809, ack: 23, window: 1448, data: "deseruisse id. P"...
0.387 Sent: b'@-0\x05<\x02\xedi\x00\x00\x00\x17P\x00\x05\xa8\x00\x00\x00\x00deseruisse id. P'...
0.389 Received: b'0\x05@-\x00\x00\x00\x16<\x02\xf3\x11P\x10\x05\xa8\x00\x00\x00\x00'
0.389 Disassembled: source: 12293, dest: 16429, seq: 22, ack: 1006826257, window: 1448, ACK
0.389 Acknowledged seq: 1006824809
0.390 Assembling: source: 16429, dest: 12293, seq: 1006826257, ack: 23, window: 1448, data: "odo munere imper"...
0.390 Sent: b'@-0\x05<\x02\xf3\x11\x00\x00\x00\x17P\x00\x05\xa8\x00\x00\x00\x00odo munere imper'...
0.392 Received: b'0\x05@-\x00\x00\x00\x16<\x02\xf8\xb9P\x10\x05\xa8\x00\x00\x00\x00'
0.392 Disassembled: source: 12293, dest: 16429, seq: 22, ack: 1006827705, window: 1448, ACK
0.392 Acknowledged seq: 1006826257
0.392 Assembling: source: 16429, dest: 12293, seq: 1006827705, ack: 23, window: 1448, data: "cimates cum, tib"...
0.393 Sent: b'@-0\x05<\x02\xf8\xb9\x00\x00\x00\x17P\x00\x05\xa8\x00\x00\x00\x00cimates cum, tib'...
0.395 Received: b'0\x05@-\x00\x00\x00\x16<\x02\xfeaP\x10\x05\xa8\x00\x00\x00\x00'
0.395 Disassembled: source: 12293, dest: 16429, seq: 22, ack: 1006829153, window: 1448, ACK
0.395 Acknowledged seq: 1006827705
0.395 Assembling: source: 16429, dest: 12293, seq: 1006829153, ack: 23, window: 1448, data: "tiopam molestiae"...
0.396 Sent: b'@-0\x05<\x02\xfea\x00\x00\x00\x17P\x00\x05\xa8\x00\x00\x00\x00tiopam molestiae'...
0.397 Received: b'0\x05@-\x00\x00\x00\x16<\x03\x04\tP\x10\x05\xa8\x00\x00\x00\x00'
0.398 Disassembled: source: 12293, dest: 16429, seq: 22, ack: 1006830601, window: 1448, ACK
0.398 Acknowledged seq: 1006829153
0.398 Assembling: source: 16429, dest: 12293, seq: 1006830601, ack: 23, window: 1448, data: "possim qui no, v"...
0.398 Sent: b'@-0\x05<\x03\x04\t\x00\x00\x00\x17P\x00\x05\xa8\x00\x00\x00\x00possim qui no, v'...
0.400 Received: b'0\x05@-\x00\x00\x00\x16<\x03\t\xb1P\x10\x05\xa8\x00\x00\x00\x00'
0.400 Disassembled: source: 12293, dest: 16429, seq: 22, ack: 1006832049, window: 1448, ACK
0.401 Acknowledged seq: 1006830601
0.401 Assembling: source: 16429, dest: 12293, seq: 1006832049, ack: 23, window: 1448, data: " ex utinam parti"...
0.401 Sent: b'@-0\x05<\x03\t\xb1\x00\x00\x00\x17P\x00\x05\xa8\x00\x00\x00\x00 ex utinam parti'...
0.403 Received: b'0\x05@-\x00\x00\x00\x16<\x03\x0fYP\x10\x05\xa8\x00\x00\x00\x00'
0.403 Disassembled: source: 12293, dest: 16429, seq: 22, ack: 1006833497, window: 1448, ACK
0.403 Acknowledged seq: 1006832049
0.404 Assembling: source: 16429, dest: 12293, seq: 1006833497, ack: 23, window: 1448, data: "icus in his. Pri"...
0.404 Sent: b'@-0\x05<\x03\x0fY\x00\x00\x00\x17P\x00\x05\xa8\x00\x00\x00\x00icus in his. Pri'...
0.406 Received: b'0\x05@-\x00\x00\x00\x16<\x03\x15\x01P\x10\x05\xa8\x00\x00\x00\x00'
0.406 Disassembled: source: 12293, dest: 16429, seq: 22, ack: 1006834945, window: 1448, ACK
0.406 Acknowledged seq: 1006833497
0.406 Assembling: source: 16429, dest: 12293, seq: 1006834945, ack: 23, window: 1448, data: "iis et.

Ius cu "...
0.407 Sent: b'@-0\x05<\x03\x15\x01\x00\x00\x00\x17P\x00\x05\xa8\x00\x00\x00\x00iis et.\n\nIus cu '...
0.408 Received: b'0\x05@-\x00\x00\x00\x16<\x03\x1a\xa9P\x10\x05\xa8\x00\x00\x00\x00'
0.409 Disassembled: source: 12293, dest: 16429, seq: 22, ack: 1006836393, window: 1448, ACK
0.409 Acknowledged seq: 1006834945
0.409 Assembling: source: 16429, dest: 12293, seq: 1006836393, ack: 23, window: 1448, data: "e interesset.

T"...
0.409 Sent: b'@-0\x05<\x03\x1a\xa9\x00\x00\x00\x17P\x00\x05\xa8\x00\x00\x00\x00e interesset.\n\nT'...
0.411 Received: b'0\x05@-\x00\x00\x00\x16<\x03 QP\x10\x05\xa8\x00\x00\x00\x00'
0.411 Disassembled: source: 12293, dest: 16429, seq: 22, ack: 1006837841, window: 1448, ACK
0.411 Acknowledged seq: 1006836393
0.412 Assembling: source: 16429, dest: 12293, seq: 1006837841, ack: 23, window: 1448, data: "pro alia volutpa"...
0.412 Sent: b'@-0\x05<\x03 Q\x00\x00\x00\x17P\x00\x05\xa8\x00\x00\x00\x00pro alia volutpa'...
0.414 Received: b'0\x05@-\x00\x00\x00\x16<\x03%\xf9P\x10\x05\xa8\x00\x00\x00\x00'
0.414 Disassembled: source: 12293, dest: 16429, seq: 22, ack: 1006839289, window: 1448, ACK
0.414 Acknowledged seq: 1006837841
0.414 Assembling: source: 16429, dest: 12293, seq: 1006839289, ack: 23, window: 1448, data: " libris equidem "...
0.415 Sent: b'@-0\x05<\x03%\xf9\x00\x00\x00\x17P\x00\x05\xa8\x00\x00\x00\x00 libris equidem '...
0.417 Received: b'0\x05@-\x00\x00\x00\x16<\x03+\xa1P\x10\x05\xa8\x00\x00\x00\x00'
0.417 Disassembled: source: 12293, dest: 16429, seq: 22, ack: 1006840737, window: 1448, ACK
0.417 Acknowledged seq: 1006839289
0.417 Assembling: source: 16429, dest: 12293, seq: 1006840737, ack: 23, window: 1448, data: "uavitate volupta"...
0.418 Sent: b'@-0\x05<\x03+\xa1\x00\x00\x00\x17P\x00\x05\xa8\x00\x00\x00\x00uavitate volupta'...
0.419 Received: b'0\x05@-\x00\x00\x00\x16<\x031IP\x10\x05\xa8\x00\x00\x00\x00'
0.420 Disassembled: source: 12293, dest: 16429, seq: 22, ack: 1006842185, window: 1448, ACK
0.420 Acknowledged seq: 1006840737
0.420 Assembling: source: 16429, dest: 12293, seq: 1006842185, ack: 23, window: 1448, data: " Detraxit defini"...
0.420 Sent: b'@-0\x05<\x031I\x00\x00\x00\x17P\x00\x05\xa8\x00\x00\x00\x00 Detraxit defini'...
0.422 Received: b'0\x05@-\x00\x00\x00\x16<\x036\xf1P\x10\x05\xa8\x00\x00\x00\x00'
0.423 Disassembled: source: 12293, dest: 16429, seq: 22, ack: 1006843633, window: 1448, ACK
0.423 Acknowledged seq: 1006842185
0.423 Assembling: source: 16429, dest: 12293, seq: 1006843633, ack: 23, window: 1448, data: "aesent mei. Quo "...
0.423 Sent: b'@-0\x05<\x036\xf1\x00\x00\x00\x17P\x00\x05\xa8\x00\x00\x00\x00aesent mei. Quo '...
0.425 Received: b'0\x05@-\x00\x00\x00\x16<\x03<\x99P\x10\x05\xa8\x00\x00\x00\x00'
0.425 Disassembled: source: 12293, dest: 16429, seq: 22, ack: 1006845081, window: 1448, ACK
0.425 Acknowledged seq: 1006843633
0.426 Assembling: source: 16429, dest: 12293, seq: 1006845081, ack: 23, window: 1448, data: "nterpretaris no "...
0.426 Sent: b'@-0\x05<\x03<\x99\x00\x00\x00\x17P\x00\x05\xa8\x00\x00\x00\x00nterpretaris no '...
0.428 Received: b'0\x05@-\x00\x00\x00\x16<\x03BAP\x10\x05\xa8\x00\x00\x00\x00'
0.428 Disassembled: source: 12293, dest: 16429, seq: 22, ack: 1006846529, window: 1448, ACK
0.428 Acknowledged seq: 1006845081
0.428 Assembling: source: 16429, dest: 12293, seq: 1006846529, ack: 23, window: 1448, data: "patrioque has. I"...
0.429 Sent: b'@-0\x05<\x03BA\x00\x00\x00\x17P\x00\x05\xa8\x00\x00\x00\x00patrioque has. I'...
0.431 Received: b'0\x05@-\x00\x00\x00\x16<\x03G\xe9P\x10\x05\xa8\x00\x00\x00\x00'
0.431 Disassembled: source: 12293, dest: 16429, seq: 22, ack: 1006847977, window: 1448, ACK
0.431 Acknowledged seq: 1006846529
0.431 Assembling: source: 16429, dest: 12293, seq: 1006847977, ack: 23, window: 1448, data: "ossit repudianda"...
0.432 Sent: b'@-0\x05<\x03G\xe9\x00\x00\x00\x17P\x00\x05\xa8\x00\x00\x00\x00ossit repudianda'...
0.433 Received: b'0\x05@-\x00\x00\x00\x16<\x03M\x91P\x10\x05\xa8\x00\x00\x00\x00'
0.434 Disassembled: source: 12293, dest: 16429, seq: 22, ack: 1006849425, window: 1448, ACK
0.434 Acknowledged seq: 1006847977
0.434 Assembling: source: 16429, dest: 12293, seq: 1006849425, ack: 23, window: 1448, data: "ora consequuntur"...
0.434 Sent: b'@-0\x05<\x03M\x91\x00\x00\x00\x17P\x00\x05\xa8\x00\x00\x00\x00ora consequuntur'...
0.436 Received: b'0\x05@-\x00\x00\x00\x16<\x03S9P\x10\x05\xa8\x00\x00\x00\x00'
0.436 Disassembled: source: 12293, dest: 16429, seq: 22, ack: 1006850873, window: 1448, ACK
0.437 Acknowledged seq: 1006849425
0.437 Assembling: source: 16429, dest: 12293, seq: 1006850873, ack: 23, window: 1448, data: "ctus conceptam a"...
0.437 Sent: b'@-0\x05<\x03S9\x00\x00\x00\x17P\x00\x05\xa8\x00\x00\x00\x00ctus conceptam a'...
0.439 Received: b'0\x05@-\x00\x00\x00\x16<\x03X\xe1P\x10\x05\xa8\x00\x00\x00\x00'
0.439 Disassembled: source: 12293, dest: 16429, seq: 22, ack: 1006852321, window: 1448, ACK
0.439 Acknowledged seq: 1006850873
0.439 Assembling: source: 16429, dest: 12293, seq: 1006852321, ack: 23, window: 1448, data: " aeterno te, ne "...
0.440 Sent: b'@-0\x05<\x03X\xe1\x00\x00\x00\x17P\x00\x05\xa8\x00\x00\x00\x00 aeterno te, ne '...
0.441 Received: b'0\x05@-\x00\x00\x00\x16<\x03^\x89P\x10\x05\xa8\x00\x00\x00\x00'
0.442 Disassembled: source: 12293, dest: 16429, seq: 22, ack: 1006853769, window: 1448, ACK
0.442 Acknowledged seq: 1006852321
0.442 Assembling: source: 16429, dest: 12293, seq: 1006853769, ack: 23, window: 1448, data: "imis oporteat di"...
0.442 Sent: b'@-0\x05<\x03^\x89\x00\x00\x00\x17P\x00\x05\xa8\x00\x00\x00\x00imis oporteat di'...
0.444 Received: b'0\x05@-\x00\x00\x00\x16<\x03d1P\x10\x05\xa8\x00\x00\x00\x00'
0.444 Disassembled: source: 12293, dest: 16429, seq: 22, ack: 1006855217, window: 1448, ACK
0.444 Acknowledged seq: 1006853769
0.445 Assembling: source: 16429, dest: 12293, seq: 1006855217, ack: 23, window: 1448, data: "re. Has virtute "...
0.445 Sent: b'@-0\x05<\x03d1\x00\x00\x00\x17P\x00\x05\xa8\x00\x00\x00\x00re. Has virtute '...
0.447 Received: b'0\x05@-\x00\x00\x00\x16<\x03i\xd9P\x10\x05\xa8\x00\x00\x00\x00'
0.447 Disassembled: source: 12293, dest: 16429, seq: 22, ack: 1006856665, window: 1448, ACK
0.447 Acknowledged seq: 1006855217
0.447 Assembling: source: 16429, dest: 12293, seq: 1006856665, ack: 23, window: 1448, data: " eum ancillae no"...
0.448 Sent: b'@-0\x05<\x03i\xd9\x00\x00\x00\x17P\x00\x05\xa8\x00\x00\x00\x00 eum ancillae no'...
0.449 Received: b'0\x05@-\x00\x00\x00\x16<\x03o\x81P\x10\x05\xa8\x00\x00\x00\x00'
0.450 Disassembled: source: 12293, dest: 16429, seq: 22, ack: 1006858113, window: 1448, ACK
0.450 Acknowledged seq: 1006856665
0.450 Assembling: source: 16429, dest: 12293, seq: 1006858113, ack: 23, window: 1448, data: "ppareat ius. At "...
0.450 Sent: b'@-0\x05<\x03o\x81\x00\x00\x00\x17P\x00\x05\xa8\x00\x00\x00\x00ppareat ius. At '...
0.452 Received: b'0\x05@-\x00\x00\x00\x16<\x03u)P\x10\x05\xa8\x00\x00\x00\x00'
0.452 Disassembled: source: 12293, dest: 16429, seq: 22, ack: 1006859561, window: 1448, ACK
0.452 Acknowledged seq: 1006858113
0.453 Assembling: source: 16429, dest: 12293, seq: 1006859561, ack: 23, window: 1448, data: ", vero appellant"...
0.453 Sent: b'@-0\x05<\x03u)\x00\x00\x00\x17P\x00\x05\xa8\x00\x00\x00\x00, vero appellant'...
0.455 Received: b'0\x05@-\x00\x00\x00\x16<\x03z\xd1P\x10\x05\xa8\x00\x00\x00\x00'
0.455 Disassembled: source: 12293, dest: 16429, seq: 22, ack: 1006861009, window: 1448, ACK
0.455 Acknowledged seq: 1006859561
0.455 Assembling: source: 16429, dest: 12293, seq: 1006861009, ack: 23, window: 1448, data: "ibo quando copio"...
0.456 Sent: b'@-0\x05<\x03z\xd1\x00\x00\x00\x17P\x00\x05\xa8\x00\x00\x00\x00ibo quando copio'...
0.458 Received: b'0\x05@-\x00\x00\x00\x16<\x03\x80yP\x10\x05\xa8\x00\x00\x00\x00'
0.458 Disassembled: source: 12293, dest: 16429, seq: 22, ack: 1006862457, window: 1448, ACK
0.458 Acknowledged seq: 1006861009
0.458 Assembling: source: 16429, dest: 12293, seq: 1006862457, ack: 23, window: 1448, data: " maluisset. Sit "...
0.459 Sent: b'@-0\x05<\x03\x80y\x00\x00\x00\x17P\x00\x05\xa8\x00\x00\x00\x00 maluisset. Sit '...
0.460 Received: b'0\x05@-\x00\x00\x00\x16<\x03\x86!P\x10\x05\xa8\x00\x00\x00\x00'
0.461 Disassembled: source: 12293, dest: 16429, seq: 22, ack: 1006863905, window: 1448, ACK
0.461 Acknowledged seq: 1006862457
0.461 Assembling: source: 16429, dest: 12293, seq: 1006863905, ack: 23, window: 1448, data: "e ceteros albuci"...
0.461 Sent: b'@-0\x05<\x03\x86!\x00\x00\x00\x17P\x00\x05\xa8\x00\x00\x00\x00e ceteros albuci'...
0.463 Received: b'0\x05@-\x00\x00\x00\x16<\x03\x8b\xc9P\x10\x05\xa8\x00\x00\x00\x00'
0.463 Disassembled: source: 12293, dest: 16429, seq: 22, ack: 1006865353, window: 1448, ACK
0.464 Acknowledged seq: 1006863905
0.464 Assembling: source: 16429, dest: 12293, seq: 1006865353, ack: 23, window: 1448, data: "complectitur sea"...
0.464 Sent: b'@-0\x05<\x03\x8b\xc9\x00\x00\x00\x17P\x00\x05\xa8\x00\x00\x00\x00complectitur sea'...
0.466 Received: b'0\x05@-\x00\x00\x00\x16<\x03\x91qP\x10\x05\xa8\x00\x00\x00\x00'
0.466 Disassembled: source: 12293, dest: 16429, seq: 22, ack: 1006866801, window: 1448, ACK
0.466 Acknowledged seq: 1006865353
0.467 Finished reading file
0.467 Assembling: source: 16429, dest: 12293, seq: 1006866801, ack: 23, window: 1448, data: "tempor ex ius. E"...
0.467 Sent: b'@-0\x05<\x03\x91q\x00\x00\x00\x17P\x00\x05\xa8\x00\x00\x00\x00tempor ex ius. E'...
0.469 Received: b'0\x05@-\x00\x00\x00\x16<\x03\x91\xcfP\x10\x05\xa8\x00\x00\x00\x00'
0.469 Disassembled: source: 12293, dest: 16429, seq: 22, ack: 1006866895, window: 1448, ACK
0.469 Acknowledged seq: 1006866801
0.469 Assembling: source: 16429, dest: 12293, seq: 1006866895, ack: 23, window: 1448, ACK, FIN
0.470 Sent: b'@-0\x05<\x03\x91\xcf\x00\x00\x00\x17P\x11\x05\xa8\x00\x00\x00\x00'
0.472 Received: b'0\x05@-\x00\x00\x00\x16<\x03\x91\xd0P\x10\x05\xa8\x00\x00\x00\x00'
0.472 Disassembled: source: 12293, dest: 16429, seq: 22, ack: 1006866896, window: 1448, ACK
0.472 FIN accepted; sending final packet
0.472 Assembling: source: 16429, dest: 12293, seq: 1006866896, ack: 23, window: 1448, ACK
0.472 Sent: b'@-0\x05<\x03\x91\xd0\x00\x00\x00\x17P\x10\x05\xa8\x00\x00\x00\x00'
0.473 Closed connection
0.473 Shutting down
