0.000 NEW RUN: Server, TEST: Read_file__Empty
0.216 Received: b'\x9d\xeb\xe0x\x00\x00\x00[\x00\x00\x00\x00P\x02\x05\xa8\x00\x00\x00\x00'
0.217 Disassembled: source: 40427, dest: 57464, seq: 91, window: 1448, SYN
0.217 SYN accepted; new connection: 127.0.0.1 on port 40427
0.217 Assembling: source: 57464, dest: 40427, seq: 1002911592, ack: 92, window: 1448, ACK, SYN
0.218 Sent: b'\xe0x\x9d\xeb;\xc77h\x00\x00\x00\\P\x12\x05\xa8\x00\x00\x00\x00'
0.219 Received: b'\x9d\xeb\xe0x\x00\x00\x00\\;\xc77iP\x10\x05\xa8\x00\x00\x00\x00'
0.220 Disassembled: source: 40427, dest: 57464, seq: 92, ack: 1002911593, window: 1448, ACK
0.220 Handshake complete
0.220 Acknowledged seq: 1002911592
0.220 Finished reading file
0.220 Assembling: source: 57464, dest: 40427, seq: 1002911593, ack: 93, window: 1448, ACK, FIN
0.221 Sent: b'\xe0x\x9d\xeb;\xc77i\x00\x00\x00]P\x11\x05\xa8\x00\x00\x00\x00'
0.721 Sent: b'\xe0x\x9d\xeb;\xc77i\x00\x00\x00]P\x11\x05\xa8\x00\x00\x00\x00'
1.221 Sent: b'\xe0x\x9d\xeb;\xc77i\x00\x00\x00]P\x11\x05\xa8\x00\x00\x00\x00'
1.722 Sent: b'\xe0x\x9d\xeb;\xc77i\x00\x00\x00]P\x11\x05\xa8\x00\x00\x00\x00'
2.222 Sent: b'\xe0x\x9d\xeb;\xc77i\x00\x00\x00]P\x11\x05\xa8\x00\x00\x00\x00'
2.723 Sent: b'\xe0x\x9d\xeb;\xc77i\x00\x00\x00]P\x11\x05\xa8\x00\x00\x00\x00'
3.223 Error: Connection timed out
3.224 Closed connection
3.225 Shutting down
