0.000 NEW RUN: Server, TEST: Read_file__Relaxed
0.216 Received: b'\xd9\xdb\xc6\xbd\x00\x00\x00N\x00\x00\x00\x00P\x02\x05\xa8\x00\x00\x00\x00'
0.217 Disassembled: source: 55771, dest: 50877, seq: 78, window: 1448, SYN
0.217 SYN accepted; new connection: 127.0.0.1 on port 55771
0.217 Assembling: source: 50877, dest: 55771, seq: 998252725, ack: 79, window: 1448, ACK, SYN
0.217 Sent: b'\xc6\xbd\xd9\xdb;\x80 \xb5\x00\x00\x00OP\x12\x05\xa8\x00\x00\x00\x00'
0.219 Received: b'\xd9\xdb\xc6\xbd\x00\x00\x00O;\x80 \xb6P\x10\x05\xa8\x00\x00\x00\x00'
0.220 Disassembled: source: 55771, dest: 50877, seq: 79, ack: 998252726, window: 1448, ACK
0.220 Handshake complete
0.220 Acknowledged seq: 998252725
0.220 Finished reading file
0.220 Assembling: source: 50877, dest: 55771, seq: 998252726, ack: 80, window: 1448, ACK, FIN
0.220 Sent: b'\xc6\xbd\xd9\xdb;\x80 \xb6\x00\x00\x00PP\x11\x05\xa8\x00\x00\x00\x00'
0.721 Sent: b'\xc6\xbd\xd9\xdb;\x80 \xb6\x00\x00\x00PP\x11\x05\xa8\x00\x00\x00\x00'
1.221 Sent: b'\xc6\xbd\xd9\xdb;\x80 \xb6\x00\x00\x00PP\x11\x05\xa8\x00\x00\x00\x00'
1.721 Sent: b'\xc6\xbd\xd9\xdb;\x80 \xb6\x00\x00\x00PP\x11\x05\xa8\x00\x00\x00\x00'
2.222 Sent: b'\xc6\xbd\xd9\xdb;\x80 \xb6\x00\x00\x00PP\x11\x05\xa8\x00\x00\x00\x00'
2.722 Sent: b'\xc6\xbd\xd9\xdb;\x80 \xb6\x00\x00\x00PP\x11\x05\xa8\x00\x00\x00\x00'
3.223 Error: Connection timed out
3.223 Closed connection
3.224 Shutting down
