0.000 NEW RUN: Server, TEST: Write_file__Relaxed
0.214 Received: b'\xfe\xb2\xf5n\x00\x00\x00)\x00\x00\x00\x00P\x02\x05\xa8\x00\x00\x00\x00'
0.215 Disassembled: source: 65202, dest: 62830, seq: 41, window: 1448, SYN
0.215 SYN accepted; new connection: 127.0.0.1 on port 65202
0.215 Assembling: source: 62830, dest: 65202, seq: 1000956130, ack: 42, window: 5808, ACK, SYN
0.215 Sent: b'\xf5n\xfe\xb2;\xa9`\xe2\x00\x00\x00*P\x12\x16\xb0\x00\x00\x00\x00'
0.218 Received: b'\xfe\xb2\xf5n\x00\x00\x00*;\xa9`\xe3P\x10\x05\xa8\x00\x00\x00\x00'
0.218 Disassembled: source: 65202, dest: 62830, seq: 42, ack: 1000956131, window: 1448, ACK
0.218 Warning: Window changed
0.218 Assembling: source: 62830, dest: 65202, seq: 1000956131, ack: 42, window: 5808, ACK
0.219 Sent: b'\xf5n\xfe\xb2;\xa9`\xe3\x00\x00\x00*P\x10\x16\xb0\x00\x00\x00\x00'
0.220 Received: b'\xfe\xb2\xf5n\x00\x00\x00*;\xa9`\xe3P\x10\x05\xa8\x00\x00\x00\x00'
0.220 Disassembled: source: 65202, dest: 62830, seq: 42, ack: 1000956131, window: 1448, ACK
0.220 Warning: Window changed
0.220 Assembling: source: 62830, dest: 65202, seq: 1000956131, ack: 42, window: 5808, ACK
0.220 Sent: b'\xf5n\xfe\xb2;\xa9`\xe3\x00\x00\x00*P\x10\x16\xb0\x00\x00\x00\x00'
0.721 Sent: b'\xf5n\xfe\xb2;\xa9`\xe3\x00\x00\x00*P\x10\x16\xb0\x00\x00\x00\x00'
1.221 Sent: b'\xf5n\xfe\xb2;\xa9`\xe3\x00\x00\x00*P\x10\x16\xb0\x00\x00\x00\x00'
1.722 Sent: b'\xf5n\xfe\xb2;\xa9`\xe3\x00\x00\x00*P\x10\x16\xb0\x00\x00\x00\x00'
2.222 Sent: b'\xf5n\xfe\xb2;\xa9`\xe3\x00\x00\x00*P\x10\x16\xb0\x00\x00\x00\x00'
2.723 Error: Connection timed out
2.723 Closed connection
2.723 Shutting down
