0.000 NEW RUN: Server, TEST: Read_file__Small_multi-packet
0.207 Received: b'\xa8\xec\x16\xf7\x00\x00\x00`\x00\x00\x00\x00P\x02\x05\xa8\x00\x00\x00\x00'
0.208 Disassembled: source: 43244, dest: 5879, seq: 96, window: 1448, SYN
0.208 SYN accepted; new connection: 127.0.0.1 on port 43244
0.208 Assembling: source: 5879, dest: 43244, seq: 597642029, ack: 97, window: 1448, ACK, SYN
0.209 Sent: b'\x16\xf7\xa8\xec#\x9fK-\x00\x00\x00aP\x12\x05\xa8\x00\x00\x00\x00'
0.210 Received: b'\xa8\xec\x16\xf7\x00\x00\x00a#\x9fK.P\x10\x05\xa8\x00\x00\x00\x00'
0.211 Disassembled: source: 43244, dest: 5879, seq: 97, ack: 597642030, window: 1448, ACK
0.211 Handshake complete
0.211 Acknowledged seq: 597642029
0.211 Assembling: source: 5879, dest: 43244, seq: 597642030, ack: 98, window: 1448, data: "Lorem ipsum dolo"...
0.211 Sent: b'\x16\xf7\xa8\xec#\x9fK.\x00\x00\x00bP\x00\x05\xa8\x00\x00\x00\x00Lorem ipsum dolo'...
0.711 Sent: b'\x16\xf7\xa8\xec#\x9fK.\x00\x00\x00bP\x00\x05\xa8\x00\x00\x00\x00Lorem ipsum dolo'...
1.212 Sent: b'\x16\xf7\xa8\xec#\x9fK.\x00\x00\x00bP\x00\x05\xa8\x00\x00\x00\x00Lorem ipsum dolo'...
1.712 Sent: b'\x16\xf7\xa8\xec#\x9fK.\x00\x00\x00bP\x00\x05\xa8\x00\x00\x00\x00Lorem ipsum dolo'...
2.213 Sent: b'\x16\xf7\xa8\xec#\x9fK.\x00\x00\x00bP\x00\x05\xa8\x00\x00\x00\x00Lorem ipsum dolo'...
2.713 Sent: b'\x16\xf7\xa8\xec#\x9fK.\x00\x00\x00bP\x00\x05\xa8\x00\x00\x00\x00Lorem ipsum dolo'...
3.213 Error: Connection timed out
3.214 Closed connection
3.214 Shutting down
