0.000 NEW RUN: Server, TEST: Read_file__Very_large_multi-packet
0.214 Received: b'\xb4\x88\xf5\x1d\x00\x00\x00\x01\x00\x00\x00\x00P\x02\x05\xa8\x00\x00\x00\x00'
0.215 Disassembled: source: 46216, dest: 62749, seq: 1, window: 1448, SYN
0.215 SYN accepted; new connection: 127.0.0.1 on port 46216
0.215 Assembling: source: 62749, dest: 46216, seq: 669293471, ack: 2, window: 1448, ACK, SYN
0.216 Sent: b"\xf5\x1d\xb4\x88'\xe4\x9b\x9f\x00\x00\x00\x02P\x12\x05\xa8\x00\x00\x00\x00"
0.218 Received: b"\xb4\x88\xf5\x1d\x00\x00\x00\x02'\xe4\x9b\xa0P\x10\x05\xa8\x00\x00\x00\x00"
0.218 Disassembled: source: 46216, dest: 62749, seq: 2, ack: 669293472, window: 1448, ACK
0.218 Handshake complete
0.218 Acknowledged seq: 669293471
0.219 Assembling: source: 62749, dest: 46216, seq: 669293472, ack: 3, window: 1448, data: b'@\x96o\xec!c\x93Z\xed\x08f\xcd}`>&'...
0.219 Sent: b"\xf5\x1d\xb4\x88'\xe4\x9b\xa0\x00\x00\x00\x03P\x00\x05\xa8\x00\x00\x00\x00@\x96o\xec!c\x93Z\xed\x08f\xcd}`>&"...
0.719 Sent: b"\xf5\x1d\xb4\x88'\xe4\x9b\xa0\x00\x00\x00\x03P\x00\x05\xa8\x00\x00\x00\x00@\x96o\xec!c\x93Z\xed\x08f\xcd}`>&"...
1.220 Sent: b"\xf5\x1d\xb4\x88'\xe4\x9b\xa0\x00\x00\x00\x03P\x00\x05\xa8\x00\x00\x00\x00@\x96o\xec!c\x93Z\xed\x08f\xcd}`>&"...
1.720 Sent: b"\xf5\x1d\xb4\x88'\xe4\x9b\xa0\x00\x00\x00\x03P\x00\x05\xa8\x00\x00\x00\x00@\x96o\xec!c\x93Z\xed\x08f\xcd}`>&"...
2.220 Sent: b"\xf5\x1d\xb4\x88'\xe4\x9b\xa0\x00\x00\x00\x03P\x00\x05\xa8\x00\x00\x00\x00@\x96o\xec!c\x93Z\xed\x08f\xcd}`>&"...
2.721 Sent: b"\xf5\x1d\xb4\x88'\xe4\x9b\xa0\x00\x00\x00\x03P\x00\x05\xa8\x00\x00\x00\x00@\x96o\xec!c\x93Z\xed\x08f\xcd}`>&"...
3.221 Error: Connection timed out
3.221 Closed connection
3.222 Shutting down
