0.000 NEW RUN: Server, TEST: Read_file__Latency
0.233 Received: b':\xa1(\x08\x00\x00\x00\x05\x00\x00\x00\x00P\x02\x05\xa8\x00\x00\x00\x00'
0.234 Disassembled: source: 15009, dest: 10248, seq: 5, window: 1448, SYN
0.234 SYN accepted; new connection: 127.0.0.1 on port 15009
0.234 Assembling: source: 10248, dest: 15009, seq: 662137080, ack: 6, window: 1448, ACK, SYN
0.234 Sent: b"(\x08:\xa1'wh\xf8\x00\x00\x00\x06P\x12\x05\xa8\x00\x00\x00\x00"
0.735 Sent: b"(\x08:\xa1'wh\xf8\x00\x00\x00\x06P\x12\x05\xa8\x00\x00\x00\x00"
1.236 Sent: b"(\x08:\xa1'wh\xf8\x00\x00\x00\x06P\x12\x05\xa8\x00\x00\x00\x00"
1.240 Received: b":\xa1(\x08\x00\x00\x00\x06'wh\xf9P\x10\x05\xa8\x00\x00\x00\x00"
1.240 Disassembled: source: 15009, dest: 10248, seq: 6, ack: 662137081, window: 1448, ACK
1.241 Handshake complete
1.241 Acknowledged seq: 662137080
1.241 Assembling: source: 10248, dest: 15009, seq: 662137081, ack: 7, window: 1448, data: "Lorem ipsum dolo"...
1.241 Sent: b"(\x08:\xa1'wh\xf9\x00\x00\x00\x07P\x00\x05\xa8\x00\x00\x00\x00Lorem ipsum dolo"...
1.742 Sent: b"(\x08:\xa1'wh\xf9\x00\x00\x00\x07P\x00\x05\xa8\x00\x00\x00\x00Lorem ipsum dolo"...
2.243 Sent: b"(\x08:\xa1'wh\xf9\x00\x00\x00\x07P\x00\x05\xa8\x00\x00\x00\x00Lorem ipsum dolo"...
2.743 Sent: b"(\x08:\xa1'wh\xf9\x00\x00\x00\x07P\x00\x05\xa8\x00\x00\x00\x00Lorem ipsum dolo"...
3.244 Sent: b"(\x08:\xa1'wh\xf9\x00\x00\x00\x07P\x00\x05\xa8\x00\x00\x00\x00Lorem ipsum dolo"...
3.745 Sent: b"(\x08:\xa1'wh\xf9\x00\x00\x00\x07P\x00\x05\xa8\x00\x00\x00\x00Lorem ipsum dolo"...
4.245 Error: Connection timed out
4.245 Closed connection
4.744 Shutting down
