0.000 NEW RUN: Server, TEST: Read_file__Latency
0.181 Received: b'\xc9\xa2?x\x00\x00\x00P\x00\x00\x00\x00P\x02\x05\xa8\x00\x00\x00\x00'
0.181 Disassembled: source: 51618, dest: 16248, seq: 80, window: 1448, SYN
0.182 SYN accepted; new connection: 127.0.0.1 on port 51618
0.182 Assembling: source: 16248, dest: 51618, seq: 716565166, ack: 81, window: 1448, ACK, SYN
0.182 Sent: b'?x\xc9\xa2*\xb5\xea\xae\x00\x00\x00QP\x12\x05\xa8\x00\x00\x00\x00'
0.682 Sent: b'?x\xc9\xa2*\xb5\xea\xae\x00\x00\x00QP\x12\x05\xa8\x00\x00\x00\x00'
1.183 Sent: b'?x\xc9\xa2*\xb5\xea\xae\x00\x00\x00QP\x12\x05\xa8\x00\x00\x00\x00'
1.186 Received: b'\xc9\xa2?x\x00\x00\x00Q*\xb5\xea\xafP\x10\x05\xa8\x00\x00\x00\x00'
1.187 Disassembled: source: 51618, dest: 16248, seq: 81, ack: 716565167, window: 1448, ACK
1.187 Handshake complete
1.187 Acknowledged seq: 716565166
1.188 Assembling: source: 16248, dest: 51618, seq: 716565167, ack: 82, window: 1448, data: "Lorem ipsum dolo"...
1.188 Sent: b'?x\xc9\xa2*\xb5\xea\xaf\x00\x00\x00RP\x00\x05\xa8\x00\x00\x00\x00Lorem ipsum dolo'...
1.687 Received: b'\xc9\xa2?x\x00\x00\x00Q*\xb5\xea\xafP\x10\x05\xa8\x00\x00\x00\x00'
1.687 Disassembled: source: 51618, dest: 16248, seq: 81, ack: 716565167, window: 1448, ACK
1.688 Assembling: source: 16248, dest: 51618, seq: 716566615, ack: 82, window: 1448, data: "m"
1.688 Sent: b'?x\xc9\xa2*\xb5\xf0W\x00\x00\x00RP\x00\x05\xa8\x00\x00\x00\x00m'
2.187 Received: b'\xc9\xa2?x\x00\x00\x00Q*\xb5\xea\xafP\x10\x05\xa8\x00\x00\x00\x00'
2.188 Disassembled: source: 51618, dest: 16248, seq: 81, ack: 716565167, window: 1448, ACK
2.188 Sent: b'?x\xc9\xa2*\xb5\xea\xaf\x00\x00\x00RP\x00\x05\xa8\x00\x00\x00\x00Lorem ipsum dolo'...
2.189 Sent: b'?x\xc9\xa2*\xb5\xf0W\x00\x00\x00RP\x00\x05\xa8\x00\x00\x00\x00m'
2.193 Received: b'\xc9\xa2?x\x00\x00\x00Q*\xb5\xf0WP\x10\x05\xa8\x00\x00\x00\x00'
2.193 Disassembled: source: 51618, dest: 16248, seq: 81, ack: 716566615, window: 1448, ACK
2.193 Acknowledged seq: 716565167
2.194 Assembling: source: 16248, dest: 51618, seq: 716566616, ack: 82, window: 1448, data: "prehensam nam, a"...
2.194 Sent: b'?x\xc9\xa2*\xb5\xf0X\x00\x00\x00RP\x00\x05\xa8\x00\x00\x00\x00prehensam nam, a'...
2.693 Received: b'\xc9\xa2?x\x00\x00\x00Q*\xb5\xf0XP\x10\x05\xa8\x00\x00\x00\x00'
2.693 Disassembled: source: 51618, dest: 16248, seq: 81, ack: 716566616, window: 1448, ACK
2.693 Acknowledged seq: 716566615
2.694 Assembling: source: 16248, dest: 51618, seq: 716568063, ack: 82, window: 1448, data: "i"
2.694 Sent: b'?x\xc9\xa2*\xb5\xf5\xff\x00\x00\x00RP\x00\x05\xa8\x00\x00\x00\x00i'
3.195 Sent: b'?x\xc9\xa2*\xb5\xf0X\x00\x00\x00RP\x00\x05\xa8\x00\x00\x00\x00prehensam nam, a'...
3.195 Sent: b'?x\xc9\xa2*\xb5\xf5\xff\x00\x00\x00RP\x00\x05\xa8\x00\x00\x00\x00i'
3.695 Sent: b'?x\xc9\xa2*\xb5\xf0X\x00\x00\x00RP\x00\x05\xa8\x00\x00\x00\x00prehensam nam, a'...
3.696 Sent: b'?x\xc9\xa2*\xb5\xf5\xff\x00\x00\x00RP\x00\x05\xa8\x00\x00\x00\x00i'
4.196 Sent: b'?x\xc9\xa2*\xb5\xf0X\x00\x00\x00RP\x00\x05\xa8\x00\x00\x00\x00prehensam nam, a'...
4.196 Sent: b'?x\xc9\xa2*\xb5\xf5\xff\x00\x00\x00RP\x00\x05\xa8\x00\x00\x00\x00i'
4.696 Sent: b'?x\xc9\xa2*\xb5\xf0X\x00\x00\x00RP\x00\x05\xa8\x00\x00\x00\x00prehensam nam, a'...
4.697 Sent: b'?x\xc9\xa2*\xb5\xf5\xff\x00\x00\x00RP\x00\x05\xa8\x00\x00\x00\x00i'
5.197 Sent: b'?x\xc9\xa2*\xb5\xf0X\x00\x00\x00RP\x00\x05\xa8\x00\x00\x00\x00prehensam nam, a'...
5.197 Sent: b'?x\xc9\xa2*\xb5\xf5\xff\x00\x00\x00RP\x00\x05\xa8\x00\x00\x00\x00i'
5.698 Error: Connection timed out
5.698 Closed connection
6.197 Shutting down
