0.000 NEW RUN: Server, TEST: Read_file__Random_drops
0.211 Received: b'+\x834&\x00\x00\x00X\x00\x00\x00\x00P\x02\x05\xa8\x00\x00\x00\x00'
0.211 Disassembled: source: 11139, dest: 13350, seq: 88, window: 1448, SYN
0.211 SYN accepted; new connection: 127.0.0.1 on port 11139
0.212 Assembling: source: 13350, dest: 11139, seq: 635348968, ack: 89, window: 1448, ACK, SYN
0.212 Sent: b'4&+\x83%\xde\xa7\xe8\x00\x00\x00YP\x12\x05\xa8\x00\x00\x00\x00'
0.213 Failed to receive packet
0.712 Sent: b'4&+\x83%\xde\xa7\xe8\x00\x00\x00YP\x12\x05\xa8\x00\x00\x00\x00'
0.715 Received: b'+\x834&\x00\x00\x00Y%\xde\xa7\xe9P\x10\x05\xa8\x00\x00\x00\x00'
0.715 Disassembled: source: 11139, dest: 13350, seq: 89, ack: 635348969, window: 1448, ACK
0.716 Handshake complete
0.716 Acknowledged seq: 635348968
0.716 Assembling: source: 13350, dest: 11139, seq: 635348969, ack: 90, window: 1448, data: "Lorem ipsum dolo"...
0.717 Sent: b'4&+\x83%\xde\xa7\xe9\x00\x00\x00ZP\x00\x05\xa8\x00\x00\x00\x00Lorem ipsum dolo'...
0.720 Received: b'+\x834&\x00\x00\x00Y%\xde\xad\x91P\x10\x05\xa8\x00\x00\x00\x00'
0.720 Disassembled: source: 11139, dest: 13350, seq: 89, ack: 635350417, window: 1448, ACK
0.720 Acknowledged seq: 635348969
0.721 Assembling: source: 13350, dest: 11139, seq: 635350417, ack: 90, window: 1448, data: "mprehensam nam, "...
0.721 Sent: b'4&+\x83%\xde\xad\x91\x00\x00\x00ZP\x00\x05\xa8\x00\x00\x00\x00mprehensam nam, '...
0.724 Received: b'+\x834&\x00\x00\x00Y%\xde\xb39P\x10\x05\xa8\x00\x00\x00\x00'
0.724 Disassembled: source: 11139, dest: 13350, seq: 89, ack: 635351865, window: 1448, ACK
0.725 Acknowledged seq: 635350417
0.725 Assembling: source: 13350, dest: 11139, seq: 635351865, ack: 90, window: 1448, data: "ilisi repudiare "...
0.725 Sent: b'4&+\x83%\xde\xb39\x00\x00\x00ZP\x00\x05\xa8\x00\x00\x00\x00ilisi repudiare '...
0.728 Received: b'+\x834&\x00\x00\x00Y%\xde\xb8\xe1P\x10\x05\xa8\x00\x00\x00\x00'
0.729 Disassembled: source: 11139, dest: 13350, seq: 89, ack: 635353313, window: 1448, ACK
0.729 Acknowledged seq: 635351865
0.729 Assembling: source: 13350, dest: 11139, seq: 635353313, ack: 90, window: 1448, data: "ta.

Et essent s"...
0.730 Sent: b'4&+\x83%\xde\xb8\xe1\x00\x00\x00ZP\x00\x05\xa8\x00\x00\x00\x00ta.\n\nEt essent s'...
0.732 Received: b'+\x834&\x00\x00\x00Y%\xde\xbe\x89P\x10\x05\xa8\x00\x00\x00\x00'
0.732 Disassembled: source: 11139, dest: 13350, seq: 89, ack: 635354761, window: 1448, ACK
0.733 Acknowledged seq: 635353313
0.733 Assembling: source: 13350, dest: 11139, seq: 635354761, ack: 90, window: 1448, data: " Nihil tractatos"...
0.733 Sent: b'4&+\x83%\xde\xbe\x89\x00\x00\x00ZP\x00\x05\xa8\x00\x00\x00\x00 Nihil tractatos'...
0.735 Received: b'+\x834&\x00\x00\x00Y%\xde\xc41P\x10\x05\xa8\x00\x00\x00\x00'
0.735 Disassembled: source: 11139, dest: 13350, seq: 89, ack: 635356209, window: 1448, ACK
0.736 Acknowledged seq: 635354761
0.736 Assembling: source: 13350, dest: 11139, seq: 635356209, ack: 90, window: 1448, data: "fert iuvaret sap"...
0.736 Sent: b'4&+\x83%\xde\xc41\x00\x00\x00ZP\x00\x05\xa8\x00\x00\x00\x00fert iuvaret sap'...
0.738 Received: b'+\x834&\x00\x00\x00Y%\xde\xc9\xd9P\x10\x05\xa8\x00\x00\x00\x00'
0.739 Disassembled: source: 11139, dest: 13350, seq: 89, ack: 635357657, window: 1448, ACK
0.739 Acknowledged seq: 635356209
0.739 Assembling: source: 13350, dest: 11139, seq: 635357657, ack: 90, window: 1448, data: "ram adipiscing, "...
0.740 Sent: b'4&+\x83%\xde\xc9\xd9\x00\x00\x00ZP\x00\x05\xa8\x00\x00\x00\x00ram adipiscing, '...
0.742 Received: b'+\x834&\x00\x00\x00Y%\xde\xcf\x81P\x10\x05\xa8\x00\x00\x00\x00'
0.742 Disassembled: source: 11139, dest: 13350, seq: 89, ack: 635359105, window: 1448, ACK
0.742 Acknowledged seq: 635357657
0.743 Assembling: source: 13350, dest: 11139, seq: 635359105, ack: 90, window: 1448, data: "m veritus vivend"...
0.743 Sent: b'4&+\x83%\xde\xcf\x81\x00\x00\x00ZP\x00\x05\xa8\x00\x00\x00\x00m veritus vivend'...
0.745 Received: b'+\x834&\x00\x00\x00Y%\xde\xd5)P\x10\x05\xa8\x00\x00\x00\x00'
0.745 Disassembled: source: 11139, dest: 13350, seq: 89, ack: 635360553, window: 1448, ACK
0.746 Acknowledged seq: 635359105
0.746 Assembling: source: 13350, dest: 11139, seq: 635360553, ack: 90, window: 1448, data: " delenit, ignota"...
0.746 Failed to send packet
1.247 Sent: b'4&+\x83%\xde\xd5)\x00\x00\x00ZP\x00\x05\xa8\x00\x00\x00\x00 delenit, ignota'...
1.250 Received: b'+\x834&\x00\x00\x00Y%\xde\xda\xd1P\x10\x05\xa8\x00\x00\x00\x00'
1.250 Disassembled: source: 11139, dest: 13350, seq: 89, ack: 635362001, window: 1448, ACK
1.251 Acknowledged seq: 635360553
1.251 Assembling: source: 13350, dest: 11139, seq: 635362001, ack: 90, window: 1448, data: "se explicari des"...
1.251 Sent: b'4&+\x83%\xde\xda\xd1\x00\x00\x00ZP\x00\x05\xa8\x00\x00\x00\x00se explicari des'...
1.254 Received: b'+\x834&\x00\x00\x00Y%\xde\xe0yP\x10\x05\xa8\x00\x00\x00\x00'
1.255 Disassembled: source: 11139, dest: 13350, seq: 89, ack: 635363449, window: 1448, ACK
1.255 Acknowledged seq: 635362001
1.255 Assembling: source: 13350, dest: 11139, seq: 635363449, ack: 90, window: 1448, data: "piscing, in modo"...
1.256 Sent: b'4&+\x83%\xde\xe0y\x00\x00\x00ZP\x00\x05\xa8\x00\x00\x00\x00piscing, in modo'...
1.259 Received: b'+\x834&\x00\x00\x00Y%\xde\xe6!P\x10\x05\xa8\x00\x00\x00\x00'
1.259 Disassembled: source: 11139, dest: 13350, seq: 89, ack: 635364897, window: 1448, ACK
1.259 Acknowledged seq: 635363449
1.260 Assembling: source: 13350, dest: 11139, seq: 635364897, ack: 90, window: 1448, data: "o copiosae tacim"...
1.260 Sent: b'4&+\x83%\xde\xe6!\x00\x00\x00ZP\x00\x05\xa8\x00\x00\x00\x00o copiosae tacim'...
1.263 Received: b'+\x834&\x00\x00\x00Y%\xde\xeb\xc9P\x10\x05\xa8\x00\x00\x00\x00'
1.264 Disassembled: source: 11139, dest: 13350, seq: 89, ack: 635366345, window: 1448, ACK
1.264 Acknowledged seq: 635364897
1.264 Assembling: source: 13350, dest: 11139, seq: 635366345, ack: 90, window: 1448, data: "am. Pri ne antio"...
1.265 Sent: b'4&+\x83%\xde\xeb\xc9\x00\x00\x00ZP\x00\x05\xa8\x00\x00\x00\x00am. Pri ne antio'...
1.267 Received: b'+\x834&\x00\x00\x00Y%\xde\xf1qP\x10\x05\xa8\x00\x00\x00\x00'
1.267 Disassembled: source: 11139, dest: 13350, seq: 89, ack: 635367793, window: 1448, ACK
1.267 Acknowledged seq: 635366345
1.268 Assembling: source: 13350, dest: 11139, seq: 635367793, ack: 90, window: 1448, data: "to no. Elitr pos"...
1.268 Sent: b'4&+\x83%\xde\xf1q\x00\x00\x00ZP\x00\x05\xa8\x00\x00\x00\x00to no. Elitr pos'...
1.270 Received: b'+\x834&\x00\x00\x00Y%\xde\xf7\x19P\x10\x05\xa8\x00\x00\x00\x00'
1.270 Disassembled: source: 11139, dest: 13350, seq: 89, ack: 635369241, window: 1448, ACK
1.270 Acknowledged seq: 635367793
1.271 Assembling: source: 13350, dest: 11139, seq: 635369241, ack: 90, window: 1448, data: "pretaris, sea ex"...
1.271 Sent: b'4&+\x83%\xde\xf7\x19\x00\x00\x00ZP\x00\x05\xa8\x00\x00\x00\x00pretaris, sea ex'...
1.273 Received: b'+\x834&\x00\x00\x00Y%\xde\xfc\xc1P\x10\x05\xa8\x00\x00\x00\x00'
1.274 Disassembled: source: 11139, dest: 13350, seq: 89, ack: 635370689, window: 1448, ACK
1.274 Acknowledged seq: 635369241
1.274 Assembling: source: 13350, dest: 11139, seq: 635370689, ack: 90, window: 1448, data: "oporteat inimicu"...
1.275 Sent: b'4&+\x83%\xde\xfc\xc1\x00\x00\x00ZP\x00\x05\xa8\x00\x00\x00\x00oporteat inimicu'...
1.277 Received: b'+\x834&\x00\x00\x00Y%\xdf\x02iP\x10\x05\xa8\x00\x00\x00\x00'
1.277 Disassembled: source: 11139, dest: 13350, seq: 89, ack: 635372137, window: 1448, ACK
1.278 Acknowledged seq: 635370689
1.278 Assembling: source: 13350, dest: 11139, seq: 635372137, ack: 90, window: 1448, data: "ligendi officiis"...
1.278 Sent: b'4&+\x83%\xdf\x02i\x00\x00\x00ZP\x00\x05\xa8\x00\x00\x00\x00ligendi officiis'...
1.280 Received: b'+\x834&\x00\x00\x00Y%\xdf\x08\x11P\x10\x05\xa8\x00\x00\x00\x00'
1.281 Disassembled: source: 11139, dest: 13350, seq: 89, ack: 635373585, window: 1448, ACK
1.281 Acknowledged seq: 635372137
1.281 Assembling: source: 13350, dest: 11139, seq: 635373585, ack: 90, window: 1448, data: "no vel regione i"...
1.282 Sent: b'4&+\x83%\xdf\x08\x11\x00\x00\x00ZP\x00\x05\xa8\x00\x00\x00\x00no vel regione i'...
1.284 Received: b'+\x834&\x00\x00\x00Y%\xdf\r\xb9P\x10\x05\xa8\x00\x00\x00\x00'
1.284 Disassembled: source: 11139, dest: 13350, seq: 89, ack: 635375033, window: 1448, ACK
1.284 Acknowledged seq: 635373585
1.285 Assembling: source: 13350, dest: 11139, seq: 635375033, ack: 90, window: 1448, data: "ibus vis ex, pro"...
1.285 Sent: b'4&+\x83%\xdf\r\xb9\x00\x00\x00ZP\x00\x05\xa8\x00\x00\x00\x00ibus vis ex, pro'...
1.287 Received: b'+\x834&\x00\x00\x00Y%\xdf\x13aP\x10\x05\xa8\x00\x00\x00\x00'
1.288 Disassembled: source: 11139, dest: 13350, seq: 89, ack: 635376481, window: 1448, ACK
1.288 Acknowledged seq: 635375033
1.288 Assembling: source: 13350, dest: 11139, seq: 635376481, ack: 90, window: 1448, data: "o vix, mel ea li"...
1.289 Sent: b'4&+\x83%\xdf\x13a\x00\x00\x00ZP\x00\x05\xa8\x00\x00\x00\x00o vix, mel ea li'...
1.291 Received: b'+\x834&\x00\x00\x00Y%\xdf\x19\tP\x10\x05\xa8\x00\x00\x00\x00'
1.291 Disassembled: source: 11139, dest: 13350, seq: 89, ack: 635377929, window: 1448, ACK
1.292 Acknowledged seq: 635376481
1.292 Assembling: source: 13350, dest: 11139, seq: 635377929, ack: 90, window: 1448, data: "d. Ex fugit suav"...
1.292 Sent: b'4&+\x83%\xdf\x19\t\x00\x00\x00ZP\x00\x05\xa8\x00\x00\x00\x00d. Ex fugit suav'...
1.294 Failed to receive packet
1.793 Sent: b'4&+\x83%\xdf\x19\t\x00\x00\x00ZP\x00\x05\xa8\x00\x00\x00\x00d. Ex fugit suav'...
1.795 Received: b'+\x834&\x00\x00\x00Y%\xdf\x1e\xb1P\x10\x05\xa8\x00\x00\x00\x00'
1.796 Disassembled: source: 11139, dest: 13350, seq: 89, ack: 635379377, window: 1448, ACK
1.796 Acknowledged seq: 635377929
1.796 Assembling: source: 13350, dest: 11139, seq: 635379377, ack: 90, window: 1448, data: "pertinax nec. De"...
1.797 Failed to send packet
2.297 Sent: b'4&+\x83%\xdf\x1e\xb1\x00\x00\x00ZP\x00\x05\xa8\x00\x00\x00\x00pertinax nec. De'...
2.300 Received: b'+\x834&\x00\x00\x00Y%\xdf$YP\x10\x05\xa8\x00\x00\x00\x00'
2.301 Disassembled: source: 11139, dest: 13350, seq: 89, ack: 635380825, window: 1448, ACK
2.301 Acknowledged seq: 635379377
2.301 Assembling: source: 13350, dest: 11139, seq: 635380825, ack: 90, window: 1448, data: "lli primis praes"...
2.302 Sent: b'4&+\x83%\xdf$Y\x00\x00\x00ZP\x00\x05\xa8\x00\x00\x00\x00lli primis praes'...
2.304 Received: b'+\x834&\x00\x00\x00Y%\xdf*\x01P\x10\x05\xa8\x00\x00\x00\x00'
2.305 Disassembled: source: 11139, dest: 13350, seq: 89, ack: 635382273, window: 1448, ACK
2.305 Acknowledged seq: 635380825
2.305 Assembling: source: 13350, dest: 11139, seq: 635382273, ack: 90, window: 1448, data: "m, percipit inte"...
2.306 Sent: b'4&+\x83%\xdf*\x01\x00\x00\x00ZP\x00\x05\xa8\x00\x00\x00\x00m, percipit inte'...
2.309 Received: b'+\x834&\x00\x00\x00Y%\xdf/\xa9P\x10\x05\xa8\x00\x00\x00\x00'
2.309 Disassembled: source: 11139, dest: 13350, seq: 89, ack: 635383721, window: 1448, ACK
2.309 Acknowledged seq: 635382273
2.310 Assembling: source: 13350, dest: 11139, seq: 635383721, ack: 90, window: 1448, data: "nani docendi pat"...
2.310 Sent: b'4&+\x83%\xdf/\xa9\x00\x00\x00ZP\x00\x05\xa8\x00\x00\x00\x00nani docendi pat'...
2.313 Received: b'+\x834&\x00\x00\x00Y%\xdf5QP\x10\x05\xa8\x00\x00\x00\x00'
2.314 Disassembled: source: 11139, dest: 13350, seq: 89, ack: 635385169, window: 1448, ACK
2.314 Acknowledged seq: 635383721
2.314 Assembling: source: 13350, dest: 11139, seq: 635385169, ack: 90, window: 1448, data: " vis decore poss"...
2.315 Sent: b'4&+\x83%\xdf5Q\x00\x00\x00ZP\x00\x05\xa8\x00\x00\x00\x00 vis decore poss'...
2.316 Received: b'+\x834&\x00\x00\x00Y%\xdf:\xf9P\x10\x05\xa8\x00\x00\x00\x00'
2.317 Disassembled: source: 11139, dest: 13350, seq: 89, ack: 635386617, window: 1448, ACK
2.317 Acknowledged seq: 635385169
2.317 Assembling: source: 13350, dest: 11139, seq: 635386617, ack: 90, window: 1448, data: "eam odio corpora"...
2.318 Sent: b'4&+\x83%\xdf:\xf9\x00\x00\x00ZP\x00\x05\xa8\x00\x00\x00\x00eam odio corpora'...
2.320 Received: b'+\x834&\x00\x00\x00Y%\xdf@\xa1P\x10\x05\xa8\x00\x00\x00\x00'
2.320 Disassembled: source: 11139, dest: 13350, seq: 89, ack: 635388065, window: 1448, ACK
2.321 Acknowledged seq: 635386617
2.321 Assembling: source: 13350, dest: 11139, seq: 635388065, ack: 90, window: 1448, data: " est. Usu sanctu"...
2.321 Sent: b'4&+\x83%\xdf@\xa1\x00\x00\x00ZP\x00\x05\xa8\x00\x00\x00\x00 est. Usu sanctu'...
2.323 Received: b'+\x834&\x00\x00\x00Y%\xdfFIP\x10\x05\xa8\x00\x00\x00\x00'
2.324 Disassembled: source: 11139, dest: 13350, seq: 89, ack: 635389513, window: 1448, ACK
2.324 Acknowledged seq: 635388065
2.324 Assembling: source: 13350, dest: 11139, seq: 635389513, ack: 90, window: 1448, data: ".

Mei graeco ae"...
2.324 Sent: b'4&+\x83%\xdfFI\x00\x00\x00ZP\x00\x05\xa8\x00\x00\x00\x00.\n\nMei graeco ae'...
2.327 Received: b'+\x834&\x00\x00\x00Y%\xdfK\xf1P\x10\x05\xa8\x00\x00\x00\x00'
2.327 Disassembled: source: 11139, dest: 13350, seq: 89, ack: 635390961, window: 1448, ACK
2.327 Acknowledged seq: 635389513
2.328 Assembling: source: 13350, dest: 11139, seq: 635390961, ack: 90, window: 1448, data: "et. Ne sea primi"...
2.328 Sent: b'4&+\x83%\xdfK\xf1\x00\x00\x00ZP\x00\x05\xa8\x00\x00\x00\x00et. Ne sea primi'...
2.330 Failed to receive packet
2.828 Sent: b'4&+\x83%\xdfK\xf1\x00\x00\x00ZP\x00\x05\xa8\x00\x00\x00\x00et. Ne sea primi'...
2.831 Received: b'+\x834&\x00\x00\x00Y%\xdfQ\x99P\x10\x05\xa8\x00\x00\x00\x00'
2.832 Disassembled: source: 11139, dest: 13350, seq: 89, ack: 635392409, window: 1448, ACK
2.832 Acknowledged seq: 635390961
2.832 Assembling: source: 13350, dest: 11139, seq: 635392409, ack: 90, window: 1448, data: "ittam convenire."...
2.833 Sent: b'4&+\x83%\xdfQ\x99\x00\x00\x00ZP\x00\x05\xa8\x00\x00\x00\x00ittam convenire.'...
2.835 Received: b'+\x834&\x00\x00\x00Y%\xdfWAP\x10\x05\xa8\x00\x00\x00\x00'
2.836 Disassembled: source: 11139, dest: 13350, seq: 89, ack: 635393857, window: 1448, ACK
2.836 Acknowledged seq: 635392409
2.837 Assembling: source: 13350, dest: 11139, seq: 635393857, ack: 90, window: 1448, data: "ua et vis, id eu"...
2.837 Failed to send packet
3.337 Sent: b'4&+\x83%\xdfWA\x00\x00\x00ZP\x00\x05\xa8\x00\x00\x00\x00ua et vis, id eu'...
3.340 Received: b'+\x834&\x00\x00\x00Y%\xdf\\\xe9P\x10\x05\xa8\x00\x00\x00\x00'
3.341 Disassembled: source: 11139, dest: 13350, seq: 89, ack: 635395305, window: 1448, ACK
3.341 Acknowledged seq: 635393857
3.341 Assembling: source: 13350, dest: 11139, seq: 635395305, ack: 90, window: 1448, data: "r. Et velit appa"...
3.342 Sent: b'4&+\x83%\xdf\\\xe9\x00\x00\x00ZP\x00\x05\xa8\x00\x00\x00\x00r. Et velit appa'...
3.345 Received: b'+\x834&\x00\x00\x00Y%\xdfb\x91P\x10\x05\xa8\x00\x00\x00\x00'
3.345 Disassembled: source: 11139, dest: 13350, seq: 89, ack: 635396753, window: 1448, ACK
3.346 Acknowledged seq: 635395305
3.346 Assembling: source: 13350, dest: 11139, seq: 635396753, ack: 90, window: 1448, data: " novum laudem, v"...
3.346 Sent: b'4&+\x83%\xdfb\x91\x00\x00\x00ZP\x00\x05\xa8\x00\x00\x00\x00 novum laudem, v'...
3.349 Received: b'+\x834&\x00\x00\x00Y%\xdfh9P\x10\x05\xa8\x00\x00\x00\x00'
3.350 Disassembled: source: 11139, dest: 13350, seq: 89, ack: 635398201, window: 1448, ACK
3.350 Acknowledged seq: 635396753
3.350 Assembling: source: 13350, dest: 11139, seq: 635398201, ack: 90, window: 1448, data: "luptatibus, cibo"...
3.351 Failed to send packet
3.851 Sent: b'4&+\x83%\xdfh9\x00\x00\x00ZP\x00\x05\xa8\x00\x00\x00\x00luptatibus, cibo'...
3.854 Received: b'+\x834&\x00\x00\x00Y%\xdfm\xe1P\x10\x05\xa8\x00\x00\x00\x00'
3.855 Disassembled: source: 11139, dest: 13350, seq: 89, ack: 635399649, window: 1448, ACK
3.855 Acknowledged seq: 635398201
3.855 Assembling: source: 13350, dest: 11139, seq: 635399649, ack: 90, window: 1448, data: "alii indoctum ma"...
3.856 Sent: b'4&+\x83%\xdfm\xe1\x00\x00\x00ZP\x00\x05\xa8\x00\x00\x00\x00alii indoctum ma'...
3.859 Received: b'+\x834&\x00\x00\x00Y%\xdfs\x89P\x10\x05\xa8\x00\x00\x00\x00'
3.859 Disassembled: source: 11139, dest: 13350, seq: 89, ack: 635401097, window: 1448, ACK
3.859 Acknowledged seq: 635399649
3.860 Assembling: source: 13350, dest: 11139, seq: 635401097, ack: 90, window: 1448, data: "im, his facete c"...
3.860 Sent: b'4&+\x83%\xdfs\x89\x00\x00\x00ZP\x00\x05\xa8\x00\x00\x00\x00im, his facete c'...
3.863 Failed to receive packet
4.360 Sent: b'4&+\x83%\xdfs\x89\x00\x00\x00ZP\x00\x05\xa8\x00\x00\x00\x00im, his facete c'...
4.363 Received: b'+\x834&\x00\x00\x00Y%\xdfy1P\x10\x05\xa8\x00\x00\x00\x00'
4.364 Disassembled: source: 11139, dest: 13350, seq: 89, ack: 635402545, window: 1448, ACK
4.364 Acknowledged seq: 635401097
4.364 Assembling: source: 13350, dest: 11139, seq: 635402545, ack: 90, window: 1448, data: "e alia dolor com"...
4.365 Sent: b'4&+\x83%\xdfy1\x00\x00\x00ZP\x00\x05\xa8\x00\x00\x00\x00e alia dolor com'...
4.367 Received: b'+\x834&\x00\x00\x00Y%\xdf~\xd9P\x10\x05\xa8\x00\x00\x00\x00'
4.368 Disassembled: source: 11139, dest: 13350, seq: 89, ack: 635403993, window: 1448, ACK
4.368 Acknowledged seq: 635402545
4.368 Assembling: source: 13350, dest: 11139, seq: 635403993, ack: 90, window: 1448, data: "it ea, reque tem"...
4.369 Sent: b'4&+\x83%\xdf~\xd9\x00\x00\x00ZP\x00\x05\xa8\x00\x00\x00\x00it ea, reque tem'...
4.372 Failed to receive packet
4.869 Sent: b'4&+\x83%\xdf~\xd9\x00\x00\x00ZP\x00\x05\xa8\x00\x00\x00\x00it ea, reque tem'...
4.872 Received: b'+\x834&\x00\x00\x00Y%\xdf\x84\x81P\x10\x05\xa8\x00\x00\x00\x00'
4.873 Disassembled: source: 11139, dest: 13350, seq: 89, ack: 635405441, window: 1448, ACK
4.873 Acknowledged seq: 635403993
4.873 Assembling: source: 13350, dest: 11139, seq: 635405441, ack: 90, window: 1448, data: "alisque.

Equide"...
4.874 Sent: b'4&+\x83%\xdf\x84\x81\x00\x00\x00ZP\x00\x05\xa8\x00\x00\x00\x00alisque.\n\nEquide'...
4.876 Received: b'+\x834&\x00\x00\x00Y%\xdf\x8a)P\x10\x05\xa8\x00\x00\x00\x00'
4.877 Disassembled: source: 11139, dest: 13350, seq: 89, ack: 635406889, window: 1448, ACK
4.877 Acknowledged seq: 635405441
4.877 Assembling: source: 13350, dest: 11139, seq: 635406889, ack: 90, window: 1448, data: "finitiones, affe"...
4.878 Failed to send packet
5.378 Sent: b'4&+\x83%\xdf\x8a)\x00\x00\x00ZP\x00\x05\xa8\x00\x00\x00\x00finitiones, affe'...
5.381 Received: b'+\x834&\x00\x00\x00Y%\xdf\x8f\xd1P\x10\x05\xa8\x00\x00\x00\x00'
5.382 Disassembled: source: 11139, dest: 13350, seq: 89, ack: 635408337, window: 1448, ACK
5.382 Acknowledged seq: 635406889
5.382 Assembling: source: 13350, dest: 11139, seq: 635408337, ack: 90, window: 1448, data: "his duis graeco "...
5.383 Sent: b'4&+\x83%\xdf\x8f\xd1\x00\x00\x00ZP\x00\x05\xa8\x00\x00\x00\x00his duis graeco '...
5.386 Failed to receive packet
5.883 Sent: b'4&+\x83%\xdf\x8f\xd1\x00\x00\x00ZP\x00\x05\xa8\x00\x00\x00\x00his duis graeco '...
5.886 Received: b'+\x834&\x00\x00\x00Y%\xdf\x95yP\x10\x05\xa8\x00\x00\x00\x00'
5.886 Disassembled: source: 11139, dest: 13350, seq: 89, ack: 635409785, window: 1448, ACK
5.887 Acknowledged seq: 635408337
5.887 Assembling: source: 13350, dest: 11139, seq: 635409785, ack: 90, window: 1448, data: "am. Alia possit "...
5.887 Sent: b'4&+\x83%\xdf\x95y\x00\x00\x00ZP\x00\x05\xa8\x00\x00\x00\x00am. Alia possit '...
5.890 Failed to receive packet
6.388 Sent: b'4&+\x83%\xdf\x95y\x00\x00\x00ZP\x00\x05\xa8\x00\x00\x00\x00am. Alia possit '...
6.390 Received: b'+\x834&\x00\x00\x00Y%\xdf\x9b!P\x10\x05\xa8\x00\x00\x00\x00'
6.391 Disassembled: source: 11139, dest: 13350, seq: 89, ack: 635411233, window: 1448, ACK
6.391 Acknowledged seq: 635409785
6.391 Assembling: source: 13350, dest: 11139, seq: 635411233, ack: 90, window: 1448, data: "cum an. Mei faci"...
6.392 Sent: b'4&+\x83%\xdf\x9b!\x00\x00\x00ZP\x00\x05\xa8\x00\x00\x00\x00cum an. Mei faci'...
6.395 Received: b'+\x834&\x00\x00\x00Y%\xdf\xa0\xc9P\x10\x05\xa8\x00\x00\x00\x00'
6.395 Disassembled: source: 11139, dest: 13350, seq: 89, ack: 635412681, window: 1448, ACK
6.396 Acknowledged seq: 635411233
6.396 Assembling: source: 13350, dest: 11139, seq: 635412681, ack: 90, window: 1448, data: " vis adhuc tatio"...
6.396 Sent: b'4&+\x83%\xdf\xa0\xc9\x00\x00\x00ZP\x00\x05\xa8\x00\x00\x00\x00 vis adhuc tatio'...
6.399 Received: b'+\x834&\x00\x00\x00Y%\xdf\xa6qP\x10\x05\xa8\x00\x00\x00\x00'
6.400 Disassembled: source: 11139, dest: 13350, seq: 89, ack: 635414129, window: 1448, ACK
6.400 Acknowledged seq: 635412681
6.400 Assembling: source: 13350, dest: 11139, seq: 635414129, ack: 90, window: 1448, data: "im eu option iuv"...
6.401 Failed to send packet
6.901 Sent: b'4&+\x83%\xdf\xa6q\x00\x00\x00ZP\x00\x05\xa8\x00\x00\x00\x00im eu option iuv'...
6.904 Received: b'+\x834&\x00\x00\x00Y%\xdf\xac\x19P\x10\x05\xa8\x00\x00\x00\x00'
6.905 Disassembled: source: 11139, dest: 13350, seq: 89, ack: 635415577, window: 1448, ACK
6.905 Acknowledged seq: 635414129
6.905 Assembling: source: 13350, dest: 11139, seq: 635415577, ack: 90, window: 1448, data: "ex epicurei taci"...
6.906 Sent: b'4&+\x83%\xdf\xac\x19\x00\x00\x00ZP\x00\x05\xa8\x00\x00\x00\x00ex epicurei taci'...
6.909 Received: b'+\x834&\x00\x00\x00Y%\xdf\xb1\xc1P\x10\x05\xa8\x00\x00\x00\x00'
6.909 Disassembled: source: 11139, dest: 13350, seq: 89, ack: 635417025, window: 1448, ACK
6.909 Acknowledged seq: 635415577
6.910 Assembling: source: 13350, dest: 11139, seq: 635417025, ack: 90, window: 1448, data: "ebat, eu pro ero"...
6.910 Failed to send packet
7.410 Sent: b'4&+\x83%\xdf\xb1\xc1\x00\x00\x00ZP\x00\x05\xa8\x00\x00\x00\x00ebat, eu pro ero'...
7.413 Received: b'+\x834&\x00\x00\x00Y%\xdf\xb7iP\x10\x05\xa8\x00\x00\x00\x00'
7.414 Disassembled: source: 11139, dest: 13350, seq: 89, ack: 635418473, window: 1448, ACK
7.414 Acknowledged seq: 635417025
7.414 Assembling: source: 13350, dest: 11139, seq: 635418473, ack: 90, window: 1448, data: "s. Per no sale v"...
7.415 Failed to send packet
7.915 Sent: b'4&+\x83%\xdf\xb7i\x00\x00\x00ZP\x00\x05\xa8\x00\x00\x00\x00s. Per no sale v'...
7.918 Failed to receive packet
8.416 Sent: b'4&+\x83%\xdf\xb7i\x00\x00\x00ZP\x00\x05\xa8\x00\x00\x00\x00s. Per no sale v'...
8.418 Received: b'+\x834&\x00\x00\x00Y%\xdf\xbd\x11P\x10\x05\xa8\x00\x00\x00\x00'
8.419 Disassembled: source: 11139, dest: 13350, seq: 89, ack: 635419921, window: 1448, ACK
8.419 Acknowledged seq: 635418473
8.419 Assembling: source: 13350, dest: 11139, seq: 635419921, ack: 90, window: 1448, data: "orrupte ea mel. "...
8.420 Sent: b'4&+\x83%\xdf\xbd\x11\x00\x00\x00ZP\x00\x05\xa8\x00\x00\x00\x00orrupte ea mel. '...
8.423 Failed to receive packet
8.920 Sent: b'4&+\x83%\xdf\xbd\x11\x00\x00\x00ZP\x00\x05\xa8\x00\x00\x00\x00orrupte ea mel. '...
8.923 Received: b'+\x834&\x00\x00\x00Y%\xdf\xc2\xb9P\x10\x05\xa8\x00\x00\x00\x00'
8.923 Disassembled: source: 11139, dest: 13350, seq: 89, ack: 635421369, window: 1448, ACK
8.924 Acknowledged seq: 635419921
8.924 Assembling: source: 13350, dest: 11139, seq: 635421369, ack: 90, window: 1448, data: ". Est iracundia "...
8.924 Failed to send packet
9.425 Sent: b'4&+\x83%\xdf\xc2\xb9\x00\x00\x00ZP\x00\x05\xa8\x00\x00\x00\x00. Est iracundia '...
9.428 Failed to receive packet
9.925 Sent: b'4&+\x83%\xdf\xc2\xb9\x00\x00\x00ZP\x00\x05\xa8\x00\x00\x00\x00. Est iracundia '...
9.928 Received: b'+\x834&\x00\x00\x00Y%\xdf\xc8aP\x10\x05\xa8\x00\x00\x00\x00'
9.928 Disassembled: source: 11139, dest: 13350, seq: 89, ack: 635422817, window: 1448, ACK
9.929 Acknowledged seq: 635421369
9.929 Assembling: source: 13350, dest: 11139, seq: 635422817, ack: 90, window: 1448, data: "pta probatus scr"...
9.929 Sent: b'4&+\x83%\xdf\xc8a\x00\x00\x00ZP\x00\x05\xa8\x00\x00\x00\x00pta probatus scr'...
9.932 Received: b'+\x834&\x00\x00\x00Y%\xdf\xce\tP\x10\x05\xa8\x00\x00\x00\x00'
9.933 Disassembled: source: 11139, dest: 13350, seq: 89, ack: 635424265, window: 1448, ACK
9.933 Acknowledged seq: 635422817
9.933 Assembling: source: 13350, dest: 11139, seq: 635424265, ack: 90, window: 1448, data: "entur ei, pro ei"...
9.934 Failed to send packet
10.434 Failed to send packet
10.934 Sent: b'4&+\x83%\xdf\xce\t\x00\x00\x00ZP\x00\x05\xa8\x00\x00\x00\x00entur ei, pro ei'...
10.938 Failed to receive packet
11.435 Sent: b'4&+\x83%\xdf\xce\t\x00\x00\x00ZP\x00\x05\xa8\x00\x00\x00\x00entur ei, pro ei'...
11.438 Received: b'+\x834&\x00\x00\x00Y%\xdf\xd3\xb1P\x10\x05\xa8\x00\x00\x00\x00'
11.438 Disassembled: source: 11139, dest: 13350, seq: 89, ack: 635425713, window: 1448, ACK
11.438 Acknowledged seq: 635424265
11.439 Assembling: source: 13350, dest: 11139, seq: 635425713, ack: 90, window: 1448, data: "simul euismod vi"...
11.439 Sent: b'4&+\x83%\xdf\xd3\xb1\x00\x00\x00ZP\x00\x05\xa8\x00\x00\x00\x00simul euismod vi'...
11.442 Received: b'+\x834&\x00\x00\x00Y%\xdf\xd9YP\x10\x05\xa8\x00\x00\x00\x00'
11.442 Disassembled: source: 11139, dest: 13350, seq: 89, ack: 635427161, window: 1448, ACK
11.443 Acknowledged seq: 635425713
11.443 Assembling: source: 13350, dest: 11139, seq: 635427161, ack: 90, window: 1448, data: ", eam id iudico "...
11.443 Failed to send packet
11.944 Sent: b'4&+\x83%\xdf\xd9Y\x00\x00\x00ZP\x00\x05\xa8\x00\x00\x00\x00, eam id iudico '...
11.947 Received: b'+\x834&\x00\x00\x00Y%\xdf\xdf\x01P\x10\x05\xa8\x00\x00\x00\x00'
11.947 Disassembled: source: 11139, dest: 13350, seq: 89, ack: 635428609, window: 1448, ACK
11.948 Acknowledged seq: 635427161
11.948 Assembling: source: 13350, dest: 11139, seq: 635428609, ack: 90, window: 1448, data: "m vix. Ea est mu"...
11.948 Sent: b'4&+\x83%\xdf\xdf\x01\x00\x00\x00ZP\x00\x05\xa8\x00\x00\x00\x00m vix. Ea est mu'...
11.951 Received: b'+\x834&\x00\x00\x00Y%\xdf\xe4\xa9P\x10\x05\xa8\x00\x00\x00\x00'
11.952 Disassembled: source: 11139, dest: 13350, seq: 89, ack: 635430057, window: 1448, ACK
11.952 Acknowledged seq: 635428609
11.952 Assembling: source: 13350, dest: 11139, seq: 635430057, ack: 90, window: 1448, data: "olor sit amet, e"...
11.953 Failed to send packet
12.453 Sent: b'4&+\x83%\xdf\xe4\xa9\x00\x00\x00ZP\x00\x05\xa8\x00\x00\x00\x00olor sit amet, e'...
12.456 Received: b'+\x834&\x00\x00\x00Y%\xdf\xeaQP\x10\x05\xa8\x00\x00\x00\x00'
12.457 Disassembled: source: 11139, dest: 13350, seq: 89, ack: 635431505, window: 1448, ACK
12.457 Acknowledged seq: 635430057
12.457 Assembling: source: 13350, dest: 11139, seq: 635431505, ack: 90, window: 1448, data: "m, aperiam iudic"...
12.458 Sent: b'4&+\x83%\xdf\xeaQ\x00\x00\x00ZP\x00\x05\xa8\x00\x00\x00\x00m, aperiam iudic'...
12.461 Received: b'+\x834&\x00\x00\x00Y%\xdf\xef\xf9P\x10\x05\xa8\x00\x00\x00\x00'
12.461 Disassembled: source: 11139, dest: 13350, seq: 89, ack: 635432953, window: 1448, ACK
12.461 Acknowledged seq: 635431505
12.462 Assembling: source: 13350, dest: 11139, seq: 635432953, ack: 90, window: 1448, data: "re sea. No eos d"...
12.462 Sent: b'4&+\x83%\xdf\xef\xf9\x00\x00\x00ZP\x00\x05\xa8\x00\x00\x00\x00re sea. No eos d'...
12.465 Received: b'+\x834&\x00\x00\x00Y%\xdf\xf5\xa1P\x10\x05\xa8\x00\x00\x00\x00'
12.466 Disassembled: source: 11139, dest: 13350, seq: 89, ack: 635434401, window: 1448, ACK
12.466 Acknowledged seq: 635432953
12.466 Assembling: source: 13350, dest: 11139, seq: 635434401, ack: 90, window: 1448, data: "t scripta philos"...
12.467 Sent: b'4&+\x83%\xdf\xf5\xa1\x00\x00\x00ZP\x00\x05\xa8\x00\x00\x00\x00t scripta philos'...
12.469 Received: b'+\x834&\x00\x00\x00Y%\xdf\xfbIP\x10\x05\xa8\x00\x00\x00\x00'
12.470 Disassembled: source: 11139, dest: 13350, seq: 89, ack: 635435849, window: 1448, ACK
12.470 Acknowledged seq: 635434401
12.470 Assembling: source: 13350, dest: 11139, seq: 635435849, ack: 90, window: 1448, data: "tos sadipscing e"...
12.471 Sent: b'4&+\x83%\xdf\xfbI\x00\x00\x00ZP\x00\x05\xa8\x00\x00\x00\x00tos sadipscing e'...
12.473 Received: b'+\x834&\x00\x00\x00Y%\xe0\x00\xf1P\x10\x05\xa8\x00\x00\x00\x00'
12.473 Disassembled: source: 11139, dest: 13350, seq: 89, ack: 635437297, window: 1448, ACK
12.473 Acknowledged seq: 635435849
12.474 Assembling: source: 13350, dest: 11139, seq: 635437297, ack: 90, window: 1448, data: "sapientem ea, ad"...
12.474 Sent: b'4&+\x83%\xe0\x00\xf1\x00\x00\x00ZP\x00\x05\xa8\x00\x00\x00\x00sapientem ea, ad'...
12.476 Received: b'+\x834&\x00\x00\x00Y%\xe0\x06\x99P\x10\x05\xa8\x00\x00\x00\x00'
12.477 Disassembled: source: 11139, dest: 13350, seq: 89, ack: 635438745, window: 1448, ACK
12.477 Acknowledged seq: 635437297
12.477 Assembling: source: 13350, dest: 11139, seq: 635438745, ack: 90, window: 1448, data: "g, ei invenire p"...
12.478 Sent: b'4&+\x83%\xe0\x06\x99\x00\x00\x00ZP\x00\x05\xa8\x00\x00\x00\x00g, ei invenire p'...
12.479 Received: b'+\x834&\x00\x00\x00Y%\xe0\x0cAP\x10\x05\xa8\x00\x00\x00\x00'
12.480 Disassembled: source: 11139, dest: 13350, seq: 89, ack: 635440193, window: 1448, ACK
12.480 Acknowledged seq: 635438745
12.480 Assembling: source: 13350, dest: 11139, seq: 635440193, ack: 90, window: 1448, data: "endo at. Qui id "...
12.481 Sent: b'4&+\x83%\xe0\x0cA\x00\x00\x00ZP\x00\x05\xa8\x00\x00\x00\x00endo at. Qui id '...
12.483 Received: b'+\x834&\x00\x00\x00Y%\xe0\x11\xe9P\x10\x05\xa8\x00\x00\x00\x00'
12.483 Disassembled: source: 11139, dest: 13350, seq: 89, ack: 635441641, window: 1448, ACK
12.484 Acknowledged seq: 635440193
12.484 Assembling: source: 13350, dest: 11139, seq: 635441641, ack: 90, window: 1448, data: "ota nostrum et p"...
12.484 Sent: b'4&+\x83%\xe0\x11\xe9\x00\x00\x00ZP\x00\x05\xa8\x00\x00\x00\x00ota nostrum et p'...
12.486 Received: b'+\x834&\x00\x00\x00Y%\xe0\x17\x91P\x10\x05\xa8\x00\x00\x00\x00'
12.487 Disassembled: source: 11139, dest: 13350, seq: 89, ack: 635443089, window: 1448, ACK
12.487 Acknowledged seq: 635441641
12.487 Assembling: source: 13350, dest: 11139, seq: 635443089, ack: 90, window: 1448, data: "deseruisse id. P"...
12.488 Sent: b'4&+\x83%\xe0\x17\x91\x00\x00\x00ZP\x00\x05\xa8\x00\x00\x00\x00deseruisse id. P'...
12.490 Failed to receive packet
12.988 Sent: b'4&+\x83%\xe0\x17\x91\x00\x00\x00ZP\x00\x05\xa8\x00\x00\x00\x00deseruisse id. P'...
12.991 Received: b'+\x834&\x00\x00\x00Y%\xe0\x1d9P\x10\x05\xa8\x00\x00\x00\x00'
12.992 Disassembled: source: 11139, dest: 13350, seq: 89, ack: 635444537, window: 1448, ACK
12.992 Acknowledged seq: 635443089
12.992 Assembling: source: 13350, dest: 11139, seq: 635444537, ack: 90, window: 1448, data: "odo munere imper"...
12.992 Sent: b'4&+\x83%\xe0\x1d9\x00\x00\x00ZP\x00\x05\xa8\x00\x00\x00\x00odo munere imper'...
12.995 Received: b'+\x834&\x00\x00\x00Y%\xe0"\xe1P\x10\x05\xa8\x00\x00\x00\x00'
12.996 Disassembled: source: 11139, dest: 13350, seq: 89, ack: 635445985, window: 1448, ACK
12.996 Acknowledged seq: 635444537
12.996 Assembling: source: 13350, dest: 11139, seq: 635445985, ack: 90, window: 1448, data: "cimates cum, tib"...
12.997 Sent: b'4&+\x83%\xe0"\xe1\x00\x00\x00ZP\x00\x05\xa8\x00\x00\x00\x00cimates cum, tib'...
13.000 Failed to receive packet
13.497 Sent: b'4&+\x83%\xe0"\xe1\x00\x00\x00ZP\x00\x05\xa8\x00\x00\x00\x00cimates cum, tib'...
13.500 Received: b'+\x834&\x00\x00\x00Y%\xe0(\x89P\x10\x05\xa8\x00\x00\x00\x00'
13.501 Disassembled: source: 11139, dest: 13350, seq: 89, ack: 635447433, window: 1448, ACK
13.501 Acknowledged seq: 635445985
13.501 Assembling: source: 13350, dest: 11139, seq: 635447433, ack: 90, window: 1448, data: "tiopam molestiae"...
13.502 Sent: b'4&+\x83%\xe0(\x89\x00\x00\x00ZP\x00\x05\xa8\x00\x00\x00\x00tiopam molestiae'...
13.505 Received: b'+\x834&\x00\x00\x00Y%\xe0.1P\x10\x05\xa8\x00\x00\x00\x00'
13.505 Disassembled: source: 11139, dest: 13350, seq: 89, ack: 635448881, window: 1448, ACK
13.505 Acknowledged seq: 635447433
13.506 Assembling: source: 13350, dest: 11139, seq: 635448881, ack: 90, window: 1448, data: "possim qui no, v"...
13.506 Failed to send packet
14.006 Sent: b'4&+\x83%\xe0.1\x00\x00\x00ZP\x00\x05\xa8\x00\x00\x00\x00possim qui no, v'...
14.009 Received: b'+\x834&\x00\x00\x00Y%\xe03\xd9P\x10\x05\xa8\x00\x00\x00\x00'
14.010 Disassembled: source: 11139, dest: 13350, seq: 89, ack: 635450329, window: 1448, ACK
14.010 Acknowledged seq: 635448881
14.010 Assembling: source: 13350, dest: 11139, seq: 635450329, ack: 90, window: 1448, data: " ex utinam parti"...
14.011 Sent: b'4&+\x83%\xe03\xd9\x00\x00\x00ZP\x00\x05\xa8\x00\x00\x00\x00 ex utinam parti'...
14.014 Received: b'+\x834&\x00\x00\x00Y%\xe09\x81P\x10\x05\xa8\x00\x00\x00\x00'
14.014 Disassembled: source: 11139, dest: 13350, seq: 89, ack: 635451777, window: 1448, ACK
14.015 Acknowledged seq: 635450329
14.015 Assembling: source: 13350, dest: 11139, seq: 635451777, ack: 90, window: 1448, data: "icus in his. Pri"...
14.015 Sent: b'4&+\x83%\xe09\x81\x00\x00\x00ZP\x00\x05\xa8\x00\x00\x00\x00icus in his. Pri'...
14.018 Received: b'+\x834&\x00\x00\x00Y%\xe0?)P\x10\x05\xa8\x00\x00\x00\x00'
14.019 Disassembled: source: 11139, dest: 13350, seq: 89, ack: 635453225, window: 1448, ACK
14.019 Acknowledged seq: 635451777
14.019 Assembling: source: 13350, dest: 11139, seq: 635453225, ack: 90, window: 1448, data: "iis et.

Ius cu "...
14.020 Sent: b'4&+\x83%\xe0?)\x00\x00\x00ZP\x00\x05\xa8\x00\x00\x00\x00iis et.\n\nIus cu '...
14.022 Received: b'+\x834&\x00\x00\x00Y%\xe0D\xd1P\x10\x05\xa8\x00\x00\x00\x00'
14.023 Disassembled: source: 11139, dest: 13350, seq: 89, ack: 635454673, window: 1448, ACK
14.023 Acknowledged seq: 635453225
14.023 Assembling: source: 13350, dest: 11139, seq: 635454673, ack: 90, window: 1448, data: "e interesset.

T"...
14.024 Sent: b'4&+\x83%\xe0D\xd1\x00\x00\x00ZP\x00\x05\xa8\x00\x00\x00\x00e interesset.\n\nT'...
14.025 Received: b'+\x834&\x00\x00\x00Y%\xe0JyP\x10\x05\xa8\x00\x00\x00\x00'
14.026 Disassembled: source: 11139, dest: 13350, seq: 89, ack: 635456121, window: 1448, ACK
14.026 Acknowledged seq: 635454673
14.026 Assembling: source: 13350, dest: 11139, seq: 635456121, ack: 90, window: 1448, data: "pro alia volutpa"...
14.027 Failed to send packet
14.527 Sent: b'4&+\x83%\xe0Jy\x00\x00\x00ZP\x00\x05\xa8\x00\x00\x00\x00pro alia volutpa'...
14.530 Failed to receive packet
15.028 Sent: b'4&+\x83%\xe0Jy\x00\x00\x00ZP\x00\x05\xa8\x00\x00\x00\x00pro alia volutpa'...
15.030 Received: b'+\x834&\x00\x00\x00Y%\xe0P!P\x10\x05\xa8\x00\x00\x00\x00'
15.031 Disassembled: source: 11139, dest: 13350, seq: 89, ack: 635457569, window: 1448, ACK
15.031 Acknowledged seq: 635456121
15.031 Assembling: source: 13350, dest: 11139, seq: 635457569, ack: 90, window: 1448, data: " libris equidem "...
15.032 Sent: b'4&+\x83%\xe0P!\x00\x00\x00ZP\x00\x05\xa8\x00\x00\x00\x00 libris equidem '...
15.035 Received: b'+\x834&\x00\x00\x00Y%\xe0U\xc9P\x10\x05\xa8\x00\x00\x00\x00'
15.035 Disassembled: source: 11139, dest: 13350, seq: 89, ack: 635459017, window: 1448, ACK
15.035 Acknowledged seq: 635457569
15.036 Assembling: source: 13350, dest: 11139, seq: 635459017, ack: 90, window: 1448, data: "uavitate volupta"...
15.036 Sent: b'4&+\x83%\xe0U\xc9\x00\x00\x00ZP\x00\x05\xa8\x00\x00\x00\x00uavitate volupta'...
15.039 Received: b'+\x834&\x00\x00\x00Y%\xe0[qP\x10\x05\xa8\x00\x00\x00\x00'
15.040 Disassembled: source: 11139, dest: 13350, seq: 89, ack: 635460465, window: 1448, ACK
15.040 Acknowledged seq: 635459017
15.040 Assembling: source: 13350, dest: 11139, seq: 635460465, ack: 90, window: 1448, data: " Detraxit defini"...
15.041 Sent: b'4&+\x83%\xe0[q\x00\x00\x00ZP\x00\x05\xa8\x00\x00\x00\x00 Detraxit defini'...
15.043 Received: b'+\x834&\x00\x00\x00Y%\xe0a\x19P\x10\x05\xa8\x00\x00\x00\x00'
15.043 Disassembled: source: 11139, dest: 13350, seq: 89, ack: 635461913, window: 1448, ACK
15.043 Acknowledged seq: 635460465
15.044 Assembling: source: 13350, dest: 11139, seq: 635461913, ack: 90, window: 1448, data: "aesent mei. Quo "...
15.044 Sent: b'4&+\x83%\xe0a\x19\x00\x00\x00ZP\x00\x05\xa8\x00\x00\x00\x00aesent mei. Quo '...
15.046 Received: b'+\x834&\x00\x00\x00Y%\xe0f\xc1P\x10\x05\xa8\x00\x00\x00\x00'
15.046 Disassembled: source: 11139, dest: 13350, seq: 89, ack: 635463361, window: 1448, ACK
15.046 Acknowledged seq: 635461913
15.047 Assembling: source: 13350, dest: 11139, seq: 635463361, ack: 90, window: 1448, data: "nterpretaris no "...
15.047 Sent: b'4&+\x83%\xe0f\xc1\x00\x00\x00ZP\x00\x05\xa8\x00\x00\x00\x00nterpretaris no '...
15.049 Received: b'+\x834&\x00\x00\x00Y%\xe0liP\x10\x05\xa8\x00\x00\x00\x00'
15.050 Disassembled: source: 11139, dest: 13350, seq: 89, ack: 635464809, window: 1448, ACK
15.050 Acknowledged seq: 635463361
15.050 Assembling: source: 13350, dest: 11139, seq: 635464809, ack: 90, window: 1448, data: "patrioque has. I"...
15.051 Sent: b'4&+\x83%\xe0li\x00\x00\x00ZP\x00\x05\xa8\x00\x00\x00\x00patrioque has. I'...
15.052 Received: b'+\x834&\x00\x00\x00Y%\xe0r\x11P\x10\x05\xa8\x00\x00\x00\x00'
15.053 Disassembled: source: 11139, dest: 13350, seq: 89, ack: 635466257, window: 1448, ACK
15.053 Acknowledged seq: 635464809
15.053 Assembling: source: 13350, dest: 11139, seq: 635466257, ack: 90, window: 1448, data: "ossit repudianda"...
15.054 Sent: b'4&+\x83%\xe0r\x11\x00\x00\x00ZP\x00\x05\xa8\x00\x00\x00\x00ossit repudianda'...
15.056 Received: b'+\x834&\x00\x00\x00Y%\xe0w\xb9P\x10\x05\xa8\x00\x00\x00\x00'
15.056 Disassembled: source: 11139, dest: 13350, seq: 89, ack: 635467705, window: 1448, ACK
15.057 Acknowledged seq: 635466257
15.057 Assembling: source: 13350, dest: 11139, seq: 635467705, ack: 90, window: 1448, data: "ora consequuntur"...
15.057 Sent: b'4&+\x83%\xe0w\xb9\x00\x00\x00ZP\x00\x05\xa8\x00\x00\x00\x00ora consequuntur'...
15.060 Received: b'+\x834&\x00\x00\x00Y%\xe0}aP\x10\x05\xa8\x00\x00\x00\x00'
15.060 Disassembled: source: 11139, dest: 13350, seq: 89, ack: 635469153, window: 1448, ACK
15.060 Acknowledged seq: 635467705
15.061 Assembling: source: 13350, dest: 11139, seq: 635469153, ack: 90, window: 1448, data: "ctus conceptam a"...
15.061 Sent: b'4&+\x83%\xe0}a\x00\x00\x00ZP\x00\x05\xa8\x00\x00\x00\x00ctus conceptam a'...
15.063 Received: b'+\x834&\x00\x00\x00Y%\xe0\x83\tP\x10\x05\xa8\x00\x00\x00\x00'
15.064 Disassembled: source: 11139, dest: 13350, seq: 89, ack: 635470601, window: 1448, ACK
15.064 Acknowledged seq: 635469153
15.064 Assembling: source: 13350, dest: 11139, seq: 635470601, ack: 90, window: 1448, data: " aeterno te, ne "...
15.065 Sent: b'4&+\x83%\xe0\x83\t\x00\x00\x00ZP\x00\x05\xa8\x00\x00\x00\x00 aeterno te, ne '...
15.067 Received: b'+\x834&\x00\x00\x00Y%\xe0\x88\xb1P\x10\x05\xa8\x00\x00\x00\x00'
15.067 Disassembled: source: 11139, dest: 13350, seq: 89, ack: 635472049, window: 1448, ACK
15.067 Acknowledged seq: 635470601
15.068 Assembling: source: 13350, dest: 11139, seq: 635472049, ack: 90, window: 1448, data: "imis oporteat di"...
15.068 Sent: b'4&+\x83%\xe0\x88\xb1\x00\x00\x00ZP\x00\x05\xa8\x00\x00\x00\x00imis oporteat di'...
15.070 Received: b'+\x834&\x00\x00\x00Y%\xe0\x8eYP\x10\x05\xa8\x00\x00\x00\x00'
15.071 Disassembled: source: 11139, dest: 13350, seq: 89, ack: 635473497, window: 1448, ACK
15.071 Acknowledged seq: 635472049
15.071 Assembling: source: 13350, dest: 11139, seq: 635473497, ack: 90, window: 1448, data: "re. Has virtute "...
15.072 Sent: b'4&+\x83%\xe0\x8eY\x00\x00\x00ZP\x00\x05\xa8\x00\x00\x00\x00re. Has virtute '...
15.074 Received: b'+\x834&\x00\x00\x00Y%\xe0\x94\x01P\x10\x05\xa8\x00\x00\x00\x00'
15.074 Disassembled: source: 11139, dest: 13350, seq: 89, ack: 635474945, window: 1448, ACK
15.074 Acknowledged seq: 635473497
15.075 Assembling: source: 13350, dest: 11139, seq: 635474945, ack: 90, window: 1448, data: " eum ancillae no"...
15.075 Sent: b'4&+\x83%\xe0\x94\x01\x00\x00\x00ZP\x00\x05\xa8\x00\x00\x00\x00 eum ancillae no'...
15.077 Received: b'+\x834&\x00\x00\x00Y%\xe0\x99\xa9P\x10\x05\xa8\x00\x00\x00\x00'
15.078 Disassembled: source: 11139, dest: 13350, seq: 89, ack: 635476393, window: 1448, ACK
15.078 Acknowledged seq: 635474945
15.078 Assembling: source: 13350, dest: 11139, seq: 635476393, ack: 90, window: 1448, data: "ppareat ius. At "...
15.079 Sent: b'4&+\x83%\xe0\x99\xa9\x00\x00\x00ZP\x00\x05\xa8\x00\x00\x00\x00ppareat ius. At '...
15.081 Received: b'+\x834&\x00\x00\x00Y%\xe0\x9fQP\x10\x05\xa8\x00\x00\x00\x00'
15.081 Disassembled: source: 11139, dest: 13350, seq: 89, ack: 635477841, window: 1448, ACK
15.081 Acknowledged seq: 635476393
15.082 Assembling: source: 13350, dest: 11139, seq: 635477841, ack: 90, window: 1448, data: ", vero appellant"...
15.082 Sent: b'4&+\x83%\xe0\x9fQ\x00\x00\x00ZP\x00\x05\xa8\x00\x00\x00\x00, vero appellant'...
15.084 Received: b'+\x834&\x00\x00\x00Y%\xe0\xa4\xf9P\x10\x05\xa8\x00\x00\x00\x00'
15.084 Disassembled: source: 11139, dest: 13350, seq: 89, ack: 635479289, window: 1448, ACK
15.085 Acknowledged seq: 635477841
15.085 Assembling: source: 13350, dest: 11139, seq: 635479289, ack: 90, window: 1448, data: "ibo quando copio"...
15.086 Sent: b'4&+\x83%\xe0\xa4\xf9\x00\x00\x00ZP\x00\x05\xa8\x00\x00\x00\x00ibo quando copio'...
15.088 Received: b'+\x834&\x00\x00\x00Y%\xe0\xaa\xa1P\x10\x05\xa8\x00\x00\x00\x00'
15.088 Disassembled: source: 11139, dest: 13350, seq: 89, ack: 635480737, window: 1448, ACK
15.088 Acknowledged seq: 635479289
15.089 Assembling: source: 13350, dest: 11139, seq: 635480737, ack: 90, window: 1448, data: " maluisset. Sit "...
15.089 Sent: b'4&+\x83%\xe0\xaa\xa1\x00\x00\x00ZP\x00\x05\xa8\x00\x00\x00\x00 maluisset. Sit '...
15.091 Received: b'+\x834&\x00\x00\x00Y%\xe0\xb0IP\x10\x05\xa8\x00\x00\x00\x00'
15.092 Disassembled: source: 11139, dest: 13350, seq: 89, ack: 635482185, window: 1448, ACK
15.092 Acknowledged seq: 635480737
15.092 Assembling: source: 13350, dest: 11139, seq: 635482185, ack: 90, window: 1448, data: "e ceteros albuci"...
15.093 Sent: b'4&+\x83%\xe0\xb0I\x00\x00\x00ZP\x00\x05\xa8\x00\x00\x00\x00e ceteros albuci'...
15.095 Received: b'+\x834&\x00\x00\x00Y%\xe0\xb5\xf1P\x10\x05\xa8\x00\x00\x00\x00'
15.095 Disassembled: source: 11139, dest: 13350, seq: 89, ack: 635483633, window: 1448, ACK
15.095 Acknowledged seq: 635482185
15.096 Assembling: source: 13350, dest: 11139, seq: 635483633, ack: 90, window: 1448, data: "complectitur sea"...
15.096 Sent: b'4&+\x83%\xe0\xb5\xf1\x00\x00\x00ZP\x00\x05\xa8\x00\x00\x00\x00complectitur sea'...
15.098 Failed to receive packet
15.597 Sent: b'4&+\x83%\xe0\xb5\xf1\x00\x00\x00ZP\x00\x05\xa8\x00\x00\x00\x00complectitur sea'...
15.599 Received: b'+\x834&\x00\x00\x00Y%\xe0\xbb\x99P\x10\x05\xa8\x00\x00\x00\x00'
15.600 Disassembled: source: 11139, dest: 13350, seq: 89, ack: 635485081, window: 1448, ACK
15.600 Acknowledged seq: 635483633
15.600 Finished reading file
15.600 Assembling: source: 13350, dest: 11139, seq: 635485081, ack: 90, window: 1448, data: "tempor ex ius. E"...
15.601 Sent: b'4&+\x83%\xe0\xbb\x99\x00\x00\x00ZP\x00\x05\xa8\x00\x00\x00\x00tempor ex ius. E'...
15.604 Received: b'+\x834&\x00\x00\x00Y%\xe0\xbb\xf7P\x10\x05\xa8\x00\x00\x00\x00'
15.604 Disassembled: source: 11139, dest: 13350, seq: 89, ack: 635485175, window: 1448, ACK
15.605 Acknowledged seq: 635485081
15.605 Assembling: source: 13350, dest: 11139, seq: 635485175, ack: 90, window: 1448, ACK, FIN
15.605 Sent: b'4&+\x83%\xe0\xbb\xf7\x00\x00\x00ZP\x11\x05\xa8\x00\x00\x00\x00'
15.608 Failed to receive packet
15.610 Received: b'+\x834&\x00\x00\x00Y%\xe0\xbb\xf8P\x01\x05\xa8\x00\x00\x00\x00'
15.610 Disassembled: source: 11139, dest: 13350, seq: 89, ack: 635485176, window: 1448, FIN
15.611 Error: Responses must be acknowledgements
16.106 Sent: b'4&+\x83%\xe0\xbb\xf7\x00\x00\x00ZP\x11\x05\xa8\x00\x00\x00\x00'
16.606 Sent: b'4&+\x83%\xe0\xbb\xf7\x00\x00\x00ZP\x11\x05\xa8\x00\x00\x00\x00'
17.106 Sent: b'4&+\x83%\xe0\xbb\xf7\x00\x00\x00ZP\x11\x05\xa8\x00\x00\x00\x00'
17.607 Sent: b'4&+\x83%\xe0\xbb\xf7\x00\x00\x00ZP\x11\x05\xa8\x00\x00\x00\x00'
18.107 Sent: b'4&+\x83%\xe0\xbb\xf7\x00\x00\x00ZP\x11\x05\xa8\x00\x00\x00\x00'
18.608 Error: Connection timed out
18.608 Closed connection
18.614 Shutting down
