0.000 NEW RUN: Server, TEST: Read_file__No_file_extension
0.218 Received: b'W\xde`\xd5\x00\x00\x00O\x00\x00\x00\x00P\x02\x05\xa8\x00\x00\x00\x00'
0.218 Disassembled: source: 22494, dest: 24789, seq: 79, window: 1448, SYN
0.218 SYN accepted; new connection: 127.0.0.1 on port 22494
0.219 Assembling: source: 24789, dest: 22494, seq: 527559884, ack: 80, window: 1448, ACK, SYN
0.219 Sent: b'`\xd5W\xde\x1fq\xec\xcc\x00\x00\x00PP\x12\x05\xa8\x00\x00\x00\x00'
0.221 Received: b'W\xde`\xd5\x00\x00\x00P\x1fq\xec\xcdP\x10\x05\xa8\x00\x00\x00\x00'
0.221 Disassembled: source: 22494, dest: 24789, seq: 80, ack: 527559885, window: 1448, ACK
0.221 Handshake complete
0.221 Acknowledged seq: 527559884
0.221 Assembling: source: 24789, dest: 22494, seq: 527559885, ack: 81, window: 1448, data: "Lorem ipsum dolo"...
0.222 Sent: b'`\xd5W\xde\x1fq\xec\xcd\x00\x00\x00QP\x00\x05\xa8\x00\x00\x00\x00Lorem ipsum dolo'...
0.224 Received: b'W\xde`\xd5\x00\x00\x00P\x1fq\xf2uP\x10\x05\xa8\x00\x00\x00\x00'
0.224 Disassembled: source: 22494, dest: 24789, seq: 80, ack: 527561333, window: 1448, ACK
0.224 Acknowledged seq: 527559885
0.224 Assembling: source: 24789, dest: 22494, seq: 527561333, ack: 81, window: 1448, data: "mprehensam nam, "...
0.224 Sent: b'`\xd5W\xde\x1fq\xf2u\x00\x00\x00QP\x00\x05\xa8\x00\x00\x00\x00mprehensam nam, '...
0.226 Received: b'W\xde`\xd5\x00\x00\x00P\x1fq\xf8\x1dP\x10\x05\xa8\x00\x00\x00\x00'
0.227 Disassembled: source: 22494, dest: 24789, seq: 80, ack: 527562781, window: 1448, ACK
0.227 Acknowledged seq: 527561333
0.227 Finished reading file
0.227 Assembling: source: 24789, dest: 22494, seq: 527562781, ack: 81, window: 1448, data: "ilisi repudiare "...
0.227 Sent: b'`\xd5W\xde\x1fq\xf8\x1d\x00\x00\x00QP\x00\x05\xa8\x00\x00\x00\x00ilisi repudiare '...
0.229 Received: b'W\xde`\xd5\x00\x00\x00P\x1fq\xf9xP\x10\x05\xa8\x00\x00\x00\x00'
0.229 Disassembled: source: 22494, dest: 24789, seq: 80, ack: 527563128, window: 1448, ACK
0.230 Acknowledged seq: 527562781
0.230 Assembling: source: 24789, dest: 22494, seq: 527563128, ack: 81, window: 1448, ACK, FIN
0.230 Sent: b'`\xd5W\xde\x1fq\xf9x\x00\x00\x00QP\x11\x05\xa8\x00\x00\x00\x00'
0.231 Received: b'W\xde`\xd5\x00\x00\x00P\x1fq\xf9yP\x10\x05\xa8\x00\x00\x00\x00'
0.232 Disassembled: source: 22494, dest: 24789, seq: 80, ack: 527563129, window: 1448, ACK
0.232 FIN accepted; sending final packet
0.232 Assembling: source: 24789, dest: 22494, seq: 527563129, ack: 81, window: 1448, ACK
0.232 Sent: b'`\xd5W\xde\x1fq\xf9y\x00\x00\x00QP\x10\x05\xa8\x00\x00\x00\x00'
0.232 Closed connection
0.233 Shutting down
