0.000 NEW RUN: Server, TEST: Write_file__Latency
0.232 Received: b'p\xe8\x95\xe4\x00\x00\x00\x06\x00\x00\x00\x00P\x02\x05\xa8\x00\x00\x00\x00'
0.232 Disassembled: source: 28904, dest: 38372, seq: 6, window: 1448, SYN
0.233 SYN accepted; new connection: 127.0.0.1 on port 28904
0.233 Assembling: source: 38372, dest: 28904, seq: 731158311, ack: 7, window: 5808, ACK, SYN
0.233 Sent: b"\x95\xe4p\xe8+\x94\x97'\x00\x00\x00\x07P\x12\x16\xb0\x00\x00\x00\x00"
0.734 Sent: b"\x95\xe4p\xe8+\x94\x97'\x00\x00\x00\x07P\x12\x16\xb0\x00\x00\x00\x00"
1.235 Sent: b"\x95\xe4p\xe8+\x94\x97'\x00\x00\x00\x07P\x12\x16\xb0\x00\x00\x00\x00"
1.238 Received: b'p\xe8\x95\xe4\x00\x00\x00\x07+\x94\x97(P\x10\x16\xb0\x00\x00\x00\x00'
1.239 Disassembled: source: 28904, dest: 38372, seq: 7, ack: 731158312, window: 5808, ACK
1.239 Assembling: source: 38372, dest: 28904, seq: 731158312, ack: 7, window: 5808, ACK
1.239 Sent: b'\x95\xe4p\xe8+\x94\x97(\x00\x00\x00\x07P\x10\x16\xb0\x00\x00\x00\x00'
1.240 Received: b'p\xe8\x95\xe4\x00\x00\x00\x07+\x94\x97(P\x10\x16\xb0\x00\x00\x00\x00Lorem ipsum dolo'...
1.241 Disassembled: source: 28904, dest: 38372, seq: 7, ack: 731158312, window: 5808, ACK, data: "Lorem ipsum dolo"...
1.241 Handshake complete
1.241 Data accepted; writing to file
1.241 Assembling: source: 38372, dest: 28904, seq: 731158312, ack: 1455, window: 5808, ACK
1.242 Sent: b'\x95\xe4p\xe8+\x94\x97(\x00\x00\x05\xafP\x10\x16\xb0\x00\x00\x00\x00'
1.738 Received: b'p\xe8\x95\xe4\x00\x00\x00\x07+\x94\x97(P\x00\x16\xb0\x00\x00\x00\x00Lorem ipsum dolo'...
1.739 Disassembled: source: 28904, dest: 38372, seq: 7, ack: 731158312, window: 5808, data: "Lorem ipsum dolo"...
1.739 Old data; ignoring
1.743 Sent: b'\x95\xe4p\xe8+\x94\x97(\x00\x00\x05\xafP\x10\x16\xb0\x00\x00\x00\x00'
2.239 Received: b'p\xe8\x95\xe4\x00\x00\x00\x07+\x94\x97(P\x10\x16\xb0\x00\x00\x00\x00Lorem ipsum dolo'...
2.239 Disassembled: source: 28904, dest: 38372, seq: 7, ack: 731158312, window: 5808, ACK, data: "Lorem ipsum dolo"...
2.240 Old data; ignoring
2.244 Sent: b'\x95\xe4p\xe8+\x94\x97(\x00\x00\x05\xafP\x10\x16\xb0\x00\x00\x00\x00'
2.244 Received: b'p\xe8\x95\xe4\x00\x00\x00\x07+\x94\x97(P\x00\x16\xb0\x00\x00\x00\x00Lorem ipsum dolo'...
2.245 Disassembled: source: 28904, dest: 38372, seq: 7, ack: 731158312, window: 5808, data: "Lorem ipsum dolo"...
2.245 Old data; ignoring
2.246 Received: b'p\xe8\x95\xe4\x00\x00\x05\xaf+\x94\x97(P\x10\x16\xb0\x00\x00\x00\x00mprehensam nam, '...
2.247 Disassembled: source: 28904, dest: 38372, seq: 1455, ack: 731158312, window: 5808, ACK, data: "mprehensam nam, "...
2.247 Error: Incorrect acknowledgement flag
2.745 Sent: b'\x95\xe4p\xe8+\x94\x97(\x00\x00\x05\xafP\x10\x16\xb0\x00\x00\x00\x00'
2.747 Received: b'p\xe8\x95\xe4\x00\x00\x05\xaf+\x94\x97(P\x00\x16\xb0\x00\x00\x00\x00mprehensam nam, '...
2.748 Disassembled: source: 28904, dest: 38372, seq: 1455, ack: 731158312, window: 5808, data: "mprehensam nam, "...
2.748 Data accepted; writing to file
2.748 Assembling: source: 38372, dest: 28904, seq: 731158312, ack: 2903, window: 5808, ACK
2.749 Sent: b'\x95\xe4p\xe8+\x94\x97(\x00\x00\x0bWP\x10\x16\xb0\x00\x00\x00\x00'
3.248 Received: b'p\xe8\x95\xe4\x00\x00\x05\xaf+\x94\x97(P\x10\x16\xb0\x00\x00\x00\x00mprehensam nam, '...
3.249 Disassembled: source: 28904, dest: 38372, seq: 1455, ack: 731158312, window: 5808, ACK, data: "mprehensam nam, "...
3.249 Old data; ignoring
3.249 Sent: b'\x95\xe4p\xe8+\x94\x97(\x00\x00\x0bWP\x10\x16\xb0\x00\x00\x00\x00'
3.749 Received: b'p\xe8\x95\xe4\x00\x00\x05\xaf+\x94\x97(P\x00\x16\xb0\x00\x00\x00\x00mprehensam nam, '...
3.749 Disassembled: source: 28904, dest: 38372, seq: 1455, ack: 731158312, window: 5808, data: "mprehensam nam, "...
3.749 Old data; ignoring
3.750 Sent: b'\x95\xe4p\xe8+\x94\x97(\x00\x00\x0bWP\x10\x16\xb0\x00\x00\x00\x00'
3.753 Received: b'p\xe8\x95\xe4\x00\x00\x0bW+\x94\x97(P\x10\x16\xb0\x00\x00\x00\x00ilisi repudiare '...
3.754 Disassembled: source: 28904, dest: 38372, seq: 2903, ack: 731158312, window: 5808, ACK, data: "ilisi repudiare "...
3.754 Error: Incorrect acknowledgement flag
4.250 Sent: b'\x95\xe4p\xe8+\x94\x97(\x00\x00\x0bWP\x10\x16\xb0\x00\x00\x00\x00'
4.254 Received: b'p\xe8\x95\xe4\x00\x00\x0bW+\x94\x97(P\x00\x16\xb0\x00\x00\x00\x00ilisi repudiare '...
4.254 Disassembled: source: 28904, dest: 38372, seq: 2903, ack: 731158312, window: 5808, data: "ilisi repudiare "...
4.254 Data accepted; writing to file
4.255 Assembling: source: 38372, dest: 28904, seq: 731158312, ack: 3250, window: 5808, ACK
4.255 Sent: b'\x95\xe4p\xe8+\x94\x97(\x00\x00\x0c\xb2P\x10\x16\xb0\x00\x00\x00\x00'
4.754 Received: b'p\xe8\x95\xe4\x00\x00\x0bW+\x94\x97(P\x10\x16\xb0\x00\x00\x00\x00ilisi repudiare '...
4.755 Disassembled: source: 28904, dest: 38372, seq: 2903, ack: 731158312, window: 5808, ACK, data: "ilisi repudiare "...
4.755 Old data; ignoring
4.756 Sent: b'\x95\xe4p\xe8+\x94\x97(\x00\x00\x0c\xb2P\x10\x16\xb0\x00\x00\x00\x00'
5.255 Received: b'p\xe8\x95\xe4\x00\x00\x0bW+\x94\x97(P\x00\x16\xb0\x00\x00\x00\x00ilisi repudiare '...
5.255 Disassembled: source: 28904, dest: 38372, seq: 2903, ack: 731158312, window: 5808, data: "ilisi repudiare "...
5.255 Old data; ignoring
5.256 Sent: b'\x95\xe4p\xe8+\x94\x97(\x00\x00\x0c\xb2P\x10\x16\xb0\x00\x00\x00\x00'
5.757 Sent: b'\x95\xe4p\xe8+\x94\x97(\x00\x00\x0c\xb2P\x10\x16\xb0\x00\x00\x00\x00'
6.258 Sent: b'\x95\xe4p\xe8+\x94\x97(\x00\x00\x0c\xb2P\x10\x16\xb0\x00\x00\x00\x00'
6.758 Error: Connection timed out
6.758 Closed connection
7.257 Shutting down
