0.000 NEW RUN: Server, TEST: Read_file__Common_drops
0.077 Received: b'\xefCP\xae\x00\x00\x00O\x00\x00\x00\x00P\x02\x05\xa8\x00\x00\x00\x00'
0.078 Disassembled: source: 61251, dest: 20654, seq: 79, window: 1448, SYN
0.078 SYN accepted; new connection: 127.0.0.1 on port 61251
0.078 Assembling: source: 20654, dest: 61251, seq: 1536956816, ack: 80, window: 1448, ACK, SYN
0.079 Sent: b'P\xae\xefC[\x9c\x19\x90\x00\x00\x00PP\x12\x05\xa8\x00\x00\x00\x00'
0.082 Received: b'\xefCP\xae\x00\x00\x00P[\x9c\x19\x91P\x10\x05\xa8\x00\x00\x00\x00'
0.083 Disassembled: source: 61251, dest: 20654, seq: 80, ack: 1536956817, window: 1448, ACK
0.083 Handshake complete
0.083 Acknowledged seq: 1536956816
0.083 Assembling: source: 20654, dest: 61251, seq: 1536956817, ack: 81, window: 1448, data: "Lorem ipsum dolo"...
0.084 Failed to send packet
0.584 Failed to send packet
1.084 Sent: b'P\xae\xefC[\x9c\x19\x91\x00\x00\x00QP\x00\x05\xa8\x00\x00\x00\x00Lorem ipsum dolo'...
1.087 Failed to receive packet
1.585 Sent: b'P\xae\xefC[\x9c\x19\x91\x00\x00\x00QP\x00\x05\xa8\x00\x00\x00\x00Lorem ipsum dolo'...
1.587 Failed to receive packet
2.085 Sent: b'P\xae\xefC[\x9c\x19\x91\x00\x00\x00QP\x00\x05\xa8\x00\x00\x00\x00Lorem ipsum dolo'...
2.088 Failed to receive packet
2.586 Sent: b'P\xae\xefC[\x9c\x19\x91\x00\x00\x00QP\x00\x05\xa8\x00\x00\x00\x00Lorem ipsum dolo'...
2.588 Received: b'\xefCP\xae\x00\x00\x00P[\x9c\x1f9P\x10\x05\xa8\x00\x00\x00\x00'
2.589 Disassembled: source: 61251, dest: 20654, seq: 80, ack: 1536958265, window: 1448, ACK
2.589 Acknowledged seq: 1536956817
2.589 Assembling: source: 20654, dest: 61251, seq: 1536958265, ack: 81, window: 1448, data: "mprehensam nam, "...
2.590 Sent: b'P\xae\xefC[\x9c\x1f9\x00\x00\x00QP\x00\x05\xa8\x00\x00\x00\x00mprehensam nam, '...
2.593 Received: b'\xefCP\xae\x00\x00\x00P[\x9c$\xe1P\x10\x05\xa8\x00\x00\x00\x00'
2.593 Disassembled: source: 61251, dest: 20654, seq: 80, ack: 1536959713, window: 1448, ACK
2.594 Acknowledged seq: 1536958265
2.594 Finished reading file
2.594 Assembling: source: 20654, dest: 61251, seq: 1536959713, ack: 81, window: 1448, data: "ilisi repudiare "...
2.594 Sent: b'P\xae\xefC[\x9c$\xe1\x00\x00\x00QP\x00\x05\xa8\x00\x00\x00\x00ilisi repudiare '...
2.597 Failed to receive packet
3.095 Failed to send packet
3.595 Sent: b'P\xae\xefC[\x9c$\xe1\x00\x00\x00QP\x00\x05\xa8\x00\x00\x00\x00ilisi repudiare '...
4.096 Sent: b'P\xae\xefC[\x9c$\xe1\x00\x00\x00QP\x00\x05\xa8\x00\x00\x00\x00ilisi repudiare '...
4.596 Sent: b'P\xae\xefC[\x9c$\xe1\x00\x00\x00QP\x00\x05\xa8\x00\x00\x00\x00ilisi repudiare '...
5.096 Sent: b'P\xae\xefC[\x9c$\xe1\x00\x00\x00QP\x00\x05\xa8\x00\x00\x00\x00ilisi repudiare '...
5.597 Error: Connection timed out
5.597 Closed connection
5.601 Shutting down
