0.000 NEW RUN: Server, TEST: Read_file__Random_drops
0.077 Received: b'\xb7\xf6\x8c\x82\x00\x00\x00#\x00\x00\x00\x00P\x02\x05\xa8\x00\x00\x00\x00'
0.078 Disassembled: source: 47094, dest: 35970, seq: 35, window: 1448, SYN
0.078 SYN accepted; new connection: 127.0.0.1 on port 47094
0.079 Assembling: source: 35970, dest: 47094, seq: 1502904193, ack: 36, window: 1448, ACK, SYN
0.079 Sent: b'\x8c\x82\xb7\xf6Y\x94\x7f\x81\x00\x00\x00$P\x12\x05\xa8\x00\x00\x00\x00'
0.081 Received: b'\xb7\xf6\x8c\x82\x00\x00\x00$Y\x94\x7f\x82P\x10\x05\xa8\x00\x00\x00\x00'
0.081 Disassembled: source: 47094, dest: 35970, seq: 36, ack: 1502904194, window: 1448, ACK
0.081 Handshake complete
0.082 Acknowledged seq: 1502904193
0.082 Assembling: source: 35970, dest: 47094, seq: 1502904194, ack: 37, window: 1448, data: "Lorem ipsum dolo"...
0.082 Sent: b'\x8c\x82\xb7\xf6Y\x94\x7f\x82\x00\x00\x00%P\x00\x05\xa8\x00\x00\x00\x00Lorem ipsum dolo'...
0.084 Received: b'\xb7\xf6\x8c\x82\x00\x00\x00$Y\x94\x85*P\x10\x05\xa8\x00\x00\x00\x00'
0.084 Disassembled: source: 47094, dest: 35970, seq: 36, ack: 1502905642, window: 1448, ACK
0.085 Acknowledged seq: 1502904194
0.085 Assembling: source: 35970, dest: 47094, seq: 1502905642, ack: 37, window: 1448, data: "mprehensam nam, "...
0.085 Sent: b'\x8c\x82\xb7\xf6Y\x94\x85*\x00\x00\x00%P\x00\x05\xa8\x00\x00\x00\x00mprehensam nam, '...
0.087 Received: b'\xb7\xf6\x8c\x82\x00\x00\x00$Y\x94\x8a\xd2P\x10\x05\xa8\x00\x00\x00\x00'
0.088 Disassembled: source: 47094, dest: 35970, seq: 36, ack: 1502907090, window: 1448, ACK
0.088 Acknowledged seq: 1502905642
0.088 Assembling: source: 35970, dest: 47094, seq: 1502907090, ack: 37, window: 1448, data: "ilisi repudiare "...
0.089 Failed to send packet
0.589 Sent: b'\x8c\x82\xb7\xf6Y\x94\x8a\xd2\x00\x00\x00%P\x00\x05\xa8\x00\x00\x00\x00ilisi repudiare '...
0.592 Received: b'\xb7\xf6\x8c\x82\x00\x00\x00$Y\x94\x90zP\x10\x05\xa8\x00\x00\x00\x00'
0.593 Disassembled: source: 47094, dest: 35970, seq: 36, ack: 1502908538, window: 1448, ACK
0.593 Acknowledged seq: 1502907090
0.593 Assembling: source: 35970, dest: 47094, seq: 1502908538, ack: 37, window: 1448, data: "ta.

Et essent s"...
0.594 Sent: b'\x8c\x82\xb7\xf6Y\x94\x90z\x00\x00\x00%P\x00\x05\xa8\x00\x00\x00\x00ta.\n\nEt essent s'...
0.596 Received: b'\xb7\xf6\x8c\x82\x00\x00\x00$Y\x94\x96"P\x10\x05\xa8\x00\x00\x00\x00'
0.597 Disassembled: source: 47094, dest: 35970, seq: 36, ack: 1502909986, window: 1448, ACK
0.597 Acknowledged seq: 1502908538
0.597 Assembling: source: 35970, dest: 47094, seq: 1502909986, ack: 37, window: 1448, data: " Nihil tractatos"...
0.598 Sent: b'\x8c\x82\xb7\xf6Y\x94\x96"\x00\x00\x00%P\x00\x05\xa8\x00\x00\x00\x00 Nihil tractatos'...
0.601 Received: b'\xb7\xf6\x8c\x82\x00\x00\x00$Y\x94\x9b\xcaP\x10\x05\xa8\x00\x00\x00\x00'
0.601 Disassembled: source: 47094, dest: 35970, seq: 36, ack: 1502911434, window: 1448, ACK
0.602 Acknowledged seq: 1502909986
0.602 Assembling: source: 35970, dest: 47094, seq: 1502911434, ack: 37, window: 1448, data: "fert iuvaret sap"...
0.602 Sent: b'\x8c\x82\xb7\xf6Y\x94\x9b\xca\x00\x00\x00%P\x00\x05\xa8\x00\x00\x00\x00fert iuvaret sap'...
0.605 Received: b'\xb7\xf6\x8c\x82\x00\x00\x00$Y\x94\xa1rP\x10\x05\xa8\x00\x00\x00\x00'
0.606 Disassembled: source: 47094, dest: 35970, seq: 36, ack: 1502912882, window: 1448, ACK
0.606 Acknowledged seq: 1502911434
0.606 Assembling: source: 35970, dest: 47094, seq: 1502912882, ack: 37, window: 1448, data: "ram adipiscing, "...
0.607 Sent: b'\x8c\x82\xb7\xf6Y\x94\xa1r\x00\x00\x00%P\x00\x05\xa8\x00\x00\x00\x00ram adipiscing, '...
0.609 Received: b'\xb7\xf6\x8c\x82\x00\x00\x00$Y\x94\xa7\x1aP\x10\x05\xa8\x00\x00\x00\x00'
0.609 Disassembled: source: 47094, dest: 35970, seq: 36, ack: 1502914330, window: 1448, ACK
0.609 Acknowledged seq: 1502912882
0.610 Assembling: source: 35970, dest: 47094, seq: 1502914330, ack: 37, window: 1448, data: "m veritus vivend"...
0.610 Sent: b'\x8c\x82\xb7\xf6Y\x94\xa7\x1a\x00\x00\x00%P\x00\x05\xa8\x00\x00\x00\x00m veritus vivend'...
0.612 Received: b'\xb7\xf6\x8c\x82\x00\x00\x00$Y\x94\xac\xc2P\x10\x05\xa8\x00\x00\x00\x00'
0.612 Disassembled: source: 47094, dest: 35970, seq: 36, ack: 1502915778, window: 1448, ACK
0.613 Acknowledged seq: 1502914330
0.613 Assembling: source: 35970, dest: 47094, seq: 1502915778, ack: 37, window: 1448, data: " delenit, ignota"...
0.613 Sent: b'\x8c\x82\xb7\xf6Y\x94\xac\xc2\x00\x00\x00%P\x00\x05\xa8\x00\x00\x00\x00 delenit, ignota'...
0.615 Received: b'\xb7\xf6\x8c\x82\x00\x00\x00$Y\x94\xb2jP\x10\x05\xa8\x00\x00\x00\x00'
0.616 Disassembled: source: 47094, dest: 35970, seq: 36, ack: 1502917226, window: 1448, ACK
0.616 Acknowledged seq: 1502915778
0.616 Assembling: source: 35970, dest: 47094, seq: 1502917226, ack: 37, window: 1448, data: "se explicari des"...
0.617 Sent: b'\x8c\x82\xb7\xf6Y\x94\xb2j\x00\x00\x00%P\x00\x05\xa8\x00\x00\x00\x00se explicari des'...
0.619 Received: b'\xb7\xf6\x8c\x82\x00\x00\x00$Y\x94\xb8\x12P\x10\x05\xa8\x00\x00\x00\x00'
0.619 Disassembled: source: 47094, dest: 35970, seq: 36, ack: 1502918674, window: 1448, ACK
0.619 Acknowledged seq: 1502917226
0.620 Assembling: source: 35970, dest: 47094, seq: 1502918674, ack: 37, window: 1448, data: "piscing, in modo"...
0.620 Failed to send packet
1.121 Sent: b'\x8c\x82\xb7\xf6Y\x94\xb8\x12\x00\x00\x00%P\x00\x05\xa8\x00\x00\x00\x00piscing, in modo'...
1.124 Received: b'\xb7\xf6\x8c\x82\x00\x00\x00$Y\x94\xbd\xbaP\x10\x05\xa8\x00\x00\x00\x00'
1.124 Disassembled: source: 47094, dest: 35970, seq: 36, ack: 1502920122, window: 1448, ACK
1.124 Acknowledged seq: 1502918674
1.125 Assembling: source: 35970, dest: 47094, seq: 1502920122, ack: 37, window: 1448, data: "o copiosae tacim"...
1.125 Sent: b'\x8c\x82\xb7\xf6Y\x94\xbd\xba\x00\x00\x00%P\x00\x05\xa8\x00\x00\x00\x00o copiosae tacim'...
1.128 Failed to receive packet
1.626 Sent: b'\x8c\x82\xb7\xf6Y\x94\xbd\xba\x00\x00\x00%P\x00\x05\xa8\x00\x00\x00\x00o copiosae tacim'...
1.628 Received: b'\xb7\xf6\x8c\x82\x00\x00\x00$Y\x94\xc3bP\x10\x05\xa8\x00\x00\x00\x00'
1.629 Disassembled: source: 47094, dest: 35970, seq: 36, ack: 1502921570, window: 1448, ACK
1.629 Acknowledged seq: 1502920122
1.629 Assembling: source: 35970, dest: 47094, seq: 1502921570, ack: 37, window: 1448, data: "am. Pri ne antio"...
1.630 Sent: b'\x8c\x82\xb7\xf6Y\x94\xc3b\x00\x00\x00%P\x00\x05\xa8\x00\x00\x00\x00am. Pri ne antio'...
1.633 Received: b'\xb7\xf6\x8c\x82\x00\x00\x00$Y\x94\xc9\nP\x10\x05\xa8\x00\x00\x00\x00'
1.633 Disassembled: source: 47094, dest: 35970, seq: 36, ack: 1502923018, window: 1448, ACK
1.634 Acknowledged seq: 1502921570
1.634 Assembling: source: 35970, dest: 47094, seq: 1502923018, ack: 37, window: 1448, data: "to no. Elitr pos"...
1.634 Failed to send packet
2.135 Sent: b'\x8c\x82\xb7\xf6Y\x94\xc9\n\x00\x00\x00%P\x00\x05\xa8\x00\x00\x00\x00to no. Elitr pos'...
2.138 Received: b'\xb7\xf6\x8c\x82\x00\x00\x00$Y\x94\xce\xb2P\x10\x05\xa8\x00\x00\x00\x00'
2.138 Disassembled: source: 47094, dest: 35970, seq: 36, ack: 1502924466, window: 1448, ACK
2.138 Acknowledged seq: 1502923018
2.139 Assembling: source: 35970, dest: 47094, seq: 1502924466, ack: 37, window: 1448, data: "pretaris, sea ex"...
2.139 Sent: b'\x8c\x82\xb7\xf6Y\x94\xce\xb2\x00\x00\x00%P\x00\x05\xa8\x00\x00\x00\x00pretaris, sea ex'...
2.142 Received: b'\xb7\xf6\x8c\x82\x00\x00\x00$Y\x94\xd4ZP\x10\x05\xa8\x00\x00\x00\x00'
2.143 Disassembled: source: 47094, dest: 35970, seq: 36, ack: 1502925914, window: 1448, ACK
2.143 Acknowledged seq: 1502924466
2.143 Assembling: source: 35970, dest: 47094, seq: 1502925914, ack: 37, window: 1448, data: "oporteat inimicu"...
2.144 Sent: b'\x8c\x82\xb7\xf6Y\x94\xd4Z\x00\x00\x00%P\x00\x05\xa8\x00\x00\x00\x00oporteat inimicu'...
2.147 Received: b'\xb7\xf6\x8c\x82\x00\x00\x00$Y\x94\xda\x02P\x10\x05\xa8\x00\x00\x00\x00'
2.147 Disassembled: source: 47094, dest: 35970, seq: 36, ack: 1502927362, window: 1448, ACK
2.147 Acknowledged seq: 1502925914
2.148 Assembling: source: 35970, dest: 47094, seq: 1502927362, ack: 37, window: 1448, data: "ligendi officiis"...
2.148 Sent: b'\x8c\x82\xb7\xf6Y\x94\xda\x02\x00\x00\x00%P\x00\x05\xa8\x00\x00\x00\x00ligendi officiis'...
2.150 Received: b'\xb7\xf6\x8c\x82\x00\x00\x00$Y\x94\xdf\xaaP\x10\x05\xa8\x00\x00\x00\x00'
2.150 Disassembled: source: 47094, dest: 35970, seq: 36, ack: 1502928810, window: 1448, ACK
2.150 Acknowledged seq: 1502927362
2.151 Assembling: source: 35970, dest: 47094, seq: 1502928810, ack: 37, window: 1448, data: "no vel regione i"...
2.151 Sent: b'\x8c\x82\xb7\xf6Y\x94\xdf\xaa\x00\x00\x00%P\x00\x05\xa8\x00\x00\x00\x00no vel regione i'...
2.153 Received: b'\xb7\xf6\x8c\x82\x00\x00\x00$Y\x94\xe5RP\x10\x05\xa8\x00\x00\x00\x00'
2.153 Disassembled: source: 47094, dest: 35970, seq: 36, ack: 1502930258, window: 1448, ACK
2.153 Acknowledged seq: 1502928810
2.154 Assembling: source: 35970, dest: 47094, seq: 1502930258, ack: 37, window: 1448, data: "ibus vis ex, pro"...
2.154 Sent: b'\x8c\x82\xb7\xf6Y\x94\xe5R\x00\x00\x00%P\x00\x05\xa8\x00\x00\x00\x00ibus vis ex, pro'...
2.156 Received: b'\xb7\xf6\x8c\x82\x00\x00\x00$Y\x94\xea\xfaP\x10\x05\xa8\x00\x00\x00\x00'
2.156 Disassembled: source: 47094, dest: 35970, seq: 36, ack: 1502931706, window: 1448, ACK
2.157 Acknowledged seq: 1502930258
2.157 Assembling: source: 35970, dest: 47094, seq: 1502931706, ack: 37, window: 1448, data: "o vix, mel ea li"...
2.157 Sent: b'\x8c\x82\xb7\xf6Y\x94\xea\xfa\x00\x00\x00%P\x00\x05\xa8\x00\x00\x00\x00o vix, mel ea li'...
2.159 Received: b'\xb7\xf6\x8c\x82\x00\x00\x00$Y\x94\xf0\xa2P\x10\x05\xa8\x00\x00\x00\x00'
2.160 Disassembled: source: 47094, dest: 35970, seq: 36, ack: 1502933154, window: 1448, ACK
2.160 Acknowledged seq: 1502931706
2.160 Assembling: source: 35970, dest: 47094, seq: 1502933154, ack: 37, window: 1448, data: "d. Ex fugit suav"...
2.160 Sent: b'\x8c\x82\xb7\xf6Y\x94\xf0\xa2\x00\x00\x00%P\x00\x05\xa8\x00\x00\x00\x00d. Ex fugit suav'...
2.162 Received: b'\xb7\xf6\x8c\x82\x00\x00\x00$Y\x94\xf6JP\x10\x05\xa8\x00\x00\x00\x00'
2.163 Disassembled: source: 47094, dest: 35970, seq: 36, ack: 1502934602, window: 1448, ACK
2.163 Acknowledged seq: 1502933154
2.163 Assembling: source: 35970, dest: 47094, seq: 1502934602, ack: 37, window: 1448, data: "pertinax nec. De"...
2.164 Sent: b'\x8c\x82\xb7\xf6Y\x94\xf6J\x00\x00\x00%P\x00\x05\xa8\x00\x00\x00\x00pertinax nec. De'...
2.166 Failed to receive packet
2.664 Sent: b'\x8c\x82\xb7\xf6Y\x94\xf6J\x00\x00\x00%P\x00\x05\xa8\x00\x00\x00\x00pertinax nec. De'...
2.667 Received: b'\xb7\xf6\x8c\x82\x00\x00\x00$Y\x94\xfb\xf2P\x10\x05\xa8\x00\x00\x00\x00'
2.667 Disassembled: source: 47094, dest: 35970, seq: 36, ack: 1502936050, window: 1448, ACK
2.668 Acknowledged seq: 1502934602
2.668 Assembling: source: 35970, dest: 47094, seq: 1502936050, ack: 37, window: 1448, data: "lli primis praes"...
2.668 Sent: b'\x8c\x82\xb7\xf6Y\x94\xfb\xf2\x00\x00\x00%P\x00\x05\xa8\x00\x00\x00\x00lli primis praes'...
2.671 Received: b'\xb7\xf6\x8c\x82\x00\x00\x00$Y\x95\x01\x9aP\x10\x05\xa8\x00\x00\x00\x00'
2.672 Disassembled: source: 47094, dest: 35970, seq: 36, ack: 1502937498, window: 1448, ACK
2.672 Acknowledged seq: 1502936050
2.672 Assembling: source: 35970, dest: 47094, seq: 1502937498, ack: 37, window: 1448, data: "m, percipit inte"...
2.673 Sent: b'\x8c\x82\xb7\xf6Y\x95\x01\x9a\x00\x00\x00%P\x00\x05\xa8\x00\x00\x00\x00m, percipit inte'...
2.676 Received: b'\xb7\xf6\x8c\x82\x00\x00\x00$Y\x95\x07BP\x10\x05\xa8\x00\x00\x00\x00'
2.676 Disassembled: source: 47094, dest: 35970, seq: 36, ack: 1502938946, window: 1448, ACK
2.676 Acknowledged seq: 1502937498
2.677 Assembling: source: 35970, dest: 47094, seq: 1502938946, ack: 37, window: 1448, data: "nani docendi pat"...
2.677 Sent: b'\x8c\x82\xb7\xf6Y\x95\x07B\x00\x00\x00%P\x00\x05\xa8\x00\x00\x00\x00nani docendi pat'...
2.680 Received: b'\xb7\xf6\x8c\x82\x00\x00\x00$Y\x95\x0c\xeaP\x10\x05\xa8\x00\x00\x00\x00'
2.681 Disassembled: source: 47094, dest: 35970, seq: 36, ack: 1502940394, window: 1448, ACK
2.681 Acknowledged seq: 1502938946
2.681 Assembling: source: 35970, dest: 47094, seq: 1502940394, ack: 37, window: 1448, data: " vis decore poss"...
2.682 Sent: b'\x8c\x82\xb7\xf6Y\x95\x0c\xea\x00\x00\x00%P\x00\x05\xa8\x00\x00\x00\x00 vis decore poss'...
2.684 Received: b'\xb7\xf6\x8c\x82\x00\x00\x00$Y\x95\x12\x92P\x10\x05\xa8\x00\x00\x00\x00'
2.684 Disassembled: source: 47094, dest: 35970, seq: 36, ack: 1502941842, window: 1448, ACK
2.684 Acknowledged seq: 1502940394
2.685 Assembling: source: 35970, dest: 47094, seq: 1502941842, ack: 37, window: 1448, data: "eam odio corpora"...
2.685 Sent: b'\x8c\x82\xb7\xf6Y\x95\x12\x92\x00\x00\x00%P\x00\x05\xa8\x00\x00\x00\x00eam odio corpora'...
2.687 Failed to receive packet
3.186 Failed to send packet
3.686 Sent: b'\x8c\x82\xb7\xf6Y\x95\x12\x92\x00\x00\x00%P\x00\x05\xa8\x00\x00\x00\x00eam odio corpora'...
3.689 Failed to receive packet
4.186 Sent: b'\x8c\x82\xb7\xf6Y\x95\x12\x92\x00\x00\x00%P\x00\x05\xa8\x00\x00\x00\x00eam odio corpora'...
4.189 Failed to receive packet
4.687 Sent: b'\x8c\x82\xb7\xf6Y\x95\x12\x92\x00\x00\x00%P\x00\x05\xa8\x00\x00\x00\x00eam odio corpora'...
4.689 Received: b'\xb7\xf6\x8c\x82\x00\x00\x00$Y\x95\x18:P\x10\x05\xa8\x00\x00\x00\x00'
4.690 Disassembled: source: 47094, dest: 35970, seq: 36, ack: 1502943290, window: 1448, ACK
4.690 Acknowledged seq: 1502941842
4.690 Assembling: source: 35970, dest: 47094, seq: 1502943290, ack: 37, window: 1448, data: " est. Usu sanctu"...
4.691 Sent: b'\x8c\x82\xb7\xf6Y\x95\x18:\x00\x00\x00%P\x00\x05\xa8\x00\x00\x00\x00 est. Usu sanctu'...
4.694 Received: b'\xb7\xf6\x8c\x82\x00\x00\x00$Y\x95\x1d\xe2P\x10\x05\xa8\x00\x00\x00\x00'
4.694 Disassembled: source: 47094, dest: 35970, seq: 36, ack: 1502944738, window: 1448, ACK
4.695 Acknowledged seq: 1502943290
4.695 Assembling: source: 35970, dest: 47094, seq: 1502944738, ack: 37, window: 1448, data: ".

Mei graeco ae"...
4.695 Sent: b'\x8c\x82\xb7\xf6Y\x95\x1d\xe2\x00\x00\x00%P\x00\x05\xa8\x00\x00\x00\x00.\n\nMei graeco ae'...
4.698 Received: b'\xb7\xf6\x8c\x82\x00\x00\x00$Y\x95#\x8aP\x10\x05\xa8\x00\x00\x00\x00'
4.699 Disassembled: source: 47094, dest: 35970, seq: 36, ack: 1502946186, window: 1448, ACK
4.699 Acknowledged seq: 1502944738
4.699 Assembling: source: 35970, dest: 47094, seq: 1502946186, ack: 37, window: 1448, data: "et. Ne sea primi"...
4.700 Sent: b'\x8c\x82\xb7\xf6Y\x95#\x8a\x00\x00\x00%P\x00\x05\xa8\x00\x00\x00\x00et. Ne sea primi'...
4.701 Failed to receive packet
5.200 Sent: b'\x8c\x82\xb7\xf6Y\x95#\x8a\x00\x00\x00%P\x00\x05\xa8\x00\x00\x00\x00et. Ne sea primi'...
5.203 Received: b'\xb7\xf6\x8c\x82\x00\x00\x00$Y\x95)2P\x10\x05\xa8\x00\x00\x00\x00'
5.204 Disassembled: source: 47094, dest: 35970, seq: 36, ack: 1502947634, window: 1448, ACK
5.204 Acknowledged seq: 1502946186
5.204 Assembling: source: 35970, dest: 47094, seq: 1502947634, ack: 37, window: 1448, data: "ittam convenire."...
5.205 Sent: b'\x8c\x82\xb7\xf6Y\x95)2\x00\x00\x00%P\x00\x05\xa8\x00\x00\x00\x00ittam convenire.'...
5.208 Received: b'\xb7\xf6\x8c\x82\x00\x00\x00$Y\x95.\xdaP\x10\x05\xa8\x00\x00\x00\x00'
5.208 Disassembled: source: 47094, dest: 35970, seq: 36, ack: 1502949082, window: 1448, ACK
5.208 Acknowledged seq: 1502947634
5.209 Assembling: source: 35970, dest: 47094, seq: 1502949082, ack: 37, window: 1448, data: "ua et vis, id eu"...
5.209 Sent: b'\x8c\x82\xb7\xf6Y\x95.\xda\x00\x00\x00%P\x00\x05\xa8\x00\x00\x00\x00ua et vis, id eu'...
5.212 Received: b'\xb7\xf6\x8c\x82\x00\x00\x00$Y\x954\x82P\x10\x05\xa8\x00\x00\x00\x00'
5.213 Disassembled: source: 47094, dest: 35970, seq: 36, ack: 1502950530, window: 1448, ACK
5.213 Acknowledged seq: 1502949082
5.213 Assembling: source: 35970, dest: 47094, seq: 1502950530, ack: 37, window: 1448, data: "r. Et velit appa"...
5.214 Sent: b'\x8c\x82\xb7\xf6Y\x954\x82\x00\x00\x00%P\x00\x05\xa8\x00\x00\x00\x00r. Et velit appa'...
5.217 Received: b'\xb7\xf6\x8c\x82\x00\x00\x00$Y\x95:*P\x10\x05\xa8\x00\x00\x00\x00'
5.217 Disassembled: source: 47094, dest: 35970, seq: 36, ack: 1502951978, window: 1448, ACK
5.217 Acknowledged seq: 1502950530
5.218 Assembling: source: 35970, dest: 47094, seq: 1502951978, ack: 37, window: 1448, data: " novum laudem, v"...
5.218 Sent: b'\x8c\x82\xb7\xf6Y\x95:*\x00\x00\x00%P\x00\x05\xa8\x00\x00\x00\x00 novum laudem, v'...
5.220 Received: b'\xb7\xf6\x8c\x82\x00\x00\x00$Y\x95?\xd2P\x10\x05\xa8\x00\x00\x00\x00'
5.221 Disassembled: source: 47094, dest: 35970, seq: 36, ack: 1502953426, window: 1448, ACK
5.221 Acknowledged seq: 1502951978
5.221 Assembling: source: 35970, dest: 47094, seq: 1502953426, ack: 37, window: 1448, data: "luptatibus, cibo"...
5.222 Sent: b'\x8c\x82\xb7\xf6Y\x95?\xd2\x00\x00\x00%P\x00\x05\xa8\x00\x00\x00\x00luptatibus, cibo'...
5.223 Received: b'\xb7\xf6\x8c\x82\x00\x00\x00$Y\x95EzP\x10\x05\xa8\x00\x00\x00\x00'
5.224 Disassembled: source: 47094, dest: 35970, seq: 36, ack: 1502954874, window: 1448, ACK
5.224 Acknowledged seq: 1502953426
5.224 Assembling: source: 35970, dest: 47094, seq: 1502954874, ack: 37, window: 1448, data: "alii indoctum ma"...
5.225 Failed to send packet
5.725 Sent: b'\x8c\x82\xb7\xf6Y\x95Ez\x00\x00\x00%P\x00\x05\xa8\x00\x00\x00\x00alii indoctum ma'...
5.728 Received: b'\xb7\xf6\x8c\x82\x00\x00\x00$Y\x95K"P\x10\x05\xa8\x00\x00\x00\x00'
5.729 Disassembled: source: 47094, dest: 35970, seq: 36, ack: 1502956322, window: 1448, ACK
5.729 Acknowledged seq: 1502954874
5.729 Assembling: source: 35970, dest: 47094, seq: 1502956322, ack: 37, window: 1448, data: "im, his facete c"...
5.730 Sent: b'\x8c\x82\xb7\xf6Y\x95K"\x00\x00\x00%P\x00\x05\xa8\x00\x00\x00\x00im, his facete c'...
5.733 Received: b'\xb7\xf6\x8c\x82\x00\x00\x00$Y\x95P\xcaP\x10\x05\xa8\x00\x00\x00\x00'
5.733 Disassembled: source: 47094, dest: 35970, seq: 36, ack: 1502957770, window: 1448, ACK
5.733 Acknowledged seq: 1502956322
5.734 Assembling: source: 35970, dest: 47094, seq: 1502957770, ack: 37, window: 1448, data: "e alia dolor com"...
5.734 Sent: b'\x8c\x82\xb7\xf6Y\x95P\xca\x00\x00\x00%P\x00\x05\xa8\x00\x00\x00\x00e alia dolor com'...
5.737 Received: b'\xb7\xf6\x8c\x82\x00\x00\x00$Y\x95VrP\x10\x05\xa8\x00\x00\x00\x00'
5.737 Disassembled: source: 47094, dest: 35970, seq: 36, ack: 1502959218, window: 1448, ACK
5.738 Acknowledged seq: 1502957770
5.738 Assembling: source: 35970, dest: 47094, seq: 1502959218, ack: 37, window: 1448, data: "it ea, reque tem"...
5.738 Sent: b'\x8c\x82\xb7\xf6Y\x95Vr\x00\x00\x00%P\x00\x05\xa8\x00\x00\x00\x00it ea, reque tem'...
5.741 Received: b'\xb7\xf6\x8c\x82\x00\x00\x00$Y\x95\\\x1aP\x10\x05\xa8\x00\x00\x00\x00'
5.742 Disassembled: source: 47094, dest: 35970, seq: 36, ack: 1502960666, window: 1448, ACK
5.742 Acknowledged seq: 1502959218
5.742 Assembling: source: 35970, dest: 47094, seq: 1502960666, ack: 37, window: 1448, data: "alisque.

Equide"...
5.742 Sent: b'\x8c\x82\xb7\xf6Y\x95\\\x1a\x00\x00\x00%P\x00\x05\xa8\x00\x00\x00\x00alisque.\n\nEquide'...
5.744 Received: b'\xb7\xf6\x8c\x82\x00\x00\x00$Y\x95a\xc2P\x10\x05\xa8\x00\x00\x00\x00'
5.745 Disassembled: source: 47094, dest: 35970, seq: 36, ack: 1502962114, window: 1448, ACK
5.745 Acknowledged seq: 1502960666
5.745 Assembling: source: 35970, dest: 47094, seq: 1502962114, ack: 37, window: 1448, data: "finitiones, affe"...
5.746 Sent: b'\x8c\x82\xb7\xf6Y\x95a\xc2\x00\x00\x00%P\x00\x05\xa8\x00\x00\x00\x00finitiones, affe'...
5.747 Failed to receive packet
6.246 Failed to send packet
6.746 Sent: b'\x8c\x82\xb7\xf6Y\x95a\xc2\x00\x00\x00%P\x00\x05\xa8\x00\x00\x00\x00finitiones, affe'...
6.749 Received: b'\xb7\xf6\x8c\x82\x00\x00\x00$Y\x95gjP\x10\x05\xa8\x00\x00\x00\x00'
6.750 Disassembled: source: 47094, dest: 35970, seq: 36, ack: 1502963562, window: 1448, ACK
6.750 Acknowledged seq: 1502962114
6.750 Assembling: source: 35970, dest: 47094, seq: 1502963562, ack: 37, window: 1448, data: "his duis graeco "...
6.751 Sent: b'\x8c\x82\xb7\xf6Y\x95gj\x00\x00\x00%P\x00\x05\xa8\x00\x00\x00\x00his duis graeco '...
6.754 Received: b'\xb7\xf6\x8c\x82\x00\x00\x00$Y\x95m\x12P\x10\x05\xa8\x00\x00\x00\x00'
6.754 Disassembled: source: 47094, dest: 35970, seq: 36, ack: 1502965010, window: 1448, ACK
6.754 Acknowledged seq: 1502963562
6.755 Assembling: source: 35970, dest: 47094, seq: 1502965010, ack: 37, window: 1448, data: "am. Alia possit "...
6.755 Sent: b'\x8c\x82\xb7\xf6Y\x95m\x12\x00\x00\x00%P\x00\x05\xa8\x00\x00\x00\x00am. Alia possit '...
6.758 Failed to receive packet
7.255 Sent: b'\x8c\x82\xb7\xf6Y\x95m\x12\x00\x00\x00%P\x00\x05\xa8\x00\x00\x00\x00am. Alia possit '...
7.258 Received: b'\xb7\xf6\x8c\x82\x00\x00\x00$Y\x95r\xbaP\x10\x05\xa8\x00\x00\x00\x00'
7.259 Disassembled: source: 47094, dest: 35970, seq: 36, ack: 1502966458, window: 1448, ACK
7.259 Acknowledged seq: 1502965010
7.259 Assembling: source: 35970, dest: 47094, seq: 1502966458, ack: 37, window: 1448, data: "cum an. Mei faci"...
7.260 Sent: b'\x8c\x82\xb7\xf6Y\x95r\xba\x00\x00\x00%P\x00\x05\xa8\x00\x00\x00\x00cum an. Mei faci'...
7.263 Received: b'\xb7\xf6\x8c\x82\x00\x00\x00$Y\x95xbP\x10\x05\xa8\x00\x00\x00\x00'
7.263 Disassembled: source: 47094, dest: 35970, seq: 36, ack: 1502967906, window: 1448, ACK
7.263 Acknowledged seq: 1502966458
7.264 Assembling: source: 35970, dest: 47094, seq: 1502967906, ack: 37, window: 1448, data: " vis adhuc tatio"...
7.264 Sent: b'\x8c\x82\xb7\xf6Y\x95xb\x00\x00\x00%P\x00\x05\xa8\x00\x00\x00\x00 vis adhuc tatio'...
7.267 Received: b'\xb7\xf6\x8c\x82\x00\x00\x00$Y\x95~\nP\x10\x05\xa8\x00\x00\x00\x00'
7.268 Disassembled: source: 47094, dest: 35970, seq: 36, ack: 1502969354, window: 1448, ACK
7.268 Acknowledged seq: 1502967906
7.268 Assembling: source: 35970, dest: 47094, seq: 1502969354, ack: 37, window: 1448, data: "im eu option iuv"...
7.269 Sent: b'\x8c\x82\xb7\xf6Y\x95~\n\x00\x00\x00%P\x00\x05\xa8\x00\x00\x00\x00im eu option iuv'...
7.272 Failed to receive packet
7.769 Sent: b'\x8c\x82\xb7\xf6Y\x95~\n\x00\x00\x00%P\x00\x05\xa8\x00\x00\x00\x00im eu option iuv'...
7.772 Received: b'\xb7\xf6\x8c\x82\x00\x00\x00$Y\x95\x83\xb2P\x10\x05\xa8\x00\x00\x00\x00'
7.772 Disassembled: source: 47094, dest: 35970, seq: 36, ack: 1502970802, window: 1448, ACK
7.772 Acknowledged seq: 1502969354
7.773 Assembling: source: 35970, dest: 47094, seq: 1502970802, ack: 37, window: 1448, data: "ex epicurei taci"...
7.773 Sent: b'\x8c\x82\xb7\xf6Y\x95\x83\xb2\x00\x00\x00%P\x00\x05\xa8\x00\x00\x00\x00ex epicurei taci'...
7.776 Received: b'\xb7\xf6\x8c\x82\x00\x00\x00$Y\x95\x89ZP\x10\x05\xa8\x00\x00\x00\x00'
7.777 Disassembled: source: 47094, dest: 35970, seq: 36, ack: 1502972250, window: 1448, ACK
7.777 Acknowledged seq: 1502970802
7.777 Assembling: source: 35970, dest: 47094, seq: 1502972250, ack: 37, window: 1448, data: "ebat, eu pro ero"...
7.778 Sent: b'\x8c\x82\xb7\xf6Y\x95\x89Z\x00\x00\x00%P\x00\x05\xa8\x00\x00\x00\x00ebat, eu pro ero'...
7.781 Received: b'\xb7\xf6\x8c\x82\x00\x00\x00$Y\x95\x8f\x02P\x10\x05\xa8\x00\x00\x00\x00'
7.781 Disassembled: source: 47094, dest: 35970, seq: 36, ack: 1502973698, window: 1448, ACK
7.781 Acknowledged seq: 1502972250
7.782 Assembling: source: 35970, dest: 47094, seq: 1502973698, ack: 37, window: 1448, data: "s. Per no sale v"...
7.782 Sent: b'\x8c\x82\xb7\xf6Y\x95\x8f\x02\x00\x00\x00%P\x00\x05\xa8\x00\x00\x00\x00s. Per no sale v'...
7.785 Received: b'\xb7\xf6\x8c\x82\x00\x00\x00$Y\x95\x94\xaaP\x10\x05\xa8\x00\x00\x00\x00'
7.785 Disassembled: source: 47094, dest: 35970, seq: 36, ack: 1502975146, window: 1448, ACK
7.786 Acknowledged seq: 1502973698
7.786 Assembling: source: 35970, dest: 47094, seq: 1502975146, ack: 37, window: 1448, data: "orrupte ea mel. "...
7.786 Sent: b'\x8c\x82\xb7\xf6Y\x95\x94\xaa\x00\x00\x00%P\x00\x05\xa8\x00\x00\x00\x00orrupte ea mel. '...
7.788 Received: b'\xb7\xf6\x8c\x82\x00\x00\x00$Y\x95\x9aRP\x10\x05\xa8\x00\x00\x00\x00'
7.789 Disassembled: source: 47094, dest: 35970, seq: 36, ack: 1502976594, window: 1448, ACK
7.789 Acknowledged seq: 1502975146
7.789 Assembling: source: 35970, dest: 47094, seq: 1502976594, ack: 37, window: 1448, data: ". Est iracundia "...
7.790 Sent: b'\x8c\x82\xb7\xf6Y\x95\x9aR\x00\x00\x00%P\x00\x05\xa8\x00\x00\x00\x00. Est iracundia '...
7.792 Received: b'\xb7\xf6\x8c\x82\x00\x00\x00$Y\x95\x9f\xfaP\x10\x05\xa8\x00\x00\x00\x00'
7.792 Disassembled: source: 47094, dest: 35970, seq: 36, ack: 1502978042, window: 1448, ACK
7.792 Acknowledged seq: 1502976594
7.792 Assembling: source: 35970, dest: 47094, seq: 1502978042, ack: 37, window: 1448, data: "pta probatus scr"...
7.793 Sent: b'\x8c\x82\xb7\xf6Y\x95\x9f\xfa\x00\x00\x00%P\x00\x05\xa8\x00\x00\x00\x00pta probatus scr'...
7.795 Received: b'\xb7\xf6\x8c\x82\x00\x00\x00$Y\x95\xa5\xa2P\x10\x05\xa8\x00\x00\x00\x00'
7.795 Disassembled: source: 47094, dest: 35970, seq: 36, ack: 1502979490, window: 1448, ACK
7.796 Acknowledged seq: 1502978042
7.796 Assembling: source: 35970, dest: 47094, seq: 1502979490, ack: 37, window: 1448, data: "entur ei, pro ei"...
7.796 Sent: b'\x8c\x82\xb7\xf6Y\x95\xa5\xa2\x00\x00\x00%P\x00\x05\xa8\x00\x00\x00\x00entur ei, pro ei'...
7.798 Received: b'\xb7\xf6\x8c\x82\x00\x00\x00$Y\x95\xabJP\x10\x05\xa8\x00\x00\x00\x00'
7.799 Disassembled: source: 47094, dest: 35970, seq: 36, ack: 1502980938, window: 1448, ACK
7.799 Acknowledged seq: 1502979490
7.799 Assembling: source: 35970, dest: 47094, seq: 1502980938, ack: 37, window: 1448, data: "simul euismod vi"...
7.800 Sent: b'\x8c\x82\xb7\xf6Y\x95\xabJ\x00\x00\x00%P\x00\x05\xa8\x00\x00\x00\x00simul euismod vi'...
7.802 Received: b'\xb7\xf6\x8c\x82\x00\x00\x00$Y\x95\xb0\xf2P\x10\x05\xa8\x00\x00\x00\x00'
7.802 Disassembled: source: 47094, dest: 35970, seq: 36, ack: 1502982386, window: 1448, ACK
7.802 Acknowledged seq: 1502980938
7.803 Assembling: source: 35970, dest: 47094, seq: 1502982386, ack: 37, window: 1448, data: ", eam id iudico "...
7.803 Sent: b'\x8c\x82\xb7\xf6Y\x95\xb0\xf2\x00\x00\x00%P\x00\x05\xa8\x00\x00\x00\x00, eam id iudico '...
7.805 Received: b'\xb7\xf6\x8c\x82\x00\x00\x00$Y\x95\xb6\x9aP\x10\x05\xa8\x00\x00\x00\x00'
7.806 Disassembled: source: 47094, dest: 35970, seq: 36, ack: 1502983834, window: 1448, ACK
7.806 Acknowledged seq: 1502982386
7.806 Assembling: source: 35970, dest: 47094, seq: 1502983834, ack: 37, window: 1448, data: "m vix. Ea est mu"...
7.806 Sent: b'\x8c\x82\xb7\xf6Y\x95\xb6\x9a\x00\x00\x00%P\x00\x05\xa8\x00\x00\x00\x00m vix. Ea est mu'...
7.808 Received: b'\xb7\xf6\x8c\x82\x00\x00\x00$Y\x95\xbcBP\x10\x05\xa8\x00\x00\x00\x00'
7.809 Disassembled: source: 47094, dest: 35970, seq: 36, ack: 1502985282, window: 1448, ACK
7.809 Acknowledged seq: 1502983834
7.809 Assembling: source: 35970, dest: 47094, seq: 1502985282, ack: 37, window: 1448, data: "olor sit amet, e"...
7.810 Sent: b'\x8c\x82\xb7\xf6Y\x95\xbcB\x00\x00\x00%P\x00\x05\xa8\x00\x00\x00\x00olor sit amet, e'...
7.812 Received: b'\xb7\xf6\x8c\x82\x00\x00\x00$Y\x95\xc1\xeaP\x10\x05\xa8\x00\x00\x00\x00'
7.812 Disassembled: source: 47094, dest: 35970, seq: 36, ack: 1502986730, window: 1448, ACK
7.812 Acknowledged seq: 1502985282
7.813 Assembling: source: 35970, dest: 47094, seq: 1502986730, ack: 37, window: 1448, data: "m, aperiam iudic"...
7.813 Sent: b'\x8c\x82\xb7\xf6Y\x95\xc1\xea\x00\x00\x00%P\x00\x05\xa8\x00\x00\x00\x00m, aperiam iudic'...
7.815 Received: b'\xb7\xf6\x8c\x82\x00\x00\x00$Y\x95\xc7\x92P\x10\x05\xa8\x00\x00\x00\x00'
7.816 Disassembled: source: 47094, dest: 35970, seq: 36, ack: 1502988178, window: 1448, ACK
7.816 Acknowledged seq: 1502986730
7.816 Assembling: source: 35970, dest: 47094, seq: 1502988178, ack: 37, window: 1448, data: "re sea. No eos d"...
7.816 Sent: b'\x8c\x82\xb7\xf6Y\x95\xc7\x92\x00\x00\x00%P\x00\x05\xa8\x00\x00\x00\x00re sea. No eos d'...
7.818 Received: b'\xb7\xf6\x8c\x82\x00\x00\x00$Y\x95\xcd:P\x10\x05\xa8\x00\x00\x00\x00'
7.819 Disassembled: source: 47094, dest: 35970, seq: 36, ack: 1502989626, window: 1448, ACK
7.819 Acknowledged seq: 1502988178
7.819 Assembling: source: 35970, dest: 47094, seq: 1502989626, ack: 37, window: 1448, data: "t scripta philos"...
7.820 Sent: b'\x8c\x82\xb7\xf6Y\x95\xcd:\x00\x00\x00%P\x00\x05\xa8\x00\x00\x00\x00t scripta philos'...
7.822 Failed to receive packet
8.320 Sent: b'\x8c\x82\xb7\xf6Y\x95\xcd:\x00\x00\x00%P\x00\x05\xa8\x00\x00\x00\x00t scripta philos'...
8.323 Received: b'\xb7\xf6\x8c\x82\x00\x00\x00$Y\x95\xd2\xe2P\x10\x05\xa8\x00\x00\x00\x00'
8.323 Disassembled: source: 47094, dest: 35970, seq: 36, ack: 1502991074, window: 1448, ACK
8.323 Acknowledged seq: 1502989626
8.324 Assembling: source: 35970, dest: 47094, seq: 1502991074, ack: 37, window: 1448, data: "tos sadipscing e"...
8.324 Sent: b'\x8c\x82\xb7\xf6Y\x95\xd2\xe2\x00\x00\x00%P\x00\x05\xa8\x00\x00\x00\x00tos sadipscing e'...
8.327 Received: b'\xb7\xf6\x8c\x82\x00\x00\x00$Y\x95\xd8\x8aP\x10\x05\xa8\x00\x00\x00\x00'
8.328 Disassembled: source: 47094, dest: 35970, seq: 36, ack: 1502992522, window: 1448, ACK
8.328 Acknowledged seq: 1502991074
8.328 Assembling: source: 35970, dest: 47094, seq: 1502992522, ack: 37, window: 1448, data: "sapientem ea, ad"...
8.329 Sent: b'\x8c\x82\xb7\xf6Y\x95\xd8\x8a\x00\x00\x00%P\x00\x05\xa8\x00\x00\x00\x00sapientem ea, ad'...
8.332 Received: b'\xb7\xf6\x8c\x82\x00\x00\x00$Y\x95\xde2P\x10\x05\xa8\x00\x00\x00\x00'
8.332 Disassembled: source: 47094, dest: 35970, seq: 36, ack: 1502993970, window: 1448, ACK
8.332 Acknowledged seq: 1502992522
8.333 Assembling: source: 35970, dest: 47094, seq: 1502993970, ack: 37, window: 1448, data: "g, ei invenire p"...
8.333 Failed to send packet
8.833 Sent: b'\x8c\x82\xb7\xf6Y\x95\xde2\x00\x00\x00%P\x00\x05\xa8\x00\x00\x00\x00g, ei invenire p'...
8.836 Received: b'\xb7\xf6\x8c\x82\x00\x00\x00$Y\x95\xe3\xdaP\x10\x05\xa8\x00\x00\x00\x00'
8.837 Disassembled: source: 47094, dest: 35970, seq: 36, ack: 1502995418, window: 1448, ACK
8.837 Acknowledged seq: 1502993970
8.837 Assembling: source: 35970, dest: 47094, seq: 1502995418, ack: 37, window: 1448, data: "endo at. Qui id "...
8.838 Sent: b'\x8c\x82\xb7\xf6Y\x95\xe3\xda\x00\x00\x00%P\x00\x05\xa8\x00\x00\x00\x00endo at. Qui id '...
8.841 Received: b'\xb7\xf6\x8c\x82\x00\x00\x00$Y\x95\xe9\x82P\x10\x05\xa8\x00\x00\x00\x00'
8.841 Disassembled: source: 47094, dest: 35970, seq: 36, ack: 1502996866, window: 1448, ACK
8.842 Acknowledged seq: 1502995418
8.842 Assembling: source: 35970, dest: 47094, seq: 1502996866, ack: 37, window: 1448, data: "ota nostrum et p"...
8.842 Sent: b'\x8c\x82\xb7\xf6Y\x95\xe9\x82\x00\x00\x00%P\x00\x05\xa8\x00\x00\x00\x00ota nostrum et p'...
8.845 Received: b'\xb7\xf6\x8c\x82\x00\x00\x00$Y\x95\xef*P\x10\x05\xa8\x00\x00\x00\x00'
8.846 Disassembled: source: 47094, dest: 35970, seq: 36, ack: 1502998314, window: 1448, ACK
8.846 Acknowledged seq: 1502996866
8.846 Assembling: source: 35970, dest: 47094, seq: 1502998314, ack: 37, window: 1448, data: "deseruisse id. P"...
8.847 Sent: b'\x8c\x82\xb7\xf6Y\x95\xef*\x00\x00\x00%P\x00\x05\xa8\x00\x00\x00\x00deseruisse id. P'...
8.849 Received: b'\xb7\xf6\x8c\x82\x00\x00\x00$Y\x95\xf4\xd2P\x10\x05\xa8\x00\x00\x00\x00'
8.850 Disassembled: source: 47094, dest: 35970, seq: 36, ack: 1502999762, window: 1448, ACK
8.850 Acknowledged seq: 1502998314
8.850 Assembling: source: 35970, dest: 47094, seq: 1502999762, ack: 37, window: 1448, data: "odo munere imper"...
8.851 Sent: b'\x8c\x82\xb7\xf6Y\x95\xf4\xd2\x00\x00\x00%P\x00\x05\xa8\x00\x00\x00\x00odo munere imper'...
8.853 Received: b'\xb7\xf6\x8c\x82\x00\x00\x00$Y\x95\xfazP\x10\x05\xa8\x00\x00\x00\x00'
8.853 Disassembled: source: 47094, dest: 35970, seq: 36, ack: 1503001210, window: 1448, ACK
8.853 Acknowledged seq: 1502999762
8.854 Assembling: source: 35970, dest: 47094, seq: 1503001210, ack: 37, window: 1448, data: "cimates cum, tib"...
8.854 Sent: b'\x8c\x82\xb7\xf6Y\x95\xfaz\x00\x00\x00%P\x00\x05\xa8\x00\x00\x00\x00cimates cum, tib'...
8.856 Received: b'\xb7\xf6\x8c\x82\x00\x00\x00$Y\x96\x00"P\x10\x05\xa8\x00\x00\x00\x00'
8.857 Disassembled: source: 47094, dest: 35970, seq: 36, ack: 1503002658, window: 1448, ACK
8.857 Acknowledged seq: 1503001210
8.857 Assembling: source: 35970, dest: 47094, seq: 1503002658, ack: 37, window: 1448, data: "tiopam molestiae"...
8.857 Sent: b'\x8c\x82\xb7\xf6Y\x96\x00"\x00\x00\x00%P\x00\x05\xa8\x00\x00\x00\x00tiopam molestiae'...
8.859 Received: b'\xb7\xf6\x8c\x82\x00\x00\x00$Y\x96\x05\xcaP\x10\x05\xa8\x00\x00\x00\x00'
8.860 Disassembled: source: 47094, dest: 35970, seq: 36, ack: 1503004106, window: 1448, ACK
8.860 Acknowledged seq: 1503002658
8.860 Assembling: source: 35970, dest: 47094, seq: 1503004106, ack: 37, window: 1448, data: "possim qui no, v"...
8.861 Sent: b'\x8c\x82\xb7\xf6Y\x96\x05\xca\x00\x00\x00%P\x00\x05\xa8\x00\x00\x00\x00possim qui no, v'...
8.863 Failed to receive packet
9.361 Sent: b'\x8c\x82\xb7\xf6Y\x96\x05\xca\x00\x00\x00%P\x00\x05\xa8\x00\x00\x00\x00possim qui no, v'...
9.363 Received: b'\xb7\xf6\x8c\x82\x00\x00\x00$Y\x96\x0brP\x10\x05\xa8\x00\x00\x00\x00'
9.364 Disassembled: source: 47094, dest: 35970, seq: 36, ack: 1503005554, window: 1448, ACK
9.364 Acknowledged seq: 1503004106
9.364 Assembling: source: 35970, dest: 47094, seq: 1503005554, ack: 37, window: 1448, data: " ex utinam parti"...
9.365 Sent: b'\x8c\x82\xb7\xf6Y\x96\x0br\x00\x00\x00%P\x00\x05\xa8\x00\x00\x00\x00 ex utinam parti'...
9.368 Received: b'\xb7\xf6\x8c\x82\x00\x00\x00$Y\x96\x11\x1aP\x10\x05\xa8\x00\x00\x00\x00'
9.368 Disassembled: source: 47094, dest: 35970, seq: 36, ack: 1503007002, window: 1448, ACK
9.369 Acknowledged seq: 1503005554
9.369 Assembling: source: 35970, dest: 47094, seq: 1503007002, ack: 37, window: 1448, data: "icus in his. Pri"...
9.369 Sent: b'\x8c\x82\xb7\xf6Y\x96\x11\x1a\x00\x00\x00%P\x00\x05\xa8\x00\x00\x00\x00icus in his. Pri'...
9.372 Received: b'\xb7\xf6\x8c\x82\x00\x00\x00$Y\x96\x16\xc2P\x10\x05\xa8\x00\x00\x00\x00'
9.373 Disassembled: source: 47094, dest: 35970, seq: 36, ack: 1503008450, window: 1448, ACK
9.373 Acknowledged seq: 1503007002
9.373 Assembling: source: 35970, dest: 47094, seq: 1503008450, ack: 37, window: 1448, data: "iis et.

Ius cu "...
9.374 Sent: b'\x8c\x82\xb7\xf6Y\x96\x16\xc2\x00\x00\x00%P\x00\x05\xa8\x00\x00\x00\x00iis et.\n\nIus cu '...
9.376 Failed to receive packet
9.874 Sent: b'\x8c\x82\xb7\xf6Y\x96\x16\xc2\x00\x00\x00%P\x00\x05\xa8\x00\x00\x00\x00iis et.\n\nIus cu '...
9.877 Received: b'\xb7\xf6\x8c\x82\x00\x00\x00$Y\x96\x1cjP\x10\x05\xa8\x00\x00\x00\x00'
9.877 Disassembled: source: 47094, dest: 35970, seq: 36, ack: 1503009898, window: 1448, ACK
9.877 Acknowledged seq: 1503008450
9.878 Assembling: source: 35970, dest: 47094, seq: 1503009898, ack: 37, window: 1448, data: "e interesset.

T"...
9.878 Failed to send packet
10.379 Sent: b'\x8c\x82\xb7\xf6Y\x96\x1cj\x00\x00\x00%P\x00\x05\xa8\x00\x00\x00\x00e interesset.\n\nT'...
10.382 Received: b'\xb7\xf6\x8c\x82\x00\x00\x00$Y\x96"\x12P\x10\x05\xa8\x00\x00\x00\x00'
10.382 Disassembled: source: 47094, dest: 35970, seq: 36, ack: 1503011346, window: 1448, ACK
10.382 Acknowledged seq: 1503009898
10.383 Assembling: source: 35970, dest: 47094, seq: 1503011346, ack: 37, window: 1448, data: "pro alia volutpa"...
10.383 Sent: b'\x8c\x82\xb7\xf6Y\x96"\x12\x00\x00\x00%P\x00\x05\xa8\x00\x00\x00\x00pro alia volutpa'...
10.386 Received: b"\xb7\xf6\x8c\x82\x00\x00\x00$Y\x96'\xbaP\x10\x05\xa8\x00\x00\x00\x00"
10.387 Disassembled: source: 47094, dest: 35970, seq: 36, ack: 1503012794, window: 1448, ACK
10.387 Acknowledged seq: 1503011346
10.387 Assembling: source: 35970, dest: 47094, seq: 1503012794, ack: 37, window: 1448, data: " libris equidem "...
10.388 Sent: b"\x8c\x82\xb7\xf6Y\x96'\xba\x00\x00\x00%P\x00\x05\xa8\x00\x00\x00\x00 libris equidem "...
10.390 Received: b'\xb7\xf6\x8c\x82\x00\x00\x00$Y\x96-bP\x10\x05\xa8\x00\x00\x00\x00'
10.391 Disassembled: source: 47094, dest: 35970, seq: 36, ack: 1503014242, window: 1448, ACK
10.391 Acknowledged seq: 1503012794
10.391 Assembling: source: 35970, dest: 47094, seq: 1503014242, ack: 37, window: 1448, data: "uavitate volupta"...
10.392 Sent: b'\x8c\x82\xb7\xf6Y\x96-b\x00\x00\x00%P\x00\x05\xa8\x00\x00\x00\x00uavitate volupta'...
10.394 Received: b'\xb7\xf6\x8c\x82\x00\x00\x00$Y\x963\nP\x10\x05\xa8\x00\x00\x00\x00'
10.394 Disassembled: source: 47094, dest: 35970, seq: 36, ack: 1503015690, window: 1448, ACK
10.394 Acknowledged seq: 1503014242
10.395 Assembling: source: 35970, dest: 47094, seq: 1503015690, ack: 37, window: 1448, data: " Detraxit defini"...
10.395 Sent: b'\x8c\x82\xb7\xf6Y\x963\n\x00\x00\x00%P\x00\x05\xa8\x00\x00\x00\x00 Detraxit defini'...
10.397 Received: b'\xb7\xf6\x8c\x82\x00\x00\x00$Y\x968\xb2P\x10\x05\xa8\x00\x00\x00\x00'
10.397 Disassembled: source: 47094, dest: 35970, seq: 36, ack: 1503017138, window: 1448, ACK
10.397 Acknowledged seq: 1503015690
10.398 Assembling: source: 35970, dest: 47094, seq: 1503017138, ack: 37, window: 1448, data: "aesent mei. Quo "...
10.398 Sent: b'\x8c\x82\xb7\xf6Y\x968\xb2\x00\x00\x00%P\x00\x05\xa8\x00\x00\x00\x00aesent mei. Quo '...
10.400 Received: b'\xb7\xf6\x8c\x82\x00\x00\x00$Y\x96>ZP\x10\x05\xa8\x00\x00\x00\x00'
10.400 Disassembled: source: 47094, dest: 35970, seq: 36, ack: 1503018586, window: 1448, ACK
10.401 Acknowledged seq: 1503017138
10.401 Assembling: source: 35970, dest: 47094, seq: 1503018586, ack: 37, window: 1448, data: "nterpretaris no "...
10.401 Sent: b'\x8c\x82\xb7\xf6Y\x96>Z\x00\x00\x00%P\x00\x05\xa8\x00\x00\x00\x00nterpretaris no '...
10.403 Received: b'\xb7\xf6\x8c\x82\x00\x00\x00$Y\x96D\x02P\x10\x05\xa8\x00\x00\x00\x00'
10.404 Disassembled: source: 47094, dest: 35970, seq: 36, ack: 1503020034, window: 1448, ACK
10.404 Acknowledged seq: 1503018586
10.404 Assembling: source: 35970, dest: 47094, seq: 1503020034, ack: 37, window: 1448, data: "patrioque has. I"...
10.404 Sent: b'\x8c\x82\xb7\xf6Y\x96D\x02\x00\x00\x00%P\x00\x05\xa8\x00\x00\x00\x00patrioque has. I'...
10.406 Received: b'\xb7\xf6\x8c\x82\x00\x00\x00$Y\x96I\xaaP\x10\x05\xa8\x00\x00\x00\x00'
10.407 Disassembled: source: 47094, dest: 35970, seq: 36, ack: 1503021482, window: 1448, ACK
10.407 Acknowledged seq: 1503020034
10.407 Assembling: source: 35970, dest: 47094, seq: 1503021482, ack: 37, window: 1448, data: "ossit repudianda"...
10.408 Sent: b'\x8c\x82\xb7\xf6Y\x96I\xaa\x00\x00\x00%P\x00\x05\xa8\x00\x00\x00\x00ossit repudianda'...
10.410 Received: b'\xb7\xf6\x8c\x82\x00\x00\x00$Y\x96ORP\x10\x05\xa8\x00\x00\x00\x00'
10.410 Disassembled: source: 47094, dest: 35970, seq: 36, ack: 1503022930, window: 1448, ACK
10.410 Acknowledged seq: 1503021482
10.411 Assembling: source: 35970, dest: 47094, seq: 1503022930, ack: 37, window: 1448, data: "ora consequuntur"...
10.411 Failed to send packet
10.911 Sent: b'\x8c\x82\xb7\xf6Y\x96OR\x00\x00\x00%P\x00\x05\xa8\x00\x00\x00\x00ora consequuntur'...
10.914 Received: b'\xb7\xf6\x8c\x82\x00\x00\x00$Y\x96T\xfaP\x10\x05\xa8\x00\x00\x00\x00'
10.915 Disassembled: source: 47094, dest: 35970, seq: 36, ack: 1503024378, window: 1448, ACK
10.915 Acknowledged seq: 1503022930
10.915 Assembling: source: 35970, dest: 47094, seq: 1503024378, ack: 37, window: 1448, data: "ctus conceptam a"...
10.916 Sent: b'\x8c\x82\xb7\xf6Y\x96T\xfa\x00\x00\x00%P\x00\x05\xa8\x00\x00\x00\x00ctus conceptam a'...
10.919 Received: b'\xb7\xf6\x8c\x82\x00\x00\x00$Y\x96Z\xa2P\x10\x05\xa8\x00\x00\x00\x00'
10.919 Disassembled: source: 47094, dest: 35970, seq: 36, ack: 1503025826, window: 1448, ACK
10.919 Acknowledged seq: 1503024378
10.920 Assembling: source: 35970, dest: 47094, seq: 1503025826, ack: 37, window: 1448, data: " aeterno te, ne "...
10.920 Sent: b'\x8c\x82\xb7\xf6Y\x96Z\xa2\x00\x00\x00%P\x00\x05\xa8\x00\x00\x00\x00 aeterno te, ne '...
10.923 Received: b'\xb7\xf6\x8c\x82\x00\x00\x00$Y\x96`JP\x10\x05\xa8\x00\x00\x00\x00'
10.924 Disassembled: source: 47094, dest: 35970, seq: 36, ack: 1503027274, window: 1448, ACK
10.924 Acknowledged seq: 1503025826
10.924 Assembling: source: 35970, dest: 47094, seq: 1503027274, ack: 37, window: 1448, data: "imis oporteat di"...
10.924 Sent: b'\x8c\x82\xb7\xf6Y\x96`J\x00\x00\x00%P\x00\x05\xa8\x00\x00\x00\x00imis oporteat di'...
10.926 Received: b'\xb7\xf6\x8c\x82\x00\x00\x00$Y\x96e\xf2P\x10\x05\xa8\x00\x00\x00\x00'
10.927 Disassembled: source: 47094, dest: 35970, seq: 36, ack: 1503028722, window: 1448, ACK
10.927 Acknowledged seq: 1503027274
10.927 Assembling: source: 35970, dest: 47094, seq: 1503028722, ack: 37, window: 1448, data: "re. Has virtute "...
10.928 Failed to send packet
11.428 Sent: b'\x8c\x82\xb7\xf6Y\x96e\xf2\x00\x00\x00%P\x00\x05\xa8\x00\x00\x00\x00re. Has virtute '...
11.430 Received: b'\xb7\xf6\x8c\x82\x00\x00\x00$Y\x96k\x9aP\x10\x05\xa8\x00\x00\x00\x00'
11.431 Disassembled: source: 47094, dest: 35970, seq: 36, ack: 1503030170, window: 1448, ACK
11.431 Acknowledged seq: 1503028722
11.431 Assembling: source: 35970, dest: 47094, seq: 1503030170, ack: 37, window: 1448, data: " eum ancillae no"...
11.432 Sent: b'\x8c\x82\xb7\xf6Y\x96k\x9a\x00\x00\x00%P\x00\x05\xa8\x00\x00\x00\x00 eum ancillae no'...
11.435 Received: b'\xb7\xf6\x8c\x82\x00\x00\x00$Y\x96qBP\x10\x05\xa8\x00\x00\x00\x00'
11.435 Disassembled: source: 47094, dest: 35970, seq: 36, ack: 1503031618, window: 1448, ACK
11.435 Acknowledged seq: 1503030170
11.436 Assembling: source: 35970, dest: 47094, seq: 1503031618, ack: 37, window: 1448, data: "ppareat ius. At "...
11.436 Sent: b'\x8c\x82\xb7\xf6Y\x96qB\x00\x00\x00%P\x00\x05\xa8\x00\x00\x00\x00ppareat ius. At '...
11.439 Received: b'\xb7\xf6\x8c\x82\x00\x00\x00$Y\x96v\xeaP\x10\x05\xa8\x00\x00\x00\x00'
11.440 Disassembled: source: 47094, dest: 35970, seq: 36, ack: 1503033066, window: 1448, ACK
11.440 Acknowledged seq: 1503031618
11.440 Assembling: source: 35970, dest: 47094, seq: 1503033066, ack: 37, window: 1448, data: ", vero appellant"...
11.441 Sent: b'\x8c\x82\xb7\xf6Y\x96v\xea\x00\x00\x00%P\x00\x05\xa8\x00\x00\x00\x00, vero appellant'...
11.443 Received: b'\xb7\xf6\x8c\x82\x00\x00\x00$Y\x96|\x92P\x10\x05\xa8\x00\x00\x00\x00'
11.444 Disassembled: source: 47094, dest: 35970, seq: 36, ack: 1503034514, window: 1448, ACK
11.444 Acknowledged seq: 1503033066
11.444 Assembling: source: 35970, dest: 47094, seq: 1503034514, ack: 37, window: 1448, data: "ibo quando copio"...
11.445 Sent: b'\x8c\x82\xb7\xf6Y\x96|\x92\x00\x00\x00%P\x00\x05\xa8\x00\x00\x00\x00ibo quando copio'...
11.446 Received: b'\xb7\xf6\x8c\x82\x00\x00\x00$Y\x96\x82:P\x10\x05\xa8\x00\x00\x00\x00'
11.447 Disassembled: source: 47094, dest: 35970, seq: 36, ack: 1503035962, window: 1448, ACK
11.447 Acknowledged seq: 1503034514
11.447 Assembling: source: 35970, dest: 47094, seq: 1503035962, ack: 37, window: 1448, data: " maluisset. Sit "...
11.448 Sent: b'\x8c\x82\xb7\xf6Y\x96\x82:\x00\x00\x00%P\x00\x05\xa8\x00\x00\x00\x00 maluisset. Sit '...
11.450 Received: b'\xb7\xf6\x8c\x82\x00\x00\x00$Y\x96\x87\xe2P\x10\x05\xa8\x00\x00\x00\x00'
11.450 Disassembled: source: 47094, dest: 35970, seq: 36, ack: 1503037410, window: 1448, ACK
11.450 Acknowledged seq: 1503035962
11.451 Assembling: source: 35970, dest: 47094, seq: 1503037410, ack: 37, window: 1448, data: "e ceteros albuci"...
11.451 Sent: b'\x8c\x82\xb7\xf6Y\x96\x87\xe2\x00\x00\x00%P\x00\x05\xa8\x00\x00\x00\x00e ceteros albuci'...
11.453 Received: b'\xb7\xf6\x8c\x82\x00\x00\x00$Y\x96\x8d\x8aP\x10\x05\xa8\x00\x00\x00\x00'
11.453 Disassembled: source: 47094, dest: 35970, seq: 36, ack: 1503038858, window: 1448, ACK
11.454 Acknowledged seq: 1503037410
11.454 Assembling: source: 35970, dest: 47094, seq: 1503038858, ack: 37, window: 1448, data: "complectitur sea"...
11.454 Sent: b'\x8c\x82\xb7\xf6Y\x96\x8d\x8a\x00\x00\x00%P\x00\x05\xa8\x00\x00\x00\x00complectitur sea'...
11.456 Received: b'\xb7\xf6\x8c\x82\x00\x00\x00$Y\x96\x932P\x10\x05\xa8\x00\x00\x00\x00'
11.457 Disassembled: source: 47094, dest: 35970, seq: 36, ack: 1503040306, window: 1448, ACK
11.457 Acknowledged seq: 1503038858
11.457 Finished reading file
11.457 Assembling: source: 35970, dest: 47094, seq: 1503040306, ack: 37, window: 1448, data: "tempor ex ius. E"...
11.458 Sent: b'\x8c\x82\xb7\xf6Y\x96\x932\x00\x00\x00%P\x00\x05\xa8\x00\x00\x00\x00tempor ex ius. E'...
11.460 Received: b'\xb7\xf6\x8c\x82\x00\x00\x00$Y\x96\x93\x90P\x10\x05\xa8\x00\x00\x00\x00'
11.460 Disassembled: source: 47094, dest: 35970, seq: 36, ack: 1503040400, window: 1448, ACK
11.460 Acknowledged seq: 1503040306
11.461 Assembling: source: 35970, dest: 47094, seq: 1503040400, ack: 37, window: 1448, ACK, FIN
11.461 Sent: b'\x8c\x82\xb7\xf6Y\x96\x93\x90\x00\x00\x00%P\x11\x05\xa8\x00\x00\x00\x00'
11.463 Received: b'\xb7\xf6\x8c\x82\x00\x00\x00$Y\x96\x93\x91P\x10\x05\xa8\x00\x00\x00\x00'
11.463 Disassembled: source: 47094, dest: 35970, seq: 36, ack: 1503040401, window: 1448, ACK
11.463 FIN accepted; sending final packet
11.464 Assembling: source: 35970, dest: 47094, seq: 1503040401, ack: 37, window: 1448, ACK
11.464 Sent: b'\x8c\x82\xb7\xf6Y\x96\x93\x91\x00\x00\x00%P\x10\x05\xa8\x00\x00\x00\x00'
11.464 Closed connection
11.465 Shutting down
