0.000 NEW RUN: Server, TEST: Read_file__Large_multi-packet
0.076 Received: b'\xe3\xc6^\xed\x00\x00\x001\x00\x00\x00\x00P\x02\x05\xa8\x00\x00\x00\x00'
0.077 Disassembled: source: 58310, dest: 24301, seq: 49, window: 1448, SYN
0.077 SYN accepted; new connection: 127.0.0.1 on port 58310
0.077 Assembling: source: 24301, dest: 58310, seq: 1444433629, ack: 50, window: 1448, ACK, SYN
0.078 Sent: b'^\xed\xe3\xc6V\x18N\xdd\x00\x00\x002P\x12\x05\xa8\x00\x00\x00\x00'
0.080 Received: b'\xe3\xc6^\xed\x00\x00\x002V\x18N\xdeP\x10\x05\xa8\x00\x00\x00\x00'
0.080 Disassembled: source: 58310, dest: 24301, seq: 50, ack: 1444433630, window: 1448, ACK
0.080 Handshake complete
0.080 Acknowledged seq: 1444433629
0.081 Assembling: source: 24301, dest: 58310, seq: 1444433630, ack: 51, window: 1448, data: "Lorem ipsum dolo"...
0.081 Sent: b'^\xed\xe3\xc6V\x18N\xde\x00\x00\x003P\x00\x05\xa8\x00\x00\x00\x00Lorem ipsum dolo'...
0.083 Received: b'\xe3\xc6^\xed\x00\x00\x002V\x18T\x86P\x10\x05\xa8\x00\x00\x00\x00'
0.083 Disassembled: source: 58310, dest: 24301, seq: 50, ack: 1444435078, window: 1448, ACK
0.083 Acknowledged seq: 1444433630
0.084 Assembling: source: 24301, dest: 58310, seq: 1444435078, ack: 51, window: 1448, data: "mprehensam nam, "...
0.084 Sent: b'^\xed\xe3\xc6V\x18T\x86\x00\x00\x003P\x00\x05\xa8\x00\x00\x00\x00mprehensam nam, '...
0.086 Received: b'\xe3\xc6^\xed\x00\x00\x002V\x18Z.P\x10\x05\xa8\x00\x00\x00\x00'
0.086 Disassembled: source: 58310, dest: 24301, seq: 50, ack: 1444436526, window: 1448, ACK
0.086 Acknowledged seq: 1444435078
0.087 Assembling: source: 24301, dest: 58310, seq: 1444436526, ack: 51, window: 1448, data: "ilisi repudiare "...
0.087 Sent: b'^\xed\xe3\xc6V\x18Z.\x00\x00\x003P\x00\x05\xa8\x00\x00\x00\x00ilisi repudiare '...
0.089 Received: b'\xe3\xc6^\xed\x00\x00\x002V\x18_\xd6P\x10\x05\xa8\x00\x00\x00\x00'
0.089 Disassembled: source: 58310, dest: 24301, seq: 50, ack: 1444437974, window: 1448, ACK
0.090 Acknowledged seq: 1444436526
0.090 Assembling: source: 24301, dest: 58310, seq: 1444437974, ack: 51, window: 1448, data: "ta.

Et essent s"...
0.090 Sent: b'^\xed\xe3\xc6V\x18_\xd6\x00\x00\x003P\x00\x05\xa8\x00\x00\x00\x00ta.\n\nEt essent s'...
0.092 Received: b'\xe3\xc6^\xed\x00\x00\x002V\x18e~P\x10\x05\xa8\x00\x00\x00\x00'
0.092 Disassembled: source: 58310, dest: 24301, seq: 50, ack: 1444439422, window: 1448, ACK
0.093 Acknowledged seq: 1444437974
0.093 Assembling: source: 24301, dest: 58310, seq: 1444439422, ack: 51, window: 1448, data: " Nihil tractatos"...
0.093 Sent: b'^\xed\xe3\xc6V\x18e~\x00\x00\x003P\x00\x05\xa8\x00\x00\x00\x00 Nihil tractatos'...
0.095 Received: b'\xe3\xc6^\xed\x00\x00\x002V\x18k&P\x10\x05\xa8\x00\x00\x00\x00'
0.096 Disassembled: source: 58310, dest: 24301, seq: 50, ack: 1444440870, window: 1448, ACK
0.096 Acknowledged seq: 1444439422
0.096 Assembling: source: 24301, dest: 58310, seq: 1444440870, ack: 51, window: 1448, data: "fert iuvaret sap"...
0.096 Sent: b'^\xed\xe3\xc6V\x18k&\x00\x00\x003P\x00\x05\xa8\x00\x00\x00\x00fert iuvaret sap'...
0.098 Received: b'\xe3\xc6^\xed\x00\x00\x002V\x18p\xceP\x10\x05\xa8\x00\x00\x00\x00'
0.099 Disassembled: source: 58310, dest: 24301, seq: 50, ack: 1444442318, window: 1448, ACK
0.099 Acknowledged seq: 1444440870
0.099 Assembling: source: 24301, dest: 58310, seq: 1444442318, ack: 51, window: 1448, data: "ram adipiscing, "...
0.100 Sent: b'^\xed\xe3\xc6V\x18p\xce\x00\x00\x003P\x00\x05\xa8\x00\x00\x00\x00ram adipiscing, '...
0.102 Received: b'\xe3\xc6^\xed\x00\x00\x002V\x18vvP\x10\x05\xa8\x00\x00\x00\x00'
0.102 Disassembled: source: 58310, dest: 24301, seq: 50, ack: 1444443766, window: 1448, ACK
0.102 Acknowledged seq: 1444442318
0.103 Assembling: source: 24301, dest: 58310, seq: 1444443766, ack: 51, window: 1448, data: "m veritus vivend"...
0.103 Sent: b'^\xed\xe3\xc6V\x18vv\x00\x00\x003P\x00\x05\xa8\x00\x00\x00\x00m veritus vivend'...
0.105 Received: b'\xe3\xc6^\xed\x00\x00\x002V\x18|\x1eP\x10\x05\xa8\x00\x00\x00\x00'
0.105 Disassembled: source: 58310, dest: 24301, seq: 50, ack: 1444445214, window: 1448, ACK
0.105 Acknowledged seq: 1444443766
0.106 Assembling: source: 24301, dest: 58310, seq: 1444445214, ack: 51, window: 1448, data: " delenit, ignota"...
0.106 Sent: b'^\xed\xe3\xc6V\x18|\x1e\x00\x00\x003P\x00\x05\xa8\x00\x00\x00\x00 delenit, ignota'...
0.108 Received: b'\xe3\xc6^\xed\x00\x00\x002V\x18\x81\xc6P\x10\x05\xa8\x00\x00\x00\x00'
0.108 Disassembled: source: 58310, dest: 24301, seq: 50, ack: 1444446662, window: 1448, ACK
0.109 Acknowledged seq: 1444445214
0.109 Assembling: source: 24301, dest: 58310, seq: 1444446662, ack: 51, window: 1448, data: "se explicari des"...
0.109 Sent: b'^\xed\xe3\xc6V\x18\x81\xc6\x00\x00\x003P\x00\x05\xa8\x00\x00\x00\x00se explicari des'...
0.111 Received: b'\xe3\xc6^\xed\x00\x00\x002V\x18\x87nP\x10\x05\xa8\x00\x00\x00\x00'
0.112 Disassembled: source: 58310, dest: 24301, seq: 50, ack: 1444448110, window: 1448, ACK
0.112 Acknowledged seq: 1444446662
0.112 Assembling: source: 24301, dest: 58310, seq: 1444448110, ack: 51, window: 1448, data: "piscing, in modo"...
0.113 Sent: b'^\xed\xe3\xc6V\x18\x87n\x00\x00\x003P\x00\x05\xa8\x00\x00\x00\x00piscing, in modo'...
0.115 Received: b'\xe3\xc6^\xed\x00\x00\x002V\x18\x8d\x16P\x10\x05\xa8\x00\x00\x00\x00'
0.115 Disassembled: source: 58310, dest: 24301, seq: 50, ack: 1444449558, window: 1448, ACK
0.115 Acknowledged seq: 1444448110
0.116 Assembling: source: 24301, dest: 58310, seq: 1444449558, ack: 51, window: 1448, data: "o copiosae tacim"...
0.116 Sent: b'^\xed\xe3\xc6V\x18\x8d\x16\x00\x00\x003P\x00\x05\xa8\x00\x00\x00\x00o copiosae tacim'...
0.118 Received: b'\xe3\xc6^\xed\x00\x00\x002V\x18\x92\xbeP\x10\x05\xa8\x00\x00\x00\x00'
0.119 Disassembled: source: 58310, dest: 24301, seq: 50, ack: 1444451006, window: 1448, ACK
0.119 Acknowledged seq: 1444449558
0.119 Assembling: source: 24301, dest: 58310, seq: 1444451006, ack: 51, window: 1448, data: "am. Pri ne antio"...
0.119 Sent: b'^\xed\xe3\xc6V\x18\x92\xbe\x00\x00\x003P\x00\x05\xa8\x00\x00\x00\x00am. Pri ne antio'...
0.121 Received: b'\xe3\xc6^\xed\x00\x00\x002V\x18\x98fP\x10\x05\xa8\x00\x00\x00\x00'
0.122 Disassembled: source: 58310, dest: 24301, seq: 50, ack: 1444452454, window: 1448, ACK
0.122 Acknowledged seq: 1444451006
0.122 Assembling: source: 24301, dest: 58310, seq: 1444452454, ack: 51, window: 1448, data: "to no. Elitr pos"...
0.123 Sent: b'^\xed\xe3\xc6V\x18\x98f\x00\x00\x003P\x00\x05\xa8\x00\x00\x00\x00to no. Elitr pos'...
0.125 Received: b'\xe3\xc6^\xed\x00\x00\x002V\x18\x9e\x0eP\x10\x05\xa8\x00\x00\x00\x00'
0.125 Disassembled: source: 58310, dest: 24301, seq: 50, ack: 1444453902, window: 1448, ACK
0.125 Acknowledged seq: 1444452454
0.126 Assembling: source: 24301, dest: 58310, seq: 1444453902, ack: 51, window: 1448, data: "pretaris, sea ex"...
0.126 Sent: b'^\xed\xe3\xc6V\x18\x9e\x0e\x00\x00\x003P\x00\x05\xa8\x00\x00\x00\x00pretaris, sea ex'...
0.128 Received: b'\xe3\xc6^\xed\x00\x00\x002V\x18\xa3\xb6P\x10\x05\xa8\x00\x00\x00\x00'
0.128 Disassembled: source: 58310, dest: 24301, seq: 50, ack: 1444455350, window: 1448, ACK
0.129 Acknowledged seq: 1444453902
0.129 Assembling: source: 24301, dest: 58310, seq: 1444455350, ack: 51, window: 1448, data: "oporteat inimicu"...
0.129 Sent: b'^\xed\xe3\xc6V\x18\xa3\xb6\x00\x00\x003P\x00\x05\xa8\x00\x00\x00\x00oporteat inimicu'...
0.131 Received: b'\xe3\xc6^\xed\x00\x00\x002V\x18\xa9^P\x10\x05\xa8\x00\x00\x00\x00'
0.132 Disassembled: source: 58310, dest: 24301, seq: 50, ack: 1444456798, window: 1448, ACK
0.132 Acknowledged seq: 1444455350
0.132 Assembling: source: 24301, dest: 58310, seq: 1444456798, ack: 51, window: 1448, data: "ligendi officiis"...
0.133 Sent: b'^\xed\xe3\xc6V\x18\xa9^\x00\x00\x003P\x00\x05\xa8\x00\x00\x00\x00ligendi officiis'...
0.135 Received: b'\xe3\xc6^\xed\x00\x00\x002V\x18\xaf\x06P\x10\x05\xa8\x00\x00\x00\x00'
0.135 Disassembled: source: 58310, dest: 24301, seq: 50, ack: 1444458246, window: 1448, ACK
0.135 Acknowledged seq: 1444456798
0.136 Assembling: source: 24301, dest: 58310, seq: 1444458246, ack: 51, window: 1448, data: "no vel regione i"...
0.136 Sent: b'^\xed\xe3\xc6V\x18\xaf\x06\x00\x00\x003P\x00\x05\xa8\x00\x00\x00\x00no vel regione i'...
0.138 Received: b'\xe3\xc6^\xed\x00\x00\x002V\x18\xb4\xaeP\x10\x05\xa8\x00\x00\x00\x00'
0.139 Disassembled: source: 58310, dest: 24301, seq: 50, ack: 1444459694, window: 1448, ACK
0.139 Acknowledged seq: 1444458246
0.139 Assembling: source: 24301, dest: 58310, seq: 1444459694, ack: 51, window: 1448, data: "ibus vis ex, pro"...
0.140 Sent: b'^\xed\xe3\xc6V\x18\xb4\xae\x00\x00\x003P\x00\x05\xa8\x00\x00\x00\x00ibus vis ex, pro'...
0.142 Received: b'\xe3\xc6^\xed\x00\x00\x002V\x18\xbaVP\x10\x05\xa8\x00\x00\x00\x00'
0.142 Disassembled: source: 58310, dest: 24301, seq: 50, ack: 1444461142, window: 1448, ACK
0.142 Acknowledged seq: 1444459694
0.143 Assembling: source: 24301, dest: 58310, seq: 1444461142, ack: 51, window: 1448, data: "o vix, mel ea li"...
0.143 Sent: b'^\xed\xe3\xc6V\x18\xbaV\x00\x00\x003P\x00\x05\xa8\x00\x00\x00\x00o vix, mel ea li'...
0.145 Received: b'\xe3\xc6^\xed\x00\x00\x002V\x18\xbf\xfeP\x10\x05\xa8\x00\x00\x00\x00'
0.145 Disassembled: source: 58310, dest: 24301, seq: 50, ack: 1444462590, window: 1448, ACK
0.146 Acknowledged seq: 1444461142
0.146 Assembling: source: 24301, dest: 58310, seq: 1444462590, ack: 51, window: 1448, data: "d. Ex fugit suav"...
0.146 Sent: b'^\xed\xe3\xc6V\x18\xbf\xfe\x00\x00\x003P\x00\x05\xa8\x00\x00\x00\x00d. Ex fugit suav'...
0.148 Received: b'\xe3\xc6^\xed\x00\x00\x002V\x18\xc5\xa6P\x10\x05\xa8\x00\x00\x00\x00'
0.149 Disassembled: source: 58310, dest: 24301, seq: 50, ack: 1444464038, window: 1448, ACK
0.149 Acknowledged seq: 1444462590
0.149 Assembling: source: 24301, dest: 58310, seq: 1444464038, ack: 51, window: 1448, data: "pertinax nec. De"...
0.150 Sent: b'^\xed\xe3\xc6V\x18\xc5\xa6\x00\x00\x003P\x00\x05\xa8\x00\x00\x00\x00pertinax nec. De'...
0.151 Received: b'\xe3\xc6^\xed\x00\x00\x002V\x18\xcbNP\x10\x05\xa8\x00\x00\x00\x00'
0.152 Disassembled: source: 58310, dest: 24301, seq: 50, ack: 1444465486, window: 1448, ACK
0.152 Acknowledged seq: 1444464038
0.152 Assembling: source: 24301, dest: 58310, seq: 1444465486, ack: 51, window: 1448, data: "lli primis praes"...
0.153 Sent: b'^\xed\xe3\xc6V\x18\xcbN\x00\x00\x003P\x00\x05\xa8\x00\x00\x00\x00lli primis praes'...
0.155 Received: b'\xe3\xc6^\xed\x00\x00\x002V\x18\xd0\xf6P\x10\x05\xa8\x00\x00\x00\x00'
0.155 Disassembled: source: 58310, dest: 24301, seq: 50, ack: 1444466934, window: 1448, ACK
0.155 Acknowledged seq: 1444465486
0.156 Assembling: source: 24301, dest: 58310, seq: 1444466934, ack: 51, window: 1448, data: "m, percipit inte"...
0.156 Sent: b'^\xed\xe3\xc6V\x18\xd0\xf6\x00\x00\x003P\x00\x05\xa8\x00\x00\x00\x00m, percipit inte'...
0.158 Received: b'\xe3\xc6^\xed\x00\x00\x002V\x18\xd6\x9eP\x10\x05\xa8\x00\x00\x00\x00'
0.158 Disassembled: source: 58310, dest: 24301, seq: 50, ack: 1444468382, window: 1448, ACK
0.158 Acknowledged seq: 1444466934
0.159 Assembling: source: 24301, dest: 58310, seq: 1444468382, ack: 51, window: 1448, data: "nani docendi pat"...
0.159 Sent: b'^\xed\xe3\xc6V\x18\xd6\x9e\x00\x00\x003P\x00\x05\xa8\x00\x00\x00\x00nani docendi pat'...
0.161 Received: b'\xe3\xc6^\xed\x00\x00\x002V\x18\xdcFP\x10\x05\xa8\x00\x00\x00\x00'
0.162 Disassembled: source: 58310, dest: 24301, seq: 50, ack: 1444469830, window: 1448, ACK
0.162 Acknowledged seq: 1444468382
0.162 Assembling: source: 24301, dest: 58310, seq: 1444469830, ack: 51, window: 1448, data: " vis decore poss"...
0.163 Sent: b'^\xed\xe3\xc6V\x18\xdcF\x00\x00\x003P\x00\x05\xa8\x00\x00\x00\x00 vis decore poss'...
0.164 Received: b'\xe3\xc6^\xed\x00\x00\x002V\x18\xe1\xeeP\x10\x05\xa8\x00\x00\x00\x00'
0.165 Disassembled: source: 58310, dest: 24301, seq: 50, ack: 1444471278, window: 1448, ACK
0.165 Acknowledged seq: 1444469830
0.165 Assembling: source: 24301, dest: 58310, seq: 1444471278, ack: 51, window: 1448, data: "eam odio corpora"...
0.166 Sent: b'^\xed\xe3\xc6V\x18\xe1\xee\x00\x00\x003P\x00\x05\xa8\x00\x00\x00\x00eam odio corpora'...
0.168 Received: b'\xe3\xc6^\xed\x00\x00\x002V\x18\xe7\x96P\x10\x05\xa8\x00\x00\x00\x00'
0.168 Disassembled: source: 58310, dest: 24301, seq: 50, ack: 1444472726, window: 1448, ACK
0.168 Acknowledged seq: 1444471278
0.169 Assembling: source: 24301, dest: 58310, seq: 1444472726, ack: 51, window: 1448, data: " est. Usu sanctu"...
0.169 Sent: b'^\xed\xe3\xc6V\x18\xe7\x96\x00\x00\x003P\x00\x05\xa8\x00\x00\x00\x00 est. Usu sanctu'...
0.171 Received: b'\xe3\xc6^\xed\x00\x00\x002V\x18\xed>P\x10\x05\xa8\x00\x00\x00\x00'
0.172 Disassembled: source: 58310, dest: 24301, seq: 50, ack: 1444474174, window: 1448, ACK
0.172 Acknowledged seq: 1444472726
0.172 Assembling: source: 24301, dest: 58310, seq: 1444474174, ack: 51, window: 1448, data: ".

Mei graeco ae"...
0.173 Sent: b'^\xed\xe3\xc6V\x18\xed>\x00\x00\x003P\x00\x05\xa8\x00\x00\x00\x00.\n\nMei graeco ae'...
0.174 Received: b'\xe3\xc6^\xed\x00\x00\x002V\x18\xf2\xe6P\x10\x05\xa8\x00\x00\x00\x00'
0.175 Disassembled: source: 58310, dest: 24301, seq: 50, ack: 1444475622, window: 1448, ACK
0.175 Acknowledged seq: 1444474174
0.175 Assembling: source: 24301, dest: 58310, seq: 1444475622, ack: 51, window: 1448, data: "et. Ne sea primi"...
0.176 Sent: b'^\xed\xe3\xc6V\x18\xf2\xe6\x00\x00\x003P\x00\x05\xa8\x00\x00\x00\x00et. Ne sea primi'...
0.178 Received: b'\xe3\xc6^\xed\x00\x00\x002V\x18\xf8\x8eP\x10\x05\xa8\x00\x00\x00\x00'
0.178 Disassembled: source: 58310, dest: 24301, seq: 50, ack: 1444477070, window: 1448, ACK
0.178 Acknowledged seq: 1444475622
0.179 Assembling: source: 24301, dest: 58310, seq: 1444477070, ack: 51, window: 1448, data: "ittam convenire."...
0.179 Sent: b'^\xed\xe3\xc6V\x18\xf8\x8e\x00\x00\x003P\x00\x05\xa8\x00\x00\x00\x00ittam convenire.'...
0.181 Received: b'\xe3\xc6^\xed\x00\x00\x002V\x18\xfe6P\x10\x05\xa8\x00\x00\x00\x00'
0.182 Disassembled: source: 58310, dest: 24301, seq: 50, ack: 1444478518, window: 1448, ACK
0.182 Acknowledged seq: 1444477070
0.182 Assembling: source: 24301, dest: 58310, seq: 1444478518, ack: 51, window: 1448, data: "ua et vis, id eu"...
0.183 Sent: b'^\xed\xe3\xc6V\x18\xfe6\x00\x00\x003P\x00\x05\xa8\x00\x00\x00\x00ua et vis, id eu'...
0.185 Received: b'\xe3\xc6^\xed\x00\x00\x002V\x19\x03\xdeP\x10\x05\xa8\x00\x00\x00\x00'
0.185 Disassembled: source: 58310, dest: 24301, seq: 50, ack: 1444479966, window: 1448, ACK
0.185 Acknowledged seq: 1444478518
0.186 Assembling: source: 24301, dest: 58310, seq: 1444479966, ack: 51, window: 1448, data: "r. Et velit appa"...
0.186 Sent: b'^\xed\xe3\xc6V\x19\x03\xde\x00\x00\x003P\x00\x05\xa8\x00\x00\x00\x00r. Et velit appa'...
0.188 Received: b'\xe3\xc6^\xed\x00\x00\x002V\x19\t\x86P\x10\x05\xa8\x00\x00\x00\x00'
0.189 Disassembled: source: 58310, dest: 24301, seq: 50, ack: 1444481414, window: 1448, ACK
0.189 Acknowledged seq: 1444479966
0.189 Assembling: source: 24301, dest: 58310, seq: 1444481414, ack: 51, window: 1448, data: " novum laudem, v"...
0.190 Sent: b'^\xed\xe3\xc6V\x19\t\x86\x00\x00\x003P\x00\x05\xa8\x00\x00\x00\x00 novum laudem, v'...
0.192 Received: b'\xe3\xc6^\xed\x00\x00\x002V\x19\x0f.P\x10\x05\xa8\x00\x00\x00\x00'
0.192 Disassembled: source: 58310, dest: 24301, seq: 50, ack: 1444482862, window: 1448, ACK
0.192 Acknowledged seq: 1444481414
0.193 Assembling: source: 24301, dest: 58310, seq: 1444482862, ack: 51, window: 1448, data: "luptatibus, cibo"...
0.193 Sent: b'^\xed\xe3\xc6V\x19\x0f.\x00\x00\x003P\x00\x05\xa8\x00\x00\x00\x00luptatibus, cibo'...
0.195 Received: b'\xe3\xc6^\xed\x00\x00\x002V\x19\x14\xd6P\x10\x05\xa8\x00\x00\x00\x00'
0.195 Disassembled: source: 58310, dest: 24301, seq: 50, ack: 1444484310, window: 1448, ACK
0.196 Acknowledged seq: 1444482862
0.196 Assembling: source: 24301, dest: 58310, seq: 1444484310, ack: 51, window: 1448, data: "alii indoctum ma"...
0.196 Sent: b'^\xed\xe3\xc6V\x19\x14\xd6\x00\x00\x003P\x00\x05\xa8\x00\x00\x00\x00alii indoctum ma'...
0.198 Received: b'\xe3\xc6^\xed\x00\x00\x002V\x19\x1a~P\x10\x05\xa8\x00\x00\x00\x00'
0.198 Disassembled: source: 58310, dest: 24301, seq: 50, ack: 1444485758, window: 1448, ACK
0.199 Acknowledged seq: 1444484310
0.199 Assembling: source: 24301, dest: 58310, seq: 1444485758, ack: 51, window: 1448, data: "im, his facete c"...
0.199 Sent: b'^\xed\xe3\xc6V\x19\x1a~\x00\x00\x003P\x00\x05\xa8\x00\x00\x00\x00im, his facete c'...
0.201 Received: b'\xe3\xc6^\xed\x00\x00\x002V\x19 &P\x10\x05\xa8\x00\x00\x00\x00'
0.201 Disassembled: source: 58310, dest: 24301, seq: 50, ack: 1444487206, window: 1448, ACK
0.202 Acknowledged seq: 1444485758
0.202 Assembling: source: 24301, dest: 58310, seq: 1444487206, ack: 51, window: 1448, data: "e alia dolor com"...
0.202 Sent: b'^\xed\xe3\xc6V\x19 &\x00\x00\x003P\x00\x05\xa8\x00\x00\x00\x00e alia dolor com'...
0.204 Received: b'\xe3\xc6^\xed\x00\x00\x002V\x19%\xceP\x10\x05\xa8\x00\x00\x00\x00'
0.205 Disassembled: source: 58310, dest: 24301, seq: 50, ack: 1444488654, window: 1448, ACK
0.205 Acknowledged seq: 1444487206
0.205 Assembling: source: 24301, dest: 58310, seq: 1444488654, ack: 51, window: 1448, data: "it ea, reque tem"...
0.206 Sent: b'^\xed\xe3\xc6V\x19%\xce\x00\x00\x003P\x00\x05\xa8\x00\x00\x00\x00it ea, reque tem'...
0.207 Received: b'\xe3\xc6^\xed\x00\x00\x002V\x19+vP\x10\x05\xa8\x00\x00\x00\x00'
0.208 Disassembled: source: 58310, dest: 24301, seq: 50, ack: 1444490102, window: 1448, ACK
0.208 Acknowledged seq: 1444488654
0.208 Assembling: source: 24301, dest: 58310, seq: 1444490102, ack: 51, window: 1448, data: "alisque.

Equide"...
0.209 Sent: b'^\xed\xe3\xc6V\x19+v\x00\x00\x003P\x00\x05\xa8\x00\x00\x00\x00alisque.\n\nEquide'...
0.211 Received: b'\xe3\xc6^\xed\x00\x00\x002V\x191\x1eP\x10\x05\xa8\x00\x00\x00\x00'
0.211 Disassembled: source: 58310, dest: 24301, seq: 50, ack: 1444491550, window: 1448, ACK
0.211 Acknowledged seq: 1444490102
0.212 Assembling: source: 24301, dest: 58310, seq: 1444491550, ack: 51, window: 1448, data: "finitiones, affe"...
0.212 Sent: b'^\xed\xe3\xc6V\x191\x1e\x00\x00\x003P\x00\x05\xa8\x00\x00\x00\x00finitiones, affe'...
0.214 Received: b'\xe3\xc6^\xed\x00\x00\x002V\x196\xc6P\x10\x05\xa8\x00\x00\x00\x00'
0.215 Disassembled: source: 58310, dest: 24301, seq: 50, ack: 1444492998, window: 1448, ACK
0.215 Acknowledged seq: 1444491550
0.215 Assembling: source: 24301, dest: 58310, seq: 1444492998, ack: 51, window: 1448, data: "his duis graeco "...
0.216 Sent: b'^\xed\xe3\xc6V\x196\xc6\x00\x00\x003P\x00\x05\xa8\x00\x00\x00\x00his duis graeco '...
0.217 Received: b'\xe3\xc6^\xed\x00\x00\x002V\x19<nP\x10\x05\xa8\x00\x00\x00\x00'
0.218 Disassembled: source: 58310, dest: 24301, seq: 50, ack: 1444494446, window: 1448, ACK
0.218 Acknowledged seq: 1444492998
0.218 Assembling: source: 24301, dest: 58310, seq: 1444494446, ack: 51, window: 1448, data: "am. Alia possit "...
0.219 Sent: b'^\xed\xe3\xc6V\x19<n\x00\x00\x003P\x00\x05\xa8\x00\x00\x00\x00am. Alia possit '...
0.221 Received: b'\xe3\xc6^\xed\x00\x00\x002V\x19B\x16P\x10\x05\xa8\x00\x00\x00\x00'
0.221 Disassembled: source: 58310, dest: 24301, seq: 50, ack: 1444495894, window: 1448, ACK
0.222 Acknowledged seq: 1444494446
0.222 Assembling: source: 24301, dest: 58310, seq: 1444495894, ack: 51, window: 1448, data: "cum an. Mei faci"...
0.222 Sent: b'^\xed\xe3\xc6V\x19B\x16\x00\x00\x003P\x00\x05\xa8\x00\x00\x00\x00cum an. Mei faci'...
0.224 Received: b'\xe3\xc6^\xed\x00\x00\x002V\x19G\xbeP\x10\x05\xa8\x00\x00\x00\x00'
0.225 Disassembled: source: 58310, dest: 24301, seq: 50, ack: 1444497342, window: 1448, ACK
0.225 Acknowledged seq: 1444495894
0.225 Assembling: source: 24301, dest: 58310, seq: 1444497342, ack: 51, window: 1448, data: " vis adhuc tatio"...
0.226 Sent: b'^\xed\xe3\xc6V\x19G\xbe\x00\x00\x003P\x00\x05\xa8\x00\x00\x00\x00 vis adhuc tatio'...
0.227 Received: b'\xe3\xc6^\xed\x00\x00\x002V\x19MfP\x10\x05\xa8\x00\x00\x00\x00'
0.228 Disassembled: source: 58310, dest: 24301, seq: 50, ack: 1444498790, window: 1448, ACK
0.228 Acknowledged seq: 1444497342
0.228 Assembling: source: 24301, dest: 58310, seq: 1444498790, ack: 51, window: 1448, data: "im eu option iuv"...
0.229 Sent: b'^\xed\xe3\xc6V\x19Mf\x00\x00\x003P\x00\x05\xa8\x00\x00\x00\x00im eu option iuv'...
0.231 Received: b'\xe3\xc6^\xed\x00\x00\x002V\x19S\x0eP\x10\x05\xa8\x00\x00\x00\x00'
0.231 Disassembled: source: 58310, dest: 24301, seq: 50, ack: 1444500238, window: 1448, ACK
0.231 Acknowledged seq: 1444498790
0.232 Assembling: source: 24301, dest: 58310, seq: 1444500238, ack: 51, window: 1448, data: "ex epicurei taci"...
0.232 Sent: b'^\xed\xe3\xc6V\x19S\x0e\x00\x00\x003P\x00\x05\xa8\x00\x00\x00\x00ex epicurei taci'...
0.234 Received: b'\xe3\xc6^\xed\x00\x00\x002V\x19X\xb6P\x10\x05\xa8\x00\x00\x00\x00'
0.235 Disassembled: source: 58310, dest: 24301, seq: 50, ack: 1444501686, window: 1448, ACK
0.235 Acknowledged seq: 1444500238
0.235 Assembling: source: 24301, dest: 58310, seq: 1444501686, ack: 51, window: 1448, data: "ebat, eu pro ero"...
0.236 Sent: b'^\xed\xe3\xc6V\x19X\xb6\x00\x00\x003P\x00\x05\xa8\x00\x00\x00\x00ebat, eu pro ero'...
0.237 Received: b'\xe3\xc6^\xed\x00\x00\x002V\x19^^P\x10\x05\xa8\x00\x00\x00\x00'
0.238 Disassembled: source: 58310, dest: 24301, seq: 50, ack: 1444503134, window: 1448, ACK
0.238 Acknowledged seq: 1444501686
0.238 Assembling: source: 24301, dest: 58310, seq: 1444503134, ack: 51, window: 1448, data: "s. Per no sale v"...
0.239 Sent: b'^\xed\xe3\xc6V\x19^^\x00\x00\x003P\x00\x05\xa8\x00\x00\x00\x00s. Per no sale v'...
0.241 Received: b'\xe3\xc6^\xed\x00\x00\x002V\x19d\x06P\x10\x05\xa8\x00\x00\x00\x00'
0.241 Disassembled: source: 58310, dest: 24301, seq: 50, ack: 1444504582, window: 1448, ACK
0.241 Acknowledged seq: 1444503134
0.242 Assembling: source: 24301, dest: 58310, seq: 1444504582, ack: 51, window: 1448, data: "orrupte ea mel. "...
0.242 Sent: b'^\xed\xe3\xc6V\x19d\x06\x00\x00\x003P\x00\x05\xa8\x00\x00\x00\x00orrupte ea mel. '...
0.244 Received: b'\xe3\xc6^\xed\x00\x00\x002V\x19i\xaeP\x10\x05\xa8\x00\x00\x00\x00'
0.245 Disassembled: source: 58310, dest: 24301, seq: 50, ack: 1444506030, window: 1448, ACK
0.245 Acknowledged seq: 1444504582
0.245 Assembling: source: 24301, dest: 58310, seq: 1444506030, ack: 51, window: 1448, data: ". Est iracundia "...
0.246 Sent: b'^\xed\xe3\xc6V\x19i\xae\x00\x00\x003P\x00\x05\xa8\x00\x00\x00\x00. Est iracundia '...
0.247 Received: b'\xe3\xc6^\xed\x00\x00\x002V\x19oVP\x10\x05\xa8\x00\x00\x00\x00'
0.248 Disassembled: source: 58310, dest: 24301, seq: 50, ack: 1444507478, window: 1448, ACK
0.248 Acknowledged seq: 1444506030
0.248 Assembling: source: 24301, dest: 58310, seq: 1444507478, ack: 51, window: 1448, data: "pta probatus scr"...
0.249 Sent: b'^\xed\xe3\xc6V\x19oV\x00\x00\x003P\x00\x05\xa8\x00\x00\x00\x00pta probatus scr'...
0.251 Received: b'\xe3\xc6^\xed\x00\x00\x002V\x19t\xfeP\x10\x05\xa8\x00\x00\x00\x00'
0.251 Disassembled: source: 58310, dest: 24301, seq: 50, ack: 1444508926, window: 1448, ACK
0.251 Acknowledged seq: 1444507478
0.252 Assembling: source: 24301, dest: 58310, seq: 1444508926, ack: 51, window: 1448, data: "entur ei, pro ei"...
0.252 Sent: b'^\xed\xe3\xc6V\x19t\xfe\x00\x00\x003P\x00\x05\xa8\x00\x00\x00\x00entur ei, pro ei'...
0.254 Received: b'\xe3\xc6^\xed\x00\x00\x002V\x19z\xa6P\x10\x05\xa8\x00\x00\x00\x00'
0.255 Disassembled: source: 58310, dest: 24301, seq: 50, ack: 1444510374, window: 1448, ACK
0.255 Acknowledged seq: 1444508926
0.255 Assembling: source: 24301, dest: 58310, seq: 1444510374, ack: 51, window: 1448, data: "simul euismod vi"...
0.256 Sent: b'^\xed\xe3\xc6V\x19z\xa6\x00\x00\x003P\x00\x05\xa8\x00\x00\x00\x00simul euismod vi'...
0.257 Received: b'\xe3\xc6^\xed\x00\x00\x002V\x19\x80NP\x10\x05\xa8\x00\x00\x00\x00'
0.258 Disassembled: source: 58310, dest: 24301, seq: 50, ack: 1444511822, window: 1448, ACK
0.258 Acknowledged seq: 1444510374
0.258 Assembling: source: 24301, dest: 58310, seq: 1444511822, ack: 51, window: 1448, data: ", eam id iudico "...
0.259 Sent: b'^\xed\xe3\xc6V\x19\x80N\x00\x00\x003P\x00\x05\xa8\x00\x00\x00\x00, eam id iudico '...
0.261 Received: b'\xe3\xc6^\xed\x00\x00\x002V\x19\x85\xf6P\x10\x05\xa8\x00\x00\x00\x00'
0.261 Disassembled: source: 58310, dest: 24301, seq: 50, ack: 1444513270, window: 1448, ACK
0.261 Acknowledged seq: 1444511822
0.262 Assembling: source: 24301, dest: 58310, seq: 1444513270, ack: 51, window: 1448, data: "m vix. Ea est mu"...
0.262 Sent: b'^\xed\xe3\xc6V\x19\x85\xf6\x00\x00\x003P\x00\x05\xa8\x00\x00\x00\x00m vix. Ea est mu'...
0.264 Received: b'\xe3\xc6^\xed\x00\x00\x002V\x19\x8b\x9eP\x10\x05\xa8\x00\x00\x00\x00'
0.265 Disassembled: source: 58310, dest: 24301, seq: 50, ack: 1444514718, window: 1448, ACK
0.265 Acknowledged seq: 1444513270
0.265 Assembling: source: 24301, dest: 58310, seq: 1444514718, ack: 51, window: 1448, data: "olor sit amet, e"...
0.265 Sent: b'^\xed\xe3\xc6V\x19\x8b\x9e\x00\x00\x003P\x00\x05\xa8\x00\x00\x00\x00olor sit amet, e'...
0.267 Received: b'\xe3\xc6^\xed\x00\x00\x002V\x19\x91FP\x10\x05\xa8\x00\x00\x00\x00'
0.268 Disassembled: source: 58310, dest: 24301, seq: 50, ack: 1444516166, window: 1448, ACK
0.268 Acknowledged seq: 1444514718
0.268 Assembling: source: 24301, dest: 58310, seq: 1444516166, ack: 51, window: 1448, data: "m, aperiam iudic"...
0.269 Sent: b'^\xed\xe3\xc6V\x19\x91F\x00\x00\x003P\x00\x05\xa8\x00\x00\x00\x00m, aperiam iudic'...
0.271 Received: b'\xe3\xc6^\xed\x00\x00\x002V\x19\x96\xeeP\x10\x05\xa8\x00\x00\x00\x00'
0.271 Disassembled: source: 58310, dest: 24301, seq: 50, ack: 1444517614, window: 1448, ACK
0.271 Acknowledged seq: 1444516166
0.272 Assembling: source: 24301, dest: 58310, seq: 1444517614, ack: 51, window: 1448, data: "re sea. No eos d"...
0.272 Sent: b'^\xed\xe3\xc6V\x19\x96\xee\x00\x00\x003P\x00\x05\xa8\x00\x00\x00\x00re sea. No eos d'...
0.274 Received: b'\xe3\xc6^\xed\x00\x00\x002V\x19\x9c\x96P\x10\x05\xa8\x00\x00\x00\x00'
0.275 Disassembled: source: 58310, dest: 24301, seq: 50, ack: 1444519062, window: 1448, ACK
0.275 Acknowledged seq: 1444517614
0.275 Assembling: source: 24301, dest: 58310, seq: 1444519062, ack: 51, window: 1448, data: "t scripta philos"...
0.276 Sent: b'^\xed\xe3\xc6V\x19\x9c\x96\x00\x00\x003P\x00\x05\xa8\x00\x00\x00\x00t scripta philos'...
0.277 Received: b'\xe3\xc6^\xed\x00\x00\x002V\x19\xa2>P\x10\x05\xa8\x00\x00\x00\x00'
0.278 Disassembled: source: 58310, dest: 24301, seq: 50, ack: 1444520510, window: 1448, ACK
0.278 Acknowledged seq: 1444519062
0.278 Assembling: source: 24301, dest: 58310, seq: 1444520510, ack: 51, window: 1448, data: "tos sadipscing e"...
0.279 Sent: b'^\xed\xe3\xc6V\x19\xa2>\x00\x00\x003P\x00\x05\xa8\x00\x00\x00\x00tos sadipscing e'...
0.281 Received: b'\xe3\xc6^\xed\x00\x00\x002V\x19\xa7\xe6P\x10\x05\xa8\x00\x00\x00\x00'
0.281 Disassembled: source: 58310, dest: 24301, seq: 50, ack: 1444521958, window: 1448, ACK
0.282 Acknowledged seq: 1444520510
0.282 Assembling: source: 24301, dest: 58310, seq: 1444521958, ack: 51, window: 1448, data: "sapientem ea, ad"...
0.282 Sent: b'^\xed\xe3\xc6V\x19\xa7\xe6\x00\x00\x003P\x00\x05\xa8\x00\x00\x00\x00sapientem ea, ad'...
0.284 Received: b'\xe3\xc6^\xed\x00\x00\x002V\x19\xad\x8eP\x10\x05\xa8\x00\x00\x00\x00'
0.285 Disassembled: source: 58310, dest: 24301, seq: 50, ack: 1444523406, window: 1448, ACK
0.285 Acknowledged seq: 1444521958
0.285 Assembling: source: 24301, dest: 58310, seq: 1444523406, ack: 51, window: 1448, data: "g, ei invenire p"...
0.286 Sent: b'^\xed\xe3\xc6V\x19\xad\x8e\x00\x00\x003P\x00\x05\xa8\x00\x00\x00\x00g, ei invenire p'...
0.288 Received: b'\xe3\xc6^\xed\x00\x00\x002V\x19\xb36P\x10\x05\xa8\x00\x00\x00\x00'
0.288 Disassembled: source: 58310, dest: 24301, seq: 50, ack: 1444524854, window: 1448, ACK
0.288 Acknowledged seq: 1444523406
0.289 Assembling: source: 24301, dest: 58310, seq: 1444524854, ack: 51, window: 1448, data: "endo at. Qui id "...
0.289 Sent: b'^\xed\xe3\xc6V\x19\xb36\x00\x00\x003P\x00\x05\xa8\x00\x00\x00\x00endo at. Qui id '...
0.291 Received: b'\xe3\xc6^\xed\x00\x00\x002V\x19\xb8\xdeP\x10\x05\xa8\x00\x00\x00\x00'
0.291 Disassembled: source: 58310, dest: 24301, seq: 50, ack: 1444526302, window: 1448, ACK
0.292 Acknowledged seq: 1444524854
0.292 Assembling: source: 24301, dest: 58310, seq: 1444526302, ack: 51, window: 1448, data: "ota nostrum et p"...
0.292 Sent: b'^\xed\xe3\xc6V\x19\xb8\xde\x00\x00\x003P\x00\x05\xa8\x00\x00\x00\x00ota nostrum et p'...
0.294 Received: b'\xe3\xc6^\xed\x00\x00\x002V\x19\xbe\x86P\x10\x05\xa8\x00\x00\x00\x00'
0.295 Disassembled: source: 58310, dest: 24301, seq: 50, ack: 1444527750, window: 1448, ACK
0.295 Acknowledged seq: 1444526302
0.295 Assembling: source: 24301, dest: 58310, seq: 1444527750, ack: 51, window: 1448, data: "deseruisse id. P"...
0.296 Sent: b'^\xed\xe3\xc6V\x19\xbe\x86\x00\x00\x003P\x00\x05\xa8\x00\x00\x00\x00deseruisse id. P'...
0.298 Received: b'\xe3\xc6^\xed\x00\x00\x002V\x19\xc4.P\x10\x05\xa8\x00\x00\x00\x00'
0.298 Disassembled: source: 58310, dest: 24301, seq: 50, ack: 1444529198, window: 1448, ACK
0.298 Acknowledged seq: 1444527750
0.299 Assembling: source: 24301, dest: 58310, seq: 1444529198, ack: 51, window: 1448, data: "odo munere imper"...
0.299 Sent: b'^\xed\xe3\xc6V\x19\xc4.\x00\x00\x003P\x00\x05\xa8\x00\x00\x00\x00odo munere imper'...
0.301 Received: b'\xe3\xc6^\xed\x00\x00\x002V\x19\xc9\xd6P\x10\x05\xa8\x00\x00\x00\x00'
0.301 Disassembled: source: 58310, dest: 24301, seq: 50, ack: 1444530646, window: 1448, ACK
0.302 Acknowledged seq: 1444529198
0.302 Assembling: source: 24301, dest: 58310, seq: 1444530646, ack: 51, window: 1448, data: "cimates cum, tib"...
0.302 Sent: b'^\xed\xe3\xc6V\x19\xc9\xd6\x00\x00\x003P\x00\x05\xa8\x00\x00\x00\x00cimates cum, tib'...
0.304 Received: b'\xe3\xc6^\xed\x00\x00\x002V\x19\xcf~P\x10\x05\xa8\x00\x00\x00\x00'
0.305 Disassembled: source: 58310, dest: 24301, seq: 50, ack: 1444532094, window: 1448, ACK
0.305 Acknowledged seq: 1444530646
0.305 Assembling: source: 24301, dest: 58310, seq: 1444532094, ack: 51, window: 1448, data: "tiopam molestiae"...
0.306 Sent: b'^\xed\xe3\xc6V\x19\xcf~\x00\x00\x003P\x00\x05\xa8\x00\x00\x00\x00tiopam molestiae'...
0.308 Received: b'\xe3\xc6^\xed\x00\x00\x002V\x19\xd5&P\x10\x05\xa8\x00\x00\x00\x00'
0.308 Disassembled: source: 58310, dest: 24301, seq: 50, ack: 1444533542, window: 1448, ACK
0.308 Acknowledged seq: 1444532094
0.309 Assembling: source: 24301, dest: 58310, seq: 1444533542, ack: 51, window: 1448, data: "possim qui no, v"...
0.309 Sent: b'^\xed\xe3\xc6V\x19\xd5&\x00\x00\x003P\x00\x05\xa8\x00\x00\x00\x00possim qui no, v'...
0.311 Received: b'\xe3\xc6^\xed\x00\x00\x002V\x19\xda\xceP\x10\x05\xa8\x00\x00\x00\x00'
0.311 Disassembled: source: 58310, dest: 24301, seq: 50, ack: 1444534990, window: 1448, ACK
0.312 Acknowledged seq: 1444533542
0.312 Assembling: source: 24301, dest: 58310, seq: 1444534990, ack: 51, window: 1448, data: " ex utinam parti"...
0.312 Sent: b'^\xed\xe3\xc6V\x19\xda\xce\x00\x00\x003P\x00\x05\xa8\x00\x00\x00\x00 ex utinam parti'...
0.314 Received: b'\xe3\xc6^\xed\x00\x00\x002V\x19\xe0vP\x10\x05\xa8\x00\x00\x00\x00'
0.315 Disassembled: source: 58310, dest: 24301, seq: 50, ack: 1444536438, window: 1448, ACK
0.315 Acknowledged seq: 1444534990
0.315 Assembling: source: 24301, dest: 58310, seq: 1444536438, ack: 51, window: 1448, data: "icus in his. Pri"...
0.316 Sent: b'^\xed\xe3\xc6V\x19\xe0v\x00\x00\x003P\x00\x05\xa8\x00\x00\x00\x00icus in his. Pri'...
0.318 Received: b'\xe3\xc6^\xed\x00\x00\x002V\x19\xe6\x1eP\x10\x05\xa8\x00\x00\x00\x00'
0.318 Disassembled: source: 58310, dest: 24301, seq: 50, ack: 1444537886, window: 1448, ACK
0.318 Acknowledged seq: 1444536438
0.319 Assembling: source: 24301, dest: 58310, seq: 1444537886, ack: 51, window: 1448, data: "iis et.

Ius cu "...
0.319 Sent: b'^\xed\xe3\xc6V\x19\xe6\x1e\x00\x00\x003P\x00\x05\xa8\x00\x00\x00\x00iis et.\n\nIus cu '...
0.321 Received: b'\xe3\xc6^\xed\x00\x00\x002V\x19\xeb\xc6P\x10\x05\xa8\x00\x00\x00\x00'
0.322 Disassembled: source: 58310, dest: 24301, seq: 50, ack: 1444539334, window: 1448, ACK
0.322 Acknowledged seq: 1444537886
0.322 Assembling: source: 24301, dest: 58310, seq: 1444539334, ack: 51, window: 1448, data: "e interesset.

T"...
0.323 Sent: b'^\xed\xe3\xc6V\x19\xeb\xc6\x00\x00\x003P\x00\x05\xa8\x00\x00\x00\x00e interesset.\n\nT'...
0.325 Received: b'\xe3\xc6^\xed\x00\x00\x002V\x19\xf1nP\x10\x05\xa8\x00\x00\x00\x00'
0.325 Disassembled: source: 58310, dest: 24301, seq: 50, ack: 1444540782, window: 1448, ACK
0.325 Acknowledged seq: 1444539334
0.325 Assembling: source: 24301, dest: 58310, seq: 1444540782, ack: 51, window: 1448, data: "pro alia volutpa"...
0.326 Sent: b'^\xed\xe3\xc6V\x19\xf1n\x00\x00\x003P\x00\x05\xa8\x00\x00\x00\x00pro alia volutpa'...
0.328 Received: b'\xe3\xc6^\xed\x00\x00\x002V\x19\xf7\x16P\x10\x05\xa8\x00\x00\x00\x00'
0.328 Disassembled: source: 58310, dest: 24301, seq: 50, ack: 1444542230, window: 1448, ACK
0.328 Acknowledged seq: 1444540782
0.329 Assembling: source: 24301, dest: 58310, seq: 1444542230, ack: 51, window: 1448, data: " libris equidem "...
0.329 Sent: b'^\xed\xe3\xc6V\x19\xf7\x16\x00\x00\x003P\x00\x05\xa8\x00\x00\x00\x00 libris equidem '...
0.331 Received: b'\xe3\xc6^\xed\x00\x00\x002V\x19\xfc\xbeP\x10\x05\xa8\x00\x00\x00\x00'
0.332 Disassembled: source: 58310, dest: 24301, seq: 50, ack: 1444543678, window: 1448, ACK
0.332 Acknowledged seq: 1444542230
0.332 Assembling: source: 24301, dest: 58310, seq: 1444543678, ack: 51, window: 1448, data: "uavitate volupta"...
0.332 Sent: b'^\xed\xe3\xc6V\x19\xfc\xbe\x00\x00\x003P\x00\x05\xa8\x00\x00\x00\x00uavitate volupta'...
0.334 Received: b'\xe3\xc6^\xed\x00\x00\x002V\x1a\x02fP\x10\x05\xa8\x00\x00\x00\x00'
0.335 Disassembled: source: 58310, dest: 24301, seq: 50, ack: 1444545126, window: 1448, ACK
0.335 Acknowledged seq: 1444543678
0.335 Assembling: source: 24301, dest: 58310, seq: 1444545126, ack: 51, window: 1448, data: " Detraxit defini"...
0.336 Sent: b'^\xed\xe3\xc6V\x1a\x02f\x00\x00\x003P\x00\x05\xa8\x00\x00\x00\x00 Detraxit defini'...
0.338 Received: b'\xe3\xc6^\xed\x00\x00\x002V\x1a\x08\x0eP\x10\x05\xa8\x00\x00\x00\x00'
0.338 Disassembled: source: 58310, dest: 24301, seq: 50, ack: 1444546574, window: 1448, ACK
0.338 Acknowledged seq: 1444545126
0.338 Assembling: source: 24301, dest: 58310, seq: 1444546574, ack: 51, window: 1448, data: "aesent mei. Quo "...
0.339 Sent: b'^\xed\xe3\xc6V\x1a\x08\x0e\x00\x00\x003P\x00\x05\xa8\x00\x00\x00\x00aesent mei. Quo '...
0.341 Received: b'\xe3\xc6^\xed\x00\x00\x002V\x1a\r\xb6P\x10\x05\xa8\x00\x00\x00\x00'
0.341 Disassembled: source: 58310, dest: 24301, seq: 50, ack: 1444548022, window: 1448, ACK
0.342 Acknowledged seq: 1444546574
0.342 Assembling: source: 24301, dest: 58310, seq: 1444548022, ack: 51, window: 1448, data: "nterpretaris no "...
0.342 Sent: b'^\xed\xe3\xc6V\x1a\r\xb6\x00\x00\x003P\x00\x05\xa8\x00\x00\x00\x00nterpretaris no '...
0.344 Received: b'\xe3\xc6^\xed\x00\x00\x002V\x1a\x13^P\x10\x05\xa8\x00\x00\x00\x00'
0.345 Disassembled: source: 58310, dest: 24301, seq: 50, ack: 1444549470, window: 1448, ACK
0.345 Acknowledged seq: 1444548022
0.345 Assembling: source: 24301, dest: 58310, seq: 1444549470, ack: 51, window: 1448, data: "patrioque has. I"...
0.346 Sent: b'^\xed\xe3\xc6V\x1a\x13^\x00\x00\x003P\x00\x05\xa8\x00\x00\x00\x00patrioque has. I'...
0.347 Received: b'\xe3\xc6^\xed\x00\x00\x002V\x1a\x19\x06P\x10\x05\xa8\x00\x00\x00\x00'
0.348 Disassembled: source: 58310, dest: 24301, seq: 50, ack: 1444550918, window: 1448, ACK
0.348 Acknowledged seq: 1444549470
0.348 Assembling: source: 24301, dest: 58310, seq: 1444550918, ack: 51, window: 1448, data: "ossit repudianda"...
0.349 Sent: b'^\xed\xe3\xc6V\x1a\x19\x06\x00\x00\x003P\x00\x05\xa8\x00\x00\x00\x00ossit repudianda'...
0.351 Received: b'\xe3\xc6^\xed\x00\x00\x002V\x1a\x1e\xaeP\x10\x05\xa8\x00\x00\x00\x00'
0.351 Disassembled: source: 58310, dest: 24301, seq: 50, ack: 1444552366, window: 1448, ACK
0.352 Acknowledged seq: 1444550918
0.352 Assembling: source: 24301, dest: 58310, seq: 1444552366, ack: 51, window: 1448, data: "ora consequuntur"...
0.352 Sent: b'^\xed\xe3\xc6V\x1a\x1e\xae\x00\x00\x003P\x00\x05\xa8\x00\x00\x00\x00ora consequuntur'...
0.354 Received: b'\xe3\xc6^\xed\x00\x00\x002V\x1a$VP\x10\x05\xa8\x00\x00\x00\x00'
0.355 Disassembled: source: 58310, dest: 24301, seq: 50, ack: 1444553814, window: 1448, ACK
0.355 Acknowledged seq: 1444552366
0.355 Assembling: source: 24301, dest: 58310, seq: 1444553814, ack: 51, window: 1448, data: "ctus conceptam a"...
0.356 Sent: b'^\xed\xe3\xc6V\x1a$V\x00\x00\x003P\x00\x05\xa8\x00\x00\x00\x00ctus conceptam a'...
0.358 Received: b'\xe3\xc6^\xed\x00\x00\x002V\x1a)\xfeP\x10\x05\xa8\x00\x00\x00\x00'
0.358 Disassembled: source: 58310, dest: 24301, seq: 50, ack: 1444555262, window: 1448, ACK
0.358 Acknowledged seq: 1444553814
0.359 Assembling: source: 24301, dest: 58310, seq: 1444555262, ack: 51, window: 1448, data: " aeterno te, ne "...
0.359 Sent: b'^\xed\xe3\xc6V\x1a)\xfe\x00\x00\x003P\x00\x05\xa8\x00\x00\x00\x00 aeterno te, ne '...
0.361 Received: b'\xe3\xc6^\xed\x00\x00\x002V\x1a/\xa6P\x10\x05\xa8\x00\x00\x00\x00'
0.362 Disassembled: source: 58310, dest: 24301, seq: 50, ack: 1444556710, window: 1448, ACK
0.362 Acknowledged seq: 1444555262
0.362 Assembling: source: 24301, dest: 58310, seq: 1444556710, ack: 51, window: 1448, data: "imis oporteat di"...
0.363 Sent: b'^\xed\xe3\xc6V\x1a/\xa6\x00\x00\x003P\x00\x05\xa8\x00\x00\x00\x00imis oporteat di'...
0.364 Received: b'\xe3\xc6^\xed\x00\x00\x002V\x1a5NP\x10\x05\xa8\x00\x00\x00\x00'
0.365 Disassembled: source: 58310, dest: 24301, seq: 50, ack: 1444558158, window: 1448, ACK
0.365 Acknowledged seq: 1444556710
0.365 Assembling: source: 24301, dest: 58310, seq: 1444558158, ack: 51, window: 1448, data: "re. Has virtute "...
0.366 Sent: b'^\xed\xe3\xc6V\x1a5N\x00\x00\x003P\x00\x05\xa8\x00\x00\x00\x00re. Has virtute '...
0.368 Received: b'\xe3\xc6^\xed\x00\x00\x002V\x1a:\xf6P\x10\x05\xa8\x00\x00\x00\x00'
0.368 Disassembled: source: 58310, dest: 24301, seq: 50, ack: 1444559606, window: 1448, ACK
0.368 Acknowledged seq: 1444558158
0.369 Assembling: source: 24301, dest: 58310, seq: 1444559606, ack: 51, window: 1448, data: " eum ancillae no"...
0.369 Sent: b'^\xed\xe3\xc6V\x1a:\xf6\x00\x00\x003P\x00\x05\xa8\x00\x00\x00\x00 eum ancillae no'...
0.371 Received: b'\xe3\xc6^\xed\x00\x00\x002V\x1a@\x9eP\x10\x05\xa8\x00\x00\x00\x00'
0.371 Disassembled: source: 58310, dest: 24301, seq: 50, ack: 1444561054, window: 1448, ACK
0.371 Acknowledged seq: 1444559606
0.372 Assembling: source: 24301, dest: 58310, seq: 1444561054, ack: 51, window: 1448, data: "ppareat ius. At "...
0.372 Sent: b'^\xed\xe3\xc6V\x1a@\x9e\x00\x00\x003P\x00\x05\xa8\x00\x00\x00\x00ppareat ius. At '...
0.374 Received: b'\xe3\xc6^\xed\x00\x00\x002V\x1aFFP\x10\x05\xa8\x00\x00\x00\x00'
0.374 Disassembled: source: 58310, dest: 24301, seq: 50, ack: 1444562502, window: 1448, ACK
0.375 Acknowledged seq: 1444561054
0.375 Assembling: source: 24301, dest: 58310, seq: 1444562502, ack: 51, window: 1448, data: ", vero appellant"...
0.375 Sent: b'^\xed\xe3\xc6V\x1aFF\x00\x00\x003P\x00\x05\xa8\x00\x00\x00\x00, vero appellant'...
0.377 Received: b'\xe3\xc6^\xed\x00\x00\x002V\x1aK\xeeP\x10\x05\xa8\x00\x00\x00\x00'
0.378 Disassembled: source: 58310, dest: 24301, seq: 50, ack: 1444563950, window: 1448, ACK
0.378 Acknowledged seq: 1444562502
0.378 Assembling: source: 24301, dest: 58310, seq: 1444563950, ack: 51, window: 1448, data: "ibo quando copio"...
0.379 Sent: b'^\xed\xe3\xc6V\x1aK\xee\x00\x00\x003P\x00\x05\xa8\x00\x00\x00\x00ibo quando copio'...
0.381 Received: b'\xe3\xc6^\xed\x00\x00\x002V\x1aQ\x96P\x10\x05\xa8\x00\x00\x00\x00'
0.381 Disassembled: source: 58310, dest: 24301, seq: 50, ack: 1444565398, window: 1448, ACK
0.381 Acknowledged seq: 1444563950
0.382 Assembling: source: 24301, dest: 58310, seq: 1444565398, ack: 51, window: 1448, data: " maluisset. Sit "...
0.382 Sent: b'^\xed\xe3\xc6V\x1aQ\x96\x00\x00\x003P\x00\x05\xa8\x00\x00\x00\x00 maluisset. Sit '...
0.384 Received: b'\xe3\xc6^\xed\x00\x00\x002V\x1aW>P\x10\x05\xa8\x00\x00\x00\x00'
0.384 Disassembled: source: 58310, dest: 24301, seq: 50, ack: 1444566846, window: 1448, ACK
0.385 Acknowledged seq: 1444565398
0.385 Assembling: source: 24301, dest: 58310, seq: 1444566846, ack: 51, window: 1448, data: "e ceteros albuci"...
0.385 Sent: b'^\xed\xe3\xc6V\x1aW>\x00\x00\x003P\x00\x05\xa8\x00\x00\x00\x00e ceteros albuci'...
0.387 Received: b'\xe3\xc6^\xed\x00\x00\x002V\x1a\\\xe6P\x10\x05\xa8\x00\x00\x00\x00'
0.388 Disassembled: source: 58310, dest: 24301, seq: 50, ack: 1444568294, window: 1448, ACK
0.388 Acknowledged seq: 1444566846
0.388 Assembling: source: 24301, dest: 58310, seq: 1444568294, ack: 51, window: 1448, data: "complectitur sea"...
0.389 Sent: b'^\xed\xe3\xc6V\x1a\\\xe6\x00\x00\x003P\x00\x05\xa8\x00\x00\x00\x00complectitur sea'...
0.391 Received: b'\xe3\xc6^\xed\x00\x00\x002V\x1ab\x8eP\x10\x05\xa8\x00\x00\x00\x00'
0.391 Disassembled: source: 58310, dest: 24301, seq: 50, ack: 1444569742, window: 1448, ACK
0.391 Acknowledged seq: 1444568294
0.392 Finished reading file
0.392 Assembling: source: 24301, dest: 58310, seq: 1444569742, ack: 51, window: 1448, data: "tempor ex ius. E"...
0.392 Sent: b'^\xed\xe3\xc6V\x1ab\x8e\x00\x00\x003P\x00\x05\xa8\x00\x00\x00\x00tempor ex ius. E'...
0.394 Received: b'\xe3\xc6^\xed\x00\x00\x002V\x1ab\xecP\x10\x05\xa8\x00\x00\x00\x00'
0.395 Disassembled: source: 58310, dest: 24301, seq: 50, ack: 1444569836, window: 1448, ACK
0.395 Acknowledged seq: 1444569742
0.395 Assembling: source: 24301, dest: 58310, seq: 1444569836, ack: 51, window: 1448, ACK, FIN
0.396 Sent: b'^\xed\xe3\xc6V\x1ab\xec\x00\x00\x003P\x11\x05\xa8\x00\x00\x00\x00'
0.397 Received: b'\xe3\xc6^\xed\x00\x00\x002V\x1ab\xedP\x10\x05\xa8\x00\x00\x00\x00'
0.398 Disassembled: source: 58310, dest: 24301, seq: 50, ack: 1444569837, window: 1448, ACK
0.398 FIN accepted; sending final packet
0.398 Assembling: source: 24301, dest: 58310, seq: 1444569837, ack: 51, window: 1448, ACK
0.399 Sent: b'^\xed\xe3\xc6V\x1ab\xed\x00\x00\x003P\x10\x05\xa8\x00\x00\x00\x00'
0.399 Closed connection
0.399 Shutting down
