0.000 NEW RUN: Server, TEST: Read_file__Relaxed
0.075 Received: b'(*1y\x00\x00\x00\x00\x00\x00\x00\x00P\x02\x05\xa8\x00\x00\x00\x00'
0.076 Disassembled: source: 10282, dest: 12665, window: 1448, SYN
0.076 SYN accepted; new connection: 127.0.0.1 on port 10282
0.077 Assembling: source: 12665, dest: 10282, seq: 1413395778, ack: 1, window: 1448, ACK, SYN
0.077 Sent: b'1y(*T>\xb5B\x00\x00\x00\x01P\x12\x05\xa8\x00\x00\x00\x00'
0.079 Received: b'(*1y\x00\x00\x00\x01T>\xb5CP\x10\x05\xa8\x00\x00\x00\x00'
0.079 Disassembled: source: 10282, dest: 12665, seq: 1, ack: 1413395779, window: 1448, ACK
0.080 Handshake complete
0.080 Acknowledged seq: 1413395778
0.080 Finished reading file
0.080 Assembling: source: 12665, dest: 10282, seq: 1413395779, ack: 2, window: 1448, ACK, FIN
0.081 Sent: b'1y(*T>\xb5C\x00\x00\x00\x02P\x11\x05\xa8\x00\x00\x00\x00'
0.082 Received: b'(*1y\x00\x00\x00\x01T>\xb5DP\x10\x05\xa8\x00\x00\x00\x00'
0.083 Disassembled: source: 10282, dest: 12665, seq: 1, ack: 1413395780, window: 1448, ACK
0.083 FIN accepted; sending final packet
0.083 Assembling: source: 12665, dest: 10282, seq: 1413395780, ack: 2, window: 1448, ACK
0.083 Sent: b'1y(*T>\xb5D\x00\x00\x00\x02P\x10\x05\xa8\x00\x00\x00\x00'
0.084 Closed connection
0.084 Shutting down
