0.000 NEW RUN: Server, TEST: Write_file__Random_drops
0.077 Received: b'\xbc\xd8\xac\x8c\x00\x00\x00\r\x00\x00\x00\x00P\x02\x05\xa8\x00\x00\x00\x00'
0.078 Disassembled: source: 48344, dest: 44172, seq: 13, window: 1448, SYN
0.078 SYN accepted; new connection: 127.0.0.1 on port 48344
0.078 Assembling: source: 44172, dest: 48344, seq: 1514679116, ack: 14, window: 5808, ACK, SYN
0.079 Failed to send packet
0.579 Sent: b'\xac\x8c\xbc\xd8ZH+L\x00\x00\x00\x0eP\x12\x16\xb0\x00\x00\x00\x00'
0.582 Received: b'\xbc\xd8\xac\x8c\x00\x00\x00\x0eZH+MP\x10\x16\xb0\x00\x00\x00\x00'
0.583 Disassembled: source: 48344, dest: 44172, seq: 14, ack: 1514679117, window: 5808, ACK
0.583 Assembling: source: 44172, dest: 48344, seq: 1514679117, ack: 14, window: 5808, ACK
0.583 Sent: b'\xac\x8c\xbc\xd8ZH+M\x00\x00\x00\x0eP\x10\x16\xb0\x00\x00\x00\x00'
0.585 Received: b'\xbc\xd8\xac\x8c\x00\x00\x00\x0eZH+MP\x10\x16\xb0\x00\x00\x00\x00Lorem ipsum dolo'...
0.585 Disassembled: source: 48344, dest: 44172, seq: 14, ack: 1514679117, window: 5808, ACK, data: "Lorem ipsum dolo"...
0.585 Handshake complete
0.585 Data accepted; writing to file
0.586 Assembling: source: 44172, dest: 48344, seq: 1514679117, ack: 1462, window: 5808, ACK
0.586 Sent: b'\xac\x8c\xbc\xd8ZH+M\x00\x00\x05\xb6P\x10\x16\xb0\x00\x00\x00\x00'
0.587 Received: b'\xbc\xd8\xac\x8c\x00\x00\x00\x0eZH+MP\x00\x16\xb0\x00\x00\x00\x00Lorem ipsum dolo'...
0.588 Disassembled: source: 48344, dest: 44172, seq: 14, ack: 1514679117, window: 5808, data: "Lorem ipsum dolo"...
0.588 Old data; ignoring
0.590 Received: b'\xbc\xd8\xac\x8c\x00\x00\x05\xb6ZH+MP\x00\x16\xb0\x00\x00\x00\x00mprehensam nam, '...
0.590 Disassembled: source: 48344, dest: 44172, seq: 1462, ack: 1514679117, window: 5808, data: "mprehensam nam, "...
0.590 Data accepted; writing to file
0.591 Assembling: source: 44172, dest: 48344, seq: 1514679117, ack: 2910, window: 5808, ACK
0.591 Sent: b'\xac\x8c\xbc\xd8ZH+M\x00\x00\x0b^P\x10\x16\xb0\x00\x00\x00\x00'
0.594 Received: b'\xbc\xd8\xac\x8c\x00\x00\x0b^ZH+MP\x00\x16\xb0\x00\x00\x00\x00ilisi repudiare '...
0.594 Disassembled: source: 48344, dest: 44172, seq: 2910, ack: 1514679117, window: 5808, data: "ilisi repudiare "...
0.595 Data accepted; writing to file
0.595 Assembling: source: 44172, dest: 48344, seq: 1514679117, ack: 4358, window: 5808, ACK
0.595 Sent: b'\xac\x8c\xbc\xd8ZH+M\x00\x00\x11\x06P\x10\x16\xb0\x00\x00\x00\x00'
0.597 Received: b'\xbc\xd8\xac\x8c\x00\x00\x11\x06ZH+MP\x00\x16\xb0\x00\x00\x00\x00ta.\n\nEt essent s'...
0.597 Disassembled: source: 48344, dest: 44172, seq: 4358, ack: 1514679117, window: 5808, data: "ta.

Et essent s"...
0.598 Data accepted; writing to file
0.598 Assembling: source: 44172, dest: 48344, seq: 1514679117, ack: 5806, window: 5808, ACK
0.598 Sent: b'\xac\x8c\xbc\xd8ZH+M\x00\x00\x16\xaeP\x10\x16\xb0\x00\x00\x00\x00'
0.600 Received: b'\xbc\xd8\xac\x8c\x00\x00\x16\xaeZH+MP\x00\x16\xb0\x00\x00\x00\x00 Nihil tractatos'...
0.600 Disassembled: source: 48344, dest: 44172, seq: 5806, ack: 1514679117, window: 5808, data: " Nihil tractatos"...
0.600 Data accepted; writing to file
0.601 Assembling: source: 44172, dest: 48344, seq: 1514679117, ack: 7254, window: 5808, ACK
0.601 Sent: b'\xac\x8c\xbc\xd8ZH+M\x00\x00\x1cVP\x10\x16\xb0\x00\x00\x00\x00'
0.603 Received: b'\xbc\xd8\xac\x8c\x00\x00\x1cVZH+MP\x00\x16\xb0\x00\x00\x00\x00fert iuvaret sap'...
0.603 Disassembled: source: 48344, dest: 44172, seq: 7254, ack: 1514679117, window: 5808, data: "fert iuvaret sap"...
0.603 Data accepted; writing to file
0.603 Assembling: source: 44172, dest: 48344, seq: 1514679117, ack: 8702, window: 5808, ACK
0.604 Sent: b'\xac\x8c\xbc\xd8ZH+M\x00\x00!\xfeP\x10\x16\xb0\x00\x00\x00\x00'
0.606 Received: b'\xbc\xd8\xac\x8c\x00\x00!\xfeZH+MP\x00\x16\xb0\x00\x00\x00\x00ram adipiscing, '...
0.607 Disassembled: source: 48344, dest: 44172, seq: 8702, ack: 1514679117, window: 5808, data: "ram adipiscing, "...
0.607 Data accepted; writing to file
0.607 Assembling: source: 44172, dest: 48344, seq: 1514679117, ack: 10150, window: 5808, ACK
0.607 Sent: b"\xac\x8c\xbc\xd8ZH+M\x00\x00'\xa6P\x10\x16\xb0\x00\x00\x00\x00"
0.609 Received: b"\xbc\xd8\xac\x8c\x00\x00'\xa6ZH+MP\x00\x16\xb0\x00\x00\x00\x00m veritus vivend"...
0.610 Disassembled: source: 48344, dest: 44172, seq: 10150, ack: 1514679117, window: 5808, data: "m veritus vivend"...
0.610 Data accepted; writing to file
0.610 Assembling: source: 44172, dest: 48344, seq: 1514679117, ack: 11598, window: 5808, ACK
0.611 Sent: b'\xac\x8c\xbc\xd8ZH+M\x00\x00-NP\x10\x16\xb0\x00\x00\x00\x00'
0.613 Received: b'\xbc\xd8\xac\x8c\x00\x00-NZH+MP\x00\x16\xb0\x00\x00\x00\x00 delenit, ignota'...
0.613 Disassembled: source: 48344, dest: 44172, seq: 11598, ack: 1514679117, window: 5808, data: " delenit, ignota"...
0.613 Data accepted; writing to file
0.614 Assembling: source: 44172, dest: 48344, seq: 1514679117, ack: 13046, window: 5808, ACK
0.614 Failed to send packet
1.114 Failed to send packet
1.615 Sent: b'\xac\x8c\xbc\xd8ZH+M\x00\x002\xf6P\x10\x16\xb0\x00\x00\x00\x00'
1.618 Received: b'\xbc\xd8\xac\x8c\x00\x002\xf6ZH+MP\x00\x16\xb0\x00\x00\x00\x00se explicari des'...
1.618 Disassembled: source: 48344, dest: 44172, seq: 13046, ack: 1514679117, window: 5808, data: "se explicari des"...
1.619 Data accepted; writing to file
1.619 Assembling: source: 44172, dest: 48344, seq: 1514679117, ack: 14494, window: 5808, ACK
1.619 Sent: b'\xac\x8c\xbc\xd8ZH+M\x00\x008\x9eP\x10\x16\xb0\x00\x00\x00\x00'
1.622 Received: b'\xbc\xd8\xac\x8c\x00\x008\x9eZH+MP\x00\x16\xb0\x00\x00\x00\x00piscing, in modo'...
1.623 Disassembled: source: 48344, dest: 44172, seq: 14494, ack: 1514679117, window: 5808, data: "piscing, in modo"...
1.623 Data accepted; writing to file
1.623 Assembling: source: 44172, dest: 48344, seq: 1514679117, ack: 15942, window: 5808, ACK
1.624 Sent: b'\xac\x8c\xbc\xd8ZH+M\x00\x00>FP\x10\x16\xb0\x00\x00\x00\x00'
1.627 Failed to receive packet
2.124 Sent: b'\xac\x8c\xbc\xd8ZH+M\x00\x00>FP\x10\x16\xb0\x00\x00\x00\x00'
2.127 Received: b'\xbc\xd8\xac\x8c\x00\x00>FZH+MP\x00\x16\xb0\x00\x00\x00\x00o copiosae tacim'...
2.127 Disassembled: source: 48344, dest: 44172, seq: 15942, ack: 1514679117, window: 5808, data: "o copiosae tacim"...
2.128 Data accepted; writing to file
2.128 Assembling: source: 44172, dest: 48344, seq: 1514679117, ack: 17390, window: 5808, ACK
2.128 Sent: b'\xac\x8c\xbc\xd8ZH+M\x00\x00C\xeeP\x10\x16\xb0\x00\x00\x00\x00'
2.131 Received: b'\xbc\xd8\xac\x8c\x00\x00C\xeeZH+MP\x00\x16\xb0\x00\x00\x00\x00am. Pri ne antio'...
2.132 Disassembled: source: 48344, dest: 44172, seq: 17390, ack: 1514679117, window: 5808, data: "am. Pri ne antio"...
2.132 Data accepted; writing to file
2.132 Assembling: source: 44172, dest: 48344, seq: 1514679117, ack: 18838, window: 5808, ACK
2.133 Sent: b'\xac\x8c\xbc\xd8ZH+M\x00\x00I\x96P\x10\x16\xb0\x00\x00\x00\x00'
2.136 Received: b'\xbc\xd8\xac\x8c\x00\x00I\x96ZH+MP\x00\x16\xb0\x00\x00\x00\x00to no. Elitr pos'...
2.136 Disassembled: source: 48344, dest: 44172, seq: 18838, ack: 1514679117, window: 5808, data: "to no. Elitr pos"...
2.137 Data accepted; writing to file
2.137 Assembling: source: 44172, dest: 48344, seq: 1514679117, ack: 20286, window: 5808, ACK
2.137 Sent: b'\xac\x8c\xbc\xd8ZH+M\x00\x00O>P\x10\x16\xb0\x00\x00\x00\x00'
2.139 Received: b'\xbc\xd8\xac\x8c\x00\x00O>ZH+MP\x00\x16\xb0\x00\x00\x00\x00pretaris, sea ex'...
2.140 Disassembled: source: 48344, dest: 44172, seq: 20286, ack: 1514679117, window: 5808, data: "pretaris, sea ex"...
2.140 Data accepted; writing to file
2.140 Assembling: source: 44172, dest: 48344, seq: 1514679117, ack: 21734, window: 5808, ACK
2.140 Sent: b'\xac\x8c\xbc\xd8ZH+M\x00\x00T\xe6P\x10\x16\xb0\x00\x00\x00\x00'
2.142 Received: b'\xbc\xd8\xac\x8c\x00\x00T\xe6ZH+MP\x00\x16\xb0\x00\x00\x00\x00oporteat inimicu'...
2.143 Disassembled: source: 48344, dest: 44172, seq: 21734, ack: 1514679117, window: 5808, data: "oporteat inimicu"...
2.143 Data accepted; writing to file
2.143 Assembling: source: 44172, dest: 48344, seq: 1514679117, ack: 23182, window: 5808, ACK
2.144 Sent: b'\xac\x8c\xbc\xd8ZH+M\x00\x00Z\x8eP\x10\x16\xb0\x00\x00\x00\x00'
2.146 Received: b'\xbc\xd8\xac\x8c\x00\x00Z\x8eZH+MP\x00\x16\xb0\x00\x00\x00\x00ligendi officiis'...
2.146 Disassembled: source: 48344, dest: 44172, seq: 23182, ack: 1514679117, window: 5808, data: "ligendi officiis"...
2.146 Data accepted; writing to file
2.147 Assembling: source: 44172, dest: 48344, seq: 1514679117, ack: 24630, window: 5808, ACK
2.147 Sent: b'\xac\x8c\xbc\xd8ZH+M\x00\x00`6P\x10\x16\xb0\x00\x00\x00\x00'
2.149 Received: b'\xbc\xd8\xac\x8c\x00\x00`6ZH+MP\x00\x16\xb0\x00\x00\x00\x00no vel regione i'...
2.149 Disassembled: source: 48344, dest: 44172, seq: 24630, ack: 1514679117, window: 5808, data: "no vel regione i"...
2.150 Data accepted; writing to file
2.150 Assembling: source: 44172, dest: 48344, seq: 1514679117, ack: 26078, window: 5808, ACK
2.150 Sent: b'\xac\x8c\xbc\xd8ZH+M\x00\x00e\xdeP\x10\x16\xb0\x00\x00\x00\x00'
2.152 Received: b'\xbc\xd8\xac\x8c\x00\x00e\xdeZH+MP\x00\x16\xb0\x00\x00\x00\x00ibus vis ex, pro'...
2.153 Disassembled: source: 48344, dest: 44172, seq: 26078, ack: 1514679117, window: 5808, data: "ibus vis ex, pro"...
2.153 Data accepted; writing to file
2.153 Assembling: source: 44172, dest: 48344, seq: 1514679117, ack: 27526, window: 5808, ACK
2.154 Sent: b'\xac\x8c\xbc\xd8ZH+M\x00\x00k\x86P\x10\x16\xb0\x00\x00\x00\x00'
2.156 Received: b'\xbc\xd8\xac\x8c\x00\x00k\x86ZH+MP\x00\x16\xb0\x00\x00\x00\x00o vix, mel ea li'...
2.156 Disassembled: source: 48344, dest: 44172, seq: 27526, ack: 1514679117, window: 5808, data: "o vix, mel ea li"...
2.156 Data accepted; writing to file
2.157 Assembling: source: 44172, dest: 48344, seq: 1514679117, ack: 28974, window: 5808, ACK
2.157 Sent: b'\xac\x8c\xbc\xd8ZH+M\x00\x00q.P\x10\x16\xb0\x00\x00\x00\x00'
2.159 Received: b'\xbc\xd8\xac\x8c\x00\x00q.ZH+MP\x00\x16\xb0\x00\x00\x00\x00d. Ex fugit suav'...
2.160 Disassembled: source: 48344, dest: 44172, seq: 28974, ack: 1514679117, window: 5808, data: "d. Ex fugit suav"...
2.160 Data accepted; writing to file
2.160 Assembling: source: 44172, dest: 48344, seq: 1514679117, ack: 30422, window: 5808, ACK
2.160 Sent: b'\xac\x8c\xbc\xd8ZH+M\x00\x00v\xd6P\x10\x16\xb0\x00\x00\x00\x00'
2.162 Received: b'\xbc\xd8\xac\x8c\x00\x00v\xd6ZH+MP\x00\x16\xb0\x00\x00\x00\x00pertinax nec. De'...
2.163 Disassembled: source: 48344, dest: 44172, seq: 30422, ack: 1514679117, window: 5808, data: "pertinax nec. De"...
2.163 Data accepted; writing to file
2.163 Assembling: source: 44172, dest: 48344, seq: 1514679117, ack: 31870, window: 5808, ACK
2.164 Sent: b'\xac\x8c\xbc\xd8ZH+M\x00\x00|~P\x10\x16\xb0\x00\x00\x00\x00'
2.166 Received: b'\xbc\xd8\xac\x8c\x00\x00|~ZH+MP\x00\x16\xb0\x00\x00\x00\x00lli primis praes'...
2.166 Disassembled: source: 48344, dest: 44172, seq: 31870, ack: 1514679117, window: 5808, data: "lli primis praes"...
2.166 Data accepted; writing to file
2.167 Assembling: source: 44172, dest: 48344, seq: 1514679117, ack: 33318, window: 5808, ACK
2.167 Sent: b'\xac\x8c\xbc\xd8ZH+M\x00\x00\x82&P\x10\x16\xb0\x00\x00\x00\x00'
2.169 Received: b'\xbc\xd8\xac\x8c\x00\x00\x82&ZH+MP\x00\x16\xb0\x00\x00\x00\x00m, percipit inte'...
2.169 Disassembled: source: 48344, dest: 44172, seq: 33318, ack: 1514679117, window: 5808, data: "m, percipit inte"...
2.170 Data accepted; writing to file
2.170 Assembling: source: 44172, dest: 48344, seq: 1514679117, ack: 34766, window: 5808, ACK
2.170 Sent: b'\xac\x8c\xbc\xd8ZH+M\x00\x00\x87\xceP\x10\x16\xb0\x00\x00\x00\x00'
2.172 Received: b'\xbc\xd8\xac\x8c\x00\x00\x87\xceZH+MP\x00\x16\xb0\x00\x00\x00\x00nani docendi pat'...
2.172 Disassembled: source: 48344, dest: 44172, seq: 34766, ack: 1514679117, window: 5808, data: "nani docendi pat"...
2.173 Data accepted; writing to file
2.173 Assembling: source: 44172, dest: 48344, seq: 1514679117, ack: 36214, window: 5808, ACK
2.173 Sent: b'\xac\x8c\xbc\xd8ZH+M\x00\x00\x8dvP\x10\x16\xb0\x00\x00\x00\x00'
2.175 Received: b'\xbc\xd8\xac\x8c\x00\x00\x8dvZH+MP\x00\x16\xb0\x00\x00\x00\x00 vis decore poss'...
2.176 Disassembled: source: 48344, dest: 44172, seq: 36214, ack: 1514679117, window: 5808, data: " vis decore poss"...
2.176 Data accepted; writing to file
2.176 Assembling: source: 44172, dest: 48344, seq: 1514679117, ack: 37662, window: 5808, ACK
2.176 Sent: b'\xac\x8c\xbc\xd8ZH+M\x00\x00\x93\x1eP\x10\x16\xb0\x00\x00\x00\x00'
2.179 Received: b'\xbc\xd8\xac\x8c\x00\x00\x93\x1eZH+MP\x00\x16\xb0\x00\x00\x00\x00eam odio corpora'...
2.179 Disassembled: source: 48344, dest: 44172, seq: 37662, ack: 1514679117, window: 5808, data: "eam odio corpora"...
2.179 Data accepted; writing to file
2.179 Assembling: source: 44172, dest: 48344, seq: 1514679117, ack: 39110, window: 5808, ACK
2.180 Sent: b'\xac\x8c\xbc\xd8ZH+M\x00\x00\x98\xc6P\x10\x16\xb0\x00\x00\x00\x00'
2.182 Received: b'\xbc\xd8\xac\x8c\x00\x00\x98\xc6ZH+MP\x00\x16\xb0\x00\x00\x00\x00 est. Usu sanctu'...
2.182 Disassembled: source: 48344, dest: 44172, seq: 39110, ack: 1514679117, window: 5808, data: " est. Usu sanctu"...
2.183 Data accepted; writing to file
2.183 Assembling: source: 44172, dest: 48344, seq: 1514679117, ack: 40558, window: 5808, ACK
2.183 Sent: b'\xac\x8c\xbc\xd8ZH+M\x00\x00\x9enP\x10\x16\xb0\x00\x00\x00\x00'
2.185 Received: b'\xbc\xd8\xac\x8c\x00\x00\x9enZH+MP\x00\x16\xb0\x00\x00\x00\x00.\n\nMei graeco ae'...
2.186 Disassembled: source: 48344, dest: 44172, seq: 40558, ack: 1514679117, window: 5808, data: ".

Mei graeco ae"...
2.186 Data accepted; writing to file
2.186 Assembling: source: 44172, dest: 48344, seq: 1514679117, ack: 42006, window: 5808, ACK
2.186 Sent: b'\xac\x8c\xbc\xd8ZH+M\x00\x00\xa4\x16P\x10\x16\xb0\x00\x00\x00\x00'
2.189 Received: b'\xbc\xd8\xac\x8c\x00\x00\xa4\x16ZH+MP\x00\x16\xb0\x00\x00\x00\x00et. Ne sea primi'...
2.189 Disassembled: source: 48344, dest: 44172, seq: 42006, ack: 1514679117, window: 5808, data: "et. Ne sea primi"...
2.189 Data accepted; writing to file
2.189 Assembling: source: 44172, dest: 48344, seq: 1514679117, ack: 43454, window: 5808, ACK
2.190 Sent: b'\xac\x8c\xbc\xd8ZH+M\x00\x00\xa9\xbeP\x10\x16\xb0\x00\x00\x00\x00'
2.192 Received: b'\xbc\xd8\xac\x8c\x00\x00\xa9\xbeZH+MP\x00\x16\xb0\x00\x00\x00\x00ittam convenire.'...
2.192 Disassembled: source: 48344, dest: 44172, seq: 43454, ack: 1514679117, window: 5808, data: "ittam convenire."...
2.193 Data accepted; writing to file
2.193 Assembling: source: 44172, dest: 48344, seq: 1514679117, ack: 44902, window: 5808, ACK
2.193 Sent: b'\xac\x8c\xbc\xd8ZH+M\x00\x00\xaffP\x10\x16\xb0\x00\x00\x00\x00'
2.195 Received: b'\xbc\xd8\xac\x8c\x00\x00\xaffZH+MP\x00\x16\xb0\x00\x00\x00\x00ua et vis, id eu'...
2.196 Disassembled: source: 48344, dest: 44172, seq: 44902, ack: 1514679117, window: 5808, data: "ua et vis, id eu"...
2.196 Data accepted; writing to file
2.196 Assembling: source: 44172, dest: 48344, seq: 1514679117, ack: 46350, window: 5808, ACK
2.196 Sent: b'\xac\x8c\xbc\xd8ZH+M\x00\x00\xb5\x0eP\x10\x16\xb0\x00\x00\x00\x00'
2.199 Received: b'\xbc\xd8\xac\x8c\x00\x00\xb5\x0eZH+MP\x00\x16\xb0\x00\x00\x00\x00r. Et velit appa'...
2.199 Disassembled: source: 48344, dest: 44172, seq: 46350, ack: 1514679117, window: 5808, data: "r. Et velit appa"...
2.199 Data accepted; writing to file
2.199 Assembling: source: 44172, dest: 48344, seq: 1514679117, ack: 47798, window: 5808, ACK
2.200 Sent: b'\xac\x8c\xbc\xd8ZH+M\x00\x00\xba\xb6P\x10\x16\xb0\x00\x00\x00\x00'
2.202 Received: b'\xbc\xd8\xac\x8c\x00\x00\xba\xb6ZH+MP\x00\x16\xb0\x00\x00\x00\x00 novum laudem, v'...
2.202 Disassembled: source: 48344, dest: 44172, seq: 47798, ack: 1514679117, window: 5808, data: " novum laudem, v"...
2.202 Data accepted; writing to file
2.203 Assembling: source: 44172, dest: 48344, seq: 1514679117, ack: 49246, window: 5808, ACK
2.203 Sent: b'\xac\x8c\xbc\xd8ZH+M\x00\x00\xc0^P\x10\x16\xb0\x00\x00\x00\x00'
2.205 Received: b'\xbc\xd8\xac\x8c\x00\x00\xc0^ZH+MP\x00\x16\xb0\x00\x00\x00\x00luptatibus, cibo'...
2.205 Disassembled: source: 48344, dest: 44172, seq: 49246, ack: 1514679117, window: 5808, data: "luptatibus, cibo"...
2.206 Data accepted; writing to file
2.206 Assembling: source: 44172, dest: 48344, seq: 1514679117, ack: 50694, window: 5808, ACK
2.206 Sent: b'\xac\x8c\xbc\xd8ZH+M\x00\x00\xc6\x06P\x10\x16\xb0\x00\x00\x00\x00'
2.208 Received: b'\xbc\xd8\xac\x8c\x00\x00\xc6\x06ZH+MP\x00\x16\xb0\x00\x00\x00\x00alii indoctum ma'...
2.209 Disassembled: source: 48344, dest: 44172, seq: 50694, ack: 1514679117, window: 5808, data: "alii indoctum ma"...
2.209 Data accepted; writing to file
2.209 Assembling: source: 44172, dest: 48344, seq: 1514679117, ack: 52142, window: 5808, ACK
2.209 Sent: b'\xac\x8c\xbc\xd8ZH+M\x00\x00\xcb\xaeP\x10\x16\xb0\x00\x00\x00\x00'
2.212 Failed to receive packet
2.710 Sent: b'\xac\x8c\xbc\xd8ZH+M\x00\x00\xcb\xaeP\x10\x16\xb0\x00\x00\x00\x00'
2.713 Received: b'\xbc\xd8\xac\x8c\x00\x00\xcb\xaeZH+MP\x00\x16\xb0\x00\x00\x00\x00im, his facete c'...
2.713 Disassembled: source: 48344, dest: 44172, seq: 52142, ack: 1514679117, window: 5808, data: "im, his facete c"...
2.714 Data accepted; writing to file
2.714 Assembling: source: 44172, dest: 48344, seq: 1514679117, ack: 53590, window: 5808, ACK
2.714 Sent: b'\xac\x8c\xbc\xd8ZH+M\x00\x00\xd1VP\x10\x16\xb0\x00\x00\x00\x00'
2.717 Failed to receive packet
3.215 Sent: b'\xac\x8c\xbc\xd8ZH+M\x00\x00\xd1VP\x10\x16\xb0\x00\x00\x00\x00'
3.218 Received: b'\xbc\xd8\xac\x8c\x00\x00\xd1VZH+MP\x00\x16\xb0\x00\x00\x00\x00e alia dolor com'...
3.218 Disassembled: source: 48344, dest: 44172, seq: 53590, ack: 1514679117, window: 5808, data: "e alia dolor com"...
3.218 Data accepted; writing to file
3.218 Assembling: source: 44172, dest: 48344, seq: 1514679117, ack: 55038, window: 5808, ACK
3.219 Sent: b'\xac\x8c\xbc\xd8ZH+M\x00\x00\xd6\xfeP\x10\x16\xb0\x00\x00\x00\x00'
3.222 Received: b'\xbc\xd8\xac\x8c\x00\x00\xd6\xfeZH+MP\x00\x16\xb0\x00\x00\x00\x00it ea, reque tem'...
3.222 Disassembled: source: 48344, dest: 44172, seq: 55038, ack: 1514679117, window: 5808, data: "it ea, reque tem"...
3.223 Data accepted; writing to file
3.223 Assembling: source: 44172, dest: 48344, seq: 1514679117, ack: 56486, window: 5808, ACK
3.223 Sent: b'\xac\x8c\xbc\xd8ZH+M\x00\x00\xdc\xa6P\x10\x16\xb0\x00\x00\x00\x00'
3.226 Received: b'\xbc\xd8\xac\x8c\x00\x00\xdc\xa6ZH+MP\x00\x16\xb0\x00\x00\x00\x00alisque.\n\nEquide'...
3.227 Disassembled: source: 48344, dest: 44172, seq: 56486, ack: 1514679117, window: 5808, data: "alisque.

Equide"...
3.227 Data accepted; writing to file
3.227 Assembling: source: 44172, dest: 48344, seq: 1514679117, ack: 57934, window: 5808, ACK
3.228 Sent: b'\xac\x8c\xbc\xd8ZH+M\x00\x00\xe2NP\x10\x16\xb0\x00\x00\x00\x00'
3.230 Received: b'\xbc\xd8\xac\x8c\x00\x00\xe2NZH+MP\x00\x16\xb0\x00\x00\x00\x00finitiones, affe'...
3.231 Disassembled: source: 48344, dest: 44172, seq: 57934, ack: 1514679117, window: 5808, data: "finitiones, affe"...
3.231 Data accepted; writing to file
3.231 Assembling: source: 44172, dest: 48344, seq: 1514679117, ack: 59382, window: 5808, ACK
3.231 Sent: b'\xac\x8c\xbc\xd8ZH+M\x00\x00\xe7\xf6P\x10\x16\xb0\x00\x00\x00\x00'
3.233 Received: b'\xbc\xd8\xac\x8c\x00\x00\xe7\xf6ZH+MP\x00\x16\xb0\x00\x00\x00\x00his duis graeco '...
3.234 Disassembled: source: 48344, dest: 44172, seq: 59382, ack: 1514679117, window: 5808, data: "his duis graeco "...
3.234 Data accepted; writing to file
3.234 Assembling: source: 44172, dest: 48344, seq: 1514679117, ack: 60830, window: 5808, ACK
3.235 Sent: b'\xac\x8c\xbc\xd8ZH+M\x00\x00\xed\x9eP\x10\x16\xb0\x00\x00\x00\x00'
3.237 Received: b'\xbc\xd8\xac\x8c\x00\x00\xed\x9eZH+MP\x00\x16\xb0\x00\x00\x00\x00am. Alia possit '...
3.237 Disassembled: source: 48344, dest: 44172, seq: 60830, ack: 1514679117, window: 5808, data: "am. Alia possit "...
3.237 Data accepted; writing to file
3.238 Assembling: source: 44172, dest: 48344, seq: 1514679117, ack: 62278, window: 5808, ACK
3.238 Failed to send packet
3.738 Sent: b'\xac\x8c\xbc\xd8ZH+M\x00\x00\xf3FP\x10\x16\xb0\x00\x00\x00\x00'
3.741 Received: b'\xbc\xd8\xac\x8c\x00\x00\xf3FZH+MP\x00\x16\xb0\x00\x00\x00\x00cum an. Mei faci'...
3.741 Disassembled: source: 48344, dest: 44172, seq: 62278, ack: 1514679117, window: 5808, data: "cum an. Mei faci"...
3.742 Data accepted; writing to file
3.742 Assembling: source: 44172, dest: 48344, seq: 1514679117, ack: 63726, window: 5808, ACK
3.742 Sent: b'\xac\x8c\xbc\xd8ZH+M\x00\x00\xf8\xeeP\x10\x16\xb0\x00\x00\x00\x00'
3.745 Received: b'\xbc\xd8\xac\x8c\x00\x00\xf8\xeeZH+MP\x00\x16\xb0\x00\x00\x00\x00 vis adhuc tatio'...
3.746 Disassembled: source: 48344, dest: 44172, seq: 63726, ack: 1514679117, window: 5808, data: " vis adhuc tatio"...
3.746 Data accepted; writing to file
3.746 Assembling: source: 44172, dest: 48344, seq: 1514679117, ack: 65174, window: 5808, ACK
3.747 Sent: b'\xac\x8c\xbc\xd8ZH+M\x00\x00\xfe\x96P\x10\x16\xb0\x00\x00\x00\x00'
3.749 Received: b'\xbc\xd8\xac\x8c\x00\x00\xfe\x96ZH+MP\x00\x16\xb0\x00\x00\x00\x00im eu option iuv'...
3.750 Disassembled: source: 48344, dest: 44172, seq: 65174, ack: 1514679117, window: 5808, data: "im eu option iuv"...
3.750 Data accepted; writing to file
3.750 Assembling: source: 44172, dest: 48344, seq: 1514679117, ack: 66622, window: 5808, ACK
3.751 Sent: b'\xac\x8c\xbc\xd8ZH+M\x00\x01\x04>P\x10\x16\xb0\x00\x00\x00\x00'
3.754 Received: b'\xbc\xd8\xac\x8c\x00\x01\x04>ZH+MP\x00\x16\xb0\x00\x00\x00\x00ex epicurei taci'...
3.754 Disassembled: source: 48344, dest: 44172, seq: 66622, ack: 1514679117, window: 5808, data: "ex epicurei taci"...
3.754 Data accepted; writing to file
3.755 Assembling: source: 44172, dest: 48344, seq: 1514679117, ack: 68070, window: 5808, ACK
3.755 Sent: b'\xac\x8c\xbc\xd8ZH+M\x00\x01\t\xe6P\x10\x16\xb0\x00\x00\x00\x00'
3.757 Received: b'\xbc\xd8\xac\x8c\x00\x01\t\xe6ZH+MP\x00\x16\xb0\x00\x00\x00\x00ebat, eu pro ero'...
3.757 Disassembled: source: 48344, dest: 44172, seq: 68070, ack: 1514679117, window: 5808, data: "ebat, eu pro ero"...
3.757 Data accepted; writing to file
3.758 Assembling: source: 44172, dest: 48344, seq: 1514679117, ack: 69518, window: 5808, ACK
3.758 Sent: b'\xac\x8c\xbc\xd8ZH+M\x00\x01\x0f\x8eP\x10\x16\xb0\x00\x00\x00\x00'
3.760 Received: b'\xbc\xd8\xac\x8c\x00\x01\x0f\x8eZH+MP\x00\x16\xb0\x00\x00\x00\x00s. Per no sale v'...
3.760 Disassembled: source: 48344, dest: 44172, seq: 69518, ack: 1514679117, window: 5808, data: "s. Per no sale v"...
3.761 Data accepted; writing to file
3.761 Assembling: source: 44172, dest: 48344, seq: 1514679117, ack: 70966, window: 5808, ACK
3.761 Sent: b'\xac\x8c\xbc\xd8ZH+M\x00\x01\x156P\x10\x16\xb0\x00\x00\x00\x00'
3.763 Received: b'\xbc\xd8\xac\x8c\x00\x01\x156ZH+MP\x00\x16\xb0\x00\x00\x00\x00orrupte ea mel. '...
3.764 Disassembled: source: 48344, dest: 44172, seq: 70966, ack: 1514679117, window: 5808, data: "orrupte ea mel. "...
3.764 Data accepted; writing to file
3.764 Assembling: source: 44172, dest: 48344, seq: 1514679117, ack: 72414, window: 5808, ACK
3.764 Sent: b'\xac\x8c\xbc\xd8ZH+M\x00\x01\x1a\xdeP\x10\x16\xb0\x00\x00\x00\x00'
3.766 Received: b'\xbc\xd8\xac\x8c\x00\x01\x1a\xdeZH+MP\x00\x16\xb0\x00\x00\x00\x00. Est iracundia '...
3.767 Disassembled: source: 48344, dest: 44172, seq: 72414, ack: 1514679117, window: 5808, data: ". Est iracundia "...
3.767 Data accepted; writing to file
3.767 Assembling: source: 44172, dest: 48344, seq: 1514679117, ack: 73862, window: 5808, ACK
3.768 Failed to send packet
4.268 Sent: b'\xac\x8c\xbc\xd8ZH+M\x00\x01 \x86P\x10\x16\xb0\x00\x00\x00\x00'
4.271 Failed to receive packet
4.768 Failed to send packet
5.269 Sent: b'\xac\x8c\xbc\xd8ZH+M\x00\x01 \x86P\x10\x16\xb0\x00\x00\x00\x00'
5.272 Failed to receive packet
5.769 Sent: b'\xac\x8c\xbc\xd8ZH+M\x00\x01 \x86P\x10\x16\xb0\x00\x00\x00\x00'
5.772 Received: b'\xbc\xd8\xac\x8c\x00\x01 \x86ZH+MP\x00\x16\xb0\x00\x00\x00\x00pta probatus scr'...
5.773 Disassembled: source: 48344, dest: 44172, seq: 73862, ack: 1514679117, window: 5808, data: "pta probatus scr"...
5.773 Data accepted; writing to file
5.773 Assembling: source: 44172, dest: 48344, seq: 1514679117, ack: 75310, window: 5808, ACK
5.773 Sent: b'\xac\x8c\xbc\xd8ZH+M\x00\x01&.P\x10\x16\xb0\x00\x00\x00\x00'
5.776 Received: b'\xbc\xd8\xac\x8c\x00\x01&.ZH+MP\x00\x16\xb0\x00\x00\x00\x00entur ei, pro ei'...
5.777 Disassembled: source: 48344, dest: 44172, seq: 75310, ack: 1514679117, window: 5808, data: "entur ei, pro ei"...
5.777 Data accepted; writing to file
5.777 Assembling: source: 44172, dest: 48344, seq: 1514679117, ack: 76758, window: 5808, ACK
5.778 Sent: b'\xac\x8c\xbc\xd8ZH+M\x00\x01+\xd6P\x10\x16\xb0\x00\x00\x00\x00'
5.781 Received: b'\xbc\xd8\xac\x8c\x00\x01+\xd6ZH+MP\x00\x16\xb0\x00\x00\x00\x00simul euismod vi'...
5.781 Disassembled: source: 48344, dest: 44172, seq: 76758, ack: 1514679117, window: 5808, data: "simul euismod vi"...
5.782 Data accepted; writing to file
5.782 Assembling: source: 44172, dest: 48344, seq: 1514679117, ack: 78206, window: 5808, ACK
5.782 Sent: b'\xac\x8c\xbc\xd8ZH+M\x00\x011~P\x10\x16\xb0\x00\x00\x00\x00'
5.785 Received: b'\xbc\xd8\xac\x8c\x00\x011~ZH+MP\x00\x16\xb0\x00\x00\x00\x00, eam id iudico '...
5.786 Disassembled: source: 48344, dest: 44172, seq: 78206, ack: 1514679117, window: 5808, data: ", eam id iudico "...
5.786 Data accepted; writing to file
5.786 Assembling: source: 44172, dest: 48344, seq: 1514679117, ack: 79654, window: 5808, ACK
5.787 Sent: b'\xac\x8c\xbc\xd8ZH+M\x00\x017&P\x10\x16\xb0\x00\x00\x00\x00'
5.789 Received: b'\xbc\xd8\xac\x8c\x00\x017&ZH+MP\x00\x16\xb0\x00\x00\x00\x00m vix. Ea est mu'...
5.789 Disassembled: source: 48344, dest: 44172, seq: 79654, ack: 1514679117, window: 5808, data: "m vix. Ea est mu"...
5.789 Data accepted; writing to file
5.789 Assembling: source: 44172, dest: 48344, seq: 1514679117, ack: 81102, window: 5808, ACK
5.790 Sent: b'\xac\x8c\xbc\xd8ZH+M\x00\x01<\xceP\x10\x16\xb0\x00\x00\x00\x00'
5.792 Received: b'\xbc\xd8\xac\x8c\x00\x01<\xceZH+MP\x00\x16\xb0\x00\x00\x00\x00olor sit amet, e'...
5.792 Disassembled: source: 48344, dest: 44172, seq: 81102, ack: 1514679117, window: 5808, data: "olor sit amet, e"...
5.792 Data accepted; writing to file
5.793 Assembling: source: 44172, dest: 48344, seq: 1514679117, ack: 82550, window: 5808, ACK
5.793 Sent: b'\xac\x8c\xbc\xd8ZH+M\x00\x01BvP\x10\x16\xb0\x00\x00\x00\x00'
5.795 Received: b'\xbc\xd8\xac\x8c\x00\x01BvZH+MP\x00\x16\xb0\x00\x00\x00\x00m, aperiam iudic'...
5.795 Disassembled: source: 48344, dest: 44172, seq: 82550, ack: 1514679117, window: 5808, data: "m, aperiam iudic"...
5.796 Data accepted; writing to file
5.796 Assembling: source: 44172, dest: 48344, seq: 1514679117, ack: 83998, window: 5808, ACK
5.796 Sent: b'\xac\x8c\xbc\xd8ZH+M\x00\x01H\x1eP\x10\x16\xb0\x00\x00\x00\x00'
5.798 Failed to receive packet
6.297 Sent: b'\xac\x8c\xbc\xd8ZH+M\x00\x01H\x1eP\x10\x16\xb0\x00\x00\x00\x00'
6.300 Received: b'\xbc\xd8\xac\x8c\x00\x01H\x1eZH+MP\x00\x16\xb0\x00\x00\x00\x00re sea. No eos d'...
6.300 Disassembled: source: 48344, dest: 44172, seq: 83998, ack: 1514679117, window: 5808, data: "re sea. No eos d"...
6.300 Data accepted; writing to file
6.301 Assembling: source: 44172, dest: 48344, seq: 1514679117, ack: 85446, window: 5808, ACK
6.301 Sent: b'\xac\x8c\xbc\xd8ZH+M\x00\x01M\xc6P\x10\x16\xb0\x00\x00\x00\x00'
6.304 Received: b'\xbc\xd8\xac\x8c\x00\x01M\xc6ZH+MP\x00\x16\xb0\x00\x00\x00\x00t scripta philos'...
6.305 Disassembled: source: 48344, dest: 44172, seq: 85446, ack: 1514679117, window: 5808, data: "t scripta philos"...
6.305 Data accepted; writing to file
6.305 Assembling: source: 44172, dest: 48344, seq: 1514679117, ack: 86894, window: 5808, ACK
6.305 Sent: b'\xac\x8c\xbc\xd8ZH+M\x00\x01SnP\x10\x16\xb0\x00\x00\x00\x00'
6.308 Failed to receive packet
6.806 Sent: b'\xac\x8c\xbc\xd8ZH+M\x00\x01SnP\x10\x16\xb0\x00\x00\x00\x00'
6.809 Received: b'\xbc\xd8\xac\x8c\x00\x01SnZH+MP\x00\x16\xb0\x00\x00\x00\x00tos sadipscing e'...
6.810 Disassembled: source: 48344, dest: 44172, seq: 86894, ack: 1514679117, window: 5808, data: "tos sadipscing e"...
6.810 Data accepted; writing to file
6.810 Assembling: source: 44172, dest: 48344, seq: 1514679117, ack: 88342, window: 5808, ACK
6.811 Sent: b'\xac\x8c\xbc\xd8ZH+M\x00\x01Y\x16P\x10\x16\xb0\x00\x00\x00\x00'
6.814 Received: b'\xbc\xd8\xac\x8c\x00\x01Y\x16ZH+MP\x00\x16\xb0\x00\x00\x00\x00sapientem ea, ad'...
6.814 Disassembled: source: 48344, dest: 44172, seq: 88342, ack: 1514679117, window: 5808, data: "sapientem ea, ad"...
6.814 Data accepted; writing to file
6.815 Assembling: source: 44172, dest: 48344, seq: 1514679117, ack: 89790, window: 5808, ACK
6.815 Sent: b'\xac\x8c\xbc\xd8ZH+M\x00\x01^\xbeP\x10\x16\xb0\x00\x00\x00\x00'
6.818 Received: b'\xbc\xd8\xac\x8c\x00\x01^\xbeZH+MP\x00\x16\xb0\x00\x00\x00\x00g, ei invenire p'...
6.819 Disassembled: source: 48344, dest: 44172, seq: 89790, ack: 1514679117, window: 5808, data: "g, ei invenire p"...
6.819 Data accepted; writing to file
6.819 Assembling: source: 44172, dest: 48344, seq: 1514679117, ack: 91238, window: 5808, ACK
6.820 Sent: b'\xac\x8c\xbc\xd8ZH+M\x00\x01dfP\x10\x16\xb0\x00\x00\x00\x00'
6.822 Received: b'\xbc\xd8\xac\x8c\x00\x01dfZH+MP\x00\x16\xb0\x00\x00\x00\x00endo at. Qui id '...
6.823 Disassembled: source: 48344, dest: 44172, seq: 91238, ack: 1514679117, window: 5808, data: "endo at. Qui id "...
6.823 Data accepted; writing to file
6.823 Assembling: source: 44172, dest: 48344, seq: 1514679117, ack: 92686, window: 5808, ACK
6.823 Sent: b'\xac\x8c\xbc\xd8ZH+M\x00\x01j\x0eP\x10\x16\xb0\x00\x00\x00\x00'
6.825 Received: b'\xbc\xd8\xac\x8c\x00\x01j\x0eZH+MP\x00\x16\xb0\x00\x00\x00\x00ota nostrum et p'...
6.826 Disassembled: source: 48344, dest: 44172, seq: 92686, ack: 1514679117, window: 5808, data: "ota nostrum et p"...
6.826 Data accepted; writing to file
6.826 Assembling: source: 44172, dest: 48344, seq: 1514679117, ack: 94134, window: 5808, ACK
6.827 Sent: b'\xac\x8c\xbc\xd8ZH+M\x00\x01o\xb6P\x10\x16\xb0\x00\x00\x00\x00'
6.829 Received: b'\xbc\xd8\xac\x8c\x00\x01o\xb6ZH+MP\x00\x16\xb0\x00\x00\x00\x00deseruisse id. P'...
6.829 Disassembled: source: 48344, dest: 44172, seq: 94134, ack: 1514679117, window: 5808, data: "deseruisse id. P"...
6.829 Data accepted; writing to file
6.829 Assembling: source: 44172, dest: 48344, seq: 1514679117, ack: 95582, window: 5808, ACK
6.830 Sent: b'\xac\x8c\xbc\xd8ZH+M\x00\x01u^P\x10\x16\xb0\x00\x00\x00\x00'
6.832 Received: b'\xbc\xd8\xac\x8c\x00\x01u^ZH+MP\x00\x16\xb0\x00\x00\x00\x00odo munere imper'...
6.832 Disassembled: source: 48344, dest: 44172, seq: 95582, ack: 1514679117, window: 5808, data: "odo munere imper"...
6.833 Data accepted; writing to file
6.833 Assembling: source: 44172, dest: 48344, seq: 1514679117, ack: 97030, window: 5808, ACK
6.833 Sent: b'\xac\x8c\xbc\xd8ZH+M\x00\x01{\x06P\x10\x16\xb0\x00\x00\x00\x00'
6.835 Received: b'\xbc\xd8\xac\x8c\x00\x01{\x06ZH+MP\x00\x16\xb0\x00\x00\x00\x00cimates cum, tib'...
6.836 Disassembled: source: 48344, dest: 44172, seq: 97030, ack: 1514679117, window: 5808, data: "cimates cum, tib"...
6.836 Data accepted; writing to file
6.836 Assembling: source: 44172, dest: 48344, seq: 1514679117, ack: 98478, window: 5808, ACK
6.837 Failed to send packet
7.337 Sent: b'\xac\x8c\xbc\xd8ZH+M\x00\x01\x80\xaeP\x10\x16\xb0\x00\x00\x00\x00'
7.340 Received: b'\xbc\xd8\xac\x8c\x00\x01\x80\xaeZH+MP\x00\x16\xb0\x00\x00\x00\x00tiopam molestiae'...
7.341 Disassembled: source: 48344, dest: 44172, seq: 98478, ack: 1514679117, window: 5808, data: "tiopam molestiae"...
7.341 Data accepted; writing to file
7.341 Assembling: source: 44172, dest: 48344, seq: 1514679117, ack: 99926, window: 5808, ACK
7.342 Sent: b'\xac\x8c\xbc\xd8ZH+M\x00\x01\x86VP\x10\x16\xb0\x00\x00\x00\x00'
7.344 Received: b'\xbc\xd8\xac\x8c\x00\x01\x86VZH+MP\x00\x16\xb0\x00\x00\x00\x00possim qui no, v'...
7.345 Disassembled: source: 48344, dest: 44172, seq: 99926, ack: 1514679117, window: 5808, data: "possim qui no, v"...
7.345 Data accepted; writing to file
7.345 Assembling: source: 44172, dest: 48344, seq: 1514679117, ack: 101374, window: 5808, ACK
7.346 Failed to send packet
7.846 Sent: b'\xac\x8c\xbc\xd8ZH+M\x00\x01\x8b\xfeP\x10\x16\xb0\x00\x00\x00\x00'
7.850 Received: b'\xbc\xd8\xac\x8c\x00\x01\x8b\xfeZH+MP\x00\x16\xb0\x00\x00\x00\x00 ex utinam parti'...
7.850 Disassembled: source: 48344, dest: 44172, seq: 101374, ack: 1514679117, window: 5808, data: " ex utinam parti"...
7.850 Data accepted; writing to file
7.851 Assembling: source: 44172, dest: 48344, seq: 1514679117, ack: 102822, window: 5808, ACK
7.851 Sent: b'\xac\x8c\xbc\xd8ZH+M\x00\x01\x91\xa6P\x10\x16\xb0\x00\x00\x00\x00'
7.854 Received: b'\xbc\xd8\xac\x8c\x00\x01\x91\xa6ZH+MP\x00\x16\xb0\x00\x00\x00\x00icus in his. Pri'...
7.855 Disassembled: source: 48344, dest: 44172, seq: 102822, ack: 1514679117, window: 5808, data: "icus in his. Pri"...
7.855 Data accepted; writing to file
7.855 Assembling: source: 44172, dest: 48344, seq: 1514679117, ack: 104270, window: 5808, ACK
7.855 Sent: b'\xac\x8c\xbc\xd8ZH+M\x00\x01\x97NP\x10\x16\xb0\x00\x00\x00\x00'
7.859 Received: b'\xbc\xd8\xac\x8c\x00\x01\x97NZH+MP\x00\x16\xb0\x00\x00\x00\x00iis et.\n\nIus cu '...
7.859 Disassembled: source: 48344, dest: 44172, seq: 104270, ack: 1514679117, window: 5808, data: "iis et.

Ius cu "...
7.859 Data accepted; writing to file
7.859 Assembling: source: 44172, dest: 48344, seq: 1514679117, ack: 105718, window: 5808, ACK
7.860 Sent: b'\xac\x8c\xbc\xd8ZH+M\x00\x01\x9c\xf6P\x10\x16\xb0\x00\x00\x00\x00'
7.862 Received: b'\xbc\xd8\xac\x8c\x00\x01\x9c\xf6ZH+MP\x00\x16\xb0\x00\x00\x00\x00e interesset.\n\nT'...
7.863 Disassembled: source: 48344, dest: 44172, seq: 105718, ack: 1514679117, window: 5808, data: "e interesset.

T"...
7.863 Data accepted; writing to file
7.863 Assembling: source: 44172, dest: 48344, seq: 1514679117, ack: 107166, window: 5808, ACK
7.864 Sent: b'\xac\x8c\xbc\xd8ZH+M\x00\x01\xa2\x9eP\x10\x16\xb0\x00\x00\x00\x00'
7.866 Failed to receive packet
8.364 Sent: b'\xac\x8c\xbc\xd8ZH+M\x00\x01\xa2\x9eP\x10\x16\xb0\x00\x00\x00\x00'
8.367 Received: b'\xbc\xd8\xac\x8c\x00\x01\xa2\x9eZH+MP\x00\x16\xb0\x00\x00\x00\x00pro alia volutpa'...
8.368 Disassembled: source: 48344, dest: 44172, seq: 107166, ack: 1514679117, window: 5808, data: "pro alia volutpa"...
8.368 Data accepted; writing to file
8.368 Assembling: source: 44172, dest: 48344, seq: 1514679117, ack: 108614, window: 5808, ACK
8.369 Sent: b'\xac\x8c\xbc\xd8ZH+M\x00\x01\xa8FP\x10\x16\xb0\x00\x00\x00\x00'
8.372 Failed to receive packet
8.869 Sent: b'\xac\x8c\xbc\xd8ZH+M\x00\x01\xa8FP\x10\x16\xb0\x00\x00\x00\x00'
8.872 Received: b'\xbc\xd8\xac\x8c\x00\x01\xa8FZH+MP\x00\x16\xb0\x00\x00\x00\x00 libris equidem '...
8.873 Disassembled: source: 48344, dest: 44172, seq: 108614, ack: 1514679117, window: 5808, data: " libris equidem "...
8.873 Data accepted; writing to file
8.873 Assembling: source: 44172, dest: 48344, seq: 1514679117, ack: 110062, window: 5808, ACK
8.874 Sent: b'\xac\x8c\xbc\xd8ZH+M\x00\x01\xad\xeeP\x10\x16\xb0\x00\x00\x00\x00'
8.877 Received: b'\xbc\xd8\xac\x8c\x00\x01\xad\xeeZH+MP\x00\x16\xb0\x00\x00\x00\x00uavitate volupta'...
8.877 Disassembled: source: 48344, dest: 44172, seq: 110062, ack: 1514679117, window: 5808, data: "uavitate volupta"...
8.878 Data accepted; writing to file
8.878 Assembling: source: 44172, dest: 48344, seq: 1514679117, ack: 111510, window: 5808, ACK
8.878 Sent: b'\xac\x8c\xbc\xd8ZH+M\x00\x01\xb3\x96P\x10\x16\xb0\x00\x00\x00\x00'
8.881 Received: b'\xbc\xd8\xac\x8c\x00\x01\xb3\x96ZH+MP\x00\x16\xb0\x00\x00\x00\x00 Detraxit defini'...
8.882 Disassembled: source: 48344, dest: 44172, seq: 111510, ack: 1514679117, window: 5808, data: " Detraxit defini"...
8.882 Data accepted; writing to file
8.882 Assembling: source: 44172, dest: 48344, seq: 1514679117, ack: 112958, window: 5808, ACK
8.883 Sent: b'\xac\x8c\xbc\xd8ZH+M\x00\x01\xb9>P\x10\x16\xb0\x00\x00\x00\x00'
8.885 Received: b'\xbc\xd8\xac\x8c\x00\x01\xb9>ZH+MP\x00\x16\xb0\x00\x00\x00\x00aesent mei. Quo '...
8.885 Disassembled: source: 48344, dest: 44172, seq: 112958, ack: 1514679117, window: 5808, data: "aesent mei. Quo "...
8.885 Data accepted; writing to file
8.885 Assembling: source: 44172, dest: 48344, seq: 1514679117, ack: 114406, window: 5808, ACK
8.886 Sent: b'\xac\x8c\xbc\xd8ZH+M\x00\x01\xbe\xe6P\x10\x16\xb0\x00\x00\x00\x00'
8.888 Received: b'\xbc\xd8\xac\x8c\x00\x01\xbe\xe6ZH+MP\x00\x16\xb0\x00\x00\x00\x00nterpretaris no '...
8.888 Disassembled: source: 48344, dest: 44172, seq: 114406, ack: 1514679117, window: 5808, data: "nterpretaris no "...
8.889 Data accepted; writing to file
8.889 Assembling: source: 44172, dest: 48344, seq: 1514679117, ack: 115854, window: 5808, ACK
8.889 Sent: b'\xac\x8c\xbc\xd8ZH+M\x00\x01\xc4\x8eP\x10\x16\xb0\x00\x00\x00\x00'
8.891 Received: b'\xbc\xd8\xac\x8c\x00\x01\xc4\x8eZH+MP\x00\x16\xb0\x00\x00\x00\x00patrioque has. I'...
8.891 Disassembled: source: 48344, dest: 44172, seq: 115854, ack: 1514679117, window: 5808, data: "patrioque has. I"...
8.892 Data accepted; writing to file
8.892 Assembling: source: 44172, dest: 48344, seq: 1514679117, ack: 117302, window: 5808, ACK
8.892 Sent: b'\xac\x8c\xbc\xd8ZH+M\x00\x01\xca6P\x10\x16\xb0\x00\x00\x00\x00'
8.894 Received: b'\xbc\xd8\xac\x8c\x00\x01\xca6ZH+MP\x00\x16\xb0\x00\x00\x00\x00ossit repudianda'...
8.895 Disassembled: source: 48344, dest: 44172, seq: 117302, ack: 1514679117, window: 5808, data: "ossit repudianda"...
8.895 Data accepted; writing to file
8.895 Assembling: source: 44172, dest: 48344, seq: 1514679117, ack: 118750, window: 5808, ACK
8.895 Sent: b'\xac\x8c\xbc\xd8ZH+M\x00\x01\xcf\xdeP\x10\x16\xb0\x00\x00\x00\x00'
8.898 Received: b'\xbc\xd8\xac\x8c\x00\x01\xcf\xdeZH+MP\x00\x16\xb0\x00\x00\x00\x00ora consequuntur'...
8.898 Disassembled: source: 48344, dest: 44172, seq: 118750, ack: 1514679117, window: 5808, data: "ora consequuntur"...
8.898 Data accepted; writing to file
8.898 Assembling: source: 44172, dest: 48344, seq: 1514679117, ack: 120198, window: 5808, ACK
8.899 Sent: b'\xac\x8c\xbc\xd8ZH+M\x00\x01\xd5\x86P\x10\x16\xb0\x00\x00\x00\x00'
8.901 Received: b'\xbc\xd8\xac\x8c\x00\x01\xd5\x86ZH+MP\x00\x16\xb0\x00\x00\x00\x00ctus conceptam a'...
8.901 Disassembled: source: 48344, dest: 44172, seq: 120198, ack: 1514679117, window: 5808, data: "ctus conceptam a"...
8.902 Data accepted; writing to file
8.902 Assembling: source: 44172, dest: 48344, seq: 1514679117, ack: 121646, window: 5808, ACK
8.902 Failed to send packet
9.403 Sent: b'\xac\x8c\xbc\xd8ZH+M\x00\x01\xdb.P\x10\x16\xb0\x00\x00\x00\x00'
9.406 Received: b'\xbc\xd8\xac\x8c\x00\x01\xdb.ZH+MP\x00\x16\xb0\x00\x00\x00\x00 aeterno te, ne '...
9.406 Disassembled: source: 48344, dest: 44172, seq: 121646, ack: 1514679117, window: 5808, data: " aeterno te, ne "...
9.406 Data accepted; writing to file
9.407 Assembling: source: 44172, dest: 48344, seq: 1514679117, ack: 123094, window: 5808, ACK
9.407 Sent: b'\xac\x8c\xbc\xd8ZH+M\x00\x01\xe0\xd6P\x10\x16\xb0\x00\x00\x00\x00'
9.410 Received: b'\xbc\xd8\xac\x8c\x00\x01\xe0\xd6ZH+MP\x00\x16\xb0\x00\x00\x00\x00imis oporteat di'...
9.411 Disassembled: source: 48344, dest: 44172, seq: 123094, ack: 1514679117, window: 5808, data: "imis oporteat di"...
9.411 Data accepted; writing to file
9.411 Assembling: source: 44172, dest: 48344, seq: 1514679117, ack: 124542, window: 5808, ACK
9.412 Sent: b'\xac\x8c\xbc\xd8ZH+M\x00\x01\xe6~P\x10\x16\xb0\x00\x00\x00\x00'
9.415 Received: b'\xbc\xd8\xac\x8c\x00\x01\xe6~ZH+MP\x00\x16\xb0\x00\x00\x00\x00re. Has virtute '...
9.415 Disassembled: source: 48344, dest: 44172, seq: 124542, ack: 1514679117, window: 5808, data: "re. Has virtute "...
9.415 Data accepted; writing to file
9.415 Assembling: source: 44172, dest: 48344, seq: 1514679117, ack: 125990, window: 5808, ACK
9.416 Sent: b'\xac\x8c\xbc\xd8ZH+M\x00\x01\xec&P\x10\x16\xb0\x00\x00\x00\x00'
9.418 Failed to receive packet
9.916 Sent: b'\xac\x8c\xbc\xd8ZH+M\x00\x01\xec&P\x10\x16\xb0\x00\x00\x00\x00'
9.919 Received: b'\xbc\xd8\xac\x8c\x00\x01\xec&ZH+MP\x00\x16\xb0\x00\x00\x00\x00 eum ancillae no'...
9.920 Disassembled: source: 48344, dest: 44172, seq: 125990, ack: 1514679117, window: 5808, data: " eum ancillae no"...
9.920 Data accepted; writing to file
9.920 Assembling: source: 44172, dest: 48344, seq: 1514679117, ack: 127438, window: 5808, ACK
9.921 Sent: b'\xac\x8c\xbc\xd8ZH+M\x00\x01\xf1\xceP\x10\x16\xb0\x00\x00\x00\x00'
9.924 Received: b'\xbc\xd8\xac\x8c\x00\x01\xf1\xceZH+MP\x00\x16\xb0\x00\x00\x00\x00ppareat ius. At '...
9.924 Disassembled: source: 48344, dest: 44172, seq: 127438, ack: 1514679117, window: 5808, data: "ppareat ius. At "...
9.924 Data accepted; writing to file
9.925 Assembling: source: 44172, dest: 48344, seq: 1514679117, ack: 128886, window: 5808, ACK
9.925 Sent: b'\xac\x8c\xbc\xd8ZH+M\x00\x01\xf7vP\x10\x16\xb0\x00\x00\x00\x00'
9.928 Received: b'\xbc\xd8\xac\x8c\x00\x01\xf7vZH+MP\x00\x16\xb0\x00\x00\x00\x00, vero appellant'...
9.929 Disassembled: source: 48344, dest: 44172, seq: 128886, ack: 1514679117, window: 5808, data: ", vero appellant"...
9.929 Data accepted; writing to file
9.929 Assembling: source: 44172, dest: 48344, seq: 1514679117, ack: 130334, window: 5808, ACK
9.930 Sent: b'\xac\x8c\xbc\xd8ZH+M\x00\x01\xfd\x1eP\x10\x16\xb0\x00\x00\x00\x00'
9.933 Received: b'\xbc\xd8\xac\x8c\x00\x01\xfd\x1eZH+MP\x00\x16\xb0\x00\x00\x00\x00ibo quando copio'...
9.933 Disassembled: source: 48344, dest: 44172, seq: 130334, ack: 1514679117, window: 5808, data: "ibo quando copio"...
9.933 Data accepted; writing to file
9.933 Assembling: source: 44172, dest: 48344, seq: 1514679117, ack: 131782, window: 5808, ACK
9.934 Sent: b'\xac\x8c\xbc\xd8ZH+M\x00\x02\x02\xc6P\x10\x16\xb0\x00\x00\x00\x00'
9.936 Received: b'\xbc\xd8\xac\x8c\x00\x02\x02\xc6ZH+MP\x00\x16\xb0\x00\x00\x00\x00 maluisset. Sit '...
9.936 Disassembled: source: 48344, dest: 44172, seq: 131782, ack: 1514679117, window: 5808, data: " maluisset. Sit "...
9.936 Data accepted; writing to file
9.936 Assembling: source: 44172, dest: 48344, seq: 1514679117, ack: 133230, window: 5808, ACK
9.937 Sent: b'\xac\x8c\xbc\xd8ZH+M\x00\x02\x08nP\x10\x16\xb0\x00\x00\x00\x00'
9.939 Received: b'\xbc\xd8\xac\x8c\x00\x02\x08nZH+MP\x00\x16\xb0\x00\x00\x00\x00e ceteros albuci'...
9.939 Disassembled: source: 48344, dest: 44172, seq: 133230, ack: 1514679117, window: 5808, data: "e ceteros albuci"...
9.940 Data accepted; writing to file
9.940 Assembling: source: 44172, dest: 48344, seq: 1514679117, ack: 134678, window: 5808, ACK
9.940 Sent: b'\xac\x8c\xbc\xd8ZH+M\x00\x02\x0e\x16P\x10\x16\xb0\x00\x00\x00\x00'
9.942 Received: b'\xbc\xd8\xac\x8c\x00\x02\x0e\x16ZH+MP\x00\x16\xb0\x00\x00\x00\x00complectitur sea'...
9.943 Disassembled: source: 48344, dest: 44172, seq: 134678, ack: 1514679117, window: 5808, data: "complectitur sea"...
9.943 Data accepted; writing to file
9.943 Assembling: source: 44172, dest: 48344, seq: 1514679117, ack: 136126, window: 5808, ACK
9.944 Sent: b'\xac\x8c\xbc\xd8ZH+M\x00\x02\x13\xbeP\x10\x16\xb0\x00\x00\x00\x00'
9.945 Failed to receive packet
10.444 Failed to send packet
10.944 Sent: b'\xac\x8c\xbc\xd8ZH+M\x00\x02\x13\xbeP\x10\x16\xb0\x00\x00\x00\x00'
10.947 Received: b'\xbc\xd8\xac\x8c\x00\x02\x13\xbeZH+MP\x00\x16\xb0\x00\x00\x00\x00tempor ex ius. E'...
10.948 Disassembled: source: 48344, dest: 44172, seq: 136126, ack: 1514679117, window: 5808, data: "tempor ex ius. E"...
10.948 Data accepted; writing to file
10.948 Assembling: source: 44172, dest: 48344, seq: 1514679117, ack: 136220, window: 5808, ACK
10.949 Sent: b'\xac\x8c\xbc\xd8ZH+M\x00\x02\x14\x1cP\x10\x16\xb0\x00\x00\x00\x00'
11.449 Sent: b'\xac\x8c\xbc\xd8ZH+M\x00\x02\x14\x1cP\x10\x16\xb0\x00\x00\x00\x00'
11.950 Sent: b'\xac\x8c\xbc\xd8ZH+M\x00\x02\x14\x1cP\x10\x16\xb0\x00\x00\x00\x00'
12.450 Sent: b'\xac\x8c\xbc\xd8ZH+M\x00\x02\x14\x1cP\x10\x16\xb0\x00\x00\x00\x00'
12.950 Sent: b'\xac\x8c\xbc\xd8ZH+M\x00\x02\x14\x1cP\x10\x16\xb0\x00\x00\x00\x00'
13.451 Error: Connection timed out
13.451 Closed connection
13.452 Shutting down
