0.000 NEW RUN: Server, TEST: Write_file__No_file_extension
0.076 Received: b'\x8b\xc0\xde\xce\x00\x00\x00\x12\x00\x00\x00\x00P\x02\x05\xa8\x00\x00\x00\x00'
0.077 Disassembled: source: 35776, dest: 57038, seq: 18, window: 1448, SYN
0.078 SYN accepted; new connection: 127.0.0.1 on port 35776
0.078 Assembling: source: 57038, dest: 35776, seq: 1491488335, ack: 19, window: 5808, ACK, SYN
0.079 Sent: b'\xde\xce\x8b\xc0X\xe6NO\x00\x00\x00\x13P\x12\x16\xb0\x00\x00\x00\x00'
0.080 Received: b'\x8b\xc0\xde\xce\x00\x00\x00\x13X\xe6NPP\x10\x16\xb0\x00\x00\x00\x00'
0.081 Disassembled: source: 35776, dest: 57038, seq: 19, ack: 1491488336, window: 5808, ACK
0.081 Assembling: source: 57038, dest: 35776, seq: 1491488336, ack: 19, window: 5808, ACK
0.081 Received: b'\x8b\xc0\xde\xce\x00\x00\x00\x13X\xe6NPP\x10\x16\xb0\x00\x00\x00\x00Lorem ipsum dolo'...
0.082 Sent: b'\xde\xce\x8b\xc0X\xe6NP\x00\x00\x00\x13P\x10\x16\xb0\x00\x00\x00\x00'
0.082 Disassembled: source: 35776, dest: 57038, seq: 19, ack: 1491488336, window: 5808, ACK, data: "Lorem ipsum dolo"...
0.082 Handshake complete
0.083 Data accepted; writing to file
0.083 Assembling: source: 57038, dest: 35776, seq: 1491488336, ack: 1467, window: 5808, ACK
0.083 Sent: b'\xde\xce\x8b\xc0X\xe6NP\x00\x00\x05\xbbP\x10\x16\xb0\x00\x00\x00\x00'
0.083 Received: b'\x8b\xc0\xde\xce\x00\x00\x00\x13X\xe6NPP\x00\x16\xb0\x00\x00\x00\x00Lorem ipsum dolo'...
0.084 Disassembled: source: 35776, dest: 57038, seq: 19, ack: 1491488336, window: 5808, data: "Lorem ipsum dolo"...
0.084 Old data; ignoring
0.085 Received: b'\x8b\xc0\xde\xce\x00\x00\x05\xbbX\xe6NPP\x00\x16\xb0\x00\x00\x00\x00mprehensam nam, '...
0.085 Disassembled: source: 35776, dest: 57038, seq: 1467, ack: 1491488336, window: 5808, data: "mprehensam nam, "...
0.085 Data accepted; writing to file
0.085 Assembling: source: 57038, dest: 35776, seq: 1491488336, ack: 2915, window: 5808, ACK
0.086 Sent: b'\xde\xce\x8b\xc0X\xe6NP\x00\x00\x0bcP\x10\x16\xb0\x00\x00\x00\x00'
0.088 Received: b'\x8b\xc0\xde\xce\x00\x00\x0bcX\xe6NPP\x00\x16\xb0\x00\x00\x00\x00ilisi repudiare '...
0.088 Disassembled: source: 35776, dest: 57038, seq: 2915, ack: 1491488336, window: 5808, data: "ilisi repudiare "...
0.088 Data accepted; writing to file
0.088 Assembling: source: 57038, dest: 35776, seq: 1491488336, ack: 3262, window: 5808, ACK
0.089 Sent: b'\xde\xce\x8b\xc0X\xe6NP\x00\x00\x0c\xbeP\x10\x16\xb0\x00\x00\x00\x00'
0.589 Sent: b'\xde\xce\x8b\xc0X\xe6NP\x00\x00\x0c\xbeP\x10\x16\xb0\x00\x00\x00\x00'
1.090 Sent: b'\xde\xce\x8b\xc0X\xe6NP\x00\x00\x0c\xbeP\x10\x16\xb0\x00\x00\x00\x00'
1.590 Sent: b'\xde\xce\x8b\xc0X\xe6NP\x00\x00\x0c\xbeP\x10\x16\xb0\x00\x00\x00\x00'
2.091 Sent: b'\xde\xce\x8b\xc0X\xe6NP\x00\x00\x0c\xbeP\x10\x16\xb0\x00\x00\x00\x00'
2.591 Error: Connection timed out
2.591 Closed connection
2.592 Shutting down
