0.000 NEW RUN: Server, TEST: Write_file__Empty
0.079 Received: b'\xd3\xefI&\x00\x00\x00\x10\x00\x00\x00\x00P\x02\x05\xa8\x00\x00\x00\x00'
0.080 Disassembled: source: 54255, dest: 18726, seq: 16, window: 1448, SYN
0.081 SYN accepted; new connection: 127.0.0.1 on port 54255
0.081 Assembling: source: 18726, dest: 54255, seq: 1445542514, ack: 17, window: 5808, ACK, SYN
0.081 Sent: b'I&\xd3\xefV):r\x00\x00\x00\x11P\x12\x16\xb0\x00\x00\x00\x00'
0.083 Received: b'\xd3\xefI&\x00\x00\x00\x11V):sP\x10\x16\xb0\x00\x00\x00\x00'
0.084 Disassembled: source: 54255, dest: 18726, seq: 17, ack: 1445542515, window: 5808, ACK
0.084 Assembling: source: 18726, dest: 54255, seq: 1445542515, ack: 17, window: 5808, ACK
0.084 Sent: b'I&\xd3\xefV):s\x00\x00\x00\x11P\x10\x16\xb0\x00\x00\x00\x00'
0.085 Received: b'\xd3\xefI&\x00\x00\x00\x11V):sP\x10\x16\xb0\x00\x00\x00\x00'
0.085 Disassembled: source: 54255, dest: 18726, seq: 17, ack: 1445542515, window: 5808, ACK
0.085 Assembling: source: 18726, dest: 54255, seq: 1445542515, ack: 17, window: 5808, ACK
0.086 Sent: b'I&\xd3\xefV):s\x00\x00\x00\x11P\x10\x16\xb0\x00\x00\x00\x00'
0.586 Sent: b'I&\xd3\xefV):s\x00\x00\x00\x11P\x10\x16\xb0\x00\x00\x00\x00'
1.087 Sent: b'I&\xd3\xefV):s\x00\x00\x00\x11P\x10\x16\xb0\x00\x00\x00\x00'
1.587 Sent: b'I&\xd3\xefV):s\x00\x00\x00\x11P\x10\x16\xb0\x00\x00\x00\x00'
2.088 Sent: b'I&\xd3\xefV):s\x00\x00\x00\x11P\x10\x16\xb0\x00\x00\x00\x00'
2.588 Error: Connection timed out
2.588 Closed connection
2.589 Shutting down
