0.000 NEW RUN: Server, TEST: Read_file__Single_packet
0.212 Received: b'\xeb)\xace\x00\x00\x00b\x00\x00\x00\x00P\x02\x05\xa8\x00\x00\x00\x00'
0.213 Disassembled: source: 60201, dest: 44133, seq: 98, window: 1448, SYN
0.213 SYN accepted; new connection: 127.0.0.1 on port 60201
0.214 Assembling: source: 44133, dest: 60201, seq: 2332835460, ack: 99, window: 1448, ACK, SYN
0.214 Sent: b'\xace\xeb)\x8b\x0c>\x84\x00\x00\x00cP\x12\x05\xa8\x00\x00\x00\x00'
0.215 Received: b'\xeb)\xace\x00\x00\x00c\x8b\x0c>\x85P\x10\x05\xa8\x00\x00\x00\x00'
0.216 Disassembled: source: 60201, dest: 44133, seq: 99, ack: 2332835461, window: 1448, ACK
0.216 Handshake complete
0.216 Acknowledged seq: 2332835460
0.216 Finished reading file
0.216 Assembling: source: 44133, dest: 60201, seq: 2332835461, ack: 100, window: 1448, data: "This file fits i"...
0.217 Sent: b'\xace\xeb)\x8b\x0c>\x85\x00\x00\x00dP\x00\x05\xa8\x00\x00\x00\x00This file fits i'...
0.218 Received: b'\xeb)\xace\x00\x00\x00c\x8b\x0c>\xb0P\x10\x05\xa8\x00\x00\x00\x00'
0.218 Disassembled: source: 60201, dest: 44133, seq: 99, ack: 2332835504, window: 1448, ACK
0.218 Acknowledged seq: 2332835461
0.219 Assembling: source: 44133, dest: 60201, seq: 2332835504, ack: 100, window: 1448, ACK, FIN
0.219 Sent: b'\xace\xeb)\x8b\x0c>\xb0\x00\x00\x00dP\x11\x05\xa8\x00\x00\x00\x00'
0.220 Received: b'\xeb)\xace\x00\x00\x00c\x8b\x0c>\xb1P\x10\x05\xa8\x00\x00\x00\x00'
0.220 Disassembled: source: 60201, dest: 44133, seq: 99, ack: 2332835505, window: 1448, ACK
0.221 FIN accepted; sending final packet
0.221 Assembling: source: 44133, dest: 60201, seq: 2332835505, ack: 100, window: 1448, ACK
0.221 Sent: b'\xace\xeb)\x8b\x0c>\xb1\x00\x00\x00dP\x10\x05\xa8\x00\x00\x00\x00'
0.221 Closed connection
0.222 Shutting down
