0.000 NEW RUN: Server, TEST: Write_file__Large_multi-packet
0.205 Received: b'E\xf1\x8a\x93\x00\x00\x00\x06\x00\x00\x00\x00P\x02\x05\xa8\x00\x00\x00\x00'
0.205 Disassembled: source: 17905, dest: 35475, seq: 6, window: 1448, SYN
0.206 SYN accepted; new connection: 127.0.0.1 on port 17905
0.206 Assembling: source: 35475, dest: 17905, seq: 2370911247, ack: 7, window: 5808, ACK, SYN
0.206 Sent: b'\x8a\x93E\xf1\x8dQ<\x0f\x00\x00\x00\x07P\x12\x16\xb0\x00\x00\x00\x00'
0.208 Received: b'E\xf1\x8a\x93\x00\x00\x00\x07\x8dQ<\x10P\x10\x16\xb0\x00\x00\x00\x00'
0.208 Disassembled: source: 17905, dest: 35475, seq: 7, ack: 2370911248, window: 5808, ACK
0.208 Assembling: source: 35475, dest: 17905, seq: 2370911248, ack: 7, window: 5808, ACK
0.209 Sent: b'\x8a\x93E\xf1\x8dQ<\x10\x00\x00\x00\x07P\x10\x16\xb0\x00\x00\x00\x00'
0.209 Received: b'E\xf1\x8a\x93\x00\x00\x00\x07\x8dQ<\x10P\x10\x16\xb0\x00\x00\x00\x00Lorem ipsum dolo'...
0.209 Disassembled: source: 17905, dest: 35475, seq: 7, ack: 2370911248, window: 5808, ACK, data: "Lorem ipsum dolo"...
0.209 Handshake complete
0.209 Data accepted; writing to file
0.210 Assembling: source: 35475, dest: 17905, seq: 2370911248, ack: 1455, window: 5808, ACK
0.210 Sent: b'\x8a\x93E\xf1\x8dQ<\x10\x00\x00\x05\xafP\x10\x16\xb0\x00\x00\x00\x00'
0.210 Received: b'E\xf1\x8a\x93\x00\x00\x00\x07\x8dQ<\x10P\x00\x16\xb0\x00\x00\x00\x00Lorem ipsum dolo'...
0.211 Disassembled: source: 17905, dest: 35475, seq: 7, ack: 2370911248, window: 5808, data: "Lorem ipsum dolo"...
0.211 Old data; ignoring
0.212 Received: b'E\xf1\x8a\x93\x00\x00\x05\xaf\x8dQ<\x10P\x10\x16\xb0\x00\x00\x00\x00mprehensam nam, '...
0.212 Disassembled: source: 17905, dest: 35475, seq: 1455, ack: 2370911248, window: 5808, ACK, data: "mprehensam nam, "...
0.212 Error: Incorrect acknowledgement flag
0.710 Sent: b'\x8a\x93E\xf1\x8dQ<\x10\x00\x00\x05\xafP\x10\x16\xb0\x00\x00\x00\x00'
0.713 Received: b'E\xf1\x8a\x93\x00\x00\x05\xaf\x8dQ<\x10P\x00\x16\xb0\x00\x00\x00\x00mprehensam nam, '...
0.714 Disassembled: source: 17905, dest: 35475, seq: 1455, ack: 2370911248, window: 5808, data: "mprehensam nam, "...
0.714 Data accepted; writing to file
0.714 Assembling: source: 35475, dest: 17905, seq: 2370911248, ack: 2903, window: 5808, ACK
0.715 Sent: b'\x8a\x93E\xf1\x8dQ<\x10\x00\x00\x0bWP\x10\x16\xb0\x00\x00\x00\x00'
0.718 Received: b'E\xf1\x8a\x93\x00\x00\x0bW\x8dQ<\x10P\x10\x16\xb0\x00\x00\x00\x00ilisi repudiare '...
0.718 Disassembled: source: 17905, dest: 35475, seq: 2903, ack: 2370911248, window: 5808, ACK, data: "ilisi repudiare "...
0.718 Error: Incorrect acknowledgement flag
1.215 Sent: b'\x8a\x93E\xf1\x8dQ<\x10\x00\x00\x0bWP\x10\x16\xb0\x00\x00\x00\x00'
1.219 Received: b'E\xf1\x8a\x93\x00\x00\x0bW\x8dQ<\x10P\x00\x16\xb0\x00\x00\x00\x00ilisi repudiare '...
1.219 Disassembled: source: 17905, dest: 35475, seq: 2903, ack: 2370911248, window: 5808, data: "ilisi repudiare "...
1.219 Data accepted; writing to file
1.219 Assembling: source: 35475, dest: 17905, seq: 2370911248, ack: 4351, window: 5808, ACK
1.220 Sent: b'\x8a\x93E\xf1\x8dQ<\x10\x00\x00\x10\xffP\x10\x16\xb0\x00\x00\x00\x00'
1.223 Received: b'E\xf1\x8a\x93\x00\x00\x10\xff\x8dQ<\x10P\x10\x16\xb0\x00\x00\x00\x00ta.\n\nEt essent s'...
1.223 Disassembled: source: 17905, dest: 35475, seq: 4351, ack: 2370911248, window: 5808, ACK, data: "ta.

Et essent s"...
1.224 Error: Incorrect acknowledgement flag
1.720 Sent: b'\x8a\x93E\xf1\x8dQ<\x10\x00\x00\x10\xffP\x10\x16\xb0\x00\x00\x00\x00'
1.723 Received: b'E\xf1\x8a\x93\x00\x00\x10\xff\x8dQ<\x10P\x00\x16\xb0\x00\x00\x00\x00ta.\n\nEt essent s'...
1.724 Disassembled: source: 17905, dest: 35475, seq: 4351, ack: 2370911248, window: 5808, data: "ta.

Et essent s"...
1.724 Data accepted; writing to file
1.724 Assembling: source: 35475, dest: 17905, seq: 2370911248, ack: 5799, window: 5808, ACK
1.725 Sent: b'\x8a\x93E\xf1\x8dQ<\x10\x00\x00\x16\xa7P\x10\x16\xb0\x00\x00\x00\x00'
1.728 Received: b'E\xf1\x8a\x93\x00\x00\x16\xa7\x8dQ<\x10P\x10\x16\xb0\x00\x00\x00\x00 Nihil tractatos'...
1.728 Disassembled: source: 17905, dest: 35475, seq: 5799, ack: 2370911248, window: 5808, ACK, data: " Nihil tractatos"...
1.729 Error: Incorrect acknowledgement flag
2.225 Sent: b'\x8a\x93E\xf1\x8dQ<\x10\x00\x00\x16\xa7P\x10\x16\xb0\x00\x00\x00\x00'
2.229 Received: b'E\xf1\x8a\x93\x00\x00\x16\xa7\x8dQ<\x10P\x00\x16\xb0\x00\x00\x00\x00 Nihil tractatos'...
2.229 Disassembled: source: 17905, dest: 35475, seq: 5799, ack: 2370911248, window: 5808, data: " Nihil tractatos"...
2.229 Data accepted; writing to file
2.229 Assembling: source: 35475, dest: 17905, seq: 2370911248, ack: 7247, window: 5808, ACK
2.230 Sent: b'\x8a\x93E\xf1\x8dQ<\x10\x00\x00\x1cOP\x10\x16\xb0\x00\x00\x00\x00'
2.233 Received: b'E\xf1\x8a\x93\x00\x00\x1cO\x8dQ<\x10P\x10\x16\xb0\x00\x00\x00\x00fert iuvaret sap'...
2.234 Disassembled: source: 17905, dest: 35475, seq: 7247, ack: 2370911248, window: 5808, ACK, data: "fert iuvaret sap"...
2.234 Error: Incorrect acknowledgement flag
2.730 Sent: b'\x8a\x93E\xf1\x8dQ<\x10\x00\x00\x1cOP\x10\x16\xb0\x00\x00\x00\x00'
2.734 Received: b'E\xf1\x8a\x93\x00\x00\x1cO\x8dQ<\x10P\x00\x16\xb0\x00\x00\x00\x00fert iuvaret sap'...
2.734 Disassembled: source: 17905, dest: 35475, seq: 7247, ack: 2370911248, window: 5808, data: "fert iuvaret sap"...
2.734 Data accepted; writing to file
2.735 Assembling: source: 35475, dest: 17905, seq: 2370911248, ack: 8695, window: 5808, ACK
2.735 Sent: b'\x8a\x93E\xf1\x8dQ<\x10\x00\x00!\xf7P\x10\x16\xb0\x00\x00\x00\x00'
2.738 Received: b'E\xf1\x8a\x93\x00\x00!\xf7\x8dQ<\x10P\x10\x16\xb0\x00\x00\x00\x00ram adipiscing, '...
2.739 Disassembled: source: 17905, dest: 35475, seq: 8695, ack: 2370911248, window: 5808, ACK, data: "ram adipiscing, "...
2.739 Error: Incorrect acknowledgement flag
3.235 Sent: b'\x8a\x93E\xf1\x8dQ<\x10\x00\x00!\xf7P\x10\x16\xb0\x00\x00\x00\x00'
3.239 Received: b'E\xf1\x8a\x93\x00\x00!\xf7\x8dQ<\x10P\x00\x16\xb0\x00\x00\x00\x00ram adipiscing, '...
3.239 Disassembled: source: 17905, dest: 35475, seq: 8695, ack: 2370911248, window: 5808, data: "ram adipiscing, "...
3.239 Data accepted; writing to file
3.239 Assembling: source: 35475, dest: 17905, seq: 2370911248, ack: 10143, window: 5808, ACK
3.240 Sent: b"\x8a\x93E\xf1\x8dQ<\x10\x00\x00'\x9fP\x10\x16\xb0\x00\x00\x00\x00"
3.243 Received: b"E\xf1\x8a\x93\x00\x00'\x9f\x8dQ<\x10P\x10\x16\xb0\x00\x00\x00\x00m veritus vivend"...
3.244 Disassembled: source: 17905, dest: 35475, seq: 10143, ack: 2370911248, window: 5808, ACK, data: "m veritus vivend"...
3.244 Error: Incorrect acknowledgement flag
3.740 Sent: b"\x8a\x93E\xf1\x8dQ<\x10\x00\x00'\x9fP\x10\x16\xb0\x00\x00\x00\x00"
3.743 Received: b"E\xf1\x8a\x93\x00\x00'\x9f\x8dQ<\x10P\x00\x16\xb0\x00\x00\x00\x00m veritus vivend"...
3.744 Disassembled: source: 17905, dest: 35475, seq: 10143, ack: 2370911248, window: 5808, data: "m veritus vivend"...
3.744 Data accepted; writing to file
3.744 Assembling: source: 35475, dest: 17905, seq: 2370911248, ack: 11591, window: 5808, ACK
3.745 Sent: b'\x8a\x93E\xf1\x8dQ<\x10\x00\x00-GP\x10\x16\xb0\x00\x00\x00\x00'
3.748 Received: b'E\xf1\x8a\x93\x00\x00-G\x8dQ<\x10P\x10\x16\xb0\x00\x00\x00\x00 delenit, ignota'...
3.748 Disassembled: source: 17905, dest: 35475, seq: 11591, ack: 2370911248, window: 5808, ACK, data: " delenit, ignota"...
3.749 Error: Incorrect acknowledgement flag
4.245 Sent: b'\x8a\x93E\xf1\x8dQ<\x10\x00\x00-GP\x10\x16\xb0\x00\x00\x00\x00'
4.249 Received: b'E\xf1\x8a\x93\x00\x00-G\x8dQ<\x10P\x00\x16\xb0\x00\x00\x00\x00 delenit, ignota'...
4.249 Disassembled: source: 17905, dest: 35475, seq: 11591, ack: 2370911248, window: 5808, data: " delenit, ignota"...
4.249 Data accepted; writing to file
4.249 Assembling: source: 35475, dest: 17905, seq: 2370911248, ack: 13039, window: 5808, ACK
4.250 Sent: b'\x8a\x93E\xf1\x8dQ<\x10\x00\x002\xefP\x10\x16\xb0\x00\x00\x00\x00'
4.253 Received: b'E\xf1\x8a\x93\x00\x002\xef\x8dQ<\x10P\x10\x16\xb0\x00\x00\x00\x00se explicari des'...
4.254 Disassembled: source: 17905, dest: 35475, seq: 13039, ack: 2370911248, window: 5808, ACK, data: "se explicari des"...
4.254 Error: Incorrect acknowledgement flag
4.750 Sent: b'\x8a\x93E\xf1\x8dQ<\x10\x00\x002\xefP\x10\x16\xb0\x00\x00\x00\x00'
4.753 Received: b'E\xf1\x8a\x93\x00\x002\xef\x8dQ<\x10P\x00\x16\xb0\x00\x00\x00\x00se explicari des'...
4.754 Disassembled: source: 17905, dest: 35475, seq: 13039, ack: 2370911248, window: 5808, data: "se explicari des"...
4.754 Data accepted; writing to file
4.754 Assembling: source: 35475, dest: 17905, seq: 2370911248, ack: 14487, window: 5808, ACK
4.755 Sent: b'\x8a\x93E\xf1\x8dQ<\x10\x00\x008\x97P\x10\x16\xb0\x00\x00\x00\x00'
4.758 Received: b'E\xf1\x8a\x93\x00\x008\x97\x8dQ<\x10P\x10\x16\xb0\x00\x00\x00\x00piscing, in modo'...
4.758 Disassembled: source: 17905, dest: 35475, seq: 14487, ack: 2370911248, window: 5808, ACK, data: "piscing, in modo"...
4.759 Error: Incorrect acknowledgement flag
5.255 Sent: b'\x8a\x93E\xf1\x8dQ<\x10\x00\x008\x97P\x10\x16\xb0\x00\x00\x00\x00'
5.258 Received: b'E\xf1\x8a\x93\x00\x008\x97\x8dQ<\x10P\x00\x16\xb0\x00\x00\x00\x00piscing, in modo'...
5.259 Disassembled: source: 17905, dest: 35475, seq: 14487, ack: 2370911248, window: 5808, data: "piscing, in modo"...
5.259 Data accepted; writing to file
5.259 Assembling: source: 35475, dest: 17905, seq: 2370911248, ack: 15935, window: 5808, ACK
5.260 Sent: b'\x8a\x93E\xf1\x8dQ<\x10\x00\x00>?P\x10\x16\xb0\x00\x00\x00\x00'
5.263 Received: b'E\xf1\x8a\x93\x00\x00>?\x8dQ<\x10P\x10\x16\xb0\x00\x00\x00\x00o copiosae tacim'...
5.263 Disassembled: source: 17905, dest: 35475, seq: 15935, ack: 2370911248, window: 5808, ACK, data: "o copiosae tacim"...
5.264 Error: Incorrect acknowledgement flag
5.760 Sent: b'\x8a\x93E\xf1\x8dQ<\x10\x00\x00>?P\x10\x16\xb0\x00\x00\x00\x00'
5.764 Received: b'E\xf1\x8a\x93\x00\x00>?\x8dQ<\x10P\x00\x16\xb0\x00\x00\x00\x00o copiosae tacim'...
5.764 Disassembled: source: 17905, dest: 35475, seq: 15935, ack: 2370911248, window: 5808, data: "o copiosae tacim"...
5.764 Data accepted; writing to file
5.764 Assembling: source: 35475, dest: 17905, seq: 2370911248, ack: 17383, window: 5808, ACK
5.765 Sent: b'\x8a\x93E\xf1\x8dQ<\x10\x00\x00C\xe7P\x10\x16\xb0\x00\x00\x00\x00'
5.768 Received: b'E\xf1\x8a\x93\x00\x00C\xe7\x8dQ<\x10P\x10\x16\xb0\x00\x00\x00\x00am. Pri ne antio'...
5.768 Disassembled: source: 17905, dest: 35475, seq: 17383, ack: 2370911248, window: 5808, ACK, data: "am. Pri ne antio"...
5.769 Error: Incorrect acknowledgement flag
6.265 Sent: b'\x8a\x93E\xf1\x8dQ<\x10\x00\x00C\xe7P\x10\x16\xb0\x00\x00\x00\x00'
6.268 Received: b'E\xf1\x8a\x93\x00\x00C\xe7\x8dQ<\x10P\x00\x16\xb0\x00\x00\x00\x00am. Pri ne antio'...
6.269 Disassembled: source: 17905, dest: 35475, seq: 17383, ack: 2370911248, window: 5808, data: "am. Pri ne antio"...
6.269 Data accepted; writing to file
6.269 Assembling: source: 35475, dest: 17905, seq: 2370911248, ack: 18831, window: 5808, ACK
6.270 Sent: b'\x8a\x93E\xf1\x8dQ<\x10\x00\x00I\x8fP\x10\x16\xb0\x00\x00\x00\x00'
6.273 Received: b'E\xf1\x8a\x93\x00\x00I\x8f\x8dQ<\x10P\x10\x16\xb0\x00\x00\x00\x00to no. Elitr pos'...
6.273 Disassembled: source: 17905, dest: 35475, seq: 18831, ack: 2370911248, window: 5808, ACK, data: "to no. Elitr pos"...
6.274 Error: Incorrect acknowledgement flag
6.770 Sent: b'\x8a\x93E\xf1\x8dQ<\x10\x00\x00I\x8fP\x10\x16\xb0\x00\x00\x00\x00'
6.774 Received: b'E\xf1\x8a\x93\x00\x00I\x8f\x8dQ<\x10P\x00\x16\xb0\x00\x00\x00\x00to no. Elitr pos'...
6.774 Disassembled: source: 17905, dest: 35475, seq: 18831, ack: 2370911248, window: 5808, data: "to no. Elitr pos"...
6.774 Data accepted; writing to file
6.774 Assembling: source: 35475, dest: 17905, seq: 2370911248, ack: 20279, window: 5808, ACK
6.775 Sent: b'\x8a\x93E\xf1\x8dQ<\x10\x00\x00O7P\x10\x16\xb0\x00\x00\x00\x00'
6.778 Received: b'E\xf1\x8a\x93\x00\x00O7\x8dQ<\x10P\x10\x16\xb0\x00\x00\x00\x00pretaris, sea ex'...
6.779 Disassembled: source: 17905, dest: 35475, seq: 20279, ack: 2370911248, window: 5808, ACK, data: "pretaris, sea ex"...
6.779 Error: Incorrect acknowledgement flag
7.275 Sent: b'\x8a\x93E\xf1\x8dQ<\x10\x00\x00O7P\x10\x16\xb0\x00\x00\x00\x00'
7.279 Received: b'E\xf1\x8a\x93\x00\x00O7\x8dQ<\x10P\x00\x16\xb0\x00\x00\x00\x00pretaris, sea ex'...
7.279 Disassembled: source: 17905, dest: 35475, seq: 20279, ack: 2370911248, window: 5808, data: "pretaris, sea ex"...
7.279 Data accepted; writing to file
7.279 Assembling: source: 35475, dest: 17905, seq: 2370911248, ack: 21727, window: 5808, ACK
7.280 Sent: b'\x8a\x93E\xf1\x8dQ<\x10\x00\x00T\xdfP\x10\x16\xb0\x00\x00\x00\x00'
7.283 Received: b'E\xf1\x8a\x93\x00\x00T\xdf\x8dQ<\x10P\x10\x16\xb0\x00\x00\x00\x00oporteat inimicu'...
7.284 Disassembled: source: 17905, dest: 35475, seq: 21727, ack: 2370911248, window: 5808, ACK, data: "oporteat inimicu"...
7.284 Error: Incorrect acknowledgement flag
7.780 Sent: b'\x8a\x93E\xf1\x8dQ<\x10\x00\x00T\xdfP\x10\x16\xb0\x00\x00\x00\x00'
7.784 Received: b'E\xf1\x8a\x93\x00\x00T\xdf\x8dQ<\x10P\x00\x16\xb0\x00\x00\x00\x00oporteat inimicu'...
7.784 Disassembled: source: 17905, dest: 35475, seq: 21727, ack: 2370911248, window: 5808, data: "oporteat inimicu"...
7.784 Data accepted; writing to file
7.784 Assembling: source: 35475, dest: 17905, seq: 2370911248, ack: 23175, window: 5808, ACK
7.785 Sent: b'\x8a\x93E\xf1\x8dQ<\x10\x00\x00Z\x87P\x10\x16\xb0\x00\x00\x00\x00'
7.788 Received: b'E\xf1\x8a\x93\x00\x00Z\x87\x8dQ<\x10P\x10\x16\xb0\x00\x00\x00\x00ligendi officiis'...
7.789 Disassembled: source: 17905, dest: 35475, seq: 23175, ack: 2370911248, window: 5808, ACK, data: "ligendi officiis"...
7.789 Error: Incorrect acknowledgement flag
8.285 Sent: b'\x8a\x93E\xf1\x8dQ<\x10\x00\x00Z\x87P\x10\x16\xb0\x00\x00\x00\x00'
8.288 Received: b'E\xf1\x8a\x93\x00\x00Z\x87\x8dQ<\x10P\x00\x16\xb0\x00\x00\x00\x00ligendi officiis'...
8.289 Disassembled: source: 17905, dest: 35475, seq: 23175, ack: 2370911248, window: 5808, data: "ligendi officiis"...
8.289 Data accepted; writing to file
8.289 Assembling: source: 35475, dest: 17905, seq: 2370911248, ack: 24623, window: 5808, ACK
8.290 Sent: b'\x8a\x93E\xf1\x8dQ<\x10\x00\x00`/P\x10\x16\xb0\x00\x00\x00\x00'
8.293 Received: b'E\xf1\x8a\x93\x00\x00`/\x8dQ<\x10P\x10\x16\xb0\x00\x00\x00\x00no vel regione i'...
8.293 Disassembled: source: 17905, dest: 35475, seq: 24623, ack: 2370911248, window: 5808, ACK, data: "no vel regione i"...
8.294 Error: Incorrect acknowledgement flag
8.790 Sent: b'\x8a\x93E\xf1\x8dQ<\x10\x00\x00`/P\x10\x16\xb0\x00\x00\x00\x00'
8.794 Received: b'E\xf1\x8a\x93\x00\x00`/\x8dQ<\x10P\x00\x16\xb0\x00\x00\x00\x00no vel regione i'...
8.794 Disassembled: source: 17905, dest: 35475, seq: 24623, ack: 2370911248, window: 5808, data: "no vel regione i"...
8.794 Data accepted; writing to file
8.795 Assembling: source: 35475, dest: 17905, seq: 2370911248, ack: 26071, window: 5808, ACK
8.795 Sent: b'\x8a\x93E\xf1\x8dQ<\x10\x00\x00e\xd7P\x10\x16\xb0\x00\x00\x00\x00'
8.798 Received: b'E\xf1\x8a\x93\x00\x00e\xd7\x8dQ<\x10P\x10\x16\xb0\x00\x00\x00\x00ibus vis ex, pro'...
8.799 Disassembled: source: 17905, dest: 35475, seq: 26071, ack: 2370911248, window: 5808, ACK, data: "ibus vis ex, pro"...
8.799 Error: Incorrect acknowledgement flag
9.295 Sent: b'\x8a\x93E\xf1\x8dQ<\x10\x00\x00e\xd7P\x10\x16\xb0\x00\x00\x00\x00'
9.299 Received: b'E\xf1\x8a\x93\x00\x00e\xd7\x8dQ<\x10P\x00\x16\xb0\x00\x00\x00\x00ibus vis ex, pro'...
9.299 Disassembled: source: 17905, dest: 35475, seq: 26071, ack: 2370911248, window: 5808, data: "ibus vis ex, pro"...
9.299 Data accepted; writing to file
9.299 Assembling: source: 35475, dest: 17905, seq: 2370911248, ack: 27519, window: 5808, ACK
9.300 Sent: b'\x8a\x93E\xf1\x8dQ<\x10\x00\x00k\x7fP\x10\x16\xb0\x00\x00\x00\x00'
9.303 Received: b'E\xf1\x8a\x93\x00\x00k\x7f\x8dQ<\x10P\x10\x16\xb0\x00\x00\x00\x00o vix, mel ea li'...
9.304 Disassembled: source: 17905, dest: 35475, seq: 27519, ack: 2370911248, window: 5808, ACK, data: "o vix, mel ea li"...
9.304 Error: Incorrect acknowledgement flag
9.800 Sent: b'\x8a\x93E\xf1\x8dQ<\x10\x00\x00k\x7fP\x10\x16\xb0\x00\x00\x00\x00'
9.804 Received: b'E\xf1\x8a\x93\x00\x00k\x7f\x8dQ<\x10P\x00\x16\xb0\x00\x00\x00\x00o vix, mel ea li'...
9.804 Disassembled: source: 17905, dest: 35475, seq: 27519, ack: 2370911248, window: 5808, data: "o vix, mel ea li"...
9.804 Data accepted; writing to file
9.805 Assembling: source: 35475, dest: 17905, seq: 2370911248, ack: 28967, window: 5808, ACK
9.805 Sent: b"\x8a\x93E\xf1\x8dQ<\x10\x00\x00q'P\x10\x16\xb0\x00\x00\x00\x00"
9.808 Received: b"E\xf1\x8a\x93\x00\x00q'\x8dQ<\x10P\x10\x16\xb0\x00\x00\x00\x00d. Ex fugit suav"...
9.809 Disassembled: source: 17905, dest: 35475, seq: 28967, ack: 2370911248, window: 5808, ACK, data: "d. Ex fugit suav"...
9.809 Error: Incorrect acknowledgement flag
10.306 Sent: b"\x8a\x93E\xf1\x8dQ<\x10\x00\x00q'P\x10\x16\xb0\x00\x00\x00\x00"
10.309 Received: b"E\xf1\x8a\x93\x00\x00q'\x8dQ<\x10P\x00\x16\xb0\x00\x00\x00\x00d. Ex fugit suav"...
10.309 Disassembled: source: 17905, dest: 35475, seq: 28967, ack: 2370911248, window: 5808, data: "d. Ex fugit suav"...
10.310 Data accepted; writing to file
10.310 Assembling: source: 35475, dest: 17905, seq: 2370911248, ack: 30415, window: 5808, ACK
10.310 Sent: b'\x8a\x93E\xf1\x8dQ<\x10\x00\x00v\xcfP\x10\x16\xb0\x00\x00\x00\x00'
10.313 Received: b'E\xf1\x8a\x93\x00\x00v\xcf\x8dQ<\x10P\x10\x16\xb0\x00\x00\x00\x00pertinax nec. De'...
10.314 Disassembled: source: 17905, dest: 35475, seq: 30415, ack: 2370911248, window: 5808, ACK, data: "pertinax nec. De"...
10.314 Error: Incorrect acknowledgement flag
10.811 Sent: b'\x8a\x93E\xf1\x8dQ<\x10\x00\x00v\xcfP\x10\x16\xb0\x00\x00\x00\x00'
10.814 Received: b'E\xf1\x8a\x93\x00\x00v\xcf\x8dQ<\x10P\x00\x16\xb0\x00\x00\x00\x00pertinax nec. De'...
10.814 Disassembled: source: 17905, dest: 35475, seq: 30415, ack: 2370911248, window: 5808, data: "pertinax nec. De"...
10.815 Data accepted; writing to file
10.815 Assembling: source: 35475, dest: 17905, seq: 2370911248, ack: 31863, window: 5808, ACK
10.815 Sent: b'\x8a\x93E\xf1\x8dQ<\x10\x00\x00|wP\x10\x16\xb0\x00\x00\x00\x00'
10.818 Received: b'E\xf1\x8a\x93\x00\x00|w\x8dQ<\x10P\x10\x16\xb0\x00\x00\x00\x00lli primis praes'...
10.819 Disassembled: source: 17905, dest: 35475, seq: 31863, ack: 2370911248, window: 5808, ACK, data: "lli primis praes"...
10.819 Error: Incorrect acknowledgement flag
11.316 Sent: b'\x8a\x93E\xf1\x8dQ<\x10\x00\x00|wP\x10\x16\xb0\x00\x00\x00\x00'
11.319 Received: b'E\xf1\x8a\x93\x00\x00|w\x8dQ<\x10P\x00\x16\xb0\x00\x00\x00\x00lli primis praes'...
11.319 Disassembled: source: 17905, dest: 35475, seq: 31863, ack: 2370911248, window: 5808, data: "lli primis praes"...
11.320 Data accepted; writing to file
11.320 Assembling: source: 35475, dest: 17905, seq: 2370911248, ack: 33311, window: 5808, ACK
11.320 Sent: b'\x8a\x93E\xf1\x8dQ<\x10\x00\x00\x82\x1fP\x10\x16\xb0\x00\x00\x00\x00'
11.323 Received: b'E\xf1\x8a\x93\x00\x00\x82\x1f\x8dQ<\x10P\x10\x16\xb0\x00\x00\x00\x00m, percipit inte'...
11.324 Disassembled: source: 17905, dest: 35475, seq: 33311, ack: 2370911248, window: 5808, ACK, data: "m, percipit inte"...
11.324 Error: Incorrect acknowledgement flag
11.821 Sent: b'\x8a\x93E\xf1\x8dQ<\x10\x00\x00\x82\x1fP\x10\x16\xb0\x00\x00\x00\x00'
11.824 Received: b'E\xf1\x8a\x93\x00\x00\x82\x1f\x8dQ<\x10P\x00\x16\xb0\x00\x00\x00\x00m, percipit inte'...
11.825 Disassembled: source: 17905, dest: 35475, seq: 33311, ack: 2370911248, window: 5808, data: "m, percipit inte"...
11.825 Data accepted; writing to file
11.825 Assembling: source: 35475, dest: 17905, seq: 2370911248, ack: 34759, window: 5808, ACK
11.825 Sent: b'\x8a\x93E\xf1\x8dQ<\x10\x00\x00\x87\xc7P\x10\x16\xb0\x00\x00\x00\x00'
11.829 Received: b'E\xf1\x8a\x93\x00\x00\x87\xc7\x8dQ<\x10P\x10\x16\xb0\x00\x00\x00\x00nani docendi pat'...
11.829 Disassembled: source: 17905, dest: 35475, seq: 34759, ack: 2370911248, window: 5808, ACK, data: "nani docendi pat"...
11.829 Error: Incorrect acknowledgement flag
12.326 Sent: b'\x8a\x93E\xf1\x8dQ<\x10\x00\x00\x87\xc7P\x10\x16\xb0\x00\x00\x00\x00'
12.329 Received: b'E\xf1\x8a\x93\x00\x00\x87\xc7\x8dQ<\x10P\x00\x16\xb0\x00\x00\x00\x00nani docendi pat'...
12.330 Disassembled: source: 17905, dest: 35475, seq: 34759, ack: 2370911248, window: 5808, data: "nani docendi pat"...
12.330 Data accepted; writing to file
12.330 Assembling: source: 35475, dest: 17905, seq: 2370911248, ack: 36207, window: 5808, ACK
12.331 Sent: b'\x8a\x93E\xf1\x8dQ<\x10\x00\x00\x8doP\x10\x16\xb0\x00\x00\x00\x00'
12.334 Received: b'E\xf1\x8a\x93\x00\x00\x8do\x8dQ<\x10P\x10\x16\xb0\x00\x00\x00\x00 vis decore poss'...
12.334 Disassembled: source: 17905, dest: 35475, seq: 36207, ack: 2370911248, window: 5808, ACK, data: " vis decore poss"...
12.334 Error: Incorrect acknowledgement flag
12.831 Sent: b'\x8a\x93E\xf1\x8dQ<\x10\x00\x00\x8doP\x10\x16\xb0\x00\x00\x00\x00'
12.834 Received: b'E\xf1\x8a\x93\x00\x00\x8do\x8dQ<\x10P\x00\x16\xb0\x00\x00\x00\x00 vis decore poss'...
12.835 Disassembled: source: 17905, dest: 35475, seq: 36207, ack: 2370911248, window: 5808, data: " vis decore poss"...
12.835 Data accepted; writing to file
12.835 Assembling: source: 35475, dest: 17905, seq: 2370911248, ack: 37655, window: 5808, ACK
12.836 Sent: b'\x8a\x93E\xf1\x8dQ<\x10\x00\x00\x93\x17P\x10\x16\xb0\x00\x00\x00\x00'
12.839 Received: b'E\xf1\x8a\x93\x00\x00\x93\x17\x8dQ<\x10P\x10\x16\xb0\x00\x00\x00\x00eam odio corpora'...
12.839 Disassembled: source: 17905, dest: 35475, seq: 37655, ack: 2370911248, window: 5808, ACK, data: "eam odio corpora"...
12.839 Error: Incorrect acknowledgement flag
13.336 Sent: b'\x8a\x93E\xf1\x8dQ<\x10\x00\x00\x93\x17P\x10\x16\xb0\x00\x00\x00\x00'
13.339 Received: b'E\xf1\x8a\x93\x00\x00\x93\x17\x8dQ<\x10P\x00\x16\xb0\x00\x00\x00\x00eam odio corpora'...
13.340 Disassembled: source: 17905, dest: 35475, seq: 37655, ack: 2370911248, window: 5808, data: "eam odio corpora"...
13.340 Data accepted; writing to file
13.340 Assembling: source: 35475, dest: 17905, seq: 2370911248, ack: 39103, window: 5808, ACK
13.341 Sent: b'\x8a\x93E\xf1\x8dQ<\x10\x00\x00\x98\xbfP\x10\x16\xb0\x00\x00\x00\x00'
13.344 Received: b'E\xf1\x8a\x93\x00\x00\x98\xbf\x8dQ<\x10P\x10\x16\xb0\x00\x00\x00\x00 est. Usu sanctu'...
13.344 Disassembled: source: 17905, dest: 35475, seq: 39103, ack: 2370911248, window: 5808, ACK, data: " est. Usu sanctu"...
13.344 Error: Incorrect acknowledgement flag
13.841 Sent: b'\x8a\x93E\xf1\x8dQ<\x10\x00\x00\x98\xbfP\x10\x16\xb0\x00\x00\x00\x00'
13.844 Received: b'E\xf1\x8a\x93\x00\x00\x98\xbf\x8dQ<\x10P\x00\x16\xb0\x00\x00\x00\x00 est. Usu sanctu'...
13.845 Disassembled: source: 17905, dest: 35475, seq: 39103, ack: 2370911248, window: 5808, data: " est. Usu sanctu"...
13.845 Data accepted; writing to file
13.845 Assembling: source: 35475, dest: 17905, seq: 2370911248, ack: 40551, window: 5808, ACK
13.846 Sent: b'\x8a\x93E\xf1\x8dQ<\x10\x00\x00\x9egP\x10\x16\xb0\x00\x00\x00\x00'
13.849 Received: b'E\xf1\x8a\x93\x00\x00\x9eg\x8dQ<\x10P\x10\x16\xb0\x00\x00\x00\x00.\n\nMei graeco ae'...
13.849 Disassembled: source: 17905, dest: 35475, seq: 40551, ack: 2370911248, window: 5808, ACK, data: ".

Mei graeco ae"...
13.850 Error: Incorrect acknowledgement flag
14.346 Sent: b'\x8a\x93E\xf1\x8dQ<\x10\x00\x00\x9egP\x10\x16\xb0\x00\x00\x00\x00'
14.349 Received: b'E\xf1\x8a\x93\x00\x00\x9eg\x8dQ<\x10P\x00\x16\xb0\x00\x00\x00\x00.\n\nMei graeco ae'...
14.350 Disassembled: source: 17905, dest: 35475, seq: 40551, ack: 2370911248, window: 5808, data: ".

Mei graeco ae"...
14.350 Data accepted; writing to file
14.350 Assembling: source: 35475, dest: 17905, seq: 2370911248, ack: 41999, window: 5808, ACK
14.351 Sent: b'\x8a\x93E\xf1\x8dQ<\x10\x00\x00\xa4\x0fP\x10\x16\xb0\x00\x00\x00\x00'
14.354 Received: b'E\xf1\x8a\x93\x00\x00\xa4\x0f\x8dQ<\x10P\x10\x16\xb0\x00\x00\x00\x00et. Ne sea primi'...
14.354 Disassembled: source: 17905, dest: 35475, seq: 41999, ack: 2370911248, window: 5808, ACK, data: "et. Ne sea primi"...
14.355 Error: Incorrect acknowledgement flag
14.851 Sent: b'\x8a\x93E\xf1\x8dQ<\x10\x00\x00\xa4\x0fP\x10\x16\xb0\x00\x00\x00\x00'
14.854 Received: b'E\xf1\x8a\x93\x00\x00\xa4\x0f\x8dQ<\x10P\x00\x16\xb0\x00\x00\x00\x00et. Ne sea primi'...
14.855 Disassembled: source: 17905, dest: 35475, seq: 41999, ack: 2370911248, window: 5808, data: "et. Ne sea primi"...
14.855 Data accepted; writing to file
14.855 Assembling: source: 35475, dest: 17905, seq: 2370911248, ack: 43447, window: 5808, ACK
14.856 Sent: b'\x8a\x93E\xf1\x8dQ<\x10\x00\x00\xa9\xb7P\x10\x16\xb0\x00\x00\x00\x00'
14.859 Received: b'E\xf1\x8a\x93\x00\x00\xa9\xb7\x8dQ<\x10P\x10\x16\xb0\x00\x00\x00\x00ittam convenire.'...
14.859 Disassembled: source: 17905, dest: 35475, seq: 43447, ack: 2370911248, window: 5808, ACK, data: "ittam convenire."...
14.860 Error: Incorrect acknowledgement flag
15.356 Sent: b'\x8a\x93E\xf1\x8dQ<\x10\x00\x00\xa9\xb7P\x10\x16\xb0\x00\x00\x00\x00'
15.359 Received: b'E\xf1\x8a\x93\x00\x00\xa9\xb7\x8dQ<\x10P\x00\x16\xb0\x00\x00\x00\x00ittam convenire.'...
15.360 Disassembled: source: 17905, dest: 35475, seq: 43447, ack: 2370911248, window: 5808, data: "ittam convenire."...
15.360 Data accepted; writing to file
15.360 Assembling: source: 35475, dest: 17905, seq: 2370911248, ack: 44895, window: 5808, ACK
15.361 Sent: b'\x8a\x93E\xf1\x8dQ<\x10\x00\x00\xaf_P\x10\x16\xb0\x00\x00\x00\x00'
15.364 Received: b'E\xf1\x8a\x93\x00\x00\xaf_\x8dQ<\x10P\x10\x16\xb0\x00\x00\x00\x00ua et vis, id eu'...
15.364 Disassembled: source: 17905, dest: 35475, seq: 44895, ack: 2370911248, window: 5808, ACK, data: "ua et vis, id eu"...
15.365 Error: Incorrect acknowledgement flag
15.861 Sent: b'\x8a\x93E\xf1\x8dQ<\x10\x00\x00\xaf_P\x10\x16\xb0\x00\x00\x00\x00'
15.865 Received: b'E\xf1\x8a\x93\x00\x00\xaf_\x8dQ<\x10P\x00\x16\xb0\x00\x00\x00\x00ua et vis, id eu'...
15.865 Disassembled: source: 17905, dest: 35475, seq: 44895, ack: 2370911248, window: 5808, data: "ua et vis, id eu"...
15.865 Data accepted; writing to file
15.865 Assembling: source: 35475, dest: 17905, seq: 2370911248, ack: 46343, window: 5808, ACK
15.866 Sent: b'\x8a\x93E\xf1\x8dQ<\x10\x00\x00\xb5\x07P\x10\x16\xb0\x00\x00\x00\x00'
15.869 Received: b'E\xf1\x8a\x93\x00\x00\xb5\x07\x8dQ<\x10P\x10\x16\xb0\x00\x00\x00\x00r. Et velit appa'...
15.870 Disassembled: source: 17905, dest: 35475, seq: 46343, ack: 2370911248, window: 5808, ACK, data: "r. Et velit appa"...
15.870 Error: Incorrect acknowledgement flag
16.366 Sent: b'\x8a\x93E\xf1\x8dQ<\x10\x00\x00\xb5\x07P\x10\x16\xb0\x00\x00\x00\x00'
16.370 Received: b'E\xf1\x8a\x93\x00\x00\xb5\x07\x8dQ<\x10P\x00\x16\xb0\x00\x00\x00\x00r. Et velit appa'...
16.370 Disassembled: source: 17905, dest: 35475, seq: 46343, ack: 2370911248, window: 5808, data: "r. Et velit appa"...
16.370 Data accepted; writing to file
16.371 Assembling: source: 35475, dest: 17905, seq: 2370911248, ack: 47791, window: 5808, ACK
16.371 Sent: b'\x8a\x93E\xf1\x8dQ<\x10\x00\x00\xba\xafP\x10\x16\xb0\x00\x00\x00\x00'
16.374 Received: b'E\xf1\x8a\x93\x00\x00\xba\xaf\x8dQ<\x10P\x10\x16\xb0\x00\x00\x00\x00 novum laudem, v'...
16.375 Disassembled: source: 17905, dest: 35475, seq: 47791, ack: 2370911248, window: 5808, ACK, data: " novum laudem, v"...
16.375 Error: Incorrect acknowledgement flag
16.872 Sent: b'\x8a\x93E\xf1\x8dQ<\x10\x00\x00\xba\xafP\x10\x16\xb0\x00\x00\x00\x00'
16.875 Received: b'E\xf1\x8a\x93\x00\x00\xba\xaf\x8dQ<\x10P\x00\x16\xb0\x00\x00\x00\x00 novum laudem, v'...
16.875 Disassembled: source: 17905, dest: 35475, seq: 47791, ack: 2370911248, window: 5808, data: " novum laudem, v"...
16.876 Data accepted; writing to file
16.876 Assembling: source: 35475, dest: 17905, seq: 2370911248, ack: 49239, window: 5808, ACK
16.876 Sent: b'\x8a\x93E\xf1\x8dQ<\x10\x00\x00\xc0WP\x10\x16\xb0\x00\x00\x00\x00'
16.879 Received: b'E\xf1\x8a\x93\x00\x00\xc0W\x8dQ<\x10P\x10\x16\xb0\x00\x00\x00\x00luptatibus, cibo'...
16.880 Disassembled: source: 17905, dest: 35475, seq: 49239, ack: 2370911248, window: 5808, ACK, data: "luptatibus, cibo"...
16.880 Error: Incorrect acknowledgement flag
17.377 Sent: b'\x8a\x93E\xf1\x8dQ<\x10\x00\x00\xc0WP\x10\x16\xb0\x00\x00\x00\x00'
17.380 Received: b'E\xf1\x8a\x93\x00\x00\xc0W\x8dQ<\x10P\x00\x16\xb0\x00\x00\x00\x00luptatibus, cibo'...
17.380 Disassembled: source: 17905, dest: 35475, seq: 49239, ack: 2370911248, window: 5808, data: "luptatibus, cibo"...
17.380 Data accepted; writing to file
17.381 Assembling: source: 35475, dest: 17905, seq: 2370911248, ack: 50687, window: 5808, ACK
17.381 Sent: b'\x8a\x93E\xf1\x8dQ<\x10\x00\x00\xc5\xffP\x10\x16\xb0\x00\x00\x00\x00'
17.384 Received: b'E\xf1\x8a\x93\x00\x00\xc5\xff\x8dQ<\x10P\x10\x16\xb0\x00\x00\x00\x00alii indoctum ma'...
17.385 Disassembled: source: 17905, dest: 35475, seq: 50687, ack: 2370911248, window: 5808, ACK, data: "alii indoctum ma"...
17.385 Error: Incorrect acknowledgement flag
17.882 Sent: b'\x8a\x93E\xf1\x8dQ<\x10\x00\x00\xc5\xffP\x10\x16\xb0\x00\x00\x00\x00'
17.885 Received: b'E\xf1\x8a\x93\x00\x00\xc5\xff\x8dQ<\x10P\x00\x16\xb0\x00\x00\x00\x00alii indoctum ma'...
17.885 Disassembled: source: 17905, dest: 35475, seq: 50687, ack: 2370911248, window: 5808, data: "alii indoctum ma"...
17.886 Data accepted; writing to file
17.886 Assembling: source: 35475, dest: 17905, seq: 2370911248, ack: 52135, window: 5808, ACK
17.886 Sent: b'\x8a\x93E\xf1\x8dQ<\x10\x00\x00\xcb\xa7P\x10\x16\xb0\x00\x00\x00\x00'
17.889 Received: b'E\xf1\x8a\x93\x00\x00\xcb\xa7\x8dQ<\x10P\x10\x16\xb0\x00\x00\x00\x00im, his facete c'...
17.890 Disassembled: source: 17905, dest: 35475, seq: 52135, ack: 2370911248, window: 5808, ACK, data: "im, his facete c"...
17.890 Error: Incorrect acknowledgement flag
18.387 Sent: b'\x8a\x93E\xf1\x8dQ<\x10\x00\x00\xcb\xa7P\x10\x16\xb0\x00\x00\x00\x00'
18.390 Received: b'E\xf1\x8a\x93\x00\x00\xcb\xa7\x8dQ<\x10P\x00\x16\xb0\x00\x00\x00\x00im, his facete c'...
18.390 Disassembled: source: 17905, dest: 35475, seq: 52135, ack: 2370911248, window: 5808, data: "im, his facete c"...
18.391 Data accepted; writing to file
18.391 Assembling: source: 35475, dest: 17905, seq: 2370911248, ack: 53583, window: 5808, ACK
18.391 Sent: b'\x8a\x93E\xf1\x8dQ<\x10\x00\x00\xd1OP\x10\x16\xb0\x00\x00\x00\x00'
18.394 Received: b'E\xf1\x8a\x93\x00\x00\xd1O\x8dQ<\x10P\x10\x16\xb0\x00\x00\x00\x00e alia dolor com'...
18.395 Disassembled: source: 17905, dest: 35475, seq: 53583, ack: 2370911248, window: 5808, ACK, data: "e alia dolor com"...
18.395 Error: Incorrect acknowledgement flag
18.892 Sent: b'\x8a\x93E\xf1\x8dQ<\x10\x00\x00\xd1OP\x10\x16\xb0\x00\x00\x00\x00'
18.895 Received: b'E\xf1\x8a\x93\x00\x00\xd1O\x8dQ<\x10P\x00\x16\xb0\x00\x00\x00\x00e alia dolor com'...
18.896 Disassembled: source: 17905, dest: 35475, seq: 53583, ack: 2370911248, window: 5808, data: "e alia dolor com"...
18.896 Data accepted; writing to file
18.896 Assembling: source: 35475, dest: 17905, seq: 2370911248, ack: 55031, window: 5808, ACK
18.896 Sent: b'\x8a\x93E\xf1\x8dQ<\x10\x00\x00\xd6\xf7P\x10\x16\xb0\x00\x00\x00\x00'
18.900 Received: b'E\xf1\x8a\x93\x00\x00\xd6\xf7\x8dQ<\x10P\x10\x16\xb0\x00\x00\x00\x00it ea, reque tem'...
18.900 Disassembled: source: 17905, dest: 35475, seq: 55031, ack: 2370911248, window: 5808, ACK, data: "it ea, reque tem"...
18.900 Error: Incorrect acknowledgement flag
19.397 Sent: b'\x8a\x93E\xf1\x8dQ<\x10\x00\x00\xd6\xf7P\x10\x16\xb0\x00\x00\x00\x00'
19.400 Received: b'E\xf1\x8a\x93\x00\x00\xd6\xf7\x8dQ<\x10P\x00\x16\xb0\x00\x00\x00\x00it ea, reque tem'...
19.401 Disassembled: source: 17905, dest: 35475, seq: 55031, ack: 2370911248, window: 5808, data: "it ea, reque tem"...
19.401 Data accepted; writing to file
19.401 Assembling: source: 35475, dest: 17905, seq: 2370911248, ack: 56479, window: 5808, ACK
19.402 Sent: b'\x8a\x93E\xf1\x8dQ<\x10\x00\x00\xdc\x9fP\x10\x16\xb0\x00\x00\x00\x00'
19.405 Received: b'E\xf1\x8a\x93\x00\x00\xdc\x9f\x8dQ<\x10P\x10\x16\xb0\x00\x00\x00\x00alisque.\n\nEquide'...
19.405 Disassembled: source: 17905, dest: 35475, seq: 56479, ack: 2370911248, window: 5808, ACK, data: "alisque.

Equide"...
19.405 Error: Incorrect acknowledgement flag
19.902 Sent: b'\x8a\x93E\xf1\x8dQ<\x10\x00\x00\xdc\x9fP\x10\x16\xb0\x00\x00\x00\x00'
19.905 Received: b'E\xf1\x8a\x93\x00\x00\xdc\x9f\x8dQ<\x10P\x00\x16\xb0\x00\x00\x00\x00alisque.\n\nEquide'...
19.906 Disassembled: source: 17905, dest: 35475, seq: 56479, ack: 2370911248, window: 5808, data: "alisque.

Equide"...
19.906 Data accepted; writing to file
19.906 Assembling: source: 35475, dest: 17905, seq: 2370911248, ack: 57927, window: 5808, ACK
19.907 Sent: b'\x8a\x93E\xf1\x8dQ<\x10\x00\x00\xe2GP\x10\x16\xb0\x00\x00\x00\x00'
19.910 Received: b'E\xf1\x8a\x93\x00\x00\xe2G\x8dQ<\x10P\x10\x16\xb0\x00\x00\x00\x00finitiones, affe'...
19.910 Disassembled: source: 17905, dest: 35475, seq: 57927, ack: 2370911248, window: 5808, ACK, data: "finitiones, affe"...
19.910 Error: Incorrect acknowledgement flag
20.407 Sent: b'\x8a\x93E\xf1\x8dQ<\x10\x00\x00\xe2GP\x10\x16\xb0\x00\x00\x00\x00'
20.410 Received: b'E\xf1\x8a\x93\x00\x00\xe2G\x8dQ<\x10P\x00\x16\xb0\x00\x00\x00\x00finitiones, affe'...
20.411 Disassembled: source: 17905, dest: 35475, seq: 57927, ack: 2370911248, window: 5808, data: "finitiones, affe"...
20.411 Data accepted; writing to file
20.411 Assembling: source: 35475, dest: 17905, seq: 2370911248, ack: 59375, window: 5808, ACK
20.412 Sent: b'\x8a\x93E\xf1\x8dQ<\x10\x00\x00\xe7\xefP\x10\x16\xb0\x00\x00\x00\x00'
20.415 Received: b'E\xf1\x8a\x93\x00\x00\xe7\xef\x8dQ<\x10P\x10\x16\xb0\x00\x00\x00\x00his duis graeco '...
20.415 Disassembled: source: 17905, dest: 35475, seq: 59375, ack: 2370911248, window: 5808, ACK, data: "his duis graeco "...
20.416 Error: Incorrect acknowledgement flag
20.912 Sent: b'\x8a\x93E\xf1\x8dQ<\x10\x00\x00\xe7\xefP\x10\x16\xb0\x00\x00\x00\x00'
20.916 Received: b'E\xf1\x8a\x93\x00\x00\xe7\xef\x8dQ<\x10P\x00\x16\xb0\x00\x00\x00\x00his duis graeco '...
20.916 Disassembled: source: 17905, dest: 35475, seq: 59375, ack: 2370911248, window: 5808, data: "his duis graeco "...
20.916 Data accepted; writing to file
20.916 Assembling: source: 35475, dest: 17905, seq: 2370911248, ack: 60823, window: 5808, ACK
20.917 Sent: b'\x8a\x93E\xf1\x8dQ<\x10\x00\x00\xed\x97P\x10\x16\xb0\x00\x00\x00\x00'
20.920 Received: b'E\xf1\x8a\x93\x00\x00\xed\x97\x8dQ<\x10P\x10\x16\xb0\x00\x00\x00\x00am. Alia possit '...
20.920 Disassembled: source: 17905, dest: 35475, seq: 60823, ack: 2370911248, window: 5808, ACK, data: "am. Alia possit "...
20.921 Error: Incorrect acknowledgement flag
21.417 Sent: b'\x8a\x93E\xf1\x8dQ<\x10\x00\x00\xed\x97P\x10\x16\xb0\x00\x00\x00\x00'
21.421 Received: b'E\xf1\x8a\x93\x00\x00\xed\x97\x8dQ<\x10P\x00\x16\xb0\x00\x00\x00\x00am. Alia possit '...
21.421 Disassembled: source: 17905, dest: 35475, seq: 60823, ack: 2370911248, window: 5808, data: "am. Alia possit "...
21.421 Data accepted; writing to file
21.422 Assembling: source: 35475, dest: 17905, seq: 2370911248, ack: 62271, window: 5808, ACK
21.422 Sent: b'\x8a\x93E\xf1\x8dQ<\x10\x00\x00\xf3?P\x10\x16\xb0\x00\x00\x00\x00'
21.425 Received: b'E\xf1\x8a\x93\x00\x00\xf3?\x8dQ<\x10P\x10\x16\xb0\x00\x00\x00\x00cum an. Mei faci'...
21.426 Disassembled: source: 17905, dest: 35475, seq: 62271, ack: 2370911248, window: 5808, ACK, data: "cum an. Mei faci"...
21.426 Error: Incorrect acknowledgement flag
21.922 Sent: b'\x8a\x93E\xf1\x8dQ<\x10\x00\x00\xf3?P\x10\x16\xb0\x00\x00\x00\x00'
21.926 Received: b'E\xf1\x8a\x93\x00\x00\xf3?\x8dQ<\x10P\x00\x16\xb0\x00\x00\x00\x00cum an. Mei faci'...
21.926 Disassembled: source: 17905, dest: 35475, seq: 62271, ack: 2370911248, window: 5808, data: "cum an. Mei faci"...
21.927 Data accepted; writing to file
21.927 Assembling: source: 35475, dest: 17905, seq: 2370911248, ack: 63719, window: 5808, ACK
21.927 Sent: b'\x8a\x93E\xf1\x8dQ<\x10\x00\x00\xf8\xe7P\x10\x16\xb0\x00\x00\x00\x00'
21.930 Received: b'E\xf1\x8a\x93\x00\x00\xf8\xe7\x8dQ<\x10P\x10\x16\xb0\x00\x00\x00\x00 vis adhuc tatio'...
21.931 Disassembled: source: 17905, dest: 35475, seq: 63719, ack: 2370911248, window: 5808, ACK, data: " vis adhuc tatio"...
21.931 Error: Incorrect acknowledgement flag
22.428 Sent: b'\x8a\x93E\xf1\x8dQ<\x10\x00\x00\xf8\xe7P\x10\x16\xb0\x00\x00\x00\x00'
22.431 Received: b'E\xf1\x8a\x93\x00\x00\xf8\xe7\x8dQ<\x10P\x00\x16\xb0\x00\x00\x00\x00 vis adhuc tatio'...
22.431 Disassembled: source: 17905, dest: 35475, seq: 63719, ack: 2370911248, window: 5808, data: " vis adhuc tatio"...
22.432 Data accepted; writing to file
22.432 Assembling: source: 35475, dest: 17905, seq: 2370911248, ack: 65167, window: 5808, ACK
22.432 Sent: b'\x8a\x93E\xf1\x8dQ<\x10\x00\x00\xfe\x8fP\x10\x16\xb0\x00\x00\x00\x00'
22.435 Received: b'E\xf1\x8a\x93\x00\x00\xfe\x8f\x8dQ<\x10P\x10\x16\xb0\x00\x00\x00\x00im eu option iuv'...
22.436 Disassembled: source: 17905, dest: 35475, seq: 65167, ack: 2370911248, window: 5808, ACK, data: "im eu option iuv"...
22.436 Error: Incorrect acknowledgement flag
22.933 Sent: b'\x8a\x93E\xf1\x8dQ<\x10\x00\x00\xfe\x8fP\x10\x16\xb0\x00\x00\x00\x00'
22.936 Received: b'E\xf1\x8a\x93\x00\x00\xfe\x8f\x8dQ<\x10P\x00\x16\xb0\x00\x00\x00\x00im eu option iuv'...
22.937 Disassembled: source: 17905, dest: 35475, seq: 65167, ack: 2370911248, window: 5808, data: "im eu option iuv"...
22.937 Data accepted; writing to file
22.937 Assembling: source: 35475, dest: 17905, seq: 2370911248, ack: 66615, window: 5808, ACK
22.937 Sent: b'\x8a\x93E\xf1\x8dQ<\x10\x00\x01\x047P\x10\x16\xb0\x00\x00\x00\x00'
22.940 Received: b'E\xf1\x8a\x93\x00\x01\x047\x8dQ<\x10P\x10\x16\xb0\x00\x00\x00\x00ex epicurei taci'...
22.941 Disassembled: source: 17905, dest: 35475, seq: 66615, ack: 2370911248, window: 5808, ACK, data: "ex epicurei taci"...
22.941 Error: Incorrect acknowledgement flag
23.438 Sent: b'\x8a\x93E\xf1\x8dQ<\x10\x00\x01\x047P\x10\x16\xb0\x00\x00\x00\x00'
23.441 Received: b'E\xf1\x8a\x93\x00\x01\x047\x8dQ<\x10P\x00\x16\xb0\x00\x00\x00\x00ex epicurei taci'...
23.442 Disassembled: source: 17905, dest: 35475, seq: 66615, ack: 2370911248, window: 5808, data: "ex epicurei taci"...
23.442 Data accepted; writing to file
23.442 Assembling: source: 35475, dest: 17905, seq: 2370911248, ack: 68063, window: 5808, ACK
23.443 Sent: b'\x8a\x93E\xf1\x8dQ<\x10\x00\x01\t\xdfP\x10\x16\xb0\x00\x00\x00\x00'
23.446 Received: b'E\xf1\x8a\x93\x00\x01\t\xdf\x8dQ<\x10P\x10\x16\xb0\x00\x00\x00\x00ebat, eu pro ero'...
23.446 Disassembled: source: 17905, dest: 35475, seq: 68063, ack: 2370911248, window: 5808, ACK, data: "ebat, eu pro ero"...
23.446 Error: Incorrect acknowledgement flag
23.943 Sent: b'\x8a\x93E\xf1\x8dQ<\x10\x00\x01\t\xdfP\x10\x16\xb0\x00\x00\x00\x00'
23.946 Received: b'E\xf1\x8a\x93\x00\x01\t\xdf\x8dQ<\x10P\x00\x16\xb0\x00\x00\x00\x00ebat, eu pro ero'...
23.947 Disassembled: source: 17905, dest: 35475, seq: 68063, ack: 2370911248, window: 5808, data: "ebat, eu pro ero"...
23.947 Data accepted; writing to file
23.947 Assembling: source: 35475, dest: 17905, seq: 2370911248, ack: 69511, window: 5808, ACK
23.948 Sent: b'\x8a\x93E\xf1\x8dQ<\x10\x00\x01\x0f\x87P\x10\x16\xb0\x00\x00\x00\x00'
23.951 Received: b'E\xf1\x8a\x93\x00\x01\x0f\x87\x8dQ<\x10P\x10\x16\xb0\x00\x00\x00\x00s. Per no sale v'...
23.951 Disassembled: source: 17905, dest: 35475, seq: 69511, ack: 2370911248, window: 5808, ACK, data: "s. Per no sale v"...
23.951 Error: Incorrect acknowledgement flag
24.448 Sent: b'\x8a\x93E\xf1\x8dQ<\x10\x00\x01\x0f\x87P\x10\x16\xb0\x00\x00\x00\x00'
24.451 Received: b'E\xf1\x8a\x93\x00\x01\x0f\x87\x8dQ<\x10P\x00\x16\xb0\x00\x00\x00\x00s. Per no sale v'...
24.452 Disassembled: source: 17905, dest: 35475, seq: 69511, ack: 2370911248, window: 5808, data: "s. Per no sale v"...
24.452 Data accepted; writing to file
24.452 Assembling: source: 35475, dest: 17905, seq: 2370911248, ack: 70959, window: 5808, ACK
24.453 Sent: b'\x8a\x93E\xf1\x8dQ<\x10\x00\x01\x15/P\x10\x16\xb0\x00\x00\x00\x00'
24.456 Received: b'E\xf1\x8a\x93\x00\x01\x15/\x8dQ<\x10P\x10\x16\xb0\x00\x00\x00\x00orrupte ea mel. '...
24.456 Disassembled: source: 17905, dest: 35475, seq: 70959, ack: 2370911248, window: 5808, ACK, data: "orrupte ea mel. "...
24.456 Error: Incorrect acknowledgement flag
24.953 Sent: b'\x8a\x93E\xf1\x8dQ<\x10\x00\x01\x15/P\x10\x16\xb0\x00\x00\x00\x00'
24.956 Received: b'E\xf1\x8a\x93\x00\x01\x15/\x8dQ<\x10P\x00\x16\xb0\x00\x00\x00\x00orrupte ea mel. '...
24.957 Disassembled: source: 17905, dest: 35475, seq: 70959, ack: 2370911248, window: 5808, data: "orrupte ea mel. "...
24.957 Data accepted; writing to file
24.957 Assembling: source: 35475, dest: 17905, seq: 2370911248, ack: 72407, window: 5808, ACK
24.958 Sent: b'\x8a\x93E\xf1\x8dQ<\x10\x00\x01\x1a\xd7P\x10\x16\xb0\x00\x00\x00\x00'
24.961 Received: b'E\xf1\x8a\x93\x00\x01\x1a\xd7\x8dQ<\x10P\x10\x16\xb0\x00\x00\x00\x00. Est iracundia '...
24.961 Disassembled: source: 17905, dest: 35475, seq: 72407, ack: 2370911248, window: 5808, ACK, data: ". Est iracundia "...
24.962 Error: Incorrect acknowledgement flag
25.458 Sent: b'\x8a\x93E\xf1\x8dQ<\x10\x00\x01\x1a\xd7P\x10\x16\xb0\x00\x00\x00\x00'
25.462 Received: b'E\xf1\x8a\x93\x00\x01\x1a\xd7\x8dQ<\x10P\x00\x16\xb0\x00\x00\x00\x00. Est iracundia '...
25.462 Disassembled: source: 17905, dest: 35475, seq: 72407, ack: 2370911248, window: 5808, data: ". Est iracundia "...
25.462 Data accepted; writing to file
25.462 Assembling: source: 35475, dest: 17905, seq: 2370911248, ack: 73855, window: 5808, ACK
25.463 Sent: b'\x8a\x93E\xf1\x8dQ<\x10\x00\x01 \x7fP\x10\x16\xb0\x00\x00\x00\x00'
25.466 Received: b'E\xf1\x8a\x93\x00\x01 \x7f\x8dQ<\x10P\x10\x16\xb0\x00\x00\x00\x00pta probatus scr'...
25.467 Disassembled: source: 17905, dest: 35475, seq: 73855, ack: 2370911248, window: 5808, ACK, data: "pta probatus scr"...
25.467 Error: Incorrect acknowledgement flag
25.963 Sent: b'\x8a\x93E\xf1\x8dQ<\x10\x00\x01 \x7fP\x10\x16\xb0\x00\x00\x00\x00'
25.967 Received: b'E\xf1\x8a\x93\x00\x01 \x7f\x8dQ<\x10P\x00\x16\xb0\x00\x00\x00\x00pta probatus scr'...
25.967 Disassembled: source: 17905, dest: 35475, seq: 73855, ack: 2370911248, window: 5808, data: "pta probatus scr"...
25.967 Data accepted; writing to file
25.967 Assembling: source: 35475, dest: 17905, seq: 2370911248, ack: 75303, window: 5808, ACK
25.968 Sent: b"\x8a\x93E\xf1\x8dQ<\x10\x00\x01&'P\x10\x16\xb0\x00\x00\x00\x00"
25.971 Received: b"E\xf1\x8a\x93\x00\x01&'\x8dQ<\x10P\x10\x16\xb0\x00\x00\x00\x00entur ei, pro ei"...
25.971 Disassembled: source: 17905, dest: 35475, seq: 75303, ack: 2370911248, window: 5808, ACK, data: "entur ei, pro ei"...
25.972 Error: Incorrect acknowledgement flag
26.468 Sent: b"\x8a\x93E\xf1\x8dQ<\x10\x00\x01&'P\x10\x16\xb0\x00\x00\x00\x00"
26.472 Received: b"E\xf1\x8a\x93\x00\x01&'\x8dQ<\x10P\x00\x16\xb0\x00\x00\x00\x00entur ei, pro ei"...
26.472 Disassembled: source: 17905, dest: 35475, seq: 75303, ack: 2370911248, window: 5808, data: "entur ei, pro ei"...
26.472 Data accepted; writing to file
26.473 Assembling: source: 35475, dest: 17905, seq: 2370911248, ack: 76751, window: 5808, ACK
26.473 Sent: b'\x8a\x93E\xf1\x8dQ<\x10\x00\x01+\xcfP\x10\x16\xb0\x00\x00\x00\x00'
26.476 Received: b'E\xf1\x8a\x93\x00\x01+\xcf\x8dQ<\x10P\x10\x16\xb0\x00\x00\x00\x00simul euismod vi'...
26.477 Disassembled: source: 17905, dest: 35475, seq: 76751, ack: 2370911248, window: 5808, ACK, data: "simul euismod vi"...
26.477 Error: Incorrect acknowledgement flag
26.974 Sent: b'\x8a\x93E\xf1\x8dQ<\x10\x00\x01+\xcfP\x10\x16\xb0\x00\x00\x00\x00'
26.977 Received: b'E\xf1\x8a\x93\x00\x01+\xcf\x8dQ<\x10P\x00\x16\xb0\x00\x00\x00\x00simul euismod vi'...
26.977 Disassembled: source: 17905, dest: 35475, seq: 76751, ack: 2370911248, window: 5808, data: "simul euismod vi"...
26.978 Data accepted; writing to file
26.978 Assembling: source: 35475, dest: 17905, seq: 2370911248, ack: 78199, window: 5808, ACK
26.978 Sent: b'\x8a\x93E\xf1\x8dQ<\x10\x00\x011wP\x10\x16\xb0\x00\x00\x00\x00'
26.981 Received: b'E\xf1\x8a\x93\x00\x011w\x8dQ<\x10P\x10\x16\xb0\x00\x00\x00\x00, eam id iudico '...
26.982 Disassembled: source: 17905, dest: 35475, seq: 78199, ack: 2370911248, window: 5808, ACK, data: ", eam id iudico "...
26.982 Error: Incorrect acknowledgement flag
27.479 Sent: b'\x8a\x93E\xf1\x8dQ<\x10\x00\x011wP\x10\x16\xb0\x00\x00\x00\x00'
27.482 Received: b'E\xf1\x8a\x93\x00\x011w\x8dQ<\x10P\x00\x16\xb0\x00\x00\x00\x00, eam id iudico '...
27.482 Disassembled: source: 17905, dest: 35475, seq: 78199, ack: 2370911248, window: 5808, data: ", eam id iudico "...
27.483 Data accepted; writing to file
27.483 Assembling: source: 35475, dest: 17905, seq: 2370911248, ack: 79647, window: 5808, ACK
27.483 Sent: b'\x8a\x93E\xf1\x8dQ<\x10\x00\x017\x1fP\x10\x16\xb0\x00\x00\x00\x00'
27.486 Received: b'E\xf1\x8a\x93\x00\x017\x1f\x8dQ<\x10P\x10\x16\xb0\x00\x00\x00\x00m vix. Ea est mu'...
27.487 Disassembled: source: 17905, dest: 35475, seq: 79647, ack: 2370911248, window: 5808, ACK, data: "m vix. Ea est mu"...
27.487 Error: Incorrect acknowledgement flag
27.984 Sent: b'\x8a\x93E\xf1\x8dQ<\x10\x00\x017\x1fP\x10\x16\xb0\x00\x00\x00\x00'
27.987 Received: b'E\xf1\x8a\x93\x00\x017\x1f\x8dQ<\x10P\x00\x16\xb0\x00\x00\x00\x00m vix. Ea est mu'...
27.987 Disassembled: source: 17905, dest: 35475, seq: 79647, ack: 2370911248, window: 5808, data: "m vix. Ea est mu"...
27.988 Data accepted; writing to file
27.988 Assembling: source: 35475, dest: 17905, seq: 2370911248, ack: 81095, window: 5808, ACK
27.988 Sent: b'\x8a\x93E\xf1\x8dQ<\x10\x00\x01<\xc7P\x10\x16\xb0\x00\x00\x00\x00'
27.991 Received: b'E\xf1\x8a\x93\x00\x01<\xc7\x8dQ<\x10P\x10\x16\xb0\x00\x00\x00\x00olor sit amet, e'...
27.992 Disassembled: source: 17905, dest: 35475, seq: 81095, ack: 2370911248, window: 5808, ACK, data: "olor sit amet, e"...
27.992 Error: Incorrect acknowledgement flag
28.489 Sent: b'\x8a\x93E\xf1\x8dQ<\x10\x00\x01<\xc7P\x10\x16\xb0\x00\x00\x00\x00'
28.492 Received: b'E\xf1\x8a\x93\x00\x01<\xc7\x8dQ<\x10P\x00\x16\xb0\x00\x00\x00\x00olor sit amet, e'...
28.492 Disassembled: source: 17905, dest: 35475, seq: 81095, ack: 2370911248, window: 5808, data: "olor sit amet, e"...
28.493 Data accepted; writing to file
28.493 Assembling: source: 35475, dest: 17905, seq: 2370911248, ack: 82543, window: 5808, ACK
28.493 Sent: b'\x8a\x93E\xf1\x8dQ<\x10\x00\x01BoP\x10\x16\xb0\x00\x00\x00\x00'
28.496 Received: b'E\xf1\x8a\x93\x00\x01Bo\x8dQ<\x10P\x10\x16\xb0\x00\x00\x00\x00m, aperiam iudic'...
28.497 Disassembled: source: 17905, dest: 35475, seq: 82543, ack: 2370911248, window: 5808, ACK, data: "m, aperiam iudic"...
28.497 Error: Incorrect acknowledgement flag
28.994 Sent: b'\x8a\x93E\xf1\x8dQ<\x10\x00\x01BoP\x10\x16\xb0\x00\x00\x00\x00'
28.997 Received: b'E\xf1\x8a\x93\x00\x01Bo\x8dQ<\x10P\x00\x16\xb0\x00\x00\x00\x00m, aperiam iudic'...
28.998 Disassembled: source: 17905, dest: 35475, seq: 82543, ack: 2370911248, window: 5808, data: "m, aperiam iudic"...
28.998 Data accepted; writing to file
28.998 Assembling: source: 35475, dest: 17905, seq: 2370911248, ack: 83991, window: 5808, ACK
28.999 Sent: b'\x8a\x93E\xf1\x8dQ<\x10\x00\x01H\x17P\x10\x16\xb0\x00\x00\x00\x00'
29.002 Received: b'E\xf1\x8a\x93\x00\x01H\x17\x8dQ<\x10P\x10\x16\xb0\x00\x00\x00\x00re sea. No eos d'...
29.002 Disassembled: source: 17905, dest: 35475, seq: 83991, ack: 2370911248, window: 5808, ACK, data: "re sea. No eos d"...
29.002 Error: Incorrect acknowledgement flag
29.499 Sent: b'\x8a\x93E\xf1\x8dQ<\x10\x00\x01H\x17P\x10\x16\xb0\x00\x00\x00\x00'
29.502 Received: b'E\xf1\x8a\x93\x00\x01H\x17\x8dQ<\x10P\x00\x16\xb0\x00\x00\x00\x00re sea. No eos d'...
29.503 Disassembled: source: 17905, dest: 35475, seq: 83991, ack: 2370911248, window: 5808, data: "re sea. No eos d"...
29.503 Data accepted; writing to file
29.503 Assembling: source: 35475, dest: 17905, seq: 2370911248, ack: 85439, window: 5808, ACK
29.504 Sent: b'\x8a\x93E\xf1\x8dQ<\x10\x00\x01M\xbfP\x10\x16\xb0\x00\x00\x00\x00'
29.507 Received: b'E\xf1\x8a\x93\x00\x01M\xbf\x8dQ<\x10P\x10\x16\xb0\x00\x00\x00\x00t scripta philos'...
29.507 Disassembled: source: 17905, dest: 35475, seq: 85439, ack: 2370911248, window: 5808, ACK, data: "t scripta philos"...
29.507 Error: Incorrect acknowledgement flag
30.004 Sent: b'\x8a\x93E\xf1\x8dQ<\x10\x00\x01M\xbfP\x10\x16\xb0\x00\x00\x00\x00'
30.007 Received: b'E\xf1\x8a\x93\x00\x01M\xbf\x8dQ<\x10P\x00\x16\xb0\x00\x00\x00\x00t scripta philos'...
30.008 Disassembled: source: 17905, dest: 35475, seq: 85439, ack: 2370911248, window: 5808, data: "t scripta philos"...
30.008 Data accepted; writing to file
30.008 Assembling: source: 35475, dest: 17905, seq: 2370911248, ack: 86887, window: 5808, ACK
30.009 Sent: b'\x8a\x93E\xf1\x8dQ<\x10\x00\x01SgP\x10\x16\xb0\x00\x00\x00\x00'
30.012 Received: b'E\xf1\x8a\x93\x00\x01Sg\x8dQ<\x10P\x10\x16\xb0\x00\x00\x00\x00tos sadipscing e'...
30.012 Disassembled: source: 17905, dest: 35475, seq: 86887, ack: 2370911248, window: 5808, ACK, data: "tos sadipscing e"...
30.013 Error: Incorrect acknowledgement flag
30.509 Sent: b'\x8a\x93E\xf1\x8dQ<\x10\x00\x01SgP\x10\x16\xb0\x00\x00\x00\x00'
30.512 Received: b'E\xf1\x8a\x93\x00\x01Sg\x8dQ<\x10P\x00\x16\xb0\x00\x00\x00\x00tos sadipscing e'...
30.513 Disassembled: source: 17905, dest: 35475, seq: 86887, ack: 2370911248, window: 5808, data: "tos sadipscing e"...
30.513 Data accepted; writing to file
30.513 Assembling: source: 35475, dest: 17905, seq: 2370911248, ack: 88335, window: 5808, ACK
30.514 Sent: b'\x8a\x93E\xf1\x8dQ<\x10\x00\x01Y\x0fP\x10\x16\xb0\x00\x00\x00\x00'
30.517 Received: b'E\xf1\x8a\x93\x00\x01Y\x0f\x8dQ<\x10P\x10\x16\xb0\x00\x00\x00\x00sapientem ea, ad'...
30.518 Disassembled: source: 17905, dest: 35475, seq: 88335, ack: 2370911248, window: 5808, ACK, data: "sapientem ea, ad"...
30.518 Error: Incorrect acknowledgement flag
31.014 Sent: b'\x8a\x93E\xf1\x8dQ<\x10\x00\x01Y\x0fP\x10\x16\xb0\x00\x00\x00\x00'
31.018 Received: b'E\xf1\x8a\x93\x00\x01Y\x0f\x8dQ<\x10P\x00\x16\xb0\x00\x00\x00\x00sapientem ea, ad'...
31.018 Disassembled: source: 17905, dest: 35475, seq: 88335, ack: 2370911248, window: 5808, data: "sapientem ea, ad"...
31.018 Data accepted; writing to file
31.019 Assembling: source: 35475, dest: 17905, seq: 2370911248, ack: 89783, window: 5808, ACK
31.019 Sent: b'\x8a\x93E\xf1\x8dQ<\x10\x00\x01^\xb7P\x10\x16\xb0\x00\x00\x00\x00'
31.022 Received: b'E\xf1\x8a\x93\x00\x01^\xb7\x8dQ<\x10P\x10\x16\xb0\x00\x00\x00\x00g, ei invenire p'...
31.023 Disassembled: source: 17905, dest: 35475, seq: 89783, ack: 2370911248, window: 5808, ACK, data: "g, ei invenire p"...
31.023 Error: Incorrect acknowledgement flag
31.520 Sent: b'\x8a\x93E\xf1\x8dQ<\x10\x00\x01^\xb7P\x10\x16\xb0\x00\x00\x00\x00'
31.523 Received: b'E\xf1\x8a\x93\x00\x01^\xb7\x8dQ<\x10P\x00\x16\xb0\x00\x00\x00\x00g, ei invenire p'...
31.524 Disassembled: source: 17905, dest: 35475, seq: 89783, ack: 2370911248, window: 5808, data: "g, ei invenire p"...
31.524 Data accepted; writing to file
31.524 Assembling: source: 35475, dest: 17905, seq: 2370911248, ack: 91231, window: 5808, ACK
31.525 Sent: b'\x8a\x93E\xf1\x8dQ<\x10\x00\x01d_P\x10\x16\xb0\x00\x00\x00\x00'
31.528 Received: b'E\xf1\x8a\x93\x00\x01d_\x8dQ<\x10P\x10\x16\xb0\x00\x00\x00\x00endo at. Qui id '...
31.528 Disassembled: source: 17905, dest: 35475, seq: 91231, ack: 2370911248, window: 5808, ACK, data: "endo at. Qui id "...
31.529 Error: Incorrect acknowledgement flag
32.025 Sent: b'\x8a\x93E\xf1\x8dQ<\x10\x00\x01d_P\x10\x16\xb0\x00\x00\x00\x00'
32.028 Received: b'E\xf1\x8a\x93\x00\x01d_\x8dQ<\x10P\x00\x16\xb0\x00\x00\x00\x00endo at. Qui id '...
32.029 Disassembled: source: 17905, dest: 35475, seq: 91231, ack: 2370911248, window: 5808, data: "endo at. Qui id "...
32.029 Data accepted; writing to file
32.029 Assembling: source: 35475, dest: 17905, seq: 2370911248, ack: 92679, window: 5808, ACK
32.030 Sent: b'\x8a\x93E\xf1\x8dQ<\x10\x00\x01j\x07P\x10\x16\xb0\x00\x00\x00\x00'
32.033 Received: b'E\xf1\x8a\x93\x00\x01j\x07\x8dQ<\x10P\x10\x16\xb0\x00\x00\x00\x00ota nostrum et p'...
32.033 Disassembled: source: 17905, dest: 35475, seq: 92679, ack: 2370911248, window: 5808, ACK, data: "ota nostrum et p"...
32.033 Error: Incorrect acknowledgement flag
32.530 Sent: b'\x8a\x93E\xf1\x8dQ<\x10\x00\x01j\x07P\x10\x16\xb0\x00\x00\x00\x00'
32.533 Received: b'E\xf1\x8a\x93\x00\x01j\x07\x8dQ<\x10P\x00\x16\xb0\x00\x00\x00\x00ota nostrum et p'...
32.534 Disassembled: source: 17905, dest: 35475, seq: 92679, ack: 2370911248, window: 5808, data: "ota nostrum et p"...
32.534 Data accepted; writing to file
32.534 Assembling: source: 35475, dest: 17905, seq: 2370911248, ack: 94127, window: 5808, ACK
32.535 Sent: b'\x8a\x93E\xf1\x8dQ<\x10\x00\x01o\xafP\x10\x16\xb0\x00\x00\x00\x00'
32.538 Received: b'E\xf1\x8a\x93\x00\x01o\xaf\x8dQ<\x10P\x10\x16\xb0\x00\x00\x00\x00deseruisse id. P'...
32.538 Disassembled: source: 17905, dest: 35475, seq: 94127, ack: 2370911248, window: 5808, ACK, data: "deseruisse id. P"...
32.539 Error: Incorrect acknowledgement flag
33.035 Sent: b'\x8a\x93E\xf1\x8dQ<\x10\x00\x01o\xafP\x10\x16\xb0\x00\x00\x00\x00'
33.038 Received: b'E\xf1\x8a\x93\x00\x01o\xaf\x8dQ<\x10P\x00\x16\xb0\x00\x00\x00\x00deseruisse id. P'...
33.039 Disassembled: source: 17905, dest: 35475, seq: 94127, ack: 2370911248, window: 5808, data: "deseruisse id. P"...
33.039 Data accepted; writing to file
33.039 Assembling: source: 35475, dest: 17905, seq: 2370911248, ack: 95575, window: 5808, ACK
33.040 Sent: b'\x8a\x93E\xf1\x8dQ<\x10\x00\x01uWP\x10\x16\xb0\x00\x00\x00\x00'
33.043 Received: b'E\xf1\x8a\x93\x00\x01uW\x8dQ<\x10P\x10\x16\xb0\x00\x00\x00\x00odo munere imper'...
33.043 Disassembled: source: 17905, dest: 35475, seq: 95575, ack: 2370911248, window: 5808, ACK, data: "odo munere imper"...
33.044 Error: Incorrect acknowledgement flag
33.540 Sent: b'\x8a\x93E\xf1\x8dQ<\x10\x00\x01uWP\x10\x16\xb0\x00\x00\x00\x00'
33.544 Received: b'E\xf1\x8a\x93\x00\x01uW\x8dQ<\x10P\x00\x16\xb0\x00\x00\x00\x00odo munere imper'...
33.544 Disassembled: source: 17905, dest: 35475, seq: 95575, ack: 2370911248, window: 5808, data: "odo munere imper"...
33.544 Data accepted; writing to file
33.544 Assembling: source: 35475, dest: 17905, seq: 2370911248, ack: 97023, window: 5808, ACK
33.545 Sent: b'\x8a\x93E\xf1\x8dQ<\x10\x00\x01z\xffP\x10\x16\xb0\x00\x00\x00\x00'
33.548 Received: b'E\xf1\x8a\x93\x00\x01z\xff\x8dQ<\x10P\x10\x16\xb0\x00\x00\x00\x00cimates cum, tib'...
33.549 Disassembled: source: 17905, dest: 35475, seq: 97023, ack: 2370911248, window: 5808, ACK, data: "cimates cum, tib"...
33.549 Error: Incorrect acknowledgement flag
34.045 Sent: b'\x8a\x93E\xf1\x8dQ<\x10\x00\x01z\xffP\x10\x16\xb0\x00\x00\x00\x00'
34.048 Received: b'E\xf1\x8a\x93\x00\x01z\xff\x8dQ<\x10P\x00\x16\xb0\x00\x00\x00\x00cimates cum, tib'...
34.049 Disassembled: source: 17905, dest: 35475, seq: 97023, ack: 2370911248, window: 5808, data: "cimates cum, tib"...
34.049 Data accepted; writing to file
34.049 Assembling: source: 35475, dest: 17905, seq: 2370911248, ack: 98471, window: 5808, ACK
34.050 Sent: b'\x8a\x93E\xf1\x8dQ<\x10\x00\x01\x80\xa7P\x10\x16\xb0\x00\x00\x00\x00'
34.053 Received: b'E\xf1\x8a\x93\x00\x01\x80\xa7\x8dQ<\x10P\x10\x16\xb0\x00\x00\x00\x00tiopam molestiae'...
34.053 Disassembled: source: 17905, dest: 35475, seq: 98471, ack: 2370911248, window: 5808, ACK, data: "tiopam molestiae"...
34.054 Error: Incorrect acknowledgement flag
34.550 Sent: b'\x8a\x93E\xf1\x8dQ<\x10\x00\x01\x80\xa7P\x10\x16\xb0\x00\x00\x00\x00'
34.554 Received: b'E\xf1\x8a\x93\x00\x01\x80\xa7\x8dQ<\x10P\x00\x16\xb0\x00\x00\x00\x00tiopam molestiae'...
34.554 Disassembled: source: 17905, dest: 35475, seq: 98471, ack: 2370911248, window: 5808, data: "tiopam molestiae"...
34.554 Data accepted; writing to file
34.554 Assembling: source: 35475, dest: 17905, seq: 2370911248, ack: 99919, window: 5808, ACK
34.555 Sent: b'\x8a\x93E\xf1\x8dQ<\x10\x00\x01\x86OP\x10\x16\xb0\x00\x00\x00\x00'
34.558 Received: b'E\xf1\x8a\x93\x00\x01\x86O\x8dQ<\x10P\x10\x16\xb0\x00\x00\x00\x00possim qui no, v'...
34.559 Disassembled: source: 17905, dest: 35475, seq: 99919, ack: 2370911248, window: 5808, ACK, data: "possim qui no, v"...
34.559 Error: Incorrect acknowledgement flag
35.055 Sent: b'\x8a\x93E\xf1\x8dQ<\x10\x00\x01\x86OP\x10\x16\xb0\x00\x00\x00\x00'
35.059 Received: b'E\xf1\x8a\x93\x00\x01\x86O\x8dQ<\x10P\x00\x16\xb0\x00\x00\x00\x00possim qui no, v'...
35.059 Disassembled: source: 17905, dest: 35475, seq: 99919, ack: 2370911248, window: 5808, data: "possim qui no, v"...
35.059 Data accepted; writing to file
35.059 Assembling: source: 35475, dest: 17905, seq: 2370911248, ack: 101367, window: 5808, ACK
35.060 Sent: b'\x8a\x93E\xf1\x8dQ<\x10\x00\x01\x8b\xf7P\x10\x16\xb0\x00\x00\x00\x00'
35.063 Received: b'E\xf1\x8a\x93\x00\x01\x8b\xf7\x8dQ<\x10P\x10\x16\xb0\x00\x00\x00\x00 ex utinam parti'...
35.064 Disassembled: source: 17905, dest: 35475, seq: 101367, ack: 2370911248, window: 5808, ACK, data: " ex utinam parti"...
35.064 Error: Incorrect acknowledgement flag
35.560 Sent: b'\x8a\x93E\xf1\x8dQ<\x10\x00\x01\x8b\xf7P\x10\x16\xb0\x00\x00\x00\x00'
35.563 Received: b'E\xf1\x8a\x93\x00\x01\x8b\xf7\x8dQ<\x10P\x00\x16\xb0\x00\x00\x00\x00 ex utinam parti'...
35.564 Disassembled: source: 17905, dest: 35475, seq: 101367, ack: 2370911248, window: 5808, data: " ex utinam parti"...
35.564 Data accepted; writing to file
35.564 Assembling: source: 35475, dest: 17905, seq: 2370911248, ack: 102815, window: 5808, ACK
35.565 Sent: b'\x8a\x93E\xf1\x8dQ<\x10\x00\x01\x91\x9fP\x10\x16\xb0\x00\x00\x00\x00'
35.568 Received: b'E\xf1\x8a\x93\x00\x01\x91\x9f\x8dQ<\x10P\x10\x16\xb0\x00\x00\x00\x00icus in his. Pri'...
35.568 Disassembled: source: 17905, dest: 35475, seq: 102815, ack: 2370911248, window: 5808, ACK, data: "icus in his. Pri"...
35.569 Error: Incorrect acknowledgement flag
36.065 Sent: b'\x8a\x93E\xf1\x8dQ<\x10\x00\x01\x91\x9fP\x10\x16\xb0\x00\x00\x00\x00'
36.068 Received: b'E\xf1\x8a\x93\x00\x01\x91\x9f\x8dQ<\x10P\x00\x16\xb0\x00\x00\x00\x00icus in his. Pri'...
36.069 Disassembled: source: 17905, dest: 35475, seq: 102815, ack: 2370911248, window: 5808, data: "icus in his. Pri"...
36.069 Data accepted; writing to file
36.069 Assembling: source: 35475, dest: 17905, seq: 2370911248, ack: 104263, window: 5808, ACK
36.070 Sent: b'\x8a\x93E\xf1\x8dQ<\x10\x00\x01\x97GP\x10\x16\xb0\x00\x00\x00\x00'
36.073 Received: b'E\xf1\x8a\x93\x00\x01\x97G\x8dQ<\x10P\x10\x16\xb0\x00\x00\x00\x00iis et.\n\nIus cu '...
36.073 Disassembled: source: 17905, dest: 35475, seq: 104263, ack: 2370911248, window: 5808, ACK, data: "iis et.

Ius cu "...
36.073 Error: Incorrect acknowledgement flag
36.570 Sent: b'\x8a\x93E\xf1\x8dQ<\x10\x00\x01\x97GP\x10\x16\xb0\x00\x00\x00\x00'
36.573 Received: b'E\xf1\x8a\x93\x00\x01\x97G\x8dQ<\x10P\x00\x16\xb0\x00\x00\x00\x00iis et.\n\nIus cu '...
36.574 Disassembled: source: 17905, dest: 35475, seq: 104263, ack: 2370911248, window: 5808, data: "iis et.

Ius cu "...
36.574 Data accepted; writing to file
36.574 Assembling: source: 35475, dest: 17905, seq: 2370911248, ack: 105711, window: 5808, ACK
36.575 Sent: b'\x8a\x93E\xf1\x8dQ<\x10\x00\x01\x9c\xefP\x10\x16\xb0\x00\x00\x00\x00'
36.578 Received: b'E\xf1\x8a\x93\x00\x01\x9c\xef\x8dQ<\x10P\x10\x16\xb0\x00\x00\x00\x00e interesset.\n\nT'...
36.578 Disassembled: source: 17905, dest: 35475, seq: 105711, ack: 2370911248, window: 5808, ACK, data: "e interesset.

T"...
36.578 Error: Incorrect acknowledgement flag
37.075 Sent: b'\x8a\x93E\xf1\x8dQ<\x10\x00\x01\x9c\xefP\x10\x16\xb0\x00\x00\x00\x00'
37.078 Received: b'E\xf1\x8a\x93\x00\x01\x9c\xef\x8dQ<\x10P\x00\x16\xb0\x00\x00\x00\x00e interesset.\n\nT'...
37.079 Disassembled: source: 17905, dest: 35475, seq: 105711, ack: 2370911248, window: 5808, data: "e interesset.

T"...
37.079 Data accepted; writing to file
37.079 Assembling: source: 35475, dest: 17905, seq: 2370911248, ack: 107159, window: 5808, ACK
37.079 Sent: b'\x8a\x93E\xf1\x8dQ<\x10\x00\x01\xa2\x97P\x10\x16\xb0\x00\x00\x00\x00'
37.082 Received: b'E\xf1\x8a\x93\x00\x01\xa2\x97\x8dQ<\x10P\x10\x16\xb0\x00\x00\x00\x00pro alia volutpa'...
37.083 Disassembled: source: 17905, dest: 35475, seq: 107159, ack: 2370911248, window: 5808, ACK, data: "pro alia volutpa"...
37.083 Error: Incorrect acknowledgement flag
37.580 Sent: b'\x8a\x93E\xf1\x8dQ<\x10\x00\x01\xa2\x97P\x10\x16\xb0\x00\x00\x00\x00'
37.583 Received: b'E\xf1\x8a\x93\x00\x01\xa2\x97\x8dQ<\x10P\x00\x16\xb0\x00\x00\x00\x00pro alia volutpa'...
37.583 Disassembled: source: 17905, dest: 35475, seq: 107159, ack: 2370911248, window: 5808, data: "pro alia volutpa"...
37.584 Data accepted; writing to file
37.584 Assembling: source: 35475, dest: 17905, seq: 2370911248, ack: 108607, window: 5808, ACK
37.584 Sent: b'\x8a\x93E\xf1\x8dQ<\x10\x00\x01\xa8?P\x10\x16\xb0\x00\x00\x00\x00'
37.587 Received: b'E\xf1\x8a\x93\x00\x01\xa8?\x8dQ<\x10P\x10\x16\xb0\x00\x00\x00\x00 libris equidem '...
37.588 Disassembled: source: 17905, dest: 35475, seq: 108607, ack: 2370911248, window: 5808, ACK, data: " libris equidem "...
37.588 Error: Incorrect acknowledgement flag
38.085 Sent: b'\x8a\x93E\xf1\x8dQ<\x10\x00\x01\xa8?P\x10\x16\xb0\x00\x00\x00\x00'
38.088 Received: b'E\xf1\x8a\x93\x00\x01\xa8?\x8dQ<\x10P\x00\x16\xb0\x00\x00\x00\x00 libris equidem '...
38.088 Disassembled: source: 17905, dest: 35475, seq: 108607, ack: 2370911248, window: 5808, data: " libris equidem "...
38.089 Data accepted; writing to file
38.089 Assembling: source: 35475, dest: 17905, seq: 2370911248, ack: 110055, window: 5808, ACK
38.089 Sent: b'\x8a\x93E\xf1\x8dQ<\x10\x00\x01\xad\xe7P\x10\x16\xb0\x00\x00\x00\x00'
38.092 Received: b'E\xf1\x8a\x93\x00\x01\xad\xe7\x8dQ<\x10P\x10\x16\xb0\x00\x00\x00\x00uavitate volupta'...
38.093 Disassembled: source: 17905, dest: 35475, seq: 110055, ack: 2370911248, window: 5808, ACK, data: "uavitate volupta"...
38.093 Error: Incorrect acknowledgement flag
38.590 Sent: b'\x8a\x93E\xf1\x8dQ<\x10\x00\x01\xad\xe7P\x10\x16\xb0\x00\x00\x00\x00'
38.593 Received: b'E\xf1\x8a\x93\x00\x01\xad\xe7\x8dQ<\x10P\x00\x16\xb0\x00\x00\x00\x00uavitate volupta'...
38.593 Disassembled: source: 17905, dest: 35475, seq: 110055, ack: 2370911248, window: 5808, data: "uavitate volupta"...
38.593 Data accepted; writing to file
38.594 Assembling: source: 35475, dest: 17905, seq: 2370911248, ack: 111503, window: 5808, ACK
38.594 Sent: b'\x8a\x93E\xf1\x8dQ<\x10\x00\x01\xb3\x8fP\x10\x16\xb0\x00\x00\x00\x00'
38.597 Received: b'E\xf1\x8a\x93\x00\x01\xb3\x8f\x8dQ<\x10P\x10\x16\xb0\x00\x00\x00\x00 Detraxit defini'...
38.598 Disassembled: source: 17905, dest: 35475, seq: 111503, ack: 2370911248, window: 5808, ACK, data: " Detraxit defini"...
38.598 Error: Incorrect acknowledgement flag
39.094 Sent: b'\x8a\x93E\xf1\x8dQ<\x10\x00\x01\xb3\x8fP\x10\x16\xb0\x00\x00\x00\x00'
39.098 Received: b'E\xf1\x8a\x93\x00\x01\xb3\x8f\x8dQ<\x10P\x00\x16\xb0\x00\x00\x00\x00 Detraxit defini'...
39.098 Disassembled: source: 17905, dest: 35475, seq: 111503, ack: 2370911248, window: 5808, data: " Detraxit defini"...
39.098 Data accepted; writing to file
39.098 Assembling: source: 35475, dest: 17905, seq: 2370911248, ack: 112951, window: 5808, ACK
39.099 Sent: b'\x8a\x93E\xf1\x8dQ<\x10\x00\x01\xb97P\x10\x16\xb0\x00\x00\x00\x00'
39.102 Received: b'E\xf1\x8a\x93\x00\x01\xb97\x8dQ<\x10P\x10\x16\xb0\x00\x00\x00\x00aesent mei. Quo '...
39.103 Disassembled: source: 17905, dest: 35475, seq: 112951, ack: 2370911248, window: 5808, ACK, data: "aesent mei. Quo "...
39.103 Error: Incorrect acknowledgement flag
39.599 Sent: b'\x8a\x93E\xf1\x8dQ<\x10\x00\x01\xb97P\x10\x16\xb0\x00\x00\x00\x00'
39.602 Received: b'E\xf1\x8a\x93\x00\x01\xb97\x8dQ<\x10P\x00\x16\xb0\x00\x00\x00\x00aesent mei. Quo '...
39.603 Disassembled: source: 17905, dest: 35475, seq: 112951, ack: 2370911248, window: 5808, data: "aesent mei. Quo "...
39.603 Data accepted; writing to file
39.603 Assembling: source: 35475, dest: 17905, seq: 2370911248, ack: 114399, window: 5808, ACK
39.604 Sent: b'\x8a\x93E\xf1\x8dQ<\x10\x00\x01\xbe\xdfP\x10\x16\xb0\x00\x00\x00\x00'
39.607 Received: b'E\xf1\x8a\x93\x00\x01\xbe\xdf\x8dQ<\x10P\x10\x16\xb0\x00\x00\x00\x00nterpretaris no '...
39.607 Disassembled: source: 17905, dest: 35475, seq: 114399, ack: 2370911248, window: 5808, ACK, data: "nterpretaris no "...
39.608 Error: Incorrect acknowledgement flag
40.104 Sent: b'\x8a\x93E\xf1\x8dQ<\x10\x00\x01\xbe\xdfP\x10\x16\xb0\x00\x00\x00\x00'
40.108 Received: b'E\xf1\x8a\x93\x00\x01\xbe\xdf\x8dQ<\x10P\x00\x16\xb0\x00\x00\x00\x00nterpretaris no '...
40.108 Disassembled: source: 17905, dest: 35475, seq: 114399, ack: 2370911248, window: 5808, data: "nterpretaris no "...
40.109 Data accepted; writing to file
40.109 Assembling: source: 35475, dest: 17905, seq: 2370911248, ack: 115847, window: 5808, ACK
40.109 Sent: b'\x8a\x93E\xf1\x8dQ<\x10\x00\x01\xc4\x87P\x10\x16\xb0\x00\x00\x00\x00'
40.112 Received: b'E\xf1\x8a\x93\x00\x01\xc4\x87\x8dQ<\x10P\x10\x16\xb0\x00\x00\x00\x00patrioque has. I'...
40.113 Disassembled: source: 17905, dest: 35475, seq: 115847, ack: 2370911248, window: 5808, ACK, data: "patrioque has. I"...
40.113 Error: Incorrect acknowledgement flag
40.610 Sent: b'\x8a\x93E\xf1\x8dQ<\x10\x00\x01\xc4\x87P\x10\x16\xb0\x00\x00\x00\x00'
40.613 Received: b'E\xf1\x8a\x93\x00\x01\xc4\x87\x8dQ<\x10P\x00\x16\xb0\x00\x00\x00\x00patrioque has. I'...
40.613 Disassembled: source: 17905, dest: 35475, seq: 115847, ack: 2370911248, window: 5808, data: "patrioque has. I"...
40.613 Data accepted; writing to file
40.614 Assembling: source: 35475, dest: 17905, seq: 2370911248, ack: 117295, window: 5808, ACK
40.614 Sent: b'\x8a\x93E\xf1\x8dQ<\x10\x00\x01\xca/P\x10\x16\xb0\x00\x00\x00\x00'
40.617 Received: b'E\xf1\x8a\x93\x00\x01\xca/\x8dQ<\x10P\x10\x16\xb0\x00\x00\x00\x00ossit repudianda'...
40.618 Disassembled: source: 17905, dest: 35475, seq: 117295, ack: 2370911248, window: 5808, ACK, data: "ossit repudianda"...
40.618 Error: Incorrect acknowledgement flag
41.115 Sent: b'\x8a\x93E\xf1\x8dQ<\x10\x00\x01\xca/P\x10\x16\xb0\x00\x00\x00\x00'
41.118 Received: b'E\xf1\x8a\x93\x00\x01\xca/\x8dQ<\x10P\x00\x16\xb0\x00\x00\x00\x00ossit repudianda'...
41.118 Disassembled: source: 17905, dest: 35475, seq: 117295, ack: 2370911248, window: 5808, data: "ossit repudianda"...
41.118 Data accepted; writing to file
41.119 Assembling: source: 35475, dest: 17905, seq: 2370911248, ack: 118743, window: 5808, ACK
41.119 Sent: b'\x8a\x93E\xf1\x8dQ<\x10\x00\x01\xcf\xd7P\x10\x16\xb0\x00\x00\x00\x00'
41.122 Received: b'E\xf1\x8a\x93\x00\x01\xcf\xd7\x8dQ<\x10P\x10\x16\xb0\x00\x00\x00\x00ora consequuntur'...
41.123 Disassembled: source: 17905, dest: 35475, seq: 118743, ack: 2370911248, window: 5808, ACK, data: "ora consequuntur"...
41.123 Error: Incorrect acknowledgement flag
41.619 Sent: b'\x8a\x93E\xf1\x8dQ<\x10\x00\x01\xcf\xd7P\x10\x16\xb0\x00\x00\x00\x00'
41.623 Received: b'E\xf1\x8a\x93\x00\x01\xcf\xd7\x8dQ<\x10P\x00\x16\xb0\x00\x00\x00\x00ora consequuntur'...
41.623 Disassembled: source: 17905, dest: 35475, seq: 118743, ack: 2370911248, window: 5808, data: "ora consequuntur"...
41.623 Data accepted; writing to file
41.623 Assembling: source: 35475, dest: 17905, seq: 2370911248, ack: 120191, window: 5808, ACK
41.624 Sent: b'\x8a\x93E\xf1\x8dQ<\x10\x00\x01\xd5\x7fP\x10\x16\xb0\x00\x00\x00\x00'
41.627 Received: b'E\xf1\x8a\x93\x00\x01\xd5\x7f\x8dQ<\x10P\x10\x16\xb0\x00\x00\x00\x00ctus conceptam a'...
41.628 Disassembled: source: 17905, dest: 35475, seq: 120191, ack: 2370911248, window: 5808, ACK, data: "ctus conceptam a"...
41.628 Error: Incorrect acknowledgement flag
42.124 Sent: b'\x8a\x93E\xf1\x8dQ<\x10\x00\x01\xd5\x7fP\x10\x16\xb0\x00\x00\x00\x00'
42.127 Received: b'E\xf1\x8a\x93\x00\x01\xd5\x7f\x8dQ<\x10P\x00\x16\xb0\x00\x00\x00\x00ctus conceptam a'...
42.128 Disassembled: source: 17905, dest: 35475, seq: 120191, ack: 2370911248, window: 5808, data: "ctus conceptam a"...
42.128 Data accepted; writing to file
42.128 Assembling: source: 35475, dest: 17905, seq: 2370911248, ack: 121639, window: 5808, ACK
42.129 Sent: b"\x8a\x93E\xf1\x8dQ<\x10\x00\x01\xdb'P\x10\x16\xb0\x00\x00\x00\x00"
42.132 Received: b"E\xf1\x8a\x93\x00\x01\xdb'\x8dQ<\x10P\x10\x16\xb0\x00\x00\x00\x00 aeterno te, ne "...
42.132 Disassembled: source: 17905, dest: 35475, seq: 121639, ack: 2370911248, window: 5808, ACK, data: " aeterno te, ne "...
42.133 Error: Incorrect acknowledgement flag
42.629 Sent: b"\x8a\x93E\xf1\x8dQ<\x10\x00\x01\xdb'P\x10\x16\xb0\x00\x00\x00\x00"
42.632 Received: b"E\xf1\x8a\x93\x00\x01\xdb'\x8dQ<\x10P\x00\x16\xb0\x00\x00\x00\x00 aeterno te, ne "...
42.633 Disassembled: source: 17905, dest: 35475, seq: 121639, ack: 2370911248, window: 5808, data: " aeterno te, ne "...
42.633 Data accepted; writing to file
42.633 Assembling: source: 35475, dest: 17905, seq: 2370911248, ack: 123087, window: 5808, ACK
42.634 Sent: b'\x8a\x93E\xf1\x8dQ<\x10\x00\x01\xe0\xcfP\x10\x16\xb0\x00\x00\x00\x00'
42.637 Received: b'E\xf1\x8a\x93\x00\x01\xe0\xcf\x8dQ<\x10P\x10\x16\xb0\x00\x00\x00\x00imis oporteat di'...
42.637 Disassembled: source: 17905, dest: 35475, seq: 123087, ack: 2370911248, window: 5808, ACK, data: "imis oporteat di"...
42.637 Error: Incorrect acknowledgement flag
43.134 Sent: b'\x8a\x93E\xf1\x8dQ<\x10\x00\x01\xe0\xcfP\x10\x16\xb0\x00\x00\x00\x00'
43.137 Received: b'E\xf1\x8a\x93\x00\x01\xe0\xcf\x8dQ<\x10P\x00\x16\xb0\x00\x00\x00\x00imis oporteat di'...
43.138 Disassembled: source: 17905, dest: 35475, seq: 123087, ack: 2370911248, window: 5808, data: "imis oporteat di"...
43.138 Data accepted; writing to file
43.138 Assembling: source: 35475, dest: 17905, seq: 2370911248, ack: 124535, window: 5808, ACK
43.138 Sent: b'\x8a\x93E\xf1\x8dQ<\x10\x00\x01\xe6wP\x10\x16\xb0\x00\x00\x00\x00'
43.142 Received: b'E\xf1\x8a\x93\x00\x01\xe6w\x8dQ<\x10P\x10\x16\xb0\x00\x00\x00\x00re. Has virtute '...
43.142 Disassembled: source: 17905, dest: 35475, seq: 124535, ack: 2370911248, window: 5808, ACK, data: "re. Has virtute "...
43.142 Error: Incorrect acknowledgement flag
43.639 Sent: b'\x8a\x93E\xf1\x8dQ<\x10\x00\x01\xe6wP\x10\x16\xb0\x00\x00\x00\x00'
43.642 Received: b'E\xf1\x8a\x93\x00\x01\xe6w\x8dQ<\x10P\x00\x16\xb0\x00\x00\x00\x00re. Has virtute '...
43.643 Disassembled: source: 17905, dest: 35475, seq: 124535, ack: 2370911248, window: 5808, data: "re. Has virtute "...
43.643 Data accepted; writing to file
43.643 Assembling: source: 35475, dest: 17905, seq: 2370911248, ack: 125983, window: 5808, ACK
43.643 Sent: b'\x8a\x93E\xf1\x8dQ<\x10\x00\x01\xec\x1fP\x10\x16\xb0\x00\x00\x00\x00'
43.646 Received: b'E\xf1\x8a\x93\x00\x01\xec\x1f\x8dQ<\x10P\x10\x16\xb0\x00\x00\x00\x00 eum ancillae no'...
43.647 Disassembled: source: 17905, dest: 35475, seq: 125983, ack: 2370911248, window: 5808, ACK, data: " eum ancillae no"...
43.647 Error: Incorrect acknowledgement flag
44.144 Sent: b'\x8a\x93E\xf1\x8dQ<\x10\x00\x01\xec\x1fP\x10\x16\xb0\x00\x00\x00\x00'
44.147 Received: b'E\xf1\x8a\x93\x00\x01\xec\x1f\x8dQ<\x10P\x00\x16\xb0\x00\x00\x00\x00 eum ancillae no'...
44.147 Disassembled: source: 17905, dest: 35475, seq: 125983, ack: 2370911248, window: 5808, data: " eum ancillae no"...
44.148 Data accepted; writing to file
44.148 Assembling: source: 35475, dest: 17905, seq: 2370911248, ack: 127431, window: 5808, ACK
44.148 Sent: b'\x8a\x93E\xf1\x8dQ<\x10\x00\x01\xf1\xc7P\x10\x16\xb0\x00\x00\x00\x00'
44.151 Received: b'E\xf1\x8a\x93\x00\x01\xf1\xc7\x8dQ<\x10P\x10\x16\xb0\x00\x00\x00\x00ppareat ius. At '...
44.152 Disassembled: source: 17905, dest: 35475, seq: 127431, ack: 2370911248, window: 5808, ACK, data: "ppareat ius. At "...
44.152 Error: Incorrect acknowledgement flag
44.649 Sent: b'\x8a\x93E\xf1\x8dQ<\x10\x00\x01\xf1\xc7P\x10\x16\xb0\x00\x00\x00\x00'
44.652 Received: b'E\xf1\x8a\x93\x00\x01\xf1\xc7\x8dQ<\x10P\x00\x16\xb0\x00\x00\x00\x00ppareat ius. At '...
44.652 Disassembled: source: 17905, dest: 35475, seq: 127431, ack: 2370911248, window: 5808, data: "ppareat ius. At "...
44.652 Data accepted; writing to file
44.653 Assembling: source: 35475, dest: 17905, seq: 2370911248, ack: 128879, window: 5808, ACK
44.653 Sent: b'\x8a\x93E\xf1\x8dQ<\x10\x00\x01\xf7oP\x10\x16\xb0\x00\x00\x00\x00'
44.656 Received: b'E\xf1\x8a\x93\x00\x01\xf7o\x8dQ<\x10P\x10\x16\xb0\x00\x00\x00\x00, vero appellant'...
44.657 Disassembled: source: 17905, dest: 35475, seq: 128879, ack: 2370911248, window: 5808, ACK, data: ", vero appellant"...
44.657 Error: Incorrect acknowledgement flag
45.154 Sent: b'\x8a\x93E\xf1\x8dQ<\x10\x00\x01\xf7oP\x10\x16\xb0\x00\x00\x00\x00'
45.157 Received: b'E\xf1\x8a\x93\x00\x01\xf7o\x8dQ<\x10P\x00\x16\xb0\x00\x00\x00\x00, vero appellant'...
45.159 Disassembled: source: 17905, dest: 35475, seq: 128879, ack: 2370911248, window: 5808, data: ", vero appellant"...
45.159 Data accepted; writing to file
45.159 Assembling: source: 35475, dest: 17905, seq: 2370911248, ack: 130327, window: 5808, ACK
45.159 Sent: b'\x8a\x93E\xf1\x8dQ<\x10\x00\x01\xfd\x17P\x10\x16\xb0\x00\x00\x00\x00'
45.162 Received: b'E\xf1\x8a\x93\x00\x01\xfd\x17\x8dQ<\x10P\x10\x16\xb0\x00\x00\x00\x00ibo quando copio'...
45.163 Disassembled: source: 17905, dest: 35475, seq: 130327, ack: 2370911248, window: 5808, ACK, data: "ibo quando copio"...
45.163 Error: Incorrect acknowledgement flag
45.660 Sent: b'\x8a\x93E\xf1\x8dQ<\x10\x00\x01\xfd\x17P\x10\x16\xb0\x00\x00\x00\x00'
45.663 Received: b'E\xf1\x8a\x93\x00\x01\xfd\x17\x8dQ<\x10P\x00\x16\xb0\x00\x00\x00\x00ibo quando copio'...
45.663 Disassembled: source: 17905, dest: 35475, seq: 130327, ack: 2370911248, window: 5808, data: "ibo quando copio"...
45.664 Data accepted; writing to file
45.664 Assembling: source: 35475, dest: 17905, seq: 2370911248, ack: 131775, window: 5808, ACK
45.664 Sent: b'\x8a\x93E\xf1\x8dQ<\x10\x00\x02\x02\xbfP\x10\x16\xb0\x00\x00\x00\x00'
45.667 Received: b'E\xf1\x8a\x93\x00\x02\x02\xbf\x8dQ<\x10P\x10\x16\xb0\x00\x00\x00\x00 maluisset. Sit '...
45.668 Disassembled: source: 17905, dest: 35475, seq: 131775, ack: 2370911248, window: 5808, ACK, data: " maluisset. Sit "...
45.668 Error: Incorrect acknowledgement flag
46.165 Sent: b'\x8a\x93E\xf1\x8dQ<\x10\x00\x02\x02\xbfP\x10\x16\xb0\x00\x00\x00\x00'
46.168 Received: b'E\xf1\x8a\x93\x00\x02\x02\xbf\x8dQ<\x10P\x00\x16\xb0\x00\x00\x00\x00 maluisset. Sit '...
46.168 Disassembled: source: 17905, dest: 35475, seq: 131775, ack: 2370911248, window: 5808, data: " maluisset. Sit "...
46.168 Data accepted; writing to file
46.169 Assembling: source: 35475, dest: 17905, seq: 2370911248, ack: 133223, window: 5808, ACK
46.169 Sent: b'\x8a\x93E\xf1\x8dQ<\x10\x00\x02\x08gP\x10\x16\xb0\x00\x00\x00\x00'
46.172 Received: b'E\xf1\x8a\x93\x00\x02\x08g\x8dQ<\x10P\x10\x16\xb0\x00\x00\x00\x00e ceteros albuci'...
46.173 Disassembled: source: 17905, dest: 35475, seq: 133223, ack: 2370911248, window: 5808, ACK, data: "e ceteros albuci"...
46.173 Error: Incorrect acknowledgement flag
46.670 Sent: b'\x8a\x93E\xf1\x8dQ<\x10\x00\x02\x08gP\x10\x16\xb0\x00\x00\x00\x00'
46.673 Received: b'E\xf1\x8a\x93\x00\x02\x08g\x8dQ<\x10P\x00\x16\xb0\x00\x00\x00\x00e ceteros albuci'...
46.673 Disassembled: source: 17905, dest: 35475, seq: 133223, ack: 2370911248, window: 5808, data: "e ceteros albuci"...
46.673 Data accepted; writing to file
46.674 Assembling: source: 35475, dest: 17905, seq: 2370911248, ack: 134671, window: 5808, ACK
46.674 Sent: b'\x8a\x93E\xf1\x8dQ<\x10\x00\x02\x0e\x0fP\x10\x16\xb0\x00\x00\x00\x00'
46.677 Received: b'E\xf1\x8a\x93\x00\x02\x0e\x0f\x8dQ<\x10P\x10\x16\xb0\x00\x00\x00\x00complectitur sea'...
46.678 Disassembled: source: 17905, dest: 35475, seq: 134671, ack: 2370911248, window: 5808, ACK, data: "complectitur sea"...
46.678 Error: Incorrect acknowledgement flag
47.174 Sent: b'\x8a\x93E\xf1\x8dQ<\x10\x00\x02\x0e\x0fP\x10\x16\xb0\x00\x00\x00\x00'
47.178 Received: b'E\xf1\x8a\x93\x00\x02\x0e\x0f\x8dQ<\x10P\x00\x16\xb0\x00\x00\x00\x00complectitur sea'...
47.178 Disassembled: source: 17905, dest: 35475, seq: 134671, ack: 2370911248, window: 5808, data: "complectitur sea"...
47.178 Data accepted; writing to file
47.178 Assembling: source: 35475, dest: 17905, seq: 2370911248, ack: 136119, window: 5808, ACK
47.179 Sent: b'\x8a\x93E\xf1\x8dQ<\x10\x00\x02\x13\xb7P\x10\x16\xb0\x00\x00\x00\x00'
47.182 Received: b'E\xf1\x8a\x93\x00\x02\x13\xb7\x8dQ<\x10P\x10\x16\xb0\x00\x00\x00\x00tempor ex ius. E'...
47.183 Disassembled: source: 17905, dest: 35475, seq: 136119, ack: 2370911248, window: 5808, ACK, data: "tempor ex ius. E"...
47.183 Error: Incorrect acknowledgement flag
47.679 Sent: b'\x8a\x93E\xf1\x8dQ<\x10\x00\x02\x13\xb7P\x10\x16\xb0\x00\x00\x00\x00'
47.682 Received: b'E\xf1\x8a\x93\x00\x02\x13\xb7\x8dQ<\x10P\x00\x16\xb0\x00\x00\x00\x00tempor ex ius. E'...
47.683 Disassembled: source: 17905, dest: 35475, seq: 136119, ack: 2370911248, window: 5808, data: "tempor ex ius. E"...
47.683 Data accepted; writing to file
47.683 Assembling: source: 35475, dest: 17905, seq: 2370911248, ack: 136213, window: 5808, ACK
47.684 Sent: b'\x8a\x93E\xf1\x8dQ<\x10\x00\x02\x14\x15P\x10\x16\xb0\x00\x00\x00\x00'
48.184 Sent: b'\x8a\x93E\xf1\x8dQ<\x10\x00\x02\x14\x15P\x10\x16\xb0\x00\x00\x00\x00'
48.685 Sent: b'\x8a\x93E\xf1\x8dQ<\x10\x00\x02\x14\x15P\x10\x16\xb0\x00\x00\x00\x00'
49.185 Sent: b'\x8a\x93E\xf1\x8dQ<\x10\x00\x02\x14\x15P\x10\x16\xb0\x00\x00\x00\x00'
49.685 Sent: b'\x8a\x93E\xf1\x8dQ<\x10\x00\x02\x14\x15P\x10\x16\xb0\x00\x00\x00\x00'
50.186 Error: Connection timed out
50.186 Closed connection
50.187 Shutting down
