0.000 NEW RUN: Server, TEST: Write_file__Relaxed
0.220 Received: b'+j\xa7\xb2\x00\x00\x00\x07\x00\x00\x00\x00P\x02\x05\xa8\x00\x00\x00\x00'
0.221 Disassembled: source: 11114, dest: 42930, seq: 7, window: 1448, SYN
0.221 SYN accepted; new connection: 127.0.0.1 on port 11114
0.221 Assembling: source: 42930, dest: 11114, seq: 2311714469, ack: 8, window: 5808, ACK, SYN
0.222 Sent: b'\xa7\xb2+j\x89\xc9\xf6\xa5\x00\x00\x00\x08P\x12\x16\xb0\x00\x00\x00\x00'
0.224 Received: b'+j\xa7\xb2\x00\x00\x00\x08\x89\xc9\xf6\xa6P\x10\x16\xb0\x00\x00\x00\x00'
0.224 Disassembled: source: 11114, dest: 42930, seq: 8, ack: 2311714470, window: 5808, ACK
0.224 Assembling: source: 42930, dest: 11114, seq: 2311714470, ack: 8, window: 5808, ACK
0.225 Sent: b'\xa7\xb2+j\x89\xc9\xf6\xa6\x00\x00\x00\x08P\x10\x16\xb0\x00\x00\x00\x00'
0.225 Received: b'+j\xa7\xb2\x00\x00\x00\x08\x89\xc9\xf6\xa6P\x10\x16\xb0\x00\x00\x00\x00'
0.225 Disassembled: source: 11114, dest: 42930, seq: 8, ack: 2311714470, window: 5808, ACK
0.225 Assembling: source: 42930, dest: 11114, seq: 2311714470, ack: 8, window: 5808, ACK
0.226 Sent: b'\xa7\xb2+j\x89\xc9\xf6\xa6\x00\x00\x00\x08P\x10\x16\xb0\x00\x00\x00\x00'
0.726 Sent: b'\xa7\xb2+j\x89\xc9\xf6\xa6\x00\x00\x00\x08P\x10\x16\xb0\x00\x00\x00\x00'
1.226 Sent: b'\xa7\xb2+j\x89\xc9\xf6\xa6\x00\x00\x00\x08P\x10\x16\xb0\x00\x00\x00\x00'
1.727 Sent: b'\xa7\xb2+j\x89\xc9\xf6\xa6\x00\x00\x00\x08P\x10\x16\xb0\x00\x00\x00\x00'
2.227 Sent: b'\xa7\xb2+j\x89\xc9\xf6\xa6\x00\x00\x00\x08P\x10\x16\xb0\x00\x00\x00\x00'
2.728 Error: Connection timed out
2.728 Closed connection
2.729 Shutting down
