0.000 NEW RUN: Server, TEST: Write_file__Empty
0.208 Received: b'\x85\\\x1a1\x00\x00\x00:\x00\x00\x00\x00P\x02\x05\xa8\x00\x00\x00\x00'
0.209 Disassembled: source: 34140, dest: 6705, seq: 58, window: 1448, SYN
0.209 SYN accepted; new connection: 127.0.0.1 on port 34140
0.209 Assembling: source: 6705, dest: 34140, seq: 2335227969, ack: 59, window: 5808, ACK, SYN
0.210 Sent: b'\x1a1\x85\\\x8b0\xc0A\x00\x00\x00;P\x12\x16\xb0\x00\x00\x00\x00'
0.211 Received: b'\x85\\\x1a1\x00\x00\x00;\x8b0\xc0BP\x10\x16\xb0\x00\x00\x00\x00'
0.211 Disassembled: source: 34140, dest: 6705, seq: 59, ack: 2335227970, window: 5808, ACK
0.211 Assembling: source: 6705, dest: 34140, seq: 2335227970, ack: 59, window: 5808, ACK
0.212 Sent: b'\x1a1\x85\\\x8b0\xc0B\x00\x00\x00;P\x10\x16\xb0\x00\x00\x00\x00'
0.212 Received: b'\x85\\\x1a1\x00\x00\x00;\x8b0\xc0BP\x10\x16\xb0\x00\x00\x00\x00'
0.212 Disassembled: source: 34140, dest: 6705, seq: 59, ack: 2335227970, window: 5808, ACK
0.212 Assembling: source: 6705, dest: 34140, seq: 2335227970, ack: 59, window: 5808, ACK
0.212 Sent: b'\x1a1\x85\\\x8b0\xc0B\x00\x00\x00;P\x10\x16\xb0\x00\x00\x00\x00'
0.713 Sent: b'\x1a1\x85\\\x8b0\xc0B\x00\x00\x00;P\x10\x16\xb0\x00\x00\x00\x00'
1.213 Sent: b'\x1a1\x85\\\x8b0\xc0B\x00\x00\x00;P\x10\x16\xb0\x00\x00\x00\x00'
1.714 Sent: b'\x1a1\x85\\\x8b0\xc0B\x00\x00\x00;P\x10\x16\xb0\x00\x00\x00\x00'
2.214 Sent: b'\x1a1\x85\\\x8b0\xc0B\x00\x00\x00;P\x10\x16\xb0\x00\x00\x00\x00'
2.714 Error: Connection timed out
2.715 Closed connection
2.715 Shutting down
