0.000 NEW RUN: Server, TEST: Write_file__Latency
0.205 Received: b'nB2R\x00\x00\x00N\x00\x00\x00\x00P\x02\x05\xa8\x00\x00\x00\x00'
0.205 Disassembled: source: 28226, dest: 12882, seq: 78, window: 1448, SYN
0.205 SYN accepted; new connection: 127.0.0.1 on port 28226
0.206 Assembling: source: 12882, dest: 28226, seq: 2574286885, ack: 79, window: 5808, ACK, SYN
0.206 Sent: b'2RnB\x99p\x80%\x00\x00\x00OP\x12\x16\xb0\x00\x00\x00\x00'
0.706 Sent: b'2RnB\x99p\x80%\x00\x00\x00OP\x12\x16\xb0\x00\x00\x00\x00'
1.207 Sent: b'2RnB\x99p\x80%\x00\x00\x00OP\x12\x16\xb0\x00\x00\x00\x00'
1.211 Received: b'nB2R\x00\x00\x00O\x99p\x80&P\x10\x16\xb0\x00\x00\x00\x00'
1.211 Disassembled: source: 28226, dest: 12882, seq: 79, ack: 2574286886, window: 5808, ACK
1.212 Assembling: source: 12882, dest: 28226, seq: 2574286886, ack: 79, window: 5808, ACK
1.212 Sent: b'2RnB\x99p\x80&\x00\x00\x00OP\x10\x16\xb0\x00\x00\x00\x00'
1.213 Received: b'nB2R\x00\x00\x00O\x99p\x80&P\x10\x16\xb0\x00\x00\x00\x00Lorem ipsum dolo'...
1.214 Disassembled: source: 28226, dest: 12882, seq: 79, ack: 2574286886, window: 5808, ACK, data: "Lorem ipsum dolo"...
1.214 Handshake complete
1.214 Data accepted; writing to file
1.214 Assembling: source: 12882, dest: 28226, seq: 2574286886, ack: 1527, window: 5808, ACK
1.215 Sent: b'2RnB\x99p\x80&\x00\x00\x05\xf7P\x10\x16\xb0\x00\x00\x00\x00'
1.711 Received: b'nB2R\x00\x00\x00O\x99p\x80&P\x00\x16\xb0\x00\x00\x00\x00Lorem ipsum dolo'...
1.712 Disassembled: source: 28226, dest: 12882, seq: 79, ack: 2574286886, window: 5808, data: "Lorem ipsum dolo"...
1.712 Old data; ignoring
1.715 Sent: b'2RnB\x99p\x80&\x00\x00\x05\xf7P\x10\x16\xb0\x00\x00\x00\x00'
2.212 Received: b'nB2R\x00\x00\x00O\x99p\x80&P\x10\x16\xb0\x00\x00\x00\x00Lorem ipsum dolo'...
2.212 Disassembled: source: 28226, dest: 12882, seq: 79, ack: 2574286886, window: 5808, ACK, data: "Lorem ipsum dolo"...
2.213 Old data; ignoring
2.216 Sent: b'2RnB\x99p\x80&\x00\x00\x05\xf7P\x10\x16\xb0\x00\x00\x00\x00'
2.217 Received: b'nB2R\x00\x00\x00O\x99p\x80&P\x00\x16\xb0\x00\x00\x00\x00Lorem ipsum dolo'...
2.217 Disassembled: source: 28226, dest: 12882, seq: 79, ack: 2574286886, window: 5808, data: "Lorem ipsum dolo"...
2.218 Old data; ignoring
2.220 Received: b'nB2R\x00\x00\x05\xf7\x99p\x80&P\x10\x16\xb0\x00\x00\x00\x00mprehensam nam, '...
2.220 Disassembled: source: 28226, dest: 12882, seq: 1527, ack: 2574286886, window: 5808, ACK, data: "mprehensam nam, "...
2.220 Error: Incorrect acknowledgement flag
2.717 Sent: b'2RnB\x99p\x80&\x00\x00\x05\xf7P\x10\x16\xb0\x00\x00\x00\x00'
2.719 Received: b'nB2R\x00\x00\x05\xf7\x99p\x80&P\x00\x16\xb0\x00\x00\x00\x00mprehensam nam, '...
2.720 Disassembled: source: 28226, dest: 12882, seq: 1527, ack: 2574286886, window: 5808, data: "mprehensam nam, "...
2.720 Data accepted; writing to file
2.720 Assembling: source: 12882, dest: 28226, seq: 2574286886, ack: 2975, window: 5808, ACK
2.721 Sent: b'2RnB\x99p\x80&\x00\x00\x0b\x9fP\x10\x16\xb0\x00\x00\x00\x00'
3.221 Received: b'nB2R\x00\x00\x05\xf7\x99p\x80&P\x10\x16\xb0\x00\x00\x00\x00mprehensam nam, '...
3.222 Disassembled: source: 28226, dest: 12882, seq: 1527, ack: 2574286886, window: 5808, ACK, data: "mprehensam nam, "...
3.222 Old data; ignoring
3.222 Sent: b'2RnB\x99p\x80&\x00\x00\x0b\x9fP\x10\x16\xb0\x00\x00\x00\x00'
3.721 Received: b'nB2R\x00\x00\x05\xf7\x99p\x80&P\x00\x16\xb0\x00\x00\x00\x00mprehensam nam, '...
3.722 Disassembled: source: 28226, dest: 12882, seq: 1527, ack: 2574286886, window: 5808, data: "mprehensam nam, "...
3.722 Old data; ignoring
3.723 Sent: b'2RnB\x99p\x80&\x00\x00\x0b\x9fP\x10\x16\xb0\x00\x00\x00\x00'
3.725 Received: b'nB2R\x00\x00\x0b\x9f\x99p\x80&P\x10\x16\xb0\x00\x00\x00\x00ilisi repudiare '...
3.726 Disassembled: source: 28226, dest: 12882, seq: 2975, ack: 2574286886, window: 5808, ACK, data: "ilisi repudiare "...
3.726 Error: Incorrect acknowledgement flag
4.223 Sent: b'2RnB\x99p\x80&\x00\x00\x0b\x9fP\x10\x16\xb0\x00\x00\x00\x00'
4.227 Received: b'nB2R\x00\x00\x0b\x9f\x99p\x80&P\x00\x16\xb0\x00\x00\x00\x00ilisi repudiare '...
4.227 Disassembled: source: 28226, dest: 12882, seq: 2975, ack: 2574286886, window: 5808, data: "ilisi repudiare "...
4.227 Data accepted; writing to file
4.228 Assembling: source: 12882, dest: 28226, seq: 2574286886, ack: 3322, window: 5808, ACK
4.228 Sent: b'2RnB\x99p\x80&\x00\x00\x0c\xfaP\x10\x16\xb0\x00\x00\x00\x00'
4.727 Received: b'nB2R\x00\x00\x0b\x9f\x99p\x80&P\x10\x16\xb0\x00\x00\x00\x00ilisi repudiare '...
4.727 Disassembled: source: 28226, dest: 12882, seq: 2975, ack: 2574286886, window: 5808, ACK, data: "ilisi repudiare "...
4.728 Old data; ignoring
4.729 Sent: b'2RnB\x99p\x80&\x00\x00\x0c\xfaP\x10\x16\xb0\x00\x00\x00\x00'
5.228 Received: b'nB2R\x00\x00\x0b\x9f\x99p\x80&P\x00\x16\xb0\x00\x00\x00\x00ilisi repudiare '...
5.228 Disassembled: source: 28226, dest: 12882, seq: 2975, ack: 2574286886, window: 5808, data: "ilisi repudiare "...
5.228 Old data; ignoring
5.229 Sent: b'2RnB\x99p\x80&\x00\x00\x0c\xfaP\x10\x16\xb0\x00\x00\x00\x00'
5.730 Sent: b'2RnB\x99p\x80&\x00\x00\x0c\xfaP\x10\x16\xb0\x00\x00\x00\x00'
6.230 Sent: b'2RnB\x99p\x80&\x00\x00\x0c\xfaP\x10\x16\xb0\x00\x00\x00\x00'
6.731 Error: Connection timed out
6.731 Closed connection
7.230 Shutting down
