0.000 NEW RUN: Server, TEST: Read_file__Small_multi-packet
0.205 Received: b'\x9d:\xd9\xbb\x00\x00\x00%\x00\x00\x00\x00P\x02\x05\xa8\x00\x00\x00\x00'
0.206 Disassembled: source: 40250, dest: 55739, seq: 37, window: 1448, SYN
0.206 SYN accepted; new connection: 127.0.0.1 on port 40250
0.206 Assembling: source: 55739, dest: 40250, seq: 2016315446, ack: 38, window: 1448, ACK, SYN
0.206 Sent: b'\xd9\xbb\x9d:x.\x886\x00\x00\x00&P\x12\x05\xa8\x00\x00\x00\x00'
0.207 Received: b'\x9d:\xd9\xbb\x00\x00\x00&x.\x887P\x10\x05\xa8\x00\x00\x00\x00'
0.208 Disassembled: source: 40250, dest: 55739, seq: 38, ack: 2016315447, window: 1448, ACK
0.208 Handshake complete
0.208 Acknowledged seq: 2016315446
0.208 Assembling: source: 55739, dest: 40250, seq: 2016315447, ack: 39, window: 1448, data: "Lorem ipsum dolo"...
0.208 Sent: b"\xd9\xbb\x9d:x.\x887\x00\x00\x00'P\x00\x05\xa8\x00\x00\x00\x00Lorem ipsum dolo"...
0.209 Received: b'\x9d:\xd9\xbb\x00\x00\x00&x.\x8d\xdfP\x10\x05\xa8\x00\x00\x00\x00'
0.209 Disassembled: source: 40250, dest: 55739, seq: 38, ack: 2016316895, window: 1448, ACK
0.210 Acknowledged seq: 2016315447
0.210 Assembling: source: 55739, dest: 40250, seq: 2016316895, ack: 39, window: 1448, data: "mprehensam nam, "...
0.210 Sent: b"\xd9\xbb\x9d:x.\x8d\xdf\x00\x00\x00'P\x00\x05\xa8\x00\x00\x00\x00mprehensam nam, "...
0.211 Received: b'\x9d:\xd9\xbb\x00\x00\x00&x.\x93\x87P\x10\x05\xa8\x00\x00\x00\x00'
0.211 Disassembled: source: 40250, dest: 55739, seq: 38, ack: 2016318343, window: 1448, ACK
0.211 Acknowledged seq: 2016316895
0.211 Finished reading file
0.211 Assembling: source: 55739, dest: 40250, seq: 2016318343, ack: 39, window: 1448, data: "ilisi repudiare "...
0.212 Sent: b"\xd9\xbb\x9d:x.\x93\x87\x00\x00\x00'P\x00\x05\xa8\x00\x00\x00\x00ilisi repudiare "...
0.213 Received: b'\x9d:\xd9\xbb\x00\x00\x00&x.\x94\xe2P\x10\x05\xa8\x00\x00\x00\x00'
0.213 Disassembled: source: 40250, dest: 55739, seq: 38, ack: 2016318690, window: 1448, ACK
0.213 Acknowledged seq: 2016318343
0.213 Assembling: source: 55739, dest: 40250, seq: 2016318690, ack: 39, window: 1448, ACK, FIN
0.213 Sent: b"\xd9\xbb\x9d:x.\x94\xe2\x00\x00\x00'P\x11\x05\xa8\x00\x00\x00\x00"
0.215 Received: b'\x9d:\xd9\xbb\x00\x00\x00&x.\x94\xe3P\x10\x05\xa8\x00\x00\x00\x00'
0.215 Disassembled: source: 40250, dest: 55739, seq: 38, ack: 2016318691, window: 1448, ACK
0.215 FIN accepted; sending final packet
0.215 Assembling: source: 55739, dest: 40250, seq: 2016318691, ack: 39, window: 1448, ACK
0.215 Sent: b"\xd9\xbb\x9d:x.\x94\xe3\x00\x00\x00'P\x10\x05\xa8\x00\x00\x00\x00"
0.215 Closed connection
0.216 Shutting down
