0.000 NEW RUN: Server, TEST: Read_file__Single_packet
0.216 Received: b'\x8c)\xd4\xa6\x00\x00\x00W\x00\x00\x00\x00P\x02\x05\xa8\x00\x00\x00\x00'
0.217 Disassembled: source: 35881, dest: 54438, seq: 87, window: 1448, SYN
0.217 SYN accepted; new connection: 127.0.0.1 on port 35881
0.217 Assembling: source: 54438, dest: 35881, seq: 2015784935, ack: 88, window: 1448, ACK, SYN
0.218 Sent: b'\xd4\xa6\x8c)x&o\xe7\x00\x00\x00XP\x12\x05\xa8\x00\x00\x00\x00'
0.220 Received: b'\x8c)\xd4\xa6\x00\x00\x00Xx&o\xe8P\x10\x05\xa8\x00\x00\x00\x00'
0.220 Disassembled: source: 35881, dest: 54438, seq: 88, ack: 2015784936, window: 1448, ACK
0.220 Handshake complete
0.220 Acknowledged seq: 2015784935
0.220 Finished reading file
0.221 Assembling: source: 54438, dest: 35881, seq: 2015784936, ack: 89, window: 1448, data: "This file fits i"...
0.221 Sent: b'\xd4\xa6\x8c)x&o\xe8\x00\x00\x00YP\x00\x05\xa8\x00\x00\x00\x00This file fits i'...
0.223 Received: b'\x8c)\xd4\xa6\x00\x00\x00Xx&p\x13P\x10\x05\xa8\x00\x00\x00\x00'
0.223 Disassembled: source: 35881, dest: 54438, seq: 88, ack: 2015784979, window: 1448, ACK
0.223 Acknowledged seq: 2015784936
0.223 Assembling: source: 54438, dest: 35881, seq: 2015784979, ack: 89, window: 1448, ACK, FIN
0.224 Sent: b'\xd4\xa6\x8c)x&p\x13\x00\x00\x00YP\x11\x05\xa8\x00\x00\x00\x00'
0.225 Received: b'\x8c)\xd4\xa6\x00\x00\x00Xx&p\x14P\x10\x05\xa8\x00\x00\x00\x00'
0.226 Disassembled: source: 35881, dest: 54438, seq: 88, ack: 2015784980, window: 1448, ACK
0.226 FIN accepted; sending final packet
0.226 Assembling: source: 54438, dest: 35881, seq: 2015784980, ack: 89, window: 1448, ACK
0.226 Sent: b'\xd4\xa6\x8c)x&p\x14\x00\x00\x00YP\x10\x05\xa8\x00\x00\x00\x00'
0.226 Closed connection
0.227 Shutting down
