0.000 NEW RUN: Server, TEST: Read_file__Large_multi-packet
0.214 Received: b'j\xc8W\x1f\x00\x00\x00$\x00\x00\x00\x00P\x02\x05\xa8\x00\x00\x00\x00'
0.215 Disassembled: source: 27336, dest: 22303, seq: 36, window: 1448, SYN
0.215 SYN accepted; new connection: 127.0.0.1 on port 27336
0.215 Assembling: source: 22303, dest: 27336, seq: 2016850761, ack: 37, window: 1448, ACK, SYN
0.216 Sent: b'W\x1fj\xc8x6\xb3I\x00\x00\x00%P\x12\x05\xa8\x00\x00\x00\x00'
0.218 Received: b'j\xc8W\x1f\x00\x00\x00%x6\xb3JP\x10\x05\xa8\x00\x00\x00\x00'
0.218 Disassembled: source: 27336, dest: 22303, seq: 37, ack: 2016850762, window: 1448, ACK
0.218 Handshake complete
0.218 Acknowledged seq: 2016850761
0.218 Assembling: source: 22303, dest: 27336, seq: 2016850762, ack: 38, window: 1448, data: "Lorem ipsum dolo"...
0.219 Sent: b'W\x1fj\xc8x6\xb3J\x00\x00\x00&P\x00\x05\xa8\x00\x00\x00\x00Lorem ipsum dolo'...
0.221 Received: b'j\xc8W\x1f\x00\x00\x00%x6\xb8\xf2P\x10\x05\xa8\x00\x00\x00\x00'
0.221 Disassembled: source: 27336, dest: 22303, seq: 37, ack: 2016852210, window: 1448, ACK
0.221 Acknowledged seq: 2016850762
0.221 Assembling: source: 22303, dest: 27336, seq: 2016852210, ack: 38, window: 1448, data: "mprehensam nam, "...
0.221 Sent: b'W\x1fj\xc8x6\xb8\xf2\x00\x00\x00&P\x00\x05\xa8\x00\x00\x00\x00mprehensam nam, '...
0.223 Received: b'j\xc8W\x1f\x00\x00\x00%x6\xbe\x9aP\x10\x05\xa8\x00\x00\x00\x00'
0.224 Disassembled: source: 27336, dest: 22303, seq: 37, ack: 2016853658, window: 1448, ACK
0.224 Acknowledged seq: 2016852210
0.224 Assembling: source: 22303, dest: 27336, seq: 2016853658, ack: 38, window: 1448, data: "ilisi repudiare "...
0.224 Sent: b'W\x1fj\xc8x6\xbe\x9a\x00\x00\x00&P\x00\x05\xa8\x00\x00\x00\x00ilisi repudiare '...
0.226 Received: b'j\xc8W\x1f\x00\x00\x00%x6\xc4BP\x10\x05\xa8\x00\x00\x00\x00'
0.226 Disassembled: source: 27336, dest: 22303, seq: 37, ack: 2016855106, window: 1448, ACK
0.226 Acknowledged seq: 2016853658
0.227 Assembling: source: 22303, dest: 27336, seq: 2016855106, ack: 38, window: 1448, data: "ta.

Et essent s"...
0.227 Sent: b'W\x1fj\xc8x6\xc4B\x00\x00\x00&P\x00\x05\xa8\x00\x00\x00\x00ta.\n\nEt essent s'...
0.228 Received: b'j\xc8W\x1f\x00\x00\x00%x6\xc9\xeaP\x10\x05\xa8\x00\x00\x00\x00'
0.229 Disassembled: source: 27336, dest: 22303, seq: 37, ack: 2016856554, window: 1448, ACK
0.229 Acknowledged seq: 2016855106
0.229 Assembling: source: 22303, dest: 27336, seq: 2016856554, ack: 38, window: 1448, data: " Nihil tractatos"...
0.229 Sent: b'W\x1fj\xc8x6\xc9\xea\x00\x00\x00&P\x00\x05\xa8\x00\x00\x00\x00 Nihil tractatos'...
0.231 Received: b'j\xc8W\x1f\x00\x00\x00%x6\xcf\x92P\x10\x05\xa8\x00\x00\x00\x00'
0.231 Disassembled: source: 27336, dest: 22303, seq: 37, ack: 2016858002, window: 1448, ACK
0.231 Acknowledged seq: 2016856554
0.231 Assembling: source: 22303, dest: 27336, seq: 2016858002, ack: 38, window: 1448, data: "fert iuvaret sap"...
0.232 Sent: b'W\x1fj\xc8x6\xcf\x92\x00\x00\x00&P\x00\x05\xa8\x00\x00\x00\x00fert iuvaret sap'...
0.233 Received: b'j\xc8W\x1f\x00\x00\x00%x6\xd5:P\x10\x05\xa8\x00\x00\x00\x00'
0.233 Disassembled: source: 27336, dest: 22303, seq: 37, ack: 2016859450, window: 1448, ACK
0.234 Acknowledged seq: 2016858002
0.234 Assembling: source: 22303, dest: 27336, seq: 2016859450, ack: 38, window: 1448, data: "ram adipiscing, "...
0.234 Sent: b'W\x1fj\xc8x6\xd5:\x00\x00\x00&P\x00\x05\xa8\x00\x00\x00\x00ram adipiscing, '...
0.235 Received: b'j\xc8W\x1f\x00\x00\x00%x6\xda\xe2P\x10\x05\xa8\x00\x00\x00\x00'
0.236 Disassembled: source: 27336, dest: 22303, seq: 37, ack: 2016860898, window: 1448, ACK
0.236 Acknowledged seq: 2016859450
0.236 Assembling: source: 22303, dest: 27336, seq: 2016860898, ack: 38, window: 1448, data: "m veritus vivend"...
0.236 Sent: b'W\x1fj\xc8x6\xda\xe2\x00\x00\x00&P\x00\x05\xa8\x00\x00\x00\x00m veritus vivend'...
0.238 Received: b'j\xc8W\x1f\x00\x00\x00%x6\xe0\x8aP\x10\x05\xa8\x00\x00\x00\x00'
0.238 Disassembled: source: 27336, dest: 22303, seq: 37, ack: 2016862346, window: 1448, ACK
0.238 Acknowledged seq: 2016860898
0.238 Assembling: source: 22303, dest: 27336, seq: 2016862346, ack: 38, window: 1448, data: " delenit, ignota"...
0.239 Sent: b'W\x1fj\xc8x6\xe0\x8a\x00\x00\x00&P\x00\x05\xa8\x00\x00\x00\x00 delenit, ignota'...
0.241 Received: b'j\xc8W\x1f\x00\x00\x00%x6\xe62P\x10\x05\xa8\x00\x00\x00\x00'
0.241 Disassembled: source: 27336, dest: 22303, seq: 37, ack: 2016863794, window: 1448, ACK
0.241 Acknowledged seq: 2016862346
0.242 Assembling: source: 22303, dest: 27336, seq: 2016863794, ack: 38, window: 1448, data: "se explicari des"...
0.242 Sent: b'W\x1fj\xc8x6\xe62\x00\x00\x00&P\x00\x05\xa8\x00\x00\x00\x00se explicari des'...
0.244 Received: b'j\xc8W\x1f\x00\x00\x00%x6\xeb\xdaP\x10\x05\xa8\x00\x00\x00\x00'
0.244 Disassembled: source: 27336, dest: 22303, seq: 37, ack: 2016865242, window: 1448, ACK
0.244 Acknowledged seq: 2016863794
0.244 Assembling: source: 22303, dest: 27336, seq: 2016865242, ack: 38, window: 1448, data: "piscing, in modo"...
0.244 Sent: b'W\x1fj\xc8x6\xeb\xda\x00\x00\x00&P\x00\x05\xa8\x00\x00\x00\x00piscing, in modo'...
0.246 Received: b'j\xc8W\x1f\x00\x00\x00%x6\xf1\x82P\x10\x05\xa8\x00\x00\x00\x00'
0.246 Disassembled: source: 27336, dest: 22303, seq: 37, ack: 2016866690, window: 1448, ACK
0.246 Acknowledged seq: 2016865242
0.247 Assembling: source: 22303, dest: 27336, seq: 2016866690, ack: 38, window: 1448, data: "o copiosae tacim"...
0.247 Sent: b'W\x1fj\xc8x6\xf1\x82\x00\x00\x00&P\x00\x05\xa8\x00\x00\x00\x00o copiosae tacim'...
0.249 Received: b'j\xc8W\x1f\x00\x00\x00%x6\xf7*P\x10\x05\xa8\x00\x00\x00\x00'
0.249 Disassembled: source: 27336, dest: 22303, seq: 37, ack: 2016868138, window: 1448, ACK
0.249 Acknowledged seq: 2016866690
0.250 Assembling: source: 22303, dest: 27336, seq: 2016868138, ack: 38, window: 1448, data: "am. Pri ne antio"...
0.250 Sent: b'W\x1fj\xc8x6\xf7*\x00\x00\x00&P\x00\x05\xa8\x00\x00\x00\x00am. Pri ne antio'...
0.252 Received: b'j\xc8W\x1f\x00\x00\x00%x6\xfc\xd2P\x10\x05\xa8\x00\x00\x00\x00'
0.252 Disassembled: source: 27336, dest: 22303, seq: 37, ack: 2016869586, window: 1448, ACK
0.252 Acknowledged seq: 2016868138
0.253 Assembling: source: 22303, dest: 27336, seq: 2016869586, ack: 38, window: 1448, data: "to no. Elitr pos"...
0.253 Sent: b'W\x1fj\xc8x6\xfc\xd2\x00\x00\x00&P\x00\x05\xa8\x00\x00\x00\x00to no. Elitr pos'...
0.254 Received: b'j\xc8W\x1f\x00\x00\x00%x7\x02zP\x10\x05\xa8\x00\x00\x00\x00'
0.254 Disassembled: source: 27336, dest: 22303, seq: 37, ack: 2016871034, window: 1448, ACK
0.254 Acknowledged seq: 2016869586
0.255 Assembling: source: 22303, dest: 27336, seq: 2016871034, ack: 38, window: 1448, data: "pretaris, sea ex"...
0.255 Sent: b'W\x1fj\xc8x7\x02z\x00\x00\x00&P\x00\x05\xa8\x00\x00\x00\x00pretaris, sea ex'...
0.256 Received: b'j\xc8W\x1f\x00\x00\x00%x7\x08"P\x10\x05\xa8\x00\x00\x00\x00'
0.256 Disassembled: source: 27336, dest: 22303, seq: 37, ack: 2016872482, window: 1448, ACK
0.257 Acknowledged seq: 2016871034
0.257 Assembling: source: 22303, dest: 27336, seq: 2016872482, ack: 38, window: 1448, data: "oporteat inimicu"...
0.257 Sent: b'W\x1fj\xc8x7\x08"\x00\x00\x00&P\x00\x05\xa8\x00\x00\x00\x00oporteat inimicu'...
0.258 Received: b'j\xc8W\x1f\x00\x00\x00%x7\r\xcaP\x10\x05\xa8\x00\x00\x00\x00'
0.258 Disassembled: source: 27336, dest: 22303, seq: 37, ack: 2016873930, window: 1448, ACK
0.259 Acknowledged seq: 2016872482
0.259 Assembling: source: 22303, dest: 27336, seq: 2016873930, ack: 38, window: 1448, data: "ligendi officiis"...
0.259 Sent: b'W\x1fj\xc8x7\r\xca\x00\x00\x00&P\x00\x05\xa8\x00\x00\x00\x00ligendi officiis'...
0.260 Received: b'j\xc8W\x1f\x00\x00\x00%x7\x13rP\x10\x05\xa8\x00\x00\x00\x00'
0.261 Disassembled: source: 27336, dest: 22303, seq: 37, ack: 2016875378, window: 1448, ACK
0.261 Acknowledged seq: 2016873930
0.261 Assembling: source: 22303, dest: 27336, seq: 2016875378, ack: 38, window: 1448, data: "no vel regione i"...
0.261 Sent: b'W\x1fj\xc8x7\x13r\x00\x00\x00&P\x00\x05\xa8\x00\x00\x00\x00no vel regione i'...
0.262 Received: b'j\xc8W\x1f\x00\x00\x00%x7\x19\x1aP\x10\x05\xa8\x00\x00\x00\x00'
0.263 Disassembled: source: 27336, dest: 22303, seq: 37, ack: 2016876826, window: 1448, ACK
0.263 Acknowledged seq: 2016875378
0.263 Assembling: source: 22303, dest: 27336, seq: 2016876826, ack: 38, window: 1448, data: "ibus vis ex, pro"...
0.264 Sent: b'W\x1fj\xc8x7\x19\x1a\x00\x00\x00&P\x00\x05\xa8\x00\x00\x00\x00ibus vis ex, pro'...
0.265 Received: b'j\xc8W\x1f\x00\x00\x00%x7\x1e\xc2P\x10\x05\xa8\x00\x00\x00\x00'
0.265 Disassembled: source: 27336, dest: 22303, seq: 37, ack: 2016878274, window: 1448, ACK
0.265 Acknowledged seq: 2016876826
0.265 Assembling: source: 22303, dest: 27336, seq: 2016878274, ack: 38, window: 1448, data: "o vix, mel ea li"...
0.266 Sent: b'W\x1fj\xc8x7\x1e\xc2\x00\x00\x00&P\x00\x05\xa8\x00\x00\x00\x00o vix, mel ea li'...
0.267 Received: b'j\xc8W\x1f\x00\x00\x00%x7$jP\x10\x05\xa8\x00\x00\x00\x00'
0.267 Disassembled: source: 27336, dest: 22303, seq: 37, ack: 2016879722, window: 1448, ACK
0.267 Acknowledged seq: 2016878274
0.268 Assembling: source: 22303, dest: 27336, seq: 2016879722, ack: 38, window: 1448, data: "d. Ex fugit suav"...
0.268 Sent: b'W\x1fj\xc8x7$j\x00\x00\x00&P\x00\x05\xa8\x00\x00\x00\x00d. Ex fugit suav'...
0.269 Received: b'j\xc8W\x1f\x00\x00\x00%x7*\x12P\x10\x05\xa8\x00\x00\x00\x00'
0.270 Disassembled: source: 27336, dest: 22303, seq: 37, ack: 2016881170, window: 1448, ACK
0.270 Acknowledged seq: 2016879722
0.270 Assembling: source: 22303, dest: 27336, seq: 2016881170, ack: 38, window: 1448, data: "pertinax nec. De"...
0.270 Sent: b'W\x1fj\xc8x7*\x12\x00\x00\x00&P\x00\x05\xa8\x00\x00\x00\x00pertinax nec. De'...
0.271 Received: b'j\xc8W\x1f\x00\x00\x00%x7/\xbaP\x10\x05\xa8\x00\x00\x00\x00'
0.272 Disassembled: source: 27336, dest: 22303, seq: 37, ack: 2016882618, window: 1448, ACK
0.272 Acknowledged seq: 2016881170
0.272 Assembling: source: 22303, dest: 27336, seq: 2016882618, ack: 38, window: 1448, data: "lli primis praes"...
0.273 Sent: b'W\x1fj\xc8x7/\xba\x00\x00\x00&P\x00\x05\xa8\x00\x00\x00\x00lli primis praes'...
0.274 Received: b'j\xc8W\x1f\x00\x00\x00%x75bP\x10\x05\xa8\x00\x00\x00\x00'
0.274 Disassembled: source: 27336, dest: 22303, seq: 37, ack: 2016884066, window: 1448, ACK
0.274 Acknowledged seq: 2016882618
0.275 Assembling: source: 22303, dest: 27336, seq: 2016884066, ack: 38, window: 1448, data: "m, percipit inte"...
0.275 Sent: b'W\x1fj\xc8x75b\x00\x00\x00&P\x00\x05\xa8\x00\x00\x00\x00m, percipit inte'...
0.276 Received: b'j\xc8W\x1f\x00\x00\x00%x7;\nP\x10\x05\xa8\x00\x00\x00\x00'
0.277 Disassembled: source: 27336, dest: 22303, seq: 37, ack: 2016885514, window: 1448, ACK
0.277 Acknowledged seq: 2016884066
0.277 Assembling: source: 22303, dest: 27336, seq: 2016885514, ack: 38, window: 1448, data: "nani docendi pat"...
0.278 Sent: b'W\x1fj\xc8x7;\n\x00\x00\x00&P\x00\x05\xa8\x00\x00\x00\x00nani docendi pat'...
0.279 Received: b'j\xc8W\x1f\x00\x00\x00%x7@\xb2P\x10\x05\xa8\x00\x00\x00\x00'
0.280 Disassembled: source: 27336, dest: 22303, seq: 37, ack: 2016886962, window: 1448, ACK
0.280 Acknowledged seq: 2016885514
0.280 Assembling: source: 22303, dest: 27336, seq: 2016886962, ack: 38, window: 1448, data: " vis decore poss"...
0.280 Sent: b'W\x1fj\xc8x7@\xb2\x00\x00\x00&P\x00\x05\xa8\x00\x00\x00\x00 vis decore poss'...
0.282 Received: b'j\xc8W\x1f\x00\x00\x00%x7FZP\x10\x05\xa8\x00\x00\x00\x00'
0.282 Disassembled: source: 27336, dest: 22303, seq: 37, ack: 2016888410, window: 1448, ACK
0.283 Acknowledged seq: 2016886962
0.283 Assembling: source: 22303, dest: 27336, seq: 2016888410, ack: 38, window: 1448, data: "eam odio corpora"...
0.283 Sent: b'W\x1fj\xc8x7FZ\x00\x00\x00&P\x00\x05\xa8\x00\x00\x00\x00eam odio corpora'...
0.285 Received: b'j\xc8W\x1f\x00\x00\x00%x7L\x02P\x10\x05\xa8\x00\x00\x00\x00'
0.285 Disassembled: source: 27336, dest: 22303, seq: 37, ack: 2016889858, window: 1448, ACK
0.285 Acknowledged seq: 2016888410
0.286 Assembling: source: 22303, dest: 27336, seq: 2016889858, ack: 38, window: 1448, data: " est. Usu sanctu"...
0.286 Sent: b'W\x1fj\xc8x7L\x02\x00\x00\x00&P\x00\x05\xa8\x00\x00\x00\x00 est. Usu sanctu'...
0.288 Received: b'j\xc8W\x1f\x00\x00\x00%x7Q\xaaP\x10\x05\xa8\x00\x00\x00\x00'
0.288 Disassembled: source: 27336, dest: 22303, seq: 37, ack: 2016891306, window: 1448, ACK
0.288 Acknowledged seq: 2016889858
0.289 Assembling: source: 22303, dest: 27336, seq: 2016891306, ack: 38, window: 1448, data: ".

Mei graeco ae"...
0.289 Sent: b'W\x1fj\xc8x7Q\xaa\x00\x00\x00&P\x00\x05\xa8\x00\x00\x00\x00.\n\nMei graeco ae'...
0.291 Received: b'j\xc8W\x1f\x00\x00\x00%x7WRP\x10\x05\xa8\x00\x00\x00\x00'
0.291 Disassembled: source: 27336, dest: 22303, seq: 37, ack: 2016892754, window: 1448, ACK
0.291 Acknowledged seq: 2016891306
0.291 Assembling: source: 22303, dest: 27336, seq: 2016892754, ack: 38, window: 1448, data: "et. Ne sea primi"...
0.292 Sent: b'W\x1fj\xc8x7WR\x00\x00\x00&P\x00\x05\xa8\x00\x00\x00\x00et. Ne sea primi'...
0.293 Received: b'j\xc8W\x1f\x00\x00\x00%x7\\\xfaP\x10\x05\xa8\x00\x00\x00\x00'
0.294 Disassembled: source: 27336, dest: 22303, seq: 37, ack: 2016894202, window: 1448, ACK
0.294 Acknowledged seq: 2016892754
0.294 Assembling: source: 22303, dest: 27336, seq: 2016894202, ack: 38, window: 1448, data: "ittam convenire."...
0.295 Sent: b'W\x1fj\xc8x7\\\xfa\x00\x00\x00&P\x00\x05\xa8\x00\x00\x00\x00ittam convenire.'...
0.296 Received: b'j\xc8W\x1f\x00\x00\x00%x7b\xa2P\x10\x05\xa8\x00\x00\x00\x00'
0.297 Disassembled: source: 27336, dest: 22303, seq: 37, ack: 2016895650, window: 1448, ACK
0.297 Acknowledged seq: 2016894202
0.297 Assembling: source: 22303, dest: 27336, seq: 2016895650, ack: 38, window: 1448, data: "ua et vis, id eu"...
0.298 Sent: b'W\x1fj\xc8x7b\xa2\x00\x00\x00&P\x00\x05\xa8\x00\x00\x00\x00ua et vis, id eu'...
0.299 Received: b'j\xc8W\x1f\x00\x00\x00%x7hJP\x10\x05\xa8\x00\x00\x00\x00'
0.300 Disassembled: source: 27336, dest: 22303, seq: 37, ack: 2016897098, window: 1448, ACK
0.300 Acknowledged seq: 2016895650
0.300 Assembling: source: 22303, dest: 27336, seq: 2016897098, ack: 38, window: 1448, data: "r. Et velit appa"...
0.300 Sent: b'W\x1fj\xc8x7hJ\x00\x00\x00&P\x00\x05\xa8\x00\x00\x00\x00r. Et velit appa'...
0.302 Received: b'j\xc8W\x1f\x00\x00\x00%x7m\xf2P\x10\x05\xa8\x00\x00\x00\x00'
0.303 Disassembled: source: 27336, dest: 22303, seq: 37, ack: 2016898546, window: 1448, ACK
0.303 Acknowledged seq: 2016897098
0.303 Assembling: source: 22303, dest: 27336, seq: 2016898546, ack: 38, window: 1448, data: " novum laudem, v"...
0.303 Sent: b'W\x1fj\xc8x7m\xf2\x00\x00\x00&P\x00\x05\xa8\x00\x00\x00\x00 novum laudem, v'...
0.305 Received: b'j\xc8W\x1f\x00\x00\x00%x7s\x9aP\x10\x05\xa8\x00\x00\x00\x00'
0.306 Disassembled: source: 27336, dest: 22303, seq: 37, ack: 2016899994, window: 1448, ACK
0.306 Acknowledged seq: 2016898546
0.306 Assembling: source: 22303, dest: 27336, seq: 2016899994, ack: 38, window: 1448, data: "luptatibus, cibo"...
0.306 Sent: b'W\x1fj\xc8x7s\x9a\x00\x00\x00&P\x00\x05\xa8\x00\x00\x00\x00luptatibus, cibo'...
0.308 Received: b'j\xc8W\x1f\x00\x00\x00%x7yBP\x10\x05\xa8\x00\x00\x00\x00'
0.309 Disassembled: source: 27336, dest: 22303, seq: 37, ack: 2016901442, window: 1448, ACK
0.309 Acknowledged seq: 2016899994
0.309 Assembling: source: 22303, dest: 27336, seq: 2016901442, ack: 38, window: 1448, data: "alii indoctum ma"...
0.309 Sent: b'W\x1fj\xc8x7yB\x00\x00\x00&P\x00\x05\xa8\x00\x00\x00\x00alii indoctum ma'...
0.311 Received: b'j\xc8W\x1f\x00\x00\x00%x7~\xeaP\x10\x05\xa8\x00\x00\x00\x00'
0.312 Disassembled: source: 27336, dest: 22303, seq: 37, ack: 2016902890, window: 1448, ACK
0.312 Acknowledged seq: 2016901442
0.312 Assembling: source: 22303, dest: 27336, seq: 2016902890, ack: 38, window: 1448, data: "im, his facete c"...
0.312 Sent: b'W\x1fj\xc8x7~\xea\x00\x00\x00&P\x00\x05\xa8\x00\x00\x00\x00im, his facete c'...
0.314 Received: b'j\xc8W\x1f\x00\x00\x00%x7\x84\x92P\x10\x05\xa8\x00\x00\x00\x00'
0.315 Disassembled: source: 27336, dest: 22303, seq: 37, ack: 2016904338, window: 1448, ACK
0.315 Acknowledged seq: 2016902890
0.315 Assembling: source: 22303, dest: 27336, seq: 2016904338, ack: 38, window: 1448, data: "e alia dolor com"...
0.315 Sent: b'W\x1fj\xc8x7\x84\x92\x00\x00\x00&P\x00\x05\xa8\x00\x00\x00\x00e alia dolor com'...
0.317 Received: b'j\xc8W\x1f\x00\x00\x00%x7\x8a:P\x10\x05\xa8\x00\x00\x00\x00'
0.318 Disassembled: source: 27336, dest: 22303, seq: 37, ack: 2016905786, window: 1448, ACK
0.318 Acknowledged seq: 2016904338
0.318 Assembling: source: 22303, dest: 27336, seq: 2016905786, ack: 38, window: 1448, data: "it ea, reque tem"...
0.319 Sent: b'W\x1fj\xc8x7\x8a:\x00\x00\x00&P\x00\x05\xa8\x00\x00\x00\x00it ea, reque tem'...
0.320 Received: b'j\xc8W\x1f\x00\x00\x00%x7\x8f\xe2P\x10\x05\xa8\x00\x00\x00\x00'
0.320 Disassembled: source: 27336, dest: 22303, seq: 37, ack: 2016907234, window: 1448, ACK
0.321 Acknowledged seq: 2016905786
0.321 Assembling: source: 22303, dest: 27336, seq: 2016907234, ack: 38, window: 1448, data: "alisque.

Equide"...
0.321 Sent: b'W\x1fj\xc8x7\x8f\xe2\x00\x00\x00&P\x00\x05\xa8\x00\x00\x00\x00alisque.\n\nEquide'...
0.323 Received: b'j\xc8W\x1f\x00\x00\x00%x7\x95\x8aP\x10\x05\xa8\x00\x00\x00\x00'
0.323 Disassembled: source: 27336, dest: 22303, seq: 37, ack: 2016908682, window: 1448, ACK
0.323 Acknowledged seq: 2016907234
0.324 Assembling: source: 22303, dest: 27336, seq: 2016908682, ack: 38, window: 1448, data: "finitiones, affe"...
0.324 Sent: b'W\x1fj\xc8x7\x95\x8a\x00\x00\x00&P\x00\x05\xa8\x00\x00\x00\x00finitiones, affe'...
0.326 Received: b'j\xc8W\x1f\x00\x00\x00%x7\x9b2P\x10\x05\xa8\x00\x00\x00\x00'
0.326 Disassembled: source: 27336, dest: 22303, seq: 37, ack: 2016910130, window: 1448, ACK
0.326 Acknowledged seq: 2016908682
0.326 Assembling: source: 22303, dest: 27336, seq: 2016910130, ack: 38, window: 1448, data: "his duis graeco "...
0.327 Sent: b'W\x1fj\xc8x7\x9b2\x00\x00\x00&P\x00\x05\xa8\x00\x00\x00\x00his duis graeco '...
0.328 Received: b'j\xc8W\x1f\x00\x00\x00%x7\xa0\xdaP\x10\x05\xa8\x00\x00\x00\x00'
0.329 Disassembled: source: 27336, dest: 22303, seq: 37, ack: 2016911578, window: 1448, ACK
0.329 Acknowledged seq: 2016910130
0.329 Assembling: source: 22303, dest: 27336, seq: 2016911578, ack: 38, window: 1448, data: "am. Alia possit "...
0.330 Sent: b'W\x1fj\xc8x7\xa0\xda\x00\x00\x00&P\x00\x05\xa8\x00\x00\x00\x00am. Alia possit '...
0.331 Received: b'j\xc8W\x1f\x00\x00\x00%x7\xa6\x82P\x10\x05\xa8\x00\x00\x00\x00'
0.332 Disassembled: source: 27336, dest: 22303, seq: 37, ack: 2016913026, window: 1448, ACK
0.332 Acknowledged seq: 2016911578
0.332 Assembling: source: 22303, dest: 27336, seq: 2016913026, ack: 38, window: 1448, data: "cum an. Mei faci"...
0.333 Sent: b'W\x1fj\xc8x7\xa6\x82\x00\x00\x00&P\x00\x05\xa8\x00\x00\x00\x00cum an. Mei faci'...
0.334 Received: b'j\xc8W\x1f\x00\x00\x00%x7\xac*P\x10\x05\xa8\x00\x00\x00\x00'
0.335 Disassembled: source: 27336, dest: 22303, seq: 37, ack: 2016914474, window: 1448, ACK
0.335 Acknowledged seq: 2016913026
0.335 Assembling: source: 22303, dest: 27336, seq: 2016914474, ack: 38, window: 1448, data: " vis adhuc tatio"...
0.335 Sent: b'W\x1fj\xc8x7\xac*\x00\x00\x00&P\x00\x05\xa8\x00\x00\x00\x00 vis adhuc tatio'...
0.337 Received: b'j\xc8W\x1f\x00\x00\x00%x7\xb1\xd2P\x10\x05\xa8\x00\x00\x00\x00'
0.338 Disassembled: source: 27336, dest: 22303, seq: 37, ack: 2016915922, window: 1448, ACK
0.338 Acknowledged seq: 2016914474
0.338 Assembling: source: 22303, dest: 27336, seq: 2016915922, ack: 38, window: 1448, data: "im eu option iuv"...
0.338 Sent: b'W\x1fj\xc8x7\xb1\xd2\x00\x00\x00&P\x00\x05\xa8\x00\x00\x00\x00im eu option iuv'...
0.340 Received: b'j\xc8W\x1f\x00\x00\x00%x7\xb7zP\x10\x05\xa8\x00\x00\x00\x00'
0.340 Disassembled: source: 27336, dest: 22303, seq: 37, ack: 2016917370, window: 1448, ACK
0.341 Acknowledged seq: 2016915922
0.341 Assembling: source: 22303, dest: 27336, seq: 2016917370, ack: 38, window: 1448, data: "ex epicurei taci"...
0.341 Sent: b'W\x1fj\xc8x7\xb7z\x00\x00\x00&P\x00\x05\xa8\x00\x00\x00\x00ex epicurei taci'...
0.343 Received: b'j\xc8W\x1f\x00\x00\x00%x7\xbd"P\x10\x05\xa8\x00\x00\x00\x00'
0.343 Disassembled: source: 27336, dest: 22303, seq: 37, ack: 2016918818, window: 1448, ACK
0.344 Acknowledged seq: 2016917370
0.344 Assembling: source: 22303, dest: 27336, seq: 2016918818, ack: 38, window: 1448, data: "ebat, eu pro ero"...
0.344 Sent: b'W\x1fj\xc8x7\xbd"\x00\x00\x00&P\x00\x05\xa8\x00\x00\x00\x00ebat, eu pro ero'...
0.346 Received: b'j\xc8W\x1f\x00\x00\x00%x7\xc2\xcaP\x10\x05\xa8\x00\x00\x00\x00'
0.346 Disassembled: source: 27336, dest: 22303, seq: 37, ack: 2016920266, window: 1448, ACK
0.347 Acknowledged seq: 2016918818
0.347 Assembling: source: 22303, dest: 27336, seq: 2016920266, ack: 38, window: 1448, data: "s. Per no sale v"...
0.347 Sent: b'W\x1fj\xc8x7\xc2\xca\x00\x00\x00&P\x00\x05\xa8\x00\x00\x00\x00s. Per no sale v'...
0.349 Received: b'j\xc8W\x1f\x00\x00\x00%x7\xc8rP\x10\x05\xa8\x00\x00\x00\x00'
0.349 Disassembled: source: 27336, dest: 22303, seq: 37, ack: 2016921714, window: 1448, ACK
0.349 Acknowledged seq: 2016920266
0.350 Assembling: source: 22303, dest: 27336, seq: 2016921714, ack: 38, window: 1448, data: "orrupte ea mel. "...
0.350 Sent: b'W\x1fj\xc8x7\xc8r\x00\x00\x00&P\x00\x05\xa8\x00\x00\x00\x00orrupte ea mel. '...
0.352 Received: b'j\xc8W\x1f\x00\x00\x00%x7\xce\x1aP\x10\x05\xa8\x00\x00\x00\x00'
0.352 Disassembled: source: 27336, dest: 22303, seq: 37, ack: 2016923162, window: 1448, ACK
0.353 Acknowledged seq: 2016921714
0.353 Assembling: source: 22303, dest: 27336, seq: 2016923162, ack: 38, window: 1448, data: ". Est iracundia "...
0.353 Sent: b'W\x1fj\xc8x7\xce\x1a\x00\x00\x00&P\x00\x05\xa8\x00\x00\x00\x00. Est iracundia '...
0.355 Received: b'j\xc8W\x1f\x00\x00\x00%x7\xd3\xc2P\x10\x05\xa8\x00\x00\x00\x00'
0.355 Disassembled: source: 27336, dest: 22303, seq: 37, ack: 2016924610, window: 1448, ACK
0.356 Acknowledged seq: 2016923162
0.356 Assembling: source: 22303, dest: 27336, seq: 2016924610, ack: 38, window: 1448, data: "pta probatus scr"...
0.356 Sent: b'W\x1fj\xc8x7\xd3\xc2\x00\x00\x00&P\x00\x05\xa8\x00\x00\x00\x00pta probatus scr'...
0.358 Received: b'j\xc8W\x1f\x00\x00\x00%x7\xd9jP\x10\x05\xa8\x00\x00\x00\x00'
0.358 Disassembled: source: 27336, dest: 22303, seq: 37, ack: 2016926058, window: 1448, ACK
0.359 Acknowledged seq: 2016924610
0.359 Assembling: source: 22303, dest: 27336, seq: 2016926058, ack: 38, window: 1448, data: "entur ei, pro ei"...
0.359 Sent: b'W\x1fj\xc8x7\xd9j\x00\x00\x00&P\x00\x05\xa8\x00\x00\x00\x00entur ei, pro ei'...
0.361 Received: b'j\xc8W\x1f\x00\x00\x00%x7\xdf\x12P\x10\x05\xa8\x00\x00\x00\x00'
0.362 Disassembled: source: 27336, dest: 22303, seq: 37, ack: 2016927506, window: 1448, ACK
0.362 Acknowledged seq: 2016926058
0.362 Assembling: source: 22303, dest: 27336, seq: 2016927506, ack: 38, window: 1448, data: "simul euismod vi"...
0.362 Sent: b'W\x1fj\xc8x7\xdf\x12\x00\x00\x00&P\x00\x05\xa8\x00\x00\x00\x00simul euismod vi'...
0.364 Received: b'j\xc8W\x1f\x00\x00\x00%x7\xe4\xbaP\x10\x05\xa8\x00\x00\x00\x00'
0.364 Disassembled: source: 27336, dest: 22303, seq: 37, ack: 2016928954, window: 1448, ACK
0.365 Acknowledged seq: 2016927506
0.365 Assembling: source: 22303, dest: 27336, seq: 2016928954, ack: 38, window: 1448, data: ", eam id iudico "...
0.365 Sent: b'W\x1fj\xc8x7\xe4\xba\x00\x00\x00&P\x00\x05\xa8\x00\x00\x00\x00, eam id iudico '...
0.367 Received: b'j\xc8W\x1f\x00\x00\x00%x7\xeabP\x10\x05\xa8\x00\x00\x00\x00'
0.367 Disassembled: source: 27336, dest: 22303, seq: 37, ack: 2016930402, window: 1448, ACK
0.367 Acknowledged seq: 2016928954
0.367 Assembling: source: 22303, dest: 27336, seq: 2016930402, ack: 38, window: 1448, data: "m vix. Ea est mu"...
0.368 Sent: b'W\x1fj\xc8x7\xeab\x00\x00\x00&P\x00\x05\xa8\x00\x00\x00\x00m vix. Ea est mu'...
0.369 Received: b'j\xc8W\x1f\x00\x00\x00%x7\xf0\nP\x10\x05\xa8\x00\x00\x00\x00'
0.370 Disassembled: source: 27336, dest: 22303, seq: 37, ack: 2016931850, window: 1448, ACK
0.370 Acknowledged seq: 2016930402
0.370 Assembling: source: 22303, dest: 27336, seq: 2016931850, ack: 38, window: 1448, data: "olor sit amet, e"...
0.371 Sent: b'W\x1fj\xc8x7\xf0\n\x00\x00\x00&P\x00\x05\xa8\x00\x00\x00\x00olor sit amet, e'...
0.372 Received: b'j\xc8W\x1f\x00\x00\x00%x7\xf5\xb2P\x10\x05\xa8\x00\x00\x00\x00'
0.373 Disassembled: source: 27336, dest: 22303, seq: 37, ack: 2016933298, window: 1448, ACK
0.373 Acknowledged seq: 2016931850
0.373 Assembling: source: 22303, dest: 27336, seq: 2016933298, ack: 38, window: 1448, data: "m, aperiam iudic"...
0.373 Sent: b'W\x1fj\xc8x7\xf5\xb2\x00\x00\x00&P\x00\x05\xa8\x00\x00\x00\x00m, aperiam iudic'...
0.375 Received: b'j\xc8W\x1f\x00\x00\x00%x7\xfbZP\x10\x05\xa8\x00\x00\x00\x00'
0.376 Disassembled: source: 27336, dest: 22303, seq: 37, ack: 2016934746, window: 1448, ACK
0.376 Acknowledged seq: 2016933298
0.376 Assembling: source: 22303, dest: 27336, seq: 2016934746, ack: 38, window: 1448, data: "re sea. No eos d"...
0.377 Sent: b'W\x1fj\xc8x7\xfbZ\x00\x00\x00&P\x00\x05\xa8\x00\x00\x00\x00re sea. No eos d'...
0.378 Received: b'j\xc8W\x1f\x00\x00\x00%x8\x01\x02P\x10\x05\xa8\x00\x00\x00\x00'
0.379 Disassembled: source: 27336, dest: 22303, seq: 37, ack: 2016936194, window: 1448, ACK
0.379 Acknowledged seq: 2016934746
0.379 Assembling: source: 22303, dest: 27336, seq: 2016936194, ack: 38, window: 1448, data: "t scripta philos"...
0.380 Sent: b'W\x1fj\xc8x8\x01\x02\x00\x00\x00&P\x00\x05\xa8\x00\x00\x00\x00t scripta philos'...
0.381 Received: b'j\xc8W\x1f\x00\x00\x00%x8\x06\xaaP\x10\x05\xa8\x00\x00\x00\x00'
0.382 Disassembled: source: 27336, dest: 22303, seq: 37, ack: 2016937642, window: 1448, ACK
0.382 Acknowledged seq: 2016936194
0.382 Assembling: source: 22303, dest: 27336, seq: 2016937642, ack: 38, window: 1448, data: "tos sadipscing e"...
0.383 Sent: b'W\x1fj\xc8x8\x06\xaa\x00\x00\x00&P\x00\x05\xa8\x00\x00\x00\x00tos sadipscing e'...
0.384 Received: b'j\xc8W\x1f\x00\x00\x00%x8\x0cRP\x10\x05\xa8\x00\x00\x00\x00'
0.385 Disassembled: source: 27336, dest: 22303, seq: 37, ack: 2016939090, window: 1448, ACK
0.385 Acknowledged seq: 2016937642
0.385 Assembling: source: 22303, dest: 27336, seq: 2016939090, ack: 38, window: 1448, data: "sapientem ea, ad"...
0.386 Sent: b'W\x1fj\xc8x8\x0cR\x00\x00\x00&P\x00\x05\xa8\x00\x00\x00\x00sapientem ea, ad'...
0.388 Received: b'j\xc8W\x1f\x00\x00\x00%x8\x11\xfaP\x10\x05\xa8\x00\x00\x00\x00'
0.388 Disassembled: source: 27336, dest: 22303, seq: 37, ack: 2016940538, window: 1448, ACK
0.388 Acknowledged seq: 2016939090
0.388 Assembling: source: 22303, dest: 27336, seq: 2016940538, ack: 38, window: 1448, data: "g, ei invenire p"...
0.389 Sent: b'W\x1fj\xc8x8\x11\xfa\x00\x00\x00&P\x00\x05\xa8\x00\x00\x00\x00g, ei invenire p'...
0.391 Received: b'j\xc8W\x1f\x00\x00\x00%x8\x17\xa2P\x10\x05\xa8\x00\x00\x00\x00'
0.391 Disassembled: source: 27336, dest: 22303, seq: 37, ack: 2016941986, window: 1448, ACK
0.391 Acknowledged seq: 2016940538
0.392 Assembling: source: 22303, dest: 27336, seq: 2016941986, ack: 38, window: 1448, data: "endo at. Qui id "...
0.392 Sent: b'W\x1fj\xc8x8\x17\xa2\x00\x00\x00&P\x00\x05\xa8\x00\x00\x00\x00endo at. Qui id '...
0.394 Received: b'j\xc8W\x1f\x00\x00\x00%x8\x1dJP\x10\x05\xa8\x00\x00\x00\x00'
0.394 Disassembled: source: 27336, dest: 22303, seq: 37, ack: 2016943434, window: 1448, ACK
0.394 Acknowledged seq: 2016941986
0.395 Assembling: source: 22303, dest: 27336, seq: 2016943434, ack: 38, window: 1448, data: "ota nostrum et p"...
0.395 Sent: b'W\x1fj\xc8x8\x1dJ\x00\x00\x00&P\x00\x05\xa8\x00\x00\x00\x00ota nostrum et p'...
0.397 Received: b'j\xc8W\x1f\x00\x00\x00%x8"\xf2P\x10\x05\xa8\x00\x00\x00\x00'
0.397 Disassembled: source: 27336, dest: 22303, seq: 37, ack: 2016944882, window: 1448, ACK
0.398 Acknowledged seq: 2016943434
0.398 Assembling: source: 22303, dest: 27336, seq: 2016944882, ack: 38, window: 1448, data: "deseruisse id. P"...
0.398 Sent: b'W\x1fj\xc8x8"\xf2\x00\x00\x00&P\x00\x05\xa8\x00\x00\x00\x00deseruisse id. P'...
0.400 Received: b'j\xc8W\x1f\x00\x00\x00%x8(\x9aP\x10\x05\xa8\x00\x00\x00\x00'
0.400 Disassembled: source: 27336, dest: 22303, seq: 37, ack: 2016946330, window: 1448, ACK
0.401 Acknowledged seq: 2016944882
0.401 Assembling: source: 22303, dest: 27336, seq: 2016946330, ack: 38, window: 1448, data: "odo munere imper"...
0.401 Sent: b'W\x1fj\xc8x8(\x9a\x00\x00\x00&P\x00\x05\xa8\x00\x00\x00\x00odo munere imper'...
0.403 Received: b'j\xc8W\x1f\x00\x00\x00%x8.BP\x10\x05\xa8\x00\x00\x00\x00'
0.404 Disassembled: source: 27336, dest: 22303, seq: 37, ack: 2016947778, window: 1448, ACK
0.404 Acknowledged seq: 2016946330
0.404 Assembling: source: 22303, dest: 27336, seq: 2016947778, ack: 38, window: 1448, data: "cimates cum, tib"...
0.404 Sent: b'W\x1fj\xc8x8.B\x00\x00\x00&P\x00\x05\xa8\x00\x00\x00\x00cimates cum, tib'...
0.406 Received: b'j\xc8W\x1f\x00\x00\x00%x83\xeaP\x10\x05\xa8\x00\x00\x00\x00'
0.407 Disassembled: source: 27336, dest: 22303, seq: 37, ack: 2016949226, window: 1448, ACK
0.407 Acknowledged seq: 2016947778
0.407 Assembling: source: 22303, dest: 27336, seq: 2016949226, ack: 38, window: 1448, data: "tiopam molestiae"...
0.408 Sent: b'W\x1fj\xc8x83\xea\x00\x00\x00&P\x00\x05\xa8\x00\x00\x00\x00tiopam molestiae'...
0.409 Received: b'j\xc8W\x1f\x00\x00\x00%x89\x92P\x10\x05\xa8\x00\x00\x00\x00'
0.410 Disassembled: source: 27336, dest: 22303, seq: 37, ack: 2016950674, window: 1448, ACK
0.410 Acknowledged seq: 2016949226
0.410 Assembling: source: 22303, dest: 27336, seq: 2016950674, ack: 38, window: 1448, data: "possim qui no, v"...
0.411 Sent: b'W\x1fj\xc8x89\x92\x00\x00\x00&P\x00\x05\xa8\x00\x00\x00\x00possim qui no, v'...
0.412 Received: b'j\xc8W\x1f\x00\x00\x00%x8?:P\x10\x05\xa8\x00\x00\x00\x00'
0.413 Disassembled: source: 27336, dest: 22303, seq: 37, ack: 2016952122, window: 1448, ACK
0.413 Acknowledged seq: 2016950674
0.413 Assembling: source: 22303, dest: 27336, seq: 2016952122, ack: 38, window: 1448, data: " ex utinam parti"...
0.414 Sent: b'W\x1fj\xc8x8?:\x00\x00\x00&P\x00\x05\xa8\x00\x00\x00\x00 ex utinam parti'...
0.416 Received: b'j\xc8W\x1f\x00\x00\x00%x8D\xe2P\x10\x05\xa8\x00\x00\x00\x00'
0.416 Disassembled: source: 27336, dest: 22303, seq: 37, ack: 2016953570, window: 1448, ACK
0.416 Acknowledged seq: 2016952122
0.417 Assembling: source: 22303, dest: 27336, seq: 2016953570, ack: 38, window: 1448, data: "icus in his. Pri"...
0.417 Sent: b'W\x1fj\xc8x8D\xe2\x00\x00\x00&P\x00\x05\xa8\x00\x00\x00\x00icus in his. Pri'...
0.419 Received: b'j\xc8W\x1f\x00\x00\x00%x8J\x8aP\x10\x05\xa8\x00\x00\x00\x00'
0.420 Disassembled: source: 27336, dest: 22303, seq: 37, ack: 2016955018, window: 1448, ACK
0.420 Acknowledged seq: 2016953570
0.420 Assembling: source: 22303, dest: 27336, seq: 2016955018, ack: 38, window: 1448, data: "iis et.

Ius cu "...
0.420 Sent: b'W\x1fj\xc8x8J\x8a\x00\x00\x00&P\x00\x05\xa8\x00\x00\x00\x00iis et.\n\nIus cu '...
0.422 Received: b'j\xc8W\x1f\x00\x00\x00%x8P2P\x10\x05\xa8\x00\x00\x00\x00'
0.423 Disassembled: source: 27336, dest: 22303, seq: 37, ack: 2016956466, window: 1448, ACK
0.423 Acknowledged seq: 2016955018
0.423 Assembling: source: 22303, dest: 27336, seq: 2016956466, ack: 38, window: 1448, data: "e interesset.

T"...
0.424 Sent: b'W\x1fj\xc8x8P2\x00\x00\x00&P\x00\x05\xa8\x00\x00\x00\x00e interesset.\n\nT'...
0.426 Received: b'j\xc8W\x1f\x00\x00\x00%x8U\xdaP\x10\x05\xa8\x00\x00\x00\x00'
0.426 Disassembled: source: 27336, dest: 22303, seq: 37, ack: 2016957914, window: 1448, ACK
0.426 Acknowledged seq: 2016956466
0.427 Assembling: source: 22303, dest: 27336, seq: 2016957914, ack: 38, window: 1448, data: "pro alia volutpa"...
0.427 Sent: b'W\x1fj\xc8x8U\xda\x00\x00\x00&P\x00\x05\xa8\x00\x00\x00\x00pro alia volutpa'...
0.429 Received: b'j\xc8W\x1f\x00\x00\x00%x8[\x82P\x10\x05\xa8\x00\x00\x00\x00'
0.429 Disassembled: source: 27336, dest: 22303, seq: 37, ack: 2016959362, window: 1448, ACK
0.430 Acknowledged seq: 2016957914
0.430 Assembling: source: 22303, dest: 27336, seq: 2016959362, ack: 38, window: 1448, data: " libris equidem "...
0.430 Sent: b'W\x1fj\xc8x8[\x82\x00\x00\x00&P\x00\x05\xa8\x00\x00\x00\x00 libris equidem '...
0.432 Received: b'j\xc8W\x1f\x00\x00\x00%x8a*P\x10\x05\xa8\x00\x00\x00\x00'
0.433 Disassembled: source: 27336, dest: 22303, seq: 37, ack: 2016960810, window: 1448, ACK
0.433 Acknowledged seq: 2016959362
0.433 Assembling: source: 22303, dest: 27336, seq: 2016960810, ack: 38, window: 1448, data: "uavitate volupta"...
0.433 Sent: b'W\x1fj\xc8x8a*\x00\x00\x00&P\x00\x05\xa8\x00\x00\x00\x00uavitate volupta'...
0.435 Received: b'j\xc8W\x1f\x00\x00\x00%x8f\xd2P\x10\x05\xa8\x00\x00\x00\x00'
0.436 Disassembled: source: 27336, dest: 22303, seq: 37, ack: 2016962258, window: 1448, ACK
0.436 Acknowledged seq: 2016960810
0.436 Assembling: source: 22303, dest: 27336, seq: 2016962258, ack: 38, window: 1448, data: " Detraxit defini"...
0.437 Sent: b'W\x1fj\xc8x8f\xd2\x00\x00\x00&P\x00\x05\xa8\x00\x00\x00\x00 Detraxit defini'...
0.439 Received: b'j\xc8W\x1f\x00\x00\x00%x8lzP\x10\x05\xa8\x00\x00\x00\x00'
0.439 Disassembled: source: 27336, dest: 22303, seq: 37, ack: 2016963706, window: 1448, ACK
0.439 Acknowledged seq: 2016962258
0.440 Assembling: source: 22303, dest: 27336, seq: 2016963706, ack: 38, window: 1448, data: "aesent mei. Quo "...
0.440 Sent: b'W\x1fj\xc8x8lz\x00\x00\x00&P\x00\x05\xa8\x00\x00\x00\x00aesent mei. Quo '...
0.442 Received: b'j\xc8W\x1f\x00\x00\x00%x8r"P\x10\x05\xa8\x00\x00\x00\x00'
0.443 Disassembled: source: 27336, dest: 22303, seq: 37, ack: 2016965154, window: 1448, ACK
0.443 Acknowledged seq: 2016963706
0.443 Assembling: source: 22303, dest: 27336, seq: 2016965154, ack: 38, window: 1448, data: "nterpretaris no "...
0.443 Sent: b'W\x1fj\xc8x8r"\x00\x00\x00&P\x00\x05\xa8\x00\x00\x00\x00nterpretaris no '...
0.445 Received: b'j\xc8W\x1f\x00\x00\x00%x8w\xcaP\x10\x05\xa8\x00\x00\x00\x00'
0.446 Disassembled: source: 27336, dest: 22303, seq: 37, ack: 2016966602, window: 1448, ACK
0.446 Acknowledged seq: 2016965154
0.446 Assembling: source: 22303, dest: 27336, seq: 2016966602, ack: 38, window: 1448, data: "patrioque has. I"...
0.447 Sent: b'W\x1fj\xc8x8w\xca\x00\x00\x00&P\x00\x05\xa8\x00\x00\x00\x00patrioque has. I'...
0.448 Received: b'j\xc8W\x1f\x00\x00\x00%x8}rP\x10\x05\xa8\x00\x00\x00\x00'
0.449 Disassembled: source: 27336, dest: 22303, seq: 37, ack: 2016968050, window: 1448, ACK
0.449 Acknowledged seq: 2016966602
0.449 Assembling: source: 22303, dest: 27336, seq: 2016968050, ack: 38, window: 1448, data: "ossit repudianda"...
0.450 Sent: b'W\x1fj\xc8x8}r\x00\x00\x00&P\x00\x05\xa8\x00\x00\x00\x00ossit repudianda'...
0.451 Received: b'j\xc8W\x1f\x00\x00\x00%x8\x83\x1aP\x10\x05\xa8\x00\x00\x00\x00'
0.452 Disassembled: source: 27336, dest: 22303, seq: 37, ack: 2016969498, window: 1448, ACK
0.452 Acknowledged seq: 2016968050
0.452 Assembling: source: 22303, dest: 27336, seq: 2016969498, ack: 38, window: 1448, data: "ora consequuntur"...
0.453 Sent: b'W\x1fj\xc8x8\x83\x1a\x00\x00\x00&P\x00\x05\xa8\x00\x00\x00\x00ora consequuntur'...
0.455 Received: b'j\xc8W\x1f\x00\x00\x00%x8\x88\xc2P\x10\x05\xa8\x00\x00\x00\x00'
0.455 Disassembled: source: 27336, dest: 22303, seq: 37, ack: 2016970946, window: 1448, ACK
0.455 Acknowledged seq: 2016969498
0.456 Assembling: source: 22303, dest: 27336, seq: 2016970946, ack: 38, window: 1448, data: "ctus conceptam a"...
0.456 Sent: b'W\x1fj\xc8x8\x88\xc2\x00\x00\x00&P\x00\x05\xa8\x00\x00\x00\x00ctus conceptam a'...
0.458 Received: b'j\xc8W\x1f\x00\x00\x00%x8\x8ejP\x10\x05\xa8\x00\x00\x00\x00'
0.458 Disassembled: source: 27336, dest: 22303, seq: 37, ack: 2016972394, window: 1448, ACK
0.458 Acknowledged seq: 2016970946
0.459 Assembling: source: 22303, dest: 27336, seq: 2016972394, ack: 38, window: 1448, data: " aeterno te, ne "...
0.459 Sent: b'W\x1fj\xc8x8\x8ej\x00\x00\x00&P\x00\x05\xa8\x00\x00\x00\x00 aeterno te, ne '...
0.461 Received: b'j\xc8W\x1f\x00\x00\x00%x8\x94\x12P\x10\x05\xa8\x00\x00\x00\x00'
0.462 Disassembled: source: 27336, dest: 22303, seq: 37, ack: 2016973842, window: 1448, ACK
0.462 Acknowledged seq: 2016972394
0.462 Assembling: source: 22303, dest: 27336, seq: 2016973842, ack: 38, window: 1448, data: "imis oporteat di"...
0.462 Sent: b'W\x1fj\xc8x8\x94\x12\x00\x00\x00&P\x00\x05\xa8\x00\x00\x00\x00imis oporteat di'...
0.464 Received: b'j\xc8W\x1f\x00\x00\x00%x8\x99\xbaP\x10\x05\xa8\x00\x00\x00\x00'
0.465 Disassembled: source: 27336, dest: 22303, seq: 37, ack: 2016975290, window: 1448, ACK
0.465 Acknowledged seq: 2016973842
0.465 Assembling: source: 22303, dest: 27336, seq: 2016975290, ack: 38, window: 1448, data: "re. Has virtute "...
0.466 Sent: b'W\x1fj\xc8x8\x99\xba\x00\x00\x00&P\x00\x05\xa8\x00\x00\x00\x00re. Has virtute '...
0.468 Received: b'j\xc8W\x1f\x00\x00\x00%x8\x9fbP\x10\x05\xa8\x00\x00\x00\x00'
0.468 Disassembled: source: 27336, dest: 22303, seq: 37, ack: 2016976738, window: 1448, ACK
0.468 Acknowledged seq: 2016975290
0.469 Assembling: source: 22303, dest: 27336, seq: 2016976738, ack: 38, window: 1448, data: " eum ancillae no"...
0.469 Sent: b'W\x1fj\xc8x8\x9fb\x00\x00\x00&P\x00\x05\xa8\x00\x00\x00\x00 eum ancillae no'...
0.471 Received: b'j\xc8W\x1f\x00\x00\x00%x8\xa5\nP\x10\x05\xa8\x00\x00\x00\x00'
0.471 Disassembled: source: 27336, dest: 22303, seq: 37, ack: 2016978186, window: 1448, ACK
0.472 Acknowledged seq: 2016976738
0.472 Assembling: source: 22303, dest: 27336, seq: 2016978186, ack: 38, window: 1448, data: "ppareat ius. At "...
0.472 Sent: b'W\x1fj\xc8x8\xa5\n\x00\x00\x00&P\x00\x05\xa8\x00\x00\x00\x00ppareat ius. At '...
0.474 Received: b'j\xc8W\x1f\x00\x00\x00%x8\xaa\xb2P\x10\x05\xa8\x00\x00\x00\x00'
0.475 Disassembled: source: 27336, dest: 22303, seq: 37, ack: 2016979634, window: 1448, ACK
0.475 Acknowledged seq: 2016978186
0.475 Assembling: source: 22303, dest: 27336, seq: 2016979634, ack: 38, window: 1448, data: ", vero appellant"...
0.476 Sent: b'W\x1fj\xc8x8\xaa\xb2\x00\x00\x00&P\x00\x05\xa8\x00\x00\x00\x00, vero appellant'...
0.477 Received: b'j\xc8W\x1f\x00\x00\x00%x8\xb0ZP\x10\x05\xa8\x00\x00\x00\x00'
0.478 Disassembled: source: 27336, dest: 22303, seq: 37, ack: 2016981082, window: 1448, ACK
0.478 Acknowledged seq: 2016979634
0.478 Assembling: source: 22303, dest: 27336, seq: 2016981082, ack: 38, window: 1448, data: "ibo quando copio"...
0.479 Sent: b'W\x1fj\xc8x8\xb0Z\x00\x00\x00&P\x00\x05\xa8\x00\x00\x00\x00ibo quando copio'...
0.481 Received: b'j\xc8W\x1f\x00\x00\x00%x8\xb6\x02P\x10\x05\xa8\x00\x00\x00\x00'
0.481 Disassembled: source: 27336, dest: 22303, seq: 37, ack: 2016982530, window: 1448, ACK
0.481 Acknowledged seq: 2016981082
0.482 Assembling: source: 22303, dest: 27336, seq: 2016982530, ack: 38, window: 1448, data: " maluisset. Sit "...
0.482 Sent: b'W\x1fj\xc8x8\xb6\x02\x00\x00\x00&P\x00\x05\xa8\x00\x00\x00\x00 maluisset. Sit '...
0.484 Received: b'j\xc8W\x1f\x00\x00\x00%x8\xbb\xaaP\x10\x05\xa8\x00\x00\x00\x00'
0.484 Disassembled: source: 27336, dest: 22303, seq: 37, ack: 2016983978, window: 1448, ACK
0.485 Acknowledged seq: 2016982530
0.485 Assembling: source: 22303, dest: 27336, seq: 2016983978, ack: 38, window: 1448, data: "e ceteros albuci"...
0.485 Sent: b'W\x1fj\xc8x8\xbb\xaa\x00\x00\x00&P\x00\x05\xa8\x00\x00\x00\x00e ceteros albuci'...
0.487 Received: b'j\xc8W\x1f\x00\x00\x00%x8\xc1RP\x10\x05\xa8\x00\x00\x00\x00'
0.488 Disassembled: source: 27336, dest: 22303, seq: 37, ack: 2016985426, window: 1448, ACK
0.488 Acknowledged seq: 2016983978
0.488 Assembling: source: 22303, dest: 27336, seq: 2016985426, ack: 38, window: 1448, data: "complectitur sea"...
0.489 Sent: b'W\x1fj\xc8x8\xc1R\x00\x00\x00&P\x00\x05\xa8\x00\x00\x00\x00complectitur sea'...
0.491 Received: b'j\xc8W\x1f\x00\x00\x00%x8\xc6\xfaP\x10\x05\xa8\x00\x00\x00\x00'
0.491 Disassembled: source: 27336, dest: 22303, seq: 37, ack: 2016986874, window: 1448, ACK
0.491 Acknowledged seq: 2016985426
0.492 Finished reading file
0.492 Assembling: source: 22303, dest: 27336, seq: 2016986874, ack: 38, window: 1448, data: "tempor ex ius. E"...
0.492 Sent: b'W\x1fj\xc8x8\xc6\xfa\x00\x00\x00&P\x00\x05\xa8\x00\x00\x00\x00tempor ex ius. E'...
0.494 Received: b'j\xc8W\x1f\x00\x00\x00%x8\xc7XP\x10\x05\xa8\x00\x00\x00\x00'
0.495 Disassembled: source: 27336, dest: 22303, seq: 37, ack: 2016986968, window: 1448, ACK
0.495 Acknowledged seq: 2016986874
0.495 Assembling: source: 22303, dest: 27336, seq: 2016986968, ack: 38, window: 1448, ACK, FIN
0.496 Sent: b'W\x1fj\xc8x8\xc7X\x00\x00\x00&P\x11\x05\xa8\x00\x00\x00\x00'
0.497 Received: b'j\xc8W\x1f\x00\x00\x00%x8\xc7YP\x10\x05\xa8\x00\x00\x00\x00'
0.498 Disassembled: source: 27336, dest: 22303, seq: 37, ack: 2016986969, window: 1448, ACK
0.498 FIN accepted; sending final packet
0.498 Assembling: source: 22303, dest: 27336, seq: 2016986969, ack: 38, window: 1448, ACK
0.498 Sent: b'W\x1fj\xc8x8\xc7Y\x00\x00\x00&P\x10\x05\xa8\x00\x00\x00\x00'
0.499 Closed connection
0.499 Shutting down
