0.000 NEW RUN: Server, TEST: Read_file__Latency
0.222 Received: b'\xfbXf\xf4\x00\x00\x00\r\x00\x00\x00\x00P\x02\x05\xa8\x00\x00\x00\x00'
0.222 Disassembled: source: 64344, dest: 26356, seq: 13, window: 1448, SYN
0.223 SYN accepted; new connection: 127.0.0.1 on port 64344
0.223 Assembling: source: 26356, dest: 64344, seq: 2125106549, ack: 14, window: 1448, ACK, SYN
0.223 Sent: b'f\xf4\xfbX~\xaa\x8du\x00\x00\x00\x0eP\x12\x05\xa8\x00\x00\x00\x00'
0.724 Sent: b'f\xf4\xfbX~\xaa\x8du\x00\x00\x00\x0eP\x12\x05\xa8\x00\x00\x00\x00'
1.224 Sent: b'f\xf4\xfbX~\xaa\x8du\x00\x00\x00\x0eP\x12\x05\xa8\x00\x00\x00\x00'
1.228 Received: b'\xfbXf\xf4\x00\x00\x00\x0e~\xaa\x8dvP\x10\x05\xa8\x00\x00\x00\x00'
1.228 Disassembled: source: 64344, dest: 26356, seq: 14, ack: 2125106550, window: 1448, ACK
1.229 Handshake complete
1.229 Acknowledged seq: 2125106549
1.229 Assembling: source: 26356, dest: 64344, seq: 2125106550, ack: 15, window: 1448, data: "Lorem ipsum dolo"...
1.229 Sent: b'f\xf4\xfbX~\xaa\x8dv\x00\x00\x00\x0fP\x00\x05\xa8\x00\x00\x00\x00Lorem ipsum dolo'...
1.730 Sent: b'f\xf4\xfbX~\xaa\x8dv\x00\x00\x00\x0fP\x00\x05\xa8\x00\x00\x00\x00Lorem ipsum dolo'...
2.231 Sent: b'f\xf4\xfbX~\xaa\x8dv\x00\x00\x00\x0fP\x00\x05\xa8\x00\x00\x00\x00Lorem ipsum dolo'...
2.731 Sent: b'f\xf4\xfbX~\xaa\x8dv\x00\x00\x00\x0fP\x00\x05\xa8\x00\x00\x00\x00Lorem ipsum dolo'...
3.232 Sent: b'f\xf4\xfbX~\xaa\x8dv\x00\x00\x00\x0fP\x00\x05\xa8\x00\x00\x00\x00Lorem ipsum dolo'...
3.732 Sent: b'f\xf4\xfbX~\xaa\x8dv\x00\x00\x00\x0fP\x00\x05\xa8\x00\x00\x00\x00Lorem ipsum dolo'...
4.233 Error: Connection timed out
4.233 Closed connection
4.732 Shutting down
