0.000 NEW RUN: Server, TEST: Write_file__Random_drops
0.202 Received: b'\xc7\xb9\xa3\x08\x00\x00\x00\x10\x00\x00\x00\x00P\x02\x05\xa8\x00\x00\x00\x00'
0.202 Disassembled: source: 51129, dest: 41736, seq: 16, window: 1448, SYN
0.202 SYN accepted; new connection: 127.0.0.1 on port 51129
0.203 Assembling: source: 41736, dest: 51129, seq: 2087819296, ack: 17, window: 5808, ACK, SYN
0.203 Failed to send packet
0.703 Sent: b'\xa3\x08\xc7\xb9|q\x98 \x00\x00\x00\x11P\x12\x16\xb0\x00\x00\x00\x00'
0.706 Received: b'\xc7\xb9\xa3\x08\x00\x00\x00\x11|q\x98!P\x10\x16\xb0\x00\x00\x00\x00'
0.706 Disassembled: source: 51129, dest: 41736, seq: 17, ack: 2087819297, window: 5808, ACK
0.707 Assembling: source: 41736, dest: 51129, seq: 2087819297, ack: 17, window: 5808, ACK
0.707 Sent: b'\xa3\x08\xc7\xb9|q\x98!\x00\x00\x00\x11P\x10\x16\xb0\x00\x00\x00\x00'
0.708 Received: b'\xc7\xb9\xa3\x08\x00\x00\x00\x11|q\x98!P\x10\x16\xb0\x00\x00\x00\x00Lorem ipsum dolo'...
0.709 Disassembled: source: 51129, dest: 41736, seq: 17, ack: 2087819297, window: 5808, ACK, data: "Lorem ipsum dolo"...
0.709 Handshake complete
0.709 Data accepted; writing to file
0.709 Assembling: source: 41736, dest: 51129, seq: 2087819297, ack: 1465, window: 5808, ACK
0.709 Sent: b'\xa3\x08\xc7\xb9|q\x98!\x00\x00\x05\xb9P\x10\x16\xb0\x00\x00\x00\x00'
0.711 Failed to receive packet
0.713 Received: b'\xc7\xb9\xa3\x08\x00\x00\x05\xb9|q\x98!P\x00\x16\xb0\x00\x00\x00\x00mprehensam nam, '...
0.713 Disassembled: source: 51129, dest: 41736, seq: 1465, ack: 2087819297, window: 5808, data: "mprehensam nam, "...
0.713 Data accepted; writing to file
0.714 Assembling: source: 41736, dest: 51129, seq: 2087819297, ack: 2913, window: 5808, ACK
0.714 Sent: b'\xa3\x08\xc7\xb9|q\x98!\x00\x00\x0baP\x10\x16\xb0\x00\x00\x00\x00'
0.717 Received: b'\xc7\xb9\xa3\x08\x00\x00\x0ba|q\x98!P\x00\x16\xb0\x00\x00\x00\x00ilisi repudiare '...
0.717 Disassembled: source: 51129, dest: 41736, seq: 2913, ack: 2087819297, window: 5808, data: "ilisi repudiare "...
0.717 Data accepted; writing to file
0.717 Assembling: source: 41736, dest: 51129, seq: 2087819297, ack: 4361, window: 5808, ACK
0.718 Sent: b'\xa3\x08\xc7\xb9|q\x98!\x00\x00\x11\tP\x10\x16\xb0\x00\x00\x00\x00'
0.720 Received: b'\xc7\xb9\xa3\x08\x00\x00\x11\t|q\x98!P\x00\x16\xb0\x00\x00\x00\x00ta.\n\nEt essent s'...
0.720 Disassembled: source: 51129, dest: 41736, seq: 4361, ack: 2087819297, window: 5808, data: "ta.

Et essent s"...
0.720 Data accepted; writing to file
0.721 Assembling: source: 41736, dest: 51129, seq: 2087819297, ack: 5809, window: 5808, ACK
0.721 Sent: b'\xa3\x08\xc7\xb9|q\x98!\x00\x00\x16\xb1P\x10\x16\xb0\x00\x00\x00\x00'
0.723 Received: b'\xc7\xb9\xa3\x08\x00\x00\x16\xb1|q\x98!P\x00\x16\xb0\x00\x00\x00\x00 Nihil tractatos'...
0.723 Disassembled: source: 51129, dest: 41736, seq: 5809, ack: 2087819297, window: 5808, data: " Nihil tractatos"...
0.723 Data accepted; writing to file
0.724 Assembling: source: 41736, dest: 51129, seq: 2087819297, ack: 7257, window: 5808, ACK
0.724 Failed to send packet
1.224 Sent: b'\xa3\x08\xc7\xb9|q\x98!\x00\x00\x1cYP\x10\x16\xb0\x00\x00\x00\x00'
1.228 Received: b'\xc7\xb9\xa3\x08\x00\x00\x1cY|q\x98!P\x00\x16\xb0\x00\x00\x00\x00fert iuvaret sap'...
1.228 Disassembled: source: 51129, dest: 41736, seq: 7257, ack: 2087819297, window: 5808, data: "fert iuvaret sap"...
1.228 Data accepted; writing to file
1.228 Assembling: source: 41736, dest: 51129, seq: 2087819297, ack: 8705, window: 5808, ACK
1.229 Sent: b'\xa3\x08\xc7\xb9|q\x98!\x00\x00"\x01P\x10\x16\xb0\x00\x00\x00\x00'
1.232 Received: b'\xc7\xb9\xa3\x08\x00\x00"\x01|q\x98!P\x00\x16\xb0\x00\x00\x00\x00ram adipiscing, '...
1.232 Disassembled: source: 51129, dest: 41736, seq: 8705, ack: 2087819297, window: 5808, data: "ram adipiscing, "...
1.233 Data accepted; writing to file
1.233 Assembling: source: 41736, dest: 51129, seq: 2087819297, ack: 10153, window: 5808, ACK
1.233 Sent: b"\xa3\x08\xc7\xb9|q\x98!\x00\x00'\xa9P\x10\x16\xb0\x00\x00\x00\x00"
1.236 Received: b"\xc7\xb9\xa3\x08\x00\x00'\xa9|q\x98!P\x00\x16\xb0\x00\x00\x00\x00m veritus vivend"...
1.237 Disassembled: source: 51129, dest: 41736, seq: 10153, ack: 2087819297, window: 5808, data: "m veritus vivend"...
1.237 Data accepted; writing to file
1.237 Assembling: source: 41736, dest: 51129, seq: 2087819297, ack: 11601, window: 5808, ACK
1.238 Sent: b'\xa3\x08\xc7\xb9|q\x98!\x00\x00-QP\x10\x16\xb0\x00\x00\x00\x00'
1.240 Received: b'\xc7\xb9\xa3\x08\x00\x00-Q|q\x98!P\x00\x16\xb0\x00\x00\x00\x00 delenit, ignota'...
1.240 Disassembled: source: 51129, dest: 41736, seq: 11601, ack: 2087819297, window: 5808, data: " delenit, ignota"...
1.240 Data accepted; writing to file
1.241 Assembling: source: 41736, dest: 51129, seq: 2087819297, ack: 13049, window: 5808, ACK
1.241 Sent: b'\xa3\x08\xc7\xb9|q\x98!\x00\x002\xf9P\x10\x16\xb0\x00\x00\x00\x00'
1.243 Received: b'\xc7\xb9\xa3\x08\x00\x002\xf9|q\x98!P\x00\x16\xb0\x00\x00\x00\x00se explicari des'...
1.243 Disassembled: source: 51129, dest: 41736, seq: 13049, ack: 2087819297, window: 5808, data: "se explicari des"...
1.244 Data accepted; writing to file
1.244 Assembling: source: 41736, dest: 51129, seq: 2087819297, ack: 14497, window: 5808, ACK
1.244 Sent: b'\xa3\x08\xc7\xb9|q\x98!\x00\x008\xa1P\x10\x16\xb0\x00\x00\x00\x00'
1.246 Received: b'\xc7\xb9\xa3\x08\x00\x008\xa1|q\x98!P\x00\x16\xb0\x00\x00\x00\x00piscing, in modo'...
1.247 Disassembled: source: 51129, dest: 41736, seq: 14497, ack: 2087819297, window: 5808, data: "piscing, in modo"...
1.247 Data accepted; writing to file
1.247 Assembling: source: 41736, dest: 51129, seq: 2087819297, ack: 15945, window: 5808, ACK
1.248 Sent: b'\xa3\x08\xc7\xb9|q\x98!\x00\x00>IP\x10\x16\xb0\x00\x00\x00\x00'
1.250 Received: b'\xc7\xb9\xa3\x08\x00\x00>I|q\x98!P\x00\x16\xb0\x00\x00\x00\x00o copiosae tacim'...
1.250 Disassembled: source: 51129, dest: 41736, seq: 15945, ack: 2087819297, window: 5808, data: "o copiosae tacim"...
1.250 Data accepted; writing to file
1.250 Assembling: source: 41736, dest: 51129, seq: 2087819297, ack: 17393, window: 5808, ACK
1.251 Sent: b'\xa3\x08\xc7\xb9|q\x98!\x00\x00C\xf1P\x10\x16\xb0\x00\x00\x00\x00'
1.253 Received: b'\xc7\xb9\xa3\x08\x00\x00C\xf1|q\x98!P\x00\x16\xb0\x00\x00\x00\x00am. Pri ne antio'...
1.253 Disassembled: source: 51129, dest: 41736, seq: 17393, ack: 2087819297, window: 5808, data: "am. Pri ne antio"...
1.254 Data accepted; writing to file
1.254 Assembling: source: 41736, dest: 51129, seq: 2087819297, ack: 18841, window: 5808, ACK
1.254 Sent: b'\xa3\x08\xc7\xb9|q\x98!\x00\x00I\x99P\x10\x16\xb0\x00\x00\x00\x00'
1.256 Received: b'\xc7\xb9\xa3\x08\x00\x00I\x99|q\x98!P\x00\x16\xb0\x00\x00\x00\x00to no. Elitr pos'...
1.257 Disassembled: source: 51129, dest: 41736, seq: 18841, ack: 2087819297, window: 5808, data: "to no. Elitr pos"...
1.257 Data accepted; writing to file
1.257 Assembling: source: 41736, dest: 51129, seq: 2087819297, ack: 20289, window: 5808, ACK
1.257 Sent: b'\xa3\x08\xc7\xb9|q\x98!\x00\x00OAP\x10\x16\xb0\x00\x00\x00\x00'
1.259 Received: b'\xc7\xb9\xa3\x08\x00\x00OA|q\x98!P\x00\x16\xb0\x00\x00\x00\x00pretaris, sea ex'...
1.260 Disassembled: source: 51129, dest: 41736, seq: 20289, ack: 2087819297, window: 5808, data: "pretaris, sea ex"...
1.260 Data accepted; writing to file
1.260 Assembling: source: 41736, dest: 51129, seq: 2087819297, ack: 21737, window: 5808, ACK
1.261 Sent: b'\xa3\x08\xc7\xb9|q\x98!\x00\x00T\xe9P\x10\x16\xb0\x00\x00\x00\x00'
1.263 Received: b'\xc7\xb9\xa3\x08\x00\x00T\xe9|q\x98!P\x00\x16\xb0\x00\x00\x00\x00oporteat inimicu'...
1.263 Disassembled: source: 51129, dest: 41736, seq: 21737, ack: 2087819297, window: 5808, data: "oporteat inimicu"...
1.263 Data accepted; writing to file
1.263 Assembling: source: 41736, dest: 51129, seq: 2087819297, ack: 23185, window: 5808, ACK
1.264 Sent: b'\xa3\x08\xc7\xb9|q\x98!\x00\x00Z\x91P\x10\x16\xb0\x00\x00\x00\x00'
1.266 Received: b'\xc7\xb9\xa3\x08\x00\x00Z\x91|q\x98!P\x00\x16\xb0\x00\x00\x00\x00ligendi officiis'...
1.266 Disassembled: source: 51129, dest: 41736, seq: 23185, ack: 2087819297, window: 5808, data: "ligendi officiis"...
1.267 Data accepted; writing to file
1.267 Assembling: source: 41736, dest: 51129, seq: 2087819297, ack: 24633, window: 5808, ACK
1.267 Sent: b'\xa3\x08\xc7\xb9|q\x98!\x00\x00`9P\x10\x16\xb0\x00\x00\x00\x00'
1.269 Received: b'\xc7\xb9\xa3\x08\x00\x00`9|q\x98!P\x00\x16\xb0\x00\x00\x00\x00no vel regione i'...
1.270 Disassembled: source: 51129, dest: 41736, seq: 24633, ack: 2087819297, window: 5808, data: "no vel regione i"...
1.270 Data accepted; writing to file
1.270 Assembling: source: 41736, dest: 51129, seq: 2087819297, ack: 26081, window: 5808, ACK
1.270 Sent: b'\xa3\x08\xc7\xb9|q\x98!\x00\x00e\xe1P\x10\x16\xb0\x00\x00\x00\x00'
1.273 Received: b'\xc7\xb9\xa3\x08\x00\x00e\xe1|q\x98!P\x00\x16\xb0\x00\x00\x00\x00ibus vis ex, pro'...
1.274 Disassembled: source: 51129, dest: 41736, seq: 26081, ack: 2087819297, window: 5808, data: "ibus vis ex, pro"...
1.274 Data accepted; writing to file
1.274 Assembling: source: 41736, dest: 51129, seq: 2087819297, ack: 27529, window: 5808, ACK
1.275 Sent: b'\xa3\x08\xc7\xb9|q\x98!\x00\x00k\x89P\x10\x16\xb0\x00\x00\x00\x00'
1.277 Received: b'\xc7\xb9\xa3\x08\x00\x00k\x89|q\x98!P\x00\x16\xb0\x00\x00\x00\x00o vix, mel ea li'...
1.277 Disassembled: source: 51129, dest: 41736, seq: 27529, ack: 2087819297, window: 5808, data: "o vix, mel ea li"...
1.277 Data accepted; writing to file
1.278 Assembling: source: 41736, dest: 51129, seq: 2087819297, ack: 28977, window: 5808, ACK
1.278 Sent: b'\xa3\x08\xc7\xb9|q\x98!\x00\x00q1P\x10\x16\xb0\x00\x00\x00\x00'
1.280 Received: b'\xc7\xb9\xa3\x08\x00\x00q1|q\x98!P\x00\x16\xb0\x00\x00\x00\x00d. Ex fugit suav'...
1.281 Disassembled: source: 51129, dest: 41736, seq: 28977, ack: 2087819297, window: 5808, data: "d. Ex fugit suav"...
1.281 Data accepted; writing to file
1.281 Assembling: source: 41736, dest: 51129, seq: 2087819297, ack: 30425, window: 5808, ACK
1.282 Sent: b'\xa3\x08\xc7\xb9|q\x98!\x00\x00v\xd9P\x10\x16\xb0\x00\x00\x00\x00'
1.284 Received: b'\xc7\xb9\xa3\x08\x00\x00v\xd9|q\x98!P\x00\x16\xb0\x00\x00\x00\x00pertinax nec. De'...
1.284 Disassembled: source: 51129, dest: 41736, seq: 30425, ack: 2087819297, window: 5808, data: "pertinax nec. De"...
1.285 Data accepted; writing to file
1.285 Assembling: source: 41736, dest: 51129, seq: 2087819297, ack: 31873, window: 5808, ACK
1.285 Sent: b'\xa3\x08\xc7\xb9|q\x98!\x00\x00|\x81P\x10\x16\xb0\x00\x00\x00\x00'
1.287 Received: b'\xc7\xb9\xa3\x08\x00\x00|\x81|q\x98!P\x00\x16\xb0\x00\x00\x00\x00lli primis praes'...
1.288 Disassembled: source: 51129, dest: 41736, seq: 31873, ack: 2087819297, window: 5808, data: "lli primis praes"...
1.288 Data accepted; writing to file
1.288 Assembling: source: 41736, dest: 51129, seq: 2087819297, ack: 33321, window: 5808, ACK
1.288 Sent: b'\xa3\x08\xc7\xb9|q\x98!\x00\x00\x82)P\x10\x16\xb0\x00\x00\x00\x00'
1.290 Failed to receive packet
1.789 Sent: b'\xa3\x08\xc7\xb9|q\x98!\x00\x00\x82)P\x10\x16\xb0\x00\x00\x00\x00'
1.791 Received: b'\xc7\xb9\xa3\x08\x00\x00\x82)|q\x98!P\x10\x16\xb0\x00\x00\x00\x00m, percipit inte'...
1.792 Disassembled: source: 51129, dest: 41736, seq: 33321, ack: 2087819297, window: 5808, ACK, data: "m, percipit inte"...
1.792 Error: Incorrect acknowledgement flag
2.289 Sent: b'\xa3\x08\xc7\xb9|q\x98!\x00\x00\x82)P\x10\x16\xb0\x00\x00\x00\x00'
2.292 Received: b'\xc7\xb9\xa3\x08\x00\x00\x82)|q\x98!P\x10\x16\xb0\x00\x00\x00\x00m, percipit inte'...
2.292 Disassembled: source: 51129, dest: 41736, seq: 33321, ack: 2087819297, window: 5808, ACK, data: "m, percipit inte"...
2.293 Error: Incorrect acknowledgement flag
2.790 Sent: b'\xa3\x08\xc7\xb9|q\x98!\x00\x00\x82)P\x10\x16\xb0\x00\x00\x00\x00'
2.792 Received: b'\xc7\xb9\xa3\x08\x00\x00\x82)|q\x98!P\x10\x16\xb0\x00\x00\x00\x00m, percipit inte'...
2.793 Disassembled: source: 51129, dest: 41736, seq: 33321, ack: 2087819297, window: 5808, ACK, data: "m, percipit inte"...
2.793 Error: Incorrect acknowledgement flag
3.290 Failed to send packet
3.790 Error: Connection timed out
3.791 Closed connection
3.794 Shutting down
