0.000 NEW RUN: Server, TEST: Read_file__Large_multi-packet
0.075 Received: b'\xc6\xc9h\xfb\x00\x00\x006\x00\x00\x00\x00P\x02\x05\xa8\x00\x00\x00\x00'
0.076 Disassembled: source: 50889, dest: 26875, seq: 54, window: 1448, SYN
0.076 SYN accepted; new connection: 127.0.0.1 on port 50889
0.077 Assembling: source: 26875, dest: 50889, seq: 160428905, ack: 55, window: 1448, ACK, SYN
0.077 Sent: b'h\xfb\xc6\xc9\t\x8f\xf3i\x00\x00\x007P\x12\x05\xa8\x00\x00\x00\x00'
0.080 Received: b'\xc6\xc9h\xfb\x00\x00\x007\t\x8f\xf3jP\x10\x05\xa8\x00\x00\x00\x00'
0.081 Disassembled: source: 50889, dest: 26875, seq: 55, ack: 160428906, window: 1448, ACK
0.081 Handshake complete
0.081 Acknowledged seq: 160428905
0.082 Assembling: source: 26875, dest: 50889, seq: 160428906, ack: 56, window: 1448, data: "Lorem ipsum dolo"...
0.082 Sent: b'h\xfb\xc6\xc9\t\x8f\xf3j\x00\x00\x008P\x00\x05\xa8\x00\x00\x00\x00Lorem ipsum dolo'...
0.085 Received: b'\xc6\xc9h\xfb\x00\x00\x007\t\x8f\xf9\x12P\x10\x05\xa8\x00\x00\x00\x00'
0.085 Disassembled: source: 50889, dest: 26875, seq: 55, ack: 160430354, window: 1448, ACK
0.086 Acknowledged seq: 160428906
0.086 Assembling: source: 26875, dest: 50889, seq: 160430354, ack: 56, window: 1448, data: "mprehensam nam, "...
0.086 Sent: b'h\xfb\xc6\xc9\t\x8f\xf9\x12\x00\x00\x008P\x00\x05\xa8\x00\x00\x00\x00mprehensam nam, '...
0.089 Received: b'\xc6\xc9h\xfb\x00\x00\x007\t\x8f\xfe\xbaP\x10\x05\xa8\x00\x00\x00\x00'
0.090 Disassembled: source: 50889, dest: 26875, seq: 55, ack: 160431802, window: 1448, ACK
0.090 Acknowledged seq: 160430354
0.090 Assembling: source: 26875, dest: 50889, seq: 160431802, ack: 56, window: 1448, data: "ilisi repudiare "...
0.091 Sent: b'h\xfb\xc6\xc9\t\x8f\xfe\xba\x00\x00\x008P\x00\x05\xa8\x00\x00\x00\x00ilisi repudiare '...
0.094 Received: b'\xc6\xc9h\xfb\x00\x00\x007\t\x90\x04bP\x10\x05\xa8\x00\x00\x00\x00'
0.094 Disassembled: source: 50889, dest: 26875, seq: 55, ack: 160433250, window: 1448, ACK
0.094 Acknowledged seq: 160431802
0.095 Assembling: source: 26875, dest: 50889, seq: 160433250, ack: 56, window: 1448, data: "ta.

Et essent s"...
0.095 Sent: b'h\xfb\xc6\xc9\t\x90\x04b\x00\x00\x008P\x00\x05\xa8\x00\x00\x00\x00ta.\n\nEt essent s'...
0.097 Received: b'\xc6\xc9h\xfb\x00\x00\x007\t\x90\n\nP\x10\x05\xa8\x00\x00\x00\x00'
0.097 Disassembled: source: 50889, dest: 26875, seq: 55, ack: 160434698, window: 1448, ACK
0.098 Acknowledged seq: 160433250
0.098 Assembling: source: 26875, dest: 50889, seq: 160434698, ack: 56, window: 1448, data: " Nihil tractatos"...
0.098 Sent: b'h\xfb\xc6\xc9\t\x90\n\n\x00\x00\x008P\x00\x05\xa8\x00\x00\x00\x00 Nihil tractatos'...
0.100 Received: b'\xc6\xc9h\xfb\x00\x00\x007\t\x90\x0f\xb2P\x10\x05\xa8\x00\x00\x00\x00'
0.100 Disassembled: source: 50889, dest: 26875, seq: 55, ack: 160436146, window: 1448, ACK
0.101 Acknowledged seq: 160434698
0.101 Assembling: source: 26875, dest: 50889, seq: 160436146, ack: 56, window: 1448, data: "fert iuvaret sap"...
0.101 Sent: b'h\xfb\xc6\xc9\t\x90\x0f\xb2\x00\x00\x008P\x00\x05\xa8\x00\x00\x00\x00fert iuvaret sap'...
0.103 Received: b'\xc6\xc9h\xfb\x00\x00\x007\t\x90\x15ZP\x10\x05\xa8\x00\x00\x00\x00'
0.104 Disassembled: source: 50889, dest: 26875, seq: 55, ack: 160437594, window: 1448, ACK
0.104 Acknowledged seq: 160436146
0.104 Assembling: source: 26875, dest: 50889, seq: 160437594, ack: 56, window: 1448, data: "ram adipiscing, "...
0.105 Sent: b'h\xfb\xc6\xc9\t\x90\x15Z\x00\x00\x008P\x00\x05\xa8\x00\x00\x00\x00ram adipiscing, '...
0.106 Received: b'\xc6\xc9h\xfb\x00\x00\x007\t\x90\x1b\x02P\x10\x05\xa8\x00\x00\x00\x00'
0.107 Disassembled: source: 50889, dest: 26875, seq: 55, ack: 160439042, window: 1448, ACK
0.107 Acknowledged seq: 160437594
0.107 Assembling: source: 26875, dest: 50889, seq: 160439042, ack: 56, window: 1448, data: "m veritus vivend"...
0.108 Sent: b'h\xfb\xc6\xc9\t\x90\x1b\x02\x00\x00\x008P\x00\x05\xa8\x00\x00\x00\x00m veritus vivend'...
0.110 Received: b'\xc6\xc9h\xfb\x00\x00\x007\t\x90 \xaaP\x10\x05\xa8\x00\x00\x00\x00'
0.110 Disassembled: source: 50889, dest: 26875, seq: 55, ack: 160440490, window: 1448, ACK
0.110 Acknowledged seq: 160439042
0.111 Assembling: source: 26875, dest: 50889, seq: 160440490, ack: 56, window: 1448, data: " delenit, ignota"...
0.111 Sent: b'h\xfb\xc6\xc9\t\x90 \xaa\x00\x00\x008P\x00\x05\xa8\x00\x00\x00\x00 delenit, ignota'...
0.113 Received: b'\xc6\xc9h\xfb\x00\x00\x007\t\x90&RP\x10\x05\xa8\x00\x00\x00\x00'
0.113 Disassembled: source: 50889, dest: 26875, seq: 55, ack: 160441938, window: 1448, ACK
0.114 Acknowledged seq: 160440490
0.114 Assembling: source: 26875, dest: 50889, seq: 160441938, ack: 56, window: 1448, data: "se explicari des"...
0.114 Sent: b'h\xfb\xc6\xc9\t\x90&R\x00\x00\x008P\x00\x05\xa8\x00\x00\x00\x00se explicari des'...
0.116 Received: b'\xc6\xc9h\xfb\x00\x00\x007\t\x90+\xfaP\x10\x05\xa8\x00\x00\x00\x00'
0.117 Disassembled: source: 50889, dest: 26875, seq: 55, ack: 160443386, window: 1448, ACK
0.117 Acknowledged seq: 160441938
0.117 Assembling: source: 26875, dest: 50889, seq: 160443386, ack: 56, window: 1448, data: "piscing, in modo"...
0.118 Sent: b'h\xfb\xc6\xc9\t\x90+\xfa\x00\x00\x008P\x00\x05\xa8\x00\x00\x00\x00piscing, in modo'...
0.120 Received: b'\xc6\xc9h\xfb\x00\x00\x007\t\x901\xa2P\x10\x05\xa8\x00\x00\x00\x00'
0.120 Disassembled: source: 50889, dest: 26875, seq: 55, ack: 160444834, window: 1448, ACK
0.120 Acknowledged seq: 160443386
0.121 Assembling: source: 26875, dest: 50889, seq: 160444834, ack: 56, window: 1448, data: "o copiosae tacim"...
0.121 Sent: b'h\xfb\xc6\xc9\t\x901\xa2\x00\x00\x008P\x00\x05\xa8\x00\x00\x00\x00o copiosae tacim'...
0.123 Received: b'\xc6\xc9h\xfb\x00\x00\x007\t\x907JP\x10\x05\xa8\x00\x00\x00\x00'
0.123 Disassembled: source: 50889, dest: 26875, seq: 55, ack: 160446282, window: 1448, ACK
0.124 Acknowledged seq: 160444834
0.124 Assembling: source: 26875, dest: 50889, seq: 160446282, ack: 56, window: 1448, data: "am. Pri ne antio"...
0.124 Sent: b'h\xfb\xc6\xc9\t\x907J\x00\x00\x008P\x00\x05\xa8\x00\x00\x00\x00am. Pri ne antio'...
0.126 Received: b'\xc6\xc9h\xfb\x00\x00\x007\t\x90<\xf2P\x10\x05\xa8\x00\x00\x00\x00'
0.127 Disassembled: source: 50889, dest: 26875, seq: 55, ack: 160447730, window: 1448, ACK
0.127 Acknowledged seq: 160446282
0.127 Assembling: source: 26875, dest: 50889, seq: 160447730, ack: 56, window: 1448, data: "to no. Elitr pos"...
0.128 Sent: b'h\xfb\xc6\xc9\t\x90<\xf2\x00\x00\x008P\x00\x05\xa8\x00\x00\x00\x00to no. Elitr pos'...
0.129 Received: b'\xc6\xc9h\xfb\x00\x00\x007\t\x90B\x9aP\x10\x05\xa8\x00\x00\x00\x00'
0.130 Disassembled: source: 50889, dest: 26875, seq: 55, ack: 160449178, window: 1448, ACK
0.130 Acknowledged seq: 160447730
0.130 Assembling: source: 26875, dest: 50889, seq: 160449178, ack: 56, window: 1448, data: "pretaris, sea ex"...
0.131 Sent: b'h\xfb\xc6\xc9\t\x90B\x9a\x00\x00\x008P\x00\x05\xa8\x00\x00\x00\x00pretaris, sea ex'...
0.133 Received: b'\xc6\xc9h\xfb\x00\x00\x007\t\x90HBP\x10\x05\xa8\x00\x00\x00\x00'
0.133 Disassembled: source: 50889, dest: 26875, seq: 55, ack: 160450626, window: 1448, ACK
0.134 Acknowledged seq: 160449178
0.134 Assembling: source: 26875, dest: 50889, seq: 160450626, ack: 56, window: 1448, data: "oporteat inimicu"...
0.134 Sent: b'h\xfb\xc6\xc9\t\x90HB\x00\x00\x008P\x00\x05\xa8\x00\x00\x00\x00oporteat inimicu'...
0.136 Received: b'\xc6\xc9h\xfb\x00\x00\x007\t\x90M\xeaP\x10\x05\xa8\x00\x00\x00\x00'
0.137 Disassembled: source: 50889, dest: 26875, seq: 55, ack: 160452074, window: 1448, ACK
0.137 Acknowledged seq: 160450626
0.137 Assembling: source: 26875, dest: 50889, seq: 160452074, ack: 56, window: 1448, data: "ligendi officiis"...
0.138 Sent: b'h\xfb\xc6\xc9\t\x90M\xea\x00\x00\x008P\x00\x05\xa8\x00\x00\x00\x00ligendi officiis'...
0.140 Received: b'\xc6\xc9h\xfb\x00\x00\x007\t\x90S\x92P\x10\x05\xa8\x00\x00\x00\x00'
0.140 Disassembled: source: 50889, dest: 26875, seq: 55, ack: 160453522, window: 1448, ACK
0.140 Acknowledged seq: 160452074
0.141 Assembling: source: 26875, dest: 50889, seq: 160453522, ack: 56, window: 1448, data: "no vel regione i"...
0.141 Sent: b'h\xfb\xc6\xc9\t\x90S\x92\x00\x00\x008P\x00\x05\xa8\x00\x00\x00\x00no vel regione i'...
0.143 Received: b'\xc6\xc9h\xfb\x00\x00\x007\t\x90Y:P\x10\x05\xa8\x00\x00\x00\x00'
0.143 Disassembled: source: 50889, dest: 26875, seq: 55, ack: 160454970, window: 1448, ACK
0.144 Acknowledged seq: 160453522
0.144 Assembling: source: 26875, dest: 50889, seq: 160454970, ack: 56, window: 1448, data: "ibus vis ex, pro"...
0.144 Sent: b'h\xfb\xc6\xc9\t\x90Y:\x00\x00\x008P\x00\x05\xa8\x00\x00\x00\x00ibus vis ex, pro'...
0.146 Received: b'\xc6\xc9h\xfb\x00\x00\x007\t\x90^\xe2P\x10\x05\xa8\x00\x00\x00\x00'
0.147 Disassembled: source: 50889, dest: 26875, seq: 55, ack: 160456418, window: 1448, ACK
0.147 Acknowledged seq: 160454970
0.147 Assembling: source: 26875, dest: 50889, seq: 160456418, ack: 56, window: 1448, data: "o vix, mel ea li"...
0.148 Sent: b'h\xfb\xc6\xc9\t\x90^\xe2\x00\x00\x008P\x00\x05\xa8\x00\x00\x00\x00o vix, mel ea li'...
0.150 Received: b'\xc6\xc9h\xfb\x00\x00\x007\t\x90d\x8aP\x10\x05\xa8\x00\x00\x00\x00'
0.150 Disassembled: source: 50889, dest: 26875, seq: 55, ack: 160457866, window: 1448, ACK
0.151 Acknowledged seq: 160456418
0.151 Assembling: source: 26875, dest: 50889, seq: 160457866, ack: 56, window: 1448, data: "d. Ex fugit suav"...
0.151 Sent: b'h\xfb\xc6\xc9\t\x90d\x8a\x00\x00\x008P\x00\x05\xa8\x00\x00\x00\x00d. Ex fugit suav'...
0.153 Received: b'\xc6\xc9h\xfb\x00\x00\x007\t\x90j2P\x10\x05\xa8\x00\x00\x00\x00'
0.154 Disassembled: source: 50889, dest: 26875, seq: 55, ack: 160459314, window: 1448, ACK
0.154 Acknowledged seq: 160457866
0.154 Assembling: source: 26875, dest: 50889, seq: 160459314, ack: 56, window: 1448, data: "pertinax nec. De"...
0.155 Sent: b'h\xfb\xc6\xc9\t\x90j2\x00\x00\x008P\x00\x05\xa8\x00\x00\x00\x00pertinax nec. De'...
0.157 Received: b'\xc6\xc9h\xfb\x00\x00\x007\t\x90o\xdaP\x10\x05\xa8\x00\x00\x00\x00'
0.157 Disassembled: source: 50889, dest: 26875, seq: 55, ack: 160460762, window: 1448, ACK
0.157 Acknowledged seq: 160459314
0.158 Assembling: source: 26875, dest: 50889, seq: 160460762, ack: 56, window: 1448, data: "lli primis praes"...
0.158 Sent: b'h\xfb\xc6\xc9\t\x90o\xda\x00\x00\x008P\x00\x05\xa8\x00\x00\x00\x00lli primis praes'...
0.160 Received: b'\xc6\xc9h\xfb\x00\x00\x007\t\x90u\x82P\x10\x05\xa8\x00\x00\x00\x00'
0.161 Disassembled: source: 50889, dest: 26875, seq: 55, ack: 160462210, window: 1448, ACK
0.161 Acknowledged seq: 160460762
0.161 Assembling: source: 26875, dest: 50889, seq: 160462210, ack: 56, window: 1448, data: "m, percipit inte"...
0.162 Sent: b'h\xfb\xc6\xc9\t\x90u\x82\x00\x00\x008P\x00\x05\xa8\x00\x00\x00\x00m, percipit inte'...
0.164 Received: b'\xc6\xc9h\xfb\x00\x00\x007\t\x90{*P\x10\x05\xa8\x00\x00\x00\x00'
0.164 Disassembled: source: 50889, dest: 26875, seq: 55, ack: 160463658, window: 1448, ACK
0.164 Acknowledged seq: 160462210
0.165 Assembling: source: 26875, dest: 50889, seq: 160463658, ack: 56, window: 1448, data: "nani docendi pat"...
0.165 Sent: b'h\xfb\xc6\xc9\t\x90{*\x00\x00\x008P\x00\x05\xa8\x00\x00\x00\x00nani docendi pat'...
0.167 Received: b'\xc6\xc9h\xfb\x00\x00\x007\t\x90\x80\xd2P\x10\x05\xa8\x00\x00\x00\x00'
0.167 Disassembled: source: 50889, dest: 26875, seq: 55, ack: 160465106, window: 1448, ACK
0.168 Acknowledged seq: 160463658
0.168 Assembling: source: 26875, dest: 50889, seq: 160465106, ack: 56, window: 1448, data: " vis decore poss"...
0.168 Sent: b'h\xfb\xc6\xc9\t\x90\x80\xd2\x00\x00\x008P\x00\x05\xa8\x00\x00\x00\x00 vis decore poss'...
0.170 Received: b'\xc6\xc9h\xfb\x00\x00\x007\t\x90\x86zP\x10\x05\xa8\x00\x00\x00\x00'
0.171 Disassembled: source: 50889, dest: 26875, seq: 55, ack: 160466554, window: 1448, ACK
0.171 Acknowledged seq: 160465106
0.171 Assembling: source: 26875, dest: 50889, seq: 160466554, ack: 56, window: 1448, data: "eam odio corpora"...
0.172 Sent: b'h\xfb\xc6\xc9\t\x90\x86z\x00\x00\x008P\x00\x05\xa8\x00\x00\x00\x00eam odio corpora'...
0.174 Received: b'\xc6\xc9h\xfb\x00\x00\x007\t\x90\x8c"P\x10\x05\xa8\x00\x00\x00\x00'
0.174 Disassembled: source: 50889, dest: 26875, seq: 55, ack: 160468002, window: 1448, ACK
0.174 Acknowledged seq: 160466554
0.175 Assembling: source: 26875, dest: 50889, seq: 160468002, ack: 56, window: 1448, data: " est. Usu sanctu"...
0.175 Sent: b'h\xfb\xc6\xc9\t\x90\x8c"\x00\x00\x008P\x00\x05\xa8\x00\x00\x00\x00 est. Usu sanctu'...
0.177 Received: b'\xc6\xc9h\xfb\x00\x00\x007\t\x90\x91\xcaP\x10\x05\xa8\x00\x00\x00\x00'
0.178 Disassembled: source: 50889, dest: 26875, seq: 55, ack: 160469450, window: 1448, ACK
0.178 Acknowledged seq: 160468002
0.178 Assembling: source: 26875, dest: 50889, seq: 160469450, ack: 56, window: 1448, data: ".

Mei graeco ae"...
0.179 Sent: b'h\xfb\xc6\xc9\t\x90\x91\xca\x00\x00\x008P\x00\x05\xa8\x00\x00\x00\x00.\n\nMei graeco ae'...
0.180 Received: b'\xc6\xc9h\xfb\x00\x00\x007\t\x90\x97rP\x10\x05\xa8\x00\x00\x00\x00'
0.181 Disassembled: source: 50889, dest: 26875, seq: 55, ack: 160470898, window: 1448, ACK
0.181 Acknowledged seq: 160469450
0.181 Assembling: source: 26875, dest: 50889, seq: 160470898, ack: 56, window: 1448, data: "et. Ne sea primi"...
0.182 Sent: b'h\xfb\xc6\xc9\t\x90\x97r\x00\x00\x008P\x00\x05\xa8\x00\x00\x00\x00et. Ne sea primi'...
0.184 Received: b'\xc6\xc9h\xfb\x00\x00\x007\t\x90\x9d\x1aP\x10\x05\xa8\x00\x00\x00\x00'
0.184 Disassembled: source: 50889, dest: 26875, seq: 55, ack: 160472346, window: 1448, ACK
0.185 Acknowledged seq: 160470898
0.185 Assembling: source: 26875, dest: 50889, seq: 160472346, ack: 56, window: 1448, data: "ittam convenire."...
0.185 Sent: b'h\xfb\xc6\xc9\t\x90\x9d\x1a\x00\x00\x008P\x00\x05\xa8\x00\x00\x00\x00ittam convenire.'...
0.187 Received: b'\xc6\xc9h\xfb\x00\x00\x007\t\x90\xa2\xc2P\x10\x05\xa8\x00\x00\x00\x00'
0.188 Disassembled: source: 50889, dest: 26875, seq: 55, ack: 160473794, window: 1448, ACK
0.188 Acknowledged seq: 160472346
0.188 Assembling: source: 26875, dest: 50889, seq: 160473794, ack: 56, window: 1448, data: "ua et vis, id eu"...
0.189 Sent: b'h\xfb\xc6\xc9\t\x90\xa2\xc2\x00\x00\x008P\x00\x05\xa8\x00\x00\x00\x00ua et vis, id eu'...
0.191 Received: b'\xc6\xc9h\xfb\x00\x00\x007\t\x90\xa8jP\x10\x05\xa8\x00\x00\x00\x00'
0.191 Disassembled: source: 50889, dest: 26875, seq: 55, ack: 160475242, window: 1448, ACK
0.192 Acknowledged seq: 160473794
0.192 Assembling: source: 26875, dest: 50889, seq: 160475242, ack: 56, window: 1448, data: "r. Et velit appa"...
0.192 Sent: b'h\xfb\xc6\xc9\t\x90\xa8j\x00\x00\x008P\x00\x05\xa8\x00\x00\x00\x00r. Et velit appa'...
0.194 Received: b'\xc6\xc9h\xfb\x00\x00\x007\t\x90\xae\x12P\x10\x05\xa8\x00\x00\x00\x00'
0.195 Disassembled: source: 50889, dest: 26875, seq: 55, ack: 160476690, window: 1448, ACK
0.195 Acknowledged seq: 160475242
0.195 Assembling: source: 26875, dest: 50889, seq: 160476690, ack: 56, window: 1448, data: " novum laudem, v"...
0.196 Sent: b'h\xfb\xc6\xc9\t\x90\xae\x12\x00\x00\x008P\x00\x05\xa8\x00\x00\x00\x00 novum laudem, v'...
0.198 Received: b'\xc6\xc9h\xfb\x00\x00\x007\t\x90\xb3\xbaP\x10\x05\xa8\x00\x00\x00\x00'
0.198 Disassembled: source: 50889, dest: 26875, seq: 55, ack: 160478138, window: 1448, ACK
0.198 Acknowledged seq: 160476690
0.199 Assembling: source: 26875, dest: 50889, seq: 160478138, ack: 56, window: 1448, data: "luptatibus, cibo"...
0.199 Sent: b'h\xfb\xc6\xc9\t\x90\xb3\xba\x00\x00\x008P\x00\x05\xa8\x00\x00\x00\x00luptatibus, cibo'...
0.201 Received: b'\xc6\xc9h\xfb\x00\x00\x007\t\x90\xb9bP\x10\x05\xa8\x00\x00\x00\x00'
0.202 Disassembled: source: 50889, dest: 26875, seq: 55, ack: 160479586, window: 1448, ACK
0.202 Acknowledged seq: 160478138
0.202 Assembling: source: 26875, dest: 50889, seq: 160479586, ack: 56, window: 1448, data: "alii indoctum ma"...
0.203 Sent: b'h\xfb\xc6\xc9\t\x90\xb9b\x00\x00\x008P\x00\x05\xa8\x00\x00\x00\x00alii indoctum ma'...
0.204 Received: b'\xc6\xc9h\xfb\x00\x00\x007\t\x90\xbf\nP\x10\x05\xa8\x00\x00\x00\x00'
0.205 Disassembled: source: 50889, dest: 26875, seq: 55, ack: 160481034, window: 1448, ACK
0.205 Acknowledged seq: 160479586
0.205 Assembling: source: 26875, dest: 50889, seq: 160481034, ack: 56, window: 1448, data: "im, his facete c"...
0.206 Sent: b'h\xfb\xc6\xc9\t\x90\xbf\n\x00\x00\x008P\x00\x05\xa8\x00\x00\x00\x00im, his facete c'...
0.208 Received: b'\xc6\xc9h\xfb\x00\x00\x007\t\x90\xc4\xb2P\x10\x05\xa8\x00\x00\x00\x00'
0.208 Disassembled: source: 50889, dest: 26875, seq: 55, ack: 160482482, window: 1448, ACK
0.209 Acknowledged seq: 160481034
0.209 Assembling: source: 26875, dest: 50889, seq: 160482482, ack: 56, window: 1448, data: "e alia dolor com"...
0.209 Sent: b'h\xfb\xc6\xc9\t\x90\xc4\xb2\x00\x00\x008P\x00\x05\xa8\x00\x00\x00\x00e alia dolor com'...
0.211 Received: b'\xc6\xc9h\xfb\x00\x00\x007\t\x90\xcaZP\x10\x05\xa8\x00\x00\x00\x00'
0.212 Disassembled: source: 50889, dest: 26875, seq: 55, ack: 160483930, window: 1448, ACK
0.212 Acknowledged seq: 160482482
0.212 Assembling: source: 26875, dest: 50889, seq: 160483930, ack: 56, window: 1448, data: "it ea, reque tem"...
0.213 Sent: b'h\xfb\xc6\xc9\t\x90\xcaZ\x00\x00\x008P\x00\x05\xa8\x00\x00\x00\x00it ea, reque tem'...
0.214 Received: b'\xc6\xc9h\xfb\x00\x00\x007\t\x90\xd0\x02P\x10\x05\xa8\x00\x00\x00\x00'
0.215 Disassembled: source: 50889, dest: 26875, seq: 55, ack: 160485378, window: 1448, ACK
0.215 Acknowledged seq: 160483930
0.215 Assembling: source: 26875, dest: 50889, seq: 160485378, ack: 56, window: 1448, data: "alisque.

Equide"...
0.216 Sent: b'h\xfb\xc6\xc9\t\x90\xd0\x02\x00\x00\x008P\x00\x05\xa8\x00\x00\x00\x00alisque.\n\nEquide'...
0.218 Received: b'\xc6\xc9h\xfb\x00\x00\x007\t\x90\xd5\xaaP\x10\x05\xa8\x00\x00\x00\x00'
0.218 Disassembled: source: 50889, dest: 26875, seq: 55, ack: 160486826, window: 1448, ACK
0.218 Acknowledged seq: 160485378
0.219 Assembling: source: 26875, dest: 50889, seq: 160486826, ack: 56, window: 1448, data: "finitiones, affe"...
0.219 Sent: b'h\xfb\xc6\xc9\t\x90\xd5\xaa\x00\x00\x008P\x00\x05\xa8\x00\x00\x00\x00finitiones, affe'...
0.221 Received: b'\xc6\xc9h\xfb\x00\x00\x007\t\x90\xdbRP\x10\x05\xa8\x00\x00\x00\x00'
0.222 Disassembled: source: 50889, dest: 26875, seq: 55, ack: 160488274, window: 1448, ACK
0.222 Acknowledged seq: 160486826
0.222 Assembling: source: 26875, dest: 50889, seq: 160488274, ack: 56, window: 1448, data: "his duis graeco "...
0.222 Sent: b'h\xfb\xc6\xc9\t\x90\xdbR\x00\x00\x008P\x00\x05\xa8\x00\x00\x00\x00his duis graeco '...
0.224 Received: b'\xc6\xc9h\xfb\x00\x00\x007\t\x90\xe0\xfaP\x10\x05\xa8\x00\x00\x00\x00'
0.225 Disassembled: source: 50889, dest: 26875, seq: 55, ack: 160489722, window: 1448, ACK
0.225 Acknowledged seq: 160488274
0.225 Assembling: source: 26875, dest: 50889, seq: 160489722, ack: 56, window: 1448, data: "am. Alia possit "...
0.226 Sent: b'h\xfb\xc6\xc9\t\x90\xe0\xfa\x00\x00\x008P\x00\x05\xa8\x00\x00\x00\x00am. Alia possit '...
0.228 Received: b'\xc6\xc9h\xfb\x00\x00\x007\t\x90\xe6\xa2P\x10\x05\xa8\x00\x00\x00\x00'
0.228 Disassembled: source: 50889, dest: 26875, seq: 55, ack: 160491170, window: 1448, ACK
0.228 Acknowledged seq: 160489722
0.229 Assembling: source: 26875, dest: 50889, seq: 160491170, ack: 56, window: 1448, data: "cum an. Mei faci"...
0.229 Sent: b'h\xfb\xc6\xc9\t\x90\xe6\xa2\x00\x00\x008P\x00\x05\xa8\x00\x00\x00\x00cum an. Mei faci'...
0.231 Received: b'\xc6\xc9h\xfb\x00\x00\x007\t\x90\xecJP\x10\x05\xa8\x00\x00\x00\x00'
0.232 Disassembled: source: 50889, dest: 26875, seq: 55, ack: 160492618, window: 1448, ACK
0.232 Acknowledged seq: 160491170
0.232 Assembling: source: 26875, dest: 50889, seq: 160492618, ack: 56, window: 1448, data: " vis adhuc tatio"...
0.232 Sent: b'h\xfb\xc6\xc9\t\x90\xecJ\x00\x00\x008P\x00\x05\xa8\x00\x00\x00\x00 vis adhuc tatio'...
0.234 Received: b'\xc6\xc9h\xfb\x00\x00\x007\t\x90\xf1\xf2P\x10\x05\xa8\x00\x00\x00\x00'
0.235 Disassembled: source: 50889, dest: 26875, seq: 55, ack: 160494066, window: 1448, ACK
0.235 Acknowledged seq: 160492618
0.235 Assembling: source: 26875, dest: 50889, seq: 160494066, ack: 56, window: 1448, data: "im eu option iuv"...
0.236 Sent: b'h\xfb\xc6\xc9\t\x90\xf1\xf2\x00\x00\x008P\x00\x05\xa8\x00\x00\x00\x00im eu option iuv'...
0.238 Received: b'\xc6\xc9h\xfb\x00\x00\x007\t\x90\xf7\x9aP\x10\x05\xa8\x00\x00\x00\x00'
0.238 Disassembled: source: 50889, dest: 26875, seq: 55, ack: 160495514, window: 1448, ACK
0.239 Acknowledged seq: 160494066
0.239 Assembling: source: 26875, dest: 50889, seq: 160495514, ack: 56, window: 1448, data: "ex epicurei taci"...
0.239 Sent: b'h\xfb\xc6\xc9\t\x90\xf7\x9a\x00\x00\x008P\x00\x05\xa8\x00\x00\x00\x00ex epicurei taci'...
0.241 Received: b'\xc6\xc9h\xfb\x00\x00\x007\t\x90\xfdBP\x10\x05\xa8\x00\x00\x00\x00'
0.242 Disassembled: source: 50889, dest: 26875, seq: 55, ack: 160496962, window: 1448, ACK
0.242 Acknowledged seq: 160495514
0.242 Assembling: source: 26875, dest: 50889, seq: 160496962, ack: 56, window: 1448, data: "ebat, eu pro ero"...
0.243 Sent: b'h\xfb\xc6\xc9\t\x90\xfdB\x00\x00\x008P\x00\x05\xa8\x00\x00\x00\x00ebat, eu pro ero'...
0.245 Received: b'\xc6\xc9h\xfb\x00\x00\x007\t\x91\x02\xeaP\x10\x05\xa8\x00\x00\x00\x00'
0.245 Disassembled: source: 50889, dest: 26875, seq: 55, ack: 160498410, window: 1448, ACK
0.245 Acknowledged seq: 160496962
0.246 Assembling: source: 26875, dest: 50889, seq: 160498410, ack: 56, window: 1448, data: "s. Per no sale v"...
0.246 Sent: b'h\xfb\xc6\xc9\t\x91\x02\xea\x00\x00\x008P\x00\x05\xa8\x00\x00\x00\x00s. Per no sale v'...
0.248 Received: b'\xc6\xc9h\xfb\x00\x00\x007\t\x91\x08\x92P\x10\x05\xa8\x00\x00\x00\x00'
0.249 Disassembled: source: 50889, dest: 26875, seq: 55, ack: 160499858, window: 1448, ACK
0.249 Acknowledged seq: 160498410
0.249 Assembling: source: 26875, dest: 50889, seq: 160499858, ack: 56, window: 1448, data: "orrupte ea mel. "...
0.249 Sent: b'h\xfb\xc6\xc9\t\x91\x08\x92\x00\x00\x008P\x00\x05\xa8\x00\x00\x00\x00orrupte ea mel. '...
0.251 Received: b'\xc6\xc9h\xfb\x00\x00\x007\t\x91\x0e:P\x10\x05\xa8\x00\x00\x00\x00'
0.252 Disassembled: source: 50889, dest: 26875, seq: 55, ack: 160501306, window: 1448, ACK
0.252 Acknowledged seq: 160499858
0.252 Assembling: source: 26875, dest: 50889, seq: 160501306, ack: 56, window: 1448, data: ". Est iracundia "...
0.253 Sent: b'h\xfb\xc6\xc9\t\x91\x0e:\x00\x00\x008P\x00\x05\xa8\x00\x00\x00\x00. Est iracundia '...
0.255 Received: b'\xc6\xc9h\xfb\x00\x00\x007\t\x91\x13\xe2P\x10\x05\xa8\x00\x00\x00\x00'
0.255 Disassembled: source: 50889, dest: 26875, seq: 55, ack: 160502754, window: 1448, ACK
0.256 Acknowledged seq: 160501306
0.256 Assembling: source: 26875, dest: 50889, seq: 160502754, ack: 56, window: 1448, data: "pta probatus scr"...
0.256 Sent: b'h\xfb\xc6\xc9\t\x91\x13\xe2\x00\x00\x008P\x00\x05\xa8\x00\x00\x00\x00pta probatus scr'...
0.258 Received: b'\xc6\xc9h\xfb\x00\x00\x007\t\x91\x19\x8aP\x10\x05\xa8\x00\x00\x00\x00'
0.259 Disassembled: source: 50889, dest: 26875, seq: 55, ack: 160504202, window: 1448, ACK
0.259 Acknowledged seq: 160502754
0.259 Assembling: source: 26875, dest: 50889, seq: 160504202, ack: 56, window: 1448, data: "entur ei, pro ei"...
0.260 Sent: b'h\xfb\xc6\xc9\t\x91\x19\x8a\x00\x00\x008P\x00\x05\xa8\x00\x00\x00\x00entur ei, pro ei'...
0.262 Received: b'\xc6\xc9h\xfb\x00\x00\x007\t\x91\x1f2P\x10\x05\xa8\x00\x00\x00\x00'
0.262 Disassembled: source: 50889, dest: 26875, seq: 55, ack: 160505650, window: 1448, ACK
0.262 Acknowledged seq: 160504202
0.263 Assembling: source: 26875, dest: 50889, seq: 160505650, ack: 56, window: 1448, data: "simul euismod vi"...
0.263 Sent: b'h\xfb\xc6\xc9\t\x91\x1f2\x00\x00\x008P\x00\x05\xa8\x00\x00\x00\x00simul euismod vi'...
0.265 Received: b'\xc6\xc9h\xfb\x00\x00\x007\t\x91$\xdaP\x10\x05\xa8\x00\x00\x00\x00'
0.265 Disassembled: source: 50889, dest: 26875, seq: 55, ack: 160507098, window: 1448, ACK
0.266 Acknowledged seq: 160505650
0.266 Assembling: source: 26875, dest: 50889, seq: 160507098, ack: 56, window: 1448, data: ", eam id iudico "...
0.266 Sent: b'h\xfb\xc6\xc9\t\x91$\xda\x00\x00\x008P\x00\x05\xa8\x00\x00\x00\x00, eam id iudico '...
0.268 Received: b'\xc6\xc9h\xfb\x00\x00\x007\t\x91*\x82P\x10\x05\xa8\x00\x00\x00\x00'
0.269 Disassembled: source: 50889, dest: 26875, seq: 55, ack: 160508546, window: 1448, ACK
0.269 Acknowledged seq: 160507098
0.269 Assembling: source: 26875, dest: 50889, seq: 160508546, ack: 56, window: 1448, data: "m vix. Ea est mu"...
0.270 Sent: b'h\xfb\xc6\xc9\t\x91*\x82\x00\x00\x008P\x00\x05\xa8\x00\x00\x00\x00m vix. Ea est mu'...
0.272 Received: b'\xc6\xc9h\xfb\x00\x00\x007\t\x910*P\x10\x05\xa8\x00\x00\x00\x00'
0.272 Disassembled: source: 50889, dest: 26875, seq: 55, ack: 160509994, window: 1448, ACK
0.272 Acknowledged seq: 160508546
0.273 Assembling: source: 26875, dest: 50889, seq: 160509994, ack: 56, window: 1448, data: "olor sit amet, e"...
0.273 Sent: b'h\xfb\xc6\xc9\t\x910*\x00\x00\x008P\x00\x05\xa8\x00\x00\x00\x00olor sit amet, e'...
0.275 Received: b'\xc6\xc9h\xfb\x00\x00\x007\t\x915\xd2P\x10\x05\xa8\x00\x00\x00\x00'
0.276 Disassembled: source: 50889, dest: 26875, seq: 55, ack: 160511442, window: 1448, ACK
0.276 Acknowledged seq: 160509994
0.276 Assembling: source: 26875, dest: 50889, seq: 160511442, ack: 56, window: 1448, data: "m, aperiam iudic"...
0.277 Sent: b'h\xfb\xc6\xc9\t\x915\xd2\x00\x00\x008P\x00\x05\xa8\x00\x00\x00\x00m, aperiam iudic'...
0.278 Received: b'\xc6\xc9h\xfb\x00\x00\x007\t\x91;zP\x10\x05\xa8\x00\x00\x00\x00'
0.279 Disassembled: source: 50889, dest: 26875, seq: 55, ack: 160512890, window: 1448, ACK
0.279 Acknowledged seq: 160511442
0.279 Assembling: source: 26875, dest: 50889, seq: 160512890, ack: 56, window: 1448, data: "re sea. No eos d"...
0.280 Sent: b'h\xfb\xc6\xc9\t\x91;z\x00\x00\x008P\x00\x05\xa8\x00\x00\x00\x00re sea. No eos d'...
0.282 Received: b'\xc6\xc9h\xfb\x00\x00\x007\t\x91A"P\x10\x05\xa8\x00\x00\x00\x00'
0.282 Disassembled: source: 50889, dest: 26875, seq: 55, ack: 160514338, window: 1448, ACK
0.283 Acknowledged seq: 160512890
0.283 Assembling: source: 26875, dest: 50889, seq: 160514338, ack: 56, window: 1448, data: "t scripta philos"...
0.283 Sent: b'h\xfb\xc6\xc9\t\x91A"\x00\x00\x008P\x00\x05\xa8\x00\x00\x00\x00t scripta philos'...
0.285 Received: b'\xc6\xc9h\xfb\x00\x00\x007\t\x91F\xcaP\x10\x05\xa8\x00\x00\x00\x00'
0.286 Disassembled: source: 50889, dest: 26875, seq: 55, ack: 160515786, window: 1448, ACK
0.286 Acknowledged seq: 160514338
0.286 Assembling: source: 26875, dest: 50889, seq: 160515786, ack: 56, window: 1448, data: "tos sadipscing e"...
0.287 Sent: b'h\xfb\xc6\xc9\t\x91F\xca\x00\x00\x008P\x00\x05\xa8\x00\x00\x00\x00tos sadipscing e'...
0.289 Received: b'\xc6\xc9h\xfb\x00\x00\x007\t\x91LrP\x10\x05\xa8\x00\x00\x00\x00'
0.289 Disassembled: source: 50889, dest: 26875, seq: 55, ack: 160517234, window: 1448, ACK
0.289 Acknowledged seq: 160515786
0.290 Assembling: source: 26875, dest: 50889, seq: 160517234, ack: 56, window: 1448, data: "sapientem ea, ad"...
0.290 Sent: b'h\xfb\xc6\xc9\t\x91Lr\x00\x00\x008P\x00\x05\xa8\x00\x00\x00\x00sapientem ea, ad'...
0.292 Received: b'\xc6\xc9h\xfb\x00\x00\x007\t\x91R\x1aP\x10\x05\xa8\x00\x00\x00\x00'
0.292 Disassembled: source: 50889, dest: 26875, seq: 55, ack: 160518682, window: 1448, ACK
0.293 Acknowledged seq: 160517234
0.293 Assembling: source: 26875, dest: 50889, seq: 160518682, ack: 56, window: 1448, data: "g, ei invenire p"...
0.293 Sent: b'h\xfb\xc6\xc9\t\x91R\x1a\x00\x00\x008P\x00\x05\xa8\x00\x00\x00\x00g, ei invenire p'...
0.295 Received: b'\xc6\xc9h\xfb\x00\x00\x007\t\x91W\xc2P\x10\x05\xa8\x00\x00\x00\x00'
0.296 Disassembled: source: 50889, dest: 26875, seq: 55, ack: 160520130, window: 1448, ACK
0.296 Acknowledged seq: 160518682
0.296 Assembling: source: 26875, dest: 50889, seq: 160520130, ack: 56, window: 1448, data: "endo at. Qui id "...
0.297 Sent: b'h\xfb\xc6\xc9\t\x91W\xc2\x00\x00\x008P\x00\x05\xa8\x00\x00\x00\x00endo at. Qui id '...
0.299 Received: b'\xc6\xc9h\xfb\x00\x00\x007\t\x91]jP\x10\x05\xa8\x00\x00\x00\x00'
0.299 Disassembled: source: 50889, dest: 26875, seq: 55, ack: 160521578, window: 1448, ACK
0.299 Acknowledged seq: 160520130
0.300 Assembling: source: 26875, dest: 50889, seq: 160521578, ack: 56, window: 1448, data: "ota nostrum et p"...
0.300 Sent: b'h\xfb\xc6\xc9\t\x91]j\x00\x00\x008P\x00\x05\xa8\x00\x00\x00\x00ota nostrum et p'...
0.302 Received: b'\xc6\xc9h\xfb\x00\x00\x007\t\x91c\x12P\x10\x05\xa8\x00\x00\x00\x00'
0.303 Disassembled: source: 50889, dest: 26875, seq: 55, ack: 160523026, window: 1448, ACK
0.303 Acknowledged seq: 160521578
0.303 Assembling: source: 26875, dest: 50889, seq: 160523026, ack: 56, window: 1448, data: "deseruisse id. P"...
0.304 Sent: b'h\xfb\xc6\xc9\t\x91c\x12\x00\x00\x008P\x00\x05\xa8\x00\x00\x00\x00deseruisse id. P'...
0.306 Received: b'\xc6\xc9h\xfb\x00\x00\x007\t\x91h\xbaP\x10\x05\xa8\x00\x00\x00\x00'
0.306 Disassembled: source: 50889, dest: 26875, seq: 55, ack: 160524474, window: 1448, ACK
0.306 Acknowledged seq: 160523026
0.307 Assembling: source: 26875, dest: 50889, seq: 160524474, ack: 56, window: 1448, data: "odo munere imper"...
0.307 Sent: b'h\xfb\xc6\xc9\t\x91h\xba\x00\x00\x008P\x00\x05\xa8\x00\x00\x00\x00odo munere imper'...
0.309 Received: b'\xc6\xc9h\xfb\x00\x00\x007\t\x91nbP\x10\x05\xa8\x00\x00\x00\x00'
0.310 Disassembled: source: 50889, dest: 26875, seq: 55, ack: 160525922, window: 1448, ACK
0.310 Acknowledged seq: 160524474
0.310 Assembling: source: 26875, dest: 50889, seq: 160525922, ack: 56, window: 1448, data: "cimates cum, tib"...
0.311 Sent: b'h\xfb\xc6\xc9\t\x91nb\x00\x00\x008P\x00\x05\xa8\x00\x00\x00\x00cimates cum, tib'...
0.312 Received: b'\xc6\xc9h\xfb\x00\x00\x007\t\x91t\nP\x10\x05\xa8\x00\x00\x00\x00'
0.313 Disassembled: source: 50889, dest: 26875, seq: 55, ack: 160527370, window: 1448, ACK
0.313 Acknowledged seq: 160525922
0.313 Assembling: source: 26875, dest: 50889, seq: 160527370, ack: 56, window: 1448, data: "tiopam molestiae"...
0.314 Sent: b'h\xfb\xc6\xc9\t\x91t\n\x00\x00\x008P\x00\x05\xa8\x00\x00\x00\x00tiopam molestiae'...
0.316 Received: b'\xc6\xc9h\xfb\x00\x00\x007\t\x91y\xb2P\x10\x05\xa8\x00\x00\x00\x00'
0.316 Disassembled: source: 50889, dest: 26875, seq: 55, ack: 160528818, window: 1448, ACK
0.317 Acknowledged seq: 160527370
0.317 Assembling: source: 26875, dest: 50889, seq: 160528818, ack: 56, window: 1448, data: "possim qui no, v"...
0.317 Sent: b'h\xfb\xc6\xc9\t\x91y\xb2\x00\x00\x008P\x00\x05\xa8\x00\x00\x00\x00possim qui no, v'...
0.319 Received: b'\xc6\xc9h\xfb\x00\x00\x007\t\x91\x7fZP\x10\x05\xa8\x00\x00\x00\x00'
0.320 Disassembled: source: 50889, dest: 26875, seq: 55, ack: 160530266, window: 1448, ACK
0.320 Acknowledged seq: 160528818
0.320 Assembling: source: 26875, dest: 50889, seq: 160530266, ack: 56, window: 1448, data: " ex utinam parti"...
0.321 Sent: b'h\xfb\xc6\xc9\t\x91\x7fZ\x00\x00\x008P\x00\x05\xa8\x00\x00\x00\x00 ex utinam parti'...
0.323 Received: b'\xc6\xc9h\xfb\x00\x00\x007\t\x91\x85\x02P\x10\x05\xa8\x00\x00\x00\x00'
0.323 Disassembled: source: 50889, dest: 26875, seq: 55, ack: 160531714, window: 1448, ACK
0.323 Acknowledged seq: 160530266
0.324 Assembling: source: 26875, dest: 50889, seq: 160531714, ack: 56, window: 1448, data: "icus in his. Pri"...
0.324 Sent: b'h\xfb\xc6\xc9\t\x91\x85\x02\x00\x00\x008P\x00\x05\xa8\x00\x00\x00\x00icus in his. Pri'...
0.326 Received: b'\xc6\xc9h\xfb\x00\x00\x007\t\x91\x8a\xaaP\x10\x05\xa8\x00\x00\x00\x00'
0.326 Disassembled: source: 50889, dest: 26875, seq: 55, ack: 160533162, window: 1448, ACK
0.327 Acknowledged seq: 160531714
0.327 Assembling: source: 26875, dest: 50889, seq: 160533162, ack: 56, window: 1448, data: "iis et.

Ius cu "...
0.327 Sent: b'h\xfb\xc6\xc9\t\x91\x8a\xaa\x00\x00\x008P\x00\x05\xa8\x00\x00\x00\x00iis et.\n\nIus cu '...
0.329 Received: b'\xc6\xc9h\xfb\x00\x00\x007\t\x91\x90RP\x10\x05\xa8\x00\x00\x00\x00'
0.330 Disassembled: source: 50889, dest: 26875, seq: 55, ack: 160534610, window: 1448, ACK
0.330 Acknowledged seq: 160533162
0.330 Assembling: source: 26875, dest: 50889, seq: 160534610, ack: 56, window: 1448, data: "e interesset.

T"...
0.331 Sent: b'h\xfb\xc6\xc9\t\x91\x90R\x00\x00\x008P\x00\x05\xa8\x00\x00\x00\x00e interesset.\n\nT'...
0.333 Received: b'\xc6\xc9h\xfb\x00\x00\x007\t\x91\x95\xfaP\x10\x05\xa8\x00\x00\x00\x00'
0.333 Disassembled: source: 50889, dest: 26875, seq: 55, ack: 160536058, window: 1448, ACK
0.333 Acknowledged seq: 160534610
0.334 Assembling: source: 26875, dest: 50889, seq: 160536058, ack: 56, window: 1448, data: "pro alia volutpa"...
0.334 Sent: b'h\xfb\xc6\xc9\t\x91\x95\xfa\x00\x00\x008P\x00\x05\xa8\x00\x00\x00\x00pro alia volutpa'...
0.336 Received: b'\xc6\xc9h\xfb\x00\x00\x007\t\x91\x9b\xa2P\x10\x05\xa8\x00\x00\x00\x00'
0.337 Disassembled: source: 50889, dest: 26875, seq: 55, ack: 160537506, window: 1448, ACK
0.337 Acknowledged seq: 160536058
0.337 Assembling: source: 26875, dest: 50889, seq: 160537506, ack: 56, window: 1448, data: " libris equidem "...
0.337 Sent: b'h\xfb\xc6\xc9\t\x91\x9b\xa2\x00\x00\x008P\x00\x05\xa8\x00\x00\x00\x00 libris equidem '...
0.339 Received: b'\xc6\xc9h\xfb\x00\x00\x007\t\x91\xa1JP\x10\x05\xa8\x00\x00\x00\x00'
0.340 Disassembled: source: 50889, dest: 26875, seq: 55, ack: 160538954, window: 1448, ACK
0.340 Acknowledged seq: 160537506
0.340 Assembling: source: 26875, dest: 50889, seq: 160538954, ack: 56, window: 1448, data: "uavitate volupta"...
0.341 Sent: b'h\xfb\xc6\xc9\t\x91\xa1J\x00\x00\x008P\x00\x05\xa8\x00\x00\x00\x00uavitate volupta'...
0.343 Received: b'\xc6\xc9h\xfb\x00\x00\x007\t\x91\xa6\xf2P\x10\x05\xa8\x00\x00\x00\x00'
0.343 Disassembled: source: 50889, dest: 26875, seq: 55, ack: 160540402, window: 1448, ACK
0.343 Acknowledged seq: 160538954
0.344 Assembling: source: 26875, dest: 50889, seq: 160540402, ack: 56, window: 1448, data: " Detraxit defini"...
0.344 Sent: b'h\xfb\xc6\xc9\t\x91\xa6\xf2\x00\x00\x008P\x00\x05\xa8\x00\x00\x00\x00 Detraxit defini'...
0.346 Received: b'\xc6\xc9h\xfb\x00\x00\x007\t\x91\xac\x9aP\x10\x05\xa8\x00\x00\x00\x00'
0.347 Disassembled: source: 50889, dest: 26875, seq: 55, ack: 160541850, window: 1448, ACK
0.347 Acknowledged seq: 160540402
0.347 Assembling: source: 26875, dest: 50889, seq: 160541850, ack: 56, window: 1448, data: "aesent mei. Quo "...
0.348 Sent: b'h\xfb\xc6\xc9\t\x91\xac\x9a\x00\x00\x008P\x00\x05\xa8\x00\x00\x00\x00aesent mei. Quo '...
0.349 Received: b'\xc6\xc9h\xfb\x00\x00\x007\t\x91\xb2BP\x10\x05\xa8\x00\x00\x00\x00'
0.350 Disassembled: source: 50889, dest: 26875, seq: 55, ack: 160543298, window: 1448, ACK
0.350 Acknowledged seq: 160541850
0.351 Assembling: source: 26875, dest: 50889, seq: 160543298, ack: 56, window: 1448, data: "nterpretaris no "...
0.351 Sent: b'h\xfb\xc6\xc9\t\x91\xb2B\x00\x00\x008P\x00\x05\xa8\x00\x00\x00\x00nterpretaris no '...
0.353 Received: b'\xc6\xc9h\xfb\x00\x00\x007\t\x91\xb7\xeaP\x10\x05\xa8\x00\x00\x00\x00'
0.353 Disassembled: source: 50889, dest: 26875, seq: 55, ack: 160544746, window: 1448, ACK
0.354 Acknowledged seq: 160543298
0.354 Assembling: source: 26875, dest: 50889, seq: 160544746, ack: 56, window: 1448, data: "patrioque has. I"...
0.354 Sent: b'h\xfb\xc6\xc9\t\x91\xb7\xea\x00\x00\x008P\x00\x05\xa8\x00\x00\x00\x00patrioque has. I'...
0.356 Received: b'\xc6\xc9h\xfb\x00\x00\x007\t\x91\xbd\x92P\x10\x05\xa8\x00\x00\x00\x00'
0.357 Disassembled: source: 50889, dest: 26875, seq: 55, ack: 160546194, window: 1448, ACK
0.357 Acknowledged seq: 160544746
0.357 Assembling: source: 26875, dest: 50889, seq: 160546194, ack: 56, window: 1448, data: "ossit repudianda"...
0.358 Sent: b'h\xfb\xc6\xc9\t\x91\xbd\x92\x00\x00\x008P\x00\x05\xa8\x00\x00\x00\x00ossit repudianda'...
0.360 Received: b'\xc6\xc9h\xfb\x00\x00\x007\t\x91\xc3:P\x10\x05\xa8\x00\x00\x00\x00'
0.360 Disassembled: source: 50889, dest: 26875, seq: 55, ack: 160547642, window: 1448, ACK
0.360 Acknowledged seq: 160546194
0.361 Assembling: source: 26875, dest: 50889, seq: 160547642, ack: 56, window: 1448, data: "ora consequuntur"...
0.361 Sent: b'h\xfb\xc6\xc9\t\x91\xc3:\x00\x00\x008P\x00\x05\xa8\x00\x00\x00\x00ora consequuntur'...
0.363 Received: b'\xc6\xc9h\xfb\x00\x00\x007\t\x91\xc8\xe2P\x10\x05\xa8\x00\x00\x00\x00'
0.364 Disassembled: source: 50889, dest: 26875, seq: 55, ack: 160549090, window: 1448, ACK
0.364 Acknowledged seq: 160547642
0.364 Assembling: source: 26875, dest: 50889, seq: 160549090, ack: 56, window: 1448, data: "ctus conceptam a"...
0.364 Sent: b'h\xfb\xc6\xc9\t\x91\xc8\xe2\x00\x00\x008P\x00\x05\xa8\x00\x00\x00\x00ctus conceptam a'...
0.366 Received: b'\xc6\xc9h\xfb\x00\x00\x007\t\x91\xce\x8aP\x10\x05\xa8\x00\x00\x00\x00'
0.367 Disassembled: source: 50889, dest: 26875, seq: 55, ack: 160550538, window: 1448, ACK
0.367 Acknowledged seq: 160549090
0.367 Assembling: source: 26875, dest: 50889, seq: 160550538, ack: 56, window: 1448, data: " aeterno te, ne "...
0.368 Sent: b'h\xfb\xc6\xc9\t\x91\xce\x8a\x00\x00\x008P\x00\x05\xa8\x00\x00\x00\x00 aeterno te, ne '...
0.370 Received: b'\xc6\xc9h\xfb\x00\x00\x007\t\x91\xd42P\x10\x05\xa8\x00\x00\x00\x00'
0.370 Disassembled: source: 50889, dest: 26875, seq: 55, ack: 160551986, window: 1448, ACK
0.371 Acknowledged seq: 160550538
0.371 Assembling: source: 26875, dest: 50889, seq: 160551986, ack: 56, window: 1448, data: "imis oporteat di"...
0.371 Sent: b'h\xfb\xc6\xc9\t\x91\xd42\x00\x00\x008P\x00\x05\xa8\x00\x00\x00\x00imis oporteat di'...
0.373 Received: b'\xc6\xc9h\xfb\x00\x00\x007\t\x91\xd9\xdaP\x10\x05\xa8\x00\x00\x00\x00'
0.374 Disassembled: source: 50889, dest: 26875, seq: 55, ack: 160553434, window: 1448, ACK
0.374 Acknowledged seq: 160551986
0.374 Assembling: source: 26875, dest: 50889, seq: 160553434, ack: 56, window: 1448, data: "re. Has virtute "...
0.375 Sent: b'h\xfb\xc6\xc9\t\x91\xd9\xda\x00\x00\x008P\x00\x05\xa8\x00\x00\x00\x00re. Has virtute '...
0.377 Received: b'\xc6\xc9h\xfb\x00\x00\x007\t\x91\xdf\x82P\x10\x05\xa8\x00\x00\x00\x00'
0.377 Disassembled: source: 50889, dest: 26875, seq: 55, ack: 160554882, window: 1448, ACK
0.377 Acknowledged seq: 160553434
0.378 Assembling: source: 26875, dest: 50889, seq: 160554882, ack: 56, window: 1448, data: " eum ancillae no"...
0.378 Sent: b'h\xfb\xc6\xc9\t\x91\xdf\x82\x00\x00\x008P\x00\x05\xa8\x00\x00\x00\x00 eum ancillae no'...
0.380 Received: b'\xc6\xc9h\xfb\x00\x00\x007\t\x91\xe5*P\x10\x05\xa8\x00\x00\x00\x00'
0.381 Disassembled: source: 50889, dest: 26875, seq: 55, ack: 160556330, window: 1448, ACK
0.381 Acknowledged seq: 160554882
0.381 Assembling: source: 26875, dest: 50889, seq: 160556330, ack: 56, window: 1448, data: "ppareat ius. At "...
0.382 Sent: b'h\xfb\xc6\xc9\t\x91\xe5*\x00\x00\x008P\x00\x05\xa8\x00\x00\x00\x00ppareat ius. At '...
0.384 Received: b'\xc6\xc9h\xfb\x00\x00\x007\t\x91\xea\xd2P\x10\x05\xa8\x00\x00\x00\x00'
0.384 Disassembled: source: 50889, dest: 26875, seq: 55, ack: 160557778, window: 1448, ACK
0.384 Acknowledged seq: 160556330
0.385 Assembling: source: 26875, dest: 50889, seq: 160557778, ack: 56, window: 1448, data: ", vero appellant"...
0.385 Sent: b'h\xfb\xc6\xc9\t\x91\xea\xd2\x00\x00\x008P\x00\x05\xa8\x00\x00\x00\x00, vero appellant'...
0.387 Received: b'\xc6\xc9h\xfb\x00\x00\x007\t\x91\xf0zP\x10\x05\xa8\x00\x00\x00\x00'
0.387 Disassembled: source: 50889, dest: 26875, seq: 55, ack: 160559226, window: 1448, ACK
0.388 Acknowledged seq: 160557778
0.388 Assembling: source: 26875, dest: 50889, seq: 160559226, ack: 56, window: 1448, data: "ibo quando copio"...
0.388 Sent: b'h\xfb\xc6\xc9\t\x91\xf0z\x00\x00\x008P\x00\x05\xa8\x00\x00\x00\x00ibo quando copio'...
0.390 Received: b'\xc6\xc9h\xfb\x00\x00\x007\t\x91\xf6"P\x10\x05\xa8\x00\x00\x00\x00'
0.391 Disassembled: source: 50889, dest: 26875, seq: 55, ack: 160560674, window: 1448, ACK
0.391 Acknowledged seq: 160559226
0.391 Assembling: source: 26875, dest: 50889, seq: 160560674, ack: 56, window: 1448, data: " maluisset. Sit "...
0.392 Sent: b'h\xfb\xc6\xc9\t\x91\xf6"\x00\x00\x008P\x00\x05\xa8\x00\x00\x00\x00 maluisset. Sit '...
0.394 Received: b'\xc6\xc9h\xfb\x00\x00\x007\t\x91\xfb\xcaP\x10\x05\xa8\x00\x00\x00\x00'
0.394 Disassembled: source: 50889, dest: 26875, seq: 55, ack: 160562122, window: 1448, ACK
0.394 Acknowledged seq: 160560674
0.395 Assembling: source: 26875, dest: 50889, seq: 160562122, ack: 56, window: 1448, data: "e ceteros albuci"...
0.395 Sent: b'h\xfb\xc6\xc9\t\x91\xfb\xca\x00\x00\x008P\x00\x05\xa8\x00\x00\x00\x00e ceteros albuci'...
0.397 Received: b'\xc6\xc9h\xfb\x00\x00\x007\t\x92\x01rP\x10\x05\xa8\x00\x00\x00\x00'
0.398 Disassembled: source: 50889, dest: 26875, seq: 55, ack: 160563570, window: 1448, ACK
0.398 Acknowledged seq: 160562122
0.398 Assembling: source: 26875, dest: 50889, seq: 160563570, ack: 56, window: 1448, data: "complectitur sea"...
0.399 Sent: b'h\xfb\xc6\xc9\t\x92\x01r\x00\x00\x008P\x00\x05\xa8\x00\x00\x00\x00complectitur sea'...
0.400 Received: b'\xc6\xc9h\xfb\x00\x00\x007\t\x92\x07\x1aP\x10\x05\xa8\x00\x00\x00\x00'
0.401 Disassembled: source: 50889, dest: 26875, seq: 55, ack: 160565018, window: 1448, ACK
0.401 Acknowledged seq: 160563570
0.401 Finished reading file
0.402 Assembling: source: 26875, dest: 50889, seq: 160565018, ack: 56, window: 1448, data: "tempor ex ius. E"...
0.402 Sent: b'h\xfb\xc6\xc9\t\x92\x07\x1a\x00\x00\x008P\x00\x05\xa8\x00\x00\x00\x00tempor ex ius. E'...
0.404 Received: b'\xc6\xc9h\xfb\x00\x00\x007\t\x92\x07xP\x10\x05\xa8\x00\x00\x00\x00'
0.404 Disassembled: source: 50889, dest: 26875, seq: 55, ack: 160565112, window: 1448, ACK
0.405 Acknowledged seq: 160565018
0.405 Assembling: source: 26875, dest: 50889, seq: 160565112, ack: 56, window: 1448, ACK, FIN
0.405 Sent: b'h\xfb\xc6\xc9\t\x92\x07x\x00\x00\x008P\x11\x05\xa8\x00\x00\x00\x00'
0.407 Received: b'\xc6\xc9h\xfb\x00\x00\x007\t\x92\x07yP\x10\x05\xa8\x00\x00\x00\x00'
0.408 Disassembled: source: 50889, dest: 26875, seq: 55, ack: 160565113, window: 1448, ACK
0.408 FIN accepted; sending final packet
0.408 Assembling: source: 26875, dest: 50889, seq: 160565113, ack: 56, window: 1448, ACK
0.408 Sent: b'h\xfb\xc6\xc9\t\x92\x07y\x00\x00\x008P\x10\x05\xa8\x00\x00\x00\x00'
0.409 Closed connection
0.409 Shutting down
