0.000 NEW RUN: Server, TEST: Read_file__Empty
0.074 Received: b'p\x08\x85\x13\x00\x00\x00\x05\x00\x00\x00\x00P\x02\x05\xa8\x00\x00\x00\x00'
0.075 Disassembled: source: 28680, dest: 34067, seq: 5, window: 1448, SYN
0.076 SYN accepted; new connection: 127.0.0.1 on port 28680
0.076 Assembling: source: 34067, dest: 28680, seq: 150226916, ack: 6, window: 1448, ACK, SYN
0.077 Sent: b'\x85\x13p\x08\x08\xf4G\xe4\x00\x00\x00\x06P\x12\x05\xa8\x00\x00\x00\x00'
0.078 Received: b'p\x08\x85\x13\x00\x00\x00\x06\x08\xf4G\xe5P\x10\x05\xa8\x00\x00\x00\x00'
0.079 Disassembled: source: 28680, dest: 34067, seq: 6, ack: 150226917, window: 1448, ACK
0.079 Handshake complete
0.079 Acknowledged seq: 150226916
0.079 Finished reading file
0.079 Assembling: source: 34067, dest: 28680, seq: 150226917, ack: 7, window: 1448, ACK, FIN
0.080 Sent: b'\x85\x13p\x08\x08\xf4G\xe5\x00\x00\x00\x07P\x11\x05\xa8\x00\x00\x00\x00'
0.081 Received: b'p\x08\x85\x13\x00\x00\x00\x06\x08\xf4G\xe6P\x10\x05\xa8\x00\x00\x00\x00'
0.082 Disassembled: source: 28680, dest: 34067, seq: 6, ack: 150226918, window: 1448, ACK
0.082 FIN accepted; sending final packet
0.082 Assembling: source: 34067, dest: 28680, seq: 150226918, ack: 7, window: 1448, ACK
0.083 Sent: b'\x85\x13p\x08\x08\xf4G\xe6\x00\x00\x00\x07P\x10\x05\xa8\x00\x00\x00\x00'
0.083 Closed connection
0.083 Shutting down
