0.000 NEW RUN: Server, TEST: Read_file__Latency
0.075 Received: b'\xd4~\xe3\xa2\x00\x00\x00\x15\x00\x00\x00\x00P\x02\x05\xa8\x00\x00\x00\x00'
0.076 Disassembled: source: 54398, dest: 58274, seq: 21, window: 1448, SYN
0.077 SYN accepted; new connection: 127.0.0.1 on port 54398
0.077 Assembling: source: 58274, dest: 54398, seq: 296680029, ack: 22, window: 1448, ACK, SYN
0.077 Sent: b'\xe3\xa2\xd4~\x11\xae\xfa]\x00\x00\x00\x16P\x12\x05\xa8\x00\x00\x00\x00'
0.578 Sent: b'\xe3\xa2\xd4~\x11\xae\xfa]\x00\x00\x00\x16P\x12\x05\xa8\x00\x00\x00\x00'
1.079 Sent: b'\xe3\xa2\xd4~\x11\xae\xfa]\x00\x00\x00\x16P\x12\x05\xa8\x00\x00\x00\x00'
1.082 Received: b'\xd4~\xe3\xa2\x00\x00\x00\x16\x11\xae\xfa^P\x10\x05\xa8\x00\x00\x00\x00'
1.083 Disassembled: source: 54398, dest: 58274, seq: 22, ack: 296680030, window: 1448, ACK
1.083 Handshake complete
1.083 Acknowledged seq: 296680029
1.083 Assembling: source: 58274, dest: 54398, seq: 296680030, ack: 23, window: 1448, data: "Lorem ipsum dolo"...
1.084 Sent: b'\xe3\xa2\xd4~\x11\xae\xfa^\x00\x00\x00\x17P\x00\x05\xa8\x00\x00\x00\x00Lorem ipsum dolo'...
1.582 Received: b'\xd4~\xe3\xa2\x00\x00\x00\x16\x11\xae\xfa^P\x10\x05\xa8\x00\x00\x00\x00'
1.583 Disassembled: source: 54398, dest: 58274, seq: 22, ack: 296680030, window: 1448, ACK
1.583 Assembling: source: 58274, dest: 54398, seq: 296681478, ack: 23, window: 1448, data: "m"
1.584 Sent: b'\xe3\xa2\xd4~\x11\xaf\x00\x06\x00\x00\x00\x17P\x00\x05\xa8\x00\x00\x00\x00m'
2.083 Received: b'\xd4~\xe3\xa2\x00\x00\x00\x16\x11\xae\xfa^P\x10\x05\xa8\x00\x00\x00\x00'
2.084 Disassembled: source: 54398, dest: 58274, seq: 22, ack: 296680030, window: 1448, ACK
2.084 Sent: b'\xe3\xa2\xd4~\x11\xae\xfa^\x00\x00\x00\x17P\x00\x05\xa8\x00\x00\x00\x00Lorem ipsum dolo'...
2.084 Sent: b'\xe3\xa2\xd4~\x11\xaf\x00\x06\x00\x00\x00\x17P\x00\x05\xa8\x00\x00\x00\x00m'
2.088 Received: b'\xd4~\xe3\xa2\x00\x00\x00\x16\x11\xaf\x00\x06P\x10\x05\xa8\x00\x00\x00\x00'
2.089 Disassembled: source: 54398, dest: 58274, seq: 22, ack: 296681478, window: 1448, ACK
2.089 Acknowledged seq: 296680030
2.089 Assembling: source: 58274, dest: 54398, seq: 296681479, ack: 23, window: 1448, data: "prehensam nam, a"...
2.090 Sent: b'\xe3\xa2\xd4~\x11\xaf\x00\x07\x00\x00\x00\x17P\x00\x05\xa8\x00\x00\x00\x00prehensam nam, a'...
2.588 Received: b'\xd4~\xe3\xa2\x00\x00\x00\x16\x11\xaf\x00\x07P\x10\x05\xa8\x00\x00\x00\x00'
2.589 Disassembled: source: 54398, dest: 58274, seq: 22, ack: 296681479, window: 1448, ACK
2.589 Acknowledged seq: 296681478
2.589 Assembling: source: 58274, dest: 54398, seq: 296682926, ack: 23, window: 1448, data: "i"
2.589 Sent: b'\xe3\xa2\xd4~\x11\xaf\x05\xae\x00\x00\x00\x17P\x00\x05\xa8\x00\x00\x00\x00i'
3.090 Sent: b'\xe3\xa2\xd4~\x11\xaf\x00\x07\x00\x00\x00\x17P\x00\x05\xa8\x00\x00\x00\x00prehensam nam, a'...
3.091 Sent: b'\xe3\xa2\xd4~\x11\xaf\x05\xae\x00\x00\x00\x17P\x00\x05\xa8\x00\x00\x00\x00i'
3.591 Sent: b'\xe3\xa2\xd4~\x11\xaf\x00\x07\x00\x00\x00\x17P\x00\x05\xa8\x00\x00\x00\x00prehensam nam, a'...
3.591 Sent: b'\xe3\xa2\xd4~\x11\xaf\x05\xae\x00\x00\x00\x17P\x00\x05\xa8\x00\x00\x00\x00i'
4.091 Sent: b'\xe3\xa2\xd4~\x11\xaf\x00\x07\x00\x00\x00\x17P\x00\x05\xa8\x00\x00\x00\x00prehensam nam, a'...
4.092 Sent: b'\xe3\xa2\xd4~\x11\xaf\x05\xae\x00\x00\x00\x17P\x00\x05\xa8\x00\x00\x00\x00i'
4.592 Sent: b'\xe3\xa2\xd4~\x11\xaf\x00\x07\x00\x00\x00\x17P\x00\x05\xa8\x00\x00\x00\x00prehensam nam, a'...
4.593 Sent: b'\xe3\xa2\xd4~\x11\xaf\x05\xae\x00\x00\x00\x17P\x00\x05\xa8\x00\x00\x00\x00i'
5.093 Sent: b'\xe3\xa2\xd4~\x11\xaf\x00\x07\x00\x00\x00\x17P\x00\x05\xa8\x00\x00\x00\x00prehensam nam, a'...
5.093 Sent: b'\xe3\xa2\xd4~\x11\xaf\x05\xae\x00\x00\x00\x17P\x00\x05\xa8\x00\x00\x00\x00i'
5.593 Error: Connection timed out
5.594 Closed connection
6.092 Shutting down
