0.000 NEW RUN: Server, TEST: Write_file__Latency
0.077 Received: b'\xe4\xdb\xf4\x1f\x00\x00\x00A\x00\x00\x00\x00P\x02\x05\xa8\x00\x00\x00\x00'
0.078 Disassembled: source: 58587, dest: 62495, seq: 65, window: 1448, SYN
0.078 SYN accepted; new connection: 127.0.0.1 on port 58587
0.079 Assembling: source: 62495, dest: 58587, seq: 311604199, ack: 66, window: 5808, ACK, SYN
0.079 Sent: b'\xf4\x1f\xe4\xdb\x12\x92\xb3\xe7\x00\x00\x00BP\x12\x16\xb0\x00\x00\x00\x00'
0.580 Sent: b'\xf4\x1f\xe4\xdb\x12\x92\xb3\xe7\x00\x00\x00BP\x12\x16\xb0\x00\x00\x00\x00'
1.080 Sent: b'\xf4\x1f\xe4\xdb\x12\x92\xb3\xe7\x00\x00\x00BP\x12\x16\xb0\x00\x00\x00\x00'
1.084 Received: b'\xe4\xdb\xf4\x1f\x00\x00\x00B\x12\x92\xb3\xe8P\x10\x16\xb0\x00\x00\x00\x00'
1.084 Disassembled: source: 58587, dest: 62495, seq: 66, ack: 311604200, window: 5808, ACK
1.084 Assembling: source: 62495, dest: 58587, seq: 311604200, ack: 66, window: 5808, ACK
1.085 Sent: b'\xf4\x1f\xe4\xdb\x12\x92\xb3\xe8\x00\x00\x00BP\x10\x16\xb0\x00\x00\x00\x00'
1.086 Received: b'\xe4\xdb\xf4\x1f\x00\x00\x00B\x12\x92\xb3\xe8P\x10\x16\xb0\x00\x00\x00\x00Lorem ipsum dolo'...
1.086 Disassembled: source: 58587, dest: 62495, seq: 66, ack: 311604200, window: 5808, ACK, data: "Lorem ipsum dolo"...
1.087 Handshake complete
1.087 Data accepted; writing to file
1.087 Assembling: source: 62495, dest: 58587, seq: 311604200, ack: 1514, window: 5808, ACK
1.087 Sent: b'\xf4\x1f\xe4\xdb\x12\x92\xb3\xe8\x00\x00\x05\xeaP\x10\x16\xb0\x00\x00\x00\x00'
1.584 Received: b'\xe4\xdb\xf4\x1f\x00\x00\x00B\x12\x92\xb3\xe8P\x00\x16\xb0\x00\x00\x00\x00Lorem ipsum dolo'...
1.585 Disassembled: source: 58587, dest: 62495, seq: 66, ack: 311604200, window: 5808, data: "Lorem ipsum dolo"...
1.585 Old data; ignoring
1.588 Sent: b'\xf4\x1f\xe4\xdb\x12\x92\xb3\xe8\x00\x00\x05\xeaP\x10\x16\xb0\x00\x00\x00\x00'
2.085 Received: b'\xe4\xdb\xf4\x1f\x00\x00\x00B\x12\x92\xb3\xe8P\x00\x16\xb0\x00\x00\x00\x00Lorem ipsum dolo'...
2.086 Disassembled: source: 58587, dest: 62495, seq: 66, ack: 311604200, window: 5808, data: "Lorem ipsum dolo"...
2.086 Old data; ignoring
2.089 Sent: b'\xf4\x1f\xe4\xdb\x12\x92\xb3\xe8\x00\x00\x05\xeaP\x10\x16\xb0\x00\x00\x00\x00'
2.089 Received: b'\xe4\xdb\xf4\x1f\x00\x00\x00B\x12\x92\xb3\xe8P\x00\x16\xb0\x00\x00\x00\x00Lorem ipsum dolo'...
2.090 Disassembled: source: 58587, dest: 62495, seq: 66, ack: 311604200, window: 5808, data: "Lorem ipsum dolo"...
2.090 Old data; ignoring
2.092 Received: b'\xe4\xdb\xf4\x1f\x00\x00\x05\xea\x12\x92\xb3\xe8P\x00\x16\xb0\x00\x00\x00\x00mprehensam nam, '...
2.092 Disassembled: source: 58587, dest: 62495, seq: 1514, ack: 311604200, window: 5808, data: "mprehensam nam, "...
2.092 Data accepted; writing to file
2.093 Assembling: source: 62495, dest: 58587, seq: 311604200, ack: 2962, window: 5808, ACK
2.093 Sent: b'\xf4\x1f\xe4\xdb\x12\x92\xb3\xe8\x00\x00\x0b\x92P\x10\x16\xb0\x00\x00\x00\x00'
2.593 Received: b'\xe4\xdb\xf4\x1f\x00\x00\x05\xea\x12\x92\xb3\xe8P\x00\x16\xb0\x00\x00\x00\x00mprehensam nam, '...
2.593 Disassembled: source: 58587, dest: 62495, seq: 1514, ack: 311604200, window: 5808, data: "mprehensam nam, "...
2.593 Old data; ignoring
2.594 Sent: b'\xf4\x1f\xe4\xdb\x12\x92\xb3\xe8\x00\x00\x0b\x92P\x10\x16\xb0\x00\x00\x00\x00'
3.094 Received: b'\xe4\xdb\xf4\x1f\x00\x00\x05\xea\x12\x92\xb3\xe8P\x00\x16\xb0\x00\x00\x00\x00mprehensam nam, '...
3.094 Disassembled: source: 58587, dest: 62495, seq: 1514, ack: 311604200, window: 5808, data: "mprehensam nam, "...
3.094 Old data; ignoring
3.094 Sent: b'\xf4\x1f\xe4\xdb\x12\x92\xb3\xe8\x00\x00\x0b\x92P\x10\x16\xb0\x00\x00\x00\x00'
3.098 Received: b'\xe4\xdb\xf4\x1f\x00\x00\x0b\x92\x12\x92\xb3\xe8P\x10\x16\xb0\x00\x00\x00\x00ilisi repudiare '...
3.098 Disassembled: source: 58587, dest: 62495, seq: 2962, ack: 311604200, window: 5808, ACK, data: "ilisi repudiare "...
3.098 Error: Incorrect acknowledgement flag
3.595 Sent: b'\xf4\x1f\xe4\xdb\x12\x92\xb3\xe8\x00\x00\x0b\x92P\x10\x16\xb0\x00\x00\x00\x00'
3.598 Received: b'\xe4\xdb\xf4\x1f\x00\x00\x0b\x92\x12\x92\xb3\xe8P\x00\x16\xb0\x00\x00\x00\x00ilisi repudiare '...
3.598 Disassembled: source: 58587, dest: 62495, seq: 2962, ack: 311604200, window: 5808, data: "ilisi repudiare "...
3.599 Data accepted; writing to file
3.599 Assembling: source: 62495, dest: 58587, seq: 311604200, ack: 3309, window: 5808, ACK
3.599 Sent: b'\xf4\x1f\xe4\xdb\x12\x92\xb3\xe8\x00\x00\x0c\xedP\x10\x16\xb0\x00\x00\x00\x00'
4.099 Received: b'\xe4\xdb\xf4\x1f\x00\x00\x0b\x92\x12\x92\xb3\xe8P\x00\x16\xb0\x00\x00\x00\x00ilisi repudiare '...
4.100 Disassembled: source: 58587, dest: 62495, seq: 2962, ack: 311604200, window: 5808, data: "ilisi repudiare "...
4.100 Old data; ignoring
4.100 Sent: b'\xf4\x1f\xe4\xdb\x12\x92\xb3\xe8\x00\x00\x0c\xedP\x10\x16\xb0\x00\x00\x00\x00'
4.600 Received: b'\xe4\xdb\xf4\x1f\x00\x00\x0b\x92\x12\x92\xb3\xe8P\x00\x16\xb0\x00\x00\x00\x00ilisi repudiare '...
4.600 Disassembled: source: 58587, dest: 62495, seq: 2962, ack: 311604200, window: 5808, data: "ilisi repudiare "...
4.600 Old data; ignoring
4.601 Sent: b'\xf4\x1f\xe4\xdb\x12\x92\xb3\xe8\x00\x00\x0c\xedP\x10\x16\xb0\x00\x00\x00\x00'
5.101 Sent: b'\xf4\x1f\xe4\xdb\x12\x92\xb3\xe8\x00\x00\x0c\xedP\x10\x16\xb0\x00\x00\x00\x00'
5.602 Sent: b'\xf4\x1f\xe4\xdb\x12\x92\xb3\xe8\x00\x00\x0c\xedP\x10\x16\xb0\x00\x00\x00\x00'
6.103 Error: Connection timed out
6.103 Closed connection
6.602 Shutting down
