0.000 NEW RUN: Server, TEST: Write_file__Random_drops
0.076 Received: b'6ofK\x00\x00\x00d\x00\x00\x00\x00P\x02\x05\xa8\x00\x00\x00\x00'
0.077 Disassembled: source: 13935, dest: 26187, seq: 100, window: 1448, SYN
0.078 SYN accepted; new connection: 127.0.0.1 on port 13935
0.078 Assembling: source: 26187, dest: 13935, seq: 255831970, ack: 101, window: 5808, ACK, SYN
0.078 Sent: b'fK6o\x0f?\xaf\xa2\x00\x00\x00eP\x12\x16\xb0\x00\x00\x00\x00'
0.080 Received: b'6ofK\x00\x00\x00e\x0f?\xaf\xa3P\x10\x16\xb0\x00\x00\x00\x00'
0.081 Disassembled: source: 13935, dest: 26187, seq: 101, ack: 255831971, window: 5808, ACK
0.081 Assembling: source: 26187, dest: 13935, seq: 255831971, ack: 101, window: 5808, ACK
0.081 Received: b'6ofK\x00\x00\x00e\x0f?\xaf\xa3P\x10\x16\xb0\x00\x00\x00\x00Lorem ipsum dolo'...
0.082 Sent: b'fK6o\x0f?\xaf\xa3\x00\x00\x00eP\x10\x16\xb0\x00\x00\x00\x00'
0.082 Disassembled: source: 13935, dest: 26187, seq: 101, ack: 255831971, window: 5808, ACK, data: "Lorem ipsum dolo"...
0.082 Handshake complete
0.082 Data accepted; writing to file
0.083 Assembling: source: 26187, dest: 13935, seq: 255831971, ack: 1549, window: 5808, ACK
0.083 Sent: b'fK6o\x0f?\xaf\xa3\x00\x00\x06\rP\x10\x16\xb0\x00\x00\x00\x00'
0.083 Received: b'6ofK\x00\x00\x00e\x0f?\xaf\xa3P\x00\x16\xb0\x00\x00\x00\x00Lorem ipsum dolo'...
0.084 Disassembled: source: 13935, dest: 26187, seq: 101, ack: 255831971, window: 5808, data: "Lorem ipsum dolo"...
0.084 Old data; ignoring
0.085 Received: b'6ofK\x00\x00\x06\r\x0f?\xaf\xa3P\x00\x16\xb0\x00\x00\x00\x00mprehensam nam, '...
0.085 Disassembled: source: 13935, dest: 26187, seq: 1549, ack: 255831971, window: 5808, data: "mprehensam nam, "...
0.085 Data accepted; writing to file
0.086 Assembling: source: 26187, dest: 13935, seq: 255831971, ack: 2997, window: 5808, ACK
0.086 Sent: b'fK6o\x0f?\xaf\xa3\x00\x00\x0b\xb5P\x10\x16\xb0\x00\x00\x00\x00'
0.088 Received: b'6ofK\x00\x00\x0b\xb5\x0f?\xaf\xa3P\x10\x16\xb0\x00\x00\x00\x00ilisi repudiare '...
0.088 Disassembled: source: 13935, dest: 26187, seq: 2997, ack: 255831971, window: 5808, ACK, data: "ilisi repudiare "...
0.088 Error: Incorrect acknowledgement flag
0.586 Sent: b'fK6o\x0f?\xaf\xa3\x00\x00\x0b\xb5P\x10\x16\xb0\x00\x00\x00\x00'
0.589 Received: b'6ofK\x00\x00\x0b\xb5\x0f?\xaf\xa3P\x00\x16\xb0\x00\x00\x00\x00ilisi repudiare '...
0.590 Disassembled: source: 13935, dest: 26187, seq: 2997, ack: 255831971, window: 5808, data: "ilisi repudiare "...
0.590 Data accepted; writing to file
0.590 Assembling: source: 26187, dest: 13935, seq: 255831971, ack: 4445, window: 5808, ACK
0.591 Sent: b'fK6o\x0f?\xaf\xa3\x00\x00\x11]P\x10\x16\xb0\x00\x00\x00\x00'
0.594 Received: b'6ofK\x00\x00\x11]\x0f?\xaf\xa3P\x00\x16\xb0\x00\x00\x00\x00ta.\n\nEt essent s'...
0.594 Disassembled: source: 13935, dest: 26187, seq: 4445, ack: 255831971, window: 5808, data: "ta.

Et essent s"...
0.594 Data accepted; writing to file
0.595 Assembling: source: 26187, dest: 13935, seq: 255831971, ack: 5893, window: 5808, ACK
0.595 Sent: b'fK6o\x0f?\xaf\xa3\x00\x00\x17\x05P\x10\x16\xb0\x00\x00\x00\x00'
0.598 Received: b'6ofK\x00\x00\x17\x05\x0f?\xaf\xa3P\x10\x16\xb0\x00\x00\x00\x00 Nihil tractatos'...
0.599 Disassembled: source: 13935, dest: 26187, seq: 5893, ack: 255831971, window: 5808, ACK, data: " Nihil tractatos"...
0.599 Error: Incorrect acknowledgement flag
1.096 Sent: b'fK6o\x0f?\xaf\xa3\x00\x00\x17\x05P\x10\x16\xb0\x00\x00\x00\x00'
1.098 Received: b'6ofK\x00\x00\x17\x05\x0f?\xaf\xa3P\x00\x16\xb0\x00\x00\x00\x00 Nihil tractatos'...
1.099 Disassembled: source: 13935, dest: 26187, seq: 5893, ack: 255831971, window: 5808, data: " Nihil tractatos"...
1.099 Data accepted; writing to file
1.099 Assembling: source: 26187, dest: 13935, seq: 255831971, ack: 7341, window: 5808, ACK
1.100 Failed to send packet
1.600 Sent: b'fK6o\x0f?\xaf\xa3\x00\x00\x1c\xadP\x10\x16\xb0\x00\x00\x00\x00'
1.603 Received: b'6ofK\x00\x00\x1c\xad\x0f?\xaf\xa3P\x00\x16\xb0\x00\x00\x00\x00fert iuvaret sap'...
1.604 Disassembled: source: 13935, dest: 26187, seq: 7341, ack: 255831971, window: 5808, data: "fert iuvaret sap"...
1.604 Data accepted; writing to file
1.604 Assembling: source: 26187, dest: 13935, seq: 255831971, ack: 8789, window: 5808, ACK
1.605 Sent: b'fK6o\x0f?\xaf\xa3\x00\x00"UP\x10\x16\xb0\x00\x00\x00\x00'
1.608 Received: b'6ofK\x00\x00"U\x0f?\xaf\xa3P\x10\x16\xb0\x00\x00\x00\x00ram adipiscing, '...
1.608 Disassembled: source: 13935, dest: 26187, seq: 8789, ack: 255831971, window: 5808, ACK, data: "ram adipiscing, "...
1.609 Error: Incorrect acknowledgement flag
2.105 Sent: b'fK6o\x0f?\xaf\xa3\x00\x00"UP\x10\x16\xb0\x00\x00\x00\x00'
2.108 Received: b'6ofK\x00\x00"U\x0f?\xaf\xa3P\x00\x16\xb0\x00\x00\x00\x00ram adipiscing, '...
2.109 Disassembled: source: 13935, dest: 26187, seq: 8789, ack: 255831971, window: 5808, data: "ram adipiscing, "...
2.109 Data accepted; writing to file
2.109 Assembling: source: 26187, dest: 13935, seq: 255831971, ack: 10237, window: 5808, ACK
2.110 Sent: b"fK6o\x0f?\xaf\xa3\x00\x00'\xfdP\x10\x16\xb0\x00\x00\x00\x00"
2.113 Received: b"6ofK\x00\x00'\xfd\x0f?\xaf\xa3P\x00\x16\xb0\x00\x00\x00\x00m veritus vivend"...
2.113 Disassembled: source: 13935, dest: 26187, seq: 10237, ack: 255831971, window: 5808, data: "m veritus vivend"...
2.113 Data accepted; writing to file
2.113 Assembling: source: 26187, dest: 13935, seq: 255831971, ack: 11685, window: 5808, ACK
2.114 Failed to send packet
2.614 Sent: b'fK6o\x0f?\xaf\xa3\x00\x00-\xa5P\x10\x16\xb0\x00\x00\x00\x00'
2.617 Failed to receive packet
3.115 Failed to send packet
3.615 Sent: b'fK6o\x0f?\xaf\xa3\x00\x00-\xa5P\x10\x16\xb0\x00\x00\x00\x00'
3.618 Received: b'6ofK\x00\x00-\xa5\x0f?\xaf\xa3P\x00\x16\xb0\x00\x00\x00\x00 delenit, ignota'...
3.619 Disassembled: source: 13935, dest: 26187, seq: 11685, ack: 255831971, window: 5808, data: " delenit, ignota"...
3.619 Data accepted; writing to file
3.619 Assembling: source: 26187, dest: 13935, seq: 255831971, ack: 13133, window: 5808, ACK
3.620 Sent: b'fK6o\x0f?\xaf\xa3\x00\x003MP\x10\x16\xb0\x00\x00\x00\x00'
3.623 Received: b'6ofK\x00\x003M\x0f?\xaf\xa3P\x00\x16\xb0\x00\x00\x00\x00se explicari des'...
3.623 Disassembled: source: 13935, dest: 26187, seq: 13133, ack: 255831971, window: 5808, data: "se explicari des"...
3.623 Data accepted; writing to file
3.624 Assembling: source: 26187, dest: 13935, seq: 255831971, ack: 14581, window: 5808, ACK
3.624 Sent: b'fK6o\x0f?\xaf\xa3\x00\x008\xf5P\x10\x16\xb0\x00\x00\x00\x00'
3.627 Failed to receive packet
4.124 Sent: b'fK6o\x0f?\xaf\xa3\x00\x008\xf5P\x10\x16\xb0\x00\x00\x00\x00'
4.127 Received: b'6ofK\x00\x008\xf5\x0f?\xaf\xa3P\x00\x16\xb0\x00\x00\x00\x00piscing, in modo'...
4.128 Disassembled: source: 13935, dest: 26187, seq: 14581, ack: 255831971, window: 5808, data: "piscing, in modo"...
4.128 Data accepted; writing to file
4.128 Assembling: source: 26187, dest: 13935, seq: 255831971, ack: 16029, window: 5808, ACK
4.129 Sent: b'fK6o\x0f?\xaf\xa3\x00\x00>\x9dP\x10\x16\xb0\x00\x00\x00\x00'
4.132 Received: b'6ofK\x00\x00>\x9d\x0f?\xaf\xa3P\x00\x16\xb0\x00\x00\x00\x00o copiosae tacim'...
4.132 Disassembled: source: 13935, dest: 26187, seq: 16029, ack: 255831971, window: 5808, data: "o copiosae tacim"...
4.133 Data accepted; writing to file
4.133 Assembling: source: 26187, dest: 13935, seq: 255831971, ack: 17477, window: 5808, ACK
4.133 Sent: b'fK6o\x0f?\xaf\xa3\x00\x00DEP\x10\x16\xb0\x00\x00\x00\x00'
4.136 Received: b'6ofK\x00\x00DE\x0f?\xaf\xa3P\x10\x16\xb0\x00\x00\x00\x00am. Pri ne antio'...
4.137 Disassembled: source: 13935, dest: 26187, seq: 17477, ack: 255831971, window: 5808, ACK, data: "am. Pri ne antio"...
4.137 Error: Incorrect acknowledgement flag
4.634 Sent: b'fK6o\x0f?\xaf\xa3\x00\x00DEP\x10\x16\xb0\x00\x00\x00\x00'
4.637 Received: b'6ofK\x00\x00DE\x0f?\xaf\xa3P\x00\x16\xb0\x00\x00\x00\x00am. Pri ne antio'...
4.637 Disassembled: source: 13935, dest: 26187, seq: 17477, ack: 255831971, window: 5808, data: "am. Pri ne antio"...
4.637 Data accepted; writing to file
4.637 Assembling: source: 26187, dest: 13935, seq: 255831971, ack: 18925, window: 5808, ACK
4.638 Failed to send packet
5.138 Sent: b'fK6o\x0f?\xaf\xa3\x00\x00I\xedP\x10\x16\xb0\x00\x00\x00\x00'
5.141 Failed to receive packet
5.639 Sent: b'fK6o\x0f?\xaf\xa3\x00\x00I\xedP\x10\x16\xb0\x00\x00\x00\x00'
5.642 Failed to receive packet
6.139 Sent: b'fK6o\x0f?\xaf\xa3\x00\x00I\xedP\x10\x16\xb0\x00\x00\x00\x00'
6.142 Received: b'6ofK\x00\x00I\xed\x0f?\xaf\xa3P\x00\x16\xb0\x00\x00\x00\x00to no. Elitr pos'...
6.143 Disassembled: source: 13935, dest: 26187, seq: 18925, ack: 255831971, window: 5808, data: "to no. Elitr pos"...
6.143 Data accepted; writing to file
6.143 Assembling: source: 26187, dest: 13935, seq: 255831971, ack: 20373, window: 5808, ACK
6.144 Sent: b'fK6o\x0f?\xaf\xa3\x00\x00O\x95P\x10\x16\xb0\x00\x00\x00\x00'
6.147 Received: b'6ofK\x00\x00O\x95\x0f?\xaf\xa3P\x10\x16\xb0\x00\x00\x00\x00pretaris, sea ex'...
6.147 Disassembled: source: 13935, dest: 26187, seq: 20373, ack: 255831971, window: 5808, ACK, data: "pretaris, sea ex"...
6.147 Error: Incorrect acknowledgement flag
6.644 Sent: b'fK6o\x0f?\xaf\xa3\x00\x00O\x95P\x10\x16\xb0\x00\x00\x00\x00'
6.647 Received: b'6ofK\x00\x00O\x95\x0f?\xaf\xa3P\x00\x16\xb0\x00\x00\x00\x00pretaris, sea ex'...
6.647 Disassembled: source: 13935, dest: 26187, seq: 20373, ack: 255831971, window: 5808, data: "pretaris, sea ex"...
6.648 Data accepted; writing to file
6.648 Assembling: source: 26187, dest: 13935, seq: 255831971, ack: 21821, window: 5808, ACK
6.648 Failed to send packet
7.149 Sent: b'fK6o\x0f?\xaf\xa3\x00\x00U=P\x10\x16\xb0\x00\x00\x00\x00'
7.152 Received: b'6ofK\x00\x00U=\x0f?\xaf\xa3P\x00\x16\xb0\x00\x00\x00\x00oporteat inimicu'...
7.152 Disassembled: source: 13935, dest: 26187, seq: 21821, ack: 255831971, window: 5808, data: "oporteat inimicu"...
7.153 Data accepted; writing to file
7.153 Assembling: source: 26187, dest: 13935, seq: 255831971, ack: 23269, window: 5808, ACK
7.153 Sent: b'fK6o\x0f?\xaf\xa3\x00\x00Z\xe5P\x10\x16\xb0\x00\x00\x00\x00'
7.156 Received: b'6ofK\x00\x00Z\xe5\x0f?\xaf\xa3P\x10\x16\xb0\x00\x00\x00\x00ligendi officiis'...
7.157 Disassembled: source: 13935, dest: 26187, seq: 23269, ack: 255831971, window: 5808, ACK, data: "ligendi officiis"...
7.157 Error: Incorrect acknowledgement flag
7.654 Sent: b'fK6o\x0f?\xaf\xa3\x00\x00Z\xe5P\x10\x16\xb0\x00\x00\x00\x00'
7.657 Received: b'6ofK\x00\x00Z\xe5\x0f?\xaf\xa3P\x00\x16\xb0\x00\x00\x00\x00ligendi officiis'...
7.657 Disassembled: source: 13935, dest: 26187, seq: 23269, ack: 255831971, window: 5808, data: "ligendi officiis"...
7.657 Data accepted; writing to file
7.657 Assembling: source: 26187, dest: 13935, seq: 255831971, ack: 24717, window: 5808, ACK
7.658 Sent: b'fK6o\x0f?\xaf\xa3\x00\x00`\x8dP\x10\x16\xb0\x00\x00\x00\x00'
7.661 Received: b'6ofK\x00\x00`\x8d\x0f?\xaf\xa3P\x00\x16\xb0\x00\x00\x00\x00no vel regione i'...
7.661 Disassembled: source: 13935, dest: 26187, seq: 24717, ack: 255831971, window: 5808, data: "no vel regione i"...
7.662 Data accepted; writing to file
7.662 Assembling: source: 26187, dest: 13935, seq: 255831971, ack: 26165, window: 5808, ACK
7.662 Sent: b'fK6o\x0f?\xaf\xa3\x00\x00f5P\x10\x16\xb0\x00\x00\x00\x00'
7.665 Received: b'6ofK\x00\x00f5\x0f?\xaf\xa3P\x10\x16\xb0\x00\x00\x00\x00ibus vis ex, pro'...
7.666 Disassembled: source: 13935, dest: 26187, seq: 26165, ack: 255831971, window: 5808, ACK, data: "ibus vis ex, pro"...
7.666 Error: Incorrect acknowledgement flag
8.163 Sent: b'fK6o\x0f?\xaf\xa3\x00\x00f5P\x10\x16\xb0\x00\x00\x00\x00'
8.166 Received: b'6ofK\x00\x00f5\x0f?\xaf\xa3P\x00\x16\xb0\x00\x00\x00\x00ibus vis ex, pro'...
8.166 Disassembled: source: 13935, dest: 26187, seq: 26165, ack: 255831971, window: 5808, data: "ibus vis ex, pro"...
8.166 Data accepted; writing to file
8.167 Assembling: source: 26187, dest: 13935, seq: 255831971, ack: 27613, window: 5808, ACK
8.167 Sent: b'fK6o\x0f?\xaf\xa3\x00\x00k\xddP\x10\x16\xb0\x00\x00\x00\x00'
8.170 Received: b'6ofK\x00\x00k\xdd\x0f?\xaf\xa3P\x00\x16\xb0\x00\x00\x00\x00o vix, mel ea li'...
8.171 Disassembled: source: 13935, dest: 26187, seq: 27613, ack: 255831971, window: 5808, data: "o vix, mel ea li"...
8.171 Data accepted; writing to file
8.171 Assembling: source: 26187, dest: 13935, seq: 255831971, ack: 29061, window: 5808, ACK
8.171 Sent: b'fK6o\x0f?\xaf\xa3\x00\x00q\x85P\x10\x16\xb0\x00\x00\x00\x00'
8.174 Received: b'6ofK\x00\x00q\x85\x0f?\xaf\xa3P\x10\x16\xb0\x00\x00\x00\x00d. Ex fugit suav'...
8.175 Disassembled: source: 13935, dest: 26187, seq: 29061, ack: 255831971, window: 5808, ACK, data: "d. Ex fugit suav"...
8.175 Error: Incorrect acknowledgement flag
8.672 Sent: b'fK6o\x0f?\xaf\xa3\x00\x00q\x85P\x10\x16\xb0\x00\x00\x00\x00'
8.675 Received: b'6ofK\x00\x00q\x85\x0f?\xaf\xa3P\x00\x16\xb0\x00\x00\x00\x00d. Ex fugit suav'...
8.675 Disassembled: source: 13935, dest: 26187, seq: 29061, ack: 255831971, window: 5808, data: "d. Ex fugit suav"...
8.676 Data accepted; writing to file
8.676 Assembling: source: 26187, dest: 13935, seq: 255831971, ack: 30509, window: 5808, ACK
8.676 Sent: b'fK6o\x0f?\xaf\xa3\x00\x00w-P\x10\x16\xb0\x00\x00\x00\x00'
8.679 Received: b'6ofK\x00\x00w-\x0f?\xaf\xa3P\x00\x16\xb0\x00\x00\x00\x00pertinax nec. De'...
8.680 Disassembled: source: 13935, dest: 26187, seq: 30509, ack: 255831971, window: 5808, data: "pertinax nec. De"...
8.680 Data accepted; writing to file
8.680 Assembling: source: 26187, dest: 13935, seq: 255831971, ack: 31957, window: 5808, ACK
8.681 Sent: b'fK6o\x0f?\xaf\xa3\x00\x00|\xd5P\x10\x16\xb0\x00\x00\x00\x00'
8.684 Received: b'6ofK\x00\x00|\xd5\x0f?\xaf\xa3P\x10\x16\xb0\x00\x00\x00\x00lli primis praes'...
8.684 Disassembled: source: 13935, dest: 26187, seq: 31957, ack: 255831971, window: 5808, ACK, data: "lli primis praes"...
8.684 Error: Incorrect acknowledgement flag
9.181 Sent: b'fK6o\x0f?\xaf\xa3\x00\x00|\xd5P\x10\x16\xb0\x00\x00\x00\x00'
9.184 Received: b'6ofK\x00\x00|\xd5\x0f?\xaf\xa3P\x00\x16\xb0\x00\x00\x00\x00lli primis praes'...
9.184 Disassembled: source: 13935, dest: 26187, seq: 31957, ack: 255831971, window: 5808, data: "lli primis praes"...
9.185 Data accepted; writing to file
9.185 Assembling: source: 26187, dest: 13935, seq: 255831971, ack: 33405, window: 5808, ACK
9.185 Sent: b'fK6o\x0f?\xaf\xa3\x00\x00\x82}P\x10\x16\xb0\x00\x00\x00\x00'
9.188 Received: b'6ofK\x00\x00\x82}\x0f?\xaf\xa3P\x00\x16\xb0\x00\x00\x00\x00m, percipit inte'...
9.189 Disassembled: source: 13935, dest: 26187, seq: 33405, ack: 255831971, window: 5808, data: "m, percipit inte"...
9.189 Data accepted; writing to file
9.189 Assembling: source: 26187, dest: 13935, seq: 255831971, ack: 34853, window: 5808, ACK
9.190 Sent: b'fK6o\x0f?\xaf\xa3\x00\x00\x88%P\x10\x16\xb0\x00\x00\x00\x00'
9.193 Received: b'6ofK\x00\x00\x88%\x0f?\xaf\xa3P\x10\x16\xb0\x00\x00\x00\x00nani docendi pat'...
9.193 Disassembled: source: 13935, dest: 26187, seq: 34853, ack: 255831971, window: 5808, ACK, data: "nani docendi pat"...
9.194 Error: Incorrect acknowledgement flag
9.690 Sent: b'fK6o\x0f?\xaf\xa3\x00\x00\x88%P\x10\x16\xb0\x00\x00\x00\x00'
9.693 Received: b'6ofK\x00\x00\x88%\x0f?\xaf\xa3P\x00\x16\xb0\x00\x00\x00\x00nani docendi pat'...
9.694 Disassembled: source: 13935, dest: 26187, seq: 34853, ack: 255831971, window: 5808, data: "nani docendi pat"...
9.694 Data accepted; writing to file
9.694 Assembling: source: 26187, dest: 13935, seq: 255831971, ack: 36301, window: 5808, ACK
9.695 Sent: b'fK6o\x0f?\xaf\xa3\x00\x00\x8d\xcdP\x10\x16\xb0\x00\x00\x00\x00'
9.698 Failed to receive packet
10.195 Sent: b'fK6o\x0f?\xaf\xa3\x00\x00\x8d\xcdP\x10\x16\xb0\x00\x00\x00\x00'
10.198 Failed to receive packet
10.695 Sent: b'fK6o\x0f?\xaf\xa3\x00\x00\x8d\xcdP\x10\x16\xb0\x00\x00\x00\x00'
10.698 Received: b'6ofK\x00\x00\x8d\xcd\x0f?\xaf\xa3P\x00\x16\xb0\x00\x00\x00\x00 vis decore poss'...
10.699 Disassembled: source: 13935, dest: 26187, seq: 36301, ack: 255831971, window: 5808, data: " vis decore poss"...
10.699 Data accepted; writing to file
10.699 Assembling: source: 26187, dest: 13935, seq: 255831971, ack: 37749, window: 5808, ACK
10.700 Sent: b'fK6o\x0f?\xaf\xa3\x00\x00\x93uP\x10\x16\xb0\x00\x00\x00\x00'
10.703 Failed to receive packet
11.200 Sent: b'fK6o\x0f?\xaf\xa3\x00\x00\x93uP\x10\x16\xb0\x00\x00\x00\x00'
11.203 Received: b'6ofK\x00\x00\x93u\x0f?\xaf\xa3P\x00\x16\xb0\x00\x00\x00\x00eam odio corpora'...
11.204 Disassembled: source: 13935, dest: 26187, seq: 37749, ack: 255831971, window: 5808, data: "eam odio corpora"...
11.204 Data accepted; writing to file
11.204 Assembling: source: 26187, dest: 13935, seq: 255831971, ack: 39197, window: 5808, ACK
11.205 Sent: b'fK6o\x0f?\xaf\xa3\x00\x00\x99\x1dP\x10\x16\xb0\x00\x00\x00\x00'
11.208 Received: b'6ofK\x00\x00\x99\x1d\x0f?\xaf\xa3P\x00\x16\xb0\x00\x00\x00\x00 est. Usu sanctu'...
11.208 Disassembled: source: 13935, dest: 26187, seq: 39197, ack: 255831971, window: 5808, data: " est. Usu sanctu"...
11.208 Data accepted; writing to file
11.208 Assembling: source: 26187, dest: 13935, seq: 255831971, ack: 40645, window: 5808, ACK
11.209 Sent: b'fK6o\x0f?\xaf\xa3\x00\x00\x9e\xc5P\x10\x16\xb0\x00\x00\x00\x00'
11.212 Received: b'6ofK\x00\x00\x9e\xc5\x0f?\xaf\xa3P\x10\x16\xb0\x00\x00\x00\x00.\n\nMei graeco ae'...
11.212 Disassembled: source: 13935, dest: 26187, seq: 40645, ack: 255831971, window: 5808, ACK, data: ".

Mei graeco ae"...
11.213 Error: Incorrect acknowledgement flag
11.709 Sent: b'fK6o\x0f?\xaf\xa3\x00\x00\x9e\xc5P\x10\x16\xb0\x00\x00\x00\x00'
11.712 Received: b'6ofK\x00\x00\x9e\xc5\x0f?\xaf\xa3P\x00\x16\xb0\x00\x00\x00\x00.\n\nMei graeco ae'...
11.713 Disassembled: source: 13935, dest: 26187, seq: 40645, ack: 255831971, window: 5808, data: ".

Mei graeco ae"...
11.713 Data accepted; writing to file
11.713 Assembling: source: 26187, dest: 13935, seq: 255831971, ack: 42093, window: 5808, ACK
11.714 Sent: b'fK6o\x0f?\xaf\xa3\x00\x00\xa4mP\x10\x16\xb0\x00\x00\x00\x00'
11.717 Received: b'6ofK\x00\x00\xa4m\x0f?\xaf\xa3P\x00\x16\xb0\x00\x00\x00\x00et. Ne sea primi'...
11.717 Disassembled: source: 13935, dest: 26187, seq: 42093, ack: 255831971, window: 5808, data: "et. Ne sea primi"...
11.717 Data accepted; writing to file
11.718 Assembling: source: 26187, dest: 13935, seq: 255831971, ack: 43541, window: 5808, ACK
11.718 Sent: b'fK6o\x0f?\xaf\xa3\x00\x00\xaa\x15P\x10\x16\xb0\x00\x00\x00\x00'
11.721 Received: b'6ofK\x00\x00\xaa\x15\x0f?\xaf\xa3P\x10\x16\xb0\x00\x00\x00\x00ittam convenire.'...
11.722 Disassembled: source: 13935, dest: 26187, seq: 43541, ack: 255831971, window: 5808, ACK, data: "ittam convenire."...
11.722 Error: Incorrect acknowledgement flag
12.219 Sent: b'fK6o\x0f?\xaf\xa3\x00\x00\xaa\x15P\x10\x16\xb0\x00\x00\x00\x00'
12.222 Received: b'6ofK\x00\x00\xaa\x15\x0f?\xaf\xa3P\x00\x16\xb0\x00\x00\x00\x00ittam convenire.'...
12.222 Disassembled: source: 13935, dest: 26187, seq: 43541, ack: 255831971, window: 5808, data: "ittam convenire."...
12.222 Data accepted; writing to file
12.222 Assembling: source: 26187, dest: 13935, seq: 255831971, ack: 44989, window: 5808, ACK
12.223 Sent: b'fK6o\x0f?\xaf\xa3\x00\x00\xaf\xbdP\x10\x16\xb0\x00\x00\x00\x00'
12.226 Failed to receive packet
12.723 Sent: b'fK6o\x0f?\xaf\xa3\x00\x00\xaf\xbdP\x10\x16\xb0\x00\x00\x00\x00'
12.726 Failed to receive packet
13.224 Failed to send packet
13.724 Failed to send packet
14.224 Failed to send packet
14.725 Error: Connection timed out
14.725 Closed connection
14.728 Shutting down
