0.000 NEW RUN: Server, TEST: Write_file__Large_multi-packet
0.074 Received: b'h\xee\xd8m\x00\x00\x00M\x00\x00\x00\x00P\x02\x05\xa8\x00\x00\x00\x00'
0.075 Disassembled: source: 26862, dest: 55405, seq: 77, window: 1448, SYN
0.075 SYN accepted; new connection: 127.0.0.1 on port 26862
0.076 Assembling: source: 55405, dest: 26862, seq: 196292486, ack: 78, window: 5808, ACK, SYN
0.076 Sent: b'\xd8mh\xee\x0b\xb3/\x86\x00\x00\x00NP\x12\x16\xb0\x00\x00\x00\x00'
0.078 Received: b'h\xee\xd8m\x00\x00\x00N\x0b\xb3/\x87P\x10\x16\xb0\x00\x00\x00\x00'
0.079 Disassembled: source: 26862, dest: 55405, seq: 78, ack: 196292487, window: 5808, ACK
0.079 Assembling: source: 55405, dest: 26862, seq: 196292487, ack: 78, window: 5808, ACK
0.079 Received: b'h\xee\xd8m\x00\x00\x00N\x0b\xb3/\x87P\x10\x16\xb0\x00\x00\x00\x00Lorem ipsum dolo'...
0.079 Sent: b'\xd8mh\xee\x0b\xb3/\x87\x00\x00\x00NP\x10\x16\xb0\x00\x00\x00\x00'
0.080 Disassembled: source: 26862, dest: 55405, seq: 78, ack: 196292487, window: 5808, ACK, data: "Lorem ipsum dolo"...
0.080 Handshake complete
0.080 Data accepted; writing to file
0.081 Assembling: source: 55405, dest: 26862, seq: 196292487, ack: 1526, window: 5808, ACK
0.081 Sent: b'\xd8mh\xee\x0b\xb3/\x87\x00\x00\x05\xf6P\x10\x16\xb0\x00\x00\x00\x00'
0.081 Received: b'h\xee\xd8m\x00\x00\x00N\x0b\xb3/\x87P\x00\x16\xb0\x00\x00\x00\x00Lorem ipsum dolo'...
0.082 Disassembled: source: 26862, dest: 55405, seq: 78, ack: 196292487, window: 5808, data: "Lorem ipsum dolo"...
0.082 Old data; ignoring
0.083 Received: b'h\xee\xd8m\x00\x00\x05\xf6\x0b\xb3/\x87P\x00\x16\xb0\x00\x00\x00\x00mprehensam nam, '...
0.083 Disassembled: source: 26862, dest: 55405, seq: 1526, ack: 196292487, window: 5808, data: "mprehensam nam, "...
0.083 Data accepted; writing to file
0.084 Assembling: source: 55405, dest: 26862, seq: 196292487, ack: 2974, window: 5808, ACK
0.084 Sent: b'\xd8mh\xee\x0b\xb3/\x87\x00\x00\x0b\x9eP\x10\x16\xb0\x00\x00\x00\x00'
0.086 Received: b'h\xee\xd8m\x00\x00\x0b\x9e\x0b\xb3/\x87P\x10\x16\xb0\x00\x00\x00\x00ilisi repudiare '...
0.086 Disassembled: source: 26862, dest: 55405, seq: 2974, ack: 196292487, window: 5808, ACK, data: "ilisi repudiare "...
0.086 Error: Incorrect acknowledgement flag
0.584 Sent: b'\xd8mh\xee\x0b\xb3/\x87\x00\x00\x0b\x9eP\x10\x16\xb0\x00\x00\x00\x00'
0.587 Received: b'h\xee\xd8m\x00\x00\x0b\x9e\x0b\xb3/\x87P\x00\x16\xb0\x00\x00\x00\x00ilisi repudiare '...
0.588 Disassembled: source: 26862, dest: 55405, seq: 2974, ack: 196292487, window: 5808, data: "ilisi repudiare "...
0.588 Data accepted; writing to file
0.588 Assembling: source: 55405, dest: 26862, seq: 196292487, ack: 4422, window: 5808, ACK
0.589 Sent: b'\xd8mh\xee\x0b\xb3/\x87\x00\x00\x11FP\x10\x16\xb0\x00\x00\x00\x00'
0.592 Received: b'h\xee\xd8m\x00\x00\x11F\x0b\xb3/\x87P\x00\x16\xb0\x00\x00\x00\x00ta.\n\nEt essent s'...
0.592 Disassembled: source: 26862, dest: 55405, seq: 4422, ack: 196292487, window: 5808, data: "ta.

Et essent s"...
0.592 Data accepted; writing to file
0.593 Assembling: source: 55405, dest: 26862, seq: 196292487, ack: 5870, window: 5808, ACK
0.593 Sent: b'\xd8mh\xee\x0b\xb3/\x87\x00\x00\x16\xeeP\x10\x16\xb0\x00\x00\x00\x00'
0.596 Received: b'h\xee\xd8m\x00\x00\x16\xee\x0b\xb3/\x87P\x10\x16\xb0\x00\x00\x00\x00 Nihil tractatos'...
0.597 Disassembled: source: 26862, dest: 55405, seq: 5870, ack: 196292487, window: 5808, ACK, data: " Nihil tractatos"...
0.597 Error: Incorrect acknowledgement flag
1.093 Sent: b'\xd8mh\xee\x0b\xb3/\x87\x00\x00\x16\xeeP\x10\x16\xb0\x00\x00\x00\x00'
1.096 Received: b'h\xee\xd8m\x00\x00\x16\xee\x0b\xb3/\x87P\x00\x16\xb0\x00\x00\x00\x00 Nihil tractatos'...
1.097 Disassembled: source: 26862, dest: 55405, seq: 5870, ack: 196292487, window: 5808, data: " Nihil tractatos"...
1.097 Data accepted; writing to file
1.097 Assembling: source: 55405, dest: 26862, seq: 196292487, ack: 7318, window: 5808, ACK
1.098 Sent: b'\xd8mh\xee\x0b\xb3/\x87\x00\x00\x1c\x96P\x10\x16\xb0\x00\x00\x00\x00'
1.101 Received: b'h\xee\xd8m\x00\x00\x1c\x96\x0b\xb3/\x87P\x00\x16\xb0\x00\x00\x00\x00fert iuvaret sap'...
1.101 Disassembled: source: 26862, dest: 55405, seq: 7318, ack: 196292487, window: 5808, data: "fert iuvaret sap"...
1.102 Data accepted; writing to file
1.102 Assembling: source: 55405, dest: 26862, seq: 196292487, ack: 8766, window: 5808, ACK
1.102 Sent: b'\xd8mh\xee\x0b\xb3/\x87\x00\x00">P\x10\x16\xb0\x00\x00\x00\x00'
1.105 Received: b'h\xee\xd8m\x00\x00">\x0b\xb3/\x87P\x10\x16\xb0\x00\x00\x00\x00ram adipiscing, '...
1.106 Disassembled: source: 26862, dest: 55405, seq: 8766, ack: 196292487, window: 5808, ACK, data: "ram adipiscing, "...
1.106 Error: Incorrect acknowledgement flag
1.603 Sent: b'\xd8mh\xee\x0b\xb3/\x87\x00\x00">P\x10\x16\xb0\x00\x00\x00\x00'
1.606 Received: b'h\xee\xd8m\x00\x00">\x0b\xb3/\x87P\x00\x16\xb0\x00\x00\x00\x00ram adipiscing, '...
1.606 Disassembled: source: 26862, dest: 55405, seq: 8766, ack: 196292487, window: 5808, data: "ram adipiscing, "...
1.606 Data accepted; writing to file
1.607 Assembling: source: 55405, dest: 26862, seq: 196292487, ack: 10214, window: 5808, ACK
1.607 Sent: b"\xd8mh\xee\x0b\xb3/\x87\x00\x00'\xe6P\x10\x16\xb0\x00\x00\x00\x00"
1.610 Received: b"h\xee\xd8m\x00\x00'\xe6\x0b\xb3/\x87P\x00\x16\xb0\x00\x00\x00\x00m veritus vivend"...
1.611 Disassembled: source: 26862, dest: 55405, seq: 10214, ack: 196292487, window: 5808, data: "m veritus vivend"...
1.611 Data accepted; writing to file
1.611 Assembling: source: 55405, dest: 26862, seq: 196292487, ack: 11662, window: 5808, ACK
1.611 Sent: b'\xd8mh\xee\x0b\xb3/\x87\x00\x00-\x8eP\x10\x16\xb0\x00\x00\x00\x00'
1.615 Received: b'h\xee\xd8m\x00\x00-\x8e\x0b\xb3/\x87P\x10\x16\xb0\x00\x00\x00\x00 delenit, ignota'...
1.615 Disassembled: source: 26862, dest: 55405, seq: 11662, ack: 196292487, window: 5808, ACK, data: " delenit, ignota"...
1.615 Error: Incorrect acknowledgement flag
2.112 Sent: b'\xd8mh\xee\x0b\xb3/\x87\x00\x00-\x8eP\x10\x16\xb0\x00\x00\x00\x00'
2.115 Received: b'h\xee\xd8m\x00\x00-\x8e\x0b\xb3/\x87P\x00\x16\xb0\x00\x00\x00\x00 delenit, ignota'...
2.115 Disassembled: source: 26862, dest: 55405, seq: 11662, ack: 196292487, window: 5808, data: " delenit, ignota"...
2.116 Data accepted; writing to file
2.116 Assembling: source: 55405, dest: 26862, seq: 196292487, ack: 13110, window: 5808, ACK
2.116 Sent: b'\xd8mh\xee\x0b\xb3/\x87\x00\x0036P\x10\x16\xb0\x00\x00\x00\x00'
2.119 Received: b'h\xee\xd8m\x00\x0036\x0b\xb3/\x87P\x00\x16\xb0\x00\x00\x00\x00se explicari des'...
2.120 Disassembled: source: 26862, dest: 55405, seq: 13110, ack: 196292487, window: 5808, data: "se explicari des"...
2.120 Data accepted; writing to file
2.120 Assembling: source: 55405, dest: 26862, seq: 196292487, ack: 14558, window: 5808, ACK
2.121 Sent: b'\xd8mh\xee\x0b\xb3/\x87\x00\x008\xdeP\x10\x16\xb0\x00\x00\x00\x00'
2.124 Received: b'h\xee\xd8m\x00\x008\xde\x0b\xb3/\x87P\x10\x16\xb0\x00\x00\x00\x00piscing, in modo'...
2.124 Disassembled: source: 26862, dest: 55405, seq: 14558, ack: 196292487, window: 5808, ACK, data: "piscing, in modo"...
2.124 Error: Incorrect acknowledgement flag
2.621 Sent: b'\xd8mh\xee\x0b\xb3/\x87\x00\x008\xdeP\x10\x16\xb0\x00\x00\x00\x00'
2.624 Received: b'h\xee\xd8m\x00\x008\xde\x0b\xb3/\x87P\x00\x16\xb0\x00\x00\x00\x00piscing, in modo'...
2.624 Disassembled: source: 26862, dest: 55405, seq: 14558, ack: 196292487, window: 5808, data: "piscing, in modo"...
2.625 Data accepted; writing to file
2.625 Assembling: source: 55405, dest: 26862, seq: 196292487, ack: 16006, window: 5808, ACK
2.625 Sent: b'\xd8mh\xee\x0b\xb3/\x87\x00\x00>\x86P\x10\x16\xb0\x00\x00\x00\x00'
2.628 Received: b'h\xee\xd8m\x00\x00>\x86\x0b\xb3/\x87P\x00\x16\xb0\x00\x00\x00\x00o copiosae tacim'...
2.629 Disassembled: source: 26862, dest: 55405, seq: 16006, ack: 196292487, window: 5808, data: "o copiosae tacim"...
2.629 Data accepted; writing to file
2.629 Assembling: source: 55405, dest: 26862, seq: 196292487, ack: 17454, window: 5808, ACK
2.630 Sent: b'\xd8mh\xee\x0b\xb3/\x87\x00\x00D.P\x10\x16\xb0\x00\x00\x00\x00'
2.633 Received: b'h\xee\xd8m\x00\x00D.\x0b\xb3/\x87P\x10\x16\xb0\x00\x00\x00\x00am. Pri ne antio'...
2.633 Disassembled: source: 26862, dest: 55405, seq: 17454, ack: 196292487, window: 5808, ACK, data: "am. Pri ne antio"...
2.634 Error: Incorrect acknowledgement flag
3.130 Sent: b'\xd8mh\xee\x0b\xb3/\x87\x00\x00D.P\x10\x16\xb0\x00\x00\x00\x00'
3.133 Received: b'h\xee\xd8m\x00\x00D.\x0b\xb3/\x87P\x00\x16\xb0\x00\x00\x00\x00am. Pri ne antio'...
3.134 Disassembled: source: 26862, dest: 55405, seq: 17454, ack: 196292487, window: 5808, data: "am. Pri ne antio"...
3.134 Data accepted; writing to file
3.134 Assembling: source: 55405, dest: 26862, seq: 196292487, ack: 18902, window: 5808, ACK
3.135 Sent: b'\xd8mh\xee\x0b\xb3/\x87\x00\x00I\xd6P\x10\x16\xb0\x00\x00\x00\x00'
3.138 Received: b'h\xee\xd8m\x00\x00I\xd6\x0b\xb3/\x87P\x00\x16\xb0\x00\x00\x00\x00to no. Elitr pos'...
3.138 Disassembled: source: 26862, dest: 55405, seq: 18902, ack: 196292487, window: 5808, data: "to no. Elitr pos"...
3.138 Data accepted; writing to file
3.138 Assembling: source: 55405, dest: 26862, seq: 196292487, ack: 20350, window: 5808, ACK
3.139 Sent: b'\xd8mh\xee\x0b\xb3/\x87\x00\x00O~P\x10\x16\xb0\x00\x00\x00\x00'
3.142 Received: b'h\xee\xd8m\x00\x00O~\x0b\xb3/\x87P\x10\x16\xb0\x00\x00\x00\x00pretaris, sea ex'...
3.143 Disassembled: source: 26862, dest: 55405, seq: 20350, ack: 196292487, window: 5808, ACK, data: "pretaris, sea ex"...
3.143 Error: Incorrect acknowledgement flag
3.639 Sent: b'\xd8mh\xee\x0b\xb3/\x87\x00\x00O~P\x10\x16\xb0\x00\x00\x00\x00'
3.642 Received: b'h\xee\xd8m\x00\x00O~\x0b\xb3/\x87P\x00\x16\xb0\x00\x00\x00\x00pretaris, sea ex'...
3.643 Disassembled: source: 26862, dest: 55405, seq: 20350, ack: 196292487, window: 5808, data: "pretaris, sea ex"...
3.643 Data accepted; writing to file
3.643 Assembling: source: 55405, dest: 26862, seq: 196292487, ack: 21798, window: 5808, ACK
3.644 Sent: b'\xd8mh\xee\x0b\xb3/\x87\x00\x00U&P\x10\x16\xb0\x00\x00\x00\x00'
3.647 Received: b'h\xee\xd8m\x00\x00U&\x0b\xb3/\x87P\x00\x16\xb0\x00\x00\x00\x00oporteat inimicu'...
3.647 Disassembled: source: 26862, dest: 55405, seq: 21798, ack: 196292487, window: 5808, data: "oporteat inimicu"...
3.648 Data accepted; writing to file
3.648 Assembling: source: 55405, dest: 26862, seq: 196292487, ack: 23246, window: 5808, ACK
3.648 Sent: b'\xd8mh\xee\x0b\xb3/\x87\x00\x00Z\xceP\x10\x16\xb0\x00\x00\x00\x00'
3.651 Received: b'h\xee\xd8m\x00\x00Z\xce\x0b\xb3/\x87P\x10\x16\xb0\x00\x00\x00\x00ligendi officiis'...
3.652 Disassembled: source: 26862, dest: 55405, seq: 23246, ack: 196292487, window: 5808, ACK, data: "ligendi officiis"...
3.652 Error: Incorrect acknowledgement flag
4.149 Sent: b'\xd8mh\xee\x0b\xb3/\x87\x00\x00Z\xceP\x10\x16\xb0\x00\x00\x00\x00'
4.151 Received: b'h\xee\xd8m\x00\x00Z\xce\x0b\xb3/\x87P\x00\x16\xb0\x00\x00\x00\x00ligendi officiis'...
4.151 Disassembled: source: 26862, dest: 55405, seq: 23246, ack: 196292487, window: 5808, data: "ligendi officiis"...
4.151 Data accepted; writing to file
4.152 Assembling: source: 55405, dest: 26862, seq: 196292487, ack: 24694, window: 5808, ACK
4.152 Sent: b'\xd8mh\xee\x0b\xb3/\x87\x00\x00`vP\x10\x16\xb0\x00\x00\x00\x00'
4.155 Received: b'h\xee\xd8m\x00\x00`v\x0b\xb3/\x87P\x00\x16\xb0\x00\x00\x00\x00no vel regione i'...
4.155 Disassembled: source: 26862, dest: 55405, seq: 24694, ack: 196292487, window: 5808, data: "no vel regione i"...
4.155 Data accepted; writing to file
4.155 Assembling: source: 55405, dest: 26862, seq: 196292487, ack: 26142, window: 5808, ACK
4.156 Sent: b'\xd8mh\xee\x0b\xb3/\x87\x00\x00f\x1eP\x10\x16\xb0\x00\x00\x00\x00'
4.158 Received: b'h\xee\xd8m\x00\x00f\x1e\x0b\xb3/\x87P\x10\x16\xb0\x00\x00\x00\x00ibus vis ex, pro'...
4.159 Disassembled: source: 26862, dest: 55405, seq: 26142, ack: 196292487, window: 5808, ACK, data: "ibus vis ex, pro"...
4.159 Error: Incorrect acknowledgement flag
4.656 Sent: b'\xd8mh\xee\x0b\xb3/\x87\x00\x00f\x1eP\x10\x16\xb0\x00\x00\x00\x00'
4.659 Received: b'h\xee\xd8m\x00\x00f\x1e\x0b\xb3/\x87P\x00\x16\xb0\x00\x00\x00\x00ibus vis ex, pro'...
4.660 Disassembled: source: 26862, dest: 55405, seq: 26142, ack: 196292487, window: 5808, data: "ibus vis ex, pro"...
4.660 Data accepted; writing to file
4.660 Assembling: source: 55405, dest: 26862, seq: 196292487, ack: 27590, window: 5808, ACK
4.661 Sent: b'\xd8mh\xee\x0b\xb3/\x87\x00\x00k\xc6P\x10\x16\xb0\x00\x00\x00\x00'
4.664 Received: b'h\xee\xd8m\x00\x00k\xc6\x0b\xb3/\x87P\x00\x16\xb0\x00\x00\x00\x00o vix, mel ea li'...
4.664 Disassembled: source: 26862, dest: 55405, seq: 27590, ack: 196292487, window: 5808, data: "o vix, mel ea li"...
4.665 Data accepted; writing to file
4.665 Assembling: source: 55405, dest: 26862, seq: 196292487, ack: 29038, window: 5808, ACK
4.665 Sent: b'\xd8mh\xee\x0b\xb3/\x87\x00\x00qnP\x10\x16\xb0\x00\x00\x00\x00'
4.668 Received: b'h\xee\xd8m\x00\x00qn\x0b\xb3/\x87P\x10\x16\xb0\x00\x00\x00\x00d. Ex fugit suav'...
4.669 Disassembled: source: 26862, dest: 55405, seq: 29038, ack: 196292487, window: 5808, ACK, data: "d. Ex fugit suav"...
4.669 Error: Incorrect acknowledgement flag
5.166 Sent: b'\xd8mh\xee\x0b\xb3/\x87\x00\x00qnP\x10\x16\xb0\x00\x00\x00\x00'
5.169 Received: b'h\xee\xd8m\x00\x00qn\x0b\xb3/\x87P\x00\x16\xb0\x00\x00\x00\x00d. Ex fugit suav'...
5.169 Disassembled: source: 26862, dest: 55405, seq: 29038, ack: 196292487, window: 5808, data: "d. Ex fugit suav"...
5.169 Data accepted; writing to file
5.169 Assembling: source: 55405, dest: 26862, seq: 196292487, ack: 30486, window: 5808, ACK
5.170 Sent: b'\xd8mh\xee\x0b\xb3/\x87\x00\x00w\x16P\x10\x16\xb0\x00\x00\x00\x00'
5.173 Received: b'h\xee\xd8m\x00\x00w\x16\x0b\xb3/\x87P\x00\x16\xb0\x00\x00\x00\x00pertinax nec. De'...
5.173 Disassembled: source: 26862, dest: 55405, seq: 30486, ack: 196292487, window: 5808, data: "pertinax nec. De"...
5.174 Data accepted; writing to file
5.174 Assembling: source: 55405, dest: 26862, seq: 196292487, ack: 31934, window: 5808, ACK
5.174 Sent: b'\xd8mh\xee\x0b\xb3/\x87\x00\x00|\xbeP\x10\x16\xb0\x00\x00\x00\x00'
5.178 Received: b'h\xee\xd8m\x00\x00|\xbe\x0b\xb3/\x87P\x10\x16\xb0\x00\x00\x00\x00lli primis praes'...
5.178 Disassembled: source: 26862, dest: 55405, seq: 31934, ack: 196292487, window: 5808, ACK, data: "lli primis praes"...
5.178 Error: Incorrect acknowledgement flag
5.675 Sent: b'\xd8mh\xee\x0b\xb3/\x87\x00\x00|\xbeP\x10\x16\xb0\x00\x00\x00\x00'
5.678 Received: b'h\xee\xd8m\x00\x00|\xbe\x0b\xb3/\x87P\x00\x16\xb0\x00\x00\x00\x00lli primis praes'...
5.678 Disassembled: source: 26862, dest: 55405, seq: 31934, ack: 196292487, window: 5808, data: "lli primis praes"...
5.679 Data accepted; writing to file
5.679 Assembling: source: 55405, dest: 26862, seq: 196292487, ack: 33382, window: 5808, ACK
5.679 Sent: b'\xd8mh\xee\x0b\xb3/\x87\x00\x00\x82fP\x10\x16\xb0\x00\x00\x00\x00'
5.682 Received: b'h\xee\xd8m\x00\x00\x82f\x0b\xb3/\x87P\x00\x16\xb0\x00\x00\x00\x00m, percipit inte'...
5.683 Disassembled: source: 26862, dest: 55405, seq: 33382, ack: 196292487, window: 5808, data: "m, percipit inte"...
5.683 Data accepted; writing to file
5.683 Assembling: source: 55405, dest: 26862, seq: 196292487, ack: 34830, window: 5808, ACK
5.684 Sent: b'\xd8mh\xee\x0b\xb3/\x87\x00\x00\x88\x0eP\x10\x16\xb0\x00\x00\x00\x00'
5.687 Received: b'h\xee\xd8m\x00\x00\x88\x0e\x0b\xb3/\x87P\x10\x16\xb0\x00\x00\x00\x00nani docendi pat'...
5.687 Disassembled: source: 26862, dest: 55405, seq: 34830, ack: 196292487, window: 5808, ACK, data: "nani docendi pat"...
5.687 Error: Incorrect acknowledgement flag
6.184 Sent: b'\xd8mh\xee\x0b\xb3/\x87\x00\x00\x88\x0eP\x10\x16\xb0\x00\x00\x00\x00'
6.187 Received: b'h\xee\xd8m\x00\x00\x88\x0e\x0b\xb3/\x87P\x00\x16\xb0\x00\x00\x00\x00nani docendi pat'...
6.187 Disassembled: source: 26862, dest: 55405, seq: 34830, ack: 196292487, window: 5808, data: "nani docendi pat"...
6.188 Data accepted; writing to file
6.188 Assembling: source: 55405, dest: 26862, seq: 196292487, ack: 36278, window: 5808, ACK
6.188 Sent: b'\xd8mh\xee\x0b\xb3/\x87\x00\x00\x8d\xb6P\x10\x16\xb0\x00\x00\x00\x00'
6.191 Received: b'h\xee\xd8m\x00\x00\x8d\xb6\x0b\xb3/\x87P\x00\x16\xb0\x00\x00\x00\x00 vis decore poss'...
6.191 Disassembled: source: 26862, dest: 55405, seq: 36278, ack: 196292487, window: 5808, data: " vis decore poss"...
6.192 Data accepted; writing to file
6.192 Assembling: source: 55405, dest: 26862, seq: 196292487, ack: 37726, window: 5808, ACK
6.192 Sent: b'\xd8mh\xee\x0b\xb3/\x87\x00\x00\x93^P\x10\x16\xb0\x00\x00\x00\x00'
6.195 Received: b'h\xee\xd8m\x00\x00\x93^\x0b\xb3/\x87P\x10\x16\xb0\x00\x00\x00\x00eam odio corpora'...
6.195 Disassembled: source: 26862, dest: 55405, seq: 37726, ack: 196292487, window: 5808, ACK, data: "eam odio corpora"...
6.196 Error: Incorrect acknowledgement flag
6.693 Sent: b'\xd8mh\xee\x0b\xb3/\x87\x00\x00\x93^P\x10\x16\xb0\x00\x00\x00\x00'
6.696 Received: b'h\xee\xd8m\x00\x00\x93^\x0b\xb3/\x87P\x00\x16\xb0\x00\x00\x00\x00eam odio corpora'...
6.696 Disassembled: source: 26862, dest: 55405, seq: 37726, ack: 196292487, window: 5808, data: "eam odio corpora"...
6.696 Data accepted; writing to file
6.696 Assembling: source: 55405, dest: 26862, seq: 196292487, ack: 39174, window: 5808, ACK
6.697 Sent: b'\xd8mh\xee\x0b\xb3/\x87\x00\x00\x99\x06P\x10\x16\xb0\x00\x00\x00\x00'
6.700 Received: b'h\xee\xd8m\x00\x00\x99\x06\x0b\xb3/\x87P\x00\x16\xb0\x00\x00\x00\x00 est. Usu sanctu'...
6.700 Disassembled: source: 26862, dest: 55405, seq: 39174, ack: 196292487, window: 5808, data: " est. Usu sanctu"...
6.701 Data accepted; writing to file
6.701 Assembling: source: 55405, dest: 26862, seq: 196292487, ack: 40622, window: 5808, ACK
6.701 Sent: b'\xd8mh\xee\x0b\xb3/\x87\x00\x00\x9e\xaeP\x10\x16\xb0\x00\x00\x00\x00'
6.704 Received: b'h\xee\xd8m\x00\x00\x9e\xae\x0b\xb3/\x87P\x10\x16\xb0\x00\x00\x00\x00.\n\nMei graeco ae'...
6.705 Disassembled: source: 26862, dest: 55405, seq: 40622, ack: 196292487, window: 5808, ACK, data: ".

Mei graeco ae"...
6.705 Error: Incorrect acknowledgement flag
7.202 Sent: b'\xd8mh\xee\x0b\xb3/\x87\x00\x00\x9e\xaeP\x10\x16\xb0\x00\x00\x00\x00'
7.205 Received: b'h\xee\xd8m\x00\x00\x9e\xae\x0b\xb3/\x87P\x00\x16\xb0\x00\x00\x00\x00.\n\nMei graeco ae'...
7.205 Disassembled: source: 26862, dest: 55405, seq: 40622, ack: 196292487, window: 5808, data: ".

Mei graeco ae"...
7.205 Data accepted; writing to file
7.206 Assembling: source: 55405, dest: 26862, seq: 196292487, ack: 42070, window: 5808, ACK
7.206 Sent: b'\xd8mh\xee\x0b\xb3/\x87\x00\x00\xa4VP\x10\x16\xb0\x00\x00\x00\x00'
7.209 Received: b'h\xee\xd8m\x00\x00\xa4V\x0b\xb3/\x87P\x00\x16\xb0\x00\x00\x00\x00et. Ne sea primi'...
7.210 Disassembled: source: 26862, dest: 55405, seq: 42070, ack: 196292487, window: 5808, data: "et. Ne sea primi"...
7.210 Data accepted; writing to file
7.210 Assembling: source: 55405, dest: 26862, seq: 196292487, ack: 43518, window: 5808, ACK
7.211 Sent: b'\xd8mh\xee\x0b\xb3/\x87\x00\x00\xa9\xfeP\x10\x16\xb0\x00\x00\x00\x00'
7.214 Received: b'h\xee\xd8m\x00\x00\xa9\xfe\x0b\xb3/\x87P\x10\x16\xb0\x00\x00\x00\x00ittam convenire.'...
7.214 Disassembled: source: 26862, dest: 55405, seq: 43518, ack: 196292487, window: 5808, ACK, data: "ittam convenire."...
7.214 Error: Incorrect acknowledgement flag
7.711 Sent: b'\xd8mh\xee\x0b\xb3/\x87\x00\x00\xa9\xfeP\x10\x16\xb0\x00\x00\x00\x00'
7.714 Received: b'h\xee\xd8m\x00\x00\xa9\xfe\x0b\xb3/\x87P\x00\x16\xb0\x00\x00\x00\x00ittam convenire.'...
7.714 Disassembled: source: 26862, dest: 55405, seq: 43518, ack: 196292487, window: 5808, data: "ittam convenire."...
7.715 Data accepted; writing to file
7.715 Assembling: source: 55405, dest: 26862, seq: 196292487, ack: 44966, window: 5808, ACK
7.715 Sent: b'\xd8mh\xee\x0b\xb3/\x87\x00\x00\xaf\xa6P\x10\x16\xb0\x00\x00\x00\x00'
7.718 Received: b'h\xee\xd8m\x00\x00\xaf\xa6\x0b\xb3/\x87P\x00\x16\xb0\x00\x00\x00\x00ua et vis, id eu'...
7.719 Disassembled: source: 26862, dest: 55405, seq: 44966, ack: 196292487, window: 5808, data: "ua et vis, id eu"...
7.719 Data accepted; writing to file
7.719 Assembling: source: 55405, dest: 26862, seq: 196292487, ack: 46414, window: 5808, ACK
7.720 Sent: b'\xd8mh\xee\x0b\xb3/\x87\x00\x00\xb5NP\x10\x16\xb0\x00\x00\x00\x00'
7.723 Received: b'h\xee\xd8m\x00\x00\xb5N\x0b\xb3/\x87P\x10\x16\xb0\x00\x00\x00\x00r. Et velit appa'...
7.723 Disassembled: source: 26862, dest: 55405, seq: 46414, ack: 196292487, window: 5808, ACK, data: "r. Et velit appa"...
7.723 Error: Incorrect acknowledgement flag
8.220 Sent: b'\xd8mh\xee\x0b\xb3/\x87\x00\x00\xb5NP\x10\x16\xb0\x00\x00\x00\x00'
8.223 Received: b'h\xee\xd8m\x00\x00\xb5N\x0b\xb3/\x87P\x00\x16\xb0\x00\x00\x00\x00r. Et velit appa'...
8.223 Disassembled: source: 26862, dest: 55405, seq: 46414, ack: 196292487, window: 5808, data: "r. Et velit appa"...
8.223 Data accepted; writing to file
8.224 Assembling: source: 55405, dest: 26862, seq: 196292487, ack: 47862, window: 5808, ACK
8.224 Sent: b'\xd8mh\xee\x0b\xb3/\x87\x00\x00\xba\xf6P\x10\x16\xb0\x00\x00\x00\x00'
8.227 Received: b'h\xee\xd8m\x00\x00\xba\xf6\x0b\xb3/\x87P\x00\x16\xb0\x00\x00\x00\x00 novum laudem, v'...
8.227 Disassembled: source: 26862, dest: 55405, seq: 47862, ack: 196292487, window: 5808, data: " novum laudem, v"...
8.227 Data accepted; writing to file
8.227 Assembling: source: 55405, dest: 26862, seq: 196292487, ack: 49310, window: 5808, ACK
8.228 Sent: b'\xd8mh\xee\x0b\xb3/\x87\x00\x00\xc0\x9eP\x10\x16\xb0\x00\x00\x00\x00'
8.230 Received: b'h\xee\xd8m\x00\x00\xc0\x9e\x0b\xb3/\x87P\x10\x16\xb0\x00\x00\x00\x00luptatibus, cibo'...
8.231 Disassembled: source: 26862, dest: 55405, seq: 49310, ack: 196292487, window: 5808, ACK, data: "luptatibus, cibo"...
8.231 Error: Incorrect acknowledgement flag
8.728 Sent: b'\xd8mh\xee\x0b\xb3/\x87\x00\x00\xc0\x9eP\x10\x16\xb0\x00\x00\x00\x00'
8.731 Received: b'h\xee\xd8m\x00\x00\xc0\x9e\x0b\xb3/\x87P\x00\x16\xb0\x00\x00\x00\x00luptatibus, cibo'...
8.732 Disassembled: source: 26862, dest: 55405, seq: 49310, ack: 196292487, window: 5808, data: "luptatibus, cibo"...
8.732 Data accepted; writing to file
8.732 Assembling: source: 55405, dest: 26862, seq: 196292487, ack: 50758, window: 5808, ACK
8.733 Sent: b'\xd8mh\xee\x0b\xb3/\x87\x00\x00\xc6FP\x10\x16\xb0\x00\x00\x00\x00'
8.736 Received: b'h\xee\xd8m\x00\x00\xc6F\x0b\xb3/\x87P\x00\x16\xb0\x00\x00\x00\x00alii indoctum ma'...
8.736 Disassembled: source: 26862, dest: 55405, seq: 50758, ack: 196292487, window: 5808, data: "alii indoctum ma"...
8.736 Data accepted; writing to file
8.737 Assembling: source: 55405, dest: 26862, seq: 196292487, ack: 52206, window: 5808, ACK
8.737 Sent: b'\xd8mh\xee\x0b\xb3/\x87\x00\x00\xcb\xeeP\x10\x16\xb0\x00\x00\x00\x00'
8.740 Received: b'h\xee\xd8m\x00\x00\xcb\xee\x0b\xb3/\x87P\x10\x16\xb0\x00\x00\x00\x00im, his facete c'...
8.741 Disassembled: source: 26862, dest: 55405, seq: 52206, ack: 196292487, window: 5808, ACK, data: "im, his facete c"...
8.741 Error: Incorrect acknowledgement flag
9.237 Sent: b'\xd8mh\xee\x0b\xb3/\x87\x00\x00\xcb\xeeP\x10\x16\xb0\x00\x00\x00\x00'
9.240 Received: b'h\xee\xd8m\x00\x00\xcb\xee\x0b\xb3/\x87P\x00\x16\xb0\x00\x00\x00\x00im, his facete c'...
9.241 Disassembled: source: 26862, dest: 55405, seq: 52206, ack: 196292487, window: 5808, data: "im, his facete c"...
9.241 Data accepted; writing to file
9.241 Assembling: source: 55405, dest: 26862, seq: 196292487, ack: 53654, window: 5808, ACK
9.242 Sent: b'\xd8mh\xee\x0b\xb3/\x87\x00\x00\xd1\x96P\x10\x16\xb0\x00\x00\x00\x00'
9.245 Received: b'h\xee\xd8m\x00\x00\xd1\x96\x0b\xb3/\x87P\x00\x16\xb0\x00\x00\x00\x00e alia dolor com'...
9.245 Disassembled: source: 26862, dest: 55405, seq: 53654, ack: 196292487, window: 5808, data: "e alia dolor com"...
9.246 Data accepted; writing to file
9.246 Assembling: source: 55405, dest: 26862, seq: 196292487, ack: 55102, window: 5808, ACK
9.246 Sent: b'\xd8mh\xee\x0b\xb3/\x87\x00\x00\xd7>P\x10\x16\xb0\x00\x00\x00\x00'
9.249 Received: b'h\xee\xd8m\x00\x00\xd7>\x0b\xb3/\x87P\x10\x16\xb0\x00\x00\x00\x00it ea, reque tem'...
9.250 Disassembled: source: 26862, dest: 55405, seq: 55102, ack: 196292487, window: 5808, ACK, data: "it ea, reque tem"...
9.250 Error: Incorrect acknowledgement flag
9.747 Sent: b'\xd8mh\xee\x0b\xb3/\x87\x00\x00\xd7>P\x10\x16\xb0\x00\x00\x00\x00'
9.750 Received: b'h\xee\xd8m\x00\x00\xd7>\x0b\xb3/\x87P\x00\x16\xb0\x00\x00\x00\x00it ea, reque tem'...
9.750 Disassembled: source: 26862, dest: 55405, seq: 55102, ack: 196292487, window: 5808, data: "it ea, reque tem"...
9.750 Data accepted; writing to file
9.750 Assembling: source: 55405, dest: 26862, seq: 196292487, ack: 56550, window: 5808, ACK
9.751 Sent: b'\xd8mh\xee\x0b\xb3/\x87\x00\x00\xdc\xe6P\x10\x16\xb0\x00\x00\x00\x00'
9.754 Received: b'h\xee\xd8m\x00\x00\xdc\xe6\x0b\xb3/\x87P\x00\x16\xb0\x00\x00\x00\x00alisque.\n\nEquide'...
9.755 Disassembled: source: 26862, dest: 55405, seq: 56550, ack: 196292487, window: 5808, data: "alisque.

Equide"...
9.755 Data accepted; writing to file
9.755 Assembling: source: 55405, dest: 26862, seq: 196292487, ack: 57998, window: 5808, ACK
9.755 Sent: b'\xd8mh\xee\x0b\xb3/\x87\x00\x00\xe2\x8eP\x10\x16\xb0\x00\x00\x00\x00'
9.758 Received: b'h\xee\xd8m\x00\x00\xe2\x8e\x0b\xb3/\x87P\x10\x16\xb0\x00\x00\x00\x00finitiones, affe'...
9.759 Disassembled: source: 26862, dest: 55405, seq: 57998, ack: 196292487, window: 5808, ACK, data: "finitiones, affe"...
9.759 Error: Incorrect acknowledgement flag
10.256 Sent: b'\xd8mh\xee\x0b\xb3/\x87\x00\x00\xe2\x8eP\x10\x16\xb0\x00\x00\x00\x00'
10.258 Received: b'h\xee\xd8m\x00\x00\xe2\x8e\x0b\xb3/\x87P\x00\x16\xb0\x00\x00\x00\x00finitiones, affe'...
10.259 Disassembled: source: 26862, dest: 55405, seq: 57998, ack: 196292487, window: 5808, data: "finitiones, affe"...
10.259 Data accepted; writing to file
10.259 Assembling: source: 55405, dest: 26862, seq: 196292487, ack: 59446, window: 5808, ACK
10.260 Sent: b'\xd8mh\xee\x0b\xb3/\x87\x00\x00\xe86P\x10\x16\xb0\x00\x00\x00\x00'
10.262 Received: b'h\xee\xd8m\x00\x00\xe86\x0b\xb3/\x87P\x00\x16\xb0\x00\x00\x00\x00his duis graeco '...
10.263 Disassembled: source: 26862, dest: 55405, seq: 59446, ack: 196292487, window: 5808, data: "his duis graeco "...
10.263 Data accepted; writing to file
10.263 Assembling: source: 55405, dest: 26862, seq: 196292487, ack: 60894, window: 5808, ACK
10.264 Sent: b'\xd8mh\xee\x0b\xb3/\x87\x00\x00\xed\xdeP\x10\x16\xb0\x00\x00\x00\x00'
10.266 Received: b'h\xee\xd8m\x00\x00\xed\xde\x0b\xb3/\x87P\x10\x16\xb0\x00\x00\x00\x00am. Alia possit '...
10.267 Disassembled: source: 26862, dest: 55405, seq: 60894, ack: 196292487, window: 5808, ACK, data: "am. Alia possit "...
10.267 Error: Incorrect acknowledgement flag
10.764 Sent: b'\xd8mh\xee\x0b\xb3/\x87\x00\x00\xed\xdeP\x10\x16\xb0\x00\x00\x00\x00'
10.767 Received: b'h\xee\xd8m\x00\x00\xed\xde\x0b\xb3/\x87P\x00\x16\xb0\x00\x00\x00\x00am. Alia possit '...
10.767 Disassembled: source: 26862, dest: 55405, seq: 60894, ack: 196292487, window: 5808, data: "am. Alia possit "...
10.768 Data accepted; writing to file
10.768 Assembling: source: 55405, dest: 26862, seq: 196292487, ack: 62342, window: 5808, ACK
10.768 Sent: b'\xd8mh\xee\x0b\xb3/\x87\x00\x00\xf3\x86P\x10\x16\xb0\x00\x00\x00\x00'
10.771 Received: b'h\xee\xd8m\x00\x00\xf3\x86\x0b\xb3/\x87P\x00\x16\xb0\x00\x00\x00\x00cum an. Mei faci'...
10.772 Disassembled: source: 26862, dest: 55405, seq: 62342, ack: 196292487, window: 5808, data: "cum an. Mei faci"...
10.772 Data accepted; writing to file
10.772 Assembling: source: 55405, dest: 26862, seq: 196292487, ack: 63790, window: 5808, ACK
10.773 Sent: b'\xd8mh\xee\x0b\xb3/\x87\x00\x00\xf9.P\x10\x16\xb0\x00\x00\x00\x00'
10.776 Received: b'h\xee\xd8m\x00\x00\xf9.\x0b\xb3/\x87P\x10\x16\xb0\x00\x00\x00\x00 vis adhuc tatio'...
10.776 Disassembled: source: 26862, dest: 55405, seq: 63790, ack: 196292487, window: 5808, ACK, data: " vis adhuc tatio"...
10.776 Error: Incorrect acknowledgement flag
11.273 Sent: b'\xd8mh\xee\x0b\xb3/\x87\x00\x00\xf9.P\x10\x16\xb0\x00\x00\x00\x00'
11.276 Received: b'h\xee\xd8m\x00\x00\xf9.\x0b\xb3/\x87P\x00\x16\xb0\x00\x00\x00\x00 vis adhuc tatio'...
11.277 Disassembled: source: 26862, dest: 55405, seq: 63790, ack: 196292487, window: 5808, data: " vis adhuc tatio"...
11.277 Data accepted; writing to file
11.277 Assembling: source: 55405, dest: 26862, seq: 196292487, ack: 65238, window: 5808, ACK
11.278 Sent: b'\xd8mh\xee\x0b\xb3/\x87\x00\x00\xfe\xd6P\x10\x16\xb0\x00\x00\x00\x00'
11.281 Received: b'h\xee\xd8m\x00\x00\xfe\xd6\x0b\xb3/\x87P\x00\x16\xb0\x00\x00\x00\x00im eu option iuv'...
11.281 Disassembled: source: 26862, dest: 55405, seq: 65238, ack: 196292487, window: 5808, data: "im eu option iuv"...
11.281 Data accepted; writing to file
11.281 Assembling: source: 55405, dest: 26862, seq: 196292487, ack: 66686, window: 5808, ACK
11.282 Sent: b'\xd8mh\xee\x0b\xb3/\x87\x00\x01\x04~P\x10\x16\xb0\x00\x00\x00\x00'
11.285 Received: b'h\xee\xd8m\x00\x01\x04~\x0b\xb3/\x87P\x10\x16\xb0\x00\x00\x00\x00ex epicurei taci'...
11.285 Disassembled: source: 26862, dest: 55405, seq: 66686, ack: 196292487, window: 5808, ACK, data: "ex epicurei taci"...
11.286 Error: Incorrect acknowledgement flag
11.782 Sent: b'\xd8mh\xee\x0b\xb3/\x87\x00\x01\x04~P\x10\x16\xb0\x00\x00\x00\x00'
11.785 Received: b'h\xee\xd8m\x00\x01\x04~\x0b\xb3/\x87P\x00\x16\xb0\x00\x00\x00\x00ex epicurei taci'...
11.786 Disassembled: source: 26862, dest: 55405, seq: 66686, ack: 196292487, window: 5808, data: "ex epicurei taci"...
11.786 Data accepted; writing to file
11.786 Assembling: source: 55405, dest: 26862, seq: 196292487, ack: 68134, window: 5808, ACK
11.787 Sent: b'\xd8mh\xee\x0b\xb3/\x87\x00\x01\n&P\x10\x16\xb0\x00\x00\x00\x00'
11.790 Received: b'h\xee\xd8m\x00\x01\n&\x0b\xb3/\x87P\x00\x16\xb0\x00\x00\x00\x00ebat, eu pro ero'...
11.790 Disassembled: source: 26862, dest: 55405, seq: 68134, ack: 196292487, window: 5808, data: "ebat, eu pro ero"...
11.790 Data accepted; writing to file
11.791 Assembling: source: 55405, dest: 26862, seq: 196292487, ack: 69582, window: 5808, ACK
11.791 Sent: b'\xd8mh\xee\x0b\xb3/\x87\x00\x01\x0f\xceP\x10\x16\xb0\x00\x00\x00\x00'
11.794 Received: b'h\xee\xd8m\x00\x01\x0f\xce\x0b\xb3/\x87P\x10\x16\xb0\x00\x00\x00\x00s. Per no sale v'...
11.795 Disassembled: source: 26862, dest: 55405, seq: 69582, ack: 196292487, window: 5808, ACK, data: "s. Per no sale v"...
11.795 Error: Incorrect acknowledgement flag
12.292 Sent: b'\xd8mh\xee\x0b\xb3/\x87\x00\x01\x0f\xceP\x10\x16\xb0\x00\x00\x00\x00'
12.295 Received: b'h\xee\xd8m\x00\x01\x0f\xce\x0b\xb3/\x87P\x00\x16\xb0\x00\x00\x00\x00s. Per no sale v'...
12.295 Disassembled: source: 26862, dest: 55405, seq: 69582, ack: 196292487, window: 5808, data: "s. Per no sale v"...
12.295 Data accepted; writing to file
12.295 Assembling: source: 55405, dest: 26862, seq: 196292487, ack: 71030, window: 5808, ACK
12.296 Sent: b'\xd8mh\xee\x0b\xb3/\x87\x00\x01\x15vP\x10\x16\xb0\x00\x00\x00\x00'
12.299 Received: b'h\xee\xd8m\x00\x01\x15v\x0b\xb3/\x87P\x00\x16\xb0\x00\x00\x00\x00orrupte ea mel. '...
12.299 Disassembled: source: 26862, dest: 55405, seq: 71030, ack: 196292487, window: 5808, data: "orrupte ea mel. "...
12.299 Data accepted; writing to file
12.299 Assembling: source: 55405, dest: 26862, seq: 196292487, ack: 72478, window: 5808, ACK
12.300 Sent: b'\xd8mh\xee\x0b\xb3/\x87\x00\x01\x1b\x1eP\x10\x16\xb0\x00\x00\x00\x00'
12.303 Received: b'h\xee\xd8m\x00\x01\x1b\x1e\x0b\xb3/\x87P\x10\x16\xb0\x00\x00\x00\x00. Est iracundia '...
12.303 Disassembled: source: 26862, dest: 55405, seq: 72478, ack: 196292487, window: 5808, ACK, data: ". Est iracundia "...
12.303 Error: Incorrect acknowledgement flag
12.800 Sent: b'\xd8mh\xee\x0b\xb3/\x87\x00\x01\x1b\x1eP\x10\x16\xb0\x00\x00\x00\x00'
12.803 Received: b'h\xee\xd8m\x00\x01\x1b\x1e\x0b\xb3/\x87P\x00\x16\xb0\x00\x00\x00\x00. Est iracundia '...
12.804 Disassembled: source: 26862, dest: 55405, seq: 72478, ack: 196292487, window: 5808, data: ". Est iracundia "...
12.804 Data accepted; writing to file
12.804 Assembling: source: 55405, dest: 26862, seq: 196292487, ack: 73926, window: 5808, ACK
12.805 Sent: b'\xd8mh\xee\x0b\xb3/\x87\x00\x01 \xc6P\x10\x16\xb0\x00\x00\x00\x00'
12.808 Received: b'h\xee\xd8m\x00\x01 \xc6\x0b\xb3/\x87P\x00\x16\xb0\x00\x00\x00\x00pta probatus scr'...
12.808 Disassembled: source: 26862, dest: 55405, seq: 73926, ack: 196292487, window: 5808, data: "pta probatus scr"...
12.808 Data accepted; writing to file
12.809 Assembling: source: 55405, dest: 26862, seq: 196292487, ack: 75374, window: 5808, ACK
12.809 Sent: b'\xd8mh\xee\x0b\xb3/\x87\x00\x01&nP\x10\x16\xb0\x00\x00\x00\x00'
12.812 Received: b'h\xee\xd8m\x00\x01&n\x0b\xb3/\x87P\x10\x16\xb0\x00\x00\x00\x00entur ei, pro ei'...
12.813 Disassembled: source: 26862, dest: 55405, seq: 75374, ack: 196292487, window: 5808, ACK, data: "entur ei, pro ei"...
12.813 Error: Incorrect acknowledgement flag
13.310 Sent: b'\xd8mh\xee\x0b\xb3/\x87\x00\x01&nP\x10\x16\xb0\x00\x00\x00\x00'
13.312 Received: b'h\xee\xd8m\x00\x01&n\x0b\xb3/\x87P\x00\x16\xb0\x00\x00\x00\x00entur ei, pro ei'...
13.313 Disassembled: source: 26862, dest: 55405, seq: 75374, ack: 196292487, window: 5808, data: "entur ei, pro ei"...
13.313 Data accepted; writing to file
13.313 Assembling: source: 55405, dest: 26862, seq: 196292487, ack: 76822, window: 5808, ACK
13.314 Sent: b'\xd8mh\xee\x0b\xb3/\x87\x00\x01,\x16P\x10\x16\xb0\x00\x00\x00\x00'
13.317 Received: b'h\xee\xd8m\x00\x01,\x16\x0b\xb3/\x87P\x00\x16\xb0\x00\x00\x00\x00simul euismod vi'...
13.317 Disassembled: source: 26862, dest: 55405, seq: 76822, ack: 196292487, window: 5808, data: "simul euismod vi"...
13.318 Data accepted; writing to file
13.318 Assembling: source: 55405, dest: 26862, seq: 196292487, ack: 78270, window: 5808, ACK
13.318 Sent: b'\xd8mh\xee\x0b\xb3/\x87\x00\x011\xbeP\x10\x16\xb0\x00\x00\x00\x00'
13.321 Received: b'h\xee\xd8m\x00\x011\xbe\x0b\xb3/\x87P\x10\x16\xb0\x00\x00\x00\x00, eam id iudico '...
13.322 Disassembled: source: 26862, dest: 55405, seq: 78270, ack: 196292487, window: 5808, ACK, data: ", eam id iudico "...
13.322 Error: Incorrect acknowledgement flag
13.819 Sent: b'\xd8mh\xee\x0b\xb3/\x87\x00\x011\xbeP\x10\x16\xb0\x00\x00\x00\x00'
13.822 Received: b'h\xee\xd8m\x00\x011\xbe\x0b\xb3/\x87P\x00\x16\xb0\x00\x00\x00\x00, eam id iudico '...
13.822 Disassembled: source: 26862, dest: 55405, seq: 78270, ack: 196292487, window: 5808, data: ", eam id iudico "...
13.822 Data accepted; writing to file
13.823 Assembling: source: 55405, dest: 26862, seq: 196292487, ack: 79718, window: 5808, ACK
13.823 Sent: b'\xd8mh\xee\x0b\xb3/\x87\x00\x017fP\x10\x16\xb0\x00\x00\x00\x00'
13.826 Received: b'h\xee\xd8m\x00\x017f\x0b\xb3/\x87P\x00\x16\xb0\x00\x00\x00\x00m vix. Ea est mu'...
13.827 Disassembled: source: 26862, dest: 55405, seq: 79718, ack: 196292487, window: 5808, data: "m vix. Ea est mu"...
13.827 Data accepted; writing to file
13.827 Assembling: source: 55405, dest: 26862, seq: 196292487, ack: 81166, window: 5808, ACK
13.827 Sent: b'\xd8mh\xee\x0b\xb3/\x87\x00\x01=\x0eP\x10\x16\xb0\x00\x00\x00\x00'
13.831 Received: b'h\xee\xd8m\x00\x01=\x0e\x0b\xb3/\x87P\x10\x16\xb0\x00\x00\x00\x00olor sit amet, e'...
13.831 Disassembled: source: 26862, dest: 55405, seq: 81166, ack: 196292487, window: 5808, ACK, data: "olor sit amet, e"...
13.831 Error: Incorrect acknowledgement flag
14.328 Sent: b'\xd8mh\xee\x0b\xb3/\x87\x00\x01=\x0eP\x10\x16\xb0\x00\x00\x00\x00'
14.331 Received: b'h\xee\xd8m\x00\x01=\x0e\x0b\xb3/\x87P\x00\x16\xb0\x00\x00\x00\x00olor sit amet, e'...
14.331 Disassembled: source: 26862, dest: 55405, seq: 81166, ack: 196292487, window: 5808, data: "olor sit amet, e"...
14.331 Data accepted; writing to file
14.332 Assembling: source: 55405, dest: 26862, seq: 196292487, ack: 82614, window: 5808, ACK
14.332 Sent: b'\xd8mh\xee\x0b\xb3/\x87\x00\x01B\xb6P\x10\x16\xb0\x00\x00\x00\x00'
14.335 Received: b'h\xee\xd8m\x00\x01B\xb6\x0b\xb3/\x87P\x00\x16\xb0\x00\x00\x00\x00m, aperiam iudic'...
14.335 Disassembled: source: 26862, dest: 55405, seq: 82614, ack: 196292487, window: 5808, data: "m, aperiam iudic"...
14.335 Data accepted; writing to file
14.335 Assembling: source: 55405, dest: 26862, seq: 196292487, ack: 84062, window: 5808, ACK
14.336 Sent: b'\xd8mh\xee\x0b\xb3/\x87\x00\x01H^P\x10\x16\xb0\x00\x00\x00\x00'
14.339 Received: b'h\xee\xd8m\x00\x01H^\x0b\xb3/\x87P\x10\x16\xb0\x00\x00\x00\x00re sea. No eos d'...
14.339 Disassembled: source: 26862, dest: 55405, seq: 84062, ack: 196292487, window: 5808, ACK, data: "re sea. No eos d"...
14.339 Error: Incorrect acknowledgement flag
14.836 Sent: b'\xd8mh\xee\x0b\xb3/\x87\x00\x01H^P\x10\x16\xb0\x00\x00\x00\x00'
14.839 Received: b'h\xee\xd8m\x00\x01H^\x0b\xb3/\x87P\x00\x16\xb0\x00\x00\x00\x00re sea. No eos d'...
14.840 Disassembled: source: 26862, dest: 55405, seq: 84062, ack: 196292487, window: 5808, data: "re sea. No eos d"...
14.840 Data accepted; writing to file
14.840 Assembling: source: 55405, dest: 26862, seq: 196292487, ack: 85510, window: 5808, ACK
14.841 Sent: b'\xd8mh\xee\x0b\xb3/\x87\x00\x01N\x06P\x10\x16\xb0\x00\x00\x00\x00'
14.844 Received: b'h\xee\xd8m\x00\x01N\x06\x0b\xb3/\x87P\x00\x16\xb0\x00\x00\x00\x00t scripta philos'...
14.844 Disassembled: source: 26862, dest: 55405, seq: 85510, ack: 196292487, window: 5808, data: "t scripta philos"...
14.844 Data accepted; writing to file
14.845 Assembling: source: 55405, dest: 26862, seq: 196292487, ack: 86958, window: 5808, ACK
14.845 Sent: b'\xd8mh\xee\x0b\xb3/\x87\x00\x01S\xaeP\x10\x16\xb0\x00\x00\x00\x00'
14.848 Received: b'h\xee\xd8m\x00\x01S\xae\x0b\xb3/\x87P\x10\x16\xb0\x00\x00\x00\x00tos sadipscing e'...
14.849 Disassembled: source: 26862, dest: 55405, seq: 86958, ack: 196292487, window: 5808, ACK, data: "tos sadipscing e"...
14.849 Error: Incorrect acknowledgement flag
15.346 Sent: b'\xd8mh\xee\x0b\xb3/\x87\x00\x01S\xaeP\x10\x16\xb0\x00\x00\x00\x00'
15.348 Received: b'h\xee\xd8m\x00\x01S\xae\x0b\xb3/\x87P\x00\x16\xb0\x00\x00\x00\x00tos sadipscing e'...
15.349 Disassembled: source: 26862, dest: 55405, seq: 86958, ack: 196292487, window: 5808, data: "tos sadipscing e"...
15.349 Data accepted; writing to file
15.349 Assembling: source: 55405, dest: 26862, seq: 196292487, ack: 88406, window: 5808, ACK
15.350 Sent: b'\xd8mh\xee\x0b\xb3/\x87\x00\x01YVP\x10\x16\xb0\x00\x00\x00\x00'
15.353 Received: b'h\xee\xd8m\x00\x01YV\x0b\xb3/\x87P\x00\x16\xb0\x00\x00\x00\x00sapientem ea, ad'...
15.354 Disassembled: source: 26862, dest: 55405, seq: 88406, ack: 196292487, window: 5808, data: "sapientem ea, ad"...
15.354 Data accepted; writing to file
15.354 Assembling: source: 55405, dest: 26862, seq: 196292487, ack: 89854, window: 5808, ACK
15.354 Sent: b'\xd8mh\xee\x0b\xb3/\x87\x00\x01^\xfeP\x10\x16\xb0\x00\x00\x00\x00'
15.357 Received: b'h\xee\xd8m\x00\x01^\xfe\x0b\xb3/\x87P\x10\x16\xb0\x00\x00\x00\x00g, ei invenire p'...
15.358 Disassembled: source: 26862, dest: 55405, seq: 89854, ack: 196292487, window: 5808, ACK, data: "g, ei invenire p"...
15.358 Error: Incorrect acknowledgement flag
15.855 Sent: b'\xd8mh\xee\x0b\xb3/\x87\x00\x01^\xfeP\x10\x16\xb0\x00\x00\x00\x00'
15.858 Received: b'h\xee\xd8m\x00\x01^\xfe\x0b\xb3/\x87P\x00\x16\xb0\x00\x00\x00\x00g, ei invenire p'...
15.858 Disassembled: source: 26862, dest: 55405, seq: 89854, ack: 196292487, window: 5808, data: "g, ei invenire p"...
15.859 Data accepted; writing to file
15.859 Assembling: source: 55405, dest: 26862, seq: 196292487, ack: 91302, window: 5808, ACK
15.859 Sent: b'\xd8mh\xee\x0b\xb3/\x87\x00\x01d\xa6P\x10\x16\xb0\x00\x00\x00\x00'
15.862 Received: b'h\xee\xd8m\x00\x01d\xa6\x0b\xb3/\x87P\x00\x16\xb0\x00\x00\x00\x00endo at. Qui id '...
15.863 Disassembled: source: 26862, dest: 55405, seq: 91302, ack: 196292487, window: 5808, data: "endo at. Qui id "...
15.863 Data accepted; writing to file
15.863 Assembling: source: 55405, dest: 26862, seq: 196292487, ack: 92750, window: 5808, ACK
15.864 Sent: b'\xd8mh\xee\x0b\xb3/\x87\x00\x01jNP\x10\x16\xb0\x00\x00\x00\x00'
15.867 Received: b'h\xee\xd8m\x00\x01jN\x0b\xb3/\x87P\x10\x16\xb0\x00\x00\x00\x00ota nostrum et p'...
15.867 Disassembled: source: 26862, dest: 55405, seq: 92750, ack: 196292487, window: 5808, ACK, data: "ota nostrum et p"...
15.867 Error: Incorrect acknowledgement flag
16.364 Sent: b'\xd8mh\xee\x0b\xb3/\x87\x00\x01jNP\x10\x16\xb0\x00\x00\x00\x00'
16.367 Received: b'h\xee\xd8m\x00\x01jN\x0b\xb3/\x87P\x00\x16\xb0\x00\x00\x00\x00ota nostrum et p'...
16.367 Disassembled: source: 26862, dest: 55405, seq: 92750, ack: 196292487, window: 5808, data: "ota nostrum et p"...
16.368 Data accepted; writing to file
16.368 Assembling: source: 55405, dest: 26862, seq: 196292487, ack: 94198, window: 5808, ACK
16.368 Sent: b'\xd8mh\xee\x0b\xb3/\x87\x00\x01o\xf6P\x10\x16\xb0\x00\x00\x00\x00'
16.371 Received: b'h\xee\xd8m\x00\x01o\xf6\x0b\xb3/\x87P\x00\x16\xb0\x00\x00\x00\x00deseruisse id. P'...
16.372 Disassembled: source: 26862, dest: 55405, seq: 94198, ack: 196292487, window: 5808, data: "deseruisse id. P"...
16.372 Data accepted; writing to file
16.372 Assembling: source: 55405, dest: 26862, seq: 196292487, ack: 95646, window: 5808, ACK
16.373 Sent: b'\xd8mh\xee\x0b\xb3/\x87\x00\x01u\x9eP\x10\x16\xb0\x00\x00\x00\x00'
16.376 Received: b'h\xee\xd8m\x00\x01u\x9e\x0b\xb3/\x87P\x10\x16\xb0\x00\x00\x00\x00odo munere imper'...
16.376 Disassembled: source: 26862, dest: 55405, seq: 95646, ack: 196292487, window: 5808, ACK, data: "odo munere imper"...
16.376 Error: Incorrect acknowledgement flag
16.873 Sent: b'\xd8mh\xee\x0b\xb3/\x87\x00\x01u\x9eP\x10\x16\xb0\x00\x00\x00\x00'
16.876 Received: b'h\xee\xd8m\x00\x01u\x9e\x0b\xb3/\x87P\x00\x16\xb0\x00\x00\x00\x00odo munere imper'...
16.877 Disassembled: source: 26862, dest: 55405, seq: 95646, ack: 196292487, window: 5808, data: "odo munere imper"...
16.877 Data accepted; writing to file
16.877 Assembling: source: 55405, dest: 26862, seq: 196292487, ack: 97094, window: 5808, ACK
16.878 Sent: b'\xd8mh\xee\x0b\xb3/\x87\x00\x01{FP\x10\x16\xb0\x00\x00\x00\x00'
16.881 Received: b'h\xee\xd8m\x00\x01{F\x0b\xb3/\x87P\x00\x16\xb0\x00\x00\x00\x00cimates cum, tib'...
16.881 Disassembled: source: 26862, dest: 55405, seq: 97094, ack: 196292487, window: 5808, data: "cimates cum, tib"...
16.881 Data accepted; writing to file
16.881 Assembling: source: 55405, dest: 26862, seq: 196292487, ack: 98542, window: 5808, ACK
16.882 Sent: b'\xd8mh\xee\x0b\xb3/\x87\x00\x01\x80\xeeP\x10\x16\xb0\x00\x00\x00\x00'
16.885 Received: b'h\xee\xd8m\x00\x01\x80\xee\x0b\xb3/\x87P\x10\x16\xb0\x00\x00\x00\x00tiopam molestiae'...
16.885 Disassembled: source: 26862, dest: 55405, seq: 98542, ack: 196292487, window: 5808, ACK, data: "tiopam molestiae"...
16.886 Error: Incorrect acknowledgement flag
17.382 Sent: b'\xd8mh\xee\x0b\xb3/\x87\x00\x01\x80\xeeP\x10\x16\xb0\x00\x00\x00\x00'
17.385 Received: b'h\xee\xd8m\x00\x01\x80\xee\x0b\xb3/\x87P\x00\x16\xb0\x00\x00\x00\x00tiopam molestiae'...
17.386 Disassembled: source: 26862, dest: 55405, seq: 98542, ack: 196292487, window: 5808, data: "tiopam molestiae"...
17.386 Data accepted; writing to file
17.386 Assembling: source: 55405, dest: 26862, seq: 196292487, ack: 99990, window: 5808, ACK
17.387 Sent: b'\xd8mh\xee\x0b\xb3/\x87\x00\x01\x86\x96P\x10\x16\xb0\x00\x00\x00\x00'
17.390 Received: b'h\xee\xd8m\x00\x01\x86\x96\x0b\xb3/\x87P\x00\x16\xb0\x00\x00\x00\x00possim qui no, v'...
17.390 Disassembled: source: 26862, dest: 55405, seq: 99990, ack: 196292487, window: 5808, data: "possim qui no, v"...
17.390 Data accepted; writing to file
17.391 Assembling: source: 55405, dest: 26862, seq: 196292487, ack: 101438, window: 5808, ACK
17.391 Sent: b'\xd8mh\xee\x0b\xb3/\x87\x00\x01\x8c>P\x10\x16\xb0\x00\x00\x00\x00'
17.394 Received: b'h\xee\xd8m\x00\x01\x8c>\x0b\xb3/\x87P\x10\x16\xb0\x00\x00\x00\x00 ex utinam parti'...
17.395 Disassembled: source: 26862, dest: 55405, seq: 101438, ack: 196292487, window: 5808, ACK, data: " ex utinam parti"...
17.395 Error: Incorrect acknowledgement flag
17.892 Sent: b'\xd8mh\xee\x0b\xb3/\x87\x00\x01\x8c>P\x10\x16\xb0\x00\x00\x00\x00'
17.895 Received: b'h\xee\xd8m\x00\x01\x8c>\x0b\xb3/\x87P\x00\x16\xb0\x00\x00\x00\x00 ex utinam parti'...
17.895 Disassembled: source: 26862, dest: 55405, seq: 101438, ack: 196292487, window: 5808, data: " ex utinam parti"...
17.895 Data accepted; writing to file
17.895 Assembling: source: 55405, dest: 26862, seq: 196292487, ack: 102886, window: 5808, ACK
17.896 Sent: b'\xd8mh\xee\x0b\xb3/\x87\x00\x01\x91\xe6P\x10\x16\xb0\x00\x00\x00\x00'
17.899 Received: b'h\xee\xd8m\x00\x01\x91\xe6\x0b\xb3/\x87P\x00\x16\xb0\x00\x00\x00\x00icus in his. Pri'...
17.899 Disassembled: source: 26862, dest: 55405, seq: 102886, ack: 196292487, window: 5808, data: "icus in his. Pri"...
17.900 Data accepted; writing to file
17.900 Assembling: source: 55405, dest: 26862, seq: 196292487, ack: 104334, window: 5808, ACK
17.900 Sent: b'\xd8mh\xee\x0b\xb3/\x87\x00\x01\x97\x8eP\x10\x16\xb0\x00\x00\x00\x00'
17.903 Received: b'h\xee\xd8m\x00\x01\x97\x8e\x0b\xb3/\x87P\x10\x16\xb0\x00\x00\x00\x00iis et.\n\nIus cu '...
17.904 Disassembled: source: 26862, dest: 55405, seq: 104334, ack: 196292487, window: 5808, ACK, data: "iis et.

Ius cu "...
17.904 Error: Incorrect acknowledgement flag
18.401 Sent: b'\xd8mh\xee\x0b\xb3/\x87\x00\x01\x97\x8eP\x10\x16\xb0\x00\x00\x00\x00'
18.404 Received: b'h\xee\xd8m\x00\x01\x97\x8e\x0b\xb3/\x87P\x00\x16\xb0\x00\x00\x00\x00iis et.\n\nIus cu '...
18.404 Disassembled: source: 26862, dest: 55405, seq: 104334, ack: 196292487, window: 5808, data: "iis et.

Ius cu "...
18.404 Data accepted; writing to file
18.405 Assembling: source: 55405, dest: 26862, seq: 196292487, ack: 105782, window: 5808, ACK
18.405 Sent: b'\xd8mh\xee\x0b\xb3/\x87\x00\x01\x9d6P\x10\x16\xb0\x00\x00\x00\x00'
18.408 Received: b'h\xee\xd8m\x00\x01\x9d6\x0b\xb3/\x87P\x00\x16\xb0\x00\x00\x00\x00e interesset.\n\nT'...
18.409 Disassembled: source: 26862, dest: 55405, seq: 105782, ack: 196292487, window: 5808, data: "e interesset.

T"...
18.409 Data accepted; writing to file
18.409 Assembling: source: 55405, dest: 26862, seq: 196292487, ack: 107230, window: 5808, ACK
18.410 Sent: b'\xd8mh\xee\x0b\xb3/\x87\x00\x01\xa2\xdeP\x10\x16\xb0\x00\x00\x00\x00'
18.413 Received: b'h\xee\xd8m\x00\x01\xa2\xde\x0b\xb3/\x87P\x10\x16\xb0\x00\x00\x00\x00pro alia volutpa'...
18.413 Disassembled: source: 26862, dest: 55405, seq: 107230, ack: 196292487, window: 5808, ACK, data: "pro alia volutpa"...
18.413 Error: Incorrect acknowledgement flag
18.910 Sent: b'\xd8mh\xee\x0b\xb3/\x87\x00\x01\xa2\xdeP\x10\x16\xb0\x00\x00\x00\x00'
18.913 Received: b'h\xee\xd8m\x00\x01\xa2\xde\x0b\xb3/\x87P\x00\x16\xb0\x00\x00\x00\x00pro alia volutpa'...
18.913 Disassembled: source: 26862, dest: 55405, seq: 107230, ack: 196292487, window: 5808, data: "pro alia volutpa"...
18.914 Data accepted; writing to file
18.914 Assembling: source: 55405, dest: 26862, seq: 196292487, ack: 108678, window: 5808, ACK
18.914 Sent: b'\xd8mh\xee\x0b\xb3/\x87\x00\x01\xa8\x86P\x10\x16\xb0\x00\x00\x00\x00'
18.917 Received: b'h\xee\xd8m\x00\x01\xa8\x86\x0b\xb3/\x87P\x00\x16\xb0\x00\x00\x00\x00 libris equidem '...
18.918 Disassembled: source: 26862, dest: 55405, seq: 108678, ack: 196292487, window: 5808, data: " libris equidem "...
18.918 Data accepted; writing to file
18.918 Assembling: source: 55405, dest: 26862, seq: 196292487, ack: 110126, window: 5808, ACK
18.919 Sent: b'\xd8mh\xee\x0b\xb3/\x87\x00\x01\xae.P\x10\x16\xb0\x00\x00\x00\x00'
18.922 Received: b'h\xee\xd8m\x00\x01\xae.\x0b\xb3/\x87P\x10\x16\xb0\x00\x00\x00\x00uavitate volupta'...
18.922 Disassembled: source: 26862, dest: 55405, seq: 110126, ack: 196292487, window: 5808, ACK, data: "uavitate volupta"...
18.922 Error: Incorrect acknowledgement flag
19.419 Sent: b'\xd8mh\xee\x0b\xb3/\x87\x00\x01\xae.P\x10\x16\xb0\x00\x00\x00\x00'
19.421 Received: b'h\xee\xd8m\x00\x01\xae.\x0b\xb3/\x87P\x00\x16\xb0\x00\x00\x00\x00uavitate volupta'...
19.422 Disassembled: source: 26862, dest: 55405, seq: 110126, ack: 196292487, window: 5808, data: "uavitate volupta"...
19.422 Data accepted; writing to file
19.422 Assembling: source: 55405, dest: 26862, seq: 196292487, ack: 111574, window: 5808, ACK
19.423 Sent: b'\xd8mh\xee\x0b\xb3/\x87\x00\x01\xb3\xd6P\x10\x16\xb0\x00\x00\x00\x00'
19.426 Received: b'h\xee\xd8m\x00\x01\xb3\xd6\x0b\xb3/\x87P\x00\x16\xb0\x00\x00\x00\x00 Detraxit defini'...
19.426 Disassembled: source: 26862, dest: 55405, seq: 111574, ack: 196292487, window: 5808, data: " Detraxit defini"...
19.426 Data accepted; writing to file
19.426 Assembling: source: 55405, dest: 26862, seq: 196292487, ack: 113022, window: 5808, ACK
19.427 Sent: b'\xd8mh\xee\x0b\xb3/\x87\x00\x01\xb9~P\x10\x16\xb0\x00\x00\x00\x00'
19.430 Received: b'h\xee\xd8m\x00\x01\xb9~\x0b\xb3/\x87P\x10\x16\xb0\x00\x00\x00\x00aesent mei. Quo '...
19.430 Disassembled: source: 26862, dest: 55405, seq: 113022, ack: 196292487, window: 5808, ACK, data: "aesent mei. Quo "...
19.431 Error: Incorrect acknowledgement flag
19.927 Sent: b'\xd8mh\xee\x0b\xb3/\x87\x00\x01\xb9~P\x10\x16\xb0\x00\x00\x00\x00'
19.930 Received: b'h\xee\xd8m\x00\x01\xb9~\x0b\xb3/\x87P\x00\x16\xb0\x00\x00\x00\x00aesent mei. Quo '...
19.931 Disassembled: source: 26862, dest: 55405, seq: 113022, ack: 196292487, window: 5808, data: "aesent mei. Quo "...
19.931 Data accepted; writing to file
19.931 Assembling: source: 55405, dest: 26862, seq: 196292487, ack: 114470, window: 5808, ACK
19.932 Sent: b'\xd8mh\xee\x0b\xb3/\x87\x00\x01\xbf&P\x10\x16\xb0\x00\x00\x00\x00'
19.935 Received: b'h\xee\xd8m\x00\x01\xbf&\x0b\xb3/\x87P\x00\x16\xb0\x00\x00\x00\x00nterpretaris no '...
19.935 Disassembled: source: 26862, dest: 55405, seq: 114470, ack: 196292487, window: 5808, data: "nterpretaris no "...
19.936 Data accepted; writing to file
19.936 Assembling: source: 55405, dest: 26862, seq: 196292487, ack: 115918, window: 5808, ACK
19.936 Sent: b'\xd8mh\xee\x0b\xb3/\x87\x00\x01\xc4\xceP\x10\x16\xb0\x00\x00\x00\x00'
19.939 Received: b'h\xee\xd8m\x00\x01\xc4\xce\x0b\xb3/\x87P\x10\x16\xb0\x00\x00\x00\x00patrioque has. I'...
19.940 Disassembled: source: 26862, dest: 55405, seq: 115918, ack: 196292487, window: 5808, ACK, data: "patrioque has. I"...
19.940 Error: Incorrect acknowledgement flag
20.437 Sent: b'\xd8mh\xee\x0b\xb3/\x87\x00\x01\xc4\xceP\x10\x16\xb0\x00\x00\x00\x00'
20.440 Received: b'h\xee\xd8m\x00\x01\xc4\xce\x0b\xb3/\x87P\x00\x16\xb0\x00\x00\x00\x00patrioque has. I'...
20.440 Disassembled: source: 26862, dest: 55405, seq: 115918, ack: 196292487, window: 5808, data: "patrioque has. I"...
20.440 Data accepted; writing to file
20.440 Assembling: source: 55405, dest: 26862, seq: 196292487, ack: 117366, window: 5808, ACK
20.441 Sent: b'\xd8mh\xee\x0b\xb3/\x87\x00\x01\xcavP\x10\x16\xb0\x00\x00\x00\x00'
20.444 Received: b'h\xee\xd8m\x00\x01\xcav\x0b\xb3/\x87P\x00\x16\xb0\x00\x00\x00\x00ossit repudianda'...
20.445 Disassembled: source: 26862, dest: 55405, seq: 117366, ack: 196292487, window: 5808, data: "ossit repudianda"...
20.445 Data accepted; writing to file
20.445 Assembling: source: 55405, dest: 26862, seq: 196292487, ack: 118814, window: 5808, ACK
20.445 Sent: b'\xd8mh\xee\x0b\xb3/\x87\x00\x01\xd0\x1eP\x10\x16\xb0\x00\x00\x00\x00'
20.448 Received: b'h\xee\xd8m\x00\x01\xd0\x1e\x0b\xb3/\x87P\x10\x16\xb0\x00\x00\x00\x00ora consequuntur'...
20.449 Disassembled: source: 26862, dest: 55405, seq: 118814, ack: 196292487, window: 5808, ACK, data: "ora consequuntur"...
20.449 Error: Incorrect acknowledgement flag
20.946 Sent: b'\xd8mh\xee\x0b\xb3/\x87\x00\x01\xd0\x1eP\x10\x16\xb0\x00\x00\x00\x00'
20.949 Received: b'h\xee\xd8m\x00\x01\xd0\x1e\x0b\xb3/\x87P\x00\x16\xb0\x00\x00\x00\x00ora consequuntur'...
20.949 Disassembled: source: 26862, dest: 55405, seq: 118814, ack: 196292487, window: 5808, data: "ora consequuntur"...
20.950 Data accepted; writing to file
20.950 Assembling: source: 55405, dest: 26862, seq: 196292487, ack: 120262, window: 5808, ACK
20.950 Sent: b'\xd8mh\xee\x0b\xb3/\x87\x00\x01\xd5\xc6P\x10\x16\xb0\x00\x00\x00\x00'
20.953 Received: b'h\xee\xd8m\x00\x01\xd5\xc6\x0b\xb3/\x87P\x00\x16\xb0\x00\x00\x00\x00ctus conceptam a'...
20.954 Disassembled: source: 26862, dest: 55405, seq: 120262, ack: 196292487, window: 5808, data: "ctus conceptam a"...
20.954 Data accepted; writing to file
20.954 Assembling: source: 55405, dest: 26862, seq: 196292487, ack: 121710, window: 5808, ACK
20.955 Sent: b'\xd8mh\xee\x0b\xb3/\x87\x00\x01\xdbnP\x10\x16\xb0\x00\x00\x00\x00'
20.958 Received: b'h\xee\xd8m\x00\x01\xdbn\x0b\xb3/\x87P\x10\x16\xb0\x00\x00\x00\x00 aeterno te, ne '...
20.958 Disassembled: source: 26862, dest: 55405, seq: 121710, ack: 196292487, window: 5808, ACK, data: " aeterno te, ne "...
20.958 Error: Incorrect acknowledgement flag
21.455 Sent: b'\xd8mh\xee\x0b\xb3/\x87\x00\x01\xdbnP\x10\x16\xb0\x00\x00\x00\x00'
21.458 Received: b'h\xee\xd8m\x00\x01\xdbn\x0b\xb3/\x87P\x00\x16\xb0\x00\x00\x00\x00 aeterno te, ne '...
21.458 Disassembled: source: 26862, dest: 55405, seq: 121710, ack: 196292487, window: 5808, data: " aeterno te, ne "...
21.459 Data accepted; writing to file
21.459 Assembling: source: 55405, dest: 26862, seq: 196292487, ack: 123158, window: 5808, ACK
21.459 Sent: b'\xd8mh\xee\x0b\xb3/\x87\x00\x01\xe1\x16P\x10\x16\xb0\x00\x00\x00\x00'
21.462 Received: b'h\xee\xd8m\x00\x01\xe1\x16\x0b\xb3/\x87P\x00\x16\xb0\x00\x00\x00\x00imis oporteat di'...
21.463 Disassembled: source: 26862, dest: 55405, seq: 123158, ack: 196292487, window: 5808, data: "imis oporteat di"...
21.463 Data accepted; writing to file
21.463 Assembling: source: 55405, dest: 26862, seq: 196292487, ack: 124606, window: 5808, ACK
21.464 Sent: b'\xd8mh\xee\x0b\xb3/\x87\x00\x01\xe6\xbeP\x10\x16\xb0\x00\x00\x00\x00'
21.467 Received: b'h\xee\xd8m\x00\x01\xe6\xbe\x0b\xb3/\x87P\x10\x16\xb0\x00\x00\x00\x00re. Has virtute '...
21.467 Disassembled: source: 26862, dest: 55405, seq: 124606, ack: 196292487, window: 5808, ACK, data: "re. Has virtute "...
21.467 Error: Incorrect acknowledgement flag
21.964 Sent: b'\xd8mh\xee\x0b\xb3/\x87\x00\x01\xe6\xbeP\x10\x16\xb0\x00\x00\x00\x00'
21.967 Received: b'h\xee\xd8m\x00\x01\xe6\xbe\x0b\xb3/\x87P\x00\x16\xb0\x00\x00\x00\x00re. Has virtute '...
21.968 Disassembled: source: 26862, dest: 55405, seq: 124606, ack: 196292487, window: 5808, data: "re. Has virtute "...
21.968 Data accepted; writing to file
21.968 Assembling: source: 55405, dest: 26862, seq: 196292487, ack: 126054, window: 5808, ACK
21.969 Sent: b'\xd8mh\xee\x0b\xb3/\x87\x00\x01\xecfP\x10\x16\xb0\x00\x00\x00\x00'
21.972 Received: b'h\xee\xd8m\x00\x01\xecf\x0b\xb3/\x87P\x00\x16\xb0\x00\x00\x00\x00 eum ancillae no'...
21.972 Disassembled: source: 26862, dest: 55405, seq: 126054, ack: 196292487, window: 5808, data: " eum ancillae no"...
21.972 Data accepted; writing to file
21.972 Assembling: source: 55405, dest: 26862, seq: 196292487, ack: 127502, window: 5808, ACK
21.973 Sent: b'\xd8mh\xee\x0b\xb3/\x87\x00\x01\xf2\x0eP\x10\x16\xb0\x00\x00\x00\x00'
21.976 Received: b'h\xee\xd8m\x00\x01\xf2\x0e\x0b\xb3/\x87P\x10\x16\xb0\x00\x00\x00\x00ppareat ius. At '...
21.976 Disassembled: source: 26862, dest: 55405, seq: 127502, ack: 196292487, window: 5808, ACK, data: "ppareat ius. At "...
21.977 Error: Incorrect acknowledgement flag
22.473 Sent: b'\xd8mh\xee\x0b\xb3/\x87\x00\x01\xf2\x0eP\x10\x16\xb0\x00\x00\x00\x00'
22.476 Received: b'h\xee\xd8m\x00\x01\xf2\x0e\x0b\xb3/\x87P\x00\x16\xb0\x00\x00\x00\x00ppareat ius. At '...
22.477 Disassembled: source: 26862, dest: 55405, seq: 127502, ack: 196292487, window: 5808, data: "ppareat ius. At "...
22.477 Data accepted; writing to file
22.477 Assembling: source: 55405, dest: 26862, seq: 196292487, ack: 128950, window: 5808, ACK
22.478 Sent: b'\xd8mh\xee\x0b\xb3/\x87\x00\x01\xf7\xb6P\x10\x16\xb0\x00\x00\x00\x00'
22.481 Received: b'h\xee\xd8m\x00\x01\xf7\xb6\x0b\xb3/\x87P\x00\x16\xb0\x00\x00\x00\x00, vero appellant'...
22.481 Disassembled: source: 26862, dest: 55405, seq: 128950, ack: 196292487, window: 5808, data: ", vero appellant"...
22.481 Data accepted; writing to file
22.482 Assembling: source: 55405, dest: 26862, seq: 196292487, ack: 130398, window: 5808, ACK
22.482 Sent: b'\xd8mh\xee\x0b\xb3/\x87\x00\x01\xfd^P\x10\x16\xb0\x00\x00\x00\x00'
22.485 Received: b'h\xee\xd8m\x00\x01\xfd^\x0b\xb3/\x87P\x10\x16\xb0\x00\x00\x00\x00ibo quando copio'...
22.486 Disassembled: source: 26862, dest: 55405, seq: 130398, ack: 196292487, window: 5808, ACK, data: "ibo quando copio"...
22.486 Error: Incorrect acknowledgement flag
22.983 Sent: b'\xd8mh\xee\x0b\xb3/\x87\x00\x01\xfd^P\x10\x16\xb0\x00\x00\x00\x00'
22.986 Received: b'h\xee\xd8m\x00\x01\xfd^\x0b\xb3/\x87P\x00\x16\xb0\x00\x00\x00\x00ibo quando copio'...
22.986 Disassembled: source: 26862, dest: 55405, seq: 130398, ack: 196292487, window: 5808, data: "ibo quando copio"...
22.986 Data accepted; writing to file
22.986 Assembling: source: 55405, dest: 26862, seq: 196292487, ack: 131846, window: 5808, ACK
22.987 Sent: b'\xd8mh\xee\x0b\xb3/\x87\x00\x02\x03\x06P\x10\x16\xb0\x00\x00\x00\x00'
22.990 Received: b'h\xee\xd8m\x00\x02\x03\x06\x0b\xb3/\x87P\x00\x16\xb0\x00\x00\x00\x00 maluisset. Sit '...
22.990 Disassembled: source: 26862, dest: 55405, seq: 131846, ack: 196292487, window: 5808, data: " maluisset. Sit "...
22.991 Data accepted; writing to file
22.991 Assembling: source: 55405, dest: 26862, seq: 196292487, ack: 133294, window: 5808, ACK
22.991 Sent: b'\xd8mh\xee\x0b\xb3/\x87\x00\x02\x08\xaeP\x10\x16\xb0\x00\x00\x00\x00'
22.994 Received: b'h\xee\xd8m\x00\x02\x08\xae\x0b\xb3/\x87P\x10\x16\xb0\x00\x00\x00\x00e ceteros albuci'...
22.995 Disassembled: source: 26862, dest: 55405, seq: 133294, ack: 196292487, window: 5808, ACK, data: "e ceteros albuci"...
22.995 Error: Incorrect acknowledgement flag
23.492 Sent: b'\xd8mh\xee\x0b\xb3/\x87\x00\x02\x08\xaeP\x10\x16\xb0\x00\x00\x00\x00'
23.495 Received: b'h\xee\xd8m\x00\x02\x08\xae\x0b\xb3/\x87P\x00\x16\xb0\x00\x00\x00\x00e ceteros albuci'...
23.495 Disassembled: source: 26862, dest: 55405, seq: 133294, ack: 196292487, window: 5808, data: "e ceteros albuci"...
23.495 Data accepted; writing to file
23.496 Assembling: source: 55405, dest: 26862, seq: 196292487, ack: 134742, window: 5808, ACK
23.496 Sent: b'\xd8mh\xee\x0b\xb3/\x87\x00\x02\x0eVP\x10\x16\xb0\x00\x00\x00\x00'
23.499 Received: b'h\xee\xd8m\x00\x02\x0eV\x0b\xb3/\x87P\x00\x16\xb0\x00\x00\x00\x00complectitur sea'...
23.500 Disassembled: source: 26862, dest: 55405, seq: 134742, ack: 196292487, window: 5808, data: "complectitur sea"...
23.500 Data accepted; writing to file
23.500 Assembling: source: 55405, dest: 26862, seq: 196292487, ack: 136190, window: 5808, ACK
23.500 Sent: b'\xd8mh\xee\x0b\xb3/\x87\x00\x02\x13\xfeP\x10\x16\xb0\x00\x00\x00\x00'
23.503 Received: b'h\xee\xd8m\x00\x02\x13\xfe\x0b\xb3/\x87P\x10\x16\xb0\x00\x00\x00\x00tempor ex ius. E'...
23.504 Disassembled: source: 26862, dest: 55405, seq: 136190, ack: 196292487, window: 5808, ACK, data: "tempor ex ius. E"...
23.504 Error: Incorrect acknowledgement flag
24.001 Sent: b'\xd8mh\xee\x0b\xb3/\x87\x00\x02\x13\xfeP\x10\x16\xb0\x00\x00\x00\x00'
24.004 Received: b'h\xee\xd8m\x00\x02\x13\xfe\x0b\xb3/\x87P\x00\x16\xb0\x00\x00\x00\x00tempor ex ius. E'...
24.004 Disassembled: source: 26862, dest: 55405, seq: 136190, ack: 196292487, window: 5808, data: "tempor ex ius. E"...
24.005 Data accepted; writing to file
24.005 Assembling: source: 55405, dest: 26862, seq: 196292487, ack: 136284, window: 5808, ACK
24.005 Sent: b'\xd8mh\xee\x0b\xb3/\x87\x00\x02\x14\\P\x10\x16\xb0\x00\x00\x00\x00'
24.506 Sent: b'\xd8mh\xee\x0b\xb3/\x87\x00\x02\x14\\P\x10\x16\xb0\x00\x00\x00\x00'
25.006 Sent: b'\xd8mh\xee\x0b\xb3/\x87\x00\x02\x14\\P\x10\x16\xb0\x00\x00\x00\x00'
25.506 Sent: b'\xd8mh\xee\x0b\xb3/\x87\x00\x02\x14\\P\x10\x16\xb0\x00\x00\x00\x00'
26.007 Sent: b'\xd8mh\xee\x0b\xb3/\x87\x00\x02\x14\\P\x10\x16\xb0\x00\x00\x00\x00'
26.507 Error: Connection timed out
26.508 Closed connection
26.508 Shutting down
