0.000 NEW RUN: Server, TEST: Write_file__Relaxed
0.077 Received: b'VV39\x00\x00\x00Y\x00\x00\x00\x00P\x02\x05\xa8\x00\x00\x00\x00'
0.078 Disassembled: source: 22102, dest: 13113, seq: 89, window: 1448, SYN
0.079 SYN accepted; new connection: 127.0.0.1 on port 22102
0.079 Assembling: source: 13113, dest: 22102, seq: 138815641, ack: 90, window: 5808, ACK, SYN
0.079 Sent: b'39VV\x08F(\x99\x00\x00\x00ZP\x12\x16\xb0\x00\x00\x00\x00'
0.081 Received: b'VV39\x00\x00\x00Z\x08F(\x9aP\x10\x16\xb0\x00\x00\x00\x00'
0.081 Disassembled: source: 22102, dest: 13113, seq: 90, ack: 138815642, window: 5808, ACK
0.082 Assembling: source: 13113, dest: 22102, seq: 138815642, ack: 90, window: 5808, ACK
0.082 Received: b'VV39\x00\x00\x00Z\x08F(\x9aP\x10\x16\xb0\x00\x00\x00\x00'
0.082 Sent: b'39VV\x08F(\x9a\x00\x00\x00ZP\x10\x16\xb0\x00\x00\x00\x00'
0.083 Disassembled: source: 22102, dest: 13113, seq: 90, ack: 138815642, window: 5808, ACK
0.083 Assembling: source: 13113, dest: 22102, seq: 138815642, ack: 90, window: 5808, ACK
0.084 Sent: b'39VV\x08F(\x9a\x00\x00\x00ZP\x10\x16\xb0\x00\x00\x00\x00'
0.584 Sent: b'39VV\x08F(\x9a\x00\x00\x00ZP\x10\x16\xb0\x00\x00\x00\x00'
1.084 Sent: b'39VV\x08F(\x9a\x00\x00\x00ZP\x10\x16\xb0\x00\x00\x00\x00'
1.585 Sent: b'39VV\x08F(\x9a\x00\x00\x00ZP\x10\x16\xb0\x00\x00\x00\x00'
2.085 Sent: b'39VV\x08F(\x9a\x00\x00\x00ZP\x10\x16\xb0\x00\x00\x00\x00'
2.586 Error: Connection timed out
2.586 Closed connection
2.587 Shutting down
