0.000 NEW RUN: Server, TEST: Write_file__Empty
0.076 Received: b'w\\I\x0b\x00\x00\x00d\x00\x00\x00\x00P\x02\x05\xa8\x00\x00\x00\x00'
0.077 Disassembled: source: 30556, dest: 18699, seq: 100, window: 1448, SYN
0.077 SYN accepted; new connection: 127.0.0.1 on port 30556
0.077 Assembling: source: 18699, dest: 30556, seq: 161548587, ack: 101, window: 5808, ACK, SYN
0.078 Sent: b'I\x0bw\\\t\xa1\t+\x00\x00\x00eP\x12\x16\xb0\x00\x00\x00\x00'
0.080 Received: b'w\\I\x0b\x00\x00\x00e\t\xa1\t,P\x10\x16\xb0\x00\x00\x00\x00'
0.080 Disassembled: source: 30556, dest: 18699, seq: 101, ack: 161548588, window: 5808, ACK
0.081 Assembling: source: 18699, dest: 30556, seq: 161548588, ack: 101, window: 5808, ACK
0.081 Received: b'w\\I\x0b\x00\x00\x00e\t\xa1\t,P\x10\x16\xb0\x00\x00\x00\x00'
0.081 Sent: b'I\x0bw\\\t\xa1\t,\x00\x00\x00eP\x10\x16\xb0\x00\x00\x00\x00'
0.082 Disassembled: source: 30556, dest: 18699, seq: 101, ack: 161548588, window: 5808, ACK
0.082 Assembling: source: 18699, dest: 30556, seq: 161548588, ack: 101, window: 5808, ACK
0.082 Sent: b'I\x0bw\\\t\xa1\t,\x00\x00\x00eP\x10\x16\xb0\x00\x00\x00\x00'
0.583 Sent: b'I\x0bw\\\t\xa1\t,\x00\x00\x00eP\x10\x16\xb0\x00\x00\x00\x00'
1.083 Sent: b'I\x0bw\\\t\xa1\t,\x00\x00\x00eP\x10\x16\xb0\x00\x00\x00\x00'
1.584 Sent: b'I\x0bw\\\t\xa1\t,\x00\x00\x00eP\x10\x16\xb0\x00\x00\x00\x00'
2.084 Sent: b'I\x0bw\\\t\xa1\t,\x00\x00\x00eP\x10\x16\xb0\x00\x00\x00\x00'
2.584 Error: Connection timed out
2.585 Closed connection
2.585 Shutting down
