0.000 NEW RUN: Server, TEST: Read_file__Large_multi-packet
0.212 Received: b'`oa\x16\x00\x00\x00\x10\x00\x00\x00\x00P\x02\x05\xa8\x00\x00\x00\x00'
0.212 Disassembled: source: 24687, dest: 24854, seq: 16, window: 1448, SYN
0.213 SYN accepted; new connection: 127.0.0.1 on port 24687
0.213 Assembling: source: 24854, dest: 24687, seq: 276599976, ack: 17, window: 1448, ACK, SYN
0.213 Sent: b'a\x16`o\x10|\x94\xa8\x00\x00\x00\x11P\x12\x05\xa8\x00\x00\x00\x00'
0.215 Received: b'`oa\x16\x00\x00\x00\x11\x10|\x94\xa9P\x10\x05\xa8\x00\x00\x00\x00'
0.215 Disassembled: source: 24687, dest: 24854, seq: 17, ack: 276599977, window: 1448, ACK
0.215 Handshake complete
0.216 Acknowledged seq: 276599976
0.216 Assembling: source: 24854, dest: 24687, seq: 276599977, ack: 18, window: 1448, data: "Lorem ipsum dolo"...
0.216 Sent: b'a\x16`o\x10|\x94\xa9\x00\x00\x00\x12P\x00\x05\xa8\x00\x00\x00\x00Lorem ipsum dolo'...
0.218 Received: b'`oa\x16\x00\x00\x00\x11\x10|\x9aQP\x10\x05\xa8\x00\x00\x00\x00'
0.218 Disassembled: source: 24687, dest: 24854, seq: 17, ack: 276601425, window: 1448, ACK
0.218 Acknowledged seq: 276599977
0.218 Assembling: source: 24854, dest: 24687, seq: 276601425, ack: 18, window: 1448, data: "mprehensam nam, "...
0.219 Sent: b'a\x16`o\x10|\x9aQ\x00\x00\x00\x12P\x00\x05\xa8\x00\x00\x00\x00mprehensam nam, '...
0.221 Received: b'`oa\x16\x00\x00\x00\x11\x10|\x9f\xf9P\x10\x05\xa8\x00\x00\x00\x00'
0.221 Disassembled: source: 24687, dest: 24854, seq: 17, ack: 276602873, window: 1448, ACK
0.221 Acknowledged seq: 276601425
0.221 Assembling: source: 24854, dest: 24687, seq: 276602873, ack: 18, window: 1448, data: "ilisi repudiare "...
0.222 Sent: b'a\x16`o\x10|\x9f\xf9\x00\x00\x00\x12P\x00\x05\xa8\x00\x00\x00\x00ilisi repudiare '...
0.224 Received: b'`oa\x16\x00\x00\x00\x11\x10|\xa5\xa1P\x10\x05\xa8\x00\x00\x00\x00'
0.224 Disassembled: source: 24687, dest: 24854, seq: 17, ack: 276604321, window: 1448, ACK
0.224 Acknowledged seq: 276602873
0.224 Assembling: source: 24854, dest: 24687, seq: 276604321, ack: 18, window: 1448, data: "ta.

Et essent s"...
0.224 Sent: b'a\x16`o\x10|\xa5\xa1\x00\x00\x00\x12P\x00\x05\xa8\x00\x00\x00\x00ta.\n\nEt essent s'...
0.227 Received: b'`oa\x16\x00\x00\x00\x11\x10|\xabIP\x10\x05\xa8\x00\x00\x00\x00'
0.227 Disassembled: source: 24687, dest: 24854, seq: 17, ack: 276605769, window: 1448, ACK
0.227 Acknowledged seq: 276604321
0.227 Assembling: source: 24854, dest: 24687, seq: 276605769, ack: 18, window: 1448, data: " Nihil tractatos"...
0.227 Sent: b'a\x16`o\x10|\xabI\x00\x00\x00\x12P\x00\x05\xa8\x00\x00\x00\x00 Nihil tractatos'...
0.229 Received: b'`oa\x16\x00\x00\x00\x11\x10|\xb0\xf1P\x10\x05\xa8\x00\x00\x00\x00'
0.229 Disassembled: source: 24687, dest: 24854, seq: 17, ack: 276607217, window: 1448, ACK
0.229 Acknowledged seq: 276605769
0.230 Assembling: source: 24854, dest: 24687, seq: 276607217, ack: 18, window: 1448, data: "fert iuvaret sap"...
0.230 Sent: b'a\x16`o\x10|\xb0\xf1\x00\x00\x00\x12P\x00\x05\xa8\x00\x00\x00\x00fert iuvaret sap'...
0.231 Received: b'`oa\x16\x00\x00\x00\x11\x10|\xb6\x99P\x10\x05\xa8\x00\x00\x00\x00'
0.232 Disassembled: source: 24687, dest: 24854, seq: 17, ack: 276608665, window: 1448, ACK
0.232 Acknowledged seq: 276607217
0.232 Assembling: source: 24854, dest: 24687, seq: 276608665, ack: 18, window: 1448, data: "ram adipiscing, "...
0.232 Sent: b'a\x16`o\x10|\xb6\x99\x00\x00\x00\x12P\x00\x05\xa8\x00\x00\x00\x00ram adipiscing, '...
0.234 Received: b'`oa\x16\x00\x00\x00\x11\x10|\xbcAP\x10\x05\xa8\x00\x00\x00\x00'
0.234 Disassembled: source: 24687, dest: 24854, seq: 17, ack: 276610113, window: 1448, ACK
0.234 Acknowledged seq: 276608665
0.235 Assembling: source: 24854, dest: 24687, seq: 276610113, ack: 18, window: 1448, data: "m veritus vivend"...
0.235 Sent: b'a\x16`o\x10|\xbcA\x00\x00\x00\x12P\x00\x05\xa8\x00\x00\x00\x00m veritus vivend'...
0.236 Received: b'`oa\x16\x00\x00\x00\x11\x10|\xc1\xe9P\x10\x05\xa8\x00\x00\x00\x00'
0.237 Disassembled: source: 24687, dest: 24854, seq: 17, ack: 276611561, window: 1448, ACK
0.237 Acknowledged seq: 276610113
0.237 Assembling: source: 24854, dest: 24687, seq: 276611561, ack: 18, window: 1448, data: " delenit, ignota"...
0.237 Sent: b'a\x16`o\x10|\xc1\xe9\x00\x00\x00\x12P\x00\x05\xa8\x00\x00\x00\x00 delenit, ignota'...
0.239 Received: b'`oa\x16\x00\x00\x00\x11\x10|\xc7\x91P\x10\x05\xa8\x00\x00\x00\x00'
0.239 Disassembled: source: 24687, dest: 24854, seq: 17, ack: 276613009, window: 1448, ACK
0.239 Acknowledged seq: 276611561
0.240 Assembling: source: 24854, dest: 24687, seq: 276613009, ack: 18, window: 1448, data: "se explicari des"...
0.240 Sent: b'a\x16`o\x10|\xc7\x91\x00\x00\x00\x12P\x00\x05\xa8\x00\x00\x00\x00se explicari des'...
0.242 Received: b'`oa\x16\x00\x00\x00\x11\x10|\xcd9P\x10\x05\xa8\x00\x00\x00\x00'
0.242 Disassembled: source: 24687, dest: 24854, seq: 17, ack: 276614457, window: 1448, ACK
0.242 Acknowledged seq: 276613009
0.242 Assembling: source: 24854, dest: 24687, seq: 276614457, ack: 18, window: 1448, data: "piscing, in modo"...
0.242 Sent: b'a\x16`o\x10|\xcd9\x00\x00\x00\x12P\x00\x05\xa8\x00\x00\x00\x00piscing, in modo'...
0.244 Received: b'`oa\x16\x00\x00\x00\x11\x10|\xd2\xe1P\x10\x05\xa8\x00\x00\x00\x00'
0.244 Disassembled: source: 24687, dest: 24854, seq: 17, ack: 276615905, window: 1448, ACK
0.244 Acknowledged seq: 276614457
0.245 Assembling: source: 24854, dest: 24687, seq: 276615905, ack: 18, window: 1448, data: "o copiosae tacim"...
0.245 Sent: b'a\x16`o\x10|\xd2\xe1\x00\x00\x00\x12P\x00\x05\xa8\x00\x00\x00\x00o copiosae tacim'...
0.247 Received: b'`oa\x16\x00\x00\x00\x11\x10|\xd8\x89P\x10\x05\xa8\x00\x00\x00\x00'
0.247 Disassembled: source: 24687, dest: 24854, seq: 17, ack: 276617353, window: 1448, ACK
0.247 Acknowledged seq: 276615905
0.247 Assembling: source: 24854, dest: 24687, seq: 276617353, ack: 18, window: 1448, data: "am. Pri ne antio"...
0.248 Sent: b'a\x16`o\x10|\xd8\x89\x00\x00\x00\x12P\x00\x05\xa8\x00\x00\x00\x00am. Pri ne antio'...
0.249 Received: b'`oa\x16\x00\x00\x00\x11\x10|\xde1P\x10\x05\xa8\x00\x00\x00\x00'
0.250 Disassembled: source: 24687, dest: 24854, seq: 17, ack: 276618801, window: 1448, ACK
0.250 Acknowledged seq: 276617353
0.250 Assembling: source: 24854, dest: 24687, seq: 276618801, ack: 18, window: 1448, data: "to no. Elitr pos"...
0.250 Sent: b'a\x16`o\x10|\xde1\x00\x00\x00\x12P\x00\x05\xa8\x00\x00\x00\x00to no. Elitr pos'...
0.252 Received: b'`oa\x16\x00\x00\x00\x11\x10|\xe3\xd9P\x10\x05\xa8\x00\x00\x00\x00'
0.252 Disassembled: source: 24687, dest: 24854, seq: 17, ack: 276620249, window: 1448, ACK
0.252 Acknowledged seq: 276618801
0.252 Assembling: source: 24854, dest: 24687, seq: 276620249, ack: 18, window: 1448, data: "pretaris, sea ex"...
0.253 Sent: b'a\x16`o\x10|\xe3\xd9\x00\x00\x00\x12P\x00\x05\xa8\x00\x00\x00\x00pretaris, sea ex'...
0.254 Received: b'`oa\x16\x00\x00\x00\x11\x10|\xe9\x81P\x10\x05\xa8\x00\x00\x00\x00'
0.255 Disassembled: source: 24687, dest: 24854, seq: 17, ack: 276621697, window: 1448, ACK
0.255 Acknowledged seq: 276620249
0.255 Assembling: source: 24854, dest: 24687, seq: 276621697, ack: 18, window: 1448, data: "oporteat inimicu"...
0.255 Sent: b'a\x16`o\x10|\xe9\x81\x00\x00\x00\x12P\x00\x05\xa8\x00\x00\x00\x00oporteat inimicu'...
0.257 Received: b'`oa\x16\x00\x00\x00\x11\x10|\xef)P\x10\x05\xa8\x00\x00\x00\x00'
0.257 Disassembled: source: 24687, dest: 24854, seq: 17, ack: 276623145, window: 1448, ACK
0.257 Acknowledged seq: 276621697
0.257 Assembling: source: 24854, dest: 24687, seq: 276623145, ack: 18, window: 1448, data: "ligendi officiis"...
0.258 Sent: b'a\x16`o\x10|\xef)\x00\x00\x00\x12P\x00\x05\xa8\x00\x00\x00\x00ligendi officiis'...
0.259 Received: b'`oa\x16\x00\x00\x00\x11\x10|\xf4\xd1P\x10\x05\xa8\x00\x00\x00\x00'
0.259 Disassembled: source: 24687, dest: 24854, seq: 17, ack: 276624593, window: 1448, ACK
0.260 Acknowledged seq: 276623145
0.260 Assembling: source: 24854, dest: 24687, seq: 276624593, ack: 18, window: 1448, data: "no vel regione i"...
0.260 Sent: b'a\x16`o\x10|\xf4\xd1\x00\x00\x00\x12P\x00\x05\xa8\x00\x00\x00\x00no vel regione i'...
0.262 Received: b'`oa\x16\x00\x00\x00\x11\x10|\xfayP\x10\x05\xa8\x00\x00\x00\x00'
0.262 Disassembled: source: 24687, dest: 24854, seq: 17, ack: 276626041, window: 1448, ACK
0.262 Acknowledged seq: 276624593
0.262 Assembling: source: 24854, dest: 24687, seq: 276626041, ack: 18, window: 1448, data: "ibus vis ex, pro"...
0.263 Sent: b'a\x16`o\x10|\xfay\x00\x00\x00\x12P\x00\x05\xa8\x00\x00\x00\x00ibus vis ex, pro'...
0.265 Received: b'`oa\x16\x00\x00\x00\x11\x10}\x00!P\x10\x05\xa8\x00\x00\x00\x00'
0.265 Disassembled: source: 24687, dest: 24854, seq: 17, ack: 276627489, window: 1448, ACK
0.265 Acknowledged seq: 276626041
0.265 Assembling: source: 24854, dest: 24687, seq: 276627489, ack: 18, window: 1448, data: "o vix, mel ea li"...
0.265 Sent: b'a\x16`o\x10}\x00!\x00\x00\x00\x12P\x00\x05\xa8\x00\x00\x00\x00o vix, mel ea li'...
0.267 Received: b'`oa\x16\x00\x00\x00\x11\x10}\x05\xc9P\x10\x05\xa8\x00\x00\x00\x00'
0.267 Disassembled: source: 24687, dest: 24854, seq: 17, ack: 276628937, window: 1448, ACK
0.267 Acknowledged seq: 276627489
0.268 Assembling: source: 24854, dest: 24687, seq: 276628937, ack: 18, window: 1448, data: "d. Ex fugit suav"...
0.268 Sent: b'a\x16`o\x10}\x05\xc9\x00\x00\x00\x12P\x00\x05\xa8\x00\x00\x00\x00d. Ex fugit suav'...
0.270 Received: b'`oa\x16\x00\x00\x00\x11\x10}\x0bqP\x10\x05\xa8\x00\x00\x00\x00'
0.270 Disassembled: source: 24687, dest: 24854, seq: 17, ack: 276630385, window: 1448, ACK
0.270 Acknowledged seq: 276628937
0.270 Assembling: source: 24854, dest: 24687, seq: 276630385, ack: 18, window: 1448, data: "pertinax nec. De"...
0.271 Sent: b'a\x16`o\x10}\x0bq\x00\x00\x00\x12P\x00\x05\xa8\x00\x00\x00\x00pertinax nec. De'...
0.272 Received: b'`oa\x16\x00\x00\x00\x11\x10}\x11\x19P\x10\x05\xa8\x00\x00\x00\x00'
0.272 Disassembled: source: 24687, dest: 24854, seq: 17, ack: 276631833, window: 1448, ACK
0.273 Acknowledged seq: 276630385
0.273 Assembling: source: 24854, dest: 24687, seq: 276631833, ack: 18, window: 1448, data: "lli primis praes"...
0.273 Sent: b'a\x16`o\x10}\x11\x19\x00\x00\x00\x12P\x00\x05\xa8\x00\x00\x00\x00lli primis praes'...
0.275 Received: b'`oa\x16\x00\x00\x00\x11\x10}\x16\xc1P\x10\x05\xa8\x00\x00\x00\x00'
0.275 Disassembled: source: 24687, dest: 24854, seq: 17, ack: 276633281, window: 1448, ACK
0.275 Acknowledged seq: 276631833
0.275 Assembling: source: 24854, dest: 24687, seq: 276633281, ack: 18, window: 1448, data: "m, percipit inte"...
0.276 Sent: b'a\x16`o\x10}\x16\xc1\x00\x00\x00\x12P\x00\x05\xa8\x00\x00\x00\x00m, percipit inte'...
0.277 Received: b'`oa\x16\x00\x00\x00\x11\x10}\x1ciP\x10\x05\xa8\x00\x00\x00\x00'
0.277 Disassembled: source: 24687, dest: 24854, seq: 17, ack: 276634729, window: 1448, ACK
0.278 Acknowledged seq: 276633281
0.278 Assembling: source: 24854, dest: 24687, seq: 276634729, ack: 18, window: 1448, data: "nani docendi pat"...
0.278 Sent: b'a\x16`o\x10}\x1ci\x00\x00\x00\x12P\x00\x05\xa8\x00\x00\x00\x00nani docendi pat'...
0.280 Received: b'`oa\x16\x00\x00\x00\x11\x10}"\x11P\x10\x05\xa8\x00\x00\x00\x00'
0.280 Disassembled: source: 24687, dest: 24854, seq: 17, ack: 276636177, window: 1448, ACK
0.280 Acknowledged seq: 276634729
0.280 Assembling: source: 24854, dest: 24687, seq: 276636177, ack: 18, window: 1448, data: " vis decore poss"...
0.281 Sent: b'a\x16`o\x10}"\x11\x00\x00\x00\x12P\x00\x05\xa8\x00\x00\x00\x00 vis decore poss'...
0.282 Received: b"`oa\x16\x00\x00\x00\x11\x10}'\xb9P\x10\x05\xa8\x00\x00\x00\x00"
0.283 Disassembled: source: 24687, dest: 24854, seq: 17, ack: 276637625, window: 1448, ACK
0.283 Acknowledged seq: 276636177
0.283 Assembling: source: 24854, dest: 24687, seq: 276637625, ack: 18, window: 1448, data: "eam odio corpora"...
0.283 Sent: b"a\x16`o\x10}'\xb9\x00\x00\x00\x12P\x00\x05\xa8\x00\x00\x00\x00eam odio corpora"...
0.285 Received: b'`oa\x16\x00\x00\x00\x11\x10}-aP\x10\x05\xa8\x00\x00\x00\x00'
0.285 Disassembled: source: 24687, dest: 24854, seq: 17, ack: 276639073, window: 1448, ACK
0.285 Acknowledged seq: 276637625
0.286 Assembling: source: 24854, dest: 24687, seq: 276639073, ack: 18, window: 1448, data: " est. Usu sanctu"...
0.286 Sent: b'a\x16`o\x10}-a\x00\x00\x00\x12P\x00\x05\xa8\x00\x00\x00\x00 est. Usu sanctu'...
0.287 Received: b'`oa\x16\x00\x00\x00\x11\x10}3\tP\x10\x05\xa8\x00\x00\x00\x00'
0.288 Disassembled: source: 24687, dest: 24854, seq: 17, ack: 276640521, window: 1448, ACK
0.288 Acknowledged seq: 276639073
0.288 Assembling: source: 24854, dest: 24687, seq: 276640521, ack: 18, window: 1448, data: ".

Mei graeco ae"...
0.288 Sent: b'a\x16`o\x10}3\t\x00\x00\x00\x12P\x00\x05\xa8\x00\x00\x00\x00.\n\nMei graeco ae'...
0.290 Received: b'`oa\x16\x00\x00\x00\x11\x10}8\xb1P\x10\x05\xa8\x00\x00\x00\x00'
0.290 Disassembled: source: 24687, dest: 24854, seq: 17, ack: 276641969, window: 1448, ACK
0.290 Acknowledged seq: 276640521
0.291 Assembling: source: 24854, dest: 24687, seq: 276641969, ack: 18, window: 1448, data: "et. Ne sea primi"...
0.291 Sent: b'a\x16`o\x10}8\xb1\x00\x00\x00\x12P\x00\x05\xa8\x00\x00\x00\x00et. Ne sea primi'...
0.293 Received: b'`oa\x16\x00\x00\x00\x11\x10}>YP\x10\x05\xa8\x00\x00\x00\x00'
0.293 Disassembled: source: 24687, dest: 24854, seq: 17, ack: 276643417, window: 1448, ACK
0.293 Acknowledged seq: 276641969
0.293 Assembling: source: 24854, dest: 24687, seq: 276643417, ack: 18, window: 1448, data: "ittam convenire."...
0.294 Sent: b'a\x16`o\x10}>Y\x00\x00\x00\x12P\x00\x05\xa8\x00\x00\x00\x00ittam convenire.'...
0.295 Received: b'`oa\x16\x00\x00\x00\x11\x10}D\x01P\x10\x05\xa8\x00\x00\x00\x00'
0.296 Disassembled: source: 24687, dest: 24854, seq: 17, ack: 276644865, window: 1448, ACK
0.296 Acknowledged seq: 276643417
0.296 Assembling: source: 24854, dest: 24687, seq: 276644865, ack: 18, window: 1448, data: "ua et vis, id eu"...
0.296 Sent: b'a\x16`o\x10}D\x01\x00\x00\x00\x12P\x00\x05\xa8\x00\x00\x00\x00ua et vis, id eu'...
0.298 Received: b'`oa\x16\x00\x00\x00\x11\x10}I\xa9P\x10\x05\xa8\x00\x00\x00\x00'
0.298 Disassembled: source: 24687, dest: 24854, seq: 17, ack: 276646313, window: 1448, ACK
0.298 Acknowledged seq: 276644865
0.298 Assembling: source: 24854, dest: 24687, seq: 276646313, ack: 18, window: 1448, data: "r. Et velit appa"...
0.299 Sent: b'a\x16`o\x10}I\xa9\x00\x00\x00\x12P\x00\x05\xa8\x00\x00\x00\x00r. Et velit appa'...
0.300 Received: b'`oa\x16\x00\x00\x00\x11\x10}OQP\x10\x05\xa8\x00\x00\x00\x00'
0.300 Disassembled: source: 24687, dest: 24854, seq: 17, ack: 276647761, window: 1448, ACK
0.301 Acknowledged seq: 276646313
0.301 Assembling: source: 24854, dest: 24687, seq: 276647761, ack: 18, window: 1448, data: " novum laudem, v"...
0.301 Sent: b'a\x16`o\x10}OQ\x00\x00\x00\x12P\x00\x05\xa8\x00\x00\x00\x00 novum laudem, v'...
0.303 Received: b'`oa\x16\x00\x00\x00\x11\x10}T\xf9P\x10\x05\xa8\x00\x00\x00\x00'
0.303 Disassembled: source: 24687, dest: 24854, seq: 17, ack: 276649209, window: 1448, ACK
0.303 Acknowledged seq: 276647761
0.303 Assembling: source: 24854, dest: 24687, seq: 276649209, ack: 18, window: 1448, data: "luptatibus, cibo"...
0.304 Sent: b'a\x16`o\x10}T\xf9\x00\x00\x00\x12P\x00\x05\xa8\x00\x00\x00\x00luptatibus, cibo'...
0.305 Received: b'`oa\x16\x00\x00\x00\x11\x10}Z\xa1P\x10\x05\xa8\x00\x00\x00\x00'
0.305 Disassembled: source: 24687, dest: 24854, seq: 17, ack: 276650657, window: 1448, ACK
0.306 Acknowledged seq: 276649209
0.306 Assembling: source: 24854, dest: 24687, seq: 276650657, ack: 18, window: 1448, data: "alii indoctum ma"...
0.306 Sent: b'a\x16`o\x10}Z\xa1\x00\x00\x00\x12P\x00\x05\xa8\x00\x00\x00\x00alii indoctum ma'...
0.308 Received: b'`oa\x16\x00\x00\x00\x11\x10}`IP\x10\x05\xa8\x00\x00\x00\x00'
0.308 Disassembled: source: 24687, dest: 24854, seq: 17, ack: 276652105, window: 1448, ACK
0.308 Acknowledged seq: 276650657
0.308 Assembling: source: 24854, dest: 24687, seq: 276652105, ack: 18, window: 1448, data: "im, his facete c"...
0.308 Sent: b'a\x16`o\x10}`I\x00\x00\x00\x12P\x00\x05\xa8\x00\x00\x00\x00im, his facete c'...
0.310 Received: b'`oa\x16\x00\x00\x00\x11\x10}e\xf1P\x10\x05\xa8\x00\x00\x00\x00'
0.310 Disassembled: source: 24687, dest: 24854, seq: 17, ack: 276653553, window: 1448, ACK
0.310 Acknowledged seq: 276652105
0.310 Assembling: source: 24854, dest: 24687, seq: 276653553, ack: 18, window: 1448, data: "e alia dolor com"...
0.311 Sent: b'a\x16`o\x10}e\xf1\x00\x00\x00\x12P\x00\x05\xa8\x00\x00\x00\x00e alia dolor com'...
0.312 Received: b'`oa\x16\x00\x00\x00\x11\x10}k\x99P\x10\x05\xa8\x00\x00\x00\x00'
0.312 Disassembled: source: 24687, dest: 24854, seq: 17, ack: 276655001, window: 1448, ACK
0.313 Acknowledged seq: 276653553
0.313 Assembling: source: 24854, dest: 24687, seq: 276655001, ack: 18, window: 1448, data: "it ea, reque tem"...
0.313 Sent: b'a\x16`o\x10}k\x99\x00\x00\x00\x12P\x00\x05\xa8\x00\x00\x00\x00it ea, reque tem'...
0.315 Received: b'`oa\x16\x00\x00\x00\x11\x10}qAP\x10\x05\xa8\x00\x00\x00\x00'
0.315 Disassembled: source: 24687, dest: 24854, seq: 17, ack: 276656449, window: 1448, ACK
0.315 Acknowledged seq: 276655001
0.315 Assembling: source: 24854, dest: 24687, seq: 276656449, ack: 18, window: 1448, data: "alisque.

Equide"...
0.315 Sent: b'a\x16`o\x10}qA\x00\x00\x00\x12P\x00\x05\xa8\x00\x00\x00\x00alisque.\n\nEquide'...
0.317 Received: b'`oa\x16\x00\x00\x00\x11\x10}v\xe9P\x10\x05\xa8\x00\x00\x00\x00'
0.317 Disassembled: source: 24687, dest: 24854, seq: 17, ack: 276657897, window: 1448, ACK
0.317 Acknowledged seq: 276656449
0.317 Assembling: source: 24854, dest: 24687, seq: 276657897, ack: 18, window: 1448, data: "finitiones, affe"...
0.318 Sent: b'a\x16`o\x10}v\xe9\x00\x00\x00\x12P\x00\x05\xa8\x00\x00\x00\x00finitiones, affe'...
0.319 Received: b'`oa\x16\x00\x00\x00\x11\x10}|\x91P\x10\x05\xa8\x00\x00\x00\x00'
0.320 Disassembled: source: 24687, dest: 24854, seq: 17, ack: 276659345, window: 1448, ACK
0.320 Acknowledged seq: 276657897
0.320 Assembling: source: 24854, dest: 24687, seq: 276659345, ack: 18, window: 1448, data: "his duis graeco "...
0.320 Sent: b'a\x16`o\x10}|\x91\x00\x00\x00\x12P\x00\x05\xa8\x00\x00\x00\x00his duis graeco '...
0.322 Received: b'`oa\x16\x00\x00\x00\x11\x10}\x829P\x10\x05\xa8\x00\x00\x00\x00'
0.322 Disassembled: source: 24687, dest: 24854, seq: 17, ack: 276660793, window: 1448, ACK
0.322 Acknowledged seq: 276659345
0.322 Assembling: source: 24854, dest: 24687, seq: 276660793, ack: 18, window: 1448, data: "am. Alia possit "...
0.322 Sent: b'a\x16`o\x10}\x829\x00\x00\x00\x12P\x00\x05\xa8\x00\x00\x00\x00am. Alia possit '...
0.324 Received: b'`oa\x16\x00\x00\x00\x11\x10}\x87\xe1P\x10\x05\xa8\x00\x00\x00\x00'
0.324 Disassembled: source: 24687, dest: 24854, seq: 17, ack: 276662241, window: 1448, ACK
0.324 Acknowledged seq: 276660793
0.325 Assembling: source: 24854, dest: 24687, seq: 276662241, ack: 18, window: 1448, data: "cum an. Mei faci"...
0.325 Sent: b'a\x16`o\x10}\x87\xe1\x00\x00\x00\x12P\x00\x05\xa8\x00\x00\x00\x00cum an. Mei faci'...
0.326 Received: b'`oa\x16\x00\x00\x00\x11\x10}\x8d\x89P\x10\x05\xa8\x00\x00\x00\x00'
0.327 Disassembled: source: 24687, dest: 24854, seq: 17, ack: 276663689, window: 1448, ACK
0.327 Acknowledged seq: 276662241
0.327 Assembling: source: 24854, dest: 24687, seq: 276663689, ack: 18, window: 1448, data: " vis adhuc tatio"...
0.327 Sent: b'a\x16`o\x10}\x8d\x89\x00\x00\x00\x12P\x00\x05\xa8\x00\x00\x00\x00 vis adhuc tatio'...
0.329 Received: b'`oa\x16\x00\x00\x00\x11\x10}\x931P\x10\x05\xa8\x00\x00\x00\x00'
0.329 Disassembled: source: 24687, dest: 24854, seq: 17, ack: 276665137, window: 1448, ACK
0.329 Acknowledged seq: 276663689
0.329 Assembling: source: 24854, dest: 24687, seq: 276665137, ack: 18, window: 1448, data: "im eu option iuv"...
0.330 Sent: b'a\x16`o\x10}\x931\x00\x00\x00\x12P\x00\x05\xa8\x00\x00\x00\x00im eu option iuv'...
0.331 Received: b'`oa\x16\x00\x00\x00\x11\x10}\x98\xd9P\x10\x05\xa8\x00\x00\x00\x00'
0.331 Disassembled: source: 24687, dest: 24854, seq: 17, ack: 276666585, window: 1448, ACK
0.332 Acknowledged seq: 276665137
0.332 Assembling: source: 24854, dest: 24687, seq: 276666585, ack: 18, window: 1448, data: "ex epicurei taci"...
0.332 Sent: b'a\x16`o\x10}\x98\xd9\x00\x00\x00\x12P\x00\x05\xa8\x00\x00\x00\x00ex epicurei taci'...
0.334 Received: b'`oa\x16\x00\x00\x00\x11\x10}\x9e\x81P\x10\x05\xa8\x00\x00\x00\x00'
0.334 Disassembled: source: 24687, dest: 24854, seq: 17, ack: 276668033, window: 1448, ACK
0.334 Acknowledged seq: 276666585
0.334 Assembling: source: 24854, dest: 24687, seq: 276668033, ack: 18, window: 1448, data: "ebat, eu pro ero"...
0.334 Sent: b'a\x16`o\x10}\x9e\x81\x00\x00\x00\x12P\x00\x05\xa8\x00\x00\x00\x00ebat, eu pro ero'...
0.336 Received: b'`oa\x16\x00\x00\x00\x11\x10}\xa4)P\x10\x05\xa8\x00\x00\x00\x00'
0.336 Disassembled: source: 24687, dest: 24854, seq: 17, ack: 276669481, window: 1448, ACK
0.336 Acknowledged seq: 276668033
0.336 Assembling: source: 24854, dest: 24687, seq: 276669481, ack: 18, window: 1448, data: "s. Per no sale v"...
0.337 Sent: b'a\x16`o\x10}\xa4)\x00\x00\x00\x12P\x00\x05\xa8\x00\x00\x00\x00s. Per no sale v'...
0.338 Received: b'`oa\x16\x00\x00\x00\x11\x10}\xa9\xd1P\x10\x05\xa8\x00\x00\x00\x00'
0.338 Disassembled: source: 24687, dest: 24854, seq: 17, ack: 276670929, window: 1448, ACK
0.338 Acknowledged seq: 276669481
0.339 Assembling: source: 24854, dest: 24687, seq: 276670929, ack: 18, window: 1448, data: "orrupte ea mel. "...
0.339 Sent: b'a\x16`o\x10}\xa9\xd1\x00\x00\x00\x12P\x00\x05\xa8\x00\x00\x00\x00orrupte ea mel. '...
0.341 Received: b'`oa\x16\x00\x00\x00\x11\x10}\xafyP\x10\x05\xa8\x00\x00\x00\x00'
0.341 Disassembled: source: 24687, dest: 24854, seq: 17, ack: 276672377, window: 1448, ACK
0.341 Acknowledged seq: 276670929
0.341 Assembling: source: 24854, dest: 24687, seq: 276672377, ack: 18, window: 1448, data: ". Est iracundia "...
0.341 Sent: b'a\x16`o\x10}\xafy\x00\x00\x00\x12P\x00\x05\xa8\x00\x00\x00\x00. Est iracundia '...
0.343 Received: b'`oa\x16\x00\x00\x00\x11\x10}\xb5!P\x10\x05\xa8\x00\x00\x00\x00'
0.343 Disassembled: source: 24687, dest: 24854, seq: 17, ack: 276673825, window: 1448, ACK
0.343 Acknowledged seq: 276672377
0.343 Assembling: source: 24854, dest: 24687, seq: 276673825, ack: 18, window: 1448, data: "pta probatus scr"...
0.344 Sent: b'a\x16`o\x10}\xb5!\x00\x00\x00\x12P\x00\x05\xa8\x00\x00\x00\x00pta probatus scr'...
0.345 Received: b'`oa\x16\x00\x00\x00\x11\x10}\xba\xc9P\x10\x05\xa8\x00\x00\x00\x00'
0.345 Disassembled: source: 24687, dest: 24854, seq: 17, ack: 276675273, window: 1448, ACK
0.346 Acknowledged seq: 276673825
0.346 Assembling: source: 24854, dest: 24687, seq: 276675273, ack: 18, window: 1448, data: "entur ei, pro ei"...
0.346 Sent: b'a\x16`o\x10}\xba\xc9\x00\x00\x00\x12P\x00\x05\xa8\x00\x00\x00\x00entur ei, pro ei'...
0.348 Received: b'`oa\x16\x00\x00\x00\x11\x10}\xc0qP\x10\x05\xa8\x00\x00\x00\x00'
0.348 Disassembled: source: 24687, dest: 24854, seq: 17, ack: 276676721, window: 1448, ACK
0.348 Acknowledged seq: 276675273
0.348 Assembling: source: 24854, dest: 24687, seq: 276676721, ack: 18, window: 1448, data: "simul euismod vi"...
0.348 Sent: b'a\x16`o\x10}\xc0q\x00\x00\x00\x12P\x00\x05\xa8\x00\x00\x00\x00simul euismod vi'...
0.350 Received: b'`oa\x16\x00\x00\x00\x11\x10}\xc6\x19P\x10\x05\xa8\x00\x00\x00\x00'
0.350 Disassembled: source: 24687, dest: 24854, seq: 17, ack: 276678169, window: 1448, ACK
0.350 Acknowledged seq: 276676721
0.350 Assembling: source: 24854, dest: 24687, seq: 276678169, ack: 18, window: 1448, data: ", eam id iudico "...
0.351 Sent: b'a\x16`o\x10}\xc6\x19\x00\x00\x00\x12P\x00\x05\xa8\x00\x00\x00\x00, eam id iudico '...
0.352 Received: b'`oa\x16\x00\x00\x00\x11\x10}\xcb\xc1P\x10\x05\xa8\x00\x00\x00\x00'
0.353 Disassembled: source: 24687, dest: 24854, seq: 17, ack: 276679617, window: 1448, ACK
0.353 Acknowledged seq: 276678169
0.353 Assembling: source: 24854, dest: 24687, seq: 276679617, ack: 18, window: 1448, data: "m vix. Ea est mu"...
0.353 Sent: b'a\x16`o\x10}\xcb\xc1\x00\x00\x00\x12P\x00\x05\xa8\x00\x00\x00\x00m vix. Ea est mu'...
0.355 Received: b'`oa\x16\x00\x00\x00\x11\x10}\xd1iP\x10\x05\xa8\x00\x00\x00\x00'
0.355 Disassembled: source: 24687, dest: 24854, seq: 17, ack: 276681065, window: 1448, ACK
0.355 Acknowledged seq: 276679617
0.355 Assembling: source: 24854, dest: 24687, seq: 276681065, ack: 18, window: 1448, data: "olor sit amet, e"...
0.355 Sent: b'a\x16`o\x10}\xd1i\x00\x00\x00\x12P\x00\x05\xa8\x00\x00\x00\x00olor sit amet, e'...
0.357 Received: b'`oa\x16\x00\x00\x00\x11\x10}\xd7\x11P\x10\x05\xa8\x00\x00\x00\x00'
0.357 Disassembled: source: 24687, dest: 24854, seq: 17, ack: 276682513, window: 1448, ACK
0.357 Acknowledged seq: 276681065
0.357 Assembling: source: 24854, dest: 24687, seq: 276682513, ack: 18, window: 1448, data: "m, aperiam iudic"...
0.358 Sent: b'a\x16`o\x10}\xd7\x11\x00\x00\x00\x12P\x00\x05\xa8\x00\x00\x00\x00m, aperiam iudic'...
0.359 Received: b'`oa\x16\x00\x00\x00\x11\x10}\xdc\xb9P\x10\x05\xa8\x00\x00\x00\x00'
0.360 Disassembled: source: 24687, dest: 24854, seq: 17, ack: 276683961, window: 1448, ACK
0.360 Acknowledged seq: 276682513
0.360 Assembling: source: 24854, dest: 24687, seq: 276683961, ack: 18, window: 1448, data: "re sea. No eos d"...
0.360 Sent: b'a\x16`o\x10}\xdc\xb9\x00\x00\x00\x12P\x00\x05\xa8\x00\x00\x00\x00re sea. No eos d'...
0.362 Received: b'`oa\x16\x00\x00\x00\x11\x10}\xe2aP\x10\x05\xa8\x00\x00\x00\x00'
0.362 Disassembled: source: 24687, dest: 24854, seq: 17, ack: 276685409, window: 1448, ACK
0.362 Acknowledged seq: 276683961
0.362 Assembling: source: 24854, dest: 24687, seq: 276685409, ack: 18, window: 1448, data: "t scripta philos"...
0.362 Sent: b'a\x16`o\x10}\xe2a\x00\x00\x00\x12P\x00\x05\xa8\x00\x00\x00\x00t scripta philos'...
0.364 Received: b'`oa\x16\x00\x00\x00\x11\x10}\xe8\tP\x10\x05\xa8\x00\x00\x00\x00'
0.364 Disassembled: source: 24687, dest: 24854, seq: 17, ack: 276686857, window: 1448, ACK
0.364 Acknowledged seq: 276685409
0.365 Assembling: source: 24854, dest: 24687, seq: 276686857, ack: 18, window: 1448, data: "tos sadipscing e"...
0.365 Sent: b'a\x16`o\x10}\xe8\t\x00\x00\x00\x12P\x00\x05\xa8\x00\x00\x00\x00tos sadipscing e'...
0.367 Received: b'`oa\x16\x00\x00\x00\x11\x10}\xed\xb1P\x10\x05\xa8\x00\x00\x00\x00'
0.367 Disassembled: source: 24687, dest: 24854, seq: 17, ack: 276688305, window: 1448, ACK
0.367 Acknowledged seq: 276686857
0.367 Assembling: source: 24854, dest: 24687, seq: 276688305, ack: 18, window: 1448, data: "sapientem ea, ad"...
0.367 Sent: b'a\x16`o\x10}\xed\xb1\x00\x00\x00\x12P\x00\x05\xa8\x00\x00\x00\x00sapientem ea, ad'...
0.369 Received: b'`oa\x16\x00\x00\x00\x11\x10}\xf3YP\x10\x05\xa8\x00\x00\x00\x00'
0.369 Disassembled: source: 24687, dest: 24854, seq: 17, ack: 276689753, window: 1448, ACK
0.369 Acknowledged seq: 276688305
0.369 Assembling: source: 24854, dest: 24687, seq: 276689753, ack: 18, window: 1448, data: "g, ei invenire p"...
0.370 Sent: b'a\x16`o\x10}\xf3Y\x00\x00\x00\x12P\x00\x05\xa8\x00\x00\x00\x00g, ei invenire p'...
0.371 Received: b'`oa\x16\x00\x00\x00\x11\x10}\xf9\x01P\x10\x05\xa8\x00\x00\x00\x00'
0.371 Disassembled: source: 24687, dest: 24854, seq: 17, ack: 276691201, window: 1448, ACK
0.372 Acknowledged seq: 276689753
0.372 Assembling: source: 24854, dest: 24687, seq: 276691201, ack: 18, window: 1448, data: "endo at. Qui id "...
0.372 Sent: b'a\x16`o\x10}\xf9\x01\x00\x00\x00\x12P\x00\x05\xa8\x00\x00\x00\x00endo at. Qui id '...
0.374 Received: b'`oa\x16\x00\x00\x00\x11\x10}\xfe\xa9P\x10\x05\xa8\x00\x00\x00\x00'
0.374 Disassembled: source: 24687, dest: 24854, seq: 17, ack: 276692649, window: 1448, ACK
0.374 Acknowledged seq: 276691201
0.374 Assembling: source: 24854, dest: 24687, seq: 276692649, ack: 18, window: 1448, data: "ota nostrum et p"...
0.374 Sent: b'a\x16`o\x10}\xfe\xa9\x00\x00\x00\x12P\x00\x05\xa8\x00\x00\x00\x00ota nostrum et p'...
0.376 Received: b'`oa\x16\x00\x00\x00\x11\x10~\x04QP\x10\x05\xa8\x00\x00\x00\x00'
0.376 Disassembled: source: 24687, dest: 24854, seq: 17, ack: 276694097, window: 1448, ACK
0.376 Acknowledged seq: 276692649
0.376 Assembling: source: 24854, dest: 24687, seq: 276694097, ack: 18, window: 1448, data: "deseruisse id. P"...
0.377 Sent: b'a\x16`o\x10~\x04Q\x00\x00\x00\x12P\x00\x05\xa8\x00\x00\x00\x00deseruisse id. P'...
0.378 Received: b'`oa\x16\x00\x00\x00\x11\x10~\t\xf9P\x10\x05\xa8\x00\x00\x00\x00'
0.378 Disassembled: source: 24687, dest: 24854, seq: 17, ack: 276695545, window: 1448, ACK
0.379 Acknowledged seq: 276694097
0.379 Assembling: source: 24854, dest: 24687, seq: 276695545, ack: 18, window: 1448, data: "odo munere imper"...
0.379 Sent: b'a\x16`o\x10~\t\xf9\x00\x00\x00\x12P\x00\x05\xa8\x00\x00\x00\x00odo munere imper'...
0.381 Received: b'`oa\x16\x00\x00\x00\x11\x10~\x0f\xa1P\x10\x05\xa8\x00\x00\x00\x00'
0.381 Disassembled: source: 24687, dest: 24854, seq: 17, ack: 276696993, window: 1448, ACK
0.381 Acknowledged seq: 276695545
0.381 Assembling: source: 24854, dest: 24687, seq: 276696993, ack: 18, window: 1448, data: "cimates cum, tib"...
0.381 Sent: b'a\x16`o\x10~\x0f\xa1\x00\x00\x00\x12P\x00\x05\xa8\x00\x00\x00\x00cimates cum, tib'...
0.383 Received: b'`oa\x16\x00\x00\x00\x11\x10~\x15IP\x10\x05\xa8\x00\x00\x00\x00'
0.383 Disassembled: source: 24687, dest: 24854, seq: 17, ack: 276698441, window: 1448, ACK
0.383 Acknowledged seq: 276696993
0.383 Assembling: source: 24854, dest: 24687, seq: 276698441, ack: 18, window: 1448, data: "tiopam molestiae"...
0.384 Sent: b'a\x16`o\x10~\x15I\x00\x00\x00\x12P\x00\x05\xa8\x00\x00\x00\x00tiopam molestiae'...
0.385 Received: b'`oa\x16\x00\x00\x00\x11\x10~\x1a\xf1P\x10\x05\xa8\x00\x00\x00\x00'
0.386 Disassembled: source: 24687, dest: 24854, seq: 17, ack: 276699889, window: 1448, ACK
0.386 Acknowledged seq: 276698441
0.386 Assembling: source: 24854, dest: 24687, seq: 276699889, ack: 18, window: 1448, data: "possim qui no, v"...
0.386 Sent: b'a\x16`o\x10~\x1a\xf1\x00\x00\x00\x12P\x00\x05\xa8\x00\x00\x00\x00possim qui no, v'...
0.388 Received: b'`oa\x16\x00\x00\x00\x11\x10~ \x99P\x10\x05\xa8\x00\x00\x00\x00'
0.388 Disassembled: source: 24687, dest: 24854, seq: 17, ack: 276701337, window: 1448, ACK
0.388 Acknowledged seq: 276699889
0.388 Assembling: source: 24854, dest: 24687, seq: 276701337, ack: 18, window: 1448, data: " ex utinam parti"...
0.388 Sent: b'a\x16`o\x10~ \x99\x00\x00\x00\x12P\x00\x05\xa8\x00\x00\x00\x00 ex utinam parti'...
0.390 Received: b'`oa\x16\x00\x00\x00\x11\x10~&AP\x10\x05\xa8\x00\x00\x00\x00'
0.390 Disassembled: source: 24687, dest: 24854, seq: 17, ack: 276702785, window: 1448, ACK
0.390 Acknowledged seq: 276701337
0.390 Assembling: source: 24854, dest: 24687, seq: 276702785, ack: 18, window: 1448, data: "icus in his. Pri"...
0.391 Sent: b'a\x16`o\x10~&A\x00\x00\x00\x12P\x00\x05\xa8\x00\x00\x00\x00icus in his. Pri'...
0.392 Received: b'`oa\x16\x00\x00\x00\x11\x10~+\xe9P\x10\x05\xa8\x00\x00\x00\x00'
0.393 Disassembled: source: 24687, dest: 24854, seq: 17, ack: 276704233, window: 1448, ACK
0.393 Acknowledged seq: 276702785
0.393 Assembling: source: 24854, dest: 24687, seq: 276704233, ack: 18, window: 1448, data: "iis et.

Ius cu "...
0.393 Sent: b'a\x16`o\x10~+\xe9\x00\x00\x00\x12P\x00\x05\xa8\x00\x00\x00\x00iis et.\n\nIus cu '...
0.395 Received: b'`oa\x16\x00\x00\x00\x11\x10~1\x91P\x10\x05\xa8\x00\x00\x00\x00'
0.395 Disassembled: source: 24687, dest: 24854, seq: 17, ack: 276705681, window: 1448, ACK
0.395 Acknowledged seq: 276704233
0.395 Assembling: source: 24854, dest: 24687, seq: 276705681, ack: 18, window: 1448, data: "e interesset.

T"...
0.396 Sent: b'a\x16`o\x10~1\x91\x00\x00\x00\x12P\x00\x05\xa8\x00\x00\x00\x00e interesset.\n\nT'...
0.397 Received: b'`oa\x16\x00\x00\x00\x11\x10~79P\x10\x05\xa8\x00\x00\x00\x00'
0.397 Disassembled: source: 24687, dest: 24854, seq: 17, ack: 276707129, window: 1448, ACK
0.397 Acknowledged seq: 276705681
0.398 Assembling: source: 24854, dest: 24687, seq: 276707129, ack: 18, window: 1448, data: "pro alia volutpa"...
0.398 Sent: b'a\x16`o\x10~79\x00\x00\x00\x12P\x00\x05\xa8\x00\x00\x00\x00pro alia volutpa'...
0.399 Received: b'`oa\x16\x00\x00\x00\x11\x10~<\xe1P\x10\x05\xa8\x00\x00\x00\x00'
0.400 Disassembled: source: 24687, dest: 24854, seq: 17, ack: 276708577, window: 1448, ACK
0.400 Acknowledged seq: 276707129
0.400 Assembling: source: 24854, dest: 24687, seq: 276708577, ack: 18, window: 1448, data: " libris equidem "...
0.400 Sent: b'a\x16`o\x10~<\xe1\x00\x00\x00\x12P\x00\x05\xa8\x00\x00\x00\x00 libris equidem '...
0.402 Received: b'`oa\x16\x00\x00\x00\x11\x10~B\x89P\x10\x05\xa8\x00\x00\x00\x00'
0.402 Disassembled: source: 24687, dest: 24854, seq: 17, ack: 276710025, window: 1448, ACK
0.402 Acknowledged seq: 276708577
0.402 Assembling: source: 24854, dest: 24687, seq: 276710025, ack: 18, window: 1448, data: "uavitate volupta"...
0.402 Sent: b'a\x16`o\x10~B\x89\x00\x00\x00\x12P\x00\x05\xa8\x00\x00\x00\x00uavitate volupta'...
0.404 Received: b'`oa\x16\x00\x00\x00\x11\x10~H1P\x10\x05\xa8\x00\x00\x00\x00'
0.404 Disassembled: source: 24687, dest: 24854, seq: 17, ack: 276711473, window: 1448, ACK
0.404 Acknowledged seq: 276710025
0.405 Assembling: source: 24854, dest: 24687, seq: 276711473, ack: 18, window: 1448, data: " Detraxit defini"...
0.405 Sent: b'a\x16`o\x10~H1\x00\x00\x00\x12P\x00\x05\xa8\x00\x00\x00\x00 Detraxit defini'...
0.407 Received: b'`oa\x16\x00\x00\x00\x11\x10~M\xd9P\x10\x05\xa8\x00\x00\x00\x00'
0.407 Disassembled: source: 24687, dest: 24854, seq: 17, ack: 276712921, window: 1448, ACK
0.407 Acknowledged seq: 276711473
0.407 Assembling: source: 24854, dest: 24687, seq: 276712921, ack: 18, window: 1448, data: "aesent mei. Quo "...
0.407 Sent: b'a\x16`o\x10~M\xd9\x00\x00\x00\x12P\x00\x05\xa8\x00\x00\x00\x00aesent mei. Quo '...
0.409 Received: b'`oa\x16\x00\x00\x00\x11\x10~S\x81P\x10\x05\xa8\x00\x00\x00\x00'
0.409 Disassembled: source: 24687, dest: 24854, seq: 17, ack: 276714369, window: 1448, ACK
0.409 Acknowledged seq: 276712921
0.409 Assembling: source: 24854, dest: 24687, seq: 276714369, ack: 18, window: 1448, data: "nterpretaris no "...
0.410 Sent: b'a\x16`o\x10~S\x81\x00\x00\x00\x12P\x00\x05\xa8\x00\x00\x00\x00nterpretaris no '...
0.411 Received: b'`oa\x16\x00\x00\x00\x11\x10~Y)P\x10\x05\xa8\x00\x00\x00\x00'
0.411 Disassembled: source: 24687, dest: 24854, seq: 17, ack: 276715817, window: 1448, ACK
0.411 Acknowledged seq: 276714369
0.412 Assembling: source: 24854, dest: 24687, seq: 276715817, ack: 18, window: 1448, data: "patrioque has. I"...
0.412 Sent: b'a\x16`o\x10~Y)\x00\x00\x00\x12P\x00\x05\xa8\x00\x00\x00\x00patrioque has. I'...
0.414 Received: b'`oa\x16\x00\x00\x00\x11\x10~^\xd1P\x10\x05\xa8\x00\x00\x00\x00'
0.414 Disassembled: source: 24687, dest: 24854, seq: 17, ack: 276717265, window: 1448, ACK
0.414 Acknowledged seq: 276715817
0.414 Assembling: source: 24854, dest: 24687, seq: 276717265, ack: 18, window: 1448, data: "ossit repudianda"...
0.414 Sent: b'a\x16`o\x10~^\xd1\x00\x00\x00\x12P\x00\x05\xa8\x00\x00\x00\x00ossit repudianda'...
0.416 Received: b'`oa\x16\x00\x00\x00\x11\x10~dyP\x10\x05\xa8\x00\x00\x00\x00'
0.416 Disassembled: source: 24687, dest: 24854, seq: 17, ack: 276718713, window: 1448, ACK
0.416 Acknowledged seq: 276717265
0.417 Assembling: source: 24854, dest: 24687, seq: 276718713, ack: 18, window: 1448, data: "ora consequuntur"...
0.417 Sent: b'a\x16`o\x10~dy\x00\x00\x00\x12P\x00\x05\xa8\x00\x00\x00\x00ora consequuntur'...
0.419 Received: b'`oa\x16\x00\x00\x00\x11\x10~j!P\x10\x05\xa8\x00\x00\x00\x00'
0.419 Disassembled: source: 24687, dest: 24854, seq: 17, ack: 276720161, window: 1448, ACK
0.419 Acknowledged seq: 276718713
0.419 Assembling: source: 24854, dest: 24687, seq: 276720161, ack: 18, window: 1448, data: "ctus conceptam a"...
0.419 Sent: b'a\x16`o\x10~j!\x00\x00\x00\x12P\x00\x05\xa8\x00\x00\x00\x00ctus conceptam a'...
0.421 Received: b'`oa\x16\x00\x00\x00\x11\x10~o\xc9P\x10\x05\xa8\x00\x00\x00\x00'
0.421 Disassembled: source: 24687, dest: 24854, seq: 17, ack: 276721609, window: 1448, ACK
0.422 Acknowledged seq: 276720161
0.422 Assembling: source: 24854, dest: 24687, seq: 276721609, ack: 18, window: 1448, data: " aeterno te, ne "...
0.422 Sent: b'a\x16`o\x10~o\xc9\x00\x00\x00\x12P\x00\x05\xa8\x00\x00\x00\x00 aeterno te, ne '...
0.424 Received: b'`oa\x16\x00\x00\x00\x11\x10~uqP\x10\x05\xa8\x00\x00\x00\x00'
0.424 Disassembled: source: 24687, dest: 24854, seq: 17, ack: 276723057, window: 1448, ACK
0.424 Acknowledged seq: 276721609
0.424 Assembling: source: 24854, dest: 24687, seq: 276723057, ack: 18, window: 1448, data: "imis oporteat di"...
0.425 Sent: b'a\x16`o\x10~uq\x00\x00\x00\x12P\x00\x05\xa8\x00\x00\x00\x00imis oporteat di'...
0.426 Received: b'`oa\x16\x00\x00\x00\x11\x10~{\x19P\x10\x05\xa8\x00\x00\x00\x00'
0.426 Disassembled: source: 24687, dest: 24854, seq: 17, ack: 276724505, window: 1448, ACK
0.427 Acknowledged seq: 276723057
0.427 Assembling: source: 24854, dest: 24687, seq: 276724505, ack: 18, window: 1448, data: "re. Has virtute "...
0.427 Sent: b'a\x16`o\x10~{\x19\x00\x00\x00\x12P\x00\x05\xa8\x00\x00\x00\x00re. Has virtute '...
0.429 Received: b'`oa\x16\x00\x00\x00\x11\x10~\x80\xc1P\x10\x05\xa8\x00\x00\x00\x00'
0.429 Disassembled: source: 24687, dest: 24854, seq: 17, ack: 276725953, window: 1448, ACK
0.429 Acknowledged seq: 276724505
0.429 Assembling: source: 24854, dest: 24687, seq: 276725953, ack: 18, window: 1448, data: " eum ancillae no"...
0.430 Sent: b'a\x16`o\x10~\x80\xc1\x00\x00\x00\x12P\x00\x05\xa8\x00\x00\x00\x00 eum ancillae no'...
0.431 Received: b'`oa\x16\x00\x00\x00\x11\x10~\x86iP\x10\x05\xa8\x00\x00\x00\x00'
0.431 Disassembled: source: 24687, dest: 24854, seq: 17, ack: 276727401, window: 1448, ACK
0.432 Acknowledged seq: 276725953
0.432 Assembling: source: 24854, dest: 24687, seq: 276727401, ack: 18, window: 1448, data: "ppareat ius. At "...
0.432 Sent: b'a\x16`o\x10~\x86i\x00\x00\x00\x12P\x00\x05\xa8\x00\x00\x00\x00ppareat ius. At '...
0.434 Received: b'`oa\x16\x00\x00\x00\x11\x10~\x8c\x11P\x10\x05\xa8\x00\x00\x00\x00'
0.434 Disassembled: source: 24687, dest: 24854, seq: 17, ack: 276728849, window: 1448, ACK
0.434 Acknowledged seq: 276727401
0.434 Assembling: source: 24854, dest: 24687, seq: 276728849, ack: 18, window: 1448, data: ", vero appellant"...
0.435 Sent: b'a\x16`o\x10~\x8c\x11\x00\x00\x00\x12P\x00\x05\xa8\x00\x00\x00\x00, vero appellant'...
0.436 Received: b'`oa\x16\x00\x00\x00\x11\x10~\x91\xb9P\x10\x05\xa8\x00\x00\x00\x00'
0.436 Disassembled: source: 24687, dest: 24854, seq: 17, ack: 276730297, window: 1448, ACK
0.437 Acknowledged seq: 276728849
0.437 Assembling: source: 24854, dest: 24687, seq: 276730297, ack: 18, window: 1448, data: "ibo quando copio"...
0.437 Sent: b'a\x16`o\x10~\x91\xb9\x00\x00\x00\x12P\x00\x05\xa8\x00\x00\x00\x00ibo quando copio'...
0.439 Received: b'`oa\x16\x00\x00\x00\x11\x10~\x97aP\x10\x05\xa8\x00\x00\x00\x00'
0.439 Disassembled: source: 24687, dest: 24854, seq: 17, ack: 276731745, window: 1448, ACK
0.439 Acknowledged seq: 276730297
0.439 Assembling: source: 24854, dest: 24687, seq: 276731745, ack: 18, window: 1448, data: " maluisset. Sit "...
0.439 Sent: b'a\x16`o\x10~\x97a\x00\x00\x00\x12P\x00\x05\xa8\x00\x00\x00\x00 maluisset. Sit '...
0.441 Received: b'`oa\x16\x00\x00\x00\x11\x10~\x9d\tP\x10\x05\xa8\x00\x00\x00\x00'
0.441 Disassembled: source: 24687, dest: 24854, seq: 17, ack: 276733193, window: 1448, ACK
0.442 Acknowledged seq: 276731745
0.442 Assembling: source: 24854, dest: 24687, seq: 276733193, ack: 18, window: 1448, data: "e ceteros albuci"...
0.442 Sent: b'a\x16`o\x10~\x9d\t\x00\x00\x00\x12P\x00\x05\xa8\x00\x00\x00\x00e ceteros albuci'...
0.444 Received: b'`oa\x16\x00\x00\x00\x11\x10~\xa2\xb1P\x10\x05\xa8\x00\x00\x00\x00'
0.444 Disassembled: source: 24687, dest: 24854, seq: 17, ack: 276734641, window: 1448, ACK
0.444 Acknowledged seq: 276733193
0.444 Assembling: source: 24854, dest: 24687, seq: 276734641, ack: 18, window: 1448, data: "complectitur sea"...
0.445 Sent: b'a\x16`o\x10~\xa2\xb1\x00\x00\x00\x12P\x00\x05\xa8\x00\x00\x00\x00complectitur sea'...
0.446 Received: b'`oa\x16\x00\x00\x00\x11\x10~\xa8YP\x10\x05\xa8\x00\x00\x00\x00'
0.446 Disassembled: source: 24687, dest: 24854, seq: 17, ack: 276736089, window: 1448, ACK
0.447 Acknowledged seq: 276734641
0.447 Finished reading file
0.447 Assembling: source: 24854, dest: 24687, seq: 276736089, ack: 18, window: 1448, data: "tempor ex ius. E"...
0.447 Sent: b'a\x16`o\x10~\xa8Y\x00\x00\x00\x12P\x00\x05\xa8\x00\x00\x00\x00tempor ex ius. E'...
0.449 Received: b'`oa\x16\x00\x00\x00\x11\x10~\xa8\xb7P\x10\x05\xa8\x00\x00\x00\x00'
0.449 Disassembled: source: 24687, dest: 24854, seq: 17, ack: 276736183, window: 1448, ACK
0.449 Acknowledged seq: 276736089
0.449 Assembling: source: 24854, dest: 24687, seq: 276736183, ack: 18, window: 1448, ACK, FIN
0.450 Sent: b'a\x16`o\x10~\xa8\xb7\x00\x00\x00\x12P\x11\x05\xa8\x00\x00\x00\x00'
0.450 Received: b'`oa\x16\x00\x00\x00\x11\x10~\xa8\xb7P\x01\x05\xa8\x00\x00\x00\x00'
0.450 Disassembled: source: 24687, dest: 24854, seq: 17, ack: 276736183, window: 1448, FIN
0.450 Error: Responses must be acknowledgements
0.950 Sent: b'a\x16`o\x10~\xa8\xb7\x00\x00\x00\x12P\x11\x05\xa8\x00\x00\x00\x00'
0.952 Received: b'`oa\x16\x00\x00\x00\x12\x10~\xa8\xb9P\x10\x05\xa8\x00\x00\x00\x00'
0.953 Disassembled: source: 24687, dest: 24854, seq: 18, ack: 276736185, window: 1448, ACK
0.953 Error: Acknowledgement number too high
0.954 Received: b'`oa\x16\x00\x00\x00\x12\x10~\xa8\xb9P\x10\x05\xa8\x00\x00\x00\x00'
0.954 Disassembled: source: 24687, dest: 24854, seq: 18, ack: 276736185, window: 1448, ACK
0.955 Error: Acknowledgement number too high
1.450 Sent: b'a\x16`o\x10~\xa8\xb7\x00\x00\x00\x12P\x11\x05\xa8\x00\x00\x00\x00'
1.951 Sent: b'a\x16`o\x10~\xa8\xb7\x00\x00\x00\x12P\x11\x05\xa8\x00\x00\x00\x00'
2.451 Sent: b'a\x16`o\x10~\xa8\xb7\x00\x00\x00\x12P\x11\x05\xa8\x00\x00\x00\x00'
2.951 Sent: b'a\x16`o\x10~\xa8\xb7\x00\x00\x00\x12P\x11\x05\xa8\x00\x00\x00\x00'
3.452 Error: Connection timed out
3.452 Closed connection
3.457 Shutting down
