0.000 NEW RUN: Server, TEST: Write_file__Common_drops
0.209 Received: b'Q\xbc\x9e\x17\x00\x00\x00;\x00\x00\x00\x00P\x02\x05\xa8\x00\x00\x00\x00'
0.210 Disassembled: source: 20924, dest: 40471, seq: 59, window: 1448, SYN
0.210 SYN accepted; new connection: 127.0.0.1 on port 20924
0.210 Assembling: source: 40471, dest: 20924, seq: 331405699, ack: 60, window: 5808, ACK, SYN
0.211 Failed to send packet
0.711 Failed to send packet
1.211 Failed to send packet
1.712 Failed to send packet
2.212 Sent: b'\x9e\x17Q\xbc\x13\xc0\xd9\x83\x00\x00\x00<P\x12\x16\xb0\x00\x00\x00\x00'
2.216 Received: b'Q\xbc\x9e\x17\x00\x00\x00<\x13\xc0\xd9\x84P\x10\x16\xb0\x00\x00\x00\x00'
2.216 Disassembled: source: 20924, dest: 40471, seq: 60, ack: 331405700, window: 5808, ACK
2.216 Assembling: source: 40471, dest: 20924, seq: 331405700, ack: 60, window: 5808, ACK
2.217 Sent: b'\x9e\x17Q\xbc\x13\xc0\xd9\x84\x00\x00\x00<P\x10\x16\xb0\x00\x00\x00\x00'
2.218 Failed to receive packet
2.221 Failed to receive packet
2.717 Failed to send packet
3.217 Sent: b'\x9e\x17Q\xbc\x13\xc0\xd9\x84\x00\x00\x00<P\x10\x16\xb0\x00\x00\x00\x00'
3.718 Failed to send packet
4.218 Sent: b'\x9e\x17Q\xbc\x13\xc0\xd9\x84\x00\x00\x00<P\x10\x16\xb0\x00\x00\x00\x00'
4.719 Error: Connection timed out
4.719 Closed connection
4.723 Shutting down
