0.000 NEW RUN: Server, TEST: Write_file__Relaxed
0.209 Received: b'R\xb0\xf7\xbe\x00\x00\x00\x14\x00\x00\x00\x00P\x02\x05\xa8\x00\x00\x00\x00'
0.210 Disassembled: source: 21168, dest: 63422, seq: 20, window: 1448, SYN
0.211 SYN accepted; new connection: 127.0.0.1 on port 21168
0.211 Assembling: source: 63422, dest: 21168, seq: 270386409, ack: 21, window: 5808, ACK, SYN
0.211 Sent: b'\xf7\xbeR\xb0\x10\x1d\xc4\xe9\x00\x00\x00\x15P\x12\x16\xb0\x00\x00\x00\x00'
0.213 Received: b'R\xb0\xf7\xbe\x00\x00\x00\x15\x10\x1d\xc4\xeaP\x10\x16\xb0\x00\x00\x00\x00'
0.213 Disassembled: source: 21168, dest: 63422, seq: 21, ack: 270386410, window: 5808, ACK
0.213 Assembling: source: 63422, dest: 21168, seq: 270386410, ack: 21, window: 5808, ACK
0.214 Sent: b'\xf7\xbeR\xb0\x10\x1d\xc4\xea\x00\x00\x00\x15P\x10\x16\xb0\x00\x00\x00\x00'
0.214 Received: b'R\xb0\xf7\xbe\x00\x00\x00\x15\x10\x1d\xc4\xeaP\x10\x16\xb0\x00\x00\x00\x00'
0.214 Disassembled: source: 21168, dest: 63422, seq: 21, ack: 270386410, window: 5808, ACK
0.214 Assembling: source: 63422, dest: 21168, seq: 270386410, ack: 21, window: 5808, ACK
0.215 Sent: b'\xf7\xbeR\xb0\x10\x1d\xc4\xea\x00\x00\x00\x15P\x10\x16\xb0\x00\x00\x00\x00'
0.215 Received: b'R\xb0\xf7\xbe\x00\x00\x00\x15\x10\x1d\xc4\xeaP\x01\x16\xb0\x00\x00\x00\x00'
0.215 Disassembled: source: 21168, dest: 63422, seq: 21, ack: 270386410, window: 5808, FIN
0.216 Error: Incorrect acknowledgement flag
0.715 Sent: b'\xf7\xbeR\xb0\x10\x1d\xc4\xea\x00\x00\x00\x15P\x10\x16\xb0\x00\x00\x00\x00'
1.216 Sent: b'\xf7\xbeR\xb0\x10\x1d\xc4\xea\x00\x00\x00\x15P\x10\x16\xb0\x00\x00\x00\x00'
1.716 Sent: b'\xf7\xbeR\xb0\x10\x1d\xc4\xea\x00\x00\x00\x15P\x10\x16\xb0\x00\x00\x00\x00'
2.217 Sent: b'\xf7\xbeR\xb0\x10\x1d\xc4\xea\x00\x00\x00\x15P\x10\x16\xb0\x00\x00\x00\x00'
2.717 Error: Connection timed out
2.717 Closed connection
2.718 Shutting down
