0.000 NEW RUN: Server, TEST: Read_file__Single_packet
0.219 Received: b'\xfa\xaf\x8e\xe6\x00\x00\x00P\x00\x00\x00\x00P\x02\x05\xa8\x00\x00\x00\x00'
0.220 Disassembled: source: 64175, dest: 36582, seq: 80, window: 1448, SYN
0.220 SYN accepted; new connection: 127.0.0.1 on port 64175
0.220 Assembling: source: 36582, dest: 64175, seq: 1116469678, ack: 81, window: 1448, ACK, SYN
0.221 Sent: b'\x8e\xe6\xfa\xafB\x8b\xf9\xae\x00\x00\x00QP\x12\x05\xa8\x00\x00\x00\x00'
0.222 Received: b'\xfa\xaf\x8e\xe6\x00\x00\x00QB\x8b\xf9\xafP\x10\x05\xa8\x00\x00\x00\x00'
0.222 Disassembled: source: 64175, dest: 36582, seq: 81, ack: 1116469679, window: 1448, ACK
0.223 Handshake complete
0.223 Acknowledged seq: 1116469678
0.223 Finished reading file
0.223 Assembling: source: 36582, dest: 64175, seq: 1116469679, ack: 82, window: 1448, data: "This file fits i"...
0.223 Sent: b'\x8e\xe6\xfa\xafB\x8b\xf9\xaf\x00\x00\x00RP\x00\x05\xa8\x00\x00\x00\x00This file fits i'...
0.224 Received: b'\xfa\xaf\x8e\xe6\x00\x00\x00QB\x8b\xf9\xdaP\x10\x05\xa8\x00\x00\x00\x00'
0.225 Disassembled: source: 64175, dest: 36582, seq: 81, ack: 1116469722, window: 1448, ACK
0.225 Acknowledged seq: 1116469679
0.225 Assembling: source: 36582, dest: 64175, seq: 1116469722, ack: 82, window: 1448, ACK, FIN
0.225 Sent: b'\x8e\xe6\xfa\xafB\x8b\xf9\xda\x00\x00\x00RP\x11\x05\xa8\x00\x00\x00\x00'
0.227 Received: b'\xfa\xaf\x8e\xe6\x00\x00\x00QB\x8b\xf9\xdbP\x10\x05\xa8\x00\x00\x00\x00'
0.227 Disassembled: source: 64175, dest: 36582, seq: 81, ack: 1116469723, window: 1448, ACK
0.227 FIN accepted; sending final packet
0.227 Assembling: source: 36582, dest: 64175, seq: 1116469723, ack: 82, window: 1448, ACK
0.227 Sent: b'\x8e\xe6\xfa\xafB\x8b\xf9\xdb\x00\x00\x00RP\x10\x05\xa8\x00\x00\x00\x00'
0.228 Closed connection
0.228 Shutting down
