0.000 NEW RUN: Server, TEST: Read_file__Very_large_multi-packet
0.224 Received: b'D\xb9r\xa7\x00\x00\x00\x17\x00\x00\x00\x00P\x02\x05\xa8\x00\x00\x00\x00'
0.224 Disassembled: source: 17593, dest: 29351, seq: 23, window: 1448, SYN
0.224 SYN accepted; new connection: 127.0.0.1 on port 17593
0.224 Assembling: source: 29351, dest: 17593, seq: 1191660098, ack: 24, window: 1448, ACK, SYN
0.225 Sent: b'r\xa7D\xb9G\x07JB\x00\x00\x00\x18P\x12\x05\xa8\x00\x00\x00\x00'
0.226 Received: b'D\xb9r\xa7\x00\x00\x00\x18G\x07JCP\x10\x05\xa8\x00\x00\x00\x00'
0.226 Disassembled: source: 17593, dest: 29351, seq: 24, ack: 1191660099, window: 1448, ACK
0.226 Handshake complete
0.226 Acknowledged seq: 1191660098
0.227 Assembling: source: 29351, dest: 17593, seq: 1191660099, ack: 25, window: 1448, data: b'@\x96o\xec!c\x93Z\xed\x08f\xcd}`>&'...
0.227 Sent: b'r\xa7D\xb9G\x07JC\x00\x00\x00\x19P\x00\x05\xa8\x00\x00\x00\x00@\x96o\xec!c\x93Z\xed\x08f\xcd}`>&'...
0.228 Received: b'D\xb9r\xa7\x00\x00\x00\x18G\x07O\xebP\x10\x05\xa8\x00\x00\x00\x00'
0.228 Disassembled: source: 17593, dest: 29351, seq: 24, ack: 1191661547, window: 1448, ACK
0.228 Acknowledged seq: 1191660099
0.229 Assembling: source: 29351, dest: 17593, seq: 1191661547, ack: 25, window: 1448, data: b'\xcf\xc8\x9b\xa1\xda\x8aQ^\xb7~?\xf6\xfd\xc6\xd2e'...
0.229 Sent: b'r\xa7D\xb9G\x07O\xeb\x00\x00\x00\x19P\x00\x05\xa8\x00\x00\x00\x00\xcf\xc8\x9b\xa1\xda\x8aQ^\xb7~?\xf6\xfd\xc6\xd2e'...
0.230 Received: b'D\xb9r\xa7\x00\x00\x00\x18G\x07U\x93P\x10\x05\xa8\x00\x00\x00\x00'
0.230 Disassembled: source: 17593, dest: 29351, seq: 24, ack: 1191662995, window: 1448, ACK
0.230 Acknowledged seq: 1191661547
0.231 Assembling: source: 29351, dest: 17593, seq: 1191662995, ack: 25, window: 1448, data: b'B\x87\x8a\xb0C\r1JP\x16O\xcd\xfb\x85g0'...
0.231 Sent: b'r\xa7D\xb9G\x07U\x93\x00\x00\x00\x19P\x00\x05\xa8\x00\x00\x00\x00B\x87\x8a\xb0C\r1JP\x16O\xcd\xfb\x85g0'...
0.232 Received: b'D\xb9r\xa7\x00\x00\x00\x18G\x07[;P\x10\x05\xa8\x00\x00\x00\x00'
0.232 Disassembled: source: 17593, dest: 29351, seq: 24, ack: 1191664443, window: 1448, ACK
0.232 Acknowledged seq: 1191662995
0.232 Assembling: source: 29351, dest: 17593, seq: 1191664443, ack: 25, window: 1448, data: b'W7z%\x88\xa6(\xf8\x9d\x11\xd5~6\xd4\xdb\xd0'...
0.233 Sent: b'r\xa7D\xb9G\x07[;\x00\x00\x00\x19P\x00\x05\xa8\x00\x00\x00\x00W7z%\x88\xa6(\xf8\x9d\x11\xd5~6\xd4\xdb\xd0'...
0.234 Received: b'D\xb9r\xa7\x00\x00\x00\x18G\x07`\xe3P\x10\x05\xa8\x00\x00\x00\x00'
0.234 Disassembled: source: 17593, dest: 29351, seq: 24, ack: 1191665891, window: 1448, ACK
0.234 Acknowledged seq: 1191664443
0.234 Assembling: source: 29351, dest: 17593, seq: 1191665891, ack: 25, window: 1448, data: b'\xff\x8d\xa3u=\xa5#YN\xa8\x99U\x93-@\xc7'...
0.235 Sent: b'r\xa7D\xb9G\x07`\xe3\x00\x00\x00\x19P\x00\x05\xa8\x00\x00\x00\x00\xff\x8d\xa3u=\xa5#YN\xa8\x99U\x93-@\xc7'...
0.236 Received: b'D\xb9r\xa7\x00\x00\x00\x18G\x07f\x8bP\x10\x05\xa8\x00\x00\x00\x00'
0.236 Disassembled: source: 17593, dest: 29351, seq: 24, ack: 1191667339, window: 1448, ACK
0.236 Acknowledged seq: 1191665891
0.236 Assembling: source: 29351, dest: 17593, seq: 1191667339, ack: 25, window: 1448, data: b'\xb5\xfd\xe7\x16\xfb\xe5\xd1\xb4vy\x8d\\\x1dmX\x03'...
0.237 Sent: b'r\xa7D\xb9G\x07f\x8b\x00\x00\x00\x19P\x00\x05\xa8\x00\x00\x00\x00\xb5\xfd\xe7\x16\xfb\xe5\xd1\xb4vy\x8d\\\x1dmX\x03'...
0.238 Received: b'D\xb9r\xa7\x00\x00\x00\x18G\x07l3P\x10\x05\xa8\x00\x00\x00\x00'
0.238 Disassembled: source: 17593, dest: 29351, seq: 24, ack: 1191668787, window: 1448, ACK
0.238 Acknowledged seq: 1191667339
0.239 Assembling: source: 29351, dest: 17593, seq: 1191668787, ack: 25, window: 1448, data: b'j\x00N.K0F\xa3|l\x1b\xbe\x88_\xa6X'...
0.239 Sent: b'r\xa7D\xb9G\x07l3\x00\x00\x00\x19P\x00\x05\xa8\x00\x00\x00\x00j\x00N.K0F\xa3|l\x1b\xbe\x88_\xa6X'...
0.240 Received: b'D\xb9r\xa7\x00\x00\x00\x18G\x07q\xdbP\x10\x05\xa8\x00\x00\x00\x00'
0.240 Disassembled: source: 17593, dest: 29351, seq: 24, ack: 1191670235, window: 1448, ACK
0.241 Acknowledged seq: 1191668787
0.241 Assembling: source: 29351, dest: 17593, seq: 1191670235, ack: 25, window: 1448, data: b'\xff\x1a-u\xd4\xa2S_\xfbC\xcb\x1d\x83\xd6\xce\xde'...
0.241 Sent: b'r\xa7D\xb9G\x07q\xdb\x00\x00\x00\x19P\x00\x05\xa8\x00\x00\x00\x00\xff\x1a-u\xd4\xa2S_\xfbC\xcb\x1d\x83\xd6\xce\xde'...
0.242 Received: b'D\xb9r\xa7\x00\x00\x00\x18G\x07w\x83P\x10\x05\xa8\x00\x00\x00\x00'
0.242 Disassembled: source: 17593, dest: 29351, seq: 24, ack: 1191671683, window: 1448, ACK
0.243 Acknowledged seq: 1191670235
0.243 Assembling: source: 29351, dest: 17593, seq: 1191671683, ack: 25, window: 1448, data: b'\xb3\x8e\x05\xbb^J[\x0f\xa7\x05\x0eQ6\x16\xbe\xff'...
0.243 Sent: b'r\xa7D\xb9G\x07w\x83\x00\x00\x00\x19P\x00\x05\xa8\x00\x00\x00\x00\xb3\x8e\x05\xbb^J[\x0f\xa7\x05\x0eQ6\x16\xbe\xff'...
0.244 Received: b'D\xb9r\xa7\x00\x00\x00\x18G\x07}+P\x10\x05\xa8\x00\x00\x00\x00'
0.245 Disassembled: source: 17593, dest: 29351, seq: 24, ack: 1191673131, window: 1448, ACK
0.245 Acknowledged seq: 1191671683
0.245 Assembling: source: 29351, dest: 17593, seq: 1191673131, ack: 25, window: 1448, data: b'\x1fN\x90\xd24\x95\x0e9\xb1\x8d\xbd\x1b.F\xd6r'...
0.245 Sent: b'r\xa7D\xb9G\x07}+\x00\x00\x00\x19P\x00\x05\xa8\x00\x00\x00\x00\x1fN\x90\xd24\x95\x0e9\xb1\x8d\xbd\x1b.F\xd6r'...
0.246 Received: b'D\xb9r\xa7\x00\x00\x00\x18G\x07\x82\xd3P\x10\x05\xa8\x00\x00\x00\x00'
0.246 Disassembled: source: 17593, dest: 29351, seq: 24, ack: 1191674579, window: 1448, ACK
0.247 Acknowledged seq: 1191673131
0.247 Assembling: source: 29351, dest: 17593, seq: 1191674579, ack: 25, window: 1448, data: b'\xd6\xb4@}kV\xc9\xf7\x80i9\xd0\x9e6\xcb '...
0.247 Sent: b'r\xa7D\xb9G\x07\x82\xd3\x00\x00\x00\x19P\x00\x05\xa8\x00\x00\x00\x00\xd6\xb4@}kV\xc9\xf7\x80i9\xd0\x9e6\xcb '...
0.248 Received: b'D\xb9r\xa7\x00\x00\x00\x18G\x07\x88{P\x10\x05\xa8\x00\x00\x00\x00'
0.248 Disassembled: source: 17593, dest: 29351, seq: 24, ack: 1191676027, window: 1448, ACK
0.249 Acknowledged seq: 1191674579
0.249 Assembling: source: 29351, dest: 17593, seq: 1191676027, ack: 25, window: 1448, data: b'\xcb?a\xae\x7f\x7fK\xd8)N+\x7f\x16f\xfb@'...
0.249 Sent: b'r\xa7D\xb9G\x07\x88{\x00\x00\x00\x19P\x00\x05\xa8\x00\x00\x00\x00\xcb?a\xae\x7f\x7fK\xd8)N+\x7f\x16f\xfb@'...
0.250 Received: b'D\xb9r\xa7\x00\x00\x00\x18G\x07\x8e#P\x10\x05\xa8\x00\x00\x00\x00'
0.250 Disassembled: source: 17593, dest: 29351, seq: 24, ack: 1191677475, window: 1448, ACK
0.251 Acknowledged seq: 1191676027
0.251 Assembling: source: 29351, dest: 17593, seq: 1191677475, ack: 25, window: 1448, data: b'\xa5s\xfa\x97\xc6\xd1\x04\xed\x9f\x9a\xa5D G\x91:'...
0.251 Sent: b'r\xa7D\xb9G\x07\x8e#\x00\x00\x00\x19P\x00\x05\xa8\x00\x00\x00\x00\xa5s\xfa\x97\xc6\xd1\x04\xed\x9f\x9a\xa5D G\x91:'...
0.252 Received: b'D\xb9r\xa7\x00\x00\x00\x18G\x07\x93\xcbP\x10\x05\xa8\x00\x00\x00\x00'
0.253 Disassembled: source: 17593, dest: 29351, seq: 24, ack: 1191678923, window: 1448, ACK
0.253 Acknowledged seq: 1191677475
0.253 Assembling: source: 29351, dest: 17593, seq: 1191678923, ack: 25, window: 1448, data: b'U\x99\xefLK\x98L\x01(\xe3\xb5`\x85\xa3\xea\r'...
0.253 Sent: b'r\xa7D\xb9G\x07\x93\xcb\x00\x00\x00\x19P\x00\x05\xa8\x00\x00\x00\x00U\x99\xefLK\x98L\x01(\xe3\xb5`\x85\xa3\xea\r'...
0.254 Received: b'D\xb9r\xa7\x00\x00\x00\x18G\x07\x99sP\x10\x05\xa8\x00\x00\x00\x00'
0.255 Disassembled: source: 17593, dest: 29351, seq: 24, ack: 1191680371, window: 1448, ACK
0.255 Acknowledged seq: 1191678923
0.255 Assembling: source: 29351, dest: 17593, seq: 1191680371, ack: 25, window: 1448, data: b'\xbc\xedC\x87\xddd\x9e\xc3\xc0\x11\x98D\x0e\xc0u7'...
0.255 Sent: b'r\xa7D\xb9G\x07\x99s\x00\x00\x00\x19P\x00\x05\xa8\x00\x00\x00\x00\xbc\xedC\x87\xddd\x9e\xc3\xc0\x11\x98D\x0e\xc0u7'...
0.256 Received: b'D\xb9r\xa7\x00\x00\x00\x18G\x07\x9f\x1bP\x10\x05\xa8\x00\x00\x00\x00'
0.257 Disassembled: source: 17593, dest: 29351, seq: 24, ack: 1191681819, window: 1448, ACK
0.257 Acknowledged seq: 1191680371
0.257 Assembling: source: 29351, dest: 17593, seq: 1191681819, ack: 25, window: 1448, data: b"\xd4\x0c'\xd4hk<\xcf\xdb\xdf\x98\x11\x16\xa7T6"...
0.257 Sent: b"r\xa7D\xb9G\x07\x9f\x1b\x00\x00\x00\x19P\x00\x05\xa8\x00\x00\x00\x00\xd4\x0c'\xd4hk<\xcf\xdb\xdf\x98\x11\x16\xa7T6"...
0.258 Received: b'D\xb9r\xa7\x00\x00\x00\x18G\x07\xa4\xc3P\x10\x05\xa8\x00\x00\x00\x00'
0.258 Disassembled: source: 17593, dest: 29351, seq: 24, ack: 1191683267, window: 1448, ACK
0.259 Acknowledged seq: 1191681819
0.259 Assembling: source: 29351, dest: 17593, seq: 1191683267, ack: 25, window: 1448, data: b'd<\x93\xe7hsq\x01\xde *W\xd9\xd7=Z'...
0.259 Sent: b'r\xa7D\xb9G\x07\xa4\xc3\x00\x00\x00\x19P\x00\x05\xa8\x00\x00\x00\x00d<\x93\xe7hsq\x01\xde *W\xd9\xd7=Z'...
0.260 Received: b'D\xb9r\xa7\x00\x00\x00\x18G\x07\xaakP\x10\x05\xa8\x00\x00\x00\x00'
0.261 Disassembled: source: 17593, dest: 29351, seq: 24, ack: 1191684715, window: 1448, ACK
0.261 Acknowledged seq: 1191683267
0.261 Assembling: source: 29351, dest: 17593, seq: 1191684715, ack: 25, window: 1448, data: b'\xd7b\x16\xd0\xd2j\xa1\x93H\xac\xa5\xe7Kh\x1d\xf6'...
0.261 Sent: b'r\xa7D\xb9G\x07\xaak\x00\x00\x00\x19P\x00\x05\xa8\x00\x00\x00\x00\xd7b\x16\xd0\xd2j\xa1\x93H\xac\xa5\xe7Kh\x1d\xf6'...
0.262 Received: b'D\xb9r\xa7\x00\x00\x00\x18G\x07\xb0\x13P\x10\x05\xa8\x00\x00\x00\x00'
0.262 Disassembled: source: 17593, dest: 29351, seq: 24, ack: 1191686163, window: 1448, ACK
0.263 Acknowledged seq: 1191684715
0.263 Assembling: source: 29351, dest: 17593, seq: 1191686163, ack: 25, window: 1448, data: b'8\x84\x91\xde\xc0\xc9\xab\x99\xcb}\xfb`fw\xc18'...
0.263 Sent: b'r\xa7D\xb9G\x07\xb0\x13\x00\x00\x00\x19P\x00\x05\xa8\x00\x00\x00\x008\x84\x91\xde\xc0\xc9\xab\x99\xcb}\xfb`fw\xc18'...
0.264 Received: b'D\xb9r\xa7\x00\x00\x00\x18G\x07\xb5\xbbP\x10\x05\xa8\x00\x00\x00\x00'
0.265 Disassembled: source: 17593, dest: 29351, seq: 24, ack: 1191687611, window: 1448, ACK
0.265 Acknowledged seq: 1191686163
0.265 Assembling: source: 29351, dest: 17593, seq: 1191687611, ack: 25, window: 1448, data: b'\xf5LtA\x08DY\xc8#Z\xda)\xea\xbb\xf8.'...
0.265 Sent: b'r\xa7D\xb9G\x07\xb5\xbb\x00\x00\x00\x19P\x00\x05\xa8\x00\x00\x00\x00\xf5LtA\x08DY\xc8#Z\xda)\xea\xbb\xf8.'...
0.266 Received: b'D\xb9r\xa7\x00\x00\x00\x18G\x07\xbbcP\x10\x05\xa8\x00\x00\x00\x00'
0.267 Disassembled: source: 17593, dest: 29351, seq: 24, ack: 1191689059, window: 1448, ACK
0.267 Acknowledged seq: 1191687611
0.267 Assembling: source: 29351, dest: 17593, seq: 1191689059, ack: 25, window: 1448, data: b'\x93\x85\x93\xe7\xc4\xe8C(\x7f\x87Ek\xdf,f0'...
0.267 Sent: b'r\xa7D\xb9G\x07\xbbc\x00\x00\x00\x19P\x00\x05\xa8\x00\x00\x00\x00\x93\x85\x93\xe7\xc4\xe8C(\x7f\x87Ek\xdf,f0'...
0.268 Received: b'D\xb9r\xa7\x00\x00\x00\x18G\x07\xc1\x0bP\x10\x05\xa8\x00\x00\x00\x00'
0.269 Disassembled: source: 17593, dest: 29351, seq: 24, ack: 1191690507, window: 1448, ACK
0.269 Acknowledged seq: 1191689059
0.269 Assembling: source: 29351, dest: 17593, seq: 1191690507, ack: 25, window: 1448, data: b'\xf6\xde.W\xc3\xcdb\xbdu9\xfe\xddp\x16\x80&'...
0.269 Sent: b'r\xa7D\xb9G\x07\xc1\x0b\x00\x00\x00\x19P\x00\x05\xa8\x00\x00\x00\x00\xf6\xde.W\xc3\xcdb\xbdu9\xfe\xddp\x16\x80&'...
0.270 Received: b'D\xb9r\xa7\x00\x00\x00\x18G\x07\xc6\xb3P\x10\x05\xa8\x00\x00\x00\x00'
0.271 Disassembled: source: 17593, dest: 29351, seq: 24, ack: 1191691955, window: 1448, ACK
0.271 Acknowledged seq: 1191690507
0.271 Assembling: source: 29351, dest: 17593, seq: 1191691955, ack: 25, window: 1448, data: b"\xfe9' \xb4\xd0q\xc5\x06g\xea\xf1`b\xb5\xe8"...
0.271 Sent: b"r\xa7D\xb9G\x07\xc6\xb3\x00\x00\x00\x19P\x00\x05\xa8\x00\x00\x00\x00\xfe9' \xb4\xd0q\xc5\x06g\xea\xf1`b\xb5\xe8"...
0.272 Received: b'D\xb9r\xa7\x00\x00\x00\x18G\x07\xcc[P\x10\x05\xa8\x00\x00\x00\x00'
0.272 Disassembled: source: 17593, dest: 29351, seq: 24, ack: 1191693403, window: 1448, ACK
0.273 Acknowledged seq: 1191691955
0.273 Assembling: source: 29351, dest: 17593, seq: 1191693403, ack: 25, window: 1448, data: b'\x97;\xe8\x8b\xd5\xf4.\x1ezB\\\x1a\xb3\x83#\xda'...
0.273 Sent: b'r\xa7D\xb9G\x07\xcc[\x00\x00\x00\x19P\x00\x05\xa8\x00\x00\x00\x00\x97;\xe8\x8b\xd5\xf4.\x1ezB\\\x1a\xb3\x83#\xda'...
0.274 Received: b'D\xb9r\xa7\x00\x00\x00\x18G\x07\xd2\x03P\x10\x05\xa8\x00\x00\x00\x00'
0.274 Disassembled: source: 17593, dest: 29351, seq: 24, ack: 1191694851, window: 1448, ACK
0.275 Acknowledged seq: 1191693403
0.275 Assembling: source: 29351, dest: 17593, seq: 1191694851, ack: 25, window: 1448, data: b'\x05\xea2S2\x91q\x1c\xb6\xef!!m\xcbJ\x98'...
0.275 Sent: b'r\xa7D\xb9G\x07\xd2\x03\x00\x00\x00\x19P\x00\x05\xa8\x00\x00\x00\x00\x05\xea2S2\x91q\x1c\xb6\xef!!m\xcbJ\x98'...
0.276 Received: b'D\xb9r\xa7\x00\x00\x00\x18G\x07\xd7\xabP\x10\x05\xa8\x00\x00\x00\x00'
0.277 Disassembled: source: 17593, dest: 29351, seq: 24, ack: 1191696299, window: 1448, ACK
0.277 Acknowledged seq: 1191694851
0.277 Assembling: source: 29351, dest: 17593, seq: 1191696299, ack: 25, window: 1448, data: b"\x88\x98C'\xb8\xad\x85\x88\x9e\xf3\xf1wp}\xe9F"...
0.277 Sent: b"r\xa7D\xb9G\x07\xd7\xab\x00\x00\x00\x19P\x00\x05\xa8\x00\x00\x00\x00\x88\x98C'\xb8\xad\x85\x88\x9e\xf3\xf1wp}\xe9F"...
0.278 Received: b'D\xb9r\xa7\x00\x00\x00\x18G\x07\xddSP\x10\x05\xa8\x00\x00\x00\x00'
0.279 Disassembled: source: 17593, dest: 29351, seq: 24, ack: 1191697747, window: 1448, ACK
0.279 Acknowledged seq: 1191696299
0.279 Assembling: source: 29351, dest: 17593, seq: 1191697747, ack: 25, window: 1448, data: b's\x06\x98\xe1\xb7\x97`\xc3N\xf6>\xe0\\\x11\x0f\xc3'...
0.279 Sent: b'r\xa7D\xb9G\x07\xddS\x00\x00\x00\x19P\x00\x05\xa8\x00\x00\x00\x00s\x06\x98\xe1\xb7\x97`\xc3N\xf6>\xe0\\\x11\x0f\xc3'...
0.280 Received: b'D\xb9r\xa7\x00\x00\x00\x18G\x07\xe2\xfbP\x10\x05\xa8\x00\x00\x00\x00'
0.281 Disassembled: source: 17593, dest: 29351, seq: 24, ack: 1191699195, window: 1448, ACK
0.281 Acknowledged seq: 1191697747
0.281 Assembling: source: 29351, dest: 17593, seq: 1191699195, ack: 25, window: 1448, data: b'.\x13\x9f\xff \xfe\xde\x99i\x14?\xb9\xd9q\xc0\x88'...
0.281 Sent: b'r\xa7D\xb9G\x07\xe2\xfb\x00\x00\x00\x19P\x00\x05\xa8\x00\x00\x00\x00.\x13\x9f\xff \xfe\xde\x99i\x14?\xb9\xd9q\xc0\x88'...
0.282 Received: b'D\xb9r\xa7\x00\x00\x00\x18G\x07\xe8\xa3P\x10\x05\xa8\x00\x00\x00\x00'
0.283 Disassembled: source: 17593, dest: 29351, seq: 24, ack: 1191700643, window: 1448, ACK
0.283 Acknowledged seq: 1191699195
0.283 Assembling: source: 29351, dest: 17593, seq: 1191700643, ack: 25, window: 1448, data: b'\xc3\xeb\xb5!\x9b\x85\xa40\xac\xd2\x10\xc3\x00\xc7_\x14'...
0.283 Sent: b'r\xa7D\xb9G\x07\xe8\xa3\x00\x00\x00\x19P\x00\x05\xa8\x00\x00\x00\x00\xc3\xeb\xb5!\x9b\x85\xa40\xac\xd2\x10\xc3\x00\xc7_\x14'...
0.284 Received: b'D\xb9r\xa7\x00\x00\x00\x18G\x07\xeeKP\x10\x05\xa8\x00\x00\x00\x00'
0.285 Disassembled: source: 17593, dest: 29351, seq: 24, ack: 1191702091, window: 1448, ACK
0.285 Acknowledged seq: 1191700643
0.285 Assembling: source: 29351, dest: 17593, seq: 1191702091, ack: 25, window: 1448, data: b'\x0ct\xd6\xd9\x9d\xd8\xebZ\x9b9\xa9\x87\xfa\xdd\xccs'...
0.285 Sent: b'r\xa7D\xb9G\x07\xeeK\x00\x00\x00\x19P\x00\x05\xa8\x00\x00\x00\x00\x0ct\xd6\xd9\x9d\xd8\xebZ\x9b9\xa9\x87\xfa\xdd\xccs'...
0.286 Received: b'D\xb9r\xa7\x00\x00\x00\x18G\x07\xf3\xf3P\x10\x05\xa8\x00\x00\x00\x00'
0.287 Disassembled: source: 17593, dest: 29351, seq: 24, ack: 1191703539, window: 1448, ACK
0.287 Acknowledged seq: 1191702091
0.287 Assembling: source: 29351, dest: 17593, seq: 1191703539, ack: 25, window: 1448, data: b'\xfb\xcc(\x874!\x0bOQ\xfd\xf2$\xf0\xfb\xbcX'...
0.287 Sent: b'r\xa7D\xb9G\x07\xf3\xf3\x00\x00\x00\x19P\x00\x05\xa8\x00\x00\x00\x00\xfb\xcc(\x874!\x0bOQ\xfd\xf2$\xf0\xfb\xbcX'...
0.288 Received: b'D\xb9r\xa7\x00\x00\x00\x18G\x07\xf9\x9bP\x10\x05\xa8\x00\x00\x00\x00'
0.289 Disassembled: source: 17593, dest: 29351, seq: 24, ack: 1191704987, window: 1448, ACK
0.289 Acknowledged seq: 1191703539
0.289 Assembling: source: 29351, dest: 17593, seq: 1191704987, ack: 25, window: 1448, data: b'\x9cj\xf5c\xd5\xb4\x19\x92g\xfczC\xdc\xb9\xbe\xe9'...
0.289 Sent: b'r\xa7D\xb9G\x07\xf9\x9b\x00\x00\x00\x19P\x00\x05\xa8\x00\x00\x00\x00\x9cj\xf5c\xd5\xb4\x19\x92g\xfczC\xdc\xb9\xbe\xe9'...
0.290 Received: b'D\xb9r\xa7\x00\x00\x00\x18G\x07\xffCP\x10\x05\xa8\x00\x00\x00\x00'
0.291 Disassembled: source: 17593, dest: 29351, seq: 24, ack: 1191706435, window: 1448, ACK
0.291 Acknowledged seq: 1191704987
0.291 Assembling: source: 29351, dest: 17593, seq: 1191706435, ack: 25, window: 1448, data: b'\x0c\xb6hMu\xb8\xf5YW\x14\xf8\r\xe0\xa1\xe0\x92'...
0.291 Sent: b'r\xa7D\xb9G\x07\xffC\x00\x00\x00\x19P\x00\x05\xa8\x00\x00\x00\x00\x0c\xb6hMu\xb8\xf5YW\x14\xf8\r\xe0\xa1\xe0\x92'...
0.292 Received: b'D\xb9r\xa7\x00\x00\x00\x18G\x08\x04\xebP\x10\x05\xa8\x00\x00\x00\x00'
0.293 Disassembled: source: 17593, dest: 29351, seq: 24, ack: 1191707883, window: 1448, ACK
0.293 Acknowledged seq: 1191706435
0.293 Assembling: source: 29351, dest: 17593, seq: 1191707883, ack: 25, window: 1448, data: b'\xf7\x93-h\x9eZ\xb0\xd6n8\x00]G\x07\xbc:'...
0.293 Sent: b'r\xa7D\xb9G\x08\x04\xeb\x00\x00\x00\x19P\x00\x05\xa8\x00\x00\x00\x00\xf7\x93-h\x9eZ\xb0\xd6n8\x00]G\x07\xbc:'...
0.295 Received: b'D\xb9r\xa7\x00\x00\x00\x18G\x08\n\x93P\x10\x05\xa8\x00\x00\x00\x00'
0.295 Disassembled: source: 17593, dest: 29351, seq: 24, ack: 1191709331, window: 1448, ACK
0.295 Acknowledged seq: 1191707883
0.295 Assembling: source: 29351, dest: 17593, seq: 1191709331, ack: 25, window: 1448, data: b' \x0c\xff\xe1\x941\xb4~\n\xf6B\xb2R@\xbc\xfd'...
0.296 Sent: b'r\xa7D\xb9G\x08\n\x93\x00\x00\x00\x19P\x00\x05\xa8\x00\x00\x00\x00 \x0c\xff\xe1\x941\xb4~\n\xf6B\xb2R@\xbc\xfd'...
0.297 Received: b'D\xb9r\xa7\x00\x00\x00\x18G\x08\x10;P\x10\x05\xa8\x00\x00\x00\x00'
0.297 Disassembled: source: 17593, dest: 29351, seq: 24, ack: 1191710779, window: 1448, ACK
0.297 Acknowledged seq: 1191709331
0.297 Assembling: source: 29351, dest: 17593, seq: 1191710779, ack: 25, window: 1448, data: b'\x1d\x17^\xc4\x8e\x8f\x804\x94\x1d\x08O%\xa1;^'...
0.298 Sent: b'r\xa7D\xb9G\x08\x10;\x00\x00\x00\x19P\x00\x05\xa8\x00\x00\x00\x00\x1d\x17^\xc4\x8e\x8f\x804\x94\x1d\x08O%\xa1;^'...
0.299 Received: b'D\xb9r\xa7\x00\x00\x00\x18G\x08\x15\xe3P\x10\x05\xa8\x00\x00\x00\x00'
0.299 Disassembled: source: 17593, dest: 29351, seq: 24, ack: 1191712227, window: 1448, ACK
0.299 Acknowledged seq: 1191710779
0.300 Assembling: source: 29351, dest: 17593, seq: 1191712227, ack: 25, window: 1448, data: b'o\x99\x00\xceag\xc8e\xaf\xa9;H\xf68\xf6\xf0'...
0.300 Sent: b'r\xa7D\xb9G\x08\x15\xe3\x00\x00\x00\x19P\x00\x05\xa8\x00\x00\x00\x00o\x99\x00\xceag\xc8e\xaf\xa9;H\xf68\xf6\xf0'...
0.301 Received: b'D\xb9r\xa7\x00\x00\x00\x18G\x08\x1b\x8bP\x10\x05\xa8\x00\x00\x00\x00'
0.301 Disassembled: source: 17593, dest: 29351, seq: 24, ack: 1191713675, window: 1448, ACK
0.302 Acknowledged seq: 1191712227
0.302 Assembling: source: 29351, dest: 17593, seq: 1191713675, ack: 25, window: 1448, data: b'fI\xe6Wmt\xf9H.\x99+\x0f\x7f\xebxm'...
0.302 Sent: b'r\xa7D\xb9G\x08\x1b\x8b\x00\x00\x00\x19P\x00\x05\xa8\x00\x00\x00\x00fI\xe6Wmt\xf9H.\x99+\x0f\x7f\xebxm'...
0.303 Received: b'D\xb9r\xa7\x00\x00\x00\x18G\x08!3P\x10\x05\xa8\x00\x00\x00\x00'
0.304 Disassembled: source: 17593, dest: 29351, seq: 24, ack: 1191715123, window: 1448, ACK
0.304 Acknowledged seq: 1191713675
0.304 Assembling: source: 29351, dest: 17593, seq: 1191715123, ack: 25, window: 1448, data: b'\xca\xe6\x1e\xc6Szb\xc22\x8fg\x92\\\x9eF\xd5'...
0.304 Sent: b'r\xa7D\xb9G\x08!3\x00\x00\x00\x19P\x00\x05\xa8\x00\x00\x00\x00\xca\xe6\x1e\xc6Szb\xc22\x8fg\x92\\\x9eF\xd5'...
0.305 Received: b'D\xb9r\xa7\x00\x00\x00\x18G\x08&\xdbP\x10\x05\xa8\x00\x00\x00\x00'
0.306 Disassembled: source: 17593, dest: 29351, seq: 24, ack: 1191716571, window: 1448, ACK
0.306 Acknowledged seq: 1191715123
0.306 Assembling: source: 29351, dest: 17593, seq: 1191716571, ack: 25, window: 1448, data: b'\xb0\xe6\xf2\x9c\xc1\x88\x10\x81\x02\xd4yj\x97h\x00\xca'...
0.306 Sent: b'r\xa7D\xb9G\x08&\xdb\x00\x00\x00\x19P\x00\x05\xa8\x00\x00\x00\x00\xb0\xe6\xf2\x9c\xc1\x88\x10\x81\x02\xd4yj\x97h\x00\xca'...
0.307 Received: b'D\xb9r\xa7\x00\x00\x00\x18G\x08,\x83P\x10\x05\xa8\x00\x00\x00\x00'
0.308 Disassembled: source: 17593, dest: 29351, seq: 24, ack: 1191718019, window: 1448, ACK
0.308 Acknowledged seq: 1191716571
0.308 Assembling: source: 29351, dest: 17593, seq: 1191718019, ack: 25, window: 1448, data: b'o}\x02A\xe0\xad\xc1\x8f\xad\x08\xb09\x84\xc4\xf2?'...
0.309 Sent: b'r\xa7D\xb9G\x08,\x83\x00\x00\x00\x19P\x00\x05\xa8\x00\x00\x00\x00o}\x02A\xe0\xad\xc1\x8f\xad\x08\xb09\x84\xc4\xf2?'...
0.310 Received: b'D\xb9r\xa7\x00\x00\x00\x18G\x082+P\x10\x05\xa8\x00\x00\x00\x00'
0.310 Disassembled: source: 17593, dest: 29351, seq: 24, ack: 1191719467, window: 1448, ACK
0.310 Acknowledged seq: 1191718019
0.310 Assembling: source: 29351, dest: 17593, seq: 1191719467, ack: 25, window: 1448, data: b'=\xda\x80v\xb8\xf9>\xa3\xb5HZ\x9b]!\xb2\x95'...
0.311 Sent: b'r\xa7D\xb9G\x082+\x00\x00\x00\x19P\x00\x05\xa8\x00\x00\x00\x00=\xda\x80v\xb8\xf9>\xa3\xb5HZ\x9b]!\xb2\x95'...
0.312 Received: b'D\xb9r\xa7\x00\x00\x00\x18G\x087\xd3P\x10\x05\xa8\x00\x00\x00\x00'
0.312 Disassembled: source: 17593, dest: 29351, seq: 24, ack: 1191720915, window: 1448, ACK
0.312 Acknowledged seq: 1191719467
0.313 Assembling: source: 29351, dest: 17593, seq: 1191720915, ack: 25, window: 1448, data: b'jj|\xf6\x7fx$\xcav\x1a(q\x19\xfe~<'...
0.313 Sent: b'r\xa7D\xb9G\x087\xd3\x00\x00\x00\x19P\x00\x05\xa8\x00\x00\x00\x00jj|\xf6\x7fx$\xcav\x1a(q\x19\xfe~<'...
0.314 Received: b'D\xb9r\xa7\x00\x00\x00\x18G\x08={P\x10\x05\xa8\x00\x00\x00\x00'
0.314 Disassembled: source: 17593, dest: 29351, seq: 24, ack: 1191722363, window: 1448, ACK
0.314 Acknowledged seq: 1191720915
0.315 Assembling: source: 29351, dest: 17593, seq: 1191722363, ack: 25, window: 1448, data: b'\xc3G\xa4#*\xe5!\xd1\xbf\xf8E\xe2\x13\x95;Q'...
0.315 Sent: b'r\xa7D\xb9G\x08={\x00\x00\x00\x19P\x00\x05\xa8\x00\x00\x00\x00\xc3G\xa4#*\xe5!\xd1\xbf\xf8E\xe2\x13\x95;Q'...
0.316 Received: b'D\xb9r\xa7\x00\x00\x00\x18G\x08C#P\x10\x05\xa8\x00\x00\x00\x00'
0.317 Disassembled: source: 17593, dest: 29351, seq: 24, ack: 1191723811, window: 1448, ACK
0.317 Acknowledged seq: 1191722363
0.317 Assembling: source: 29351, dest: 17593, seq: 1191723811, ack: 25, window: 1448, data: b"V\xb8K\xe7bT\x7f~i\xd8\x9e\x8c\xae\x02'\x18"...
0.317 Sent: b"r\xa7D\xb9G\x08C#\x00\x00\x00\x19P\x00\x05\xa8\x00\x00\x00\x00V\xb8K\xe7bT\x7f~i\xd8\x9e\x8c\xae\x02'\x18"...
0.318 Received: b'D\xb9r\xa7\x00\x00\x00\x18G\x08H\xcbP\x10\x05\xa8\x00\x00\x00\x00'
0.319 Disassembled: source: 17593, dest: 29351, seq: 24, ack: 1191725259, window: 1448, ACK
0.319 Acknowledged seq: 1191723811
0.319 Assembling: source: 29351, dest: 17593, seq: 1191725259, ack: 25, window: 1448, data: b'}\xcf\xa1\xac\xd7\xa9mb\xd2\xe3\x15\xd7\x05\xee\xad\x8e'...
0.319 Sent: b'r\xa7D\xb9G\x08H\xcb\x00\x00\x00\x19P\x00\x05\xa8\x00\x00\x00\x00}\xcf\xa1\xac\xd7\xa9mb\xd2\xe3\x15\xd7\x05\xee\xad\x8e'...
0.321 Received: b'D\xb9r\xa7\x00\x00\x00\x18G\x08NsP\x10\x05\xa8\x00\x00\x00\x00'
0.321 Disassembled: source: 17593, dest: 29351, seq: 24, ack: 1191726707, window: 1448, ACK
0.321 Acknowledged seq: 1191725259
0.321 Assembling: source: 29351, dest: 17593, seq: 1191726707, ack: 25, window: 1448, data: b'\x83X\xb4P\x84P\xee>\x19\x0e{\xc2\xf5}\xef\xa6'...
0.322 Sent: b'r\xa7D\xb9G\x08Ns\x00\x00\x00\x19P\x00\x05\xa8\x00\x00\x00\x00\x83X\xb4P\x84P\xee>\x19\x0e{\xc2\xf5}\xef\xa6'...
0.323 Received: b'D\xb9r\xa7\x00\x00\x00\x18G\x08T\x1bP\x10\x05\xa8\x00\x00\x00\x00'
0.323 Disassembled: source: 17593, dest: 29351, seq: 24, ack: 1191728155, window: 1448, ACK
0.324 Acknowledged seq: 1191726707
0.324 Assembling: source: 29351, dest: 17593, seq: 1191728155, ack: 25, window: 1448, data: b'\r \xac\xfb\x04\x86\x8f\xcf6\xb9Q\x0f\x81\xbaK.'...
0.324 Sent: b'r\xa7D\xb9G\x08T\x1b\x00\x00\x00\x19P\x00\x05\xa8\x00\x00\x00\x00\r \xac\xfb\x04\x86\x8f\xcf6\xb9Q\x0f\x81\xbaK.'...
0.325 Received: b'D\xb9r\xa7\x00\x00\x00\x18G\x08Y\xc3P\x10\x05\xa8\x00\x00\x00\x00'
0.326 Disassembled: source: 17593, dest: 29351, seq: 24, ack: 1191729603, window: 1448, ACK
0.326 Acknowledged seq: 1191728155
0.326 Assembling: source: 29351, dest: 17593, seq: 1191729603, ack: 25, window: 1448, data: b'j\x18+#\x98\x96v\\\xd7\xb4\x9c\xe0\xa9\x14%\x85'...
0.326 Sent: b'r\xa7D\xb9G\x08Y\xc3\x00\x00\x00\x19P\x00\x05\xa8\x00\x00\x00\x00j\x18+#\x98\x96v\\\xd7\xb4\x9c\xe0\xa9\x14%\x85'...
0.328 Received: b'D\xb9r\xa7\x00\x00\x00\x18G\x08_kP\x10\x05\xa8\x00\x00\x00\x00'
0.328 Disassembled: source: 17593, dest: 29351, seq: 24, ack: 1191731051, window: 1448, ACK
0.328 Acknowledged seq: 1191729603
0.329 Assembling: source: 29351, dest: 17593, seq: 1191731051, ack: 25, window: 1448, data: b'\xd4\x96\xf7ud\xa7\xe5H6!A\n\xda\xd3\xf0)'...
0.329 Sent: b'r\xa7D\xb9G\x08_k\x00\x00\x00\x19P\x00\x05\xa8\x00\x00\x00\x00\xd4\x96\xf7ud\xa7\xe5H6!A\n\xda\xd3\xf0)'...
0.330 Received: b'D\xb9r\xa7\x00\x00\x00\x18G\x08e\x13P\x10\x05\xa8\x00\x00\x00\x00'
0.331 Disassembled: source: 17593, dest: 29351, seq: 24, ack: 1191732499, window: 1448, ACK
0.331 Acknowledged seq: 1191731051
0.331 Assembling: source: 29351, dest: 17593, seq: 1191732499, ack: 25, window: 1448, data: b'b\xd3C\xee\x19\xef6n*\xea""S\xe3o.'...
0.331 Sent: b'r\xa7D\xb9G\x08e\x13\x00\x00\x00\x19P\x00\x05\xa8\x00\x00\x00\x00b\xd3C\xee\x19\xef6n*\xea""S\xe3o.'...
0.333 Received: b'D\xb9r\xa7\x00\x00\x00\x18G\x08j\xbbP\x10\x05\xa8\x00\x00\x00\x00'
0.333 Disassembled: source: 17593, dest: 29351, seq: 24, ack: 1191733947, window: 1448, ACK
0.333 Acknowledged seq: 1191732499
0.333 Assembling: source: 29351, dest: 17593, seq: 1191733947, ack: 25, window: 1448, data: b'\x126\x0c\xc2*\x80f\xca/S\xee\xcdn\xa1\x84\x88'...
0.334 Sent: b'r\xa7D\xb9G\x08j\xbb\x00\x00\x00\x19P\x00\x05\xa8\x00\x00\x00\x00\x126\x0c\xc2*\x80f\xca/S\xee\xcdn\xa1\x84\x88'...
0.335 Received: b'D\xb9r\xa7\x00\x00\x00\x18G\x08pcP\x10\x05\xa8\x00\x00\x00\x00'
0.336 Disassembled: source: 17593, dest: 29351, seq: 24, ack: 1191735395, window: 1448, ACK
0.336 Acknowledged seq: 1191733947
0.336 Assembling: source: 29351, dest: 17593, seq: 1191735395, ack: 25, window: 1448, data: b'\xbd\xa8\xbd+ \xcfc\x04\x94r#\x16\xb8Nc\xaa'...
0.336 Sent: b'r\xa7D\xb9G\x08pc\x00\x00\x00\x19P\x00\x05\xa8\x00\x00\x00\x00\xbd\xa8\xbd+ \xcfc\x04\x94r#\x16\xb8Nc\xaa'...
0.338 Received: b'D\xb9r\xa7\x00\x00\x00\x18G\x08v\x0bP\x10\x05\xa8\x00\x00\x00\x00'
0.338 Disassembled: source: 17593, dest: 29351, seq: 24, ack: 1191736843, window: 1448, ACK
0.338 Acknowledged seq: 1191735395
0.338 Assembling: source: 29351, dest: 17593, seq: 1191736843, ack: 25, window: 1448, data: b'\x9d\x9bb\x17K\xab1\xac\x141\xdc\x0f\x17\xb2.\xc2'...
0.339 Sent: b'r\xa7D\xb9G\x08v\x0b\x00\x00\x00\x19P\x00\x05\xa8\x00\x00\x00\x00\x9d\x9bb\x17K\xab1\xac\x141\xdc\x0f\x17\xb2.\xc2'...
0.340 Received: b'D\xb9r\xa7\x00\x00\x00\x18G\x08{\xb3P\x10\x05\xa8\x00\x00\x00\x00'
0.341 Disassembled: source: 17593, dest: 29351, seq: 24, ack: 1191738291, window: 1448, ACK
0.341 Acknowledged seq: 1191736843
0.341 Assembling: source: 29351, dest: 17593, seq: 1191738291, ack: 25, window: 1448, data: b"f\t\xe3\xcbW'\xbaX\xc8|\x03\xb2\xb6\xb2\xa8X"...
0.341 Sent: b"r\xa7D\xb9G\x08{\xb3\x00\x00\x00\x19P\x00\x05\xa8\x00\x00\x00\x00f\t\xe3\xcbW'\xbaX\xc8|\x03\xb2\xb6\xb2\xa8X"...
0.343 Received: b'D\xb9r\xa7\x00\x00\x00\x18G\x08\x81[P\x10\x05\xa8\x00\x00\x00\x00'
0.343 Disassembled: source: 17593, dest: 29351, seq: 24, ack: 1191739739, window: 1448, ACK
0.343 Acknowledged seq: 1191738291
0.343 Assembling: source: 29351, dest: 17593, seq: 1191739739, ack: 25, window: 1448, data: b'\x7f\xdc\xfe\xaa\xae#\xe0$x\xd9\x1eo+\xc7\xa7\x00'...
0.344 Sent: b'r\xa7D\xb9G\x08\x81[\x00\x00\x00\x19P\x00\x05\xa8\x00\x00\x00\x00\x7f\xdc\xfe\xaa\xae#\xe0$x\xd9\x1eo+\xc7\xa7\x00'...
0.345 Received: b'D\xb9r\xa7\x00\x00\x00\x18G\x08\x87\x03P\x10\x05\xa8\x00\x00\x00\x00'
0.346 Disassembled: source: 17593, dest: 29351, seq: 24, ack: 1191741187, window: 1448, ACK
0.346 Acknowledged seq: 1191739739
0.346 Assembling: source: 29351, dest: 17593, seq: 1191741187, ack: 25, window: 1448, data: b'\xde\xae\x97K0\x87\xa52q\xa0zm\x9f-^z'...
0.346 Sent: b'r\xa7D\xb9G\x08\x87\x03\x00\x00\x00\x19P\x00\x05\xa8\x00\x00\x00\x00\xde\xae\x97K0\x87\xa52q\xa0zm\x9f-^z'...
0.348 Received: b'D\xb9r\xa7\x00\x00\x00\x18G\x08\x8c\xabP\x10\x05\xa8\x00\x00\x00\x00'
0.348 Disassembled: source: 17593, dest: 29351, seq: 24, ack: 1191742635, window: 1448, ACK
0.348 Acknowledged seq: 1191741187
0.349 Assembling: source: 29351, dest: 17593, seq: 1191742635, ack: 25, window: 1448, data: b'GAF\x1f\x8d\x9e\xb62\xd2\xfe\x80\x0c}\xc6^\xd5'...
0.349 Sent: b'r\xa7D\xb9G\x08\x8c\xab\x00\x00\x00\x19P\x00\x05\xa8\x00\x00\x00\x00GAF\x1f\x8d\x9e\xb62\xd2\xfe\x80\x0c}\xc6^\xd5'...
0.350 Received: b'D\xb9r\xa7\x00\x00\x00\x18G\x08\x92SP\x10\x05\xa8\x00\x00\x00\x00'
0.351 Disassembled: source: 17593, dest: 29351, seq: 24, ack: 1191744083, window: 1448, ACK
0.351 Acknowledged seq: 1191742635
0.351 Assembling: source: 29351, dest: 17593, seq: 1191744083, ack: 25, window: 1448, data: b'\x13{\x05\x7f\x89\xb4\x05\xe7\xab\xd5\x12i\xaf\x8fA\xba'...
0.351 Sent: b'r\xa7D\xb9G\x08\x92S\x00\x00\x00\x19P\x00\x05\xa8\x00\x00\x00\x00\x13{\x05\x7f\x89\xb4\x05\xe7\xab\xd5\x12i\xaf\x8fA\xba'...
0.353 Received: b'D\xb9r\xa7\x00\x00\x00\x18G\x08\x97\xfbP\x10\x05\xa8\x00\x00\x00\x00'
0.353 Disassembled: source: 17593, dest: 29351, seq: 24, ack: 1191745531, window: 1448, ACK
0.354 Acknowledged seq: 1191744083
0.354 Assembling: source: 29351, dest: 17593, seq: 1191745531, ack: 25, window: 1448, data: b'\xc8j\xeb\x00\xf11\xach:A\xa3\x94\xe2\xba}\xec'...
0.354 Sent: b'r\xa7D\xb9G\x08\x97\xfb\x00\x00\x00\x19P\x00\x05\xa8\x00\x00\x00\x00\xc8j\xeb\x00\xf11\xach:A\xa3\x94\xe2\xba}\xec'...
0.356 Received: b'D\xb9r\xa7\x00\x00\x00\x18G\x08\x9d\xa3P\x10\x05\xa8\x00\x00\x00\x00'
0.356 Disassembled: source: 17593, dest: 29351, seq: 24, ack: 1191746979, window: 1448, ACK
0.356 Acknowledged seq: 1191745531
0.356 Assembling: source: 29351, dest: 17593, seq: 1191746979, ack: 25, window: 1448, data: b'\xf9\x15=\xf59\xf6\x80L\xe5\xc9\xa3\xaap\x99c#'...
0.357 Sent: b'r\xa7D\xb9G\x08\x9d\xa3\x00\x00\x00\x19P\x00\x05\xa8\x00\x00\x00\x00\xf9\x15=\xf59\xf6\x80L\xe5\xc9\xa3\xaap\x99c#'...
0.358 Received: b'D\xb9r\xa7\x00\x00\x00\x18G\x08\xa3KP\x10\x05\xa8\x00\x00\x00\x00'
0.359 Disassembled: source: 17593, dest: 29351, seq: 24, ack: 1191748427, window: 1448, ACK
0.359 Acknowledged seq: 1191746979
0.359 Assembling: source: 29351, dest: 17593, seq: 1191748427, ack: 25, window: 1448, data: b'\xbe\\\xb6\xf5\xfb\xeb\xfc\xaf22:N\x17\xcdo1'...
0.359 Sent: b'r\xa7D\xb9G\x08\xa3K\x00\x00\x00\x19P\x00\x05\xa8\x00\x00\x00\x00\xbe\\\xb6\xf5\xfb\xeb\xfc\xaf22:N\x17\xcdo1'...
0.361 Received: b'D\xb9r\xa7\x00\x00\x00\x18G\x08\xa8\xf3P\x10\x05\xa8\x00\x00\x00\x00'
0.361 Disassembled: source: 17593, dest: 29351, seq: 24, ack: 1191749875, window: 1448, ACK
0.361 Acknowledged seq: 1191748427
0.362 Assembling: source: 29351, dest: 17593, seq: 1191749875, ack: 25, window: 1448, data: b'\x92\x0eMU\xf3WDZ\xdb\xff0\xae\xa3\xc8\x1d\x8b'...
0.362 Sent: b'r\xa7D\xb9G\x08\xa8\xf3\x00\x00\x00\x19P\x00\x05\xa8\x00\x00\x00\x00\x92\x0eMU\xf3WDZ\xdb\xff0\xae\xa3\xc8\x1d\x8b'...
0.363 Received: b'D\xb9r\xa7\x00\x00\x00\x18G\x08\xae\x9bP\x10\x05\xa8\x00\x00\x00\x00'
0.364 Disassembled: source: 17593, dest: 29351, seq: 24, ack: 1191751323, window: 1448, ACK
0.364 Acknowledged seq: 1191749875
0.364 Assembling: source: 29351, dest: 17593, seq: 1191751323, ack: 25, window: 1448, data: b'\x0c\xb8C\xab\xfdB\xe0\xbb\'~\xf1\xc9\xd6"6\x87'...
0.364 Sent: b'r\xa7D\xb9G\x08\xae\x9b\x00\x00\x00\x19P\x00\x05\xa8\x00\x00\x00\x00\x0c\xb8C\xab\xfdB\xe0\xbb\'~\xf1\xc9\xd6"6\x87'...
0.366 Received: b'D\xb9r\xa7\x00\x00\x00\x18G\x08\xb4CP\x10\x05\xa8\x00\x00\x00\x00'
0.366 Disassembled: source: 17593, dest: 29351, seq: 24, ack: 1191752771, window: 1448, ACK
0.367 Acknowledged seq: 1191751323
0.367 Assembling: source: 29351, dest: 17593, seq: 1191752771, ack: 25, window: 1448, data: b'\xcd\xd70M\x8d\xb5:|\xfa\x07yP\x9b\xce\xf2\xb7'...
0.367 Sent: b'r\xa7D\xb9G\x08\xb4C\x00\x00\x00\x19P\x00\x05\xa8\x00\x00\x00\x00\xcd\xd70M\x8d\xb5:|\xfa\x07yP\x9b\xce\xf2\xb7'...
0.369 Received: b'D\xb9r\xa7\x00\x00\x00\x18G\x08\xb9\xebP\x10\x05\xa8\x00\x00\x00\x00'
0.369 Disassembled: source: 17593, dest: 29351, seq: 24, ack: 1191754219, window: 1448, ACK
0.369 Acknowledged seq: 1191752771
0.370 Assembling: source: 29351, dest: 17593, seq: 1191754219, ack: 25, window: 1448, data: b'\xfa,9\xd7<\xec\xa85\xdc?\r\x1e\x15\xb4\x85\x19'...
0.370 Sent: b'r\xa7D\xb9G\x08\xb9\xeb\x00\x00\x00\x19P\x00\x05\xa8\x00\x00\x00\x00\xfa,9\xd7<\xec\xa85\xdc?\r\x1e\x15\xb4\x85\x19'...
0.371 Received: b'D\xb9r\xa7\x00\x00\x00\x18G\x08\xbf\x93P\x10\x05\xa8\x00\x00\x00\x00'
0.372 Disassembled: source: 17593, dest: 29351, seq: 24, ack: 1191755667, window: 1448, ACK
0.372 Acknowledged seq: 1191754219
0.372 Assembling: source: 29351, dest: 17593, seq: 1191755667, ack: 25, window: 1448, data: b'\xbd\xd2\xd53\xbc4\xf5 h$5\xf1\xf7o\xb2\x18'...
0.373 Sent: b'r\xa7D\xb9G\x08\xbf\x93\x00\x00\x00\x19P\x00\x05\xa8\x00\x00\x00\x00\xbd\xd2\xd53\xbc4\xf5 h$5\xf1\xf7o\xb2\x18'...
0.374 Received: b'D\xb9r\xa7\x00\x00\x00\x18G\x08\xc5;P\x10\x05\xa8\x00\x00\x00\x00'
0.375 Disassembled: source: 17593, dest: 29351, seq: 24, ack: 1191757115, window: 1448, ACK
0.375 Acknowledged seq: 1191755667
0.375 Assembling: source: 29351, dest: 17593, seq: 1191757115, ack: 25, window: 1448, data: b'tj`\x84z\xc8\xa6\x19z\xec\xb3*2\xe7\x87F'...
0.375 Sent: b'r\xa7D\xb9G\x08\xc5;\x00\x00\x00\x19P\x00\x05\xa8\x00\x00\x00\x00tj`\x84z\xc8\xa6\x19z\xec\xb3*2\xe7\x87F'...
0.377 Received: b'D\xb9r\xa7\x00\x00\x00\x18G\x08\xca\xe3P\x10\x05\xa8\x00\x00\x00\x00'
0.377 Disassembled: source: 17593, dest: 29351, seq: 24, ack: 1191758563, window: 1448, ACK
0.377 Acknowledged seq: 1191757115
0.378 Assembling: source: 29351, dest: 17593, seq: 1191758563, ack: 25, window: 1448, data: b'\xf7\xf7\xbc\xca\xdf\xebv\x8e\x12L\xd6\xc5]Vv\xd4'...
0.378 Sent: b'r\xa7D\xb9G\x08\xca\xe3\x00\x00\x00\x19P\x00\x05\xa8\x00\x00\x00\x00\xf7\xf7\xbc\xca\xdf\xebv\x8e\x12L\xd6\xc5]Vv\xd4'...
0.380 Received: b'D\xb9r\xa7\x00\x00\x00\x18G\x08\xd0\x8bP\x10\x05\xa8\x00\x00\x00\x00'
0.380 Disassembled: source: 17593, dest: 29351, seq: 24, ack: 1191760011, window: 1448, ACK
0.380 Acknowledged seq: 1191758563
0.381 Assembling: source: 29351, dest: 17593, seq: 1191760011, ack: 25, window: 1448, data: b'fS\x04-\xd1\xeaAz\xb9\xe7J\xadeZ*\xb0'...
0.381 Sent: b'r\xa7D\xb9G\x08\xd0\x8b\x00\x00\x00\x19P\x00\x05\xa8\x00\x00\x00\x00fS\x04-\xd1\xeaAz\xb9\xe7J\xadeZ*\xb0'...
0.382 Received: b'D\xb9r\xa7\x00\x00\x00\x18G\x08\xd63P\x10\x05\xa8\x00\x00\x00\x00'
0.383 Disassembled: source: 17593, dest: 29351, seq: 24, ack: 1191761459, window: 1448, ACK
0.383 Acknowledged seq: 1191760011
0.383 Assembling: source: 29351, dest: 17593, seq: 1191761459, ack: 25, window: 1448, data: b'\xfd\xf9K\xa4\xc3\xa9\x069\xdfq\xae\x94H\xa0d\x84'...
0.384 Sent: b'r\xa7D\xb9G\x08\xd63\x00\x00\x00\x19P\x00\x05\xa8\x00\x00\x00\x00\xfd\xf9K\xa4\xc3\xa9\x069\xdfq\xae\x94H\xa0d\x84'...
0.385 Received: b'D\xb9r\xa7\x00\x00\x00\x18G\x08\xdb\xdbP\x10\x05\xa8\x00\x00\x00\x00'
0.386 Disassembled: source: 17593, dest: 29351, seq: 24, ack: 1191762907, window: 1448, ACK
0.386 Acknowledged seq: 1191761459
0.386 Assembling: source: 29351, dest: 17593, seq: 1191762907, ack: 25, window: 1448, data: b'\x19:\xb2\xd4\x17\x83\x00\t\x19p\xf0\xf3\xe3\x87\xfd/'...
0.387 Sent: b'r\xa7D\xb9G\x08\xdb\xdb\x00\x00\x00\x19P\x00\x05\xa8\x00\x00\x00\x00\x19:\xb2\xd4\x17\x83\x00\t\x19p\xf0\xf3\xe3\x87\xfd/'...
0.388 Received: b'D\xb9r\xa7\x00\x00\x00\x18G\x08\xe1\x83P\x10\x05\xa8\x00\x00\x00\x00'
0.389 Disassembled: source: 17593, dest: 29351, seq: 24, ack: 1191764355, window: 1448, ACK
0.389 Acknowledged seq: 1191762907
0.389 Assembling: source: 29351, dest: 17593, seq: 1191764355, ack: 25, window: 1448, data: b'\xdf\x99}oj\xe6\x9a\xb4R\x99o\x83\xcc\x0f\xc0\x0e'...
0.390 Sent: b'r\xa7D\xb9G\x08\xe1\x83\x00\x00\x00\x19P\x00\x05\xa8\x00\x00\x00\x00\xdf\x99}oj\xe6\x9a\xb4R\x99o\x83\xcc\x0f\xc0\x0e'...
0.391 Received: b'D\xb9r\xa7\x00\x00\x00\x18G\x08\xe7+P\x10\x05\xa8\x00\x00\x00\x00'
0.392 Disassembled: source: 17593, dest: 29351, seq: 24, ack: 1191765803, window: 1448, ACK
0.392 Acknowledged seq: 1191764355
0.392 Assembling: source: 29351, dest: 17593, seq: 1191765803, ack: 25, window: 1448, data: b"\xff\xc3F\x92\x93~\xd6i<\xe7'4\xc5~\xd9\xbd"...
0.393 Sent: b"r\xa7D\xb9G\x08\xe7+\x00\x00\x00\x19P\x00\x05\xa8\x00\x00\x00\x00\xff\xc3F\x92\x93~\xd6i<\xe7'4\xc5~\xd9\xbd"...
0.394 Received: b'D\xb9r\xa7\x00\x00\x00\x18G\x08\xec\xd3P\x10\x05\xa8\x00\x00\x00\x00'
0.395 Disassembled: source: 17593, dest: 29351, seq: 24, ack: 1191767251, window: 1448, ACK
0.395 Acknowledged seq: 1191765803
0.395 Assembling: source: 29351, dest: 17593, seq: 1191767251, ack: 25, window: 1448, data: b'\x82\xc6\xc7\x04!>wc\xfb\xac\xa4\x90<\xd7\xa2\xc8'...
0.396 Sent: b'r\xa7D\xb9G\x08\xec\xd3\x00\x00\x00\x19P\x00\x05\xa8\x00\x00\x00\x00\x82\xc6\xc7\x04!>wc\xfb\xac\xa4\x90<\xd7\xa2\xc8'...
0.397 Received: b'D\xb9r\xa7\x00\x00\x00\x18G\x08\xf2{P\x10\x05\xa8\x00\x00\x00\x00'
0.398 Disassembled: source: 17593, dest: 29351, seq: 24, ack: 1191768699, window: 1448, ACK
0.398 Acknowledged seq: 1191767251
0.398 Assembling: source: 29351, dest: 17593, seq: 1191768699, ack: 25, window: 1448, data: b'\xf2L&\xea\xe5\xe0@|\xa1\x91*R\x89\xf4\xec\xc1'...
0.399 Sent: b'r\xa7D\xb9G\x08\xf2{\x00\x00\x00\x19P\x00\x05\xa8\x00\x00\x00\x00\xf2L&\xea\xe5\xe0@|\xa1\x91*R\x89\xf4\xec\xc1'...
0.400 Received: b'D\xb9r\xa7\x00\x00\x00\x18G\x08\xf8#P\x10\x05\xa8\x00\x00\x00\x00'
0.401 Disassembled: source: 17593, dest: 29351, seq: 24, ack: 1191770147, window: 1448, ACK
0.401 Acknowledged seq: 1191768699
0.401 Assembling: source: 29351, dest: 17593, seq: 1191770147, ack: 25, window: 1448, data: b'\xe5B\xdf\x1e\xf1\xe9xo\x05\xf1\xfavc\x95\x83K'...
0.402 Sent: b'r\xa7D\xb9G\x08\xf8#\x00\x00\x00\x19P\x00\x05\xa8\x00\x00\x00\x00\xe5B\xdf\x1e\xf1\xe9xo\x05\xf1\xfavc\x95\x83K'...
0.404 Received: b'D\xb9r\xa7\x00\x00\x00\x18G\x08\xfd\xcbP\x10\x05\xa8\x00\x00\x00\x00'
0.404 Disassembled: source: 17593, dest: 29351, seq: 24, ack: 1191771595, window: 1448, ACK
0.404 Acknowledged seq: 1191770147
0.404 Assembling: source: 29351, dest: 17593, seq: 1191771595, ack: 25, window: 1448, data: b'Yx!\xfb&\xefh:*R\xaa\xeb\xdc3\xc0W'...
0.405 Sent: b'r\xa7D\xb9G\x08\xfd\xcb\x00\x00\x00\x19P\x00\x05\xa8\x00\x00\x00\x00Yx!\xfb&\xefh:*R\xaa\xeb\xdc3\xc0W'...
0.407 Received: b'D\xb9r\xa7\x00\x00\x00\x18G\t\x03sP\x10\x05\xa8\x00\x00\x00\x00'
0.407 Disassembled: source: 17593, dest: 29351, seq: 24, ack: 1191773043, window: 1448, ACK
0.407 Acknowledged seq: 1191771595
0.407 Assembling: source: 29351, dest: 17593, seq: 1191773043, ack: 25, window: 1448, data: b'\xc8C\xd6\x0f\x86\xd6*~E\xcf\x1c/\xfdW\xafq'...
0.408 Sent: b'r\xa7D\xb9G\t\x03s\x00\x00\x00\x19P\x00\x05\xa8\x00\x00\x00\x00\xc8C\xd6\x0f\x86\xd6*~E\xcf\x1c/\xfdW\xafq'...
0.410 Received: b'D\xb9r\xa7\x00\x00\x00\x18G\t\t\x1bP\x10\x05\xa8\x00\x00\x00\x00'
0.410 Disassembled: source: 17593, dest: 29351, seq: 24, ack: 1191774491, window: 1448, ACK
0.410 Acknowledged seq: 1191773043
0.411 Assembling: source: 29351, dest: 17593, seq: 1191774491, ack: 25, window: 1448, data: b'W\x9f("\xd4bM\x07`\x19\xfe/@a\xce\x0e'...
0.411 Sent: b'r\xa7D\xb9G\t\t\x1b\x00\x00\x00\x19P\x00\x05\xa8\x00\x00\x00\x00W\x9f("\xd4bM\x07`\x19\xfe/@a\xce\x0e'...
0.413 Received: b'D\xb9r\xa7\x00\x00\x00\x18G\t\x0e\xc3P\x10\x05\xa8\x00\x00\x00\x00'
0.413 Disassembled: source: 17593, dest: 29351, seq: 24, ack: 1191775939, window: 1448, ACK
0.413 Acknowledged seq: 1191774491
0.414 Assembling: source: 29351, dest: 17593, seq: 1191775939, ack: 25, window: 1448, data: b'j\xae\x04\xa6~\xb0>\x9d\x96\xa9\xf8\x7fJq\x97\x90'...
0.414 Sent: b'r\xa7D\xb9G\t\x0e\xc3\x00\x00\x00\x19P\x00\x05\xa8\x00\x00\x00\x00j\xae\x04\xa6~\xb0>\x9d\x96\xa9\xf8\x7fJq\x97\x90'...
0.416 Received: b'D\xb9r\xa7\x00\x00\x00\x18G\t\x14kP\x10\x05\xa8\x00\x00\x00\x00'
0.416 Disassembled: source: 17593, dest: 29351, seq: 24, ack: 1191777387, window: 1448, ACK
0.416 Acknowledged seq: 1191775939
0.417 Assembling: source: 29351, dest: 17593, seq: 1191777387, ack: 25, window: 1448, data: b'!W\x0e\x7f\xeb\xfa\xf7\x84;\xf90<\xc3\xcb\xce\xe7'...
0.417 Sent: b'r\xa7D\xb9G\t\x14k\x00\x00\x00\x19P\x00\x05\xa8\x00\x00\x00\x00!W\x0e\x7f\xeb\xfa\xf7\x84;\xf90<\xc3\xcb\xce\xe7'...
0.419 Received: b'D\xb9r\xa7\x00\x00\x00\x18G\t\x1a\x13P\x10\x05\xa8\x00\x00\x00\x00'
0.419 Disassembled: source: 17593, dest: 29351, seq: 24, ack: 1191778835, window: 1448, ACK
0.419 Acknowledged seq: 1191777387
0.420 Assembling: source: 29351, dest: 17593, seq: 1191778835, ack: 25, window: 1448, data: b'\r\x1f \xa7\xab_v2H\x94\x0f\xa4\x84\xb1\x91\x1f'...
0.420 Sent: b'r\xa7D\xb9G\t\x1a\x13\x00\x00\x00\x19P\x00\x05\xa8\x00\x00\x00\x00\r\x1f \xa7\xab_v2H\x94\x0f\xa4\x84\xb1\x91\x1f'...
0.422 Received: b'D\xb9r\xa7\x00\x00\x00\x18G\t\x1f\xbbP\x10\x05\xa8\x00\x00\x00\x00'
0.422 Disassembled: source: 17593, dest: 29351, seq: 24, ack: 1191780283, window: 1448, ACK
0.423 Acknowledged seq: 1191778835
0.423 Assembling: source: 29351, dest: 17593, seq: 1191780283, ack: 25, window: 1448, data: b'\xc9\xefG\xda|\x84n~\xe0\x8c\x0f\xaa\xe8\xe9vT'...
0.423 Sent: b'r\xa7D\xb9G\t\x1f\xbb\x00\x00\x00\x19P\x00\x05\xa8\x00\x00\x00\x00\xc9\xefG\xda|\x84n~\xe0\x8c\x0f\xaa\xe8\xe9vT'...
0.425 Received: b'D\xb9r\xa7\x00\x00\x00\x18G\t%cP\x10\x05\xa8\x00\x00\x00\x00'
0.425 Disassembled: source: 17593, dest: 29351, seq: 24, ack: 1191781731, window: 1448, ACK
0.426 Acknowledged seq: 1191780283
0.426 Assembling: source: 29351, dest: 17593, seq: 1191781731, ack: 25, window: 1448, data: b'\xf4a7\x0b\xd1u\xf2\x84\xa1\x199E\x15k\xecg'...
0.426 Sent: b'r\xa7D\xb9G\t%c\x00\x00\x00\x19P\x00\x05\xa8\x00\x00\x00\x00\xf4a7\x0b\xd1u\xf2\x84\xa1\x199E\x15k\xecg'...
0.428 Received: b'D\xb9r\xa7\x00\x00\x00\x18G\t+\x0bP\x10\x05\xa8\x00\x00\x00\x00'
0.429 Disassembled: source: 17593, dest: 29351, seq: 24, ack: 1191783179, window: 1448, ACK
0.429 Acknowledged seq: 1191781731
0.429 Assembling: source: 29351, dest: 17593, seq: 1191783179, ack: 25, window: 1448, data: b'\xcdb\xce\x0e"\xdf\x18A;\x9d\xb0\x0f!\xb9^o'...
0.429 Sent: b'r\xa7D\xb9G\t+\x0b\x00\x00\x00\x19P\x00\x05\xa8\x00\x00\x00\x00\xcdb\xce\x0e"\xdf\x18A;\x9d\xb0\x0f!\xb9^o'...
0.431 Received: b'D\xb9r\xa7\x00\x00\x00\x18G\t0\xb3P\x10\x05\xa8\x00\x00\x00\x00'
0.432 Disassembled: source: 17593, dest: 29351, seq: 24, ack: 1191784627, window: 1448, ACK
0.432 Acknowledged seq: 1191783179
0.432 Assembling: source: 29351, dest: 17593, seq: 1191784627, ack: 25, window: 1448, data: b'\xb0V\x92n\x89\xb8D\xe9\x80\xf8\xcb% \xe3}2'...
0.433 Sent: b'r\xa7D\xb9G\t0\xb3\x00\x00\x00\x19P\x00\x05\xa8\x00\x00\x00\x00\xb0V\x92n\x89\xb8D\xe9\x80\xf8\xcb% \xe3}2'...
0.434 Received: b'D\xb9r\xa7\x00\x00\x00\x18G\t6[P\x10\x05\xa8\x00\x00\x00\x00'
0.435 Disassembled: source: 17593, dest: 29351, seq: 24, ack: 1191786075, window: 1448, ACK
0.435 Acknowledged seq: 1191784627
0.435 Assembling: source: 29351, dest: 17593, seq: 1191786075, ack: 25, window: 1448, data: b'\x97\xaf[V>~\xd9\xce\x04\xb5\xd7U\x1e~\x14S'...
0.436 Sent: b'r\xa7D\xb9G\t6[\x00\x00\x00\x19P\x00\x05\xa8\x00\x00\x00\x00\x97\xaf[V>~\xd9\xce\x04\xb5\xd7U\x1e~\x14S'...
0.438 Received: b'D\xb9r\xa7\x00\x00\x00\x18G\t<\x03P\x10\x05\xa8\x00\x00\x00\x00'
0.438 Disassembled: source: 17593, dest: 29351, seq: 24, ack: 1191787523, window: 1448, ACK
0.438 Acknowledged seq: 1191786075
0.439 Assembling: source: 29351, dest: 17593, seq: 1191787523, ack: 25, window: 1448, data: b'\xacC\x86Y\x85\x8dV\xff\x13\x9b\xac\xbf\x13\xf0\xcc\xa6'...
0.439 Sent: b'r\xa7D\xb9G\t<\x03\x00\x00\x00\x19P\x00\x05\xa8\x00\x00\x00\x00\xacC\x86Y\x85\x8dV\xff\x13\x9b\xac\xbf\x13\xf0\xcc\xa6'...
0.441 Received: b'D\xb9r\xa7\x00\x00\x00\x18G\tA\xabP\x10\x05\xa8\x00\x00\x00\x00'
0.441 Disassembled: source: 17593, dest: 29351, seq: 24, ack: 1191788971, window: 1448, ACK
0.441 Acknowledged seq: 1191787523
0.442 Assembling: source: 29351, dest: 17593, seq: 1191788971, ack: 25, window: 1448, data: b'\xea\x05\xc3\xf8\x12\x99\x8a)?\xa7\x90w\x19\xefJ\x8e'...
0.442 Sent: b'r\xa7D\xb9G\tA\xab\x00\x00\x00\x19P\x00\x05\xa8\x00\x00\x00\x00\xea\x05\xc3\xf8\x12\x99\x8a)?\xa7\x90w\x19\xefJ\x8e'...
0.444 Received: b'D\xb9r\xa7\x00\x00\x00\x18G\tGSP\x10\x05\xa8\x00\x00\x00\x00'
0.444 Disassembled: source: 17593, dest: 29351, seq: 24, ack: 1191790419, window: 1448, ACK
0.444 Acknowledged seq: 1191788971
0.445 Assembling: source: 29351, dest: 17593, seq: 1191790419, ack: 25, window: 1448, data: b'f\xc0\x8bp\x04\xb9\x9f\x81\xf7\xe2&5|\xbeh\xc1'...
0.445 Sent: b'r\xa7D\xb9G\tGS\x00\x00\x00\x19P\x00\x05\xa8\x00\x00\x00\x00f\xc0\x8bp\x04\xb9\x9f\x81\xf7\xe2&5|\xbeh\xc1'...
0.447 Received: b'D\xb9r\xa7\x00\x00\x00\x18G\tL\xfbP\x10\x05\xa8\x00\x00\x00\x00'
0.447 Disassembled: source: 17593, dest: 29351, seq: 24, ack: 1191791867, window: 1448, ACK
0.448 Acknowledged seq: 1191790419
0.448 Assembling: source: 29351, dest: 17593, seq: 1191791867, ack: 25, window: 1448, data: b'\xa3\xe9\xf20\xdd\xf7\x9e0\xf0\x88\x7fv\xa4\xdf6\x17'...
0.448 Sent: b'r\xa7D\xb9G\tL\xfb\x00\x00\x00\x19P\x00\x05\xa8\x00\x00\x00\x00\xa3\xe9\xf20\xdd\xf7\x9e0\xf0\x88\x7fv\xa4\xdf6\x17'...
0.450 Received: b'D\xb9r\xa7\x00\x00\x00\x18G\tR\xa3P\x10\x05\xa8\x00\x00\x00\x00'
0.450 Disassembled: source: 17593, dest: 29351, seq: 24, ack: 1191793315, window: 1448, ACK
0.451 Acknowledged seq: 1191791867
0.451 Assembling: source: 29351, dest: 17593, seq: 1191793315, ack: 25, window: 1448, data: b'8\x00J\x8a\xd6\x9bb\xd4\xcc\x9a2?sxb\xfb'...
0.451 Sent: b'r\xa7D\xb9G\tR\xa3\x00\x00\x00\x19P\x00\x05\xa8\x00\x00\x00\x008\x00J\x8a\xd6\x9bb\xd4\xcc\x9a2?sxb\xfb'...
0.453 Received: b'D\xb9r\xa7\x00\x00\x00\x18G\tXKP\x10\x05\xa8\x00\x00\x00\x00'
0.454 Disassembled: source: 17593, dest: 29351, seq: 24, ack: 1191794763, window: 1448, ACK
0.454 Acknowledged seq: 1191793315
0.454 Assembling: source: 29351, dest: 17593, seq: 1191794763, ack: 25, window: 1448, data: b'\x1eb\x8f}\x86\xcf\xd7<\xc1.M\xbeN\xecd{'...
0.454 Sent: b'r\xa7D\xb9G\tXK\x00\x00\x00\x19P\x00\x05\xa8\x00\x00\x00\x00\x1eb\x8f}\x86\xcf\xd7<\xc1.M\xbeN\xecd{'...
0.456 Received: b'D\xb9r\xa7\x00\x00\x00\x18G\t]\xf3P\x10\x05\xa8\x00\x00\x00\x00'
0.457 Disassembled: source: 17593, dest: 29351, seq: 24, ack: 1191796211, window: 1448, ACK
0.457 Acknowledged seq: 1191794763
0.457 Assembling: source: 29351, dest: 17593, seq: 1191796211, ack: 25, window: 1448, data: b"g\x9f\xd8tl\xa0<B\xf5'\xe9lV\xf4\xe9^"...
0.458 Sent: b"r\xa7D\xb9G\t]\xf3\x00\x00\x00\x19P\x00\x05\xa8\x00\x00\x00\x00g\x9f\xd8tl\xa0<B\xf5'\xe9lV\xf4\xe9^"...
0.459 Received: b'D\xb9r\xa7\x00\x00\x00\x18G\tc\x9bP\x10\x05\xa8\x00\x00\x00\x00'
0.460 Disassembled: source: 17593, dest: 29351, seq: 24, ack: 1191797659, window: 1448, ACK
0.460 Acknowledged seq: 1191796211
0.460 Assembling: source: 29351, dest: 17593, seq: 1191797659, ack: 25, window: 1448, data: b'\xcc|d\xe9\x0f\rn\xa9nc\xae\x15\xeekm\x93'...
0.461 Sent: b'r\xa7D\xb9G\tc\x9b\x00\x00\x00\x19P\x00\x05\xa8\x00\x00\x00\x00\xcc|d\xe9\x0f\rn\xa9nc\xae\x15\xeekm\x93'...
0.462 Received: b'D\xb9r\xa7\x00\x00\x00\x18G\tiCP\x10\x05\xa8\x00\x00\x00\x00'
0.463 Disassembled: source: 17593, dest: 29351, seq: 24, ack: 1191799107, window: 1448, ACK
0.463 Acknowledged seq: 1191797659
0.463 Assembling: source: 29351, dest: 17593, seq: 1191799107, ack: 25, window: 1448, data: b'l\xef\xb9\xbbE\x84\x89s>\x0f\x1cP\x1er\xdb\xe8'...
0.463 Sent: b'r\xa7D\xb9G\tiC\x00\x00\x00\x19P\x00\x05\xa8\x00\x00\x00\x00l\xef\xb9\xbbE\x84\x89s>\x0f\x1cP\x1er\xdb\xe8'...
0.465 Received: b'D\xb9r\xa7\x00\x00\x00\x18G\tn\xebP\x10\x05\xa8\x00\x00\x00\x00'
0.466 Disassembled: source: 17593, dest: 29351, seq: 24, ack: 1191800555, window: 1448, ACK
0.466 Acknowledged seq: 1191799107
0.466 Assembling: source: 29351, dest: 17593, seq: 1191800555, ack: 25, window: 1448, data: b'k\x02\x8bb\x0cM\x8f*Y\xa9jVBP\xf1\xb4'...
0.466 Sent: b'r\xa7D\xb9G\tn\xeb\x00\x00\x00\x19P\x00\x05\xa8\x00\x00\x00\x00k\x02\x8bb\x0cM\x8f*Y\xa9jVBP\xf1\xb4'...
0.468 Received: b'D\xb9r\xa7\x00\x00\x00\x18G\tt\x93P\x10\x05\xa8\x00\x00\x00\x00'
0.468 Disassembled: source: 17593, dest: 29351, seq: 24, ack: 1191802003, window: 1448, ACK
0.469 Acknowledged seq: 1191800555
0.469 Assembling: source: 29351, dest: 17593, seq: 1191802003, ack: 25, window: 1448, data: b'\xbe\x11\xde\xbe_\x06\xf91\xa5\x8cz[Q\x00g\x85'...
0.469 Sent: b'r\xa7D\xb9G\tt\x93\x00\x00\x00\x19P\x00\x05\xa8\x00\x00\x00\x00\xbe\x11\xde\xbe_\x06\xf91\xa5\x8cz[Q\x00g\x85'...
0.471 Received: b'D\xb9r\xa7\x00\x00\x00\x18G\tz;P\x10\x05\xa8\x00\x00\x00\x00'
0.471 Disassembled: source: 17593, dest: 29351, seq: 24, ack: 1191803451, window: 1448, ACK
0.472 Acknowledged seq: 1191802003
0.472 Assembling: source: 29351, dest: 17593, seq: 1191803451, ack: 25, window: 1448, data: b'`\xa4\xcf"8\xa5\xdb"\xb3d\xacJ\x93\xa1\xfaY'...
0.472 Sent: b'r\xa7D\xb9G\tz;\x00\x00\x00\x19P\x00\x05\xa8\x00\x00\x00\x00`\xa4\xcf"8\xa5\xdb"\xb3d\xacJ\x93\xa1\xfaY'...
0.474 Received: b'D\xb9r\xa7\x00\x00\x00\x18G\t\x7f\xe3P\x10\x05\xa8\x00\x00\x00\x00'
0.474 Disassembled: source: 17593, dest: 29351, seq: 24, ack: 1191804899, window: 1448, ACK
0.475 Acknowledged seq: 1191803451
0.475 Assembling: source: 29351, dest: 17593, seq: 1191804899, ack: 25, window: 1448, data: b'\xf0\xf3\x8a[v\xe0r\xff8\xa3\xa4\xef\xf8\xcb\xa3\xf9'...
0.475 Sent: b'r\xa7D\xb9G\t\x7f\xe3\x00\x00\x00\x19P\x00\x05\xa8\x00\x00\x00\x00\xf0\xf3\x8a[v\xe0r\xff8\xa3\xa4\xef\xf8\xcb\xa3\xf9'...
0.477 Received: b'D\xb9r\xa7\x00\x00\x00\x18G\t\x85\x8bP\x10\x05\xa8\x00\x00\x00\x00'
0.477 Disassembled: source: 17593, dest: 29351, seq: 24, ack: 1191806347, window: 1448, ACK
0.478 Acknowledged seq: 1191804899
0.478 Assembling: source: 29351, dest: 17593, seq: 1191806347, ack: 25, window: 1448, data: b'\xf3\xc0\x9eWx\xf1y\xbe\xf8\xf0\x1c\xe3}h\x8fn'...
0.478 Sent: b'r\xa7D\xb9G\t\x85\x8b\x00\x00\x00\x19P\x00\x05\xa8\x00\x00\x00\x00\xf3\xc0\x9eWx\xf1y\xbe\xf8\xf0\x1c\xe3}h\x8fn'...
0.480 Received: b'D\xb9r\xa7\x00\x00\x00\x18G\t\x8b3P\x10\x05\xa8\x00\x00\x00\x00'
0.480 Disassembled: source: 17593, dest: 29351, seq: 24, ack: 1191807795, window: 1448, ACK
0.481 Acknowledged seq: 1191806347
0.481 Assembling: source: 29351, dest: 17593, seq: 1191807795, ack: 25, window: 1448, data: b'C\xda=\x8c\xea\xc1\xa5\x8aG(\xef\xbb\xb2\x04\xffT'...
0.481 Sent: b'r\xa7D\xb9G\t\x8b3\x00\x00\x00\x19P\x00\x05\xa8\x00\x00\x00\x00C\xda=\x8c\xea\xc1\xa5\x8aG(\xef\xbb\xb2\x04\xffT'...
0.483 Received: b'D\xb9r\xa7\x00\x00\x00\x18G\t\x90\xdbP\x10\x05\xa8\x00\x00\x00\x00'
0.483 Disassembled: source: 17593, dest: 29351, seq: 24, ack: 1191809243, window: 1448, ACK
0.484 Acknowledged seq: 1191807795
0.484 Assembling: source: 29351, dest: 17593, seq: 1191809243, ack: 25, window: 1448, data: b'\xca4\x1c\xe2\x07\x96W\xdb\xed\xb4o!\xbe\xfb\x17\x8f'...
0.484 Sent: b'r\xa7D\xb9G\t\x90\xdb\x00\x00\x00\x19P\x00\x05\xa8\x00\x00\x00\x00\xca4\x1c\xe2\x07\x96W\xdb\xed\xb4o!\xbe\xfb\x17\x8f'...
0.486 Received: b'D\xb9r\xa7\x00\x00\x00\x18G\t\x96\x83P\x10\x05\xa8\x00\x00\x00\x00'
0.486 Disassembled: source: 17593, dest: 29351, seq: 24, ack: 1191810691, window: 1448, ACK
0.486 Acknowledged seq: 1191809243
0.487 Assembling: source: 29351, dest: 17593, seq: 1191810691, ack: 25, window: 1448, data: b'\xd7A\xbb"\x1f\xbd\x10}A\xb8C+K\x13\xa9\x7f'...
0.487 Sent: b'r\xa7D\xb9G\t\x96\x83\x00\x00\x00\x19P\x00\x05\xa8\x00\x00\x00\x00\xd7A\xbb"\x1f\xbd\x10}A\xb8C+K\x13\xa9\x7f'...
0.489 Received: b'D\xb9r\xa7\x00\x00\x00\x18G\t\x9c+P\x10\x05\xa8\x00\x00\x00\x00'
0.489 Disassembled: source: 17593, dest: 29351, seq: 24, ack: 1191812139, window: 1448, ACK
0.489 Acknowledged seq: 1191810691
0.490 Assembling: source: 29351, dest: 17593, seq: 1191812139, ack: 25, window: 1448, data: b'\xdejF\xa1\x0b*\xdf\xbbX\xab\xdc\x15$Y\x0f\x13'...
0.490 Sent: b'r\xa7D\xb9G\t\x9c+\x00\x00\x00\x19P\x00\x05\xa8\x00\x00\x00\x00\xdejF\xa1\x0b*\xdf\xbbX\xab\xdc\x15$Y\x0f\x13'...
0.492 Received: b'D\xb9r\xa7\x00\x00\x00\x18G\t\xa1\xd3P\x10\x05\xa8\x00\x00\x00\x00'
0.492 Disassembled: source: 17593, dest: 29351, seq: 24, ack: 1191813587, window: 1448, ACK
0.492 Acknowledged seq: 1191812139
0.493 Assembling: source: 29351, dest: 17593, seq: 1191813587, ack: 25, window: 1448, data: b'YJ\xf8\xe4e\x13<\x9e\xab\xdf,f\x96\x1d\rP'...
0.493 Sent: b'r\xa7D\xb9G\t\xa1\xd3\x00\x00\x00\x19P\x00\x05\xa8\x00\x00\x00\x00YJ\xf8\xe4e\x13<\x9e\xab\xdf,f\x96\x1d\rP'...
0.495 Received: b'D\xb9r\xa7\x00\x00\x00\x18G\t\xa7{P\x10\x05\xa8\x00\x00\x00\x00'
0.495 Disassembled: source: 17593, dest: 29351, seq: 24, ack: 1191815035, window: 1448, ACK
0.496 Acknowledged seq: 1191813587
0.496 Assembling: source: 29351, dest: 17593, seq: 1191815035, ack: 25, window: 1448, data: b'w#|\xe3\xeb\xe4F\x8b4/\xb33xD\xe7V'...
0.496 Sent: b'r\xa7D\xb9G\t\xa7{\x00\x00\x00\x19P\x00\x05\xa8\x00\x00\x00\x00w#|\xe3\xeb\xe4F\x8b4/\xb33xD\xe7V'...
0.498 Received: b'D\xb9r\xa7\x00\x00\x00\x18G\t\xad#P\x10\x05\xa8\x00\x00\x00\x00'
0.498 Disassembled: source: 17593, dest: 29351, seq: 24, ack: 1191816483, window: 1448, ACK
0.498 Acknowledged seq: 1191815035
0.499 Assembling: source: 29351, dest: 17593, seq: 1191816483, ack: 25, window: 1448, data: b'\x0f\xd4\x16\xbe\x13\x84\xb9B\x98\x11\x1e\n\x8e\xd9>\x0f'...
0.499 Sent: b'r\xa7D\xb9G\t\xad#\x00\x00\x00\x19P\x00\x05\xa8\x00\x00\x00\x00\x0f\xd4\x16\xbe\x13\x84\xb9B\x98\x11\x1e\n\x8e\xd9>\x0f'...
0.501 Received: b'D\xb9r\xa7\x00\x00\x00\x18G\t\xb2\xcbP\x10\x05\xa8\x00\x00\x00\x00'
0.501 Disassembled: source: 17593, dest: 29351, seq: 24, ack: 1191817931, window: 1448, ACK
0.502 Acknowledged seq: 1191816483
0.502 Assembling: source: 29351, dest: 17593, seq: 1191817931, ack: 25, window: 1448, data: b'\x0f\x07\xf5\xfbWv\xad\xd3\xef\xe9\x01\x99%/XL'...
0.502 Sent: b'r\xa7D\xb9G\t\xb2\xcb\x00\x00\x00\x19P\x00\x05\xa8\x00\x00\x00\x00\x0f\x07\xf5\xfbWv\xad\xd3\xef\xe9\x01\x99%/XL'...
0.504 Received: b'D\xb9r\xa7\x00\x00\x00\x18G\t\xb8sP\x10\x05\xa8\x00\x00\x00\x00'
0.504 Disassembled: source: 17593, dest: 29351, seq: 24, ack: 1191819379, window: 1448, ACK
0.505 Acknowledged seq: 1191817931
0.505 Assembling: source: 29351, dest: 17593, seq: 1191819379, ack: 25, window: 1448, data: b'\x08&\xbbp\xa4J\x99\x7f\xf0\xa8-\xc7\x9c\x8b\x8a\xfd'...
0.505 Sent: b'r\xa7D\xb9G\t\xb8s\x00\x00\x00\x19P\x00\x05\xa8\x00\x00\x00\x00\x08&\xbbp\xa4J\x99\x7f\xf0\xa8-\xc7\x9c\x8b\x8a\xfd'...
0.507 Received: b'D\xb9r\xa7\x00\x00\x00\x18G\t\xbe\x1bP\x10\x05\xa8\x00\x00\x00\x00'
0.507 Disassembled: source: 17593, dest: 29351, seq: 24, ack: 1191820827, window: 1448, ACK
0.508 Acknowledged seq: 1191819379
0.508 Assembling: source: 29351, dest: 17593, seq: 1191820827, ack: 25, window: 1448, data: b'\xa3\xa8\xbc\xb6\x1be\xfb\x82\n\xe9\r\xed\x9bg\x87\xfe'...
0.508 Sent: b'r\xa7D\xb9G\t\xbe\x1b\x00\x00\x00\x19P\x00\x05\xa8\x00\x00\x00\x00\xa3\xa8\xbc\xb6\x1be\xfb\x82\n\xe9\r\xed\x9bg\x87\xfe'...
0.510 Received: b'D\xb9r\xa7\x00\x00\x00\x18G\t\xc3\xc3P\x10\x05\xa8\x00\x00\x00\x00'
0.510 Disassembled: source: 17593, dest: 29351, seq: 24, ack: 1191822275, window: 1448, ACK
0.511 Acknowledged seq: 1191820827
0.511 Assembling: source: 29351, dest: 17593, seq: 1191822275, ack: 25, window: 1448, data: b'\x1e\xbc.\x95\x1aW\x1d.\xe7\xda\xc9W\xb7\x89\x1e\xc1'...
0.511 Sent: b'r\xa7D\xb9G\t\xc3\xc3\x00\x00\x00\x19P\x00\x05\xa8\x00\x00\x00\x00\x1e\xbc.\x95\x1aW\x1d.\xe7\xda\xc9W\xb7\x89\x1e\xc1'...
0.513 Received: b'D\xb9r\xa7\x00\x00\x00\x18G\t\xc9kP\x10\x05\xa8\x00\x00\x00\x00'
0.513 Disassembled: source: 17593, dest: 29351, seq: 24, ack: 1191823723, window: 1448, ACK
0.514 Acknowledged seq: 1191822275
0.514 Assembling: source: 29351, dest: 17593, seq: 1191823723, ack: 25, window: 1448, data: b'\xa2\x93\x8b\xc8\xdd\x99\xfc;B\xe9\x15\x1dB\xebE\x8c'...
0.514 Sent: b'r\xa7D\xb9G\t\xc9k\x00\x00\x00\x19P\x00\x05\xa8\x00\x00\x00\x00\xa2\x93\x8b\xc8\xdd\x99\xfc;B\xe9\x15\x1dB\xebE\x8c'...
0.516 Received: b'D\xb9r\xa7\x00\x00\x00\x18G\t\xcf\x13P\x10\x05\xa8\x00\x00\x00\x00'
0.516 Disassembled: source: 17593, dest: 29351, seq: 24, ack: 1191825171, window: 1448, ACK
0.517 Acknowledged seq: 1191823723
0.517 Assembling: source: 29351, dest: 17593, seq: 1191825171, ack: 25, window: 1448, data: b'\x1c\xc8\xa8\xc6\xb6\xda \xa4\xd7{\x92\xc32\xb2"\xc7'...
0.517 Sent: b'r\xa7D\xb9G\t\xcf\x13\x00\x00\x00\x19P\x00\x05\xa8\x00\x00\x00\x00\x1c\xc8\xa8\xc6\xb6\xda \xa4\xd7{\x92\xc32\xb2"\xc7'...
0.519 Received: b'D\xb9r\xa7\x00\x00\x00\x18G\t\xd4\xbbP\x10\x05\xa8\x00\x00\x00\x00'
0.520 Disassembled: source: 17593, dest: 29351, seq: 24, ack: 1191826619, window: 1448, ACK
0.520 Acknowledged seq: 1191825171
0.520 Assembling: source: 29351, dest: 17593, seq: 1191826619, ack: 25, window: 1448, data: b's\x15\x88r\x93~[\xba\xaa\xf0\x0c=nl\n\t'...
0.521 Sent: b'r\xa7D\xb9G\t\xd4\xbb\x00\x00\x00\x19P\x00\x05\xa8\x00\x00\x00\x00s\x15\x88r\x93~[\xba\xaa\xf0\x0c=nl\n\t'...
0.522 Received: b'D\xb9r\xa7\x00\x00\x00\x18G\t\xdacP\x10\x05\xa8\x00\x00\x00\x00'
0.523 Disassembled: source: 17593, dest: 29351, seq: 24, ack: 1191828067, window: 1448, ACK
0.523 Acknowledged seq: 1191826619
0.523 Assembling: source: 29351, dest: 17593, seq: 1191828067, ack: 25, window: 1448, data: b'V\x94,a\xb98\xb3c\x86E\x9d*C\xdc}\x18'...
0.524 Sent: b'r\xa7D\xb9G\t\xdac\x00\x00\x00\x19P\x00\x05\xa8\x00\x00\x00\x00V\x94,a\xb98\xb3c\x86E\x9d*C\xdc}\x18'...
0.525 Received: b'D\xb9r\xa7\x00\x00\x00\x18G\t\xe0\x0bP\x10\x05\xa8\x00\x00\x00\x00'
0.526 Disassembled: source: 17593, dest: 29351, seq: 24, ack: 1191829515, window: 1448, ACK
0.526 Acknowledged seq: 1191828067
0.526 Assembling: source: 29351, dest: 17593, seq: 1191829515, ack: 25, window: 1448, data: b'\x1c\xde\xb6\x0c\x19\nT?nZ\x13w:,s\xac'...
0.527 Sent: b'r\xa7D\xb9G\t\xe0\x0b\x00\x00\x00\x19P\x00\x05\xa8\x00\x00\x00\x00\x1c\xde\xb6\x0c\x19\nT?nZ\x13w:,s\xac'...
0.528 Received: b'D\xb9r\xa7\x00\x00\x00\x18G\t\xe5\xb3P\x10\x05\xa8\x00\x00\x00\x00'
0.529 Disassembled: source: 17593, dest: 29351, seq: 24, ack: 1191830963, window: 1448, ACK
0.529 Acknowledged seq: 1191829515
0.529 Assembling: source: 29351, dest: 17593, seq: 1191830963, ack: 25, window: 1448, data: b'g\xe2\x89)\ne\xe5b\x95\xfd\xfe\xd78\xc5\xa9\xb9'...
0.530 Sent: b'r\xa7D\xb9G\t\xe5\xb3\x00\x00\x00\x19P\x00\x05\xa8\x00\x00\x00\x00g\xe2\x89)\ne\xe5b\x95\xfd\xfe\xd78\xc5\xa9\xb9'...
0.531 Received: b'D\xb9r\xa7\x00\x00\x00\x18G\t\xeb[P\x10\x05\xa8\x00\x00\x00\x00'
0.532 Disassembled: source: 17593, dest: 29351, seq: 24, ack: 1191832411, window: 1448, ACK
0.532 Acknowledged seq: 1191830963
0.532 Assembling: source: 29351, dest: 17593, seq: 1191832411, ack: 25, window: 1448, data: b'\xa2\xb0\xad\xf6\xf8,\x87\xab\x9c\x97\xe5\x96hy;t'...
0.533 Sent: b'r\xa7D\xb9G\t\xeb[\x00\x00\x00\x19P\x00\x05\xa8\x00\x00\x00\x00\xa2\xb0\xad\xf6\xf8,\x87\xab\x9c\x97\xe5\x96hy;t'...
0.534 Received: b'D\xb9r\xa7\x00\x00\x00\x18G\t\xf1\x03P\x10\x05\xa8\x00\x00\x00\x00'
0.535 Disassembled: source: 17593, dest: 29351, seq: 24, ack: 1191833859, window: 1448, ACK
0.535 Acknowledged seq: 1191832411
0.535 Assembling: source: 29351, dest: 17593, seq: 1191833859, ack: 25, window: 1448, data: b'(\x82\xbd\xba\xf5\x87r}!\xa8_\x1f\x94\x82\x89D'...
0.536 Sent: b'r\xa7D\xb9G\t\xf1\x03\x00\x00\x00\x19P\x00\x05\xa8\x00\x00\x00\x00(\x82\xbd\xba\xf5\x87r}!\xa8_\x1f\x94\x82\x89D'...
0.538 Received: b'D\xb9r\xa7\x00\x00\x00\x18G\t\xf6\xabP\x10\x05\xa8\x00\x00\x00\x00'
0.538 Disassembled: source: 17593, dest: 29351, seq: 24, ack: 1191835307, window: 1448, ACK
0.538 Acknowledged seq: 1191833859
0.538 Assembling: source: 29351, dest: 17593, seq: 1191835307, ack: 25, window: 1448, data: b'\x17\xf6n~2\xe0<\xe5sW}8\xae\x17\x84k'...
0.539 Sent: b'r\xa7D\xb9G\t\xf6\xab\x00\x00\x00\x19P\x00\x05\xa8\x00\x00\x00\x00\x17\xf6n~2\xe0<\xe5sW}8\xae\x17\x84k'...
0.541 Received: b'D\xb9r\xa7\x00\x00\x00\x18G\t\xfcSP\x10\x05\xa8\x00\x00\x00\x00'
0.541 Disassembled: source: 17593, dest: 29351, seq: 24, ack: 1191836755, window: 1448, ACK
0.541 Acknowledged seq: 1191835307
0.542 Assembling: source: 29351, dest: 17593, seq: 1191836755, ack: 25, window: 1448, data: b'\xad\x06\xc6\xc4\xd2\xa4`g\xc4\x1a94u\xf2\xe9\xd1'...
0.542 Sent: b'r\xa7D\xb9G\t\xfcS\x00\x00\x00\x19P\x00\x05\xa8\x00\x00\x00\x00\xad\x06\xc6\xc4\xd2\xa4`g\xc4\x1a94u\xf2\xe9\xd1'...
0.544 Received: b'D\xb9r\xa7\x00\x00\x00\x18G\n\x01\xfbP\x10\x05\xa8\x00\x00\x00\x00'
0.544 Disassembled: source: 17593, dest: 29351, seq: 24, ack: 1191838203, window: 1448, ACK
0.544 Acknowledged seq: 1191836755
0.545 Assembling: source: 29351, dest: 17593, seq: 1191838203, ack: 25, window: 1448, data: b'Yb\\\xf0\x90\n}4w\xd6\x8b\x8du\xaf\xb6v'...
0.545 Sent: b'r\xa7D\xb9G\n\x01\xfb\x00\x00\x00\x19P\x00\x05\xa8\x00\x00\x00\x00Yb\\\xf0\x90\n}4w\xd6\x8b\x8du\xaf\xb6v'...
0.547 Received: b'D\xb9r\xa7\x00\x00\x00\x18G\n\x07\xa3P\x10\x05\xa8\x00\x00\x00\x00'
0.547 Disassembled: source: 17593, dest: 29351, seq: 24, ack: 1191839651, window: 1448, ACK
0.548 Acknowledged seq: 1191838203
0.548 Assembling: source: 29351, dest: 17593, seq: 1191839651, ack: 25, window: 1448, data: b'S0\x8c\xdc\xfa_\xc94%\n\x85\xd8\x1c\x88\xaaP'...
0.548 Sent: b'r\xa7D\xb9G\n\x07\xa3\x00\x00\x00\x19P\x00\x05\xa8\x00\x00\x00\x00S0\x8c\xdc\xfa_\xc94%\n\x85\xd8\x1c\x88\xaaP'...
0.550 Received: b'D\xb9r\xa7\x00\x00\x00\x18G\n\rKP\x10\x05\xa8\x00\x00\x00\x00'
0.550 Disassembled: source: 17593, dest: 29351, seq: 24, ack: 1191841099, window: 1448, ACK
0.551 Acknowledged seq: 1191839651
0.551 Assembling: source: 29351, dest: 17593, seq: 1191841099, ack: 25, window: 1448, data: b'coU\xc3E\x80t\x1c\xb4z\x97L\xe6F\xb4\xbe'...
0.551 Sent: b'r\xa7D\xb9G\n\rK\x00\x00\x00\x19P\x00\x05\xa8\x00\x00\x00\x00coU\xc3E\x80t\x1c\xb4z\x97L\xe6F\xb4\xbe'...
0.553 Received: b'D\xb9r\xa7\x00\x00\x00\x18G\n\x12\xf3P\x10\x05\xa8\x00\x00\x00\x00'
0.554 Disassembled: source: 17593, dest: 29351, seq: 24, ack: 1191842547, window: 1448, ACK
0.554 Acknowledged seq: 1191841099
0.554 Assembling: source: 29351, dest: 17593, seq: 1191842547, ack: 25, window: 1448, data: b'\xcb\xfeI\xa2\x83\xa4s,\x1e\xd5\xee\rQq\x19\xc5'...
0.554 Sent: b'r\xa7D\xb9G\n\x12\xf3\x00\x00\x00\x19P\x00\x05\xa8\x00\x00\x00\x00\xcb\xfeI\xa2\x83\xa4s,\x1e\xd5\xee\rQq\x19\xc5'...
0.556 Received: b'D\xb9r\xa7\x00\x00\x00\x18G\n\x18\x9bP\x10\x05\xa8\x00\x00\x00\x00'
0.557 Disassembled: source: 17593, dest: 29351, seq: 24, ack: 1191843995, window: 1448, ACK
0.557 Acknowledged seq: 1191842547
0.557 Assembling: source: 29351, dest: 17593, seq: 1191843995, ack: 25, window: 1448, data: b'\xfeO\xb6\x1f\xa7\xb8\xb2\xad\xf73H\xfepVC\xbb'...
0.558 Sent: b'r\xa7D\xb9G\n\x18\x9b\x00\x00\x00\x19P\x00\x05\xa8\x00\x00\x00\x00\xfeO\xb6\x1f\xa7\xb8\xb2\xad\xf73H\xfepVC\xbb'...
0.559 Received: b'D\xb9r\xa7\x00\x00\x00\x18G\n\x1eCP\x10\x05\xa8\x00\x00\x00\x00'
0.560 Disassembled: source: 17593, dest: 29351, seq: 24, ack: 1191845443, window: 1448, ACK
0.560 Acknowledged seq: 1191843995
0.560 Assembling: source: 29351, dest: 17593, seq: 1191845443, ack: 25, window: 1448, data: b'x2ad+.k\xb2\xfa\xd1\xffDSW\xc7\xaf'...
0.561 Sent: b'r\xa7D\xb9G\n\x1eC\x00\x00\x00\x19P\x00\x05\xa8\x00\x00\x00\x00x2ad+.k\xb2\xfa\xd1\xffDSW\xc7\xaf'...
0.563 Received: b'D\xb9r\xa7\x00\x00\x00\x18G\n#\xebP\x10\x05\xa8\x00\x00\x00\x00'
0.563 Disassembled: source: 17593, dest: 29351, seq: 24, ack: 1191846891, window: 1448, ACK
0.563 Acknowledged seq: 1191845443
0.563 Assembling: source: 29351, dest: 17593, seq: 1191846891, ack: 25, window: 1448, data: b'u\x9a^\xe6>R5I\xb0^<;\xe64\xa3/'...
0.564 Sent: b'r\xa7D\xb9G\n#\xeb\x00\x00\x00\x19P\x00\x05\xa8\x00\x00\x00\x00u\x9a^\xe6>R5I\xb0^<;\xe64\xa3/'...
0.566 Received: b'D\xb9r\xa7\x00\x00\x00\x18G\n)\x93P\x10\x05\xa8\x00\x00\x00\x00'
0.566 Disassembled: source: 17593, dest: 29351, seq: 24, ack: 1191848339, window: 1448, ACK
0.566 Acknowledged seq: 1191846891
0.567 Assembling: source: 29351, dest: 17593, seq: 1191848339, ack: 25, window: 1448, data: b'\x82>EN\xaf\xca\x9a\xfaaV\xb1\x9e;\xee\x1f\x8f'...
0.567 Sent: b'r\xa7D\xb9G\n)\x93\x00\x00\x00\x19P\x00\x05\xa8\x00\x00\x00\x00\x82>EN\xaf\xca\x9a\xfaaV\xb1\x9e;\xee\x1f\x8f'...
0.569 Received: b'D\xb9r\xa7\x00\x00\x00\x18G\n/;P\x10\x05\xa8\x00\x00\x00\x00'
0.569 Disassembled: source: 17593, dest: 29351, seq: 24, ack: 1191849787, window: 1448, ACK
0.570 Acknowledged seq: 1191848339
0.570 Assembling: source: 29351, dest: 17593, seq: 1191849787, ack: 25, window: 1448, data: b'X,\x9e\xff\xd9\x00\x91\xa6\x1e\xac\xba\xac\xfbH\xa3]'...
0.570 Sent: b'r\xa7D\xb9G\n/;\x00\x00\x00\x19P\x00\x05\xa8\x00\x00\x00\x00X,\x9e\xff\xd9\x00\x91\xa6\x1e\xac\xba\xac\xfbH\xa3]'...
0.572 Received: b'D\xb9r\xa7\x00\x00\x00\x18G\n4\xe3P\x10\x05\xa8\x00\x00\x00\x00'
0.572 Disassembled: source: 17593, dest: 29351, seq: 24, ack: 1191851235, window: 1448, ACK
0.573 Acknowledged seq: 1191849787
0.573 Assembling: source: 29351, dest: 17593, seq: 1191851235, ack: 25, window: 1448, data: b'\x80\xff_\xfd+#@\x94\xc7>\xe0p\x84\xa2\x89a'...
0.573 Sent: b'r\xa7D\xb9G\n4\xe3\x00\x00\x00\x19P\x00\x05\xa8\x00\x00\x00\x00\x80\xff_\xfd+#@\x94\xc7>\xe0p\x84\xa2\x89a'...
0.575 Received: b'D\xb9r\xa7\x00\x00\x00\x18G\n:\x8bP\x10\x05\xa8\x00\x00\x00\x00'
0.576 Disassembled: source: 17593, dest: 29351, seq: 24, ack: 1191852683, window: 1448, ACK
0.576 Acknowledged seq: 1191851235
0.576 Assembling: source: 29351, dest: 17593, seq: 1191852683, ack: 25, window: 1448, data: b'6!\xb2\x98m\x99i\x91\xf2\xad\xd7\x9d\xa2\x08\x1ec'...
0.577 Sent: b'r\xa7D\xb9G\n:\x8b\x00\x00\x00\x19P\x00\x05\xa8\x00\x00\x00\x006!\xb2\x98m\x99i\x91\xf2\xad\xd7\x9d\xa2\x08\x1ec'...
0.578 Received: b'D\xb9r\xa7\x00\x00\x00\x18G\n@3P\x10\x05\xa8\x00\x00\x00\x00'
0.579 Disassembled: source: 17593, dest: 29351, seq: 24, ack: 1191854131, window: 1448, ACK
0.579 Acknowledged seq: 1191852683
0.579 Assembling: source: 29351, dest: 17593, seq: 1191854131, ack: 25, window: 1448, data: b'\xb7\xdca\xe6\x06R\x90 \x1a#\xb2\xf3\x87\xa8\xbd\x1d'...
0.580 Sent: b'r\xa7D\xb9G\n@3\x00\x00\x00\x19P\x00\x05\xa8\x00\x00\x00\x00\xb7\xdca\xe6\x06R\x90 \x1a#\xb2\xf3\x87\xa8\xbd\x1d'...
0.582 Received: b'D\xb9r\xa7\x00\x00\x00\x18G\nE\xdbP\x10\x05\xa8\x00\x00\x00\x00'
0.582 Disassembled: source: 17593, dest: 29351, seq: 24, ack: 1191855579, window: 1448, ACK
0.582 Acknowledged seq: 1191854131
0.583 Assembling: source: 29351, dest: 17593, seq: 1191855579, ack: 25, window: 1448, data: b"\xb9\xa6\x17\xfcG\xfe\x10\xc3'?\xddb\x93\xb0\xc6\xc4"...
0.583 Sent: b"r\xa7D\xb9G\nE\xdb\x00\x00\x00\x19P\x00\x05\xa8\x00\x00\x00\x00\xb9\xa6\x17\xfcG\xfe\x10\xc3'?\xddb\x93\xb0\xc6\xc4"...
0.585 Received: b'D\xb9r\xa7\x00\x00\x00\x18G\nK\x83P\x10\x05\xa8\x00\x00\x00\x00'
0.585 Disassembled: source: 17593, dest: 29351, seq: 24, ack: 1191857027, window: 1448, ACK
0.586 Acknowledged seq: 1191855579
0.586 Assembling: source: 29351, dest: 17593, seq: 1191857027, ack: 25, window: 1448, data: b'\xc9\x0c\x05\x1e\x9b\xcd\x1d\x05\xb3a\x12hc\x98P,'...
0.586 Sent: b'r\xa7D\xb9G\nK\x83\x00\x00\x00\x19P\x00\x05\xa8\x00\x00\x00\x00\xc9\x0c\x05\x1e\x9b\xcd\x1d\x05\xb3a\x12hc\x98P,'...
0.588 Received: b'D\xb9r\xa7\x00\x00\x00\x18G\nQ+P\x10\x05\xa8\x00\x00\x00\x00'
0.589 Disassembled: source: 17593, dest: 29351, seq: 24, ack: 1191858475, window: 1448, ACK
0.589 Acknowledged seq: 1191857027
0.589 Assembling: source: 29351, dest: 17593, seq: 1191858475, ack: 25, window: 1448, data: b'\x8eX\x95\x06*\xed\xb3\xe4\x85\xe3>M\x0c\xe1-\xb5'...
0.590 Sent: b'r\xa7D\xb9G\nQ+\x00\x00\x00\x19P\x00\x05\xa8\x00\x00\x00\x00\x8eX\x95\x06*\xed\xb3\xe4\x85\xe3>M\x0c\xe1-\xb5'...
0.591 Received: b'D\xb9r\xa7\x00\x00\x00\x18G\nV\xd3P\x10\x05\xa8\x00\x00\x00\x00'
0.592 Disassembled: source: 17593, dest: 29351, seq: 24, ack: 1191859923, window: 1448, ACK
0.592 Acknowledged seq: 1191858475
0.592 Assembling: source: 29351, dest: 17593, seq: 1191859923, ack: 25, window: 1448, data: b'g\x94\xe7\x008O\x07\x04S\x99\xf7\x1b}\x8d\xcdr'...
0.593 Sent: b'r\xa7D\xb9G\nV\xd3\x00\x00\x00\x19P\x00\x05\xa8\x00\x00\x00\x00g\x94\xe7\x008O\x07\x04S\x99\xf7\x1b}\x8d\xcdr'...
0.595 Received: b'D\xb9r\xa7\x00\x00\x00\x18G\n\\{P\x10\x05\xa8\x00\x00\x00\x00'
0.595 Disassembled: source: 17593, dest: 29351, seq: 24, ack: 1191861371, window: 1448, ACK
0.595 Acknowledged seq: 1191859923
0.596 Assembling: source: 29351, dest: 17593, seq: 1191861371, ack: 25, window: 1448, data: b'\x84p\xca2Q\xbb\xb5\xd7$\xf1\xd7\xbcZ0\xcd\xc3'...
0.596 Sent: b'r\xa7D\xb9G\n\\{\x00\x00\x00\x19P\x00\x05\xa8\x00\x00\x00\x00\x84p\xca2Q\xbb\xb5\xd7$\xf1\xd7\xbcZ0\xcd\xc3'...
0.598 Received: b'D\xb9r\xa7\x00\x00\x00\x18G\nb#P\x10\x05\xa8\x00\x00\x00\x00'
0.598 Disassembled: source: 17593, dest: 29351, seq: 24, ack: 1191862819, window: 1448, ACK
0.598 Acknowledged seq: 1191861371
0.599 Assembling: source: 29351, dest: 17593, seq: 1191862819, ack: 25, window: 1448, data: b'I5\xe2B\x15}|\xa3^\xad\xe0S^\x97\x0f\x96'...
0.599 Sent: b'r\xa7D\xb9G\nb#\x00\x00\x00\x19P\x00\x05\xa8\x00\x00\x00\x00I5\xe2B\x15}|\xa3^\xad\xe0S^\x97\x0f\x96'...
0.601 Received: b'D\xb9r\xa7\x00\x00\x00\x18G\ng\xcbP\x10\x05\xa8\x00\x00\x00\x00'
0.602 Disassembled: source: 17593, dest: 29351, seq: 24, ack: 1191864267, window: 1448, ACK
0.602 Acknowledged seq: 1191862819
0.602 Assembling: source: 29351, dest: 17593, seq: 1191864267, ack: 25, window: 1448, data: b'\xce\xb5<w\xcc\xa1\xcd\x98{\xf6{\xc6\x10\xcc%\x8c'...
0.602 Sent: b'r\xa7D\xb9G\ng\xcb\x00\x00\x00\x19P\x00\x05\xa8\x00\x00\x00\x00\xce\xb5<w\xcc\xa1\xcd\x98{\xf6{\xc6\x10\xcc%\x8c'...
0.604 Received: b'D\xb9r\xa7\x00\x00\x00\x18G\nmsP\x10\x05\xa8\x00\x00\x00\x00'
0.605 Disassembled: source: 17593, dest: 29351, seq: 24, ack: 1191865715, window: 1448, ACK
0.605 Acknowledged seq: 1191864267
0.605 Assembling: source: 29351, dest: 17593, seq: 1191865715, ack: 25, window: 1448, data: b'\x94\xbb\xfd\xe0\xf7ml\x11Og\xd9\x82AB\xfdx'...
0.606 Sent: b'r\xa7D\xb9G\nms\x00\x00\x00\x19P\x00\x05\xa8\x00\x00\x00\x00\x94\xbb\xfd\xe0\xf7ml\x11Og\xd9\x82AB\xfdx'...
0.608 Received: b'D\xb9r\xa7\x00\x00\x00\x18G\ns\x1bP\x10\x05\xa8\x00\x00\x00\x00'
0.608 Disassembled: source: 17593, dest: 29351, seq: 24, ack: 1191867163, window: 1448, ACK
0.608 Acknowledged seq: 1191865715
0.609 Assembling: source: 29351, dest: 17593, seq: 1191867163, ack: 25, window: 1448, data: b'\x80v\xffB\xde\xc9\x18E\x7f\xfa\xf4\xc1\x0f\xfa\xd5\n'...
0.609 Sent: b'r\xa7D\xb9G\ns\x1b\x00\x00\x00\x19P\x00\x05\xa8\x00\x00\x00\x00\x80v\xffB\xde\xc9\x18E\x7f\xfa\xf4\xc1\x0f\xfa\xd5\n'...
0.611 Received: b'D\xb9r\xa7\x00\x00\x00\x18G\nx\xc3P\x10\x05\xa8\x00\x00\x00\x00'
0.612 Disassembled: source: 17593, dest: 29351, seq: 24, ack: 1191868611, window: 1448, ACK
0.612 Acknowledged seq: 1191867163
0.612 Assembling: source: 29351, dest: 17593, seq: 1191868611, ack: 25, window: 1448, data: b'#f\xa6\x12)\xa2\x11\r\xc7hX|u\x85\x0e+'...
0.613 Sent: b'r\xa7D\xb9G\nx\xc3\x00\x00\x00\x19P\x00\x05\xa8\x00\x00\x00\x00#f\xa6\x12)\xa2\x11\r\xc7hX|u\x85\x0e+'...
0.614 Received: b'D\xb9r\xa7\x00\x00\x00\x18G\n~kP\x10\x05\xa8\x00\x00\x00\x00'
0.615 Disassembled: source: 17593, dest: 29351, seq: 24, ack: 1191870059, window: 1448, ACK
0.615 Acknowledged seq: 1191868611
0.615 Assembling: source: 29351, dest: 17593, seq: 1191870059, ack: 25, window: 1448, data: b'0\xf5\xfe\x03\x1d\xdc7\\\xf4\x9ftb\xc2\xff6\xd8'...
0.616 Sent: b'r\xa7D\xb9G\n~k\x00\x00\x00\x19P\x00\x05\xa8\x00\x00\x00\x000\xf5\xfe\x03\x1d\xdc7\\\xf4\x9ftb\xc2\xff6\xd8'...
0.618 Received: b'D\xb9r\xa7\x00\x00\x00\x18G\n\x84\x13P\x10\x05\xa8\x00\x00\x00\x00'
0.618 Disassembled: source: 17593, dest: 29351, seq: 24, ack: 1191871507, window: 1448, ACK
0.618 Acknowledged seq: 1191870059
0.619 Assembling: source: 29351, dest: 17593, seq: 1191871507, ack: 25, window: 1448, data: b'\x03\xdf\xe1\xe4\xb4\xbc\xf3P\xf0\xab\x9c\x01\xeb\xbf\xe2\x17'...
0.619 Sent: b'r\xa7D\xb9G\n\x84\x13\x00\x00\x00\x19P\x00\x05\xa8\x00\x00\x00\x00\x03\xdf\xe1\xe4\xb4\xbc\xf3P\xf0\xab\x9c\x01\xeb\xbf\xe2\x17'...
0.621 Received: b'D\xb9r\xa7\x00\x00\x00\x18G\n\x89\xbbP\x10\x05\xa8\x00\x00\x00\x00'
0.621 Disassembled: source: 17593, dest: 29351, seq: 24, ack: 1191872955, window: 1448, ACK
0.621 Acknowledged seq: 1191871507
0.622 Assembling: source: 29351, dest: 17593, seq: 1191872955, ack: 25, window: 1448, data: b'0\x17\xb2\xbf\x87\xff%\x88\xca\xdc\xe4\xb5\x8c\xb0\x7f\x0c'...
0.622 Sent: b'r\xa7D\xb9G\n\x89\xbb\x00\x00\x00\x19P\x00\x05\xa8\x00\x00\x00\x000\x17\xb2\xbf\x87\xff%\x88\xca\xdc\xe4\xb5\x8c\xb0\x7f\x0c'...
0.624 Received: b'D\xb9r\xa7\x00\x00\x00\x18G\n\x8fcP\x10\x05\xa8\x00\x00\x00\x00'
0.624 Disassembled: source: 17593, dest: 29351, seq: 24, ack: 1191874403, window: 1448, ACK
0.624 Acknowledged seq: 1191872955
0.625 Assembling: source: 29351, dest: 17593, seq: 1191874403, ack: 25, window: 1448, data: b'A2\x83t\x80t\x1c\x8b\xc0\x1b\x1e2\x98p\xceQ'...
0.625 Sent: b'r\xa7D\xb9G\n\x8fc\x00\x00\x00\x19P\x00\x05\xa8\x00\x00\x00\x00A2\x83t\x80t\x1c\x8b\xc0\x1b\x1e2\x98p\xceQ'...
0.627 Received: b'D\xb9r\xa7\x00\x00\x00\x18G\n\x95\x0bP\x10\x05\xa8\x00\x00\x00\x00'
0.627 Disassembled: source: 17593, dest: 29351, seq: 24, ack: 1191875851, window: 1448, ACK
0.628 Acknowledged seq: 1191874403
0.628 Assembling: source: 29351, dest: 17593, seq: 1191875851, ack: 25, window: 1448, data: b':\x9a\x91j$aR\x07\xc6z\xac\xc5\x9a\xedL\xb6'...
0.628 Sent: b'r\xa7D\xb9G\n\x95\x0b\x00\x00\x00\x19P\x00\x05\xa8\x00\x00\x00\x00:\x9a\x91j$aR\x07\xc6z\xac\xc5\x9a\xedL\xb6'...
0.630 Received: b'D\xb9r\xa7\x00\x00\x00\x18G\n\x9a\xb3P\x10\x05\xa8\x00\x00\x00\x00'
0.631 Disassembled: source: 17593, dest: 29351, seq: 24, ack: 1191877299, window: 1448, ACK
0.631 Acknowledged seq: 1191875851
0.631 Assembling: source: 29351, dest: 17593, seq: 1191877299, ack: 25, window: 1448, data: b'\xb3\x01.fe3\xc3\xeb\x0b\x0e\x8b\xfb\x1fY\x10R'...
0.632 Sent: b'r\xa7D\xb9G\n\x9a\xb3\x00\x00\x00\x19P\x00\x05\xa8\x00\x00\x00\x00\xb3\x01.fe3\xc3\xeb\x0b\x0e\x8b\xfb\x1fY\x10R'...
0.633 Received: b'D\xb9r\xa7\x00\x00\x00\x18G\n\xa0[P\x10\x05\xa8\x00\x00\x00\x00'
0.634 Disassembled: source: 17593, dest: 29351, seq: 24, ack: 1191878747, window: 1448, ACK
0.634 Acknowledged seq: 1191877299
0.634 Assembling: source: 29351, dest: 17593, seq: 1191878747, ack: 25, window: 1448, data: b'\xea\xd2@\xcf\xa1\x19^^\xae[\xec\x89M\x84\xe2\xe9'...
0.635 Sent: b'r\xa7D\xb9G\n\xa0[\x00\x00\x00\x19P\x00\x05\xa8\x00\x00\x00\x00\xea\xd2@\xcf\xa1\x19^^\xae[\xec\x89M\x84\xe2\xe9'...
0.637 Received: b'D\xb9r\xa7\x00\x00\x00\x18G\n\xa6\x03P\x10\x05\xa8\x00\x00\x00\x00'
0.637 Disassembled: source: 17593, dest: 29351, seq: 24, ack: 1191880195, window: 1448, ACK
0.637 Acknowledged seq: 1191878747
0.638 Assembling: source: 29351, dest: 17593, seq: 1191880195, ack: 25, window: 1448, data: b'\x06\xa1~\x94=3\xe5d\xc9w\x1c\xd6\xf9\x8a\x13\xb8'...
0.638 Sent: b'r\xa7D\xb9G\n\xa6\x03\x00\x00\x00\x19P\x00\x05\xa8\x00\x00\x00\x00\x06\xa1~\x94=3\xe5d\xc9w\x1c\xd6\xf9\x8a\x13\xb8'...
0.640 Received: b'D\xb9r\xa7\x00\x00\x00\x18G\n\xab\xabP\x10\x05\xa8\x00\x00\x00\x00'
0.640 Disassembled: source: 17593, dest: 29351, seq: 24, ack: 1191881643, window: 1448, ACK
0.641 Acknowledged seq: 1191880195
0.641 Assembling: source: 29351, dest: 17593, seq: 1191881643, ack: 25, window: 1448, data: b'\xf5\xe8\xaf\xbd>Q\x01\r\x11\xeeC\xef\x91\x1c\x03\xdd'...
0.641 Sent: b'r\xa7D\xb9G\n\xab\xab\x00\x00\x00\x19P\x00\x05\xa8\x00\x00\x00\x00\xf5\xe8\xaf\xbd>Q\x01\r\x11\xeeC\xef\x91\x1c\x03\xdd'...
0.643 Received: b'D\xb9r\xa7\x00\x00\x00\x18G\n\xb1SP\x10\x05\xa8\x00\x00\x00\x00'
0.644 Disassembled: source: 17593, dest: 29351, seq: 24, ack: 1191883091, window: 1448, ACK
0.644 Acknowledged seq: 1191881643
0.644 Assembling: source: 29351, dest: 17593, seq: 1191883091, ack: 25, window: 1448, data: b'\xcc\xc2\x8d\x14\xaa\xfc\x1a\xbfa#\x7f\xd8X\x18_\xd2'...
0.645 Sent: b'r\xa7D\xb9G\n\xb1S\x00\x00\x00\x19P\x00\x05\xa8\x00\x00\x00\x00\xcc\xc2\x8d\x14\xaa\xfc\x1a\xbfa#\x7f\xd8X\x18_\xd2'...
0.647 Received: b'D\xb9r\xa7\x00\x00\x00\x18G\n\xb6\xfbP\x10\x05\xa8\x00\x00\x00\x00'
0.647 Disassembled: source: 17593, dest: 29351, seq: 24, ack: 1191884539, window: 1448, ACK
0.647 Acknowledged seq: 1191883091
0.648 Assembling: source: 29351, dest: 17593, seq: 1191884539, ack: 25, window: 1448, data: b'\\+\xa0N\xf7\xdf)\x1f\x0f\x8b\x9e\x89\x9f}\xa2)'...
0.648 Sent: b'r\xa7D\xb9G\n\xb6\xfb\x00\x00\x00\x19P\x00\x05\xa8\x00\x00\x00\x00\\+\xa0N\xf7\xdf)\x1f\x0f\x8b\x9e\x89\x9f}\xa2)'...
0.650 Received: b'D\xb9r\xa7\x00\x00\x00\x18G\n\xbc\xa3P\x10\x05\xa8\x00\x00\x00\x00'
0.650 Disassembled: source: 17593, dest: 29351, seq: 24, ack: 1191885987, window: 1448, ACK
0.651 Acknowledged seq: 1191884539
0.651 Assembling: source: 29351, dest: 17593, seq: 1191885987, ack: 25, window: 1448, data: b'2\xc4i&\x05:\xd2\xa2\x06\xf1\xf3\xfa.\xfc\xa97'...
0.651 Sent: b'r\xa7D\xb9G\n\xbc\xa3\x00\x00\x00\x19P\x00\x05\xa8\x00\x00\x00\x002\xc4i&\x05:\xd2\xa2\x06\xf1\xf3\xfa.\xfc\xa97'...
0.653 Received: b'D\xb9r\xa7\x00\x00\x00\x18G\n\xc2KP\x10\x05\xa8\x00\x00\x00\x00'
0.654 Disassembled: source: 17593, dest: 29351, seq: 24, ack: 1191887435, window: 1448, ACK
0.654 Acknowledged seq: 1191885987
0.654 Assembling: source: 29351, dest: 17593, seq: 1191887435, ack: 25, window: 1448, data: b'\xb1r\xed\xdc\xaa\xf5\xd1\x96\xe9\x9dj\xac\x94\xfbq\x99'...
0.655 Sent: b'r\xa7D\xb9G\n\xc2K\x00\x00\x00\x19P\x00\x05\xa8\x00\x00\x00\x00\xb1r\xed\xdc\xaa\xf5\xd1\x96\xe9\x9dj\xac\x94\xfbq\x99'...
0.656 Received: b'D\xb9r\xa7\x00\x00\x00\x18G\n\xc7\xf3P\x10\x05\xa8\x00\x00\x00\x00'
0.657 Disassembled: source: 17593, dest: 29351, seq: 24, ack: 1191888883, window: 1448, ACK
0.657 Acknowledged seq: 1191887435
0.657 Assembling: source: 29351, dest: 17593, seq: 1191888883, ack: 25, window: 1448, data: b'ys\xb75*~0\xcb\x14G\xe61#A\xc4\xad'...
0.658 Sent: b'r\xa7D\xb9G\n\xc7\xf3\x00\x00\x00\x19P\x00\x05\xa8\x00\x00\x00\x00ys\xb75*~0\xcb\x14G\xe61#A\xc4\xad'...
0.660 Received: b'D\xb9r\xa7\x00\x00\x00\x18G\n\xcd\x9bP\x10\x05\xa8\x00\x00\x00\x00'
0.660 Disassembled: source: 17593, dest: 29351, seq: 24, ack: 1191890331, window: 1448, ACK
0.660 Acknowledged seq: 1191888883
0.661 Assembling: source: 29351, dest: 17593, seq: 1191890331, ack: 25, window: 1448, data: b'\xbf\x07o<\x9c\xee;\r\x1d\xb4z\xa5@\xef\xb4\xe7'...
0.661 Sent: b'r\xa7D\xb9G\n\xcd\x9b\x00\x00\x00\x19P\x00\x05\xa8\x00\x00\x00\x00\xbf\x07o<\x9c\xee;\r\x1d\xb4z\xa5@\xef\xb4\xe7'...
0.663 Received: b'D\xb9r\xa7\x00\x00\x00\x18G\n\xd3CP\x10\x05\xa8\x00\x00\x00\x00'
0.663 Disassembled: source: 17593, dest: 29351, seq: 24, ack: 1191891779, window: 1448, ACK
0.663 Acknowledged seq: 1191890331
0.664 Assembling: source: 29351, dest: 17593, seq: 1191891779, ack: 25, window: 1448, data: b"\xab'S\x05C\xd0gS\xc4L\xe9\x86\xa3\x89 \xbd"...
0.664 Sent: b"r\xa7D\xb9G\n\xd3C\x00\x00\x00\x19P\x00\x05\xa8\x00\x00\x00\x00\xab'S\x05C\xd0gS\xc4L\xe9\x86\xa3\x89 \xbd"...
0.666 Received: b'D\xb9r\xa7\x00\x00\x00\x18G\n\xd8\xebP\x10\x05\xa8\x00\x00\x00\x00'
0.666 Disassembled: source: 17593, dest: 29351, seq: 24, ack: 1191893227, window: 1448, ACK
0.667 Acknowledged seq: 1191891779
0.667 Assembling: source: 29351, dest: 17593, seq: 1191893227, ack: 25, window: 1448, data: b"d\x15\xd4i\xbe\x18;\xfd\xb7\xb5\xae>\xd2'z\x14"...
0.667 Sent: b"r\xa7D\xb9G\n\xd8\xeb\x00\x00\x00\x19P\x00\x05\xa8\x00\x00\x00\x00d\x15\xd4i\xbe\x18;\xfd\xb7\xb5\xae>\xd2'z\x14"...
1.168 Sent: b"r\xa7D\xb9G\n\xd8\xeb\x00\x00\x00\x19P\x00\x05\xa8\x00\x00\x00\x00d\x15\xd4i\xbe\x18;\xfd\xb7\xb5\xae>\xd2'z\x14"...
1.668 Sent: b"r\xa7D\xb9G\n\xd8\xeb\x00\x00\x00\x19P\x00\x05\xa8\x00\x00\x00\x00d\x15\xd4i\xbe\x18;\xfd\xb7\xb5\xae>\xd2'z\x14"...
2.169 Sent: b"r\xa7D\xb9G\n\xd8\xeb\x00\x00\x00\x19P\x00\x05\xa8\x00\x00\x00\x00d\x15\xd4i\xbe\x18;\xfd\xb7\xb5\xae>\xd2'z\x14"...
2.669 Sent: b"r\xa7D\xb9G\n\xd8\xeb\x00\x00\x00\x19P\x00\x05\xa8\x00\x00\x00\x00d\x15\xd4i\xbe\x18;\xfd\xb7\xb5\xae>\xd2'z\x14"...
