0.000 NEW RUN: Server, TEST: Read_file__Relaxed
0.214 Received: b'F#t\xc4\x00\x00\x00\n\x00\x00\x00\x00P\x02\x05\xa8\x00\x00\x00\x00'
0.215 Disassembled: source: 17955, dest: 29892, seq: 10, window: 1448, SYN
0.215 SYN accepted; new connection: 127.0.0.1 on port 17955
0.215 Assembling: source: 29892, dest: 17955, seq: 1113848882, ack: 11, window: 1448, ACK, SYN
0.216 Sent: b't\xc4F#Bc\xfc2\x00\x00\x00\x0bP\x12\x05\xa8\x00\x00\x00\x00'
0.218 Received: b'F#t\xc4\x00\x00\x00\x0bBc\xfc3P\x10\x05\xa8\x00\x00\x00\x00'
0.218 Disassembled: source: 17955, dest: 29892, seq: 11, ack: 1113848883, window: 1448, ACK
0.218 Handshake complete
0.218 Acknowledged seq: 1113848882
0.218 Finished reading file
0.218 Assembling: source: 29892, dest: 17955, seq: 1113848883, ack: 12, window: 1448, ACK, FIN
0.219 Sent: b't\xc4F#Bc\xfc3\x00\x00\x00\x0cP\x11\x05\xa8\x00\x00\x00\x00'
0.719 Sent: b't\xc4F#Bc\xfc3\x00\x00\x00\x0cP\x11\x05\xa8\x00\x00\x00\x00'
1.219 Sent: b't\xc4F#Bc\xfc3\x00\x00\x00\x0cP\x11\x05\xa8\x00\x00\x00\x00'
1.720 Sent: b't\xc4F#Bc\xfc3\x00\x00\x00\x0cP\x11\x05\xa8\x00\x00\x00\x00'
2.221 Sent: b't\xc4F#Bc\xfc3\x00\x00\x00\x0cP\x11\x05\xa8\x00\x00\x00\x00'
2.721 Sent: b't\xc4F#Bc\xfc3\x00\x00\x00\x0cP\x11\x05\xa8\x00\x00\x00\x00'
3.222 Error: Connection timed out
3.222 Closed connection
3.721 Shutting down
