0.000 NEW RUN: Server, TEST: Read_file__Empty
0.217 Received: b'm\x17\xa5j\x00\x00\x00\x00\x00\x00\x00\x00P\x02\x05\xa8\x00\x00\x00\x00'
0.218 Disassembled: source: 27927, dest: 42346, window: 1448, SYN
0.218 SYN accepted; new connection: 127.0.0.1 on port 27927
0.218 Assembling: source: 42346, dest: 27927, seq: 1115430827, ack: 1, window: 1448, ACK, SYN
0.218 Sent: b'\xa5jm\x17B|\x1f\xab\x00\x00\x00\x01P\x12\x05\xa8\x00\x00\x00\x00'
0.220 Received: b'm\x17\xa5j\x00\x00\x00\x01B|\x1f\xacP\x10\x05\xa8\x00\x00\x00\x00'
0.220 Disassembled: source: 27927, dest: 42346, seq: 1, ack: 1115430828, window: 1448, ACK
0.220 Handshake complete
0.220 Acknowledged seq: 1115430827
0.220 Finished reading file
0.221 Assembling: source: 42346, dest: 27927, seq: 1115430828, ack: 2, window: 1448, ACK, FIN
0.221 Sent: b'\xa5jm\x17B|\x1f\xac\x00\x00\x00\x02P\x11\x05\xa8\x00\x00\x00\x00'
0.721 Sent: b'\xa5jm\x17B|\x1f\xac\x00\x00\x00\x02P\x11\x05\xa8\x00\x00\x00\x00'
1.221 Sent: b'\xa5jm\x17B|\x1f\xac\x00\x00\x00\x02P\x11\x05\xa8\x00\x00\x00\x00'
1.722 Sent: b'\xa5jm\x17B|\x1f\xac\x00\x00\x00\x02P\x11\x05\xa8\x00\x00\x00\x00'
2.223 Sent: b'\xa5jm\x17B|\x1f\xac\x00\x00\x00\x02P\x11\x05\xa8\x00\x00\x00\x00'
2.723 Sent: b'\xa5jm\x17B|\x1f\xac\x00\x00\x00\x02P\x11\x05\xa8\x00\x00\x00\x00'
3.224 Error: Connection timed out
3.224 Closed connection
3.225 Shutting down
