0.000 NEW RUN: Server, TEST: Write_file__Large_multi-packet
0.227 Received: b'\xe2\xc4\xd0\xb5\x00\x00\x00\x05\x00\x00\x00\x00P\x02\x05\xa8\x00\x00\x00\x00'
0.228 Disassembled: source: 58052, dest: 53429, seq: 5, window: 1448, SYN
0.228 SYN accepted; new connection: 127.0.0.1 on port 58052
0.228 Assembling: source: 53429, dest: 58052, seq: 1131874291, ack: 6, window: 5808, ACK, SYN
0.229 Sent: b'\xd0\xb5\xe2\xc4Cw\x07\xf3\x00\x00\x00\x06P\x12\x16\xb0\x00\x00\x00\x00'
0.230 Received: b'\xe2\xc4\xd0\xb5\x00\x00\x00\x06Cw\x07\xf4P\x10\x16\xb0\x00\x00\x00\x00'
0.230 Disassembled: source: 58052, dest: 53429, seq: 6, ack: 1131874292, window: 5808, ACK
0.230 Assembling: source: 53429, dest: 58052, seq: 1131874292, ack: 6, window: 5808, ACK
0.231 Sent: b'\xd0\xb5\xe2\xc4Cw\x07\xf4\x00\x00\x00\x06P\x10\x16\xb0\x00\x00\x00\x00'
0.231 Received: b'\xe2\xc4\xd0\xb5\x00\x00\x00\x06Cw\x07\xf4P\x10\x16\xb0\x00\x00\x00\x00Lorem ipsum dolo'...
0.231 Disassembled: source: 58052, dest: 53429, seq: 6, ack: 1131874292, window: 5808, ACK, data: "Lorem ipsum dolo"...
0.232 Handshake complete
0.232 Data accepted; writing to file
0.232 Assembling: source: 53429, dest: 58052, seq: 1131874292, ack: 1458, window: 5808, ACK
0.232 Sent: b'\xd0\xb5\xe2\xc4Cw\x07\xf4\x00\x00\x05\xb2P\x10\x16\xb0\x00\x00\x00\x00'
0.232 Received: b'\xe2\xc4\xd0\xb5\x00\x00\x00\x06Cw\x07\xf4P\x10\x16\xb0\x00\x00\x00\x00Lorem ipsum dolo'...
0.233 Disassembled: source: 58052, dest: 53429, seq: 6, ack: 1131874292, window: 5808, ACK, data: "Lorem ipsum dolo"...
0.233 Old data; ignoring
0.233 Received: b'\xe2\xc4\xd0\xb5\x00\x00\x00\x06Cw\x07\xf4P\x10\x16\xb0\x00\x00\x00\x00Lorem ipsum dolo'...
0.234 Disassembled: source: 58052, dest: 53429, seq: 6, ack: 1131874292, window: 5808, ACK, data: "Lorem ipsum dolo"...
0.234 Old data; ignoring
0.733 Sent: b'\xd0\xb5\xe2\xc4Cw\x07\xf4\x00\x00\x05\xb2P\x10\x16\xb0\x00\x00\x00\x00'
0.736 Received: b'\xe2\xc4\xd0\xb5\x00\x00\x00\x06Cw\x07\xf4P\x10\x16\xb0\x00\x00\x00\x00Lorem ipsum dolo'...
0.736 Disassembled: source: 58052, dest: 53429, seq: 6, ack: 1131874292, window: 5808, ACK, data: "Lorem ipsum dolo"...
0.737 Old data; ignoring
1.233 Sent: b'\xd0\xb5\xe2\xc4Cw\x07\xf4\x00\x00\x05\xb2P\x10\x16\xb0\x00\x00\x00\x00'
1.236 Received: b'\xe2\xc4\xd0\xb5\x00\x00\x00\x06Cw\x07\xf4P\x10\x16\xb0\x00\x00\x00\x00Lorem ipsum dolo'...
1.237 Disassembled: source: 58052, dest: 53429, seq: 6, ack: 1131874292, window: 5808, ACK, data: "Lorem ipsum dolo"...
1.237 Old data; ignoring
1.734 Sent: b'\xd0\xb5\xe2\xc4Cw\x07\xf4\x00\x00\x05\xb2P\x10\x16\xb0\x00\x00\x00\x00'
1.737 Received: b'\xe2\xc4\xd0\xb5\x00\x00\x00\x06Cw\x07\xf4P\x10\x16\xb0\x00\x00\x00\x00Lorem ipsum dolo'...
1.737 Disassembled: source: 58052, dest: 53429, seq: 6, ack: 1131874292, window: 5808, ACK, data: "Lorem ipsum dolo"...
1.738 Old data; ignoring
2.234 Sent: b'\xd0\xb5\xe2\xc4Cw\x07\xf4\x00\x00\x05\xb2P\x10\x16\xb0\x00\x00\x00\x00'
2.237 Received: b'\xe2\xc4\xd0\xb5\x00\x00\x00\x06Cw\x07\xf4P\x10\x16\xb0\x00\x00\x00\x00Lorem ipsum dolo'...
2.238 Disassembled: source: 58052, dest: 53429, seq: 6, ack: 1131874292, window: 5808, ACK, data: "Lorem ipsum dolo"...
2.238 Old data; ignoring
2.734 Error: Connection timed out
2.735 Closed connection
2.738 Shutting down
