0.000 NEW RUN: Server, TEST: Write_file__Small_multi-packet
0.197 Received: b'\xd9b?\xcc\x00\x00\x00\x08\x00\x00\x00\x00P\x02\x05\xa8\x00\x00\x00\x00'
0.198 Disassembled: source: 55650, dest: 16332, seq: 8, window: 1448, SYN
0.198 SYN accepted; new connection: 127.0.0.1 on port 55650
0.198 Assembling: source: 16332, dest: 55650, seq: 1120304442, ack: 9, window: 5808, ACK, SYN
0.198 Sent: b'?\xcc\xd9bB\xc6}:\x00\x00\x00\tP\x12\x16\xb0\x00\x00\x00\x00'
0.200 Received: b'\xd9b?\xcc\x00\x00\x00\tB\xc6};P\x10\x16\xb0\x00\x00\x00\x00'
0.200 Disassembled: source: 55650, dest: 16332, seq: 9, ack: 1120304443, window: 5808, ACK
0.200 Assembling: source: 16332, dest: 55650, seq: 1120304443, ack: 9, window: 5808, ACK
0.201 Sent: b'?\xcc\xd9bB\xc6};\x00\x00\x00\tP\x10\x16\xb0\x00\x00\x00\x00'
0.202 Received: b'\xd9b?\xcc\x00\x00\x00\tB\xc6};P\x10\x16\xb0\x00\x00\x00\x00Lorem ipsum dolo'...
0.202 Disassembled: source: 55650, dest: 16332, seq: 9, ack: 1120304443, window: 5808, ACK, data: "Lorem ipsum dolo"...
0.202 Handshake complete
0.202 Data accepted; writing to file
0.202 Assembling: source: 16332, dest: 55650, seq: 1120304443, ack: 1461, window: 5808, ACK
0.202 Sent: b'?\xcc\xd9bB\xc6};\x00\x00\x05\xb5P\x10\x16\xb0\x00\x00\x00\x00'
0.203 Received: b'\xd9b?\xcc\x00\x00\x00\tB\xc6};P\x10\x16\xb0\x00\x00\x00\x00Lorem ipsum dolo'...
0.203 Disassembled: source: 55650, dest: 16332, seq: 9, ack: 1120304443, window: 5808, ACK, data: "Lorem ipsum dolo"...
0.203 Old data; ignoring
0.205 Received: b'\xd9b?\xcc\x00\x00\x00\tB\xc6};P\x10\x16\xb0\x00\x00\x00\x00Lorem ipsum dolo'...
0.205 Disassembled: source: 55650, dest: 16332, seq: 9, ack: 1120304443, window: 5808, ACK, data: "Lorem ipsum dolo"...
0.205 Old data; ignoring
0.702 Sent: b'?\xcc\xd9bB\xc6};\x00\x00\x05\xb5P\x10\x16\xb0\x00\x00\x00\x00'
0.705 Received: b'\xd9b?\xcc\x00\x00\x00\tB\xc6};P\x10\x16\xb0\x00\x00\x00\x00Lorem ipsum dolo'...
0.706 Disassembled: source: 55650, dest: 16332, seq: 9, ack: 1120304443, window: 5808, ACK, data: "Lorem ipsum dolo"...
0.706 Old data; ignoring
1.203 Sent: b'?\xcc\xd9bB\xc6};\x00\x00\x05\xb5P\x10\x16\xb0\x00\x00\x00\x00'
1.206 Received: b'\xd9b?\xcc\x00\x00\x00\tB\xc6};P\x10\x16\xb0\x00\x00\x00\x00Lorem ipsum dolo'...
1.206 Disassembled: source: 55650, dest: 16332, seq: 9, ack: 1120304443, window: 5808, ACK, data: "Lorem ipsum dolo"...
1.207 Old data; ignoring
1.703 Sent: b'?\xcc\xd9bB\xc6};\x00\x00\x05\xb5P\x10\x16\xb0\x00\x00\x00\x00'
1.706 Received: b'\xd9b?\xcc\x00\x00\x00\tB\xc6};P\x10\x16\xb0\x00\x00\x00\x00Lorem ipsum dolo'...
1.707 Disassembled: source: 55650, dest: 16332, seq: 9, ack: 1120304443, window: 5808, ACK, data: "Lorem ipsum dolo"...
1.707 Old data; ignoring
2.204 Sent: b'?\xcc\xd9bB\xc6};\x00\x00\x05\xb5P\x10\x16\xb0\x00\x00\x00\x00'
2.207 Received: b'\xd9b?\xcc\x00\x00\x00\tB\xc6};P\x10\x16\xb0\x00\x00\x00\x00Lorem ipsum dolo'...
2.207 Disassembled: source: 55650, dest: 16332, seq: 9, ack: 1120304443, window: 5808, ACK, data: "Lorem ipsum dolo"...
2.207 Old data; ignoring
2.704 Error: Connection timed out
2.704 Closed connection
2.708 Shutting down
