0.000 NEW RUN: Server, TEST: Write_file__Very_large_multi-packet
0.205 Received: b'>\xf8^\xfc\x00\x00\x00\x18\x00\x00\x00\x00P\x02\x05\xa8\x00\x00\x00\x00'
0.206 Disassembled: source: 16120, dest: 24316, seq: 24, window: 1448, SYN
0.206 SYN accepted; new connection: 127.0.0.1 on port 16120
0.206 Assembling: source: 24316, dest: 16120, seq: 1192632004, ack: 25, window: 5808, ACK, SYN
0.207 Sent: b'^\xfc>\xf8G\x16\x1e\xc4\x00\x00\x00\x19P\x12\x16\xb0\x00\x00\x00\x00'
0.208 Received: b'>\xf8^\xfc\x00\x00\x00\x19G\x16\x1e\xc5P\x10\x16\xb0\x00\x00\x00\x00'
0.209 Disassembled: source: 16120, dest: 24316, seq: 25, ack: 1192632005, window: 5808, ACK
0.209 Assembling: source: 24316, dest: 16120, seq: 1192632005, ack: 25, window: 5808, ACK
0.209 Sent: b'^\xfc>\xf8G\x16\x1e\xc5\x00\x00\x00\x19P\x10\x16\xb0\x00\x00\x00\x00'
0.210 Received: b'>\xf8^\xfc\x00\x00\x00\x19G\x16\x1e\xc5P\x10\x16\xb0\x00\x00\x00\x00@\x96o\xec!c\x93Z\xed\x08f\xcd}`>&'...
0.210 Disassembled: source: 16120, dest: 24316, seq: 25, ack: 1192632005, window: 5808, ACK, data: b'@\x96o\xec!c\x93Z\xed\x08f\xcd}`>&'...
0.211 Handshake complete
0.211 Data accepted; writing to file
0.211 Assembling: source: 24316, dest: 16120, seq: 1192632005, ack: 1477, window: 5808, ACK
0.211 Sent: b'^\xfc>\xf8G\x16\x1e\xc5\x00\x00\x05\xc5P\x10\x16\xb0\x00\x00\x00\x00'
0.212 Received: b'>\xf8^\xfc\x00\x00\x00\x19G\x16\x1e\xc5P\x10\x16\xb0\x00\x00\x00\x00@\x96o\xec!c\x93Z\xed\x08f\xcd}`>&'...
0.212 Disassembled: source: 16120, dest: 24316, seq: 25, ack: 1192632005, window: 5808, ACK, data: b'@\x96o\xec!c\x93Z\xed\x08f\xcd}`>&'...
0.212 Old data; ignoring
0.214 Received: b'>\xf8^\xfc\x00\x00\x00\x19G\x16\x1e\xc5P\x10\x16\xb0\x00\x00\x00\x00@\x96o\xec!c\x93Z\xed\x08f\xcd}`>&'...
0.214 Disassembled: source: 16120, dest: 24316, seq: 25, ack: 1192632005, window: 5808, ACK, data: b'@\x96o\xec!c\x93Z\xed\x08f\xcd}`>&'...
0.214 Old data; ignoring
0.711 Sent: b'^\xfc>\xf8G\x16\x1e\xc5\x00\x00\x05\xc5P\x10\x16\xb0\x00\x00\x00\x00'
1.212 Sent: b'^\xfc>\xf8G\x16\x1e\xc5\x00\x00\x05\xc5P\x10\x16\xb0\x00\x00\x00\x00'
1.712 Sent: b'^\xfc>\xf8G\x16\x1e\xc5\x00\x00\x05\xc5P\x10\x16\xb0\x00\x00\x00\x00'
