0.000 NEW RUN: Server, TEST: Write_file__No_file_extension
0.205 Received: b'\x94&gV\x00\x00\x00@\x00\x00\x00\x00P\x02\x05\xa8\x00\x00\x00\x00'
0.206 Disassembled: source: 37926, dest: 26454, seq: 64, window: 1448, SYN
0.206 SYN accepted; new connection: 127.0.0.1 on port 37926
0.206 Assembling: source: 26454, dest: 37926, seq: 1143429406, ack: 65, window: 5808, ACK, SYN
0.207 Sent: b"gV\x94&D'Y\x1e\x00\x00\x00AP\x12\x16\xb0\x00\x00\x00\x00"
0.208 Received: b"\x94&gV\x00\x00\x00AD'Y\x1fP\x10\x16\xb0\x00\x00\x00\x00"
0.209 Disassembled: source: 37926, dest: 26454, seq: 65, ack: 1143429407, window: 5808, ACK
0.209 Assembling: source: 26454, dest: 37926, seq: 1143429407, ack: 65, window: 5808, ACK
0.209 Sent: b"gV\x94&D'Y\x1f\x00\x00\x00AP\x10\x16\xb0\x00\x00\x00\x00"
0.210 Received: b"\x94&gV\x00\x00\x00AD'Y\x1fP\x10\x16\xb0\x00\x00\x00\x00Lorem ipsum dolo"...
0.210 Disassembled: source: 37926, dest: 26454, seq: 65, ack: 1143429407, window: 5808, ACK, data: "Lorem ipsum dolo"...
0.210 Handshake complete
0.210 Data accepted; writing to file
0.210 Assembling: source: 26454, dest: 37926, seq: 1143429407, ack: 1517, window: 5808, ACK
0.210 Sent: b"gV\x94&D'Y\x1f\x00\x00\x05\xedP\x10\x16\xb0\x00\x00\x00\x00"
0.211 Received: b"\x94&gV\x00\x00\x00AD'Y\x1fP\x10\x16\xb0\x00\x00\x00\x00Lorem ipsum dolo"...
0.211 Disassembled: source: 37926, dest: 26454, seq: 65, ack: 1143429407, window: 5808, ACK, data: "Lorem ipsum dolo"...
0.211 Old data; ignoring
0.212 Received: b"\x94&gV\x00\x00\x00AD'Y\x1fP\x10\x16\xb0\x00\x00\x00\x00Lorem ipsum dolo"...
0.213 Disassembled: source: 37926, dest: 26454, seq: 65, ack: 1143429407, window: 5808, ACK, data: "Lorem ipsum dolo"...
0.213 Old data; ignoring
0.711 Sent: b"gV\x94&D'Y\x1f\x00\x00\x05\xedP\x10\x16\xb0\x00\x00\x00\x00"
0.714 Received: b"\x94&gV\x00\x00\x00AD'Y\x1fP\x10\x16\xb0\x00\x00\x00\x00Lorem ipsum dolo"...
0.714 Disassembled: source: 37926, dest: 26454, seq: 65, ack: 1143429407, window: 5808, ACK, data: "Lorem ipsum dolo"...
0.714 Old data; ignoring
1.211 Sent: b"gV\x94&D'Y\x1f\x00\x00\x05\xedP\x10\x16\xb0\x00\x00\x00\x00"
1.214 Received: b"\x94&gV\x00\x00\x00AD'Y\x1fP\x10\x16\xb0\x00\x00\x00\x00Lorem ipsum dolo"...
1.215 Disassembled: source: 37926, dest: 26454, seq: 65, ack: 1143429407, window: 5808, ACK, data: "Lorem ipsum dolo"...
1.215 Old data; ignoring
1.712 Sent: b"gV\x94&D'Y\x1f\x00\x00\x05\xedP\x10\x16\xb0\x00\x00\x00\x00"
1.714 Received: b"\x94&gV\x00\x00\x00AD'Y\x1fP\x10\x16\xb0\x00\x00\x00\x00Lorem ipsum dolo"...
1.715 Disassembled: source: 37926, dest: 26454, seq: 65, ack: 1143429407, window: 5808, ACK, data: "Lorem ipsum dolo"...
1.715 Old data; ignoring
2.212 Sent: b"gV\x94&D'Y\x1f\x00\x00\x05\xedP\x10\x16\xb0\x00\x00\x00\x00"
2.215 Received: b"\x94&gV\x00\x00\x00AD'Y\x1fP\x10\x16\xb0\x00\x00\x00\x00Lorem ipsum dolo"...
2.215 Disassembled: source: 37926, dest: 26454, seq: 65, ack: 1143429407, window: 5808, ACK, data: "Lorem ipsum dolo"...
2.216 Old data; ignoring
2.712 Error: Connection timed out
2.713 Closed connection
2.716 Shutting down
