0.000 NEW RUN: Server, TEST: Write_file__Single_packet
0.209 Received: b'\xaa_\xd0\xa4\x00\x00\x00S\x00\x00\x00\x00P\x02\x05\xa8\x00\x00\x00\x00'
0.209 Disassembled: source: 43615, dest: 53412, seq: 83, window: 1448, SYN
0.210 SYN accepted; new connection: 127.0.0.1 on port 43615
0.210 Assembling: source: 53412, dest: 43615, seq: 1119272220, ack: 84, window: 5808, ACK, SYN
0.210 Sent: b'\xd0\xa4\xaa_B\xb6\xbd\x1c\x00\x00\x00TP\x12\x16\xb0\x00\x00\x00\x00'
0.212 Received: b'\xaa_\xd0\xa4\x00\x00\x00TB\xb6\xbd\x1dP\x10\x16\xb0\x00\x00\x00\x00'
0.212 Disassembled: source: 43615, dest: 53412, seq: 84, ack: 1119272221, window: 5808, ACK
0.212 Assembling: source: 53412, dest: 43615, seq: 1119272221, ack: 84, window: 5808, ACK
0.212 Sent: b'\xd0\xa4\xaa_B\xb6\xbd\x1d\x00\x00\x00TP\x10\x16\xb0\x00\x00\x00\x00'
0.213 Received: b'\xaa_\xd0\xa4\x00\x00\x00TB\xb6\xbd\x1dP\x10\x16\xb0\x00\x00\x00\x00This file fits i'...
0.213 Disassembled: source: 43615, dest: 53412, seq: 84, ack: 1119272221, window: 5808, ACK, data: "This file fits i"...
0.213 Handshake complete
0.213 Data accepted; writing to file
0.213 Assembling: source: 53412, dest: 43615, seq: 1119272221, ack: 127, window: 5808, ACK
0.214 Sent: b'\xd0\xa4\xaa_B\xb6\xbd\x1d\x00\x00\x00\x7fP\x10\x16\xb0\x00\x00\x00\x00'
0.214 Received: b'\xaa_\xd0\xa4\x00\x00\x00TB\xb6\xbd\x1dP\x10\x16\xb0\x00\x00\x00\x00This file fits i'...
0.214 Disassembled: source: 43615, dest: 53412, seq: 84, ack: 1119272221, window: 5808, ACK, data: "This file fits i"...
0.215 Old data; ignoring
0.714 Sent: b'\xd0\xa4\xaa_B\xb6\xbd\x1d\x00\x00\x00\x7fP\x10\x16\xb0\x00\x00\x00\x00'
1.214 Sent: b'\xd0\xa4\xaa_B\xb6\xbd\x1d\x00\x00\x00\x7fP\x10\x16\xb0\x00\x00\x00\x00'
1.715 Sent: b'\xd0\xa4\xaa_B\xb6\xbd\x1d\x00\x00\x00\x7fP\x10\x16\xb0\x00\x00\x00\x00'
2.215 Sent: b'\xd0\xa4\xaa_B\xb6\xbd\x1d\x00\x00\x00\x7fP\x10\x16\xb0\x00\x00\x00\x00'
2.716 Error: Connection timed out
2.716 Closed connection
2.717 Shutting down
