0.000 NEW RUN: Server, TEST: Write_file__Empty
0.197 Received: b'\xe4\x0e_i\x00\x00\x00<\x00\x00\x00\x00P\x02\x05\xa8\x00\x00\x00\x00'
0.198 Disassembled: source: 58382, dest: 24425, seq: 60, window: 1448, SYN
0.198 SYN accepted; new connection: 127.0.0.1 on port 58382
0.198 Assembling: source: 24425, dest: 58382, seq: 1118746927, ack: 61, window: 5808, ACK, SYN
0.198 Sent: b'_i\xe4\x0eB\xae\xb9/\x00\x00\x00=P\x12\x16\xb0\x00\x00\x00\x00'
0.200 Received: b'\xe4\x0e_i\x00\x00\x00=B\xae\xb90P\x10\x16\xb0\x00\x00\x00\x00'
0.200 Disassembled: source: 58382, dest: 24425, seq: 61, ack: 1118746928, window: 5808, ACK
0.200 Assembling: source: 24425, dest: 58382, seq: 1118746928, ack: 61, window: 5808, ACK
0.201 Sent: b'_i\xe4\x0eB\xae\xb90\x00\x00\x00=P\x10\x16\xb0\x00\x00\x00\x00'
0.201 Received: b'\xe4\x0e_i\x00\x00\x00=B\xae\xb90P\x10\x16\xb0\x00\x00\x00\x00'
0.201 Disassembled: source: 58382, dest: 24425, seq: 61, ack: 1118746928, window: 5808, ACK
0.201 Assembling: source: 24425, dest: 58382, seq: 1118746928, ack: 61, window: 5808, ACK
0.201 Sent: b'_i\xe4\x0eB\xae\xb90\x00\x00\x00=P\x10\x16\xb0\x00\x00\x00\x00'
0.702 Sent: b'_i\xe4\x0eB\xae\xb90\x00\x00\x00=P\x10\x16\xb0\x00\x00\x00\x00'
1.202 Sent: b'_i\xe4\x0eB\xae\xb90\x00\x00\x00=P\x10\x16\xb0\x00\x00\x00\x00'
1.703 Sent: b'_i\xe4\x0eB\xae\xb90\x00\x00\x00=P\x10\x16\xb0\x00\x00\x00\x00'
2.203 Sent: b'_i\xe4\x0eB\xae\xb90\x00\x00\x00=P\x10\x16\xb0\x00\x00\x00\x00'
2.704 Error: Connection timed out
2.704 Closed connection
2.704 Shutting down
