0.000 NEW RUN: Server, TEST: Read_file__Empty
0.211 Received: b'\x9b$1u\x00\x00\x00F\x00\x00\x00\x00P\x02\x05\xa8\x00\x00\x00\x00'
0.211 Disassembled: source: 39716, dest: 12661, seq: 70, window: 1448, SYN
0.212 SYN accepted; new connection: 127.0.0.1 on port 39716
0.212 Assembling: source: 12661, dest: 39716, seq: 131937343, ack: 71, window: 1448, ACK, SYN
0.212 Sent: b'1u\x9b$\x07\xdd4?\x00\x00\x00GP\x12\x05\xa8\x00\x00\x00\x00'
0.214 Received: b'\x9b$1u\x00\x00\x00G\x07\xdd4@P\x10\x05\xa8\x00\x00\x00\x00'
0.214 Disassembled: source: 39716, dest: 12661, seq: 71, ack: 131937344, window: 1448, ACK
0.214 Handshake complete
0.214 Acknowledged seq: 131937343
0.215 Finished reading file
0.215 Assembling: source: 12661, dest: 39716, seq: 131937344, ack: 72, window: 1448, ACK, FIN
0.215 Sent: b'1u\x9b$\x07\xdd4@\x00\x00\x00HP\x11\x05\xa8\x00\x00\x00\x00'
0.715 Sent: b'1u\x9b$\x07\xdd4@\x00\x00\x00HP\x11\x05\xa8\x00\x00\x00\x00'
1.216 Sent: b'1u\x9b$\x07\xdd4@\x00\x00\x00HP\x11\x05\xa8\x00\x00\x00\x00'
1.716 Sent: b'1u\x9b$\x07\xdd4@\x00\x00\x00HP\x11\x05\xa8\x00\x00\x00\x00'
2.216 Sent: b'1u\x9b$\x07\xdd4@\x00\x00\x00HP\x11\x05\xa8\x00\x00\x00\x00'
2.717 Sent: b'1u\x9b$\x07\xdd4@\x00\x00\x00HP\x11\x05\xa8\x00\x00\x00\x00'
3.217 Error: Connection timed out
3.217 Closed connection
3.218 Shutting down
