0.000 NEW RUN: Server, TEST: Read_file__Large_multi-packet
0.225 Received: b'V\xecu\xd2\x00\x00\x00\x15\x00\x00\x00\x00P\x02\x05\xa8\x00\x00\x00\x00'
0.226 Disassembled: source: 22252, dest: 30162, seq: 21, window: 1448, SYN
0.226 SYN accepted; new connection: 127.0.0.1 on port 22252
0.226 Assembling: source: 30162, dest: 22252, seq: 145096359, ack: 22, window: 1448, ACK, SYN
0.226 Sent: b'u\xd2V\xec\x08\xa5\xfe\xa7\x00\x00\x00\x16P\x12\x05\xa8\x00\x00\x00\x00'
0.229 Received: b'V\xecu\xd2\x00\x00\x00\x16\x08\xa5\xfe\xa8P\x10\x05\xa8\x00\x00\x00\x00'
0.229 Disassembled: source: 22252, dest: 30162, seq: 22, ack: 145096360, window: 1448, ACK
0.229 Handshake complete
0.229 Acknowledged seq: 145096359
0.229 Assembling: source: 30162, dest: 22252, seq: 145096360, ack: 23, window: 1448, data: "Lorem ipsum dolo"...
0.229 Sent: b'u\xd2V\xec\x08\xa5\xfe\xa8\x00\x00\x00\x17P\x00\x05\xa8\x00\x00\x00\x00Lorem ipsum dolo'...
0.231 Received: b'V\xecu\xd2\x00\x00\x00\x16\x08\xa6\x04PP\x10\x05\xa8\x00\x00\x00\x00'
0.231 Disassembled: source: 22252, dest: 30162, seq: 22, ack: 145097808, window: 1448, ACK
0.232 Acknowledged seq: 145096360
0.232 Assembling: source: 30162, dest: 22252, seq: 145097808, ack: 23, window: 1448, data: "mprehensam nam, "...
0.232 Sent: b'u\xd2V\xec\x08\xa6\x04P\x00\x00\x00\x17P\x00\x05\xa8\x00\x00\x00\x00mprehensam nam, '...
0.234 Received: b'V\xecu\xd2\x00\x00\x00\x16\x08\xa6\t\xf8P\x10\x05\xa8\x00\x00\x00\x00'
0.234 Disassembled: source: 22252, dest: 30162, seq: 22, ack: 145099256, window: 1448, ACK
0.234 Acknowledged seq: 145097808
0.234 Assembling: source: 30162, dest: 22252, seq: 145099256, ack: 23, window: 1448, data: "ilisi repudiare "...
0.235 Sent: b'u\xd2V\xec\x08\xa6\t\xf8\x00\x00\x00\x17P\x00\x05\xa8\x00\x00\x00\x00ilisi repudiare '...
0.236 Received: b'V\xecu\xd2\x00\x00\x00\x16\x08\xa6\x0f\xa0P\x10\x05\xa8\x00\x00\x00\x00'
0.237 Disassembled: source: 22252, dest: 30162, seq: 22, ack: 145100704, window: 1448, ACK
0.237 Acknowledged seq: 145099256
0.237 Assembling: source: 30162, dest: 22252, seq: 145100704, ack: 23, window: 1448, data: "ta.

Et essent s"...
0.237 Sent: b'u\xd2V\xec\x08\xa6\x0f\xa0\x00\x00\x00\x17P\x00\x05\xa8\x00\x00\x00\x00ta.\n\nEt essent s'...
0.239 Received: b'V\xecu\xd2\x00\x00\x00\x16\x08\xa6\x15HP\x10\x05\xa8\x00\x00\x00\x00'
0.239 Disassembled: source: 22252, dest: 30162, seq: 22, ack: 145102152, window: 1448, ACK
0.239 Acknowledged seq: 145100704
0.239 Assembling: source: 30162, dest: 22252, seq: 145102152, ack: 23, window: 1448, data: " Nihil tractatos"...
0.240 Sent: b'u\xd2V\xec\x08\xa6\x15H\x00\x00\x00\x17P\x00\x05\xa8\x00\x00\x00\x00 Nihil tractatos'...
0.241 Received: b'V\xecu\xd2\x00\x00\x00\x16\x08\xa6\x1a\xf0P\x10\x05\xa8\x00\x00\x00\x00'
0.241 Disassembled: source: 22252, dest: 30162, seq: 22, ack: 145103600, window: 1448, ACK
0.242 Acknowledged seq: 145102152
0.242 Assembling: source: 30162, dest: 22252, seq: 145103600, ack: 23, window: 1448, data: "fert iuvaret sap"...
0.242 Sent: b'u\xd2V\xec\x08\xa6\x1a\xf0\x00\x00\x00\x17P\x00\x05\xa8\x00\x00\x00\x00fert iuvaret sap'...
0.243 Received: b'V\xecu\xd2\x00\x00\x00\x16\x08\xa6 \x98P\x10\x05\xa8\x00\x00\x00\x00'
0.244 Disassembled: source: 22252, dest: 30162, seq: 22, ack: 145105048, window: 1448, ACK
0.244 Acknowledged seq: 145103600
0.244 Assembling: source: 30162, dest: 22252, seq: 145105048, ack: 23, window: 1448, data: "ram adipiscing, "...
0.244 Sent: b'u\xd2V\xec\x08\xa6 \x98\x00\x00\x00\x17P\x00\x05\xa8\x00\x00\x00\x00ram adipiscing, '...
0.246 Received: b'V\xecu\xd2\x00\x00\x00\x16\x08\xa6&@P\x10\x05\xa8\x00\x00\x00\x00'
0.246 Disassembled: source: 22252, dest: 30162, seq: 22, ack: 145106496, window: 1448, ACK
0.246 Acknowledged seq: 145105048
0.246 Assembling: source: 30162, dest: 22252, seq: 145106496, ack: 23, window: 1448, data: "m veritus vivend"...
0.246 Sent: b'u\xd2V\xec\x08\xa6&@\x00\x00\x00\x17P\x00\x05\xa8\x00\x00\x00\x00m veritus vivend'...
0.248 Received: b'V\xecu\xd2\x00\x00\x00\x16\x08\xa6+\xe8P\x10\x05\xa8\x00\x00\x00\x00'
0.248 Disassembled: source: 22252, dest: 30162, seq: 22, ack: 145107944, window: 1448, ACK
0.248 Acknowledged seq: 145106496
0.248 Assembling: source: 30162, dest: 22252, seq: 145107944, ack: 23, window: 1448, data: " delenit, ignota"...
0.249 Sent: b'u\xd2V\xec\x08\xa6+\xe8\x00\x00\x00\x17P\x00\x05\xa8\x00\x00\x00\x00 delenit, ignota'...
0.250 Received: b'V\xecu\xd2\x00\x00\x00\x16\x08\xa61\x90P\x10\x05\xa8\x00\x00\x00\x00'
0.250 Disassembled: source: 22252, dest: 30162, seq: 22, ack: 145109392, window: 1448, ACK
0.250 Acknowledged seq: 145107944
0.250 Assembling: source: 30162, dest: 22252, seq: 145109392, ack: 23, window: 1448, data: "se explicari des"...
0.251 Sent: b'u\xd2V\xec\x08\xa61\x90\x00\x00\x00\x17P\x00\x05\xa8\x00\x00\x00\x00se explicari des'...
0.252 Received: b'V\xecu\xd2\x00\x00\x00\x16\x08\xa678P\x10\x05\xa8\x00\x00\x00\x00'
0.252 Disassembled: source: 22252, dest: 30162, seq: 22, ack: 145110840, window: 1448, ACK
0.253 Acknowledged seq: 145109392
0.253 Assembling: source: 30162, dest: 22252, seq: 145110840, ack: 23, window: 1448, data: "piscing, in modo"...
0.253 Sent: b'u\xd2V\xec\x08\xa678\x00\x00\x00\x17P\x00\x05\xa8\x00\x00\x00\x00piscing, in modo'...
0.254 Received: b'V\xecu\xd2\x00\x00\x00\x16\x08\xa6<\xe0P\x10\x05\xa8\x00\x00\x00\x00'
0.255 Disassembled: source: 22252, dest: 30162, seq: 22, ack: 145112288, window: 1448, ACK
0.255 Acknowledged seq: 145110840
0.255 Assembling: source: 30162, dest: 22252, seq: 145112288, ack: 23, window: 1448, data: "o copiosae tacim"...
0.255 Sent: b'u\xd2V\xec\x08\xa6<\xe0\x00\x00\x00\x17P\x00\x05\xa8\x00\x00\x00\x00o copiosae tacim'...
0.257 Received: b'V\xecu\xd2\x00\x00\x00\x16\x08\xa6B\x88P\x10\x05\xa8\x00\x00\x00\x00'
0.257 Disassembled: source: 22252, dest: 30162, seq: 22, ack: 145113736, window: 1448, ACK
0.257 Acknowledged seq: 145112288
0.257 Assembling: source: 30162, dest: 22252, seq: 145113736, ack: 23, window: 1448, data: "am. Pri ne antio"...
0.257 Sent: b'u\xd2V\xec\x08\xa6B\x88\x00\x00\x00\x17P\x00\x05\xa8\x00\x00\x00\x00am. Pri ne antio'...
0.259 Received: b'V\xecu\xd2\x00\x00\x00\x16\x08\xa6H0P\x10\x05\xa8\x00\x00\x00\x00'
0.259 Disassembled: source: 22252, dest: 30162, seq: 22, ack: 145115184, window: 1448, ACK
0.259 Acknowledged seq: 145113736
0.259 Assembling: source: 30162, dest: 22252, seq: 145115184, ack: 23, window: 1448, data: "to no. Elitr pos"...
0.259 Sent: b'u\xd2V\xec\x08\xa6H0\x00\x00\x00\x17P\x00\x05\xa8\x00\x00\x00\x00to no. Elitr pos'...
0.261 Received: b'V\xecu\xd2\x00\x00\x00\x16\x08\xa6M\xd8P\x10\x05\xa8\x00\x00\x00\x00'
0.261 Disassembled: source: 22252, dest: 30162, seq: 22, ack: 145116632, window: 1448, ACK
0.261 Acknowledged seq: 145115184
0.261 Assembling: source: 30162, dest: 22252, seq: 145116632, ack: 23, window: 1448, data: "pretaris, sea ex"...
0.262 Sent: b'u\xd2V\xec\x08\xa6M\xd8\x00\x00\x00\x17P\x00\x05\xa8\x00\x00\x00\x00pretaris, sea ex'...
0.263 Received: b'V\xecu\xd2\x00\x00\x00\x16\x08\xa6S\x80P\x10\x05\xa8\x00\x00\x00\x00'
0.263 Disassembled: source: 22252, dest: 30162, seq: 22, ack: 145118080, window: 1448, ACK
0.263 Acknowledged seq: 145116632
0.263 Assembling: source: 30162, dest: 22252, seq: 145118080, ack: 23, window: 1448, data: "oporteat inimicu"...
0.264 Sent: b'u\xd2V\xec\x08\xa6S\x80\x00\x00\x00\x17P\x00\x05\xa8\x00\x00\x00\x00oporteat inimicu'...
0.265 Received: b'V\xecu\xd2\x00\x00\x00\x16\x08\xa6Y(P\x10\x05\xa8\x00\x00\x00\x00'
0.265 Disassembled: source: 22252, dest: 30162, seq: 22, ack: 145119528, window: 1448, ACK
0.266 Acknowledged seq: 145118080
0.266 Assembling: source: 30162, dest: 22252, seq: 145119528, ack: 23, window: 1448, data: "ligendi officiis"...
0.266 Sent: b'u\xd2V\xec\x08\xa6Y(\x00\x00\x00\x17P\x00\x05\xa8\x00\x00\x00\x00ligendi officiis'...
0.268 Received: b'V\xecu\xd2\x00\x00\x00\x16\x08\xa6^\xd0P\x10\x05\xa8\x00\x00\x00\x00'
0.268 Disassembled: source: 22252, dest: 30162, seq: 22, ack: 145120976, window: 1448, ACK
0.268 Acknowledged seq: 145119528
0.268 Assembling: source: 30162, dest: 22252, seq: 145120976, ack: 23, window: 1448, data: "no vel regione i"...
0.268 Sent: b'u\xd2V\xec\x08\xa6^\xd0\x00\x00\x00\x17P\x00\x05\xa8\x00\x00\x00\x00no vel regione i'...
0.270 Received: b'V\xecu\xd2\x00\x00\x00\x16\x08\xa6dxP\x10\x05\xa8\x00\x00\x00\x00'
0.270 Disassembled: source: 22252, dest: 30162, seq: 22, ack: 145122424, window: 1448, ACK
0.270 Acknowledged seq: 145120976
0.270 Assembling: source: 30162, dest: 22252, seq: 145122424, ack: 23, window: 1448, data: "ibus vis ex, pro"...
0.270 Sent: b'u\xd2V\xec\x08\xa6dx\x00\x00\x00\x17P\x00\x05\xa8\x00\x00\x00\x00ibus vis ex, pro'...
0.272 Received: b'V\xecu\xd2\x00\x00\x00\x16\x08\xa6j P\x10\x05\xa8\x00\x00\x00\x00'
0.272 Disassembled: source: 22252, dest: 30162, seq: 22, ack: 145123872, window: 1448, ACK
0.272 Acknowledged seq: 145122424
0.272 Assembling: source: 30162, dest: 22252, seq: 145123872, ack: 23, window: 1448, data: "o vix, mel ea li"...
0.273 Sent: b'u\xd2V\xec\x08\xa6j \x00\x00\x00\x17P\x00\x05\xa8\x00\x00\x00\x00o vix, mel ea li'...
0.274 Received: b'V\xecu\xd2\x00\x00\x00\x16\x08\xa6o\xc8P\x10\x05\xa8\x00\x00\x00\x00'
0.274 Disassembled: source: 22252, dest: 30162, seq: 22, ack: 145125320, window: 1448, ACK
0.275 Acknowledged seq: 145123872
0.275 Assembling: source: 30162, dest: 22252, seq: 145125320, ack: 23, window: 1448, data: "d. Ex fugit suav"...
0.275 Sent: b'u\xd2V\xec\x08\xa6o\xc8\x00\x00\x00\x17P\x00\x05\xa8\x00\x00\x00\x00d. Ex fugit suav'...
0.277 Received: b'V\xecu\xd2\x00\x00\x00\x16\x08\xa6upP\x10\x05\xa8\x00\x00\x00\x00'
0.277 Disassembled: source: 22252, dest: 30162, seq: 22, ack: 145126768, window: 1448, ACK
0.277 Acknowledged seq: 145125320
0.277 Assembling: source: 30162, dest: 22252, seq: 145126768, ack: 23, window: 1448, data: "pertinax nec. De"...
0.278 Sent: b'u\xd2V\xec\x08\xa6up\x00\x00\x00\x17P\x00\x05\xa8\x00\x00\x00\x00pertinax nec. De'...
0.279 Received: b'V\xecu\xd2\x00\x00\x00\x16\x08\xa6{\x18P\x10\x05\xa8\x00\x00\x00\x00'
0.279 Disassembled: source: 22252, dest: 30162, seq: 22, ack: 145128216, window: 1448, ACK
0.280 Acknowledged seq: 145126768
0.280 Assembling: source: 30162, dest: 22252, seq: 145128216, ack: 23, window: 1448, data: "lli primis praes"...
0.280 Sent: b'u\xd2V\xec\x08\xa6{\x18\x00\x00\x00\x17P\x00\x05\xa8\x00\x00\x00\x00lli primis praes'...
0.282 Received: b'V\xecu\xd2\x00\x00\x00\x16\x08\xa6\x80\xc0P\x10\x05\xa8\x00\x00\x00\x00'
0.282 Disassembled: source: 22252, dest: 30162, seq: 22, ack: 145129664, window: 1448, ACK
0.282 Acknowledged seq: 145128216
0.282 Assembling: source: 30162, dest: 22252, seq: 145129664, ack: 23, window: 1448, data: "m, percipit inte"...
0.282 Sent: b'u\xd2V\xec\x08\xa6\x80\xc0\x00\x00\x00\x17P\x00\x05\xa8\x00\x00\x00\x00m, percipit inte'...
0.284 Received: b'V\xecu\xd2\x00\x00\x00\x16\x08\xa6\x86hP\x10\x05\xa8\x00\x00\x00\x00'
0.284 Disassembled: source: 22252, dest: 30162, seq: 22, ack: 145131112, window: 1448, ACK
0.284 Acknowledged seq: 145129664
0.284 Assembling: source: 30162, dest: 22252, seq: 145131112, ack: 23, window: 1448, data: "nani docendi pat"...
0.285 Sent: b'u\xd2V\xec\x08\xa6\x86h\x00\x00\x00\x17P\x00\x05\xa8\x00\x00\x00\x00nani docendi pat'...
0.286 Received: b'V\xecu\xd2\x00\x00\x00\x16\x08\xa6\x8c\x10P\x10\x05\xa8\x00\x00\x00\x00'
0.287 Disassembled: source: 22252, dest: 30162, seq: 22, ack: 145132560, window: 1448, ACK
0.287 Acknowledged seq: 145131112
0.287 Assembling: source: 30162, dest: 22252, seq: 145132560, ack: 23, window: 1448, data: " vis decore poss"...
0.287 Sent: b'u\xd2V\xec\x08\xa6\x8c\x10\x00\x00\x00\x17P\x00\x05\xa8\x00\x00\x00\x00 vis decore poss'...
0.289 Received: b'V\xecu\xd2\x00\x00\x00\x16\x08\xa6\x91\xb8P\x10\x05\xa8\x00\x00\x00\x00'
0.289 Disassembled: source: 22252, dest: 30162, seq: 22, ack: 145134008, window: 1448, ACK
0.289 Acknowledged seq: 145132560
0.290 Assembling: source: 30162, dest: 22252, seq: 145134008, ack: 23, window: 1448, data: "eam odio corpora"...
0.290 Sent: b'u\xd2V\xec\x08\xa6\x91\xb8\x00\x00\x00\x17P\x00\x05\xa8\x00\x00\x00\x00eam odio corpora'...
0.292 Received: b'V\xecu\xd2\x00\x00\x00\x16\x08\xa6\x97`P\x10\x05\xa8\x00\x00\x00\x00'
0.292 Disassembled: source: 22252, dest: 30162, seq: 22, ack: 145135456, window: 1448, ACK
0.292 Acknowledged seq: 145134008
0.292 Assembling: source: 30162, dest: 22252, seq: 145135456, ack: 23, window: 1448, data: " est. Usu sanctu"...
0.292 Sent: b'u\xd2V\xec\x08\xa6\x97`\x00\x00\x00\x17P\x00\x05\xa8\x00\x00\x00\x00 est. Usu sanctu'...
0.294 Received: b'V\xecu\xd2\x00\x00\x00\x16\x08\xa6\x9d\x08P\x10\x05\xa8\x00\x00\x00\x00'
0.294 Disassembled: source: 22252, dest: 30162, seq: 22, ack: 145136904, window: 1448, ACK
0.294 Acknowledged seq: 145135456
0.295 Assembling: source: 30162, dest: 22252, seq: 145136904, ack: 23, window: 1448, data: ".

Mei graeco ae"...
0.295 Sent: b'u\xd2V\xec\x08\xa6\x9d\x08\x00\x00\x00\x17P\x00\x05\xa8\x00\x00\x00\x00.\n\nMei graeco ae'...
0.296 Received: b'V\xecu\xd2\x00\x00\x00\x16\x08\xa6\xa2\xb0P\x10\x05\xa8\x00\x00\x00\x00'
0.297 Disassembled: source: 22252, dest: 30162, seq: 22, ack: 145138352, window: 1448, ACK
0.297 Acknowledged seq: 145136904
0.297 Assembling: source: 30162, dest: 22252, seq: 145138352, ack: 23, window: 1448, data: "et. Ne sea primi"...
0.297 Sent: b'u\xd2V\xec\x08\xa6\xa2\xb0\x00\x00\x00\x17P\x00\x05\xa8\x00\x00\x00\x00et. Ne sea primi'...
0.299 Received: b'V\xecu\xd2\x00\x00\x00\x16\x08\xa6\xa8XP\x10\x05\xa8\x00\x00\x00\x00'
0.299 Disassembled: source: 22252, dest: 30162, seq: 22, ack: 145139800, window: 1448, ACK
0.299 Acknowledged seq: 145138352
0.300 Assembling: source: 30162, dest: 22252, seq: 145139800, ack: 23, window: 1448, data: "ittam convenire."...
0.300 Sent: b'u\xd2V\xec\x08\xa6\xa8X\x00\x00\x00\x17P\x00\x05\xa8\x00\x00\x00\x00ittam convenire.'...
0.301 Received: b'V\xecu\xd2\x00\x00\x00\x16\x08\xa6\xae\x00P\x10\x05\xa8\x00\x00\x00\x00'
0.302 Disassembled: source: 22252, dest: 30162, seq: 22, ack: 145141248, window: 1448, ACK
0.302 Acknowledged seq: 145139800
0.302 Assembling: source: 30162, dest: 22252, seq: 145141248, ack: 23, window: 1448, data: "ua et vis, id eu"...
0.302 Sent: b'u\xd2V\xec\x08\xa6\xae\x00\x00\x00\x00\x17P\x00\x05\xa8\x00\x00\x00\x00ua et vis, id eu'...
0.304 Received: b'V\xecu\xd2\x00\x00\x00\x16\x08\xa6\xb3\xa8P\x10\x05\xa8\x00\x00\x00\x00'
0.304 Disassembled: source: 22252, dest: 30162, seq: 22, ack: 145142696, window: 1448, ACK
0.304 Acknowledged seq: 145141248
0.304 Assembling: source: 30162, dest: 22252, seq: 145142696, ack: 23, window: 1448, data: "r. Et velit appa"...
0.305 Sent: b'u\xd2V\xec\x08\xa6\xb3\xa8\x00\x00\x00\x17P\x00\x05\xa8\x00\x00\x00\x00r. Et velit appa'...
0.306 Received: b'V\xecu\xd2\x00\x00\x00\x16\x08\xa6\xb9PP\x10\x05\xa8\x00\x00\x00\x00'
0.307 Disassembled: source: 22252, dest: 30162, seq: 22, ack: 145144144, window: 1448, ACK
0.307 Acknowledged seq: 145142696
0.307 Assembling: source: 30162, dest: 22252, seq: 145144144, ack: 23, window: 1448, data: " novum laudem, v"...
0.307 Sent: b'u\xd2V\xec\x08\xa6\xb9P\x00\x00\x00\x17P\x00\x05\xa8\x00\x00\x00\x00 novum laudem, v'...
0.309 Received: b'V\xecu\xd2\x00\x00\x00\x16\x08\xa6\xbe\xf8P\x10\x05\xa8\x00\x00\x00\x00'
0.309 Disassembled: source: 22252, dest: 30162, seq: 22, ack: 145145592, window: 1448, ACK
0.309 Acknowledged seq: 145144144
0.309 Assembling: source: 30162, dest: 22252, seq: 145145592, ack: 23, window: 1448, data: "luptatibus, cibo"...
0.310 Sent: b'u\xd2V\xec\x08\xa6\xbe\xf8\x00\x00\x00\x17P\x00\x05\xa8\x00\x00\x00\x00luptatibus, cibo'...
0.311 Received: b'V\xecu\xd2\x00\x00\x00\x16\x08\xa6\xc4\xa0P\x10\x05\xa8\x00\x00\x00\x00'
0.312 Disassembled: source: 22252, dest: 30162, seq: 22, ack: 145147040, window: 1448, ACK
0.312 Acknowledged seq: 145145592
0.312 Assembling: source: 30162, dest: 22252, seq: 145147040, ack: 23, window: 1448, data: "alii indoctum ma"...
0.312 Sent: b'u\xd2V\xec\x08\xa6\xc4\xa0\x00\x00\x00\x17P\x00\x05\xa8\x00\x00\x00\x00alii indoctum ma'...
0.314 Received: b'V\xecu\xd2\x00\x00\x00\x16\x08\xa6\xcaHP\x10\x05\xa8\x00\x00\x00\x00'
0.314 Disassembled: source: 22252, dest: 30162, seq: 22, ack: 145148488, window: 1448, ACK
0.314 Acknowledged seq: 145147040
0.314 Assembling: source: 30162, dest: 22252, seq: 145148488, ack: 23, window: 1448, data: "im, his facete c"...
0.315 Sent: b'u\xd2V\xec\x08\xa6\xcaH\x00\x00\x00\x17P\x00\x05\xa8\x00\x00\x00\x00im, his facete c'...
0.316 Received: b'V\xecu\xd2\x00\x00\x00\x16\x08\xa6\xcf\xf0P\x10\x05\xa8\x00\x00\x00\x00'
0.317 Disassembled: source: 22252, dest: 30162, seq: 22, ack: 145149936, window: 1448, ACK
0.317 Acknowledged seq: 145148488
0.317 Assembling: source: 30162, dest: 22252, seq: 145149936, ack: 23, window: 1448, data: "e alia dolor com"...
0.317 Sent: b'u\xd2V\xec\x08\xa6\xcf\xf0\x00\x00\x00\x17P\x00\x05\xa8\x00\x00\x00\x00e alia dolor com'...
0.319 Received: b'V\xecu\xd2\x00\x00\x00\x16\x08\xa6\xd5\x98P\x10\x05\xa8\x00\x00\x00\x00'
0.319 Disassembled: source: 22252, dest: 30162, seq: 22, ack: 145151384, window: 1448, ACK
0.319 Acknowledged seq: 145149936
0.319 Assembling: source: 30162, dest: 22252, seq: 145151384, ack: 23, window: 1448, data: "it ea, reque tem"...
0.320 Sent: b'u\xd2V\xec\x08\xa6\xd5\x98\x00\x00\x00\x17P\x00\x05\xa8\x00\x00\x00\x00it ea, reque tem'...
0.321 Received: b'V\xecu\xd2\x00\x00\x00\x16\x08\xa6\xdb@P\x10\x05\xa8\x00\x00\x00\x00'
0.321 Disassembled: source: 22252, dest: 30162, seq: 22, ack: 145152832, window: 1448, ACK
0.322 Acknowledged seq: 145151384
0.322 Assembling: source: 30162, dest: 22252, seq: 145152832, ack: 23, window: 1448, data: "alisque.

Equide"...
0.322 Sent: b'u\xd2V\xec\x08\xa6\xdb@\x00\x00\x00\x17P\x00\x05\xa8\x00\x00\x00\x00alisque.\n\nEquide'...
0.323 Received: b'V\xecu\xd2\x00\x00\x00\x16\x08\xa6\xe0\xe8P\x10\x05\xa8\x00\x00\x00\x00'
0.324 Disassembled: source: 22252, dest: 30162, seq: 22, ack: 145154280, window: 1448, ACK
0.324 Acknowledged seq: 145152832
0.324 Assembling: source: 30162, dest: 22252, seq: 145154280, ack: 23, window: 1448, data: "finitiones, affe"...
0.324 Sent: b'u\xd2V\xec\x08\xa6\xe0\xe8\x00\x00\x00\x17P\x00\x05\xa8\x00\x00\x00\x00finitiones, affe'...
0.326 Received: b'V\xecu\xd2\x00\x00\x00\x16\x08\xa6\xe6\x90P\x10\x05\xa8\x00\x00\x00\x00'
0.326 Disassembled: source: 22252, dest: 30162, seq: 22, ack: 145155728, window: 1448, ACK
0.326 Acknowledged seq: 145154280
0.326 Assembling: source: 30162, dest: 22252, seq: 145155728, ack: 23, window: 1448, data: "his duis graeco "...
0.327 Sent: b'u\xd2V\xec\x08\xa6\xe6\x90\x00\x00\x00\x17P\x00\x05\xa8\x00\x00\x00\x00his duis graeco '...
0.328 Received: b'V\xecu\xd2\x00\x00\x00\x16\x08\xa6\xec8P\x10\x05\xa8\x00\x00\x00\x00'
0.329 Disassembled: source: 22252, dest: 30162, seq: 22, ack: 145157176, window: 1448, ACK
0.329 Acknowledged seq: 145155728
0.329 Assembling: source: 30162, dest: 22252, seq: 145157176, ack: 23, window: 1448, data: "am. Alia possit "...
0.329 Sent: b'u\xd2V\xec\x08\xa6\xec8\x00\x00\x00\x17P\x00\x05\xa8\x00\x00\x00\x00am. Alia possit '...
0.331 Received: b'V\xecu\xd2\x00\x00\x00\x16\x08\xa6\xf1\xe0P\x10\x05\xa8\x00\x00\x00\x00'
0.331 Disassembled: source: 22252, dest: 30162, seq: 22, ack: 145158624, window: 1448, ACK
0.331 Acknowledged seq: 145157176
0.331 Assembling: source: 30162, dest: 22252, seq: 145158624, ack: 23, window: 1448, data: "cum an. Mei faci"...
0.331 Sent: b'u\xd2V\xec\x08\xa6\xf1\xe0\x00\x00\x00\x17P\x00\x05\xa8\x00\x00\x00\x00cum an. Mei faci'...
0.333 Received: b'V\xecu\xd2\x00\x00\x00\x16\x08\xa6\xf7\x88P\x10\x05\xa8\x00\x00\x00\x00'
0.333 Disassembled: source: 22252, dest: 30162, seq: 22, ack: 145160072, window: 1448, ACK
0.334 Acknowledged seq: 145158624
0.334 Assembling: source: 30162, dest: 22252, seq: 145160072, ack: 23, window: 1448, data: " vis adhuc tatio"...
0.334 Sent: b'u\xd2V\xec\x08\xa6\xf7\x88\x00\x00\x00\x17P\x00\x05\xa8\x00\x00\x00\x00 vis adhuc tatio'...
0.336 Received: b'V\xecu\xd2\x00\x00\x00\x16\x08\xa6\xfd0P\x10\x05\xa8\x00\x00\x00\x00'
0.336 Disassembled: source: 22252, dest: 30162, seq: 22, ack: 145161520, window: 1448, ACK
0.336 Acknowledged seq: 145160072
0.336 Assembling: source: 30162, dest: 22252, seq: 145161520, ack: 23, window: 1448, data: "im eu option iuv"...
0.337 Sent: b'u\xd2V\xec\x08\xa6\xfd0\x00\x00\x00\x17P\x00\x05\xa8\x00\x00\x00\x00im eu option iuv'...
0.338 Received: b'V\xecu\xd2\x00\x00\x00\x16\x08\xa7\x02\xd8P\x10\x05\xa8\x00\x00\x00\x00'
0.338 Disassembled: source: 22252, dest: 30162, seq: 22, ack: 145162968, window: 1448, ACK
0.338 Acknowledged seq: 145161520
0.339 Assembling: source: 30162, dest: 22252, seq: 145162968, ack: 23, window: 1448, data: "ex epicurei taci"...
0.339 Sent: b'u\xd2V\xec\x08\xa7\x02\xd8\x00\x00\x00\x17P\x00\x05\xa8\x00\x00\x00\x00ex epicurei taci'...
0.340 Received: b'V\xecu\xd2\x00\x00\x00\x16\x08\xa7\x08\x80P\x10\x05\xa8\x00\x00\x00\x00'
0.341 Disassembled: source: 22252, dest: 30162, seq: 22, ack: 145164416, window: 1448, ACK
0.341 Acknowledged seq: 145162968
0.341 Assembling: source: 30162, dest: 22252, seq: 145164416, ack: 23, window: 1448, data: "ebat, eu pro ero"...
0.341 Sent: b'u\xd2V\xec\x08\xa7\x08\x80\x00\x00\x00\x17P\x00\x05\xa8\x00\x00\x00\x00ebat, eu pro ero'...
0.343 Received: b'V\xecu\xd2\x00\x00\x00\x16\x08\xa7\x0e(P\x10\x05\xa8\x00\x00\x00\x00'
0.343 Disassembled: source: 22252, dest: 30162, seq: 22, ack: 145165864, window: 1448, ACK
0.343 Acknowledged seq: 145164416
0.344 Assembling: source: 30162, dest: 22252, seq: 145165864, ack: 23, window: 1448, data: "s. Per no sale v"...
0.344 Sent: b'u\xd2V\xec\x08\xa7\x0e(\x00\x00\x00\x17P\x00\x05\xa8\x00\x00\x00\x00s. Per no sale v'...
0.346 Received: b'V\xecu\xd2\x00\x00\x00\x16\x08\xa7\x13\xd0P\x10\x05\xa8\x00\x00\x00\x00'
0.346 Disassembled: source: 22252, dest: 30162, seq: 22, ack: 145167312, window: 1448, ACK
0.346 Acknowledged seq: 145165864
0.346 Assembling: source: 30162, dest: 22252, seq: 145167312, ack: 23, window: 1448, data: "orrupte ea mel. "...
0.346 Sent: b'u\xd2V\xec\x08\xa7\x13\xd0\x00\x00\x00\x17P\x00\x05\xa8\x00\x00\x00\x00orrupte ea mel. '...
0.348 Received: b'V\xecu\xd2\x00\x00\x00\x16\x08\xa7\x19xP\x10\x05\xa8\x00\x00\x00\x00'
0.348 Disassembled: source: 22252, dest: 30162, seq: 22, ack: 145168760, window: 1448, ACK
0.349 Acknowledged seq: 145167312
0.349 Assembling: source: 30162, dest: 22252, seq: 145168760, ack: 23, window: 1448, data: ". Est iracundia "...
0.349 Sent: b'u\xd2V\xec\x08\xa7\x19x\x00\x00\x00\x17P\x00\x05\xa8\x00\x00\x00\x00. Est iracundia '...
0.351 Received: b'V\xecu\xd2\x00\x00\x00\x16\x08\xa7\x1f P\x10\x05\xa8\x00\x00\x00\x00'
0.351 Disassembled: source: 22252, dest: 30162, seq: 22, ack: 145170208, window: 1448, ACK
0.351 Acknowledged seq: 145168760
0.351 Assembling: source: 30162, dest: 22252, seq: 145170208, ack: 23, window: 1448, data: "pta probatus scr"...
0.352 Sent: b'u\xd2V\xec\x08\xa7\x1f \x00\x00\x00\x17P\x00\x05\xa8\x00\x00\x00\x00pta probatus scr'...
0.353 Received: b'V\xecu\xd2\x00\x00\x00\x16\x08\xa7$\xc8P\x10\x05\xa8\x00\x00\x00\x00'
0.354 Disassembled: source: 22252, dest: 30162, seq: 22, ack: 145171656, window: 1448, ACK
0.354 Acknowledged seq: 145170208
0.354 Assembling: source: 30162, dest: 22252, seq: 145171656, ack: 23, window: 1448, data: "entur ei, pro ei"...
0.354 Sent: b'u\xd2V\xec\x08\xa7$\xc8\x00\x00\x00\x17P\x00\x05\xa8\x00\x00\x00\x00entur ei, pro ei'...
0.356 Received: b'V\xecu\xd2\x00\x00\x00\x16\x08\xa7*pP\x10\x05\xa8\x00\x00\x00\x00'
0.356 Disassembled: source: 22252, dest: 30162, seq: 22, ack: 145173104, window: 1448, ACK
0.356 Acknowledged seq: 145171656
0.357 Assembling: source: 30162, dest: 22252, seq: 145173104, ack: 23, window: 1448, data: "simul euismod vi"...
0.357 Sent: b'u\xd2V\xec\x08\xa7*p\x00\x00\x00\x17P\x00\x05\xa8\x00\x00\x00\x00simul euismod vi'...
0.359 Received: b'V\xecu\xd2\x00\x00\x00\x16\x08\xa70\x18P\x10\x05\xa8\x00\x00\x00\x00'
0.359 Disassembled: source: 22252, dest: 30162, seq: 22, ack: 145174552, window: 1448, ACK
0.359 Acknowledged seq: 145173104
0.359 Assembling: source: 30162, dest: 22252, seq: 145174552, ack: 23, window: 1448, data: ", eam id iudico "...
0.359 Sent: b'u\xd2V\xec\x08\xa70\x18\x00\x00\x00\x17P\x00\x05\xa8\x00\x00\x00\x00, eam id iudico '...
0.361 Received: b'V\xecu\xd2\x00\x00\x00\x16\x08\xa75\xc0P\x10\x05\xa8\x00\x00\x00\x00'
0.361 Disassembled: source: 22252, dest: 30162, seq: 22, ack: 145176000, window: 1448, ACK
0.361 Acknowledged seq: 145174552
0.362 Assembling: source: 30162, dest: 22252, seq: 145176000, ack: 23, window: 1448, data: "m vix. Ea est mu"...
0.362 Sent: b'u\xd2V\xec\x08\xa75\xc0\x00\x00\x00\x17P\x00\x05\xa8\x00\x00\x00\x00m vix. Ea est mu'...
0.363 Received: b'V\xecu\xd2\x00\x00\x00\x16\x08\xa7;hP\x10\x05\xa8\x00\x00\x00\x00'
0.364 Disassembled: source: 22252, dest: 30162, seq: 22, ack: 145177448, window: 1448, ACK
0.364 Acknowledged seq: 145176000
0.364 Assembling: source: 30162, dest: 22252, seq: 145177448, ack: 23, window: 1448, data: "olor sit amet, e"...
0.365 Sent: b'u\xd2V\xec\x08\xa7;h\x00\x00\x00\x17P\x00\x05\xa8\x00\x00\x00\x00olor sit amet, e'...
0.366 Received: b'V\xecu\xd2\x00\x00\x00\x16\x08\xa7A\x10P\x10\x05\xa8\x00\x00\x00\x00'
0.367 Disassembled: source: 22252, dest: 30162, seq: 22, ack: 145178896, window: 1448, ACK
0.367 Acknowledged seq: 145177448
0.367 Assembling: source: 30162, dest: 22252, seq: 145178896, ack: 23, window: 1448, data: "m, aperiam iudic"...
0.367 Sent: b'u\xd2V\xec\x08\xa7A\x10\x00\x00\x00\x17P\x00\x05\xa8\x00\x00\x00\x00m, aperiam iudic'...
0.369 Received: b'V\xecu\xd2\x00\x00\x00\x16\x08\xa7F\xb8P\x10\x05\xa8\x00\x00\x00\x00'
0.369 Disassembled: source: 22252, dest: 30162, seq: 22, ack: 145180344, window: 1448, ACK
0.369 Acknowledged seq: 145178896
0.370 Assembling: source: 30162, dest: 22252, seq: 145180344, ack: 23, window: 1448, data: "re sea. No eos d"...
0.370 Sent: b'u\xd2V\xec\x08\xa7F\xb8\x00\x00\x00\x17P\x00\x05\xa8\x00\x00\x00\x00re sea. No eos d'...
0.372 Received: b'V\xecu\xd2\x00\x00\x00\x16\x08\xa7L`P\x10\x05\xa8\x00\x00\x00\x00'
0.372 Disassembled: source: 22252, dest: 30162, seq: 22, ack: 145181792, window: 1448, ACK
0.372 Acknowledged seq: 145180344
0.372 Assembling: source: 30162, dest: 22252, seq: 145181792, ack: 23, window: 1448, data: "t scripta philos"...
0.373 Sent: b'u\xd2V\xec\x08\xa7L`\x00\x00\x00\x17P\x00\x05\xa8\x00\x00\x00\x00t scripta philos'...
0.374 Received: b'V\xecu\xd2\x00\x00\x00\x16\x08\xa7R\x08P\x10\x05\xa8\x00\x00\x00\x00'
0.375 Disassembled: source: 22252, dest: 30162, seq: 22, ack: 145183240, window: 1448, ACK
0.375 Acknowledged seq: 145181792
0.375 Assembling: source: 30162, dest: 22252, seq: 145183240, ack: 23, window: 1448, data: "tos sadipscing e"...
0.375 Sent: b'u\xd2V\xec\x08\xa7R\x08\x00\x00\x00\x17P\x00\x05\xa8\x00\x00\x00\x00tos sadipscing e'...
0.377 Received: b'V\xecu\xd2\x00\x00\x00\x16\x08\xa7W\xb0P\x10\x05\xa8\x00\x00\x00\x00'
0.377 Disassembled: source: 22252, dest: 30162, seq: 22, ack: 145184688, window: 1448, ACK
0.377 Acknowledged seq: 145183240
0.378 Assembling: source: 30162, dest: 22252, seq: 145184688, ack: 23, window: 1448, data: "sapientem ea, ad"...
0.378 Sent: b'u\xd2V\xec\x08\xa7W\xb0\x00\x00\x00\x17P\x00\x05\xa8\x00\x00\x00\x00sapientem ea, ad'...
0.380 Received: b'V\xecu\xd2\x00\x00\x00\x16\x08\xa7]XP\x10\x05\xa8\x00\x00\x00\x00'
0.380 Disassembled: source: 22252, dest: 30162, seq: 22, ack: 145186136, window: 1448, ACK
0.380 Acknowledged seq: 145184688
0.380 Assembling: source: 30162, dest: 22252, seq: 145186136, ack: 23, window: 1448, data: "g, ei invenire p"...
0.381 Sent: b'u\xd2V\xec\x08\xa7]X\x00\x00\x00\x17P\x00\x05\xa8\x00\x00\x00\x00g, ei invenire p'...
0.383 Received: b'V\xecu\xd2\x00\x00\x00\x16\x08\xa7c\x00P\x10\x05\xa8\x00\x00\x00\x00'
0.383 Disassembled: source: 22252, dest: 30162, seq: 22, ack: 145187584, window: 1448, ACK
0.383 Acknowledged seq: 145186136
0.383 Assembling: source: 30162, dest: 22252, seq: 145187584, ack: 23, window: 1448, data: "endo at. Qui id "...
0.384 Sent: b'u\xd2V\xec\x08\xa7c\x00\x00\x00\x00\x17P\x00\x05\xa8\x00\x00\x00\x00endo at. Qui id '...
0.385 Received: b'V\xecu\xd2\x00\x00\x00\x16\x08\xa7h\xa8P\x10\x05\xa8\x00\x00\x00\x00'
0.386 Disassembled: source: 22252, dest: 30162, seq: 22, ack: 145189032, window: 1448, ACK
0.386 Acknowledged seq: 145187584
0.386 Assembling: source: 30162, dest: 22252, seq: 145189032, ack: 23, window: 1448, data: "ota nostrum et p"...
0.386 Sent: b'u\xd2V\xec\x08\xa7h\xa8\x00\x00\x00\x17P\x00\x05\xa8\x00\x00\x00\x00ota nostrum et p'...
0.388 Received: b'V\xecu\xd2\x00\x00\x00\x16\x08\xa7nPP\x10\x05\xa8\x00\x00\x00\x00'
0.388 Disassembled: source: 22252, dest: 30162, seq: 22, ack: 145190480, window: 1448, ACK
0.388 Acknowledged seq: 145189032
0.389 Assembling: source: 30162, dest: 22252, seq: 145190480, ack: 23, window: 1448, data: "deseruisse id. P"...
0.389 Sent: b'u\xd2V\xec\x08\xa7nP\x00\x00\x00\x17P\x00\x05\xa8\x00\x00\x00\x00deseruisse id. P'...
0.391 Received: b'V\xecu\xd2\x00\x00\x00\x16\x08\xa7s\xf8P\x10\x05\xa8\x00\x00\x00\x00'
0.391 Disassembled: source: 22252, dest: 30162, seq: 22, ack: 145191928, window: 1448, ACK
0.391 Acknowledged seq: 145190480
0.391 Assembling: source: 30162, dest: 22252, seq: 145191928, ack: 23, window: 1448, data: "odo munere imper"...
0.391 Sent: b'u\xd2V\xec\x08\xa7s\xf8\x00\x00\x00\x17P\x00\x05\xa8\x00\x00\x00\x00odo munere imper'...
0.393 Received: b'V\xecu\xd2\x00\x00\x00\x16\x08\xa7y\xa0P\x10\x05\xa8\x00\x00\x00\x00'
0.393 Disassembled: source: 22252, dest: 30162, seq: 22, ack: 145193376, window: 1448, ACK
0.394 Acknowledged seq: 145191928
0.394 Assembling: source: 30162, dest: 22252, seq: 145193376, ack: 23, window: 1448, data: "cimates cum, tib"...
0.394 Sent: b'u\xd2V\xec\x08\xa7y\xa0\x00\x00\x00\x17P\x00\x05\xa8\x00\x00\x00\x00cimates cum, tib'...
0.396 Received: b'V\xecu\xd2\x00\x00\x00\x16\x08\xa7\x7fHP\x10\x05\xa8\x00\x00\x00\x00'
0.396 Disassembled: source: 22252, dest: 30162, seq: 22, ack: 145194824, window: 1448, ACK
0.396 Acknowledged seq: 145193376
0.396 Assembling: source: 30162, dest: 22252, seq: 145194824, ack: 23, window: 1448, data: "tiopam molestiae"...
0.397 Sent: b'u\xd2V\xec\x08\xa7\x7fH\x00\x00\x00\x17P\x00\x05\xa8\x00\x00\x00\x00tiopam molestiae'...
0.398 Received: b'V\xecu\xd2\x00\x00\x00\x16\x08\xa7\x84\xf0P\x10\x05\xa8\x00\x00\x00\x00'
0.399 Disassembled: source: 22252, dest: 30162, seq: 22, ack: 145196272, window: 1448, ACK
0.399 Acknowledged seq: 145194824
0.399 Assembling: source: 30162, dest: 22252, seq: 145196272, ack: 23, window: 1448, data: "possim qui no, v"...
0.399 Sent: b'u\xd2V\xec\x08\xa7\x84\xf0\x00\x00\x00\x17P\x00\x05\xa8\x00\x00\x00\x00possim qui no, v'...
0.401 Received: b'V\xecu\xd2\x00\x00\x00\x16\x08\xa7\x8a\x98P\x10\x05\xa8\x00\x00\x00\x00'
0.401 Disassembled: source: 22252, dest: 30162, seq: 22, ack: 145197720, window: 1448, ACK
0.402 Acknowledged seq: 145196272
0.402 Assembling: source: 30162, dest: 22252, seq: 145197720, ack: 23, window: 1448, data: " ex utinam parti"...
0.402 Sent: b'u\xd2V\xec\x08\xa7\x8a\x98\x00\x00\x00\x17P\x00\x05\xa8\x00\x00\x00\x00 ex utinam parti'...
0.404 Received: b'V\xecu\xd2\x00\x00\x00\x16\x08\xa7\x90@P\x10\x05\xa8\x00\x00\x00\x00'
0.404 Disassembled: source: 22252, dest: 30162, seq: 22, ack: 145199168, window: 1448, ACK
0.404 Acknowledged seq: 145197720
0.404 Assembling: source: 30162, dest: 22252, seq: 145199168, ack: 23, window: 1448, data: "icus in his. Pri"...
0.405 Sent: b'u\xd2V\xec\x08\xa7\x90@\x00\x00\x00\x17P\x00\x05\xa8\x00\x00\x00\x00icus in his. Pri'...
0.406 Received: b'V\xecu\xd2\x00\x00\x00\x16\x08\xa7\x95\xe8P\x10\x05\xa8\x00\x00\x00\x00'
0.407 Disassembled: source: 22252, dest: 30162, seq: 22, ack: 145200616, window: 1448, ACK
0.407 Acknowledged seq: 145199168
0.407 Assembling: source: 30162, dest: 22252, seq: 145200616, ack: 23, window: 1448, data: "iis et.

Ius cu "...
0.407 Sent: b'u\xd2V\xec\x08\xa7\x95\xe8\x00\x00\x00\x17P\x00\x05\xa8\x00\x00\x00\x00iis et.\n\nIus cu '...
0.409 Received: b'V\xecu\xd2\x00\x00\x00\x16\x08\xa7\x9b\x90P\x10\x05\xa8\x00\x00\x00\x00'
0.409 Disassembled: source: 22252, dest: 30162, seq: 22, ack: 145202064, window: 1448, ACK
0.410 Acknowledged seq: 145200616
0.410 Assembling: source: 30162, dest: 22252, seq: 145202064, ack: 23, window: 1448, data: "e interesset.

T"...
0.410 Sent: b'u\xd2V\xec\x08\xa7\x9b\x90\x00\x00\x00\x17P\x00\x05\xa8\x00\x00\x00\x00e interesset.\n\nT'...
0.412 Received: b'V\xecu\xd2\x00\x00\x00\x16\x08\xa7\xa18P\x10\x05\xa8\x00\x00\x00\x00'
0.412 Disassembled: source: 22252, dest: 30162, seq: 22, ack: 145203512, window: 1448, ACK
0.412 Acknowledged seq: 145202064
0.412 Assembling: source: 30162, dest: 22252, seq: 145203512, ack: 23, window: 1448, data: "pro alia volutpa"...
0.413 Sent: b'u\xd2V\xec\x08\xa7\xa18\x00\x00\x00\x17P\x00\x05\xa8\x00\x00\x00\x00pro alia volutpa'...
0.414 Received: b'V\xecu\xd2\x00\x00\x00\x16\x08\xa7\xa6\xe0P\x10\x05\xa8\x00\x00\x00\x00'
0.415 Disassembled: source: 22252, dest: 30162, seq: 22, ack: 145204960, window: 1448, ACK
0.415 Acknowledged seq: 145203512
0.415 Assembling: source: 30162, dest: 22252, seq: 145204960, ack: 23, window: 1448, data: " libris equidem "...
0.415 Sent: b'u\xd2V\xec\x08\xa7\xa6\xe0\x00\x00\x00\x17P\x00\x05\xa8\x00\x00\x00\x00 libris equidem '...
0.417 Received: b'V\xecu\xd2\x00\x00\x00\x16\x08\xa7\xac\x88P\x10\x05\xa8\x00\x00\x00\x00'
0.417 Disassembled: source: 22252, dest: 30162, seq: 22, ack: 145206408, window: 1448, ACK
0.417 Acknowledged seq: 145204960
0.418 Assembling: source: 30162, dest: 22252, seq: 145206408, ack: 23, window: 1448, data: "uavitate volupta"...
0.418 Sent: b'u\xd2V\xec\x08\xa7\xac\x88\x00\x00\x00\x17P\x00\x05\xa8\x00\x00\x00\x00uavitate volupta'...
0.419 Received: b'V\xecu\xd2\x00\x00\x00\x16\x08\xa7\xb20P\x10\x05\xa8\x00\x00\x00\x00'
0.420 Disassembled: source: 22252, dest: 30162, seq: 22, ack: 145207856, window: 1448, ACK
0.420 Acknowledged seq: 145206408
0.420 Assembling: source: 30162, dest: 22252, seq: 145207856, ack: 23, window: 1448, data: " Detraxit defini"...
0.421 Sent: b'u\xd2V\xec\x08\xa7\xb20\x00\x00\x00\x17P\x00\x05\xa8\x00\x00\x00\x00 Detraxit defini'...
0.422 Received: b'V\xecu\xd2\x00\x00\x00\x16\x08\xa7\xb7\xd8P\x10\x05\xa8\x00\x00\x00\x00'
0.422 Disassembled: source: 22252, dest: 30162, seq: 22, ack: 145209304, window: 1448, ACK
0.423 Acknowledged seq: 145207856
0.423 Assembling: source: 30162, dest: 22252, seq: 145209304, ack: 23, window: 1448, data: "aesent mei. Quo "...
0.423 Sent: b'u\xd2V\xec\x08\xa7\xb7\xd8\x00\x00\x00\x17P\x00\x05\xa8\x00\x00\x00\x00aesent mei. Quo '...
0.425 Received: b'V\xecu\xd2\x00\x00\x00\x16\x08\xa7\xbd\x80P\x10\x05\xa8\x00\x00\x00\x00'
0.425 Disassembled: source: 22252, dest: 30162, seq: 22, ack: 145210752, window: 1448, ACK
0.425 Acknowledged seq: 145209304
0.426 Assembling: source: 30162, dest: 22252, seq: 145210752, ack: 23, window: 1448, data: "nterpretaris no "...
0.426 Sent: b'u\xd2V\xec\x08\xa7\xbd\x80\x00\x00\x00\x17P\x00\x05\xa8\x00\x00\x00\x00nterpretaris no '...
0.427 Received: b'V\xecu\xd2\x00\x00\x00\x16\x08\xa7\xc3(P\x10\x05\xa8\x00\x00\x00\x00'
0.428 Disassembled: source: 22252, dest: 30162, seq: 22, ack: 145212200, window: 1448, ACK
0.428 Acknowledged seq: 145210752
0.428 Assembling: source: 30162, dest: 22252, seq: 145212200, ack: 23, window: 1448, data: "patrioque has. I"...
0.428 Sent: b'u\xd2V\xec\x08\xa7\xc3(\x00\x00\x00\x17P\x00\x05\xa8\x00\x00\x00\x00patrioque has. I'...
0.430 Received: b'V\xecu\xd2\x00\x00\x00\x16\x08\xa7\xc8\xd0P\x10\x05\xa8\x00\x00\x00\x00'
0.430 Disassembled: source: 22252, dest: 30162, seq: 22, ack: 145213648, window: 1448, ACK
0.431 Acknowledged seq: 145212200
0.431 Assembling: source: 30162, dest: 22252, seq: 145213648, ack: 23, window: 1448, data: "ossit repudianda"...
0.431 Sent: b'u\xd2V\xec\x08\xa7\xc8\xd0\x00\x00\x00\x17P\x00\x05\xa8\x00\x00\x00\x00ossit repudianda'...
0.433 Received: b'V\xecu\xd2\x00\x00\x00\x16\x08\xa7\xcexP\x10\x05\xa8\x00\x00\x00\x00'
0.433 Disassembled: source: 22252, dest: 30162, seq: 22, ack: 145215096, window: 1448, ACK
0.433 Acknowledged seq: 145213648
0.433 Assembling: source: 30162, dest: 22252, seq: 145215096, ack: 23, window: 1448, data: "ora consequuntur"...
0.434 Sent: b'u\xd2V\xec\x08\xa7\xcex\x00\x00\x00\x17P\x00\x05\xa8\x00\x00\x00\x00ora consequuntur'...
0.435 Received: b'V\xecu\xd2\x00\x00\x00\x16\x08\xa7\xd4 P\x10\x05\xa8\x00\x00\x00\x00'
0.436 Disassembled: source: 22252, dest: 30162, seq: 22, ack: 145216544, window: 1448, ACK
0.436 Acknowledged seq: 145215096
0.436 Assembling: source: 30162, dest: 22252, seq: 145216544, ack: 23, window: 1448, data: "ctus conceptam a"...
0.436 Sent: b'u\xd2V\xec\x08\xa7\xd4 \x00\x00\x00\x17P\x00\x05\xa8\x00\x00\x00\x00ctus conceptam a'...
0.438 Received: b'V\xecu\xd2\x00\x00\x00\x16\x08\xa7\xd9\xc8P\x10\x05\xa8\x00\x00\x00\x00'
0.438 Disassembled: source: 22252, dest: 30162, seq: 22, ack: 145217992, window: 1448, ACK
0.438 Acknowledged seq: 145216544
0.438 Assembling: source: 30162, dest: 22252, seq: 145217992, ack: 23, window: 1448, data: " aeterno te, ne "...
0.439 Sent: b'u\xd2V\xec\x08\xa7\xd9\xc8\x00\x00\x00\x17P\x00\x05\xa8\x00\x00\x00\x00 aeterno te, ne '...
0.440 Received: b'V\xecu\xd2\x00\x00\x00\x16\x08\xa7\xdfpP\x10\x05\xa8\x00\x00\x00\x00'
0.441 Disassembled: source: 22252, dest: 30162, seq: 22, ack: 145219440, window: 1448, ACK
0.441 Acknowledged seq: 145217992
0.441 Assembling: source: 30162, dest: 22252, seq: 145219440, ack: 23, window: 1448, data: "imis oporteat di"...
0.442 Sent: b'u\xd2V\xec\x08\xa7\xdfp\x00\x00\x00\x17P\x00\x05\xa8\x00\x00\x00\x00imis oporteat di'...
0.443 Received: b'V\xecu\xd2\x00\x00\x00\x16\x08\xa7\xe5\x18P\x10\x05\xa8\x00\x00\x00\x00'
0.443 Disassembled: source: 22252, dest: 30162, seq: 22, ack: 145220888, window: 1448, ACK
0.444 Acknowledged seq: 145219440
0.444 Assembling: source: 30162, dest: 22252, seq: 145220888, ack: 23, window: 1448, data: "re. Has virtute "...
0.444 Sent: b'u\xd2V\xec\x08\xa7\xe5\x18\x00\x00\x00\x17P\x00\x05\xa8\x00\x00\x00\x00re. Has virtute '...
0.446 Received: b'V\xecu\xd2\x00\x00\x00\x16\x08\xa7\xea\xc0P\x10\x05\xa8\x00\x00\x00\x00'
0.446 Disassembled: source: 22252, dest: 30162, seq: 22, ack: 145222336, window: 1448, ACK
0.446 Acknowledged seq: 145220888
0.447 Assembling: source: 30162, dest: 22252, seq: 145222336, ack: 23, window: 1448, data: " eum ancillae no"...
0.447 Sent: b'u\xd2V\xec\x08\xa7\xea\xc0\x00\x00\x00\x17P\x00\x05\xa8\x00\x00\x00\x00 eum ancillae no'...
0.448 Received: b'V\xecu\xd2\x00\x00\x00\x16\x08\xa7\xf0hP\x10\x05\xa8\x00\x00\x00\x00'
0.449 Disassembled: source: 22252, dest: 30162, seq: 22, ack: 145223784, window: 1448, ACK
0.449 Acknowledged seq: 145222336
0.449 Assembling: source: 30162, dest: 22252, seq: 145223784, ack: 23, window: 1448, data: "ppareat ius. At "...
0.449 Sent: b'u\xd2V\xec\x08\xa7\xf0h\x00\x00\x00\x17P\x00\x05\xa8\x00\x00\x00\x00ppareat ius. At '...
0.451 Received: b'V\xecu\xd2\x00\x00\x00\x16\x08\xa7\xf6\x10P\x10\x05\xa8\x00\x00\x00\x00'
0.451 Disassembled: source: 22252, dest: 30162, seq: 22, ack: 145225232, window: 1448, ACK
0.451 Acknowledged seq: 145223784
0.452 Assembling: source: 30162, dest: 22252, seq: 145225232, ack: 23, window: 1448, data: ", vero appellant"...
0.452 Sent: b'u\xd2V\xec\x08\xa7\xf6\x10\x00\x00\x00\x17P\x00\x05\xa8\x00\x00\x00\x00, vero appellant'...
0.454 Received: b'V\xecu\xd2\x00\x00\x00\x16\x08\xa7\xfb\xb8P\x10\x05\xa8\x00\x00\x00\x00'
0.454 Disassembled: source: 22252, dest: 30162, seq: 22, ack: 145226680, window: 1448, ACK
0.454 Acknowledged seq: 145225232
0.454 Assembling: source: 30162, dest: 22252, seq: 145226680, ack: 23, window: 1448, data: "ibo quando copio"...
0.455 Sent: b'u\xd2V\xec\x08\xa7\xfb\xb8\x00\x00\x00\x17P\x00\x05\xa8\x00\x00\x00\x00ibo quando copio'...
0.456 Received: b'V\xecu\xd2\x00\x00\x00\x16\x08\xa8\x01`P\x10\x05\xa8\x00\x00\x00\x00'
0.457 Disassembled: source: 22252, dest: 30162, seq: 22, ack: 145228128, window: 1448, ACK
0.457 Acknowledged seq: 145226680
0.457 Assembling: source: 30162, dest: 22252, seq: 145228128, ack: 23, window: 1448, data: " maluisset. Sit "...
0.457 Sent: b'u\xd2V\xec\x08\xa8\x01`\x00\x00\x00\x17P\x00\x05\xa8\x00\x00\x00\x00 maluisset. Sit '...
0.459 Received: b'V\xecu\xd2\x00\x00\x00\x16\x08\xa8\x07\x08P\x10\x05\xa8\x00\x00\x00\x00'
0.459 Disassembled: source: 22252, dest: 30162, seq: 22, ack: 145229576, window: 1448, ACK
0.459 Acknowledged seq: 145228128
0.460 Assembling: source: 30162, dest: 22252, seq: 145229576, ack: 23, window: 1448, data: "e ceteros albuci"...
0.460 Sent: b'u\xd2V\xec\x08\xa8\x07\x08\x00\x00\x00\x17P\x00\x05\xa8\x00\x00\x00\x00e ceteros albuci'...
0.462 Received: b'V\xecu\xd2\x00\x00\x00\x16\x08\xa8\x0c\xb0P\x10\x05\xa8\x00\x00\x00\x00'
0.462 Disassembled: source: 22252, dest: 30162, seq: 22, ack: 145231024, window: 1448, ACK
0.462 Acknowledged seq: 145229576
0.462 Assembling: source: 30162, dest: 22252, seq: 145231024, ack: 23, window: 1448, data: "complectitur sea"...
0.462 Sent: b'u\xd2V\xec\x08\xa8\x0c\xb0\x00\x00\x00\x17P\x00\x05\xa8\x00\x00\x00\x00complectitur sea'...
0.464 Received: b'V\xecu\xd2\x00\x00\x00\x16\x08\xa8\x12XP\x10\x05\xa8\x00\x00\x00\x00'
0.464 Disassembled: source: 22252, dest: 30162, seq: 22, ack: 145232472, window: 1448, ACK
0.464 Acknowledged seq: 145231024
0.465 Finished reading file
0.465 Assembling: source: 30162, dest: 22252, seq: 145232472, ack: 23, window: 1448, data: "tempor ex ius. E"...
0.465 Sent: b'u\xd2V\xec\x08\xa8\x12X\x00\x00\x00\x17P\x00\x05\xa8\x00\x00\x00\x00tempor ex ius. E'...
0.467 Received: b'V\xecu\xd2\x00\x00\x00\x16\x08\xa8\x12\xb6P\x10\x05\xa8\x00\x00\x00\x00'
0.467 Disassembled: source: 22252, dest: 30162, seq: 22, ack: 145232566, window: 1448, ACK
0.467 Acknowledged seq: 145232472
0.468 Assembling: source: 30162, dest: 22252, seq: 145232566, ack: 23, window: 1448, ACK, FIN
0.468 Sent: b'u\xd2V\xec\x08\xa8\x12\xb6\x00\x00\x00\x17P\x11\x05\xa8\x00\x00\x00\x00'
0.469 Received: b'V\xecu\xd2\x00\x00\x00\x16\x08\xa8\x12\xb7P\x10\x05\xa8\x00\x00\x00\x00'
0.470 Disassembled: source: 22252, dest: 30162, seq: 22, ack: 145232567, window: 1448, ACK
0.470 FIN accepted; sending final packet
0.470 Assembling: source: 30162, dest: 22252, seq: 145232567, ack: 23, window: 1448, ACK
0.470 Sent: b'u\xd2V\xec\x08\xa8\x12\xb7\x00\x00\x00\x17P\x10\x05\xa8\x00\x00\x00\x00'
0.470 Closed connection
0.471 Shutting down
