0.000 NEW RUN: Server, TEST: Read_file__Small_multi-packet
0.228 Received: b'tq\xc6\xf1\x00\x00\x00M\x00\x00\x00\x00P\x02\x05\xa8\x00\x00\x00\x00'
0.228 Disassembled: source: 29809, dest: 50929, seq: 77, window: 1448, SYN
0.229 SYN accepted; new connection: 127.0.0.1 on port 29809
0.229 Assembling: source: 50929, dest: 29809, seq: 144554928, ack: 78, window: 1448, ACK, SYN
0.229 Sent: b'\xc6\xf1tq\x08\x9d\xbb\xb0\x00\x00\x00NP\x12\x05\xa8\x00\x00\x00\x00'
0.230 Received: b'tq\xc6\xf1\x00\x00\x00N\x08\x9d\xbb\xb1P\x10\x05\xa8\x00\x00\x00\x00'
0.230 Disassembled: source: 29809, dest: 50929, seq: 78, ack: 144554929, window: 1448, ACK
0.231 Handshake complete
0.231 Acknowledged seq: 144554928
0.231 Assembling: source: 50929, dest: 29809, seq: 144554929, ack: 79, window: 1448, data: "Lorem ipsum dolo"...
0.231 Sent: b'\xc6\xf1tq\x08\x9d\xbb\xb1\x00\x00\x00OP\x00\x05\xa8\x00\x00\x00\x00Lorem ipsum dolo'...
0.232 Received: b'tq\xc6\xf1\x00\x00\x00N\x08\x9d\xc1YP\x10\x05\xa8\x00\x00\x00\x00'
0.233 Disassembled: source: 29809, dest: 50929, seq: 78, ack: 144556377, window: 1448, ACK
0.233 Acknowledged seq: 144554929
0.233 Assembling: source: 50929, dest: 29809, seq: 144556377, ack: 79, window: 1448, data: "mprehensam nam, "...
0.233 Sent: b'\xc6\xf1tq\x08\x9d\xc1Y\x00\x00\x00OP\x00\x05\xa8\x00\x00\x00\x00mprehensam nam, '...
0.234 Received: b'tq\xc6\xf1\x00\x00\x00N\x08\x9d\xc7\x01P\x10\x05\xa8\x00\x00\x00\x00'
0.235 Disassembled: source: 29809, dest: 50929, seq: 78, ack: 144557825, window: 1448, ACK
0.235 Acknowledged seq: 144556377
0.235 Finished reading file
0.235 Assembling: source: 50929, dest: 29809, seq: 144557825, ack: 79, window: 1448, data: "ilisi repudiare "...
0.235 Sent: b'\xc6\xf1tq\x08\x9d\xc7\x01\x00\x00\x00OP\x00\x05\xa8\x00\x00\x00\x00ilisi repudiare '...
0.236 Received: b'tq\xc6\xf1\x00\x00\x00N\x08\x9d\xc8\\P\x10\x05\xa8\x00\x00\x00\x00'
0.237 Disassembled: source: 29809, dest: 50929, seq: 78, ack: 144558172, window: 1448, ACK
0.237 Acknowledged seq: 144557825
0.237 Assembling: source: 50929, dest: 29809, seq: 144558172, ack: 79, window: 1448, ACK, FIN
0.237 Sent: b'\xc6\xf1tq\x08\x9d\xc8\\\x00\x00\x00OP\x11\x05\xa8\x00\x00\x00\x00'
0.238 Received: b'tq\xc6\xf1\x00\x00\x00N\x08\x9d\xc8]P\x10\x05\xa8\x00\x00\x00\x00'
0.239 Disassembled: source: 29809, dest: 50929, seq: 78, ack: 144558173, window: 1448, ACK
0.239 FIN accepted; sending final packet
0.239 Assembling: source: 50929, dest: 29809, seq: 144558173, ack: 79, window: 1448, ACK
0.239 Sent: b'\xc6\xf1tq\x08\x9d\xc8]\x00\x00\x00OP\x10\x05\xa8\x00\x00\x00\x00'
0.239 Closed connection
0.240 Shutting down
