0.000 NEW RUN: Server, TEST: Read_file__Single_packet
0.218 Received: b'\xfb\xac%\xb2\x00\x00\x00`\x00\x00\x00\x00P\x02\x05\xa8\x00\x00\x00\x00'
0.218 Disassembled: source: 64428, dest: 9650, seq: 96, window: 1448, SYN
0.219 SYN accepted; new connection: 127.0.0.1 on port 64428
0.219 Assembling: source: 9650, dest: 64428, seq: 144006283, ack: 97, window: 1448, ACK, SYN
0.219 Sent: b'%\xb2\xfb\xac\x08\x95\\\x8b\x00\x00\x00aP\x12\x05\xa8\x00\x00\x00\x00'
0.221 Received: b'\xfb\xac%\xb2\x00\x00\x00a\x08\x95\\\x8cP\x10\x05\xa8\x00\x00\x00\x00'
0.221 Disassembled: source: 64428, dest: 9650, seq: 97, ack: 144006284, window: 1448, ACK
0.221 Handshake complete
0.221 Acknowledged seq: 144006283
0.222 Finished reading file
0.222 Assembling: source: 9650, dest: 64428, seq: 144006284, ack: 98, window: 1448, data: "This file fits i"...
0.222 Sent: b'%\xb2\xfb\xac\x08\x95\\\x8c\x00\x00\x00bP\x00\x05\xa8\x00\x00\x00\x00This file fits i'...
0.223 Received: b'\xfb\xac%\xb2\x00\x00\x00a\x08\x95\\\xb7P\x10\x05\xa8\x00\x00\x00\x00'
0.224 Disassembled: source: 64428, dest: 9650, seq: 97, ack: 144006327, window: 1448, ACK
0.224 Acknowledged seq: 144006284
0.224 Assembling: source: 9650, dest: 64428, seq: 144006327, ack: 98, window: 1448, ACK, FIN
0.224 Sent: b'%\xb2\xfb\xac\x08\x95\\\xb7\x00\x00\x00bP\x11\x05\xa8\x00\x00\x00\x00'
0.226 Received: b'\xfb\xac%\xb2\x00\x00\x00a\x08\x95\\\xb8P\x10\x05\xa8\x00\x00\x00\x00'
0.226 Disassembled: source: 64428, dest: 9650, seq: 97, ack: 144006328, window: 1448, ACK
0.226 FIN accepted; sending final packet
0.226 Assembling: source: 9650, dest: 64428, seq: 144006328, ack: 98, window: 1448, ACK
0.227 Sent: b'%\xb2\xfb\xac\x08\x95\\\xb8\x00\x00\x00bP\x10\x05\xa8\x00\x00\x00\x00'
0.227 Closed connection
0.227 Shutting down
