0.000 NEW RUN: Server, TEST: Write_file__Small_multi-packet
0.216 Received: b'\xee\x9c\xaf\xc5\x00\x00\x00>\x00\x00\x00\x00P\x02\x05\xa8\x00\x00\x00\x00'
0.217 Disassembled: source: 61084, dest: 44997, seq: 62, window: 1448, SYN
0.217 SYN accepted; new connection: 127.0.0.1 on port 61084
0.217 Assembling: source: 44997, dest: 61084, seq: 169536444, ack: 63, window: 5808, ACK, SYN
0.217 Sent: b'\xaf\xc5\xee\x9c\n\x1a\xeb\xbc\x00\x00\x00?P\x12\x16\xb0\x00\x00\x00\x00'
0.219 Received: b'\xee\x9c\xaf\xc5\x00\x00\x00?\n\x1a\xeb\xbdP\x10\x16\xb0\x00\x00\x00\x00'
0.219 Disassembled: source: 61084, dest: 44997, seq: 63, ack: 169536445, window: 5808, ACK
0.220 Assembling: source: 44997, dest: 61084, seq: 169536445, ack: 63, window: 5808, ACK
0.220 Sent: b'\xaf\xc5\xee\x9c\n\x1a\xeb\xbd\x00\x00\x00?P\x10\x16\xb0\x00\x00\x00\x00'
0.220 Received: b'\xee\x9c\xaf\xc5\x00\x00\x00?\n\x1a\xeb\xbdP\x10\x16\xb0\x00\x00\x00\x00Lorem ipsum dolo'...
0.220 Disassembled: source: 61084, dest: 44997, seq: 63, ack: 169536445, window: 5808, ACK, data: "Lorem ipsum dolo"...
0.221 Handshake complete
0.221 Data accepted; writing to file
0.221 Assembling: source: 44997, dest: 61084, seq: 169536445, ack: 1515, window: 5808, ACK
0.221 Sent: b'\xaf\xc5\xee\x9c\n\x1a\xeb\xbd\x00\x00\x05\xebP\x10\x16\xb0\x00\x00\x00\x00'
0.222 Received: b'\xee\x9c\xaf\xc5\x00\x00\x00?\n\x1a\xeb\xbdP\x10\x16\xb0\x00\x00\x00\x00Lorem ipsum dolo'...
0.222 Disassembled: source: 61084, dest: 44997, seq: 63, ack: 169536445, window: 5808, ACK, data: "Lorem ipsum dolo"...
0.222 Old data; ignoring
0.223 Received: b'\xee\x9c\xaf\xc5\x00\x00\x00?\n\x1a\xeb\xbdP\x10\x16\xb0\x00\x00\x00\x00Lorem ipsum dolo'...
0.223 Disassembled: source: 61084, dest: 44997, seq: 63, ack: 169536445, window: 5808, ACK, data: "Lorem ipsum dolo"...
0.223 Old data; ignoring
0.721 Sent: b'\xaf\xc5\xee\x9c\n\x1a\xeb\xbd\x00\x00\x05\xebP\x10\x16\xb0\x00\x00\x00\x00'
0.724 Received: b'\xee\x9c\xaf\xc5\x00\x00\x00?\n\x1a\xeb\xbdP\x10\x16\xb0\x00\x00\x00\x00Lorem ipsum dolo'...
0.725 Disassembled: source: 61084, dest: 44997, seq: 63, ack: 169536445, window: 5808, ACK, data: "Lorem ipsum dolo"...
0.725 Old data; ignoring
1.221 Sent: b'\xaf\xc5\xee\x9c\n\x1a\xeb\xbd\x00\x00\x05\xebP\x10\x16\xb0\x00\x00\x00\x00'
1.225 Received: b'\xee\x9c\xaf\xc5\x00\x00\x00?\n\x1a\xeb\xbdP\x10\x16\xb0\x00\x00\x00\x00Lorem ipsum dolo'...
1.225 Disassembled: source: 61084, dest: 44997, seq: 63, ack: 169536445, window: 5808, ACK, data: "Lorem ipsum dolo"...
1.225 Old data; ignoring
1.722 Sent: b'\xaf\xc5\xee\x9c\n\x1a\xeb\xbd\x00\x00\x05\xebP\x10\x16\xb0\x00\x00\x00\x00'
1.725 Received: b'\xee\x9c\xaf\xc5\x00\x00\x00?\n\x1a\xeb\xbdP\x10\x16\xb0\x00\x00\x00\x00Lorem ipsum dolo'...
1.726 Disassembled: source: 61084, dest: 44997, seq: 63, ack: 169536445, window: 5808, ACK, data: "Lorem ipsum dolo"...
1.726 Old data; ignoring
2.222 Sent: b'\xaf\xc5\xee\x9c\n\x1a\xeb\xbd\x00\x00\x05\xebP\x10\x16\xb0\x00\x00\x00\x00'
2.226 Received: b'\xee\x9c\xaf\xc5\x00\x00\x00?\n\x1a\xeb\xbdP\x10\x16\xb0\x00\x00\x00\x00Lorem ipsum dolo'...
2.226 Disassembled: source: 61084, dest: 44997, seq: 63, ack: 169536445, window: 5808, ACK, data: "Lorem ipsum dolo"...
2.226 Old data; ignoring
2.723 Error: Connection timed out
2.723 Closed connection
2.727 Shutting down
