0.000 NEW RUN: Server, TEST: Write_file__Very_large_multi-packet
0.209 Received: b'#\x85\x90\x05\x00\x00\x002\x00\x00\x00\x00P\x02\x05\xa8\x00\x00\x00\x00'
0.209 Disassembled: source: 9093, dest: 36869, seq: 50, window: 1448, SYN
0.210 SYN accepted; new connection: 127.0.0.1 on port 9093
0.210 Assembling: source: 36869, dest: 9093, seq: 282243133, ack: 51, window: 5808, ACK, SYN
0.210 Sent: b'\x90\x05#\x85\x10\xd2\xb0=\x00\x00\x003P\x12\x16\xb0\x00\x00\x00\x00'
0.212 Received: b'#\x85\x90\x05\x00\x00\x003\x10\xd2\xb0>P\x10\x16\xb0\x00\x00\x00\x00'
0.212 Disassembled: source: 9093, dest: 36869, seq: 51, ack: 282243134, window: 5808, ACK
0.212 Assembling: source: 36869, dest: 9093, seq: 282243134, ack: 51, window: 5808, ACK
0.213 Sent: b'\x90\x05#\x85\x10\xd2\xb0>\x00\x00\x003P\x10\x16\xb0\x00\x00\x00\x00'
0.214 Received: b'#\x85\x90\x05\x00\x00\x003\x10\xd2\xb0>P\x10\x16\xb0\x00\x00\x00\x00@\x96o\xec!c\x93Z\xed\x08f\xcd}`>&'...
0.214 Disassembled: source: 9093, dest: 36869, seq: 51, ack: 282243134, window: 5808, ACK, data: b'@\x96o\xec!c\x93Z\xed\x08f\xcd}`>&'...
0.214 Handshake complete
0.214 Data accepted; writing to file
0.214 Assembling: source: 36869, dest: 9093, seq: 282243134, ack: 1503, window: 5808, ACK
0.214 Sent: b'\x90\x05#\x85\x10\xd2\xb0>\x00\x00\x05\xdfP\x10\x16\xb0\x00\x00\x00\x00'
0.215 Received: b'#\x85\x90\x05\x00\x00\x003\x10\xd2\xb0>P\x10\x16\xb0\x00\x00\x00\x00@\x96o\xec!c\x93Z\xed\x08f\xcd}`>&'...
0.216 Disassembled: source: 9093, dest: 36869, seq: 51, ack: 282243134, window: 5808, ACK, data: b'@\x96o\xec!c\x93Z\xed\x08f\xcd}`>&'...
0.216 Old data; ignoring
0.217 Received: b'#\x85\x90\x05\x00\x00\x003\x10\xd2\xb0>P\x10\x16\xb0\x00\x00\x00\x00@\x96o\xec!c\x93Z\xed\x08f\xcd}`>&'...
0.218 Disassembled: source: 9093, dest: 36869, seq: 51, ack: 282243134, window: 5808, ACK, data: b'@\x96o\xec!c\x93Z\xed\x08f\xcd}`>&'...
0.218 Old data; ignoring
0.715 Sent: b'\x90\x05#\x85\x10\xd2\xb0>\x00\x00\x05\xdfP\x10\x16\xb0\x00\x00\x00\x00'
0.717 Received: b'#\x85\x90\x05\x00\x00\x003\x10\xd2\xb0>P\x10\x16\xb0\x00\x00\x00\x00@\x96o\xec!c\x93Z\xed\x08f\xcd}`>&'...
0.718 Disassembled: source: 9093, dest: 36869, seq: 51, ack: 282243134, window: 5808, ACK, data: b'@\x96o\xec!c\x93Z\xed\x08f\xcd}`>&'...
0.718 Old data; ignoring
1.215 Sent: b'\x90\x05#\x85\x10\xd2\xb0>\x00\x00\x05\xdfP\x10\x16\xb0\x00\x00\x00\x00'
1.716 Sent: b'\x90\x05#\x85\x10\xd2\xb0>\x00\x00\x05\xdfP\x10\x16\xb0\x00\x00\x00\x00'
2.216 Sent: b'\x90\x05#\x85\x10\xd2\xb0>\x00\x00\x05\xdfP\x10\x16\xb0\x00\x00\x00\x00'
