0.000 NEW RUN: Server, TEST: Write_file__Large_multi-packet
0.218 Received: b'\xa0\x165_\x00\x00\x00<\x00\x00\x00\x00P\x02\x05\xa8\x00\x00\x00\x00'
0.219 Disassembled: source: 40982, dest: 13663, seq: 60, window: 1448, SYN
0.219 SYN accepted; new connection: 127.0.0.1 on port 40982
0.219 Assembling: source: 13663, dest: 40982, seq: 181100238, ack: 61, window: 5808, ACK, SYN
0.220 Sent: b'5_\xa0\x16\n\xcb^\xce\x00\x00\x00=P\x12\x16\xb0\x00\x00\x00\x00'
0.221 Received: b'\xa0\x165_\x00\x00\x00=\n\xcb^\xcfP\x10\x16\xb0\x00\x00\x00\x00'
0.222 Disassembled: source: 40982, dest: 13663, seq: 61, ack: 181100239, window: 5808, ACK
0.222 Assembling: source: 13663, dest: 40982, seq: 181100239, ack: 61, window: 5808, ACK
0.222 Sent: b'5_\xa0\x16\n\xcb^\xcf\x00\x00\x00=P\x10\x16\xb0\x00\x00\x00\x00'
0.223 Received: b'\xa0\x165_\x00\x00\x00=\n\xcb^\xcfP\x10\x16\xb0\x00\x00\x00\x00Lorem ipsum dolo'...
0.223 Disassembled: source: 40982, dest: 13663, seq: 61, ack: 181100239, window: 5808, ACK, data: "Lorem ipsum dolo"...
0.223 Handshake complete
0.223 Data accepted; writing to file
0.223 Assembling: source: 13663, dest: 40982, seq: 181100239, ack: 1513, window: 5808, ACK
0.223 Sent: b'5_\xa0\x16\n\xcb^\xcf\x00\x00\x05\xe9P\x10\x16\xb0\x00\x00\x00\x00'
0.224 Received: b'\xa0\x165_\x00\x00\x00=\n\xcb^\xcfP\x10\x16\xb0\x00\x00\x00\x00Lorem ipsum dolo'...
0.224 Disassembled: source: 40982, dest: 13663, seq: 61, ack: 181100239, window: 5808, ACK, data: "Lorem ipsum dolo"...
0.225 Old data; ignoring
0.225 Received: b'\xa0\x165_\x00\x00\x00=\n\xcb^\xcfP\x10\x16\xb0\x00\x00\x00\x00Lorem ipsum dolo'...
0.226 Disassembled: source: 40982, dest: 13663, seq: 61, ack: 181100239, window: 5808, ACK, data: "Lorem ipsum dolo"...
0.226 Old data; ignoring
0.724 Sent: b'5_\xa0\x16\n\xcb^\xcf\x00\x00\x05\xe9P\x10\x16\xb0\x00\x00\x00\x00'
0.726 Received: b'\xa0\x165_\x00\x00\x00=\n\xcb^\xcfP\x10\x16\xb0\x00\x00\x00\x00Lorem ipsum dolo'...
0.727 Disassembled: source: 40982, dest: 13663, seq: 61, ack: 181100239, window: 5808, ACK, data: "Lorem ipsum dolo"...
0.727 Old data; ignoring
1.224 Sent: b'5_\xa0\x16\n\xcb^\xcf\x00\x00\x05\xe9P\x10\x16\xb0\x00\x00\x00\x00'
1.228 Received: b'\xa0\x165_\x00\x00\x00=\n\xcb^\xcfP\x10\x16\xb0\x00\x00\x00\x00Lorem ipsum dolo'...
1.228 Disassembled: source: 40982, dest: 13663, seq: 61, ack: 181100239, window: 5808, ACK, data: "Lorem ipsum dolo"...
1.228 Old data; ignoring
1.725 Sent: b'5_\xa0\x16\n\xcb^\xcf\x00\x00\x05\xe9P\x10\x16\xb0\x00\x00\x00\x00'
1.728 Received: b'\xa0\x165_\x00\x00\x00=\n\xcb^\xcfP\x10\x16\xb0\x00\x00\x00\x00Lorem ipsum dolo'...
1.729 Disassembled: source: 40982, dest: 13663, seq: 61, ack: 181100239, window: 5808, ACK, data: "Lorem ipsum dolo"...
1.729 Old data; ignoring
2.225 Sent: b'5_\xa0\x16\n\xcb^\xcf\x00\x00\x05\xe9P\x10\x16\xb0\x00\x00\x00\x00'
2.228 Received: b'\xa0\x165_\x00\x00\x00=\n\xcb^\xcfP\x10\x16\xb0\x00\x00\x00\x00Lorem ipsum dolo'...
2.229 Disassembled: source: 40982, dest: 13663, seq: 61, ack: 181100239, window: 5808, ACK, data: "Lorem ipsum dolo"...
2.229 Old data; ignoring
2.726 Error: Connection timed out
2.726 Closed connection
2.729 Shutting down
