0.000 NEW RUN: Server, TEST: Write_file__Random_drops
0.215 Received: b'\xfd\xec\x1f\x86\x00\x00\x00L\x00\x00\x00\x00P\x02\x05\xa8\x00\x00\x00\x00'
0.216 Disassembled: source: 65004, dest: 8070, seq: 76, window: 1448, SYN
0.216 SYN accepted; new connection: 127.0.0.1 on port 65004
0.216 Assembling: source: 8070, dest: 65004, seq: 213775612, ack: 77, window: 5808, ACK, SYN
0.217 Sent: b'\x1f\x86\xfd\xec\x0c\xbd\xf4\xfc\x00\x00\x00MP\x12\x16\xb0\x00\x00\x00\x00'
0.218 Received: b'\xfd\xec\x1f\x86\x00\x00\x00M\x0c\xbd\xf4\xfdP\x10\x16\xb0\x00\x00\x00\x00'
0.219 Disassembled: source: 65004, dest: 8070, seq: 77, ack: 213775613, window: 5808, ACK
0.219 Assembling: source: 8070, dest: 65004, seq: 213775613, ack: 77, window: 5808, ACK
0.219 Sent: b'\x1f\x86\xfd\xec\x0c\xbd\xf4\xfd\x00\x00\x00MP\x10\x16\xb0\x00\x00\x00\x00'
0.220 Received: b'\xfd\xec\x1f\x86\x00\x00\x00M\x0c\xbd\xf4\xfdP\x10\x16\xb0\x00\x00\x00\x00Lorem ipsum dolo'...
0.220 Disassembled: source: 65004, dest: 8070, seq: 77, ack: 213775613, window: 5808, ACK, data: "Lorem ipsum dolo"...
0.220 Handshake complete
0.220 Data accepted; writing to file
0.220 Assembling: source: 8070, dest: 65004, seq: 213775613, ack: 1529, window: 5808, ACK
0.221 Sent: b'\x1f\x86\xfd\xec\x0c\xbd\xf4\xfd\x00\x00\x05\xf9P\x10\x16\xb0\x00\x00\x00\x00'
0.221 Received: b'\xfd\xec\x1f\x86\x00\x00\x00M\x0c\xbd\xf4\xfdP\x10\x16\xb0\x00\x00\x00\x00Lorem ipsum dolo'...
0.221 Disassembled: source: 65004, dest: 8070, seq: 77, ack: 213775613, window: 5808, ACK, data: "Lorem ipsum dolo"...
0.221 Old data; ignoring
0.222 Received: b'\xfd\xec\x1f\x86\x00\x00\x00M\x0c\xbd\xf4\xfdP\x10\x16\xb0\x00\x00\x00\x00Lorem ipsum dolo'...
0.223 Disassembled: source: 65004, dest: 8070, seq: 77, ack: 213775613, window: 5808, ACK, data: "Lorem ipsum dolo"...
0.223 Old data; ignoring
0.721 Sent: b'\x1f\x86\xfd\xec\x0c\xbd\xf4\xfd\x00\x00\x05\xf9P\x10\x16\xb0\x00\x00\x00\x00'
0.723 Received: b'\xfd\xec\x1f\x86\x00\x00\x00M\x0c\xbd\xf4\xfdP\x10\x16\xb0\x00\x00\x00\x00Lorem ipsum dolo'...
0.723 Disassembled: source: 65004, dest: 8070, seq: 77, ack: 213775613, window: 5808, ACK, data: "Lorem ipsum dolo"...
0.724 Old data; ignoring
1.221 Sent: b'\x1f\x86\xfd\xec\x0c\xbd\xf4\xfd\x00\x00\x05\xf9P\x10\x16\xb0\x00\x00\x00\x00'
1.224 Received: b'\xfd\xec\x1f\x86\x00\x00\x00M\x0c\xbd\xf4\xfdP\x10\x16\xb0\x00\x00\x00\x00Lorem ipsum dolo'...
1.224 Disassembled: source: 65004, dest: 8070, seq: 77, ack: 213775613, window: 5808, ACK, data: "Lorem ipsum dolo"...
1.224 Old data; ignoring
1.722 Sent: b'\x1f\x86\xfd\xec\x0c\xbd\xf4\xfd\x00\x00\x05\xf9P\x10\x16\xb0\x00\x00\x00\x00'
1.725 Failed to receive packet
2.222 Sent: b'\x1f\x86\xfd\xec\x0c\xbd\xf4\xfd\x00\x00\x05\xf9P\x10\x16\xb0\x00\x00\x00\x00'
2.225 Received: b'\xfd\xec\x1f\x86\x00\x00\x00M\x0c\xbd\xf4\xfdP\x10\x16\xb0\x00\x00\x00\x00Lorem ipsum dolo'...
2.226 Disassembled: source: 65004, dest: 8070, seq: 77, ack: 213775613, window: 5808, ACK, data: "Lorem ipsum dolo"...
2.226 Old data; ignoring
2.722 Error: Connection timed out
2.722 Closed connection
2.726 Shutting down
