0.000 NEW RUN: Server, TEST: Write_file__No_file_extension
0.212 Received: b'+\xac)\x12\x00\x00\x00J\x00\x00\x00\x00P\x02\x05\xa8\x00\x00\x00\x00'
0.212 Disassembled: source: 11180, dest: 10514, seq: 74, window: 1448, SYN
0.212 SYN accepted; new connection: 127.0.0.1 on port 11180
0.213 Assembling: source: 10514, dest: 11180, seq: 192659623, ack: 75, window: 5808, ACK, SYN
0.213 Sent: b')\x12+\xac\x0b{\xc0\xa7\x00\x00\x00KP\x12\x16\xb0\x00\x00\x00\x00'
0.214 Received: b'+\xac)\x12\x00\x00\x00K\x0b{\xc0\xa8P\x10\x16\xb0\x00\x00\x00\x00'
0.214 Disassembled: source: 11180, dest: 10514, seq: 75, ack: 192659624, window: 5808, ACK
0.215 Assembling: source: 10514, dest: 11180, seq: 192659624, ack: 75, window: 5808, ACK
0.215 Sent: b')\x12+\xac\x0b{\xc0\xa8\x00\x00\x00KP\x10\x16\xb0\x00\x00\x00\x00'
0.215 Received: b'+\xac)\x12\x00\x00\x00K\x0b{\xc0\xa8P\x10\x16\xb0\x00\x00\x00\x00Lorem ipsum dolo'...
0.216 Disassembled: source: 11180, dest: 10514, seq: 75, ack: 192659624, window: 5808, ACK, data: "Lorem ipsum dolo"...
0.216 Handshake complete
0.216 Data accepted; writing to file
0.216 Assembling: source: 10514, dest: 11180, seq: 192659624, ack: 1527, window: 5808, ACK
0.216 Sent: b')\x12+\xac\x0b{\xc0\xa8\x00\x00\x05\xf7P\x10\x16\xb0\x00\x00\x00\x00'
0.216 Received: b'+\xac)\x12\x00\x00\x00K\x0b{\xc0\xa8P\x10\x16\xb0\x00\x00\x00\x00Lorem ipsum dolo'...
0.217 Disassembled: source: 11180, dest: 10514, seq: 75, ack: 192659624, window: 5808, ACK, data: "Lorem ipsum dolo"...
0.217 Old data; ignoring
0.218 Received: b'+\xac)\x12\x00\x00\x00K\x0b{\xc0\xa8P\x10\x16\xb0\x00\x00\x00\x00Lorem ipsum dolo'...
0.218 Disassembled: source: 11180, dest: 10514, seq: 75, ack: 192659624, window: 5808, ACK, data: "Lorem ipsum dolo"...
0.218 Old data; ignoring
0.716 Sent: b')\x12+\xac\x0b{\xc0\xa8\x00\x00\x05\xf7P\x10\x16\xb0\x00\x00\x00\x00'
0.719 Received: b'+\xac)\x12\x00\x00\x00K\x0b{\xc0\xa8P\x10\x16\xb0\x00\x00\x00\x00Lorem ipsum dolo'...
0.720 Disassembled: source: 11180, dest: 10514, seq: 75, ack: 192659624, window: 5808, ACK, data: "Lorem ipsum dolo"...
0.720 Old data; ignoring
1.217 Sent: b')\x12+\xac\x0b{\xc0\xa8\x00\x00\x05\xf7P\x10\x16\xb0\x00\x00\x00\x00'
1.220 Received: b'+\xac)\x12\x00\x00\x00K\x0b{\xc0\xa8P\x10\x16\xb0\x00\x00\x00\x00Lorem ipsum dolo'...
1.220 Disassembled: source: 11180, dest: 10514, seq: 75, ack: 192659624, window: 5808, ACK, data: "Lorem ipsum dolo"...
1.221 Old data; ignoring
1.717 Sent: b')\x12+\xac\x0b{\xc0\xa8\x00\x00\x05\xf7P\x10\x16\xb0\x00\x00\x00\x00'
1.721 Received: b'+\xac)\x12\x00\x00\x00K\x0b{\xc0\xa8P\x10\x16\xb0\x00\x00\x00\x00Lorem ipsum dolo'...
1.721 Disassembled: source: 11180, dest: 10514, seq: 75, ack: 192659624, window: 5808, ACK, data: "Lorem ipsum dolo"...
1.721 Old data; ignoring
2.218 Sent: b')\x12+\xac\x0b{\xc0\xa8\x00\x00\x05\xf7P\x10\x16\xb0\x00\x00\x00\x00'
2.221 Received: b'+\xac)\x12\x00\x00\x00K\x0b{\xc0\xa8P\x10\x16\xb0\x00\x00\x00\x00Lorem ipsum dolo'...
2.221 Disassembled: source: 11180, dest: 10514, seq: 75, ack: 192659624, window: 5808, ACK, data: "Lorem ipsum dolo"...
2.222 Old data; ignoring
2.718 Error: Connection timed out
2.718 Closed connection
2.722 Shutting down
