0.000 NEW RUN: Server, TEST: Write_file__Empty
0.218 Received: b'\xa9\xe8\xe3^\x00\x00\x00b\x00\x00\x00\x00P\x02\x05\xa8\x00\x00\x00\x00'
0.219 Disassembled: source: 43496, dest: 58206, seq: 98, window: 1448, SYN
0.219 SYN accepted; new connection: 127.0.0.1 on port 43496
0.219 Assembling: source: 58206, dest: 43496, seq: 146419798, ack: 99, window: 5808, ACK, SYN
0.220 Sent: b'\xe3^\xa9\xe8\x08\xba0V\x00\x00\x00cP\x12\x16\xb0\x00\x00\x00\x00'
0.221 Received: b'\xa9\xe8\xe3^\x00\x00\x00c\x08\xba0WP\x10\x16\xb0\x00\x00\x00\x00'
0.221 Disassembled: source: 43496, dest: 58206, seq: 99, ack: 146419799, window: 5808, ACK
0.221 Assembling: source: 58206, dest: 43496, seq: 146419799, ack: 99, window: 5808, ACK
0.221 Sent: b'\xe3^\xa9\xe8\x08\xba0W\x00\x00\x00cP\x10\x16\xb0\x00\x00\x00\x00'
0.222 Received: b'\xa9\xe8\xe3^\x00\x00\x00c\x08\xba0WP\x10\x16\xb0\x00\x00\x00\x00'
0.222 Disassembled: source: 43496, dest: 58206, seq: 99, ack: 146419799, window: 5808, ACK
0.222 Assembling: source: 58206, dest: 43496, seq: 146419799, ack: 99, window: 5808, ACK
0.222 Sent: b'\xe3^\xa9\xe8\x08\xba0W\x00\x00\x00cP\x10\x16\xb0\x00\x00\x00\x00'
0.723 Sent: b'\xe3^\xa9\xe8\x08\xba0W\x00\x00\x00cP\x10\x16\xb0\x00\x00\x00\x00'
1.223 Sent: b'\xe3^\xa9\xe8\x08\xba0W\x00\x00\x00cP\x10\x16\xb0\x00\x00\x00\x00'
1.723 Sent: b'\xe3^\xa9\xe8\x08\xba0W\x00\x00\x00cP\x10\x16\xb0\x00\x00\x00\x00'
2.224 Sent: b'\xe3^\xa9\xe8\x08\xba0W\x00\x00\x00cP\x10\x16\xb0\x00\x00\x00\x00'
2.724 Error: Connection timed out
2.725 Closed connection
2.725 Shutting down
