0.000 NEW RUN: Server, TEST: Read_file__Large_multi-packet
0.202 Received: b']\xc4\xc5\xb4\x00\x00\x00@\x00\x00\x00\x00P\x02\x05\xa8\x00\x00\x00\x00'
0.203 Disassembled: source: 24004, dest: 50612, seq: 64, window: 1448, SYN
0.203 SYN accepted; new connection: 127.0.0.1 on port 24004
0.203 Assembling: source: 50612, dest: 24004, seq: 1186543415, ack: 65, window: 1448, ACK, SYN
0.203 Sent: b'\xc5\xb4]\xc4F\xb977\x00\x00\x00AP\x12\x05\xa8\x00\x00\x00\x00'
0.205 Received: b']\xc4\xc5\xb4\x00\x00\x00AF\xb978P\x10\x05\xa8\x00\x00\x00\x00'
0.206 Disassembled: source: 24004, dest: 50612, seq: 65, ack: 1186543416, window: 1448, ACK
0.206 Handshake complete
0.206 Acknowledged seq: 1186543415
0.206 Assembling: source: 50612, dest: 24004, seq: 1186543416, ack: 66, window: 1448, data: "Lorem ipsum dolo"...
0.206 Sent: b'\xc5\xb4]\xc4F\xb978\x00\x00\x00BP\x00\x05\xa8\x00\x00\x00\x00Lorem ipsum dolo'...
0.208 Received: b']\xc4\xc5\xb4\x00\x00\x00AF\xb9<\xe0P\x10\x05\xa8\x00\x00\x00\x00'
0.208 Disassembled: source: 24004, dest: 50612, seq: 65, ack: 1186544864, window: 1448, ACK
0.208 Acknowledged seq: 1186543416
0.209 Assembling: source: 50612, dest: 24004, seq: 1186544864, ack: 66, window: 1448, data: "mprehensam nam, "...
0.209 Sent: b'\xc5\xb4]\xc4F\xb9<\xe0\x00\x00\x00BP\x00\x05\xa8\x00\x00\x00\x00mprehensam nam, '...
0.211 Received: b']\xc4\xc5\xb4\x00\x00\x00AF\xb9B\x88P\x10\x05\xa8\x00\x00\x00\x00'
0.211 Disassembled: source: 24004, dest: 50612, seq: 65, ack: 1186546312, window: 1448, ACK
0.211 Acknowledged seq: 1186544864
0.211 Assembling: source: 50612, dest: 24004, seq: 1186546312, ack: 66, window: 1448, data: "ilisi repudiare "...
0.212 Sent: b'\xc5\xb4]\xc4F\xb9B\x88\x00\x00\x00BP\x00\x05\xa8\x00\x00\x00\x00ilisi repudiare '...
0.214 Received: b']\xc4\xc5\xb4\x00\x00\x00AF\xb9H0P\x10\x05\xa8\x00\x00\x00\x00'
0.214 Disassembled: source: 24004, dest: 50612, seq: 65, ack: 1186547760, window: 1448, ACK
0.214 Acknowledged seq: 1186546312
0.214 Assembling: source: 50612, dest: 24004, seq: 1186547760, ack: 66, window: 1448, data: "ta.

Et essent s"...
0.215 Sent: b'\xc5\xb4]\xc4F\xb9H0\x00\x00\x00BP\x00\x05\xa8\x00\x00\x00\x00ta.\n\nEt essent s'...
0.217 Received: b']\xc4\xc5\xb4\x00\x00\x00AF\xb9M\xd8P\x10\x05\xa8\x00\x00\x00\x00'
0.217 Disassembled: source: 24004, dest: 50612, seq: 65, ack: 1186549208, window: 1448, ACK
0.217 Acknowledged seq: 1186547760
0.217 Assembling: source: 50612, dest: 24004, seq: 1186549208, ack: 66, window: 1448, data: " Nihil tractatos"...
0.217 Sent: b'\xc5\xb4]\xc4F\xb9M\xd8\x00\x00\x00BP\x00\x05\xa8\x00\x00\x00\x00 Nihil tractatos'...
0.220 Received: b']\xc4\xc5\xb4\x00\x00\x00AF\xb9S\x80P\x10\x05\xa8\x00\x00\x00\x00'
0.220 Disassembled: source: 24004, dest: 50612, seq: 65, ack: 1186550656, window: 1448, ACK
0.220 Acknowledged seq: 1186549208
0.220 Assembling: source: 50612, dest: 24004, seq: 1186550656, ack: 66, window: 1448, data: "fert iuvaret sap"...
0.221 Sent: b'\xc5\xb4]\xc4F\xb9S\x80\x00\x00\x00BP\x00\x05\xa8\x00\x00\x00\x00fert iuvaret sap'...
0.222 Received: b']\xc4\xc5\xb4\x00\x00\x00AF\xb9Y(P\x10\x05\xa8\x00\x00\x00\x00'
0.222 Disassembled: source: 24004, dest: 50612, seq: 65, ack: 1186552104, window: 1448, ACK
0.223 Acknowledged seq: 1186550656
0.223 Assembling: source: 50612, dest: 24004, seq: 1186552104, ack: 66, window: 1448, data: "ram adipiscing, "...
0.223 Sent: b'\xc5\xb4]\xc4F\xb9Y(\x00\x00\x00BP\x00\x05\xa8\x00\x00\x00\x00ram adipiscing, '...
0.224 Received: b']\xc4\xc5\xb4\x00\x00\x00AF\xb9^\xd0P\x10\x05\xa8\x00\x00\x00\x00'
0.225 Disassembled: source: 24004, dest: 50612, seq: 65, ack: 1186553552, window: 1448, ACK
0.225 Acknowledged seq: 1186552104
0.225 Assembling: source: 50612, dest: 24004, seq: 1186553552, ack: 66, window: 1448, data: "m veritus vivend"...
0.226 Sent: b'\xc5\xb4]\xc4F\xb9^\xd0\x00\x00\x00BP\x00\x05\xa8\x00\x00\x00\x00m veritus vivend'...
0.227 Received: b']\xc4\xc5\xb4\x00\x00\x00AF\xb9dxP\x10\x05\xa8\x00\x00\x00\x00'
0.227 Disassembled: source: 24004, dest: 50612, seq: 65, ack: 1186555000, window: 1448, ACK
0.228 Acknowledged seq: 1186553552
0.228 Assembling: source: 50612, dest: 24004, seq: 1186555000, ack: 66, window: 1448, data: " delenit, ignota"...
0.228 Sent: b'\xc5\xb4]\xc4F\xb9dx\x00\x00\x00BP\x00\x05\xa8\x00\x00\x00\x00 delenit, ignota'...
0.229 Received: b']\xc4\xc5\xb4\x00\x00\x00AF\xb9j P\x10\x05\xa8\x00\x00\x00\x00'
0.230 Disassembled: source: 24004, dest: 50612, seq: 65, ack: 1186556448, window: 1448, ACK
0.230 Acknowledged seq: 1186555000
0.230 Assembling: source: 50612, dest: 24004, seq: 1186556448, ack: 66, window: 1448, data: "se explicari des"...
0.230 Sent: b'\xc5\xb4]\xc4F\xb9j \x00\x00\x00BP\x00\x05\xa8\x00\x00\x00\x00se explicari des'...
0.232 Received: b']\xc4\xc5\xb4\x00\x00\x00AF\xb9o\xc8P\x10\x05\xa8\x00\x00\x00\x00'
0.232 Disassembled: source: 24004, dest: 50612, seq: 65, ack: 1186557896, window: 1448, ACK
0.232 Acknowledged seq: 1186556448
0.233 Assembling: source: 50612, dest: 24004, seq: 1186557896, ack: 66, window: 1448, data: "piscing, in modo"...
0.233 Sent: b'\xc5\xb4]\xc4F\xb9o\xc8\x00\x00\x00BP\x00\x05\xa8\x00\x00\x00\x00piscing, in modo'...
0.234 Received: b']\xc4\xc5\xb4\x00\x00\x00AF\xb9upP\x10\x05\xa8\x00\x00\x00\x00'
0.235 Disassembled: source: 24004, dest: 50612, seq: 65, ack: 1186559344, window: 1448, ACK
0.235 Acknowledged seq: 1186557896
0.235 Assembling: source: 50612, dest: 24004, seq: 1186559344, ack: 66, window: 1448, data: "o copiosae tacim"...
0.236 Sent: b'\xc5\xb4]\xc4F\xb9up\x00\x00\x00BP\x00\x05\xa8\x00\x00\x00\x00o copiosae tacim'...
0.237 Received: b']\xc4\xc5\xb4\x00\x00\x00AF\xb9{\x18P\x10\x05\xa8\x00\x00\x00\x00'
0.238 Disassembled: source: 24004, dest: 50612, seq: 65, ack: 1186560792, window: 1448, ACK
0.238 Acknowledged seq: 1186559344
0.238 Assembling: source: 50612, dest: 24004, seq: 1186560792, ack: 66, window: 1448, data: "am. Pri ne antio"...
0.238 Sent: b'\xc5\xb4]\xc4F\xb9{\x18\x00\x00\x00BP\x00\x05\xa8\x00\x00\x00\x00am. Pri ne antio'...
0.240 Received: b']\xc4\xc5\xb4\x00\x00\x00AF\xb9\x80\xc0P\x10\x05\xa8\x00\x00\x00\x00'
0.240 Disassembled: source: 24004, dest: 50612, seq: 65, ack: 1186562240, window: 1448, ACK
0.240 Acknowledged seq: 1186560792
0.241 Assembling: source: 50612, dest: 24004, seq: 1186562240, ack: 66, window: 1448, data: "to no. Elitr pos"...
0.241 Sent: b'\xc5\xb4]\xc4F\xb9\x80\xc0\x00\x00\x00BP\x00\x05\xa8\x00\x00\x00\x00to no. Elitr pos'...
0.242 Received: b']\xc4\xc5\xb4\x00\x00\x00AF\xb9\x86hP\x10\x05\xa8\x00\x00\x00\x00'
0.243 Disassembled: source: 24004, dest: 50612, seq: 65, ack: 1186563688, window: 1448, ACK
0.243 Acknowledged seq: 1186562240
0.243 Assembling: source: 50612, dest: 24004, seq: 1186563688, ack: 66, window: 1448, data: "pretaris, sea ex"...
0.244 Sent: b'\xc5\xb4]\xc4F\xb9\x86h\x00\x00\x00BP\x00\x05\xa8\x00\x00\x00\x00pretaris, sea ex'...
0.245 Received: b']\xc4\xc5\xb4\x00\x00\x00AF\xb9\x8c\x10P\x10\x05\xa8\x00\x00\x00\x00'
0.246 Disassembled: source: 24004, dest: 50612, seq: 65, ack: 1186565136, window: 1448, ACK
0.246 Acknowledged seq: 1186563688
0.246 Assembling: source: 50612, dest: 24004, seq: 1186565136, ack: 66, window: 1448, data: "oporteat inimicu"...
0.246 Sent: b'\xc5\xb4]\xc4F\xb9\x8c\x10\x00\x00\x00BP\x00\x05\xa8\x00\x00\x00\x00oporteat inimicu'...
0.248 Received: b']\xc4\xc5\xb4\x00\x00\x00AF\xb9\x91\xb8P\x10\x05\xa8\x00\x00\x00\x00'
0.248 Disassembled: source: 24004, dest: 50612, seq: 65, ack: 1186566584, window: 1448, ACK
0.249 Acknowledged seq: 1186565136
0.249 Assembling: source: 50612, dest: 24004, seq: 1186566584, ack: 66, window: 1448, data: "ligendi officiis"...
0.249 Sent: b'\xc5\xb4]\xc4F\xb9\x91\xb8\x00\x00\x00BP\x00\x05\xa8\x00\x00\x00\x00ligendi officiis'...
0.251 Received: b']\xc4\xc5\xb4\x00\x00\x00AF\xb9\x97`P\x10\x05\xa8\x00\x00\x00\x00'
0.251 Disassembled: source: 24004, dest: 50612, seq: 65, ack: 1186568032, window: 1448, ACK
0.251 Acknowledged seq: 1186566584
0.251 Assembling: source: 50612, dest: 24004, seq: 1186568032, ack: 66, window: 1448, data: "no vel regione i"...
0.252 Sent: b'\xc5\xb4]\xc4F\xb9\x97`\x00\x00\x00BP\x00\x05\xa8\x00\x00\x00\x00no vel regione i'...
0.253 Received: b']\xc4\xc5\xb4\x00\x00\x00AF\xb9\x9d\x08P\x10\x05\xa8\x00\x00\x00\x00'
0.254 Disassembled: source: 24004, dest: 50612, seq: 65, ack: 1186569480, window: 1448, ACK
0.254 Acknowledged seq: 1186568032
0.254 Assembling: source: 50612, dest: 24004, seq: 1186569480, ack: 66, window: 1448, data: "ibus vis ex, pro"...
0.254 Sent: b'\xc5\xb4]\xc4F\xb9\x9d\x08\x00\x00\x00BP\x00\x05\xa8\x00\x00\x00\x00ibus vis ex, pro'...
0.256 Received: b']\xc4\xc5\xb4\x00\x00\x00AF\xb9\xa2\xb0P\x10\x05\xa8\x00\x00\x00\x00'
0.257 Disassembled: source: 24004, dest: 50612, seq: 65, ack: 1186570928, window: 1448, ACK
0.257 Acknowledged seq: 1186569480
0.257 Assembling: source: 50612, dest: 24004, seq: 1186570928, ack: 66, window: 1448, data: "o vix, mel ea li"...
0.257 Sent: b'\xc5\xb4]\xc4F\xb9\xa2\xb0\x00\x00\x00BP\x00\x05\xa8\x00\x00\x00\x00o vix, mel ea li'...
0.259 Received: b']\xc4\xc5\xb4\x00\x00\x00AF\xb9\xa8XP\x10\x05\xa8\x00\x00\x00\x00'
0.259 Disassembled: source: 24004, dest: 50612, seq: 65, ack: 1186572376, window: 1448, ACK
0.260 Acknowledged seq: 1186570928
0.260 Assembling: source: 50612, dest: 24004, seq: 1186572376, ack: 66, window: 1448, data: "d. Ex fugit suav"...
0.260 Sent: b'\xc5\xb4]\xc4F\xb9\xa8X\x00\x00\x00BP\x00\x05\xa8\x00\x00\x00\x00d. Ex fugit suav'...
0.262 Received: b']\xc4\xc5\xb4\x00\x00\x00AF\xb9\xae\x00P\x10\x05\xa8\x00\x00\x00\x00'
0.262 Disassembled: source: 24004, dest: 50612, seq: 65, ack: 1186573824, window: 1448, ACK
0.262 Acknowledged seq: 1186572376
0.263 Assembling: source: 50612, dest: 24004, seq: 1186573824, ack: 66, window: 1448, data: "pertinax nec. De"...
0.263 Sent: b'\xc5\xb4]\xc4F\xb9\xae\x00\x00\x00\x00BP\x00\x05\xa8\x00\x00\x00\x00pertinax nec. De'...
0.264 Received: b']\xc4\xc5\xb4\x00\x00\x00AF\xb9\xb3\xa8P\x10\x05\xa8\x00\x00\x00\x00'
0.265 Disassembled: source: 24004, dest: 50612, seq: 65, ack: 1186575272, window: 1448, ACK
0.265 Acknowledged seq: 1186573824
0.265 Assembling: source: 50612, dest: 24004, seq: 1186575272, ack: 66, window: 1448, data: "lli primis praes"...
0.266 Sent: b'\xc5\xb4]\xc4F\xb9\xb3\xa8\x00\x00\x00BP\x00\x05\xa8\x00\x00\x00\x00lli primis praes'...
0.267 Received: b']\xc4\xc5\xb4\x00\x00\x00AF\xb9\xb9PP\x10\x05\xa8\x00\x00\x00\x00'
0.268 Disassembled: source: 24004, dest: 50612, seq: 65, ack: 1186576720, window: 1448, ACK
0.268 Acknowledged seq: 1186575272
0.268 Assembling: source: 50612, dest: 24004, seq: 1186576720, ack: 66, window: 1448, data: "m, percipit inte"...
0.268 Sent: b'\xc5\xb4]\xc4F\xb9\xb9P\x00\x00\x00BP\x00\x05\xa8\x00\x00\x00\x00m, percipit inte'...
0.270 Received: b']\xc4\xc5\xb4\x00\x00\x00AF\xb9\xbe\xf8P\x10\x05\xa8\x00\x00\x00\x00'
0.270 Disassembled: source: 24004, dest: 50612, seq: 65, ack: 1186578168, window: 1448, ACK
0.271 Acknowledged seq: 1186576720
0.271 Assembling: source: 50612, dest: 24004, seq: 1186578168, ack: 66, window: 1448, data: "nani docendi pat"...
0.271 Sent: b'\xc5\xb4]\xc4F\xb9\xbe\xf8\x00\x00\x00BP\x00\x05\xa8\x00\x00\x00\x00nani docendi pat'...
0.273 Received: b']\xc4\xc5\xb4\x00\x00\x00AF\xb9\xc4\xa0P\x10\x05\xa8\x00\x00\x00\x00'
0.273 Disassembled: source: 24004, dest: 50612, seq: 65, ack: 1186579616, window: 1448, ACK
0.273 Acknowledged seq: 1186578168
0.274 Assembling: source: 50612, dest: 24004, seq: 1186579616, ack: 66, window: 1448, data: " vis decore poss"...
0.274 Sent: b'\xc5\xb4]\xc4F\xb9\xc4\xa0\x00\x00\x00BP\x00\x05\xa8\x00\x00\x00\x00 vis decore poss'...
0.275 Received: b']\xc4\xc5\xb4\x00\x00\x00AF\xb9\xcaHP\x10\x05\xa8\x00\x00\x00\x00'
0.276 Disassembled: source: 24004, dest: 50612, seq: 65, ack: 1186581064, window: 1448, ACK
0.276 Acknowledged seq: 1186579616
0.276 Assembling: source: 50612, dest: 24004, seq: 1186581064, ack: 66, window: 1448, data: "eam odio corpora"...
0.277 Sent: b'\xc5\xb4]\xc4F\xb9\xcaH\x00\x00\x00BP\x00\x05\xa8\x00\x00\x00\x00eam odio corpora'...
0.278 Received: b']\xc4\xc5\xb4\x00\x00\x00AF\xb9\xcf\xf0P\x10\x05\xa8\x00\x00\x00\x00'
0.279 Disassembled: source: 24004, dest: 50612, seq: 65, ack: 1186582512, window: 1448, ACK
0.279 Acknowledged seq: 1186581064
0.279 Assembling: source: 50612, dest: 24004, seq: 1186582512, ack: 66, window: 1448, data: " est. Usu sanctu"...
0.279 Sent: b'\xc5\xb4]\xc4F\xb9\xcf\xf0\x00\x00\x00BP\x00\x05\xa8\x00\x00\x00\x00 est. Usu sanctu'...
0.281 Received: b']\xc4\xc5\xb4\x00\x00\x00AF\xb9\xd5\x98P\x10\x05\xa8\x00\x00\x00\x00'
0.281 Disassembled: source: 24004, dest: 50612, seq: 65, ack: 1186583960, window: 1448, ACK
0.282 Acknowledged seq: 1186582512
0.282 Assembling: source: 50612, dest: 24004, seq: 1186583960, ack: 66, window: 1448, data: ".

Mei graeco ae"...
0.282 Sent: b'\xc5\xb4]\xc4F\xb9\xd5\x98\x00\x00\x00BP\x00\x05\xa8\x00\x00\x00\x00.\n\nMei graeco ae'...
0.284 Received: b']\xc4\xc5\xb4\x00\x00\x00AF\xb9\xdb@P\x10\x05\xa8\x00\x00\x00\x00'
0.284 Disassembled: source: 24004, dest: 50612, seq: 65, ack: 1186585408, window: 1448, ACK
0.284 Acknowledged seq: 1186583960
0.285 Assembling: source: 50612, dest: 24004, seq: 1186585408, ack: 66, window: 1448, data: "et. Ne sea primi"...
0.285 Sent: b'\xc5\xb4]\xc4F\xb9\xdb@\x00\x00\x00BP\x00\x05\xa8\x00\x00\x00\x00et. Ne sea primi'...
0.286 Received: b']\xc4\xc5\xb4\x00\x00\x00AF\xb9\xe0\xe8P\x10\x05\xa8\x00\x00\x00\x00'
0.287 Disassembled: source: 24004, dest: 50612, seq: 65, ack: 1186586856, window: 1448, ACK
0.287 Acknowledged seq: 1186585408
0.287 Assembling: source: 50612, dest: 24004, seq: 1186586856, ack: 66, window: 1448, data: "ittam convenire."...
0.288 Sent: b'\xc5\xb4]\xc4F\xb9\xe0\xe8\x00\x00\x00BP\x00\x05\xa8\x00\x00\x00\x00ittam convenire.'...
0.289 Received: b']\xc4\xc5\xb4\x00\x00\x00AF\xb9\xe6\x90P\x10\x05\xa8\x00\x00\x00\x00'
0.290 Disassembled: source: 24004, dest: 50612, seq: 65, ack: 1186588304, window: 1448, ACK
0.290 Acknowledged seq: 1186586856
0.290 Assembling: source: 50612, dest: 24004, seq: 1186588304, ack: 66, window: 1448, data: "ua et vis, id eu"...
0.290 Sent: b'\xc5\xb4]\xc4F\xb9\xe6\x90\x00\x00\x00BP\x00\x05\xa8\x00\x00\x00\x00ua et vis, id eu'...
0.292 Received: b']\xc4\xc5\xb4\x00\x00\x00AF\xb9\xec8P\x10\x05\xa8\x00\x00\x00\x00'
0.292 Disassembled: source: 24004, dest: 50612, seq: 65, ack: 1186589752, window: 1448, ACK
0.293 Acknowledged seq: 1186588304
0.293 Assembling: source: 50612, dest: 24004, seq: 1186589752, ack: 66, window: 1448, data: "r. Et velit appa"...
0.293 Sent: b'\xc5\xb4]\xc4F\xb9\xec8\x00\x00\x00BP\x00\x05\xa8\x00\x00\x00\x00r. Et velit appa'...
0.295 Received: b']\xc4\xc5\xb4\x00\x00\x00AF\xb9\xf1\xe0P\x10\x05\xa8\x00\x00\x00\x00'
0.295 Disassembled: source: 24004, dest: 50612, seq: 65, ack: 1186591200, window: 1448, ACK
0.295 Acknowledged seq: 1186589752
0.296 Assembling: source: 50612, dest: 24004, seq: 1186591200, ack: 66, window: 1448, data: " novum laudem, v"...
0.296 Sent: b'\xc5\xb4]\xc4F\xb9\xf1\xe0\x00\x00\x00BP\x00\x05\xa8\x00\x00\x00\x00 novum laudem, v'...
0.298 Received: b']\xc4\xc5\xb4\x00\x00\x00AF\xb9\xf7\x88P\x10\x05\xa8\x00\x00\x00\x00'
0.298 Disassembled: source: 24004, dest: 50612, seq: 65, ack: 1186592648, window: 1448, ACK
0.298 Acknowledged seq: 1186591200
0.299 Assembling: source: 50612, dest: 24004, seq: 1186592648, ack: 66, window: 1448, data: "luptatibus, cibo"...
0.299 Sent: b'\xc5\xb4]\xc4F\xb9\xf7\x88\x00\x00\x00BP\x00\x05\xa8\x00\x00\x00\x00luptatibus, cibo'...
0.300 Received: b']\xc4\xc5\xb4\x00\x00\x00AF\xb9\xfd0P\x10\x05\xa8\x00\x00\x00\x00'
0.301 Disassembled: source: 24004, dest: 50612, seq: 65, ack: 1186594096, window: 1448, ACK
0.301 Acknowledged seq: 1186592648
0.301 Assembling: source: 50612, dest: 24004, seq: 1186594096, ack: 66, window: 1448, data: "alii indoctum ma"...
0.302 Sent: b'\xc5\xb4]\xc4F\xb9\xfd0\x00\x00\x00BP\x00\x05\xa8\x00\x00\x00\x00alii indoctum ma'...
0.303 Received: b']\xc4\xc5\xb4\x00\x00\x00AF\xba\x02\xd8P\x10\x05\xa8\x00\x00\x00\x00'
0.304 Disassembled: source: 24004, dest: 50612, seq: 65, ack: 1186595544, window: 1448, ACK
0.304 Acknowledged seq: 1186594096
0.304 Assembling: source: 50612, dest: 24004, seq: 1186595544, ack: 66, window: 1448, data: "im, his facete c"...
0.304 Sent: b'\xc5\xb4]\xc4F\xba\x02\xd8\x00\x00\x00BP\x00\x05\xa8\x00\x00\x00\x00im, his facete c'...
0.306 Received: b']\xc4\xc5\xb4\x00\x00\x00AF\xba\x08\x80P\x10\x05\xa8\x00\x00\x00\x00'
0.306 Disassembled: source: 24004, dest: 50612, seq: 65, ack: 1186596992, window: 1448, ACK
0.307 Acknowledged seq: 1186595544
0.307 Assembling: source: 50612, dest: 24004, seq: 1186596992, ack: 66, window: 1448, data: "e alia dolor com"...
0.307 Sent: b'\xc5\xb4]\xc4F\xba\x08\x80\x00\x00\x00BP\x00\x05\xa8\x00\x00\x00\x00e alia dolor com'...
0.309 Received: b']\xc4\xc5\xb4\x00\x00\x00AF\xba\x0e(P\x10\x05\xa8\x00\x00\x00\x00'
0.309 Disassembled: source: 24004, dest: 50612, seq: 65, ack: 1186598440, window: 1448, ACK
0.309 Acknowledged seq: 1186596992
0.310 Assembling: source: 50612, dest: 24004, seq: 1186598440, ack: 66, window: 1448, data: "it ea, reque tem"...
0.310 Sent: b'\xc5\xb4]\xc4F\xba\x0e(\x00\x00\x00BP\x00\x05\xa8\x00\x00\x00\x00it ea, reque tem'...
0.311 Received: b']\xc4\xc5\xb4\x00\x00\x00AF\xba\x13\xd0P\x10\x05\xa8\x00\x00\x00\x00'
0.312 Disassembled: source: 24004, dest: 50612, seq: 65, ack: 1186599888, window: 1448, ACK
0.312 Acknowledged seq: 1186598440
0.312 Assembling: source: 50612, dest: 24004, seq: 1186599888, ack: 66, window: 1448, data: "alisque.

Equide"...
0.312 Sent: b'\xc5\xb4]\xc4F\xba\x13\xd0\x00\x00\x00BP\x00\x05\xa8\x00\x00\x00\x00alisque.\n\nEquide'...
0.314 Received: b']\xc4\xc5\xb4\x00\x00\x00AF\xba\x19xP\x10\x05\xa8\x00\x00\x00\x00'
0.315 Disassembled: source: 24004, dest: 50612, seq: 65, ack: 1186601336, window: 1448, ACK
0.315 Acknowledged seq: 1186599888
0.315 Assembling: source: 50612, dest: 24004, seq: 1186601336, ack: 66, window: 1448, data: "finitiones, affe"...
0.315 Sent: b'\xc5\xb4]\xc4F\xba\x19x\x00\x00\x00BP\x00\x05\xa8\x00\x00\x00\x00finitiones, affe'...
0.317 Received: b']\xc4\xc5\xb4\x00\x00\x00AF\xba\x1f P\x10\x05\xa8\x00\x00\x00\x00'
0.317 Disassembled: source: 24004, dest: 50612, seq: 65, ack: 1186602784, window: 1448, ACK
0.317 Acknowledged seq: 1186601336
0.318 Assembling: source: 50612, dest: 24004, seq: 1186602784, ack: 66, window: 1448, data: "his duis graeco "...
0.318 Sent: b'\xc5\xb4]\xc4F\xba\x1f \x00\x00\x00BP\x00\x05\xa8\x00\x00\x00\x00his duis graeco '...
0.319 Received: b']\xc4\xc5\xb4\x00\x00\x00AF\xba$\xc8P\x10\x05\xa8\x00\x00\x00\x00'
0.320 Disassembled: source: 24004, dest: 50612, seq: 65, ack: 1186604232, window: 1448, ACK
0.320 Acknowledged seq: 1186602784
0.320 Assembling: source: 50612, dest: 24004, seq: 1186604232, ack: 66, window: 1448, data: "am. Alia possit "...
0.321 Sent: b'\xc5\xb4]\xc4F\xba$\xc8\x00\x00\x00BP\x00\x05\xa8\x00\x00\x00\x00am. Alia possit '...
0.322 Received: b']\xc4\xc5\xb4\x00\x00\x00AF\xba*pP\x10\x05\xa8\x00\x00\x00\x00'
0.323 Disassembled: source: 24004, dest: 50612, seq: 65, ack: 1186605680, window: 1448, ACK
0.323 Acknowledged seq: 1186604232
0.323 Assembling: source: 50612, dest: 24004, seq: 1186605680, ack: 66, window: 1448, data: "cum an. Mei faci"...
0.324 Sent: b'\xc5\xb4]\xc4F\xba*p\x00\x00\x00BP\x00\x05\xa8\x00\x00\x00\x00cum an. Mei faci'...
0.325 Received: b']\xc4\xc5\xb4\x00\x00\x00AF\xba0\x18P\x10\x05\xa8\x00\x00\x00\x00'
0.326 Disassembled: source: 24004, dest: 50612, seq: 65, ack: 1186607128, window: 1448, ACK
0.326 Acknowledged seq: 1186605680
0.326 Assembling: source: 50612, dest: 24004, seq: 1186607128, ack: 66, window: 1448, data: " vis adhuc tatio"...
0.326 Sent: b'\xc5\xb4]\xc4F\xba0\x18\x00\x00\x00BP\x00\x05\xa8\x00\x00\x00\x00 vis adhuc tatio'...
0.328 Received: b']\xc4\xc5\xb4\x00\x00\x00AF\xba5\xc0P\x10\x05\xa8\x00\x00\x00\x00'
0.328 Disassembled: source: 24004, dest: 50612, seq: 65, ack: 1186608576, window: 1448, ACK
0.329 Acknowledged seq: 1186607128
0.329 Assembling: source: 50612, dest: 24004, seq: 1186608576, ack: 66, window: 1448, data: "im eu option iuv"...
0.329 Sent: b'\xc5\xb4]\xc4F\xba5\xc0\x00\x00\x00BP\x00\x05\xa8\x00\x00\x00\x00im eu option iuv'...
0.331 Received: b']\xc4\xc5\xb4\x00\x00\x00AF\xba;hP\x10\x05\xa8\x00\x00\x00\x00'
0.331 Disassembled: source: 24004, dest: 50612, seq: 65, ack: 1186610024, window: 1448, ACK
0.332 Acknowledged seq: 1186608576
0.332 Assembling: source: 50612, dest: 24004, seq: 1186610024, ack: 66, window: 1448, data: "ex epicurei taci"...
0.332 Sent: b'\xc5\xb4]\xc4F\xba;h\x00\x00\x00BP\x00\x05\xa8\x00\x00\x00\x00ex epicurei taci'...
0.334 Received: b']\xc4\xc5\xb4\x00\x00\x00AF\xbaA\x10P\x10\x05\xa8\x00\x00\x00\x00'
0.334 Disassembled: source: 24004, dest: 50612, seq: 65, ack: 1186611472, window: 1448, ACK
0.334 Acknowledged seq: 1186610024
0.335 Assembling: source: 50612, dest: 24004, seq: 1186611472, ack: 66, window: 1448, data: "ebat, eu pro ero"...
0.335 Sent: b'\xc5\xb4]\xc4F\xbaA\x10\x00\x00\x00BP\x00\x05\xa8\x00\x00\x00\x00ebat, eu pro ero'...
0.337 Received: b']\xc4\xc5\xb4\x00\x00\x00AF\xbaF\xb8P\x10\x05\xa8\x00\x00\x00\x00'
0.337 Disassembled: source: 24004, dest: 50612, seq: 65, ack: 1186612920, window: 1448, ACK
0.337 Acknowledged seq: 1186611472
0.337 Assembling: source: 50612, dest: 24004, seq: 1186612920, ack: 66, window: 1448, data: "s. Per no sale v"...
0.338 Sent: b'\xc5\xb4]\xc4F\xbaF\xb8\x00\x00\x00BP\x00\x05\xa8\x00\x00\x00\x00s. Per no sale v'...
0.339 Received: b']\xc4\xc5\xb4\x00\x00\x00AF\xbaL`P\x10\x05\xa8\x00\x00\x00\x00'
0.340 Disassembled: source: 24004, dest: 50612, seq: 65, ack: 1186614368, window: 1448, ACK
0.340 Acknowledged seq: 1186612920
0.340 Assembling: source: 50612, dest: 24004, seq: 1186614368, ack: 66, window: 1448, data: "orrupte ea mel. "...
0.341 Sent: b'\xc5\xb4]\xc4F\xbaL`\x00\x00\x00BP\x00\x05\xa8\x00\x00\x00\x00orrupte ea mel. '...
0.342 Received: b']\xc4\xc5\xb4\x00\x00\x00AF\xbaR\x08P\x10\x05\xa8\x00\x00\x00\x00'
0.343 Disassembled: source: 24004, dest: 50612, seq: 65, ack: 1186615816, window: 1448, ACK
0.343 Acknowledged seq: 1186614368
0.343 Assembling: source: 50612, dest: 24004, seq: 1186615816, ack: 66, window: 1448, data: ". Est iracundia "...
0.343 Sent: b'\xc5\xb4]\xc4F\xbaR\x08\x00\x00\x00BP\x00\x05\xa8\x00\x00\x00\x00. Est iracundia '...
0.345 Received: b']\xc4\xc5\xb4\x00\x00\x00AF\xbaW\xb0P\x10\x05\xa8\x00\x00\x00\x00'
0.346 Disassembled: source: 24004, dest: 50612, seq: 65, ack: 1186617264, window: 1448, ACK
0.346 Acknowledged seq: 1186615816
0.346 Assembling: source: 50612, dest: 24004, seq: 1186617264, ack: 66, window: 1448, data: "pta probatus scr"...
0.346 Sent: b'\xc5\xb4]\xc4F\xbaW\xb0\x00\x00\x00BP\x00\x05\xa8\x00\x00\x00\x00pta probatus scr'...
0.348 Received: b']\xc4\xc5\xb4\x00\x00\x00AF\xba]XP\x10\x05\xa8\x00\x00\x00\x00'
0.349 Disassembled: source: 24004, dest: 50612, seq: 65, ack: 1186618712, window: 1448, ACK
0.349 Acknowledged seq: 1186617264
0.349 Assembling: source: 50612, dest: 24004, seq: 1186618712, ack: 66, window: 1448, data: "entur ei, pro ei"...
0.349 Sent: b'\xc5\xb4]\xc4F\xba]X\x00\x00\x00BP\x00\x05\xa8\x00\x00\x00\x00entur ei, pro ei'...
0.351 Received: b']\xc4\xc5\xb4\x00\x00\x00AF\xbac\x00P\x10\x05\xa8\x00\x00\x00\x00'
0.351 Disassembled: source: 24004, dest: 50612, seq: 65, ack: 1186620160, window: 1448, ACK
0.352 Acknowledged seq: 1186618712
0.352 Assembling: source: 50612, dest: 24004, seq: 1186620160, ack: 66, window: 1448, data: "simul euismod vi"...
0.352 Sent: b'\xc5\xb4]\xc4F\xbac\x00\x00\x00\x00BP\x00\x05\xa8\x00\x00\x00\x00simul euismod vi'...
0.354 Received: b']\xc4\xc5\xb4\x00\x00\x00AF\xbah\xa8P\x10\x05\xa8\x00\x00\x00\x00'
0.354 Disassembled: source: 24004, dest: 50612, seq: 65, ack: 1186621608, window: 1448, ACK
0.354 Acknowledged seq: 1186620160
0.355 Assembling: source: 50612, dest: 24004, seq: 1186621608, ack: 66, window: 1448, data: ", eam id iudico "...
0.355 Sent: b'\xc5\xb4]\xc4F\xbah\xa8\x00\x00\x00BP\x00\x05\xa8\x00\x00\x00\x00, eam id iudico '...
0.356 Received: b']\xc4\xc5\xb4\x00\x00\x00AF\xbanPP\x10\x05\xa8\x00\x00\x00\x00'
0.357 Disassembled: source: 24004, dest: 50612, seq: 65, ack: 1186623056, window: 1448, ACK
0.357 Acknowledged seq: 1186621608
0.357 Assembling: source: 50612, dest: 24004, seq: 1186623056, ack: 66, window: 1448, data: "m vix. Ea est mu"...
0.358 Sent: b'\xc5\xb4]\xc4F\xbanP\x00\x00\x00BP\x00\x05\xa8\x00\x00\x00\x00m vix. Ea est mu'...
0.359 Received: b']\xc4\xc5\xb4\x00\x00\x00AF\xbas\xf8P\x10\x05\xa8\x00\x00\x00\x00'
0.360 Disassembled: source: 24004, dest: 50612, seq: 65, ack: 1186624504, window: 1448, ACK
0.360 Acknowledged seq: 1186623056
0.360 Assembling: source: 50612, dest: 24004, seq: 1186624504, ack: 66, window: 1448, data: "olor sit amet, e"...
0.360 Sent: b'\xc5\xb4]\xc4F\xbas\xf8\x00\x00\x00BP\x00\x05\xa8\x00\x00\x00\x00olor sit amet, e'...
0.362 Received: b']\xc4\xc5\xb4\x00\x00\x00AF\xbay\xa0P\x10\x05\xa8\x00\x00\x00\x00'
0.362 Disassembled: source: 24004, dest: 50612, seq: 65, ack: 1186625952, window: 1448, ACK
0.363 Acknowledged seq: 1186624504
0.363 Assembling: source: 50612, dest: 24004, seq: 1186625952, ack: 66, window: 1448, data: "m, aperiam iudic"...
0.363 Sent: b'\xc5\xb4]\xc4F\xbay\xa0\x00\x00\x00BP\x00\x05\xa8\x00\x00\x00\x00m, aperiam iudic'...
0.365 Received: b']\xc4\xc5\xb4\x00\x00\x00AF\xba\x7fHP\x10\x05\xa8\x00\x00\x00\x00'
0.365 Disassembled: source: 24004, dest: 50612, seq: 65, ack: 1186627400, window: 1448, ACK
0.365 Acknowledged seq: 1186625952
0.366 Assembling: source: 50612, dest: 24004, seq: 1186627400, ack: 66, window: 1448, data: "re sea. No eos d"...
0.366 Sent: b'\xc5\xb4]\xc4F\xba\x7fH\x00\x00\x00BP\x00\x05\xa8\x00\x00\x00\x00re sea. No eos d'...
0.368 Received: b']\xc4\xc5\xb4\x00\x00\x00AF\xba\x84\xf0P\x10\x05\xa8\x00\x00\x00\x00'
0.368 Disassembled: source: 24004, dest: 50612, seq: 65, ack: 1186628848, window: 1448, ACK
0.368 Acknowledged seq: 1186627400
0.368 Assembling: source: 50612, dest: 24004, seq: 1186628848, ack: 66, window: 1448, data: "t scripta philos"...
0.369 Sent: b'\xc5\xb4]\xc4F\xba\x84\xf0\x00\x00\x00BP\x00\x05\xa8\x00\x00\x00\x00t scripta philos'...
0.370 Received: b']\xc4\xc5\xb4\x00\x00\x00AF\xba\x8a\x98P\x10\x05\xa8\x00\x00\x00\x00'
0.371 Disassembled: source: 24004, dest: 50612, seq: 65, ack: 1186630296, window: 1448, ACK
0.371 Acknowledged seq: 1186628848
0.371 Assembling: source: 50612, dest: 24004, seq: 1186630296, ack: 66, window: 1448, data: "tos sadipscing e"...
0.371 Sent: b'\xc5\xb4]\xc4F\xba\x8a\x98\x00\x00\x00BP\x00\x05\xa8\x00\x00\x00\x00tos sadipscing e'...
0.373 Received: b']\xc4\xc5\xb4\x00\x00\x00AF\xba\x90@P\x10\x05\xa8\x00\x00\x00\x00'
0.374 Disassembled: source: 24004, dest: 50612, seq: 65, ack: 1186631744, window: 1448, ACK
0.374 Acknowledged seq: 1186630296
0.374 Assembling: source: 50612, dest: 24004, seq: 1186631744, ack: 66, window: 1448, data: "sapientem ea, ad"...
0.374 Sent: b'\xc5\xb4]\xc4F\xba\x90@\x00\x00\x00BP\x00\x05\xa8\x00\x00\x00\x00sapientem ea, ad'...
0.376 Received: b']\xc4\xc5\xb4\x00\x00\x00AF\xba\x95\xe8P\x10\x05\xa8\x00\x00\x00\x00'
0.376 Disassembled: source: 24004, dest: 50612, seq: 65, ack: 1186633192, window: 1448, ACK
0.377 Acknowledged seq: 1186631744
0.377 Assembling: source: 50612, dest: 24004, seq: 1186633192, ack: 66, window: 1448, data: "g, ei invenire p"...
0.377 Sent: b'\xc5\xb4]\xc4F\xba\x95\xe8\x00\x00\x00BP\x00\x05\xa8\x00\x00\x00\x00g, ei invenire p'...
0.379 Received: b']\xc4\xc5\xb4\x00\x00\x00AF\xba\x9b\x90P\x10\x05\xa8\x00\x00\x00\x00'
0.379 Disassembled: source: 24004, dest: 50612, seq: 65, ack: 1186634640, window: 1448, ACK
0.379 Acknowledged seq: 1186633192
0.380 Assembling: source: 50612, dest: 24004, seq: 1186634640, ack: 66, window: 1448, data: "endo at. Qui id "...
0.380 Sent: b'\xc5\xb4]\xc4F\xba\x9b\x90\x00\x00\x00BP\x00\x05\xa8\x00\x00\x00\x00endo at. Qui id '...
0.381 Received: b']\xc4\xc5\xb4\x00\x00\x00AF\xba\xa18P\x10\x05\xa8\x00\x00\x00\x00'
0.382 Disassembled: source: 24004, dest: 50612, seq: 65, ack: 1186636088, window: 1448, ACK
0.382 Acknowledged seq: 1186634640
0.382 Assembling: source: 50612, dest: 24004, seq: 1186636088, ack: 66, window: 1448, data: "ota nostrum et p"...
0.383 Sent: b'\xc5\xb4]\xc4F\xba\xa18\x00\x00\x00BP\x00\x05\xa8\x00\x00\x00\x00ota nostrum et p'...
0.384 Received: b']\xc4\xc5\xb4\x00\x00\x00AF\xba\xa6\xe0P\x10\x05\xa8\x00\x00\x00\x00'
0.385 Disassembled: source: 24004, dest: 50612, seq: 65, ack: 1186637536, window: 1448, ACK
0.385 Acknowledged seq: 1186636088
0.385 Assembling: source: 50612, dest: 24004, seq: 1186637536, ack: 66, window: 1448, data: "deseruisse id. P"...
0.385 Sent: b'\xc5\xb4]\xc4F\xba\xa6\xe0\x00\x00\x00BP\x00\x05\xa8\x00\x00\x00\x00deseruisse id. P'...
0.387 Received: b']\xc4\xc5\xb4\x00\x00\x00AF\xba\xac\x88P\x10\x05\xa8\x00\x00\x00\x00'
0.387 Disassembled: source: 24004, dest: 50612, seq: 65, ack: 1186638984, window: 1448, ACK
0.388 Acknowledged seq: 1186637536
0.388 Assembling: source: 50612, dest: 24004, seq: 1186638984, ack: 66, window: 1448, data: "odo munere imper"...
0.388 Sent: b'\xc5\xb4]\xc4F\xba\xac\x88\x00\x00\x00BP\x00\x05\xa8\x00\x00\x00\x00odo munere imper'...
0.390 Received: b']\xc4\xc5\xb4\x00\x00\x00AF\xba\xb20P\x10\x05\xa8\x00\x00\x00\x00'
0.390 Disassembled: source: 24004, dest: 50612, seq: 65, ack: 1186640432, window: 1448, ACK
0.390 Acknowledged seq: 1186638984
0.391 Assembling: source: 50612, dest: 24004, seq: 1186640432, ack: 66, window: 1448, data: "cimates cum, tib"...
0.391 Sent: b'\xc5\xb4]\xc4F\xba\xb20\x00\x00\x00BP\x00\x05\xa8\x00\x00\x00\x00cimates cum, tib'...
0.392 Received: b']\xc4\xc5\xb4\x00\x00\x00AF\xba\xb7\xd8P\x10\x05\xa8\x00\x00\x00\x00'
0.393 Disassembled: source: 24004, dest: 50612, seq: 65, ack: 1186641880, window: 1448, ACK
0.393 Acknowledged seq: 1186640432
0.393 Assembling: source: 50612, dest: 24004, seq: 1186641880, ack: 66, window: 1448, data: "tiopam molestiae"...
0.394 Sent: b'\xc5\xb4]\xc4F\xba\xb7\xd8\x00\x00\x00BP\x00\x05\xa8\x00\x00\x00\x00tiopam molestiae'...
0.395 Received: b']\xc4\xc5\xb4\x00\x00\x00AF\xba\xbd\x80P\x10\x05\xa8\x00\x00\x00\x00'
0.396 Disassembled: source: 24004, dest: 50612, seq: 65, ack: 1186643328, window: 1448, ACK
0.396 Acknowledged seq: 1186641880
0.396 Assembling: source: 50612, dest: 24004, seq: 1186643328, ack: 66, window: 1448, data: "possim qui no, v"...
0.396 Sent: b'\xc5\xb4]\xc4F\xba\xbd\x80\x00\x00\x00BP\x00\x05\xa8\x00\x00\x00\x00possim qui no, v'...
0.398 Received: b']\xc4\xc5\xb4\x00\x00\x00AF\xba\xc3(P\x10\x05\xa8\x00\x00\x00\x00'
0.398 Disassembled: source: 24004, dest: 50612, seq: 65, ack: 1186644776, window: 1448, ACK
0.399 Acknowledged seq: 1186643328
0.399 Assembling: source: 50612, dest: 24004, seq: 1186644776, ack: 66, window: 1448, data: " ex utinam parti"...
0.399 Sent: b'\xc5\xb4]\xc4F\xba\xc3(\x00\x00\x00BP\x00\x05\xa8\x00\x00\x00\x00 ex utinam parti'...
0.401 Received: b']\xc4\xc5\xb4\x00\x00\x00AF\xba\xc8\xd0P\x10\x05\xa8\x00\x00\x00\x00'
0.401 Disassembled: source: 24004, dest: 50612, seq: 65, ack: 1186646224, window: 1448, ACK
0.401 Acknowledged seq: 1186644776
0.402 Assembling: source: 50612, dest: 24004, seq: 1186646224, ack: 66, window: 1448, data: "icus in his. Pri"...
0.402 Sent: b'\xc5\xb4]\xc4F\xba\xc8\xd0\x00\x00\x00BP\x00\x05\xa8\x00\x00\x00\x00icus in his. Pri'...
0.403 Received: b']\xc4\xc5\xb4\x00\x00\x00AF\xba\xcexP\x10\x05\xa8\x00\x00\x00\x00'
0.404 Disassembled: source: 24004, dest: 50612, seq: 65, ack: 1186647672, window: 1448, ACK
0.404 Acknowledged seq: 1186646224
0.404 Assembling: source: 50612, dest: 24004, seq: 1186647672, ack: 66, window: 1448, data: "iis et.

Ius cu "...
0.405 Sent: b'\xc5\xb4]\xc4F\xba\xcex\x00\x00\x00BP\x00\x05\xa8\x00\x00\x00\x00iis et.\n\nIus cu '...
0.406 Received: b']\xc4\xc5\xb4\x00\x00\x00AF\xba\xd4 P\x10\x05\xa8\x00\x00\x00\x00'
0.407 Disassembled: source: 24004, dest: 50612, seq: 65, ack: 1186649120, window: 1448, ACK
0.407 Acknowledged seq: 1186647672
0.407 Assembling: source: 50612, dest: 24004, seq: 1186649120, ack: 66, window: 1448, data: "e interesset.

T"...
0.408 Sent: b'\xc5\xb4]\xc4F\xba\xd4 \x00\x00\x00BP\x00\x05\xa8\x00\x00\x00\x00e interesset.\n\nT'...
0.409 Received: b']\xc4\xc5\xb4\x00\x00\x00AF\xba\xd9\xc8P\x10\x05\xa8\x00\x00\x00\x00'
0.410 Disassembled: source: 24004, dest: 50612, seq: 65, ack: 1186650568, window: 1448, ACK
0.410 Acknowledged seq: 1186649120
0.410 Assembling: source: 50612, dest: 24004, seq: 1186650568, ack: 66, window: 1448, data: "pro alia volutpa"...
0.410 Sent: b'\xc5\xb4]\xc4F\xba\xd9\xc8\x00\x00\x00BP\x00\x05\xa8\x00\x00\x00\x00pro alia volutpa'...
0.412 Received: b']\xc4\xc5\xb4\x00\x00\x00AF\xba\xdfpP\x10\x05\xa8\x00\x00\x00\x00'
0.412 Disassembled: source: 24004, dest: 50612, seq: 65, ack: 1186652016, window: 1448, ACK
0.413 Acknowledged seq: 1186650568
0.413 Assembling: source: 50612, dest: 24004, seq: 1186652016, ack: 66, window: 1448, data: " libris equidem "...
0.413 Sent: b'\xc5\xb4]\xc4F\xba\xdfp\x00\x00\x00BP\x00\x05\xa8\x00\x00\x00\x00 libris equidem '...
0.415 Received: b']\xc4\xc5\xb4\x00\x00\x00AF\xba\xe5\x18P\x10\x05\xa8\x00\x00\x00\x00'
0.415 Disassembled: source: 24004, dest: 50612, seq: 65, ack: 1186653464, window: 1448, ACK
0.415 Acknowledged seq: 1186652016
0.416 Assembling: source: 50612, dest: 24004, seq: 1186653464, ack: 66, window: 1448, data: "uavitate volupta"...
0.416 Sent: b'\xc5\xb4]\xc4F\xba\xe5\x18\x00\x00\x00BP\x00\x05\xa8\x00\x00\x00\x00uavitate volupta'...
0.417 Received: b']\xc4\xc5\xb4\x00\x00\x00AF\xba\xea\xc0P\x10\x05\xa8\x00\x00\x00\x00'
0.418 Disassembled: source: 24004, dest: 50612, seq: 65, ack: 1186654912, window: 1448, ACK
0.418 Acknowledged seq: 1186653464
0.418 Assembling: source: 50612, dest: 24004, seq: 1186654912, ack: 66, window: 1448, data: " Detraxit defini"...
0.419 Sent: b'\xc5\xb4]\xc4F\xba\xea\xc0\x00\x00\x00BP\x00\x05\xa8\x00\x00\x00\x00 Detraxit defini'...
0.420 Received: b']\xc4\xc5\xb4\x00\x00\x00AF\xba\xf0hP\x10\x05\xa8\x00\x00\x00\x00'
0.421 Disassembled: source: 24004, dest: 50612, seq: 65, ack: 1186656360, window: 1448, ACK
0.421 Acknowledged seq: 1186654912
0.421 Assembling: source: 50612, dest: 24004, seq: 1186656360, ack: 66, window: 1448, data: "aesent mei. Quo "...
0.422 Sent: b'\xc5\xb4]\xc4F\xba\xf0h\x00\x00\x00BP\x00\x05\xa8\x00\x00\x00\x00aesent mei. Quo '...
0.423 Received: b']\xc4\xc5\xb4\x00\x00\x00AF\xba\xf6\x10P\x10\x05\xa8\x00\x00\x00\x00'
0.424 Disassembled: source: 24004, dest: 50612, seq: 65, ack: 1186657808, window: 1448, ACK
0.424 Acknowledged seq: 1186656360
0.424 Assembling: source: 50612, dest: 24004, seq: 1186657808, ack: 66, window: 1448, data: "nterpretaris no "...
0.424 Sent: b'\xc5\xb4]\xc4F\xba\xf6\x10\x00\x00\x00BP\x00\x05\xa8\x00\x00\x00\x00nterpretaris no '...
0.426 Received: b']\xc4\xc5\xb4\x00\x00\x00AF\xba\xfb\xb8P\x10\x05\xa8\x00\x00\x00\x00'
0.427 Disassembled: source: 24004, dest: 50612, seq: 65, ack: 1186659256, window: 1448, ACK
0.427 Acknowledged seq: 1186657808
0.427 Assembling: source: 50612, dest: 24004, seq: 1186659256, ack: 66, window: 1448, data: "patrioque has. I"...
0.427 Sent: b'\xc5\xb4]\xc4F\xba\xfb\xb8\x00\x00\x00BP\x00\x05\xa8\x00\x00\x00\x00patrioque has. I'...
0.429 Received: b']\xc4\xc5\xb4\x00\x00\x00AF\xbb\x01`P\x10\x05\xa8\x00\x00\x00\x00'
0.429 Disassembled: source: 24004, dest: 50612, seq: 65, ack: 1186660704, window: 1448, ACK
0.430 Acknowledged seq: 1186659256
0.430 Assembling: source: 50612, dest: 24004, seq: 1186660704, ack: 66, window: 1448, data: "ossit repudianda"...
0.430 Sent: b'\xc5\xb4]\xc4F\xbb\x01`\x00\x00\x00BP\x00\x05\xa8\x00\x00\x00\x00ossit repudianda'...
0.432 Received: b']\xc4\xc5\xb4\x00\x00\x00AF\xbb\x07\x08P\x10\x05\xa8\x00\x00\x00\x00'
0.432 Disassembled: source: 24004, dest: 50612, seq: 65, ack: 1186662152, window: 1448, ACK
0.432 Acknowledged seq: 1186660704
0.433 Assembling: source: 50612, dest: 24004, seq: 1186662152, ack: 66, window: 1448, data: "ora consequuntur"...
0.433 Sent: b'\xc5\xb4]\xc4F\xbb\x07\x08\x00\x00\x00BP\x00\x05\xa8\x00\x00\x00\x00ora consequuntur'...
0.434 Received: b']\xc4\xc5\xb4\x00\x00\x00AF\xbb\x0c\xb0P\x10\x05\xa8\x00\x00\x00\x00'
0.435 Disassembled: source: 24004, dest: 50612, seq: 65, ack: 1186663600, window: 1448, ACK
0.435 Acknowledged seq: 1186662152
0.435 Assembling: source: 50612, dest: 24004, seq: 1186663600, ack: 66, window: 1448, data: "ctus conceptam a"...
0.436 Sent: b'\xc5\xb4]\xc4F\xbb\x0c\xb0\x00\x00\x00BP\x00\x05\xa8\x00\x00\x00\x00ctus conceptam a'...
0.437 Received: b']\xc4\xc5\xb4\x00\x00\x00AF\xbb\x12XP\x10\x05\xa8\x00\x00\x00\x00'
0.438 Disassembled: source: 24004, dest: 50612, seq: 65, ack: 1186665048, window: 1448, ACK
0.438 Acknowledged seq: 1186663600
0.438 Assembling: source: 50612, dest: 24004, seq: 1186665048, ack: 66, window: 1448, data: " aeterno te, ne "...
0.438 Sent: b'\xc5\xb4]\xc4F\xbb\x12X\x00\x00\x00BP\x00\x05\xa8\x00\x00\x00\x00 aeterno te, ne '...
0.440 Received: b']\xc4\xc5\xb4\x00\x00\x00AF\xbb\x18\x00P\x10\x05\xa8\x00\x00\x00\x00'
0.440 Disassembled: source: 24004, dest: 50612, seq: 65, ack: 1186666496, window: 1448, ACK
0.441 Acknowledged seq: 1186665048
0.441 Assembling: source: 50612, dest: 24004, seq: 1186666496, ack: 66, window: 1448, data: "imis oporteat di"...
0.441 Sent: b'\xc5\xb4]\xc4F\xbb\x18\x00\x00\x00\x00BP\x00\x05\xa8\x00\x00\x00\x00imis oporteat di'...
0.443 Received: b']\xc4\xc5\xb4\x00\x00\x00AF\xbb\x1d\xa8P\x10\x05\xa8\x00\x00\x00\x00'
0.443 Disassembled: source: 24004, dest: 50612, seq: 65, ack: 1186667944, window: 1448, ACK
0.443 Acknowledged seq: 1186666496
0.444 Assembling: source: 50612, dest: 24004, seq: 1186667944, ack: 66, window: 1448, data: "re. Has virtute "...
0.444 Sent: b'\xc5\xb4]\xc4F\xbb\x1d\xa8\x00\x00\x00BP\x00\x05\xa8\x00\x00\x00\x00re. Has virtute '...
0.445 Received: b']\xc4\xc5\xb4\x00\x00\x00AF\xbb#PP\x10\x05\xa8\x00\x00\x00\x00'
0.446 Disassembled: source: 24004, dest: 50612, seq: 65, ack: 1186669392, window: 1448, ACK
0.446 Acknowledged seq: 1186667944
0.446 Assembling: source: 50612, dest: 24004, seq: 1186669392, ack: 66, window: 1448, data: " eum ancillae no"...
0.447 Sent: b'\xc5\xb4]\xc4F\xbb#P\x00\x00\x00BP\x00\x05\xa8\x00\x00\x00\x00 eum ancillae no'...
0.448 Received: b']\xc4\xc5\xb4\x00\x00\x00AF\xbb(\xf8P\x10\x05\xa8\x00\x00\x00\x00'
0.449 Disassembled: source: 24004, dest: 50612, seq: 65, ack: 1186670840, window: 1448, ACK
0.449 Acknowledged seq: 1186669392
0.449 Assembling: source: 50612, dest: 24004, seq: 1186670840, ack: 66, window: 1448, data: "ppareat ius. At "...
0.449 Sent: b'\xc5\xb4]\xc4F\xbb(\xf8\x00\x00\x00BP\x00\x05\xa8\x00\x00\x00\x00ppareat ius. At '...
0.451 Received: b']\xc4\xc5\xb4\x00\x00\x00AF\xbb.\xa0P\x10\x05\xa8\x00\x00\x00\x00'
0.451 Disassembled: source: 24004, dest: 50612, seq: 65, ack: 1186672288, window: 1448, ACK
0.452 Acknowledged seq: 1186670840
0.452 Assembling: source: 50612, dest: 24004, seq: 1186672288, ack: 66, window: 1448, data: ", vero appellant"...
0.452 Sent: b'\xc5\xb4]\xc4F\xbb.\xa0\x00\x00\x00BP\x00\x05\xa8\x00\x00\x00\x00, vero appellant'...
0.454 Received: b']\xc4\xc5\xb4\x00\x00\x00AF\xbb4HP\x10\x05\xa8\x00\x00\x00\x00'
0.454 Disassembled: source: 24004, dest: 50612, seq: 65, ack: 1186673736, window: 1448, ACK
0.454 Acknowledged seq: 1186672288
0.455 Assembling: source: 50612, dest: 24004, seq: 1186673736, ack: 66, window: 1448, data: "ibo quando copio"...
0.455 Sent: b'\xc5\xb4]\xc4F\xbb4H\x00\x00\x00BP\x00\x05\xa8\x00\x00\x00\x00ibo quando copio'...
0.456 Received: b']\xc4\xc5\xb4\x00\x00\x00AF\xbb9\xf0P\x10\x05\xa8\x00\x00\x00\x00'
0.457 Disassembled: source: 24004, dest: 50612, seq: 65, ack: 1186675184, window: 1448, ACK
0.457 Acknowledged seq: 1186673736
0.457 Assembling: source: 50612, dest: 24004, seq: 1186675184, ack: 66, window: 1448, data: " maluisset. Sit "...
0.458 Sent: b'\xc5\xb4]\xc4F\xbb9\xf0\x00\x00\x00BP\x00\x05\xa8\x00\x00\x00\x00 maluisset. Sit '...
0.459 Received: b']\xc4\xc5\xb4\x00\x00\x00AF\xbb?\x98P\x10\x05\xa8\x00\x00\x00\x00'
0.460 Disassembled: source: 24004, dest: 50612, seq: 65, ack: 1186676632, window: 1448, ACK
0.460 Acknowledged seq: 1186675184
0.460 Assembling: source: 50612, dest: 24004, seq: 1186676632, ack: 66, window: 1448, data: "e ceteros albuci"...
0.460 Sent: b'\xc5\xb4]\xc4F\xbb?\x98\x00\x00\x00BP\x00\x05\xa8\x00\x00\x00\x00e ceteros albuci'...
0.462 Received: b']\xc4\xc5\xb4\x00\x00\x00AF\xbbE@P\x10\x05\xa8\x00\x00\x00\x00'
0.462 Disassembled: source: 24004, dest: 50612, seq: 65, ack: 1186678080, window: 1448, ACK
0.462 Acknowledged seq: 1186676632
0.463 Assembling: source: 50612, dest: 24004, seq: 1186678080, ack: 66, window: 1448, data: "complectitur sea"...
0.463 Sent: b'\xc5\xb4]\xc4F\xbbE@\x00\x00\x00BP\x00\x05\xa8\x00\x00\x00\x00complectitur sea'...
0.465 Received: b']\xc4\xc5\xb4\x00\x00\x00AF\xbbJ\xe8P\x10\x05\xa8\x00\x00\x00\x00'
0.465 Disassembled: source: 24004, dest: 50612, seq: 65, ack: 1186679528, window: 1448, ACK
0.465 Acknowledged seq: 1186678080
0.465 Finished reading file
0.465 Assembling: source: 50612, dest: 24004, seq: 1186679528, ack: 66, window: 1448, data: "tempor ex ius. E"...
0.466 Sent: b'\xc5\xb4]\xc4F\xbbJ\xe8\x00\x00\x00BP\x00\x05\xa8\x00\x00\x00\x00tempor ex ius. E'...
0.467 Received: b']\xc4\xc5\xb4\x00\x00\x00AF\xbbKFP\x10\x05\xa8\x00\x00\x00\x00'
0.468 Disassembled: source: 24004, dest: 50612, seq: 65, ack: 1186679622, window: 1448, ACK
0.468 Acknowledged seq: 1186679528
0.468 Assembling: source: 50612, dest: 24004, seq: 1186679622, ack: 66, window: 1448, ACK, FIN
0.468 Sent: b'\xc5\xb4]\xc4F\xbbKF\x00\x00\x00BP\x11\x05\xa8\x00\x00\x00\x00'
0.470 Received: b']\xc4\xc5\xb4\x00\x00\x00AF\xbbKGP\x10\x05\xa8\x00\x00\x00\x00'
0.470 Disassembled: source: 24004, dest: 50612, seq: 65, ack: 1186679623, window: 1448, ACK
0.470 FIN accepted; sending final packet
0.471 Assembling: source: 50612, dest: 24004, seq: 1186679623, ack: 66, window: 1448, ACK
0.471 Sent: b'\xc5\xb4]\xc4F\xbbKG\x00\x00\x00BP\x10\x05\xa8\x00\x00\x00\x00'
0.471 Closed connection
0.472 Shutting down
