0.000 NEW RUN: Server, TEST: Read_file__Small_multi-packet
0.217 Received: b'\x94q\xf7L\x00\x00\x00<\x00\x00\x00\x00P\x02\x05\xa8\x00\x00\x00\x00'
0.217 Disassembled: source: 38001, dest: 63308, seq: 60, window: 1448, SYN
0.217 SYN accepted; new connection: 127.0.0.1 on port 38001
0.218 Assembling: source: 63308, dest: 38001, seq: 1835021731, ack: 61, window: 1448, ACK, SYN
0.218 Sent: b'\xf7L\x94qm`5\xa3\x00\x00\x00=P\x12\x05\xa8\x00\x00\x00\x00'
0.220 Received: b'\x94q\xf7L\x00\x00\x00=m`5\xa4P\x10\x05\xa8\x00\x00\x00\x00'
0.220 Disassembled: source: 38001, dest: 63308, seq: 61, ack: 1835021732, window: 1448, ACK
0.220 Handshake complete
0.220 Acknowledged seq: 1835021731
0.220 Assembling: source: 63308, dest: 38001, seq: 1835021732, ack: 62, window: 1448, data: "Lorem ipsum dolo"...
0.221 Sent: b'\xf7L\x94qm`5\xa4\x00\x00\x00>P\x00\x05\xa8\x00\x00\x00\x00Lorem ipsum dolo'...
0.721 Sent: b'\xf7L\x94qm`5\xa4\x00\x00\x00>P\x00\x05\xa8\x00\x00\x00\x00Lorem ipsum dolo'...
1.222 Sent: b'\xf7L\x94qm`5\xa4\x00\x00\x00>P\x00\x05\xa8\x00\x00\x00\x00Lorem ipsum dolo'...
1.722 Sent: b'\xf7L\x94qm`5\xa4\x00\x00\x00>P\x00\x05\xa8\x00\x00\x00\x00Lorem ipsum dolo'...
2.222 Sent: b'\xf7L\x94qm`5\xa4\x00\x00\x00>P\x00\x05\xa8\x00\x00\x00\x00Lorem ipsum dolo'...
2.723 Sent: b'\xf7L\x94qm`5\xa4\x00\x00\x00>P\x00\x05\xa8\x00\x00\x00\x00Lorem ipsum dolo'...
3.223 Error: Connection timed out
3.223 Closed connection
3.224 Shutting down
