0.000 NEW RUN: Server, TEST: Read_file__Latency
0.211 Received: b'\xb3/\x83Y\x00\x00\x00I\x00\x00\x00\x00P\x02\x05\xa8\x00\x00\x00\x00'
0.212 Disassembled: source: 45871, dest: 33625, seq: 73, window: 1448, SYN
0.212 SYN accepted; new connection: 127.0.0.1 on port 45871
0.212 Assembling: source: 33625, dest: 45871, seq: 1899029236, ack: 74, window: 1448, ACK, SYN
0.212 Sent: b'\x83Y\xb3/q0\xe2\xf4\x00\x00\x00JP\x12\x05\xa8\x00\x00\x00\x00'
0.713 Sent: b'\x83Y\xb3/q0\xe2\xf4\x00\x00\x00JP\x12\x05\xa8\x00\x00\x00\x00'
1.213 Sent: b'\x83Y\xb3/q0\xe2\xf4\x00\x00\x00JP\x12\x05\xa8\x00\x00\x00\x00'
1.216 Received: b'\xb3/\x83Y\x00\x00\x00Jq0\xe2\xf5P\x10\x05\xa8\x00\x00\x00\x00'
1.217 Disassembled: source: 45871, dest: 33625, seq: 74, ack: 1899029237, window: 1448, ACK
1.217 Handshake complete
1.217 Acknowledged seq: 1899029236
1.218 Assembling: source: 33625, dest: 45871, seq: 1899029237, ack: 75, window: 1448, data: "Lorem ipsum dolo"...
1.218 Sent: b'\x83Y\xb3/q0\xe2\xf5\x00\x00\x00KP\x00\x05\xa8\x00\x00\x00\x00Lorem ipsum dolo'...
1.718 Received: b'\xb3/\x83Y\x00\x00\x00Kq0\xe2\xf5P\x01\x05\xa8\x00\x00\x00\x00'
1.718 Disassembled: source: 45871, dest: 33625, seq: 75, ack: 1899029237, window: 1448, FIN
1.718 Error: Responses must be acknowledgements
1.719 Sent: b'\x83Y\xb3/q0\xe2\xf5\x00\x00\x00KP\x00\x05\xa8\x00\x00\x00\x00Lorem ipsum dolo'...
2.219 Sent: b'\x83Y\xb3/q0\xe2\xf5\x00\x00\x00KP\x00\x05\xa8\x00\x00\x00\x00Lorem ipsum dolo'...
2.720 Sent: b'\x83Y\xb3/q0\xe2\xf5\x00\x00\x00KP\x00\x05\xa8\x00\x00\x00\x00Lorem ipsum dolo'...
3.224 Sent: b'\x83Y\xb3/q0\xe2\xf5\x00\x00\x00KP\x00\x05\xa8\x00\x00\x00\x00Lorem ipsum dolo'...
3.725 Sent: b'\x83Y\xb3/q0\xe2\xf5\x00\x00\x00KP\x00\x05\xa8\x00\x00\x00\x00Lorem ipsum dolo'...
4.226 Error: Connection timed out
4.226 Closed connection
4.721 Shutting down
