0.000 NEW RUN: Server, TEST: Read_file__Small_multi-packet
0.219 Received: b'\x97\x86\x17\x8b\x00\x00\x00A\x00\x00\x00\x00P\x02\x05\xa8\x00\x00\x00\x00'
0.220 Disassembled: source: 38790, dest: 6027, seq: 65, window: 1448, SYN
0.220 SYN accepted; new connection: 127.0.0.1 on port 38790
0.220 Assembling: source: 6027, dest: 38790, seq: 2435614001, ack: 66, window: 1448, ACK, SYN
0.220 Sent: b'\x17\x8b\x97\x86\x91,\x851\x00\x00\x00BP\x12\x05\xa8\x00\x00\x00\x00'
0.222 Received: b'\x97\x86\x17\x8b\x00\x00\x00B\x91,\x852P\x10\x05\xa8\x00\x00\x00\x00'
0.223 Disassembled: source: 38790, dest: 6027, seq: 66, ack: 2435614002, window: 1448, ACK
0.223 Handshake complete
0.223 Acknowledged seq: 2435614001
0.223 Assembling: source: 6027, dest: 38790, seq: 2435614002, ack: 67, window: 1448, data: "Lorem ipsum dolo"...
0.224 Sent: b'\x17\x8b\x97\x86\x91,\x852\x00\x00\x00CP\x00\x05\xa8\x00\x00\x00\x00Lorem ipsum dolo'...
0.227 Received: b'\x97\x86\x17\x8b\x00\x00\x00C\x91,\x853P\x10\x05\xa8\x00\x00\x00\x00'
0.227 Disassembled: source: 38790, dest: 6027, seq: 67, ack: 2435614003, window: 1448, ACK
0.227 Assembling: source: 6027, dest: 38790, seq: 2435615450, ack: 68, window: 1448, data: "m"
0.228 Sent: b'\x17\x8b\x97\x86\x91,\x8a\xda\x00\x00\x00DP\x00\x05\xa8\x00\x00\x00\x00m'
0.728 Sent: b'\x17\x8b\x97\x86\x91,\x852\x00\x00\x00CP\x00\x05\xa8\x00\x00\x00\x00Lorem ipsum dolo'...
0.728 Sent: b'\x17\x8b\x97\x86\x91,\x8a\xda\x00\x00\x00DP\x00\x05\xa8\x00\x00\x00\x00m'
1.228 Sent: b'\x17\x8b\x97\x86\x91,\x852\x00\x00\x00CP\x00\x05\xa8\x00\x00\x00\x00Lorem ipsum dolo'...
1.229 Sent: b'\x17\x8b\x97\x86\x91,\x8a\xda\x00\x00\x00DP\x00\x05\xa8\x00\x00\x00\x00m'
1.729 Sent: b'\x17\x8b\x97\x86\x91,\x852\x00\x00\x00CP\x00\x05\xa8\x00\x00\x00\x00Lorem ipsum dolo'...
1.729 Sent: b'\x17\x8b\x97\x86\x91,\x8a\xda\x00\x00\x00DP\x00\x05\xa8\x00\x00\x00\x00m'
2.229 Sent: b'\x17\x8b\x97\x86\x91,\x852\x00\x00\x00CP\x00\x05\xa8\x00\x00\x00\x00Lorem ipsum dolo'...
2.230 Sent: b'\x17\x8b\x97\x86\x91,\x8a\xda\x00\x00\x00DP\x00\x05\xa8\x00\x00\x00\x00m'
2.729 Sent: b'\x17\x8b\x97\x86\x91,\x852\x00\x00\x00CP\x00\x05\xa8\x00\x00\x00\x00Lorem ipsum dolo'...
2.730 Sent: b'\x17\x8b\x97\x86\x91,\x8a\xda\x00\x00\x00DP\x00\x05\xa8\x00\x00\x00\x00m'
3.230 Error: Connection timed out
3.230 Closed connection
3.230 Shutting down
