0.000 NEW RUN: Server, TEST: Read_file__Relaxed
0.215 Received: b'\x8c\xa3\x84\x98\x00\x00\x00\n\x00\x00\x00\x00P\x02\x05\xa8\x00\x00\x00\x00'
0.216 Disassembled: source: 36003, dest: 33944, seq: 10, window: 1448, SYN
0.216 SYN accepted; new connection: 127.0.0.1 on port 36003
0.217 Assembling: source: 33944, dest: 36003, seq: 2431943365, ack: 11, window: 1448, ACK, SYN
0.217 Sent: b'\x84\x98\x8c\xa3\x90\xf4\x82\xc5\x00\x00\x00\x0bP\x12\x05\xa8\x00\x00\x00\x00'
0.218 Received: b'\x8c\xa3\x84\x98\x00\x00\x00\x0b\x90\xf4\x82\xc6P\x10\x05\xa8\x00\x00\x00\x00'
0.219 Disassembled: source: 36003, dest: 33944, seq: 11, ack: 2431943366, window: 1448, ACK
0.219 Handshake complete
0.219 Acknowledged seq: 2431943365
0.219 Finished reading file
0.219 Assembling: source: 33944, dest: 36003, seq: 2431943366, ack: 12, window: 1448, ACK, FIN
0.219 Sent: b'\x84\x98\x8c\xa3\x90\xf4\x82\xc6\x00\x00\x00\x0cP\x11\x05\xa8\x00\x00\x00\x00'
0.720 Sent: b'\x84\x98\x8c\xa3\x90\xf4\x82\xc6\x00\x00\x00\x0cP\x11\x05\xa8\x00\x00\x00\x00'
0.722 Received: b'\x8c\xa3\x84\x98\x00\x00\x00\x0c\x90\xf4\x82\xc7P\x10\x05\xa8\x00\x00\x00\x00'
0.722 Disassembled: source: 36003, dest: 33944, seq: 12, ack: 2431943367, window: 1448, ACK
0.723 FIN accepted; sending final packet
0.723 Assembling: source: 33944, dest: 36003, seq: 2431943367, ack: 12, window: 1448, ACK
0.723 Sent: b'\x84\x98\x8c\xa3\x90\xf4\x82\xc7\x00\x00\x00\x0cP\x10\x05\xa8\x00\x00\x00\x00'
0.723 Closed connection
0.724 Shutting down
