0.000 NEW RUN: Server, TEST: Read_file__No_file_extension
0.197 Received: b'\xdb\xbez\x00\x00\x00\x00\x0e\x00\x00\x00\x00P\x02\x05\xa8\x00\x00\x00\x00'
0.198 Disassembled: source: 56254, dest: 31232, seq: 14, window: 1448, SYN
0.198 SYN accepted; new connection: 127.0.0.1 on port 56254
0.198 Assembling: source: 31232, dest: 56254, seq: 2436762887, ack: 15, window: 1448, ACK, SYN
0.199 Sent: b'z\x00\xdb\xbe\x91>\r\x07\x00\x00\x00\x0fP\x12\x05\xa8\x00\x00\x00\x00'
0.200 Received: b'\xdb\xbez\x00\x00\x00\x00\x0f\x91>\r\x08P\x10\x05\xa8\x00\x00\x00\x00'
0.200 Disassembled: source: 56254, dest: 31232, seq: 15, ack: 2436762888, window: 1448, ACK
0.200 Handshake complete
0.200 Acknowledged seq: 2436762887
0.201 Assembling: source: 31232, dest: 56254, seq: 2436762888, ack: 16, window: 1448, data: "Lorem ipsum dolo"...
0.201 Sent: b'z\x00\xdb\xbe\x91>\r\x08\x00\x00\x00\x10P\x00\x05\xa8\x00\x00\x00\x00Lorem ipsum dolo'...
0.202 Received: b'\xdb\xbez\x00\x00\x00\x00\x10\x91>\r\tP\x10\x05\xa8\x00\x00\x00\x00'
0.203 Disassembled: source: 56254, dest: 31232, seq: 16, ack: 2436762889, window: 1448, ACK
0.203 Assembling: source: 31232, dest: 56254, seq: 2436764336, ack: 17, window: 1448, data: "m"
0.203 Sent: b'z\x00\xdb\xbe\x91>\x12\xb0\x00\x00\x00\x11P\x00\x05\xa8\x00\x00\x00\x00m'
0.704 Sent: b'z\x00\xdb\xbe\x91>\r\x08\x00\x00\x00\x10P\x00\x05\xa8\x00\x00\x00\x00Lorem ipsum dolo'...
0.704 Sent: b'z\x00\xdb\xbe\x91>\x12\xb0\x00\x00\x00\x11P\x00\x05\xa8\x00\x00\x00\x00m'
1.204 Sent: b'z\x00\xdb\xbe\x91>\r\x08\x00\x00\x00\x10P\x00\x05\xa8\x00\x00\x00\x00Lorem ipsum dolo'...
1.204 Sent: b'z\x00\xdb\xbe\x91>\x12\xb0\x00\x00\x00\x11P\x00\x05\xa8\x00\x00\x00\x00m'
1.704 Sent: b'z\x00\xdb\xbe\x91>\r\x08\x00\x00\x00\x10P\x00\x05\xa8\x00\x00\x00\x00Lorem ipsum dolo'...
1.705 Sent: b'z\x00\xdb\xbe\x91>\x12\xb0\x00\x00\x00\x11P\x00\x05\xa8\x00\x00\x00\x00m'
2.205 Sent: b'z\x00\xdb\xbe\x91>\r\x08\x00\x00\x00\x10P\x00\x05\xa8\x00\x00\x00\x00Lorem ipsum dolo'...
2.205 Sent: b'z\x00\xdb\xbe\x91>\x12\xb0\x00\x00\x00\x11P\x00\x05\xa8\x00\x00\x00\x00m'
2.705 Sent: b'z\x00\xdb\xbe\x91>\r\x08\x00\x00\x00\x10P\x00\x05\xa8\x00\x00\x00\x00Lorem ipsum dolo'...
2.706 Sent: b'z\x00\xdb\xbe\x91>\x12\xb0\x00\x00\x00\x11P\x00\x05\xa8\x00\x00\x00\x00m'
3.205 Error: Connection timed out
3.206 Closed connection
3.206 Shutting down
