0.000 NEW RUN: Server, TEST: Read_file__Large_multi-packet
0.203 Received: b'S\x0f\x8a\xd9\x00\x00\x00c\x00\x00\x00\x00P\x02\x05\xa8\x00\x00\x00\x00'
0.203 Disassembled: source: 21263, dest: 35545, seq: 99, window: 1448, SYN
0.204 SYN accepted; new connection: 127.0.0.1 on port 21263
0.204 Assembling: source: 35545, dest: 21263, seq: 2436190673, ack: 100, window: 1448, ACK, SYN
0.204 Sent: b'\x8a\xd9S\x0f\x915Q\xd1\x00\x00\x00dP\x12\x05\xa8\x00\x00\x00\x00'
0.206 Received: b'S\x0f\x8a\xd9\x00\x00\x00d\x915Q\xd2P\x10\x05\xa8\x00\x00\x00\x00'
0.207 Disassembled: source: 21263, dest: 35545, seq: 100, ack: 2436190674, window: 1448, ACK
0.207 Handshake complete
0.207 Acknowledged seq: 2436190673
0.207 Assembling: source: 35545, dest: 21263, seq: 2436190674, ack: 101, window: 1448, data: "Lorem ipsum dolo"...
0.207 Sent: b'\x8a\xd9S\x0f\x915Q\xd2\x00\x00\x00eP\x00\x05\xa8\x00\x00\x00\x00Lorem ipsum dolo'...
0.210 Received: b'S\x0f\x8a\xd9\x00\x00\x00e\x915Q\xd3P\x10\x05\xa8\x00\x00\x00\x00'
0.210 Disassembled: source: 21263, dest: 35545, seq: 101, ack: 2436190675, window: 1448, ACK
0.210 Assembling: source: 35545, dest: 21263, seq: 2436192122, ack: 102, window: 1448, data: "m"
0.210 Sent: b'\x8a\xd9S\x0f\x915Wz\x00\x00\x00fP\x00\x05\xa8\x00\x00\x00\x00m'
0.711 Sent: b'\x8a\xd9S\x0f\x915Q\xd2\x00\x00\x00eP\x00\x05\xa8\x00\x00\x00\x00Lorem ipsum dolo'...
0.711 Sent: b'\x8a\xd9S\x0f\x915Wz\x00\x00\x00fP\x00\x05\xa8\x00\x00\x00\x00m'
1.211 Sent: b'\x8a\xd9S\x0f\x915Q\xd2\x00\x00\x00eP\x00\x05\xa8\x00\x00\x00\x00Lorem ipsum dolo'...
1.212 Sent: b'\x8a\xd9S\x0f\x915Wz\x00\x00\x00fP\x00\x05\xa8\x00\x00\x00\x00m'
1.711 Sent: b'\x8a\xd9S\x0f\x915Q\xd2\x00\x00\x00eP\x00\x05\xa8\x00\x00\x00\x00Lorem ipsum dolo'...
1.712 Sent: b'\x8a\xd9S\x0f\x915Wz\x00\x00\x00fP\x00\x05\xa8\x00\x00\x00\x00m'
2.212 Sent: b'\x8a\xd9S\x0f\x915Q\xd2\x00\x00\x00eP\x00\x05\xa8\x00\x00\x00\x00Lorem ipsum dolo'...
2.212 Sent: b'\x8a\xd9S\x0f\x915Wz\x00\x00\x00fP\x00\x05\xa8\x00\x00\x00\x00m'
2.712 Sent: b'\x8a\xd9S\x0f\x915Q\xd2\x00\x00\x00eP\x00\x05\xa8\x00\x00\x00\x00Lorem ipsum dolo'...
2.713 Sent: b'\x8a\xd9S\x0f\x915Wz\x00\x00\x00fP\x00\x05\xa8\x00\x00\x00\x00m'
3.213 Error: Connection timed out
3.213 Closed connection
3.213 Shutting down
