0.000 NEW RUN: Server, TEST: Write_file__Large_multi-packet
0.215 Received: b'D\x98\xaaf\x00\x00\x00\x04\x00\x00\x00\x00P\x02\x05\xa8\x00\x00\x00\x00'
0.216 Disassembled: source: 17560, dest: 43622, seq: 4, window: 1448, SYN
0.216 SYN accepted; new connection: 127.0.0.1 on port 17560
0.216 Assembling: source: 43622, dest: 17560, seq: 2439410879, ack: 5, window: 5808, ACK, SYN
0.217 Sent: b'\xaafD\x98\x91ft\xbf\x00\x00\x00\x05P\x12\x16\xb0\x00\x00\x00\x00'
0.218 Received: b'D\x98\xaaf\x00\x00\x00\x05\x91ft\xc0P\x10\x16\xb0\x00\x00\x00\x00'
0.219 Disassembled: source: 17560, dest: 43622, seq: 5, ack: 2439410880, window: 5808, ACK
0.219 Assembling: source: 43622, dest: 17560, seq: 2439410880, ack: 5, window: 5808, ACK
0.219 Sent: b'\xaafD\x98\x91ft\xc0\x00\x00\x00\x05P\x10\x16\xb0\x00\x00\x00\x00'
0.220 Received: b'D\x98\xaaf\x00\x00\x00\x06\x91ft\xc0P\x10\x16\xb0\x00\x00\x00\x00Lorem ipsum dolo'...
0.220 Disassembled: source: 17560, dest: 43622, seq: 6, ack: 2439410880, window: 5808, ACK, data: "Lorem ipsum dolo"...
0.220 Handshake complete
0.220 Data accepted; adding to buffer
0.220 Assembling: source: 43622, dest: 17560, seq: 2439410880, ack: 5, window: 5808, ACK
0.220 Sent: b'\xaafD\x98\x91ft\xc0\x00\x00\x00\x05P\x10\x16\xb0\x00\x00\x00\x00'
0.221 Received: b'D\x98\xaaf\x00\x00\x00\x07\x91ft\xc1P\x10\x16\xb0\x00\x00\x00\x00'
0.221 Disassembled: source: 17560, dest: 43622, seq: 7, ack: 2439410881, window: 5808, ACK
0.221 Error: Incorrect acknowledgement flag
0.222 Received: b'D\x98\xaaf\x00\x00\x00\x08\x91ft\xc1P\x10\x16\xb0\x00\x00\x00\x00mprehensam nam, '...
0.223 Disassembled: source: 17560, dest: 43622, seq: 8, ack: 2439410881, window: 5808, ACK, data: "mprehensam nam, "...
0.223 Error: Incorrect acknowledgement flag
0.224 Received: b'D\x98\xaaf\x00\x00\x00\t\x91ft\xc2P\x10\x16\xb0\x00\x00\x00\x00'
0.224 Disassembled: source: 17560, dest: 43622, seq: 9, ack: 2439410882, window: 5808, ACK
0.224 Error: Incorrect acknowledgement flag
0.225 Received: b'D\x98\xaaf\x00\x00\x00\n\x91ft\xc2P\x10\x16\xb0\x00\x00\x00\x00ilisi repudiare '...
0.225 Disassembled: source: 17560, dest: 43622, seq: 10, ack: 2439410882, window: 5808, ACK, data: "ilisi repudiare "...
0.225 Error: Incorrect acknowledgement flag
0.721 Sent: b'\xaafD\x98\x91ft\xc0\x00\x00\x00\x05P\x10\x16\xb0\x00\x00\x00\x00'
0.723 Received: b'D\x98\xaaf\x00\x00\x00\x0b\x91ft\xc3P\x10\x16\xb0\x00\x00\x00\x00'
0.723 Disassembled: source: 17560, dest: 43622, seq: 11, ack: 2439410883, window: 5808, ACK
0.723 Error: Incorrect acknowledgement flag
0.724 Received: b'D\x98\xaaf\x00\x00\x00\x0c\x91ft\xc3P\x10\x16\xb0\x00\x00\x00\x00ta.\n\nEt essent s'...
0.725 Disassembled: source: 17560, dest: 43622, seq: 12, ack: 2439410883, window: 5808, ACK, data: "ta.

Et essent s"...
0.725 Error: Incorrect acknowledgement flag
1.221 Sent: b'\xaafD\x98\x91ft\xc0\x00\x00\x00\x05P\x10\x16\xb0\x00\x00\x00\x00'
1.224 Received: b'D\x98\xaaf\x00\x00\x00\r\x91ft\xc4P\x10\x16\xb0\x00\x00\x00\x00'
1.224 Disassembled: source: 17560, dest: 43622, seq: 13, ack: 2439410884, window: 5808, ACK
1.224 Error: Incorrect acknowledgement flag
1.226 Received: b'D\x98\xaaf\x00\x00\x00\x0e\x91ft\xc4P\x10\x16\xb0\x00\x00\x00\x00 Nihil tractatos'...
1.226 Disassembled: source: 17560, dest: 43622, seq: 14, ack: 2439410884, window: 5808, ACK, data: " Nihil tractatos"...
1.226 Error: Incorrect acknowledgement flag
1.722 Sent: b'\xaafD\x98\x91ft\xc0\x00\x00\x00\x05P\x10\x16\xb0\x00\x00\x00\x00'
1.724 Received: b'D\x98\xaaf\x00\x00\x00\x0f\x91ft\xc5P\x10\x16\xb0\x00\x00\x00\x00'
1.725 Disassembled: source: 17560, dest: 43622, seq: 15, ack: 2439410885, window: 5808, ACK
1.725 Error: Incorrect acknowledgement flag
1.726 Received: b'D\x98\xaaf\x00\x00\x00\x10\x91ft\xc5P\x10\x16\xb0\x00\x00\x00\x00fert iuvaret sap'...
1.727 Disassembled: source: 17560, dest: 43622, seq: 16, ack: 2439410885, window: 5808, ACK, data: "fert iuvaret sap"...
1.727 Error: Incorrect acknowledgement flag
2.222 Sent: b'\xaafD\x98\x91ft\xc0\x00\x00\x00\x05P\x10\x16\xb0\x00\x00\x00\x00'
2.723 Error: Connection timed out
2.723 Closed connection
2.728 Shutting down
