0.000 NEW RUN: Server, TEST: Write_file__Single_packet
0.211 Received: b'\xc5\xbd\xa9\xfe\x00\x00\x00W\x00\x00\x00\x00P\x02\x05\xa8\x00\x00\x00\x00'
0.212 Disassembled: source: 50621, dest: 43518, seq: 87, window: 1448, SYN
0.212 SYN accepted; new connection: 127.0.0.1 on port 50621
0.212 Assembling: source: 43518, dest: 50621, seq: 387661832, ack: 88, window: 5808, ACK, SYN
0.213 Sent: b'\xa9\xfe\xc5\xbd\x17\x1b@\x08\x00\x00\x00XP\x12\x16\xb0\x00\x00\x00\x00'
0.214 Received: b'\xc5\xbd\xa9\xfe\x00\x00\x00X\x17\x1b@\tP\x10\x16\xb0\x00\x00\x00\x00'
0.214 Disassembled: source: 50621, dest: 43518, seq: 88, ack: 387661833, window: 5808, ACK
0.214 Assembling: source: 43518, dest: 50621, seq: 387661833, ack: 88, window: 5808, ACK
0.215 Sent: b'\xa9\xfe\xc5\xbd\x17\x1b@\t\x00\x00\x00XP\x10\x16\xb0\x00\x00\x00\x00'
0.215 Received: b'\xc5\xbd\xa9\xfe\x00\x00\x00X\x17\x1b@\tP\x10\x16\xb0\x00\x00\x00\x00This file fits i'...
0.215 Disassembled: source: 50621, dest: 43518, seq: 88, ack: 387661833, window: 5808, ACK, data: "This file fits i"...
0.215 Handshake complete
0.216 Data accepted; writing to file
0.216 Assembling: source: 43518, dest: 50621, seq: 387661833, ack: 131, window: 5808, ACK
0.216 Sent: b'\xa9\xfe\xc5\xbd\x17\x1b@\t\x00\x00\x00\x83P\x10\x16\xb0\x00\x00\x00\x00'
0.216 Received: b'\xc5\xbd\xa9\xfe\x00\x00\x00\x83\x17\x1b@\tP\x01\x16\xb0\x00\x00\x00\x00'
0.216 Disassembled: source: 50621, dest: 43518, seq: 131, ack: 387661833, window: 5808, FIN
0.217 Error: Incorrect acknowledgement flag
0.716 Sent: b'\xa9\xfe\xc5\xbd\x17\x1b@\t\x00\x00\x00\x83P\x10\x16\xb0\x00\x00\x00\x00'
1.217 Sent: b'\xa9\xfe\xc5\xbd\x17\x1b@\t\x00\x00\x00\x83P\x10\x16\xb0\x00\x00\x00\x00'
1.717 Sent: b'\xa9\xfe\xc5\xbd\x17\x1b@\t\x00\x00\x00\x83P\x10\x16\xb0\x00\x00\x00\x00'
2.218 Sent: b'\xa9\xfe\xc5\xbd\x17\x1b@\t\x00\x00\x00\x83P\x10\x16\xb0\x00\x00\x00\x00'
2.718 Error: Connection timed out
2.718 Closed connection
2.719 Shutting down
