0.000 NEW RUN: Server, TEST: Write_file__Empty
0.208 Received: b'\xdc\x90s+\x00\x00\x00F\x00\x00\x00\x00P\x02\x05\xa8\x00\x00\x00\x00'
0.209 Disassembled: source: 56464, dest: 29483, seq: 70, window: 1448, SYN
0.209 SYN accepted; new connection: 127.0.0.1 on port 56464
0.209 Assembling: source: 29483, dest: 56464, seq: 386622721, ack: 71, window: 5808, ACK, SYN
0.209 Sent: b's+\xdc\x90\x17\x0be\x01\x00\x00\x00GP\x12\x16\xb0\x00\x00\x00\x00'
0.211 Received: b'\xdc\x90s+\x00\x00\x00G\x17\x0be\x02P\x10\x16\xb0\x00\x00\x00\x00'
0.211 Disassembled: source: 56464, dest: 29483, seq: 71, ack: 386622722, window: 5808, ACK
0.211 Assembling: source: 29483, dest: 56464, seq: 386622722, ack: 71, window: 5808, ACK
0.212 Sent: b's+\xdc\x90\x17\x0be\x02\x00\x00\x00GP\x10\x16\xb0\x00\x00\x00\x00'
0.212 Received: b'\xdc\x90s+\x00\x00\x00G\x17\x0be\x02P\x10\x16\xb0\x00\x00\x00\x00'
0.212 Disassembled: source: 56464, dest: 29483, seq: 71, ack: 386622722, window: 5808, ACK
0.212 Assembling: source: 29483, dest: 56464, seq: 386622722, ack: 71, window: 5808, ACK
0.213 Sent: b's+\xdc\x90\x17\x0be\x02\x00\x00\x00GP\x10\x16\xb0\x00\x00\x00\x00'
0.213 Received: b'\xdc\x90s+\x00\x00\x00G\x17\x0be\x02P\x01\x16\xb0\x00\x00\x00\x00'
0.214 Disassembled: source: 56464, dest: 29483, seq: 71, ack: 386622722, window: 5808, FIN
0.214 Error: Incorrect acknowledgement flag
0.713 Sent: b's+\xdc\x90\x17\x0be\x02\x00\x00\x00GP\x10\x16\xb0\x00\x00\x00\x00'
1.214 Sent: b's+\xdc\x90\x17\x0be\x02\x00\x00\x00GP\x10\x16\xb0\x00\x00\x00\x00'
1.714 Sent: b's+\xdc\x90\x17\x0be\x02\x00\x00\x00GP\x10\x16\xb0\x00\x00\x00\x00'
2.215 Sent: b's+\xdc\x90\x17\x0be\x02\x00\x00\x00GP\x10\x16\xb0\x00\x00\x00\x00'
2.715 Error: Connection timed out
2.715 Closed connection
2.716 Shutting down
