0.000 NEW RUN: Server, TEST: Read_file__Relaxed
0.210 Received: b'\xfd\xf4\xb6\xa5\x00\x00\x00\n\x00\x00\x00\x00P\x02\x05\xa8\x00\x00\x00\x00'
0.210 Disassembled: source: 65012, dest: 46757, seq: 10, window: 1448, SYN
0.210 SYN accepted; new connection: 127.0.0.1 on port 65012
0.211 Assembling: source: 46757, dest: 65012, seq: 2264027356, ack: 11, window: 1448, ACK, SYN
0.211 Sent: b'\xb6\xa5\xfd\xf4\x86\xf2P\xdc\x00\x00\x00\x0bP\x12\x05\xa8\x00\x00\x00\x00'
0.212 Received: b'\xfd\xf4\xb6\xa5\x00\x00\x00\x0b\x86\xf2P\xddP\x10\x05\xa8\x00\x00\x00\x00'
0.212 Disassembled: source: 65012, dest: 46757, seq: 11, ack: 2264027357, window: 1448, ACK
0.213 Handshake complete
0.213 Acknowledged seq: 2264027356
0.213 Finished reading file
0.213 Assembling: source: 46757, dest: 65012, seq: 2264027357, ack: 12, window: 1448, ACK, FIN
0.213 Sent: b'\xb6\xa5\xfd\xf4\x86\xf2P\xdd\x00\x00\x00\x0cP\x11\x05\xa8\x00\x00\x00\x00'
0.714 Sent: b'\xb6\xa5\xfd\xf4\x86\xf2P\xdd\x00\x00\x00\x0cP\x11\x05\xa8\x00\x00\x00\x00'
1.214 Sent: b'\xb6\xa5\xfd\xf4\x86\xf2P\xdd\x00\x00\x00\x0cP\x11\x05\xa8\x00\x00\x00\x00'
1.714 Sent: b'\xb6\xa5\xfd\xf4\x86\xf2P\xdd\x00\x00\x00\x0cP\x11\x05\xa8\x00\x00\x00\x00'
2.215 Sent: b'\xb6\xa5\xfd\xf4\x86\xf2P\xdd\x00\x00\x00\x0cP\x11\x05\xa8\x00\x00\x00\x00'
2.715 Sent: b'\xb6\xa5\xfd\xf4\x86\xf2P\xdd\x00\x00\x00\x0cP\x11\x05\xa8\x00\x00\x00\x00'
3.216 Error: Connection timed out
3.216 Closed connection
3.216 Shutting down
