0.000 NEW RUN: Server, TEST: Read_file__Empty
0.216 Received: b'\xa2L\x88M\x00\x00\x00\x16\x00\x00\x00\x00P\x02\x05\xa8\x00\x00\x00\x00'
0.217 Disassembled: source: 41548, dest: 34893, seq: 22, window: 1448, SYN
0.217 SYN accepted; new connection: 127.0.0.1 on port 41548
0.218 Assembling: source: 34893, dest: 41548, seq: 2287641545, ack: 23, window: 1448, ACK, SYN
0.218 Sent: b'\x88M\xa2L\x88Z\xa3\xc9\x00\x00\x00\x17P\x12\x05\xa8\x00\x00\x00\x00'
0.220 Received: b'\xa2L\x88M\x00\x00\x00\x17\x88Z\xa3\xcaP\x10\x05\xa8\x00\x00\x00\x00'
0.220 Disassembled: source: 41548, dest: 34893, seq: 23, ack: 2287641546, window: 1448, ACK
0.220 Handshake complete
0.220 Acknowledged seq: 2287641545
0.220 Finished reading file
0.221 Assembling: source: 34893, dest: 41548, seq: 2287641546, ack: 24, window: 1448, ACK, FIN
0.221 Sent: b'\x88M\xa2L\x88Z\xa3\xca\x00\x00\x00\x18P\x11\x05\xa8\x00\x00\x00\x00'
0.721 Sent: b'\x88M\xa2L\x88Z\xa3\xca\x00\x00\x00\x18P\x11\x05\xa8\x00\x00\x00\x00'
1.221 Sent: b'\x88M\xa2L\x88Z\xa3\xca\x00\x00\x00\x18P\x11\x05\xa8\x00\x00\x00\x00'
1.722 Sent: b'\x88M\xa2L\x88Z\xa3\xca\x00\x00\x00\x18P\x11\x05\xa8\x00\x00\x00\x00'
2.223 Sent: b'\x88M\xa2L\x88Z\xa3\xca\x00\x00\x00\x18P\x11\x05\xa8\x00\x00\x00\x00'
2.723 Sent: b'\x88M\xa2L\x88Z\xa3\xca\x00\x00\x00\x18P\x11\x05\xa8\x00\x00\x00\x00'
3.224 Error: Connection timed out
3.224 Closed connection
3.225 Shutting down
