0.000 NEW RUN: Server, TEST: Read_file__Random_drops
0.228 Received: b'\xfb\xcb\xea\x9c\x00\x00\x00B\x00\x00\x00\x00P\x02\x05\xa8\x00\x00\x00\x00'
0.228 Disassembled: source: 64459, dest: 60060, seq: 66, window: 1448, SYN
0.229 SYN accepted; new connection: 127.0.0.1 on port 64459
0.229 Assembling: source: 60060, dest: 64459, seq: 2359915867, ack: 67, window: 1448, ACK, SYN
0.229 Sent: b'\xea\x9c\xfb\xcb\x8c\xa9u[\x00\x00\x00CP\x12\x05\xa8\x00\x00\x00\x00'
0.230 Received: b'\xfb\xcb\xea\x9c\x00\x00\x00C\x8c\xa9u\\P\x10\x05\xa8\x00\x00\x00\x00'
0.230 Disassembled: source: 64459, dest: 60060, seq: 67, ack: 2359915868, window: 1448, ACK
0.230 Handshake complete
0.230 Acknowledged seq: 2359915867
0.231 Assembling: source: 60060, dest: 64459, seq: 2359915868, ack: 68, window: 1448, data: "Lorem ipsum dolo"...
0.231 Sent: b'\xea\x9c\xfb\xcb\x8c\xa9u\\\x00\x00\x00DP\x00\x05\xa8\x00\x00\x00\x00Lorem ipsum dolo'...
0.232 Received: b'\xfb\xcb\xea\x9c\x00\x00\x00C\x8c\xa9{\x04P\x10\x05\xa8\x00\x00\x00\x00'
0.232 Disassembled: source: 64459, dest: 60060, seq: 67, ack: 2359917316, window: 1448, ACK
0.232 Acknowledged seq: 2359915868
0.232 Assembling: source: 60060, dest: 64459, seq: 2359917316, ack: 68, window: 1448, data: "mprehensam nam, "...
0.232 Sent: b'\xea\x9c\xfb\xcb\x8c\xa9{\x04\x00\x00\x00DP\x00\x05\xa8\x00\x00\x00\x00mprehensam nam, '...
0.233 Received: b'\xfb\xcb\xea\x9c\x00\x00\x00C\x8c\xa9\x80\xacP\x10\x05\xa8\x00\x00\x00\x00'
0.234 Disassembled: source: 64459, dest: 60060, seq: 67, ack: 2359918764, window: 1448, ACK
0.234 Acknowledged seq: 2359917316
0.234 Assembling: source: 60060, dest: 64459, seq: 2359918764, ack: 68, window: 1448, data: "ilisi repudiare "...
0.234 Sent: b'\xea\x9c\xfb\xcb\x8c\xa9\x80\xac\x00\x00\x00DP\x00\x05\xa8\x00\x00\x00\x00ilisi repudiare '...
0.235 Received: b'\xfb\xcb\xea\x9c\x00\x00\x00C\x8c\xa9\x86TP\x10\x05\xa8\x00\x00\x00\x00'
0.235 Disassembled: source: 64459, dest: 60060, seq: 67, ack: 2359920212, window: 1448, ACK
0.235 Acknowledged seq: 2359918764
0.235 Assembling: source: 60060, dest: 64459, seq: 2359920212, ack: 68, window: 1448, data: "ta.

Et essent s"...
0.235 Sent: b'\xea\x9c\xfb\xcb\x8c\xa9\x86T\x00\x00\x00DP\x00\x05\xa8\x00\x00\x00\x00ta.\n\nEt essent s'...
0.237 Received: b'\xfb\xcb\xea\x9c\x00\x00\x00C\x8c\xa9\x8b\xfcP\x10\x05\xa8\x00\x00\x00\x00'
0.237 Disassembled: source: 64459, dest: 60060, seq: 67, ack: 2359921660, window: 1448, ACK
0.237 Acknowledged seq: 2359920212
0.237 Assembling: source: 60060, dest: 64459, seq: 2359921660, ack: 68, window: 1448, data: " Nihil tractatos"...
0.237 Failed to send packet
0.737 Sent: b'\xea\x9c\xfb\xcb\x8c\xa9\x8b\xfc\x00\x00\x00DP\x00\x05\xa8\x00\x00\x00\x00 Nihil tractatos'...
0.739 Received: b'\xfb\xcb\xea\x9c\x00\x00\x00C\x8c\xa9\x91\xa4P\x10\x05\xa8\x00\x00\x00\x00'
0.739 Disassembled: source: 64459, dest: 60060, seq: 67, ack: 2359923108, window: 1448, ACK
0.740 Acknowledged seq: 2359921660
0.740 Assembling: source: 60060, dest: 64459, seq: 2359923108, ack: 68, window: 1448, data: "fert iuvaret sap"...
0.740 Sent: b'\xea\x9c\xfb\xcb\x8c\xa9\x91\xa4\x00\x00\x00DP\x00\x05\xa8\x00\x00\x00\x00fert iuvaret sap'...
0.742 Received: b'\xfb\xcb\xea\x9c\x00\x00\x00C\x8c\xa9\x97LP\x10\x05\xa8\x00\x00\x00\x00'
0.742 Disassembled: source: 64459, dest: 60060, seq: 67, ack: 2359924556, window: 1448, ACK
0.743 Acknowledged seq: 2359923108
0.743 Assembling: source: 60060, dest: 64459, seq: 2359924556, ack: 68, window: 1448, data: "ram adipiscing, "...
0.743 Sent: b'\xea\x9c\xfb\xcb\x8c\xa9\x97L\x00\x00\x00DP\x00\x05\xa8\x00\x00\x00\x00ram adipiscing, '...
0.745 Received: b'\xfb\xcb\xea\x9c\x00\x00\x00C\x8c\xa9\x9c\xf4P\x10\x05\xa8\x00\x00\x00\x00'
0.746 Disassembled: source: 64459, dest: 60060, seq: 67, ack: 2359926004, window: 1448, ACK
0.746 Acknowledged seq: 2359924556
0.746 Assembling: source: 60060, dest: 64459, seq: 2359926004, ack: 68, window: 1448, data: "m veritus vivend"...
0.747 Sent: b'\xea\x9c\xfb\xcb\x8c\xa9\x9c\xf4\x00\x00\x00DP\x00\x05\xa8\x00\x00\x00\x00m veritus vivend'...
0.748 Received: b'\xfb\xcb\xea\x9c\x00\x00\x00C\x8c\xa9\xa2\x9cP\x10\x05\xa8\x00\x00\x00\x00'
0.749 Disassembled: source: 64459, dest: 60060, seq: 67, ack: 2359927452, window: 1448, ACK
0.749 Acknowledged seq: 2359926004
0.749 Assembling: source: 60060, dest: 64459, seq: 2359927452, ack: 68, window: 1448, data: " delenit, ignota"...
0.750 Sent: b'\xea\x9c\xfb\xcb\x8c\xa9\xa2\x9c\x00\x00\x00DP\x00\x05\xa8\x00\x00\x00\x00 delenit, ignota'...
0.752 Received: b'\xfb\xcb\xea\x9c\x00\x00\x00C\x8c\xa9\xa8DP\x10\x05\xa8\x00\x00\x00\x00'
0.752 Disassembled: source: 64459, dest: 60060, seq: 67, ack: 2359928900, window: 1448, ACK
0.752 Acknowledged seq: 2359927452
0.752 Assembling: source: 60060, dest: 64459, seq: 2359928900, ack: 68, window: 1448, data: "se explicari des"...
0.753 Sent: b'\xea\x9c\xfb\xcb\x8c\xa9\xa8D\x00\x00\x00DP\x00\x05\xa8\x00\x00\x00\x00se explicari des'...
0.755 Received: b'\xfb\xcb\xea\x9c\x00\x00\x00C\x8c\xa9\xad\xecP\x10\x05\xa8\x00\x00\x00\x00'
0.755 Disassembled: source: 64459, dest: 60060, seq: 67, ack: 2359930348, window: 1448, ACK
0.755 Acknowledged seq: 2359928900
0.756 Assembling: source: 60060, dest: 64459, seq: 2359930348, ack: 68, window: 1448, data: "piscing, in modo"...
0.756 Sent: b'\xea\x9c\xfb\xcb\x8c\xa9\xad\xec\x00\x00\x00DP\x00\x05\xa8\x00\x00\x00\x00piscing, in modo'...
0.758 Received: b'\xfb\xcb\xea\x9c\x00\x00\x00C\x8c\xa9\xb3\x94P\x10\x05\xa8\x00\x00\x00\x00'
0.758 Disassembled: source: 64459, dest: 60060, seq: 67, ack: 2359931796, window: 1448, ACK
0.758 Acknowledged seq: 2359930348
0.759 Assembling: source: 60060, dest: 64459, seq: 2359931796, ack: 68, window: 1448, data: "o copiosae tacim"...
0.759 Sent: b'\xea\x9c\xfb\xcb\x8c\xa9\xb3\x94\x00\x00\x00DP\x00\x05\xa8\x00\x00\x00\x00o copiosae tacim'...
0.761 Received: b'\xfb\xcb\xea\x9c\x00\x00\x00C\x8c\xa9\xb9<P\x10\x05\xa8\x00\x00\x00\x00'
0.761 Disassembled: source: 64459, dest: 60060, seq: 67, ack: 2359933244, window: 1448, ACK
0.761 Acknowledged seq: 2359931796
0.762 Assembling: source: 60060, dest: 64459, seq: 2359933244, ack: 68, window: 1448, data: "am. Pri ne antio"...
0.762 Sent: b'\xea\x9c\xfb\xcb\x8c\xa9\xb9<\x00\x00\x00DP\x00\x05\xa8\x00\x00\x00\x00am. Pri ne antio'...
0.764 Received: b'\xfb\xcb\xea\x9c\x00\x00\x00C\x8c\xa9\xbe\xe4P\x10\x05\xa8\x00\x00\x00\x00'
0.764 Disassembled: source: 64459, dest: 60060, seq: 67, ack: 2359934692, window: 1448, ACK
0.765 Acknowledged seq: 2359933244
0.765 Assembling: source: 60060, dest: 64459, seq: 2359934692, ack: 68, window: 1448, data: "to no. Elitr pos"...
0.765 Failed to send packet
1.266 Failed to send packet
1.766 Sent: b'\xea\x9c\xfb\xcb\x8c\xa9\xbe\xe4\x00\x00\x00DP\x00\x05\xa8\x00\x00\x00\x00to no. Elitr pos'...
1.769 Received: b'\xfb\xcb\xea\x9c\x00\x00\x00C\x8c\xa9\xc4\x8cP\x10\x05\xa8\x00\x00\x00\x00'
1.769 Disassembled: source: 64459, dest: 60060, seq: 67, ack: 2359936140, window: 1448, ACK
1.769 Acknowledged seq: 2359934692
1.770 Assembling: source: 60060, dest: 64459, seq: 2359936140, ack: 68, window: 1448, data: "pretaris, sea ex"...
1.770 Sent: b'\xea\x9c\xfb\xcb\x8c\xa9\xc4\x8c\x00\x00\x00DP\x00\x05\xa8\x00\x00\x00\x00pretaris, sea ex'...
1.773 Received: b'\xfb\xcb\xea\x9c\x00\x00\x00C\x8c\xa9\xca4P\x10\x05\xa8\x00\x00\x00\x00'
1.773 Disassembled: source: 64459, dest: 60060, seq: 67, ack: 2359937588, window: 1448, ACK
1.774 Acknowledged seq: 2359936140
1.774 Assembling: source: 60060, dest: 64459, seq: 2359937588, ack: 68, window: 1448, data: "oporteat inimicu"...
1.774 Sent: b'\xea\x9c\xfb\xcb\x8c\xa9\xca4\x00\x00\x00DP\x00\x05\xa8\x00\x00\x00\x00oporteat inimicu'...
1.777 Received: b'\xfb\xcb\xea\x9c\x00\x00\x00C\x8c\xa9\xcf\xdcP\x10\x05\xa8\x00\x00\x00\x00'
1.777 Disassembled: source: 64459, dest: 60060, seq: 67, ack: 2359939036, window: 1448, ACK
1.778 Acknowledged seq: 2359937588
1.778 Assembling: source: 60060, dest: 64459, seq: 2359939036, ack: 68, window: 1448, data: "ligendi officiis"...
1.778 Sent: b'\xea\x9c\xfb\xcb\x8c\xa9\xcf\xdc\x00\x00\x00DP\x00\x05\xa8\x00\x00\x00\x00ligendi officiis'...
1.780 Received: b'\xfb\xcb\xea\x9c\x00\x00\x00C\x8c\xa9\xd5\x84P\x10\x05\xa8\x00\x00\x00\x00'
1.781 Disassembled: source: 64459, dest: 60060, seq: 67, ack: 2359940484, window: 1448, ACK
1.781 Acknowledged seq: 2359939036
1.781 Assembling: source: 60060, dest: 64459, seq: 2359940484, ack: 68, window: 1448, data: "no vel regione i"...
1.782 Sent: b'\xea\x9c\xfb\xcb\x8c\xa9\xd5\x84\x00\x00\x00DP\x00\x05\xa8\x00\x00\x00\x00no vel regione i'...
1.784 Received: b'\xfb\xcb\xea\x9c\x00\x00\x00C\x8c\xa9\xdb,P\x10\x05\xa8\x00\x00\x00\x00'
1.784 Disassembled: source: 64459, dest: 60060, seq: 67, ack: 2359941932, window: 1448, ACK
1.784 Acknowledged seq: 2359940484
1.785 Assembling: source: 60060, dest: 64459, seq: 2359941932, ack: 68, window: 1448, data: "ibus vis ex, pro"...
1.785 Sent: b'\xea\x9c\xfb\xcb\x8c\xa9\xdb,\x00\x00\x00DP\x00\x05\xa8\x00\x00\x00\x00ibus vis ex, pro'...
1.787 Received: b'\xfb\xcb\xea\x9c\x00\x00\x00C\x8c\xa9\xe0\xd4P\x10\x05\xa8\x00\x00\x00\x00'
1.787 Disassembled: source: 64459, dest: 60060, seq: 67, ack: 2359943380, window: 1448, ACK
1.788 Acknowledged seq: 2359941932
1.788 Assembling: source: 60060, dest: 64459, seq: 2359943380, ack: 68, window: 1448, data: "o vix, mel ea li"...
1.788 Sent: b'\xea\x9c\xfb\xcb\x8c\xa9\xe0\xd4\x00\x00\x00DP\x00\x05\xa8\x00\x00\x00\x00o vix, mel ea li'...
1.790 Received: b'\xfb\xcb\xea\x9c\x00\x00\x00C\x8c\xa9\xe6|P\x10\x05\xa8\x00\x00\x00\x00'
1.791 Disassembled: source: 64459, dest: 60060, seq: 67, ack: 2359944828, window: 1448, ACK
1.791 Acknowledged seq: 2359943380
1.791 Assembling: source: 60060, dest: 64459, seq: 2359944828, ack: 68, window: 1448, data: "d. Ex fugit suav"...
1.792 Sent: b'\xea\x9c\xfb\xcb\x8c\xa9\xe6|\x00\x00\x00DP\x00\x05\xa8\x00\x00\x00\x00d. Ex fugit suav'...
1.794 Received: b'\xfb\xcb\xea\x9c\x00\x00\x00C\x8c\xa9\xec$P\x10\x05\xa8\x00\x00\x00\x00'
1.794 Disassembled: source: 64459, dest: 60060, seq: 67, ack: 2359946276, window: 1448, ACK
1.794 Acknowledged seq: 2359944828
1.795 Assembling: source: 60060, dest: 64459, seq: 2359946276, ack: 68, window: 1448, data: "pertinax nec. De"...
1.795 Sent: b'\xea\x9c\xfb\xcb\x8c\xa9\xec$\x00\x00\x00DP\x00\x05\xa8\x00\x00\x00\x00pertinax nec. De'...
1.797 Received: b'\xfb\xcb\xea\x9c\x00\x00\x00C\x8c\xa9\xf1\xccP\x10\x05\xa8\x00\x00\x00\x00'
1.798 Disassembled: source: 64459, dest: 60060, seq: 67, ack: 2359947724, window: 1448, ACK
1.798 Acknowledged seq: 2359946276
1.798 Assembling: source: 60060, dest: 64459, seq: 2359947724, ack: 68, window: 1448, data: "lli primis praes"...
1.799 Sent: b'\xea\x9c\xfb\xcb\x8c\xa9\xf1\xcc\x00\x00\x00DP\x00\x05\xa8\x00\x00\x00\x00lli primis praes'...
1.800 Failed to receive packet
2.299 Sent: b'\xea\x9c\xfb\xcb\x8c\xa9\xf1\xcc\x00\x00\x00DP\x00\x05\xa8\x00\x00\x00\x00lli primis praes'...
2.301 Received: b'\xfb\xcb\xea\x9c\x00\x00\x00C\x8c\xa9\xfd\x1cP\x10\x05\xa8\x00\x00\x00\x00'
2.301 Disassembled: source: 64459, dest: 60060, seq: 67, ack: 2359950620, window: 1448, ACK
2.302 Error: Acknowledgement number too high
2.799 Sent: b'\xea\x9c\xfb\xcb\x8c\xa9\xf1\xcc\x00\x00\x00DP\x00\x05\xa8\x00\x00\x00\x00lli primis praes'...
2.802 Received: b'\xfb\xcb\xea\x9c\x00\x00\x00C\x8c\xaa\x02\xc4P\x10\x05\xa8\x00\x00\x00\x00'
2.802 Disassembled: source: 64459, dest: 60060, seq: 67, ack: 2359952068, window: 1448, ACK
2.802 Error: Acknowledgement number too high
3.300 Sent: b'\xea\x9c\xfb\xcb\x8c\xa9\xf1\xcc\x00\x00\x00DP\x00\x05\xa8\x00\x00\x00\x00lli primis praes'...
3.303 Received: b'\xfb\xcb\xea\x9c\x00\x00\x00C\x8c\xaa\x08lP\x10\x05\xa8\x00\x00\x00\x00'
3.303 Disassembled: source: 64459, dest: 60060, seq: 67, ack: 2359953516, window: 1448, ACK
3.303 Error: Acknowledgement number too high
3.800 Sent: b'\xea\x9c\xfb\xcb\x8c\xa9\xf1\xcc\x00\x00\x00DP\x00\x05\xa8\x00\x00\x00\x00lli primis praes'...
4.301 Sent: b'\xea\x9c\xfb\xcb\x8c\xa9\xf1\xcc\x00\x00\x00DP\x00\x05\xa8\x00\x00\x00\x00lli primis praes'...
4.801 Error: Connection timed out
4.801 Closed connection
4.805 Shutting down
