0.000 NEW RUN: Server, TEST: Read_file__Small_multi-packet
0.207 Received: b'\xed\t\xbeU\x00\x00\x00\x03\x00\x00\x00\x00P\x02\x05\xa8\x00\x00\x00\x00'
0.207 Disassembled: source: 60681, dest: 48725, seq: 3, window: 1448, SYN
0.208 SYN accepted; new connection: 127.0.0.1 on port 60681
0.208 Assembling: source: 48725, dest: 60681, seq: 2300217402, ack: 4, window: 1448, ACK, SYN
0.208 Sent: b'\xbeU\xed\t\x89\x1a\x88:\x00\x00\x00\x04P\x12\x05\xa8\x00\x00\x00\x00'
0.209 Received: b'\xed\t\xbeU\x00\x00\x00\x04\x89\x1a\x88;P\x10\x05\xa8\x00\x00\x00\x00'
0.209 Disassembled: source: 60681, dest: 48725, seq: 4, ack: 2300217403, window: 1448, ACK
0.210 Handshake complete
0.210 Acknowledged seq: 2300217402
0.210 Assembling: source: 48725, dest: 60681, seq: 2300217403, ack: 5, window: 1448, data: "Lorem ipsum dolo"...
0.210 Sent: b'\xbeU\xed\t\x89\x1a\x88;\x00\x00\x00\x05P\x00\x05\xa8\x00\x00\x00\x00Lorem ipsum dolo'...
0.211 Received: b'\xed\t\xbeU\x00\x00\x00\x04\x89\x1a\x8d\xe3P\x10\x05\xa8\x00\x00\x00\x00'
0.211 Disassembled: source: 60681, dest: 48725, seq: 4, ack: 2300218851, window: 1448, ACK
0.211 Acknowledged seq: 2300217403
0.211 Assembling: source: 48725, dest: 60681, seq: 2300218851, ack: 5, window: 1448, data: "mprehensam nam, "...
0.212 Sent: b'\xbeU\xed\t\x89\x1a\x8d\xe3\x00\x00\x00\x05P\x00\x05\xa8\x00\x00\x00\x00mprehensam nam, '...
0.213 Received: b'\xed\t\xbeU\x00\x00\x00\x04\x89\x1a\x93\x8bP\x10\x05\xa8\x00\x00\x00\x00'
0.213 Disassembled: source: 60681, dest: 48725, seq: 4, ack: 2300220299, window: 1448, ACK
0.213 Acknowledged seq: 2300218851
0.213 Finished reading file
0.214 Assembling: source: 48725, dest: 60681, seq: 2300220299, ack: 5, window: 1448, data: "ilisi repudiare "...
0.214 Sent: b'\xbeU\xed\t\x89\x1a\x93\x8b\x00\x00\x00\x05P\x00\x05\xa8\x00\x00\x00\x00ilisi repudiare '...
0.215 Received: b'\xed\t\xbeU\x00\x00\x00\x04\x89\x1a\x94\xe6P\x10\x05\xa8\x00\x00\x00\x00'
0.215 Disassembled: source: 60681, dest: 48725, seq: 4, ack: 2300220646, window: 1448, ACK
0.215 Acknowledged seq: 2300220299
0.215 Assembling: source: 48725, dest: 60681, seq: 2300220646, ack: 5, window: 1448, ACK, FIN
0.216 Sent: b'\xbeU\xed\t\x89\x1a\x94\xe6\x00\x00\x00\x05P\x11\x05\xa8\x00\x00\x00\x00'
0.217 Received: b'\xed\t\xbeU\x00\x00\x00\x04\x89\x1a\x94\xe7P\x10\x05\xa8\x00\x00\x00\x00'
0.217 Disassembled: source: 60681, dest: 48725, seq: 4, ack: 2300220647, window: 1448, ACK
0.217 FIN accepted; sending final packet
0.217 Assembling: source: 48725, dest: 60681, seq: 2300220647, ack: 5, window: 1448, ACK
0.217 Sent: b'\xbeU\xed\t\x89\x1a\x94\xe7\x00\x00\x00\x05P\x10\x05\xa8\x00\x00\x00\x00'
0.218 Closed connection
0.218 Shutting down
