0.000 NEW RUN: Server, TEST: Write_file__Single_packet
0.185 Received: b'\xe7\x15\xd9\xc0\x00\x00\x00d\x00\x00\x00\x00P\x02\x05\xa8\x00\x00\x00\x00'
0.186 Disassembled: source: 59157, dest: 55744, seq: 100, window: 1448, SYN
0.187 SYN accepted; new connection: 127.0.0.1 on port 59157
0.187 Assembling: source: 55744, dest: 59157, seq: 2313663301, ack: 101, window: 5808, ACK, SYN
0.187 Sent: b'\xd9\xc0\xe7\x15\x89\xe7\xb3E\x00\x00\x00eP\x12\x16\xb0\x00\x00\x00\x00'
0.189 Received: b'\xe7\x15\xd9\xc0\x00\x00\x00e\x89\xe7\xb3FP\x10\x16\xb0\x00\x00\x00\x00'
0.189 Disassembled: source: 59157, dest: 55744, seq: 101, ack: 2313663302, window: 5808, ACK
0.189 Assembling: source: 55744, dest: 59157, seq: 2313663302, ack: 101, window: 5808, ACK
0.190 Sent: b'\xd9\xc0\xe7\x15\x89\xe7\xb3F\x00\x00\x00eP\x10\x16\xb0\x00\x00\x00\x00'
0.190 Received: b'\xe7\x15\xd9\xc0\x00\x00\x00e\x89\xe7\xb3FP\x00\x16\xb0\x00\x00\x00\x00This file fits i'...
0.190 Disassembled: source: 59157, dest: 55744, seq: 101, ack: 2313663302, window: 5808, data: "This file fits i"...
0.191 Error: Incorrect acknowledgement flag
0.192 Received: b'\xe7\x15\xd9\xc0\x00\x00\x00e\x89\xe7\xb3FP\x00\x16\xb0\x00\x00\x00\x00This file fits i'...
0.192 Disassembled: source: 59157, dest: 55744, seq: 101, ack: 2313663302, window: 5808, data: "This file fits i"...
0.192 Error: Incorrect acknowledgement flag
0.690 Sent: b'\xd9\xc0\xe7\x15\x89\xe7\xb3F\x00\x00\x00eP\x10\x16\xb0\x00\x00\x00\x00'
0.693 Received: b'\xe7\x15\xd9\xc0\x00\x00\x00e\x89\xe7\xb3FP\x00\x16\xb0\x00\x00\x00\x00This file fits i'...
0.693 Disassembled: source: 59157, dest: 55744, seq: 101, ack: 2313663302, window: 5808, data: "This file fits i"...
0.693 Error: Incorrect acknowledgement flag
1.190 Sent: b'\xd9\xc0\xe7\x15\x89\xe7\xb3F\x00\x00\x00eP\x10\x16\xb0\x00\x00\x00\x00'
1.193 Received: b'\xe7\x15\xd9\xc0\x00\x00\x00e\x89\xe7\xb3FP\x00\x16\xb0\x00\x00\x00\x00This file fits i'...
1.194 Disassembled: source: 59157, dest: 55744, seq: 101, ack: 2313663302, window: 5808, data: "This file fits i"...
1.194 Error: Incorrect acknowledgement flag
1.691 Sent: b'\xd9\xc0\xe7\x15\x89\xe7\xb3F\x00\x00\x00eP\x10\x16\xb0\x00\x00\x00\x00'
1.694 Received: b'\xe7\x15\xd9\xc0\x00\x00\x00e\x89\xe7\xb3FP\x00\x16\xb0\x00\x00\x00\x00This file fits i'...
1.694 Disassembled: source: 59157, dest: 55744, seq: 101, ack: 2313663302, window: 5808, data: "This file fits i"...
1.694 Error: Incorrect acknowledgement flag
2.191 Sent: b'\xd9\xc0\xe7\x15\x89\xe7\xb3F\x00\x00\x00eP\x10\x16\xb0\x00\x00\x00\x00'
2.194 Received: b'\xe7\x15\xd9\xc0\x00\x00\x00e\x89\xe7\xb3FP\x00\x16\xb0\x00\x00\x00\x00This file fits i'...
2.194 Disassembled: source: 59157, dest: 55744, seq: 101, ack: 2313663302, window: 5808, data: "This file fits i"...
2.194 Error: Incorrect acknowledgement flag
2.691 Error: Connection timed out
2.692 Closed connection
2.695 Shutting down
