0.000 NEW RUN: Server, TEST: Write_file__Large_multi-packet
0.204 Received: b'A!\xb3\x1c\x00\x00\x00\x0b\x00\x00\x00\x00P\x02\x05\xa8\x00\x00\x00\x00'
0.204 Disassembled: source: 16673, dest: 45852, seq: 11, window: 1448, SYN
0.205 SYN accepted; new connection: 127.0.0.1 on port 16673
0.205 Assembling: source: 45852, dest: 16673, seq: 2336773583, ack: 12, window: 5808, ACK, SYN
0.205 Sent: b'\xb3\x1cA!\x8bHU\xcf\x00\x00\x00\x0cP\x12\x16\xb0\x00\x00\x00\x00'
0.206 Received: b'A!\xb3\x1c\x00\x00\x00\x0c\x8bHU\xd0P\x10\x16\xb0\x00\x00\x00\x00'
0.207 Disassembled: source: 16673, dest: 45852, seq: 12, ack: 2336773584, window: 5808, ACK
0.207 Assembling: source: 45852, dest: 16673, seq: 2336773584, ack: 12, window: 5808, ACK
0.207 Sent: b'\xb3\x1cA!\x8bHU\xd0\x00\x00\x00\x0cP\x10\x16\xb0\x00\x00\x00\x00'
0.207 Received: b'A!\xb3\x1c\x00\x00\x00\x0c\x8bHU\xd0P\x00\x16\xb0\x00\x00\x00\x00Lorem ipsum dolo'...
0.207 Disassembled: source: 16673, dest: 45852, seq: 12, ack: 2336773584, window: 5808, data: "Lorem ipsum dolo"...
0.208 Error: Incorrect acknowledgement flag
0.208 Received: b'A!\xb3\x1c\x00\x00\x00\x0c\x8bHU\xd0P\x00\x16\xb0\x00\x00\x00\x00Lorem ipsum dolo'...
0.209 Disassembled: source: 16673, dest: 45852, seq: 12, ack: 2336773584, window: 5808, data: "Lorem ipsum dolo"...
0.209 Error: Incorrect acknowledgement flag
0.707 Sent: b'\xb3\x1cA!\x8bHU\xd0\x00\x00\x00\x0cP\x10\x16\xb0\x00\x00\x00\x00'
0.709 Received: b'A!\xb3\x1c\x00\x00\x00\x0c\x8bHU\xd0P\x00\x16\xb0\x00\x00\x00\x00Lorem ipsum dolo'...
0.709 Disassembled: source: 16673, dest: 45852, seq: 12, ack: 2336773584, window: 5808, data: "Lorem ipsum dolo"...
0.709 Error: Incorrect acknowledgement flag
1.208 Sent: b'\xb3\x1cA!\x8bHU\xd0\x00\x00\x00\x0cP\x10\x16\xb0\x00\x00\x00\x00'
1.209 Received: b'A!\xb3\x1c\x00\x00\x00\x0c\x8bHU\xd0P\x00\x16\xb0\x00\x00\x00\x00Lorem ipsum dolo'...
1.210 Disassembled: source: 16673, dest: 45852, seq: 12, ack: 2336773584, window: 5808, data: "Lorem ipsum dolo"...
1.210 Error: Incorrect acknowledgement flag
1.708 Sent: b'\xb3\x1cA!\x8bHU\xd0\x00\x00\x00\x0cP\x10\x16\xb0\x00\x00\x00\x00'
1.710 Received: b'A!\xb3\x1c\x00\x00\x00\x0c\x8bHU\xd0P\x00\x16\xb0\x00\x00\x00\x00Lorem ipsum dolo'...
1.711 Disassembled: source: 16673, dest: 45852, seq: 12, ack: 2336773584, window: 5808, data: "Lorem ipsum dolo"...
1.711 Error: Incorrect acknowledgement flag
2.208 Sent: b'\xb3\x1cA!\x8bHU\xd0\x00\x00\x00\x0cP\x10\x16\xb0\x00\x00\x00\x00'
2.211 Received: b'A!\xb3\x1c\x00\x00\x00\x0c\x8bHU\xd0P\x00\x16\xb0\x00\x00\x00\x00Lorem ipsum dolo'...
2.212 Disassembled: source: 16673, dest: 45852, seq: 12, ack: 2336773584, window: 5808, data: "Lorem ipsum dolo"...
2.212 Error: Incorrect acknowledgement flag
2.709 Error: Connection timed out
2.709 Closed connection
2.712 Shutting down
