0.000 NEW RUN: Server, TEST: Write_file__Empty
0.220 Received: b'\xff\xa8\xe0\x1a\x00\x00\x00Q\x00\x00\x00\x00P\x02\x05\xa8\x00\x00\x00\x00'
0.220 Disassembled: source: 65448, dest: 57370, seq: 81, window: 1448, SYN
0.220 SYN accepted; new connection: 127.0.0.1 on port 65448
0.220 Assembling: source: 57370, dest: 65448, seq: 2302130018, ack: 82, window: 5808, ACK, SYN
0.221 Sent: b'\xe0\x1a\xff\xa8\x897\xb7b\x00\x00\x00RP\x12\x16\xb0\x00\x00\x00\x00'
0.223 Received: b'\xff\xa8\xe0\x1a\x00\x00\x00R\x897\xb7cP\x10\x16\xb0\x00\x00\x00\x00'
0.223 Disassembled: source: 65448, dest: 57370, seq: 82, ack: 2302130019, window: 5808, ACK
0.223 Assembling: source: 57370, dest: 65448, seq: 2302130019, ack: 82, window: 5808, ACK
0.223 Sent: b'\xe0\x1a\xff\xa8\x897\xb7c\x00\x00\x00RP\x10\x16\xb0\x00\x00\x00\x00'
0.224 Received: b'\xff\xa8\xe0\x1a\x00\x00\x00R\x897\xb7cP\x00\x16\xb0\x00\x00\x00\x00'
0.224 Disassembled: source: 65448, dest: 57370, seq: 82, ack: 2302130019, window: 5808
0.224 Error: Incorrect acknowledgement flag
0.724 Sent: b'\xe0\x1a\xff\xa8\x897\xb7c\x00\x00\x00RP\x10\x16\xb0\x00\x00\x00\x00'
1.224 Sent: b'\xe0\x1a\xff\xa8\x897\xb7c\x00\x00\x00RP\x10\x16\xb0\x00\x00\x00\x00'
1.724 Sent: b'\xe0\x1a\xff\xa8\x897\xb7c\x00\x00\x00RP\x10\x16\xb0\x00\x00\x00\x00'
2.225 Sent: b'\xe0\x1a\xff\xa8\x897\xb7c\x00\x00\x00RP\x10\x16\xb0\x00\x00\x00\x00'
2.725 Error: Connection timed out
2.725 Closed connection
2.727 Shutting down
