0.000 NEW RUN: Server, TEST: Write_file__No_file_extension
0.216 Received: b'Nw?\xdf\x00\x00\x00\x1e\x00\x00\x00\x00P\x02\x05\xa8\x00\x00\x00\x00'
0.216 Disassembled: source: 20087, dest: 16351, seq: 30, window: 1448, SYN
0.217 SYN accepted; new connection: 127.0.0.1 on port 20087
0.217 Assembling: source: 16351, dest: 20087, seq: 2348338191, ack: 31, window: 5808, ACK, SYN
0.217 Sent: b'?\xdfNw\x8b\xf8\xcc\x0f\x00\x00\x00\x1fP\x12\x16\xb0\x00\x00\x00\x00'
0.219 Received: b'Nw?\xdf\x00\x00\x00\x1f\x8b\xf8\xcc\x10P\x10\x16\xb0\x00\x00\x00\x00'
0.219 Disassembled: source: 20087, dest: 16351, seq: 31, ack: 2348338192, window: 5808, ACK
0.220 Assembling: source: 16351, dest: 20087, seq: 2348338192, ack: 31, window: 5808, ACK
0.220 Sent: b'?\xdfNw\x8b\xf8\xcc\x10\x00\x00\x00\x1fP\x10\x16\xb0\x00\x00\x00\x00'
0.221 Received: b'Nw?\xdf\x00\x00\x00\x1f\x8b\xf8\xcc\x10P\x00\x16\xb0\x00\x00\x00\x00Lorem ipsum dolo'...
0.221 Disassembled: source: 20087, dest: 16351, seq: 31, ack: 2348338192, window: 5808, data: "Lorem ipsum dolo"...
0.221 Error: Incorrect acknowledgement flag
0.222 Received: b'Nw?\xdf\x00\x00\x00\x1f\x8b\xf8\xcc\x10P\x00\x16\xb0\x00\x00\x00\x00Lorem ipsum dolo'...
0.223 Disassembled: source: 20087, dest: 16351, seq: 31, ack: 2348338192, window: 5808, data: "Lorem ipsum dolo"...
0.223 Error: Incorrect acknowledgement flag
0.720 Sent: b'?\xdfNw\x8b\xf8\xcc\x10\x00\x00\x00\x1fP\x10\x16\xb0\x00\x00\x00\x00'
0.723 Received: b'Nw?\xdf\x00\x00\x00\x1f\x8b\xf8\xcc\x10P\x00\x16\xb0\x00\x00\x00\x00Lorem ipsum dolo'...
0.724 Disassembled: source: 20087, dest: 16351, seq: 31, ack: 2348338192, window: 5808, data: "Lorem ipsum dolo"...
0.724 Error: Incorrect acknowledgement flag
1.221 Sent: b'?\xdfNw\x8b\xf8\xcc\x10\x00\x00\x00\x1fP\x10\x16\xb0\x00\x00\x00\x00'
1.223 Received: b'Nw?\xdf\x00\x00\x00\x1f\x8b\xf8\xcc\x10P\x00\x16\xb0\x00\x00\x00\x00Lorem ipsum dolo'...
1.224 Disassembled: source: 20087, dest: 16351, seq: 31, ack: 2348338192, window: 5808, data: "Lorem ipsum dolo"...
1.224 Error: Incorrect acknowledgement flag
1.721 Sent: b'?\xdfNw\x8b\xf8\xcc\x10\x00\x00\x00\x1fP\x10\x16\xb0\x00\x00\x00\x00'
1.724 Received: b'Nw?\xdf\x00\x00\x00\x1f\x8b\xf8\xcc\x10P\x00\x16\xb0\x00\x00\x00\x00Lorem ipsum dolo'...
1.724 Disassembled: source: 20087, dest: 16351, seq: 31, ack: 2348338192, window: 5808, data: "Lorem ipsum dolo"...
1.724 Error: Incorrect acknowledgement flag
2.221 Sent: b'?\xdfNw\x8b\xf8\xcc\x10\x00\x00\x00\x1fP\x10\x16\xb0\x00\x00\x00\x00'
2.224 Received: b'Nw?\xdf\x00\x00\x00\x1f\x8b\xf8\xcc\x10P\x00\x16\xb0\x00\x00\x00\x00Lorem ipsum dolo'...
2.225 Disassembled: source: 20087, dest: 16351, seq: 31, ack: 2348338192, window: 5808, data: "Lorem ipsum dolo"...
2.225 Error: Incorrect acknowledgement flag
2.722 Error: Connection timed out
2.722 Closed connection
2.725 Shutting down
