0.000 NEW RUN: Server, TEST: Write_file__Small_multi-packet
0.205 Received: b'\xe8{\x83\xb2\x00\x00\x00\x0f\x00\x00\x00\x00P\x02\x05\xa8\x00\x00\x00\x00'
0.205 Disassembled: source: 59515, dest: 33714, seq: 15, window: 1448, SYN
0.205 SYN accepted; new connection: 127.0.0.1 on port 59515
0.206 Assembling: source: 33714, dest: 59515, seq: 2325219172, ack: 16, window: 5808, ACK, SYN
0.206 Sent: b'\x83\xb2\xe8{\x8a\x98\x07d\x00\x00\x00\x10P\x12\x16\xb0\x00\x00\x00\x00'
0.207 Received: b'\xe8{\x83\xb2\x00\x00\x00\x10\x8a\x98\x07eP\x10\x16\xb0\x00\x00\x00\x00'
0.208 Disassembled: source: 59515, dest: 33714, seq: 16, ack: 2325219173, window: 5808, ACK
0.208 Assembling: source: 33714, dest: 59515, seq: 2325219173, ack: 16, window: 5808, ACK
0.208 Received: b'\xe8{\x83\xb2\x00\x00\x00\x10\x8a\x98\x07eP\x00\x16\xb0\x00\x00\x00\x00Lorem ipsum dolo'...
0.208 Sent: b'\x83\xb2\xe8{\x8a\x98\x07e\x00\x00\x00\x10P\x10\x16\xb0\x00\x00\x00\x00'
0.209 Disassembled: source: 59515, dest: 33714, seq: 16, ack: 2325219173, window: 5808, data: "Lorem ipsum dolo"...
0.209 Error: Incorrect acknowledgement flag
0.209 Received: b'\xe8{\x83\xb2\x00\x00\x00\x10\x8a\x98\x07eP\x00\x16\xb0\x00\x00\x00\x00Lorem ipsum dolo'...
0.210 Disassembled: source: 59515, dest: 33714, seq: 16, ack: 2325219173, window: 5808, data: "Lorem ipsum dolo"...
0.210 Error: Incorrect acknowledgement flag
0.709 Sent: b'\x83\xb2\xe8{\x8a\x98\x07e\x00\x00\x00\x10P\x10\x16\xb0\x00\x00\x00\x00'
0.711 Received: b'\xe8{\x83\xb2\x00\x00\x00\x10\x8a\x98\x07eP\x00\x16\xb0\x00\x00\x00\x00Lorem ipsum dolo'...
0.712 Disassembled: source: 59515, dest: 33714, seq: 16, ack: 2325219173, window: 5808, data: "Lorem ipsum dolo"...
0.712 Error: Incorrect acknowledgement flag
1.209 Sent: b'\x83\xb2\xe8{\x8a\x98\x07e\x00\x00\x00\x10P\x10\x16\xb0\x00\x00\x00\x00'
1.212 Received: b'\xe8{\x83\xb2\x00\x00\x00\x10\x8a\x98\x07eP\x00\x16\xb0\x00\x00\x00\x00Lorem ipsum dolo'...
1.212 Disassembled: source: 59515, dest: 33714, seq: 16, ack: 2325219173, window: 5808, data: "Lorem ipsum dolo"...
1.212 Error: Incorrect acknowledgement flag
1.710 Sent: b'\x83\xb2\xe8{\x8a\x98\x07e\x00\x00\x00\x10P\x10\x16\xb0\x00\x00\x00\x00'
1.712 Received: b'\xe8{\x83\xb2\x00\x00\x00\x10\x8a\x98\x07eP\x00\x16\xb0\x00\x00\x00\x00Lorem ipsum dolo'...
1.713 Disassembled: source: 59515, dest: 33714, seq: 16, ack: 2325219173, window: 5808, data: "Lorem ipsum dolo"...
1.713 Error: Incorrect acknowledgement flag
2.210 Sent: b'\x83\xb2\xe8{\x8a\x98\x07e\x00\x00\x00\x10P\x10\x16\xb0\x00\x00\x00\x00'
2.213 Received: b'\xe8{\x83\xb2\x00\x00\x00\x10\x8a\x98\x07eP\x00\x16\xb0\x00\x00\x00\x00Lorem ipsum dolo'...
2.214 Disassembled: source: 59515, dest: 33714, seq: 16, ack: 2325219173, window: 5808, data: "Lorem ipsum dolo"...
2.214 Error: Incorrect acknowledgement flag
2.711 Error: Connection timed out
2.711 Closed connection
2.714 Shutting down
