0.000 NEW RUN: Server, TEST: Read_file__Large_multi-packet
0.077 Received: b'\xb8R\xf3\xe1\x00\x00\x00\x12\x00\x00\x00\x00P\x02\x05\xa8\x00\x00\x00\x00'
0.078 Disassembled: source: 47186, dest: 62433, seq: 18, window: 1448, SYN
0.078 SYN accepted; new connection: 127.0.0.1 on port 47186
0.078 Assembling: source: 62433, dest: 47186, seq: 1538435655, ack: 19, window: 1448, ACK, SYN
0.079 Sent: b'\xf3\xe1\xb8R[\xb2\xaaG\x00\x00\x00\x13P\x12\x05\xa8\x00\x00\x00\x00'
0.083 Received: b'\xb8R\xf3\xe1\x00\x00\x00\x13[\xb2\xaaHP\x10\x05\xa8\x00\x00\x00\x00'
0.084 Disassembled: source: 47186, dest: 62433, seq: 19, ack: 1538435656, window: 1448, ACK
0.084 Handshake complete
0.084 Acknowledged seq: 1538435655
0.084 Assembling: source: 62433, dest: 47186, seq: 1538435656, ack: 20, window: 1448, data: "Lorem ipsum dolo"...
0.085 Sent: b'\xf3\xe1\xb8R[\xb2\xaaH\x00\x00\x00\x14P\x00\x05\xa8\x00\x00\x00\x00Lorem ipsum dolo'...
0.088 Received: b'\xb8R\xf3\xe1\x00\x00\x00\x13[\xb2\xaf\xf0P\x10\x05\xa8\x00\x00\x00\x00'
0.089 Disassembled: source: 47186, dest: 62433, seq: 19, ack: 1538437104, window: 1448, ACK
0.089 Acknowledged seq: 1538435656
0.089 Assembling: source: 62433, dest: 47186, seq: 1538437104, ack: 20, window: 1448, data: "mprehensam nam, "...
0.089 Sent: b'\xf3\xe1\xb8R[\xb2\xaf\xf0\x00\x00\x00\x14P\x00\x05\xa8\x00\x00\x00\x00mprehensam nam, '...
0.093 Received: b'\xb8R\xf3\xe1\x00\x00\x00\x13[\xb2\xb5\x98P\x10\x05\xa8\x00\x00\x00\x00'
0.093 Disassembled: source: 47186, dest: 62433, seq: 19, ack: 1538438552, window: 1448, ACK
0.093 Acknowledged seq: 1538437104
0.094 Assembling: source: 62433, dest: 47186, seq: 1538438552, ack: 20, window: 1448, data: "ilisi repudiare "...
0.094 Sent: b'\xf3\xe1\xb8R[\xb2\xb5\x98\x00\x00\x00\x14P\x00\x05\xa8\x00\x00\x00\x00ilisi repudiare '...
0.097 Received: b'\xb8R\xf3\xe1\x00\x00\x00\x13[\xb2\xbb@P\x10\x05\xa8\x00\x00\x00\x00'
0.098 Disassembled: source: 47186, dest: 62433, seq: 19, ack: 1538440000, window: 1448, ACK
0.098 Acknowledged seq: 1538438552
0.098 Assembling: source: 62433, dest: 47186, seq: 1538440000, ack: 20, window: 1448, data: "ta.

Et essent s"...
0.099 Sent: b'\xf3\xe1\xb8R[\xb2\xbb@\x00\x00\x00\x14P\x00\x05\xa8\x00\x00\x00\x00ta.\n\nEt essent s'...
0.101 Received: b'\xb8R\xf3\xe1\x00\x00\x00\x13[\xb2\xc0\xe8P\x10\x05\xa8\x00\x00\x00\x00'
0.102 Disassembled: source: 47186, dest: 62433, seq: 19, ack: 1538441448, window: 1448, ACK
0.102 Acknowledged seq: 1538440000
0.102 Assembling: source: 62433, dest: 47186, seq: 1538441448, ack: 20, window: 1448, data: " Nihil tractatos"...
0.102 Sent: b'\xf3\xe1\xb8R[\xb2\xc0\xe8\x00\x00\x00\x14P\x00\x05\xa8\x00\x00\x00\x00 Nihil tractatos'...
0.105 Received: b'\xb8R\xf3\xe1\x00\x00\x00\x13[\xb2\xc6\x90P\x10\x05\xa8\x00\x00\x00\x00'
0.105 Disassembled: source: 47186, dest: 62433, seq: 19, ack: 1538442896, window: 1448, ACK
0.105 Acknowledged seq: 1538441448
0.106 Assembling: source: 62433, dest: 47186, seq: 1538442896, ack: 20, window: 1448, data: "fert iuvaret sap"...
0.106 Sent: b'\xf3\xe1\xb8R[\xb2\xc6\x90\x00\x00\x00\x14P\x00\x05\xa8\x00\x00\x00\x00fert iuvaret sap'...
0.108 Received: b'\xb8R\xf3\xe1\x00\x00\x00\x13[\xb2\xcc8P\x10\x05\xa8\x00\x00\x00\x00'
0.109 Disassembled: source: 47186, dest: 62433, seq: 19, ack: 1538444344, window: 1448, ACK
0.109 Acknowledged seq: 1538442896
0.109 Assembling: source: 62433, dest: 47186, seq: 1538444344, ack: 20, window: 1448, data: "ram adipiscing, "...
0.110 Sent: b'\xf3\xe1\xb8R[\xb2\xcc8\x00\x00\x00\x14P\x00\x05\xa8\x00\x00\x00\x00ram adipiscing, '...
0.112 Received: b'\xb8R\xf3\xe1\x00\x00\x00\x13[\xb2\xd1\xe0P\x10\x05\xa8\x00\x00\x00\x00'
0.112 Disassembled: source: 47186, dest: 62433, seq: 19, ack: 1538445792, window: 1448, ACK
0.113 Acknowledged seq: 1538444344
0.113 Assembling: source: 62433, dest: 47186, seq: 1538445792, ack: 20, window: 1448, data: "m veritus vivend"...
0.113 Sent: b'\xf3\xe1\xb8R[\xb2\xd1\xe0\x00\x00\x00\x14P\x00\x05\xa8\x00\x00\x00\x00m veritus vivend'...
0.116 Received: b'\xb8R\xf3\xe1\x00\x00\x00\x13[\xb2\xd7\x88P\x10\x05\xa8\x00\x00\x00\x00'
0.116 Disassembled: source: 47186, dest: 62433, seq: 19, ack: 1538447240, window: 1448, ACK
0.116 Acknowledged seq: 1538445792
0.117 Assembling: source: 62433, dest: 47186, seq: 1538447240, ack: 20, window: 1448, data: " delenit, ignota"...
0.117 Sent: b'\xf3\xe1\xb8R[\xb2\xd7\x88\x00\x00\x00\x14P\x00\x05\xa8\x00\x00\x00\x00 delenit, ignota'...
0.119 Received: b'\xb8R\xf3\xe1\x00\x00\x00\x13[\xb2\xdd0P\x10\x05\xa8\x00\x00\x00\x00'
0.120 Disassembled: source: 47186, dest: 62433, seq: 19, ack: 1538448688, window: 1448, ACK
0.120 Acknowledged seq: 1538447240
0.120 Assembling: source: 62433, dest: 47186, seq: 1538448688, ack: 20, window: 1448, data: "se explicari des"...
0.121 Sent: b'\xf3\xe1\xb8R[\xb2\xdd0\x00\x00\x00\x14P\x00\x05\xa8\x00\x00\x00\x00se explicari des'...
0.123 Received: b'\xb8R\xf3\xe1\x00\x00\x00\x13[\xb2\xe2\xd8P\x10\x05\xa8\x00\x00\x00\x00'
0.123 Disassembled: source: 47186, dest: 62433, seq: 19, ack: 1538450136, window: 1448, ACK
0.124 Acknowledged seq: 1538448688
0.124 Assembling: source: 62433, dest: 47186, seq: 1538450136, ack: 20, window: 1448, data: "piscing, in modo"...
0.124 Sent: b'\xf3\xe1\xb8R[\xb2\xe2\xd8\x00\x00\x00\x14P\x00\x05\xa8\x00\x00\x00\x00piscing, in modo'...
0.127 Received: b'\xb8R\xf3\xe1\x00\x00\x00\x13[\xb2\xe8\x80P\x10\x05\xa8\x00\x00\x00\x00'
0.127 Disassembled: source: 47186, dest: 62433, seq: 19, ack: 1538451584, window: 1448, ACK
0.127 Acknowledged seq: 1538450136
0.128 Assembling: source: 62433, dest: 47186, seq: 1538451584, ack: 20, window: 1448, data: "o copiosae tacim"...
0.128 Sent: b'\xf3\xe1\xb8R[\xb2\xe8\x80\x00\x00\x00\x14P\x00\x05\xa8\x00\x00\x00\x00o copiosae tacim'...
0.130 Received: b'\xb8R\xf3\xe1\x00\x00\x00\x13[\xb2\xee(P\x10\x05\xa8\x00\x00\x00\x00'
0.131 Disassembled: source: 47186, dest: 62433, seq: 19, ack: 1538453032, window: 1448, ACK
0.131 Acknowledged seq: 1538451584
0.131 Assembling: source: 62433, dest: 47186, seq: 1538453032, ack: 20, window: 1448, data: "am. Pri ne antio"...
0.132 Sent: b'\xf3\xe1\xb8R[\xb2\xee(\x00\x00\x00\x14P\x00\x05\xa8\x00\x00\x00\x00am. Pri ne antio'...
0.134 Received: b'\xb8R\xf3\xe1\x00\x00\x00\x13[\xb2\xf3\xd0P\x10\x05\xa8\x00\x00\x00\x00'
0.134 Disassembled: source: 47186, dest: 62433, seq: 19, ack: 1538454480, window: 1448, ACK
0.135 Acknowledged seq: 1538453032
0.135 Assembling: source: 62433, dest: 47186, seq: 1538454480, ack: 20, window: 1448, data: "to no. Elitr pos"...
0.135 Sent: b'\xf3\xe1\xb8R[\xb2\xf3\xd0\x00\x00\x00\x14P\x00\x05\xa8\x00\x00\x00\x00to no. Elitr pos'...
0.138 Received: b'\xb8R\xf3\xe1\x00\x00\x00\x13[\xb2\xf9xP\x10\x05\xa8\x00\x00\x00\x00'
0.138 Disassembled: source: 47186, dest: 62433, seq: 19, ack: 1538455928, window: 1448, ACK
0.138 Acknowledged seq: 1538454480
0.139 Assembling: source: 62433, dest: 47186, seq: 1538455928, ack: 20, window: 1448, data: "pretaris, sea ex"...
0.139 Sent: b'\xf3\xe1\xb8R[\xb2\xf9x\x00\x00\x00\x14P\x00\x05\xa8\x00\x00\x00\x00pretaris, sea ex'...
0.141 Received: b'\xb8R\xf3\xe1\x00\x00\x00\x13[\xb2\xff P\x10\x05\xa8\x00\x00\x00\x00'
0.142 Disassembled: source: 47186, dest: 62433, seq: 19, ack: 1538457376, window: 1448, ACK
0.142 Acknowledged seq: 1538455928
0.142 Assembling: source: 62433, dest: 47186, seq: 1538457376, ack: 20, window: 1448, data: "oporteat inimicu"...
0.143 Sent: b'\xf3\xe1\xb8R[\xb2\xff \x00\x00\x00\x14P\x00\x05\xa8\x00\x00\x00\x00oporteat inimicu'...
0.145 Received: b'\xb8R\xf3\xe1\x00\x00\x00\x13[\xb3\x04\xc8P\x10\x05\xa8\x00\x00\x00\x00'
0.145 Disassembled: source: 47186, dest: 62433, seq: 19, ack: 1538458824, window: 1448, ACK
0.146 Acknowledged seq: 1538457376
0.146 Assembling: source: 62433, dest: 47186, seq: 1538458824, ack: 20, window: 1448, data: "ligendi officiis"...
0.146 Sent: b'\xf3\xe1\xb8R[\xb3\x04\xc8\x00\x00\x00\x14P\x00\x05\xa8\x00\x00\x00\x00ligendi officiis'...
0.149 Received: b'\xb8R\xf3\xe1\x00\x00\x00\x13[\xb3\npP\x10\x05\xa8\x00\x00\x00\x00'
0.149 Disassembled: source: 47186, dest: 62433, seq: 19, ack: 1538460272, window: 1448, ACK
0.149 Acknowledged seq: 1538458824
0.150 Assembling: source: 62433, dest: 47186, seq: 1538460272, ack: 20, window: 1448, data: "no vel regione i"...
0.150 Sent: b'\xf3\xe1\xb8R[\xb3\np\x00\x00\x00\x14P\x00\x05\xa8\x00\x00\x00\x00no vel regione i'...
0.152 Received: b'\xb8R\xf3\xe1\x00\x00\x00\x13[\xb3\x10\x18P\x10\x05\xa8\x00\x00\x00\x00'
0.153 Disassembled: source: 47186, dest: 62433, seq: 19, ack: 1538461720, window: 1448, ACK
0.153 Acknowledged seq: 1538460272
0.153 Assembling: source: 62433, dest: 47186, seq: 1538461720, ack: 20, window: 1448, data: "ibus vis ex, pro"...
0.154 Sent: b'\xf3\xe1\xb8R[\xb3\x10\x18\x00\x00\x00\x14P\x00\x05\xa8\x00\x00\x00\x00ibus vis ex, pro'...
0.156 Received: b'\xb8R\xf3\xe1\x00\x00\x00\x13[\xb3\x15\xc0P\x10\x05\xa8\x00\x00\x00\x00'
0.156 Disassembled: source: 47186, dest: 62433, seq: 19, ack: 1538463168, window: 1448, ACK
0.157 Acknowledged seq: 1538461720
0.157 Assembling: source: 62433, dest: 47186, seq: 1538463168, ack: 20, window: 1448, data: "o vix, mel ea li"...
0.157 Sent: b'\xf3\xe1\xb8R[\xb3\x15\xc0\x00\x00\x00\x14P\x00\x05\xa8\x00\x00\x00\x00o vix, mel ea li'...
0.160 Received: b'\xb8R\xf3\xe1\x00\x00\x00\x13[\xb3\x1bhP\x10\x05\xa8\x00\x00\x00\x00'
0.160 Disassembled: source: 47186, dest: 62433, seq: 19, ack: 1538464616, window: 1448, ACK
0.160 Acknowledged seq: 1538463168
0.161 Assembling: source: 62433, dest: 47186, seq: 1538464616, ack: 20, window: 1448, data: "d. Ex fugit suav"...
0.161 Sent: b'\xf3\xe1\xb8R[\xb3\x1bh\x00\x00\x00\x14P\x00\x05\xa8\x00\x00\x00\x00d. Ex fugit suav'...
0.163 Received: b'\xb8R\xf3\xe1\x00\x00\x00\x13[\xb3!\x10P\x10\x05\xa8\x00\x00\x00\x00'
0.164 Disassembled: source: 47186, dest: 62433, seq: 19, ack: 1538466064, window: 1448, ACK
0.164 Acknowledged seq: 1538464616
0.164 Assembling: source: 62433, dest: 47186, seq: 1538466064, ack: 20, window: 1448, data: "pertinax nec. De"...
0.165 Sent: b'\xf3\xe1\xb8R[\xb3!\x10\x00\x00\x00\x14P\x00\x05\xa8\x00\x00\x00\x00pertinax nec. De'...
0.167 Received: b'\xb8R\xf3\xe1\x00\x00\x00\x13[\xb3&\xb8P\x10\x05\xa8\x00\x00\x00\x00'
0.167 Disassembled: source: 47186, dest: 62433, seq: 19, ack: 1538467512, window: 1448, ACK
0.168 Acknowledged seq: 1538466064
0.168 Assembling: source: 62433, dest: 47186, seq: 1538467512, ack: 20, window: 1448, data: "lli primis praes"...
0.168 Sent: b'\xf3\xe1\xb8R[\xb3&\xb8\x00\x00\x00\x14P\x00\x05\xa8\x00\x00\x00\x00lli primis praes'...
0.171 Received: b'\xb8R\xf3\xe1\x00\x00\x00\x13[\xb3,`P\x10\x05\xa8\x00\x00\x00\x00'
0.171 Disassembled: source: 47186, dest: 62433, seq: 19, ack: 1538468960, window: 1448, ACK
0.171 Acknowledged seq: 1538467512
0.172 Assembling: source: 62433, dest: 47186, seq: 1538468960, ack: 20, window: 1448, data: "m, percipit inte"...
0.172 Sent: b'\xf3\xe1\xb8R[\xb3,`\x00\x00\x00\x14P\x00\x05\xa8\x00\x00\x00\x00m, percipit inte'...
0.174 Received: b'\xb8R\xf3\xe1\x00\x00\x00\x13[\xb32\x08P\x10\x05\xa8\x00\x00\x00\x00'
0.175 Disassembled: source: 47186, dest: 62433, seq: 19, ack: 1538470408, window: 1448, ACK
0.175 Acknowledged seq: 1538468960
0.175 Assembling: source: 62433, dest: 47186, seq: 1538470408, ack: 20, window: 1448, data: "nani docendi pat"...
0.176 Sent: b'\xf3\xe1\xb8R[\xb32\x08\x00\x00\x00\x14P\x00\x05\xa8\x00\x00\x00\x00nani docendi pat'...
0.178 Received: b'\xb8R\xf3\xe1\x00\x00\x00\x13[\xb37\xb0P\x10\x05\xa8\x00\x00\x00\x00'
0.178 Disassembled: source: 47186, dest: 62433, seq: 19, ack: 1538471856, window: 1448, ACK
0.179 Acknowledged seq: 1538470408
0.179 Assembling: source: 62433, dest: 47186, seq: 1538471856, ack: 20, window: 1448, data: " vis decore poss"...
0.179 Sent: b'\xf3\xe1\xb8R[\xb37\xb0\x00\x00\x00\x14P\x00\x05\xa8\x00\x00\x00\x00 vis decore poss'...
0.181 Received: b'\xb8R\xf3\xe1\x00\x00\x00\x13[\xb3=XP\x10\x05\xa8\x00\x00\x00\x00'
0.182 Disassembled: source: 47186, dest: 62433, seq: 19, ack: 1538473304, window: 1448, ACK
0.182 Acknowledged seq: 1538471856
0.182 Assembling: source: 62433, dest: 47186, seq: 1538473304, ack: 20, window: 1448, data: "eam odio corpora"...
0.183 Sent: b'\xf3\xe1\xb8R[\xb3=X\x00\x00\x00\x14P\x00\x05\xa8\x00\x00\x00\x00eam odio corpora'...
0.185 Received: b'\xb8R\xf3\xe1\x00\x00\x00\x13[\xb3C\x00P\x10\x05\xa8\x00\x00\x00\x00'
0.186 Disassembled: source: 47186, dest: 62433, seq: 19, ack: 1538474752, window: 1448, ACK
0.186 Acknowledged seq: 1538473304
0.186 Assembling: source: 62433, dest: 47186, seq: 1538474752, ack: 20, window: 1448, data: " est. Usu sanctu"...
0.186 Sent: b'\xf3\xe1\xb8R[\xb3C\x00\x00\x00\x00\x14P\x00\x05\xa8\x00\x00\x00\x00 est. Usu sanctu'...
0.189 Received: b'\xb8R\xf3\xe1\x00\x00\x00\x13[\xb3H\xa8P\x10\x05\xa8\x00\x00\x00\x00'
0.189 Disassembled: source: 47186, dest: 62433, seq: 19, ack: 1538476200, window: 1448, ACK
0.189 Acknowledged seq: 1538474752
0.190 Assembling: source: 62433, dest: 47186, seq: 1538476200, ack: 20, window: 1448, data: ".

Mei graeco ae"...
0.190 Sent: b'\xf3\xe1\xb8R[\xb3H\xa8\x00\x00\x00\x14P\x00\x05\xa8\x00\x00\x00\x00.\n\nMei graeco ae'...
0.192 Received: b'\xb8R\xf3\xe1\x00\x00\x00\x13[\xb3NPP\x10\x05\xa8\x00\x00\x00\x00'
0.193 Disassembled: source: 47186, dest: 62433, seq: 19, ack: 1538477648, window: 1448, ACK
0.193 Acknowledged seq: 1538476200
0.193 Assembling: source: 62433, dest: 47186, seq: 1538477648, ack: 20, window: 1448, data: "et. Ne sea primi"...
0.194 Sent: b'\xf3\xe1\xb8R[\xb3NP\x00\x00\x00\x14P\x00\x05\xa8\x00\x00\x00\x00et. Ne sea primi'...
0.196 Received: b'\xb8R\xf3\xe1\x00\x00\x00\x13[\xb3S\xf8P\x10\x05\xa8\x00\x00\x00\x00'
0.196 Disassembled: source: 47186, dest: 62433, seq: 19, ack: 1538479096, window: 1448, ACK
0.197 Acknowledged seq: 1538477648
0.197 Assembling: source: 62433, dest: 47186, seq: 1538479096, ack: 20, window: 1448, data: "ittam convenire."...
0.197 Sent: b'\xf3\xe1\xb8R[\xb3S\xf8\x00\x00\x00\x14P\x00\x05\xa8\x00\x00\x00\x00ittam convenire.'...
0.200 Received: b'\xb8R\xf3\xe1\x00\x00\x00\x13[\xb3Y\xa0P\x10\x05\xa8\x00\x00\x00\x00'
0.200 Disassembled: source: 47186, dest: 62433, seq: 19, ack: 1538480544, window: 1448, ACK
0.200 Acknowledged seq: 1538479096
0.200 Assembling: source: 62433, dest: 47186, seq: 1538480544, ack: 20, window: 1448, data: "ua et vis, id eu"...
0.201 Sent: b'\xf3\xe1\xb8R[\xb3Y\xa0\x00\x00\x00\x14P\x00\x05\xa8\x00\x00\x00\x00ua et vis, id eu'...
0.203 Received: b'\xb8R\xf3\xe1\x00\x00\x00\x13[\xb3_HP\x10\x05\xa8\x00\x00\x00\x00'
0.204 Disassembled: source: 47186, dest: 62433, seq: 19, ack: 1538481992, window: 1448, ACK
0.204 Acknowledged seq: 1538480544
0.204 Assembling: source: 62433, dest: 47186, seq: 1538481992, ack: 20, window: 1448, data: "r. Et velit appa"...
0.204 Sent: b'\xf3\xe1\xb8R[\xb3_H\x00\x00\x00\x14P\x00\x05\xa8\x00\x00\x00\x00r. Et velit appa'...
0.207 Received: b'\xb8R\xf3\xe1\x00\x00\x00\x13[\xb3d\xf0P\x10\x05\xa8\x00\x00\x00\x00'
0.207 Disassembled: source: 47186, dest: 62433, seq: 19, ack: 1538483440, window: 1448, ACK
0.207 Acknowledged seq: 1538481992
0.208 Assembling: source: 62433, dest: 47186, seq: 1538483440, ack: 20, window: 1448, data: " novum laudem, v"...
0.208 Sent: b'\xf3\xe1\xb8R[\xb3d\xf0\x00\x00\x00\x14P\x00\x05\xa8\x00\x00\x00\x00 novum laudem, v'...
0.210 Received: b'\xb8R\xf3\xe1\x00\x00\x00\x13[\xb3j\x98P\x10\x05\xa8\x00\x00\x00\x00'
0.211 Disassembled: source: 47186, dest: 62433, seq: 19, ack: 1538484888, window: 1448, ACK
0.211 Acknowledged seq: 1538483440
0.211 Assembling: source: 62433, dest: 47186, seq: 1538484888, ack: 20, window: 1448, data: "luptatibus, cibo"...
0.212 Sent: b'\xf3\xe1\xb8R[\xb3j\x98\x00\x00\x00\x14P\x00\x05\xa8\x00\x00\x00\x00luptatibus, cibo'...
0.214 Received: b'\xb8R\xf3\xe1\x00\x00\x00\x13[\xb3p@P\x10\x05\xa8\x00\x00\x00\x00'
0.215 Disassembled: source: 47186, dest: 62433, seq: 19, ack: 1538486336, window: 1448, ACK
0.215 Acknowledged seq: 1538484888
0.215 Assembling: source: 62433, dest: 47186, seq: 1538486336, ack: 20, window: 1448, data: "alii indoctum ma"...
0.216 Sent: b'\xf3\xe1\xb8R[\xb3p@\x00\x00\x00\x14P\x00\x05\xa8\x00\x00\x00\x00alii indoctum ma'...
0.218 Received: b'\xb8R\xf3\xe1\x00\x00\x00\x13[\xb3u\xe8P\x10\x05\xa8\x00\x00\x00\x00'
0.218 Disassembled: source: 47186, dest: 62433, seq: 19, ack: 1538487784, window: 1448, ACK
0.219 Acknowledged seq: 1538486336
0.219 Assembling: source: 62433, dest: 47186, seq: 1538487784, ack: 20, window: 1448, data: "im, his facete c"...
0.219 Sent: b'\xf3\xe1\xb8R[\xb3u\xe8\x00\x00\x00\x14P\x00\x05\xa8\x00\x00\x00\x00im, his facete c'...
0.222 Received: b'\xb8R\xf3\xe1\x00\x00\x00\x13[\xb3{\x90P\x10\x05\xa8\x00\x00\x00\x00'
0.222 Disassembled: source: 47186, dest: 62433, seq: 19, ack: 1538489232, window: 1448, ACK
0.222 Acknowledged seq: 1538487784
0.223 Assembling: source: 62433, dest: 47186, seq: 1538489232, ack: 20, window: 1448, data: "e alia dolor com"...
0.223 Sent: b'\xf3\xe1\xb8R[\xb3{\x90\x00\x00\x00\x14P\x00\x05\xa8\x00\x00\x00\x00e alia dolor com'...
0.225 Received: b'\xb8R\xf3\xe1\x00\x00\x00\x13[\xb3\x818P\x10\x05\xa8\x00\x00\x00\x00'
0.226 Disassembled: source: 47186, dest: 62433, seq: 19, ack: 1538490680, window: 1448, ACK
0.226 Acknowledged seq: 1538489232
0.226 Assembling: source: 62433, dest: 47186, seq: 1538490680, ack: 20, window: 1448, data: "it ea, reque tem"...
0.227 Sent: b'\xf3\xe1\xb8R[\xb3\x818\x00\x00\x00\x14P\x00\x05\xa8\x00\x00\x00\x00it ea, reque tem'...
0.229 Received: b'\xb8R\xf3\xe1\x00\x00\x00\x13[\xb3\x86\xe0P\x10\x05\xa8\x00\x00\x00\x00'
0.230 Disassembled: source: 47186, dest: 62433, seq: 19, ack: 1538492128, window: 1448, ACK
0.230 Acknowledged seq: 1538490680
0.230 Assembling: source: 62433, dest: 47186, seq: 1538492128, ack: 20, window: 1448, data: "alisque.

Equide"...
0.231 Sent: b'\xf3\xe1\xb8R[\xb3\x86\xe0\x00\x00\x00\x14P\x00\x05\xa8\x00\x00\x00\x00alisque.\n\nEquide'...
0.233 Received: b'\xb8R\xf3\xe1\x00\x00\x00\x13[\xb3\x8c\x88P\x10\x05\xa8\x00\x00\x00\x00'
0.233 Disassembled: source: 47186, dest: 62433, seq: 19, ack: 1538493576, window: 1448, ACK
0.233 Acknowledged seq: 1538492128
0.234 Assembling: source: 62433, dest: 47186, seq: 1538493576, ack: 20, window: 1448, data: "finitiones, affe"...
0.234 Sent: b'\xf3\xe1\xb8R[\xb3\x8c\x88\x00\x00\x00\x14P\x00\x05\xa8\x00\x00\x00\x00finitiones, affe'...
0.236 Received: b'\xb8R\xf3\xe1\x00\x00\x00\x13[\xb3\x920P\x10\x05\xa8\x00\x00\x00\x00'
0.237 Disassembled: source: 47186, dest: 62433, seq: 19, ack: 1538495024, window: 1448, ACK
0.237 Acknowledged seq: 1538493576
0.237 Assembling: source: 62433, dest: 47186, seq: 1538495024, ack: 20, window: 1448, data: "his duis graeco "...
0.237 Sent: b'\xf3\xe1\xb8R[\xb3\x920\x00\x00\x00\x14P\x00\x05\xa8\x00\x00\x00\x00his duis graeco '...
0.239 Received: b'\xb8R\xf3\xe1\x00\x00\x00\x13[\xb3\x97\xd8P\x10\x05\xa8\x00\x00\x00\x00'
0.240 Disassembled: source: 47186, dest: 62433, seq: 19, ack: 1538496472, window: 1448, ACK
0.240 Acknowledged seq: 1538495024
0.240 Assembling: source: 62433, dest: 47186, seq: 1538496472, ack: 20, window: 1448, data: "am. Alia possit "...
0.241 Sent: b'\xf3\xe1\xb8R[\xb3\x97\xd8\x00\x00\x00\x14P\x00\x05\xa8\x00\x00\x00\x00am. Alia possit '...
0.243 Received: b'\xb8R\xf3\xe1\x00\x00\x00\x13[\xb3\x9d\x80P\x10\x05\xa8\x00\x00\x00\x00'
0.243 Disassembled: source: 47186, dest: 62433, seq: 19, ack: 1538497920, window: 1448, ACK
0.244 Acknowledged seq: 1538496472
0.244 Assembling: source: 62433, dest: 47186, seq: 1538497920, ack: 20, window: 1448, data: "cum an. Mei faci"...
0.244 Sent: b'\xf3\xe1\xb8R[\xb3\x9d\x80\x00\x00\x00\x14P\x00\x05\xa8\x00\x00\x00\x00cum an. Mei faci'...
0.247 Received: b'\xb8R\xf3\xe1\x00\x00\x00\x13[\xb3\xa3(P\x10\x05\xa8\x00\x00\x00\x00'
0.247 Disassembled: source: 47186, dest: 62433, seq: 19, ack: 1538499368, window: 1448, ACK
0.247 Acknowledged seq: 1538497920
0.248 Assembling: source: 62433, dest: 47186, seq: 1538499368, ack: 20, window: 1448, data: " vis adhuc tatio"...
0.248 Sent: b'\xf3\xe1\xb8R[\xb3\xa3(\x00\x00\x00\x14P\x00\x05\xa8\x00\x00\x00\x00 vis adhuc tatio'...
0.250 Received: b'\xb8R\xf3\xe1\x00\x00\x00\x13[\xb3\xa8\xd0P\x10\x05\xa8\x00\x00\x00\x00'
0.251 Disassembled: source: 47186, dest: 62433, seq: 19, ack: 1538500816, window: 1448, ACK
0.251 Acknowledged seq: 1538499368
0.251 Assembling: source: 62433, dest: 47186, seq: 1538500816, ack: 20, window: 1448, data: "im eu option iuv"...
0.251 Sent: b'\xf3\xe1\xb8R[\xb3\xa8\xd0\x00\x00\x00\x14P\x00\x05\xa8\x00\x00\x00\x00im eu option iuv'...
0.254 Received: b'\xb8R\xf3\xe1\x00\x00\x00\x13[\xb3\xaexP\x10\x05\xa8\x00\x00\x00\x00'
0.254 Disassembled: source: 47186, dest: 62433, seq: 19, ack: 1538502264, window: 1448, ACK
0.254 Acknowledged seq: 1538500816
0.255 Assembling: source: 62433, dest: 47186, seq: 1538502264, ack: 20, window: 1448, data: "ex epicurei taci"...
0.255 Sent: b'\xf3\xe1\xb8R[\xb3\xaex\x00\x00\x00\x14P\x00\x05\xa8\x00\x00\x00\x00ex epicurei taci'...
0.257 Received: b'\xb8R\xf3\xe1\x00\x00\x00\x13[\xb3\xb4 P\x10\x05\xa8\x00\x00\x00\x00'
0.258 Disassembled: source: 47186, dest: 62433, seq: 19, ack: 1538503712, window: 1448, ACK
0.258 Acknowledged seq: 1538502264
0.258 Assembling: source: 62433, dest: 47186, seq: 1538503712, ack: 20, window: 1448, data: "ebat, eu pro ero"...
0.259 Sent: b'\xf3\xe1\xb8R[\xb3\xb4 \x00\x00\x00\x14P\x00\x05\xa8\x00\x00\x00\x00ebat, eu pro ero'...
0.261 Received: b'\xb8R\xf3\xe1\x00\x00\x00\x13[\xb3\xb9\xc8P\x10\x05\xa8\x00\x00\x00\x00'
0.261 Disassembled: source: 47186, dest: 62433, seq: 19, ack: 1538505160, window: 1448, ACK
0.261 Acknowledged seq: 1538503712
0.262 Assembling: source: 62433, dest: 47186, seq: 1538505160, ack: 20, window: 1448, data: "s. Per no sale v"...
0.262 Sent: b'\xf3\xe1\xb8R[\xb3\xb9\xc8\x00\x00\x00\x14P\x00\x05\xa8\x00\x00\x00\x00s. Per no sale v'...
0.264 Received: b'\xb8R\xf3\xe1\x00\x00\x00\x13[\xb3\xbfpP\x10\x05\xa8\x00\x00\x00\x00'
0.265 Disassembled: source: 47186, dest: 62433, seq: 19, ack: 1538506608, window: 1448, ACK
0.265 Acknowledged seq: 1538505160
0.265 Assembling: source: 62433, dest: 47186, seq: 1538506608, ack: 20, window: 1448, data: "orrupte ea mel. "...
0.266 Sent: b'\xf3\xe1\xb8R[\xb3\xbfp\x00\x00\x00\x14P\x00\x05\xa8\x00\x00\x00\x00orrupte ea mel. '...
0.268 Received: b'\xb8R\xf3\xe1\x00\x00\x00\x13[\xb3\xc5\x18P\x10\x05\xa8\x00\x00\x00\x00'
0.268 Disassembled: source: 47186, dest: 62433, seq: 19, ack: 1538508056, window: 1448, ACK
0.269 Acknowledged seq: 1538506608
0.269 Assembling: source: 62433, dest: 47186, seq: 1538508056, ack: 20, window: 1448, data: ". Est iracundia "...
0.269 Sent: b'\xf3\xe1\xb8R[\xb3\xc5\x18\x00\x00\x00\x14P\x00\x05\xa8\x00\x00\x00\x00. Est iracundia '...
0.271 Received: b'\xb8R\xf3\xe1\x00\x00\x00\x13[\xb3\xca\xc0P\x10\x05\xa8\x00\x00\x00\x00'
0.272 Disassembled: source: 47186, dest: 62433, seq: 19, ack: 1538509504, window: 1448, ACK
0.272 Acknowledged seq: 1538508056
0.272 Assembling: source: 62433, dest: 47186, seq: 1538509504, ack: 20, window: 1448, data: "pta probatus scr"...
0.273 Sent: b'\xf3\xe1\xb8R[\xb3\xca\xc0\x00\x00\x00\x14P\x00\x05\xa8\x00\x00\x00\x00pta probatus scr'...
0.275 Received: b'\xb8R\xf3\xe1\x00\x00\x00\x13[\xb3\xd0hP\x10\x05\xa8\x00\x00\x00\x00'
0.276 Disassembled: source: 47186, dest: 62433, seq: 19, ack: 1538510952, window: 1448, ACK
0.276 Acknowledged seq: 1538509504
0.276 Assembling: source: 62433, dest: 47186, seq: 1538510952, ack: 20, window: 1448, data: "entur ei, pro ei"...
0.277 Sent: b'\xf3\xe1\xb8R[\xb3\xd0h\x00\x00\x00\x14P\x00\x05\xa8\x00\x00\x00\x00entur ei, pro ei'...
0.279 Received: b'\xb8R\xf3\xe1\x00\x00\x00\x13[\xb3\xd6\x10P\x10\x05\xa8\x00\x00\x00\x00'
0.279 Disassembled: source: 47186, dest: 62433, seq: 19, ack: 1538512400, window: 1448, ACK
0.280 Acknowledged seq: 1538510952
0.280 Assembling: source: 62433, dest: 47186, seq: 1538512400, ack: 20, window: 1448, data: "simul euismod vi"...
0.280 Sent: b'\xf3\xe1\xb8R[\xb3\xd6\x10\x00\x00\x00\x14P\x00\x05\xa8\x00\x00\x00\x00simul euismod vi'...
0.283 Received: b'\xb8R\xf3\xe1\x00\x00\x00\x13[\xb3\xdb\xb8P\x10\x05\xa8\x00\x00\x00\x00'
0.283 Disassembled: source: 47186, dest: 62433, seq: 19, ack: 1538513848, window: 1448, ACK
0.283 Acknowledged seq: 1538512400
0.283 Assembling: source: 62433, dest: 47186, seq: 1538513848, ack: 20, window: 1448, data: ", eam id iudico "...
0.284 Sent: b'\xf3\xe1\xb8R[\xb3\xdb\xb8\x00\x00\x00\x14P\x00\x05\xa8\x00\x00\x00\x00, eam id iudico '...
0.286 Received: b'\xb8R\xf3\xe1\x00\x00\x00\x13[\xb3\xe1`P\x10\x05\xa8\x00\x00\x00\x00'
0.287 Disassembled: source: 47186, dest: 62433, seq: 19, ack: 1538515296, window: 1448, ACK
0.287 Acknowledged seq: 1538513848
0.287 Assembling: source: 62433, dest: 47186, seq: 1538515296, ack: 20, window: 1448, data: "m vix. Ea est mu"...
0.288 Sent: b'\xf3\xe1\xb8R[\xb3\xe1`\x00\x00\x00\x14P\x00\x05\xa8\x00\x00\x00\x00m vix. Ea est mu'...
0.290 Received: b'\xb8R\xf3\xe1\x00\x00\x00\x13[\xb3\xe7\x08P\x10\x05\xa8\x00\x00\x00\x00'
0.290 Disassembled: source: 47186, dest: 62433, seq: 19, ack: 1538516744, window: 1448, ACK
0.291 Acknowledged seq: 1538515296
0.291 Assembling: source: 62433, dest: 47186, seq: 1538516744, ack: 20, window: 1448, data: "olor sit amet, e"...
0.291 Sent: b'\xf3\xe1\xb8R[\xb3\xe7\x08\x00\x00\x00\x14P\x00\x05\xa8\x00\x00\x00\x00olor sit amet, e'...
0.293 Received: b'\xb8R\xf3\xe1\x00\x00\x00\x13[\xb3\xec\xb0P\x10\x05\xa8\x00\x00\x00\x00'
0.294 Disassembled: source: 47186, dest: 62433, seq: 19, ack: 1538518192, window: 1448, ACK
0.294 Acknowledged seq: 1538516744
0.294 Assembling: source: 62433, dest: 47186, seq: 1538518192, ack: 20, window: 1448, data: "m, aperiam iudic"...
0.295 Sent: b'\xf3\xe1\xb8R[\xb3\xec\xb0\x00\x00\x00\x14P\x00\x05\xa8\x00\x00\x00\x00m, aperiam iudic'...
0.297 Received: b'\xb8R\xf3\xe1\x00\x00\x00\x13[\xb3\xf2XP\x10\x05\xa8\x00\x00\x00\x00'
0.298 Disassembled: source: 47186, dest: 62433, seq: 19, ack: 1538519640, window: 1448, ACK
0.298 Acknowledged seq: 1538518192
0.298 Assembling: source: 62433, dest: 47186, seq: 1538519640, ack: 20, window: 1448, data: "re sea. No eos d"...
0.299 Sent: b'\xf3\xe1\xb8R[\xb3\xf2X\x00\x00\x00\x14P\x00\x05\xa8\x00\x00\x00\x00re sea. No eos d'...
0.301 Received: b'\xb8R\xf3\xe1\x00\x00\x00\x13[\xb3\xf8\x00P\x10\x05\xa8\x00\x00\x00\x00'
0.301 Disassembled: source: 47186, dest: 62433, seq: 19, ack: 1538521088, window: 1448, ACK
0.302 Acknowledged seq: 1538519640
0.302 Assembling: source: 62433, dest: 47186, seq: 1538521088, ack: 20, window: 1448, data: "t scripta philos"...
0.302 Sent: b'\xf3\xe1\xb8R[\xb3\xf8\x00\x00\x00\x00\x14P\x00\x05\xa8\x00\x00\x00\x00t scripta philos'...
0.304 Received: b'\xb8R\xf3\xe1\x00\x00\x00\x13[\xb3\xfd\xa8P\x10\x05\xa8\x00\x00\x00\x00'
0.305 Disassembled: source: 47186, dest: 62433, seq: 19, ack: 1538522536, window: 1448, ACK
0.305 Acknowledged seq: 1538521088
0.305 Assembling: source: 62433, dest: 47186, seq: 1538522536, ack: 20, window: 1448, data: "tos sadipscing e"...
0.306 Sent: b'\xf3\xe1\xb8R[\xb3\xfd\xa8\x00\x00\x00\x14P\x00\x05\xa8\x00\x00\x00\x00tos sadipscing e'...
0.308 Received: b'\xb8R\xf3\xe1\x00\x00\x00\x13[\xb4\x03PP\x10\x05\xa8\x00\x00\x00\x00'
0.308 Disassembled: source: 47186, dest: 62433, seq: 19, ack: 1538523984, window: 1448, ACK
0.309 Acknowledged seq: 1538522536
0.309 Assembling: source: 62433, dest: 47186, seq: 1538523984, ack: 20, window: 1448, data: "sapientem ea, ad"...
0.309 Sent: b'\xf3\xe1\xb8R[\xb4\x03P\x00\x00\x00\x14P\x00\x05\xa8\x00\x00\x00\x00sapientem ea, ad'...
0.311 Received: b'\xb8R\xf3\xe1\x00\x00\x00\x13[\xb4\x08\xf8P\x10\x05\xa8\x00\x00\x00\x00'
0.312 Disassembled: source: 47186, dest: 62433, seq: 19, ack: 1538525432, window: 1448, ACK
0.312 Acknowledged seq: 1538523984
0.312 Assembling: source: 62433, dest: 47186, seq: 1538525432, ack: 20, window: 1448, data: "g, ei invenire p"...
0.313 Sent: b'\xf3\xe1\xb8R[\xb4\x08\xf8\x00\x00\x00\x14P\x00\x05\xa8\x00\x00\x00\x00g, ei invenire p'...
0.315 Received: b'\xb8R\xf3\xe1\x00\x00\x00\x13[\xb4\x0e\xa0P\x10\x05\xa8\x00\x00\x00\x00'
0.316 Disassembled: source: 47186, dest: 62433, seq: 19, ack: 1538526880, window: 1448, ACK
0.316 Acknowledged seq: 1538525432
0.316 Assembling: source: 62433, dest: 47186, seq: 1538526880, ack: 20, window: 1448, data: "endo at. Qui id "...
0.316 Sent: b'\xf3\xe1\xb8R[\xb4\x0e\xa0\x00\x00\x00\x14P\x00\x05\xa8\x00\x00\x00\x00endo at. Qui id '...
0.319 Received: b'\xb8R\xf3\xe1\x00\x00\x00\x13[\xb4\x14HP\x10\x05\xa8\x00\x00\x00\x00'
0.319 Disassembled: source: 47186, dest: 62433, seq: 19, ack: 1538528328, window: 1448, ACK
0.319 Acknowledged seq: 1538526880
0.320 Assembling: source: 62433, dest: 47186, seq: 1538528328, ack: 20, window: 1448, data: "ota nostrum et p"...
0.320 Sent: b'\xf3\xe1\xb8R[\xb4\x14H\x00\x00\x00\x14P\x00\x05\xa8\x00\x00\x00\x00ota nostrum et p'...
0.322 Received: b'\xb8R\xf3\xe1\x00\x00\x00\x13[\xb4\x19\xf0P\x10\x05\xa8\x00\x00\x00\x00'
0.323 Disassembled: source: 47186, dest: 62433, seq: 19, ack: 1538529776, window: 1448, ACK
0.323 Acknowledged seq: 1538528328
0.323 Assembling: source: 62433, dest: 47186, seq: 1538529776, ack: 20, window: 1448, data: "deseruisse id. P"...
0.324 Sent: b'\xf3\xe1\xb8R[\xb4\x19\xf0\x00\x00\x00\x14P\x00\x05\xa8\x00\x00\x00\x00deseruisse id. P'...
0.326 Received: b'\xb8R\xf3\xe1\x00\x00\x00\x13[\xb4\x1f\x98P\x10\x05\xa8\x00\x00\x00\x00'
0.327 Disassembled: source: 47186, dest: 62433, seq: 19, ack: 1538531224, window: 1448, ACK
0.327 Acknowledged seq: 1538529776
0.327 Assembling: source: 62433, dest: 47186, seq: 1538531224, ack: 20, window: 1448, data: "odo munere imper"...
0.327 Sent: b'\xf3\xe1\xb8R[\xb4\x1f\x98\x00\x00\x00\x14P\x00\x05\xa8\x00\x00\x00\x00odo munere imper'...
0.330 Received: b'\xb8R\xf3\xe1\x00\x00\x00\x13[\xb4%@P\x10\x05\xa8\x00\x00\x00\x00'
0.330 Disassembled: source: 47186, dest: 62433, seq: 19, ack: 1538532672, window: 1448, ACK
0.330 Acknowledged seq: 1538531224
0.331 Assembling: source: 62433, dest: 47186, seq: 1538532672, ack: 20, window: 1448, data: "cimates cum, tib"...
0.331 Sent: b'\xf3\xe1\xb8R[\xb4%@\x00\x00\x00\x14P\x00\x05\xa8\x00\x00\x00\x00cimates cum, tib'...
0.333 Received: b'\xb8R\xf3\xe1\x00\x00\x00\x13[\xb4*\xe8P\x10\x05\xa8\x00\x00\x00\x00'
0.334 Disassembled: source: 47186, dest: 62433, seq: 19, ack: 1538534120, window: 1448, ACK
0.334 Acknowledged seq: 1538532672
0.334 Assembling: source: 62433, dest: 47186, seq: 1538534120, ack: 20, window: 1448, data: "tiopam molestiae"...
0.335 Sent: b'\xf3\xe1\xb8R[\xb4*\xe8\x00\x00\x00\x14P\x00\x05\xa8\x00\x00\x00\x00tiopam molestiae'...
0.337 Received: b'\xb8R\xf3\xe1\x00\x00\x00\x13[\xb40\x90P\x10\x05\xa8\x00\x00\x00\x00'
0.337 Disassembled: source: 47186, dest: 62433, seq: 19, ack: 1538535568, window: 1448, ACK
0.338 Acknowledged seq: 1538534120
0.338 Assembling: source: 62433, dest: 47186, seq: 1538535568, ack: 20, window: 1448, data: "possim qui no, v"...
0.338 Sent: b'\xf3\xe1\xb8R[\xb40\x90\x00\x00\x00\x14P\x00\x05\xa8\x00\x00\x00\x00possim qui no, v'...
0.340 Received: b'\xb8R\xf3\xe1\x00\x00\x00\x13[\xb468P\x10\x05\xa8\x00\x00\x00\x00'
0.341 Disassembled: source: 47186, dest: 62433, seq: 19, ack: 1538537016, window: 1448, ACK
0.341 Acknowledged seq: 1538535568
0.341 Assembling: source: 62433, dest: 47186, seq: 1538537016, ack: 20, window: 1448, data: " ex utinam parti"...
0.342 Sent: b'\xf3\xe1\xb8R[\xb468\x00\x00\x00\x14P\x00\x05\xa8\x00\x00\x00\x00 ex utinam parti'...
0.344 Received: b'\xb8R\xf3\xe1\x00\x00\x00\x13[\xb4;\xe0P\x10\x05\xa8\x00\x00\x00\x00'
0.345 Disassembled: source: 47186, dest: 62433, seq: 19, ack: 1538538464, window: 1448, ACK
0.345 Acknowledged seq: 1538537016
0.345 Assembling: source: 62433, dest: 47186, seq: 1538538464, ack: 20, window: 1448, data: "icus in his. Pri"...
0.346 Sent: b'\xf3\xe1\xb8R[\xb4;\xe0\x00\x00\x00\x14P\x00\x05\xa8\x00\x00\x00\x00icus in his. Pri'...
0.348 Received: b'\xb8R\xf3\xe1\x00\x00\x00\x13[\xb4A\x88P\x10\x05\xa8\x00\x00\x00\x00'
0.348 Disassembled: source: 47186, dest: 62433, seq: 19, ack: 1538539912, window: 1448, ACK
0.349 Acknowledged seq: 1538538464
0.349 Assembling: source: 62433, dest: 47186, seq: 1538539912, ack: 20, window: 1448, data: "iis et.

Ius cu "...
0.349 Sent: b'\xf3\xe1\xb8R[\xb4A\x88\x00\x00\x00\x14P\x00\x05\xa8\x00\x00\x00\x00iis et.\n\nIus cu '...
0.351 Received: b'\xb8R\xf3\xe1\x00\x00\x00\x13[\xb4G0P\x10\x05\xa8\x00\x00\x00\x00'
0.352 Disassembled: source: 47186, dest: 62433, seq: 19, ack: 1538541360, window: 1448, ACK
0.352 Acknowledged seq: 1538539912
0.352 Assembling: source: 62433, dest: 47186, seq: 1538541360, ack: 20, window: 1448, data: "e interesset.

T"...
0.353 Sent: b'\xf3\xe1\xb8R[\xb4G0\x00\x00\x00\x14P\x00\x05\xa8\x00\x00\x00\x00e interesset.\n\nT'...
0.355 Received: b'\xb8R\xf3\xe1\x00\x00\x00\x13[\xb4L\xd8P\x10\x05\xa8\x00\x00\x00\x00'
0.356 Disassembled: source: 47186, dest: 62433, seq: 19, ack: 1538542808, window: 1448, ACK
0.356 Acknowledged seq: 1538541360
0.356 Assembling: source: 62433, dest: 47186, seq: 1538542808, ack: 20, window: 1448, data: "pro alia volutpa"...
0.357 Sent: b'\xf3\xe1\xb8R[\xb4L\xd8\x00\x00\x00\x14P\x00\x05\xa8\x00\x00\x00\x00pro alia volutpa'...
0.359 Received: b'\xb8R\xf3\xe1\x00\x00\x00\x13[\xb4R\x80P\x10\x05\xa8\x00\x00\x00\x00'
0.359 Disassembled: source: 47186, dest: 62433, seq: 19, ack: 1538544256, window: 1448, ACK
0.360 Acknowledged seq: 1538542808
0.360 Assembling: source: 62433, dest: 47186, seq: 1538544256, ack: 20, window: 1448, data: " libris equidem "...
0.360 Sent: b'\xf3\xe1\xb8R[\xb4R\x80\x00\x00\x00\x14P\x00\x05\xa8\x00\x00\x00\x00 libris equidem '...
0.362 Received: b'\xb8R\xf3\xe1\x00\x00\x00\x13[\xb4X(P\x10\x05\xa8\x00\x00\x00\x00'
0.363 Disassembled: source: 47186, dest: 62433, seq: 19, ack: 1538545704, window: 1448, ACK
0.363 Acknowledged seq: 1538544256
0.363 Assembling: source: 62433, dest: 47186, seq: 1538545704, ack: 20, window: 1448, data: "uavitate volupta"...
0.364 Sent: b'\xf3\xe1\xb8R[\xb4X(\x00\x00\x00\x14P\x00\x05\xa8\x00\x00\x00\x00uavitate volupta'...
0.366 Received: b'\xb8R\xf3\xe1\x00\x00\x00\x13[\xb4]\xd0P\x10\x05\xa8\x00\x00\x00\x00'
0.366 Disassembled: source: 47186, dest: 62433, seq: 19, ack: 1538547152, window: 1448, ACK
0.367 Acknowledged seq: 1538545704
0.367 Assembling: source: 62433, dest: 47186, seq: 1538547152, ack: 20, window: 1448, data: " Detraxit defini"...
0.367 Sent: b'\xf3\xe1\xb8R[\xb4]\xd0\x00\x00\x00\x14P\x00\x05\xa8\x00\x00\x00\x00 Detraxit defini'...
0.369 Received: b'\xb8R\xf3\xe1\x00\x00\x00\x13[\xb4cxP\x10\x05\xa8\x00\x00\x00\x00'
0.370 Disassembled: source: 47186, dest: 62433, seq: 19, ack: 1538548600, window: 1448, ACK
0.370 Acknowledged seq: 1538547152
0.370 Assembling: source: 62433, dest: 47186, seq: 1538548600, ack: 20, window: 1448, data: "aesent mei. Quo "...
0.371 Sent: b'\xf3\xe1\xb8R[\xb4cx\x00\x00\x00\x14P\x00\x05\xa8\x00\x00\x00\x00aesent mei. Quo '...
0.373 Received: b'\xb8R\xf3\xe1\x00\x00\x00\x13[\xb4i P\x10\x05\xa8\x00\x00\x00\x00'
0.374 Disassembled: source: 47186, dest: 62433, seq: 19, ack: 1538550048, window: 1448, ACK
0.374 Acknowledged seq: 1538548600
0.374 Assembling: source: 62433, dest: 47186, seq: 1538550048, ack: 20, window: 1448, data: "nterpretaris no "...
0.374 Sent: b'\xf3\xe1\xb8R[\xb4i \x00\x00\x00\x14P\x00\x05\xa8\x00\x00\x00\x00nterpretaris no '...
0.377 Received: b'\xb8R\xf3\xe1\x00\x00\x00\x13[\xb4n\xc8P\x10\x05\xa8\x00\x00\x00\x00'
0.377 Disassembled: source: 47186, dest: 62433, seq: 19, ack: 1538551496, window: 1448, ACK
0.377 Acknowledged seq: 1538550048
0.378 Assembling: source: 62433, dest: 47186, seq: 1538551496, ack: 20, window: 1448, data: "patrioque has. I"...
0.378 Sent: b'\xf3\xe1\xb8R[\xb4n\xc8\x00\x00\x00\x14P\x00\x05\xa8\x00\x00\x00\x00patrioque has. I'...
0.380 Received: b'\xb8R\xf3\xe1\x00\x00\x00\x13[\xb4tpP\x10\x05\xa8\x00\x00\x00\x00'
0.381 Disassembled: source: 47186, dest: 62433, seq: 19, ack: 1538552944, window: 1448, ACK
0.381 Acknowledged seq: 1538551496
0.381 Assembling: source: 62433, dest: 47186, seq: 1538552944, ack: 20, window: 1448, data: "ossit repudianda"...
0.382 Sent: b'\xf3\xe1\xb8R[\xb4tp\x00\x00\x00\x14P\x00\x05\xa8\x00\x00\x00\x00ossit repudianda'...
0.384 Received: b'\xb8R\xf3\xe1\x00\x00\x00\x13[\xb4z\x18P\x10\x05\xa8\x00\x00\x00\x00'
0.384 Disassembled: source: 47186, dest: 62433, seq: 19, ack: 1538554392, window: 1448, ACK
0.385 Acknowledged seq: 1538552944
0.385 Assembling: source: 62433, dest: 47186, seq: 1538554392, ack: 20, window: 1448, data: "ora consequuntur"...
0.385 Sent: b'\xf3\xe1\xb8R[\xb4z\x18\x00\x00\x00\x14P\x00\x05\xa8\x00\x00\x00\x00ora consequuntur'...
0.387 Received: b'\xb8R\xf3\xe1\x00\x00\x00\x13[\xb4\x7f\xc0P\x10\x05\xa8\x00\x00\x00\x00'
0.388 Disassembled: source: 47186, dest: 62433, seq: 19, ack: 1538555840, window: 1448, ACK
0.388 Acknowledged seq: 1538554392
0.388 Assembling: source: 62433, dest: 47186, seq: 1538555840, ack: 20, window: 1448, data: "ctus conceptam a"...
0.389 Sent: b'\xf3\xe1\xb8R[\xb4\x7f\xc0\x00\x00\x00\x14P\x00\x05\xa8\x00\x00\x00\x00ctus conceptam a'...
0.391 Received: b'\xb8R\xf3\xe1\x00\x00\x00\x13[\xb4\x85hP\x10\x05\xa8\x00\x00\x00\x00'
0.392 Disassembled: source: 47186, dest: 62433, seq: 19, ack: 1538557288, window: 1448, ACK
0.392 Acknowledged seq: 1538555840
0.392 Assembling: source: 62433, dest: 47186, seq: 1538557288, ack: 20, window: 1448, data: " aeterno te, ne "...
0.392 Sent: b'\xf3\xe1\xb8R[\xb4\x85h\x00\x00\x00\x14P\x00\x05\xa8\x00\x00\x00\x00 aeterno te, ne '...
0.395 Received: b'\xb8R\xf3\xe1\x00\x00\x00\x13[\xb4\x8b\x10P\x10\x05\xa8\x00\x00\x00\x00'
0.395 Disassembled: source: 47186, dest: 62433, seq: 19, ack: 1538558736, window: 1448, ACK
0.395 Acknowledged seq: 1538557288
0.396 Assembling: source: 62433, dest: 47186, seq: 1538558736, ack: 20, window: 1448, data: "imis oporteat di"...
0.396 Sent: b'\xf3\xe1\xb8R[\xb4\x8b\x10\x00\x00\x00\x14P\x00\x05\xa8\x00\x00\x00\x00imis oporteat di'...
0.398 Received: b'\xb8R\xf3\xe1\x00\x00\x00\x13[\xb4\x90\xb8P\x10\x05\xa8\x00\x00\x00\x00'
0.399 Disassembled: source: 47186, dest: 62433, seq: 19, ack: 1538560184, window: 1448, ACK
0.399 Acknowledged seq: 1538558736
0.399 Assembling: source: 62433, dest: 47186, seq: 1538560184, ack: 20, window: 1448, data: "re. Has virtute "...
0.400 Sent: b'\xf3\xe1\xb8R[\xb4\x90\xb8\x00\x00\x00\x14P\x00\x05\xa8\x00\x00\x00\x00re. Has virtute '...
0.402 Received: b'\xb8R\xf3\xe1\x00\x00\x00\x13[\xb4\x96`P\x10\x05\xa8\x00\x00\x00\x00'
0.402 Disassembled: source: 47186, dest: 62433, seq: 19, ack: 1538561632, window: 1448, ACK
0.403 Acknowledged seq: 1538560184
0.403 Assembling: source: 62433, dest: 47186, seq: 1538561632, ack: 20, window: 1448, data: " eum ancillae no"...
0.403 Sent: b'\xf3\xe1\xb8R[\xb4\x96`\x00\x00\x00\x14P\x00\x05\xa8\x00\x00\x00\x00 eum ancillae no'...
0.405 Received: b'\xb8R\xf3\xe1\x00\x00\x00\x13[\xb4\x9c\x08P\x10\x05\xa8\x00\x00\x00\x00'
0.406 Disassembled: source: 47186, dest: 62433, seq: 19, ack: 1538563080, window: 1448, ACK
0.406 Acknowledged seq: 1538561632
0.406 Assembling: source: 62433, dest: 47186, seq: 1538563080, ack: 20, window: 1448, data: "ppareat ius. At "...
0.407 Sent: b'\xf3\xe1\xb8R[\xb4\x9c\x08\x00\x00\x00\x14P\x00\x05\xa8\x00\x00\x00\x00ppareat ius. At '...
0.409 Received: b'\xb8R\xf3\xe1\x00\x00\x00\x13[\xb4\xa1\xb0P\x10\x05\xa8\x00\x00\x00\x00'
0.410 Disassembled: source: 47186, dest: 62433, seq: 19, ack: 1538564528, window: 1448, ACK
0.410 Acknowledged seq: 1538563080
0.410 Assembling: source: 62433, dest: 47186, seq: 1538564528, ack: 20, window: 1448, data: ", vero appellant"...
0.410 Sent: b'\xf3\xe1\xb8R[\xb4\xa1\xb0\x00\x00\x00\x14P\x00\x05\xa8\x00\x00\x00\x00, vero appellant'...
0.412 Received: b'\xb8R\xf3\xe1\x00\x00\x00\x13[\xb4\xa7XP\x10\x05\xa8\x00\x00\x00\x00'
0.413 Disassembled: source: 47186, dest: 62433, seq: 19, ack: 1538565976, window: 1448, ACK
0.413 Acknowledged seq: 1538564528
0.413 Assembling: source: 62433, dest: 47186, seq: 1538565976, ack: 20, window: 1448, data: "ibo quando copio"...
0.414 Sent: b'\xf3\xe1\xb8R[\xb4\xa7X\x00\x00\x00\x14P\x00\x05\xa8\x00\x00\x00\x00ibo quando copio'...
0.416 Received: b'\xb8R\xf3\xe1\x00\x00\x00\x13[\xb4\xad\x00P\x10\x05\xa8\x00\x00\x00\x00'
0.416 Disassembled: source: 47186, dest: 62433, seq: 19, ack: 1538567424, window: 1448, ACK
0.417 Acknowledged seq: 1538565976
0.417 Assembling: source: 62433, dest: 47186, seq: 1538567424, ack: 20, window: 1448, data: " maluisset. Sit "...
0.417 Sent: b'\xf3\xe1\xb8R[\xb4\xad\x00\x00\x00\x00\x14P\x00\x05\xa8\x00\x00\x00\x00 maluisset. Sit '...
0.419 Received: b'\xb8R\xf3\xe1\x00\x00\x00\x13[\xb4\xb2\xa8P\x10\x05\xa8\x00\x00\x00\x00'
0.420 Disassembled: source: 47186, dest: 62433, seq: 19, ack: 1538568872, window: 1448, ACK
0.420 Acknowledged seq: 1538567424
0.420 Assembling: source: 62433, dest: 47186, seq: 1538568872, ack: 20, window: 1448, data: "e ceteros albuci"...
0.421 Sent: b'\xf3\xe1\xb8R[\xb4\xb2\xa8\x00\x00\x00\x14P\x00\x05\xa8\x00\x00\x00\x00e ceteros albuci'...
0.423 Received: b'\xb8R\xf3\xe1\x00\x00\x00\x13[\xb4\xb8PP\x10\x05\xa8\x00\x00\x00\x00'
0.423 Disassembled: source: 47186, dest: 62433, seq: 19, ack: 1538570320, window: 1448, ACK
0.424 Acknowledged seq: 1538568872
0.424 Assembling: source: 62433, dest: 47186, seq: 1538570320, ack: 20, window: 1448, data: "complectitur sea"...
0.424 Sent: b'\xf3\xe1\xb8R[\xb4\xb8P\x00\x00\x00\x14P\x00\x05\xa8\x00\x00\x00\x00complectitur sea'...
0.426 Received: b'\xb8R\xf3\xe1\x00\x00\x00\x13[\xb4\xbd\xf8P\x10\x05\xa8\x00\x00\x00\x00'
0.427 Disassembled: source: 47186, dest: 62433, seq: 19, ack: 1538571768, window: 1448, ACK
0.427 Acknowledged seq: 1538570320
0.427 Finished reading file
0.427 Assembling: source: 62433, dest: 47186, seq: 1538571768, ack: 20, window: 1448, data: "tempor ex ius. E"...
0.428 Sent: b'\xf3\xe1\xb8R[\xb4\xbd\xf8\x00\x00\x00\x14P\x00\x05\xa8\x00\x00\x00\x00tempor ex ius. E'...
0.430 Received: b'\xb8R\xf3\xe1\x00\x00\x00\x13[\xb4\xbeVP\x10\x05\xa8\x00\x00\x00\x00'
0.430 Disassembled: source: 47186, dest: 62433, seq: 19, ack: 1538571862, window: 1448, ACK
0.430 Acknowledged seq: 1538571768
0.431 Assembling: source: 62433, dest: 47186, seq: 1538571862, ack: 20, window: 1448, ACK, FIN
0.431 Sent: b'\xf3\xe1\xb8R[\xb4\xbeV\x00\x00\x00\x14P\x11\x05\xa8\x00\x00\x00\x00'
0.433 Received: b'\xb8R\xf3\xe1\x00\x00\x00\x13[\xb4\xbeWP\x10\x05\xa8\x00\x00\x00\x00'
0.434 Disassembled: source: 47186, dest: 62433, seq: 19, ack: 1538571863, window: 1448, ACK
0.434 FIN accepted; sending final packet
0.434 Assembling: source: 62433, dest: 47186, seq: 1538571863, ack: 20, window: 1448, ACK
0.434 Sent: b'\xf3\xe1\xb8R[\xb4\xbeW\x00\x00\x00\x14P\x10\x05\xa8\x00\x00\x00\x00'
0.435 Closed connection
0.435 Shutting down
