0.000 NEW RUN: Server, TEST: Read_file__Empty
0.074 Received: b"G'*\x14\x00\x00\x00\x14\x00\x00\x00\x00P\x02\x05\xa8\x00\x00\x00\x00"
0.075 Disassembled: source: 18215, dest: 10772, seq: 20, window: 1448, SYN
0.075 SYN accepted; new connection: 127.0.0.1 on port 18215
0.075 Assembling: source: 10772, dest: 18215, seq: 1528211930, ack: 21, window: 1448, ACK, SYN
0.076 Sent: b"*\x14G'[\x16\xa9\xda\x00\x00\x00\x15P\x12\x05\xa8\x00\x00\x00\x00"
0.078 Received: b"G'*\x14\x00\x00\x00\x15[\x16\xa9\xdbP\x10\x05\xa8\x00\x00\x00\x00"
0.078 Disassembled: source: 18215, dest: 10772, seq: 21, ack: 1528211931, window: 1448, ACK
0.078 Handshake complete
0.078 Acknowledged seq: 1528211930
0.079 Finished reading file
0.079 Assembling: source: 10772, dest: 18215, seq: 1528211931, ack: 22, window: 1448, ACK, FIN
0.079 Sent: b"*\x14G'[\x16\xa9\xdb\x00\x00\x00\x16P\x11\x05\xa8\x00\x00\x00\x00"
0.081 Received: b"G'*\x14\x00\x00\x00\x15[\x16\xa9\xdcP\x10\x05\xa8\x00\x00\x00\x00"
0.082 Disassembled: source: 18215, dest: 10772, seq: 21, ack: 1528211932, window: 1448, ACK
0.082 FIN accepted; sending final packet
0.082 Assembling: source: 10772, dest: 18215, seq: 1528211932, ack: 22, window: 1448, ACK
0.082 Sent: b"*\x14G'[\x16\xa9\xdc\x00\x00\x00\x16P\x10\x05\xa8\x00\x00\x00\x00"
0.082 Closed connection
0.083 Shutting down
