0.000 NEW RUN: Server, TEST: Write_file__Empty
0.075 Received: b'\xd5Z\\\xd8\x00\x00\x00R\x00\x00\x00\x00P\x02\x05\xa8\x00\x00\x00\x00'
0.076 Disassembled: source: 54618, dest: 23768, seq: 82, window: 1448, SYN
0.077 SYN accepted; new connection: 127.0.0.1 on port 54618
0.077 Assembling: source: 23768, dest: 54618, seq: 1539590090, ack: 83, window: 5808, ACK, SYN
0.077 Sent: b'\\\xd8\xd5Z[\xc4G\xca\x00\x00\x00SP\x12\x16\xb0\x00\x00\x00\x00'
0.081 Received: b'\xd5Z\\\xd8\x00\x00\x00S[\xc4G\xcbP\x10\x16\xb0\x00\x00\x00\x00'
0.082 Disassembled: source: 54618, dest: 23768, seq: 83, ack: 1539590091, window: 5808, ACK
0.082 Assembling: source: 23768, dest: 54618, seq: 1539590091, ack: 83, window: 5808, ACK
0.083 Sent: b'\\\xd8\xd5Z[\xc4G\xcb\x00\x00\x00SP\x10\x16\xb0\x00\x00\x00\x00'
0.084 Received: b'\xd5Z\\\xd8\x00\x00\x00S[\xc4G\xcbP\x10\x16\xb0\x00\x00\x00\x00'
0.084 Disassembled: source: 54618, dest: 23768, seq: 83, ack: 1539590091, window: 5808, ACK
0.085 Assembling: source: 23768, dest: 54618, seq: 1539590091, ack: 83, window: 5808, ACK
0.085 Sent: b'\\\xd8\xd5Z[\xc4G\xcb\x00\x00\x00SP\x10\x16\xb0\x00\x00\x00\x00'
0.586 Sent: b'\\\xd8\xd5Z[\xc4G\xcb\x00\x00\x00SP\x10\x16\xb0\x00\x00\x00\x00'
1.086 Sent: b'\\\xd8\xd5Z[\xc4G\xcb\x00\x00\x00SP\x10\x16\xb0\x00\x00\x00\x00'
1.586 Sent: b'\\\xd8\xd5Z[\xc4G\xcb\x00\x00\x00SP\x10\x16\xb0\x00\x00\x00\x00'
2.087 Sent: b'\\\xd8\xd5Z[\xc4G\xcb\x00\x00\x00SP\x10\x16\xb0\x00\x00\x00\x00'
2.587 Error: Connection timed out
2.587 Closed connection
2.588 Shutting down
