0.000 NEW RUN: Server, TEST: Write_file__Single_packet
0.075 Received: b'\xc8\xbb\xd2\x1b\x00\x00\x00#\x00\x00\x00\x00P\x02\x05\xa8\x00\x00\x00\x00'
0.076 Disassembled: source: 51387, dest: 53787, seq: 35, window: 1448, SYN
0.076 SYN accepted; new connection: 127.0.0.1 on port 51387
0.076 Assembling: source: 53787, dest: 51387, seq: 1551003445, ack: 36, window: 5808, ACK, SYN
0.077 Sent: b'\xd2\x1b\xc8\xbb\\ro5\x00\x00\x00$P\x12\x16\xb0\x00\x00\x00\x00'
0.079 Received: b'\xc8\xbb\xd2\x1b\x00\x00\x00$\\ro6P\x10\x16\xb0\x00\x00\x00\x00'
0.079 Disassembled: source: 51387, dest: 53787, seq: 36, ack: 1551003446, window: 5808, ACK
0.080 Assembling: source: 53787, dest: 51387, seq: 1551003446, ack: 36, window: 5808, ACK
0.080 Sent: b'\xd2\x1b\xc8\xbb\\ro6\x00\x00\x00$P\x10\x16\xb0\x00\x00\x00\x00'
0.080 Received: b'\xc8\xbb\xd2\x1b\x00\x00\x00$\\ro6P\x10\x16\xb0\x00\x00\x00\x00This file fits i'...
0.081 Disassembled: source: 51387, dest: 53787, seq: 36, ack: 1551003446, window: 5808, ACK, data: "This file fits i"...
0.081 Handshake complete
0.081 Data accepted; writing to file
0.081 Assembling: source: 53787, dest: 51387, seq: 1551003446, ack: 79, window: 5808, ACK
0.081 Sent: b'\xd2\x1b\xc8\xbb\\ro6\x00\x00\x00OP\x10\x16\xb0\x00\x00\x00\x00'
0.082 Received: b'\xc8\xbb\xd2\x1b\x00\x00\x00$\\ro6P\x00\x16\xb0\x00\x00\x00\x00This file fits i'...
0.082 Disassembled: source: 51387, dest: 53787, seq: 36, ack: 1551003446, window: 5808, data: "This file fits i"...
0.083 Old data; ignoring
0.582 Sent: b'\xd2\x1b\xc8\xbb\\ro6\x00\x00\x00OP\x10\x16\xb0\x00\x00\x00\x00'
1.082 Sent: b'\xd2\x1b\xc8\xbb\\ro6\x00\x00\x00OP\x10\x16\xb0\x00\x00\x00\x00'
1.583 Sent: b'\xd2\x1b\xc8\xbb\\ro6\x00\x00\x00OP\x10\x16\xb0\x00\x00\x00\x00'
2.083 Sent: b'\xd2\x1b\xc8\xbb\\ro6\x00\x00\x00OP\x10\x16\xb0\x00\x00\x00\x00'
2.583 Error: Connection timed out
2.584 Closed connection
2.585 Shutting down
