0.000 NEW RUN: Server, TEST: Write_file__Single_packet
0.077 Received: b'WH\xa1\xb7\n\xe20\x17\x00\x00\x00\x00P\x02\x00\x00\x83\xfa\x00\x00'
0.078 Disassembled: source: 22344, dest: 41399, seq: 182595607, SYN
0.079 SYN accepted; new connection: 127.0.0.1 on port 22344
0.079 Assembling: source: 41399, dest: 22344, seq: 2821836300, ack: 182595608, window: 5808, ACK, SYN
0.079 Sent: b'\xa1\xb7WH\xa81\xce\x0c\n\xe20\x18P\x12\x16\xb0\x00\x00\x00\x00'
0.089 Received: b'WH\xa1\xb7\n\xe20\x18\xa81\xce\rP\x10\x16\xb0\xc1\x8d\x00\x00This file fits i'...
0.090 Disassembled: source: 22344, dest: 41399, seq: 182595608, ack: 2821836301, window: 5808, ACK, data: "This file fits i"...
0.090 Handshake complete
0.090 Data accepted; writing to file
0.090 Assembling: source: 41399, dest: 22344, seq: 2821836301, ack: 182595651, window: 5808, ACK
0.090 Sent: b'\xa1\xb7WH\xa81\xce\r\n\xe20CP\x10\x16\xb0\x00\x00\x00\x00'
0.099 Received: b'WH\xa1\xb7\n\xe20C\xa81\xce\rP\x11\x16\xb0\x11#\x00\x00'
0.099 Disassembled: source: 22344, dest: 41399, seq: 182595651, ack: 2821836301, window: 5808, ACK, FIN
0.099 FIN accepted; closing
0.100 Assembling: source: 41399, dest: 22344, seq: 2821836301, ack: 182595651, window: 5808, ACK, FIN
0.100 Sent: b'\xa1\xb7WH\xa81\xce\r\n\xe20CP\x11\x16\xb0\x00\x00\x00\x00'
0.600 Sent: b'\xa1\xb7WH\xa81\xce\r\n\xe20CP\x11\x16\xb0\x00\x00\x00\x00'
1.101 Sent: b'\xa1\xb7WH\xa81\xce\r\n\xe20CP\x11\x16\xb0\x00\x00\x00\x00'
1.602 Sent: b'\xa1\xb7WH\xa81\xce\r\n\xe20CP\x11\x16\xb0\x00\x00\x00\x00'
2.102 Sent: b'\xa1\xb7WH\xa81\xce\r\n\xe20CP\x11\x16\xb0\x00\x00\x00\x00'
2.603 Error: Connection timed out
2.603 Closed connection
3.103 Shutting down
