0.000 NEW RUN: Server, TEST: Read_file__Large_multi-packet
0.227 Received: b'\xd0\x94\x88u\x00\x00\x00"\x00\x00\x00\x00P\x02\x05\xa8\x00\x00\x00\x00'
0.228 Disassembled: source: 53396, dest: 34933, seq: 34, window: 1448, SYN
0.228 SYN accepted; new connection: 127.0.0.1 on port 53396
0.229 Assembling: source: 34933, dest: 53396, seq: 573471792, ack: 35, window: 1448, ACK, SYN
0.229 Sent: b'\x88u\xd0\x94".|0\x00\x00\x00#P\x12\x05\xa8\x00\x00\x00\x00'
0.230 Received: b'\xd0\x94\x88u\x00\x00\x00#".|1P\x10\x05\xa8\x00\x00\x00\x00'
0.230 Disassembled: source: 53396, dest: 34933, seq: 35, ack: 573471793, window: 1448, ACK
0.231 Handshake complete
0.231 Acknowledged seq: 573471792
0.231 Assembling: source: 34933, dest: 53396, seq: 573471793, ack: 36, window: 1448, data: "Lorem ipsum dolo"...
0.231 Sent: b'\x88u\xd0\x94".|1\x00\x00\x00$P\x00\x05\xa8\x00\x00\x00\x00Lorem ipsum dolo'...
0.232 Received: b'\xd0\x94\x88u\x00\x00\x00#".\x81\xd9P\x10\x05\xa8\x00\x00\x00\x00'
0.232 Disassembled: source: 53396, dest: 34933, seq: 35, ack: 573473241, window: 1448, ACK
0.233 Acknowledged seq: 573471793
0.233 Assembling: source: 34933, dest: 53396, seq: 573473241, ack: 36, window: 1448, data: "mprehensam nam, "...
0.233 Sent: b'\x88u\xd0\x94".\x81\xd9\x00\x00\x00$P\x00\x05\xa8\x00\x00\x00\x00mprehensam nam, '...
0.234 Received: b'\xd0\x94\x88u\x00\x00\x00#".\x87\x81P\x10\x05\xa8\x00\x00\x00\x00'
0.234 Disassembled: source: 53396, dest: 34933, seq: 35, ack: 573474689, window: 1448, ACK
0.235 Acknowledged seq: 573473241
0.235 Assembling: source: 34933, dest: 53396, seq: 573474689, ack: 36, window: 1448, data: "ilisi repudiare "...
0.235 Sent: b'\x88u\xd0\x94".\x87\x81\x00\x00\x00$P\x00\x05\xa8\x00\x00\x00\x00ilisi repudiare '...
0.236 Received: b'\xd0\x94\x88u\x00\x00\x00#".\x8d)P\x10\x05\xa8\x00\x00\x00\x00'
0.236 Disassembled: source: 53396, dest: 34933, seq: 35, ack: 573476137, window: 1448, ACK
0.236 Acknowledged seq: 573474689
0.237 Assembling: source: 34933, dest: 53396, seq: 573476137, ack: 36, window: 1448, data: "ta.

Et essent s"...
0.237 Sent: b'\x88u\xd0\x94".\x8d)\x00\x00\x00$P\x00\x05\xa8\x00\x00\x00\x00ta.\n\nEt essent s'...
0.238 Received: b'\xd0\x94\x88u\x00\x00\x00#".\x92\xd1P\x10\x05\xa8\x00\x00\x00\x00'
0.238 Disassembled: source: 53396, dest: 34933, seq: 35, ack: 573477585, window: 1448, ACK
0.238 Acknowledged seq: 573476137
0.238 Assembling: source: 34933, dest: 53396, seq: 573477585, ack: 36, window: 1448, data: " Nihil tractatos"...
0.238 Sent: b'\x88u\xd0\x94".\x92\xd1\x00\x00\x00$P\x00\x05\xa8\x00\x00\x00\x00 Nihil tractatos'...
0.240 Received: b'\xd0\x94\x88u\x00\x00\x00#".\x98yP\x10\x05\xa8\x00\x00\x00\x00'
0.240 Disassembled: source: 53396, dest: 34933, seq: 35, ack: 573479033, window: 1448, ACK
0.240 Acknowledged seq: 573477585
0.240 Assembling: source: 34933, dest: 53396, seq: 573479033, ack: 36, window: 1448, data: "fert iuvaret sap"...
0.240 Sent: b'\x88u\xd0\x94".\x98y\x00\x00\x00$P\x00\x05\xa8\x00\x00\x00\x00fert iuvaret sap'...
0.242 Received: b'\xd0\x94\x88u\x00\x00\x00#".\x9e!P\x10\x05\xa8\x00\x00\x00\x00'
0.242 Disassembled: source: 53396, dest: 34933, seq: 35, ack: 573480481, window: 1448, ACK
0.242 Acknowledged seq: 573479033
0.242 Assembling: source: 34933, dest: 53396, seq: 573480481, ack: 36, window: 1448, data: "ram adipiscing, "...
0.242 Sent: b'\x88u\xd0\x94".\x9e!\x00\x00\x00$P\x00\x05\xa8\x00\x00\x00\x00ram adipiscing, '...
0.243 Received: b'\xd0\x94\x88u\x00\x00\x00#".\xa3\xc9P\x10\x05\xa8\x00\x00\x00\x00'
0.244 Disassembled: source: 53396, dest: 34933, seq: 35, ack: 573481929, window: 1448, ACK
0.244 Acknowledged seq: 573480481
0.244 Assembling: source: 34933, dest: 53396, seq: 573481929, ack: 36, window: 1448, data: "m veritus vivend"...
0.244 Sent: b'\x88u\xd0\x94".\xa3\xc9\x00\x00\x00$P\x00\x05\xa8\x00\x00\x00\x00m veritus vivend'...
0.245 Received: b'\xd0\x94\x88u\x00\x00\x00#".\xa9qP\x10\x05\xa8\x00\x00\x00\x00'
0.246 Disassembled: source: 53396, dest: 34933, seq: 35, ack: 573483377, window: 1448, ACK
0.246 Acknowledged seq: 573481929
0.246 Assembling: source: 34933, dest: 53396, seq: 573483377, ack: 36, window: 1448, data: " delenit, ignota"...
0.246 Sent: b'\x88u\xd0\x94".\xa9q\x00\x00\x00$P\x00\x05\xa8\x00\x00\x00\x00 delenit, ignota'...
0.247 Received: b'\xd0\x94\x88u\x00\x00\x00#".\xaf\x19P\x10\x05\xa8\x00\x00\x00\x00'
0.248 Disassembled: source: 53396, dest: 34933, seq: 35, ack: 573484825, window: 1448, ACK
0.248 Acknowledged seq: 573483377
0.248 Assembling: source: 34933, dest: 53396, seq: 573484825, ack: 36, window: 1448, data: "se explicari des"...
0.248 Sent: b'\x88u\xd0\x94".\xaf\x19\x00\x00\x00$P\x00\x05\xa8\x00\x00\x00\x00se explicari des'...
0.249 Received: b'\xd0\x94\x88u\x00\x00\x00#".\xb4\xc1P\x10\x05\xa8\x00\x00\x00\x00'
0.250 Disassembled: source: 53396, dest: 34933, seq: 35, ack: 573486273, window: 1448, ACK
0.250 Acknowledged seq: 573484825
0.250 Assembling: source: 34933, dest: 53396, seq: 573486273, ack: 36, window: 1448, data: "piscing, in modo"...
0.250 Sent: b'\x88u\xd0\x94".\xb4\xc1\x00\x00\x00$P\x00\x05\xa8\x00\x00\x00\x00piscing, in modo'...
0.252 Received: b'\xd0\x94\x88u\x00\x00\x00#".\xbaiP\x10\x05\xa8\x00\x00\x00\x00'
0.252 Disassembled: source: 53396, dest: 34933, seq: 35, ack: 573487721, window: 1448, ACK
0.252 Acknowledged seq: 573486273
0.252 Assembling: source: 34933, dest: 53396, seq: 573487721, ack: 36, window: 1448, data: "o copiosae tacim"...
0.252 Sent: b'\x88u\xd0\x94".\xbai\x00\x00\x00$P\x00\x05\xa8\x00\x00\x00\x00o copiosae tacim'...
0.253 Received: b'\xd0\x94\x88u\x00\x00\x00#".\xc0\x11P\x10\x05\xa8\x00\x00\x00\x00'
0.254 Disassembled: source: 53396, dest: 34933, seq: 35, ack: 573489169, window: 1448, ACK
0.254 Acknowledged seq: 573487721
0.254 Assembling: source: 34933, dest: 53396, seq: 573489169, ack: 36, window: 1448, data: "am. Pri ne antio"...
0.254 Sent: b'\x88u\xd0\x94".\xc0\x11\x00\x00\x00$P\x00\x05\xa8\x00\x00\x00\x00am. Pri ne antio'...
0.256 Received: b'\xd0\x94\x88u\x00\x00\x00#".\xc5\xb9P\x10\x05\xa8\x00\x00\x00\x00'
0.256 Disassembled: source: 53396, dest: 34933, seq: 35, ack: 573490617, window: 1448, ACK
0.256 Acknowledged seq: 573489169
0.256 Assembling: source: 34933, dest: 53396, seq: 573490617, ack: 36, window: 1448, data: "to no. Elitr pos"...
0.257 Sent: b'\x88u\xd0\x94".\xc5\xb9\x00\x00\x00$P\x00\x05\xa8\x00\x00\x00\x00to no. Elitr pos'...
0.258 Received: b'\xd0\x94\x88u\x00\x00\x00#".\xcbaP\x10\x05\xa8\x00\x00\x00\x00'
0.258 Disassembled: source: 53396, dest: 34933, seq: 35, ack: 573492065, window: 1448, ACK
0.258 Acknowledged seq: 573490617
0.258 Assembling: source: 34933, dest: 53396, seq: 573492065, ack: 36, window: 1448, data: "pretaris, sea ex"...
0.259 Sent: b'\x88u\xd0\x94".\xcba\x00\x00\x00$P\x00\x05\xa8\x00\x00\x00\x00pretaris, sea ex'...
0.260 Received: b'\xd0\x94\x88u\x00\x00\x00#".\xd1\tP\x10\x05\xa8\x00\x00\x00\x00'
0.260 Disassembled: source: 53396, dest: 34933, seq: 35, ack: 573493513, window: 1448, ACK
0.260 Acknowledged seq: 573492065
0.260 Assembling: source: 34933, dest: 53396, seq: 573493513, ack: 36, window: 1448, data: "oporteat inimicu"...
0.261 Sent: b'\x88u\xd0\x94".\xd1\t\x00\x00\x00$P\x00\x05\xa8\x00\x00\x00\x00oporteat inimicu'...
0.262 Received: b'\xd0\x94\x88u\x00\x00\x00#".\xd6\xb1P\x10\x05\xa8\x00\x00\x00\x00'
0.262 Disassembled: source: 53396, dest: 34933, seq: 35, ack: 573494961, window: 1448, ACK
0.262 Acknowledged seq: 573493513
0.263 Assembling: source: 34933, dest: 53396, seq: 573494961, ack: 36, window: 1448, data: "ligendi officiis"...
0.263 Sent: b'\x88u\xd0\x94".\xd6\xb1\x00\x00\x00$P\x00\x05\xa8\x00\x00\x00\x00ligendi officiis'...
0.264 Received: b'\xd0\x94\x88u\x00\x00\x00#".\xdcYP\x10\x05\xa8\x00\x00\x00\x00'
0.264 Disassembled: source: 53396, dest: 34933, seq: 35, ack: 573496409, window: 1448, ACK
0.265 Acknowledged seq: 573494961
0.265 Assembling: source: 34933, dest: 53396, seq: 573496409, ack: 36, window: 1448, data: "no vel regione i"...
0.265 Sent: b'\x88u\xd0\x94".\xdcY\x00\x00\x00$P\x00\x05\xa8\x00\x00\x00\x00no vel regione i'...
0.266 Received: b'\xd0\x94\x88u\x00\x00\x00#".\xe2\x01P\x10\x05\xa8\x00\x00\x00\x00'
0.267 Disassembled: source: 53396, dest: 34933, seq: 35, ack: 573497857, window: 1448, ACK
0.267 Acknowledged seq: 573496409
0.267 Assembling: source: 34933, dest: 53396, seq: 573497857, ack: 36, window: 1448, data: "ibus vis ex, pro"...
0.267 Sent: b'\x88u\xd0\x94".\xe2\x01\x00\x00\x00$P\x00\x05\xa8\x00\x00\x00\x00ibus vis ex, pro'...
0.268 Received: b'\xd0\x94\x88u\x00\x00\x00#".\xe7\xa9P\x10\x05\xa8\x00\x00\x00\x00'
0.269 Disassembled: source: 53396, dest: 34933, seq: 35, ack: 573499305, window: 1448, ACK
0.269 Acknowledged seq: 573497857
0.269 Assembling: source: 34933, dest: 53396, seq: 573499305, ack: 36, window: 1448, data: "o vix, mel ea li"...
0.269 Sent: b'\x88u\xd0\x94".\xe7\xa9\x00\x00\x00$P\x00\x05\xa8\x00\x00\x00\x00o vix, mel ea li'...
0.271 Received: b'\xd0\x94\x88u\x00\x00\x00#".\xedQP\x10\x05\xa8\x00\x00\x00\x00'
0.271 Disassembled: source: 53396, dest: 34933, seq: 35, ack: 573500753, window: 1448, ACK
0.271 Acknowledged seq: 573499305
0.271 Assembling: source: 34933, dest: 53396, seq: 573500753, ack: 36, window: 1448, data: "d. Ex fugit suav"...
0.272 Sent: b'\x88u\xd0\x94".\xedQ\x00\x00\x00$P\x00\x05\xa8\x00\x00\x00\x00d. Ex fugit suav'...
0.273 Received: b'\xd0\x94\x88u\x00\x00\x00#".\xf2\xf9P\x10\x05\xa8\x00\x00\x00\x00'
0.273 Disassembled: source: 53396, dest: 34933, seq: 35, ack: 573502201, window: 1448, ACK
0.274 Acknowledged seq: 573500753
0.274 Assembling: source: 34933, dest: 53396, seq: 573502201, ack: 36, window: 1448, data: "pertinax nec. De"...
0.274 Sent: b'\x88u\xd0\x94".\xf2\xf9\x00\x00\x00$P\x00\x05\xa8\x00\x00\x00\x00pertinax nec. De'...
0.275 Received: b'\xd0\x94\x88u\x00\x00\x00#".\xf8\xa1P\x10\x05\xa8\x00\x00\x00\x00'
0.276 Disassembled: source: 53396, dest: 34933, seq: 35, ack: 573503649, window: 1448, ACK
0.276 Acknowledged seq: 573502201
0.276 Assembling: source: 34933, dest: 53396, seq: 573503649, ack: 36, window: 1448, data: "lli primis praes"...
0.276 Sent: b'\x88u\xd0\x94".\xf8\xa1\x00\x00\x00$P\x00\x05\xa8\x00\x00\x00\x00lli primis praes'...
0.278 Received: b'\xd0\x94\x88u\x00\x00\x00#".\xfeIP\x10\x05\xa8\x00\x00\x00\x00'
0.278 Disassembled: source: 53396, dest: 34933, seq: 35, ack: 573505097, window: 1448, ACK
0.278 Acknowledged seq: 573503649
0.278 Assembling: source: 34933, dest: 53396, seq: 573505097, ack: 36, window: 1448, data: "m, percipit inte"...
0.279 Sent: b'\x88u\xd0\x94".\xfeI\x00\x00\x00$P\x00\x05\xa8\x00\x00\x00\x00m, percipit inte'...
0.280 Received: b'\xd0\x94\x88u\x00\x00\x00#"/\x03\xf1P\x10\x05\xa8\x00\x00\x00\x00'
0.280 Disassembled: source: 53396, dest: 34933, seq: 35, ack: 573506545, window: 1448, ACK
0.281 Acknowledged seq: 573505097
0.281 Assembling: source: 34933, dest: 53396, seq: 573506545, ack: 36, window: 1448, data: "nani docendi pat"...
0.281 Sent: b'\x88u\xd0\x94"/\x03\xf1\x00\x00\x00$P\x00\x05\xa8\x00\x00\x00\x00nani docendi pat'...
0.282 Received: b'\xd0\x94\x88u\x00\x00\x00#"/\t\x99P\x10\x05\xa8\x00\x00\x00\x00'
0.283 Disassembled: source: 53396, dest: 34933, seq: 35, ack: 573507993, window: 1448, ACK
0.283 Acknowledged seq: 573506545
0.283 Assembling: source: 34933, dest: 53396, seq: 573507993, ack: 36, window: 1448, data: " vis decore poss"...
0.283 Sent: b'\x88u\xd0\x94"/\t\x99\x00\x00\x00$P\x00\x05\xa8\x00\x00\x00\x00 vis decore poss'...
0.285 Received: b'\xd0\x94\x88u\x00\x00\x00#"/\x0fAP\x10\x05\xa8\x00\x00\x00\x00'
0.285 Disassembled: source: 53396, dest: 34933, seq: 35, ack: 573509441, window: 1448, ACK
0.286 Acknowledged seq: 573507993
0.286 Assembling: source: 34933, dest: 53396, seq: 573509441, ack: 36, window: 1448, data: "eam odio corpora"...
0.286 Sent: b'\x88u\xd0\x94"/\x0fA\x00\x00\x00$P\x00\x05\xa8\x00\x00\x00\x00eam odio corpora'...
0.288 Received: b'\xd0\x94\x88u\x00\x00\x00#"/\x14\xe9P\x10\x05\xa8\x00\x00\x00\x00'
0.288 Disassembled: source: 53396, dest: 34933, seq: 35, ack: 573510889, window: 1448, ACK
0.288 Acknowledged seq: 573509441
0.288 Assembling: source: 34933, dest: 53396, seq: 573510889, ack: 36, window: 1448, data: " est. Usu sanctu"...
0.289 Sent: b'\x88u\xd0\x94"/\x14\xe9\x00\x00\x00$P\x00\x05\xa8\x00\x00\x00\x00 est. Usu sanctu'...
0.290 Received: b'\xd0\x94\x88u\x00\x00\x00#"/\x1a\x91P\x10\x05\xa8\x00\x00\x00\x00'
0.291 Disassembled: source: 53396, dest: 34933, seq: 35, ack: 573512337, window: 1448, ACK
0.291 Acknowledged seq: 573510889
0.291 Assembling: source: 34933, dest: 53396, seq: 573512337, ack: 36, window: 1448, data: ".

Mei graeco ae"...
0.291 Sent: b'\x88u\xd0\x94"/\x1a\x91\x00\x00\x00$P\x00\x05\xa8\x00\x00\x00\x00.\n\nMei graeco ae'...
0.293 Received: b'\xd0\x94\x88u\x00\x00\x00#"/ 9P\x10\x05\xa8\x00\x00\x00\x00'
0.293 Disassembled: source: 53396, dest: 34933, seq: 35, ack: 573513785, window: 1448, ACK
0.293 Acknowledged seq: 573512337
0.293 Assembling: source: 34933, dest: 53396, seq: 573513785, ack: 36, window: 1448, data: "et. Ne sea primi"...
0.294 Sent: b'\x88u\xd0\x94"/ 9\x00\x00\x00$P\x00\x05\xa8\x00\x00\x00\x00et. Ne sea primi'...
0.295 Received: b'\xd0\x94\x88u\x00\x00\x00#"/%\xe1P\x10\x05\xa8\x00\x00\x00\x00'
0.296 Disassembled: source: 53396, dest: 34933, seq: 35, ack: 573515233, window: 1448, ACK
0.296 Acknowledged seq: 573513785
0.296 Assembling: source: 34933, dest: 53396, seq: 573515233, ack: 36, window: 1448, data: "ittam convenire."...
0.296 Sent: b'\x88u\xd0\x94"/%\xe1\x00\x00\x00$P\x00\x05\xa8\x00\x00\x00\x00ittam convenire.'...
0.298 Received: b'\xd0\x94\x88u\x00\x00\x00#"/+\x89P\x10\x05\xa8\x00\x00\x00\x00'
0.298 Disassembled: source: 53396, dest: 34933, seq: 35, ack: 573516681, window: 1448, ACK
0.299 Acknowledged seq: 573515233
0.299 Assembling: source: 34933, dest: 53396, seq: 573516681, ack: 36, window: 1448, data: "ua et vis, id eu"...
0.299 Sent: b'\x88u\xd0\x94"/+\x89\x00\x00\x00$P\x00\x05\xa8\x00\x00\x00\x00ua et vis, id eu'...
0.301 Received: b'\xd0\x94\x88u\x00\x00\x00#"/11P\x10\x05\xa8\x00\x00\x00\x00'
0.301 Disassembled: source: 53396, dest: 34933, seq: 35, ack: 573518129, window: 1448, ACK
0.301 Acknowledged seq: 573516681
0.301 Assembling: source: 34933, dest: 53396, seq: 573518129, ack: 36, window: 1448, data: "r. Et velit appa"...
0.302 Sent: b'\x88u\xd0\x94"/11\x00\x00\x00$P\x00\x05\xa8\x00\x00\x00\x00r. Et velit appa'...
0.303 Received: b'\xd0\x94\x88u\x00\x00\x00#"/6\xd9P\x10\x05\xa8\x00\x00\x00\x00'
0.303 Disassembled: source: 53396, dest: 34933, seq: 35, ack: 573519577, window: 1448, ACK
0.304 Acknowledged seq: 573518129
0.304 Assembling: source: 34933, dest: 53396, seq: 573519577, ack: 36, window: 1448, data: " novum laudem, v"...
0.304 Sent: b'\x88u\xd0\x94"/6\xd9\x00\x00\x00$P\x00\x05\xa8\x00\x00\x00\x00 novum laudem, v'...
0.305 Received: b'\xd0\x94\x88u\x00\x00\x00#"/<\x81P\x10\x05\xa8\x00\x00\x00\x00'
0.306 Disassembled: source: 53396, dest: 34933, seq: 35, ack: 573521025, window: 1448, ACK
0.306 Acknowledged seq: 573519577
0.306 Assembling: source: 34933, dest: 53396, seq: 573521025, ack: 36, window: 1448, data: "luptatibus, cibo"...
0.306 Sent: b'\x88u\xd0\x94"/<\x81\x00\x00\x00$P\x00\x05\xa8\x00\x00\x00\x00luptatibus, cibo'...
0.308 Received: b'\xd0\x94\x88u\x00\x00\x00#"/B)P\x10\x05\xa8\x00\x00\x00\x00'
0.308 Disassembled: source: 53396, dest: 34933, seq: 35, ack: 573522473, window: 1448, ACK
0.309 Acknowledged seq: 573521025
0.309 Assembling: source: 34933, dest: 53396, seq: 573522473, ack: 36, window: 1448, data: "alii indoctum ma"...
0.309 Sent: b'\x88u\xd0\x94"/B)\x00\x00\x00$P\x00\x05\xa8\x00\x00\x00\x00alii indoctum ma'...
0.311 Received: b'\xd0\x94\x88u\x00\x00\x00#"/G\xd1P\x10\x05\xa8\x00\x00\x00\x00'
0.311 Disassembled: source: 53396, dest: 34933, seq: 35, ack: 573523921, window: 1448, ACK
0.311 Acknowledged seq: 573522473
0.312 Assembling: source: 34933, dest: 53396, seq: 573523921, ack: 36, window: 1448, data: "im, his facete c"...
0.312 Sent: b'\x88u\xd0\x94"/G\xd1\x00\x00\x00$P\x00\x05\xa8\x00\x00\x00\x00im, his facete c'...
0.313 Received: b'\xd0\x94\x88u\x00\x00\x00#"/MyP\x10\x05\xa8\x00\x00\x00\x00'
0.314 Disassembled: source: 53396, dest: 34933, seq: 35, ack: 573525369, window: 1448, ACK
0.314 Acknowledged seq: 573523921
0.314 Assembling: source: 34933, dest: 53396, seq: 573525369, ack: 36, window: 1448, data: "e alia dolor com"...
0.314 Sent: b'\x88u\xd0\x94"/My\x00\x00\x00$P\x00\x05\xa8\x00\x00\x00\x00e alia dolor com'...
0.316 Received: b'\xd0\x94\x88u\x00\x00\x00#"/S!P\x10\x05\xa8\x00\x00\x00\x00'
0.316 Disassembled: source: 53396, dest: 34933, seq: 35, ack: 573526817, window: 1448, ACK
0.317 Acknowledged seq: 573525369
0.317 Assembling: source: 34933, dest: 53396, seq: 573526817, ack: 36, window: 1448, data: "it ea, reque tem"...
0.317 Sent: b'\x88u\xd0\x94"/S!\x00\x00\x00$P\x00\x05\xa8\x00\x00\x00\x00it ea, reque tem'...
0.319 Received: b'\xd0\x94\x88u\x00\x00\x00#"/X\xc9P\x10\x05\xa8\x00\x00\x00\x00'
0.319 Disassembled: source: 53396, dest: 34933, seq: 35, ack: 573528265, window: 1448, ACK
0.319 Acknowledged seq: 573526817
0.320 Assembling: source: 34933, dest: 53396, seq: 573528265, ack: 36, window: 1448, data: "alisque.

Equide"...
0.320 Sent: b'\x88u\xd0\x94"/X\xc9\x00\x00\x00$P\x00\x05\xa8\x00\x00\x00\x00alisque.\n\nEquide'...
0.322 Received: b'\xd0\x94\x88u\x00\x00\x00#"/^qP\x10\x05\xa8\x00\x00\x00\x00'
0.322 Disassembled: source: 53396, dest: 34933, seq: 35, ack: 573529713, window: 1448, ACK
0.322 Acknowledged seq: 573528265
0.322 Assembling: source: 34933, dest: 53396, seq: 573529713, ack: 36, window: 1448, data: "finitiones, affe"...
0.322 Sent: b'\x88u\xd0\x94"/^q\x00\x00\x00$P\x00\x05\xa8\x00\x00\x00\x00finitiones, affe'...
0.324 Received: b'\xd0\x94\x88u\x00\x00\x00#"/d\x19P\x10\x05\xa8\x00\x00\x00\x00'
0.325 Disassembled: source: 53396, dest: 34933, seq: 35, ack: 573531161, window: 1448, ACK
0.325 Acknowledged seq: 573529713
0.325 Assembling: source: 34933, dest: 53396, seq: 573531161, ack: 36, window: 1448, data: "his duis graeco "...
0.325 Sent: b'\x88u\xd0\x94"/d\x19\x00\x00\x00$P\x00\x05\xa8\x00\x00\x00\x00his duis graeco '...
0.327 Received: b'\xd0\x94\x88u\x00\x00\x00#"/i\xc1P\x10\x05\xa8\x00\x00\x00\x00'
0.327 Disassembled: source: 53396, dest: 34933, seq: 35, ack: 573532609, window: 1448, ACK
0.328 Acknowledged seq: 573531161
0.328 Assembling: source: 34933, dest: 53396, seq: 573532609, ack: 36, window: 1448, data: "am. Alia possit "...
0.328 Sent: b'\x88u\xd0\x94"/i\xc1\x00\x00\x00$P\x00\x05\xa8\x00\x00\x00\x00am. Alia possit '...
0.330 Received: b'\xd0\x94\x88u\x00\x00\x00#"/oiP\x10\x05\xa8\x00\x00\x00\x00'
0.330 Disassembled: source: 53396, dest: 34933, seq: 35, ack: 573534057, window: 1448, ACK
0.330 Acknowledged seq: 573532609
0.330 Assembling: source: 34933, dest: 53396, seq: 573534057, ack: 36, window: 1448, data: "cum an. Mei faci"...
0.331 Sent: b'\x88u\xd0\x94"/oi\x00\x00\x00$P\x00\x05\xa8\x00\x00\x00\x00cum an. Mei faci'...
0.332 Received: b'\xd0\x94\x88u\x00\x00\x00#"/u\x11P\x10\x05\xa8\x00\x00\x00\x00'
0.333 Disassembled: source: 53396, dest: 34933, seq: 35, ack: 573535505, window: 1448, ACK
0.333 Acknowledged seq: 573534057
0.333 Assembling: source: 34933, dest: 53396, seq: 573535505, ack: 36, window: 1448, data: " vis adhuc tatio"...
0.333 Sent: b'\x88u\xd0\x94"/u\x11\x00\x00\x00$P\x00\x05\xa8\x00\x00\x00\x00 vis adhuc tatio'...
0.335 Received: b'\xd0\x94\x88u\x00\x00\x00#"/z\xb9P\x10\x05\xa8\x00\x00\x00\x00'
0.335 Disassembled: source: 53396, dest: 34933, seq: 35, ack: 573536953, window: 1448, ACK
0.336 Acknowledged seq: 573535505
0.336 Assembling: source: 34933, dest: 53396, seq: 573536953, ack: 36, window: 1448, data: "im eu option iuv"...
0.336 Sent: b'\x88u\xd0\x94"/z\xb9\x00\x00\x00$P\x00\x05\xa8\x00\x00\x00\x00im eu option iuv'...
0.337 Received: b'\xd0\x94\x88u\x00\x00\x00#"/\x80aP\x10\x05\xa8\x00\x00\x00\x00'
0.338 Disassembled: source: 53396, dest: 34933, seq: 35, ack: 573538401, window: 1448, ACK
0.338 Acknowledged seq: 573536953
0.338 Assembling: source: 34933, dest: 53396, seq: 573538401, ack: 36, window: 1448, data: "ex epicurei taci"...
0.338 Sent: b'\x88u\xd0\x94"/\x80a\x00\x00\x00$P\x00\x05\xa8\x00\x00\x00\x00ex epicurei taci'...
0.340 Received: b'\xd0\x94\x88u\x00\x00\x00#"/\x86\tP\x10\x05\xa8\x00\x00\x00\x00'
0.340 Disassembled: source: 53396, dest: 34933, seq: 35, ack: 573539849, window: 1448, ACK
0.341 Acknowledged seq: 573538401
0.341 Assembling: source: 34933, dest: 53396, seq: 573539849, ack: 36, window: 1448, data: "ebat, eu pro ero"...
0.341 Sent: b'\x88u\xd0\x94"/\x86\t\x00\x00\x00$P\x00\x05\xa8\x00\x00\x00\x00ebat, eu pro ero'...
0.342 Received: b'\xd0\x94\x88u\x00\x00\x00#"/\x8b\xb1P\x10\x05\xa8\x00\x00\x00\x00'
0.343 Disassembled: source: 53396, dest: 34933, seq: 35, ack: 573541297, window: 1448, ACK
0.343 Acknowledged seq: 573539849
0.343 Assembling: source: 34933, dest: 53396, seq: 573541297, ack: 36, window: 1448, data: "s. Per no sale v"...
0.344 Sent: b'\x88u\xd0\x94"/\x8b\xb1\x00\x00\x00$P\x00\x05\xa8\x00\x00\x00\x00s. Per no sale v'...
0.345 Received: b'\xd0\x94\x88u\x00\x00\x00#"/\x91YP\x10\x05\xa8\x00\x00\x00\x00'
0.345 Disassembled: source: 53396, dest: 34933, seq: 35, ack: 573542745, window: 1448, ACK
0.346 Acknowledged seq: 573541297
0.346 Assembling: source: 34933, dest: 53396, seq: 573542745, ack: 36, window: 1448, data: "orrupte ea mel. "...
0.346 Sent: b'\x88u\xd0\x94"/\x91Y\x00\x00\x00$P\x00\x05\xa8\x00\x00\x00\x00orrupte ea mel. '...
0.348 Received: b'\xd0\x94\x88u\x00\x00\x00#"/\x97\x01P\x10\x05\xa8\x00\x00\x00\x00'
0.348 Disassembled: source: 53396, dest: 34933, seq: 35, ack: 573544193, window: 1448, ACK
0.348 Acknowledged seq: 573542745
0.348 Assembling: source: 34933, dest: 53396, seq: 573544193, ack: 36, window: 1448, data: ". Est iracundia "...
0.349 Sent: b'\x88u\xd0\x94"/\x97\x01\x00\x00\x00$P\x00\x05\xa8\x00\x00\x00\x00. Est iracundia '...
0.350 Received: b'\xd0\x94\x88u\x00\x00\x00#"/\x9c\xa9P\x10\x05\xa8\x00\x00\x00\x00'
0.350 Disassembled: source: 53396, dest: 34933, seq: 35, ack: 573545641, window: 1448, ACK
0.351 Acknowledged seq: 573544193
0.351 Assembling: source: 34933, dest: 53396, seq: 573545641, ack: 36, window: 1448, data: "pta probatus scr"...
0.351 Sent: b'\x88u\xd0\x94"/\x9c\xa9\x00\x00\x00$P\x00\x05\xa8\x00\x00\x00\x00pta probatus scr'...
0.353 Received: b'\xd0\x94\x88u\x00\x00\x00#"/\xa2QP\x10\x05\xa8\x00\x00\x00\x00'
0.353 Disassembled: source: 53396, dest: 34933, seq: 35, ack: 573547089, window: 1448, ACK
0.353 Acknowledged seq: 573545641
0.354 Assembling: source: 34933, dest: 53396, seq: 573547089, ack: 36, window: 1448, data: "entur ei, pro ei"...
0.354 Sent: b'\x88u\xd0\x94"/\xa2Q\x00\x00\x00$P\x00\x05\xa8\x00\x00\x00\x00entur ei, pro ei'...
0.355 Received: b'\xd0\x94\x88u\x00\x00\x00#"/\xa7\xf9P\x10\x05\xa8\x00\x00\x00\x00'
0.356 Disassembled: source: 53396, dest: 34933, seq: 35, ack: 573548537, window: 1448, ACK
0.356 Acknowledged seq: 573547089
0.356 Assembling: source: 34933, dest: 53396, seq: 573548537, ack: 36, window: 1448, data: "simul euismod vi"...
0.356 Sent: b'\x88u\xd0\x94"/\xa7\xf9\x00\x00\x00$P\x00\x05\xa8\x00\x00\x00\x00simul euismod vi'...
0.358 Received: b'\xd0\x94\x88u\x00\x00\x00#"/\xad\xa1P\x10\x05\xa8\x00\x00\x00\x00'
0.358 Disassembled: source: 53396, dest: 34933, seq: 35, ack: 573549985, window: 1448, ACK
0.358 Acknowledged seq: 573548537
0.359 Assembling: source: 34933, dest: 53396, seq: 573549985, ack: 36, window: 1448, data: ", eam id iudico "...
0.359 Sent: b'\x88u\xd0\x94"/\xad\xa1\x00\x00\x00$P\x00\x05\xa8\x00\x00\x00\x00, eam id iudico '...
0.361 Received: b'\xd0\x94\x88u\x00\x00\x00#"/\xb3IP\x10\x05\xa8\x00\x00\x00\x00'
0.361 Disassembled: source: 53396, dest: 34933, seq: 35, ack: 573551433, window: 1448, ACK
0.361 Acknowledged seq: 573549985
0.361 Assembling: source: 34933, dest: 53396, seq: 573551433, ack: 36, window: 1448, data: "m vix. Ea est mu"...
0.361 Sent: b'\x88u\xd0\x94"/\xb3I\x00\x00\x00$P\x00\x05\xa8\x00\x00\x00\x00m vix. Ea est mu'...
0.363 Received: b'\xd0\x94\x88u\x00\x00\x00#"/\xb8\xf1P\x10\x05\xa8\x00\x00\x00\x00'
0.364 Disassembled: source: 53396, dest: 34933, seq: 35, ack: 573552881, window: 1448, ACK
0.364 Acknowledged seq: 573551433
0.364 Assembling: source: 34933, dest: 53396, seq: 573552881, ack: 36, window: 1448, data: "olor sit amet, e"...
0.364 Sent: b'\x88u\xd0\x94"/\xb8\xf1\x00\x00\x00$P\x00\x05\xa8\x00\x00\x00\x00olor sit amet, e'...
0.366 Received: b'\xd0\x94\x88u\x00\x00\x00#"/\xbe\x99P\x10\x05\xa8\x00\x00\x00\x00'
0.366 Disassembled: source: 53396, dest: 34933, seq: 35, ack: 573554329, window: 1448, ACK
0.366 Acknowledged seq: 573552881
0.367 Assembling: source: 34933, dest: 53396, seq: 573554329, ack: 36, window: 1448, data: "m, aperiam iudic"...
0.367 Sent: b'\x88u\xd0\x94"/\xbe\x99\x00\x00\x00$P\x00\x05\xa8\x00\x00\x00\x00m, aperiam iudic'...
0.368 Received: b'\xd0\x94\x88u\x00\x00\x00#"/\xc4AP\x10\x05\xa8\x00\x00\x00\x00'
0.369 Disassembled: source: 53396, dest: 34933, seq: 35, ack: 573555777, window: 1448, ACK
0.369 Acknowledged seq: 573554329
0.369 Assembling: source: 34933, dest: 53396, seq: 573555777, ack: 36, window: 1448, data: "re sea. No eos d"...
0.369 Sent: b'\x88u\xd0\x94"/\xc4A\x00\x00\x00$P\x00\x05\xa8\x00\x00\x00\x00re sea. No eos d'...
0.371 Received: b'\xd0\x94\x88u\x00\x00\x00#"/\xc9\xe9P\x10\x05\xa8\x00\x00\x00\x00'
0.372 Disassembled: source: 53396, dest: 34933, seq: 35, ack: 573557225, window: 1448, ACK
0.372 Acknowledged seq: 573555777
0.372 Assembling: source: 34933, dest: 53396, seq: 573557225, ack: 36, window: 1448, data: "t scripta philos"...
0.372 Sent: b'\x88u\xd0\x94"/\xc9\xe9\x00\x00\x00$P\x00\x05\xa8\x00\x00\x00\x00t scripta philos'...
0.374 Received: b'\xd0\x94\x88u\x00\x00\x00#"/\xcf\x91P\x10\x05\xa8\x00\x00\x00\x00'
0.374 Disassembled: source: 53396, dest: 34933, seq: 35, ack: 573558673, window: 1448, ACK
0.375 Acknowledged seq: 573557225
0.375 Assembling: source: 34933, dest: 53396, seq: 573558673, ack: 36, window: 1448, data: "tos sadipscing e"...
0.375 Sent: b'\x88u\xd0\x94"/\xcf\x91\x00\x00\x00$P\x00\x05\xa8\x00\x00\x00\x00tos sadipscing e'...
0.377 Received: b'\xd0\x94\x88u\x00\x00\x00#"/\xd59P\x10\x05\xa8\x00\x00\x00\x00'
0.377 Disassembled: source: 53396, dest: 34933, seq: 35, ack: 573560121, window: 1448, ACK
0.377 Acknowledged seq: 573558673
0.377 Assembling: source: 34933, dest: 53396, seq: 573560121, ack: 36, window: 1448, data: "sapientem ea, ad"...
0.378 Sent: b'\x88u\xd0\x94"/\xd59\x00\x00\x00$P\x00\x05\xa8\x00\x00\x00\x00sapientem ea, ad'...
0.379 Received: b'\xd0\x94\x88u\x00\x00\x00#"/\xda\xe1P\x10\x05\xa8\x00\x00\x00\x00'
0.380 Disassembled: source: 53396, dest: 34933, seq: 35, ack: 573561569, window: 1448, ACK
0.380 Acknowledged seq: 573560121
0.380 Assembling: source: 34933, dest: 53396, seq: 573561569, ack: 36, window: 1448, data: "g, ei invenire p"...
0.380 Sent: b'\x88u\xd0\x94"/\xda\xe1\x00\x00\x00$P\x00\x05\xa8\x00\x00\x00\x00g, ei invenire p'...
0.382 Received: b'\xd0\x94\x88u\x00\x00\x00#"/\xe0\x89P\x10\x05\xa8\x00\x00\x00\x00'
0.382 Disassembled: source: 53396, dest: 34933, seq: 35, ack: 573563017, window: 1448, ACK
0.383 Acknowledged seq: 573561569
0.383 Assembling: source: 34933, dest: 53396, seq: 573563017, ack: 36, window: 1448, data: "endo at. Qui id "...
0.383 Sent: b'\x88u\xd0\x94"/\xe0\x89\x00\x00\x00$P\x00\x05\xa8\x00\x00\x00\x00endo at. Qui id '...
0.385 Received: b'\xd0\x94\x88u\x00\x00\x00#"/\xe61P\x10\x05\xa8\x00\x00\x00\x00'
0.385 Disassembled: source: 53396, dest: 34933, seq: 35, ack: 573564465, window: 1448, ACK
0.385 Acknowledged seq: 573563017
0.385 Assembling: source: 34933, dest: 53396, seq: 573564465, ack: 36, window: 1448, data: "ota nostrum et p"...
0.386 Sent: b'\x88u\xd0\x94"/\xe61\x00\x00\x00$P\x00\x05\xa8\x00\x00\x00\x00ota nostrum et p'...
0.387 Received: b'\xd0\x94\x88u\x00\x00\x00#"/\xeb\xd9P\x10\x05\xa8\x00\x00\x00\x00'
0.388 Disassembled: source: 53396, dest: 34933, seq: 35, ack: 573565913, window: 1448, ACK
0.388 Acknowledged seq: 573564465
0.388 Assembling: source: 34933, dest: 53396, seq: 573565913, ack: 36, window: 1448, data: "deseruisse id. P"...
0.388 Sent: b'\x88u\xd0\x94"/\xeb\xd9\x00\x00\x00$P\x00\x05\xa8\x00\x00\x00\x00deseruisse id. P'...
0.390 Received: b'\xd0\x94\x88u\x00\x00\x00#"/\xf1\x81P\x10\x05\xa8\x00\x00\x00\x00'
0.390 Disassembled: source: 53396, dest: 34933, seq: 35, ack: 573567361, window: 1448, ACK
0.390 Acknowledged seq: 573565913
0.391 Assembling: source: 34933, dest: 53396, seq: 573567361, ack: 36, window: 1448, data: "odo munere imper"...
0.391 Sent: b'\x88u\xd0\x94"/\xf1\x81\x00\x00\x00$P\x00\x05\xa8\x00\x00\x00\x00odo munere imper'...
0.392 Received: b'\xd0\x94\x88u\x00\x00\x00#"/\xf7)P\x10\x05\xa8\x00\x00\x00\x00'
0.393 Disassembled: source: 53396, dest: 34933, seq: 35, ack: 573568809, window: 1448, ACK
0.393 Acknowledged seq: 573567361
0.393 Assembling: source: 34933, dest: 53396, seq: 573568809, ack: 36, window: 1448, data: "cimates cum, tib"...
0.394 Sent: b'\x88u\xd0\x94"/\xf7)\x00\x00\x00$P\x00\x05\xa8\x00\x00\x00\x00cimates cum, tib'...
0.395 Received: b'\xd0\x94\x88u\x00\x00\x00#"/\xfc\xd1P\x10\x05\xa8\x00\x00\x00\x00'
0.396 Disassembled: source: 53396, dest: 34933, seq: 35, ack: 573570257, window: 1448, ACK
0.396 Acknowledged seq: 573568809
0.396 Assembling: source: 34933, dest: 53396, seq: 573570257, ack: 36, window: 1448, data: "tiopam molestiae"...
0.396 Sent: b'\x88u\xd0\x94"/\xfc\xd1\x00\x00\x00$P\x00\x05\xa8\x00\x00\x00\x00tiopam molestiae'...
0.398 Received: b'\xd0\x94\x88u\x00\x00\x00#"0\x02yP\x10\x05\xa8\x00\x00\x00\x00'
0.398 Disassembled: source: 53396, dest: 34933, seq: 35, ack: 573571705, window: 1448, ACK
0.398 Acknowledged seq: 573570257
0.399 Assembling: source: 34933, dest: 53396, seq: 573571705, ack: 36, window: 1448, data: "possim qui no, v"...
0.399 Sent: b'\x88u\xd0\x94"0\x02y\x00\x00\x00$P\x00\x05\xa8\x00\x00\x00\x00possim qui no, v'...
0.401 Received: b'\xd0\x94\x88u\x00\x00\x00#"0\x08!P\x10\x05\xa8\x00\x00\x00\x00'
0.401 Disassembled: source: 53396, dest: 34933, seq: 35, ack: 573573153, window: 1448, ACK
0.401 Acknowledged seq: 573571705
0.401 Assembling: source: 34933, dest: 53396, seq: 573573153, ack: 36, window: 1448, data: " ex utinam parti"...
0.402 Sent: b'\x88u\xd0\x94"0\x08!\x00\x00\x00$P\x00\x05\xa8\x00\x00\x00\x00 ex utinam parti'...
0.403 Received: b'\xd0\x94\x88u\x00\x00\x00#"0\r\xc9P\x10\x05\xa8\x00\x00\x00\x00'
0.404 Disassembled: source: 53396, dest: 34933, seq: 35, ack: 573574601, window: 1448, ACK
0.404 Acknowledged seq: 573573153
0.404 Assembling: source: 34933, dest: 53396, seq: 573574601, ack: 36, window: 1448, data: "icus in his. Pri"...
0.404 Sent: b'\x88u\xd0\x94"0\r\xc9\x00\x00\x00$P\x00\x05\xa8\x00\x00\x00\x00icus in his. Pri'...
0.406 Received: b'\xd0\x94\x88u\x00\x00\x00#"0\x13qP\x10\x05\xa8\x00\x00\x00\x00'
0.407 Disassembled: source: 53396, dest: 34933, seq: 35, ack: 573576049, window: 1448, ACK
0.407 Acknowledged seq: 573574601
0.407 Assembling: source: 34933, dest: 53396, seq: 573576049, ack: 36, window: 1448, data: "iis et.

Ius cu "...
0.407 Sent: b'\x88u\xd0\x94"0\x13q\x00\x00\x00$P\x00\x05\xa8\x00\x00\x00\x00iis et.\n\nIus cu '...
0.409 Received: b'\xd0\x94\x88u\x00\x00\x00#"0\x19\x19P\x10\x05\xa8\x00\x00\x00\x00'
0.409 Disassembled: source: 53396, dest: 34933, seq: 35, ack: 573577497, window: 1448, ACK
0.410 Acknowledged seq: 573576049
0.410 Assembling: source: 34933, dest: 53396, seq: 573577497, ack: 36, window: 1448, data: "e interesset.

T"...
0.410 Sent: b'\x88u\xd0\x94"0\x19\x19\x00\x00\x00$P\x00\x05\xa8\x00\x00\x00\x00e interesset.\n\nT'...
0.412 Received: b'\xd0\x94\x88u\x00\x00\x00#"0\x1e\xc1P\x10\x05\xa8\x00\x00\x00\x00'
0.412 Disassembled: source: 53396, dest: 34933, seq: 35, ack: 573578945, window: 1448, ACK
0.413 Acknowledged seq: 573577497
0.413 Assembling: source: 34933, dest: 53396, seq: 573578945, ack: 36, window: 1448, data: "pro alia volutpa"...
0.413 Sent: b'\x88u\xd0\x94"0\x1e\xc1\x00\x00\x00$P\x00\x05\xa8\x00\x00\x00\x00pro alia volutpa'...
0.415 Received: b'\xd0\x94\x88u\x00\x00\x00#"0$iP\x10\x05\xa8\x00\x00\x00\x00'
0.415 Disassembled: source: 53396, dest: 34933, seq: 35, ack: 573580393, window: 1448, ACK
0.415 Acknowledged seq: 573578945
0.416 Assembling: source: 34933, dest: 53396, seq: 573580393, ack: 36, window: 1448, data: " libris equidem "...
0.416 Sent: b'\x88u\xd0\x94"0$i\x00\x00\x00$P\x00\x05\xa8\x00\x00\x00\x00 libris equidem '...
0.418 Received: b'\xd0\x94\x88u\x00\x00\x00#"0*\x11P\x10\x05\xa8\x00\x00\x00\x00'
0.418 Disassembled: source: 53396, dest: 34933, seq: 35, ack: 573581841, window: 1448, ACK
0.418 Acknowledged seq: 573580393
0.418 Assembling: source: 34933, dest: 53396, seq: 573581841, ack: 36, window: 1448, data: "uavitate volupta"...
0.419 Sent: b'\x88u\xd0\x94"0*\x11\x00\x00\x00$P\x00\x05\xa8\x00\x00\x00\x00uavitate volupta'...
0.420 Received: b'\xd0\x94\x88u\x00\x00\x00#"0/\xb9P\x10\x05\xa8\x00\x00\x00\x00'
0.421 Disassembled: source: 53396, dest: 34933, seq: 35, ack: 573583289, window: 1448, ACK
0.421 Acknowledged seq: 573581841
0.421 Assembling: source: 34933, dest: 53396, seq: 573583289, ack: 36, window: 1448, data: " Detraxit defini"...
0.421 Sent: b'\x88u\xd0\x94"0/\xb9\x00\x00\x00$P\x00\x05\xa8\x00\x00\x00\x00 Detraxit defini'...
0.423 Received: b'\xd0\x94\x88u\x00\x00\x00#"05aP\x10\x05\xa8\x00\x00\x00\x00'
0.423 Disassembled: source: 53396, dest: 34933, seq: 35, ack: 573584737, window: 1448, ACK
0.424 Acknowledged seq: 573583289
0.424 Assembling: source: 34933, dest: 53396, seq: 573584737, ack: 36, window: 1448, data: "aesent mei. Quo "...
0.424 Sent: b'\x88u\xd0\x94"05a\x00\x00\x00$P\x00\x05\xa8\x00\x00\x00\x00aesent mei. Quo '...
0.426 Received: b'\xd0\x94\x88u\x00\x00\x00#"0;\tP\x10\x05\xa8\x00\x00\x00\x00'
0.426 Disassembled: source: 53396, dest: 34933, seq: 35, ack: 573586185, window: 1448, ACK
0.426 Acknowledged seq: 573584737
0.427 Assembling: source: 34933, dest: 53396, seq: 573586185, ack: 36, window: 1448, data: "nterpretaris no "...
0.427 Sent: b'\x88u\xd0\x94"0;\t\x00\x00\x00$P\x00\x05\xa8\x00\x00\x00\x00nterpretaris no '...
0.429 Received: b'\xd0\x94\x88u\x00\x00\x00#"0@\xb1P\x10\x05\xa8\x00\x00\x00\x00'
0.429 Disassembled: source: 53396, dest: 34933, seq: 35, ack: 573587633, window: 1448, ACK
0.429 Acknowledged seq: 573586185
0.429 Assembling: source: 34933, dest: 53396, seq: 573587633, ack: 36, window: 1448, data: "patrioque has. I"...
0.430 Sent: b'\x88u\xd0\x94"0@\xb1\x00\x00\x00$P\x00\x05\xa8\x00\x00\x00\x00patrioque has. I'...
0.431 Received: b'\xd0\x94\x88u\x00\x00\x00#"0FYP\x10\x05\xa8\x00\x00\x00\x00'
0.432 Disassembled: source: 53396, dest: 34933, seq: 35, ack: 573589081, window: 1448, ACK
0.432 Acknowledged seq: 573587633
0.432 Assembling: source: 34933, dest: 53396, seq: 573589081, ack: 36, window: 1448, data: "ossit repudianda"...
0.432 Sent: b'\x88u\xd0\x94"0FY\x00\x00\x00$P\x00\x05\xa8\x00\x00\x00\x00ossit repudianda'...
0.434 Received: b'\xd0\x94\x88u\x00\x00\x00#"0L\x01P\x10\x05\xa8\x00\x00\x00\x00'
0.434 Disassembled: source: 53396, dest: 34933, seq: 35, ack: 573590529, window: 1448, ACK
0.434 Acknowledged seq: 573589081
0.435 Assembling: source: 34933, dest: 53396, seq: 573590529, ack: 36, window: 1448, data: "ora consequuntur"...
0.435 Sent: b'\x88u\xd0\x94"0L\x01\x00\x00\x00$P\x00\x05\xa8\x00\x00\x00\x00ora consequuntur'...
0.436 Received: b'\xd0\x94\x88u\x00\x00\x00#"0Q\xa9P\x10\x05\xa8\x00\x00\x00\x00'
0.437 Disassembled: source: 53396, dest: 34933, seq: 35, ack: 573591977, window: 1448, ACK
0.437 Acknowledged seq: 573590529
0.437 Assembling: source: 34933, dest: 53396, seq: 573591977, ack: 36, window: 1448, data: "ctus conceptam a"...
0.438 Sent: b'\x88u\xd0\x94"0Q\xa9\x00\x00\x00$P\x00\x05\xa8\x00\x00\x00\x00ctus conceptam a'...
0.439 Received: b'\xd0\x94\x88u\x00\x00\x00#"0WQP\x10\x05\xa8\x00\x00\x00\x00'
0.440 Disassembled: source: 53396, dest: 34933, seq: 35, ack: 573593425, window: 1448, ACK
0.440 Acknowledged seq: 573591977
0.440 Assembling: source: 34933, dest: 53396, seq: 573593425, ack: 36, window: 1448, data: " aeterno te, ne "...
0.440 Sent: b'\x88u\xd0\x94"0WQ\x00\x00\x00$P\x00\x05\xa8\x00\x00\x00\x00 aeterno te, ne '...
0.442 Received: b'\xd0\x94\x88u\x00\x00\x00#"0\\\xf9P\x10\x05\xa8\x00\x00\x00\x00'
0.442 Disassembled: source: 53396, dest: 34933, seq: 35, ack: 573594873, window: 1448, ACK
0.443 Acknowledged seq: 573593425
0.443 Assembling: source: 34933, dest: 53396, seq: 573594873, ack: 36, window: 1448, data: "imis oporteat di"...
0.443 Sent: b'\x88u\xd0\x94"0\\\xf9\x00\x00\x00$P\x00\x05\xa8\x00\x00\x00\x00imis oporteat di'...
0.445 Received: b'\xd0\x94\x88u\x00\x00\x00#"0b\xa1P\x10\x05\xa8\x00\x00\x00\x00'
0.445 Disassembled: source: 53396, dest: 34933, seq: 35, ack: 573596321, window: 1448, ACK
0.445 Acknowledged seq: 573594873
0.446 Assembling: source: 34933, dest: 53396, seq: 573596321, ack: 36, window: 1448, data: "re. Has virtute "...
0.446 Sent: b'\x88u\xd0\x94"0b\xa1\x00\x00\x00$P\x00\x05\xa8\x00\x00\x00\x00re. Has virtute '...
0.448 Received: b'\xd0\x94\x88u\x00\x00\x00#"0hIP\x10\x05\xa8\x00\x00\x00\x00'
0.448 Disassembled: source: 53396, dest: 34933, seq: 35, ack: 573597769, window: 1448, ACK
0.448 Acknowledged seq: 573596321
0.449 Assembling: source: 34933, dest: 53396, seq: 573597769, ack: 36, window: 1448, data: " eum ancillae no"...
0.449 Sent: b'\x88u\xd0\x94"0hI\x00\x00\x00$P\x00\x05\xa8\x00\x00\x00\x00 eum ancillae no'...
0.451 Received: b'\xd0\x94\x88u\x00\x00\x00#"0m\xf1P\x10\x05\xa8\x00\x00\x00\x00'
0.451 Disassembled: source: 53396, dest: 34933, seq: 35, ack: 573599217, window: 1448, ACK
0.451 Acknowledged seq: 573597769
0.451 Assembling: source: 34933, dest: 53396, seq: 573599217, ack: 36, window: 1448, data: "ppareat ius. At "...
0.452 Sent: b'\x88u\xd0\x94"0m\xf1\x00\x00\x00$P\x00\x05\xa8\x00\x00\x00\x00ppareat ius. At '...
0.453 Received: b'\xd0\x94\x88u\x00\x00\x00#"0s\x99P\x10\x05\xa8\x00\x00\x00\x00'
0.454 Disassembled: source: 53396, dest: 34933, seq: 35, ack: 573600665, window: 1448, ACK
0.454 Acknowledged seq: 573599217
0.454 Assembling: source: 34933, dest: 53396, seq: 573600665, ack: 36, window: 1448, data: ", vero appellant"...
0.455 Sent: b'\x88u\xd0\x94"0s\x99\x00\x00\x00$P\x00\x05\xa8\x00\x00\x00\x00, vero appellant'...
0.456 Received: b'\xd0\x94\x88u\x00\x00\x00#"0yAP\x10\x05\xa8\x00\x00\x00\x00'
0.457 Disassembled: source: 53396, dest: 34933, seq: 35, ack: 573602113, window: 1448, ACK
0.457 Acknowledged seq: 573600665
0.457 Assembling: source: 34933, dest: 53396, seq: 573602113, ack: 36, window: 1448, data: "ibo quando copio"...
0.458 Sent: b'\x88u\xd0\x94"0yA\x00\x00\x00$P\x00\x05\xa8\x00\x00\x00\x00ibo quando copio'...
0.459 Received: b'\xd0\x94\x88u\x00\x00\x00#"0~\xe9P\x10\x05\xa8\x00\x00\x00\x00'
0.460 Disassembled: source: 53396, dest: 34933, seq: 35, ack: 573603561, window: 1448, ACK
0.460 Acknowledged seq: 573602113
0.460 Assembling: source: 34933, dest: 53396, seq: 573603561, ack: 36, window: 1448, data: " maluisset. Sit "...
0.460 Sent: b'\x88u\xd0\x94"0~\xe9\x00\x00\x00$P\x00\x05\xa8\x00\x00\x00\x00 maluisset. Sit '...
0.462 Received: b'\xd0\x94\x88u\x00\x00\x00#"0\x84\x91P\x10\x05\xa8\x00\x00\x00\x00'
0.462 Disassembled: source: 53396, dest: 34933, seq: 35, ack: 573605009, window: 1448, ACK
0.462 Acknowledged seq: 573603561
0.463 Assembling: source: 34933, dest: 53396, seq: 573605009, ack: 36, window: 1448, data: "e ceteros albuci"...
0.463 Sent: b'\x88u\xd0\x94"0\x84\x91\x00\x00\x00$P\x00\x05\xa8\x00\x00\x00\x00e ceteros albuci'...
0.465 Received: b'\xd0\x94\x88u\x00\x00\x00#"0\x8a9P\x10\x05\xa8\x00\x00\x00\x00'
0.465 Disassembled: source: 53396, dest: 34933, seq: 35, ack: 573606457, window: 1448, ACK
0.465 Acknowledged seq: 573605009
0.465 Assembling: source: 34933, dest: 53396, seq: 573606457, ack: 36, window: 1448, data: "complectitur sea"...
0.466 Sent: b'\x88u\xd0\x94"0\x8a9\x00\x00\x00$P\x00\x05\xa8\x00\x00\x00\x00complectitur sea'...
0.467 Received: b'\xd0\x94\x88u\x00\x00\x00#"0\x8f\xe1P\x10\x05\xa8\x00\x00\x00\x00'
0.468 Disassembled: source: 53396, dest: 34933, seq: 35, ack: 573607905, window: 1448, ACK
0.468 Acknowledged seq: 573606457
0.468 Finished reading file
0.468 Assembling: source: 34933, dest: 53396, seq: 573607905, ack: 36, window: 1448, data: "tempor ex ius. E"...
0.469 Sent: b'\x88u\xd0\x94"0\x8f\xe1\x00\x00\x00$P\x00\x05\xa8\x00\x00\x00\x00tempor ex ius. E'...
0.470 Received: b'\xd0\x94\x88u\x00\x00\x00#"0\x90?P\x10\x05\xa8\x00\x00\x00\x00'
0.471 Disassembled: source: 53396, dest: 34933, seq: 35, ack: 573607999, window: 1448, ACK
0.471 Acknowledged seq: 573607905
0.471 Assembling: source: 34933, dest: 53396, seq: 573607999, ack: 36, window: 1448, ACK, FIN
0.471 Sent: b'\x88u\xd0\x94"0\x90?\x00\x00\x00$P\x11\x05\xa8\x00\x00\x00\x00'
0.472 Received: b'\xd0\x94\x88u\x00\x00\x00#"0\x90?P\x01\x05\xa8\x00\x00\x00\x00'
0.472 Disassembled: source: 53396, dest: 34933, seq: 35, ack: 573607999, window: 1448, FIN
0.472 Error: Responses must be acknowledgements
0.972 Sent: b'\x88u\xd0\x94"0\x90?\x00\x00\x00$P\x11\x05\xa8\x00\x00\x00\x00'
0.975 Received: b'\xd0\x94\x88u\x00\x00\x00$"0\x90AP\x10\x05\xa8\x00\x00\x00\x00'
0.975 Disassembled: source: 53396, dest: 34933, seq: 36, ack: 573608001, window: 1448, ACK
0.975 Error: Acknowledgement number too high
0.976 Received: b'\xd0\x94\x88u\x00\x00\x00$"0\x90AP\x10\x05\xa8\x00\x00\x00\x00'
0.977 Disassembled: source: 53396, dest: 34933, seq: 36, ack: 573608001, window: 1448, ACK
0.977 Error: Acknowledgement number too high
1.472 Sent: b'\x88u\xd0\x94"0\x90?\x00\x00\x00$P\x11\x05\xa8\x00\x00\x00\x00'
1.973 Sent: b'\x88u\xd0\x94"0\x90?\x00\x00\x00$P\x11\x05\xa8\x00\x00\x00\x00'
2.473 Sent: b'\x88u\xd0\x94"0\x90?\x00\x00\x00$P\x11\x05\xa8\x00\x00\x00\x00'
2.974 Sent: b'\x88u\xd0\x94"0\x90?\x00\x00\x00$P\x11\x05\xa8\x00\x00\x00\x00'
3.474 Error: Connection timed out
3.474 Closed connection
3.480 Shutting down
