0.000 NEW RUN: Server, TEST: Write_file__Empty
0.211 Received: b"C'\x9c\x83\x00\x00\x00B\x00\x00\x00\x00P\x02\x05\xa8\x00\x00\x00\x00"
0.211 Disassembled: source: 17191, dest: 40067, seq: 66, window: 1448, SYN
0.211 SYN accepted; new connection: 127.0.0.1 on port 17191
0.211 Assembling: source: 40067, dest: 17191, seq: 576803071, ack: 67, window: 5808, ACK, SYN
0.212 Sent: b'\x9c\x83C\'"aP\xff\x00\x00\x00CP\x12\x16\xb0\x00\x00\x00\x00'
0.215 Received: b'C\'\x9c\x83\x00\x00\x00C"aQ\x00P\x10\x16\xb0\x00\x00\x00\x00'
0.215 Disassembled: source: 17191, dest: 40067, seq: 67, ack: 576803072, window: 5808, ACK
0.215 Assembling: source: 40067, dest: 17191, seq: 576803072, ack: 67, window: 5808, ACK
0.216 Sent: b'\x9c\x83C\'"aQ\x00\x00\x00\x00CP\x10\x16\xb0\x00\x00\x00\x00'
0.217 Received: b'C\'\x9c\x83\x00\x00\x00C"aQ\x00P\x10\x16\xb0\x00\x00\x00\x00'
0.217 Disassembled: source: 17191, dest: 40067, seq: 67, ack: 576803072, window: 5808, ACK
0.217 Assembling: source: 40067, dest: 17191, seq: 576803072, ack: 67, window: 5808, ACK
0.218 Sent: b'\x9c\x83C\'"aQ\x00\x00\x00\x00CP\x10\x16\xb0\x00\x00\x00\x00'
0.219 Received: b'C\'\x9c\x83\x00\x00\x00C"aQ\x00P\x01\x16\xb0\x00\x00\x00\x00'
0.219 Disassembled: source: 17191, dest: 40067, seq: 67, ack: 576803072, window: 5808, FIN
0.219 Error: Incorrect acknowledgement flag
0.718 Sent: b'\x9c\x83C\'"aQ\x00\x00\x00\x00CP\x10\x16\xb0\x00\x00\x00\x00'
1.218 Sent: b'\x9c\x83C\'"aQ\x00\x00\x00\x00CP\x10\x16\xb0\x00\x00\x00\x00'
1.719 Sent: b'\x9c\x83C\'"aQ\x00\x00\x00\x00CP\x10\x16\xb0\x00\x00\x00\x00'
2.219 Sent: b'\x9c\x83C\'"aQ\x00\x00\x00\x00CP\x10\x16\xb0\x00\x00\x00\x00'
2.720 Error: Connection timed out
2.720 Closed connection
2.722 Shutting down
