0.000 NEW RUN: Server, TEST: Write_file__Very_large_multi-packet
0.217 Received: b'\xbdP\xca\xe0\x00\x00\x00\x0b\x00\x00\x00\x00P\x02\x05\xa8\x00\x00\x00\x00'
0.218 Disassembled: source: 48464, dest: 51936, seq: 11, window: 1448, SYN
0.218 SYN accepted; new connection: 127.0.0.1 on port 48464
0.218 Assembling: source: 51936, dest: 48464, seq: 645180581, ack: 12, window: 5808, ACK, SYN
0.219 Sent: b'\xca\xe0\xbdP&t\xac\xa5\x00\x00\x00\x0cP\x12\x16\xb0\x00\x00\x00\x00'
0.221 Received: b'\xbdP\xca\xe0\x00\x00\x00\x0c&t\xac\xa6P\x10\x16\xb0\x00\x00\x00\x00'
0.221 Disassembled: source: 48464, dest: 51936, seq: 12, ack: 645180582, window: 5808, ACK
0.221 Assembling: source: 51936, dest: 48464, seq: 645180582, ack: 12, window: 5808, ACK
0.221 Sent: b'\xca\xe0\xbdP&t\xac\xa6\x00\x00\x00\x0cP\x10\x16\xb0\x00\x00\x00\x00'
0.222 Received: b'\xbdP\xca\xe0\x00\x00\x00\x0c&t\xac\xa6P\x10\x16\xb0\x00\x00\x00\x00@\x96o\xec!c\x93Z\xed\x08f\xcd}`>&'...
0.223 Disassembled: source: 48464, dest: 51936, seq: 12, ack: 645180582, window: 5808, ACK, data: b'@\x96o\xec!c\x93Z\xed\x08f\xcd}`>&'...
0.223 Handshake complete
0.223 Data accepted; writing to file
0.223 Assembling: source: 51936, dest: 48464, seq: 645180582, ack: 1464, window: 5808, ACK
0.223 Sent: b'\xca\xe0\xbdP&t\xac\xa6\x00\x00\x05\xb8P\x10\x16\xb0\x00\x00\x00\x00'
0.224 Received: b'\xbdP\xca\xe0\x00\x00\x16\xbc&t\xac\xa6P\x10\x16\xb0\x00\x00\x00\x00\x01\x0b\r\x85\xb6\xb1\xab\xc6\x07\xe2\x8f~*N1]'...
0.224 Disassembled: source: 48464, dest: 51936, seq: 5820, ack: 645180582, window: 5808, ACK, data: b'\x01\x0b\r\x85\xb6\xb1\xab\xc6\x07\xe2\x8f~*N1]'...
0.225 Error: Incorrect acknowledgement flag
0.226 Received: b'\xbdP\xca\xe0\x00\x00-l&t\xac\xa6P\x10\x16\xb0\x00\x00\x00\x00O\xbe\xf6\x1b\x19\xf5xR7\xa7\xe3"\x1e\xb31:'...
0.226 Disassembled: source: 48464, dest: 51936, seq: 11628, ack: 645180582, window: 5808, ACK, data: b'O\xbe\xf6\x1b\x19\xf5xR7\xa7\xe3"\x1e\xb31:'...
0.226 Error: Sequence number too high
0.723 Sent: b'\xca\xe0\xbdP&t\xac\xa6\x00\x00\x05\xb8P\x10\x16\xb0\x00\x00\x00\x00'
0.726 Received: b'\xbdP\xca\xe0\x00\x00D\x1c&t\xac\xa6P\x10\x16\xb0\x00\x00\x00\x00\x9c\xe74\xb9\xd8j\xb4\xcf\x03\xf0A\xc6\xd0\x9e\x82h'...
0.726 Disassembled: source: 48464, dest: 51936, seq: 17436, ack: 645180582, window: 5808, ACK, data: b'\x9c\xe74\xb9\xd8j\xb4\xcf\x03\xf0A\xc6\xd0\x9e\x82h'...
0.726 Error: Sequence number too high
1.224 Sent: b'\xca\xe0\xbdP&t\xac\xa6\x00\x00\x05\xb8P\x10\x16\xb0\x00\x00\x00\x00'
1.724 Sent: b'\xca\xe0\xbdP&t\xac\xa6\x00\x00\x05\xb8P\x10\x16\xb0\x00\x00\x00\x00'
