0.000 NEW RUN: Server, TEST: Write_file__Large_multi-packet
0.213 Received: b'\xe3\x9e\x8a\x95\x00\x00\x00?\x00\x00\x00\x00P\x02\x05\xa8\x00\x00\x00\x00'
0.214 Disassembled: source: 58270, dest: 35477, seq: 63, window: 1448, SYN
0.214 SYN accepted; new connection: 127.0.0.1 on port 58270
0.214 Assembling: source: 35477, dest: 58270, seq: 579912957, ack: 64, window: 5808, ACK, SYN
0.215 Sent: b'\x8a\x95\xe3\x9e"\x90\xc4\xfd\x00\x00\x00@P\x12\x16\xb0\x00\x00\x00\x00'
0.216 Received: b'\xe3\x9e\x8a\x95\x00\x00\x00@"\x90\xc4\xfeP\x10\x16\xb0\x00\x00\x00\x00'
0.216 Disassembled: source: 58270, dest: 35477, seq: 64, ack: 579912958, window: 5808, ACK
0.216 Assembling: source: 35477, dest: 58270, seq: 579912958, ack: 64, window: 5808, ACK
0.217 Sent: b'\x8a\x95\xe3\x9e"\x90\xc4\xfe\x00\x00\x00@P\x10\x16\xb0\x00\x00\x00\x00'
0.217 Received: b'\xe3\x9e\x8a\x95\x00\x00\x00@"\x90\xc4\xfeP\x10\x16\xb0\x00\x00\x00\x00Lorem ipsum dolo'...
0.217 Disassembled: source: 58270, dest: 35477, seq: 64, ack: 579912958, window: 5808, ACK, data: "Lorem ipsum dolo"...
0.217 Handshake complete
0.217 Data accepted; writing to file
0.218 Assembling: source: 35477, dest: 58270, seq: 579912958, ack: 1516, window: 5808, ACK
0.218 Sent: b'\x8a\x95\xe3\x9e"\x90\xc4\xfe\x00\x00\x05\xecP\x10\x16\xb0\x00\x00\x00\x00'
0.218 Received: b'\xe3\x9e\x8a\x95\x00\x00\x16\xf0"\x90\xc4\xfeP\x10\x16\xb0\x00\x00\x00\x00 sadipscing ei q'...
0.218 Disassembled: source: 58270, dest: 35477, seq: 5872, ack: 579912958, window: 5808, ACK, data: " sadipscing ei q"...
0.219 Error: Incorrect acknowledgement flag
0.219 Received: b'\xe3\x9e\x8a\x95\x00\x00-\xa0"\x90\xc4\xfeP\x10\x16\xb0\x00\x00\x00\x00 Duo ea augue fa'...
0.219 Disassembled: source: 58270, dest: 35477, seq: 11680, ack: 579912958, window: 5808, ACK, data: " Duo ea augue fa"...
0.220 Error: Sequence number too high
0.718 Sent: b'\x8a\x95\xe3\x9e"\x90\xc4\xfe\x00\x00\x05\xecP\x10\x16\xb0\x00\x00\x00\x00'
0.721 Received: b'\xe3\x9e\x8a\x95\x00\x00DP"\x90\xc4\xfeP\x10\x16\xb0\x00\x00\x00\x00uta debitis pert'...
0.721 Disassembled: source: 58270, dest: 35477, seq: 17488, ack: 579912958, window: 5808, ACK, data: "uta debitis pert"...
0.721 Error: Sequence number too high
1.218 Sent: b'\x8a\x95\xe3\x9e"\x90\xc4\xfe\x00\x00\x05\xecP\x10\x16\xb0\x00\x00\x00\x00'
1.221 Received: b'\xe3\x9e\x8a\x95\x00\x00[\x00"\x90\xc4\xfeP\x10\x16\xb0\x00\x00\x00\x00 decore possit r'...
1.222 Disassembled: source: 58270, dest: 35477, seq: 23296, ack: 579912958, window: 5808, ACK, data: " decore possit r"...
1.222 Error: Sequence number too high
1.719 Sent: b'\x8a\x95\xe3\x9e"\x90\xc4\xfe\x00\x00\x05\xecP\x10\x16\xb0\x00\x00\x00\x00'
1.722 Received: b'\xe3\x9e\x8a\x95\x00\x00q\xb0"\x90\xc4\xfeP\x10\x16\xb0\x00\x00\x00\x00orteat dissentiu'...
1.722 Disassembled: source: 58270, dest: 35477, seq: 29104, ack: 579912958, window: 5808, ACK, data: "orteat dissentiu"...
1.723 Error: Sequence number too high
2.219 Sent: b'\x8a\x95\xe3\x9e"\x90\xc4\xfe\x00\x00\x05\xecP\x10\x16\xb0\x00\x00\x00\x00'
2.222 Received: b'\xe3\x9e\x8a\x95\x00\x00\x88`"\x90\xc4\xfeP\x10\x16\xb0\x00\x00\x00\x00an. Ut per eirmo'...
2.223 Disassembled: source: 58270, dest: 35477, seq: 34912, ack: 579912958, window: 5808, ACK, data: "an. Ut per eirmo"...
2.223 Error: Sequence number too high
2.720 Error: Connection timed out
2.720 Closed connection
2.723 Shutting down
