0.000 NEW RUN: Server, TEST: Read_file__Random_drops
0.079 Received: b'\x81G`\xc8\x00\x00\x00V\x00\x00\x00\x00P\x02\x05\xa8\x00\x00\x00\x00'
0.080 Disassembled: source: 33095, dest: 24776, seq: 86, window: 1448, SYN
0.081 SYN accepted; new connection: 127.0.0.1 on port 33095
0.081 Assembling: source: 24776, dest: 33095, seq: 3379102213, ack: 87, window: 1448, ACK, SYN
0.081 Sent: b'`\xc8\x81G\xc9i\x02\x05\x00\x00\x00WP\x12\x05\xa8\x00\x00\x00\x00'
0.085 Received: b'\x81G`\xc8\x00\x00\x00W\xc9i\x02\x06P\x10\x05\xa8\x00\x00\x00\x00'
0.085 Disassembled: source: 33095, dest: 24776, seq: 87, ack: 3379102214, window: 1448, ACK
0.085 Handshake complete
0.085 Acknowledged seq: 3379102213
0.086 Assembling: source: 24776, dest: 33095, seq: 3379102214, ack: 88, window: 1448, data: "Lorem ipsum dolo"...
0.086 Sent: b'`\xc8\x81G\xc9i\x02\x06\x00\x00\x00XP\x00\x05\xa8\x00\x00\x00\x00Lorem ipsum dolo'...
0.089 Received: b'\x81G`\xc8\x00\x00\x00W\xc9i\x07\xaeP\x10\x05\xa8\x00\x00\x00\x00'
0.089 Disassembled: source: 33095, dest: 24776, seq: 87, ack: 3379103662, window: 1448, ACK
0.090 Acknowledged seq: 3379102214
0.090 Assembling: source: 24776, dest: 33095, seq: 3379103662, ack: 88, window: 1448, data: "mprehensam nam, "...
0.090 Sent: b'`\xc8\x81G\xc9i\x07\xae\x00\x00\x00XP\x00\x05\xa8\x00\x00\x00\x00mprehensam nam, '...
0.093 Received: b'\x81G`\xc8\x00\x00\x00W\xc9i\rVP\x10\x05\xa8\x00\x00\x00\x00'
0.094 Disassembled: source: 33095, dest: 24776, seq: 87, ack: 3379105110, window: 1448, ACK
0.094 Acknowledged seq: 3379103662
0.094 Assembling: source: 24776, dest: 33095, seq: 3379105110, ack: 88, window: 1448, data: "ilisi repudiare "...
0.095 Sent: b'`\xc8\x81G\xc9i\rV\x00\x00\x00XP\x00\x05\xa8\x00\x00\x00\x00ilisi repudiare '...
0.097 Received: b'\x81G`\xc8\x00\x00\x00W\xc9i\x12\xfeP\x10\x05\xa8\x00\x00\x00\x00'
0.098 Disassembled: source: 33095, dest: 24776, seq: 87, ack: 3379106558, window: 1448, ACK
0.098 Acknowledged seq: 3379105110
0.098 Assembling: source: 24776, dest: 33095, seq: 3379106558, ack: 88, window: 1448, data: "ta.

Et essent s"...
0.099 Sent: b'`\xc8\x81G\xc9i\x12\xfe\x00\x00\x00XP\x00\x05\xa8\x00\x00\x00\x00ta.\n\nEt essent s'...
0.100 Received: b'\x81G`\xc8\x00\x00\x00W\xc9i\x18\xa6P\x10\x05\xa8\x00\x00\x00\x00'
0.101 Disassembled: source: 33095, dest: 24776, seq: 87, ack: 3379108006, window: 1448, ACK
0.101 Acknowledged seq: 3379106558
0.101 Assembling: source: 24776, dest: 33095, seq: 3379108006, ack: 88, window: 1448, data: " Nihil tractatos"...
0.102 Sent: b'`\xc8\x81G\xc9i\x18\xa6\x00\x00\x00XP\x00\x05\xa8\x00\x00\x00\x00 Nihil tractatos'...
0.104 Received: b'\x81G`\xc8\x00\x00\x00W\xc9i\x1eNP\x10\x05\xa8\x00\x00\x00\x00'
0.104 Disassembled: source: 33095, dest: 24776, seq: 87, ack: 3379109454, window: 1448, ACK
0.104 Acknowledged seq: 3379108006
0.104 Assembling: source: 24776, dest: 33095, seq: 3379109454, ack: 88, window: 1448, data: "fert iuvaret sap"...
0.105 Sent: b'`\xc8\x81G\xc9i\x1eN\x00\x00\x00XP\x00\x05\xa8\x00\x00\x00\x00fert iuvaret sap'...
0.107 Received: b'\x81G`\xc8\x00\x00\x00W\xc9i#\xf6P\x10\x05\xa8\x00\x00\x00\x00'
0.107 Disassembled: source: 33095, dest: 24776, seq: 87, ack: 3379110902, window: 1448, ACK
0.107 Acknowledged seq: 3379109454
0.108 Assembling: source: 24776, dest: 33095, seq: 3379110902, ack: 88, window: 1448, data: "ram adipiscing, "...
0.108 Failed to send packet
0.609 Failed to send packet
1.109 Sent: b'`\xc8\x81G\xc9i#\xf6\x00\x00\x00XP\x00\x05\xa8\x00\x00\x00\x00ram adipiscing, '...
1.112 Failed to receive packet
1.609 Sent: b'`\xc8\x81G\xc9i#\xf6\x00\x00\x00XP\x00\x05\xa8\x00\x00\x00\x00ram adipiscing, '...
1.612 Received: b'\x81G`\xc8\x00\x00\x00W\xc9i)\x9eP\x10\x05\xa8\x00\x00\x00\x00'
1.612 Disassembled: source: 33095, dest: 24776, seq: 87, ack: 3379112350, window: 1448, ACK
1.613 Acknowledged seq: 3379110902
1.613 Assembling: source: 24776, dest: 33095, seq: 3379112350, ack: 88, window: 1448, data: "m veritus vivend"...
1.613 Sent: b'`\xc8\x81G\xc9i)\x9e\x00\x00\x00XP\x00\x05\xa8\x00\x00\x00\x00m veritus vivend'...
1.616 Received: b'\x81G`\xc8\x00\x00\x00W\xc9i/FP\x10\x05\xa8\x00\x00\x00\x00'
1.617 Disassembled: source: 33095, dest: 24776, seq: 87, ack: 3379113798, window: 1448, ACK
1.617 Acknowledged seq: 3379112350
1.617 Assembling: source: 24776, dest: 33095, seq: 3379113798, ack: 88, window: 1448, data: " delenit, ignota"...
1.618 Sent: b'`\xc8\x81G\xc9i/F\x00\x00\x00XP\x00\x05\xa8\x00\x00\x00\x00 delenit, ignota'...
1.621 Received: b'\x81G`\xc8\x00\x00\x00W\xc9i4\xeeP\x10\x05\xa8\x00\x00\x00\x00'
1.621 Disassembled: source: 33095, dest: 24776, seq: 87, ack: 3379115246, window: 1448, ACK
1.622 Acknowledged seq: 3379113798
1.622 Assembling: source: 24776, dest: 33095, seq: 3379115246, ack: 88, window: 1448, data: "se explicari des"...
1.622 Sent: b'`\xc8\x81G\xc9i4\xee\x00\x00\x00XP\x00\x05\xa8\x00\x00\x00\x00se explicari des'...
1.624 Received: b'\x81G`\xc8\x00\x00\x00W\xc9i:\x96P\x10\x05\xa8\x00\x00\x00\x00'
1.625 Disassembled: source: 33095, dest: 24776, seq: 87, ack: 3379116694, window: 1448, ACK
1.625 Acknowledged seq: 3379115246
1.625 Assembling: source: 24776, dest: 33095, seq: 3379116694, ack: 88, window: 1448, data: "piscing, in modo"...
1.626 Sent: b'`\xc8\x81G\xc9i:\x96\x00\x00\x00XP\x00\x05\xa8\x00\x00\x00\x00piscing, in modo'...
1.628 Received: b'\x81G`\xc8\x00\x00\x00W\xc9i@>P\x10\x05\xa8\x00\x00\x00\x00'
1.628 Disassembled: source: 33095, dest: 24776, seq: 87, ack: 3379118142, window: 1448, ACK
1.628 Acknowledged seq: 3379116694
1.629 Assembling: source: 24776, dest: 33095, seq: 3379118142, ack: 88, window: 1448, data: "o copiosae tacim"...
1.629 Sent: b'`\xc8\x81G\xc9i@>\x00\x00\x00XP\x00\x05\xa8\x00\x00\x00\x00o copiosae tacim'...
1.631 Received: b'\x81G`\xc8\x00\x00\x00W\xc9iE\xe6P\x10\x05\xa8\x00\x00\x00\x00'
1.631 Disassembled: source: 33095, dest: 24776, seq: 87, ack: 3379119590, window: 1448, ACK
1.631 Acknowledged seq: 3379118142
1.632 Assembling: source: 24776, dest: 33095, seq: 3379119590, ack: 88, window: 1448, data: "am. Pri ne antio"...
1.632 Sent: b'`\xc8\x81G\xc9iE\xe6\x00\x00\x00XP\x00\x05\xa8\x00\x00\x00\x00am. Pri ne antio'...
1.634 Received: b'\x81G`\xc8\x00\x00\x00W\xc9iK\x8eP\x10\x05\xa8\x00\x00\x00\x00'
1.635 Disassembled: source: 33095, dest: 24776, seq: 87, ack: 3379121038, window: 1448, ACK
1.635 Acknowledged seq: 3379119590
1.635 Assembling: source: 24776, dest: 33095, seq: 3379121038, ack: 88, window: 1448, data: "to no. Elitr pos"...
1.636 Sent: b'`\xc8\x81G\xc9iK\x8e\x00\x00\x00XP\x00\x05\xa8\x00\x00\x00\x00to no. Elitr pos'...
1.638 Received: b'\x81G`\xc8\x00\x00\x00W\xc9iQ6P\x10\x05\xa8\x00\x00\x00\x00'
1.638 Disassembled: source: 33095, dest: 24776, seq: 87, ack: 3379122486, window: 1448, ACK
1.638 Acknowledged seq: 3379121038
1.639 Assembling: source: 24776, dest: 33095, seq: 3379122486, ack: 88, window: 1448, data: "pretaris, sea ex"...
1.639 Sent: b'`\xc8\x81G\xc9iQ6\x00\x00\x00XP\x00\x05\xa8\x00\x00\x00\x00pretaris, sea ex'...
1.641 Received: b'\x81G`\xc8\x00\x00\x00W\xc9iV\xdeP\x10\x05\xa8\x00\x00\x00\x00'
1.641 Disassembled: source: 33095, dest: 24776, seq: 87, ack: 3379123934, window: 1448, ACK
1.642 Acknowledged seq: 3379122486
1.642 Assembling: source: 24776, dest: 33095, seq: 3379123934, ack: 88, window: 1448, data: "oporteat inimicu"...
1.642 Sent: b'`\xc8\x81G\xc9iV\xde\x00\x00\x00XP\x00\x05\xa8\x00\x00\x00\x00oporteat inimicu'...
1.644 Received: b'\x81G`\xc8\x00\x00\x00W\xc9i\\\x86P\x10\x05\xa8\x00\x00\x00\x00'
1.645 Disassembled: source: 33095, dest: 24776, seq: 87, ack: 3379125382, window: 1448, ACK
1.645 Acknowledged seq: 3379123934
1.645 Assembling: source: 24776, dest: 33095, seq: 3379125382, ack: 88, window: 1448, data: "ligendi officiis"...
1.646 Sent: b'`\xc8\x81G\xc9i\\\x86\x00\x00\x00XP\x00\x05\xa8\x00\x00\x00\x00ligendi officiis'...
1.648 Received: b'\x81G`\xc8\x00\x00\x00W\xc9ib.P\x10\x05\xa8\x00\x00\x00\x00'
1.648 Disassembled: source: 33095, dest: 24776, seq: 87, ack: 3379126830, window: 1448, ACK
1.649 Acknowledged seq: 3379125382
1.649 Assembling: source: 24776, dest: 33095, seq: 3379126830, ack: 88, window: 1448, data: "no vel regione i"...
1.649 Failed to send packet
2.150 Sent: b'`\xc8\x81G\xc9ib.\x00\x00\x00XP\x00\x05\xa8\x00\x00\x00\x00no vel regione i'...
2.153 Received: b'\x81G`\xc8\x00\x00\x00W\xc9ig\xd6P\x10\x05\xa8\x00\x00\x00\x00'
2.153 Disassembled: source: 33095, dest: 24776, seq: 87, ack: 3379128278, window: 1448, ACK
2.153 Acknowledged seq: 3379126830
2.154 Assembling: source: 24776, dest: 33095, seq: 3379128278, ack: 88, window: 1448, data: "ibus vis ex, pro"...
2.154 Sent: b'`\xc8\x81G\xc9ig\xd6\x00\x00\x00XP\x00\x05\xa8\x00\x00\x00\x00ibus vis ex, pro'...
2.157 Received: b'\x81G`\xc8\x00\x00\x00W\xc9im~P\x10\x05\xa8\x00\x00\x00\x00'
2.157 Disassembled: source: 33095, dest: 24776, seq: 87, ack: 3379129726, window: 1448, ACK
2.157 Acknowledged seq: 3379128278
2.158 Assembling: source: 24776, dest: 33095, seq: 3379129726, ack: 88, window: 1448, data: "o vix, mel ea li"...
2.158 Sent: b'`\xc8\x81G\xc9im~\x00\x00\x00XP\x00\x05\xa8\x00\x00\x00\x00o vix, mel ea li'...
2.161 Received: b'\x81G`\xc8\x00\x00\x00W\xc9is&P\x10\x05\xa8\x00\x00\x00\x00'
2.161 Disassembled: source: 33095, dest: 24776, seq: 87, ack: 3379131174, window: 1448, ACK
2.162 Acknowledged seq: 3379129726
2.162 Assembling: source: 24776, dest: 33095, seq: 3379131174, ack: 88, window: 1448, data: "d. Ex fugit suav"...
2.162 Sent: b'`\xc8\x81G\xc9is&\x00\x00\x00XP\x00\x05\xa8\x00\x00\x00\x00d. Ex fugit suav'...
2.165 Received: b'\x81G`\xc8\x00\x00\x00W\xc9ix\xceP\x10\x05\xa8\x00\x00\x00\x00'
2.166 Disassembled: source: 33095, dest: 24776, seq: 87, ack: 3379132622, window: 1448, ACK
2.166 Acknowledged seq: 3379131174
2.166 Assembling: source: 24776, dest: 33095, seq: 3379132622, ack: 88, window: 1448, data: "pertinax nec. De"...
2.166 Failed to send packet
2.667 Sent: b'`\xc8\x81G\xc9ix\xce\x00\x00\x00XP\x00\x05\xa8\x00\x00\x00\x00pertinax nec. De'...
2.670 Received: b'\x81G`\xc8\x00\x00\x00W\xc9i~vP\x10\x05\xa8\x00\x00\x00\x00'
2.670 Disassembled: source: 33095, dest: 24776, seq: 87, ack: 3379134070, window: 1448, ACK
2.670 Acknowledged seq: 3379132622
2.671 Assembling: source: 24776, dest: 33095, seq: 3379134070, ack: 88, window: 1448, data: "lli primis praes"...
2.671 Sent: b'`\xc8\x81G\xc9i~v\x00\x00\x00XP\x00\x05\xa8\x00\x00\x00\x00lli primis praes'...
2.674 Received: b'\x81G`\xc8\x00\x00\x00W\xc9i\x84\x1eP\x10\x05\xa8\x00\x00\x00\x00'
2.675 Disassembled: source: 33095, dest: 24776, seq: 87, ack: 3379135518, window: 1448, ACK
2.675 Acknowledged seq: 3379134070
2.675 Assembling: source: 24776, dest: 33095, seq: 3379135518, ack: 88, window: 1448, data: "m, percipit inte"...
2.676 Sent: b'`\xc8\x81G\xc9i\x84\x1e\x00\x00\x00XP\x00\x05\xa8\x00\x00\x00\x00m, percipit inte'...
2.679 Received: b'\x81G`\xc8\x00\x00\x00W\xc9i\x89\xc6P\x10\x05\xa8\x00\x00\x00\x00'
2.679 Disassembled: source: 33095, dest: 24776, seq: 87, ack: 3379136966, window: 1448, ACK
2.679 Acknowledged seq: 3379135518
2.680 Assembling: source: 24776, dest: 33095, seq: 3379136966, ack: 88, window: 1448, data: "nani docendi pat"...
2.680 Sent: b'`\xc8\x81G\xc9i\x89\xc6\x00\x00\x00XP\x00\x05\xa8\x00\x00\x00\x00nani docendi pat'...
2.682 Received: b'\x81G`\xc8\x00\x00\x00W\xc9i\x8fnP\x10\x05\xa8\x00\x00\x00\x00'
2.683 Disassembled: source: 33095, dest: 24776, seq: 87, ack: 3379138414, window: 1448, ACK
2.683 Acknowledged seq: 3379136966
2.683 Assembling: source: 24776, dest: 33095, seq: 3379138414, ack: 88, window: 1448, data: " vis decore poss"...
2.684 Sent: b'`\xc8\x81G\xc9i\x8fn\x00\x00\x00XP\x00\x05\xa8\x00\x00\x00\x00 vis decore poss'...
2.685 Received: b'\x81G`\xc8\x00\x00\x00W\xc9i\x95\x16P\x10\x05\xa8\x00\x00\x00\x00'
2.686 Disassembled: source: 33095, dest: 24776, seq: 87, ack: 3379139862, window: 1448, ACK
2.686 Acknowledged seq: 3379138414
2.686 Assembling: source: 24776, dest: 33095, seq: 3379139862, ack: 88, window: 1448, data: "eam odio corpora"...
2.687 Sent: b'`\xc8\x81G\xc9i\x95\x16\x00\x00\x00XP\x00\x05\xa8\x00\x00\x00\x00eam odio corpora'...
2.689 Received: b'\x81G`\xc8\x00\x00\x00W\xc9i\x9a\xbeP\x10\x05\xa8\x00\x00\x00\x00'
2.689 Disassembled: source: 33095, dest: 24776, seq: 87, ack: 3379141310, window: 1448, ACK
2.690 Acknowledged seq: 3379139862
2.690 Assembling: source: 24776, dest: 33095, seq: 3379141310, ack: 88, window: 1448, data: " est. Usu sanctu"...
2.690 Sent: b'`\xc8\x81G\xc9i\x9a\xbe\x00\x00\x00XP\x00\x05\xa8\x00\x00\x00\x00 est. Usu sanctu'...
2.692 Received: b'\x81G`\xc8\x00\x00\x00W\xc9i\xa0fP\x10\x05\xa8\x00\x00\x00\x00'
2.693 Disassembled: source: 33095, dest: 24776, seq: 87, ack: 3379142758, window: 1448, ACK
2.693 Acknowledged seq: 3379141310
2.693 Assembling: source: 24776, dest: 33095, seq: 3379142758, ack: 88, window: 1448, data: ".

Mei graeco ae"...
2.694 Sent: b'`\xc8\x81G\xc9i\xa0f\x00\x00\x00XP\x00\x05\xa8\x00\x00\x00\x00.\n\nMei graeco ae'...
2.696 Received: b'\x81G`\xc8\x00\x00\x00W\xc9i\xa6\x0eP\x10\x05\xa8\x00\x00\x00\x00'
2.696 Disassembled: source: 33095, dest: 24776, seq: 87, ack: 3379144206, window: 1448, ACK
2.696 Acknowledged seq: 3379142758
2.697 Assembling: source: 24776, dest: 33095, seq: 3379144206, ack: 88, window: 1448, data: "et. Ne sea primi"...
2.697 Sent: b'`\xc8\x81G\xc9i\xa6\x0e\x00\x00\x00XP\x00\x05\xa8\x00\x00\x00\x00et. Ne sea primi'...
2.699 Received: b'\x81G`\xc8\x00\x00\x00W\xc9i\xab\xb6P\x10\x05\xa8\x00\x00\x00\x00'
2.700 Disassembled: source: 33095, dest: 24776, seq: 87, ack: 3379145654, window: 1448, ACK
2.700 Acknowledged seq: 3379144206
2.700 Assembling: source: 24776, dest: 33095, seq: 3379145654, ack: 88, window: 1448, data: "ittam convenire."...
2.701 Sent: b'`\xc8\x81G\xc9i\xab\xb6\x00\x00\x00XP\x00\x05\xa8\x00\x00\x00\x00ittam convenire.'...
2.703 Received: b'\x81G`\xc8\x00\x00\x00W\xc9i\xb1^P\x10\x05\xa8\x00\x00\x00\x00'
2.703 Disassembled: source: 33095, dest: 24776, seq: 87, ack: 3379147102, window: 1448, ACK
2.703 Acknowledged seq: 3379145654
2.704 Assembling: source: 24776, dest: 33095, seq: 3379147102, ack: 88, window: 1448, data: "ua et vis, id eu"...
2.704 Sent: b'`\xc8\x81G\xc9i\xb1^\x00\x00\x00XP\x00\x05\xa8\x00\x00\x00\x00ua et vis, id eu'...
2.706 Received: b'\x81G`\xc8\x00\x00\x00W\xc9i\xb7\x06P\x10\x05\xa8\x00\x00\x00\x00'
2.707 Disassembled: source: 33095, dest: 24776, seq: 87, ack: 3379148550, window: 1448, ACK
2.707 Acknowledged seq: 3379147102
2.707 Assembling: source: 24776, dest: 33095, seq: 3379148550, ack: 88, window: 1448, data: "r. Et velit appa"...
2.708 Sent: b'`\xc8\x81G\xc9i\xb7\x06\x00\x00\x00XP\x00\x05\xa8\x00\x00\x00\x00r. Et velit appa'...
2.710 Received: b'\x81G`\xc8\x00\x00\x00W\xc9i\xbc\xaeP\x10\x05\xa8\x00\x00\x00\x00'
2.710 Disassembled: source: 33095, dest: 24776, seq: 87, ack: 3379149998, window: 1448, ACK
2.710 Acknowledged seq: 3379148550
2.711 Assembling: source: 24776, dest: 33095, seq: 3379149998, ack: 88, window: 1448, data: " novum laudem, v"...
2.711 Sent: b'`\xc8\x81G\xc9i\xbc\xae\x00\x00\x00XP\x00\x05\xa8\x00\x00\x00\x00 novum laudem, v'...
2.713 Received: b'\x81G`\xc8\x00\x00\x00W\xc9i\xc2VP\x10\x05\xa8\x00\x00\x00\x00'
2.714 Disassembled: source: 33095, dest: 24776, seq: 87, ack: 3379151446, window: 1448, ACK
2.714 Acknowledged seq: 3379149998
2.714 Assembling: source: 24776, dest: 33095, seq: 3379151446, ack: 88, window: 1448, data: "luptatibus, cibo"...
2.715 Sent: b'`\xc8\x81G\xc9i\xc2V\x00\x00\x00XP\x00\x05\xa8\x00\x00\x00\x00luptatibus, cibo'...
2.716 Received: b'\x81G`\xc8\x00\x00\x00W\xc9i\xc7\xfeP\x10\x05\xa8\x00\x00\x00\x00'
2.717 Disassembled: source: 33095, dest: 24776, seq: 87, ack: 3379152894, window: 1448, ACK
2.717 Acknowledged seq: 3379151446
2.717 Assembling: source: 24776, dest: 33095, seq: 3379152894, ack: 88, window: 1448, data: "alii indoctum ma"...
2.718 Sent: b'`\xc8\x81G\xc9i\xc7\xfe\x00\x00\x00XP\x00\x05\xa8\x00\x00\x00\x00alii indoctum ma'...
2.720 Failed to receive packet
3.218 Sent: b'`\xc8\x81G\xc9i\xc7\xfe\x00\x00\x00XP\x00\x05\xa8\x00\x00\x00\x00alii indoctum ma'...
3.221 Received: b'\x81G`\xc8\x00\x00\x00W\xc9i\xcd\xa6P\x10\x05\xa8\x00\x00\x00\x00'
3.221 Disassembled: source: 33095, dest: 24776, seq: 87, ack: 3379154342, window: 1448, ACK
3.222 Acknowledged seq: 3379152894
3.222 Assembling: source: 24776, dest: 33095, seq: 3379154342, ack: 88, window: 1448, data: "im, his facete c"...
3.222 Sent: b'`\xc8\x81G\xc9i\xcd\xa6\x00\x00\x00XP\x00\x05\xa8\x00\x00\x00\x00im, his facete c'...
3.225 Failed to receive packet
3.723 Sent: b'`\xc8\x81G\xc9i\xcd\xa6\x00\x00\x00XP\x00\x05\xa8\x00\x00\x00\x00im, his facete c'...
3.726 Received: b'\x81G`\xc8\x00\x00\x00W\xc9i\xd3NP\x10\x05\xa8\x00\x00\x00\x00'
3.726 Disassembled: source: 33095, dest: 24776, seq: 87, ack: 3379155790, window: 1448, ACK
3.726 Acknowledged seq: 3379154342
3.727 Assembling: source: 24776, dest: 33095, seq: 3379155790, ack: 88, window: 1448, data: "e alia dolor com"...
3.727 Sent: b'`\xc8\x81G\xc9i\xd3N\x00\x00\x00XP\x00\x05\xa8\x00\x00\x00\x00e alia dolor com'...
3.730 Received: b'\x81G`\xc8\x00\x00\x00W\xc9i\xd8\xf6P\x10\x05\xa8\x00\x00\x00\x00'
3.730 Disassembled: source: 33095, dest: 24776, seq: 87, ack: 3379157238, window: 1448, ACK
3.731 Acknowledged seq: 3379155790
3.731 Assembling: source: 24776, dest: 33095, seq: 3379157238, ack: 88, window: 1448, data: "it ea, reque tem"...
3.731 Sent: b'`\xc8\x81G\xc9i\xd8\xf6\x00\x00\x00XP\x00\x05\xa8\x00\x00\x00\x00it ea, reque tem'...
3.734 Received: b'\x81G`\xc8\x00\x00\x00W\xc9i\xde\x9eP\x10\x05\xa8\x00\x00\x00\x00'
3.735 Disassembled: source: 33095, dest: 24776, seq: 87, ack: 3379158686, window: 1448, ACK
3.735 Acknowledged seq: 3379157238
3.735 Assembling: source: 24776, dest: 33095, seq: 3379158686, ack: 88, window: 1448, data: "alisque.

Equide"...
3.736 Sent: b'`\xc8\x81G\xc9i\xde\x9e\x00\x00\x00XP\x00\x05\xa8\x00\x00\x00\x00alisque.\n\nEquide'...
3.738 Received: b'\x81G`\xc8\x00\x00\x00W\xc9i\xe4FP\x10\x05\xa8\x00\x00\x00\x00'
3.738 Disassembled: source: 33095, dest: 24776, seq: 87, ack: 3379160134, window: 1448, ACK
3.739 Acknowledged seq: 3379158686
3.739 Assembling: source: 24776, dest: 33095, seq: 3379160134, ack: 88, window: 1448, data: "finitiones, affe"...
3.739 Sent: b'`\xc8\x81G\xc9i\xe4F\x00\x00\x00XP\x00\x05\xa8\x00\x00\x00\x00finitiones, affe'...
3.741 Received: b'\x81G`\xc8\x00\x00\x00W\xc9i\xe9\xeeP\x10\x05\xa8\x00\x00\x00\x00'
3.742 Disassembled: source: 33095, dest: 24776, seq: 87, ack: 3379161582, window: 1448, ACK
3.742 Acknowledged seq: 3379160134
3.742 Assembling: source: 24776, dest: 33095, seq: 3379161582, ack: 88, window: 1448, data: "his duis graeco "...
3.743 Sent: b'`\xc8\x81G\xc9i\xe9\xee\x00\x00\x00XP\x00\x05\xa8\x00\x00\x00\x00his duis graeco '...
3.745 Received: b'\x81G`\xc8\x00\x00\x00W\xc9i\xef\x96P\x10\x05\xa8\x00\x00\x00\x00'
3.745 Disassembled: source: 33095, dest: 24776, seq: 87, ack: 3379163030, window: 1448, ACK
3.745 Acknowledged seq: 3379161582
3.746 Assembling: source: 24776, dest: 33095, seq: 3379163030, ack: 88, window: 1448, data: "am. Alia possit "...
3.746 Sent: b'`\xc8\x81G\xc9i\xef\x96\x00\x00\x00XP\x00\x05\xa8\x00\x00\x00\x00am. Alia possit '...
3.748 Received: b'\x81G`\xc8\x00\x00\x00W\xc9i\xf5>P\x10\x05\xa8\x00\x00\x00\x00'
3.749 Disassembled: source: 33095, dest: 24776, seq: 87, ack: 3379164478, window: 1448, ACK
3.749 Acknowledged seq: 3379163030
3.749 Assembling: source: 24776, dest: 33095, seq: 3379164478, ack: 88, window: 1448, data: "cum an. Mei faci"...
3.750 Sent: b'`\xc8\x81G\xc9i\xf5>\x00\x00\x00XP\x00\x05\xa8\x00\x00\x00\x00cum an. Mei faci'...
3.751 Received: b'\x81G`\xc8\x00\x00\x00W\xc9i\xfa\xe6P\x10\x05\xa8\x00\x00\x00\x00'
3.752 Disassembled: source: 33095, dest: 24776, seq: 87, ack: 3379165926, window: 1448, ACK
3.752 Acknowledged seq: 3379164478
3.752 Assembling: source: 24776, dest: 33095, seq: 3379165926, ack: 88, window: 1448, data: " vis adhuc tatio"...
3.753 Sent: b'`\xc8\x81G\xc9i\xfa\xe6\x00\x00\x00XP\x00\x05\xa8\x00\x00\x00\x00 vis adhuc tatio'...
3.755 Received: b'\x81G`\xc8\x00\x00\x00W\xc9j\x00\x8eP\x10\x05\xa8\x00\x00\x00\x00'
3.755 Disassembled: source: 33095, dest: 24776, seq: 87, ack: 3379167374, window: 1448, ACK
3.756 Acknowledged seq: 3379165926
3.756 Assembling: source: 24776, dest: 33095, seq: 3379167374, ack: 88, window: 1448, data: "im eu option iuv"...
3.756 Sent: b'`\xc8\x81G\xc9j\x00\x8e\x00\x00\x00XP\x00\x05\xa8\x00\x00\x00\x00im eu option iuv'...
3.758 Received: b'\x81G`\xc8\x00\x00\x00W\xc9j\x066P\x10\x05\xa8\x00\x00\x00\x00'
3.759 Disassembled: source: 33095, dest: 24776, seq: 87, ack: 3379168822, window: 1448, ACK
3.759 Acknowledged seq: 3379167374
3.759 Assembling: source: 24776, dest: 33095, seq: 3379168822, ack: 88, window: 1448, data: "ex epicurei taci"...
3.760 Sent: b'`\xc8\x81G\xc9j\x066\x00\x00\x00XP\x00\x05\xa8\x00\x00\x00\x00ex epicurei taci'...
3.762 Failed to receive packet
4.260 Sent: b'`\xc8\x81G\xc9j\x066\x00\x00\x00XP\x00\x05\xa8\x00\x00\x00\x00ex epicurei taci'...
4.263 Received: b'\x81G`\xc8\x00\x00\x00W\xc9j\x0b\xdeP\x10\x05\xa8\x00\x00\x00\x00'
4.263 Disassembled: source: 33095, dest: 24776, seq: 87, ack: 3379170270, window: 1448, ACK
4.263 Acknowledged seq: 3379168822
4.264 Assembling: source: 24776, dest: 33095, seq: 3379170270, ack: 88, window: 1448, data: "ebat, eu pro ero"...
4.264 Sent: b'`\xc8\x81G\xc9j\x0b\xde\x00\x00\x00XP\x00\x05\xa8\x00\x00\x00\x00ebat, eu pro ero'...
4.267 Received: b'\x81G`\xc8\x00\x00\x00W\xc9j\x11\x86P\x10\x05\xa8\x00\x00\x00\x00'
4.268 Disassembled: source: 33095, dest: 24776, seq: 87, ack: 3379171718, window: 1448, ACK
4.268 Acknowledged seq: 3379170270
4.268 Assembling: source: 24776, dest: 33095, seq: 3379171718, ack: 88, window: 1448, data: "s. Per no sale v"...
4.269 Sent: b'`\xc8\x81G\xc9j\x11\x86\x00\x00\x00XP\x00\x05\xa8\x00\x00\x00\x00s. Per no sale v'...
4.271 Received: b'\x81G`\xc8\x00\x00\x00W\xc9j\x17.P\x10\x05\xa8\x00\x00\x00\x00'
4.272 Disassembled: source: 33095, dest: 24776, seq: 87, ack: 3379173166, window: 1448, ACK
4.272 Acknowledged seq: 3379171718
4.272 Assembling: source: 24776, dest: 33095, seq: 3379173166, ack: 88, window: 1448, data: "orrupte ea mel. "...
4.273 Sent: b'`\xc8\x81G\xc9j\x17.\x00\x00\x00XP\x00\x05\xa8\x00\x00\x00\x00orrupte ea mel. '...
4.275 Received: b'\x81G`\xc8\x00\x00\x00W\xc9j\x1c\xd6P\x10\x05\xa8\x00\x00\x00\x00'
4.276 Disassembled: source: 33095, dest: 24776, seq: 87, ack: 3379174614, window: 1448, ACK
4.276 Acknowledged seq: 3379173166
4.276 Assembling: source: 24776, dest: 33095, seq: 3379174614, ack: 88, window: 1448, data: ". Est iracundia "...
4.277 Sent: b'`\xc8\x81G\xc9j\x1c\xd6\x00\x00\x00XP\x00\x05\xa8\x00\x00\x00\x00. Est iracundia '...
4.279 Received: b'\x81G`\xc8\x00\x00\x00W\xc9j"~P\x10\x05\xa8\x00\x00\x00\x00'
4.280 Disassembled: source: 33095, dest: 24776, seq: 87, ack: 3379176062, window: 1448, ACK
4.280 Acknowledged seq: 3379174614
4.280 Assembling: source: 24776, dest: 33095, seq: 3379176062, ack: 88, window: 1448, data: "pta probatus scr"...
4.280 Sent: b'`\xc8\x81G\xc9j"~\x00\x00\x00XP\x00\x05\xa8\x00\x00\x00\x00pta probatus scr'...
4.282 Received: b'\x81G`\xc8\x00\x00\x00W\xc9j(&P\x10\x05\xa8\x00\x00\x00\x00'
4.283 Disassembled: source: 33095, dest: 24776, seq: 87, ack: 3379177510, window: 1448, ACK
4.283 Acknowledged seq: 3379176062
4.283 Assembling: source: 24776, dest: 33095, seq: 3379177510, ack: 88, window: 1448, data: "entur ei, pro ei"...
4.284 Sent: b'`\xc8\x81G\xc9j(&\x00\x00\x00XP\x00\x05\xa8\x00\x00\x00\x00entur ei, pro ei'...
4.286 Received: b'\x81G`\xc8\x00\x00\x00W\xc9j-\xceP\x10\x05\xa8\x00\x00\x00\x00'
4.286 Disassembled: source: 33095, dest: 24776, seq: 87, ack: 3379178958, window: 1448, ACK
4.286 Acknowledged seq: 3379177510
4.287 Assembling: source: 24776, dest: 33095, seq: 3379178958, ack: 88, window: 1448, data: "simul euismod vi"...
4.287 Sent: b'`\xc8\x81G\xc9j-\xce\x00\x00\x00XP\x00\x05\xa8\x00\x00\x00\x00simul euismod vi'...
4.289 Received: b'\x81G`\xc8\x00\x00\x00W\xc9j3vP\x10\x05\xa8\x00\x00\x00\x00'
4.290 Disassembled: source: 33095, dest: 24776, seq: 87, ack: 3379180406, window: 1448, ACK
4.290 Acknowledged seq: 3379178958
4.290 Assembling: source: 24776, dest: 33095, seq: 3379180406, ack: 88, window: 1448, data: ", eam id iudico "...
4.291 Sent: b'`\xc8\x81G\xc9j3v\x00\x00\x00XP\x00\x05\xa8\x00\x00\x00\x00, eam id iudico '...
4.293 Received: b'\x81G`\xc8\x00\x00\x00W\xc9j9\x1eP\x10\x05\xa8\x00\x00\x00\x00'
4.293 Disassembled: source: 33095, dest: 24776, seq: 87, ack: 3379181854, window: 1448, ACK
4.293 Acknowledged seq: 3379180406
4.294 Assembling: source: 24776, dest: 33095, seq: 3379181854, ack: 88, window: 1448, data: "m vix. Ea est mu"...
4.294 Sent: b'`\xc8\x81G\xc9j9\x1e\x00\x00\x00XP\x00\x05\xa8\x00\x00\x00\x00m vix. Ea est mu'...
4.296 Received: b'\x81G`\xc8\x00\x00\x00W\xc9j>\xc6P\x10\x05\xa8\x00\x00\x00\x00'
4.297 Disassembled: source: 33095, dest: 24776, seq: 87, ack: 3379183302, window: 1448, ACK
4.297 Acknowledged seq: 3379181854
4.297 Assembling: source: 24776, dest: 33095, seq: 3379183302, ack: 88, window: 1448, data: "olor sit amet, e"...
4.298 Sent: b'`\xc8\x81G\xc9j>\xc6\x00\x00\x00XP\x00\x05\xa8\x00\x00\x00\x00olor sit amet, e'...
4.300 Received: b'\x81G`\xc8\x00\x00\x00W\xc9jDnP\x10\x05\xa8\x00\x00\x00\x00'
4.300 Disassembled: source: 33095, dest: 24776, seq: 87, ack: 3379184750, window: 1448, ACK
4.300 Acknowledged seq: 3379183302
4.301 Assembling: source: 24776, dest: 33095, seq: 3379184750, ack: 88, window: 1448, data: "m, aperiam iudic"...
4.301 Sent: b'`\xc8\x81G\xc9jDn\x00\x00\x00XP\x00\x05\xa8\x00\x00\x00\x00m, aperiam iudic'...
4.303 Failed to receive packet
4.802 Sent: b'`\xc8\x81G\xc9jDn\x00\x00\x00XP\x00\x05\xa8\x00\x00\x00\x00m, aperiam iudic'...
4.804 Received: b'\x81G`\xc8\x00\x00\x00W\xc9jJ\x16P\x10\x05\xa8\x00\x00\x00\x00'
4.805 Disassembled: source: 33095, dest: 24776, seq: 87, ack: 3379186198, window: 1448, ACK
4.805 Acknowledged seq: 3379184750
4.805 Assembling: source: 24776, dest: 33095, seq: 3379186198, ack: 88, window: 1448, data: "re sea. No eos d"...
4.806 Sent: b'`\xc8\x81G\xc9jJ\x16\x00\x00\x00XP\x00\x05\xa8\x00\x00\x00\x00re sea. No eos d'...
4.809 Received: b'\x81G`\xc8\x00\x00\x00W\xc9jO\xbeP\x10\x05\xa8\x00\x00\x00\x00'
4.809 Disassembled: source: 33095, dest: 24776, seq: 87, ack: 3379187646, window: 1448, ACK
4.809 Acknowledged seq: 3379186198
4.810 Assembling: source: 24776, dest: 33095, seq: 3379187646, ack: 88, window: 1448, data: "t scripta philos"...
4.810 Sent: b'`\xc8\x81G\xc9jO\xbe\x00\x00\x00XP\x00\x05\xa8\x00\x00\x00\x00t scripta philos'...
4.813 Received: b'\x81G`\xc8\x00\x00\x00W\xc9jUfP\x10\x05\xa8\x00\x00\x00\x00'
4.813 Disassembled: source: 33095, dest: 24776, seq: 87, ack: 3379189094, window: 1448, ACK
4.814 Acknowledged seq: 3379187646
4.814 Assembling: source: 24776, dest: 33095, seq: 3379189094, ack: 88, window: 1448, data: "tos sadipscing e"...
4.814 Sent: b'`\xc8\x81G\xc9jUf\x00\x00\x00XP\x00\x05\xa8\x00\x00\x00\x00tos sadipscing e'...
4.816 Received: b'\x81G`\xc8\x00\x00\x00W\xc9j[\x0eP\x10\x05\xa8\x00\x00\x00\x00'
4.817 Disassembled: source: 33095, dest: 24776, seq: 87, ack: 3379190542, window: 1448, ACK
4.817 Acknowledged seq: 3379189094
4.817 Assembling: source: 24776, dest: 33095, seq: 3379190542, ack: 88, window: 1448, data: "sapientem ea, ad"...
4.818 Failed to send packet
5.318 Failed to send packet
5.818 Sent: b'`\xc8\x81G\xc9j[\x0e\x00\x00\x00XP\x00\x05\xa8\x00\x00\x00\x00sapientem ea, ad'...
5.821 Received: b'\x81G`\xc8\x00\x00\x00W\xc9j`\xb6P\x10\x05\xa8\x00\x00\x00\x00'
5.822 Disassembled: source: 33095, dest: 24776, seq: 87, ack: 3379191990, window: 1448, ACK
5.822 Acknowledged seq: 3379190542
5.822 Assembling: source: 24776, dest: 33095, seq: 3379191990, ack: 88, window: 1448, data: "g, ei invenire p"...
5.823 Sent: b'`\xc8\x81G\xc9j`\xb6\x00\x00\x00XP\x00\x05\xa8\x00\x00\x00\x00g, ei invenire p'...
5.826 Received: b'\x81G`\xc8\x00\x00\x00W\xc9jf^P\x10\x05\xa8\x00\x00\x00\x00'
5.826 Disassembled: source: 33095, dest: 24776, seq: 87, ack: 3379193438, window: 1448, ACK
5.827 Acknowledged seq: 3379191990
5.827 Assembling: source: 24776, dest: 33095, seq: 3379193438, ack: 88, window: 1448, data: "endo at. Qui id "...
5.827 Sent: b'`\xc8\x81G\xc9jf^\x00\x00\x00XP\x00\x05\xa8\x00\x00\x00\x00endo at. Qui id '...
5.830 Received: b'\x81G`\xc8\x00\x00\x00W\xc9jl\x06P\x10\x05\xa8\x00\x00\x00\x00'
5.831 Disassembled: source: 33095, dest: 24776, seq: 87, ack: 3379194886, window: 1448, ACK
5.831 Acknowledged seq: 3379193438
5.831 Assembling: source: 24776, dest: 33095, seq: 3379194886, ack: 88, window: 1448, data: "ota nostrum et p"...
5.832 Sent: b'`\xc8\x81G\xc9jl\x06\x00\x00\x00XP\x00\x05\xa8\x00\x00\x00\x00ota nostrum et p'...
5.834 Received: b'\x81G`\xc8\x00\x00\x00W\xc9jq\xaeP\x10\x05\xa8\x00\x00\x00\x00'
5.835 Disassembled: source: 33095, dest: 24776, seq: 87, ack: 3379196334, window: 1448, ACK
5.835 Acknowledged seq: 3379194886
5.835 Assembling: source: 24776, dest: 33095, seq: 3379196334, ack: 88, window: 1448, data: "deseruisse id. P"...
5.836 Sent: b'`\xc8\x81G\xc9jq\xae\x00\x00\x00XP\x00\x05\xa8\x00\x00\x00\x00deseruisse id. P'...
5.837 Received: b'\x81G`\xc8\x00\x00\x00W\xc9jwVP\x10\x05\xa8\x00\x00\x00\x00'
5.838 Disassembled: source: 33095, dest: 24776, seq: 87, ack: 3379197782, window: 1448, ACK
5.838 Acknowledged seq: 3379196334
5.838 Assembling: source: 24776, dest: 33095, seq: 3379197782, ack: 88, window: 1448, data: "odo munere imper"...
5.839 Sent: b'`\xc8\x81G\xc9jwV\x00\x00\x00XP\x00\x05\xa8\x00\x00\x00\x00odo munere imper'...
5.841 Received: b'\x81G`\xc8\x00\x00\x00W\xc9j|\xfeP\x10\x05\xa8\x00\x00\x00\x00'
5.841 Disassembled: source: 33095, dest: 24776, seq: 87, ack: 3379199230, window: 1448, ACK
5.841 Acknowledged seq: 3379197782
5.842 Assembling: source: 24776, dest: 33095, seq: 3379199230, ack: 88, window: 1448, data: "cimates cum, tib"...
5.842 Sent: b'`\xc8\x81G\xc9j|\xfe\x00\x00\x00XP\x00\x05\xa8\x00\x00\x00\x00cimates cum, tib'...
5.844 Received: b'\x81G`\xc8\x00\x00\x00W\xc9j\x82\xa6P\x10\x05\xa8\x00\x00\x00\x00'
5.844 Disassembled: source: 33095, dest: 24776, seq: 87, ack: 3379200678, window: 1448, ACK
5.845 Acknowledged seq: 3379199230
5.845 Assembling: source: 24776, dest: 33095, seq: 3379200678, ack: 88, window: 1448, data: "tiopam molestiae"...
5.845 Sent: b'`\xc8\x81G\xc9j\x82\xa6\x00\x00\x00XP\x00\x05\xa8\x00\x00\x00\x00tiopam molestiae'...
5.847 Received: b'\x81G`\xc8\x00\x00\x00W\xc9j\x88NP\x10\x05\xa8\x00\x00\x00\x00'
5.848 Disassembled: source: 33095, dest: 24776, seq: 87, ack: 3379202126, window: 1448, ACK
5.848 Acknowledged seq: 3379200678
5.848 Assembling: source: 24776, dest: 33095, seq: 3379202126, ack: 88, window: 1448, data: "possim qui no, v"...
5.849 Sent: b'`\xc8\x81G\xc9j\x88N\x00\x00\x00XP\x00\x05\xa8\x00\x00\x00\x00possim qui no, v'...
5.851 Received: b'\x81G`\xc8\x00\x00\x00W\xc9j\x8d\xf6P\x10\x05\xa8\x00\x00\x00\x00'
5.851 Disassembled: source: 33095, dest: 24776, seq: 87, ack: 3379203574, window: 1448, ACK
5.851 Acknowledged seq: 3379202126
5.852 Assembling: source: 24776, dest: 33095, seq: 3379203574, ack: 88, window: 1448, data: " ex utinam parti"...
5.852 Sent: b'`\xc8\x81G\xc9j\x8d\xf6\x00\x00\x00XP\x00\x05\xa8\x00\x00\x00\x00 ex utinam parti'...
5.854 Received: b'\x81G`\xc8\x00\x00\x00W\xc9j\x93\x9eP\x10\x05\xa8\x00\x00\x00\x00'
5.855 Disassembled: source: 33095, dest: 24776, seq: 87, ack: 3379205022, window: 1448, ACK
5.855 Acknowledged seq: 3379203574
5.855 Assembling: source: 24776, dest: 33095, seq: 3379205022, ack: 88, window: 1448, data: "icus in his. Pri"...
5.856 Sent: b'`\xc8\x81G\xc9j\x93\x9e\x00\x00\x00XP\x00\x05\xa8\x00\x00\x00\x00icus in his. Pri'...
5.858 Received: b'\x81G`\xc8\x00\x00\x00W\xc9j\x99FP\x10\x05\xa8\x00\x00\x00\x00'
5.858 Disassembled: source: 33095, dest: 24776, seq: 87, ack: 3379206470, window: 1448, ACK
5.858 Acknowledged seq: 3379205022
5.859 Assembling: source: 24776, dest: 33095, seq: 3379206470, ack: 88, window: 1448, data: "iis et.

Ius cu "...
5.859 Failed to send packet
6.359 Sent: b'`\xc8\x81G\xc9j\x99F\x00\x00\x00XP\x00\x05\xa8\x00\x00\x00\x00iis et.\n\nIus cu '...
6.362 Received: b'\x81G`\xc8\x00\x00\x00W\xc9j\x9e\xeeP\x10\x05\xa8\x00\x00\x00\x00'
6.363 Disassembled: source: 33095, dest: 24776, seq: 87, ack: 3379207918, window: 1448, ACK
6.363 Acknowledged seq: 3379206470
6.363 Assembling: source: 24776, dest: 33095, seq: 3379207918, ack: 88, window: 1448, data: "e interesset.

T"...
6.364 Sent: b'`\xc8\x81G\xc9j\x9e\xee\x00\x00\x00XP\x00\x05\xa8\x00\x00\x00\x00e interesset.\n\nT'...
6.367 Received: b'\x81G`\xc8\x00\x00\x00W\xc9j\xa4\x96P\x10\x05\xa8\x00\x00\x00\x00'
6.367 Disassembled: source: 33095, dest: 24776, seq: 87, ack: 3379209366, window: 1448, ACK
6.368 Acknowledged seq: 3379207918
6.368 Assembling: source: 24776, dest: 33095, seq: 3379209366, ack: 88, window: 1448, data: "pro alia volutpa"...
6.368 Sent: b'`\xc8\x81G\xc9j\xa4\x96\x00\x00\x00XP\x00\x05\xa8\x00\x00\x00\x00pro alia volutpa'...
6.371 Received: b'\x81G`\xc8\x00\x00\x00W\xc9j\xaa>P\x10\x05\xa8\x00\x00\x00\x00'
6.372 Disassembled: source: 33095, dest: 24776, seq: 87, ack: 3379210814, window: 1448, ACK
6.372 Acknowledged seq: 3379209366
6.372 Assembling: source: 24776, dest: 33095, seq: 3379210814, ack: 88, window: 1448, data: " libris equidem "...
6.373 Sent: b'`\xc8\x81G\xc9j\xaa>\x00\x00\x00XP\x00\x05\xa8\x00\x00\x00\x00 libris equidem '...
6.374 Received: b'\x81G`\xc8\x00\x00\x00W\xc9j\xaf\xe6P\x10\x05\xa8\x00\x00\x00\x00'
6.375 Disassembled: source: 33095, dest: 24776, seq: 87, ack: 3379212262, window: 1448, ACK
6.375 Acknowledged seq: 3379210814
6.375 Assembling: source: 24776, dest: 33095, seq: 3379212262, ack: 88, window: 1448, data: "uavitate volupta"...
6.376 Sent: b'`\xc8\x81G\xc9j\xaf\xe6\x00\x00\x00XP\x00\x05\xa8\x00\x00\x00\x00uavitate volupta'...
6.378 Received: b'\x81G`\xc8\x00\x00\x00W\xc9j\xb5\x8eP\x10\x05\xa8\x00\x00\x00\x00'
6.378 Disassembled: source: 33095, dest: 24776, seq: 87, ack: 3379213710, window: 1448, ACK
6.378 Acknowledged seq: 3379212262
6.379 Assembling: source: 24776, dest: 33095, seq: 3379213710, ack: 88, window: 1448, data: " Detraxit defini"...
6.379 Sent: b'`\xc8\x81G\xc9j\xb5\x8e\x00\x00\x00XP\x00\x05\xa8\x00\x00\x00\x00 Detraxit defini'...
6.381 Received: b'\x81G`\xc8\x00\x00\x00W\xc9j\xbb6P\x10\x05\xa8\x00\x00\x00\x00'
6.382 Disassembled: source: 33095, dest: 24776, seq: 87, ack: 3379215158, window: 1448, ACK
6.382 Acknowledged seq: 3379213710
6.382 Assembling: source: 24776, dest: 33095, seq: 3379215158, ack: 88, window: 1448, data: "aesent mei. Quo "...
6.383 Sent: b'`\xc8\x81G\xc9j\xbb6\x00\x00\x00XP\x00\x05\xa8\x00\x00\x00\x00aesent mei. Quo '...
6.384 Received: b'\x81G`\xc8\x00\x00\x00W\xc9j\xc0\xdeP\x10\x05\xa8\x00\x00\x00\x00'
6.385 Disassembled: source: 33095, dest: 24776, seq: 87, ack: 3379216606, window: 1448, ACK
6.385 Acknowledged seq: 3379215158
6.385 Assembling: source: 24776, dest: 33095, seq: 3379216606, ack: 88, window: 1448, data: "nterpretaris no "...
6.386 Sent: b'`\xc8\x81G\xc9j\xc0\xde\x00\x00\x00XP\x00\x05\xa8\x00\x00\x00\x00nterpretaris no '...
6.388 Failed to receive packet
6.886 Sent: b'`\xc8\x81G\xc9j\xc0\xde\x00\x00\x00XP\x00\x05\xa8\x00\x00\x00\x00nterpretaris no '...
6.889 Received: b'\x81G`\xc8\x00\x00\x00W\xc9j\xc6\x86P\x10\x05\xa8\x00\x00\x00\x00'
6.889 Disassembled: source: 33095, dest: 24776, seq: 87, ack: 3379218054, window: 1448, ACK
6.889 Acknowledged seq: 3379216606
6.890 Assembling: source: 24776, dest: 33095, seq: 3379218054, ack: 88, window: 1448, data: "patrioque has. I"...
6.890 Sent: b'`\xc8\x81G\xc9j\xc6\x86\x00\x00\x00XP\x00\x05\xa8\x00\x00\x00\x00patrioque has. I'...
6.893 Received: b'\x81G`\xc8\x00\x00\x00W\xc9j\xcc.P\x10\x05\xa8\x00\x00\x00\x00'
6.894 Disassembled: source: 33095, dest: 24776, seq: 87, ack: 3379219502, window: 1448, ACK
6.894 Acknowledged seq: 3379218054
6.894 Assembling: source: 24776, dest: 33095, seq: 3379219502, ack: 88, window: 1448, data: "ossit repudianda"...
6.895 Sent: b'`\xc8\x81G\xc9j\xcc.\x00\x00\x00XP\x00\x05\xa8\x00\x00\x00\x00ossit repudianda'...
6.898 Received: b'\x81G`\xc8\x00\x00\x00W\xc9j\xd1\xd6P\x10\x05\xa8\x00\x00\x00\x00'
6.898 Disassembled: source: 33095, dest: 24776, seq: 87, ack: 3379220950, window: 1448, ACK
6.898 Acknowledged seq: 3379219502
6.899 Assembling: source: 24776, dest: 33095, seq: 3379220950, ack: 88, window: 1448, data: "ora consequuntur"...
6.899 Sent: b'`\xc8\x81G\xc9j\xd1\xd6\x00\x00\x00XP\x00\x05\xa8\x00\x00\x00\x00ora consequuntur'...
6.901 Received: b'\x81G`\xc8\x00\x00\x00W\xc9j\xd7~P\x10\x05\xa8\x00\x00\x00\x00'
6.902 Disassembled: source: 33095, dest: 24776, seq: 87, ack: 3379222398, window: 1448, ACK
6.902 Acknowledged seq: 3379220950
6.902 Assembling: source: 24776, dest: 33095, seq: 3379222398, ack: 88, window: 1448, data: "ctus conceptam a"...
6.903 Sent: b'`\xc8\x81G\xc9j\xd7~\x00\x00\x00XP\x00\x05\xa8\x00\x00\x00\x00ctus conceptam a'...
6.905 Received: b'\x81G`\xc8\x00\x00\x00W\xc9j\xdd&P\x10\x05\xa8\x00\x00\x00\x00'
6.905 Disassembled: source: 33095, dest: 24776, seq: 87, ack: 3379223846, window: 1448, ACK
6.905 Acknowledged seq: 3379222398
6.906 Assembling: source: 24776, dest: 33095, seq: 3379223846, ack: 88, window: 1448, data: " aeterno te, ne "...
6.906 Sent: b'`\xc8\x81G\xc9j\xdd&\x00\x00\x00XP\x00\x05\xa8\x00\x00\x00\x00 aeterno te, ne '...
6.908 Received: b'\x81G`\xc8\x00\x00\x00W\xc9j\xe2\xceP\x10\x05\xa8\x00\x00\x00\x00'
6.908 Disassembled: source: 33095, dest: 24776, seq: 87, ack: 3379225294, window: 1448, ACK
6.909 Acknowledged seq: 3379223846
6.909 Assembling: source: 24776, dest: 33095, seq: 3379225294, ack: 88, window: 1448, data: "imis oporteat di"...
6.909 Sent: b'`\xc8\x81G\xc9j\xe2\xce\x00\x00\x00XP\x00\x05\xa8\x00\x00\x00\x00imis oporteat di'...
6.911 Received: b'\x81G`\xc8\x00\x00\x00W\xc9j\xe8vP\x10\x05\xa8\x00\x00\x00\x00'
6.912 Disassembled: source: 33095, dest: 24776, seq: 87, ack: 3379226742, window: 1448, ACK
6.912 Acknowledged seq: 3379225294
6.912 Assembling: source: 24776, dest: 33095, seq: 3379226742, ack: 88, window: 1448, data: "re. Has virtute "...
6.913 Sent: b'`\xc8\x81G\xc9j\xe8v\x00\x00\x00XP\x00\x05\xa8\x00\x00\x00\x00re. Has virtute '...
6.915 Received: b'\x81G`\xc8\x00\x00\x00W\xc9j\xee\x1eP\x10\x05\xa8\x00\x00\x00\x00'
6.915 Disassembled: source: 33095, dest: 24776, seq: 87, ack: 3379228190, window: 1448, ACK
6.915 Acknowledged seq: 3379226742
6.916 Assembling: source: 24776, dest: 33095, seq: 3379228190, ack: 88, window: 1448, data: " eum ancillae no"...
6.916 Sent: b'`\xc8\x81G\xc9j\xee\x1e\x00\x00\x00XP\x00\x05\xa8\x00\x00\x00\x00 eum ancillae no'...
6.918 Failed to receive packet
7.417 Sent: b'`\xc8\x81G\xc9j\xee\x1e\x00\x00\x00XP\x00\x05\xa8\x00\x00\x00\x00 eum ancillae no'...
7.419 Received: b'\x81G`\xc8\x00\x00\x00W\xc9j\xf3\xc6P\x10\x05\xa8\x00\x00\x00\x00'
7.420 Disassembled: source: 33095, dest: 24776, seq: 87, ack: 3379229638, window: 1448, ACK
7.420 Acknowledged seq: 3379228190
7.420 Assembling: source: 24776, dest: 33095, seq: 3379229638, ack: 88, window: 1448, data: "ppareat ius. At "...
7.421 Sent: b'`\xc8\x81G\xc9j\xf3\xc6\x00\x00\x00XP\x00\x05\xa8\x00\x00\x00\x00ppareat ius. At '...
7.424 Received: b'\x81G`\xc8\x00\x00\x00W\xc9j\xf9nP\x10\x05\xa8\x00\x00\x00\x00'
7.424 Disassembled: source: 33095, dest: 24776, seq: 87, ack: 3379231086, window: 1448, ACK
7.424 Acknowledged seq: 3379229638
7.424 Assembling: source: 24776, dest: 33095, seq: 3379231086, ack: 88, window: 1448, data: ", vero appellant"...
7.425 Sent: b'`\xc8\x81G\xc9j\xf9n\x00\x00\x00XP\x00\x05\xa8\x00\x00\x00\x00, vero appellant'...
7.428 Received: b'\x81G`\xc8\x00\x00\x00W\xc9j\xff\x16P\x10\x05\xa8\x00\x00\x00\x00'
7.428 Disassembled: source: 33095, dest: 24776, seq: 87, ack: 3379232534, window: 1448, ACK
7.428 Acknowledged seq: 3379231086
7.428 Assembling: source: 24776, dest: 33095, seq: 3379232534, ack: 88, window: 1448, data: "ibo quando copio"...
7.429 Failed to send packet
7.929 Sent: b'`\xc8\x81G\xc9j\xff\x16\x00\x00\x00XP\x00\x05\xa8\x00\x00\x00\x00ibo quando copio'...
7.932 Received: b'\x81G`\xc8\x00\x00\x00W\xc9k\x04\xbeP\x10\x05\xa8\x00\x00\x00\x00'
7.933 Disassembled: source: 33095, dest: 24776, seq: 87, ack: 3379233982, window: 1448, ACK
7.933 Acknowledged seq: 3379232534
7.933 Assembling: source: 24776, dest: 33095, seq: 3379233982, ack: 88, window: 1448, data: " maluisset. Sit "...
7.934 Sent: b'`\xc8\x81G\xc9k\x04\xbe\x00\x00\x00XP\x00\x05\xa8\x00\x00\x00\x00 maluisset. Sit '...
7.937 Received: b'\x81G`\xc8\x00\x00\x00W\xc9k\nfP\x10\x05\xa8\x00\x00\x00\x00'
7.937 Disassembled: source: 33095, dest: 24776, seq: 87, ack: 3379235430, window: 1448, ACK
7.937 Acknowledged seq: 3379233982
7.938 Assembling: source: 24776, dest: 33095, seq: 3379235430, ack: 88, window: 1448, data: "e ceteros albuci"...
7.938 Sent: b'`\xc8\x81G\xc9k\nf\x00\x00\x00XP\x00\x05\xa8\x00\x00\x00\x00e ceteros albuci'...
7.941 Received: b'\x81G`\xc8\x00\x00\x00W\xc9k\x10\x0eP\x10\x05\xa8\x00\x00\x00\x00'
7.941 Disassembled: source: 33095, dest: 24776, seq: 87, ack: 3379236878, window: 1448, ACK
7.942 Acknowledged seq: 3379235430
7.942 Assembling: source: 24776, dest: 33095, seq: 3379236878, ack: 88, window: 1448, data: "complectitur sea"...
7.942 Sent: b'`\xc8\x81G\xc9k\x10\x0e\x00\x00\x00XP\x00\x05\xa8\x00\x00\x00\x00complectitur sea'...
7.945 Received: b'\x81G`\xc8\x00\x00\x00W\xc9k\x15\xb6P\x10\x05\xa8\x00\x00\x00\x00'
7.946 Disassembled: source: 33095, dest: 24776, seq: 87, ack: 3379238326, window: 1448, ACK
7.946 Acknowledged seq: 3379236878
7.946 Finished reading file
7.946 Assembling: source: 24776, dest: 33095, seq: 3379238326, ack: 88, window: 1448, data: "tempor ex ius. E"...
7.947 Sent: b'`\xc8\x81G\xc9k\x15\xb6\x00\x00\x00XP\x00\x05\xa8\x00\x00\x00\x00tempor ex ius. E'...
7.948 Received: b'\x81G`\xc8\x00\x00\x00W\xc9k\x16\x14P\x10\x05\xa8\x00\x00\x00\x00'
7.949 Disassembled: source: 33095, dest: 24776, seq: 87, ack: 3379238420, window: 1448, ACK
7.949 Acknowledged seq: 3379238326
7.950 Assembling: source: 24776, dest: 33095, seq: 3379238420, ack: 88, window: 1448, ACK, FIN
7.950 Sent: b'`\xc8\x81G\xc9k\x16\x14\x00\x00\x00XP\x11\x05\xa8\x00\x00\x00\x00'
7.952 Received: b'\x81G`\xc8\x00\x00\x00W\xc9k\x16\x15P\x10\x05\xa8\x00\x00\x00\x00'
7.952 Disassembled: source: 33095, dest: 24776, seq: 87, ack: 3379238421, window: 1448, ACK
7.952 FIN accepted; sending final packet
7.952 Assembling: source: 24776, dest: 33095, seq: 3379238421, ack: 88, window: 1448, ACK
7.953 Sent: b'`\xc8\x81G\xc9k\x16\x15\x00\x00\x00XP\x10\x05\xa8\x00\x00\x00\x00'
7.953 Closed connection
7.954 Shutting down
