0.000 NEW RUN: Server, TEST: Read_file__Latency
0.077 Received: b'O\xf4\xb4V\x00\x00\x00d\x00\x00\x00\x00P\x02\x05\xa8\x00\x00\x00\x00'
0.078 Disassembled: source: 20468, dest: 46166, seq: 100, window: 1448, SYN
0.078 SYN accepted; new connection: 127.0.0.1 on port 20468
0.079 Assembling: source: 46166, dest: 20468, seq: 3419584321, ack: 101, window: 1448, ACK, SYN
0.079 Sent: b'\xb4VO\xf4\xcb\xd2\xb7A\x00\x00\x00eP\x12\x05\xa8\x00\x00\x00\x00'
0.580 Sent: b'\xb4VO\xf4\xcb\xd2\xb7A\x00\x00\x00eP\x12\x05\xa8\x00\x00\x00\x00'
1.080 Sent: b'\xb4VO\xf4\xcb\xd2\xb7A\x00\x00\x00eP\x12\x05\xa8\x00\x00\x00\x00'
1.084 Received: b'O\xf4\xb4V\x00\x00\x00e\xcb\xd2\xb7BP\x10\x05\xa8\x00\x00\x00\x00'
1.085 Disassembled: source: 20468, dest: 46166, seq: 101, ack: 3419584322, window: 1448, ACK
1.085 Handshake complete
1.085 Acknowledged seq: 3419584321
1.085 Assembling: source: 46166, dest: 20468, seq: 3419584322, ack: 102, window: 1448, data: "Lorem ipsum dolo"...
1.086 Sent: b'\xb4VO\xf4\xcb\xd2\xb7B\x00\x00\x00fP\x00\x05\xa8\x00\x00\x00\x00Lorem ipsum dolo'...
1.584 Received: b'O\xf4\xb4V\x00\x00\x00e\xcb\xd2\xb7BP\x10\x05\xa8\x00\x00\x00\x00'
1.584 Disassembled: source: 20468, dest: 46166, seq: 101, ack: 3419584322, window: 1448, ACK
1.585 Assembling: source: 46166, dest: 20468, seq: 3419585770, ack: 102, window: 1448, data: "m"
1.585 Sent: b'\xb4VO\xf4\xcb\xd2\xbc\xea\x00\x00\x00fP\x00\x05\xa8\x00\x00\x00\x00m'
2.084 Received: b'O\xf4\xb4V\x00\x00\x00e\xcb\xd2\xb7BP\x10\x05\xa8\x00\x00\x00\x00'
2.085 Disassembled: source: 20468, dest: 46166, seq: 101, ack: 3419584322, window: 1448, ACK
2.085 Sent: b'\xb4VO\xf4\xcb\xd2\xb7B\x00\x00\x00fP\x00\x05\xa8\x00\x00\x00\x00Lorem ipsum dolo'...
2.086 Sent: b'\xb4VO\xf4\xcb\xd2\xbc\xea\x00\x00\x00fP\x00\x05\xa8\x00\x00\x00\x00m'
2.090 Received: b'O\xf4\xb4V\x00\x00\x00e\xcb\xd2\xbc\xeaP\x10\x05\xa8\x00\x00\x00\x00'
2.091 Disassembled: source: 20468, dest: 46166, seq: 101, ack: 3419585770, window: 1448, ACK
2.091 Acknowledged seq: 3419584322
2.091 Assembling: source: 46166, dest: 20468, seq: 3419585771, ack: 102, window: 1448, data: "prehensam nam, a"...
2.092 Sent: b'\xb4VO\xf4\xcb\xd2\xbc\xeb\x00\x00\x00fP\x00\x05\xa8\x00\x00\x00\x00prehensam nam, a'...
2.590 Received: b'O\xf4\xb4V\x00\x00\x00e\xcb\xd2\xbc\xebP\x10\x05\xa8\x00\x00\x00\x00'
2.590 Disassembled: source: 20468, dest: 46166, seq: 101, ack: 3419585771, window: 1448, ACK
2.590 Acknowledged seq: 3419585770
2.591 Assembling: source: 46166, dest: 20468, seq: 3419587218, ack: 102, window: 1448, data: "i"
2.591 Sent: b'\xb4VO\xf4\xcb\xd2\xc2\x92\x00\x00\x00fP\x00\x05\xa8\x00\x00\x00\x00i'
3.092 Sent: b'\xb4VO\xf4\xcb\xd2\xbc\xeb\x00\x00\x00fP\x00\x05\xa8\x00\x00\x00\x00prehensam nam, a'...
3.092 Sent: b'\xb4VO\xf4\xcb\xd2\xc2\x92\x00\x00\x00fP\x00\x05\xa8\x00\x00\x00\x00i'
3.592 Sent: b'\xb4VO\xf4\xcb\xd2\xbc\xeb\x00\x00\x00fP\x00\x05\xa8\x00\x00\x00\x00prehensam nam, a'...
3.593 Sent: b'\xb4VO\xf4\xcb\xd2\xc2\x92\x00\x00\x00fP\x00\x05\xa8\x00\x00\x00\x00i'
4.093 Sent: b'\xb4VO\xf4\xcb\xd2\xbc\xeb\x00\x00\x00fP\x00\x05\xa8\x00\x00\x00\x00prehensam nam, a'...
4.093 Sent: b'\xb4VO\xf4\xcb\xd2\xc2\x92\x00\x00\x00fP\x00\x05\xa8\x00\x00\x00\x00i'
4.594 Sent: b'\xb4VO\xf4\xcb\xd2\xbc\xeb\x00\x00\x00fP\x00\x05\xa8\x00\x00\x00\x00prehensam nam, a'...
4.594 Sent: b'\xb4VO\xf4\xcb\xd2\xc2\x92\x00\x00\x00fP\x00\x05\xa8\x00\x00\x00\x00i'
5.094 Sent: b'\xb4VO\xf4\xcb\xd2\xbc\xeb\x00\x00\x00fP\x00\x05\xa8\x00\x00\x00\x00prehensam nam, a'...
5.095 Sent: b'\xb4VO\xf4\xcb\xd2\xc2\x92\x00\x00\x00fP\x00\x05\xa8\x00\x00\x00\x00i'
5.595 Error: Connection timed out
5.595 Closed connection
6.094 Shutting down
