0.000 NEW RUN: Server, TEST: Write_file__Large_multi-packet
0.074 Received: b'AKNW\x00\x00\x00 \x00\x00\x00\x00P\x02\x05\xa8\x00\x00\x00\x00'
0.075 Disassembled: source: 16715, dest: 20055, seq: 32, window: 1448, SYN
0.075 SYN accepted; new connection: 127.0.0.1 on port 16715
0.075 Assembling: source: 20055, dest: 16715, seq: 3355972141, ack: 33, window: 5808, ACK, SYN
0.076 Sent: b'NWAK\xc8\x08\x12-\x00\x00\x00!P\x12\x16\xb0\x00\x00\x00\x00'
0.079 Received: b'AKNW\x00\x00\x00!\xc8\x08\x12.P\x10\x16\xb0\x00\x00\x00\x00'
0.080 Disassembled: source: 16715, dest: 20055, seq: 33, ack: 3355972142, window: 5808, ACK
0.080 Assembling: source: 20055, dest: 16715, seq: 3355972142, ack: 33, window: 5808, ACK
0.080 Sent: b'NWAK\xc8\x08\x12.\x00\x00\x00!P\x10\x16\xb0\x00\x00\x00\x00'
0.081 Received: b'AKNW\x00\x00\x00!\xc8\x08\x12.P\x10\x16\xb0\x00\x00\x00\x00Lorem ipsum dolo'...
0.082 Disassembled: source: 16715, dest: 20055, seq: 33, ack: 3355972142, window: 5808, ACK, data: "Lorem ipsum dolo"...
0.082 Handshake complete
0.082 Data accepted; writing to file
0.082 Assembling: source: 20055, dest: 16715, seq: 3355972142, ack: 1481, window: 5808, ACK
0.083 Sent: b'NWAK\xc8\x08\x12.\x00\x00\x05\xc9P\x10\x16\xb0\x00\x00\x00\x00'
0.084 Received: b'AKNW\x00\x00\x00!\xc8\x08\x12.P\x10\x16\xb0\x00\x00\x00\x00Lorem ipsum dolo'...
0.084 Disassembled: source: 16715, dest: 20055, seq: 33, ack: 3355972142, window: 5808, ACK, data: "Lorem ipsum dolo"...
0.085 Old data; ignoring
0.087 Received: b'AKNW\x00\x00\x05\xc9\xc8\x08\x12.P\x00\x16\xb0\x00\x00\x00\x00mprehensam nam, '...
0.087 Disassembled: source: 16715, dest: 20055, seq: 1481, ack: 3355972142, window: 5808, data: "mprehensam nam, "...
0.087 Data accepted; writing to file
0.087 Assembling: source: 20055, dest: 16715, seq: 3355972142, ack: 2929, window: 5808, ACK
0.088 Sent: b'NWAK\xc8\x08\x12.\x00\x00\x0bqP\x10\x16\xb0\x00\x00\x00\x00'
0.090 Received: b'AKNW\x00\x00\x0bq\xc8\x08\x12.P\x00\x16\xb0\x00\x00\x00\x00ilisi repudiare '...
0.091 Disassembled: source: 16715, dest: 20055, seq: 2929, ack: 3355972142, window: 5808, data: "ilisi repudiare "...
0.091 Data accepted; writing to file
0.091 Assembling: source: 20055, dest: 16715, seq: 3355972142, ack: 4377, window: 5808, ACK
0.092 Sent: b'NWAK\xc8\x08\x12.\x00\x00\x11\x19P\x10\x16\xb0\x00\x00\x00\x00'
0.093 Received: b'AKNW\x00\x00\x11\x19\xc8\x08\x12.P\x00\x16\xb0\x00\x00\x00\x00ta.\n\nEt essent s'...
0.094 Disassembled: source: 16715, dest: 20055, seq: 4377, ack: 3355972142, window: 5808, data: "ta.

Et essent s"...
0.094 Data accepted; writing to file
0.094 Assembling: source: 20055, dest: 16715, seq: 3355972142, ack: 5825, window: 5808, ACK
0.094 Sent: b'NWAK\xc8\x08\x12.\x00\x00\x16\xc1P\x10\x16\xb0\x00\x00\x00\x00'
0.096 Received: b'AKNW\x00\x00\x16\xc1\xc8\x08\x12.P\x00\x16\xb0\x00\x00\x00\x00 Nihil tractatos'...
0.096 Disassembled: source: 16715, dest: 20055, seq: 5825, ack: 3355972142, window: 5808, data: " Nihil tractatos"...
0.097 Data accepted; writing to file
0.097 Assembling: source: 20055, dest: 16715, seq: 3355972142, ack: 7273, window: 5808, ACK
0.097 Sent: b'NWAK\xc8\x08\x12.\x00\x00\x1ciP\x10\x16\xb0\x00\x00\x00\x00'
0.099 Received: b'AKNW\x00\x00\x1ci\xc8\x08\x12.P\x00\x16\xb0\x00\x00\x00\x00fert iuvaret sap'...
0.099 Disassembled: source: 16715, dest: 20055, seq: 7273, ack: 3355972142, window: 5808, data: "fert iuvaret sap"...
0.099 Data accepted; writing to file
0.099 Assembling: source: 20055, dest: 16715, seq: 3355972142, ack: 8721, window: 5808, ACK
0.100 Sent: b'NWAK\xc8\x08\x12.\x00\x00"\x11P\x10\x16\xb0\x00\x00\x00\x00'
0.102 Received: b'AKNW\x00\x00"\x11\xc8\x08\x12.P\x00\x16\xb0\x00\x00\x00\x00ram adipiscing, '...
0.102 Disassembled: source: 16715, dest: 20055, seq: 8721, ack: 3355972142, window: 5808, data: "ram adipiscing, "...
0.102 Data accepted; writing to file
0.102 Assembling: source: 20055, dest: 16715, seq: 3355972142, ack: 10169, window: 5808, ACK
0.103 Sent: b"NWAK\xc8\x08\x12.\x00\x00'\xb9P\x10\x16\xb0\x00\x00\x00\x00"
0.105 Received: b"AKNW\x00\x00'\xb9\xc8\x08\x12.P\x00\x16\xb0\x00\x00\x00\x00m veritus vivend"...
0.105 Disassembled: source: 16715, dest: 20055, seq: 10169, ack: 3355972142, window: 5808, data: "m veritus vivend"...
0.105 Data accepted; writing to file
0.105 Assembling: source: 20055, dest: 16715, seq: 3355972142, ack: 11617, window: 5808, ACK
0.106 Sent: b'NWAK\xc8\x08\x12.\x00\x00-aP\x10\x16\xb0\x00\x00\x00\x00'
0.108 Received: b'AKNW\x00\x00-a\xc8\x08\x12.P\x00\x16\xb0\x00\x00\x00\x00 delenit, ignota'...
0.108 Disassembled: source: 16715, dest: 20055, seq: 11617, ack: 3355972142, window: 5808, data: " delenit, ignota"...
0.108 Data accepted; writing to file
0.108 Assembling: source: 20055, dest: 16715, seq: 3355972142, ack: 13065, window: 5808, ACK
0.109 Sent: b'NWAK\xc8\x08\x12.\x00\x003\tP\x10\x16\xb0\x00\x00\x00\x00'
0.111 Received: b'AKNW\x00\x003\t\xc8\x08\x12.P\x00\x16\xb0\x00\x00\x00\x00se explicari des'...
0.111 Disassembled: source: 16715, dest: 20055, seq: 13065, ack: 3355972142, window: 5808, data: "se explicari des"...
0.111 Data accepted; writing to file
0.111 Assembling: source: 20055, dest: 16715, seq: 3355972142, ack: 14513, window: 5808, ACK
0.112 Sent: b'NWAK\xc8\x08\x12.\x00\x008\xb1P\x10\x16\xb0\x00\x00\x00\x00'
0.113 Received: b'AKNW\x00\x008\xb1\xc8\x08\x12.P\x00\x16\xb0\x00\x00\x00\x00piscing, in modo'...
0.114 Disassembled: source: 16715, dest: 20055, seq: 14513, ack: 3355972142, window: 5808, data: "piscing, in modo"...
0.114 Data accepted; writing to file
0.114 Assembling: source: 20055, dest: 16715, seq: 3355972142, ack: 15961, window: 5808, ACK
0.115 Sent: b'NWAK\xc8\x08\x12.\x00\x00>YP\x10\x16\xb0\x00\x00\x00\x00'
0.117 Received: b'AKNW\x00\x00>Y\xc8\x08\x12.P\x00\x16\xb0\x00\x00\x00\x00o copiosae tacim'...
0.117 Disassembled: source: 16715, dest: 20055, seq: 15961, ack: 3355972142, window: 5808, data: "o copiosae tacim"...
0.117 Data accepted; writing to file
0.117 Assembling: source: 20055, dest: 16715, seq: 3355972142, ack: 17409, window: 5808, ACK
0.118 Sent: b'NWAK\xc8\x08\x12.\x00\x00D\x01P\x10\x16\xb0\x00\x00\x00\x00'
0.120 Received: b'AKNW\x00\x00D\x01\xc8\x08\x12.P\x00\x16\xb0\x00\x00\x00\x00am. Pri ne antio'...
0.120 Disassembled: source: 16715, dest: 20055, seq: 17409, ack: 3355972142, window: 5808, data: "am. Pri ne antio"...
0.120 Data accepted; writing to file
0.121 Assembling: source: 20055, dest: 16715, seq: 3355972142, ack: 18857, window: 5808, ACK
0.121 Sent: b'NWAK\xc8\x08\x12.\x00\x00I\xa9P\x10\x16\xb0\x00\x00\x00\x00'
0.123 Received: b'AKNW\x00\x00I\xa9\xc8\x08\x12.P\x00\x16\xb0\x00\x00\x00\x00to no. Elitr pos'...
0.124 Disassembled: source: 16715, dest: 20055, seq: 18857, ack: 3355972142, window: 5808, data: "to no. Elitr pos"...
0.124 Data accepted; writing to file
0.124 Assembling: source: 20055, dest: 16715, seq: 3355972142, ack: 20305, window: 5808, ACK
0.124 Sent: b'NWAK\xc8\x08\x12.\x00\x00OQP\x10\x16\xb0\x00\x00\x00\x00'
0.126 Received: b'AKNW\x00\x00OQ\xc8\x08\x12.P\x00\x16\xb0\x00\x00\x00\x00pretaris, sea ex'...
0.127 Disassembled: source: 16715, dest: 20055, seq: 20305, ack: 3355972142, window: 5808, data: "pretaris, sea ex"...
0.127 Data accepted; writing to file
0.127 Assembling: source: 20055, dest: 16715, seq: 3355972142, ack: 21753, window: 5808, ACK
0.127 Sent: b'NWAK\xc8\x08\x12.\x00\x00T\xf9P\x10\x16\xb0\x00\x00\x00\x00'
0.129 Received: b'AKNW\x00\x00T\xf9\xc8\x08\x12.P\x00\x16\xb0\x00\x00\x00\x00oporteat inimicu'...
0.130 Disassembled: source: 16715, dest: 20055, seq: 21753, ack: 3355972142, window: 5808, data: "oporteat inimicu"...
0.130 Data accepted; writing to file
0.130 Assembling: source: 20055, dest: 16715, seq: 3355972142, ack: 23201, window: 5808, ACK
0.130 Sent: b'NWAK\xc8\x08\x12.\x00\x00Z\xa1P\x10\x16\xb0\x00\x00\x00\x00'
0.132 Received: b'AKNW\x00\x00Z\xa1\xc8\x08\x12.P\x00\x16\xb0\x00\x00\x00\x00ligendi officiis'...
0.133 Disassembled: source: 16715, dest: 20055, seq: 23201, ack: 3355972142, window: 5808, data: "ligendi officiis"...
0.133 Data accepted; writing to file
0.133 Assembling: source: 20055, dest: 16715, seq: 3355972142, ack: 24649, window: 5808, ACK
0.133 Sent: b'NWAK\xc8\x08\x12.\x00\x00`IP\x10\x16\xb0\x00\x00\x00\x00'
0.135 Received: b'AKNW\x00\x00`I\xc8\x08\x12.P\x00\x16\xb0\x00\x00\x00\x00no vel regione i'...
0.136 Disassembled: source: 16715, dest: 20055, seq: 24649, ack: 3355972142, window: 5808, data: "no vel regione i"...
0.136 Data accepted; writing to file
0.136 Assembling: source: 20055, dest: 16715, seq: 3355972142, ack: 26097, window: 5808, ACK
0.136 Sent: b'NWAK\xc8\x08\x12.\x00\x00e\xf1P\x10\x16\xb0\x00\x00\x00\x00'
0.138 Received: b'AKNW\x00\x00e\xf1\xc8\x08\x12.P\x00\x16\xb0\x00\x00\x00\x00ibus vis ex, pro'...
0.139 Disassembled: source: 16715, dest: 20055, seq: 26097, ack: 3355972142, window: 5808, data: "ibus vis ex, pro"...
0.139 Data accepted; writing to file
0.139 Assembling: source: 20055, dest: 16715, seq: 3355972142, ack: 27545, window: 5808, ACK
0.139 Sent: b'NWAK\xc8\x08\x12.\x00\x00k\x99P\x10\x16\xb0\x00\x00\x00\x00'
0.141 Received: b'AKNW\x00\x00k\x99\xc8\x08\x12.P\x00\x16\xb0\x00\x00\x00\x00o vix, mel ea li'...
0.142 Disassembled: source: 16715, dest: 20055, seq: 27545, ack: 3355972142, window: 5808, data: "o vix, mel ea li"...
0.142 Data accepted; writing to file
0.142 Assembling: source: 20055, dest: 16715, seq: 3355972142, ack: 28993, window: 5808, ACK
0.142 Sent: b'NWAK\xc8\x08\x12.\x00\x00qAP\x10\x16\xb0\x00\x00\x00\x00'
0.144 Received: b'AKNW\x00\x00qA\xc8\x08\x12.P\x00\x16\xb0\x00\x00\x00\x00d. Ex fugit suav'...
0.145 Disassembled: source: 16715, dest: 20055, seq: 28993, ack: 3355972142, window: 5808, data: "d. Ex fugit suav"...
0.145 Data accepted; writing to file
0.145 Assembling: source: 20055, dest: 16715, seq: 3355972142, ack: 30441, window: 5808, ACK
0.146 Sent: b'NWAK\xc8\x08\x12.\x00\x00v\xe9P\x10\x16\xb0\x00\x00\x00\x00'
0.147 Received: b'AKNW\x00\x00v\xe9\xc8\x08\x12.P\x00\x16\xb0\x00\x00\x00\x00pertinax nec. De'...
0.148 Disassembled: source: 16715, dest: 20055, seq: 30441, ack: 3355972142, window: 5808, data: "pertinax nec. De"...
0.148 Data accepted; writing to file
0.148 Assembling: source: 20055, dest: 16715, seq: 3355972142, ack: 31889, window: 5808, ACK
0.148 Sent: b'NWAK\xc8\x08\x12.\x00\x00|\x91P\x10\x16\xb0\x00\x00\x00\x00'
0.150 Received: b'AKNW\x00\x00|\x91\xc8\x08\x12.P\x00\x16\xb0\x00\x00\x00\x00lli primis praes'...
0.151 Disassembled: source: 16715, dest: 20055, seq: 31889, ack: 3355972142, window: 5808, data: "lli primis praes"...
0.151 Data accepted; writing to file
0.151 Assembling: source: 20055, dest: 16715, seq: 3355972142, ack: 33337, window: 5808, ACK
0.152 Sent: b'NWAK\xc8\x08\x12.\x00\x00\x829P\x10\x16\xb0\x00\x00\x00\x00'
0.154 Received: b'AKNW\x00\x00\x829\xc8\x08\x12.P\x00\x16\xb0\x00\x00\x00\x00m, percipit inte'...
0.154 Disassembled: source: 16715, dest: 20055, seq: 33337, ack: 3355972142, window: 5808, data: "m, percipit inte"...
0.154 Data accepted; writing to file
0.154 Assembling: source: 20055, dest: 16715, seq: 3355972142, ack: 34785, window: 5808, ACK
0.155 Sent: b'NWAK\xc8\x08\x12.\x00\x00\x87\xe1P\x10\x16\xb0\x00\x00\x00\x00'
0.157 Received: b'AKNW\x00\x00\x87\xe1\xc8\x08\x12.P\x00\x16\xb0\x00\x00\x00\x00nani docendi pat'...
0.157 Disassembled: source: 16715, dest: 20055, seq: 34785, ack: 3355972142, window: 5808, data: "nani docendi pat"...
0.157 Data accepted; writing to file
0.157 Assembling: source: 20055, dest: 16715, seq: 3355972142, ack: 36233, window: 5808, ACK
0.158 Sent: b'NWAK\xc8\x08\x12.\x00\x00\x8d\x89P\x10\x16\xb0\x00\x00\x00\x00'
0.160 Received: b'AKNW\x00\x00\x8d\x89\xc8\x08\x12.P\x00\x16\xb0\x00\x00\x00\x00 vis decore poss'...
0.160 Disassembled: source: 16715, dest: 20055, seq: 36233, ack: 3355972142, window: 5808, data: " vis decore poss"...
0.160 Data accepted; writing to file
0.161 Assembling: source: 20055, dest: 16715, seq: 3355972142, ack: 37681, window: 5808, ACK
0.161 Sent: b'NWAK\xc8\x08\x12.\x00\x00\x931P\x10\x16\xb0\x00\x00\x00\x00'
0.163 Received: b'AKNW\x00\x00\x931\xc8\x08\x12.P\x00\x16\xb0\x00\x00\x00\x00eam odio corpora'...
0.163 Disassembled: source: 16715, dest: 20055, seq: 37681, ack: 3355972142, window: 5808, data: "eam odio corpora"...
0.163 Data accepted; writing to file
0.164 Assembling: source: 20055, dest: 16715, seq: 3355972142, ack: 39129, window: 5808, ACK
0.164 Sent: b'NWAK\xc8\x08\x12.\x00\x00\x98\xd9P\x10\x16\xb0\x00\x00\x00\x00'
0.166 Received: b'AKNW\x00\x00\x98\xd9\xc8\x08\x12.P\x00\x16\xb0\x00\x00\x00\x00 est. Usu sanctu'...
0.167 Disassembled: source: 16715, dest: 20055, seq: 39129, ack: 3355972142, window: 5808, data: " est. Usu sanctu"...
0.167 Data accepted; writing to file
0.167 Assembling: source: 20055, dest: 16715, seq: 3355972142, ack: 40577, window: 5808, ACK
0.167 Sent: b'NWAK\xc8\x08\x12.\x00\x00\x9e\x81P\x10\x16\xb0\x00\x00\x00\x00'
0.169 Received: b'AKNW\x00\x00\x9e\x81\xc8\x08\x12.P\x00\x16\xb0\x00\x00\x00\x00.\n\nMei graeco ae'...
0.170 Disassembled: source: 16715, dest: 20055, seq: 40577, ack: 3355972142, window: 5808, data: ".

Mei graeco ae"...
0.170 Data accepted; writing to file
0.170 Assembling: source: 20055, dest: 16715, seq: 3355972142, ack: 42025, window: 5808, ACK
0.171 Sent: b'NWAK\xc8\x08\x12.\x00\x00\xa4)P\x10\x16\xb0\x00\x00\x00\x00'
0.173 Received: b'AKNW\x00\x00\xa4)\xc8\x08\x12.P\x00\x16\xb0\x00\x00\x00\x00et. Ne sea primi'...
0.173 Disassembled: source: 16715, dest: 20055, seq: 42025, ack: 3355972142, window: 5808, data: "et. Ne sea primi"...
0.173 Data accepted; writing to file
0.173 Assembling: source: 20055, dest: 16715, seq: 3355972142, ack: 43473, window: 5808, ACK
0.174 Sent: b'NWAK\xc8\x08\x12.\x00\x00\xa9\xd1P\x10\x16\xb0\x00\x00\x00\x00'
0.176 Received: b'AKNW\x00\x00\xa9\xd1\xc8\x08\x12.P\x00\x16\xb0\x00\x00\x00\x00ittam convenire.'...
0.176 Disassembled: source: 16715, dest: 20055, seq: 43473, ack: 3355972142, window: 5808, data: "ittam convenire."...
0.176 Data accepted; writing to file
0.176 Assembling: source: 20055, dest: 16715, seq: 3355972142, ack: 44921, window: 5808, ACK
0.177 Sent: b'NWAK\xc8\x08\x12.\x00\x00\xafyP\x10\x16\xb0\x00\x00\x00\x00'
0.179 Received: b'AKNW\x00\x00\xafy\xc8\x08\x12.P\x00\x16\xb0\x00\x00\x00\x00ua et vis, id eu'...
0.179 Disassembled: source: 16715, dest: 20055, seq: 44921, ack: 3355972142, window: 5808, data: "ua et vis, id eu"...
0.180 Data accepted; writing to file
0.180 Assembling: source: 20055, dest: 16715, seq: 3355972142, ack: 46369, window: 5808, ACK
0.180 Sent: b'NWAK\xc8\x08\x12.\x00\x00\xb5!P\x10\x16\xb0\x00\x00\x00\x00'
0.182 Received: b'AKNW\x00\x00\xb5!\xc8\x08\x12.P\x00\x16\xb0\x00\x00\x00\x00r. Et velit appa'...
0.183 Disassembled: source: 16715, dest: 20055, seq: 46369, ack: 3355972142, window: 5808, data: "r. Et velit appa"...
0.183 Data accepted; writing to file
0.183 Assembling: source: 20055, dest: 16715, seq: 3355972142, ack: 47817, window: 5808, ACK
0.183 Sent: b'NWAK\xc8\x08\x12.\x00\x00\xba\xc9P\x10\x16\xb0\x00\x00\x00\x00'
0.185 Received: b'AKNW\x00\x00\xba\xc9\xc8\x08\x12.P\x00\x16\xb0\x00\x00\x00\x00 novum laudem, v'...
0.186 Disassembled: source: 16715, dest: 20055, seq: 47817, ack: 3355972142, window: 5808, data: " novum laudem, v"...
0.186 Data accepted; writing to file
0.186 Assembling: source: 20055, dest: 16715, seq: 3355972142, ack: 49265, window: 5808, ACK
0.187 Sent: b'NWAK\xc8\x08\x12.\x00\x00\xc0qP\x10\x16\xb0\x00\x00\x00\x00'
0.188 Received: b'AKNW\x00\x00\xc0q\xc8\x08\x12.P\x00\x16\xb0\x00\x00\x00\x00luptatibus, cibo'...
0.189 Disassembled: source: 16715, dest: 20055, seq: 49265, ack: 3355972142, window: 5808, data: "luptatibus, cibo"...
0.189 Data accepted; writing to file
0.189 Assembling: source: 20055, dest: 16715, seq: 3355972142, ack: 50713, window: 5808, ACK
0.190 Sent: b'NWAK\xc8\x08\x12.\x00\x00\xc6\x19P\x10\x16\xb0\x00\x00\x00\x00'
0.192 Received: b'AKNW\x00\x00\xc6\x19\xc8\x08\x12.P\x00\x16\xb0\x00\x00\x00\x00alii indoctum ma'...
0.192 Disassembled: source: 16715, dest: 20055, seq: 50713, ack: 3355972142, window: 5808, data: "alii indoctum ma"...
0.192 Data accepted; writing to file
0.192 Assembling: source: 20055, dest: 16715, seq: 3355972142, ack: 52161, window: 5808, ACK
0.193 Sent: b'NWAK\xc8\x08\x12.\x00\x00\xcb\xc1P\x10\x16\xb0\x00\x00\x00\x00'
0.195 Received: b'AKNW\x00\x00\xcb\xc1\xc8\x08\x12.P\x00\x16\xb0\x00\x00\x00\x00im, his facete c'...
0.195 Disassembled: source: 16715, dest: 20055, seq: 52161, ack: 3355972142, window: 5808, data: "im, his facete c"...
0.195 Data accepted; writing to file
0.196 Assembling: source: 20055, dest: 16715, seq: 3355972142, ack: 53609, window: 5808, ACK
0.196 Sent: b'NWAK\xc8\x08\x12.\x00\x00\xd1iP\x10\x16\xb0\x00\x00\x00\x00'
0.198 Received: b'AKNW\x00\x00\xd1i\xc8\x08\x12.P\x00\x16\xb0\x00\x00\x00\x00e alia dolor com'...
0.198 Disassembled: source: 16715, dest: 20055, seq: 53609, ack: 3355972142, window: 5808, data: "e alia dolor com"...
0.198 Data accepted; writing to file
0.199 Assembling: source: 20055, dest: 16715, seq: 3355972142, ack: 55057, window: 5808, ACK
0.199 Sent: b'NWAK\xc8\x08\x12.\x00\x00\xd7\x11P\x10\x16\xb0\x00\x00\x00\x00'
0.201 Received: b'AKNW\x00\x00\xd7\x11\xc8\x08\x12.P\x00\x16\xb0\x00\x00\x00\x00it ea, reque tem'...
0.201 Disassembled: source: 16715, dest: 20055, seq: 55057, ack: 3355972142, window: 5808, data: "it ea, reque tem"...
0.202 Data accepted; writing to file
0.202 Assembling: source: 20055, dest: 16715, seq: 3355972142, ack: 56505, window: 5808, ACK
0.202 Sent: b'NWAK\xc8\x08\x12.\x00\x00\xdc\xb9P\x10\x16\xb0\x00\x00\x00\x00'
0.204 Received: b'AKNW\x00\x00\xdc\xb9\xc8\x08\x12.P\x00\x16\xb0\x00\x00\x00\x00alisque.\n\nEquide'...
0.205 Disassembled: source: 16715, dest: 20055, seq: 56505, ack: 3355972142, window: 5808, data: "alisque.

Equide"...
0.205 Data accepted; writing to file
0.205 Assembling: source: 20055, dest: 16715, seq: 3355972142, ack: 57953, window: 5808, ACK
0.205 Sent: b'NWAK\xc8\x08\x12.\x00\x00\xe2aP\x10\x16\xb0\x00\x00\x00\x00'
0.207 Received: b'AKNW\x00\x00\xe2a\xc8\x08\x12.P\x00\x16\xb0\x00\x00\x00\x00finitiones, affe'...
0.208 Disassembled: source: 16715, dest: 20055, seq: 57953, ack: 3355972142, window: 5808, data: "finitiones, affe"...
0.208 Data accepted; writing to file
0.208 Assembling: source: 20055, dest: 16715, seq: 3355972142, ack: 59401, window: 5808, ACK
0.208 Sent: b'NWAK\xc8\x08\x12.\x00\x00\xe8\tP\x10\x16\xb0\x00\x00\x00\x00'
0.210 Received: b'AKNW\x00\x00\xe8\t\xc8\x08\x12.P\x00\x16\xb0\x00\x00\x00\x00his duis graeco '...
0.211 Disassembled: source: 16715, dest: 20055, seq: 59401, ack: 3355972142, window: 5808, data: "his duis graeco "...
0.211 Data accepted; writing to file
0.211 Assembling: source: 20055, dest: 16715, seq: 3355972142, ack: 60849, window: 5808, ACK
0.212 Sent: b'NWAK\xc8\x08\x12.\x00\x00\xed\xb1P\x10\x16\xb0\x00\x00\x00\x00'
0.214 Received: b'AKNW\x00\x00\xed\xb1\xc8\x08\x12.P\x00\x16\xb0\x00\x00\x00\x00am. Alia possit '...
0.214 Disassembled: source: 16715, dest: 20055, seq: 60849, ack: 3355972142, window: 5808, data: "am. Alia possit "...
0.214 Data accepted; writing to file
0.214 Assembling: source: 20055, dest: 16715, seq: 3355972142, ack: 62297, window: 5808, ACK
0.215 Sent: b'NWAK\xc8\x08\x12.\x00\x00\xf3YP\x10\x16\xb0\x00\x00\x00\x00'
0.217 Received: b'AKNW\x00\x00\xf3Y\xc8\x08\x12.P\x00\x16\xb0\x00\x00\x00\x00cum an. Mei faci'...
0.217 Disassembled: source: 16715, dest: 20055, seq: 62297, ack: 3355972142, window: 5808, data: "cum an. Mei faci"...
0.217 Data accepted; writing to file
0.218 Assembling: source: 20055, dest: 16715, seq: 3355972142, ack: 63745, window: 5808, ACK
0.218 Sent: b'NWAK\xc8\x08\x12.\x00\x00\xf9\x01P\x10\x16\xb0\x00\x00\x00\x00'
0.220 Received: b'AKNW\x00\x00\xf9\x01\xc8\x08\x12.P\x00\x16\xb0\x00\x00\x00\x00 vis adhuc tatio'...
0.220 Disassembled: source: 16715, dest: 20055, seq: 63745, ack: 3355972142, window: 5808, data: " vis adhuc tatio"...
0.221 Data accepted; writing to file
0.221 Assembling: source: 20055, dest: 16715, seq: 3355972142, ack: 65193, window: 5808, ACK
0.221 Sent: b'NWAK\xc8\x08\x12.\x00\x00\xfe\xa9P\x10\x16\xb0\x00\x00\x00\x00'
0.223 Received: b'AKNW\x00\x00\xfe\xa9\xc8\x08\x12.P\x00\x16\xb0\x00\x00\x00\x00im eu option iuv'...
0.223 Disassembled: source: 16715, dest: 20055, seq: 65193, ack: 3355972142, window: 5808, data: "im eu option iuv"...
0.224 Data accepted; writing to file
0.224 Assembling: source: 20055, dest: 16715, seq: 3355972142, ack: 66641, window: 5808, ACK
0.224 Sent: b'NWAK\xc8\x08\x12.\x00\x01\x04QP\x10\x16\xb0\x00\x00\x00\x00'
0.226 Received: b'AKNW\x00\x01\x04Q\xc8\x08\x12.P\x00\x16\xb0\x00\x00\x00\x00ex epicurei taci'...
0.227 Disassembled: source: 16715, dest: 20055, seq: 66641, ack: 3355972142, window: 5808, data: "ex epicurei taci"...
0.227 Data accepted; writing to file
0.227 Assembling: source: 20055, dest: 16715, seq: 3355972142, ack: 68089, window: 5808, ACK
0.227 Sent: b'NWAK\xc8\x08\x12.\x00\x01\t\xf9P\x10\x16\xb0\x00\x00\x00\x00'
0.229 Received: b'AKNW\x00\x01\t\xf9\xc8\x08\x12.P\x00\x16\xb0\x00\x00\x00\x00ebat, eu pro ero'...
0.230 Disassembled: source: 16715, dest: 20055, seq: 68089, ack: 3355972142, window: 5808, data: "ebat, eu pro ero"...
0.230 Data accepted; writing to file
0.230 Assembling: source: 20055, dest: 16715, seq: 3355972142, ack: 69537, window: 5808, ACK
0.230 Sent: b'NWAK\xc8\x08\x12.\x00\x01\x0f\xa1P\x10\x16\xb0\x00\x00\x00\x00'
0.232 Received: b'AKNW\x00\x01\x0f\xa1\xc8\x08\x12.P\x00\x16\xb0\x00\x00\x00\x00s. Per no sale v'...
0.233 Disassembled: source: 16715, dest: 20055, seq: 69537, ack: 3355972142, window: 5808, data: "s. Per no sale v"...
0.233 Data accepted; writing to file
0.233 Assembling: source: 20055, dest: 16715, seq: 3355972142, ack: 70985, window: 5808, ACK
0.234 Sent: b'NWAK\xc8\x08\x12.\x00\x01\x15IP\x10\x16\xb0\x00\x00\x00\x00'
0.235 Received: b'AKNW\x00\x01\x15I\xc8\x08\x12.P\x00\x16\xb0\x00\x00\x00\x00orrupte ea mel. '...
0.236 Disassembled: source: 16715, dest: 20055, seq: 70985, ack: 3355972142, window: 5808, data: "orrupte ea mel. "...
0.236 Data accepted; writing to file
0.236 Assembling: source: 20055, dest: 16715, seq: 3355972142, ack: 72433, window: 5808, ACK
0.237 Sent: b'NWAK\xc8\x08\x12.\x00\x01\x1a\xf1P\x10\x16\xb0\x00\x00\x00\x00'
0.239 Received: b'AKNW\x00\x01\x1a\xf1\xc8\x08\x12.P\x00\x16\xb0\x00\x00\x00\x00. Est iracundia '...
0.239 Disassembled: source: 16715, dest: 20055, seq: 72433, ack: 3355972142, window: 5808, data: ". Est iracundia "...
0.239 Data accepted; writing to file
0.239 Assembling: source: 20055, dest: 16715, seq: 3355972142, ack: 73881, window: 5808, ACK
0.240 Sent: b'NWAK\xc8\x08\x12.\x00\x01 \x99P\x10\x16\xb0\x00\x00\x00\x00'
0.242 Received: b'AKNW\x00\x01 \x99\xc8\x08\x12.P\x00\x16\xb0\x00\x00\x00\x00pta probatus scr'...
0.242 Disassembled: source: 16715, dest: 20055, seq: 73881, ack: 3355972142, window: 5808, data: "pta probatus scr"...
0.242 Data accepted; writing to file
0.242 Assembling: source: 20055, dest: 16715, seq: 3355972142, ack: 75329, window: 5808, ACK
0.243 Sent: b'NWAK\xc8\x08\x12.\x00\x01&AP\x10\x16\xb0\x00\x00\x00\x00'
0.245 Received: b'AKNW\x00\x01&A\xc8\x08\x12.P\x00\x16\xb0\x00\x00\x00\x00entur ei, pro ei'...
0.245 Disassembled: source: 16715, dest: 20055, seq: 75329, ack: 3355972142, window: 5808, data: "entur ei, pro ei"...
0.245 Data accepted; writing to file
0.245 Assembling: source: 20055, dest: 16715, seq: 3355972142, ack: 76777, window: 5808, ACK
0.246 Sent: b'NWAK\xc8\x08\x12.\x00\x01+\xe9P\x10\x16\xb0\x00\x00\x00\x00'
0.248 Received: b'AKNW\x00\x01+\xe9\xc8\x08\x12.P\x00\x16\xb0\x00\x00\x00\x00simul euismod vi'...
0.248 Disassembled: source: 16715, dest: 20055, seq: 76777, ack: 3355972142, window: 5808, data: "simul euismod vi"...
0.248 Data accepted; writing to file
0.249 Assembling: source: 20055, dest: 16715, seq: 3355972142, ack: 78225, window: 5808, ACK
0.249 Sent: b'NWAK\xc8\x08\x12.\x00\x011\x91P\x10\x16\xb0\x00\x00\x00\x00'
0.251 Received: b'AKNW\x00\x011\x91\xc8\x08\x12.P\x00\x16\xb0\x00\x00\x00\x00, eam id iudico '...
0.251 Disassembled: source: 16715, dest: 20055, seq: 78225, ack: 3355972142, window: 5808, data: ", eam id iudico "...
0.251 Data accepted; writing to file
0.252 Assembling: source: 20055, dest: 16715, seq: 3355972142, ack: 79673, window: 5808, ACK
0.252 Sent: b'NWAK\xc8\x08\x12.\x00\x0179P\x10\x16\xb0\x00\x00\x00\x00'
0.254 Received: b'AKNW\x00\x0179\xc8\x08\x12.P\x00\x16\xb0\x00\x00\x00\x00m vix. Ea est mu'...
0.254 Disassembled: source: 16715, dest: 20055, seq: 79673, ack: 3355972142, window: 5808, data: "m vix. Ea est mu"...
0.255 Data accepted; writing to file
0.255 Assembling: source: 20055, dest: 16715, seq: 3355972142, ack: 81121, window: 5808, ACK
0.255 Sent: b'NWAK\xc8\x08\x12.\x00\x01<\xe1P\x10\x16\xb0\x00\x00\x00\x00'
0.257 Received: b'AKNW\x00\x01<\xe1\xc8\x08\x12.P\x00\x16\xb0\x00\x00\x00\x00olor sit amet, e'...
0.257 Disassembled: source: 16715, dest: 20055, seq: 81121, ack: 3355972142, window: 5808, data: "olor sit amet, e"...
0.258 Data accepted; writing to file
0.258 Assembling: source: 20055, dest: 16715, seq: 3355972142, ack: 82569, window: 5808, ACK
0.258 Sent: b'NWAK\xc8\x08\x12.\x00\x01B\x89P\x10\x16\xb0\x00\x00\x00\x00'
0.260 Received: b'AKNW\x00\x01B\x89\xc8\x08\x12.P\x00\x16\xb0\x00\x00\x00\x00m, aperiam iudic'...
0.261 Disassembled: source: 16715, dest: 20055, seq: 82569, ack: 3355972142, window: 5808, data: "m, aperiam iudic"...
0.261 Data accepted; writing to file
0.261 Assembling: source: 20055, dest: 16715, seq: 3355972142, ack: 84017, window: 5808, ACK
0.261 Sent: b'NWAK\xc8\x08\x12.\x00\x01H1P\x10\x16\xb0\x00\x00\x00\x00'
0.263 Received: b'AKNW\x00\x01H1\xc8\x08\x12.P\x00\x16\xb0\x00\x00\x00\x00re sea. No eos d'...
0.264 Disassembled: source: 16715, dest: 20055, seq: 84017, ack: 3355972142, window: 5808, data: "re sea. No eos d"...
0.264 Data accepted; writing to file
0.264 Assembling: source: 20055, dest: 16715, seq: 3355972142, ack: 85465, window: 5808, ACK
0.265 Sent: b'NWAK\xc8\x08\x12.\x00\x01M\xd9P\x10\x16\xb0\x00\x00\x00\x00'
0.266 Received: b'AKNW\x00\x01M\xd9\xc8\x08\x12.P\x00\x16\xb0\x00\x00\x00\x00t scripta philos'...
0.267 Disassembled: source: 16715, dest: 20055, seq: 85465, ack: 3355972142, window: 5808, data: "t scripta philos"...
0.267 Data accepted; writing to file
0.267 Assembling: source: 20055, dest: 16715, seq: 3355972142, ack: 86913, window: 5808, ACK
0.268 Sent: b'NWAK\xc8\x08\x12.\x00\x01S\x81P\x10\x16\xb0\x00\x00\x00\x00'
0.269 Received: b'AKNW\x00\x01S\x81\xc8\x08\x12.P\x00\x16\xb0\x00\x00\x00\x00tos sadipscing e'...
0.270 Disassembled: source: 16715, dest: 20055, seq: 86913, ack: 3355972142, window: 5808, data: "tos sadipscing e"...
0.270 Data accepted; writing to file
0.270 Assembling: source: 20055, dest: 16715, seq: 3355972142, ack: 88361, window: 5808, ACK
0.271 Sent: b'NWAK\xc8\x08\x12.\x00\x01Y)P\x10\x16\xb0\x00\x00\x00\x00'
0.272 Received: b'AKNW\x00\x01Y)\xc8\x08\x12.P\x00\x16\xb0\x00\x00\x00\x00sapientem ea, ad'...
0.273 Disassembled: source: 16715, dest: 20055, seq: 88361, ack: 3355972142, window: 5808, data: "sapientem ea, ad"...
0.273 Data accepted; writing to file
0.273 Assembling: source: 20055, dest: 16715, seq: 3355972142, ack: 89809, window: 5808, ACK
0.273 Sent: b'NWAK\xc8\x08\x12.\x00\x01^\xd1P\x10\x16\xb0\x00\x00\x00\x00'
0.275 Received: b'AKNW\x00\x01^\xd1\xc8\x08\x12.P\x00\x16\xb0\x00\x00\x00\x00g, ei invenire p'...
0.276 Disassembled: source: 16715, dest: 20055, seq: 89809, ack: 3355972142, window: 5808, data: "g, ei invenire p"...
0.276 Data accepted; writing to file
0.276 Assembling: source: 20055, dest: 16715, seq: 3355972142, ack: 91257, window: 5808, ACK
0.277 Sent: b'NWAK\xc8\x08\x12.\x00\x01dyP\x10\x16\xb0\x00\x00\x00\x00'
0.279 Received: b'AKNW\x00\x01dy\xc8\x08\x12.P\x00\x16\xb0\x00\x00\x00\x00endo at. Qui id '...
0.279 Disassembled: source: 16715, dest: 20055, seq: 91257, ack: 3355972142, window: 5808, data: "endo at. Qui id "...
0.279 Data accepted; writing to file
0.279 Assembling: source: 20055, dest: 16715, seq: 3355972142, ack: 92705, window: 5808, ACK
0.280 Sent: b'NWAK\xc8\x08\x12.\x00\x01j!P\x10\x16\xb0\x00\x00\x00\x00'
0.281 Received: b'AKNW\x00\x01j!\xc8\x08\x12.P\x00\x16\xb0\x00\x00\x00\x00ota nostrum et p'...
0.282 Disassembled: source: 16715, dest: 20055, seq: 92705, ack: 3355972142, window: 5808, data: "ota nostrum et p"...
0.282 Data accepted; writing to file
0.282 Assembling: source: 20055, dest: 16715, seq: 3355972142, ack: 94153, window: 5808, ACK
0.283 Sent: b'NWAK\xc8\x08\x12.\x00\x01o\xc9P\x10\x16\xb0\x00\x00\x00\x00'
0.284 Received: b'AKNW\x00\x01o\xc9\xc8\x08\x12.P\x00\x16\xb0\x00\x00\x00\x00deseruisse id. P'...
0.285 Disassembled: source: 16715, dest: 20055, seq: 94153, ack: 3355972142, window: 5808, data: "deseruisse id. P"...
0.285 Data accepted; writing to file
0.285 Assembling: source: 20055, dest: 16715, seq: 3355972142, ack: 95601, window: 5808, ACK
0.286 Sent: b'NWAK\xc8\x08\x12.\x00\x01uqP\x10\x16\xb0\x00\x00\x00\x00'
0.288 Received: b'AKNW\x00\x01uq\xc8\x08\x12.P\x00\x16\xb0\x00\x00\x00\x00odo munere imper'...
0.288 Disassembled: source: 16715, dest: 20055, seq: 95601, ack: 3355972142, window: 5808, data: "odo munere imper"...
0.288 Data accepted; writing to file
0.288 Assembling: source: 20055, dest: 16715, seq: 3355972142, ack: 97049, window: 5808, ACK
0.289 Sent: b'NWAK\xc8\x08\x12.\x00\x01{\x19P\x10\x16\xb0\x00\x00\x00\x00'
0.291 Received: b'AKNW\x00\x01{\x19\xc8\x08\x12.P\x00\x16\xb0\x00\x00\x00\x00cimates cum, tib'...
0.291 Disassembled: source: 16715, dest: 20055, seq: 97049, ack: 3355972142, window: 5808, data: "cimates cum, tib"...
0.291 Data accepted; writing to file
0.291 Assembling: source: 20055, dest: 16715, seq: 3355972142, ack: 98497, window: 5808, ACK
0.292 Sent: b'NWAK\xc8\x08\x12.\x00\x01\x80\xc1P\x10\x16\xb0\x00\x00\x00\x00'
0.294 Received: b'AKNW\x00\x01\x80\xc1\xc8\x08\x12.P\x00\x16\xb0\x00\x00\x00\x00tiopam molestiae'...
0.294 Disassembled: source: 16715, dest: 20055, seq: 98497, ack: 3355972142, window: 5808, data: "tiopam molestiae"...
0.294 Data accepted; writing to file
0.294 Assembling: source: 20055, dest: 16715, seq: 3355972142, ack: 99945, window: 5808, ACK
0.295 Sent: b'NWAK\xc8\x08\x12.\x00\x01\x86iP\x10\x16\xb0\x00\x00\x00\x00'
0.297 Received: b'AKNW\x00\x01\x86i\xc8\x08\x12.P\x00\x16\xb0\x00\x00\x00\x00possim qui no, v'...
0.297 Disassembled: source: 16715, dest: 20055, seq: 99945, ack: 3355972142, window: 5808, data: "possim qui no, v"...
0.297 Data accepted; writing to file
0.297 Assembling: source: 20055, dest: 16715, seq: 3355972142, ack: 101393, window: 5808, ACK
0.298 Sent: b'NWAK\xc8\x08\x12.\x00\x01\x8c\x11P\x10\x16\xb0\x00\x00\x00\x00'
0.300 Received: b'AKNW\x00\x01\x8c\x11\xc8\x08\x12.P\x00\x16\xb0\x00\x00\x00\x00 ex utinam parti'...
0.300 Disassembled: source: 16715, dest: 20055, seq: 101393, ack: 3355972142, window: 5808, data: " ex utinam parti"...
0.300 Data accepted; writing to file
0.300 Assembling: source: 20055, dest: 16715, seq: 3355972142, ack: 102841, window: 5808, ACK
0.301 Sent: b'NWAK\xc8\x08\x12.\x00\x01\x91\xb9P\x10\x16\xb0\x00\x00\x00\x00'
0.303 Received: b'AKNW\x00\x01\x91\xb9\xc8\x08\x12.P\x00\x16\xb0\x00\x00\x00\x00icus in his. Pri'...
0.303 Disassembled: source: 16715, dest: 20055, seq: 102841, ack: 3355972142, window: 5808, data: "icus in his. Pri"...
0.303 Data accepted; writing to file
0.303 Assembling: source: 20055, dest: 16715, seq: 3355972142, ack: 104289, window: 5808, ACK
0.304 Sent: b'NWAK\xc8\x08\x12.\x00\x01\x97aP\x10\x16\xb0\x00\x00\x00\x00'
0.306 Received: b'AKNW\x00\x01\x97a\xc8\x08\x12.P\x00\x16\xb0\x00\x00\x00\x00iis et.\n\nIus cu '...
0.306 Disassembled: source: 16715, dest: 20055, seq: 104289, ack: 3355972142, window: 5808, data: "iis et.

Ius cu "...
0.307 Data accepted; writing to file
0.307 Assembling: source: 20055, dest: 16715, seq: 3355972142, ack: 105737, window: 5808, ACK
0.307 Sent: b'NWAK\xc8\x08\x12.\x00\x01\x9d\tP\x10\x16\xb0\x00\x00\x00\x00'
0.309 Received: b'AKNW\x00\x01\x9d\t\xc8\x08\x12.P\x00\x16\xb0\x00\x00\x00\x00e interesset.\n\nT'...
0.309 Disassembled: source: 16715, dest: 20055, seq: 105737, ack: 3355972142, window: 5808, data: "e interesset.

T"...
0.310 Data accepted; writing to file
0.310 Assembling: source: 20055, dest: 16715, seq: 3355972142, ack: 107185, window: 5808, ACK
0.310 Sent: b'NWAK\xc8\x08\x12.\x00\x01\xa2\xb1P\x10\x16\xb0\x00\x00\x00\x00'
0.312 Received: b'AKNW\x00\x01\xa2\xb1\xc8\x08\x12.P\x00\x16\xb0\x00\x00\x00\x00pro alia volutpa'...
0.313 Disassembled: source: 16715, dest: 20055, seq: 107185, ack: 3355972142, window: 5808, data: "pro alia volutpa"...
0.313 Data accepted; writing to file
0.313 Assembling: source: 20055, dest: 16715, seq: 3355972142, ack: 108633, window: 5808, ACK
0.313 Sent: b'NWAK\xc8\x08\x12.\x00\x01\xa8YP\x10\x16\xb0\x00\x00\x00\x00'
0.315 Received: b'AKNW\x00\x01\xa8Y\xc8\x08\x12.P\x00\x16\xb0\x00\x00\x00\x00 libris equidem '...
0.316 Disassembled: source: 16715, dest: 20055, seq: 108633, ack: 3355972142, window: 5808, data: " libris equidem "...
0.316 Data accepted; writing to file
0.316 Assembling: source: 20055, dest: 16715, seq: 3355972142, ack: 110081, window: 5808, ACK
0.316 Sent: b'NWAK\xc8\x08\x12.\x00\x01\xae\x01P\x10\x16\xb0\x00\x00\x00\x00'
0.319 Received: b'AKNW\x00\x01\xae\x01\xc8\x08\x12.P\x00\x16\xb0\x00\x00\x00\x00uavitate volupta'...
0.319 Disassembled: source: 16715, dest: 20055, seq: 110081, ack: 3355972142, window: 5808, data: "uavitate volupta"...
0.319 Data accepted; writing to file
0.319 Assembling: source: 20055, dest: 16715, seq: 3355972142, ack: 111529, window: 5808, ACK
0.320 Sent: b'NWAK\xc8\x08\x12.\x00\x01\xb3\xa9P\x10\x16\xb0\x00\x00\x00\x00'
0.322 Received: b'AKNW\x00\x01\xb3\xa9\xc8\x08\x12.P\x00\x16\xb0\x00\x00\x00\x00 Detraxit defini'...
0.322 Disassembled: source: 16715, dest: 20055, seq: 111529, ack: 3355972142, window: 5808, data: " Detraxit defini"...
0.322 Data accepted; writing to file
0.322 Assembling: source: 20055, dest: 16715, seq: 3355972142, ack: 112977, window: 5808, ACK
0.323 Sent: b'NWAK\xc8\x08\x12.\x00\x01\xb9QP\x10\x16\xb0\x00\x00\x00\x00'
0.325 Received: b'AKNW\x00\x01\xb9Q\xc8\x08\x12.P\x00\x16\xb0\x00\x00\x00\x00aesent mei. Quo '...
0.325 Disassembled: source: 16715, dest: 20055, seq: 112977, ack: 3355972142, window: 5808, data: "aesent mei. Quo "...
0.326 Data accepted; writing to file
0.326 Assembling: source: 20055, dest: 16715, seq: 3355972142, ack: 114425, window: 5808, ACK
0.326 Sent: b'NWAK\xc8\x08\x12.\x00\x01\xbe\xf9P\x10\x16\xb0\x00\x00\x00\x00'
0.328 Received: b'AKNW\x00\x01\xbe\xf9\xc8\x08\x12.P\x00\x16\xb0\x00\x00\x00\x00nterpretaris no '...
0.329 Disassembled: source: 16715, dest: 20055, seq: 114425, ack: 3355972142, window: 5808, data: "nterpretaris no "...
0.329 Data accepted; writing to file
0.329 Assembling: source: 20055, dest: 16715, seq: 3355972142, ack: 115873, window: 5808, ACK
0.329 Sent: b'NWAK\xc8\x08\x12.\x00\x01\xc4\xa1P\x10\x16\xb0\x00\x00\x00\x00'
0.331 Received: b'AKNW\x00\x01\xc4\xa1\xc8\x08\x12.P\x00\x16\xb0\x00\x00\x00\x00patrioque has. I'...
0.331 Disassembled: source: 16715, dest: 20055, seq: 115873, ack: 3355972142, window: 5808, data: "patrioque has. I"...
0.332 Data accepted; writing to file
0.332 Assembling: source: 20055, dest: 16715, seq: 3355972142, ack: 117321, window: 5808, ACK
0.332 Sent: b'NWAK\xc8\x08\x12.\x00\x01\xcaIP\x10\x16\xb0\x00\x00\x00\x00'
0.334 Received: b'AKNW\x00\x01\xcaI\xc8\x08\x12.P\x00\x16\xb0\x00\x00\x00\x00ossit repudianda'...
0.335 Disassembled: source: 16715, dest: 20055, seq: 117321, ack: 3355972142, window: 5808, data: "ossit repudianda"...
0.335 Data accepted; writing to file
0.335 Assembling: source: 20055, dest: 16715, seq: 3355972142, ack: 118769, window: 5808, ACK
0.335 Sent: b'NWAK\xc8\x08\x12.\x00\x01\xcf\xf1P\x10\x16\xb0\x00\x00\x00\x00'
0.337 Received: b'AKNW\x00\x01\xcf\xf1\xc8\x08\x12.P\x00\x16\xb0\x00\x00\x00\x00ora consequuntur'...
0.338 Disassembled: source: 16715, dest: 20055, seq: 118769, ack: 3355972142, window: 5808, data: "ora consequuntur"...
0.338 Data accepted; writing to file
0.338 Assembling: source: 20055, dest: 16715, seq: 3355972142, ack: 120217, window: 5808, ACK
0.338 Sent: b'NWAK\xc8\x08\x12.\x00\x01\xd5\x99P\x10\x16\xb0\x00\x00\x00\x00'
0.340 Received: b'AKNW\x00\x01\xd5\x99\xc8\x08\x12.P\x00\x16\xb0\x00\x00\x00\x00ctus conceptam a'...
0.341 Disassembled: source: 16715, dest: 20055, seq: 120217, ack: 3355972142, window: 5808, data: "ctus conceptam a"...
0.341 Data accepted; writing to file
0.341 Assembling: source: 20055, dest: 16715, seq: 3355972142, ack: 121665, window: 5808, ACK
0.341 Sent: b'NWAK\xc8\x08\x12.\x00\x01\xdbAP\x10\x16\xb0\x00\x00\x00\x00'
0.343 Received: b'AKNW\x00\x01\xdbA\xc8\x08\x12.P\x00\x16\xb0\x00\x00\x00\x00 aeterno te, ne '...
0.344 Disassembled: source: 16715, dest: 20055, seq: 121665, ack: 3355972142, window: 5808, data: " aeterno te, ne "...
0.344 Data accepted; writing to file
0.344 Assembling: source: 20055, dest: 16715, seq: 3355972142, ack: 123113, window: 5808, ACK
0.344 Sent: b'NWAK\xc8\x08\x12.\x00\x01\xe0\xe9P\x10\x16\xb0\x00\x00\x00\x00'
0.346 Received: b'AKNW\x00\x01\xe0\xe9\xc8\x08\x12.P\x00\x16\xb0\x00\x00\x00\x00imis oporteat di'...
0.347 Disassembled: source: 16715, dest: 20055, seq: 123113, ack: 3355972142, window: 5808, data: "imis oporteat di"...
0.347 Data accepted; writing to file
0.347 Assembling: source: 20055, dest: 16715, seq: 3355972142, ack: 124561, window: 5808, ACK
0.347 Sent: b'NWAK\xc8\x08\x12.\x00\x01\xe6\x91P\x10\x16\xb0\x00\x00\x00\x00'
0.349 Received: b'AKNW\x00\x01\xe6\x91\xc8\x08\x12.P\x00\x16\xb0\x00\x00\x00\x00re. Has virtute '...
0.350 Disassembled: source: 16715, dest: 20055, seq: 124561, ack: 3355972142, window: 5808, data: "re. Has virtute "...
0.350 Data accepted; writing to file
0.350 Assembling: source: 20055, dest: 16715, seq: 3355972142, ack: 126009, window: 5808, ACK
0.350 Sent: b'NWAK\xc8\x08\x12.\x00\x01\xec9P\x10\x16\xb0\x00\x00\x00\x00'
0.352 Received: b'AKNW\x00\x01\xec9\xc8\x08\x12.P\x00\x16\xb0\x00\x00\x00\x00 eum ancillae no'...
0.353 Disassembled: source: 16715, dest: 20055, seq: 126009, ack: 3355972142, window: 5808, data: " eum ancillae no"...
0.353 Data accepted; writing to file
0.353 Assembling: source: 20055, dest: 16715, seq: 3355972142, ack: 127457, window: 5808, ACK
0.354 Sent: b'NWAK\xc8\x08\x12.\x00\x01\xf1\xe1P\x10\x16\xb0\x00\x00\x00\x00'
0.355 Received: b'AKNW\x00\x01\xf1\xe1\xc8\x08\x12.P\x00\x16\xb0\x00\x00\x00\x00ppareat ius. At '...
0.356 Disassembled: source: 16715, dest: 20055, seq: 127457, ack: 3355972142, window: 5808, data: "ppareat ius. At "...
0.356 Data accepted; writing to file
0.356 Assembling: source: 20055, dest: 16715, seq: 3355972142, ack: 128905, window: 5808, ACK
0.357 Sent: b'NWAK\xc8\x08\x12.\x00\x01\xf7\x89P\x10\x16\xb0\x00\x00\x00\x00'
0.359 Received: b'AKNW\x00\x01\xf7\x89\xc8\x08\x12.P\x00\x16\xb0\x00\x00\x00\x00, vero appellant'...
0.359 Disassembled: source: 16715, dest: 20055, seq: 128905, ack: 3355972142, window: 5808, data: ", vero appellant"...
0.359 Data accepted; writing to file
0.359 Assembling: source: 20055, dest: 16715, seq: 3355972142, ack: 130353, window: 5808, ACK
0.360 Sent: b'NWAK\xc8\x08\x12.\x00\x01\xfd1P\x10\x16\xb0\x00\x00\x00\x00'
0.362 Received: b'AKNW\x00\x01\xfd1\xc8\x08\x12.P\x00\x16\xb0\x00\x00\x00\x00ibo quando copio'...
0.362 Disassembled: source: 16715, dest: 20055, seq: 130353, ack: 3355972142, window: 5808, data: "ibo quando copio"...
0.362 Data accepted; writing to file
0.362 Assembling: source: 20055, dest: 16715, seq: 3355972142, ack: 131801, window: 5808, ACK
0.363 Sent: b'NWAK\xc8\x08\x12.\x00\x02\x02\xd9P\x10\x16\xb0\x00\x00\x00\x00'
0.365 Received: b'AKNW\x00\x02\x02\xd9\xc8\x08\x12.P\x00\x16\xb0\x00\x00\x00\x00 maluisset. Sit '...
0.365 Disassembled: source: 16715, dest: 20055, seq: 131801, ack: 3355972142, window: 5808, data: " maluisset. Sit "...
0.365 Data accepted; writing to file
0.365 Assembling: source: 20055, dest: 16715, seq: 3355972142, ack: 133249, window: 5808, ACK
0.366 Sent: b'NWAK\xc8\x08\x12.\x00\x02\x08\x81P\x10\x16\xb0\x00\x00\x00\x00'
0.368 Received: b'AKNW\x00\x02\x08\x81\xc8\x08\x12.P\x00\x16\xb0\x00\x00\x00\x00e ceteros albuci'...
0.368 Disassembled: source: 16715, dest: 20055, seq: 133249, ack: 3355972142, window: 5808, data: "e ceteros albuci"...
0.368 Data accepted; writing to file
0.369 Assembling: source: 20055, dest: 16715, seq: 3355972142, ack: 134697, window: 5808, ACK
0.369 Sent: b'NWAK\xc8\x08\x12.\x00\x02\x0e)P\x10\x16\xb0\x00\x00\x00\x00'
0.371 Received: b'AKNW\x00\x02\x0e)\xc8\x08\x12.P\x00\x16\xb0\x00\x00\x00\x00complectitur sea'...
0.371 Disassembled: source: 16715, dest: 20055, seq: 134697, ack: 3355972142, window: 5808, data: "complectitur sea"...
0.372 Data accepted; writing to file
0.372 Assembling: source: 20055, dest: 16715, seq: 3355972142, ack: 136145, window: 5808, ACK
0.372 Sent: b'NWAK\xc8\x08\x12.\x00\x02\x13\xd1P\x10\x16\xb0\x00\x00\x00\x00'
0.374 Received: b'AKNW\x00\x02\x13\xd1\xc8\x08\x12.P\x00\x16\xb0\x00\x00\x00\x00tempor ex ius. E'...
0.374 Disassembled: source: 16715, dest: 20055, seq: 136145, ack: 3355972142, window: 5808, data: "tempor ex ius. E"...
0.375 Data accepted; writing to file
0.375 Assembling: source: 20055, dest: 16715, seq: 3355972142, ack: 136239, window: 5808, ACK
0.375 Sent: b'NWAK\xc8\x08\x12.\x00\x02\x14/P\x10\x16\xb0\x00\x00\x00\x00'
0.876 Sent: b'NWAK\xc8\x08\x12.\x00\x02\x14/P\x10\x16\xb0\x00\x00\x00\x00'
1.376 Sent: b'NWAK\xc8\x08\x12.\x00\x02\x14/P\x10\x16\xb0\x00\x00\x00\x00'
1.876 Sent: b'NWAK\xc8\x08\x12.\x00\x02\x14/P\x10\x16\xb0\x00\x00\x00\x00'
2.377 Sent: b'NWAK\xc8\x08\x12.\x00\x02\x14/P\x10\x16\xb0\x00\x00\x00\x00'
2.877 Error: Connection timed out
2.877 Closed connection
2.878 Shutting down
