0.000 NEW RUN: Server, TEST: Write_file__Relaxed
0.080 Received: b'*b\xad\xb0\x00\x00\x00`\x00\x00\x00\x00P\x02\x05\xa8\x00\x00\x00\x00'
0.081 Disassembled: source: 10850, dest: 44464, seq: 96, window: 1448, SYN
0.082 SYN accepted; new connection: 127.0.0.1 on port 10850
0.082 Assembling: source: 44464, dest: 10850, seq: 3299000534, ack: 97, window: 5808, ACK, SYN
0.082 Sent: b'\xad\xb0*b\xc4\xa2\xc0\xd6\x00\x00\x00aP\x12\x16\xb0\x00\x00\x00\x00'
0.084 Received: b'*b\xad\xb0\x00\x00\x00a\xc4\xa2\xc0\xd7P\x10\x16\xb0\x00\x00\x00\x00'
0.085 Disassembled: source: 10850, dest: 44464, seq: 97, ack: 3299000535, window: 5808, ACK
0.085 Assembling: source: 44464, dest: 10850, seq: 3299000535, ack: 97, window: 5808, ACK
0.085 Received: b'*b\xad\xb0\x00\x00\x00a\xc4\xa2\xc0\xd7P\x10\x16\xb0\x00\x00\x00\x00'
0.086 Sent: b'\xad\xb0*b\xc4\xa2\xc0\xd7\x00\x00\x00aP\x10\x16\xb0\x00\x00\x00\x00'
0.086 Disassembled: source: 10850, dest: 44464, seq: 97, ack: 3299000535, window: 5808, ACK
0.086 Assembling: source: 44464, dest: 10850, seq: 3299000535, ack: 97, window: 5808, ACK
0.087 Sent: b'\xad\xb0*b\xc4\xa2\xc0\xd7\x00\x00\x00aP\x10\x16\xb0\x00\x00\x00\x00'
0.587 Sent: b'\xad\xb0*b\xc4\xa2\xc0\xd7\x00\x00\x00aP\x10\x16\xb0\x00\x00\x00\x00'
1.088 Sent: b'\xad\xb0*b\xc4\xa2\xc0\xd7\x00\x00\x00aP\x10\x16\xb0\x00\x00\x00\x00'
1.588 Sent: b'\xad\xb0*b\xc4\xa2\xc0\xd7\x00\x00\x00aP\x10\x16\xb0\x00\x00\x00\x00'
2.089 Sent: b'\xad\xb0*b\xc4\xa2\xc0\xd7\x00\x00\x00aP\x10\x16\xb0\x00\x00\x00\x00'
2.589 Error: Connection timed out
2.589 Closed connection
2.590 Shutting down
