0.000 NEW RUN: Server, TEST: Write_file__Latency
0.080 Received: b'\xc6\xab\xe9\x87\x00\x00\x00N\x00\x00\x00\x00P\x02\x05\xa8\x00\x00\x00\x00'
0.081 Disassembled: source: 50859, dest: 59783, seq: 78, window: 1448, SYN
0.082 SYN accepted; new connection: 127.0.0.1 on port 50859
0.082 Assembling: source: 59783, dest: 50859, seq: 3434004576, ack: 79, window: 5808, ACK, SYN
0.082 Sent: b'\xe9\x87\xc6\xab\xcc\xae\xc0`\x00\x00\x00OP\x12\x16\xb0\x00\x00\x00\x00'
0.583 Sent: b'\xe9\x87\xc6\xab\xcc\xae\xc0`\x00\x00\x00OP\x12\x16\xb0\x00\x00\x00\x00'
1.084 Sent: b'\xe9\x87\xc6\xab\xcc\xae\xc0`\x00\x00\x00OP\x12\x16\xb0\x00\x00\x00\x00'
1.086 Received: b'\xc6\xab\xe9\x87\x00\x00\x00O\xcc\xae\xc0aP\x10\x16\xb0\x00\x00\x00\x00'
1.087 Disassembled: source: 50859, dest: 59783, seq: 79, ack: 3434004577, window: 5808, ACK
1.087 Assembling: source: 59783, dest: 50859, seq: 3434004577, ack: 79, window: 5808, ACK
1.088 Sent: b'\xe9\x87\xc6\xab\xcc\xae\xc0a\x00\x00\x00OP\x10\x16\xb0\x00\x00\x00\x00'
1.089 Received: b'\xc6\xab\xe9\x87\x00\x00\x00O\xcc\xae\xc0aP\x10\x16\xb0\x00\x00\x00\x00Lorem ipsum dolo'...
1.089 Disassembled: source: 50859, dest: 59783, seq: 79, ack: 3434004577, window: 5808, ACK, data: "Lorem ipsum dolo"...
1.089 Handshake complete
1.090 Data accepted; writing to file
1.090 Assembling: source: 59783, dest: 50859, seq: 3434004577, ack: 1527, window: 5808, ACK
1.090 Sent: b'\xe9\x87\xc6\xab\xcc\xae\xc0a\x00\x00\x05\xf7P\x10\x16\xb0\x00\x00\x00\x00'
1.587 Received: b'\xc6\xab\xe9\x87\x00\x00\x00O\xcc\xae\xc0aP\x10\x16\xb0\x00\x00\x00\x00Lorem ipsum dolo'...
1.588 Disassembled: source: 50859, dest: 59783, seq: 79, ack: 3434004577, window: 5808, ACK, data: "Lorem ipsum dolo"...
1.588 Old data; ignoring
1.591 Sent: b'\xe9\x87\xc6\xab\xcc\xae\xc0a\x00\x00\x05\xf7P\x10\x16\xb0\x00\x00\x00\x00'
2.088 Received: b'\xc6\xab\xe9\x87\x00\x00\x00O\xcc\xae\xc0aP\x10\x16\xb0\x00\x00\x00\x00Lorem ipsum dolo'...
2.089 Disassembled: source: 50859, dest: 59783, seq: 79, ack: 3434004577, window: 5808, ACK, data: "Lorem ipsum dolo"...
2.089 Old data; ignoring
2.092 Sent: b'\xe9\x87\xc6\xab\xcc\xae\xc0a\x00\x00\x05\xf7P\x10\x16\xb0\x00\x00\x00\x00'
2.092 Received: b'\xc6\xab\xe9\x87\x00\x00\x00O\xcc\xae\xc0aP\x10\x16\xb0\x00\x00\x00\x00Lorem ipsum dolo'...
2.093 Disassembled: source: 50859, dest: 59783, seq: 79, ack: 3434004577, window: 5808, ACK, data: "Lorem ipsum dolo"...
2.093 Old data; ignoring
2.095 Received: b'\xc6\xab\xe9\x87\x00\x00\x05\xf7\xcc\xae\xc0aP\x00\x16\xb0\x00\x00\x00\x00mprehensam nam, '...
2.095 Disassembled: source: 50859, dest: 59783, seq: 1527, ack: 3434004577, window: 5808, data: "mprehensam nam, "...
2.096 Data accepted; writing to file
2.096 Assembling: source: 59783, dest: 50859, seq: 3434004577, ack: 2975, window: 5808, ACK
2.096 Sent: b'\xe9\x87\xc6\xab\xcc\xae\xc0a\x00\x00\x0b\x9fP\x10\x16\xb0\x00\x00\x00\x00'
2.596 Received: b'\xc6\xab\xe9\x87\x00\x00\x05\xf7\xcc\xae\xc0aP\x00\x16\xb0\x00\x00\x00\x00mprehensam nam, '...
2.596 Disassembled: source: 50859, dest: 59783, seq: 1527, ack: 3434004577, window: 5808, data: "mprehensam nam, "...
2.596 Old data; ignoring
2.597 Sent: b'\xe9\x87\xc6\xab\xcc\xae\xc0a\x00\x00\x0b\x9fP\x10\x16\xb0\x00\x00\x00\x00'
3.096 Received: b'\xc6\xab\xe9\x87\x00\x00\x05\xf7\xcc\xae\xc0aP\x00\x16\xb0\x00\x00\x00\x00mprehensam nam, '...
3.097 Disassembled: source: 50859, dest: 59783, seq: 1527, ack: 3434004577, window: 5808, data: "mprehensam nam, "...
3.097 Old data; ignoring
3.098 Sent: b'\xe9\x87\xc6\xab\xcc\xae\xc0a\x00\x00\x0b\x9fP\x10\x16\xb0\x00\x00\x00\x00'
3.101 Received: b'\xc6\xab\xe9\x87\x00\x00\x0b\x9f\xcc\xae\xc0aP\x00\x16\xb0\x00\x00\x00\x00ilisi repudiare '...
3.101 Disassembled: source: 50859, dest: 59783, seq: 2975, ack: 3434004577, window: 5808, data: "ilisi repudiare "...
3.101 Data accepted; writing to file
3.102 Assembling: source: 59783, dest: 50859, seq: 3434004577, ack: 3322, window: 5808, ACK
3.102 Sent: b'\xe9\x87\xc6\xab\xcc\xae\xc0a\x00\x00\x0c\xfaP\x10\x16\xb0\x00\x00\x00\x00'
3.601 Received: b'\xc6\xab\xe9\x87\x00\x00\x0b\x9f\xcc\xae\xc0aP\x00\x16\xb0\x00\x00\x00\x00ilisi repudiare '...
3.602 Disassembled: source: 50859, dest: 59783, seq: 2975, ack: 3434004577, window: 5808, data: "ilisi repudiare "...
3.602 Old data; ignoring
3.603 Sent: b'\xe9\x87\xc6\xab\xcc\xae\xc0a\x00\x00\x0c\xfaP\x10\x16\xb0\x00\x00\x00\x00'
4.102 Received: b'\xc6\xab\xe9\x87\x00\x00\x0b\x9f\xcc\xae\xc0aP\x00\x16\xb0\x00\x00\x00\x00ilisi repudiare '...
4.102 Disassembled: source: 50859, dest: 59783, seq: 2975, ack: 3434004577, window: 5808, data: "ilisi repudiare "...
4.103 Old data; ignoring
4.103 Sent: b'\xe9\x87\xc6\xab\xcc\xae\xc0a\x00\x00\x0c\xfaP\x10\x16\xb0\x00\x00\x00\x00'
4.604 Sent: b'\xe9\x87\xc6\xab\xcc\xae\xc0a\x00\x00\x0c\xfaP\x10\x16\xb0\x00\x00\x00\x00'
5.105 Sent: b'\xe9\x87\xc6\xab\xcc\xae\xc0a\x00\x00\x0c\xfaP\x10\x16\xb0\x00\x00\x00\x00'
5.605 Error: Connection timed out
5.605 Closed connection
6.105 Shutting down
