0.000 NEW RUN: Server, TEST: Read_file__Latency
0.079 Received: b'0\xb7\xd1D\x00\x00\x00%\x00\x00\x00\x00P\x02\x05\xac\x00\x00\x00\x00'
0.080 Disassembled: source: 12471, dest: 53572, seq: 37, window: 1452, SYN
0.081 SYN accepted; new connection: 127.0.0.1 on port 12471
0.081 Assembling: source: 53572, dest: 12471, seq: 985633872, ack: 38, window: 1452, ACK, SYN
0.081 Sent: b'\xd1D0\xb7:\xbf\x94P\x00\x00\x00&P\x12\x05\xac\x00\x00\x00\x00'
0.582 Sent: b'\xd1D0\xb7:\xbf\x94P\x00\x00\x00&P\x12\x05\xac\x00\x00\x00\x00'
1.083 Sent: b'\xd1D0\xb7:\xbf\x94P\x00\x00\x00&P\x12\x05\xac\x00\x00\x00\x00'
1.086 Received: b'0\xb7\xd1D\x00\x00\x00&:\xbf\x94QP\x10\x05\xac\x00\x00\x00\x00'
1.087 Disassembled: source: 12471, dest: 53572, seq: 38, ack: 985633873, window: 1452, ACK
1.087 Handshake complete
1.087 Acknowledged seq: 985633872
1.087 Assembling: source: 53572, dest: 12471, seq: 985633873, ack: 39, window: 1452, data: "Lorem ipsum dolo"...
1.088 Sent: b"\xd1D0\xb7:\xbf\x94Q\x00\x00\x00'P\x00\x05\xac\x00\x00\x00\x00Lorem ipsum dolo"...
1.586 Received: b'0\xb7\xd1D\x00\x00\x00&:\xbf\x94QP\x10\x05\xac\x00\x00\x00\x00'
1.586 Disassembled: source: 12471, dest: 53572, seq: 38, ack: 985633873, window: 1452, ACK
1.587 Assembling: source: 53572, dest: 12471, seq: 985635325, ack: 39, window: 1452, data: "h"
1.587 Sent: b"\xd1D0\xb7:\xbf\x99\xfd\x00\x00\x00'P\x00\x05\xac\x00\x00\x00\x00h"
2.087 Received: b'0\xb7\xd1D\x00\x00\x00&:\xbf\x94QP\x10\x05\xac\x00\x00\x00\x00'
2.087 Disassembled: source: 12471, dest: 53572, seq: 38, ack: 985633873, window: 1452, ACK
2.088 Sent: b"\xd1D0\xb7:\xbf\x94Q\x00\x00\x00'P\x00\x05\xac\x00\x00\x00\x00Lorem ipsum dolo"...
2.088 Sent: b"\xd1D0\xb7:\xbf\x99\xfd\x00\x00\x00'P\x00\x05\xac\x00\x00\x00\x00h"
2.092 Received: b'0\xb7\xd1D\x00\x00\x00&:\xbf\x99\xfdP\x10\x05\xac\x00\x00\x00\x00'
2.092 Disassembled: source: 12471, dest: 53572, seq: 38, ack: 985635325, window: 1452, ACK
2.093 Acknowledged seq: 985633873
2.093 Assembling: source: 53572, dest: 12471, seq: 985635326, ack: 39, window: 1452, data: "ensam nam, aperi"...
2.094 Sent: b"\xd1D0\xb7:\xbf\x99\xfe\x00\x00\x00'P\x00\x05\xac\x00\x00\x00\x00ensam nam, aperi"...
2.591 Received: b'0\xb7\xd1D\x00\x00\x00&:\xbf\x99\xfeP\x10\x05\xac\x00\x00\x00\x00'
2.592 Disassembled: source: 12471, dest: 53572, seq: 38, ack: 985635326, window: 1452, ACK
2.592 Acknowledged seq: 985635325
2.592 Assembling: source: 53572, dest: 12471, seq: 985636777, ack: 39, window: 1452, data: "p"
2.593 Sent: b"\xd1D0\xb7:\xbf\x9f\xa9\x00\x00\x00'P\x00\x05\xac\x00\x00\x00\x00p"
3.093 Sent: b"\xd1D0\xb7:\xbf\x99\xfe\x00\x00\x00'P\x00\x05\xac\x00\x00\x00\x00ensam nam, aperi"...
3.094 Sent: b"\xd1D0\xb7:\xbf\x9f\xa9\x00\x00\x00'P\x00\x05\xac\x00\x00\x00\x00p"
3.594 Sent: b"\xd1D0\xb7:\xbf\x99\xfe\x00\x00\x00'P\x00\x05\xac\x00\x00\x00\x00ensam nam, aperi"...
3.594 Sent: b"\xd1D0\xb7:\xbf\x9f\xa9\x00\x00\x00'P\x00\x05\xac\x00\x00\x00\x00p"
4.094 Sent: b"\xd1D0\xb7:\xbf\x99\xfe\x00\x00\x00'P\x00\x05\xac\x00\x00\x00\x00ensam nam, aperi"...
4.095 Sent: b"\xd1D0\xb7:\xbf\x9f\xa9\x00\x00\x00'P\x00\x05\xac\x00\x00\x00\x00p"
4.595 Sent: b"\xd1D0\xb7:\xbf\x99\xfe\x00\x00\x00'P\x00\x05\xac\x00\x00\x00\x00ensam nam, aperi"...
4.596 Sent: b"\xd1D0\xb7:\xbf\x9f\xa9\x00\x00\x00'P\x00\x05\xac\x00\x00\x00\x00p"
5.096 Sent: b"\xd1D0\xb7:\xbf\x99\xfe\x00\x00\x00'P\x00\x05\xac\x00\x00\x00\x00ensam nam, aperi"...
5.097 Sent: b"\xd1D0\xb7:\xbf\x9f\xa9\x00\x00\x00'P\x00\x05\xac\x00\x00\x00\x00p"
5.597 Error: Connection timed out
5.597 Closed connection
6.096 Shutting down
