0.000 NEW RUN: Server, TEST: Write_file__Latency
0.083 Received: b'm\xc4x\x9f\x00\x00\x00%\x00\x00\x00\x00P\x02\x05\xac\x00\x00\x00\x00'
0.084 Disassembled: source: 28100, dest: 30879, seq: 37, window: 1452, SYN
0.085 SYN accepted; new connection: 127.0.0.1 on port 28100
0.085 Assembling: source: 30879, dest: 28100, seq: 1000556186, ack: 38, window: 5808, ACK, SYN
0.085 Sent: b'x\x9fm\xc4;\xa3F\x9a\x00\x00\x00&P\x12\x16\xb0\x00\x00\x00\x00'
0.586 Sent: b'x\x9fm\xc4;\xa3F\x9a\x00\x00\x00&P\x12\x16\xb0\x00\x00\x00\x00'
1.087 Sent: b'x\x9fm\xc4;\xa3F\x9a\x00\x00\x00&P\x12\x16\xb0\x00\x00\x00\x00'
1.090 Received: b'm\xc4x\x9f\x00\x00\x00&;\xa3F\x9bP\x10\x16\xb0\x00\x00\x00\x00'
1.090 Disassembled: source: 28100, dest: 30879, seq: 38, ack: 1000556187, window: 5808, ACK
1.091 Assembling: source: 30879, dest: 28100, seq: 1000556187, ack: 38, window: 5808, ACK
1.091 Sent: b'x\x9fm\xc4;\xa3F\x9b\x00\x00\x00&P\x10\x16\xb0\x00\x00\x00\x00'
1.092 Received: b'm\xc4x\x9f\x00\x00\x00&;\xa3F\x9bP\x10\x16\xb0\x00\x00\x00\x00Lorem ipsum dolo'...
1.093 Disassembled: source: 28100, dest: 30879, seq: 38, ack: 1000556187, window: 5808, ACK, data: "Lorem ipsum dolo"...
1.093 Handshake complete
1.093 Data accepted; writing to file
1.093 Assembling: source: 30879, dest: 28100, seq: 1000556187, ack: 1490, window: 5808, ACK
1.094 Sent: b'x\x9fm\xc4;\xa3F\x9b\x00\x00\x05\xd2P\x10\x16\xb0\x00\x00\x00\x00'
1.590 Received: b'm\xc4x\x9f\x00\x00\x00&;\xa3F\x9bP\x10\x16\xb0\x00\x00\x00\x00Lorem ipsum dolo'...
1.591 Disassembled: source: 28100, dest: 30879, seq: 38, ack: 1000556187, window: 5808, ACK, data: "Lorem ipsum dolo"...
1.591 Old data; ignoring
1.594 Sent: b'x\x9fm\xc4;\xa3F\x9b\x00\x00\x05\xd2P\x10\x16\xb0\x00\x00\x00\x00'
2.091 Received: b'm\xc4x\x9f\x00\x00\x00&;\xa3F\x9bP\x10\x16\xb0\x00\x00\x00\x00Lorem ipsum dolo'...
2.091 Disassembled: source: 28100, dest: 30879, seq: 38, ack: 1000556187, window: 5808, ACK, data: "Lorem ipsum dolo"...
2.092 Old data; ignoring
2.095 Sent: b'x\x9fm\xc4;\xa3F\x9b\x00\x00\x05\xd2P\x10\x16\xb0\x00\x00\x00\x00'
2.096 Received: b'm\xc4x\x9f\x00\x00\x00&;\xa3F\x9bP\x10\x16\xb0\x00\x00\x00\x00Lorem ipsum dolo'...
2.096 Disassembled: source: 28100, dest: 30879, seq: 38, ack: 1000556187, window: 5808, ACK, data: "Lorem ipsum dolo"...
2.097 Old data; ignoring
2.098 Received: b'm\xc4x\x9f\x00\x00\x05\xd2;\xa3F\x9bP\x00\x16\xb0\x00\x00\x00\x00hensam nam, aper'...
2.098 Disassembled: source: 28100, dest: 30879, seq: 1490, ack: 1000556187, window: 5808, data: "hensam nam, aper"...
2.098 Data accepted; writing to file
2.099 Assembling: source: 30879, dest: 28100, seq: 1000556187, ack: 2942, window: 5808, ACK
2.099 Sent: b'x\x9fm\xc4;\xa3F\x9b\x00\x00\x0b~P\x10\x16\xb0\x00\x00\x00\x00'
2.599 Received: b'm\xc4x\x9f\x00\x00\x05\xd2;\xa3F\x9bP\x00\x16\xb0\x00\x00\x00\x00hensam nam, aper'...
2.599 Disassembled: source: 28100, dest: 30879, seq: 1490, ack: 1000556187, window: 5808, data: "hensam nam, aper"...
2.599 Old data; ignoring
2.600 Sent: b'x\x9fm\xc4;\xa3F\x9b\x00\x00\x0b~P\x10\x16\xb0\x00\x00\x00\x00'
3.100 Received: b'm\xc4x\x9f\x00\x00\x05\xd2;\xa3F\x9bP\x00\x16\xb0\x00\x00\x00\x00hensam nam, aper'...
3.100 Disassembled: source: 28100, dest: 30879, seq: 1490, ack: 1000556187, window: 5808, data: "hensam nam, aper"...
3.100 Old data; ignoring
3.101 Sent: b'x\x9fm\xc4;\xa3F\x9b\x00\x00\x0b~P\x10\x16\xb0\x00\x00\x00\x00'
3.104 Received: b'm\xc4x\x9f\x00\x00\x0b~;\xa3F\x9bP\x00\x16\xb0\x00\x00\x00\x00pudiare sea. No '...
3.104 Disassembled: source: 28100, dest: 30879, seq: 2942, ack: 1000556187, window: 5808, data: "pudiare sea. No "...
3.104 Data accepted; writing to file
3.104 Assembling: source: 30879, dest: 28100, seq: 1000556187, ack: 3281, window: 5808, ACK
3.105 Sent: b'x\x9fm\xc4;\xa3F\x9b\x00\x00\x0c\xd1P\x10\x16\xb0\x00\x00\x00\x00'
3.604 Received: b'm\xc4x\x9f\x00\x00\x0b~;\xa3F\x9bP\x00\x16\xb0\x00\x00\x00\x00pudiare sea. No '...
3.604 Disassembled: source: 28100, dest: 30879, seq: 2942, ack: 1000556187, window: 5808, data: "pudiare sea. No "...
3.605 Old data; ignoring
3.606 Sent: b'x\x9fm\xc4;\xa3F\x9b\x00\x00\x0c\xd1P\x10\x16\xb0\x00\x00\x00\x00'
4.105 Received: b'm\xc4x\x9f\x00\x00\x0b~;\xa3F\x9bP\x00\x16\xb0\x00\x00\x00\x00pudiare sea. No '...
4.105 Disassembled: source: 28100, dest: 30879, seq: 2942, ack: 1000556187, window: 5808, data: "pudiare sea. No "...
4.106 Old data; ignoring
4.106 Sent: b'x\x9fm\xc4;\xa3F\x9b\x00\x00\x0c\xd1P\x10\x16\xb0\x00\x00\x00\x00'
4.607 Sent: b'x\x9fm\xc4;\xa3F\x9b\x00\x00\x0c\xd1P\x10\x16\xb0\x00\x00\x00\x00'
5.107 Sent: b'x\x9fm\xc4;\xa3F\x9b\x00\x00\x0c\xd1P\x10\x16\xb0\x00\x00\x00\x00'
5.608 Error: Connection timed out
5.608 Closed connection
6.108 Shutting down
