0.000 NEW RUN: Server, TEST: Write_file__Large_multi-packet
0.079 Received: b'LB\xd5\x06\x00\x00\x00\x07\x00\x00\x00\x00P\x02\x05\xac\x00\x00\x00\x00'
0.080 Disassembled: source: 19522, dest: 54534, seq: 7, window: 1452, SYN
0.080 SYN accepted; new connection: 127.0.0.1 on port 19522
0.080 Assembling: source: 54534, dest: 19522, seq: 921417746, ack: 8, window: 5808, ACK, SYN
0.081 Sent: b'\xd5\x06LB6\xeb\xb8\x12\x00\x00\x00\x08P\x12\x16\xb0\x00\x00\x00\x00'
0.083 Received: b'LB\xd5\x06\x00\x00\x00\x086\xeb\xb8\x13P\x10\x16\xb0\x00\x00\x00\x00'
0.083 Disassembled: source: 19522, dest: 54534, seq: 8, ack: 921417747, window: 5808, ACK
0.083 Assembling: source: 54534, dest: 19522, seq: 921417747, ack: 8, window: 5808, ACK
0.084 Received: b'LB\xd5\x06\x00\x00\x00\x086\xeb\xb8\x13P\x10\x16\xb0\x00\x00\x00\x00Lorem ipsum dolo'...
0.084 Sent: b'\xd5\x06LB6\xeb\xb8\x13\x00\x00\x00\x08P\x10\x16\xb0\x00\x00\x00\x00'
0.085 Disassembled: source: 19522, dest: 54534, seq: 8, ack: 921417747, window: 5808, ACK, data: "Lorem ipsum dolo"...
0.085 Handshake complete
0.085 Data accepted; writing to file
0.085 Assembling: source: 54534, dest: 19522, seq: 921417747, ack: 1460, window: 5808, ACK
0.085 Sent: b'\xd5\x06LB6\xeb\xb8\x13\x00\x00\x05\xb4P\x10\x16\xb0\x00\x00\x00\x00'
0.086 Received: b'LB\xd5\x06\x00\x00\x00\x086\xeb\xb8\x13P\x10\x16\xb0\x00\x00\x00\x00Lorem ipsum dolo'...
0.086 Disassembled: source: 19522, dest: 54534, seq: 8, ack: 921417747, window: 5808, ACK, data: "Lorem ipsum dolo"...
0.086 Old data; ignoring
0.087 Received: b'LB\xd5\x06\x00\x00\x05\xb46\xeb\xb8\x13P\x00\x16\xb0\x00\x00\x00\x00hensam nam, aper'...
0.087 Disassembled: source: 19522, dest: 54534, seq: 1460, ack: 921417747, window: 5808, data: "hensam nam, aper"...
0.087 Data accepted; writing to file
0.088 Assembling: source: 54534, dest: 19522, seq: 921417747, ack: 2912, window: 5808, ACK
0.088 Sent: b'\xd5\x06LB6\xeb\xb8\x13\x00\x00\x0b`P\x10\x16\xb0\x00\x00\x00\x00'
0.090 Received: b'LB\xd5\x06\x00\x00\x0b`6\xeb\xb8\x13P\x00\x16\xb0\x00\x00\x00\x00pudiare sea. No '...
0.090 Disassembled: source: 19522, dest: 54534, seq: 2912, ack: 921417747, window: 5808, data: "pudiare sea. No "...
0.090 Data accepted; writing to file
0.090 Assembling: source: 54534, dest: 19522, seq: 921417747, ack: 4364, window: 5808, ACK
0.091 Sent: b'\xd5\x06LB6\xeb\xb8\x13\x00\x00\x11\x0cP\x10\x16\xb0\x00\x00\x00\x00'
0.092 Received: b'LB\xd5\x06\x00\x00\x11\x0c6\xeb\xb8\x13P\x00\x16\xb0\x00\x00\x00\x00nt scripta philo'...
0.093 Disassembled: source: 19522, dest: 54534, seq: 4364, ack: 921417747, window: 5808, data: "nt scripta philo"...
0.093 Data accepted; writing to file
0.093 Assembling: source: 54534, dest: 19522, seq: 921417747, ack: 5816, window: 5808, ACK
0.093 Sent: b'\xd5\x06LB6\xeb\xb8\x13\x00\x00\x16\xb8P\x10\x16\xb0\x00\x00\x00\x00'
0.095 Received: b'LB\xd5\x06\x00\x00\x16\xb86\xeb\xb8\x13P\x00\x16\xb0\x00\x00\x00\x00 sadipscing ei q'...
0.095 Disassembled: source: 19522, dest: 54534, seq: 5816, ack: 921417747, window: 5808, data: " sadipscing ei q"...
0.095 Data accepted; writing to file
0.095 Assembling: source: 54534, dest: 19522, seq: 921417747, ack: 7268, window: 5808, ACK
0.096 Sent: b'\xd5\x06LB6\xeb\xb8\x13\x00\x00\x1cdP\x10\x16\xb0\x00\x00\x00\x00'
0.097 Received: b'LB\xd5\x06\x00\x00\x1cd6\xeb\xb8\x13P\x00\x16\xb0\x00\x00\x00\x00em ea, ad duo la'...
0.098 Disassembled: source: 19522, dest: 54534, seq: 7268, ack: 921417747, window: 5808, data: "em ea, ad duo la"...
0.098 Data accepted; writing to file
0.098 Assembling: source: 54534, dest: 19522, seq: 921417747, ack: 8720, window: 5808, ACK
0.098 Sent: b'\xd5\x06LB6\xeb\xb8\x13\x00\x00"\x10P\x10\x16\xb0\x00\x00\x00\x00'
0.100 Received: b'LB\xd5\x06\x00\x00"\x106\xeb\xb8\x13P\x00\x16\xb0\x00\x00\x00\x00ire partiendo ad'...
0.100 Disassembled: source: 19522, dest: 54534, seq: 8720, ack: 921417747, window: 5808, data: "ire partiendo ad"...
0.100 Data accepted; writing to file
0.100 Assembling: source: 54534, dest: 19522, seq: 921417747, ack: 10172, window: 5808, ACK
0.101 Sent: b"\xd5\x06LB6\xeb\xb8\x13\x00\x00'\xbcP\x10\x16\xb0\x00\x00\x00\x00"
0.103 Received: b"LB\xd5\x06\x00\x00'\xbc6\xeb\xb8\x13P\x00\x16\xb0\x00\x00\x00\x00 facer facilisi "...
0.103 Disassembled: source: 19522, dest: 54534, seq: 10172, ack: 921417747, window: 5808, data: " facer facilisi "...
0.103 Data accepted; writing to file
0.103 Assembling: source: 54534, dest: 19522, seq: 921417747, ack: 11624, window: 5808, ACK
0.104 Sent: b'\xd5\x06LB6\xeb\xb8\x13\x00\x00-hP\x10\x16\xb0\x00\x00\x00\x00'
0.105 Received: b'LB\xd5\x06\x00\x00-h6\xeb\xb8\x13P\x00\x16\xb0\x00\x00\x00\x00 Duo ea augue fa'...
0.106 Disassembled: source: 19522, dest: 54534, seq: 11624, ack: 921417747, window: 5808, data: " Duo ea augue fa"...
0.106 Data accepted; writing to file
0.106 Assembling: source: 54534, dest: 19522, seq: 921417747, ack: 13076, window: 5808, ACK
0.107 Sent: b'\xd5\x06LB6\xeb\xb8\x13\x00\x003\x14P\x10\x16\xb0\x00\x00\x00\x00'
0.108 Received: b'LB\xd5\x06\x00\x003\x146\xeb\xb8\x13P\x00\x16\xb0\x00\x00\x00\x00e adipiscing vit'...
0.109 Disassembled: source: 19522, dest: 54534, seq: 13076, ack: 921417747, window: 5808, data: "e adipiscing vit"...
0.109 Data accepted; writing to file
0.109 Assembling: source: 54534, dest: 19522, seq: 921417747, ack: 14528, window: 5808, ACK
0.109 Sent: b'\xd5\x06LB6\xeb\xb8\x13\x00\x008\xc0P\x10\x16\xb0\x00\x00\x00\x00'
0.111 Received: b'LB\xd5\x06\x00\x008\xc06\xeb\xb8\x13P\x00\x16\xb0\x00\x00\x00\x00iber harum accus'...
0.111 Disassembled: source: 19522, dest: 54534, seq: 14528, ack: 921417747, window: 5808, data: "iber harum accus"...
0.112 Data accepted; writing to file
0.112 Assembling: source: 54534, dest: 19522, seq: 921417747, ack: 15980, window: 5808, ACK
0.112 Sent: b'\xd5\x06LB6\xeb\xb8\x13\x00\x00>lP\x10\x16\xb0\x00\x00\x00\x00'
0.114 Received: b'LB\xd5\x06\x00\x00>l6\xeb\xb8\x13P\x00\x16\xb0\x00\x00\x00\x00sententiae ne se'...
0.114 Disassembled: source: 19522, dest: 54534, seq: 15980, ack: 921417747, window: 5808, data: "sententiae ne se"...
0.114 Data accepted; writing to file
0.115 Assembling: source: 54534, dest: 19522, seq: 921417747, ack: 17432, window: 5808, ACK
0.115 Sent: b'\xd5\x06LB6\xeb\xb8\x13\x00\x00D\x18P\x10\x16\xb0\x00\x00\x00\x00'
0.117 Received: b'LB\xd5\x06\x00\x00D\x186\xeb\xb8\x13P\x00\x16\xb0\x00\x00\x00\x00uta debitis pert'...
0.117 Disassembled: source: 19522, dest: 54534, seq: 17432, ack: 921417747, window: 5808, data: "uta debitis pert"...
0.118 Data accepted; writing to file
0.118 Assembling: source: 54534, dest: 19522, seq: 921417747, ack: 18884, window: 5808, ACK
0.118 Sent: b'\xd5\x06LB6\xeb\xb8\x13\x00\x00I\xc4P\x10\x16\xb0\x00\x00\x00\x00'
0.120 Received: b'LB\xd5\x06\x00\x00I\xc46\xeb\xb8\x13P\x00\x16\xb0\x00\x00\x00\x00e. An falli prim'...
0.120 Disassembled: source: 19522, dest: 54534, seq: 18884, ack: 921417747, window: 5808, data: "e. An falli prim"...
0.120 Data accepted; writing to file
0.121 Assembling: source: 54534, dest: 19522, seq: 921417747, ack: 20336, window: 5808, ACK
0.121 Sent: b'\xd5\x06LB6\xeb\xb8\x13\x00\x00OpP\x10\x16\xb0\x00\x00\x00\x00'
0.123 Received: b'LB\xd5\x06\x00\x00Op6\xeb\xb8\x13P\x00\x16\xb0\x00\x00\x00\x00u eam, percipit '...
0.123 Disassembled: source: 19522, dest: 54534, seq: 20336, ack: 921417747, window: 5808, data: "u eam, percipit "...
0.123 Data accepted; writing to file
0.123 Assembling: source: 54534, dest: 19522, seq: 921417747, ack: 21788, window: 5808, ACK
0.124 Sent: b'\xd5\x06LB6\xeb\xb8\x13\x00\x00U\x1cP\x10\x16\xb0\x00\x00\x00\x00'
0.126 Received: b'LB\xd5\x06\x00\x00U\x1c6\xeb\xb8\x13P\x00\x16\xb0\x00\x00\x00\x00nani docendi pat'...
0.126 Disassembled: source: 19522, dest: 54534, seq: 21788, ack: 921417747, window: 5808, data: "nani docendi pat"...
0.127 Data accepted; writing to file
0.127 Assembling: source: 54534, dest: 19522, seq: 921417747, ack: 23240, window: 5808, ACK
0.127 Sent: b'\xd5\x06LB6\xeb\xb8\x13\x00\x00Z\xc8P\x10\x16\xb0\x00\x00\x00\x00'
0.129 Received: b'LB\xd5\x06\x00\x00Z\xc86\xeb\xb8\x13P\x00\x16\xb0\x00\x00\x00\x00 decore possit r'...
0.129 Disassembled: source: 19522, dest: 54534, seq: 23240, ack: 921417747, window: 5808, data: " decore possit r"...
0.129 Data accepted; writing to file
0.130 Assembling: source: 54534, dest: 19522, seq: 921417747, ack: 24692, window: 5808, ACK
0.130 Sent: b'\xd5\x06LB6\xeb\xb8\x13\x00\x00`tP\x10\x16\xb0\x00\x00\x00\x00'
0.132 Received: b'LB\xd5\x06\x00\x00`t6\xeb\xb8\x13P\x00\x16\xb0\x00\x00\x00\x00 corpora consequ'...
0.132 Disassembled: source: 19522, dest: 54534, seq: 24692, ack: 921417747, window: 5808, data: " corpora consequ"...
0.133 Data accepted; writing to file
0.133 Assembling: source: 54534, dest: 19522, seq: 921417747, ack: 26144, window: 5808, ACK
0.133 Sent: b'\xd5\x06LB6\xeb\xb8\x13\x00\x00f P\x10\x16\xb0\x00\x00\x00\x00'
0.135 Received: b'LB\xd5\x06\x00\x00f 6\xeb\xb8\x13P\x00\x16\xb0\x00\x00\x00\x00nctus conceptam '...
0.135 Disassembled: source: 19522, dest: 54534, seq: 26144, ack: 921417747, window: 5808, data: "nctus conceptam "...
0.136 Data accepted; writing to file
0.136 Assembling: source: 54534, dest: 19522, seq: 921417747, ack: 27596, window: 5808, ACK
0.136 Sent: b'\xd5\x06LB6\xeb\xb8\x13\x00\x00k\xccP\x10\x16\xb0\x00\x00\x00\x00'
0.138 Received: b'LB\xd5\x06\x00\x00k\xcc6\xeb\xb8\x13P\x00\x16\xb0\x00\x00\x00\x00terno te, ne quo'...
0.138 Disassembled: source: 19522, dest: 54534, seq: 27596, ack: 921417747, window: 5808, data: "terno te, ne quo"...
0.138 Data accepted; writing to file
0.139 Assembling: source: 54534, dest: 19522, seq: 921417747, ack: 29048, window: 5808, ACK
0.139 Sent: b'\xd5\x06LB6\xeb\xb8\x13\x00\x00qxP\x10\x16\xb0\x00\x00\x00\x00'
0.141 Received: b'LB\xd5\x06\x00\x00qx6\xeb\xb8\x13P\x00\x16\xb0\x00\x00\x00\x00orteat dissentiu'...
0.141 Disassembled: source: 19522, dest: 54534, seq: 29048, ack: 921417747, window: 5808, data: "orteat dissentiu"...
0.142 Data accepted; writing to file
0.142 Assembling: source: 54534, dest: 19522, seq: 921417747, ack: 30500, window: 5808, ACK
0.142 Sent: b'\xd5\x06LB6\xeb\xb8\x13\x00\x00w$P\x10\x16\xb0\x00\x00\x00\x00'
0.144 Received: b'LB\xd5\x06\x00\x00w$6\xeb\xb8\x13P\x00\x16\xb0\x00\x00\x00\x00tute molestie no'...
0.144 Disassembled: source: 19522, dest: 54534, seq: 30500, ack: 921417747, window: 5808, data: "tute molestie no"...
0.144 Data accepted; writing to file
0.145 Assembling: source: 54534, dest: 19522, seq: 921417747, ack: 31952, window: 5808, ACK
0.145 Sent: b'\xd5\x06LB6\xeb\xb8\x13\x00\x00|\xd0P\x10\x16\xb0\x00\x00\x00\x00'
0.147 Received: b'LB\xd5\x06\x00\x00|\xd06\xeb\xb8\x13P\x00\x16\xb0\x00\x00\x00\x00oluisse.\n\nSed ex'...
0.147 Disassembled: source: 19522, dest: 54534, seq: 31952, ack: 921417747, window: 5808, data: "oluisse.

Sed ex"...
0.147 Data accepted; writing to file
0.147 Assembling: source: 54534, dest: 19522, seq: 921417747, ack: 33404, window: 5808, ACK
0.148 Sent: b'\xd5\x06LB6\xeb\xb8\x13\x00\x00\x82|P\x10\x16\xb0\x00\x00\x00\x00'
0.150 Received: b'LB\xd5\x06\x00\x00\x82|6\xeb\xb8\x13P\x00\x16\xb0\x00\x00\x00\x00 affert tollit l'...
0.150 Disassembled: source: 19522, dest: 54534, seq: 33404, ack: 921417747, window: 5808, data: " affert tollit l"...
0.150 Data accepted; writing to file
0.150 Assembling: source: 54534, dest: 19522, seq: 921417747, ack: 34856, window: 5808, ACK
0.151 Sent: b'\xd5\x06LB6\xeb\xb8\x13\x00\x00\x88(P\x10\x16\xb0\x00\x00\x00\x00'
0.153 Received: b'LB\xd5\x06\x00\x00\x88(6\xeb\xb8\x13P\x00\x16\xb0\x00\x00\x00\x00an. Ut per eirmo'...
0.153 Disassembled: source: 19522, dest: 54534, seq: 34856, ack: 921417747, window: 5808, data: "an. Ut per eirmo"...
0.153 Data accepted; writing to file
0.153 Assembling: source: 54534, dest: 19522, seq: 921417747, ack: 36308, window: 5808, ACK
0.154 Sent: b'\xd5\x06LB6\xeb\xb8\x13\x00\x00\x8d\xd4P\x10\x16\xb0\x00\x00\x00\x00'
0.156 Received: b'LB\xd5\x06\x00\x00\x8d\xd46\xeb\xb8\x13P\x00\x16\xb0\x00\x00\x00\x00 inermis mnesarc'...
0.156 Disassembled: source: 19522, dest: 54534, seq: 36308, ack: 921417747, window: 5808, data: " inermis mnesarc"...
0.156 Data accepted; writing to file
0.156 Assembling: source: 54534, dest: 19522, seq: 921417747, ack: 37760, window: 5808, ACK
0.157 Sent: b'\xd5\x06LB6\xeb\xb8\x13\x00\x00\x93\x80P\x10\x16\xb0\x00\x00\x00\x00'
0.159 Received: b'LB\xd5\x06\x00\x00\x93\x806\xeb\xb8\x13P\x00\x16\xb0\x00\x00\x00\x00ue iracundia, an'...
0.159 Disassembled: source: 19522, dest: 54534, seq: 37760, ack: 921417747, window: 5808, data: "ue iracundia, an"...
0.159 Data accepted; writing to file
0.159 Assembling: source: 54534, dest: 19522, seq: 921417747, ack: 39212, window: 5808, ACK
0.160 Sent: b'\xd5\x06LB6\xeb\xb8\x13\x00\x00\x99,P\x10\x16\xb0\x00\x00\x00\x00'
0.162 Received: b'LB\xd5\x06\x00\x00\x99,6\xeb\xb8\x13P\x00\x16\xb0\x00\x00\x00\x00ompta pro, vim e'...
0.162 Disassembled: source: 19522, dest: 54534, seq: 39212, ack: 921417747, window: 5808, data: "ompta pro, vim e"...
0.162 Data accepted; writing to file
0.162 Assembling: source: 54534, dest: 19522, seq: 921417747, ack: 40664, window: 5808, ACK
0.163 Sent: b'\xd5\x06LB6\xeb\xb8\x13\x00\x00\x9e\xd8P\x10\x16\xb0\x00\x00\x00\x00'
0.165 Received: b'LB\xd5\x06\x00\x00\x9e\xd86\xeb\xb8\x13P\x00\x16\xb0\x00\x00\x00\x00te sit, ex epicu'...
0.165 Disassembled: source: 19522, dest: 54534, seq: 40664, ack: 921417747, window: 5808, data: "te sit, ex epicu"...
0.165 Data accepted; writing to file
0.165 Assembling: source: 54534, dest: 19522, seq: 921417747, ack: 42116, window: 5808, ACK
0.166 Sent: b'\xd5\x06LB6\xeb\xb8\x13\x00\x00\xa4\x84P\x10\x16\xb0\x00\x00\x00\x00'
0.168 Received: b'LB\xd5\x06\x00\x00\xa4\x846\xeb\xb8\x13P\x00\x16\xb0\x00\x00\x00\x00llegebat, eu pro'...
0.168 Disassembled: source: 19522, dest: 54534, seq: 42116, ack: 921417747, window: 5808, data: "llegebat, eu pro"...
0.168 Data accepted; writing to file
0.168 Assembling: source: 54534, dest: 19522, seq: 921417747, ack: 43568, window: 5808, ACK
0.169 Sent: b'\xd5\x06LB6\xeb\xb8\x13\x00\x00\xaa0P\x10\x16\xb0\x00\x00\x00\x00'
0.171 Received: b'LB\xd5\x06\x00\x00\xaa06\xeb\xb8\x13P\x00\x16\xb0\x00\x00\x00\x00s. Per no sale v'...
0.171 Disassembled: source: 19522, dest: 54534, seq: 43568, ack: 921417747, window: 5808, data: "s. Per no sale v"...
0.171 Data accepted; writing to file
0.172 Assembling: source: 54534, dest: 19522, seq: 921417747, ack: 45020, window: 5808, ACK
0.172 Sent: b'\xd5\x06LB6\xeb\xb8\x13\x00\x00\xaf\xdcP\x10\x16\xb0\x00\x00\x00\x00'
0.174 Received: b'LB\xd5\x06\x00\x00\xaf\xdc6\xeb\xb8\x13P\x00\x16\xb0\x00\x00\x00\x00pte ea mel. Mea '...
0.174 Disassembled: source: 19522, dest: 54534, seq: 45020, ack: 921417747, window: 5808, data: "pte ea mel. Mea "...
0.175 Data accepted; writing to file
0.175 Assembling: source: 54534, dest: 19522, seq: 921417747, ack: 46472, window: 5808, ACK
0.175 Sent: b'\xd5\x06LB6\xeb\xb8\x13\x00\x00\xb5\x88P\x10\x16\xb0\x00\x00\x00\x00'
0.177 Received: b'LB\xd5\x06\x00\x00\xb5\x886\xeb\xb8\x13P\x00\x16\xb0\x00\x00\x00\x00acundia prodesse'...
0.178 Disassembled: source: 19522, dest: 54534, seq: 46472, ack: 921417747, window: 5808, data: "acundia prodesse"...
0.178 Data accepted; writing to file
0.178 Assembling: source: 54534, dest: 19522, seq: 921417747, ack: 47924, window: 5808, ACK
0.178 Sent: b'\xd5\x06LB6\xeb\xb8\x13\x00\x00\xbb4P\x10\x16\xb0\x00\x00\x00\x00'
0.180 Received: b'LB\xd5\x06\x00\x00\xbb46\xeb\xb8\x13P\x00\x16\xb0\x00\x00\x00\x00 scribentur. Ex '...
0.181 Disassembled: source: 19522, dest: 54534, seq: 47924, ack: 921417747, window: 5808, data: " scribentur. Ex "...
0.181 Data accepted; writing to file
0.181 Assembling: source: 54534, dest: 19522, seq: 921417747, ack: 49376, window: 5808, ACK
0.181 Sent: b'\xd5\x06LB6\xeb\xb8\x13\x00\x00\xc0\xe0P\x10\x16\xb0\x00\x00\x00\x00'
0.183 Received: b'LB\xd5\x06\x00\x00\xc0\xe06\xeb\xb8\x13P\x00\x16\xb0\x00\x00\x00\x00us malorum assen'...
0.184 Disassembled: source: 19522, dest: 54534, seq: 49376, ack: 921417747, window: 5808, data: "us malorum assen"...
0.184 Data accepted; writing to file
0.184 Assembling: source: 54534, dest: 19522, seq: 921417747, ack: 50828, window: 5808, ACK
0.184 Sent: b'\xd5\x06LB6\xeb\xb8\x13\x00\x00\xc6\x8cP\x10\x16\xb0\x00\x00\x00\x00'
0.186 Received: b'LB\xd5\x06\x00\x00\xc6\x8c6\xeb\xb8\x13P\x00\x16\xb0\x00\x00\x00\x00o ei, vel id anc'...
0.187 Disassembled: source: 19522, dest: 54534, seq: 50828, ack: 921417747, window: 5808, data: "o ei, vel id anc"...
0.187 Data accepted; writing to file
0.187 Assembling: source: 54534, dest: 19522, seq: 921417747, ack: 52280, window: 5808, ACK
0.187 Sent: b'\xd5\x06LB6\xeb\xb8\x13\x00\x00\xcc8P\x10\x16\xb0\x00\x00\x00\x00'
0.189 Received: b'LB\xd5\x06\x00\x00\xcc86\xeb\xb8\x13P\x00\x16\xb0\x00\x00\x00\x00s accommodare, e'...
0.190 Disassembled: source: 19522, dest: 54534, seq: 52280, ack: 921417747, window: 5808, data: "s accommodare, e"...
0.190 Data accepted; writing to file
0.190 Assembling: source: 54534, dest: 19522, seq: 921417747, ack: 53732, window: 5808, ACK
0.190 Sent: b'\xd5\x06LB6\xeb\xb8\x13\x00\x00\xd1\xe4P\x10\x16\xb0\x00\x00\x00\x00'
0.192 Received: b'LB\xd5\x06\x00\x00\xd1\xe46\xeb\xb8\x13P\x00\x16\xb0\x00\x00\x00\x00In sed quot sape'...
0.193 Disassembled: source: 19522, dest: 54534, seq: 53732, ack: 921417747, window: 5808, data: "In sed quot sape"...
0.193 Data accepted; writing to file
0.193 Assembling: source: 54534, dest: 19522, seq: 921417747, ack: 55184, window: 5808, ACK
0.194 Sent: b'\xd5\x06LB6\xeb\xb8\x13\x00\x00\xd7\x90P\x10\x16\xb0\x00\x00\x00\x00'
0.195 Received: b'LB\xd5\x06\x00\x00\xd7\x906\xeb\xb8\x13P\x00\x16\xb0\x00\x00\x00\x00nes mel, quo cas'...
0.196 Disassembled: source: 19522, dest: 54534, seq: 55184, ack: 921417747, window: 5808, data: "nes mel, quo cas"...
0.196 Data accepted; writing to file
0.196 Assembling: source: 54534, dest: 19522, seq: 921417747, ack: 56636, window: 5808, ACK
0.197 Sent: b'\xd5\x06LB6\xeb\xb8\x13\x00\x00\xdd<P\x10\x16\xb0\x00\x00\x00\x00'
0.198 Received: b'LB\xd5\x06\x00\x00\xdd<6\xeb\xb8\x13P\x00\x16\xb0\x00\x00\x00\x00corpora adipisci'...
0.199 Disassembled: source: 19522, dest: 54534, seq: 56636, ack: 921417747, window: 5808, data: "corpora adipisci"...
0.199 Data accepted; writing to file
0.199 Assembling: source: 54534, dest: 19522, seq: 921417747, ack: 58088, window: 5808, ACK
0.200 Sent: b'\xd5\x06LB6\xeb\xb8\x13\x00\x00\xe2\xe8P\x10\x16\xb0\x00\x00\x00\x00'
0.201 Received: b'LB\xd5\x06\x00\x00\xe2\xe86\xeb\xb8\x13P\x00\x16\xb0\x00\x00\x00\x00o homero copiosa'...
0.202 Disassembled: source: 19522, dest: 54534, seq: 58088, ack: 921417747, window: 5808, data: "o homero copiosa"...
0.202 Data accepted; writing to file
0.202 Assembling: source: 54534, dest: 19522, seq: 921417747, ack: 59540, window: 5808, ACK
0.203 Sent: b'\xd5\x06LB6\xeb\xb8\x13\x00\x00\xe8\x94P\x10\x16\xb0\x00\x00\x00\x00'
0.204 Received: b'LB\xd5\x06\x00\x00\xe8\x946\xeb\xb8\x13P\x00\x16\xb0\x00\x00\x00\x00ctram. Pri ne an'...
0.205 Disassembled: source: 19522, dest: 54534, seq: 59540, ack: 921417747, window: 5808, data: "ctram. Pri ne an"...
0.205 Data accepted; writing to file
0.205 Assembling: source: 54534, dest: 19522, seq: 921417747, ack: 60992, window: 5808, ACK
0.206 Sent: b'\xd5\x06LB6\xeb\xb8\x13\x00\x00\xee@P\x10\x16\xb0\x00\x00\x00\x00'
0.207 Received: b'LB\xd5\x06\x00\x00\xee@6\xeb\xb8\x13P\x00\x16\xb0\x00\x00\x00\x00o no. Elitr poss'...
0.208 Disassembled: source: 19522, dest: 54534, seq: 60992, ack: 921417747, window: 5808, data: "o no. Elitr poss"...
0.208 Data accepted; writing to file
0.208 Assembling: source: 54534, dest: 19522, seq: 921417747, ack: 62444, window: 5808, ACK
0.209 Sent: b'\xd5\x06LB6\xeb\xb8\x13\x00\x00\xf3\xecP\x10\x16\xb0\x00\x00\x00\x00'
0.211 Received: b'LB\xd5\x06\x00\x00\xf3\xec6\xeb\xb8\x13P\x00\x16\xb0\x00\x00\x00\x00ris, sea ex utin'...
0.211 Disassembled: source: 19522, dest: 54534, seq: 62444, ack: 921417747, window: 5808, data: "ris, sea ex utin"...
0.211 Data accepted; writing to file
0.211 Assembling: source: 54534, dest: 19522, seq: 921417747, ack: 63896, window: 5808, ACK
0.212 Sent: b'\xd5\x06LB6\xeb\xb8\x13\x00\x00\xf9\x98P\x10\x16\xb0\x00\x00\x00\x00'
0.213 Received: b'LB\xd5\x06\x00\x00\xf9\x986\xeb\xb8\x13P\x00\x16\xb0\x00\x00\x00\x00inimicus in his.'...
0.214 Disassembled: source: 19522, dest: 54534, seq: 63896, ack: 921417747, window: 5808, data: "inimicus in his."...
0.214 Data accepted; writing to file
0.214 Assembling: source: 54534, dest: 19522, seq: 921417747, ack: 65348, window: 5808, ACK
0.215 Sent: b'\xd5\x06LB6\xeb\xb8\x13\x00\x00\xffDP\x10\x16\xb0\x00\x00\x00\x00'
0.216 Received: b'LB\xd5\x06\x00\x00\xffD6\xeb\xb8\x13P\x00\x16\xb0\x00\x00\x00\x00iis et.\n\nIus cu '...
0.217 Disassembled: source: 19522, dest: 54534, seq: 65348, ack: 921417747, window: 5808, data: "iis et.

Ius cu "...
0.217 Data accepted; writing to file
0.217 Assembling: source: 54534, dest: 19522, seq: 921417747, ack: 66800, window: 5808, ACK
0.218 Sent: b'\xd5\x06LB6\xeb\xb8\x13\x00\x01\x04\xf0P\x10\x16\xb0\x00\x00\x00\x00'
0.220 Received: b'LB\xd5\x06\x00\x01\x04\xf06\xeb\xb8\x13P\x00\x16\xb0\x00\x00\x00\x00teresset.\n\nTe ni'...
0.220 Disassembled: source: 19522, dest: 54534, seq: 66800, ack: 921417747, window: 5808, data: "teresset.

Te ni"...
0.220 Data accepted; writing to file
0.220 Assembling: source: 54534, dest: 19522, seq: 921417747, ack: 68252, window: 5808, ACK
0.221 Sent: b'\xd5\x06LB6\xeb\xb8\x13\x00\x01\n\x9cP\x10\x16\xb0\x00\x00\x00\x00'
0.223 Received: b'LB\xd5\x06\x00\x01\n\x9c6\xeb\xb8\x13P\x00\x16\xb0\x00\x00\x00\x00 volutpat corrum'...
0.223 Disassembled: source: 19522, dest: 54534, seq: 68252, ack: 921417747, window: 5808, data: " volutpat corrum"...
0.223 Data accepted; writing to file
0.223 Assembling: source: 54534, dest: 19522, seq: 921417747, ack: 69704, window: 5808, ACK
0.224 Sent: b'\xd5\x06LB6\xeb\xb8\x13\x00\x01\x10HP\x10\x16\xb0\x00\x00\x00\x00'
0.226 Received: b'LB\xd5\x06\x00\x01\x10H6\xeb\xb8\x13P\x00\x16\xb0\x00\x00\x00\x00dem definiebas, '...
0.226 Disassembled: source: 19522, dest: 54534, seq: 69704, ack: 921417747, window: 5808, data: "dem definiebas, "...
0.227 Data accepted; writing to file
0.227 Assembling: source: 54534, dest: 19522, seq: 921417747, ack: 71156, window: 5808, ACK
0.227 Sent: b'\xd5\x06LB6\xeb\xb8\x13\x00\x01\x15\xf4P\x10\x16\xb0\x00\x00\x00\x00'
0.229 Received: b'LB\xd5\x06\x00\x01\x15\xf46\xeb\xb8\x13P\x00\x16\xb0\x00\x00\x00\x00tibus eam, has c'...
0.230 Disassembled: source: 19522, dest: 54534, seq: 71156, ack: 921417747, window: 5808, data: "tibus eam, has c"...
0.230 Data accepted; writing to file
0.230 Assembling: source: 54534, dest: 19522, seq: 921417747, ack: 72608, window: 5808, ACK
0.230 Sent: b'\xd5\x06LB6\xeb\xb8\x13\x00\x01\x1b\xa0P\x10\x16\xb0\x00\x00\x00\x00'
0.232 Received: b'LB\xd5\x06\x00\x01\x1b\xa06\xeb\xb8\x13P\x00\x16\xb0\x00\x00\x00\x00em qui no. Ad ea'...
0.233 Disassembled: source: 19522, dest: 54534, seq: 72608, ack: 921417747, window: 5808, data: "em qui no. Ad ea"...
0.233 Data accepted; writing to file
0.233 Assembling: source: 54534, dest: 19522, seq: 921417747, ack: 74060, window: 5808, ACK
0.233 Sent: b'\xd5\x06LB6\xeb\xb8\x13\x00\x01!LP\x10\x16\xb0\x00\x00\x00\x00'
0.235 Received: b'LB\xd5\x06\x00\x01!L6\xeb\xb8\x13P\x00\x16\xb0\x00\x00\x00\x00 nusquam, utamur'...
0.236 Disassembled: source: 19522, dest: 54534, seq: 74060, ack: 921417747, window: 5808, data: " nusquam, utamur"...
0.236 Data accepted; writing to file
0.236 Assembling: source: 54534, dest: 19522, seq: 921417747, ack: 75512, window: 5808, ACK
0.237 Sent: b'\xd5\x06LB6\xeb\xb8\x13\x00\x01&\xf8P\x10\x16\xb0\x00\x00\x00\x00'
0.238 Received: b'LB\xd5\x06\x00\x01&\xf86\xeb\xb8\x13P\x00\x16\xb0\x00\x00\x00\x00cibo magna glori'...
0.239 Disassembled: source: 19522, dest: 54534, seq: 75512, ack: 921417747, window: 5808, data: "cibo magna glori"...
0.239 Data accepted; writing to file
0.239 Assembling: source: 54534, dest: 19522, seq: 921417747, ack: 76964, window: 5808, ACK
0.239 Sent: b'\xd5\x06LB6\xeb\xb8\x13\x00\x01,\xa4P\x10\x16\xb0\x00\x00\x00\x00'
0.241 Received: b'LB\xd5\x06\x00\x01,\xa46\xeb\xb8\x13P\x00\x16\xb0\x00\x00\x00\x00 te duo, eam cu '...
0.242 Disassembled: source: 19522, dest: 54534, seq: 76964, ack: 921417747, window: 5808, data: " te duo, eam cu "...
0.242 Data accepted; writing to file
0.242 Assembling: source: 54534, dest: 19522, seq: 921417747, ack: 78416, window: 5808, ACK
0.243 Sent: b'\xd5\x06LB6\xeb\xb8\x13\x00\x012PP\x10\x16\xb0\x00\x00\x00\x00'
0.244 Received: b'LB\xd5\x06\x00\x012P6\xeb\xb8\x13P\x00\x16\xb0\x00\x00\x00\x00 denique volupta'...
0.245 Disassembled: source: 19522, dest: 54534, seq: 78416, ack: 921417747, window: 5808, data: " denique volupta"...
0.245 Data accepted; writing to file
0.245 Assembling: source: 54534, dest: 19522, seq: 921417747, ack: 79868, window: 5808, ACK
0.246 Sent: b'\xd5\x06LB6\xeb\xb8\x13\x00\x017\xfcP\x10\x16\xb0\x00\x00\x00\x00'
0.248 Received: b'LB\xd5\x06\x00\x017\xfc6\xeb\xb8\x13P\x00\x16\xb0\x00\x00\x00\x00at ius alii indo'...
0.248 Disassembled: source: 19522, dest: 54534, seq: 79868, ack: 921417747, window: 5808, data: "at ius alii indo"...
0.248 Data accepted; writing to file
0.248 Assembling: source: 54534, dest: 19522, seq: 921417747, ack: 81320, window: 5808, ACK
0.249 Sent: b'\xd5\x06LB6\xeb\xb8\x13\x00\x01=\xa8P\x10\x16\xb0\x00\x00\x00\x00'
0.251 Received: b'LB\xd5\x06\x00\x01=\xa86\xeb\xb8\x13P\x00\x16\xb0\x00\x00\x00\x00issim, his facet'...
0.251 Disassembled: source: 19522, dest: 54534, seq: 81320, ack: 921417747, window: 5808, data: "issim, his facet"...
0.251 Data accepted; writing to file
0.252 Assembling: source: 54534, dest: 19522, seq: 921417747, ack: 82772, window: 5808, ACK
0.252 Sent: b'\xd5\x06LB6\xeb\xb8\x13\x00\x01CTP\x10\x16\xb0\x00\x00\x00\x00'
0.254 Received: b'LB\xd5\x06\x00\x01CT6\xeb\xb8\x13P\x00\x16\xb0\x00\x00\x00\x00 alia dolor comp'...
0.254 Disassembled: source: 19522, dest: 54534, seq: 82772, ack: 921417747, window: 5808, data: " alia dolor comp"...
0.255 Data accepted; writing to file
0.255 Assembling: source: 54534, dest: 19522, seq: 921417747, ack: 84224, window: 5808, ACK
0.255 Sent: b'\xd5\x06LB6\xeb\xb8\x13\x00\x01I\x00P\x10\x16\xb0\x00\x00\x00\x00'
0.257 Received: b'LB\xd5\x06\x00\x01I\x006\xeb\xb8\x13P\x00\x16\xb0\x00\x00\x00\x00, reque tempor e'...
0.257 Disassembled: source: 19522, dest: 54534, seq: 84224, ack: 921417747, window: 5808, data: ", reque tempor e"...
0.258 Data accepted; writing to file
0.258 Assembling: source: 54534, dest: 19522, seq: 921417747, ack: 85676, window: 5808, ACK
0.258 Sent: b'\xd5\x06LB6\xeb\xb8\x13\x00\x01N\xacP\x10\x16\xb0\x00\x00\x00\x00'
0.260 Received: b'LB\xd5\x06\x00\x01N\xac6\xeb\xb8\x13P\x00\x16\xb0\x00\x00\x00\x00\nEquidem vivendo'...
0.260 Disassembled: source: 19522, dest: 54534, seq: 85676, ack: 921417747, window: 5808, data: "
Equidem vivendo"...
0.261 Data accepted; writing to file
0.261 Assembling: source: 54534, dest: 19522, seq: 921417747, ack: 87128, window: 5808, ACK
0.261 Sent: b'\xd5\x06LB6\xeb\xb8\x13\x00\x01TXP\x10\x16\xb0\x00\x00\x00\x00'
0.263 Received: b'LB\xd5\x06\x00\x01TX6\xeb\xb8\x13P\x00\x16\xb0\x00\x00\x00\x00ffert petentium '...
0.264 Disassembled: source: 19522, dest: 54534, seq: 87128, ack: 921417747, window: 5808, data: "ffert petentium "...
0.264 Data accepted; writing to file
0.264 Assembling: source: 54534, dest: 19522, seq: 921417747, ack: 88580, window: 5808, ACK
0.264 Sent: b'\xd5\x06LB6\xeb\xb8\x13\x00\x01Z\x04P\x10\x16\xb0\x00\x00\x00\x00'
0.266 Received: b'LB\xd5\x06\x00\x01Z\x046\xeb\xb8\x13P\x00\x16\xb0\x00\x00\x00\x00uripidis. Te ips'...
0.266 Disassembled: source: 19522, dest: 54534, seq: 88580, ack: 921417747, window: 5808, data: "uripidis. Te ips"...
0.267 Data accepted; writing to file
0.267 Assembling: source: 54534, dest: 19522, seq: 921417747, ack: 90032, window: 5808, ACK
0.267 Sent: b'\xd5\x06LB6\xeb\xb8\x13\x00\x01_\xb0P\x10\x16\xb0\x00\x00\x00\x00'
0.269 Received: b'LB\xd5\x06\x00\x01_\xb06\xeb\xb8\x13P\x00\x16\xb0\x00\x00\x00\x00e, pro ei dicunt'...
0.270 Disassembled: source: 19522, dest: 54534, seq: 90032, ack: 921417747, window: 5808, data: "e, pro ei dicunt"...
0.270 Data accepted; writing to file
0.270 Assembling: source: 54534, dest: 19522, seq: 921417747, ack: 91484, window: 5808, ACK
0.270 Sent: b'\xd5\x06LB6\xeb\xb8\x13\x00\x01e\\P\x10\x16\xb0\x00\x00\x00\x00'
0.272 Received: b'LB\xd5\x06\x00\x01e\\6\xeb\xb8\x13P\x00\x16\xb0\x00\x00\x00\x00iandae cu. Vel p'...
0.272 Disassembled: source: 19522, dest: 54534, seq: 91484, ack: 921417747, window: 5808, data: "iandae cu. Vel p"...
0.273 Data accepted; writing to file
0.273 Assembling: source: 54534, dest: 19522, seq: 921417747, ack: 92936, window: 5808, ACK
0.273 Sent: b'\xd5\x06LB6\xeb\xb8\x13\x00\x01k\x08P\x10\x16\xb0\x00\x00\x00\x00'
0.275 Received: b'LB\xd5\x06\x00\x01k\x086\xeb\xb8\x13P\x00\x16\xb0\x00\x00\x00\x00 et case diceret'...
0.275 Disassembled: source: 19522, dest: 54534, seq: 92936, ack: 921417747, window: 5808, data: " et case diceret"...
0.276 Data accepted; writing to file
0.276 Assembling: source: 54534, dest: 19522, seq: 921417747, ack: 94388, window: 5808, ACK
0.276 Sent: b'\xd5\x06LB6\xeb\xb8\x13\x00\x01p\xb4P\x10\x16\xb0\x00\x00\x00\x00'
0.278 Received: b'LB\xd5\x06\x00\x01p\xb46\xeb\xb8\x13P\x00\x16\xb0\x00\x00\x00\x00et epicuri aliqu'...
0.278 Disassembled: source: 19522, dest: 54534, seq: 94388, ack: 921417747, window: 5808, data: "et epicuri aliqu"...
0.279 Data accepted; writing to file
0.279 Assembling: source: 54534, dest: 19522, seq: 921417747, ack: 95840, window: 5808, ACK
0.279 Sent: b'\xd5\x06LB6\xeb\xb8\x13\x00\x01v`P\x10\x16\xb0\x00\x00\x00\x00'
0.281 Received: b'LB\xd5\x06\x00\x01v`6\xeb\xb8\x13P\x00\x16\xb0\x00\x00\x00\x00o mollis nostrud'...
0.282 Disassembled: source: 19522, dest: 54534, seq: 95840, ack: 921417747, window: 5808, data: "o mollis nostrud"...
0.282 Data accepted; writing to file
0.282 Assembling: source: 54534, dest: 19522, seq: 921417747, ack: 97292, window: 5808, ACK
0.282 Sent: b'\xd5\x06LB6\xeb\xb8\x13\x00\x01|\x0cP\x10\x16\xb0\x00\x00\x00\x00'
0.284 Received: b'LB\xd5\x06\x00\x01|\x0c6\xeb\xb8\x13P\x00\x16\xb0\x00\x00\x00\x00ue te.Lorem ipsu'...
0.285 Disassembled: source: 19522, dest: 54534, seq: 97292, ack: 921417747, window: 5808, data: "ue te.Lorem ipsu"...
0.285 Data accepted; writing to file
0.285 Assembling: source: 54534, dest: 19522, seq: 921417747, ack: 98744, window: 5808, ACK
0.285 Sent: b'\xd5\x06LB6\xeb\xb8\x13\x00\x01\x81\xb8P\x10\x16\xb0\x00\x00\x00\x00'
0.287 Received: b'LB\xd5\x06\x00\x01\x81\xb86\xeb\xb8\x13P\x00\x16\xb0\x00\x00\x00\x00comprehensam nam'...
0.288 Disassembled: source: 19522, dest: 54534, seq: 98744, ack: 921417747, window: 5808, data: "comprehensam nam"...
0.288 Data accepted; writing to file
0.288 Assembling: source: 54534, dest: 19522, seq: 921417747, ack: 100196, window: 5808, ACK
0.288 Sent: b'\xd5\x06LB6\xeb\xb8\x13\x00\x01\x87dP\x10\x16\xb0\x00\x00\x00\x00'
0.290 Received: b'LB\xd5\x06\x00\x01\x87d6\xeb\xb8\x13P\x00\x16\xb0\x00\x00\x00\x00isi repudiare se'...
0.291 Disassembled: source: 19522, dest: 54534, seq: 100196, ack: 921417747, window: 5808, data: "isi repudiare se"...
0.291 Data accepted; writing to file
0.291 Assembling: source: 54534, dest: 19522, seq: 921417747, ack: 101648, window: 5808, ACK
0.291 Sent: b'\xd5\x06LB6\xeb\xb8\x13\x00\x01\x8d\x10P\x10\x16\xb0\x00\x00\x00\x00'
0.293 Received: b'LB\xd5\x06\x00\x01\x8d\x106\xeb\xb8\x13P\x00\x16\xb0\x00\x00\x00\x00t essent scripta'...
0.294 Disassembled: source: 19522, dest: 54534, seq: 101648, ack: 921417747, window: 5808, data: "t essent scripta"...
0.294 Data accepted; writing to file
0.294 Assembling: source: 54534, dest: 19522, seq: 921417747, ack: 103100, window: 5808, ACK
0.294 Sent: b'\xd5\x06LB6\xeb\xb8\x13\x00\x01\x92\xbcP\x10\x16\xb0\x00\x00\x00\x00'
0.296 Received: b'LB\xd5\x06\x00\x01\x92\xbc6\xeb\xb8\x13P\x00\x16\xb0\x00\x00\x00\x00ctatos sadipscin'...
0.297 Disassembled: source: 19522, dest: 54534, seq: 103100, ack: 921417747, window: 5808, data: "ctatos sadipscin"...
0.297 Data accepted; writing to file
0.297 Assembling: source: 54534, dest: 19522, seq: 921417747, ack: 104552, window: 5808, ACK
0.298 Sent: b'\xd5\x06LB6\xeb\xb8\x13\x00\x01\x98hP\x10\x16\xb0\x00\x00\x00\x00'
0.299 Received: b'LB\xd5\x06\x00\x01\x98h6\xeb\xb8\x13P\x00\x16\xb0\x00\x00\x00\x00apientem ea, ad '...
0.300 Disassembled: source: 19522, dest: 54534, seq: 104552, ack: 921417747, window: 5808, data: "apientem ea, ad "...
0.300 Data accepted; writing to file
0.300 Assembling: source: 54534, dest: 19522, seq: 921417747, ack: 106004, window: 5808, ACK
0.301 Sent: b'\xd5\x06LB6\xeb\xb8\x13\x00\x01\x9e\x14P\x10\x16\xb0\x00\x00\x00\x00'
0.302 Received: b'LB\xd5\x06\x00\x01\x9e\x146\xeb\xb8\x13P\x00\x16\xb0\x00\x00\x00\x00 invenire partie'...
0.303 Disassembled: source: 19522, dest: 54534, seq: 106004, ack: 921417747, window: 5808, data: " invenire partie"...
0.303 Data accepted; writing to file
0.303 Assembling: source: 54534, dest: 19522, seq: 921417747, ack: 107456, window: 5808, ACK
0.304 Sent: b'\xd5\x06LB6\xeb\xb8\x13\x00\x01\xa3\xc0P\x10\x16\xb0\x00\x00\x00\x00'
0.305 Received: b'LB\xd5\x06\x00\x01\xa3\xc06\xeb\xb8\x13P\x00\x16\xb0\x00\x00\x00\x00Qui id facer fac'...
0.306 Disassembled: source: 19522, dest: 54534, seq: 107456, ack: 921417747, window: 5808, data: "Qui id facer fac"...
0.306 Data accepted; writing to file
0.306 Assembling: source: 54534, dest: 19522, seq: 921417747, ack: 108908, window: 5808, ACK
0.307 Sent: b'\xd5\x06LB6\xeb\xb8\x13\x00\x01\xa9lP\x10\x16\xb0\x00\x00\x00\x00'
0.308 Received: b'LB\xd5\x06\x00\x01\xa9l6\xeb\xb8\x13P\x00\x16\xb0\x00\x00\x00\x00t pro. Duo ea au'...
0.309 Disassembled: source: 19522, dest: 54534, seq: 108908, ack: 921417747, window: 5808, data: "t pro. Duo ea au"...
0.309 Data accepted; writing to file
0.309 Assembling: source: 54534, dest: 19522, seq: 921417747, ack: 110360, window: 5808, ACK
0.310 Sent: b'\xd5\x06LB6\xeb\xb8\x13\x00\x01\xaf\x18P\x10\x16\xb0\x00\x00\x00\x00'
0.311 Received: b'LB\xd5\x06\x00\x01\xaf\x186\xeb\xb8\x13P\x00\x16\xb0\x00\x00\x00\x00trioque adipisci'...
0.312 Disassembled: source: 19522, dest: 54534, seq: 110360, ack: 921417747, window: 5808, data: "trioque adipisci"...
0.312 Data accepted; writing to file
0.312 Assembling: source: 54534, dest: 19522, seq: 921417747, ack: 111812, window: 5808, ACK
0.312 Sent: b'\xd5\x06LB6\xeb\xb8\x13\x00\x01\xb4\xc4P\x10\x16\xb0\x00\x00\x00\x00'
0.314 Received: b'LB\xd5\x06\x00\x01\xb4\xc46\xeb\xb8\x13P\x00\x16\xb0\x00\x00\x00\x00nec. Liber harum'...
0.315 Disassembled: source: 19522, dest: 54534, seq: 111812, ack: 921417747, window: 5808, data: "nec. Liber harum"...
0.315 Data accepted; writing to file
0.315 Assembling: source: 54534, dest: 19522, seq: 921417747, ack: 113264, window: 5808, ACK
0.316 Sent: b'\xd5\x06LB6\xeb\xb8\x13\x00\x01\xbapP\x10\x16\xb0\x00\x00\x00\x00'
0.318 Received: b'LB\xd5\x06\x00\x01\xbap6\xeb\xb8\x13P\x00\x16\xb0\x00\x00\x00\x00isset sententiae'...
0.318 Disassembled: source: 19522, dest: 54534, seq: 113264, ack: 921417747, window: 5808, data: "isset sententiae"...
0.318 Data accepted; writing to file
0.318 Assembling: source: 54534, dest: 19522, seq: 921417747, ack: 114716, window: 5808, ACK
0.319 Sent: b'\xd5\x06LB6\xeb\xb8\x13\x00\x01\xc0\x1cP\x10\x16\xb0\x00\x00\x00\x00'
0.321 Received: b'LB\xd5\x06\x00\x01\xc0\x1c6\xeb\xb8\x13P\x00\x16\xb0\x00\x00\x00\x00at soluta debiti'...
0.321 Disassembled: source: 19522, dest: 54534, seq: 114716, ack: 921417747, window: 5808, data: "at soluta debiti"...
0.321 Data accepted; writing to file
0.321 Assembling: source: 54534, dest: 19522, seq: 921417747, ack: 116168, window: 5808, ACK
0.322 Sent: b'\xd5\x06LB6\xeb\xb8\x13\x00\x01\xc5\xc8P\x10\x16\xb0\x00\x00\x00\x00'
0.324 Received: b'LB\xd5\x06\x00\x01\xc5\xc86\xeb\xb8\x13P\x00\x16\xb0\x00\x00\x00\x00 est ne. An fall'...
0.324 Disassembled: source: 19522, dest: 54534, seq: 116168, ack: 921417747, window: 5808, data: " est ne. An fall"...
0.324 Data accepted; writing to file
0.324 Assembling: source: 54534, dest: 19522, seq: 921417747, ack: 117620, window: 5808, ACK
0.325 Sent: b'\xd5\x06LB6\xeb\xb8\x13\x00\x01\xcbtP\x10\x16\xb0\x00\x00\x00\x00'
0.326 Received: b'LB\xd5\x06\x00\x01\xcbt6\xeb\xb8\x13P\x00\x16\xb0\x00\x00\x00\x00idis eu eam, per'...
0.327 Disassembled: source: 19522, dest: 54534, seq: 117620, ack: 921417747, window: 5808, data: "idis eu eam, per"...
0.327 Data accepted; writing to file
0.327 Assembling: source: 54534, dest: 19522, seq: 921417747, ack: 119072, window: 5808, ACK
0.328 Sent: b'\xd5\x06LB6\xeb\xb8\x13\x00\x01\xd1 P\x10\x16\xb0\x00\x00\x00\x00'
0.329 Received: b'LB\xd5\x06\x00\x01\xd1 6\xeb\xb8\x13P\x00\x16\xb0\x00\x00\x00\x00, ei inani docen'...
0.330 Disassembled: source: 19522, dest: 54534, seq: 119072, ack: 921417747, window: 5808, data: ", ei inani docen"...
0.330 Data accepted; writing to file
0.330 Assembling: source: 54534, dest: 19522, seq: 921417747, ack: 120524, window: 5808, ACK
0.331 Sent: b'\xd5\x06LB6\xeb\xb8\x13\x00\x01\xd6\xccP\x10\x16\xb0\x00\x00\x00\x00'
0.333 Received: b'LB\xd5\x06\x00\x01\xd6\xcc6\xeb\xb8\x13P\x00\x16\xb0\x00\x00\x00\x00e, vis decore po'...
0.333 Disassembled: source: 19522, dest: 54534, seq: 120524, ack: 921417747, window: 5808, data: "e, vis decore po"...
0.333 Data accepted; writing to file
0.333 Assembling: source: 54534, dest: 19522, seq: 921417747, ack: 121976, window: 5808, ACK
0.334 Sent: b'\xd5\x06LB6\xeb\xb8\x13\x00\x01\xdcxP\x10\x16\xb0\x00\x00\x00\x00'
0.336 Received: b'LB\xd5\x06\x00\x01\xdcx6\xeb\xb8\x13P\x00\x16\xb0\x00\x00\x00\x00m odio corpora c'...
0.336 Disassembled: source: 19522, dest: 54534, seq: 121976, ack: 921417747, window: 5808, data: "m odio corpora c"...
0.337 Data accepted; writing to file
0.337 Assembling: source: 54534, dest: 19522, seq: 921417747, ack: 123428, window: 5808, ACK
0.337 Sent: b'\xd5\x06LB6\xeb\xb8\x13\x00\x01\xe2$P\x10\x16\xb0\x00\x00\x00\x00'
0.339 Received: b'LB\xd5\x06\x00\x01\xe2$6\xeb\xb8\x13P\x00\x16\xb0\x00\x00\x00\x00Usu sanctus conc'...
0.340 Disassembled: source: 19522, dest: 54534, seq: 123428, ack: 921417747, window: 5808, data: "Usu sanctus conc"...
0.340 Data accepted; writing to file
0.340 Assembling: source: 54534, dest: 19522, seq: 921417747, ack: 124880, window: 5808, ACK
0.340 Sent: b'\xd5\x06LB6\xeb\xb8\x13\x00\x01\xe7\xd0P\x10\x16\xb0\x00\x00\x00\x00'
0.342 Received: b'LB\xd5\x06\x00\x01\xe7\xd06\xeb\xb8\x13P\x00\x16\xb0\x00\x00\x00\x00eco aeterno te, '...
0.342 Disassembled: source: 19522, dest: 54534, seq: 124880, ack: 921417747, window: 5808, data: "eco aeterno te, "...
0.343 Data accepted; writing to file
0.343 Assembling: source: 54534, dest: 19522, seq: 921417747, ack: 126332, window: 5808, ACK
0.343 Sent: b'\xd5\x06LB6\xeb\xb8\x13\x00\x01\xed|P\x10\x16\xb0\x00\x00\x00\x00'
0.345 Received: b'LB\xd5\x06\x00\x01\xed|6\xeb\xb8\x13P\x00\x16\xb0\x00\x00\x00\x00mis oporteat dis'...
0.345 Disassembled: source: 19522, dest: 54534, seq: 126332, ack: 921417747, window: 5808, data: "mis oporteat dis"...
0.345 Data accepted; writing to file
0.346 Assembling: source: 54534, dest: 19522, seq: 921417747, ack: 127784, window: 5808, ACK
0.346 Sent: b'\xd5\x06LB6\xeb\xb8\x13\x00\x01\xf3(P\x10\x16\xb0\x00\x00\x00\x00'
0.348 Received: b'LB\xd5\x06\x00\x01\xf3(6\xeb\xb8\x13P\x00\x16\xb0\x00\x00\x00\x00as virtute moles'...
0.348 Disassembled: source: 19522, dest: 54534, seq: 127784, ack: 921417747, window: 5808, data: "as virtute moles"...
0.348 Data accepted; writing to file
0.348 Assembling: source: 54534, dest: 19522, seq: 921417747, ack: 129236, window: 5808, ACK
0.349 Sent: b'\xd5\x06LB6\xeb\xb8\x13\x00\x01\xf8\xd4P\x10\x16\xb0\x00\x00\x00\x00'
0.350 Received: b'LB\xd5\x06\x00\x01\xf8\xd46\xeb\xb8\x13P\x00\x16\xb0\x00\x00\x00\x00llae noluisse.\n\n'...
0.351 Disassembled: source: 19522, dest: 54534, seq: 129236, ack: 921417747, window: 5808, data: "llae noluisse.

"...
0.351 Data accepted; writing to file
0.351 Assembling: source: 54534, dest: 19522, seq: 921417747, ack: 130688, window: 5808, ACK
0.351 Sent: b'\xd5\x06LB6\xeb\xb8\x13\x00\x01\xfe\x80P\x10\x16\xb0\x00\x00\x00\x00'
0.353 Received: b'LB\xd5\x06\x00\x01\xfe\x806\xeb\xb8\x13P\x00\x16\xb0\x00\x00\x00\x00At duo affert to'...
0.354 Disassembled: source: 19522, dest: 54534, seq: 130688, ack: 921417747, window: 5808, data: "At duo affert to"...
0.354 Data accepted; writing to file
0.354 Assembling: source: 54534, dest: 19522, seq: 921417747, ack: 132140, window: 5808, ACK
0.355 Sent: b'\xd5\x06LB6\xeb\xb8\x13\x00\x02\x04,P\x10\x16\xb0\x00\x00\x00\x00'
0.356 Received: b'LB\xd5\x06\x00\x02\x04,6\xeb\xb8\x13P\x00\x16\xb0\x00\x00\x00\x00r eam an. Ut per'...
0.357 Disassembled: source: 19522, dest: 54534, seq: 132140, ack: 921417747, window: 5808, data: "r eam an. Ut per"...
0.357 Data accepted; writing to file
0.357 Assembling: source: 54534, dest: 19522, seq: 921417747, ack: 133592, window: 5808, ACK
0.357 Sent: b'\xd5\x06LB6\xeb\xb8\x13\x00\x02\t\xd8P\x10\x16\xb0\x00\x00\x00\x00'
0.359 Received: b'LB\xd5\x06\x00\x02\t\xd86\xeb\xb8\x13P\x00\x16\xb0\x00\x00\x00\x00ea ex, inermis m'...
0.360 Disassembled: source: 19522, dest: 54534, seq: 133592, ack: 921417747, window: 5808, data: "ea ex, inermis m"...
0.360 Data accepted; writing to file
0.360 Assembling: source: 54534, dest: 19522, seq: 921417747, ack: 135044, window: 5808, ACK
0.360 Sent: b'\xd5\x06LB6\xeb\xb8\x13\x00\x02\x0f\x84P\x10\x16\xb0\x00\x00\x00\x00'
0.362 Received: b'LB\xd5\x06\x00\x02\x0f\x846\xeb\xb8\x13P\x00\x16\xb0\x00\x00\x00\x00recteque iracund'...
0.363 Disassembled: source: 19522, dest: 54534, seq: 135044, ack: 921417747, window: 5808, data: "recteque iracund"...
0.363 Data accepted; writing to file
0.363 Assembling: source: 54534, dest: 19522, seq: 921417747, ack: 136214, window: 5808, ACK
0.363 Sent: b'\xd5\x06LB6\xeb\xb8\x13\x00\x02\x14\x16P\x10\x16\xb0\x00\x00\x00\x00'
0.864 Sent: b'\xd5\x06LB6\xeb\xb8\x13\x00\x02\x14\x16P\x10\x16\xb0\x00\x00\x00\x00'
1.364 Sent: b'\xd5\x06LB6\xeb\xb8\x13\x00\x02\x14\x16P\x10\x16\xb0\x00\x00\x00\x00'
1.865 Sent: b'\xd5\x06LB6\xeb\xb8\x13\x00\x02\x14\x16P\x10\x16\xb0\x00\x00\x00\x00'
2.365 Sent: b'\xd5\x06LB6\xeb\xb8\x13\x00\x02\x14\x16P\x10\x16\xb0\x00\x00\x00\x00'
2.866 Error: Connection timed out
2.866 Closed connection
2.867 Shutting down
