0.000 NEW RUN: Server, TEST: Write_file__Relaxed
0.078 Received: b'\xc8\x8e\x9d\x95\x00\x00\x00!\x00\x00\x00\x00P\x02\x05\xac\x00\x00\x00\x00'
0.079 Disassembled: source: 51342, dest: 40341, seq: 33, window: 1452, SYN
0.080 SYN accepted; new connection: 127.0.0.1 on port 51342
0.080 Assembling: source: 40341, dest: 51342, seq: 864409055, ack: 34, window: 5808, ACK, SYN
0.081 Sent: b'\x9d\x95\xc8\x8e3\x85\xd5\xdf\x00\x00\x00"P\x12\x16\xb0\x00\x00\x00\x00'
0.084 Received: b'\xc8\x8e\x9d\x95\x00\x00\x00"3\x85\xd5\xe0P\x10\x16\xb0\x00\x00\x00\x00'
0.084 Disassembled: source: 51342, dest: 40341, seq: 34, ack: 864409056, window: 5808, ACK
0.084 Assembling: source: 40341, dest: 51342, seq: 864409056, ack: 34, window: 5808, ACK
0.085 Sent: b'\x9d\x95\xc8\x8e3\x85\xd5\xe0\x00\x00\x00"P\x10\x16\xb0\x00\x00\x00\x00'
0.086 Received: b'\xc8\x8e\x9d\x95\x00\x00\x00"3\x85\xd5\xe0P\x10\x16\xb0\x00\x00\x00\x00'
0.086 Disassembled: source: 51342, dest: 40341, seq: 34, ack: 864409056, window: 5808, ACK
0.086 Assembling: source: 40341, dest: 51342, seq: 864409056, ack: 34, window: 5808, ACK
0.087 Sent: b'\x9d\x95\xc8\x8e3\x85\xd5\xe0\x00\x00\x00"P\x10\x16\xb0\x00\x00\x00\x00'
0.587 Sent: b'\x9d\x95\xc8\x8e3\x85\xd5\xe0\x00\x00\x00"P\x10\x16\xb0\x00\x00\x00\x00'
1.088 Sent: b'\x9d\x95\xc8\x8e3\x85\xd5\xe0\x00\x00\x00"P\x10\x16\xb0\x00\x00\x00\x00'
1.588 Sent: b'\x9d\x95\xc8\x8e3\x85\xd5\xe0\x00\x00\x00"P\x10\x16\xb0\x00\x00\x00\x00'
2.089 Sent: b'\x9d\x95\xc8\x8e3\x85\xd5\xe0\x00\x00\x00"P\x10\x16\xb0\x00\x00\x00\x00'
2.589 Error: Connection timed out
2.589 Closed connection
2.590 Shutting down
