0.000 NEW RUN: Server, TEST: Read_file__Large_multi-packet
0.219 Received: b'\xee\x9f\xa5 \x00\x00\x000\x00\x00\x00\x00P\x02\x05\xa8\x00\x00\x00\x00'
0.219 Disassembled: source: 61087, dest: 42272, seq: 48, window: 1448, SYN
0.220 SYN accepted; new connection: 127.0.0.1 on port 61087
0.220 Assembling: source: 42272, dest: 61087, seq: 545594618, ack: 49, window: 1448, ACK, SYN
0.220 Sent: b'\xa5 \xee\x9f \x85\x1c\xfa\x00\x00\x001P\x12\x05\xa8\x00\x00\x00\x00'
0.222 Received: b'\xee\x9f\xa5 \x00\x00\x001 \x85\x1c\xfbP\x10\x05\xa8\x00\x00\x00\x00'
0.222 Disassembled: source: 61087, dest: 42272, seq: 49, ack: 545594619, window: 1448, ACK
0.222 Handshake complete
0.222 Acknowledged seq: 545594618
0.223 Assembling: source: 42272, dest: 61087, seq: 545594619, ack: 50, window: 1448, data: "Lorem ipsum dolo"...
0.223 Sent: b'\xa5 \xee\x9f \x85\x1c\xfb\x00\x00\x002P\x00\x05\xa8\x00\x00\x00\x00Lorem ipsum dolo'...
0.225 Received: b'\xee\x9f\xa5 \x00\x00\x002 \x85\x1c\xfcP\x10\x05\xa8\x00\x00\x00\x00'
0.225 Disassembled: source: 61087, dest: 42272, seq: 50, ack: 545594620, window: 1448, ACK
0.226 Assembling: source: 42272, dest: 61087, seq: 545596067, ack: 51, window: 1448, data: "m"
0.226 Sent: b'\xa5 \xee\x9f \x85"\xa3\x00\x00\x003P\x00\x05\xa8\x00\x00\x00\x00m'
0.726 Sent: b'\xa5 \xee\x9f \x85\x1c\xfb\x00\x00\x002P\x00\x05\xa8\x00\x00\x00\x00Lorem ipsum dolo'...
0.727 Sent: b'\xa5 \xee\x9f \x85"\xa3\x00\x00\x003P\x00\x05\xa8\x00\x00\x00\x00m'
1.227 Sent: b'\xa5 \xee\x9f \x85\x1c\xfb\x00\x00\x002P\x00\x05\xa8\x00\x00\x00\x00Lorem ipsum dolo'...
1.227 Sent: b'\xa5 \xee\x9f \x85"\xa3\x00\x00\x003P\x00\x05\xa8\x00\x00\x00\x00m'
1.727 Sent: b'\xa5 \xee\x9f \x85\x1c\xfb\x00\x00\x002P\x00\x05\xa8\x00\x00\x00\x00Lorem ipsum dolo'...
1.727 Sent: b'\xa5 \xee\x9f \x85"\xa3\x00\x00\x003P\x00\x05\xa8\x00\x00\x00\x00m'
2.227 Sent: b'\xa5 \xee\x9f \x85\x1c\xfb\x00\x00\x002P\x00\x05\xa8\x00\x00\x00\x00Lorem ipsum dolo'...
2.228 Sent: b'\xa5 \xee\x9f \x85"\xa3\x00\x00\x003P\x00\x05\xa8\x00\x00\x00\x00m'
2.728 Sent: b'\xa5 \xee\x9f \x85\x1c\xfb\x00\x00\x002P\x00\x05\xa8\x00\x00\x00\x00Lorem ipsum dolo'...
2.728 Sent: b'\xa5 \xee\x9f \x85"\xa3\x00\x00\x003P\x00\x05\xa8\x00\x00\x00\x00m'
3.228 Error: Connection timed out
3.228 Closed connection
3.229 Shutting down
