0.000 NEW RUN: Server, TEST: Read_file__Latency
0.219 Received: b'\xe9\xc2\xba\x87\x00\x00\x00\x19\x00\x00\x00\x00P\x02\x05\xa8\x00\x00\x00\x00'
0.219 Disassembled: source: 59842, dest: 47751, seq: 25, window: 1448, SYN
0.219 SYN accepted; new connection: 127.0.0.1 on port 59842
0.220 Assembling: source: 47751, dest: 59842, seq: 2155566329, ack: 26, window: 1448, ACK, SYN
0.220 Sent: b'\xba\x87\xe9\xc2\x80{T\xf9\x00\x00\x00\x1aP\x12\x05\xa8\x00\x00\x00\x00'
0.721 Sent: b'\xba\x87\xe9\xc2\x80{T\xf9\x00\x00\x00\x1aP\x12\x05\xa8\x00\x00\x00\x00'
1.221 Sent: b'\xba\x87\xe9\xc2\x80{T\xf9\x00\x00\x00\x1aP\x12\x05\xa8\x00\x00\x00\x00'
1.225 Received: b'\xe9\xc2\xba\x87\x00\x00\x00\x1a\x80{T\xfaP\x10\x05\xa8\x00\x00\x00\x00'
1.225 Disassembled: source: 59842, dest: 47751, seq: 26, ack: 2155566330, window: 1448, ACK
1.225 Handshake complete
1.225 Acknowledged seq: 2155566329
1.226 Assembling: source: 47751, dest: 59842, seq: 2155566330, ack: 27, window: 1448, data: "Lorem ipsum dolo"...
1.226 Sent: b'\xba\x87\xe9\xc2\x80{T\xfa\x00\x00\x00\x1bP\x00\x05\xa8\x00\x00\x00\x00Lorem ipsum dolo'...
1.725 Received: b'\xe9\xc2\xba\x87\x00\x00\x00\x1a\x80{T\xfbP\x01\x05\xa8\x00\x00\x00\x00'
1.725 Disassembled: source: 59842, dest: 47751, seq: 26, ack: 2155566331, window: 1448, FIN
1.726 Error: Responses must be acknowledgements
1.727 Sent: b'\xba\x87\xe9\xc2\x80{T\xfa\x00\x00\x00\x1bP\x00\x05\xa8\x00\x00\x00\x00Lorem ipsum dolo'...
2.227 Sent: b'\xba\x87\xe9\xc2\x80{T\xfa\x00\x00\x00\x1bP\x00\x05\xa8\x00\x00\x00\x00Lorem ipsum dolo'...
2.728 Sent: b'\xba\x87\xe9\xc2\x80{T\xfa\x00\x00\x00\x1bP\x00\x05\xa8\x00\x00\x00\x00Lorem ipsum dolo'...
3.229 Sent: b'\xba\x87\xe9\xc2\x80{T\xfa\x00\x00\x00\x1bP\x00\x05\xa8\x00\x00\x00\x00Lorem ipsum dolo'...
3.729 Sent: b'\xba\x87\xe9\xc2\x80{T\xfa\x00\x00\x00\x1bP\x00\x05\xa8\x00\x00\x00\x00Lorem ipsum dolo'...
4.230 Error: Connection timed out
4.230 Closed connection
4.729 Shutting down
