0.000 NEW RUN: Server, TEST: Read_file__Small_multi-packet
0.210 Received: b'\xba\xef\x9d\xd3\x00\x00\x00_\x00\x00\x00\x00P\x02\x05\xa8\x00\x00\x00\x00'
0.211 Disassembled: source: 47855, dest: 40403, seq: 95, window: 1448, SYN
0.211 SYN accepted; new connection: 127.0.0.1 on port 47855
0.211 Assembling: source: 40403, dest: 47855, seq: 2107185455, ack: 96, window: 1448, ACK, SYN
0.212 Sent: b'\x9d\xd3\xba\xef}\x99\x19/\x00\x00\x00`P\x12\x05\xa8\x00\x00\x00\x00'
0.214 Received: b'\xba\xef\x9d\xd3\x00\x00\x00`}\x99\x190P\x10\x05\xa8\x00\x00\x00\x00'
0.214 Disassembled: source: 47855, dest: 40403, seq: 96, ack: 2107185456, window: 1448, ACK
0.214 Handshake complete
0.214 Acknowledged seq: 2107185455
0.215 Assembling: source: 40403, dest: 47855, seq: 2107185456, ack: 97, window: 1448, data: "Lorem ipsum dolo"...
0.215 Sent: b'\x9d\xd3\xba\xef}\x99\x190\x00\x00\x00aP\x00\x05\xa8\x00\x00\x00\x00Lorem ipsum dolo'...
0.217 Received: b'\xba\xef\x9d\xd3\x00\x00\x00`}\x99\x1e\xd8P\x10\x05\xa8\x00\x00\x00\x00'
0.218 Disassembled: source: 47855, dest: 40403, seq: 96, ack: 2107186904, window: 1448, ACK
0.218 Acknowledged seq: 2107185456
0.218 Assembling: source: 40403, dest: 47855, seq: 2107186904, ack: 97, window: 1448, data: "mprehensam nam, "...
0.218 Sent: b'\x9d\xd3\xba\xef}\x99\x1e\xd8\x00\x00\x00aP\x00\x05\xa8\x00\x00\x00\x00mprehensam nam, '...
0.221 Received: b'\xba\xef\x9d\xd3\x00\x00\x00`}\x99$\x80P\x10\x05\xa8\x00\x00\x00\x00'
0.221 Disassembled: source: 47855, dest: 40403, seq: 96, ack: 2107188352, window: 1448, ACK
0.221 Acknowledged seq: 2107186904
0.221 Finished reading file
0.221 Assembling: source: 40403, dest: 47855, seq: 2107188352, ack: 97, window: 1448, data: "ilisi repudiare "...
0.222 Sent: b'\x9d\xd3\xba\xef}\x99$\x80\x00\x00\x00aP\x00\x05\xa8\x00\x00\x00\x00ilisi repudiare '...
0.224 Received: b'\xba\xef\x9d\xd3\x00\x00\x00`}\x99%\xdbP\x10\x05\xa8\x00\x00\x00\x00'
0.224 Disassembled: source: 47855, dest: 40403, seq: 96, ack: 2107188699, window: 1448, ACK
0.225 Acknowledged seq: 2107188352
0.225 Assembling: source: 40403, dest: 47855, seq: 2107188699, ack: 97, window: 1448, ACK, FIN
0.225 Sent: b'\x9d\xd3\xba\xef}\x99%\xdb\x00\x00\x00aP\x11\x05\xa8\x00\x00\x00\x00'
0.226 Received: b'\xba\xef\x9d\xd3\x00\x00\x00`}\x99%\xdbP\x01\x05\xa8\x00\x00\x00\x00'
0.226 Disassembled: source: 47855, dest: 40403, seq: 96, ack: 2107188699, window: 1448, FIN
0.226 Error: Responses must be acknowledgements
0.725 Sent: b'\x9d\xd3\xba\xef}\x99%\xdb\x00\x00\x00aP\x11\x05\xa8\x00\x00\x00\x00'
0.728 Received: b'\xba\xef\x9d\xd3\x00\x00\x00a}\x99%\xddP\x10\x05\xa8\x00\x00\x00\x00'
0.729 Disassembled: source: 47855, dest: 40403, seq: 97, ack: 2107188701, window: 1448, ACK
0.729 Error: Acknowledgement number too high
1.226 Sent: b'\x9d\xd3\xba\xef}\x99%\xdb\x00\x00\x00aP\x11\x05\xa8\x00\x00\x00\x00'
1.726 Sent: b'\x9d\xd3\xba\xef}\x99%\xdb\x00\x00\x00aP\x11\x05\xa8\x00\x00\x00\x00'
2.227 Sent: b'\x9d\xd3\xba\xef}\x99%\xdb\x00\x00\x00aP\x11\x05\xa8\x00\x00\x00\x00'
2.727 Sent: b'\x9d\xd3\xba\xef}\x99%\xdb\x00\x00\x00aP\x11\x05\xa8\x00\x00\x00\x00'
3.228 Error: Connection timed out
3.228 Closed connection
3.231 Shutting down
