0.000 NEW RUN: Server, TEST: Read_file__Single_packet
0.195 Received: b'\xcb\xbf\xc1\x99\x00\x00\x00=\x00\x00\x00\x00P\x02\x05\xa8\x00\x00\x00\x00'
0.195 Disassembled: source: 52159, dest: 49561, seq: 61, window: 1448, SYN
0.195 SYN accepted; new connection: 127.0.0.1 on port 52159
0.195 Assembling: source: 49561, dest: 52159, seq: 2105636384, ack: 62, window: 1448, ACK, SYN
0.196 Sent: b'\xc1\x99\xcb\xbf}\x81v \x00\x00\x00>P\x12\x05\xa8\x00\x00\x00\x00'
0.197 Received: b'\xcb\xbf\xc1\x99\x00\x00\x00>}\x81v!P\x10\x05\xa8\x00\x00\x00\x00'
0.198 Disassembled: source: 52159, dest: 49561, seq: 62, ack: 2105636385, window: 1448, ACK
0.198 Handshake complete
0.198 Acknowledged seq: 2105636384
0.198 Finished reading file
0.198 Assembling: source: 49561, dest: 52159, seq: 2105636385, ack: 63, window: 1448, data: "This file fits i"...
0.198 Sent: b'\xc1\x99\xcb\xbf}\x81v!\x00\x00\x00?P\x00\x05\xa8\x00\x00\x00\x00This file fits i'...
0.200 Received: b'\xcb\xbf\xc1\x99\x00\x00\x00>}\x81vLP\x10\x05\xa8\x00\x00\x00\x00'
0.200 Disassembled: source: 52159, dest: 49561, seq: 62, ack: 2105636428, window: 1448, ACK
0.201 Acknowledged seq: 2105636385
0.201 Assembling: source: 49561, dest: 52159, seq: 2105636428, ack: 63, window: 1448, ACK, FIN
0.201 Sent: b'\xc1\x99\xcb\xbf}\x81vL\x00\x00\x00?P\x11\x05\xa8\x00\x00\x00\x00'
0.202 Received: b'\xcb\xbf\xc1\x99\x00\x00\x00>}\x81vLP\x01\x05\xa8\x00\x00\x00\x00'
0.202 Disassembled: source: 52159, dest: 49561, seq: 62, ack: 2105636428, window: 1448, FIN
0.202 Error: Responses must be acknowledgements
0.701 Sent: b'\xc1\x99\xcb\xbf}\x81vL\x00\x00\x00?P\x11\x05\xa8\x00\x00\x00\x00'
0.704 Received: b'\xcb\xbf\xc1\x99\x00\x00\x00?}\x81vNP\x10\x05\xa8\x00\x00\x00\x00'
0.704 Disassembled: source: 52159, dest: 49561, seq: 63, ack: 2105636430, window: 1448, ACK
0.705 Error: Acknowledgement number too high
1.202 Sent: b'\xc1\x99\xcb\xbf}\x81vL\x00\x00\x00?P\x11\x05\xa8\x00\x00\x00\x00'
1.702 Sent: b'\xc1\x99\xcb\xbf}\x81vL\x00\x00\x00?P\x11\x05\xa8\x00\x00\x00\x00'
2.203 Sent: b'\xc1\x99\xcb\xbf}\x81vL\x00\x00\x00?P\x11\x05\xa8\x00\x00\x00\x00'
2.703 Sent: b'\xc1\x99\xcb\xbf}\x81vL\x00\x00\x00?P\x11\x05\xa8\x00\x00\x00\x00'
3.204 Error: Connection timed out
3.204 Closed connection
3.212 Shutting down
