0.000 NEW RUN: Server, TEST: Write_file__Single_packet
0.216 Received: b'\xefqZ\xa7\x00\x00\x005\x00\x00\x00\x00P\x02\x05\xa8\x00\x00\x00\x00'
0.217 Disassembled: source: 61297, dest: 23207, seq: 53, window: 1448, SYN
0.217 SYN accepted; new connection: 127.0.0.1 on port 61297
0.217 Assembling: source: 23207, dest: 61297, seq: 2112160234, ack: 54, window: 5808, ACK, SYN
0.218 Sent: b'Z\xa7\xefq}\xe5\x01\xea\x00\x00\x006P\x12\x16\xb0\x00\x00\x00\x00'
0.219 Received: b'\xefqZ\xa7\x00\x00\x006}\xe5\x01\xebP\x10\x16\xb0\x00\x00\x00\x00'
0.220 Disassembled: source: 61297, dest: 23207, seq: 54, ack: 2112160235, window: 5808, ACK
0.220 Assembling: source: 23207, dest: 61297, seq: 2112160235, ack: 54, window: 5808, ACK
0.220 Sent: b'Z\xa7\xefq}\xe5\x01\xeb\x00\x00\x006P\x10\x16\xb0\x00\x00\x00\x00'
0.221 Received: b'\xefqZ\xa7\x00\x00\x006}\xe5\x01\xebP\x10\x16\xb0\x00\x00\x00\x00This file fits i'...
0.221 Disassembled: source: 61297, dest: 23207, seq: 54, ack: 2112160235, window: 5808, ACK, data: "This file fits i"...
0.221 Handshake complete
0.221 Data accepted; writing to file
0.221 Assembling: source: 23207, dest: 61297, seq: 2112160235, ack: 97, window: 5808, ACK
0.222 Sent: b'Z\xa7\xefq}\xe5\x01\xeb\x00\x00\x00aP\x10\x16\xb0\x00\x00\x00\x00'
0.222 Received: b'\xefqZ\xa7\x00\x00\x00a}\xe5\x01\xebP\x01\x16\xb0\x00\x00\x00\x00'
0.223 Disassembled: source: 61297, dest: 23207, seq: 97, ack: 2112160235, window: 5808, FIN
0.223 Error: Incorrect acknowledgement flag
0.722 Sent: b'Z\xa7\xefq}\xe5\x01\xeb\x00\x00\x00aP\x10\x16\xb0\x00\x00\x00\x00'
1.222 Sent: b'Z\xa7\xefq}\xe5\x01\xeb\x00\x00\x00aP\x10\x16\xb0\x00\x00\x00\x00'
1.723 Sent: b'Z\xa7\xefq}\xe5\x01\xeb\x00\x00\x00aP\x10\x16\xb0\x00\x00\x00\x00'
2.223 Sent: b'Z\xa7\xefq}\xe5\x01\xeb\x00\x00\x00aP\x10\x16\xb0\x00\x00\x00\x00'
2.724 Error: Connection timed out
2.724 Closed connection
2.725 Shutting down
