0.000 NEW RUN: Server, TEST: Write_file__No_file_extension
0.218 Received: b'\x87{\xea\x00\x00\x00\x00]\x00\x00\x00\x00P\x02\x05\xa8\x00\x00\x00\x00'
0.218 Disassembled: source: 34683, dest: 59904, seq: 93, window: 1448, SYN
0.218 SYN accepted; new connection: 127.0.0.1 on port 34683
0.218 Assembling: source: 59904, dest: 34683, seq: 2125821290, ack: 94, window: 5808, ACK, SYN
0.219 Sent: b'\xea\x00\x87{~\xb5uj\x00\x00\x00^P\x12\x16\xb0\x00\x00\x00\x00'
0.220 Received: b'\x87{\xea\x00\x00\x00\x00^~\xb5ukP\x10\x16\xb0\x00\x00\x00\x00'
0.220 Disassembled: source: 34683, dest: 59904, seq: 94, ack: 2125821291, window: 5808, ACK
0.220 Assembling: source: 59904, dest: 34683, seq: 2125821291, ack: 94, window: 5808, ACK
0.221 Sent: b'\xea\x00\x87{~\xb5uk\x00\x00\x00^P\x10\x16\xb0\x00\x00\x00\x00'
0.221 Received: b'\x87{\xea\x00\x00\x00\x00^~\xb5ukP\x10\x16\xb0\x00\x00\x00\x00Lorem ipsum dolo'...
0.221 Disassembled: source: 34683, dest: 59904, seq: 94, ack: 2125821291, window: 5808, ACK, data: "Lorem ipsum dolo"...
0.221 Handshake complete
0.222 Data accepted; writing to file
0.222 Assembling: source: 59904, dest: 34683, seq: 2125821291, ack: 1546, window: 5808, ACK
0.222 Received: b'\x87{\xea\x00\x00\x00\r\t~\xb5ukP\x01\x16\xb0\x00\x00\x00\x00'
0.222 Sent: b'\xea\x00\x87{~\xb5uk\x00\x00\x06\nP\x10\x16\xb0\x00\x00\x00\x00'
0.222 Disassembled: source: 34683, dest: 59904, seq: 3337, ack: 2125821291, window: 5808, FIN
0.223 Error: Incorrect acknowledgement flag
0.722 Sent: b'\xea\x00\x87{~\xb5uk\x00\x00\x06\nP\x10\x16\xb0\x00\x00\x00\x00'
1.223 Sent: b'\xea\x00\x87{~\xb5uk\x00\x00\x06\nP\x10\x16\xb0\x00\x00\x00\x00'
1.723 Sent: b'\xea\x00\x87{~\xb5uk\x00\x00\x06\nP\x10\x16\xb0\x00\x00\x00\x00'
2.224 Sent: b'\xea\x00\x87{~\xb5uk\x00\x00\x06\nP\x10\x16\xb0\x00\x00\x00\x00'
2.724 Error: Connection timed out
2.724 Closed connection
2.725 Shutting down
