0.000 NEW RUN: Server, TEST: Write_file__Large_multi-packet
0.208 Received: b',!N\x01\x00\x00\x00\x0b\x00\x00\x00\x00P\x02\x05\xa8\x00\x00\x00\x00'
0.209 Disassembled: source: 11297, dest: 19969, seq: 11, window: 1448, SYN
0.209 SYN accepted; new connection: 127.0.0.1 on port 11297
0.209 Assembling: source: 19969, dest: 11297, seq: 2114256222, ack: 12, window: 5808, ACK, SYN
0.209 Sent: b'N\x01,!~\x04\xfd^\x00\x00\x00\x0cP\x12\x16\xb0\x00\x00\x00\x00'
0.211 Received: b',!N\x01\x00\x00\x00\x0c~\x04\xfd_P\x10\x16\xb0\x00\x00\x00\x00'
0.211 Disassembled: source: 11297, dest: 19969, seq: 12, ack: 2114256223, window: 5808, ACK
0.211 Assembling: source: 19969, dest: 11297, seq: 2114256223, ack: 12, window: 5808, ACK
0.212 Sent: b'N\x01,!~\x04\xfd_\x00\x00\x00\x0cP\x10\x16\xb0\x00\x00\x00\x00'
0.212 Received: b',!N\x01\x00\x00\x00\x0c~\x04\xfd_P\x10\x16\xb0\x00\x00\x00\x00Lorem ipsum dolo'...
0.212 Disassembled: source: 11297, dest: 19969, seq: 12, ack: 2114256223, window: 5808, ACK, data: "Lorem ipsum dolo"...
0.213 Handshake complete
0.213 Data accepted; writing to file
0.213 Assembling: source: 19969, dest: 11297, seq: 2114256223, ack: 1464, window: 5808, ACK
0.213 Sent: b'N\x01,!~\x04\xfd_\x00\x00\x05\xb8P\x10\x16\xb0\x00\x00\x00\x00'
0.213 Received: b',!N\x01\x00\x00\x16\xbc~\x04\xfd_P\x10\x16\xb0\x00\x00\x00\x00 sadipscing ei q'...
0.214 Disassembled: source: 11297, dest: 19969, seq: 5820, ack: 2114256223, window: 5808, ACK, data: " sadipscing ei q"...
0.214 Error: Incorrect acknowledgement flag
0.215 Received: b',!N\x01\x00\x00-l~\x04\xfd_P\x10\x16\xb0\x00\x00\x00\x00 Duo ea augue fa'...
0.215 Disassembled: source: 11297, dest: 19969, seq: 11628, ack: 2114256223, window: 5808, ACK, data: " Duo ea augue fa"...
0.215 Error: Sequence number too high
0.713 Sent: b'N\x01,!~\x04\xfd_\x00\x00\x05\xb8P\x10\x16\xb0\x00\x00\x00\x00'
0.715 Received: b',!N\x01\x00\x00D\x1c~\x04\xfd_P\x10\x16\xb0\x00\x00\x00\x00uta debitis pert'...
0.715 Disassembled: source: 11297, dest: 19969, seq: 17436, ack: 2114256223, window: 5808, ACK, data: "uta debitis pert"...
0.715 Error: Sequence number too high
1.214 Sent: b'N\x01,!~\x04\xfd_\x00\x00\x05\xb8P\x10\x16\xb0\x00\x00\x00\x00'
1.216 Received: b',!N\x01\x00\x00Z\xcc~\x04\xfd_P\x10\x16\xb0\x00\x00\x00\x00 decore possit r'...
1.217 Disassembled: source: 11297, dest: 19969, seq: 23244, ack: 2114256223, window: 5808, ACK, data: " decore possit r"...
1.217 Error: Sequence number too high
1.714 Sent: b'N\x01,!~\x04\xfd_\x00\x00\x05\xb8P\x10\x16\xb0\x00\x00\x00\x00'
1.717 Received: b',!N\x01\x00\x00q|~\x04\xfd_P\x10\x16\xb0\x00\x00\x00\x00orteat dissentiu'...
1.718 Disassembled: source: 11297, dest: 19969, seq: 29052, ack: 2114256223, window: 5808, ACK, data: "orteat dissentiu"...
1.718 Error: Sequence number too high
2.214 Sent: b'N\x01,!~\x04\xfd_\x00\x00\x05\xb8P\x10\x16\xb0\x00\x00\x00\x00'
2.217 Received: b',!N\x01\x00\x00\x88,~\x04\xfd_P\x10\x16\xb0\x00\x00\x00\x00an. Ut per eirmo'...
2.218 Disassembled: source: 11297, dest: 19969, seq: 34860, ack: 2114256223, window: 5808, ACK, data: "an. Ut per eirmo"...
2.218 Error: Sequence number too high
2.715 Error: Connection timed out
2.715 Closed connection
2.718 Shutting down
