0.000 NEW RUN: Server, TEST: Write_file__Random_drops
0.210 Received: b'\x9d\xeeR\x90\x00\x00\x002\x00\x00\x00\x00P\x02\x05\xa8\x00\x00\x00\x00'
0.210 Disassembled: source: 40430, dest: 21136, seq: 50, window: 1448, SYN
0.210 SYN accepted; new connection: 127.0.0.1 on port 40430
0.211 Assembling: source: 21136, dest: 40430, seq: 2138908782, ack: 51, window: 5808, ACK, SYN
0.211 Sent: b'R\x90\x9d\xee\x7f}(n\x00\x00\x003P\x12\x16\xb0\x00\x00\x00\x00'
0.213 Received: b'\x9d\xeeR\x90\x00\x00\x003\x7f}(oP\x10\x16\xb0\x00\x00\x00\x00'
0.213 Disassembled: source: 40430, dest: 21136, seq: 51, ack: 2138908783, window: 5808, ACK
0.213 Assembling: source: 21136, dest: 40430, seq: 2138908783, ack: 51, window: 5808, ACK
0.213 Sent: b'R\x90\x9d\xee\x7f}(o\x00\x00\x003P\x10\x16\xb0\x00\x00\x00\x00'
0.214 Received: b'\x9d\xeeR\x90\x00\x00\x003\x7f}(oP\x10\x16\xb0\x00\x00\x00\x00Lorem ipsum dolo'...
0.214 Disassembled: source: 40430, dest: 21136, seq: 51, ack: 2138908783, window: 5808, ACK, data: "Lorem ipsum dolo"...
0.215 Handshake complete
0.215 Data accepted; writing to file
0.215 Assembling: source: 21136, dest: 40430, seq: 2138908783, ack: 1503, window: 5808, ACK
0.215 Sent: b'R\x90\x9d\xee\x7f}(o\x00\x00\x05\xdfP\x10\x16\xb0\x00\x00\x00\x00'
0.216 Received: b'\x9d\xeeR\x90\x00\x00\x16\xe3\x7f}(oP\x10\x16\xb0\x00\x00\x00\x00 sadipscing ei q'...
0.216 Disassembled: source: 40430, dest: 21136, seq: 5859, ack: 2138908783, window: 5808, ACK, data: " sadipscing ei q"...
0.216 Error: Incorrect acknowledgement flag
0.217 Received: b'\x9d\xeeR\x90\x00\x00-\x93\x7f}(oP\x10\x16\xb0\x00\x00\x00\x00 Duo ea augue fa'...
0.218 Disassembled: source: 40430, dest: 21136, seq: 11667, ack: 2138908783, window: 5808, ACK, data: " Duo ea augue fa"...
0.218 Error: Sequence number too high
0.715 Sent: b'R\x90\x9d\xee\x7f}(o\x00\x00\x05\xdfP\x10\x16\xb0\x00\x00\x00\x00'
0.718 Received: b'\x9d\xeeR\x90\x00\x00DC\x7f}(oP\x10\x16\xb0\x00\x00\x00\x00uta debitis pert'...
0.719 Disassembled: source: 40430, dest: 21136, seq: 17475, ack: 2138908783, window: 5808, ACK, data: "uta debitis pert"...
0.719 Error: Sequence number too high
1.216 Failed to send packet
1.716 Sent: b'R\x90\x9d\xee\x7f}(o\x00\x00\x05\xdfP\x10\x16\xb0\x00\x00\x00\x00'
1.719 Received: b'\x9d\xeeR\x90\x00\x00Z\xf3\x7f}(oP\x10\x16\xb0\x00\x00\x00\x00 decore possit r'...
1.720 Disassembled: source: 40430, dest: 21136, seq: 23283, ack: 2138908783, window: 5808, ACK, data: " decore possit r"...
1.720 Error: Sequence number too high
2.217 Sent: b'R\x90\x9d\xee\x7f}(o\x00\x00\x05\xdfP\x10\x16\xb0\x00\x00\x00\x00'
2.220 Received: b'\x9d\xeeR\x90\x00\x00q\xa3\x7f}(oP\x10\x16\xb0\x00\x00\x00\x00orteat dissentiu'...
2.220 Disassembled: source: 40430, dest: 21136, seq: 29091, ack: 2138908783, window: 5808, ACK, data: "orteat dissentiu"...
2.220 Error: Sequence number too high
2.717 Error: Connection timed out
2.717 Closed connection
2.721 Shutting down
