0.000 NEW RUN: Server, TEST: Write_file__Empty
0.213 Received: b'$?/\xf5\x00\x00\x00\x0f\x00\x00\x00\x00P\x02\x05\xa8\x00\x00\x00\x00'
0.214 Disassembled: source: 9279, dest: 12277, seq: 15, window: 1448, SYN
0.214 SYN accepted; new connection: 127.0.0.1 on port 9279
0.214 Assembling: source: 12277, dest: 9279, seq: 2111108115, ack: 16, window: 5808, ACK, SYN
0.215 Sent: b'/\xf5$?}\xd4\xf4\x13\x00\x00\x00\x10P\x12\x16\xb0\x00\x00\x00\x00'
0.216 Received: b'$?/\xf5\x00\x00\x00\x10}\xd4\xf4\x14P\x10\x16\xb0\x00\x00\x00\x00'
0.216 Disassembled: source: 9279, dest: 12277, seq: 16, ack: 2111108116, window: 5808, ACK
0.217 Assembling: source: 12277, dest: 9279, seq: 2111108116, ack: 16, window: 5808, ACK
0.217 Sent: b'/\xf5$?}\xd4\xf4\x14\x00\x00\x00\x10P\x10\x16\xb0\x00\x00\x00\x00'
0.217 Received: b'$?/\xf5\x00\x00\x00\x10}\xd4\xf4\x14P\x10\x16\xb0\x00\x00\x00\x00'
0.218 Disassembled: source: 9279, dest: 12277, seq: 16, ack: 2111108116, window: 5808, ACK
0.218 Assembling: source: 12277, dest: 9279, seq: 2111108116, ack: 16, window: 5808, ACK
0.218 Sent: b'/\xf5$?}\xd4\xf4\x14\x00\x00\x00\x10P\x10\x16\xb0\x00\x00\x00\x00'
0.219 Received: b'$?/\xf5\x00\x00\x00\x10}\xd4\xf4\x14P\x01\x16\xb0\x00\x00\x00\x00'
0.219 Disassembled: source: 9279, dest: 12277, seq: 16, ack: 2111108116, window: 5808, FIN
0.219 Error: Incorrect acknowledgement flag
0.719 Sent: b'/\xf5$?}\xd4\xf4\x14\x00\x00\x00\x10P\x10\x16\xb0\x00\x00\x00\x00'
1.219 Sent: b'/\xf5$?}\xd4\xf4\x14\x00\x00\x00\x10P\x10\x16\xb0\x00\x00\x00\x00'
1.720 Sent: b'/\xf5$?}\xd4\xf4\x14\x00\x00\x00\x10P\x10\x16\xb0\x00\x00\x00\x00'
2.220 Sent: b'/\xf5$?}\xd4\xf4\x14\x00\x00\x00\x10P\x10\x16\xb0\x00\x00\x00\x00'
2.721 Error: Connection timed out
2.721 Closed connection
2.721 Shutting down
