0.000 NEW RUN: Server, TEST: Write_file__Large_multi-packet
0.075 Received: b'o\xf0u\xb6\x04\xf9s\r\x00\x00\x00\x00P\x02\x00\x00\xad\xae\x00\x00'
0.076 Disassembled: source: 28656, dest: 30134, seq: 83456781, SYN
0.076 SYN accepted; new connection: 127.0.0.1 on port 28656
0.076 Assembling: source: 30134, dest: 28656, seq: 2701033349, ack: 83456782, window: 5808, ACK, SYN
0.077 Sent: b'u\xb6o\xf0\xa0\xfe\x7f\x85\x04\xf9s\x0eP\x12\x16\xb0\x00\x00\x00\x00'
0.087 Received: b'o\xf0u\xb6\x04\xf9s\x0e\xa0\xfe\x7f\x86P\x10\x16\xb0\xe3\xc6\x00\x00Lorem ipsum dolo'...
0.087 Disassembled: source: 28656, dest: 30134, seq: 83456782, ack: 2701033350, window: 5808, ACK, data: "Lorem ipsum dolo"...
0.087 Handshake complete
0.088 Data accepted; writing to file
0.088 Assembling: source: 30134, dest: 28656, seq: 2701033350, ack: 83458230, window: 5808, ACK
0.088 Sent: b'u\xb6o\xf0\xa0\xfe\x7f\x86\x04\xf9x\xb6P\x10\x16\xb0\x00\x00\x00\x00'
0.096 Received: b'o\xf0u\xb6\x04\xf9x\xb6\xa0\xfe\x7f\x86P\x10\x16\xb0\xf9\x88\x00\x00mprehensam nam, '...
0.096 Disassembled: source: 28656, dest: 30134, seq: 83458230, ack: 2701033350, window: 5808, ACK, data: "mprehensam nam, "...
0.096 Error: Incorrect acknowledgement flag
0.589 Sent: b'u\xb6o\xf0\xa0\xfe\x7f\x86\x04\xf9x\xb6P\x10\x16\xb0\x00\x00\x00\x00'
0.596 Received: b'o\xf0u\xb6\x04\xf9x\xb6\xa0\xfe\x7f\x87P\x10\x16\xb0\xab9\x00\x00ilisi repudiare '...
0.597 Disassembled: source: 28656, dest: 30134, seq: 83458230, ack: 2701033351, window: 5808, ACK, data: "ilisi repudiare "...
0.597 Error: Incorrect acknowledgement flag
1.089 Sent: b'u\xb6o\xf0\xa0\xfe\x7f\x86\x04\xf9x\xb6P\x10\x16\xb0\x00\x00\x00\x00'
1.099 Received: b'o\xf0u\xb6\x04\xf9x\xb6\xa0\xfe\x7f\x88P\x10\x16\xb0\xfc\xbc\x00\x00ta.\n\nEt essent s'...
1.099 Disassembled: source: 28656, dest: 30134, seq: 83458230, ack: 2701033352, window: 5808, ACK, data: "ta.

Et essent s"...
1.100 Error: Incorrect acknowledgement flag
1.589 Sent: b'u\xb6o\xf0\xa0\xfe\x7f\x86\x04\xf9x\xb6P\x10\x16\xb0\x00\x00\x00\x00'
1.599 Received: b'o\xf0u\xb6\x04\xf9x\xb6\xa0\xfe\x7f\x89P\x10\x16\xb0Q\x99\x00\x00 Nihil tractatos'...
1.600 Disassembled: source: 28656, dest: 30134, seq: 83458230, ack: 2701033353, window: 5808, ACK, data: " Nihil tractatos"...
1.600 Error: Incorrect acknowledgement flag
2.090 Sent: b'u\xb6o\xf0\xa0\xfe\x7f\x86\x04\xf9x\xb6P\x10\x16\xb0\x00\x00\x00\x00'
2.100 Received: b'o\xf0u\xb6\x04\xf9x\xb6\xa0\xfe\x7f\x8aP\x10\x16\xb0e\x1e\x00\x00fert iuvaret sap'...
2.100 Disassembled: source: 28656, dest: 30134, seq: 83458230, ack: 2701033354, window: 5808, ACK, data: "fert iuvaret sap"...
2.100 Error: Incorrect acknowledgement flag
2.590 Error: Connection timed out
2.590 Closed connection
2.601 Shutting down
