0.000 NEW RUN: Server, TEST: Write_file__Empty
0.078 Received: b'\x17\x18Z\xd3\x01\xe8\x10\xaf\x00\x00\x00\x00P\x02\x00\x00\xd4\x84\x00\x00'
0.078 Disassembled: source: 5912, dest: 23251, seq: 31985839, SYN
0.079 SYN accepted; new connection: 127.0.0.1 on port 5912
0.079 Assembling: source: 23251, dest: 5912, seq: 2698827099, ack: 31985840, window: 5808, ACK, SYN
0.080 Sent: b'Z\xd3\x17\x18\xa0\xdc\xd5[\x01\xe8\x10\xb0P\x12\x16\xb0\x00\x00\x00\x00'
0.089 Received: b'\x17\x18Z\xd3\x01\xe8\x10\xb0\xa0\xdc\xd5\\P\x10\x16\xb0a{\x00\x00'
0.089 Disassembled: source: 5912, dest: 23251, seq: 31985840, ack: 2698827100, window: 5808, ACK
0.090 Assembling: source: 23251, dest: 5912, seq: 2698827100, ack: 31985840, window: 5808, ACK
0.090 Sent: b'Z\xd3\x17\x18\xa0\xdc\xd5\\\x01\xe8\x10\xb0P\x10\x16\xb0\x00\x00\x00\x00'
0.097 Received: b'\x17\x18Z\xd3\x01\xe8\x10\xb0\xa0\xdc\xd5\\P\x11\x16\xb0a|\x00\x00'
0.097 Disassembled: source: 5912, dest: 23251, seq: 31985840, ack: 2698827100, window: 5808, ACK, FIN
0.098 FIN accepted; closing
0.098 Assembling: source: 23251, dest: 5912, seq: 2698827100, ack: 31985840, window: 5808, ACK, FIN
0.098 Sent: b'Z\xd3\x17\x18\xa0\xdc\xd5\\\x01\xe8\x10\xb0P\x11\x16\xb0\x00\x00\x00\x00'
0.599 Sent: b'Z\xd3\x17\x18\xa0\xdc\xd5\\\x01\xe8\x10\xb0P\x11\x16\xb0\x00\x00\x00\x00'
1.099 Sent: b'Z\xd3\x17\x18\xa0\xdc\xd5\\\x01\xe8\x10\xb0P\x11\x16\xb0\x00\x00\x00\x00'
1.600 Sent: b'Z\xd3\x17\x18\xa0\xdc\xd5\\\x01\xe8\x10\xb0P\x11\x16\xb0\x00\x00\x00\x00'
2.100 Sent: b'Z\xd3\x17\x18\xa0\xdc\xd5\\\x01\xe8\x10\xb0P\x11\x16\xb0\x00\x00\x00\x00'
2.601 Error: Connection timed out
2.601 Closed connection
2.602 Shutting down
