0.000 NEW RUN: Server, TEST: Write_file__Very_large_multi-packet
0.077 Received: b'\xed>\xac\xfd\x00P\xde3\x00\x00\x00\x00P\x02\x00\x00\xc8\xc0\x00\x00'
0.077 Disassembled: source: 60734, dest: 44285, seq: 5299763, SYN
0.078 SYN accepted; new connection: 127.0.0.1 on port 60734
0.078 Assembling: source: 44285, dest: 60734, seq: 2715968611, ack: 5299764, window: 5808, ACK, SYN
0.079 Sent: b'\xac\xfd\xed>\xa1\xe2dc\x00P\xde4P\x12\x16\xb0\x00\x00\x00\x00'
0.089 Received: b'\xed>\xac\xfd\x00P\xde4\xa1\xe2ddP\x10\x16\xb0<\xf7\x00\x00@\x96o\xec!c\x93Z\xed\x08f\xcd}`>&'...
0.089 Disassembled: source: 60734, dest: 44285, seq: 5299764, ack: 2715968612, window: 5808, ACK, data: b'@\x96o\xec!c\x93Z\xed\x08f\xcd}`>&'...
0.089 Handshake complete
0.089 Data accepted; writing to file
0.089 Assembling: source: 44285, dest: 60734, seq: 2715968612, ack: 5301212, window: 5808, ACK
0.090 Sent: b'\xac\xfd\xed>\xa1\xe2dd\x00P\xe3\xdcP\x10\x16\xb0\x00\x00\x00\x00'
0.096 Received: b'\xed>\xac\xfd\x00P\xe3\xdc\xa1\xe2ddP\x10\x16\xb0b\xe4\x00\x00\xcf\xc8\x9b\xa1\xda\x8aQ^\xb7~?\xf6\xfd\xc6\xd2e'...
0.096 Disassembled: source: 60734, dest: 44285, seq: 5301212, ack: 2715968612, window: 5808, ACK, data: b'\xcf\xc8\x9b\xa1\xda\x8aQ^\xb7~?\xf6\xfd\xc6\xd2e'...
0.096 Error: Incorrect acknowledgement flag
0.590 Sent: b'\xac\xfd\xed>\xa1\xe2dd\x00P\xe3\xdcP\x10\x16\xb0\x00\x00\x00\x00'
0.600 Received: b'\xed>\xac\xfd\x00P\xe3\xdc\xa1\xe2deP\x10\x16\xb00z\x00\x00B\x87\x8a\xb0C\r1JP\x16O\xcd\xfb\x85g0'...
0.600 Disassembled: source: 60734, dest: 44285, seq: 5301212, ack: 2715968613, window: 5808, ACK, data: b'B\x87\x8a\xb0C\r1JP\x16O\xcd\xfb\x85g0'...
0.601 Error: Incorrect acknowledgement flag
1.090 Sent: b'\xac\xfd\xed>\xa1\xe2dd\x00P\xe3\xdcP\x10\x16\xb0\x00\x00\x00\x00'
1.100 Received: b'\xed>\xac\xfd\x00P\xe3\xdc\xa1\xe2dfP\x10\x16\xb0R\xb6\x00\x00W7z%\x88\xa6(\xf8\x9d\x11\xd5~6\xd4\xdb\xd0'...
1.101 Disassembled: source: 60734, dest: 44285, seq: 5301212, ack: 2715968614, window: 5808, ACK, data: b'W7z%\x88\xa6(\xf8\x9d\x11\xd5~6\xd4\xdb\xd0'...
1.101 Error: Incorrect acknowledgement flag
1.591 Sent: b'\xac\xfd\xed>\xa1\xe2dd\x00P\xe3\xdcP\x10\x16\xb0\x00\x00\x00\x00'
1.600 Received: b'\xed>\xac\xfd\x00P\xe3\xdc\xa1\xe2dgP\x10\x16\xb0\xde\xcc\x00\x00\xff\x8d\xa3u=\xa5#YN\xa8\x99U\x93-@\xc7'...
1.601 Disassembled: source: 60734, dest: 44285, seq: 5301212, ack: 2715968615, window: 5808, ACK, data: b'\xff\x8d\xa3u=\xa5#YN\xa8\x99U\x93-@\xc7'...
1.601 Error: Incorrect acknowledgement flag
2.091 Sent: b'\xac\xfd\xed>\xa1\xe2dd\x00P\xe3\xdcP\x10\x16\xb0\x00\x00\x00\x00'
2.101 Received: b'\xed>\xac\xfd\x00P\xe3\xdc\xa1\xe2dhP\x10\x16\xb0\xf2T\x00\x00\xb5\xfd\xe7\x16\xfb\xe5\xd1\xb4vy\x8d\\\x1dmX\x03'...
2.101 Disassembled: source: 60734, dest: 44285, seq: 5301212, ack: 2715968616, window: 5808, ACK, data: b'\xb5\xfd\xe7\x16\xfb\xe5\xd1\xb4vy\x8d\\\x1dmX\x03'...
2.102 Error: Incorrect acknowledgement flag
2.592 Error: Connection timed out
2.592 Closed connection
2.602 Shutting down
