0.000 NEW RUN: Server, TEST: Write_file__No_file_extension
0.227 Received: b"_H\x86'\x00\x00\x00[\x00\x00\x00\x00P\x02\x05\xa8\x00\x00\x00\x00"
0.228 Disassembled: source: 24392, dest: 34343, seq: 91, window: 1448, SYN
0.228 SYN accepted; new connection: 127.0.0.1 on port 24392
0.228 Assembling: source: 34343, dest: 24392, seq: 1898721854, ack: 92, window: 5808, ACK, SYN
0.228 Sent: b"\x86'_Hq,2>\x00\x00\x00\\P\x12\x16\xb0\x00\x00\x00\x00"
0.230 Received: b"_H\x86'\x00\x00\x00\\q,2?P\x10\x16\xb0\x00\x00\x00\x00"
0.230 Disassembled: source: 24392, dest: 34343, seq: 92, ack: 1898721855, window: 5808, ACK
0.230 Assembling: source: 34343, dest: 24392, seq: 1898721855, ack: 92, window: 5808, ACK
0.231 Sent: b"\x86'_Hq,2?\x00\x00\x00\\P\x10\x16\xb0\x00\x00\x00\x00"
0.231 Received: b"_H\x86'\x00\x00\x00\\q,2?P\x10\x16\xb0\x00\x00\x00\x00Lorem ipsum dolo"...
0.231 Disassembled: source: 24392, dest: 34343, seq: 92, ack: 1898721855, window: 5808, ACK, data: "Lorem ipsum dolo"...
0.231 Handshake complete
0.232 Data accepted; writing to file
0.232 Assembling: source: 34343, dest: 24392, seq: 1898721855, ack: 1540, window: 5808, ACK
0.232 Sent: b"\x86'_Hq,2?\x00\x00\x06\x04P\x10\x16\xb0\x00\x00\x00\x00"
0.232 Received: b"_H\x86'\x00\x00\x00\\q,2?P\x10\x16\xb0\x00\x00\x00\x00Lorem ipsum dolo"...
0.233 Disassembled: source: 24392, dest: 34343, seq: 92, ack: 1898721855, window: 5808, ACK, data: "Lorem ipsum dolo"...
0.233 Old data; ignoring
0.234 Received: b"_H\x86'\x00\x00\x06\x04q,2?P\x10\x16\xb0\x00\x00\x00\x00mprehensam nam, "...
0.234 Disassembled: source: 24392, dest: 34343, seq: 1540, ack: 1898721855, window: 5808, ACK, data: "mprehensam nam, "...
0.234 Error: Incorrect acknowledgement flag
0.732 Sent: b"\x86'_Hq,2?\x00\x00\x06\x04P\x10\x16\xb0\x00\x00\x00\x00"
0.735 Received: b"_H\x86'\x00\x00\x06\x04q,2?P\x10\x16\xb0\x00\x00\x00\x00mprehensam nam, "...
0.735 Disassembled: source: 24392, dest: 34343, seq: 1540, ack: 1898721855, window: 5808, ACK, data: "mprehensam nam, "...
0.736 Error: Incorrect acknowledgement flag
1.233 Sent: b"\x86'_Hq,2?\x00\x00\x06\x04P\x10\x16\xb0\x00\x00\x00\x00"
1.235 Received: b"_H\x86'\x00\x00\x06\x04q,2?P\x10\x16\xb0\x00\x00\x00\x00mprehensam nam, "...
1.236 Disassembled: source: 24392, dest: 34343, seq: 1540, ack: 1898721855, window: 5808, ACK, data: "mprehensam nam, "...
1.236 Error: Incorrect acknowledgement flag
1.733 Sent: b"\x86'_Hq,2?\x00\x00\x06\x04P\x10\x16\xb0\x00\x00\x00\x00"
1.736 Received: b"_H\x86'\x00\x00\x06\x04q,2?P\x10\x16\xb0\x00\x00\x00\x00mprehensam nam, "...
1.737 Disassembled: source: 24392, dest: 34343, seq: 1540, ack: 1898721855, window: 5808, ACK, data: "mprehensam nam, "...
1.737 Error: Incorrect acknowledgement flag
2.233 Sent: b"\x86'_Hq,2?\x00\x00\x06\x04P\x10\x16\xb0\x00\x00\x00\x00"
2.237 Received: b"_H\x86'\x00\x00\x06\x04q,2?P\x10\x16\xb0\x00\x00\x00\x00mprehensam nam, "...
2.237 Disassembled: source: 24392, dest: 34343, seq: 1540, ack: 1898721855, window: 5808, ACK, data: "mprehensam nam, "...
2.237 Error: Incorrect acknowledgement flag
2.734 Error: Connection timed out
2.734 Closed connection
2.738 Shutting down
