0.000 NEW RUN: Server, TEST: Write_file__Empty
0.214 Received: b'\x13\xaehi\x00\x00\x00C\x00\x00\x00\x00P\x02\x05\xa8\x00\x00\x00\x00'
0.215 Disassembled: source: 5038, dest: 26729, seq: 67, window: 1448, SYN
0.215 SYN accepted; new connection: 127.0.0.1 on port 5038
0.215 Assembling: source: 26729, dest: 5038, seq: 1852480733, ack: 68, window: 5808, ACK, SYN
0.215 Sent: b'hi\x13\xaenj\x9c\xdd\x00\x00\x00DP\x12\x16\xb0\x00\x00\x00\x00'
0.217 Received: b'\x13\xaehi\x00\x00\x00Dnj\x9c\xdeP\x10\x16\xb0\x00\x00\x00\x00'
0.217 Disassembled: source: 5038, dest: 26729, seq: 68, ack: 1852480734, window: 5808, ACK
0.218 Assembling: source: 26729, dest: 5038, seq: 1852480734, ack: 68, window: 5808, ACK
0.218 Sent: b'hi\x13\xaenj\x9c\xde\x00\x00\x00DP\x10\x16\xb0\x00\x00\x00\x00'
0.219 Received: b'\x13\xaehi\x00\x00\x00Dnj\x9c\xdeP\x10\x16\xb0\x00\x00\x00\x00'
0.219 Disassembled: source: 5038, dest: 26729, seq: 68, ack: 1852480734, window: 5808, ACK
0.219 Assembling: source: 26729, dest: 5038, seq: 1852480734, ack: 68, window: 5808, ACK
0.220 Sent: b'hi\x13\xaenj\x9c\xde\x00\x00\x00DP\x10\x16\xb0\x00\x00\x00\x00'
0.720 Sent: b'hi\x13\xaenj\x9c\xde\x00\x00\x00DP\x10\x16\xb0\x00\x00\x00\x00'
1.220 Sent: b'hi\x13\xaenj\x9c\xde\x00\x00\x00DP\x10\x16\xb0\x00\x00\x00\x00'
1.721 Sent: b'hi\x13\xaenj\x9c\xde\x00\x00\x00DP\x10\x16\xb0\x00\x00\x00\x00'
2.221 Sent: b'hi\x13\xaenj\x9c\xde\x00\x00\x00DP\x10\x16\xb0\x00\x00\x00\x00'
2.721 Error: Connection timed out
2.722 Closed connection
2.722 Shutting down
