0.000 NEW RUN: Server, TEST: Write_file__Small_multi-packet
0.205 Received: b'\x16\\Z\x8b\x00\x00\x00*\x00\x00\x00\x00P\x02\x05\xa8\x00\x00\x00\x00'
0.205 Disassembled: source: 5724, dest: 23179, seq: 42, window: 1448, SYN
0.206 SYN accepted; new connection: 127.0.0.1 on port 5724
0.206 Assembling: source: 23179, dest: 5724, seq: 1875590677, ack: 43, window: 5808, ACK, SYN
0.206 Sent: b'Z\x8b\x16\\o\xcb>\x15\x00\x00\x00+P\x12\x16\xb0\x00\x00\x00\x00'
0.208 Received: b'\x16\\Z\x8b\x00\x00\x00+o\xcb>\x16P\x10\x16\xb0\x00\x00\x00\x00'
0.208 Disassembled: source: 5724, dest: 23179, seq: 43, ack: 1875590678, window: 5808, ACK
0.208 Assembling: source: 23179, dest: 5724, seq: 1875590678, ack: 43, window: 5808, ACK
0.208 Sent: b'Z\x8b\x16\\o\xcb>\x16\x00\x00\x00+P\x10\x16\xb0\x00\x00\x00\x00'
0.209 Received: b'\x16\\Z\x8b\x00\x00\x00+o\xcb>\x16P\x10\x16\xb0\x00\x00\x00\x00Lorem ipsum dolo'...
0.209 Disassembled: source: 5724, dest: 23179, seq: 43, ack: 1875590678, window: 5808, ACK, data: "Lorem ipsum dolo"...
0.209 Handshake complete
0.209 Data accepted; writing to file
0.209 Assembling: source: 23179, dest: 5724, seq: 1875590678, ack: 1491, window: 5808, ACK
0.210 Sent: b'Z\x8b\x16\\o\xcb>\x16\x00\x00\x05\xd3P\x10\x16\xb0\x00\x00\x00\x00'
0.210 Received: b'\x16\\Z\x8b\x00\x00\x00+o\xcb>\x16P\x10\x16\xb0\x00\x00\x00\x00Lorem ipsum dolo'...
0.211 Disassembled: source: 5724, dest: 23179, seq: 43, ack: 1875590678, window: 5808, ACK, data: "Lorem ipsum dolo"...
0.211 Old data; ignoring
0.212 Received: b'\x16\\Z\x8b\x00\x00\x05\xd3o\xcb>\x16P\x10\x16\xb0\x00\x00\x00\x00mprehensam nam, '...
0.212 Disassembled: source: 5724, dest: 23179, seq: 1491, ack: 1875590678, window: 5808, ACK, data: "mprehensam nam, "...
0.212 Error: Incorrect acknowledgement flag
0.710 Sent: b'Z\x8b\x16\\o\xcb>\x16\x00\x00\x05\xd3P\x10\x16\xb0\x00\x00\x00\x00'
0.713 Received: b'\x16\\Z\x8b\x00\x00\x05\xd3o\xcb>\x16P\x10\x16\xb0\x00\x00\x00\x00mprehensam nam, '...
0.714 Disassembled: source: 5724, dest: 23179, seq: 1491, ack: 1875590678, window: 5808, ACK, data: "mprehensam nam, "...
0.714 Error: Incorrect acknowledgement flag
1.210 Sent: b'Z\x8b\x16\\o\xcb>\x16\x00\x00\x05\xd3P\x10\x16\xb0\x00\x00\x00\x00'
1.214 Received: b'\x16\\Z\x8b\x00\x00\x05\xd3o\xcb>\x16P\x10\x16\xb0\x00\x00\x00\x00mprehensam nam, '...
1.214 Disassembled: source: 5724, dest: 23179, seq: 1491, ack: 1875590678, window: 5808, ACK, data: "mprehensam nam, "...
1.214 Error: Incorrect acknowledgement flag
1.711 Sent: b'Z\x8b\x16\\o\xcb>\x16\x00\x00\x05\xd3P\x10\x16\xb0\x00\x00\x00\x00'
1.714 Received: b'\x16\\Z\x8b\x00\x00\x05\xd3o\xcb>\x16P\x10\x16\xb0\x00\x00\x00\x00mprehensam nam, '...
1.714 Disassembled: source: 5724, dest: 23179, seq: 1491, ack: 1875590678, window: 5808, ACK, data: "mprehensam nam, "...
1.715 Error: Incorrect acknowledgement flag
2.211 Sent: b'Z\x8b\x16\\o\xcb>\x16\x00\x00\x05\xd3P\x10\x16\xb0\x00\x00\x00\x00'
2.215 Received: b'\x16\\Z\x8b\x00\x00\x05\xd3o\xcb>\x16P\x10\x16\xb0\x00\x00\x00\x00mprehensam nam, '...
2.215 Disassembled: source: 5724, dest: 23179, seq: 1491, ack: 1875590678, window: 5808, ACK, data: "mprehensam nam, "...
2.215 Error: Incorrect acknowledgement flag
2.712 Error: Connection timed out
2.712 Closed connection
2.716 Shutting down
