0.000 NEW RUN: Server, TEST: Read_file__Large_multi-packet
0.206 Received: b'&\x0c\xf8.\x00\x00\x00\x1b\x00\x00\x00\x00P\x02\x05\xa8\x00\x00\x00\x00'
0.206 Disassembled: source: 9740, dest: 63534, seq: 27, window: 1448, SYN
0.206 SYN accepted; new connection: 127.0.0.1 on port 9740
0.207 Assembling: source: 63534, dest: 9740, seq: 1698895356, ack: 28, window: 1448, ACK, SYN
0.207 Sent: b'\xf8.&\x0ceC\x15\xfc\x00\x00\x00\x1cP\x12\x05\xa8\x00\x00\x00\x00'
0.209 Received: b'&\x0c\xf8.\x00\x00\x00\x1ceC\x15\xfdP\x10\x05\xa8\x00\x00\x00\x00'
0.209 Disassembled: source: 9740, dest: 63534, seq: 28, ack: 1698895357, window: 1448, ACK
0.209 Handshake complete
0.209 Acknowledged seq: 1698895356
0.210 Assembling: source: 63534, dest: 9740, seq: 1698895357, ack: 29, window: 1448, data: "Lorem ipsum dolo"...
0.210 Sent: b'\xf8.&\x0ceC\x15\xfd\x00\x00\x00\x1dP\x00\x05\xa8\x00\x00\x00\x00Lorem ipsum dolo'...
0.212 Received: b'&\x0c\xf8.\x00\x00\x00\x1ceC\x1b\xa5P\x10\x05\xa8\x00\x00\x00\x00'
0.212 Disassembled: source: 9740, dest: 63534, seq: 28, ack: 1698896805, window: 1448, ACK
0.213 Acknowledged seq: 1698895357
0.213 Assembling: source: 63534, dest: 9740, seq: 1698896805, ack: 29, window: 1448, data: "mprehensam nam, "...
0.213 Sent: b'\xf8.&\x0ceC\x1b\xa5\x00\x00\x00\x1dP\x00\x05\xa8\x00\x00\x00\x00mprehensam nam, '...
0.215 Received: b'&\x0c\xf8.\x00\x00\x00\x1ceC!MP\x10\x05\xa8\x00\x00\x00\x00'
0.215 Disassembled: source: 9740, dest: 63534, seq: 28, ack: 1698898253, window: 1448, ACK
0.216 Acknowledged seq: 1698896805
0.216 Assembling: source: 63534, dest: 9740, seq: 1698898253, ack: 29, window: 1448, data: "ilisi repudiare "...
0.216 Sent: b'\xf8.&\x0ceC!M\x00\x00\x00\x1dP\x00\x05\xa8\x00\x00\x00\x00ilisi repudiare '...
0.218 Received: b'&\x0c\xf8.\x00\x00\x00\x1ceC&\xf5P\x10\x05\xa8\x00\x00\x00\x00'
0.218 Disassembled: source: 9740, dest: 63534, seq: 28, ack: 1698899701, window: 1448, ACK
0.219 Acknowledged seq: 1698898253
0.219 Assembling: source: 63534, dest: 9740, seq: 1698899701, ack: 29, window: 1448, data: "ta.

Et essent s"...
0.219 Sent: b'\xf8.&\x0ceC&\xf5\x00\x00\x00\x1dP\x00\x05\xa8\x00\x00\x00\x00ta.\n\nEt essent s'...
0.221 Received: b'&\x0c\xf8.\x00\x00\x00\x1ceC,\x9dP\x10\x05\xa8\x00\x00\x00\x00'
0.221 Disassembled: source: 9740, dest: 63534, seq: 28, ack: 1698901149, window: 1448, ACK
0.222 Acknowledged seq: 1698899701
0.222 Assembling: source: 63534, dest: 9740, seq: 1698901149, ack: 29, window: 1448, data: " Nihil tractatos"...
0.222 Sent: b'\xf8.&\x0ceC,\x9d\x00\x00\x00\x1dP\x00\x05\xa8\x00\x00\x00\x00 Nihil tractatos'...
0.224 Received: b'&\x0c\xf8.\x00\x00\x00\x1ceC2EP\x10\x05\xa8\x00\x00\x00\x00'
0.224 Disassembled: source: 9740, dest: 63534, seq: 28, ack: 1698902597, window: 1448, ACK
0.224 Acknowledged seq: 1698901149
0.224 Assembling: source: 63534, dest: 9740, seq: 1698902597, ack: 29, window: 1448, data: "fert iuvaret sap"...
0.225 Sent: b'\xf8.&\x0ceC2E\x00\x00\x00\x1dP\x00\x05\xa8\x00\x00\x00\x00fert iuvaret sap'...
0.226 Received: b'&\x0c\xf8.\x00\x00\x00\x1ceC7\xedP\x10\x05\xa8\x00\x00\x00\x00'
0.227 Disassembled: source: 9740, dest: 63534, seq: 28, ack: 1698904045, window: 1448, ACK
0.227 Acknowledged seq: 1698902597
0.227 Assembling: source: 63534, dest: 9740, seq: 1698904045, ack: 29, window: 1448, data: "ram adipiscing, "...
0.228 Sent: b'\xf8.&\x0ceC7\xed\x00\x00\x00\x1dP\x00\x05\xa8\x00\x00\x00\x00ram adipiscing, '...
0.229 Received: b'&\x0c\xf8.\x00\x00\x00\x1ceC=\x95P\x10\x05\xa8\x00\x00\x00\x00'
0.230 Disassembled: source: 9740, dest: 63534, seq: 28, ack: 1698905493, window: 1448, ACK
0.230 Acknowledged seq: 1698904045
0.230 Assembling: source: 63534, dest: 9740, seq: 1698905493, ack: 29, window: 1448, data: "m veritus vivend"...
0.230 Sent: b'\xf8.&\x0ceC=\x95\x00\x00\x00\x1dP\x00\x05\xa8\x00\x00\x00\x00m veritus vivend'...
0.232 Received: b'&\x0c\xf8.\x00\x00\x00\x1ceCC=P\x10\x05\xa8\x00\x00\x00\x00'
0.232 Disassembled: source: 9740, dest: 63534, seq: 28, ack: 1698906941, window: 1448, ACK
0.233 Acknowledged seq: 1698905493
0.233 Assembling: source: 63534, dest: 9740, seq: 1698906941, ack: 29, window: 1448, data: " delenit, ignota"...
0.233 Sent: b'\xf8.&\x0ceCC=\x00\x00\x00\x1dP\x00\x05\xa8\x00\x00\x00\x00 delenit, ignota'...
0.235 Received: b'&\x0c\xf8.\x00\x00\x00\x1ceCH\xe5P\x10\x05\xa8\x00\x00\x00\x00'
0.235 Disassembled: source: 9740, dest: 63534, seq: 28, ack: 1698908389, window: 1448, ACK
0.235 Acknowledged seq: 1698906941
0.236 Assembling: source: 63534, dest: 9740, seq: 1698908389, ack: 29, window: 1448, data: "se explicari des"...
0.236 Sent: b'\xf8.&\x0ceCH\xe5\x00\x00\x00\x1dP\x00\x05\xa8\x00\x00\x00\x00se explicari des'...
0.238 Received: b'&\x0c\xf8.\x00\x00\x00\x1ceCN\x8dP\x10\x05\xa8\x00\x00\x00\x00'
0.238 Disassembled: source: 9740, dest: 63534, seq: 28, ack: 1698909837, window: 1448, ACK
0.238 Acknowledged seq: 1698908389
0.238 Assembling: source: 63534, dest: 9740, seq: 1698909837, ack: 29, window: 1448, data: "piscing, in modo"...
0.239 Sent: b'\xf8.&\x0ceCN\x8d\x00\x00\x00\x1dP\x00\x05\xa8\x00\x00\x00\x00piscing, in modo'...
0.240 Received: b'&\x0c\xf8.\x00\x00\x00\x1ceCT5P\x10\x05\xa8\x00\x00\x00\x00'
0.241 Disassembled: source: 9740, dest: 63534, seq: 28, ack: 1698911285, window: 1448, ACK
0.241 Acknowledged seq: 1698909837
0.241 Assembling: source: 63534, dest: 9740, seq: 1698911285, ack: 29, window: 1448, data: "o copiosae tacim"...
0.242 Sent: b'\xf8.&\x0ceCT5\x00\x00\x00\x1dP\x00\x05\xa8\x00\x00\x00\x00o copiosae tacim'...
0.243 Received: b'&\x0c\xf8.\x00\x00\x00\x1ceCY\xddP\x10\x05\xa8\x00\x00\x00\x00'
0.244 Disassembled: source: 9740, dest: 63534, seq: 28, ack: 1698912733, window: 1448, ACK
0.244 Acknowledged seq: 1698911285
0.244 Assembling: source: 63534, dest: 9740, seq: 1698912733, ack: 29, window: 1448, data: "am. Pri ne antio"...
0.245 Sent: b'\xf8.&\x0ceCY\xdd\x00\x00\x00\x1dP\x00\x05\xa8\x00\x00\x00\x00am. Pri ne antio'...
0.246 Received: b'&\x0c\xf8.\x00\x00\x00\x1ceC_\x85P\x10\x05\xa8\x00\x00\x00\x00'
0.247 Disassembled: source: 9740, dest: 63534, seq: 28, ack: 1698914181, window: 1448, ACK
0.247 Acknowledged seq: 1698912733
0.247 Assembling: source: 63534, dest: 9740, seq: 1698914181, ack: 29, window: 1448, data: "to no. Elitr pos"...
0.248 Sent: b'\xf8.&\x0ceC_\x85\x00\x00\x00\x1dP\x00\x05\xa8\x00\x00\x00\x00to no. Elitr pos'...
0.249 Received: b'&\x0c\xf8.\x00\x00\x00\x1ceCe-P\x10\x05\xa8\x00\x00\x00\x00'
0.250 Disassembled: source: 9740, dest: 63534, seq: 28, ack: 1698915629, window: 1448, ACK
0.250 Acknowledged seq: 1698914181
0.250 Assembling: source: 63534, dest: 9740, seq: 1698915629, ack: 29, window: 1448, data: "pretaris, sea ex"...
0.251 Sent: b'\xf8.&\x0ceCe-\x00\x00\x00\x1dP\x00\x05\xa8\x00\x00\x00\x00pretaris, sea ex'...
0.252 Received: b'&\x0c\xf8.\x00\x00\x00\x1ceCj\xd5P\x10\x05\xa8\x00\x00\x00\x00'
0.253 Disassembled: source: 9740, dest: 63534, seq: 28, ack: 1698917077, window: 1448, ACK
0.253 Acknowledged seq: 1698915629
0.253 Assembling: source: 63534, dest: 9740, seq: 1698917077, ack: 29, window: 1448, data: "oporteat inimicu"...
0.254 Sent: b'\xf8.&\x0ceCj\xd5\x00\x00\x00\x1dP\x00\x05\xa8\x00\x00\x00\x00oporteat inimicu'...
0.255 Received: b'&\x0c\xf8.\x00\x00\x00\x1ceCp}P\x10\x05\xa8\x00\x00\x00\x00'
0.256 Disassembled: source: 9740, dest: 63534, seq: 28, ack: 1698918525, window: 1448, ACK
0.256 Acknowledged seq: 1698917077
0.256 Assembling: source: 63534, dest: 9740, seq: 1698918525, ack: 29, window: 1448, data: "ligendi officiis"...
0.257 Sent: b'\xf8.&\x0ceCp}\x00\x00\x00\x1dP\x00\x05\xa8\x00\x00\x00\x00ligendi officiis'...
0.259 Received: b'&\x0c\xf8.\x00\x00\x00\x1ceCv%P\x10\x05\xa8\x00\x00\x00\x00'
0.259 Disassembled: source: 9740, dest: 63534, seq: 28, ack: 1698919973, window: 1448, ACK
0.259 Acknowledged seq: 1698918525
0.259 Assembling: source: 63534, dest: 9740, seq: 1698919973, ack: 29, window: 1448, data: "no vel regione i"...
0.260 Sent: b'\xf8.&\x0ceCv%\x00\x00\x00\x1dP\x00\x05\xa8\x00\x00\x00\x00no vel regione i'...
0.262 Received: b'&\x0c\xf8.\x00\x00\x00\x1ceC{\xcdP\x10\x05\xa8\x00\x00\x00\x00'
0.262 Disassembled: source: 9740, dest: 63534, seq: 28, ack: 1698921421, window: 1448, ACK
0.262 Acknowledged seq: 1698919973
0.263 Assembling: source: 63534, dest: 9740, seq: 1698921421, ack: 29, window: 1448, data: "ibus vis ex, pro"...
0.263 Sent: b'\xf8.&\x0ceC{\xcd\x00\x00\x00\x1dP\x00\x05\xa8\x00\x00\x00\x00ibus vis ex, pro'...
0.265 Received: b'&\x0c\xf8.\x00\x00\x00\x1ceC\x81uP\x10\x05\xa8\x00\x00\x00\x00'
0.265 Disassembled: source: 9740, dest: 63534, seq: 28, ack: 1698922869, window: 1448, ACK
0.266 Acknowledged seq: 1698921421
0.266 Assembling: source: 63534, dest: 9740, seq: 1698922869, ack: 29, window: 1448, data: "o vix, mel ea li"...
0.266 Sent: b'\xf8.&\x0ceC\x81u\x00\x00\x00\x1dP\x00\x05\xa8\x00\x00\x00\x00o vix, mel ea li'...
0.268 Received: b'&\x0c\xf8.\x00\x00\x00\x1ceC\x87\x1dP\x10\x05\xa8\x00\x00\x00\x00'
0.269 Disassembled: source: 9740, dest: 63534, seq: 28, ack: 1698924317, window: 1448, ACK
0.269 Acknowledged seq: 1698922869
0.269 Assembling: source: 63534, dest: 9740, seq: 1698924317, ack: 29, window: 1448, data: "d. Ex fugit suav"...
0.270 Sent: b'\xf8.&\x0ceC\x87\x1d\x00\x00\x00\x1dP\x00\x05\xa8\x00\x00\x00\x00d. Ex fugit suav'...
0.272 Received: b'&\x0c\xf8.\x00\x00\x00\x1ceC\x8c\xc5P\x10\x05\xa8\x00\x00\x00\x00'
0.272 Disassembled: source: 9740, dest: 63534, seq: 28, ack: 1698925765, window: 1448, ACK
0.272 Acknowledged seq: 1698924317
0.273 Assembling: source: 63534, dest: 9740, seq: 1698925765, ack: 29, window: 1448, data: "pertinax nec. De"...
0.273 Sent: b'\xf8.&\x0ceC\x8c\xc5\x00\x00\x00\x1dP\x00\x05\xa8\x00\x00\x00\x00pertinax nec. De'...
0.275 Received: b'&\x0c\xf8.\x00\x00\x00\x1ceC\x92mP\x10\x05\xa8\x00\x00\x00\x00'
0.275 Disassembled: source: 9740, dest: 63534, seq: 28, ack: 1698927213, window: 1448, ACK
0.276 Acknowledged seq: 1698925765
0.276 Assembling: source: 63534, dest: 9740, seq: 1698927213, ack: 29, window: 1448, data: "lli primis praes"...
0.276 Sent: b'\xf8.&\x0ceC\x92m\x00\x00\x00\x1dP\x00\x05\xa8\x00\x00\x00\x00lli primis praes'...
0.278 Received: b'&\x0c\xf8.\x00\x00\x00\x1ceC\x98\x15P\x10\x05\xa8\x00\x00\x00\x00'
0.279 Disassembled: source: 9740, dest: 63534, seq: 28, ack: 1698928661, window: 1448, ACK
0.279 Acknowledged seq: 1698927213
0.279 Assembling: source: 63534, dest: 9740, seq: 1698928661, ack: 29, window: 1448, data: "m, percipit inte"...
0.279 Sent: b'\xf8.&\x0ceC\x98\x15\x00\x00\x00\x1dP\x00\x05\xa8\x00\x00\x00\x00m, percipit inte'...
0.281 Received: b'&\x0c\xf8.\x00\x00\x00\x1ceC\x9d\xbdP\x10\x05\xa8\x00\x00\x00\x00'
0.282 Disassembled: source: 9740, dest: 63534, seq: 28, ack: 1698930109, window: 1448, ACK
0.282 Acknowledged seq: 1698928661
0.282 Assembling: source: 63534, dest: 9740, seq: 1698930109, ack: 29, window: 1448, data: "nani docendi pat"...
0.283 Sent: b'\xf8.&\x0ceC\x9d\xbd\x00\x00\x00\x1dP\x00\x05\xa8\x00\x00\x00\x00nani docendi pat'...
0.285 Received: b'&\x0c\xf8.\x00\x00\x00\x1ceC\xa3eP\x10\x05\xa8\x00\x00\x00\x00'
0.285 Disassembled: source: 9740, dest: 63534, seq: 28, ack: 1698931557, window: 1448, ACK
0.285 Acknowledged seq: 1698930109
0.286 Assembling: source: 63534, dest: 9740, seq: 1698931557, ack: 29, window: 1448, data: " vis decore poss"...
0.286 Sent: b'\xf8.&\x0ceC\xa3e\x00\x00\x00\x1dP\x00\x05\xa8\x00\x00\x00\x00 vis decore poss'...
0.288 Received: b'&\x0c\xf8.\x00\x00\x00\x1ceC\xa9\rP\x10\x05\xa8\x00\x00\x00\x00'
0.288 Disassembled: source: 9740, dest: 63534, seq: 28, ack: 1698933005, window: 1448, ACK
0.289 Acknowledged seq: 1698931557
0.289 Assembling: source: 63534, dest: 9740, seq: 1698933005, ack: 29, window: 1448, data: "eam odio corpora"...
0.289 Sent: b'\xf8.&\x0ceC\xa9\r\x00\x00\x00\x1dP\x00\x05\xa8\x00\x00\x00\x00eam odio corpora'...
0.291 Received: b'&\x0c\xf8.\x00\x00\x00\x1ceC\xae\xb5P\x10\x05\xa8\x00\x00\x00\x00'
0.292 Disassembled: source: 9740, dest: 63534, seq: 28, ack: 1698934453, window: 1448, ACK
0.292 Acknowledged seq: 1698933005
0.292 Assembling: source: 63534, dest: 9740, seq: 1698934453, ack: 29, window: 1448, data: " est. Usu sanctu"...
0.293 Sent: b'\xf8.&\x0ceC\xae\xb5\x00\x00\x00\x1dP\x00\x05\xa8\x00\x00\x00\x00 est. Usu sanctu'...
0.295 Received: b'&\x0c\xf8.\x00\x00\x00\x1ceC\xb4]P\x10\x05\xa8\x00\x00\x00\x00'
0.295 Disassembled: source: 9740, dest: 63534, seq: 28, ack: 1698935901, window: 1448, ACK
0.295 Acknowledged seq: 1698934453
0.295 Assembling: source: 63534, dest: 9740, seq: 1698935901, ack: 29, window: 1448, data: ".

Mei graeco ae"...
0.296 Sent: b'\xf8.&\x0ceC\xb4]\x00\x00\x00\x1dP\x00\x05\xa8\x00\x00\x00\x00.\n\nMei graeco ae'...
0.298 Received: b'&\x0c\xf8.\x00\x00\x00\x1ceC\xba\x05P\x10\x05\xa8\x00\x00\x00\x00'
0.298 Disassembled: source: 9740, dest: 63534, seq: 28, ack: 1698937349, window: 1448, ACK
0.299 Acknowledged seq: 1698935901
0.299 Assembling: source: 63534, dest: 9740, seq: 1698937349, ack: 29, window: 1448, data: "et. Ne sea primi"...
0.299 Sent: b'\xf8.&\x0ceC\xba\x05\x00\x00\x00\x1dP\x00\x05\xa8\x00\x00\x00\x00et. Ne sea primi'...
0.301 Received: b'&\x0c\xf8.\x00\x00\x00\x1ceC\xbf\xadP\x10\x05\xa8\x00\x00\x00\x00'
0.302 Disassembled: source: 9740, dest: 63534, seq: 28, ack: 1698938797, window: 1448, ACK
0.302 Acknowledged seq: 1698937349
0.302 Assembling: source: 63534, dest: 9740, seq: 1698938797, ack: 29, window: 1448, data: "ittam convenire."...
0.302 Sent: b'\xf8.&\x0ceC\xbf\xad\x00\x00\x00\x1dP\x00\x05\xa8\x00\x00\x00\x00ittam convenire.'...
0.304 Received: b'&\x0c\xf8.\x00\x00\x00\x1ceC\xc5UP\x10\x05\xa8\x00\x00\x00\x00'
0.305 Disassembled: source: 9740, dest: 63534, seq: 28, ack: 1698940245, window: 1448, ACK
0.305 Acknowledged seq: 1698938797
0.305 Assembling: source: 63534, dest: 9740, seq: 1698940245, ack: 29, window: 1448, data: "ua et vis, id eu"...
0.306 Sent: b'\xf8.&\x0ceC\xc5U\x00\x00\x00\x1dP\x00\x05\xa8\x00\x00\x00\x00ua et vis, id eu'...
0.308 Received: b'&\x0c\xf8.\x00\x00\x00\x1ceC\xca\xfdP\x10\x05\xa8\x00\x00\x00\x00'
0.308 Disassembled: source: 9740, dest: 63534, seq: 28, ack: 1698941693, window: 1448, ACK
0.308 Acknowledged seq: 1698940245
0.309 Assembling: source: 63534, dest: 9740, seq: 1698941693, ack: 29, window: 1448, data: "r. Et velit appa"...
0.309 Sent: b'\xf8.&\x0ceC\xca\xfd\x00\x00\x00\x1dP\x00\x05\xa8\x00\x00\x00\x00r. Et velit appa'...
0.311 Received: b'&\x0c\xf8.\x00\x00\x00\x1ceC\xd0\xa5P\x10\x05\xa8\x00\x00\x00\x00'
0.312 Disassembled: source: 9740, dest: 63534, seq: 28, ack: 1698943141, window: 1448, ACK
0.312 Acknowledged seq: 1698941693
0.312 Assembling: source: 63534, dest: 9740, seq: 1698943141, ack: 29, window: 1448, data: " novum laudem, v"...
0.312 Sent: b'\xf8.&\x0ceC\xd0\xa5\x00\x00\x00\x1dP\x00\x05\xa8\x00\x00\x00\x00 novum laudem, v'...
0.314 Received: b'&\x0c\xf8.\x00\x00\x00\x1ceC\xd6MP\x10\x05\xa8\x00\x00\x00\x00'
0.315 Disassembled: source: 9740, dest: 63534, seq: 28, ack: 1698944589, window: 1448, ACK
0.315 Acknowledged seq: 1698943141
0.315 Assembling: source: 63534, dest: 9740, seq: 1698944589, ack: 29, window: 1448, data: "luptatibus, cibo"...
0.316 Sent: b'\xf8.&\x0ceC\xd6M\x00\x00\x00\x1dP\x00\x05\xa8\x00\x00\x00\x00luptatibus, cibo'...
0.318 Received: b'&\x0c\xf8.\x00\x00\x00\x1ceC\xdb\xf5P\x10\x05\xa8\x00\x00\x00\x00'
0.318 Disassembled: source: 9740, dest: 63534, seq: 28, ack: 1698946037, window: 1448, ACK
0.318 Acknowledged seq: 1698944589
0.319 Assembling: source: 63534, dest: 9740, seq: 1698946037, ack: 29, window: 1448, data: "alii indoctum ma"...
0.319 Sent: b'\xf8.&\x0ceC\xdb\xf5\x00\x00\x00\x1dP\x00\x05\xa8\x00\x00\x00\x00alii indoctum ma'...
0.321 Received: b'&\x0c\xf8.\x00\x00\x00\x1ceC\xe1\x9dP\x10\x05\xa8\x00\x00\x00\x00'
0.322 Disassembled: source: 9740, dest: 63534, seq: 28, ack: 1698947485, window: 1448, ACK
0.322 Acknowledged seq: 1698946037
0.322 Assembling: source: 63534, dest: 9740, seq: 1698947485, ack: 29, window: 1448, data: "im, his facete c"...
0.322 Sent: b'\xf8.&\x0ceC\xe1\x9d\x00\x00\x00\x1dP\x00\x05\xa8\x00\x00\x00\x00im, his facete c'...
0.324 Received: b'&\x0c\xf8.\x00\x00\x00\x1ceC\xe7EP\x10\x05\xa8\x00\x00\x00\x00'
0.325 Disassembled: source: 9740, dest: 63534, seq: 28, ack: 1698948933, window: 1448, ACK
0.325 Acknowledged seq: 1698947485
0.325 Assembling: source: 63534, dest: 9740, seq: 1698948933, ack: 29, window: 1448, data: "e alia dolor com"...
0.326 Sent: b'\xf8.&\x0ceC\xe7E\x00\x00\x00\x1dP\x00\x05\xa8\x00\x00\x00\x00e alia dolor com'...
0.328 Received: b'&\x0c\xf8.\x00\x00\x00\x1ceC\xec\xedP\x10\x05\xa8\x00\x00\x00\x00'
0.328 Disassembled: source: 9740, dest: 63534, seq: 28, ack: 1698950381, window: 1448, ACK
0.329 Acknowledged seq: 1698948933
0.329 Assembling: source: 63534, dest: 9740, seq: 1698950381, ack: 29, window: 1448, data: "it ea, reque tem"...
0.329 Sent: b'\xf8.&\x0ceC\xec\xed\x00\x00\x00\x1dP\x00\x05\xa8\x00\x00\x00\x00it ea, reque tem'...
0.331 Received: b'&\x0c\xf8.\x00\x00\x00\x1ceC\xf2\x95P\x10\x05\xa8\x00\x00\x00\x00'
0.332 Disassembled: source: 9740, dest: 63534, seq: 28, ack: 1698951829, window: 1448, ACK
0.332 Acknowledged seq: 1698950381
0.332 Assembling: source: 63534, dest: 9740, seq: 1698951829, ack: 29, window: 1448, data: "alisque.

Equide"...
0.333 Sent: b'\xf8.&\x0ceC\xf2\x95\x00\x00\x00\x1dP\x00\x05\xa8\x00\x00\x00\x00alisque.\n\nEquide'...
0.335 Received: b'&\x0c\xf8.\x00\x00\x00\x1ceC\xf8=P\x10\x05\xa8\x00\x00\x00\x00'
0.335 Disassembled: source: 9740, dest: 63534, seq: 28, ack: 1698953277, window: 1448, ACK
0.335 Acknowledged seq: 1698951829
0.336 Assembling: source: 63534, dest: 9740, seq: 1698953277, ack: 29, window: 1448, data: "finitiones, affe"...
0.336 Sent: b'\xf8.&\x0ceC\xf8=\x00\x00\x00\x1dP\x00\x05\xa8\x00\x00\x00\x00finitiones, affe'...
0.338 Received: b'&\x0c\xf8.\x00\x00\x00\x1ceC\xfd\xe5P\x10\x05\xa8\x00\x00\x00\x00'
0.338 Disassembled: source: 9740, dest: 63534, seq: 28, ack: 1698954725, window: 1448, ACK
0.339 Acknowledged seq: 1698953277
0.339 Assembling: source: 63534, dest: 9740, seq: 1698954725, ack: 29, window: 1448, data: "his duis graeco "...
0.339 Sent: b'\xf8.&\x0ceC\xfd\xe5\x00\x00\x00\x1dP\x00\x05\xa8\x00\x00\x00\x00his duis graeco '...
0.341 Received: b'&\x0c\xf8.\x00\x00\x00\x1ceD\x03\x8dP\x10\x05\xa8\x00\x00\x00\x00'
0.342 Disassembled: source: 9740, dest: 63534, seq: 28, ack: 1698956173, window: 1448, ACK
0.342 Acknowledged seq: 1698954725
0.342 Assembling: source: 63534, dest: 9740, seq: 1698956173, ack: 29, window: 1448, data: "am. Alia possit "...
0.343 Sent: b'\xf8.&\x0ceD\x03\x8d\x00\x00\x00\x1dP\x00\x05\xa8\x00\x00\x00\x00am. Alia possit '...
0.345 Received: b'&\x0c\xf8.\x00\x00\x00\x1ceD\t5P\x10\x05\xa8\x00\x00\x00\x00'
0.345 Disassembled: source: 9740, dest: 63534, seq: 28, ack: 1698957621, window: 1448, ACK
0.345 Acknowledged seq: 1698956173
0.346 Assembling: source: 63534, dest: 9740, seq: 1698957621, ack: 29, window: 1448, data: "cum an. Mei faci"...
0.346 Sent: b'\xf8.&\x0ceD\t5\x00\x00\x00\x1dP\x00\x05\xa8\x00\x00\x00\x00cum an. Mei faci'...
0.348 Received: b'&\x0c\xf8.\x00\x00\x00\x1ceD\x0e\xddP\x10\x05\xa8\x00\x00\x00\x00'
0.348 Disassembled: source: 9740, dest: 63534, seq: 28, ack: 1698959069, window: 1448, ACK
0.349 Acknowledged seq: 1698957621
0.349 Assembling: source: 63534, dest: 9740, seq: 1698959069, ack: 29, window: 1448, data: " vis adhuc tatio"...
0.349 Sent: b'\xf8.&\x0ceD\x0e\xdd\x00\x00\x00\x1dP\x00\x05\xa8\x00\x00\x00\x00 vis adhuc tatio'...
0.351 Received: b'&\x0c\xf8.\x00\x00\x00\x1ceD\x14\x85P\x10\x05\xa8\x00\x00\x00\x00'
0.352 Disassembled: source: 9740, dest: 63534, seq: 28, ack: 1698960517, window: 1448, ACK
0.352 Acknowledged seq: 1698959069
0.352 Assembling: source: 63534, dest: 9740, seq: 1698960517, ack: 29, window: 1448, data: "im eu option iuv"...
0.353 Sent: b'\xf8.&\x0ceD\x14\x85\x00\x00\x00\x1dP\x00\x05\xa8\x00\x00\x00\x00im eu option iuv'...
0.355 Received: b'&\x0c\xf8.\x00\x00\x00\x1ceD\x1a-P\x10\x05\xa8\x00\x00\x00\x00'
0.355 Disassembled: source: 9740, dest: 63534, seq: 28, ack: 1698961965, window: 1448, ACK
0.355 Acknowledged seq: 1698960517
0.356 Assembling: source: 63534, dest: 9740, seq: 1698961965, ack: 29, window: 1448, data: "ex epicurei taci"...
0.356 Sent: b'\xf8.&\x0ceD\x1a-\x00\x00\x00\x1dP\x00\x05\xa8\x00\x00\x00\x00ex epicurei taci'...
0.358 Received: b'&\x0c\xf8.\x00\x00\x00\x1ceD\x1f\xd5P\x10\x05\xa8\x00\x00\x00\x00'
0.358 Disassembled: source: 9740, dest: 63534, seq: 28, ack: 1698963413, window: 1448, ACK
0.359 Acknowledged seq: 1698961965
0.359 Assembling: source: 63534, dest: 9740, seq: 1698963413, ack: 29, window: 1448, data: "ebat, eu pro ero"...
0.359 Sent: b'\xf8.&\x0ceD\x1f\xd5\x00\x00\x00\x1dP\x00\x05\xa8\x00\x00\x00\x00ebat, eu pro ero'...
0.361 Received: b'&\x0c\xf8.\x00\x00\x00\x1ceD%}P\x10\x05\xa8\x00\x00\x00\x00'
0.362 Disassembled: source: 9740, dest: 63534, seq: 28, ack: 1698964861, window: 1448, ACK
0.362 Acknowledged seq: 1698963413
0.362 Assembling: source: 63534, dest: 9740, seq: 1698964861, ack: 29, window: 1448, data: "s. Per no sale v"...
0.362 Sent: b'\xf8.&\x0ceD%}\x00\x00\x00\x1dP\x00\x05\xa8\x00\x00\x00\x00s. Per no sale v'...
0.364 Received: b'&\x0c\xf8.\x00\x00\x00\x1ceD+%P\x10\x05\xa8\x00\x00\x00\x00'
0.365 Disassembled: source: 9740, dest: 63534, seq: 28, ack: 1698966309, window: 1448, ACK
0.365 Acknowledged seq: 1698964861
0.365 Assembling: source: 63534, dest: 9740, seq: 1698966309, ack: 29, window: 1448, data: "orrupte ea mel. "...
0.366 Sent: b'\xf8.&\x0ceD+%\x00\x00\x00\x1dP\x00\x05\xa8\x00\x00\x00\x00orrupte ea mel. '...
0.368 Received: b'&\x0c\xf8.\x00\x00\x00\x1ceD0\xcdP\x10\x05\xa8\x00\x00\x00\x00'
0.368 Disassembled: source: 9740, dest: 63534, seq: 28, ack: 1698967757, window: 1448, ACK
0.368 Acknowledged seq: 1698966309
0.369 Assembling: source: 63534, dest: 9740, seq: 1698967757, ack: 29, window: 1448, data: ". Est iracundia "...
0.369 Sent: b'\xf8.&\x0ceD0\xcd\x00\x00\x00\x1dP\x00\x05\xa8\x00\x00\x00\x00. Est iracundia '...
0.371 Received: b'&\x0c\xf8.\x00\x00\x00\x1ceD6uP\x10\x05\xa8\x00\x00\x00\x00'
0.372 Disassembled: source: 9740, dest: 63534, seq: 28, ack: 1698969205, window: 1448, ACK
0.372 Acknowledged seq: 1698967757
0.372 Assembling: source: 63534, dest: 9740, seq: 1698969205, ack: 29, window: 1448, data: "pta probatus scr"...
0.372 Sent: b'\xf8.&\x0ceD6u\x00\x00\x00\x1dP\x00\x05\xa8\x00\x00\x00\x00pta probatus scr'...
0.374 Received: b'&\x0c\xf8.\x00\x00\x00\x1ceD<\x1dP\x10\x05\xa8\x00\x00\x00\x00'
0.375 Disassembled: source: 9740, dest: 63534, seq: 28, ack: 1698970653, window: 1448, ACK
0.375 Acknowledged seq: 1698969205
0.375 Assembling: source: 63534, dest: 9740, seq: 1698970653, ack: 29, window: 1448, data: "entur ei, pro ei"...
0.376 Sent: b'\xf8.&\x0ceD<\x1d\x00\x00\x00\x1dP\x00\x05\xa8\x00\x00\x00\x00entur ei, pro ei'...
0.378 Received: b'&\x0c\xf8.\x00\x00\x00\x1ceDA\xc5P\x10\x05\xa8\x00\x00\x00\x00'
0.378 Disassembled: source: 9740, dest: 63534, seq: 28, ack: 1698972101, window: 1448, ACK
0.378 Acknowledged seq: 1698970653
0.379 Assembling: source: 63534, dest: 9740, seq: 1698972101, ack: 29, window: 1448, data: "simul euismod vi"...
0.379 Sent: b'\xf8.&\x0ceDA\xc5\x00\x00\x00\x1dP\x00\x05\xa8\x00\x00\x00\x00simul euismod vi'...
0.381 Received: b'&\x0c\xf8.\x00\x00\x00\x1ceDGmP\x10\x05\xa8\x00\x00\x00\x00'
0.382 Disassembled: source: 9740, dest: 63534, seq: 28, ack: 1698973549, window: 1448, ACK
0.382 Acknowledged seq: 1698972101
0.382 Assembling: source: 63534, dest: 9740, seq: 1698973549, ack: 29, window: 1448, data: ", eam id iudico "...
0.383 Sent: b'\xf8.&\x0ceDGm\x00\x00\x00\x1dP\x00\x05\xa8\x00\x00\x00\x00, eam id iudico '...
0.385 Received: b'&\x0c\xf8.\x00\x00\x00\x1ceDM\x15P\x10\x05\xa8\x00\x00\x00\x00'
0.385 Disassembled: source: 9740, dest: 63534, seq: 28, ack: 1698974997, window: 1448, ACK
0.385 Acknowledged seq: 1698973549
0.385 Assembling: source: 63534, dest: 9740, seq: 1698974997, ack: 29, window: 1448, data: "m vix. Ea est mu"...
0.386 Sent: b'\xf8.&\x0ceDM\x15\x00\x00\x00\x1dP\x00\x05\xa8\x00\x00\x00\x00m vix. Ea est mu'...
0.388 Received: b'&\x0c\xf8.\x00\x00\x00\x1ceDR\xbdP\x10\x05\xa8\x00\x00\x00\x00'
0.388 Disassembled: source: 9740, dest: 63534, seq: 28, ack: 1698976445, window: 1448, ACK
0.388 Acknowledged seq: 1698974997
0.388 Assembling: source: 63534, dest: 9740, seq: 1698976445, ack: 29, window: 1448, data: "olor sit amet, e"...
0.389 Sent: b'\xf8.&\x0ceDR\xbd\x00\x00\x00\x1dP\x00\x05\xa8\x00\x00\x00\x00olor sit amet, e'...
0.391 Received: b'&\x0c\xf8.\x00\x00\x00\x1ceDXeP\x10\x05\xa8\x00\x00\x00\x00'
0.391 Disassembled: source: 9740, dest: 63534, seq: 28, ack: 1698977893, window: 1448, ACK
0.391 Acknowledged seq: 1698976445
0.391 Assembling: source: 63534, dest: 9740, seq: 1698977893, ack: 29, window: 1448, data: "m, aperiam iudic"...
0.392 Sent: b'\xf8.&\x0ceDXe\x00\x00\x00\x1dP\x00\x05\xa8\x00\x00\x00\x00m, aperiam iudic'...
0.394 Received: b'&\x0c\xf8.\x00\x00\x00\x1ceD^\rP\x10\x05\xa8\x00\x00\x00\x00'
0.394 Disassembled: source: 9740, dest: 63534, seq: 28, ack: 1698979341, window: 1448, ACK
0.394 Acknowledged seq: 1698977893
0.394 Assembling: source: 63534, dest: 9740, seq: 1698979341, ack: 29, window: 1448, data: "re sea. No eos d"...
0.395 Sent: b'\xf8.&\x0ceD^\r\x00\x00\x00\x1dP\x00\x05\xa8\x00\x00\x00\x00re sea. No eos d'...
0.397 Received: b'&\x0c\xf8.\x00\x00\x00\x1ceDc\xb5P\x10\x05\xa8\x00\x00\x00\x00'
0.397 Disassembled: source: 9740, dest: 63534, seq: 28, ack: 1698980789, window: 1448, ACK
0.397 Acknowledged seq: 1698979341
0.397 Assembling: source: 63534, dest: 9740, seq: 1698980789, ack: 29, window: 1448, data: "t scripta philos"...
0.398 Sent: b'\xf8.&\x0ceDc\xb5\x00\x00\x00\x1dP\x00\x05\xa8\x00\x00\x00\x00t scripta philos'...
0.400 Received: b'&\x0c\xf8.\x00\x00\x00\x1ceDi]P\x10\x05\xa8\x00\x00\x00\x00'
0.400 Disassembled: source: 9740, dest: 63534, seq: 28, ack: 1698982237, window: 1448, ACK
0.400 Acknowledged seq: 1698980789
0.400 Assembling: source: 63534, dest: 9740, seq: 1698982237, ack: 29, window: 1448, data: "tos sadipscing e"...
0.401 Sent: b'\xf8.&\x0ceDi]\x00\x00\x00\x1dP\x00\x05\xa8\x00\x00\x00\x00tos sadipscing e'...
0.402 Received: b'&\x0c\xf8.\x00\x00\x00\x1ceDo\x05P\x10\x05\xa8\x00\x00\x00\x00'
0.403 Disassembled: source: 9740, dest: 63534, seq: 28, ack: 1698983685, window: 1448, ACK
0.403 Acknowledged seq: 1698982237
0.403 Assembling: source: 63534, dest: 9740, seq: 1698983685, ack: 29, window: 1448, data: "sapientem ea, ad"...
0.403 Sent: b'\xf8.&\x0ceDo\x05\x00\x00\x00\x1dP\x00\x05\xa8\x00\x00\x00\x00sapientem ea, ad'...
0.405 Received: b'&\x0c\xf8.\x00\x00\x00\x1ceDt\xadP\x10\x05\xa8\x00\x00\x00\x00'
0.405 Disassembled: source: 9740, dest: 63534, seq: 28, ack: 1698985133, window: 1448, ACK
0.406 Acknowledged seq: 1698983685
0.406 Assembling: source: 63534, dest: 9740, seq: 1698985133, ack: 29, window: 1448, data: "g, ei invenire p"...
0.406 Sent: b'\xf8.&\x0ceDt\xad\x00\x00\x00\x1dP\x00\x05\xa8\x00\x00\x00\x00g, ei invenire p'...
0.408 Received: b'&\x0c\xf8.\x00\x00\x00\x1ceDzUP\x10\x05\xa8\x00\x00\x00\x00'
0.408 Disassembled: source: 9740, dest: 63534, seq: 28, ack: 1698986581, window: 1448, ACK
0.408 Acknowledged seq: 1698985133
0.408 Assembling: source: 63534, dest: 9740, seq: 1698986581, ack: 29, window: 1448, data: "endo at. Qui id "...
0.409 Sent: b'\xf8.&\x0ceDzU\x00\x00\x00\x1dP\x00\x05\xa8\x00\x00\x00\x00endo at. Qui id '...
0.411 Received: b'&\x0c\xf8.\x00\x00\x00\x1ceD\x7f\xfdP\x10\x05\xa8\x00\x00\x00\x00'
0.411 Disassembled: source: 9740, dest: 63534, seq: 28, ack: 1698988029, window: 1448, ACK
0.411 Acknowledged seq: 1698986581
0.411 Assembling: source: 63534, dest: 9740, seq: 1698988029, ack: 29, window: 1448, data: "ota nostrum et p"...
0.412 Sent: b'\xf8.&\x0ceD\x7f\xfd\x00\x00\x00\x1dP\x00\x05\xa8\x00\x00\x00\x00ota nostrum et p'...
0.413 Received: b'&\x0c\xf8.\x00\x00\x00\x1ceD\x85\xa5P\x10\x05\xa8\x00\x00\x00\x00'
0.414 Disassembled: source: 9740, dest: 63534, seq: 28, ack: 1698989477, window: 1448, ACK
0.414 Acknowledged seq: 1698988029
0.414 Assembling: source: 63534, dest: 9740, seq: 1698989477, ack: 29, window: 1448, data: "deseruisse id. P"...
0.414 Sent: b'\xf8.&\x0ceD\x85\xa5\x00\x00\x00\x1dP\x00\x05\xa8\x00\x00\x00\x00deseruisse id. P'...
0.416 Received: b'&\x0c\xf8.\x00\x00\x00\x1ceD\x8bMP\x10\x05\xa8\x00\x00\x00\x00'
0.416 Disassembled: source: 9740, dest: 63534, seq: 28, ack: 1698990925, window: 1448, ACK
0.416 Acknowledged seq: 1698989477
0.417 Assembling: source: 63534, dest: 9740, seq: 1698990925, ack: 29, window: 1448, data: "odo munere imper"...
0.417 Sent: b'\xf8.&\x0ceD\x8bM\x00\x00\x00\x1dP\x00\x05\xa8\x00\x00\x00\x00odo munere imper'...
0.419 Received: b'&\x0c\xf8.\x00\x00\x00\x1ceD\x90\xf5P\x10\x05\xa8\x00\x00\x00\x00'
0.419 Disassembled: source: 9740, dest: 63534, seq: 28, ack: 1698992373, window: 1448, ACK
0.419 Acknowledged seq: 1698990925
0.420 Assembling: source: 63534, dest: 9740, seq: 1698992373, ack: 29, window: 1448, data: "cimates cum, tib"...
0.420 Sent: b'\xf8.&\x0ceD\x90\xf5\x00\x00\x00\x1dP\x00\x05\xa8\x00\x00\x00\x00cimates cum, tib'...
0.422 Received: b'&\x0c\xf8.\x00\x00\x00\x1ceD\x96\x9dP\x10\x05\xa8\x00\x00\x00\x00'
0.422 Disassembled: source: 9740, dest: 63534, seq: 28, ack: 1698993821, window: 1448, ACK
0.422 Acknowledged seq: 1698992373
0.422 Assembling: source: 63534, dest: 9740, seq: 1698993821, ack: 29, window: 1448, data: "tiopam molestiae"...
0.423 Sent: b'\xf8.&\x0ceD\x96\x9d\x00\x00\x00\x1dP\x00\x05\xa8\x00\x00\x00\x00tiopam molestiae'...
0.425 Received: b'&\x0c\xf8.\x00\x00\x00\x1ceD\x9cEP\x10\x05\xa8\x00\x00\x00\x00'
0.425 Disassembled: source: 9740, dest: 63534, seq: 28, ack: 1698995269, window: 1448, ACK
0.425 Acknowledged seq: 1698993821
0.425 Assembling: source: 63534, dest: 9740, seq: 1698995269, ack: 29, window: 1448, data: "possim qui no, v"...
0.426 Sent: b'\xf8.&\x0ceD\x9cE\x00\x00\x00\x1dP\x00\x05\xa8\x00\x00\x00\x00possim qui no, v'...
0.428 Received: b'&\x0c\xf8.\x00\x00\x00\x1ceD\xa1\xedP\x10\x05\xa8\x00\x00\x00\x00'
0.428 Disassembled: source: 9740, dest: 63534, seq: 28, ack: 1698996717, window: 1448, ACK
0.428 Acknowledged seq: 1698995269
0.428 Assembling: source: 63534, dest: 9740, seq: 1698996717, ack: 29, window: 1448, data: " ex utinam parti"...
0.429 Sent: b'\xf8.&\x0ceD\xa1\xed\x00\x00\x00\x1dP\x00\x05\xa8\x00\x00\x00\x00 ex utinam parti'...
0.431 Received: b'&\x0c\xf8.\x00\x00\x00\x1ceD\xa7\x95P\x10\x05\xa8\x00\x00\x00\x00'
0.431 Disassembled: source: 9740, dest: 63534, seq: 28, ack: 1698998165, window: 1448, ACK
0.431 Acknowledged seq: 1698996717
0.431 Assembling: source: 63534, dest: 9740, seq: 1698998165, ack: 29, window: 1448, data: "icus in his. Pri"...
0.432 Sent: b'\xf8.&\x0ceD\xa7\x95\x00\x00\x00\x1dP\x00\x05\xa8\x00\x00\x00\x00icus in his. Pri'...
0.434 Received: b'&\x0c\xf8.\x00\x00\x00\x1ceD\xad=P\x10\x05\xa8\x00\x00\x00\x00'
0.434 Disassembled: source: 9740, dest: 63534, seq: 28, ack: 1698999613, window: 1448, ACK
0.434 Acknowledged seq: 1698998165
0.434 Assembling: source: 63534, dest: 9740, seq: 1698999613, ack: 29, window: 1448, data: "iis et.

Ius cu "...
0.435 Sent: b'\xf8.&\x0ceD\xad=\x00\x00\x00\x1dP\x00\x05\xa8\x00\x00\x00\x00iis et.\n\nIus cu '...
0.437 Received: b'&\x0c\xf8.\x00\x00\x00\x1ceD\xb2\xe5P\x10\x05\xa8\x00\x00\x00\x00'
0.437 Disassembled: source: 9740, dest: 63534, seq: 28, ack: 1699001061, window: 1448, ACK
0.437 Acknowledged seq: 1698999613
0.437 Assembling: source: 63534, dest: 9740, seq: 1699001061, ack: 29, window: 1448, data: "e interesset.

T"...
0.438 Sent: b'\xf8.&\x0ceD\xb2\xe5\x00\x00\x00\x1dP\x00\x05\xa8\x00\x00\x00\x00e interesset.\n\nT'...
0.440 Received: b'&\x0c\xf8.\x00\x00\x00\x1ceD\xb8\x8dP\x10\x05\xa8\x00\x00\x00\x00'
0.440 Disassembled: source: 9740, dest: 63534, seq: 28, ack: 1699002509, window: 1448, ACK
0.440 Acknowledged seq: 1699001061
0.441 Assembling: source: 63534, dest: 9740, seq: 1699002509, ack: 29, window: 1448, data: "pro alia volutpa"...
0.441 Sent: b'\xf8.&\x0ceD\xb8\x8d\x00\x00\x00\x1dP\x00\x05\xa8\x00\x00\x00\x00pro alia volutpa'...
0.443 Received: b'&\x0c\xf8.\x00\x00\x00\x1ceD\xbe5P\x10\x05\xa8\x00\x00\x00\x00'
0.443 Disassembled: source: 9740, dest: 63534, seq: 28, ack: 1699003957, window: 1448, ACK
0.443 Acknowledged seq: 1699002509
0.444 Assembling: source: 63534, dest: 9740, seq: 1699003957, ack: 29, window: 1448, data: " libris equidem "...
0.444 Sent: b'\xf8.&\x0ceD\xbe5\x00\x00\x00\x1dP\x00\x05\xa8\x00\x00\x00\x00 libris equidem '...
0.446 Received: b'&\x0c\xf8.\x00\x00\x00\x1ceD\xc3\xddP\x10\x05\xa8\x00\x00\x00\x00'
0.446 Disassembled: source: 9740, dest: 63534, seq: 28, ack: 1699005405, window: 1448, ACK
0.447 Acknowledged seq: 1699003957
0.447 Assembling: source: 63534, dest: 9740, seq: 1699005405, ack: 29, window: 1448, data: "uavitate volupta"...
0.447 Sent: b'\xf8.&\x0ceD\xc3\xdd\x00\x00\x00\x1dP\x00\x05\xa8\x00\x00\x00\x00uavitate volupta'...
0.449 Received: b'&\x0c\xf8.\x00\x00\x00\x1ceD\xc9\x85P\x10\x05\xa8\x00\x00\x00\x00'
0.449 Disassembled: source: 9740, dest: 63534, seq: 28, ack: 1699006853, window: 1448, ACK
0.450 Acknowledged seq: 1699005405
0.450 Assembling: source: 63534, dest: 9740, seq: 1699006853, ack: 29, window: 1448, data: " Detraxit defini"...
0.450 Sent: b'\xf8.&\x0ceD\xc9\x85\x00\x00\x00\x1dP\x00\x05\xa8\x00\x00\x00\x00 Detraxit defini'...
0.452 Received: b'&\x0c\xf8.\x00\x00\x00\x1ceD\xcf-P\x10\x05\xa8\x00\x00\x00\x00'
0.453 Disassembled: source: 9740, dest: 63534, seq: 28, ack: 1699008301, window: 1448, ACK
0.453 Acknowledged seq: 1699006853
0.453 Assembling: source: 63534, dest: 9740, seq: 1699008301, ack: 29, window: 1448, data: "aesent mei. Quo "...
0.453 Sent: b'\xf8.&\x0ceD\xcf-\x00\x00\x00\x1dP\x00\x05\xa8\x00\x00\x00\x00aesent mei. Quo '...
0.455 Received: b'&\x0c\xf8.\x00\x00\x00\x1ceD\xd4\xd5P\x10\x05\xa8\x00\x00\x00\x00'
0.456 Disassembled: source: 9740, dest: 63534, seq: 28, ack: 1699009749, window: 1448, ACK
0.456 Acknowledged seq: 1699008301
0.456 Assembling: source: 63534, dest: 9740, seq: 1699009749, ack: 29, window: 1448, data: "nterpretaris no "...
0.456 Sent: b'\xf8.&\x0ceD\xd4\xd5\x00\x00\x00\x1dP\x00\x05\xa8\x00\x00\x00\x00nterpretaris no '...
0.458 Received: b'&\x0c\xf8.\x00\x00\x00\x1ceD\xda}P\x10\x05\xa8\x00\x00\x00\x00'
0.459 Disassembled: source: 9740, dest: 63534, seq: 28, ack: 1699011197, window: 1448, ACK
0.459 Acknowledged seq: 1699009749
0.459 Assembling: source: 63534, dest: 9740, seq: 1699011197, ack: 29, window: 1448, data: "patrioque has. I"...
0.459 Sent: b'\xf8.&\x0ceD\xda}\x00\x00\x00\x1dP\x00\x05\xa8\x00\x00\x00\x00patrioque has. I'...
0.462 Received: b'&\x0c\xf8.\x00\x00\x00\x1ceD\xe0%P\x10\x05\xa8\x00\x00\x00\x00'
0.462 Disassembled: source: 9740, dest: 63534, seq: 28, ack: 1699012645, window: 1448, ACK
0.462 Acknowledged seq: 1699011197
0.462 Assembling: source: 63534, dest: 9740, seq: 1699012645, ack: 29, window: 1448, data: "ossit repudianda"...
0.463 Sent: b'\xf8.&\x0ceD\xe0%\x00\x00\x00\x1dP\x00\x05\xa8\x00\x00\x00\x00ossit repudianda'...
0.465 Received: b'&\x0c\xf8.\x00\x00\x00\x1ceD\xe5\xcdP\x10\x05\xa8\x00\x00\x00\x00'
0.465 Disassembled: source: 9740, dest: 63534, seq: 28, ack: 1699014093, window: 1448, ACK
0.465 Acknowledged seq: 1699012645
0.466 Assembling: source: 63534, dest: 9740, seq: 1699014093, ack: 29, window: 1448, data: "ora consequuntur"...
0.466 Sent: b'\xf8.&\x0ceD\xe5\xcd\x00\x00\x00\x1dP\x00\x05\xa8\x00\x00\x00\x00ora consequuntur'...
0.468 Received: b'&\x0c\xf8.\x00\x00\x00\x1ceD\xebuP\x10\x05\xa8\x00\x00\x00\x00'
0.468 Disassembled: source: 9740, dest: 63534, seq: 28, ack: 1699015541, window: 1448, ACK
0.469 Acknowledged seq: 1699014093
0.469 Assembling: source: 63534, dest: 9740, seq: 1699015541, ack: 29, window: 1448, data: "ctus conceptam a"...
0.469 Sent: b'\xf8.&\x0ceD\xebu\x00\x00\x00\x1dP\x00\x05\xa8\x00\x00\x00\x00ctus conceptam a'...
0.471 Received: b'&\x0c\xf8.\x00\x00\x00\x1ceD\xf1\x1dP\x10\x05\xa8\x00\x00\x00\x00'
0.471 Disassembled: source: 9740, dest: 63534, seq: 28, ack: 1699016989, window: 1448, ACK
0.471 Acknowledged seq: 1699015541
0.472 Assembling: source: 63534, dest: 9740, seq: 1699016989, ack: 29, window: 1448, data: " aeterno te, ne "...
0.472 Sent: b'\xf8.&\x0ceD\xf1\x1d\x00\x00\x00\x1dP\x00\x05\xa8\x00\x00\x00\x00 aeterno te, ne '...
0.474 Received: b'&\x0c\xf8.\x00\x00\x00\x1ceD\xf6\xc5P\x10\x05\xa8\x00\x00\x00\x00'
0.474 Disassembled: source: 9740, dest: 63534, seq: 28, ack: 1699018437, window: 1448, ACK
0.474 Acknowledged seq: 1699016989
0.475 Assembling: source: 63534, dest: 9740, seq: 1699018437, ack: 29, window: 1448, data: "imis oporteat di"...
0.475 Sent: b'\xf8.&\x0ceD\xf6\xc5\x00\x00\x00\x1dP\x00\x05\xa8\x00\x00\x00\x00imis oporteat di'...
0.477 Received: b'&\x0c\xf8.\x00\x00\x00\x1ceD\xfcmP\x10\x05\xa8\x00\x00\x00\x00'
0.477 Disassembled: source: 9740, dest: 63534, seq: 28, ack: 1699019885, window: 1448, ACK
0.477 Acknowledged seq: 1699018437
0.478 Assembling: source: 63534, dest: 9740, seq: 1699019885, ack: 29, window: 1448, data: "re. Has virtute "...
0.478 Sent: b'\xf8.&\x0ceD\xfcm\x00\x00\x00\x1dP\x00\x05\xa8\x00\x00\x00\x00re. Has virtute '...
0.480 Received: b'&\x0c\xf8.\x00\x00\x00\x1ceE\x02\x15P\x10\x05\xa8\x00\x00\x00\x00'
0.480 Disassembled: source: 9740, dest: 63534, seq: 28, ack: 1699021333, window: 1448, ACK
0.480 Acknowledged seq: 1699019885
0.481 Assembling: source: 63534, dest: 9740, seq: 1699021333, ack: 29, window: 1448, data: " eum ancillae no"...
0.481 Sent: b'\xf8.&\x0ceE\x02\x15\x00\x00\x00\x1dP\x00\x05\xa8\x00\x00\x00\x00 eum ancillae no'...
0.483 Received: b'&\x0c\xf8.\x00\x00\x00\x1ceE\x07\xbdP\x10\x05\xa8\x00\x00\x00\x00'
0.483 Disassembled: source: 9740, dest: 63534, seq: 28, ack: 1699022781, window: 1448, ACK
0.483 Acknowledged seq: 1699021333
0.484 Assembling: source: 63534, dest: 9740, seq: 1699022781, ack: 29, window: 1448, data: "ppareat ius. At "...
0.484 Sent: b'\xf8.&\x0ceE\x07\xbd\x00\x00\x00\x1dP\x00\x05\xa8\x00\x00\x00\x00ppareat ius. At '...
0.486 Received: b'&\x0c\xf8.\x00\x00\x00\x1ceE\reP\x10\x05\xa8\x00\x00\x00\x00'
0.486 Disassembled: source: 9740, dest: 63534, seq: 28, ack: 1699024229, window: 1448, ACK
0.487 Acknowledged seq: 1699022781
0.487 Assembling: source: 63534, dest: 9740, seq: 1699024229, ack: 29, window: 1448, data: ", vero appellant"...
0.487 Sent: b'\xf8.&\x0ceE\re\x00\x00\x00\x1dP\x00\x05\xa8\x00\x00\x00\x00, vero appellant'...
0.489 Received: b'&\x0c\xf8.\x00\x00\x00\x1ceE\x13\rP\x10\x05\xa8\x00\x00\x00\x00'
0.490 Disassembled: source: 9740, dest: 63534, seq: 28, ack: 1699025677, window: 1448, ACK
0.490 Acknowledged seq: 1699024229
0.490 Assembling: source: 63534, dest: 9740, seq: 1699025677, ack: 29, window: 1448, data: "ibo quando copio"...
0.490 Sent: b'\xf8.&\x0ceE\x13\r\x00\x00\x00\x1dP\x00\x05\xa8\x00\x00\x00\x00ibo quando copio'...
0.492 Received: b'&\x0c\xf8.\x00\x00\x00\x1ceE\x18\xb5P\x10\x05\xa8\x00\x00\x00\x00'
0.493 Disassembled: source: 9740, dest: 63534, seq: 28, ack: 1699027125, window: 1448, ACK
0.493 Acknowledged seq: 1699025677
0.493 Assembling: source: 63534, dest: 9740, seq: 1699027125, ack: 29, window: 1448, data: " maluisset. Sit "...
0.494 Sent: b'\xf8.&\x0ceE\x18\xb5\x00\x00\x00\x1dP\x00\x05\xa8\x00\x00\x00\x00 maluisset. Sit '...
0.496 Received: b'&\x0c\xf8.\x00\x00\x00\x1ceE\x1e]P\x10\x05\xa8\x00\x00\x00\x00'
0.496 Disassembled: source: 9740, dest: 63534, seq: 28, ack: 1699028573, window: 1448, ACK
0.496 Acknowledged seq: 1699027125
0.496 Assembling: source: 63534, dest: 9740, seq: 1699028573, ack: 29, window: 1448, data: "e ceteros albuci"...
0.497 Sent: b'\xf8.&\x0ceE\x1e]\x00\x00\x00\x1dP\x00\x05\xa8\x00\x00\x00\x00e ceteros albuci'...
0.499 Received: b'&\x0c\xf8.\x00\x00\x00\x1ceE$\x05P\x10\x05\xa8\x00\x00\x00\x00'
0.499 Disassembled: source: 9740, dest: 63534, seq: 28, ack: 1699030021, window: 1448, ACK
0.500 Acknowledged seq: 1699028573
0.500 Assembling: source: 63534, dest: 9740, seq: 1699030021, ack: 29, window: 1448, data: "complectitur sea"...
0.500 Sent: b'\xf8.&\x0ceE$\x05\x00\x00\x00\x1dP\x00\x05\xa8\x00\x00\x00\x00complectitur sea'...
0.502 Received: b'&\x0c\xf8.\x00\x00\x00\x1ceE)\xadP\x10\x05\xa8\x00\x00\x00\x00'
0.503 Disassembled: source: 9740, dest: 63534, seq: 28, ack: 1699031469, window: 1448, ACK
0.503 Acknowledged seq: 1699030021
0.503 Finished reading file
0.503 Assembling: source: 63534, dest: 9740, seq: 1699031469, ack: 29, window: 1448, data: "tempor ex ius. E"...
0.503 Sent: b'\xf8.&\x0ceE)\xad\x00\x00\x00\x1dP\x00\x05\xa8\x00\x00\x00\x00tempor ex ius. E'...
0.505 Received: b'&\x0c\xf8.\x00\x00\x00\x1ceE*\x0bP\x10\x05\xa8\x00\x00\x00\x00'
0.506 Disassembled: source: 9740, dest: 63534, seq: 28, ack: 1699031563, window: 1448, ACK
0.506 Acknowledged seq: 1699031469
0.506 Assembling: source: 63534, dest: 9740, seq: 1699031563, ack: 29, window: 1448, ACK, FIN
0.507 Sent: b'\xf8.&\x0ceE*\x0b\x00\x00\x00\x1dP\x11\x05\xa8\x00\x00\x00\x00'
0.509 Received: b'&\x0c\xf8.\x00\x00\x00\x1ceE*\x0cP\x10\x05\xa8\x00\x00\x00\x00'
0.509 Disassembled: source: 9740, dest: 63534, seq: 28, ack: 1699031564, window: 1448, ACK
0.509 FIN accepted; sending final packet
0.509 Assembling: source: 63534, dest: 9740, seq: 1699031564, ack: 29, window: 1448, ACK
0.510 Sent: b'\xf8.&\x0ceE*\x0c\x00\x00\x00\x1dP\x10\x05\xa8\x00\x00\x00\x00'
0.510 Closed connection
0.511 Shutting down
