0.000 NEW RUN: Server, TEST: Write_file__Empty
0.204 Received: b',\xe4\xf1e\x00\x00\x00"\x00\x00\x00\x00P\x02\x05\xa8\x00\x00\x00\x00'
0.204 Disassembled: source: 11492, dest: 61797, seq: 34, window: 1448, SYN
0.204 SYN accepted; new connection: 127.0.0.1 on port 11492
0.205 Assembling: source: 61797, dest: 11492, seq: 1700277999, ack: 35, window: 5808, ACK, SYN
0.205 Sent: b'\xf1e,\xe4eX.\xef\x00\x00\x00#P\x12\x16\xb0\x00\x00\x00\x00'
0.209 Received: b',\xe4\xf1e\x00\x00\x00#eX.\xf0P\x10\x16\xb0\x00\x00\x00\x00'
0.209 Disassembled: source: 11492, dest: 61797, seq: 35, ack: 1700278000, window: 5808, ACK
0.209 Assembling: source: 61797, dest: 11492, seq: 1700278000, ack: 35, window: 5808, ACK
0.209 Sent: b'\xf1e,\xe4eX.\xf0\x00\x00\x00#P\x10\x16\xb0\x00\x00\x00\x00'
0.211 Received: b',\xe4\xf1e\x00\x00\x00#eX.\xf0P\x10\x16\xb0\x00\x00\x00\x00'
0.211 Disassembled: source: 11492, dest: 61797, seq: 35, ack: 1700278000, window: 5808, ACK
0.211 Assembling: source: 61797, dest: 11492, seq: 1700278000, ack: 35, window: 5808, ACK
0.212 Sent: b'\xf1e,\xe4eX.\xf0\x00\x00\x00#P\x10\x16\xb0\x00\x00\x00\x00'
0.712 Sent: b'\xf1e,\xe4eX.\xf0\x00\x00\x00#P\x10\x16\xb0\x00\x00\x00\x00'
1.212 Sent: b'\xf1e,\xe4eX.\xf0\x00\x00\x00#P\x10\x16\xb0\x00\x00\x00\x00'
1.713 Sent: b'\xf1e,\xe4eX.\xf0\x00\x00\x00#P\x10\x16\xb0\x00\x00\x00\x00'
2.213 Sent: b'\xf1e,\xe4eX.\xf0\x00\x00\x00#P\x10\x16\xb0\x00\x00\x00\x00'
2.714 Error: Connection timed out
2.714 Closed connection
2.715 Shutting down
