0.000 NEW RUN: Server, TEST: Write_file__Single_packet
0.213 Received: b'<\x17g\xde\x00\x00\x00\\\x00\x00\x00\x00P\x02\x05\xa8\x00\x00\x00\x00'
0.213 Disassembled: source: 15383, dest: 26590, seq: 92, window: 1448, SYN
0.214 SYN accepted; new connection: 127.0.0.1 on port 15383
0.214 Assembling: source: 26590, dest: 15383, seq: 1700819876, ack: 93, window: 5808, ACK, SYN
0.214 Sent: b'g\xde<\x17e`s\xa4\x00\x00\x00]P\x12\x16\xb0\x00\x00\x00\x00'
0.216 Received: b'<\x17g\xde\x00\x00\x00]e`s\xa5P\x10\x16\xb0\x00\x00\x00\x00'
0.216 Disassembled: source: 15383, dest: 26590, seq: 93, ack: 1700819877, window: 5808, ACK
0.216 Assembling: source: 26590, dest: 15383, seq: 1700819877, ack: 93, window: 5808, ACK
0.216 Sent: b'g\xde<\x17e`s\xa5\x00\x00\x00]P\x10\x16\xb0\x00\x00\x00\x00'
0.217 Received: b'<\x17g\xde\x00\x00\x00]e`s\xa5P\x10\x16\xb0\x00\x00\x00\x00This file fits i'...
0.217 Disassembled: source: 15383, dest: 26590, seq: 93, ack: 1700819877, window: 5808, ACK, data: "This file fits i"...
0.217 Handshake complete
0.217 Data accepted; writing to file
0.217 Assembling: source: 26590, dest: 15383, seq: 1700819877, ack: 136, window: 5808, ACK
0.218 Sent: b'g\xde<\x17e`s\xa5\x00\x00\x00\x88P\x10\x16\xb0\x00\x00\x00\x00'
0.218 Received: b'<\x17g\xde\x00\x00\x00]e`s\xa5P\x10\x16\xb0\x00\x00\x00\x00This file fits i'...
0.219 Disassembled: source: 15383, dest: 26590, seq: 93, ack: 1700819877, window: 5808, ACK, data: "This file fits i"...
0.219 Old data; ignoring
0.718 Sent: b'g\xde<\x17e`s\xa5\x00\x00\x00\x88P\x10\x16\xb0\x00\x00\x00\x00'
1.218 Sent: b'g\xde<\x17e`s\xa5\x00\x00\x00\x88P\x10\x16\xb0\x00\x00\x00\x00'
1.719 Sent: b'g\xde<\x17e`s\xa5\x00\x00\x00\x88P\x10\x16\xb0\x00\x00\x00\x00'
2.219 Sent: b'g\xde<\x17e`s\xa5\x00\x00\x00\x88P\x10\x16\xb0\x00\x00\x00\x00'
2.720 Error: Connection timed out
2.720 Closed connection
2.721 Shutting down
