0.000 NEW RUN: Server, TEST: Write_file__Relaxed
0.216 Received: b'\xb7[4:\x00\x00\x00\x02\x00\x00\x00\x00P\x02\x05\xa8\x00\x00\x00\x00'
0.217 Disassembled: source: 46939, dest: 13370, seq: 2, window: 1448, SYN
0.217 SYN accepted; new connection: 127.0.0.1 on port 46939
0.217 Assembling: source: 13370, dest: 46939, seq: 1696271969, ack: 3, window: 5808, ACK, SYN
0.218 Sent: b'4:\xb7[e\x1b\x0ea\x00\x00\x00\x03P\x12\x16\xb0\x00\x00\x00\x00'
0.220 Received: b'\xb7[4:\x00\x00\x00\x03e\x1b\x0ebP\x10\x16\xb0\x00\x00\x00\x00'
0.220 Disassembled: source: 46939, dest: 13370, seq: 3, ack: 1696271970, window: 5808, ACK
0.220 Assembling: source: 13370, dest: 46939, seq: 1696271970, ack: 3, window: 5808, ACK
0.220 Sent: b'4:\xb7[e\x1b\x0eb\x00\x00\x00\x03P\x10\x16\xb0\x00\x00\x00\x00'
0.221 Received: b'\xb7[4:\x00\x00\x00\x03e\x1b\x0ebP\x10\x16\xb0\x00\x00\x00\x00'
0.222 Disassembled: source: 46939, dest: 13370, seq: 3, ack: 1696271970, window: 5808, ACK
0.222 Assembling: source: 13370, dest: 46939, seq: 1696271970, ack: 3, window: 5808, ACK
0.222 Sent: b'4:\xb7[e\x1b\x0eb\x00\x00\x00\x03P\x10\x16\xb0\x00\x00\x00\x00'
0.722 Sent: b'4:\xb7[e\x1b\x0eb\x00\x00\x00\x03P\x10\x16\xb0\x00\x00\x00\x00'
1.223 Sent: b'4:\xb7[e\x1b\x0eb\x00\x00\x00\x03P\x10\x16\xb0\x00\x00\x00\x00'
1.723 Sent: b'4:\xb7[e\x1b\x0eb\x00\x00\x00\x03P\x10\x16\xb0\x00\x00\x00\x00'
2.223 Sent: b'4:\xb7[e\x1b\x0eb\x00\x00\x00\x03P\x10\x16\xb0\x00\x00\x00\x00'
2.724 Error: Connection timed out
2.724 Closed connection
2.729 Shutting down
