0.000 NEW RUN: Server, TEST: Read_file__Large_multi-packet
0.212 Received: b'C\xe9\xbb\xbb\x00\x00\x005\x00\x00\x00\x00P\x02\x05\xa8\x00\x00\x00\x00'
0.213 Disassembled: source: 17385, dest: 48059, seq: 53, window: 1448, SYN
0.213 SYN accepted; new connection: 127.0.0.1 on port 17385
0.213 Assembling: source: 48059, dest: 17385, seq: 215802842, ack: 54, window: 1448, ACK, SYN
0.214 Sent: b'\xbb\xbbC\xe9\x0c\xdc\xe3\xda\x00\x00\x006P\x12\x05\xa8\x00\x00\x00\x00'
0.215 Received: b'C\xe9\xbb\xbb\x00\x00\x006\x0c\xdc\xe3\xdbP\x10\x05\xa8\x00\x00\x00\x00'
0.215 Disassembled: source: 17385, dest: 48059, seq: 54, ack: 215802843, window: 1448, ACK
0.215 Handshake complete
0.215 Acknowledged seq: 215802842
0.216 Assembling: source: 48059, dest: 17385, seq: 215802843, ack: 55, window: 1448, data: "Lorem ipsum dolo"...
0.216 Sent: b'\xbb\xbbC\xe9\x0c\xdc\xe3\xdb\x00\x00\x007P\x00\x05\xa8\x00\x00\x00\x00Lorem ipsum dolo'...
0.218 Received: b'C\xe9\xbb\xbb\x00\x00\x007\x0c\xdc\xe9\x83P\x10\x05\xa8\x00\x00\x00\x00'
0.218 Disassembled: source: 17385, dest: 48059, seq: 55, ack: 215804291, window: 1448, ACK
0.218 Acknowledged seq: 215802843
0.218 Assembling: source: 48059, dest: 17385, seq: 215804291, ack: 56, window: 1448, data: "mprehensam nam, "...
0.218 Sent: b'\xbb\xbbC\xe9\x0c\xdc\xe9\x83\x00\x00\x008P\x00\x05\xa8\x00\x00\x00\x00mprehensam nam, '...
0.220 Received: b'C\xe9\xbb\xbb\x00\x00\x008\x0c\xdc\xef+P\x10\x05\xa8\x00\x00\x00\x00'
0.221 Disassembled: source: 17385, dest: 48059, seq: 56, ack: 215805739, window: 1448, ACK
0.221 Acknowledged seq: 215804291
0.221 Assembling: source: 48059, dest: 17385, seq: 215805739, ack: 57, window: 1448, data: "ilisi repudiare "...
0.221 Sent: b'\xbb\xbbC\xe9\x0c\xdc\xef+\x00\x00\x009P\x00\x05\xa8\x00\x00\x00\x00ilisi repudiare '...
0.223 Received: b'C\xe9\xbb\xbb\x00\x00\x009\x0c\xdc\xf4\xd3P\x10\x05\xa8\x00\x00\x00\x00'
0.223 Disassembled: source: 17385, dest: 48059, seq: 57, ack: 215807187, window: 1448, ACK
0.223 Acknowledged seq: 215805739
0.224 Assembling: source: 48059, dest: 17385, seq: 215807187, ack: 58, window: 1448, data: "ta.

Et essent s"...
0.224 Sent: b'\xbb\xbbC\xe9\x0c\xdc\xf4\xd3\x00\x00\x00:P\x00\x05\xa8\x00\x00\x00\x00ta.\n\nEt essent s'...
0.226 Received: b'C\xe9\xbb\xbb\x00\x00\x00:\x0c\xdc\xfa{P\x10\x05\xa8\x00\x00\x00\x00'
0.226 Disassembled: source: 17385, dest: 48059, seq: 58, ack: 215808635, window: 1448, ACK
0.226 Acknowledged seq: 215807187
0.226 Assembling: source: 48059, dest: 17385, seq: 215808635, ack: 59, window: 1448, data: " Nihil tractatos"...
0.227 Sent: b'\xbb\xbbC\xe9\x0c\xdc\xfa{\x00\x00\x00;P\x00\x05\xa8\x00\x00\x00\x00 Nihil tractatos'...
0.228 Received: b'C\xe9\xbb\xbb\x00\x00\x00;\x0c\xdd\x00#P\x10\x05\xa8\x00\x00\x00\x00'
0.228 Disassembled: source: 17385, dest: 48059, seq: 59, ack: 215810083, window: 1448, ACK
0.228 Acknowledged seq: 215808635
0.229 Assembling: source: 48059, dest: 17385, seq: 215810083, ack: 60, window: 1448, data: "fert iuvaret sap"...
0.229 Sent: b'\xbb\xbbC\xe9\x0c\xdd\x00#\x00\x00\x00<P\x00\x05\xa8\x00\x00\x00\x00fert iuvaret sap'...
0.230 Received: b'C\xe9\xbb\xbb\x00\x00\x00<\x0c\xdd\x05\xcbP\x10\x05\xa8\x00\x00\x00\x00'
0.231 Disassembled: source: 17385, dest: 48059, seq: 60, ack: 215811531, window: 1448, ACK
0.231 Acknowledged seq: 215810083
0.231 Assembling: source: 48059, dest: 17385, seq: 215811531, ack: 61, window: 1448, data: "ram adipiscing, "...
0.231 Sent: b'\xbb\xbbC\xe9\x0c\xdd\x05\xcb\x00\x00\x00=P\x00\x05\xa8\x00\x00\x00\x00ram adipiscing, '...
0.233 Received: b'C\xe9\xbb\xbb\x00\x00\x00=\x0c\xdd\x0bsP\x10\x05\xa8\x00\x00\x00\x00'
0.233 Disassembled: source: 17385, dest: 48059, seq: 61, ack: 215812979, window: 1448, ACK
0.233 Acknowledged seq: 215811531
0.234 Assembling: source: 48059, dest: 17385, seq: 215812979, ack: 62, window: 1448, data: "m veritus vivend"...
0.234 Sent: b'\xbb\xbbC\xe9\x0c\xdd\x0bs\x00\x00\x00>P\x00\x05\xa8\x00\x00\x00\x00m veritus vivend'...
0.235 Received: b'C\xe9\xbb\xbb\x00\x00\x00>\x0c\xdd\x11\x1bP\x10\x05\xa8\x00\x00\x00\x00'
0.236 Disassembled: source: 17385, dest: 48059, seq: 62, ack: 215814427, window: 1448, ACK
0.236 Acknowledged seq: 215812979
0.236 Assembling: source: 48059, dest: 17385, seq: 215814427, ack: 63, window: 1448, data: " delenit, ignota"...
0.237 Sent: b'\xbb\xbbC\xe9\x0c\xdd\x11\x1b\x00\x00\x00?P\x00\x05\xa8\x00\x00\x00\x00 delenit, ignota'...
0.238 Received: b'C\xe9\xbb\xbb\x00\x00\x00?\x0c\xdd\x16\xc3P\x10\x05\xa8\x00\x00\x00\x00'
0.238 Disassembled: source: 17385, dest: 48059, seq: 63, ack: 215815875, window: 1448, ACK
0.239 Acknowledged seq: 215814427
0.239 Assembling: source: 48059, dest: 17385, seq: 215815875, ack: 64, window: 1448, data: "se explicari des"...
0.239 Sent: b'\xbb\xbbC\xe9\x0c\xdd\x16\xc3\x00\x00\x00@P\x00\x05\xa8\x00\x00\x00\x00se explicari des'...
0.241 Received: b'C\xe9\xbb\xbb\x00\x00\x00@\x0c\xdd\x1ckP\x10\x05\xa8\x00\x00\x00\x00'
0.241 Disassembled: source: 17385, dest: 48059, seq: 64, ack: 215817323, window: 1448, ACK
0.241 Acknowledged seq: 215815875
0.241 Assembling: source: 48059, dest: 17385, seq: 215817323, ack: 65, window: 1448, data: "piscing, in modo"...
0.242 Sent: b'\xbb\xbbC\xe9\x0c\xdd\x1ck\x00\x00\x00AP\x00\x05\xa8\x00\x00\x00\x00piscing, in modo'...
0.243 Received: b'C\xe9\xbb\xbb\x00\x00\x00A\x0c\xdd"\x13P\x10\x05\xa8\x00\x00\x00\x00'
0.244 Disassembled: source: 17385, dest: 48059, seq: 65, ack: 215818771, window: 1448, ACK
0.244 Acknowledged seq: 215817323
0.244 Assembling: source: 48059, dest: 17385, seq: 215818771, ack: 66, window: 1448, data: "o copiosae tacim"...
0.244 Sent: b'\xbb\xbbC\xe9\x0c\xdd"\x13\x00\x00\x00BP\x00\x05\xa8\x00\x00\x00\x00o copiosae tacim'...
0.246 Received: b"C\xe9\xbb\xbb\x00\x00\x00B\x0c\xdd'\xbbP\x10\x05\xa8\x00\x00\x00\x00"
0.246 Disassembled: source: 17385, dest: 48059, seq: 66, ack: 215820219, window: 1448, ACK
0.246 Acknowledged seq: 215818771
0.247 Assembling: source: 48059, dest: 17385, seq: 215820219, ack: 67, window: 1448, data: "am. Pri ne antio"...
0.247 Sent: b"\xbb\xbbC\xe9\x0c\xdd'\xbb\x00\x00\x00CP\x00\x05\xa8\x00\x00\x00\x00am. Pri ne antio"...
0.248 Received: b'C\xe9\xbb\xbb\x00\x00\x00C\x0c\xdd-cP\x10\x05\xa8\x00\x00\x00\x00'
0.249 Disassembled: source: 17385, dest: 48059, seq: 67, ack: 215821667, window: 1448, ACK
0.249 Acknowledged seq: 215820219
0.249 Assembling: source: 48059, dest: 17385, seq: 215821667, ack: 68, window: 1448, data: "to no. Elitr pos"...
0.250 Sent: b'\xbb\xbbC\xe9\x0c\xdd-c\x00\x00\x00DP\x00\x05\xa8\x00\x00\x00\x00to no. Elitr pos'...
0.251 Received: b'C\xe9\xbb\xbb\x00\x00\x00D\x0c\xdd3\x0bP\x10\x05\xa8\x00\x00\x00\x00'
0.251 Disassembled: source: 17385, dest: 48059, seq: 68, ack: 215823115, window: 1448, ACK
0.252 Acknowledged seq: 215821667
0.252 Assembling: source: 48059, dest: 17385, seq: 215823115, ack: 69, window: 1448, data: "pretaris, sea ex"...
0.252 Sent: b'\xbb\xbbC\xe9\x0c\xdd3\x0b\x00\x00\x00EP\x00\x05\xa8\x00\x00\x00\x00pretaris, sea ex'...
0.254 Received: b'C\xe9\xbb\xbb\x00\x00\x00E\x0c\xdd8\xb3P\x10\x05\xa8\x00\x00\x00\x00'
0.254 Disassembled: source: 17385, dest: 48059, seq: 69, ack: 215824563, window: 1448, ACK
0.254 Acknowledged seq: 215823115
0.255 Assembling: source: 48059, dest: 17385, seq: 215824563, ack: 70, window: 1448, data: "oporteat inimicu"...
0.255 Sent: b'\xbb\xbbC\xe9\x0c\xdd8\xb3\x00\x00\x00FP\x00\x05\xa8\x00\x00\x00\x00oporteat inimicu'...
0.257 Received: b'C\xe9\xbb\xbb\x00\x00\x00F\x0c\xdd>[P\x10\x05\xa8\x00\x00\x00\x00'
0.257 Disassembled: source: 17385, dest: 48059, seq: 70, ack: 215826011, window: 1448, ACK
0.257 Acknowledged seq: 215824563
0.257 Assembling: source: 48059, dest: 17385, seq: 215826011, ack: 71, window: 1448, data: "ligendi officiis"...
0.258 Sent: b'\xbb\xbbC\xe9\x0c\xdd>[\x00\x00\x00GP\x00\x05\xa8\x00\x00\x00\x00ligendi officiis'...
0.259 Received: b'C\xe9\xbb\xbb\x00\x00\x00G\x0c\xddD\x03P\x10\x05\xa8\x00\x00\x00\x00'
0.260 Disassembled: source: 17385, dest: 48059, seq: 71, ack: 215827459, window: 1448, ACK
0.260 Acknowledged seq: 215826011
0.260 Assembling: source: 48059, dest: 17385, seq: 215827459, ack: 72, window: 1448, data: "no vel regione i"...
0.261 Sent: b'\xbb\xbbC\xe9\x0c\xddD\x03\x00\x00\x00HP\x00\x05\xa8\x00\x00\x00\x00no vel regione i'...
0.262 Received: b'C\xe9\xbb\xbb\x00\x00\x00H\x0c\xddI\xabP\x10\x05\xa8\x00\x00\x00\x00'
0.263 Disassembled: source: 17385, dest: 48059, seq: 72, ack: 215828907, window: 1448, ACK
0.263 Acknowledged seq: 215827459
0.263 Assembling: source: 48059, dest: 17385, seq: 215828907, ack: 73, window: 1448, data: "ibus vis ex, pro"...
0.264 Sent: b'\xbb\xbbC\xe9\x0c\xddI\xab\x00\x00\x00IP\x00\x05\xa8\x00\x00\x00\x00ibus vis ex, pro'...
0.266 Received: b'C\xe9\xbb\xbb\x00\x00\x00I\x0c\xddOSP\x10\x05\xa8\x00\x00\x00\x00'
0.266 Disassembled: source: 17385, dest: 48059, seq: 73, ack: 215830355, window: 1448, ACK
0.266 Acknowledged seq: 215828907
0.266 Assembling: source: 48059, dest: 17385, seq: 215830355, ack: 74, window: 1448, data: "o vix, mel ea li"...
0.267 Sent: b'\xbb\xbbC\xe9\x0c\xddOS\x00\x00\x00JP\x00\x05\xa8\x00\x00\x00\x00o vix, mel ea li'...
0.269 Received: b'C\xe9\xbb\xbb\x00\x00\x00J\x0c\xddT\xfbP\x10\x05\xa8\x00\x00\x00\x00'
0.269 Disassembled: source: 17385, dest: 48059, seq: 74, ack: 215831803, window: 1448, ACK
0.269 Acknowledged seq: 215830355
0.269 Assembling: source: 48059, dest: 17385, seq: 215831803, ack: 75, window: 1448, data: "d. Ex fugit suav"...
0.270 Sent: b'\xbb\xbbC\xe9\x0c\xddT\xfb\x00\x00\x00KP\x00\x05\xa8\x00\x00\x00\x00d. Ex fugit suav'...
0.272 Received: b'C\xe9\xbb\xbb\x00\x00\x00K\x0c\xddZ\xa3P\x10\x05\xa8\x00\x00\x00\x00'
0.272 Disassembled: source: 17385, dest: 48059, seq: 75, ack: 215833251, window: 1448, ACK
0.272 Acknowledged seq: 215831803
0.273 Assembling: source: 48059, dest: 17385, seq: 215833251, ack: 76, window: 1448, data: "pertinax nec. De"...
0.273 Sent: b'\xbb\xbbC\xe9\x0c\xddZ\xa3\x00\x00\x00LP\x00\x05\xa8\x00\x00\x00\x00pertinax nec. De'...
0.275 Received: b'C\xe9\xbb\xbb\x00\x00\x00L\x0c\xdd`KP\x10\x05\xa8\x00\x00\x00\x00'
0.275 Disassembled: source: 17385, dest: 48059, seq: 76, ack: 215834699, window: 1448, ACK
0.276 Acknowledged seq: 215833251
0.276 Assembling: source: 48059, dest: 17385, seq: 215834699, ack: 77, window: 1448, data: "lli primis praes"...
0.276 Sent: b'\xbb\xbbC\xe9\x0c\xdd`K\x00\x00\x00MP\x00\x05\xa8\x00\x00\x00\x00lli primis praes'...
0.278 Received: b'C\xe9\xbb\xbb\x00\x00\x00M\x0c\xdde\xf3P\x10\x05\xa8\x00\x00\x00\x00'
0.279 Disassembled: source: 17385, dest: 48059, seq: 77, ack: 215836147, window: 1448, ACK
0.279 Acknowledged seq: 215834699
0.279 Assembling: source: 48059, dest: 17385, seq: 215836147, ack: 78, window: 1448, data: "m, percipit inte"...
0.280 Sent: b'\xbb\xbbC\xe9\x0c\xdde\xf3\x00\x00\x00NP\x00\x05\xa8\x00\x00\x00\x00m, percipit inte'...
0.281 Received: b'C\xe9\xbb\xbb\x00\x00\x00N\x0c\xddk\x9bP\x10\x05\xa8\x00\x00\x00\x00'
0.282 Disassembled: source: 17385, dest: 48059, seq: 78, ack: 215837595, window: 1448, ACK
0.282 Acknowledged seq: 215836147
0.282 Assembling: source: 48059, dest: 17385, seq: 215837595, ack: 79, window: 1448, data: "nani docendi pat"...
0.283 Sent: b'\xbb\xbbC\xe9\x0c\xddk\x9b\x00\x00\x00OP\x00\x05\xa8\x00\x00\x00\x00nani docendi pat'...
0.285 Received: b'C\xe9\xbb\xbb\x00\x00\x00O\x0c\xddqCP\x10\x05\xa8\x00\x00\x00\x00'
0.285 Disassembled: source: 17385, dest: 48059, seq: 79, ack: 215839043, window: 1448, ACK
0.285 Acknowledged seq: 215837595
0.286 Assembling: source: 48059, dest: 17385, seq: 215839043, ack: 80, window: 1448, data: " vis decore poss"...
0.286 Sent: b'\xbb\xbbC\xe9\x0c\xddqC\x00\x00\x00PP\x00\x05\xa8\x00\x00\x00\x00 vis decore poss'...
0.288 Received: b'C\xe9\xbb\xbb\x00\x00\x00P\x0c\xddv\xebP\x10\x05\xa8\x00\x00\x00\x00'
0.288 Disassembled: source: 17385, dest: 48059, seq: 80, ack: 215840491, window: 1448, ACK
0.289 Acknowledged seq: 215839043
0.289 Assembling: source: 48059, dest: 17385, seq: 215840491, ack: 81, window: 1448, data: "eam odio corpora"...
0.289 Sent: b'\xbb\xbbC\xe9\x0c\xddv\xeb\x00\x00\x00QP\x00\x05\xa8\x00\x00\x00\x00eam odio corpora'...
0.291 Received: b'C\xe9\xbb\xbb\x00\x00\x00Q\x0c\xdd|\x93P\x10\x05\xa8\x00\x00\x00\x00'
0.292 Disassembled: source: 17385, dest: 48059, seq: 81, ack: 215841939, window: 1448, ACK
0.292 Acknowledged seq: 215840491
0.292 Assembling: source: 48059, dest: 17385, seq: 215841939, ack: 82, window: 1448, data: " est. Usu sanctu"...
0.293 Sent: b'\xbb\xbbC\xe9\x0c\xdd|\x93\x00\x00\x00RP\x00\x05\xa8\x00\x00\x00\x00 est. Usu sanctu'...
0.294 Received: b'C\xe9\xbb\xbb\x00\x00\x00R\x0c\xdd\x82;P\x10\x05\xa8\x00\x00\x00\x00'
0.295 Disassembled: source: 17385, dest: 48059, seq: 82, ack: 215843387, window: 1448, ACK
0.295 Acknowledged seq: 215841939
0.295 Assembling: source: 48059, dest: 17385, seq: 215843387, ack: 83, window: 1448, data: ".

Mei graeco ae"...
0.296 Sent: b'\xbb\xbbC\xe9\x0c\xdd\x82;\x00\x00\x00SP\x00\x05\xa8\x00\x00\x00\x00.\n\nMei graeco ae'...
0.298 Received: b'C\xe9\xbb\xbb\x00\x00\x00S\x0c\xdd\x87\xe3P\x10\x05\xa8\x00\x00\x00\x00'
0.298 Disassembled: source: 17385, dest: 48059, seq: 83, ack: 215844835, window: 1448, ACK
0.298 Acknowledged seq: 215843387
0.299 Assembling: source: 48059, dest: 17385, seq: 215844835, ack: 84, window: 1448, data: "et. Ne sea primi"...
0.299 Sent: b'\xbb\xbbC\xe9\x0c\xdd\x87\xe3\x00\x00\x00TP\x00\x05\xa8\x00\x00\x00\x00et. Ne sea primi'...
0.301 Received: b'C\xe9\xbb\xbb\x00\x00\x00T\x0c\xdd\x8d\x8bP\x10\x05\xa8\x00\x00\x00\x00'
0.301 Disassembled: source: 17385, dest: 48059, seq: 84, ack: 215846283, window: 1448, ACK
0.302 Acknowledged seq: 215844835
0.302 Assembling: source: 48059, dest: 17385, seq: 215846283, ack: 85, window: 1448, data: "ittam convenire."...
0.302 Sent: b'\xbb\xbbC\xe9\x0c\xdd\x8d\x8b\x00\x00\x00UP\x00\x05\xa8\x00\x00\x00\x00ittam convenire.'...
0.304 Received: b'C\xe9\xbb\xbb\x00\x00\x00U\x0c\xdd\x933P\x10\x05\xa8\x00\x00\x00\x00'
0.305 Disassembled: source: 17385, dest: 48059, seq: 85, ack: 215847731, window: 1448, ACK
0.305 Acknowledged seq: 215846283
0.305 Assembling: source: 48059, dest: 17385, seq: 215847731, ack: 86, window: 1448, data: "ua et vis, id eu"...
0.306 Sent: b'\xbb\xbbC\xe9\x0c\xdd\x933\x00\x00\x00VP\x00\x05\xa8\x00\x00\x00\x00ua et vis, id eu'...
0.307 Received: b'C\xe9\xbb\xbb\x00\x00\x00V\x0c\xdd\x98\xdbP\x10\x05\xa8\x00\x00\x00\x00'
0.308 Disassembled: source: 17385, dest: 48059, seq: 86, ack: 215849179, window: 1448, ACK
0.308 Acknowledged seq: 215847731
0.308 Assembling: source: 48059, dest: 17385, seq: 215849179, ack: 87, window: 1448, data: "r. Et velit appa"...
0.309 Sent: b'\xbb\xbbC\xe9\x0c\xdd\x98\xdb\x00\x00\x00WP\x00\x05\xa8\x00\x00\x00\x00r. Et velit appa'...
0.311 Received: b'C\xe9\xbb\xbb\x00\x00\x00W\x0c\xdd\x9e\x83P\x10\x05\xa8\x00\x00\x00\x00'
0.311 Disassembled: source: 17385, dest: 48059, seq: 87, ack: 215850627, window: 1448, ACK
0.311 Acknowledged seq: 215849179
0.312 Assembling: source: 48059, dest: 17385, seq: 215850627, ack: 88, window: 1448, data: " novum laudem, v"...
0.312 Sent: b'\xbb\xbbC\xe9\x0c\xdd\x9e\x83\x00\x00\x00XP\x00\x05\xa8\x00\x00\x00\x00 novum laudem, v'...
0.314 Received: b'C\xe9\xbb\xbb\x00\x00\x00X\x0c\xdd\xa4+P\x10\x05\xa8\x00\x00\x00\x00'
0.314 Disassembled: source: 17385, dest: 48059, seq: 88, ack: 215852075, window: 1448, ACK
0.315 Acknowledged seq: 215850627
0.315 Assembling: source: 48059, dest: 17385, seq: 215852075, ack: 89, window: 1448, data: "luptatibus, cibo"...
0.315 Sent: b'\xbb\xbbC\xe9\x0c\xdd\xa4+\x00\x00\x00YP\x00\x05\xa8\x00\x00\x00\x00luptatibus, cibo'...
0.317 Received: b'C\xe9\xbb\xbb\x00\x00\x00Y\x0c\xdd\xa9\xd3P\x10\x05\xa8\x00\x00\x00\x00'
0.318 Disassembled: source: 17385, dest: 48059, seq: 89, ack: 215853523, window: 1448, ACK
0.318 Acknowledged seq: 215852075
0.318 Assembling: source: 48059, dest: 17385, seq: 215853523, ack: 90, window: 1448, data: "alii indoctum ma"...
0.319 Sent: b'\xbb\xbbC\xe9\x0c\xdd\xa9\xd3\x00\x00\x00ZP\x00\x05\xa8\x00\x00\x00\x00alii indoctum ma'...
0.320 Received: b'C\xe9\xbb\xbb\x00\x00\x00Z\x0c\xdd\xaf{P\x10\x05\xa8\x00\x00\x00\x00'
0.321 Disassembled: source: 17385, dest: 48059, seq: 90, ack: 215854971, window: 1448, ACK
0.321 Acknowledged seq: 215853523
0.321 Assembling: source: 48059, dest: 17385, seq: 215854971, ack: 91, window: 1448, data: "im, his facete c"...
0.322 Sent: b'\xbb\xbbC\xe9\x0c\xdd\xaf{\x00\x00\x00[P\x00\x05\xa8\x00\x00\x00\x00im, his facete c'...
0.324 Received: b'C\xe9\xbb\xbb\x00\x00\x00[\x0c\xdd\xb5#P\x10\x05\xa8\x00\x00\x00\x00'
0.324 Disassembled: source: 17385, dest: 48059, seq: 91, ack: 215856419, window: 1448, ACK
0.324 Acknowledged seq: 215854971
0.325 Assembling: source: 48059, dest: 17385, seq: 215856419, ack: 92, window: 1448, data: "e alia dolor com"...
0.325 Sent: b'\xbb\xbbC\xe9\x0c\xdd\xb5#\x00\x00\x00\\P\x00\x05\xa8\x00\x00\x00\x00e alia dolor com'...
0.327 Received: b'C\xe9\xbb\xbb\x00\x00\x00\\\x0c\xdd\xba\xcbP\x10\x05\xa8\x00\x00\x00\x00'
0.328 Disassembled: source: 17385, dest: 48059, seq: 92, ack: 215857867, window: 1448, ACK
0.328 Acknowledged seq: 215856419
0.328 Assembling: source: 48059, dest: 17385, seq: 215857867, ack: 93, window: 1448, data: "it ea, reque tem"...
0.328 Sent: b'\xbb\xbbC\xe9\x0c\xdd\xba\xcb\x00\x00\x00]P\x00\x05\xa8\x00\x00\x00\x00it ea, reque tem'...
0.331 Received: b'C\xe9\xbb\xbb\x00\x00\x00]\x0c\xdd\xc0sP\x10\x05\xa8\x00\x00\x00\x00'
0.331 Disassembled: source: 17385, dest: 48059, seq: 93, ack: 215859315, window: 1448, ACK
0.331 Acknowledged seq: 215857867
0.331 Assembling: source: 48059, dest: 17385, seq: 215859315, ack: 94, window: 1448, data: "alisque.

Equide"...
0.332 Sent: b'\xbb\xbbC\xe9\x0c\xdd\xc0s\x00\x00\x00^P\x00\x05\xa8\x00\x00\x00\x00alisque.\n\nEquide'...
0.334 Received: b'C\xe9\xbb\xbb\x00\x00\x00^\x0c\xdd\xc6\x1bP\x10\x05\xa8\x00\x00\x00\x00'
0.335 Disassembled: source: 17385, dest: 48059, seq: 94, ack: 215860763, window: 1448, ACK
0.335 Acknowledged seq: 215859315
0.335 Assembling: source: 48059, dest: 17385, seq: 215860763, ack: 95, window: 1448, data: "finitiones, affe"...
0.335 Sent: b'\xbb\xbbC\xe9\x0c\xdd\xc6\x1b\x00\x00\x00_P\x00\x05\xa8\x00\x00\x00\x00finitiones, affe'...
0.338 Received: b'C\xe9\xbb\xbb\x00\x00\x00_\x0c\xdd\xcb\xc3P\x10\x05\xa8\x00\x00\x00\x00'
0.338 Disassembled: source: 17385, dest: 48059, seq: 95, ack: 215862211, window: 1448, ACK
0.338 Acknowledged seq: 215860763
0.338 Assembling: source: 48059, dest: 17385, seq: 215862211, ack: 96, window: 1448, data: "his duis graeco "...
0.339 Sent: b'\xbb\xbbC\xe9\x0c\xdd\xcb\xc3\x00\x00\x00`P\x00\x05\xa8\x00\x00\x00\x00his duis graeco '...
0.340 Received: b'C\xe9\xbb\xbb\x00\x00\x00`\x0c\xdd\xd1kP\x10\x05\xa8\x00\x00\x00\x00'
0.341 Disassembled: source: 17385, dest: 48059, seq: 96, ack: 215863659, window: 1448, ACK
0.341 Acknowledged seq: 215862211
0.341 Assembling: source: 48059, dest: 17385, seq: 215863659, ack: 97, window: 1448, data: "am. Alia possit "...
0.341 Sent: b'\xbb\xbbC\xe9\x0c\xdd\xd1k\x00\x00\x00aP\x00\x05\xa8\x00\x00\x00\x00am. Alia possit '...
0.343 Received: b'C\xe9\xbb\xbb\x00\x00\x00a\x0c\xdd\xd7\x13P\x10\x05\xa8\x00\x00\x00\x00'
0.344 Disassembled: source: 17385, dest: 48059, seq: 97, ack: 215865107, window: 1448, ACK
0.344 Acknowledged seq: 215863659
0.344 Assembling: source: 48059, dest: 17385, seq: 215865107, ack: 98, window: 1448, data: "cum an. Mei faci"...
0.344 Sent: b'\xbb\xbbC\xe9\x0c\xdd\xd7\x13\x00\x00\x00bP\x00\x05\xa8\x00\x00\x00\x00cum an. Mei faci'...
0.346 Received: b'C\xe9\xbb\xbb\x00\x00\x00b\x0c\xdd\xdc\xbbP\x10\x05\xa8\x00\x00\x00\x00'
0.346 Disassembled: source: 17385, dest: 48059, seq: 98, ack: 215866555, window: 1448, ACK
0.347 Acknowledged seq: 215865107
0.347 Assembling: source: 48059, dest: 17385, seq: 215866555, ack: 99, window: 1448, data: " vis adhuc tatio"...
0.347 Sent: b'\xbb\xbbC\xe9\x0c\xdd\xdc\xbb\x00\x00\x00cP\x00\x05\xa8\x00\x00\x00\x00 vis adhuc tatio'...
0.349 Received: b'C\xe9\xbb\xbb\x00\x00\x00c\x0c\xdd\xe2cP\x10\x05\xa8\x00\x00\x00\x00'
0.349 Disassembled: source: 17385, dest: 48059, seq: 99, ack: 215868003, window: 1448, ACK
0.349 Acknowledged seq: 215866555
0.349 Assembling: source: 48059, dest: 17385, seq: 215868003, ack: 100, window: 1448, data: "im eu option iuv"...
0.350 Sent: b'\xbb\xbbC\xe9\x0c\xdd\xe2c\x00\x00\x00dP\x00\x05\xa8\x00\x00\x00\x00im eu option iuv'...
0.352 Received: b'C\xe9\xbb\xbb\x00\x00\x00d\x0c\xdd\xe8\x0bP\x10\x05\xa8\x00\x00\x00\x00'
0.352 Disassembled: source: 17385, dest: 48059, seq: 100, ack: 215869451, window: 1448, ACK
0.352 Acknowledged seq: 215868003
0.352 Assembling: source: 48059, dest: 17385, seq: 215869451, ack: 101, window: 1448, data: "ex epicurei taci"...
0.353 Sent: b'\xbb\xbbC\xe9\x0c\xdd\xe8\x0b\x00\x00\x00eP\x00\x05\xa8\x00\x00\x00\x00ex epicurei taci'...
0.355 Received: b'C\xe9\xbb\xbb\x00\x00\x00e\x0c\xdd\xed\xb3P\x10\x05\xa8\x00\x00\x00\x00'
0.355 Disassembled: source: 17385, dest: 48059, seq: 101, ack: 215870899, window: 1448, ACK
0.355 Acknowledged seq: 215869451
0.355 Assembling: source: 48059, dest: 17385, seq: 215870899, ack: 102, window: 1448, data: "ebat, eu pro ero"...
0.356 Sent: b'\xbb\xbbC\xe9\x0c\xdd\xed\xb3\x00\x00\x00fP\x00\x05\xa8\x00\x00\x00\x00ebat, eu pro ero'...
0.358 Received: b'C\xe9\xbb\xbb\x00\x00\x00f\x0c\xdd\xf3[P\x10\x05\xa8\x00\x00\x00\x00'
0.358 Disassembled: source: 17385, dest: 48059, seq: 102, ack: 215872347, window: 1448, ACK
0.358 Acknowledged seq: 215870899
0.358 Assembling: source: 48059, dest: 17385, seq: 215872347, ack: 103, window: 1448, data: "s. Per no sale v"...
0.359 Sent: b'\xbb\xbbC\xe9\x0c\xdd\xf3[\x00\x00\x00gP\x00\x05\xa8\x00\x00\x00\x00s. Per no sale v'...
0.361 Received: b'C\xe9\xbb\xbb\x00\x00\x00g\x0c\xdd\xf9\x03P\x10\x05\xa8\x00\x00\x00\x00'
0.361 Disassembled: source: 17385, dest: 48059, seq: 103, ack: 215873795, window: 1448, ACK
0.361 Acknowledged seq: 215872347
0.361 Assembling: source: 48059, dest: 17385, seq: 215873795, ack: 104, window: 1448, data: "orrupte ea mel. "...
0.362 Sent: b'\xbb\xbbC\xe9\x0c\xdd\xf9\x03\x00\x00\x00hP\x00\x05\xa8\x00\x00\x00\x00orrupte ea mel. '...
0.364 Received: b'C\xe9\xbb\xbb\x00\x00\x00h\x0c\xdd\xfe\xabP\x10\x05\xa8\x00\x00\x00\x00'
0.364 Disassembled: source: 17385, dest: 48059, seq: 104, ack: 215875243, window: 1448, ACK
0.364 Acknowledged seq: 215873795
0.364 Assembling: source: 48059, dest: 17385, seq: 215875243, ack: 105, window: 1448, data: ". Est iracundia "...
0.365 Sent: b'\xbb\xbbC\xe9\x0c\xdd\xfe\xab\x00\x00\x00iP\x00\x05\xa8\x00\x00\x00\x00. Est iracundia '...
0.366 Received: b'C\xe9\xbb\xbb\x00\x00\x00i\x0c\xde\x04SP\x10\x05\xa8\x00\x00\x00\x00'
0.367 Disassembled: source: 17385, dest: 48059, seq: 105, ack: 215876691, window: 1448, ACK
0.367 Acknowledged seq: 215875243
0.367 Assembling: source: 48059, dest: 17385, seq: 215876691, ack: 106, window: 1448, data: "pta probatus scr"...
0.368 Sent: b'\xbb\xbbC\xe9\x0c\xde\x04S\x00\x00\x00jP\x00\x05\xa8\x00\x00\x00\x00pta probatus scr'...
0.369 Received: b'C\xe9\xbb\xbb\x00\x00\x00j\x0c\xde\t\xfbP\x10\x05\xa8\x00\x00\x00\x00'
0.370 Disassembled: source: 17385, dest: 48059, seq: 106, ack: 215878139, window: 1448, ACK
0.370 Acknowledged seq: 215876691
0.370 Assembling: source: 48059, dest: 17385, seq: 215878139, ack: 107, window: 1448, data: "entur ei, pro ei"...
0.371 Sent: b'\xbb\xbbC\xe9\x0c\xde\t\xfb\x00\x00\x00kP\x00\x05\xa8\x00\x00\x00\x00entur ei, pro ei'...
0.372 Received: b'C\xe9\xbb\xbb\x00\x00\x00k\x0c\xde\x0f\xa3P\x10\x05\xa8\x00\x00\x00\x00'
0.373 Disassembled: source: 17385, dest: 48059, seq: 107, ack: 215879587, window: 1448, ACK
0.373 Acknowledged seq: 215878139
0.373 Assembling: source: 48059, dest: 17385, seq: 215879587, ack: 108, window: 1448, data: "simul euismod vi"...
0.374 Sent: b'\xbb\xbbC\xe9\x0c\xde\x0f\xa3\x00\x00\x00lP\x00\x05\xa8\x00\x00\x00\x00simul euismod vi'...
0.376 Received: b'C\xe9\xbb\xbb\x00\x00\x00l\x0c\xde\x15KP\x10\x05\xa8\x00\x00\x00\x00'
0.376 Disassembled: source: 17385, dest: 48059, seq: 108, ack: 215881035, window: 1448, ACK
0.376 Acknowledged seq: 215879587
0.376 Assembling: source: 48059, dest: 17385, seq: 215881035, ack: 109, window: 1448, data: ", eam id iudico "...
0.377 Sent: b'\xbb\xbbC\xe9\x0c\xde\x15K\x00\x00\x00mP\x00\x05\xa8\x00\x00\x00\x00, eam id iudico '...
0.379 Received: b'C\xe9\xbb\xbb\x00\x00\x00m\x0c\xde\x1a\xf3P\x10\x05\xa8\x00\x00\x00\x00'
0.379 Disassembled: source: 17385, dest: 48059, seq: 109, ack: 215882483, window: 1448, ACK
0.379 Acknowledged seq: 215881035
0.379 Assembling: source: 48059, dest: 17385, seq: 215882483, ack: 110, window: 1448, data: "m vix. Ea est mu"...
0.380 Sent: b'\xbb\xbbC\xe9\x0c\xde\x1a\xf3\x00\x00\x00nP\x00\x05\xa8\x00\x00\x00\x00m vix. Ea est mu'...
0.382 Received: b'C\xe9\xbb\xbb\x00\x00\x00n\x0c\xde \x9bP\x10\x05\xa8\x00\x00\x00\x00'
0.382 Disassembled: source: 17385, dest: 48059, seq: 110, ack: 215883931, window: 1448, ACK
0.382 Acknowledged seq: 215882483
0.383 Assembling: source: 48059, dest: 17385, seq: 215883931, ack: 111, window: 1448, data: "olor sit amet, e"...
0.383 Sent: b'\xbb\xbbC\xe9\x0c\xde \x9b\x00\x00\x00oP\x00\x05\xa8\x00\x00\x00\x00olor sit amet, e'...
0.385 Received: b'C\xe9\xbb\xbb\x00\x00\x00o\x0c\xde&CP\x10\x05\xa8\x00\x00\x00\x00'
0.385 Disassembled: source: 17385, dest: 48059, seq: 111, ack: 215885379, window: 1448, ACK
0.385 Acknowledged seq: 215883931
0.386 Assembling: source: 48059, dest: 17385, seq: 215885379, ack: 112, window: 1448, data: "m, aperiam iudic"...
0.386 Sent: b'\xbb\xbbC\xe9\x0c\xde&C\x00\x00\x00pP\x00\x05\xa8\x00\x00\x00\x00m, aperiam iudic'...
0.388 Received: b'C\xe9\xbb\xbb\x00\x00\x00p\x0c\xde+\xebP\x10\x05\xa8\x00\x00\x00\x00'
0.388 Disassembled: source: 17385, dest: 48059, seq: 112, ack: 215886827, window: 1448, ACK
0.389 Acknowledged seq: 215885379
0.389 Assembling: source: 48059, dest: 17385, seq: 215886827, ack: 113, window: 1448, data: "re sea. No eos d"...
0.389 Sent: b'\xbb\xbbC\xe9\x0c\xde+\xeb\x00\x00\x00qP\x00\x05\xa8\x00\x00\x00\x00re sea. No eos d'...
0.391 Received: b'C\xe9\xbb\xbb\x00\x00\x00q\x0c\xde1\x93P\x10\x05\xa8\x00\x00\x00\x00'
0.392 Disassembled: source: 17385, dest: 48059, seq: 113, ack: 215888275, window: 1448, ACK
0.392 Acknowledged seq: 215886827
0.392 Assembling: source: 48059, dest: 17385, seq: 215888275, ack: 114, window: 1448, data: "t scripta philos"...
0.393 Sent: b'\xbb\xbbC\xe9\x0c\xde1\x93\x00\x00\x00rP\x00\x05\xa8\x00\x00\x00\x00t scripta philos'...
0.394 Received: b'C\xe9\xbb\xbb\x00\x00\x00r\x0c\xde7;P\x10\x05\xa8\x00\x00\x00\x00'
0.395 Disassembled: source: 17385, dest: 48059, seq: 114, ack: 215889723, window: 1448, ACK
0.395 Acknowledged seq: 215888275
0.395 Assembling: source: 48059, dest: 17385, seq: 215889723, ack: 115, window: 1448, data: "tos sadipscing e"...
0.396 Sent: b'\xbb\xbbC\xe9\x0c\xde7;\x00\x00\x00sP\x00\x05\xa8\x00\x00\x00\x00tos sadipscing e'...
0.398 Received: b'C\xe9\xbb\xbb\x00\x00\x00s\x0c\xde<\xe3P\x10\x05\xa8\x00\x00\x00\x00'
0.398 Disassembled: source: 17385, dest: 48059, seq: 115, ack: 215891171, window: 1448, ACK
0.398 Acknowledged seq: 215889723
0.398 Assembling: source: 48059, dest: 17385, seq: 215891171, ack: 116, window: 1448, data: "sapientem ea, ad"...
0.399 Sent: b'\xbb\xbbC\xe9\x0c\xde<\xe3\x00\x00\x00tP\x00\x05\xa8\x00\x00\x00\x00sapientem ea, ad'...
0.401 Received: b'C\xe9\xbb\xbb\x00\x00\x00t\x0c\xdeB\x8bP\x10\x05\xa8\x00\x00\x00\x00'
0.401 Disassembled: source: 17385, dest: 48059, seq: 116, ack: 215892619, window: 1448, ACK
0.401 Acknowledged seq: 215891171
0.401 Assembling: source: 48059, dest: 17385, seq: 215892619, ack: 117, window: 1448, data: "g, ei invenire p"...
0.402 Sent: b'\xbb\xbbC\xe9\x0c\xdeB\x8b\x00\x00\x00uP\x00\x05\xa8\x00\x00\x00\x00g, ei invenire p'...
0.404 Received: b'C\xe9\xbb\xbb\x00\x00\x00u\x0c\xdeH3P\x10\x05\xa8\x00\x00\x00\x00'
0.404 Disassembled: source: 17385, dest: 48059, seq: 117, ack: 215894067, window: 1448, ACK
0.404 Acknowledged seq: 215892619
0.405 Assembling: source: 48059, dest: 17385, seq: 215894067, ack: 118, window: 1448, data: "endo at. Qui id "...
0.405 Sent: b'\xbb\xbbC\xe9\x0c\xdeH3\x00\x00\x00vP\x00\x05\xa8\x00\x00\x00\x00endo at. Qui id '...
0.407 Received: b'C\xe9\xbb\xbb\x00\x00\x00v\x0c\xdeM\xdbP\x10\x05\xa8\x00\x00\x00\x00'
0.407 Disassembled: source: 17385, dest: 48059, seq: 118, ack: 215895515, window: 1448, ACK
0.407 Acknowledged seq: 215894067
0.408 Assembling: source: 48059, dest: 17385, seq: 215895515, ack: 119, window: 1448, data: "ota nostrum et p"...
0.408 Sent: b'\xbb\xbbC\xe9\x0c\xdeM\xdb\x00\x00\x00wP\x00\x05\xa8\x00\x00\x00\x00ota nostrum et p'...
0.410 Received: b'C\xe9\xbb\xbb\x00\x00\x00w\x0c\xdeS\x83P\x10\x05\xa8\x00\x00\x00\x00'
0.410 Disassembled: source: 17385, dest: 48059, seq: 119, ack: 215896963, window: 1448, ACK
0.410 Acknowledged seq: 215895515
0.411 Assembling: source: 48059, dest: 17385, seq: 215896963, ack: 120, window: 1448, data: "deseruisse id. P"...
0.411 Sent: b'\xbb\xbbC\xe9\x0c\xdeS\x83\x00\x00\x00xP\x00\x05\xa8\x00\x00\x00\x00deseruisse id. P'...
0.413 Received: b'C\xe9\xbb\xbb\x00\x00\x00x\x0c\xdeY+P\x10\x05\xa8\x00\x00\x00\x00'
0.413 Disassembled: source: 17385, dest: 48059, seq: 120, ack: 215898411, window: 1448, ACK
0.413 Acknowledged seq: 215896963
0.414 Assembling: source: 48059, dest: 17385, seq: 215898411, ack: 121, window: 1448, data: "odo munere imper"...
0.414 Sent: b'\xbb\xbbC\xe9\x0c\xdeY+\x00\x00\x00yP\x00\x05\xa8\x00\x00\x00\x00odo munere imper'...
0.416 Received: b'C\xe9\xbb\xbb\x00\x00\x00y\x0c\xde^\xd3P\x10\x05\xa8\x00\x00\x00\x00'
0.416 Disassembled: source: 17385, dest: 48059, seq: 121, ack: 215899859, window: 1448, ACK
0.416 Acknowledged seq: 215898411
0.417 Assembling: source: 48059, dest: 17385, seq: 215899859, ack: 122, window: 1448, data: "cimates cum, tib"...
0.417 Sent: b'\xbb\xbbC\xe9\x0c\xde^\xd3\x00\x00\x00zP\x00\x05\xa8\x00\x00\x00\x00cimates cum, tib'...
0.419 Received: b'C\xe9\xbb\xbb\x00\x00\x00z\x0c\xded{P\x10\x05\xa8\x00\x00\x00\x00'
0.419 Disassembled: source: 17385, dest: 48059, seq: 122, ack: 215901307, window: 1448, ACK
0.419 Acknowledged seq: 215899859
0.420 Assembling: source: 48059, dest: 17385, seq: 215901307, ack: 123, window: 1448, data: "tiopam molestiae"...
0.420 Sent: b'\xbb\xbbC\xe9\x0c\xded{\x00\x00\x00{P\x00\x05\xa8\x00\x00\x00\x00tiopam molestiae'...
0.422 Received: b'C\xe9\xbb\xbb\x00\x00\x00{\x0c\xdej#P\x10\x05\xa8\x00\x00\x00\x00'
0.422 Disassembled: source: 17385, dest: 48059, seq: 123, ack: 215902755, window: 1448, ACK
0.423 Acknowledged seq: 215901307
0.423 Assembling: source: 48059, dest: 17385, seq: 215902755, ack: 124, window: 1448, data: "possim qui no, v"...
0.423 Sent: b'\xbb\xbbC\xe9\x0c\xdej#\x00\x00\x00|P\x00\x05\xa8\x00\x00\x00\x00possim qui no, v'...
0.425 Received: b'C\xe9\xbb\xbb\x00\x00\x00|\x0c\xdeo\xcbP\x10\x05\xa8\x00\x00\x00\x00'
0.425 Disassembled: source: 17385, dest: 48059, seq: 124, ack: 215904203, window: 1448, ACK
0.426 Acknowledged seq: 215902755
0.426 Assembling: source: 48059, dest: 17385, seq: 215904203, ack: 125, window: 1448, data: " ex utinam parti"...
0.426 Sent: b'\xbb\xbbC\xe9\x0c\xdeo\xcb\x00\x00\x00}P\x00\x05\xa8\x00\x00\x00\x00 ex utinam parti'...
0.428 Received: b'C\xe9\xbb\xbb\x00\x00\x00}\x0c\xdeusP\x10\x05\xa8\x00\x00\x00\x00'
0.429 Disassembled: source: 17385, dest: 48059, seq: 125, ack: 215905651, window: 1448, ACK
0.429 Acknowledged seq: 215904203
0.429 Assembling: source: 48059, dest: 17385, seq: 215905651, ack: 126, window: 1448, data: "icus in his. Pri"...
0.429 Sent: b'\xbb\xbbC\xe9\x0c\xdeus\x00\x00\x00~P\x00\x05\xa8\x00\x00\x00\x00icus in his. Pri'...
0.431 Received: b'C\xe9\xbb\xbb\x00\x00\x00~\x0c\xde{\x1bP\x10\x05\xa8\x00\x00\x00\x00'
0.432 Disassembled: source: 17385, dest: 48059, seq: 126, ack: 215907099, window: 1448, ACK
0.432 Acknowledged seq: 215905651
0.432 Assembling: source: 48059, dest: 17385, seq: 215907099, ack: 127, window: 1448, data: "iis et.

Ius cu "...
0.433 Sent: b'\xbb\xbbC\xe9\x0c\xde{\x1b\x00\x00\x00\x7fP\x00\x05\xa8\x00\x00\x00\x00iis et.\n\nIus cu '...
0.434 Received: b'C\xe9\xbb\xbb\x00\x00\x00\x7f\x0c\xde\x80\xc3P\x10\x05\xa8\x00\x00\x00\x00'
0.435 Disassembled: source: 17385, dest: 48059, seq: 127, ack: 215908547, window: 1448, ACK
0.435 Acknowledged seq: 215907099
0.435 Assembling: source: 48059, dest: 17385, seq: 215908547, ack: 128, window: 1448, data: "e interesset.

T"...
0.436 Sent: b'\xbb\xbbC\xe9\x0c\xde\x80\xc3\x00\x00\x00\x80P\x00\x05\xa8\x00\x00\x00\x00e interesset.\n\nT'...
0.437 Received: b'C\xe9\xbb\xbb\x00\x00\x00\x80\x0c\xde\x86kP\x10\x05\xa8\x00\x00\x00\x00'
0.438 Disassembled: source: 17385, dest: 48059, seq: 128, ack: 215909995, window: 1448, ACK
0.438 Acknowledged seq: 215908547
0.438 Assembling: source: 48059, dest: 17385, seq: 215909995, ack: 129, window: 1448, data: "pro alia volutpa"...
0.438 Sent: b'\xbb\xbbC\xe9\x0c\xde\x86k\x00\x00\x00\x81P\x00\x05\xa8\x00\x00\x00\x00pro alia volutpa'...
0.440 Received: b'C\xe9\xbb\xbb\x00\x00\x00\x81\x0c\xde\x8c\x13P\x10\x05\xa8\x00\x00\x00\x00'
0.441 Disassembled: source: 17385, dest: 48059, seq: 129, ack: 215911443, window: 1448, ACK
0.441 Acknowledged seq: 215909995
0.441 Assembling: source: 48059, dest: 17385, seq: 215911443, ack: 130, window: 1448, data: " libris equidem "...
0.441 Sent: b'\xbb\xbbC\xe9\x0c\xde\x8c\x13\x00\x00\x00\x82P\x00\x05\xa8\x00\x00\x00\x00 libris equidem '...
0.443 Received: b'C\xe9\xbb\xbb\x00\x00\x00\x82\x0c\xde\x91\xbbP\x10\x05\xa8\x00\x00\x00\x00'
0.444 Disassembled: source: 17385, dest: 48059, seq: 130, ack: 215912891, window: 1448, ACK
0.444 Acknowledged seq: 215911443
0.444 Assembling: source: 48059, dest: 17385, seq: 215912891, ack: 131, window: 1448, data: "uavitate volupta"...
0.444 Sent: b'\xbb\xbbC\xe9\x0c\xde\x91\xbb\x00\x00\x00\x83P\x00\x05\xa8\x00\x00\x00\x00uavitate volupta'...
0.446 Received: b'C\xe9\xbb\xbb\x00\x00\x00\x83\x0c\xde\x97cP\x10\x05\xa8\x00\x00\x00\x00'
0.447 Disassembled: source: 17385, dest: 48059, seq: 131, ack: 215914339, window: 1448, ACK
0.447 Acknowledged seq: 215912891
0.447 Assembling: source: 48059, dest: 17385, seq: 215914339, ack: 132, window: 1448, data: " Detraxit defini"...
0.447 Sent: b'\xbb\xbbC\xe9\x0c\xde\x97c\x00\x00\x00\x84P\x00\x05\xa8\x00\x00\x00\x00 Detraxit defini'...
0.449 Received: b'C\xe9\xbb\xbb\x00\x00\x00\x84\x0c\xde\x9d\x0bP\x10\x05\xa8\x00\x00\x00\x00'
0.449 Disassembled: source: 17385, dest: 48059, seq: 132, ack: 215915787, window: 1448, ACK
0.450 Acknowledged seq: 215914339
0.450 Assembling: source: 48059, dest: 17385, seq: 215915787, ack: 133, window: 1448, data: "aesent mei. Quo "...
0.450 Sent: b'\xbb\xbbC\xe9\x0c\xde\x9d\x0b\x00\x00\x00\x85P\x00\x05\xa8\x00\x00\x00\x00aesent mei. Quo '...
0.452 Received: b'C\xe9\xbb\xbb\x00\x00\x00\x85\x0c\xde\xa2\xb3P\x10\x05\xa8\x00\x00\x00\x00'
0.452 Disassembled: source: 17385, dest: 48059, seq: 133, ack: 215917235, window: 1448, ACK
0.452 Acknowledged seq: 215915787
0.453 Assembling: source: 48059, dest: 17385, seq: 215917235, ack: 134, window: 1448, data: "nterpretaris no "...
0.453 Sent: b'\xbb\xbbC\xe9\x0c\xde\xa2\xb3\x00\x00\x00\x86P\x00\x05\xa8\x00\x00\x00\x00nterpretaris no '...
0.455 Received: b'C\xe9\xbb\xbb\x00\x00\x00\x86\x0c\xde\xa8[P\x10\x05\xa8\x00\x00\x00\x00'
0.455 Disassembled: source: 17385, dest: 48059, seq: 134, ack: 215918683, window: 1448, ACK
0.455 Acknowledged seq: 215917235
0.456 Assembling: source: 48059, dest: 17385, seq: 215918683, ack: 135, window: 1448, data: "patrioque has. I"...
0.456 Sent: b'\xbb\xbbC\xe9\x0c\xde\xa8[\x00\x00\x00\x87P\x00\x05\xa8\x00\x00\x00\x00patrioque has. I'...
0.458 Received: b'C\xe9\xbb\xbb\x00\x00\x00\x87\x0c\xde\xae\x03P\x10\x05\xa8\x00\x00\x00\x00'
0.458 Disassembled: source: 17385, dest: 48059, seq: 135, ack: 215920131, window: 1448, ACK
0.458 Acknowledged seq: 215918683
0.458 Assembling: source: 48059, dest: 17385, seq: 215920131, ack: 136, window: 1448, data: "ossit repudianda"...
0.459 Sent: b'\xbb\xbbC\xe9\x0c\xde\xae\x03\x00\x00\x00\x88P\x00\x05\xa8\x00\x00\x00\x00ossit repudianda'...
0.460 Received: b'C\xe9\xbb\xbb\x00\x00\x00\x88\x0c\xde\xb3\xabP\x10\x05\xa8\x00\x00\x00\x00'
0.461 Disassembled: source: 17385, dest: 48059, seq: 136, ack: 215921579, window: 1448, ACK
0.461 Acknowledged seq: 215920131
0.461 Assembling: source: 48059, dest: 17385, seq: 215921579, ack: 137, window: 1448, data: "ora consequuntur"...
0.461 Sent: b'\xbb\xbbC\xe9\x0c\xde\xb3\xab\x00\x00\x00\x89P\x00\x05\xa8\x00\x00\x00\x00ora consequuntur'...
0.463 Received: b'C\xe9\xbb\xbb\x00\x00\x00\x89\x0c\xde\xb9SP\x10\x05\xa8\x00\x00\x00\x00'
0.464 Disassembled: source: 17385, dest: 48059, seq: 137, ack: 215923027, window: 1448, ACK
0.464 Acknowledged seq: 215921579
0.464 Assembling: source: 48059, dest: 17385, seq: 215923027, ack: 138, window: 1448, data: "ctus conceptam a"...
0.464 Sent: b'\xbb\xbbC\xe9\x0c\xde\xb9S\x00\x00\x00\x8aP\x00\x05\xa8\x00\x00\x00\x00ctus conceptam a'...
0.466 Received: b'C\xe9\xbb\xbb\x00\x00\x00\x8a\x0c\xde\xbe\xfbP\x10\x05\xa8\x00\x00\x00\x00'
0.466 Disassembled: source: 17385, dest: 48059, seq: 138, ack: 215924475, window: 1448, ACK
0.467 Acknowledged seq: 215923027
0.467 Assembling: source: 48059, dest: 17385, seq: 215924475, ack: 139, window: 1448, data: " aeterno te, ne "...
0.467 Sent: b'\xbb\xbbC\xe9\x0c\xde\xbe\xfb\x00\x00\x00\x8bP\x00\x05\xa8\x00\x00\x00\x00 aeterno te, ne '...
0.469 Received: b'C\xe9\xbb\xbb\x00\x00\x00\x8b\x0c\xde\xc4\xa3P\x10\x05\xa8\x00\x00\x00\x00'
0.469 Disassembled: source: 17385, dest: 48059, seq: 139, ack: 215925923, window: 1448, ACK
0.470 Acknowledged seq: 215924475
0.470 Assembling: source: 48059, dest: 17385, seq: 215925923, ack: 140, window: 1448, data: "imis oporteat di"...
0.470 Sent: b'\xbb\xbbC\xe9\x0c\xde\xc4\xa3\x00\x00\x00\x8cP\x00\x05\xa8\x00\x00\x00\x00imis oporteat di'...
0.472 Received: b'C\xe9\xbb\xbb\x00\x00\x00\x8c\x0c\xde\xcaKP\x10\x05\xa8\x00\x00\x00\x00'
0.472 Disassembled: source: 17385, dest: 48059, seq: 140, ack: 215927371, window: 1448, ACK
0.472 Acknowledged seq: 215925923
0.472 Assembling: source: 48059, dest: 17385, seq: 215927371, ack: 141, window: 1448, data: "re. Has virtute "...
0.473 Sent: b'\xbb\xbbC\xe9\x0c\xde\xcaK\x00\x00\x00\x8dP\x00\x05\xa8\x00\x00\x00\x00re. Has virtute '...
0.475 Received: b'C\xe9\xbb\xbb\x00\x00\x00\x8d\x0c\xde\xcf\xf3P\x10\x05\xa8\x00\x00\x00\x00'
0.475 Disassembled: source: 17385, dest: 48059, seq: 141, ack: 215928819, window: 1448, ACK
0.475 Acknowledged seq: 215927371
0.475 Assembling: source: 48059, dest: 17385, seq: 215928819, ack: 142, window: 1448, data: " eum ancillae no"...
0.476 Sent: b'\xbb\xbbC\xe9\x0c\xde\xcf\xf3\x00\x00\x00\x8eP\x00\x05\xa8\x00\x00\x00\x00 eum ancillae no'...
0.477 Received: b'C\xe9\xbb\xbb\x00\x00\x00\x8e\x0c\xde\xd5\x9bP\x10\x05\xa8\x00\x00\x00\x00'
0.478 Disassembled: source: 17385, dest: 48059, seq: 142, ack: 215930267, window: 1448, ACK
0.478 Acknowledged seq: 215928819
0.478 Assembling: source: 48059, dest: 17385, seq: 215930267, ack: 143, window: 1448, data: "ppareat ius. At "...
0.478 Sent: b'\xbb\xbbC\xe9\x0c\xde\xd5\x9b\x00\x00\x00\x8fP\x00\x05\xa8\x00\x00\x00\x00ppareat ius. At '...
0.480 Received: b'C\xe9\xbb\xbb\x00\x00\x00\x8f\x0c\xde\xdbCP\x10\x05\xa8\x00\x00\x00\x00'
0.481 Disassembled: source: 17385, dest: 48059, seq: 143, ack: 215931715, window: 1448, ACK
0.481 Acknowledged seq: 215930267
0.481 Assembling: source: 48059, dest: 17385, seq: 215931715, ack: 144, window: 1448, data: ", vero appellant"...
0.481 Sent: b'\xbb\xbbC\xe9\x0c\xde\xdbC\x00\x00\x00\x90P\x00\x05\xa8\x00\x00\x00\x00, vero appellant'...
0.483 Received: b'C\xe9\xbb\xbb\x00\x00\x00\x90\x0c\xde\xe0\xebP\x10\x05\xa8\x00\x00\x00\x00'
0.484 Disassembled: source: 17385, dest: 48059, seq: 144, ack: 215933163, window: 1448, ACK
0.484 Acknowledged seq: 215931715
0.484 Assembling: source: 48059, dest: 17385, seq: 215933163, ack: 145, window: 1448, data: "ibo quando copio"...
0.485 Sent: b'\xbb\xbbC\xe9\x0c\xde\xe0\xeb\x00\x00\x00\x91P\x00\x05\xa8\x00\x00\x00\x00ibo quando copio'...
0.486 Received: b'C\xe9\xbb\xbb\x00\x00\x00\x91\x0c\xde\xe6\x93P\x10\x05\xa8\x00\x00\x00\x00'
0.487 Disassembled: source: 17385, dest: 48059, seq: 145, ack: 215934611, window: 1448, ACK
0.487 Acknowledged seq: 215933163
0.487 Assembling: source: 48059, dest: 17385, seq: 215934611, ack: 146, window: 1448, data: " maluisset. Sit "...
0.487 Sent: b'\xbb\xbbC\xe9\x0c\xde\xe6\x93\x00\x00\x00\x92P\x00\x05\xa8\x00\x00\x00\x00 maluisset. Sit '...
0.489 Received: b'C\xe9\xbb\xbb\x00\x00\x00\x92\x0c\xde\xec;P\x10\x05\xa8\x00\x00\x00\x00'
0.490 Disassembled: source: 17385, dest: 48059, seq: 146, ack: 215936059, window: 1448, ACK
0.490 Acknowledged seq: 215934611
0.490 Assembling: source: 48059, dest: 17385, seq: 215936059, ack: 147, window: 1448, data: "e ceteros albuci"...
0.490 Sent: b'\xbb\xbbC\xe9\x0c\xde\xec;\x00\x00\x00\x93P\x00\x05\xa8\x00\x00\x00\x00e ceteros albuci'...
0.492 Received: b'C\xe9\xbb\xbb\x00\x00\x00\x93\x0c\xde\xf1\xe3P\x10\x05\xa8\x00\x00\x00\x00'
0.492 Disassembled: source: 17385, dest: 48059, seq: 147, ack: 215937507, window: 1448, ACK
0.493 Acknowledged seq: 215936059
0.493 Assembling: source: 48059, dest: 17385, seq: 215937507, ack: 148, window: 1448, data: "complectitur sea"...
0.493 Sent: b'\xbb\xbbC\xe9\x0c\xde\xf1\xe3\x00\x00\x00\x94P\x00\x05\xa8\x00\x00\x00\x00complectitur sea'...
0.495 Received: b'C\xe9\xbb\xbb\x00\x00\x00\x94\x0c\xde\xf7\x8bP\x10\x05\xa8\x00\x00\x00\x00'
0.495 Disassembled: source: 17385, dest: 48059, seq: 148, ack: 215938955, window: 1448, ACK
0.495 Acknowledged seq: 215937507
0.496 Finished reading file
0.496 Assembling: source: 48059, dest: 17385, seq: 215938955, ack: 149, window: 1448, data: "tempor ex ius. E"...
0.496 Sent: b'\xbb\xbbC\xe9\x0c\xde\xf7\x8b\x00\x00\x00\x95P\x00\x05\xa8\x00\x00\x00\x00tempor ex ius. E'...
0.498 Received: b'C\xe9\xbb\xbb\x00\x00\x00\x95\x0c\xde\xf7\xe9P\x10\x05\xa8\x00\x00\x00\x00'
0.498 Disassembled: source: 17385, dest: 48059, seq: 149, ack: 215939049, window: 1448, ACK
0.498 Acknowledged seq: 215938955
0.498 Assembling: source: 48059, dest: 17385, seq: 215939049, ack: 150, window: 1448, ACK, FIN
0.499 Sent: b'\xbb\xbbC\xe9\x0c\xde\xf7\xe9\x00\x00\x00\x96P\x11\x05\xa8\x00\x00\x00\x00'
0.500 Received: b'C\xe9\xbb\xbb\x00\x00\x00\x96\x0c\xde\xf7\xeaP\x10\x05\xa8\x00\x00\x00\x00'
0.500 Disassembled: source: 17385, dest: 48059, seq: 150, ack: 215939050, window: 1448, ACK
0.501 FIN accepted; sending final packet
0.501 Assembling: source: 48059, dest: 17385, seq: 215939050, ack: 150, window: 1448, ACK
0.501 Sent: b'\xbb\xbbC\xe9\x0c\xde\xf7\xea\x00\x00\x00\x96P\x10\x05\xa8\x00\x00\x00\x00'
0.501 Closed connection
0.502 Shutting down
