0.000 NEW RUN: Server, TEST: Read_file__No_file_extension
0.221 Received: b'q\x0bu\xbe\x00\x00\x00F\x00\x00\x00\x00P\x02\x05\xa8\x00\x00\x00\x00'
0.221 Disassembled: source: 28939, dest: 30142, seq: 70, window: 1448, SYN
0.222 SYN accepted; new connection: 127.0.0.1 on port 28939
0.222 Assembling: source: 30142, dest: 28939, seq: 216611153, ack: 71, window: 1448, ACK, SYN
0.222 Sent: b'u\xbeq\x0b\x0c\xe99Q\x00\x00\x00GP\x12\x05\xa8\x00\x00\x00\x00'
0.224 Received: b'q\x0bu\xbe\x00\x00\x00G\x0c\xe99RP\x10\x05\xa8\x00\x00\x00\x00'
0.224 Disassembled: source: 28939, dest: 30142, seq: 71, ack: 216611154, window: 1448, ACK
0.224 Handshake complete
0.224 Acknowledged seq: 216611153
0.224 Assembling: source: 30142, dest: 28939, seq: 216611154, ack: 72, window: 1448, data: "Lorem ipsum dolo"...
0.224 Sent: b'u\xbeq\x0b\x0c\xe99R\x00\x00\x00HP\x00\x05\xa8\x00\x00\x00\x00Lorem ipsum dolo'...
0.227 Received: b'q\x0bu\xbe\x00\x00\x00H\x0c\xe9>\xfaP\x10\x05\xa8\x00\x00\x00\x00'
0.227 Disassembled: source: 28939, dest: 30142, seq: 72, ack: 216612602, window: 1448, ACK
0.227 Acknowledged seq: 216611154
0.227 Assembling: source: 30142, dest: 28939, seq: 216612602, ack: 73, window: 1448, data: "mprehensam nam, "...
0.227 Sent: b'u\xbeq\x0b\x0c\xe9>\xfa\x00\x00\x00IP\x00\x05\xa8\x00\x00\x00\x00mprehensam nam, '...
0.229 Received: b'q\x0bu\xbe\x00\x00\x00I\x0c\xe9D\xa2P\x10\x05\xa8\x00\x00\x00\x00'
0.230 Disassembled: source: 28939, dest: 30142, seq: 73, ack: 216614050, window: 1448, ACK
0.230 Acknowledged seq: 216612602
0.230 Finished reading file
0.230 Assembling: source: 30142, dest: 28939, seq: 216614050, ack: 74, window: 1448, data: "ilisi repudiare "...
0.230 Sent: b'u\xbeq\x0b\x0c\xe9D\xa2\x00\x00\x00JP\x00\x05\xa8\x00\x00\x00\x00ilisi repudiare '...
0.232 Received: b'q\x0bu\xbe\x00\x00\x00J\x0c\xe9E\xfdP\x10\x05\xa8\x00\x00\x00\x00'
0.232 Disassembled: source: 28939, dest: 30142, seq: 74, ack: 216614397, window: 1448, ACK
0.232 Acknowledged seq: 216614050
0.233 Assembling: source: 30142, dest: 28939, seq: 216614397, ack: 75, window: 1448, ACK, FIN
0.233 Sent: b'u\xbeq\x0b\x0c\xe9E\xfd\x00\x00\x00KP\x11\x05\xa8\x00\x00\x00\x00'
0.234 Received: b'q\x0bu\xbe\x00\x00\x00K\x0c\xe9E\xfeP\x10\x05\xa8\x00\x00\x00\x00'
0.234 Disassembled: source: 28939, dest: 30142, seq: 75, ack: 216614398, window: 1448, ACK
0.234 FIN accepted; sending final packet
0.234 Assembling: source: 30142, dest: 28939, seq: 216614398, ack: 75, window: 1448, ACK
0.235 Sent: b'u\xbeq\x0b\x0c\xe9E\xfe\x00\x00\x00KP\x10\x05\xa8\x00\x00\x00\x00'
0.235 Closed connection
0.235 Shutting down
