0.000 NEW RUN: Server, TEST: Read_file__Single_packet
0.209 Received: b'z\xc6\x82\x1a\x00\x00\x00#\x00\x00\x00\x00P\x02\x05\xa8\x00\x00\x00\x00'
0.209 Disassembled: source: 31430, dest: 33306, seq: 35, window: 1448, SYN
0.209 SYN accepted; new connection: 127.0.0.1 on port 31430
0.210 Assembling: source: 33306, dest: 31430, seq: 214724210, ack: 36, window: 1448, ACK, SYN
0.210 Sent: b'\x82\x1az\xc6\x0c\xccnr\x00\x00\x00$P\x12\x05\xa8\x00\x00\x00\x00'
0.213 Received: b'z\xc6\x82\x1a\x00\x00\x00$\x0c\xccnsP\x10\x05\xa8\x00\x00\x00\x00'
0.213 Disassembled: source: 31430, dest: 33306, seq: 36, ack: 214724211, window: 1448, ACK
0.213 Handshake complete
0.213 Acknowledged seq: 214724210
0.213 Finished reading file
0.213 Assembling: source: 33306, dest: 31430, seq: 214724211, ack: 37, window: 1448, data: "This file fits i"...
0.214 Sent: b'\x82\x1az\xc6\x0c\xccns\x00\x00\x00%P\x00\x05\xa8\x00\x00\x00\x00This file fits i'...
0.216 Received: b'z\xc6\x82\x1a\x00\x00\x00%\x0c\xccn\x9eP\x10\x05\xa8\x00\x00\x00\x00'
0.216 Disassembled: source: 31430, dest: 33306, seq: 37, ack: 214724254, window: 1448, ACK
0.216 Acknowledged seq: 214724211
0.216 Assembling: source: 33306, dest: 31430, seq: 214724254, ack: 38, window: 1448, ACK, FIN
0.216 Sent: b'\x82\x1az\xc6\x0c\xccn\x9e\x00\x00\x00&P\x11\x05\xa8\x00\x00\x00\x00'
0.219 Received: b'z\xc6\x82\x1a\x00\x00\x00&\x0c\xccn\x9fP\x10\x05\xa8\x00\x00\x00\x00'
0.219 Disassembled: source: 31430, dest: 33306, seq: 38, ack: 214724255, window: 1448, ACK
0.219 FIN accepted; sending final packet
0.219 Assembling: source: 33306, dest: 31430, seq: 214724255, ack: 38, window: 1448, ACK
0.219 Sent: b'\x82\x1az\xc6\x0c\xccn\x9f\x00\x00\x00&P\x10\x05\xa8\x00\x00\x00\x00'
0.219 Closed connection
0.220 Shutting down
