0.000 NEW RUN: Server, TEST: Write_file__Large_multi-packet
0.217 Received: b'\xcd\xc4\xbbr\x00\x00\x00\x16\x00\x00\x00\x00P\x02\x05\xa8\x00\x00\x00\x00'
0.217 Disassembled: source: 52676, dest: 47986, seq: 22, window: 1448, SYN
0.218 SYN accepted; new connection: 127.0.0.1 on port 52676
0.218 Assembling: source: 47986, dest: 52676, seq: 219205097, ack: 23, window: 5808, ACK, SYN
0.218 Sent: b'\xbbr\xcd\xc4\r\x10\xcd\xe9\x00\x00\x00\x17P\x12\x16\xb0\x00\x00\x00\x00'
0.220 Received: b'\xcd\xc4\xbbr\x00\x00\x00\x17\r\x10\xcd\xeaP\x10\x16\xb0\x00\x00\x00\x00'
0.220 Disassembled: source: 52676, dest: 47986, seq: 23, ack: 219205098, window: 5808, ACK
0.220 Assembling: source: 47986, dest: 52676, seq: 219205098, ack: 23, window: 5808, ACK
0.220 Sent: b'\xbbr\xcd\xc4\r\x10\xcd\xea\x00\x00\x00\x17P\x10\x16\xb0\x00\x00\x00\x00'
0.221 Received: b'\xcd\xc4\xbbr\x00\x00\x00\x18\r\x10\xcd\xeaP\x10\x16\xb0\x00\x00\x00\x00Lorem ipsum dolo'...
0.221 Disassembled: source: 52676, dest: 47986, seq: 24, ack: 219205098, window: 5808, ACK, data: "Lorem ipsum dolo"...
0.221 Handshake complete
0.221 Data accepted; adding to buffer
0.221 Assembling: source: 47986, dest: 52676, seq: 219205098, ack: 23, window: 5808, ACK
0.221 Sent: b'\xbbr\xcd\xc4\r\x10\xcd\xea\x00\x00\x00\x17P\x10\x16\xb0\x00\x00\x00\x00'
0.222 Received: b'\xcd\xc4\xbbr\x00\x00\x00\x19\r\x10\xcd\xebP\x10\x16\xb0\x00\x00\x00\x00'
0.222 Disassembled: source: 52676, dest: 47986, seq: 25, ack: 219205099, window: 5808, ACK
0.222 Error: Incorrect acknowledgement flag
0.223 Received: b'\xcd\xc4\xbbr\x00\x00\x00\x1a\r\x10\xcd\xebP\x10\x16\xb0\x00\x00\x00\x00mprehensam nam, '...
0.223 Disassembled: source: 52676, dest: 47986, seq: 26, ack: 219205099, window: 5808, ACK, data: "mprehensam nam, "...
0.223 Error: Incorrect acknowledgement flag
0.224 Received: b'\xcd\xc4\xbbr\x00\x00\x00\x1b\r\x10\xcd\xecP\x10\x16\xb0\x00\x00\x00\x00'
0.224 Disassembled: source: 52676, dest: 47986, seq: 27, ack: 219205100, window: 5808, ACK
0.224 Error: Incorrect acknowledgement flag
0.225 Received: b'\xcd\xc4\xbbr\x00\x00\x00\x1c\r\x10\xcd\xecP\x10\x16\xb0\x00\x00\x00\x00ilisi repudiare '...
0.225 Disassembled: source: 52676, dest: 47986, seq: 28, ack: 219205100, window: 5808, ACK, data: "ilisi repudiare "...
0.225 Error: Incorrect acknowledgement flag
0.722 Sent: b'\xbbr\xcd\xc4\r\x10\xcd\xea\x00\x00\x00\x17P\x10\x16\xb0\x00\x00\x00\x00'
0.724 Received: b'\xcd\xc4\xbbr\x00\x00\x00\x1d\r\x10\xcd\xedP\x10\x16\xb0\x00\x00\x00\x00'
0.724 Disassembled: source: 52676, dest: 47986, seq: 29, ack: 219205101, window: 5808, ACK
0.724 Error: Incorrect acknowledgement flag
0.726 Received: b'\xcd\xc4\xbbr\x00\x00\x00\x1e\r\x10\xcd\xedP\x10\x16\xb0\x00\x00\x00\x00ta.\n\nEt essent s'...
0.726 Disassembled: source: 52676, dest: 47986, seq: 30, ack: 219205101, window: 5808, ACK, data: "ta.

Et essent s"...
0.726 Error: Incorrect acknowledgement flag
1.222 Sent: b'\xbbr\xcd\xc4\r\x10\xcd\xea\x00\x00\x00\x17P\x10\x16\xb0\x00\x00\x00\x00'
1.225 Received: b'\xcd\xc4\xbbr\x00\x00\x00\x1f\r\x10\xcd\xeeP\x10\x16\xb0\x00\x00\x00\x00'
1.225 Disassembled: source: 52676, dest: 47986, seq: 31, ack: 219205102, window: 5808, ACK
1.225 Error: Incorrect acknowledgement flag
1.226 Received: b'\xcd\xc4\xbbr\x00\x00\x00 \r\x10\xcd\xeeP\x10\x16\xb0\x00\x00\x00\x00 Nihil tractatos'...
1.227 Disassembled: source: 52676, dest: 47986, seq: 32, ack: 219205102, window: 5808, ACK, data: " Nihil tractatos"...
1.227 Error: Incorrect acknowledgement flag
1.723 Sent: b'\xbbr\xcd\xc4\r\x10\xcd\xea\x00\x00\x00\x17P\x10\x16\xb0\x00\x00\x00\x00'
1.724 Received: b'\xcd\xc4\xbbr\x00\x00\x00!\r\x10\xcd\xefP\x10\x16\xb0\x00\x00\x00\x00'
1.725 Disassembled: source: 52676, dest: 47986, seq: 33, ack: 219205103, window: 5808, ACK
1.725 Error: Incorrect acknowledgement flag
1.725 Received: b'\xcd\xc4\xbbr\x00\x00\x00"\r\x10\xcd\xefP\x10\x16\xb0\x00\x00\x00\x00fert iuvaret sap'...
1.726 Disassembled: source: 52676, dest: 47986, seq: 34, ack: 219205103, window: 5808, ACK, data: "fert iuvaret sap"...
1.726 Error: Incorrect acknowledgement flag
2.223 Sent: b'\xbbr\xcd\xc4\r\x10\xcd\xea\x00\x00\x00\x17P\x10\x16\xb0\x00\x00\x00\x00'
2.226 Received: b'\xcd\xc4\xbbr\x00\x00\x00#\r\x10\xcd\xf0P\x10\x16\xb0\x00\x00\x00\x00'
2.226 Disassembled: source: 52676, dest: 47986, seq: 35, ack: 219205104, window: 5808, ACK
2.226 Error: Incorrect acknowledgement flag
2.228 Received: b'\xcd\xc4\xbbr\x00\x00\x00$\r\x10\xcd\xf0P\x10\x16\xb0\x00\x00\x00\x00ram adipiscing, '...
2.228 Disassembled: source: 52676, dest: 47986, seq: 36, ack: 219205104, window: 5808, ACK, data: "ram adipiscing, "...
2.228 Error: Incorrect acknowledgement flag
2.723 Error: Connection timed out
2.724 Closed connection
2.729 Shutting down
