0.000 NEW RUN: Server, TEST: Write_file__Small_multi-packet
0.207 Received: b'\xa8J@\xb5\x00\x00\x00/\x00\x00\x00\x00P\x02\x05\xa8\x00\x00\x00\x00'
0.207 Disassembled: source: 43082, dest: 16565, seq: 47, window: 1448, SYN
0.208 SYN accepted; new connection: 127.0.0.1 on port 43082
0.208 Assembling: source: 16565, dest: 43082, seq: 218169320, ack: 48, window: 5808, ACK, SYN
0.208 Sent: b'@\xb5\xa8J\r\x00\xff\xe8\x00\x00\x000P\x12\x16\xb0\x00\x00\x00\x00'
0.209 Received: b'\xa8J@\xb5\x00\x00\x000\r\x00\xff\xe9P\x10\x16\xb0\x00\x00\x00\x00'
0.209 Disassembled: source: 43082, dest: 16565, seq: 48, ack: 218169321, window: 5808, ACK
0.210 Assembling: source: 16565, dest: 43082, seq: 218169321, ack: 48, window: 5808, ACK
0.210 Sent: b'@\xb5\xa8J\r\x00\xff\xe9\x00\x00\x000P\x10\x16\xb0\x00\x00\x00\x00'
0.210 Received: b'\xa8J@\xb5\x00\x00\x001\r\x00\xff\xe9P\x10\x16\xb0\x00\x00\x00\x00Lorem ipsum dolo'...
0.210 Disassembled: source: 43082, dest: 16565, seq: 49, ack: 218169321, window: 5808, ACK, data: "Lorem ipsum dolo"...
0.211 Handshake complete
0.211 Data accepted; adding to buffer
0.211 Assembling: source: 16565, dest: 43082, seq: 218169321, ack: 48, window: 5808, ACK
0.211 Sent: b'@\xb5\xa8J\r\x00\xff\xe9\x00\x00\x000P\x10\x16\xb0\x00\x00\x00\x00'
0.211 Received: b'\xa8J@\xb5\x00\x00\x002\r\x00\xff\xeaP\x10\x16\xb0\x00\x00\x00\x00'
0.212 Disassembled: source: 43082, dest: 16565, seq: 50, ack: 218169322, window: 5808, ACK
0.212 Error: Incorrect acknowledgement flag
0.212 Received: b'\xa8J@\xb5\x00\x00\x003\r\x00\xff\xeaP\x10\x16\xb0\x00\x00\x00\x00mprehensam nam, '...
0.212 Disassembled: source: 43082, dest: 16565, seq: 51, ack: 218169322, window: 5808, ACK, data: "mprehensam nam, "...
0.213 Error: Incorrect acknowledgement flag
0.213 Received: b'\xa8J@\xb5\x00\x00\x004\r\x00\xff\xebP\x10\x16\xb0\x00\x00\x00\x00'
0.213 Disassembled: source: 43082, dest: 16565, seq: 52, ack: 218169323, window: 5808, ACK
0.214 Error: Incorrect acknowledgement flag
0.214 Received: b'\xa8J@\xb5\x00\x00\x005\r\x00\xff\xebP\x10\x16\xb0\x00\x00\x00\x00ilisi repudiare '...
0.214 Disassembled: source: 43082, dest: 16565, seq: 53, ack: 218169323, window: 5808, ACK, data: "ilisi repudiare "...
0.214 Error: Incorrect acknowledgement flag
0.711 Sent: b'@\xb5\xa8J\r\x00\xff\xe9\x00\x00\x000P\x10\x16\xb0\x00\x00\x00\x00'
1.212 Sent: b'@\xb5\xa8J\r\x00\xff\xe9\x00\x00\x000P\x10\x16\xb0\x00\x00\x00\x00'
1.712 Sent: b'@\xb5\xa8J\r\x00\xff\xe9\x00\x00\x000P\x10\x16\xb0\x00\x00\x00\x00'
2.213 Sent: b'@\xb5\xa8J\r\x00\xff\xe9\x00\x00\x000P\x10\x16\xb0\x00\x00\x00\x00'
2.713 Error: Connection timed out
2.713 Closed connection
2.717 Shutting down
