0.000 NEW RUN: Server, TEST: Write_file__Empty
0.207 Received: b'(\x04o^\x00\x00\x00:\x00\x00\x00\x00P\x02\x05\xa8\x00\x00\x00\x00'
0.207 Disassembled: source: 10244, dest: 28510, seq: 58, window: 1448, SYN
0.208 SYN accepted; new connection: 127.0.0.1 on port 10244
0.208 Assembling: source: 28510, dest: 10244, seq: 217142519, ack: 59, window: 5808, ACK, SYN
0.208 Sent: b'o^(\x04\x0c\xf1T\xf7\x00\x00\x00;P\x12\x16\xb0\x00\x00\x00\x00'
0.210 Received: b'(\x04o^\x00\x00\x00;\x0c\xf1T\xf8P\x10\x16\xb0\x00\x00\x00\x00'
0.210 Disassembled: source: 10244, dest: 28510, seq: 59, ack: 217142520, window: 5808, ACK
0.210 Assembling: source: 28510, dest: 10244, seq: 217142520, ack: 59, window: 5808, ACK
0.211 Sent: b'o^(\x04\x0c\xf1T\xf8\x00\x00\x00;P\x10\x16\xb0\x00\x00\x00\x00'
0.211 Received: b'(\x04o^\x00\x00\x00<\x0c\xf1T\xf8P\x10\x16\xb0\x00\x00\x00\x00'
0.211 Disassembled: source: 10244, dest: 28510, seq: 60, ack: 217142520, window: 5808, ACK
0.211 Assembling: source: 28510, dest: 10244, seq: 217142520, ack: 59, window: 5808, ACK
0.212 Sent: b'o^(\x04\x0c\xf1T\xf8\x00\x00\x00;P\x10\x16\xb0\x00\x00\x00\x00'
0.712 Sent: b'o^(\x04\x0c\xf1T\xf8\x00\x00\x00;P\x10\x16\xb0\x00\x00\x00\x00'
1.212 Sent: b'o^(\x04\x0c\xf1T\xf8\x00\x00\x00;P\x10\x16\xb0\x00\x00\x00\x00'
1.713 Sent: b'o^(\x04\x0c\xf1T\xf8\x00\x00\x00;P\x10\x16\xb0\x00\x00\x00\x00'
2.213 Sent: b'o^(\x04\x0c\xf1T\xf8\x00\x00\x00;P\x10\x16\xb0\x00\x00\x00\x00'
2.714 Error: Connection timed out
2.714 Closed connection
2.716 Shutting down
