0.000 NEW RUN: Server, TEST: Read_file__Small_multi-packet
0.203 Received: b'Pn\x86\xeb\x00\x00\x00N\x00\x00\x00\x00P\x02\x05\xa8\x00\x00\x00\x00'
0.204 Disassembled: source: 20590, dest: 34539, seq: 78, window: 1448, SYN
0.204 SYN accepted; new connection: 127.0.0.1 on port 20590
0.204 Assembling: source: 34539, dest: 20590, seq: 3541807835, ack: 79, window: 1448, ACK, SYN
0.205 Sent: b'\x86\xebPn\xd3\x1b\xb2\xdb\x00\x00\x00OP\x12\x05\xa8\x00\x00\x00\x00'
0.206 Received: b'Pn\x86\xeb\x00\x00\x00O\xd3\x1b\xb2\xdcP\x10\x05\xa8\x00\x00\x00\x00'
0.206 Disassembled: source: 20590, dest: 34539, seq: 79, ack: 3541807836, window: 1448, ACK
0.206 Handshake complete
0.206 Acknowledged seq: 3541807835
0.207 Assembling: source: 34539, dest: 20590, seq: 3541807836, ack: 80, window: 1448, data: "Lorem ipsum dolo"...
0.207 Sent: b'\x86\xebPn\xd3\x1b\xb2\xdc\x00\x00\x00PP\x00\x05\xa8\x00\x00\x00\x00Lorem ipsum dolo'...
0.208 Received: b'Pn\x86\xeb\x00\x00\x00P\xd3\x1b\xb2\xddP\x10\x05\xa8\x00\x00\x00\x00'
0.209 Disassembled: source: 20590, dest: 34539, seq: 80, ack: 3541807837, window: 1448, ACK
0.209 Assembling: source: 34539, dest: 20590, seq: 3541809284, ack: 81, window: 1448, data: "m"
0.209 Sent: b'\x86\xebPn\xd3\x1b\xb8\x84\x00\x00\x00QP\x00\x05\xa8\x00\x00\x00\x00m'
0.709 Sent: b'\x86\xebPn\xd3\x1b\xb2\xdc\x00\x00\x00PP\x00\x05\xa8\x00\x00\x00\x00Lorem ipsum dolo'...
0.710 Sent: b'\x86\xebPn\xd3\x1b\xb8\x84\x00\x00\x00QP\x00\x05\xa8\x00\x00\x00\x00m'
1.210 Sent: b'\x86\xebPn\xd3\x1b\xb2\xdc\x00\x00\x00PP\x00\x05\xa8\x00\x00\x00\x00Lorem ipsum dolo'...
1.210 Sent: b'\x86\xebPn\xd3\x1b\xb8\x84\x00\x00\x00QP\x00\x05\xa8\x00\x00\x00\x00m'
1.710 Sent: b'\x86\xebPn\xd3\x1b\xb2\xdc\x00\x00\x00PP\x00\x05\xa8\x00\x00\x00\x00Lorem ipsum dolo'...
1.711 Sent: b'\x86\xebPn\xd3\x1b\xb8\x84\x00\x00\x00QP\x00\x05\xa8\x00\x00\x00\x00m'
2.211 Sent: b'\x86\xebPn\xd3\x1b\xb2\xdc\x00\x00\x00PP\x00\x05\xa8\x00\x00\x00\x00Lorem ipsum dolo'...
2.211 Sent: b'\x86\xebPn\xd3\x1b\xb8\x84\x00\x00\x00QP\x00\x05\xa8\x00\x00\x00\x00m'
2.711 Sent: b'\x86\xebPn\xd3\x1b\xb2\xdc\x00\x00\x00PP\x00\x05\xa8\x00\x00\x00\x00Lorem ipsum dolo'...
2.711 Sent: b'\x86\xebPn\xd3\x1b\xb8\x84\x00\x00\x00QP\x00\x05\xa8\x00\x00\x00\x00m'
3.211 Error: Connection timed out
3.211 Closed connection
3.212 Shutting down
