0.000 NEW RUN: Server, TEST: Read_file__Single_packet
0.210 Received: b";'\x98\x82\x00\x00\x00/\x00\x00\x00\x00P\x02\x05\xa8\x00\x00\x00\x00"
0.211 Disassembled: source: 15143, dest: 39042, seq: 47, window: 1448, SYN
0.211 SYN accepted; new connection: 127.0.0.1 on port 15143
0.211 Assembling: source: 39042, dest: 15143, seq: 3540773528, ack: 48, window: 1448, ACK, SYN
0.212 Sent: b"\x98\x82;'\xd3\x0b\xea\x98\x00\x00\x000P\x12\x05\xa8\x00\x00\x00\x00"
0.213 Received: b";'\x98\x82\x00\x00\x000\xd3\x0b\xea\x99P\x10\x05\xa8\x00\x00\x00\x00"
0.213 Disassembled: source: 15143, dest: 39042, seq: 48, ack: 3540773529, window: 1448, ACK
0.213 Handshake complete
0.213 Acknowledged seq: 3540773528
0.214 Finished reading file
0.214 Assembling: source: 39042, dest: 15143, seq: 3540773529, ack: 49, window: 1448, data: "This file fits i"...
0.214 Sent: b"\x98\x82;'\xd3\x0b\xea\x99\x00\x00\x001P\x00\x05\xa8\x00\x00\x00\x00This file fits i"...
0.215 Received: b";'\x98\x82\x00\x00\x001\xd3\x0b\xea\x9aP\x10\x05\xa8\x00\x00\x00\x00"
0.216 Disassembled: source: 15143, dest: 39042, seq: 49, ack: 3540773530, window: 1448, ACK
0.216 Assembling: source: 39042, dest: 15143, seq: 3540773572, ack: 50, window: 1448, ACK, FIN
0.216 Sent: b"\x98\x82;'\xd3\x0b\xea\xc4\x00\x00\x002P\x11\x05\xa8\x00\x00\x00\x00"
0.717 Sent: b"\x98\x82;'\xd3\x0b\xea\x99\x00\x00\x001P\x00\x05\xa8\x00\x00\x00\x00This file fits i"...
0.717 Sent: b"\x98\x82;'\xd3\x0b\xea\xc4\x00\x00\x002P\x11\x05\xa8\x00\x00\x00\x00"
1.217 Sent: b"\x98\x82;'\xd3\x0b\xea\x99\x00\x00\x001P\x00\x05\xa8\x00\x00\x00\x00This file fits i"...
1.217 Sent: b"\x98\x82;'\xd3\x0b\xea\xc4\x00\x00\x002P\x11\x05\xa8\x00\x00\x00\x00"
1.717 Sent: b"\x98\x82;'\xd3\x0b\xea\x99\x00\x00\x001P\x00\x05\xa8\x00\x00\x00\x00This file fits i"...
1.718 Sent: b"\x98\x82;'\xd3\x0b\xea\xc4\x00\x00\x002P\x11\x05\xa8\x00\x00\x00\x00"
2.218 Sent: b"\x98\x82;'\xd3\x0b\xea\x99\x00\x00\x001P\x00\x05\xa8\x00\x00\x00\x00This file fits i"...
2.218 Sent: b"\x98\x82;'\xd3\x0b\xea\xc4\x00\x00\x002P\x11\x05\xa8\x00\x00\x00\x00"
2.718 Sent: b"\x98\x82;'\xd3\x0b\xea\x99\x00\x00\x001P\x00\x05\xa8\x00\x00\x00\x00This file fits i"...
2.718 Sent: b"\x98\x82;'\xd3\x0b\xea\xc4\x00\x00\x002P\x11\x05\xa8\x00\x00\x00\x00"
3.218 Error: Connection timed out
3.219 Closed connection
3.220 Shutting down
