0.000 NEW RUN: Server, TEST: Read_file__Large_multi-packet
0.216 Received: b'\x9c\x82\xea[\x00\x00\x00\x1d\x00\x00\x00\x00P\x02\x05\xa8\x00\x00\x00\x00'
0.216 Disassembled: source: 40066, dest: 59995, seq: 29, window: 1448, SYN
0.217 SYN accepted; new connection: 127.0.0.1 on port 40066
0.217 Assembling: source: 59995, dest: 40066, seq: 3542848649, ack: 30, window: 1448, ACK, SYN
0.217 Sent: b'\xea[\x9c\x82\xd3+\x94\x89\x00\x00\x00\x1eP\x12\x05\xa8\x00\x00\x00\x00'
0.218 Received: b'\x9c\x82\xea[\x00\x00\x00\x1e\xd3+\x94\x8aP\x10\x05\xa8\x00\x00\x00\x00'
0.218 Disassembled: source: 40066, dest: 59995, seq: 30, ack: 3542848650, window: 1448, ACK
0.218 Handshake complete
0.219 Acknowledged seq: 3542848649
0.219 Assembling: source: 59995, dest: 40066, seq: 3542848650, ack: 31, window: 1448, data: "Lorem ipsum dolo"...
0.219 Sent: b'\xea[\x9c\x82\xd3+\x94\x8a\x00\x00\x00\x1fP\x00\x05\xa8\x00\x00\x00\x00Lorem ipsum dolo'...
0.220 Received: b'\x9c\x82\xea[\x00\x00\x00\x1f\xd3+\x94\x8bP\x10\x05\xa8\x00\x00\x00\x00'
0.221 Disassembled: source: 40066, dest: 59995, seq: 31, ack: 3542848651, window: 1448, ACK
0.221 Assembling: source: 59995, dest: 40066, seq: 3542850098, ack: 32, window: 1448, data: "m"
0.221 Sent: b'\xea[\x9c\x82\xd3+\x9a2\x00\x00\x00 P\x00\x05\xa8\x00\x00\x00\x00m'
0.721 Sent: b'\xea[\x9c\x82\xd3+\x94\x8a\x00\x00\x00\x1fP\x00\x05\xa8\x00\x00\x00\x00Lorem ipsum dolo'...
0.722 Sent: b'\xea[\x9c\x82\xd3+\x9a2\x00\x00\x00 P\x00\x05\xa8\x00\x00\x00\x00m'
1.222 Sent: b'\xea[\x9c\x82\xd3+\x94\x8a\x00\x00\x00\x1fP\x00\x05\xa8\x00\x00\x00\x00Lorem ipsum dolo'...
1.222 Sent: b'\xea[\x9c\x82\xd3+\x9a2\x00\x00\x00 P\x00\x05\xa8\x00\x00\x00\x00m'
1.722 Sent: b'\xea[\x9c\x82\xd3+\x94\x8a\x00\x00\x00\x1fP\x00\x05\xa8\x00\x00\x00\x00Lorem ipsum dolo'...
1.722 Sent: b'\xea[\x9c\x82\xd3+\x9a2\x00\x00\x00 P\x00\x05\xa8\x00\x00\x00\x00m'
2.222 Sent: b'\xea[\x9c\x82\xd3+\x94\x8a\x00\x00\x00\x1fP\x00\x05\xa8\x00\x00\x00\x00Lorem ipsum dolo'...
2.223 Sent: b'\xea[\x9c\x82\xd3+\x9a2\x00\x00\x00 P\x00\x05\xa8\x00\x00\x00\x00m'
2.723 Sent: b'\xea[\x9c\x82\xd3+\x94\x8a\x00\x00\x00\x1fP\x00\x05\xa8\x00\x00\x00\x00Lorem ipsum dolo'...
2.723 Sent: b'\xea[\x9c\x82\xd3+\x9a2\x00\x00\x00 P\x00\x05\xa8\x00\x00\x00\x00m'
3.223 Error: Connection timed out
3.223 Closed connection
3.224 Shutting down
