0.000 NEW RUN: Server, TEST: Read_file__No_file_extension
0.206 Received: b'\x9a\x90\xcc\x90\x00\x00\x00\x1b\x00\x00\x00\x00P\x02\x05\xa8\x00\x00\x00\x00'
0.207 Disassembled: source: 39568, dest: 52368, seq: 27, window: 1448, SYN
0.207 SYN accepted; new connection: 127.0.0.1 on port 39568
0.207 Assembling: source: 52368, dest: 39568, seq: 2853053296, ack: 28, window: 1448, ACK, SYN
0.208 Sent: b'\xcc\x90\x9a\x90\xaa\x0e#p\x00\x00\x00\x1cP\x12\x05\xa8\x00\x00\x00\x00'
0.210 Received: b'\x9a\x90\xcc\x90\x00\x00\x00\x1c\xaa\x0e#qP\x10\x05\xa8\x00\x00\x00\x00'
0.210 Disassembled: source: 39568, dest: 52368, seq: 28, ack: 2853053297, window: 1448, ACK
0.210 Handshake complete
0.210 Acknowledged seq: 2853053296
0.210 Assembling: source: 52368, dest: 39568, seq: 2853053297, ack: 29, window: 1448, data: "Lorem ipsum dolo"...
0.210 Sent: b'\xcc\x90\x9a\x90\xaa\x0e#q\x00\x00\x00\x1dP\x00\x05\xa8\x00\x00\x00\x00Lorem ipsum dolo'...
0.213 Received: b'\x9a\x90\xcc\x90\x00\x00\x00\x1d\xaa\x0e#rP\x10\x05\xa8\x00\x00\x00\x00'
0.213 Disassembled: source: 39568, dest: 52368, seq: 29, ack: 2853053298, window: 1448, ACK
0.213 Assembling: source: 52368, dest: 39568, seq: 2853054745, ack: 30, window: 1448, data: "m"
0.214 Sent: b'\xcc\x90\x9a\x90\xaa\x0e)\x19\x00\x00\x00\x1eP\x00\x05\xa8\x00\x00\x00\x00m'
0.216 Received: b'\x9a\x90\xcc\x90\x00\x00\x00\x1e\xaa\x0e#sP\x10\x05\xa8\x00\x00\x00\x00'
0.216 Disassembled: source: 39568, dest: 52368, seq: 30, ack: 2853053299, window: 1448, ACK
0.216 Assembling: source: 52368, dest: 39568, seq: 2853054746, ack: 31, window: 1448, data: "p"
0.216 Sent: b'\xcc\x90\x9a\x90\xaa\x0e)\x1a\x00\x00\x00\x1fP\x00\x05\xa8\x00\x00\x00\x00p'
0.717 Sent: b'\xcc\x90\x9a\x90\xaa\x0e#q\x00\x00\x00\x1dP\x00\x05\xa8\x00\x00\x00\x00Lorem ipsum dolo'...
0.717 Sent: b'\xcc\x90\x9a\x90\xaa\x0e)\x19\x00\x00\x00\x1eP\x00\x05\xa8\x00\x00\x00\x00m'
0.717 Sent: b'\xcc\x90\x9a\x90\xaa\x0e)\x1a\x00\x00\x00\x1fP\x00\x05\xa8\x00\x00\x00\x00p'
1.217 Sent: b'\xcc\x90\x9a\x90\xaa\x0e#q\x00\x00\x00\x1dP\x00\x05\xa8\x00\x00\x00\x00Lorem ipsum dolo'...
1.217 Sent: b'\xcc\x90\x9a\x90\xaa\x0e)\x19\x00\x00\x00\x1eP\x00\x05\xa8\x00\x00\x00\x00m'
1.218 Sent: b'\xcc\x90\x9a\x90\xaa\x0e)\x1a\x00\x00\x00\x1fP\x00\x05\xa8\x00\x00\x00\x00p'
1.717 Sent: b'\xcc\x90\x9a\x90\xaa\x0e#q\x00\x00\x00\x1dP\x00\x05\xa8\x00\x00\x00\x00Lorem ipsum dolo'...
1.718 Sent: b'\xcc\x90\x9a\x90\xaa\x0e)\x19\x00\x00\x00\x1eP\x00\x05\xa8\x00\x00\x00\x00m'
1.718 Sent: b'\xcc\x90\x9a\x90\xaa\x0e)\x1a\x00\x00\x00\x1fP\x00\x05\xa8\x00\x00\x00\x00p'
2.218 Sent: b'\xcc\x90\x9a\x90\xaa\x0e#q\x00\x00\x00\x1dP\x00\x05\xa8\x00\x00\x00\x00Lorem ipsum dolo'...
2.218 Sent: b'\xcc\x90\x9a\x90\xaa\x0e)\x19\x00\x00\x00\x1eP\x00\x05\xa8\x00\x00\x00\x00m'
2.218 Sent: b'\xcc\x90\x9a\x90\xaa\x0e)\x1a\x00\x00\x00\x1fP\x00\x05\xa8\x00\x00\x00\x00p'
2.718 Sent: b'\xcc\x90\x9a\x90\xaa\x0e#q\x00\x00\x00\x1dP\x00\x05\xa8\x00\x00\x00\x00Lorem ipsum dolo'...
2.719 Sent: b'\xcc\x90\x9a\x90\xaa\x0e)\x19\x00\x00\x00\x1eP\x00\x05\xa8\x00\x00\x00\x00m'
2.719 Sent: b'\xcc\x90\x9a\x90\xaa\x0e)\x1a\x00\x00\x00\x1fP\x00\x05\xa8\x00\x00\x00\x00p'
3.218 Error: Connection timed out
3.219 Closed connection
3.219 Shutting down
