0.000 NEW RUN: Server, TEST: Read_file__Very_large_multi-packet
0.211 Received: b'\xd2\xd0\xd2\x8e\x00\x00\x003\x00\x00\x00\x00P\x02\x05\xa8\x00\x00\x00\x00'
0.211 Disassembled: source: 53968, dest: 53902, seq: 51, window: 1448, SYN
0.212 SYN accepted; new connection: 127.0.0.1 on port 53968
0.212 Assembling: source: 53902, dest: 53968, seq: 2899632352, ack: 52, window: 1448, ACK, SYN
0.212 Sent: b'\xd2\x8e\xd2\xd0\xac\xd4\xe0\xe0\x00\x00\x004P\x12\x05\xa8\x00\x00\x00\x00'
0.214 Received: b'\xd2\xd0\xd2\x8e\x00\x00\x004\xac\xd4\xe0\xe1P\x10\x05\xa8\x00\x00\x00\x00'
0.214 Disassembled: source: 53968, dest: 53902, seq: 52, ack: 2899632353, window: 1448, ACK
0.214 Handshake complete
0.214 Acknowledged seq: 2899632352
0.214 Assembling: source: 53902, dest: 53968, seq: 2899632353, ack: 53, window: 1448, data: b'@\x96o\xec!c\x93Z\xed\x08f\xcd}`>&'...
0.214 Sent: b'\xd2\x8e\xd2\xd0\xac\xd4\xe0\xe1\x00\x00\x005P\x00\x05\xa8\x00\x00\x00\x00@\x96o\xec!c\x93Z\xed\x08f\xcd}`>&'...
0.217 Received: b'\xd2\xd0\xd2\x8e\x00\x00\x005\xac\xd4\xe0\xe2P\x10\x05\xa8\x00\x00\x00\x00'
0.217 Disassembled: source: 53968, dest: 53902, seq: 53, ack: 2899632354, window: 1448, ACK
0.217 Assembling: source: 53902, dest: 53968, seq: 2899633801, ack: 54, window: 1448, data: b'\xcf'
0.217 Sent: b'\xd2\x8e\xd2\xd0\xac\xd4\xe6\x89\x00\x00\x006P\x00\x05\xa8\x00\x00\x00\x00\xcf'
0.219 Received: b'\xd2\xd0\xd2\x8e\x00\x00\x006\xac\xd4\xe0\xe3P\x10\x05\xa8\x00\x00\x00\x00'
0.219 Disassembled: source: 53968, dest: 53902, seq: 54, ack: 2899632355, window: 1448, ACK
0.220 Assembling: source: 53902, dest: 53968, seq: 2899633802, ack: 55, window: 1448, data: b'\xc8'
0.220 Sent: b'\xd2\x8e\xd2\xd0\xac\xd4\xe6\x8a\x00\x00\x007P\x00\x05\xa8\x00\x00\x00\x00\xc8'
0.720 Sent: b'\xd2\x8e\xd2\xd0\xac\xd4\xe0\xe1\x00\x00\x005P\x00\x05\xa8\x00\x00\x00\x00@\x96o\xec!c\x93Z\xed\x08f\xcd}`>&'...
0.721 Sent: b'\xd2\x8e\xd2\xd0\xac\xd4\xe6\x89\x00\x00\x006P\x00\x05\xa8\x00\x00\x00\x00\xcf'
0.721 Sent: b'\xd2\x8e\xd2\xd0\xac\xd4\xe6\x8a\x00\x00\x007P\x00\x05\xa8\x00\x00\x00\x00\xc8'
1.221 Sent: b'\xd2\x8e\xd2\xd0\xac\xd4\xe0\xe1\x00\x00\x005P\x00\x05\xa8\x00\x00\x00\x00@\x96o\xec!c\x93Z\xed\x08f\xcd}`>&'...
1.221 Sent: b'\xd2\x8e\xd2\xd0\xac\xd4\xe6\x89\x00\x00\x006P\x00\x05\xa8\x00\x00\x00\x00\xcf'
1.221 Sent: b'\xd2\x8e\xd2\xd0\xac\xd4\xe6\x8a\x00\x00\x007P\x00\x05\xa8\x00\x00\x00\x00\xc8'
1.721 Sent: b'\xd2\x8e\xd2\xd0\xac\xd4\xe0\xe1\x00\x00\x005P\x00\x05\xa8\x00\x00\x00\x00@\x96o\xec!c\x93Z\xed\x08f\xcd}`>&'...
1.722 Sent: b'\xd2\x8e\xd2\xd0\xac\xd4\xe6\x89\x00\x00\x006P\x00\x05\xa8\x00\x00\x00\x00\xcf'
1.722 Sent: b'\xd2\x8e\xd2\xd0\xac\xd4\xe6\x8a\x00\x00\x007P\x00\x05\xa8\x00\x00\x00\x00\xc8'
2.221 Sent: b'\xd2\x8e\xd2\xd0\xac\xd4\xe0\xe1\x00\x00\x005P\x00\x05\xa8\x00\x00\x00\x00@\x96o\xec!c\x93Z\xed\x08f\xcd}`>&'...
2.222 Sent: b'\xd2\x8e\xd2\xd0\xac\xd4\xe6\x89\x00\x00\x006P\x00\x05\xa8\x00\x00\x00\x00\xcf'
2.222 Sent: b'\xd2\x8e\xd2\xd0\xac\xd4\xe6\x8a\x00\x00\x007P\x00\x05\xa8\x00\x00\x00\x00\xc8'
2.722 Sent: b'\xd2\x8e\xd2\xd0\xac\xd4\xe0\xe1\x00\x00\x005P\x00\x05\xa8\x00\x00\x00\x00@\x96o\xec!c\x93Z\xed\x08f\xcd}`>&'...
2.722 Sent: b'\xd2\x8e\xd2\xd0\xac\xd4\xe6\x89\x00\x00\x006P\x00\x05\xa8\x00\x00\x00\x00\xcf'
2.723 Sent: b'\xd2\x8e\xd2\xd0\xac\xd4\xe6\x8a\x00\x00\x007P\x00\x05\xa8\x00\x00\x00\x00\xc8'
3.222 Error: Connection timed out
3.222 Closed connection
3.223 Shutting down
