0.000 NEW RUN: Server, TEST: Read_file__Large_multi-packet
0.215 Received: b"\x1a\x15'\xb8\x00\x00\x00c\x00\x00\x00\x00P\x02\x05\xa8\x00\x00\x00\x00"
0.216 Disassembled: source: 6677, dest: 10168, seq: 99, window: 1448, SYN
0.216 SYN accepted; new connection: 127.0.0.1 on port 6677
0.216 Assembling: source: 10168, dest: 6677, seq: 2852531603, ack: 100, window: 1448, ACK, SYN
0.216 Sent: b"'\xb8\x1a\x15\xaa\x06-\x93\x00\x00\x00dP\x12\x05\xa8\x00\x00\x00\x00"
0.217 Received: b"\x1a\x15'\xb8\x00\x00\x00d\xaa\x06-\x94P\x10\x05\xa8\x00\x00\x00\x00"
0.218 Disassembled: source: 6677, dest: 10168, seq: 100, ack: 2852531604, window: 1448, ACK
0.218 Handshake complete
0.218 Acknowledged seq: 2852531603
0.218 Assembling: source: 10168, dest: 6677, seq: 2852531604, ack: 101, window: 1448, data: "Lorem ipsum dolo"...
0.218 Sent: b"'\xb8\x1a\x15\xaa\x06-\x94\x00\x00\x00eP\x00\x05\xa8\x00\x00\x00\x00Lorem ipsum dolo"...
0.220 Received: b"\x1a\x15'\xb8\x00\x00\x00e\xaa\x06-\x95P\x10\x05\xa8\x00\x00\x00\x00"
0.220 Disassembled: source: 6677, dest: 10168, seq: 101, ack: 2852531605, window: 1448, ACK
0.220 Assembling: source: 10168, dest: 6677, seq: 2852533052, ack: 102, window: 1448, data: "m"
0.220 Sent: b"'\xb8\x1a\x15\xaa\x063<\x00\x00\x00fP\x00\x05\xa8\x00\x00\x00\x00m"
0.222 Received: b"\x1a\x15'\xb8\x00\x00\x00f\xaa\x06-\x96P\x10\x05\xa8\x00\x00\x00\x00"
0.222 Disassembled: source: 6677, dest: 10168, seq: 102, ack: 2852531606, window: 1448, ACK
0.222 Assembling: source: 10168, dest: 6677, seq: 2852533053, ack: 103, window: 1448, data: "p"
0.222 Sent: b"'\xb8\x1a\x15\xaa\x063=\x00\x00\x00gP\x00\x05\xa8\x00\x00\x00\x00p"
0.723 Sent: b"'\xb8\x1a\x15\xaa\x06-\x94\x00\x00\x00eP\x00\x05\xa8\x00\x00\x00\x00Lorem ipsum dolo"...
0.723 Sent: b"'\xb8\x1a\x15\xaa\x063<\x00\x00\x00fP\x00\x05\xa8\x00\x00\x00\x00m"
0.723 Sent: b"'\xb8\x1a\x15\xaa\x063=\x00\x00\x00gP\x00\x05\xa8\x00\x00\x00\x00p"
1.223 Sent: b"'\xb8\x1a\x15\xaa\x06-\x94\x00\x00\x00eP\x00\x05\xa8\x00\x00\x00\x00Lorem ipsum dolo"...
1.223 Sent: b"'\xb8\x1a\x15\xaa\x063<\x00\x00\x00fP\x00\x05\xa8\x00\x00\x00\x00m"
1.224 Sent: b"'\xb8\x1a\x15\xaa\x063=\x00\x00\x00gP\x00\x05\xa8\x00\x00\x00\x00p"
1.723 Sent: b"'\xb8\x1a\x15\xaa\x06-\x94\x00\x00\x00eP\x00\x05\xa8\x00\x00\x00\x00Lorem ipsum dolo"...
1.724 Sent: b"'\xb8\x1a\x15\xaa\x063<\x00\x00\x00fP\x00\x05\xa8\x00\x00\x00\x00m"
1.724 Sent: b"'\xb8\x1a\x15\xaa\x063=\x00\x00\x00gP\x00\x05\xa8\x00\x00\x00\x00p"
2.224 Sent: b"'\xb8\x1a\x15\xaa\x06-\x94\x00\x00\x00eP\x00\x05\xa8\x00\x00\x00\x00Lorem ipsum dolo"...
2.224 Sent: b"'\xb8\x1a\x15\xaa\x063<\x00\x00\x00fP\x00\x05\xa8\x00\x00\x00\x00m"
2.225 Sent: b"'\xb8\x1a\x15\xaa\x063=\x00\x00\x00gP\x00\x05\xa8\x00\x00\x00\x00p"
2.724 Sent: b"'\xb8\x1a\x15\xaa\x06-\x94\x00\x00\x00eP\x00\x05\xa8\x00\x00\x00\x00Lorem ipsum dolo"...
2.725 Sent: b"'\xb8\x1a\x15\xaa\x063<\x00\x00\x00fP\x00\x05\xa8\x00\x00\x00\x00m"
2.725 Sent: b"'\xb8\x1a\x15\xaa\x063=\x00\x00\x00gP\x00\x05\xa8\x00\x00\x00\x00p"
3.224 Error: Connection timed out
3.224 Closed connection
3.225 Shutting down
