0.000 NEW RUN: Server, TEST: Read_file__Single_packet
0.209 Received: b'\x87\xb8\x96\xdf\x00\x00\x00+\x00\x00\x00\x00P\x02\x05\xa8\x00\x00\x00\x00'
0.209 Disassembled: source: 34744, dest: 38623, seq: 43, window: 1448, SYN
0.209 SYN accepted; new connection: 127.0.0.1 on port 34744
0.209 Assembling: source: 38623, dest: 34744, seq: 2850959842, ack: 44, window: 1448, ACK, SYN
0.210 Sent: b'\x96\xdf\x87\xb8\xa9\xee1\xe2\x00\x00\x00,P\x12\x05\xa8\x00\x00\x00\x00'
0.211 Received: b'\x87\xb8\x96\xdf\x00\x00\x00,\xa9\xee1\xe3P\x10\x05\xa8\x00\x00\x00\x00'
0.211 Disassembled: source: 34744, dest: 38623, seq: 44, ack: 2850959843, window: 1448, ACK
0.211 Handshake complete
0.211 Acknowledged seq: 2850959842
0.211 Finished reading file
0.211 Assembling: source: 38623, dest: 34744, seq: 2850959843, ack: 45, window: 1448, data: "This file fits i"...
0.212 Sent: b'\x96\xdf\x87\xb8\xa9\xee1\xe3\x00\x00\x00-P\x00\x05\xa8\x00\x00\x00\x00This file fits i'...
0.213 Received: b'\x87\xb8\x96\xdf\x00\x00\x00-\xa9\xee1\xe4P\x10\x05\xa8\x00\x00\x00\x00'
0.213 Disassembled: source: 34744, dest: 38623, seq: 45, ack: 2850959844, window: 1448, ACK
0.214 Assembling: source: 38623, dest: 34744, seq: 2850959886, ack: 46, window: 1448, ACK, FIN
0.214 Sent: b'\x96\xdf\x87\xb8\xa9\xee2\x0e\x00\x00\x00.P\x11\x05\xa8\x00\x00\x00\x00'
0.215 Received: b'\x87\xb8\x96\xdf\x00\x00\x00.\xa9\xee1\xe5P\x10\x05\xa8\x00\x00\x00\x00'
0.215 Disassembled: source: 34744, dest: 38623, seq: 46, ack: 2850959845, window: 1448, ACK
0.215 Received: b'\x87\xb8\x96\xdf\x00\x00\x00/\xa9\xee1\xe5P\x01\x05\xa8\x00\x00\x00\x00'
0.216 Disassembled: source: 34744, dest: 38623, seq: 47, ack: 2850959845, window: 1448, FIN
0.216 Error: Responses must be acknowledgements
0.712 Sent: b'\x96\xdf\x87\xb8\xa9\xee1\xe3\x00\x00\x00-P\x00\x05\xa8\x00\x00\x00\x00This file fits i'...
0.714 Sent: b'\x96\xdf\x87\xb8\xa9\xee2\x0e\x00\x00\x00.P\x11\x05\xa8\x00\x00\x00\x00'
1.212 Sent: b'\x96\xdf\x87\xb8\xa9\xee1\xe3\x00\x00\x00-P\x00\x05\xa8\x00\x00\x00\x00This file fits i'...
1.214 Sent: b'\x96\xdf\x87\xb8\xa9\xee2\x0e\x00\x00\x00.P\x11\x05\xa8\x00\x00\x00\x00'
1.712 Sent: b'\x96\xdf\x87\xb8\xa9\xee1\xe3\x00\x00\x00-P\x00\x05\xa8\x00\x00\x00\x00This file fits i'...
1.715 Sent: b'\x96\xdf\x87\xb8\xa9\xee2\x0e\x00\x00\x00.P\x11\x05\xa8\x00\x00\x00\x00'
2.213 Sent: b'\x96\xdf\x87\xb8\xa9\xee1\xe3\x00\x00\x00-P\x00\x05\xa8\x00\x00\x00\x00This file fits i'...
2.215 Sent: b'\x96\xdf\x87\xb8\xa9\xee2\x0e\x00\x00\x00.P\x11\x05\xa8\x00\x00\x00\x00'
2.713 Sent: b'\x96\xdf\x87\xb8\xa9\xee1\xe3\x00\x00\x00-P\x00\x05\xa8\x00\x00\x00\x00This file fits i'...
2.716 Sent: b'\x96\xdf\x87\xb8\xa9\xee2\x0e\x00\x00\x00.P\x11\x05\xa8\x00\x00\x00\x00'
3.213 Error: Connection timed out
3.214 Closed connection
3.219 Shutting down
