0.000 NEW RUN: Server, TEST: Read_file__Random_drops
0.215 Received: b'qv\xae4\x00\x00\x002\x00\x00\x00\x00P\x02\x05\xa8\x00\x00\x00\x00'
0.216 Disassembled: source: 29046, dest: 44596, seq: 50, window: 1448, SYN
0.216 SYN accepted; new connection: 127.0.0.1 on port 29046
0.216 Assembling: source: 44596, dest: 29046, seq: 2868306755, ack: 51, window: 1448, ACK, SYN
0.217 Sent: b'\xae4qv\xaa\xf6\xe3C\x00\x00\x003P\x12\x05\xa8\x00\x00\x00\x00'
0.219 Received: b'qv\xae4\x00\x00\x003\xaa\xf6\xe3DP\x10\x05\xa8\x00\x00\x00\x00'
0.219 Disassembled: source: 29046, dest: 44596, seq: 51, ack: 2868306756, window: 1448, ACK
0.219 Handshake complete
0.219 Acknowledged seq: 2868306755
0.219 Assembling: source: 44596, dest: 29046, seq: 2868306756, ack: 52, window: 1448, data: "Lorem ipsum dolo"...
0.219 Sent: b'\xae4qv\xaa\xf6\xe3D\x00\x00\x004P\x00\x05\xa8\x00\x00\x00\x00Lorem ipsum dolo'...
0.222 Received: b'qv\xae4\x00\x00\x004\xaa\xf6\xe3EP\x10\x05\xa8\x00\x00\x00\x00'
0.222 Disassembled: source: 29046, dest: 44596, seq: 52, ack: 2868306757, window: 1448, ACK
0.222 Assembling: source: 44596, dest: 29046, seq: 2868308204, ack: 53, window: 1448, data: "m"
0.222 Sent: b'\xae4qv\xaa\xf6\xe8\xec\x00\x00\x005P\x00\x05\xa8\x00\x00\x00\x00m'
0.225 Received: b'qv\xae4\x00\x00\x005\xaa\xf6\xe3FP\x10\x05\xa8\x00\x00\x00\x00'
0.225 Disassembled: source: 29046, dest: 44596, seq: 53, ack: 2868306758, window: 1448, ACK
0.225 Assembling: source: 44596, dest: 29046, seq: 2868308205, ack: 54, window: 1448, data: "p"
0.225 Failed to send packet
0.726 Sent: b'\xae4qv\xaa\xf6\xe3D\x00\x00\x004P\x00\x05\xa8\x00\x00\x00\x00Lorem ipsum dolo'...
0.726 Sent: b'\xae4qv\xaa\xf6\xe8\xec\x00\x00\x005P\x00\x05\xa8\x00\x00\x00\x00m'
0.726 Sent: b'\xae4qv\xaa\xf6\xe8\xed\x00\x00\x006P\x00\x05\xa8\x00\x00\x00\x00p'
1.226 Sent: b'\xae4qv\xaa\xf6\xe3D\x00\x00\x004P\x00\x05\xa8\x00\x00\x00\x00Lorem ipsum dolo'...
1.226 Sent: b'\xae4qv\xaa\xf6\xe8\xec\x00\x00\x005P\x00\x05\xa8\x00\x00\x00\x00m'
1.227 Failed to send packet
1.726 Sent: b'\xae4qv\xaa\xf6\xe3D\x00\x00\x004P\x00\x05\xa8\x00\x00\x00\x00Lorem ipsum dolo'...
1.727 Sent: b'\xae4qv\xaa\xf6\xe8\xec\x00\x00\x005P\x00\x05\xa8\x00\x00\x00\x00m'
1.727 Sent: b'\xae4qv\xaa\xf6\xe8\xed\x00\x00\x006P\x00\x05\xa8\x00\x00\x00\x00p'
2.227 Sent: b'\xae4qv\xaa\xf6\xe3D\x00\x00\x004P\x00\x05\xa8\x00\x00\x00\x00Lorem ipsum dolo'...
2.227 Sent: b'\xae4qv\xaa\xf6\xe8\xec\x00\x00\x005P\x00\x05\xa8\x00\x00\x00\x00m'
2.227 Sent: b'\xae4qv\xaa\xf6\xe8\xed\x00\x00\x006P\x00\x05\xa8\x00\x00\x00\x00p'
2.727 Sent: b'\xae4qv\xaa\xf6\xe3D\x00\x00\x004P\x00\x05\xa8\x00\x00\x00\x00Lorem ipsum dolo'...
2.727 Sent: b'\xae4qv\xaa\xf6\xe8\xec\x00\x00\x005P\x00\x05\xa8\x00\x00\x00\x00m'
2.728 Sent: b'\xae4qv\xaa\xf6\xe8\xed\x00\x00\x006P\x00\x05\xa8\x00\x00\x00\x00p'
3.227 Error: Connection timed out
3.228 Closed connection
3.228 Shutting down
