0.000 NEW RUN: Server, TEST: Write_file__Large_multi-packet
0.226 Received: b'\xeb\xb1<\x83\x00\x00\x00"\x00\x00\x00\x00P\x02\x05\xa8\x00\x00\x00\x00'
0.227 Disassembled: source: 60337, dest: 15491, seq: 34, window: 1448, SYN
0.227 SYN accepted; new connection: 127.0.0.1 on port 60337
0.227 Assembling: source: 15491, dest: 60337, seq: 2855694587, ack: 35, window: 5808, ACK, SYN
0.227 Sent: b'<\x83\xeb\xb1\xaa6p\xfb\x00\x00\x00#P\x12\x16\xb0\x00\x00\x00\x00'
0.229 Received: b'\xeb\xb1<\x83\x00\x00\x00#\xaa6p\xfcP\x10\x16\xb0\x00\x00\x00\x00'
0.229 Disassembled: source: 60337, dest: 15491, seq: 35, ack: 2855694588, window: 5808, ACK
0.229 Assembling: source: 15491, dest: 60337, seq: 2855694588, ack: 35, window: 5808, ACK
0.230 Sent: b'<\x83\xeb\xb1\xaa6p\xfc\x00\x00\x00#P\x10\x16\xb0\x00\x00\x00\x00'
0.230 Received: b'\xeb\xb1<\x83\x00\x00\x00$\xaa6p\xfcP\x10\x16\xb0\x00\x00\x00\x00Lorem ipsum dolo'...
0.230 Disassembled: source: 60337, dest: 15491, seq: 36, ack: 2855694588, window: 5808, ACK, data: "Lorem ipsum dolo"...
0.230 Handshake complete
0.230 Data accepted; adding to buffer
0.230 Assembling: source: 15491, dest: 60337, seq: 2855694588, ack: 35, window: 5808, ACK
0.231 Sent: b'<\x83\xeb\xb1\xaa6p\xfc\x00\x00\x00#P\x10\x16\xb0\x00\x00\x00\x00'
0.231 Received: b'\xeb\xb1<\x83\x00\x00\x00%\xaa6p\xfdP\x10\x16\xb0\x00\x00\x00\x00'
0.231 Disassembled: source: 60337, dest: 15491, seq: 37, ack: 2855694589, window: 5808, ACK
0.231 Error: Incorrect acknowledgement flag
0.232 Received: b'\xeb\xb1<\x83\x00\x00\x00&\xaa6p\xfdP\x10\x16\xb0\x00\x00\x00\x00mprehensam nam, '...
0.232 Disassembled: source: 60337, dest: 15491, seq: 38, ack: 2855694589, window: 5808, ACK, data: "mprehensam nam, "...
0.232 Error: Incorrect acknowledgement flag
0.233 Received: b"\xeb\xb1<\x83\x00\x00\x00'\xaa6p\xfeP\x10\x16\xb0\x00\x00\x00\x00"
0.233 Disassembled: source: 60337, dest: 15491, seq: 39, ack: 2855694590, window: 5808, ACK
0.233 Error: Incorrect acknowledgement flag
0.234 Received: b'\xeb\xb1<\x83\x00\x00\x00(\xaa6p\xfeP\x10\x16\xb0\x00\x00\x00\x00ilisi repudiare '...
0.235 Disassembled: source: 60337, dest: 15491, seq: 40, ack: 2855694590, window: 5808, ACK, data: "ilisi repudiare "...
0.235 Error: Incorrect acknowledgement flag
0.731 Sent: b'<\x83\xeb\xb1\xaa6p\xfc\x00\x00\x00#P\x10\x16\xb0\x00\x00\x00\x00'
0.733 Received: b'\xeb\xb1<\x83\x00\x00\x00)\xaa6p\xffP\x10\x16\xb0\x00\x00\x00\x00'
0.734 Disassembled: source: 60337, dest: 15491, seq: 41, ack: 2855694591, window: 5808, ACK
0.734 Error: Incorrect acknowledgement flag
0.735 Received: b'\xeb\xb1<\x83\x00\x00\x00*\xaa6p\xffP\x10\x16\xb0\x00\x00\x00\x00ta.\n\nEt essent s'...
0.735 Disassembled: source: 60337, dest: 15491, seq: 42, ack: 2855694591, window: 5808, ACK, data: "ta.

Et essent s"...
0.735 Error: Incorrect acknowledgement flag
1.232 Sent: b'<\x83\xeb\xb1\xaa6p\xfc\x00\x00\x00#P\x10\x16\xb0\x00\x00\x00\x00'
1.234 Received: b'\xeb\xb1<\x83\x00\x00\x00+\xaa6q\x00P\x10\x16\xb0\x00\x00\x00\x00'
1.234 Disassembled: source: 60337, dest: 15491, seq: 43, ack: 2855694592, window: 5808, ACK
1.235 Error: Incorrect acknowledgement flag
1.236 Received: b'\xeb\xb1<\x83\x00\x00\x00,\xaa6q\x00P\x10\x16\xb0\x00\x00\x00\x00 Nihil tractatos'...
1.237 Disassembled: source: 60337, dest: 15491, seq: 44, ack: 2855694592, window: 5808, ACK, data: " Nihil tractatos"...
1.237 Error: Incorrect acknowledgement flag
1.732 Sent: b'<\x83\xeb\xb1\xaa6p\xfc\x00\x00\x00#P\x10\x16\xb0\x00\x00\x00\x00'
1.735 Received: b'\xeb\xb1<\x83\x00\x00\x00-\xaa6q\x01P\x10\x16\xb0\x00\x00\x00\x00'
1.735 Disassembled: source: 60337, dest: 15491, seq: 45, ack: 2855694593, window: 5808, ACK
1.735 Error: Incorrect acknowledgement flag
1.737 Received: b'\xeb\xb1<\x83\x00\x00\x00.\xaa6q\x01P\x10\x16\xb0\x00\x00\x00\x00fert iuvaret sap'...
1.737 Disassembled: source: 60337, dest: 15491, seq: 46, ack: 2855694593, window: 5808, ACK, data: "fert iuvaret sap"...
1.737 Error: Incorrect acknowledgement flag
2.232 Sent: b'<\x83\xeb\xb1\xaa6p\xfc\x00\x00\x00#P\x10\x16\xb0\x00\x00\x00\x00'
2.235 Received: b'\xeb\xb1<\x83\x00\x00\x00/\xaa6q\x02P\x10\x16\xb0\x00\x00\x00\x00'
2.236 Disassembled: source: 60337, dest: 15491, seq: 47, ack: 2855694594, window: 5808, ACK
2.236 Error: Incorrect acknowledgement flag
2.237 Received: b'\xeb\xb1<\x83\x00\x00\x000\xaa6q\x02P\x10\x16\xb0\x00\x00\x00\x00ram adipiscing, '...
2.238 Disassembled: source: 60337, dest: 15491, seq: 48, ack: 2855694594, window: 5808, ACK, data: "ram adipiscing, "...
2.238 Error: Incorrect acknowledgement flag
2.733 Error: Connection timed out
2.733 Closed connection
2.738 Shutting down
