0.000 NEW RUN: Server, TEST: Write_file__Very_large_multi-packet
0.202 Received: b'%\x8e\xab\xcc\x00\x00\x00\x0b\x00\x00\x00\x00P\x02\x05\xa8\x00\x00\x00\x00'
0.203 Disassembled: source: 9614, dest: 43980, seq: 11, window: 1448, SYN
0.203 SYN accepted; new connection: 127.0.0.1 on port 9614
0.203 Assembling: source: 43980, dest: 9614, seq: 2900159520, ack: 12, window: 5808, ACK, SYN
0.204 Sent: b'\xab\xcc%\x8e\xac\xdc\xec \x00\x00\x00\x0cP\x12\x16\xb0\x00\x00\x00\x00'
0.205 Received: b'%\x8e\xab\xcc\x00\x00\x00\x0c\xac\xdc\xec!P\x10\x16\xb0\x00\x00\x00\x00'
0.206 Disassembled: source: 9614, dest: 43980, seq: 12, ack: 2900159521, window: 5808, ACK
0.206 Assembling: source: 43980, dest: 9614, seq: 2900159521, ack: 12, window: 5808, ACK
0.206 Sent: b'\xab\xcc%\x8e\xac\xdc\xec!\x00\x00\x00\x0cP\x10\x16\xb0\x00\x00\x00\x00'
0.207 Received: b'%\x8e\xab\xcc\x00\x00\x00\r\xac\xdc\xec!P\x10\x16\xb0\x00\x00\x00\x00@\x96o\xec!c\x93Z\xed\x08f\xcd}`>&'...
0.207 Disassembled: source: 9614, dest: 43980, seq: 13, ack: 2900159521, window: 5808, ACK, data: b'@\x96o\xec!c\x93Z\xed\x08f\xcd}`>&'...
0.207 Handshake complete
0.207 Data accepted; adding to buffer
0.207 Assembling: source: 43980, dest: 9614, seq: 2900159521, ack: 12, window: 5808, ACK
0.207 Sent: b'\xab\xcc%\x8e\xac\xdc\xec!\x00\x00\x00\x0cP\x10\x16\xb0\x00\x00\x00\x00'
0.208 Received: b'%\x8e\xab\xcc\x00\x00\x00\x0e\xac\xdc\xec"P\x10\x16\xb0\x00\x00\x00\x00'
0.208 Disassembled: source: 9614, dest: 43980, seq: 14, ack: 2900159522, window: 5808, ACK
0.208 Error: Incorrect acknowledgement flag
0.210 Received: b'%\x8e\xab\xcc\x00\x00\x00\x0f\xac\xdc\xec"P\x10\x16\xb0\x00\x00\x00\x00\xcf\xc8\x9b\xa1\xda\x8aQ^\xb7~?\xf6\xfd\xc6\xd2e'...
0.210 Disassembled: source: 9614, dest: 43980, seq: 15, ack: 2900159522, window: 5808, ACK, data: b'\xcf\xc8\x9b\xa1\xda\x8aQ^\xb7~?\xf6\xfd\xc6\xd2e'...
0.210 Error: Incorrect acknowledgement flag
0.211 Received: b'%\x8e\xab\xcc\x00\x00\x00\x10\xac\xdc\xec#P\x10\x16\xb0\x00\x00\x00\x00'
0.211 Disassembled: source: 9614, dest: 43980, seq: 16, ack: 2900159523, window: 5808, ACK
0.211 Error: Incorrect acknowledgement flag
0.213 Received: b'%\x8e\xab\xcc\x00\x00\x00\x11\xac\xdc\xec#P\x10\x16\xb0\x00\x00\x00\x00B\x87\x8a\xb0C\r1JP\x16O\xcd\xfb\x85g0'...
0.213 Disassembled: source: 9614, dest: 43980, seq: 17, ack: 2900159523, window: 5808, ACK, data: b'B\x87\x8a\xb0C\r1JP\x16O\xcd\xfb\x85g0'...
0.213 Error: Incorrect acknowledgement flag
0.708 Sent: b'\xab\xcc%\x8e\xac\xdc\xec!\x00\x00\x00\x0cP\x10\x16\xb0\x00\x00\x00\x00'
0.710 Received: b'%\x8e\xab\xcc\x00\x00\x00\x12\xac\xdc\xec$P\x10\x16\xb0\x00\x00\x00\x00'
0.710 Disassembled: source: 9614, dest: 43980, seq: 18, ack: 2900159524, window: 5808, ACK
0.711 Error: Incorrect acknowledgement flag
0.712 Received: b'%\x8e\xab\xcc\x00\x00\x00\x13\xac\xdc\xec$P\x10\x16\xb0\x00\x00\x00\x00W7z%\x88\xa6(\xf8\x9d\x11\xd5~6\xd4\xdb\xd0'...
0.713 Disassembled: source: 9614, dest: 43980, seq: 19, ack: 2900159524, window: 5808, ACK, data: b'W7z%\x88\xa6(\xf8\x9d\x11\xd5~6\xd4\xdb\xd0'...
0.713 Error: Incorrect acknowledgement flag
1.208 Sent: b'\xab\xcc%\x8e\xac\xdc\xec!\x00\x00\x00\x0cP\x10\x16\xb0\x00\x00\x00\x00'
1.211 Received: b'%\x8e\xab\xcc\x00\x00\x00\x14\xac\xdc\xec%P\x10\x16\xb0\x00\x00\x00\x00'
1.211 Disassembled: source: 9614, dest: 43980, seq: 20, ack: 2900159525, window: 5808, ACK
1.211 Error: Incorrect acknowledgement flag
1.213 Received: b'%\x8e\xab\xcc\x00\x00\x00\x15\xac\xdc\xec%P\x10\x16\xb0\x00\x00\x00\x00\xff\x8d\xa3u=\xa5#YN\xa8\x99U\x93-@\xc7'...
1.213 Disassembled: source: 9614, dest: 43980, seq: 21, ack: 2900159525, window: 5808, ACK, data: b'\xff\x8d\xa3u=\xa5#YN\xa8\x99U\x93-@\xc7'...
1.213 Error: Incorrect acknowledgement flag
1.708 Sent: b'\xab\xcc%\x8e\xac\xdc\xec!\x00\x00\x00\x0cP\x10\x16\xb0\x00\x00\x00\x00'
1.711 Received: b'%\x8e\xab\xcc\x00\x00\x00\x16\xac\xdc\xec&P\x10\x16\xb0\x00\x00\x00\x00'
1.712 Disassembled: source: 9614, dest: 43980, seq: 22, ack: 2900159526, window: 5808, ACK
1.712 Error: Incorrect acknowledgement flag
1.713 Received: b'%\x8e\xab\xcc\x00\x00\x00\x17\xac\xdc\xec&P\x10\x16\xb0\x00\x00\x00\x00\xb5\xfd\xe7\x16\xfb\xe5\xd1\xb4vy\x8d\\\x1dmX\x03'...
1.714 Disassembled: source: 9614, dest: 43980, seq: 23, ack: 2900159526, window: 5808, ACK, data: b'\xb5\xfd\xe7\x16\xfb\xe5\xd1\xb4vy\x8d\\\x1dmX\x03'...
1.714 Error: Incorrect acknowledgement flag
2.209 Sent: b'\xab\xcc%\x8e\xac\xdc\xec!\x00\x00\x00\x0cP\x10\x16\xb0\x00\x00\x00\x00'
2.211 Received: b"%\x8e\xab\xcc\x00\x00\x00\x18\xac\xdc\xec'P\x10\x16\xb0\x00\x00\x00\x00"
2.212 Disassembled: source: 9614, dest: 43980, seq: 24, ack: 2900159527, window: 5808, ACK
2.212 Error: Incorrect acknowledgement flag
2.213 Received: b"%\x8e\xab\xcc\x00\x00\x00\x19\xac\xdc\xec'P\x10\x16\xb0\x00\x00\x00\x00j\x00N.K0F\xa3|l\x1b\xbe\x88_\xa6X"...
2.214 Disassembled: source: 9614, dest: 43980, seq: 25, ack: 2900159527, window: 5808, ACK, data: b'j\x00N.K0F\xa3|l\x1b\xbe\x88_\xa6X'...
2.214 Error: Incorrect acknowledgement flag
2.709 Error: Connection timed out
2.709 Closed connection
2.714 Shutting down
