0.000 NEW RUN: Server, TEST: Read_file__No_file_extension
0.212 Received: b't\xf3z\x8c\x00\x00\x00`\x00\x00\x00\x00P\x02\x05\xa8\x00\x00\x00\x00'
0.213 Disassembled: source: 29939, dest: 31372, seq: 96, window: 1448, SYN
0.213 SYN accepted; new connection: 127.0.0.1 on port 29939
0.213 Assembling: source: 31372, dest: 29939, seq: 3315287536, ack: 97, window: 1448, ACK, SYN
0.213 Sent: b'z\x8ct\xf3\xc5\x9bE\xf0\x00\x00\x00aP\x12\x05\xa8\x00\x00\x00\x00'
0.216 Received: b't\xf3z\x8c\x00\x00\x00a\xc5\x9bE\xf0P\x10\x05\xa8\x00\x00\x00\x00'
0.216 Disassembled: source: 29939, dest: 31372, seq: 97, ack: 3315287536, window: 1448, ACK
0.216 Handshake complete
0.216 Acknowledged seq: 3315287536
0.217 Assembling: source: 31372, dest: 29939, seq: 3315287537, ack: 98, window: 1448, data: "Lorem ipsum dolo"...
0.217 Sent: b'z\x8ct\xf3\xc5\x9bE\xf1\x00\x00\x00bP\x00\x05\xa8\x00\x00\x00\x00Lorem ipsum dolo'...
0.219 Received: b't\xf3z\x8c\x00\x00\x00b\xc5\x9bK\x97P\x10\x05\xa8\x00\x00\x00\x00'
0.219 Disassembled: source: 29939, dest: 31372, seq: 98, ack: 3315288983, window: 1448, ACK
0.219 Assembling: source: 31372, dest: 29939, seq: 3315288984, ack: 99, window: 1448, data: "omprehensam nam,"...
0.220 Sent: b'z\x8ct\xf3\xc5\x9bK\x98\x00\x00\x00cP\x00\x05\xa8\x00\x00\x00\x00omprehensam nam,'...
0.720 Sent: b'z\x8ct\xf3\xc5\x9bE\xf1\x00\x00\x00bP\x00\x05\xa8\x00\x00\x00\x00Lorem ipsum dolo'...
0.720 Sent: b'z\x8ct\xf3\xc5\x9bK\x98\x00\x00\x00cP\x00\x05\xa8\x00\x00\x00\x00omprehensam nam,'...
1.221 Sent: b'z\x8ct\xf3\xc5\x9bE\xf1\x00\x00\x00bP\x00\x05\xa8\x00\x00\x00\x00Lorem ipsum dolo'...
1.221 Sent: b'z\x8ct\xf3\xc5\x9bK\x98\x00\x00\x00cP\x00\x05\xa8\x00\x00\x00\x00omprehensam nam,'...
1.721 Sent: b'z\x8ct\xf3\xc5\x9bE\xf1\x00\x00\x00bP\x00\x05\xa8\x00\x00\x00\x00Lorem ipsum dolo'...
1.721 Sent: b'z\x8ct\xf3\xc5\x9bK\x98\x00\x00\x00cP\x00\x05\xa8\x00\x00\x00\x00omprehensam nam,'...
2.221 Sent: b'z\x8ct\xf3\xc5\x9bE\xf1\x00\x00\x00bP\x00\x05\xa8\x00\x00\x00\x00Lorem ipsum dolo'...
2.222 Sent: b'z\x8ct\xf3\xc5\x9bK\x98\x00\x00\x00cP\x00\x05\xa8\x00\x00\x00\x00omprehensam nam,'...
2.722 Sent: b'z\x8ct\xf3\xc5\x9bE\xf1\x00\x00\x00bP\x00\x05\xa8\x00\x00\x00\x00Lorem ipsum dolo'...
2.722 Sent: b'z\x8ct\xf3\xc5\x9bK\x98\x00\x00\x00cP\x00\x05\xa8\x00\x00\x00\x00omprehensam nam,'...
3.222 Error: Connection timed out
3.222 Closed connection
3.223 Shutting down
