0.000 NEW RUN: Server, TEST: Write_file__Empty
0.219 Received: b'f5\xf5\x88\x00\x00\x00b\x00\x00\x00\x00P\x02\x05\xa8\x00\x00\x00\x00'
0.219 Disassembled: source: 26165, dest: 62856, seq: 98, window: 1448, SYN
0.220 SYN accepted; new connection: 127.0.0.1 on port 26165
0.220 Assembling: source: 62856, dest: 26165, seq: 3315822708, ack: 99, window: 5808, ACK, SYN
0.220 Sent: b'\xf5\x88f5\xc5\xa3pt\x00\x00\x00cP\x12\x16\xb0\x00\x00\x00\x00'
0.222 Received: b'f5\xf5\x88\x00\x00\x00c\xc5\xa3ptP\x10\x16\xb0\x00\x00\x00\x00'
0.222 Disassembled: source: 26165, dest: 62856, seq: 99, ack: 3315822708, window: 5808, ACK
0.222 Error: Acknowledgement number too low
0.224 Received: b'f5\xf5\x88\x00\x00\x00d\xc5\xa3ptP\x00\x16\xb0\x00\x00\x00\x00'
0.224 Disassembled: source: 26165, dest: 62856, seq: 100, ack: 3315822708, window: 5808
0.224 Error: Acknowledgement number too low
0.720 Sent: b'\xf5\x88f5\xc5\xa3pt\x00\x00\x00cP\x12\x16\xb0\x00\x00\x00\x00'
1.221 Sent: b'\xf5\x88f5\xc5\xa3pt\x00\x00\x00cP\x12\x16\xb0\x00\x00\x00\x00'
1.721 Sent: b'\xf5\x88f5\xc5\xa3pt\x00\x00\x00cP\x12\x16\xb0\x00\x00\x00\x00'
2.222 Sent: b'\xf5\x88f5\xc5\xa3pt\x00\x00\x00cP\x12\x16\xb0\x00\x00\x00\x00'
2.722 Sent: b'\xf5\x88f5\xc5\xa3pt\x00\x00\x00cP\x12\x16\xb0\x00\x00\x00\x00'
3.223 Error: Connection timed out
3.223 Closed connection
3.227 Shutting down
