0.000 NEW RUN: Server, TEST: Write_file__Large_multi-packet
0.209 Received: b'\xe5_\x8e\x14\x00\x00\x00O\x00\x00\x00\x00P\x02\x05\xa8\x00\x00\x00\x00'
0.210 Disassembled: source: 58719, dest: 36372, seq: 79, window: 1448, SYN
0.210 SYN accepted; new connection: 127.0.0.1 on port 58719
0.210 Assembling: source: 36372, dest: 58719, seq: 3320460665, ack: 80, window: 5808, ACK, SYN
0.210 Sent: b'\x8e\x14\xe5_\xc5\xea5y\x00\x00\x00PP\x12\x16\xb0\x00\x00\x00\x00'
0.212 Received: b'\xe5_\x8e\x14\x00\x00\x00P\xc5\xea5yP\x10\x16\xb0\x00\x00\x00\x00'
0.213 Disassembled: source: 58719, dest: 36372, seq: 80, ack: 3320460665, window: 5808, ACK
0.213 Error: Acknowledgement number too low
0.214 Received: b'\xe5_\x8e\x14\x00\x00\x00Q\xc5\xea5yP\x00\x16\xb0\x00\x00\x00\x00Lorem ipsum dolo'...
0.214 Disassembled: source: 58719, dest: 36372, seq: 81, ack: 3320460665, window: 5808, data: "Lorem ipsum dolo"...
0.214 Error: Acknowledgement number too low
0.711 Sent: b'\x8e\x14\xe5_\xc5\xea5y\x00\x00\x00PP\x12\x16\xb0\x00\x00\x00\x00'
0.714 Received: b'\xe5_\x8e\x14\x00\x00\x17\x01\xc5\xea5yP\x00\x16\xb0\x00\x00\x00\x00 sadipscing ei q'...
0.714 Disassembled: source: 58719, dest: 36372, seq: 5889, ack: 3320460665, window: 5808, data: " sadipscing ei q"...
0.714 Error: Acknowledgement number too low
1.211 Sent: b'\x8e\x14\xe5_\xc5\xea5y\x00\x00\x00PP\x12\x16\xb0\x00\x00\x00\x00'
1.215 Received: b'\xe5_\x8e\x14\x00\x00-\xb1\xc5\xea5yP\x00\x16\xb0\x00\x00\x00\x00 Duo ea augue fa'...
1.215 Disassembled: source: 58719, dest: 36372, seq: 11697, ack: 3320460665, window: 5808, data: " Duo ea augue fa"...
1.215 Error: Acknowledgement number too low
1.712 Sent: b'\x8e\x14\xe5_\xc5\xea5y\x00\x00\x00PP\x12\x16\xb0\x00\x00\x00\x00'
1.715 Received: b'\xe5_\x8e\x14\x00\x00Da\xc5\xea5yP\x00\x16\xb0\x00\x00\x00\x00uta debitis pert'...
1.716 Disassembled: source: 58719, dest: 36372, seq: 17505, ack: 3320460665, window: 5808, data: "uta debitis pert"...
1.716 Error: Acknowledgement number too low
2.212 Sent: b'\x8e\x14\xe5_\xc5\xea5y\x00\x00\x00PP\x12\x16\xb0\x00\x00\x00\x00'
2.216 Received: b'\xe5_\x8e\x14\x00\x00[\x11\xc5\xea5yP\x00\x16\xb0\x00\x00\x00\x00 decore possit r'...
2.216 Disassembled: source: 58719, dest: 36372, seq: 23313, ack: 3320460665, window: 5808, data: " decore possit r"...
2.217 Error: Acknowledgement number too low
2.712 Sent: b'\x8e\x14\xe5_\xc5\xea5y\x00\x00\x00PP\x12\x16\xb0\x00\x00\x00\x00'
2.716 Received: b'\xe5_\x8e\x14\x00\x00q\xc1\xc5\xea5yP\x00\x16\xb0\x00\x00\x00\x00orteat dissentiu'...
2.717 Disassembled: source: 58719, dest: 36372, seq: 29121, ack: 3320460665, window: 5808, data: "orteat dissentiu"...
2.717 Error: Acknowledgement number too low
3.213 Error: Connection timed out
3.213 Closed connection
3.217 Shutting down
