0.000 NEW RUN: Server, TEST: Write_file__Single_packet
0.224 Received: b'W\n\x84b\x00\x00\x00]\x00\x00\x00\x00P\x02\x05\xa8\x00\x00\x00\x00'
0.224 Disassembled: source: 22282, dest: 33890, seq: 93, window: 1448, SYN
0.225 SYN accepted; new connection: 127.0.0.1 on port 22282
0.225 Assembling: source: 33890, dest: 22282, seq: 3317378773, ack: 94, window: 5808, ACK, SYN
0.225 Sent: b'\x84bW\n\xc5\xbb.\xd5\x00\x00\x00^P\x12\x16\xb0\x00\x00\x00\x00'
0.227 Received: b'W\n\x84b\x00\x00\x00^\xc5\xbb.\xd5P\x10\x16\xb0\x00\x00\x00\x00'
0.227 Disassembled: source: 22282, dest: 33890, seq: 94, ack: 3317378773, window: 5808, ACK
0.227 Error: Acknowledgement number too low
0.228 Received: b'W\n\x84b\x00\x00\x00_\xc5\xbb.\xd5P\x00\x16\xb0\x00\x00\x00\x00This file fits i'...
0.228 Disassembled: source: 22282, dest: 33890, seq: 95, ack: 3317378773, window: 5808, data: "This file fits i"...
0.228 Error: Acknowledgement number too low
0.725 Sent: b'\x84bW\n\xc5\xbb.\xd5\x00\x00\x00^P\x12\x16\xb0\x00\x00\x00\x00'
1.226 Sent: b'\x84bW\n\xc5\xbb.\xd5\x00\x00\x00^P\x12\x16\xb0\x00\x00\x00\x00'
1.726 Sent: b'\x84bW\n\xc5\xbb.\xd5\x00\x00\x00^P\x12\x16\xb0\x00\x00\x00\x00'
2.227 Sent: b'\x84bW\n\xc5\xbb.\xd5\x00\x00\x00^P\x12\x16\xb0\x00\x00\x00\x00'
2.727 Sent: b'\x84bW\n\xc5\xbb.\xd5\x00\x00\x00^P\x12\x16\xb0\x00\x00\x00\x00'
3.228 Error: Connection timed out
3.228 Closed connection
3.236 Shutting down
