0.000 NEW RUN: Server, TEST: Write_file__Small_multi-packet
0.206 Received: b'\x9f\xec\xb3\xbf\x00\x00\x00\x1a\x00\x00\x00\x00P\x02\x05\xa8\x00\x00\x00\x00'
0.207 Disassembled: source: 40940, dest: 46015, seq: 26, window: 1448, SYN
0.207 SYN accepted; new connection: 127.0.0.1 on port 40940
0.207 Assembling: source: 46015, dest: 40940, seq: 3318920520, ack: 27, window: 5808, ACK, SYN
0.208 Sent: b'\xb3\xbf\x9f\xec\xc5\xd2\xb5H\x00\x00\x00\x1bP\x12\x16\xb0\x00\x00\x00\x00'
0.209 Received: b'\x9f\xec\xb3\xbf\x00\x00\x00\x1b\xc5\xd2\xb5HP\x10\x16\xb0\x00\x00\x00\x00'
0.209 Disassembled: source: 40940, dest: 46015, seq: 27, ack: 3318920520, window: 5808, ACK
0.209 Error: Acknowledgement number too low
0.210 Received: b'\x9f\xec\xb3\xbf\x00\x00\x00\x1c\xc5\xd2\xb5HP\x00\x16\xb0\x00\x00\x00\x00Lorem ipsum dolo'...
0.210 Disassembled: source: 40940, dest: 46015, seq: 28, ack: 3318920520, window: 5808, data: "Lorem ipsum dolo"...
0.210 Error: Acknowledgement number too low
0.708 Sent: b'\xb3\xbf\x9f\xec\xc5\xd2\xb5H\x00\x00\x00\x1bP\x12\x16\xb0\x00\x00\x00\x00'
1.208 Sent: b'\xb3\xbf\x9f\xec\xc5\xd2\xb5H\x00\x00\x00\x1bP\x12\x16\xb0\x00\x00\x00\x00'
1.709 Sent: b'\xb3\xbf\x9f\xec\xc5\xd2\xb5H\x00\x00\x00\x1bP\x12\x16\xb0\x00\x00\x00\x00'
2.209 Sent: b'\xb3\xbf\x9f\xec\xc5\xd2\xb5H\x00\x00\x00\x1bP\x12\x16\xb0\x00\x00\x00\x00'
2.710 Sent: b'\xb3\xbf\x9f\xec\xc5\xd2\xb5H\x00\x00\x00\x1bP\x12\x16\xb0\x00\x00\x00\x00'
3.210 Error: Connection timed out
3.210 Closed connection
3.213 Shutting down
