0.000 NEW RUN: Server, TEST: Read_file__Large_multi-packet
0.203 Received: b'[e\x8ao\x00\x00\x00\x1b\x00\x00\x00\x00P\x02\x05\xa8\x00\x00\x00\x00'
0.204 Disassembled: source: 23397, dest: 35439, seq: 27, window: 1448, SYN
0.204 SYN accepted; new connection: 127.0.0.1 on port 23397
0.204 Assembling: source: 35439, dest: 23397, seq: 2349748715, ack: 28, window: 1448, ACK, SYN
0.205 Sent: b'\x8ao[e\x8c\x0eQ\xeb\x00\x00\x00\x1cP\x12\x05\xa8\x00\x00\x00\x00'
0.207 Received: b'[e\x8ao\x00\x00\x00\x1c\x8c\x0eQ\xecP\x10\x05\xa8\x00\x00\x00\x00'
0.207 Disassembled: source: 23397, dest: 35439, seq: 28, ack: 2349748716, window: 1448, ACK
0.207 Handshake complete
0.207 Acknowledged seq: 2349748715
0.207 Assembling: source: 35439, dest: 23397, seq: 2349748716, ack: 29, window: 1448, data: "Lorem ipsum dolo"...
0.208 Sent: b'\x8ao[e\x8c\x0eQ\xec\x00\x00\x00\x1dP\x00\x05\xa8\x00\x00\x00\x00Lorem ipsum dolo'...
0.210 Received: b'[e\x8ao\x00\x00\x00\x1d\x8c\x0eW\x94P\x10\x05\xa8\x00\x00\x00\x00'
0.210 Disassembled: source: 23397, dest: 35439, seq: 29, ack: 2349750164, window: 1448, ACK
0.210 Acknowledged seq: 2349748716
0.210 Assembling: source: 35439, dest: 23397, seq: 2349750164, ack: 30, window: 1448, data: "mprehensam nam, "...
0.211 Sent: b'\x8ao[e\x8c\x0eW\x94\x00\x00\x00\x1eP\x00\x05\xa8\x00\x00\x00\x00mprehensam nam, '...
0.212 Received: b'[e\x8ao\x00\x00\x00\x1e\x8c\x0e]<P\x10\x05\xa8\x00\x00\x00\x00'
0.213 Disassembled: source: 23397, dest: 35439, seq: 30, ack: 2349751612, window: 1448, ACK
0.213 Acknowledged seq: 2349750164
0.213 Assembling: source: 35439, dest: 23397, seq: 2349751612, ack: 31, window: 1448, data: "ilisi repudiare "...
0.213 Sent: b'\x8ao[e\x8c\x0e]<\x00\x00\x00\x1fP\x00\x05\xa8\x00\x00\x00\x00ilisi repudiare '...
0.215 Received: b'[e\x8ao\x00\x00\x00\x1f\x8c\x0eb\xe4P\x10\x05\xa8\x00\x00\x00\x00'
0.215 Disassembled: source: 23397, dest: 35439, seq: 31, ack: 2349753060, window: 1448, ACK
0.215 Acknowledged seq: 2349751612
0.215 Assembling: source: 35439, dest: 23397, seq: 2349753060, ack: 32, window: 1448, data: "ta.

Et essent s"...
0.216 Sent: b'\x8ao[e\x8c\x0eb\xe4\x00\x00\x00 P\x00\x05\xa8\x00\x00\x00\x00ta.\n\nEt essent s'...
0.218 Received: b'[e\x8ao\x00\x00\x00 \x8c\x0eh\x8cP\x10\x05\xa8\x00\x00\x00\x00'
0.218 Disassembled: source: 23397, dest: 35439, seq: 32, ack: 2349754508, window: 1448, ACK
0.218 Acknowledged seq: 2349753060
0.218 Assembling: source: 35439, dest: 23397, seq: 2349754508, ack: 33, window: 1448, data: " Nihil tractatos"...
0.219 Sent: b'\x8ao[e\x8c\x0eh\x8c\x00\x00\x00!P\x00\x05\xa8\x00\x00\x00\x00 Nihil tractatos'...
0.220 Received: b'[e\x8ao\x00\x00\x00!\x8c\x0en4P\x10\x05\xa8\x00\x00\x00\x00'
0.220 Disassembled: source: 23397, dest: 35439, seq: 33, ack: 2349755956, window: 1448, ACK
0.220 Acknowledged seq: 2349754508
0.221 Assembling: source: 35439, dest: 23397, seq: 2349755956, ack: 34, window: 1448, data: "fert iuvaret sap"...
0.221 Sent: b'\x8ao[e\x8c\x0en4\x00\x00\x00"P\x00\x05\xa8\x00\x00\x00\x00fert iuvaret sap'...
0.222 Received: b'[e\x8ao\x00\x00\x00"\x8c\x0es\xdcP\x10\x05\xa8\x00\x00\x00\x00'
0.222 Disassembled: source: 23397, dest: 35439, seq: 34, ack: 2349757404, window: 1448, ACK
0.223 Acknowledged seq: 2349755956
0.223 Assembling: source: 35439, dest: 23397, seq: 2349757404, ack: 35, window: 1448, data: "ram adipiscing, "...
0.223 Sent: b'\x8ao[e\x8c\x0es\xdc\x00\x00\x00#P\x00\x05\xa8\x00\x00\x00\x00ram adipiscing, '...
0.224 Received: b'[e\x8ao\x00\x00\x00#\x8c\x0ey\x84P\x10\x05\xa8\x00\x00\x00\x00'
0.225 Disassembled: source: 23397, dest: 35439, seq: 35, ack: 2349758852, window: 1448, ACK
0.225 Acknowledged seq: 2349757404
0.225 Assembling: source: 35439, dest: 23397, seq: 2349758852, ack: 36, window: 1448, data: "m veritus vivend"...
0.225 Sent: b'\x8ao[e\x8c\x0ey\x84\x00\x00\x00$P\x00\x05\xa8\x00\x00\x00\x00m veritus vivend'...
0.227 Received: b'[e\x8ao\x00\x00\x00$\x8c\x0e\x7f,P\x10\x05\xa8\x00\x00\x00\x00'
0.227 Disassembled: source: 23397, dest: 35439, seq: 36, ack: 2349760300, window: 1448, ACK
0.227 Acknowledged seq: 2349758852
0.228 Assembling: source: 35439, dest: 23397, seq: 2349760300, ack: 37, window: 1448, data: " delenit, ignota"...
0.228 Sent: b'\x8ao[e\x8c\x0e\x7f,\x00\x00\x00%P\x00\x05\xa8\x00\x00\x00\x00 delenit, ignota'...
0.229 Received: b'[e\x8ao\x00\x00\x00%\x8c\x0e\x84\xd4P\x10\x05\xa8\x00\x00\x00\x00'
0.230 Disassembled: source: 23397, dest: 35439, seq: 37, ack: 2349761748, window: 1448, ACK
0.230 Acknowledged seq: 2349760300
0.230 Assembling: source: 35439, dest: 23397, seq: 2349761748, ack: 38, window: 1448, data: "se explicari des"...
0.230 Sent: b'\x8ao[e\x8c\x0e\x84\xd4\x00\x00\x00&P\x00\x05\xa8\x00\x00\x00\x00se explicari des'...
0.232 Received: b'[e\x8ao\x00\x00\x00&\x8c\x0e\x8a|P\x10\x05\xa8\x00\x00\x00\x00'
0.232 Disassembled: source: 23397, dest: 35439, seq: 38, ack: 2349763196, window: 1448, ACK
0.232 Acknowledged seq: 2349761748
0.232 Assembling: source: 35439, dest: 23397, seq: 2349763196, ack: 39, window: 1448, data: "piscing, in modo"...
0.233 Sent: b"\x8ao[e\x8c\x0e\x8a|\x00\x00\x00'P\x00\x05\xa8\x00\x00\x00\x00piscing, in modo"...
0.234 Received: b"[e\x8ao\x00\x00\x00'\x8c\x0e\x90$P\x10\x05\xa8\x00\x00\x00\x00"
0.235 Disassembled: source: 23397, dest: 35439, seq: 39, ack: 2349764644, window: 1448, ACK
0.235 Acknowledged seq: 2349763196
0.235 Assembling: source: 35439, dest: 23397, seq: 2349764644, ack: 40, window: 1448, data: "o copiosae tacim"...
0.235 Sent: b'\x8ao[e\x8c\x0e\x90$\x00\x00\x00(P\x00\x05\xa8\x00\x00\x00\x00o copiosae tacim'...
0.237 Received: b'[e\x8ao\x00\x00\x00(\x8c\x0e\x95\xccP\x10\x05\xa8\x00\x00\x00\x00'
0.237 Disassembled: source: 23397, dest: 35439, seq: 40, ack: 2349766092, window: 1448, ACK
0.237 Acknowledged seq: 2349764644
0.237 Assembling: source: 35439, dest: 23397, seq: 2349766092, ack: 41, window: 1448, data: "am. Pri ne antio"...
0.238 Sent: b'\x8ao[e\x8c\x0e\x95\xcc\x00\x00\x00)P\x00\x05\xa8\x00\x00\x00\x00am. Pri ne antio'...
0.239 Received: b'[e\x8ao\x00\x00\x00)\x8c\x0e\x9btP\x10\x05\xa8\x00\x00\x00\x00'
0.240 Disassembled: source: 23397, dest: 35439, seq: 41, ack: 2349767540, window: 1448, ACK
0.240 Acknowledged seq: 2349766092
0.240 Assembling: source: 35439, dest: 23397, seq: 2349767540, ack: 42, window: 1448, data: "to no. Elitr pos"...
0.240 Sent: b'\x8ao[e\x8c\x0e\x9bt\x00\x00\x00*P\x00\x05\xa8\x00\x00\x00\x00to no. Elitr pos'...
0.242 Received: b'[e\x8ao\x00\x00\x00*\x8c\x0e\xa1\x1cP\x10\x05\xa8\x00\x00\x00\x00'
0.242 Disassembled: source: 23397, dest: 35439, seq: 42, ack: 2349768988, window: 1448, ACK
0.243 Acknowledged seq: 2349767540
0.243 Assembling: source: 35439, dest: 23397, seq: 2349768988, ack: 43, window: 1448, data: "pretaris, sea ex"...
0.243 Sent: b'\x8ao[e\x8c\x0e\xa1\x1c\x00\x00\x00+P\x00\x05\xa8\x00\x00\x00\x00pretaris, sea ex'...
0.245 Received: b'[e\x8ao\x00\x00\x00+\x8c\x0e\xa6\xc4P\x10\x05\xa8\x00\x00\x00\x00'
0.245 Disassembled: source: 23397, dest: 35439, seq: 43, ack: 2349770436, window: 1448, ACK
0.245 Acknowledged seq: 2349768988
0.245 Assembling: source: 35439, dest: 23397, seq: 2349770436, ack: 44, window: 1448, data: "oporteat inimicu"...
0.246 Sent: b'\x8ao[e\x8c\x0e\xa6\xc4\x00\x00\x00,P\x00\x05\xa8\x00\x00\x00\x00oporteat inimicu'...
0.247 Received: b'[e\x8ao\x00\x00\x00,\x8c\x0e\xaclP\x10\x05\xa8\x00\x00\x00\x00'
0.248 Disassembled: source: 23397, dest: 35439, seq: 44, ack: 2349771884, window: 1448, ACK
0.248 Acknowledged seq: 2349770436
0.248 Assembling: source: 35439, dest: 23397, seq: 2349771884, ack: 45, window: 1448, data: "ligendi officiis"...
0.249 Sent: b'\x8ao[e\x8c\x0e\xacl\x00\x00\x00-P\x00\x05\xa8\x00\x00\x00\x00ligendi officiis'...
0.250 Received: b'[e\x8ao\x00\x00\x00-\x8c\x0e\xb2\x14P\x10\x05\xa8\x00\x00\x00\x00'
0.251 Disassembled: source: 23397, dest: 35439, seq: 45, ack: 2349773332, window: 1448, ACK
0.251 Acknowledged seq: 2349771884
0.251 Assembling: source: 35439, dest: 23397, seq: 2349773332, ack: 46, window: 1448, data: "no vel regione i"...
0.251 Sent: b'\x8ao[e\x8c\x0e\xb2\x14\x00\x00\x00.P\x00\x05\xa8\x00\x00\x00\x00no vel regione i'...
0.253 Received: b'[e\x8ao\x00\x00\x00.\x8c\x0e\xb7\xbcP\x10\x05\xa8\x00\x00\x00\x00'
0.253 Disassembled: source: 23397, dest: 35439, seq: 46, ack: 2349774780, window: 1448, ACK
0.253 Acknowledged seq: 2349773332
0.254 Assembling: source: 35439, dest: 23397, seq: 2349774780, ack: 47, window: 1448, data: "ibus vis ex, pro"...
0.254 Sent: b'\x8ao[e\x8c\x0e\xb7\xbc\x00\x00\x00/P\x00\x05\xa8\x00\x00\x00\x00ibus vis ex, pro'...
0.256 Received: b'[e\x8ao\x00\x00\x00/\x8c\x0e\xbddP\x10\x05\xa8\x00\x00\x00\x00'
0.256 Disassembled: source: 23397, dest: 35439, seq: 47, ack: 2349776228, window: 1448, ACK
0.256 Acknowledged seq: 2349774780
0.256 Assembling: source: 35439, dest: 23397, seq: 2349776228, ack: 48, window: 1448, data: "o vix, mel ea li"...
0.257 Sent: b'\x8ao[e\x8c\x0e\xbdd\x00\x00\x000P\x00\x05\xa8\x00\x00\x00\x00o vix, mel ea li'...
0.258 Received: b'[e\x8ao\x00\x00\x000\x8c\x0e\xc3\x0cP\x10\x05\xa8\x00\x00\x00\x00'
0.259 Disassembled: source: 23397, dest: 35439, seq: 48, ack: 2349777676, window: 1448, ACK
0.259 Acknowledged seq: 2349776228
0.259 Assembling: source: 35439, dest: 23397, seq: 2349777676, ack: 49, window: 1448, data: "d. Ex fugit suav"...
0.260 Sent: b'\x8ao[e\x8c\x0e\xc3\x0c\x00\x00\x001P\x00\x05\xa8\x00\x00\x00\x00d. Ex fugit suav'...
0.261 Received: b'[e\x8ao\x00\x00\x001\x8c\x0e\xc8\xb4P\x10\x05\xa8\x00\x00\x00\x00'
0.262 Disassembled: source: 23397, dest: 35439, seq: 49, ack: 2349779124, window: 1448, ACK
0.262 Acknowledged seq: 2349777676
0.262 Assembling: source: 35439, dest: 23397, seq: 2349779124, ack: 50, window: 1448, data: "pertinax nec. De"...
0.262 Sent: b'\x8ao[e\x8c\x0e\xc8\xb4\x00\x00\x002P\x00\x05\xa8\x00\x00\x00\x00pertinax nec. De'...
0.264 Received: b'[e\x8ao\x00\x00\x002\x8c\x0e\xce\\P\x10\x05\xa8\x00\x00\x00\x00'
0.264 Disassembled: source: 23397, dest: 35439, seq: 50, ack: 2349780572, window: 1448, ACK
0.264 Acknowledged seq: 2349779124
0.265 Assembling: source: 35439, dest: 23397, seq: 2349780572, ack: 51, window: 1448, data: "lli primis praes"...
0.265 Sent: b'\x8ao[e\x8c\x0e\xce\\\x00\x00\x003P\x00\x05\xa8\x00\x00\x00\x00lli primis praes'...
0.267 Received: b'[e\x8ao\x00\x00\x003\x8c\x0e\xd4\x04P\x10\x05\xa8\x00\x00\x00\x00'
0.267 Disassembled: source: 23397, dest: 35439, seq: 51, ack: 2349782020, window: 1448, ACK
0.267 Acknowledged seq: 2349780572
0.267 Assembling: source: 35439, dest: 23397, seq: 2349782020, ack: 52, window: 1448, data: "m, percipit inte"...
0.268 Sent: b'\x8ao[e\x8c\x0e\xd4\x04\x00\x00\x004P\x00\x05\xa8\x00\x00\x00\x00m, percipit inte'...
0.269 Received: b'[e\x8ao\x00\x00\x004\x8c\x0e\xd9\xacP\x10\x05\xa8\x00\x00\x00\x00'
0.270 Disassembled: source: 23397, dest: 35439, seq: 52, ack: 2349783468, window: 1448, ACK
0.270 Acknowledged seq: 2349782020
0.270 Assembling: source: 35439, dest: 23397, seq: 2349783468, ack: 53, window: 1448, data: "nani docendi pat"...
0.271 Sent: b'\x8ao[e\x8c\x0e\xd9\xac\x00\x00\x005P\x00\x05\xa8\x00\x00\x00\x00nani docendi pat'...
0.272 Received: b'[e\x8ao\x00\x00\x005\x8c\x0e\xdfTP\x10\x05\xa8\x00\x00\x00\x00'
0.273 Disassembled: source: 23397, dest: 35439, seq: 53, ack: 2349784916, window: 1448, ACK
0.273 Acknowledged seq: 2349783468
0.273 Assembling: source: 35439, dest: 23397, seq: 2349784916, ack: 54, window: 1448, data: " vis decore poss"...
0.273 Sent: b'\x8ao[e\x8c\x0e\xdfT\x00\x00\x006P\x00\x05\xa8\x00\x00\x00\x00 vis decore poss'...
0.275 Received: b'[e\x8ao\x00\x00\x006\x8c\x0e\xe4\xfcP\x10\x05\xa8\x00\x00\x00\x00'
0.275 Disassembled: source: 23397, dest: 35439, seq: 54, ack: 2349786364, window: 1448, ACK
0.276 Acknowledged seq: 2349784916
0.276 Assembling: source: 35439, dest: 23397, seq: 2349786364, ack: 55, window: 1448, data: "eam odio corpora"...
0.276 Sent: b'\x8ao[e\x8c\x0e\xe4\xfc\x00\x00\x007P\x00\x05\xa8\x00\x00\x00\x00eam odio corpora'...
0.278 Received: b'[e\x8ao\x00\x00\x007\x8c\x0e\xea\xa4P\x10\x05\xa8\x00\x00\x00\x00'
0.278 Disassembled: source: 23397, dest: 35439, seq: 55, ack: 2349787812, window: 1448, ACK
0.278 Acknowledged seq: 2349786364
0.279 Assembling: source: 35439, dest: 23397, seq: 2349787812, ack: 56, window: 1448, data: " est. Usu sanctu"...
0.279 Sent: b'\x8ao[e\x8c\x0e\xea\xa4\x00\x00\x008P\x00\x05\xa8\x00\x00\x00\x00 est. Usu sanctu'...
0.281 Received: b'[e\x8ao\x00\x00\x008\x8c\x0e\xf0LP\x10\x05\xa8\x00\x00\x00\x00'
0.281 Disassembled: source: 23397, dest: 35439, seq: 56, ack: 2349789260, window: 1448, ACK
0.281 Acknowledged seq: 2349787812
0.281 Assembling: source: 35439, dest: 23397, seq: 2349789260, ack: 57, window: 1448, data: ".

Mei graeco ae"...
0.282 Sent: b'\x8ao[e\x8c\x0e\xf0L\x00\x00\x009P\x00\x05\xa8\x00\x00\x00\x00.\n\nMei graeco ae'...
0.284 Received: b'[e\x8ao\x00\x00\x009\x8c\x0e\xf5\xf4P\x10\x05\xa8\x00\x00\x00\x00'
0.284 Disassembled: source: 23397, dest: 35439, seq: 57, ack: 2349790708, window: 1448, ACK
0.284 Acknowledged seq: 2349789260
0.284 Assembling: source: 35439, dest: 23397, seq: 2349790708, ack: 58, window: 1448, data: "et. Ne sea primi"...
0.285 Sent: b'\x8ao[e\x8c\x0e\xf5\xf4\x00\x00\x00:P\x00\x05\xa8\x00\x00\x00\x00et. Ne sea primi'...
0.287 Received: b'[e\x8ao\x00\x00\x00:\x8c\x0e\xfb\x9cP\x10\x05\xa8\x00\x00\x00\x00'
0.287 Disassembled: source: 23397, dest: 35439, seq: 58, ack: 2349792156, window: 1448, ACK
0.287 Acknowledged seq: 2349790708
0.287 Assembling: source: 35439, dest: 23397, seq: 2349792156, ack: 59, window: 1448, data: "ittam convenire."...
0.288 Sent: b'\x8ao[e\x8c\x0e\xfb\x9c\x00\x00\x00;P\x00\x05\xa8\x00\x00\x00\x00ittam convenire.'...
0.290 Received: b'[e\x8ao\x00\x00\x00;\x8c\x0f\x01DP\x10\x05\xa8\x00\x00\x00\x00'
0.290 Disassembled: source: 23397, dest: 35439, seq: 59, ack: 2349793604, window: 1448, ACK
0.290 Acknowledged seq: 2349792156
0.290 Assembling: source: 35439, dest: 23397, seq: 2349793604, ack: 60, window: 1448, data: "ua et vis, id eu"...
0.291 Sent: b'\x8ao[e\x8c\x0f\x01D\x00\x00\x00<P\x00\x05\xa8\x00\x00\x00\x00ua et vis, id eu'...
0.293 Received: b'[e\x8ao\x00\x00\x00<\x8c\x0f\x06\xecP\x10\x05\xa8\x00\x00\x00\x00'
0.293 Disassembled: source: 23397, dest: 35439, seq: 60, ack: 2349795052, window: 1448, ACK
0.293 Acknowledged seq: 2349793604
0.293 Assembling: source: 35439, dest: 23397, seq: 2349795052, ack: 61, window: 1448, data: "r. Et velit appa"...
0.294 Sent: b'\x8ao[e\x8c\x0f\x06\xec\x00\x00\x00=P\x00\x05\xa8\x00\x00\x00\x00r. Et velit appa'...
0.296 Received: b'[e\x8ao\x00\x00\x00=\x8c\x0f\x0c\x94P\x10\x05\xa8\x00\x00\x00\x00'
0.296 Disassembled: source: 23397, dest: 35439, seq: 61, ack: 2349796500, window: 1448, ACK
0.296 Acknowledged seq: 2349795052
0.296 Assembling: source: 35439, dest: 23397, seq: 2349796500, ack: 62, window: 1448, data: " novum laudem, v"...
0.297 Sent: b'\x8ao[e\x8c\x0f\x0c\x94\x00\x00\x00>P\x00\x05\xa8\x00\x00\x00\x00 novum laudem, v'...
0.299 Received: b'[e\x8ao\x00\x00\x00>\x8c\x0f\x12<P\x10\x05\xa8\x00\x00\x00\x00'
0.299 Disassembled: source: 23397, dest: 35439, seq: 62, ack: 2349797948, window: 1448, ACK
0.299 Acknowledged seq: 2349796500
0.299 Assembling: source: 35439, dest: 23397, seq: 2349797948, ack: 63, window: 1448, data: "luptatibus, cibo"...
0.300 Sent: b'\x8ao[e\x8c\x0f\x12<\x00\x00\x00?P\x00\x05\xa8\x00\x00\x00\x00luptatibus, cibo'...
0.302 Received: b'[e\x8ao\x00\x00\x00?\x8c\x0f\x17\xe4P\x10\x05\xa8\x00\x00\x00\x00'
0.302 Disassembled: source: 23397, dest: 35439, seq: 63, ack: 2349799396, window: 1448, ACK
0.302 Acknowledged seq: 2349797948
0.302 Assembling: source: 35439, dest: 23397, seq: 2349799396, ack: 64, window: 1448, data: "alii indoctum ma"...
0.303 Sent: b'\x8ao[e\x8c\x0f\x17\xe4\x00\x00\x00@P\x00\x05\xa8\x00\x00\x00\x00alii indoctum ma'...
0.304 Received: b'[e\x8ao\x00\x00\x00@\x8c\x0f\x1d\x8cP\x10\x05\xa8\x00\x00\x00\x00'
0.305 Disassembled: source: 23397, dest: 35439, seq: 64, ack: 2349800844, window: 1448, ACK
0.305 Acknowledged seq: 2349799396
0.305 Assembling: source: 35439, dest: 23397, seq: 2349800844, ack: 65, window: 1448, data: "im, his facete c"...
0.306 Sent: b'\x8ao[e\x8c\x0f\x1d\x8c\x00\x00\x00AP\x00\x05\xa8\x00\x00\x00\x00im, his facete c'...
0.307 Received: b'[e\x8ao\x00\x00\x00A\x8c\x0f#4P\x10\x05\xa8\x00\x00\x00\x00'
0.308 Disassembled: source: 23397, dest: 35439, seq: 65, ack: 2349802292, window: 1448, ACK
0.308 Acknowledged seq: 2349800844
0.308 Assembling: source: 35439, dest: 23397, seq: 2349802292, ack: 66, window: 1448, data: "e alia dolor com"...
0.308 Sent: b'\x8ao[e\x8c\x0f#4\x00\x00\x00BP\x00\x05\xa8\x00\x00\x00\x00e alia dolor com'...
0.310 Received: b'[e\x8ao\x00\x00\x00B\x8c\x0f(\xdcP\x10\x05\xa8\x00\x00\x00\x00'
0.311 Disassembled: source: 23397, dest: 35439, seq: 66, ack: 2349803740, window: 1448, ACK
0.311 Acknowledged seq: 2349802292
0.311 Assembling: source: 35439, dest: 23397, seq: 2349803740, ack: 67, window: 1448, data: "it ea, reque tem"...
0.311 Sent: b'\x8ao[e\x8c\x0f(\xdc\x00\x00\x00CP\x00\x05\xa8\x00\x00\x00\x00it ea, reque tem'...
0.313 Received: b'[e\x8ao\x00\x00\x00C\x8c\x0f.\x84P\x10\x05\xa8\x00\x00\x00\x00'
0.313 Disassembled: source: 23397, dest: 35439, seq: 67, ack: 2349805188, window: 1448, ACK
0.314 Acknowledged seq: 2349803740
0.314 Assembling: source: 35439, dest: 23397, seq: 2349805188, ack: 68, window: 1448, data: "alisque.

Equide"...
0.314 Sent: b'\x8ao[e\x8c\x0f.\x84\x00\x00\x00DP\x00\x05\xa8\x00\x00\x00\x00alisque.\n\nEquide'...
0.316 Received: b'[e\x8ao\x00\x00\x00D\x8c\x0f4,P\x10\x05\xa8\x00\x00\x00\x00'
0.316 Disassembled: source: 23397, dest: 35439, seq: 68, ack: 2349806636, window: 1448, ACK
0.317 Acknowledged seq: 2349805188
0.317 Assembling: source: 35439, dest: 23397, seq: 2349806636, ack: 69, window: 1448, data: "finitiones, affe"...
0.317 Sent: b'\x8ao[e\x8c\x0f4,\x00\x00\x00EP\x00\x05\xa8\x00\x00\x00\x00finitiones, affe'...
0.319 Received: b'[e\x8ao\x00\x00\x00E\x8c\x0f9\xd4P\x10\x05\xa8\x00\x00\x00\x00'
0.319 Disassembled: source: 23397, dest: 35439, seq: 69, ack: 2349808084, window: 1448, ACK
0.320 Acknowledged seq: 2349806636
0.320 Assembling: source: 35439, dest: 23397, seq: 2349808084, ack: 70, window: 1448, data: "his duis graeco "...
0.320 Sent: b'\x8ao[e\x8c\x0f9\xd4\x00\x00\x00FP\x00\x05\xa8\x00\x00\x00\x00his duis graeco '...
0.322 Received: b'[e\x8ao\x00\x00\x00F\x8c\x0f?|P\x10\x05\xa8\x00\x00\x00\x00'
0.322 Disassembled: source: 23397, dest: 35439, seq: 70, ack: 2349809532, window: 1448, ACK
0.323 Acknowledged seq: 2349808084
0.323 Assembling: source: 35439, dest: 23397, seq: 2349809532, ack: 71, window: 1448, data: "am. Alia possit "...
0.323 Sent: b'\x8ao[e\x8c\x0f?|\x00\x00\x00GP\x00\x05\xa8\x00\x00\x00\x00am. Alia possit '...
0.325 Received: b'[e\x8ao\x00\x00\x00G\x8c\x0fE$P\x10\x05\xa8\x00\x00\x00\x00'
0.325 Disassembled: source: 23397, dest: 35439, seq: 71, ack: 2349810980, window: 1448, ACK
0.325 Acknowledged seq: 2349809532
0.326 Assembling: source: 35439, dest: 23397, seq: 2349810980, ack: 72, window: 1448, data: "cum an. Mei faci"...
0.326 Sent: b'\x8ao[e\x8c\x0fE$\x00\x00\x00HP\x00\x05\xa8\x00\x00\x00\x00cum an. Mei faci'...
0.328 Received: b'[e\x8ao\x00\x00\x00H\x8c\x0fJ\xccP\x10\x05\xa8\x00\x00\x00\x00'
0.328 Disassembled: source: 23397, dest: 35439, seq: 72, ack: 2349812428, window: 1448, ACK
0.328 Acknowledged seq: 2349810980
0.329 Assembling: source: 35439, dest: 23397, seq: 2349812428, ack: 73, window: 1448, data: " vis adhuc tatio"...
0.329 Sent: b'\x8ao[e\x8c\x0fJ\xcc\x00\x00\x00IP\x00\x05\xa8\x00\x00\x00\x00 vis adhuc tatio'...
0.331 Received: b'[e\x8ao\x00\x00\x00I\x8c\x0fPtP\x10\x05\xa8\x00\x00\x00\x00'
0.331 Disassembled: source: 23397, dest: 35439, seq: 73, ack: 2349813876, window: 1448, ACK
0.331 Acknowledged seq: 2349812428
0.332 Assembling: source: 35439, dest: 23397, seq: 2349813876, ack: 74, window: 1448, data: "im eu option iuv"...
0.332 Sent: b'\x8ao[e\x8c\x0fPt\x00\x00\x00JP\x00\x05\xa8\x00\x00\x00\x00im eu option iuv'...
0.334 Received: b'[e\x8ao\x00\x00\x00J\x8c\x0fV\x1cP\x10\x05\xa8\x00\x00\x00\x00'
0.336 Disassembled: source: 23397, dest: 35439, seq: 74, ack: 2349815324, window: 1448, ACK
0.336 Acknowledged seq: 2349813876
0.336 Assembling: source: 35439, dest: 23397, seq: 2349815324, ack: 75, window: 1448, data: "ex epicurei taci"...
0.337 Sent: b'\x8ao[e\x8c\x0fV\x1c\x00\x00\x00KP\x00\x05\xa8\x00\x00\x00\x00ex epicurei taci'...
0.338 Received: b'[e\x8ao\x00\x00\x00K\x8c\x0f[\xc4P\x10\x05\xa8\x00\x00\x00\x00'
0.339 Disassembled: source: 23397, dest: 35439, seq: 75, ack: 2349816772, window: 1448, ACK
0.339 Acknowledged seq: 2349815324
0.339 Assembling: source: 35439, dest: 23397, seq: 2349816772, ack: 76, window: 1448, data: "ebat, eu pro ero"...
0.340 Sent: b'\x8ao[e\x8c\x0f[\xc4\x00\x00\x00LP\x00\x05\xa8\x00\x00\x00\x00ebat, eu pro ero'...
0.342 Received: b'[e\x8ao\x00\x00\x00L\x8c\x0falP\x10\x05\xa8\x00\x00\x00\x00'
0.342 Disassembled: source: 23397, dest: 35439, seq: 76, ack: 2349818220, window: 1448, ACK
0.342 Acknowledged seq: 2349816772
0.342 Assembling: source: 35439, dest: 23397, seq: 2349818220, ack: 77, window: 1448, data: "s. Per no sale v"...
0.343 Sent: b'\x8ao[e\x8c\x0fal\x00\x00\x00MP\x00\x05\xa8\x00\x00\x00\x00s. Per no sale v'...
0.345 Received: b'[e\x8ao\x00\x00\x00M\x8c\x0fg\x14P\x10\x05\xa8\x00\x00\x00\x00'
0.345 Disassembled: source: 23397, dest: 35439, seq: 77, ack: 2349819668, window: 1448, ACK
0.345 Acknowledged seq: 2349818220
0.346 Assembling: source: 35439, dest: 23397, seq: 2349819668, ack: 78, window: 1448, data: "orrupte ea mel. "...
0.346 Sent: b'\x8ao[e\x8c\x0fg\x14\x00\x00\x00NP\x00\x05\xa8\x00\x00\x00\x00orrupte ea mel. '...
0.348 Received: b'[e\x8ao\x00\x00\x00N\x8c\x0fl\xbcP\x10\x05\xa8\x00\x00\x00\x00'
0.348 Disassembled: source: 23397, dest: 35439, seq: 78, ack: 2349821116, window: 1448, ACK
0.349 Acknowledged seq: 2349819668
0.349 Assembling: source: 35439, dest: 23397, seq: 2349821116, ack: 79, window: 1448, data: ". Est iracundia "...
0.349 Sent: b'\x8ao[e\x8c\x0fl\xbc\x00\x00\x00OP\x00\x05\xa8\x00\x00\x00\x00. Est iracundia '...
0.351 Received: b'[e\x8ao\x00\x00\x00O\x8c\x0frdP\x10\x05\xa8\x00\x00\x00\x00'
0.351 Disassembled: source: 23397, dest: 35439, seq: 79, ack: 2349822564, window: 1448, ACK
0.352 Acknowledged seq: 2349821116
0.352 Assembling: source: 35439, dest: 23397, seq: 2349822564, ack: 80, window: 1448, data: "pta probatus scr"...
0.352 Sent: b'\x8ao[e\x8c\x0frd\x00\x00\x00PP\x00\x05\xa8\x00\x00\x00\x00pta probatus scr'...
0.354 Received: b'[e\x8ao\x00\x00\x00P\x8c\x0fx\x0cP\x10\x05\xa8\x00\x00\x00\x00'
0.355 Disassembled: source: 23397, dest: 35439, seq: 80, ack: 2349824012, window: 1448, ACK
0.355 Acknowledged seq: 2349822564
0.355 Assembling: source: 35439, dest: 23397, seq: 2349824012, ack: 81, window: 1448, data: "entur ei, pro ei"...
0.356 Sent: b'\x8ao[e\x8c\x0fx\x0c\x00\x00\x00QP\x00\x05\xa8\x00\x00\x00\x00entur ei, pro ei'...
0.357 Received: b'[e\x8ao\x00\x00\x00Q\x8c\x0f}\xb4P\x10\x05\xa8\x00\x00\x00\x00'
0.358 Disassembled: source: 23397, dest: 35439, seq: 81, ack: 2349825460, window: 1448, ACK
0.358 Acknowledged seq: 2349824012
0.358 Assembling: source: 35439, dest: 23397, seq: 2349825460, ack: 82, window: 1448, data: "simul euismod vi"...
0.359 Sent: b'\x8ao[e\x8c\x0f}\xb4\x00\x00\x00RP\x00\x05\xa8\x00\x00\x00\x00simul euismod vi'...
0.361 Received: b'[e\x8ao\x00\x00\x00R\x8c\x0f\x83\\P\x10\x05\xa8\x00\x00\x00\x00'
0.361 Disassembled: source: 23397, dest: 35439, seq: 82, ack: 2349826908, window: 1448, ACK
0.361 Acknowledged seq: 2349825460
0.362 Assembling: source: 35439, dest: 23397, seq: 2349826908, ack: 83, window: 1448, data: ", eam id iudico "...
0.362 Sent: b'\x8ao[e\x8c\x0f\x83\\\x00\x00\x00SP\x00\x05\xa8\x00\x00\x00\x00, eam id iudico '...
0.364 Received: b'[e\x8ao\x00\x00\x00S\x8c\x0f\x89\x04P\x10\x05\xa8\x00\x00\x00\x00'
0.364 Disassembled: source: 23397, dest: 35439, seq: 83, ack: 2349828356, window: 1448, ACK
0.365 Acknowledged seq: 2349826908
0.365 Assembling: source: 35439, dest: 23397, seq: 2349828356, ack: 84, window: 1448, data: "m vix. Ea est mu"...
0.365 Sent: b'\x8ao[e\x8c\x0f\x89\x04\x00\x00\x00TP\x00\x05\xa8\x00\x00\x00\x00m vix. Ea est mu'...
0.367 Received: b'[e\x8ao\x00\x00\x00T\x8c\x0f\x8e\xacP\x10\x05\xa8\x00\x00\x00\x00'
0.368 Disassembled: source: 23397, dest: 35439, seq: 84, ack: 2349829804, window: 1448, ACK
0.368 Acknowledged seq: 2349828356
0.368 Assembling: source: 35439, dest: 23397, seq: 2349829804, ack: 85, window: 1448, data: "olor sit amet, e"...
0.369 Sent: b'\x8ao[e\x8c\x0f\x8e\xac\x00\x00\x00UP\x00\x05\xa8\x00\x00\x00\x00olor sit amet, e'...
0.371 Received: b'[e\x8ao\x00\x00\x00U\x8c\x0f\x94TP\x10\x05\xa8\x00\x00\x00\x00'
0.371 Disassembled: source: 23397, dest: 35439, seq: 85, ack: 2349831252, window: 1448, ACK
0.371 Acknowledged seq: 2349829804
0.371 Assembling: source: 35439, dest: 23397, seq: 2349831252, ack: 86, window: 1448, data: "m, aperiam iudic"...
0.372 Sent: b'\x8ao[e\x8c\x0f\x94T\x00\x00\x00VP\x00\x05\xa8\x00\x00\x00\x00m, aperiam iudic'...
0.374 Received: b'[e\x8ao\x00\x00\x00V\x8c\x0f\x99\xfcP\x10\x05\xa8\x00\x00\x00\x00'
0.374 Disassembled: source: 23397, dest: 35439, seq: 86, ack: 2349832700, window: 1448, ACK
0.375 Acknowledged seq: 2349831252
0.375 Assembling: source: 35439, dest: 23397, seq: 2349832700, ack: 87, window: 1448, data: "re sea. No eos d"...
0.375 Sent: b'\x8ao[e\x8c\x0f\x99\xfc\x00\x00\x00WP\x00\x05\xa8\x00\x00\x00\x00re sea. No eos d'...
0.377 Received: b'[e\x8ao\x00\x00\x00W\x8c\x0f\x9f\xa4P\x10\x05\xa8\x00\x00\x00\x00'
0.378 Disassembled: source: 23397, dest: 35439, seq: 87, ack: 2349834148, window: 1448, ACK
0.378 Acknowledged seq: 2349832700
0.378 Assembling: source: 35439, dest: 23397, seq: 2349834148, ack: 88, window: 1448, data: "t scripta philos"...
0.379 Sent: b'\x8ao[e\x8c\x0f\x9f\xa4\x00\x00\x00XP\x00\x05\xa8\x00\x00\x00\x00t scripta philos'...
0.381 Received: b'[e\x8ao\x00\x00\x00X\x8c\x0f\xa5LP\x10\x05\xa8\x00\x00\x00\x00'
0.381 Disassembled: source: 23397, dest: 35439, seq: 88, ack: 2349835596, window: 1448, ACK
0.381 Acknowledged seq: 2349834148
0.381 Assembling: source: 35439, dest: 23397, seq: 2349835596, ack: 89, window: 1448, data: "tos sadipscing e"...
0.382 Sent: b'\x8ao[e\x8c\x0f\xa5L\x00\x00\x00YP\x00\x05\xa8\x00\x00\x00\x00tos sadipscing e'...
0.384 Received: b'[e\x8ao\x00\x00\x00Y\x8c\x0f\xaa\xf4P\x10\x05\xa8\x00\x00\x00\x00'
0.384 Disassembled: source: 23397, dest: 35439, seq: 89, ack: 2349837044, window: 1448, ACK
0.384 Acknowledged seq: 2349835596
0.385 Assembling: source: 35439, dest: 23397, seq: 2349837044, ack: 90, window: 1448, data: "sapientem ea, ad"...
0.385 Sent: b'\x8ao[e\x8c\x0f\xaa\xf4\x00\x00\x00ZP\x00\x05\xa8\x00\x00\x00\x00sapientem ea, ad'...
0.387 Received: b'[e\x8ao\x00\x00\x00Z\x8c\x0f\xb0\x9cP\x10\x05\xa8\x00\x00\x00\x00'
0.387 Disassembled: source: 23397, dest: 35439, seq: 90, ack: 2349838492, window: 1448, ACK
0.387 Acknowledged seq: 2349837044
0.388 Assembling: source: 35439, dest: 23397, seq: 2349838492, ack: 91, window: 1448, data: "g, ei invenire p"...
0.388 Sent: b'\x8ao[e\x8c\x0f\xb0\x9c\x00\x00\x00[P\x00\x05\xa8\x00\x00\x00\x00g, ei invenire p'...
0.390 Received: b'[e\x8ao\x00\x00\x00[\x8c\x0f\xb6DP\x10\x05\xa8\x00\x00\x00\x00'
0.390 Disassembled: source: 23397, dest: 35439, seq: 91, ack: 2349839940, window: 1448, ACK
0.391 Acknowledged seq: 2349838492
0.391 Assembling: source: 35439, dest: 23397, seq: 2349839940, ack: 92, window: 1448, data: "endo at. Qui id "...
0.391 Sent: b'\x8ao[e\x8c\x0f\xb6D\x00\x00\x00\\P\x00\x05\xa8\x00\x00\x00\x00endo at. Qui id '...
0.393 Received: b'[e\x8ao\x00\x00\x00\\\x8c\x0f\xbb\xecP\x10\x05\xa8\x00\x00\x00\x00'
0.394 Disassembled: source: 23397, dest: 35439, seq: 92, ack: 2349841388, window: 1448, ACK
0.394 Acknowledged seq: 2349839940
0.394 Assembling: source: 35439, dest: 23397, seq: 2349841388, ack: 93, window: 1448, data: "ota nostrum et p"...
0.394 Sent: b'\x8ao[e\x8c\x0f\xbb\xec\x00\x00\x00]P\x00\x05\xa8\x00\x00\x00\x00ota nostrum et p'...
0.396 Received: b'[e\x8ao\x00\x00\x00]\x8c\x0f\xc1\x94P\x10\x05\xa8\x00\x00\x00\x00'
0.397 Disassembled: source: 23397, dest: 35439, seq: 93, ack: 2349842836, window: 1448, ACK
0.397 Acknowledged seq: 2349841388
0.397 Assembling: source: 35439, dest: 23397, seq: 2349842836, ack: 94, window: 1448, data: "deseruisse id. P"...
0.398 Sent: b'\x8ao[e\x8c\x0f\xc1\x94\x00\x00\x00^P\x00\x05\xa8\x00\x00\x00\x00deseruisse id. P'...
0.400 Received: b'[e\x8ao\x00\x00\x00^\x8c\x0f\xc7<P\x10\x05\xa8\x00\x00\x00\x00'
0.400 Disassembled: source: 23397, dest: 35439, seq: 94, ack: 2349844284, window: 1448, ACK
0.400 Acknowledged seq: 2349842836
0.401 Assembling: source: 35439, dest: 23397, seq: 2349844284, ack: 95, window: 1448, data: "odo munere imper"...
0.401 Sent: b'\x8ao[e\x8c\x0f\xc7<\x00\x00\x00_P\x00\x05\xa8\x00\x00\x00\x00odo munere imper'...
0.403 Received: b'[e\x8ao\x00\x00\x00_\x8c\x0f\xcc\xe4P\x10\x05\xa8\x00\x00\x00\x00'
0.404 Disassembled: source: 23397, dest: 35439, seq: 95, ack: 2349845732, window: 1448, ACK
0.404 Acknowledged seq: 2349844284
0.404 Assembling: source: 35439, dest: 23397, seq: 2349845732, ack: 96, window: 1448, data: "cimates cum, tib"...
0.405 Sent: b'\x8ao[e\x8c\x0f\xcc\xe4\x00\x00\x00`P\x00\x05\xa8\x00\x00\x00\x00cimates cum, tib'...
0.406 Received: b'[e\x8ao\x00\x00\x00`\x8c\x0f\xd2\x8cP\x10\x05\xa8\x00\x00\x00\x00'
0.407 Disassembled: source: 23397, dest: 35439, seq: 96, ack: 2349847180, window: 1448, ACK
0.407 Acknowledged seq: 2349845732
0.407 Assembling: source: 35439, dest: 23397, seq: 2349847180, ack: 97, window: 1448, data: "tiopam molestiae"...
0.408 Sent: b'\x8ao[e\x8c\x0f\xd2\x8c\x00\x00\x00aP\x00\x05\xa8\x00\x00\x00\x00tiopam molestiae'...
0.410 Received: b'[e\x8ao\x00\x00\x00a\x8c\x0f\xd84P\x10\x05\xa8\x00\x00\x00\x00'
0.410 Disassembled: source: 23397, dest: 35439, seq: 97, ack: 2349848628, window: 1448, ACK
0.410 Acknowledged seq: 2349847180
0.411 Assembling: source: 35439, dest: 23397, seq: 2349848628, ack: 98, window: 1448, data: "possim qui no, v"...
0.411 Sent: b'\x8ao[e\x8c\x0f\xd84\x00\x00\x00bP\x00\x05\xa8\x00\x00\x00\x00possim qui no, v'...
0.413 Received: b'[e\x8ao\x00\x00\x00b\x8c\x0f\xdd\xdcP\x10\x05\xa8\x00\x00\x00\x00'
0.413 Disassembled: source: 23397, dest: 35439, seq: 98, ack: 2349850076, window: 1448, ACK
0.414 Acknowledged seq: 2349848628
0.414 Assembling: source: 35439, dest: 23397, seq: 2349850076, ack: 99, window: 1448, data: " ex utinam parti"...
0.414 Sent: b'\x8ao[e\x8c\x0f\xdd\xdc\x00\x00\x00cP\x00\x05\xa8\x00\x00\x00\x00 ex utinam parti'...
0.416 Received: b'[e\x8ao\x00\x00\x00c\x8c\x0f\xe3\x84P\x10\x05\xa8\x00\x00\x00\x00'
0.417 Disassembled: source: 23397, dest: 35439, seq: 99, ack: 2349851524, window: 1448, ACK
0.417 Acknowledged seq: 2349850076
0.417 Assembling: source: 35439, dest: 23397, seq: 2349851524, ack: 100, window: 1448, data: "icus in his. Pri"...
0.417 Sent: b'\x8ao[e\x8c\x0f\xe3\x84\x00\x00\x00dP\x00\x05\xa8\x00\x00\x00\x00icus in his. Pri'...
0.419 Received: b'[e\x8ao\x00\x00\x00d\x8c\x0f\xe9,P\x10\x05\xa8\x00\x00\x00\x00'
0.420 Disassembled: source: 23397, dest: 35439, seq: 100, ack: 2349852972, window: 1448, ACK
0.420 Acknowledged seq: 2349851524
0.420 Assembling: source: 35439, dest: 23397, seq: 2349852972, ack: 101, window: 1448, data: "iis et.

Ius cu "...
0.421 Sent: b'\x8ao[e\x8c\x0f\xe9,\x00\x00\x00eP\x00\x05\xa8\x00\x00\x00\x00iis et.\n\nIus cu '...
0.423 Received: b'[e\x8ao\x00\x00\x00e\x8c\x0f\xee\xd4P\x10\x05\xa8\x00\x00\x00\x00'
0.423 Disassembled: source: 23397, dest: 35439, seq: 101, ack: 2349854420, window: 1448, ACK
0.423 Acknowledged seq: 2349852972
0.424 Assembling: source: 35439, dest: 23397, seq: 2349854420, ack: 102, window: 1448, data: "e interesset.

T"...
0.424 Sent: b'\x8ao[e\x8c\x0f\xee\xd4\x00\x00\x00fP\x00\x05\xa8\x00\x00\x00\x00e interesset.\n\nT'...
0.426 Received: b'[e\x8ao\x00\x00\x00f\x8c\x0f\xf4|P\x10\x05\xa8\x00\x00\x00\x00'
0.426 Disassembled: source: 23397, dest: 35439, seq: 102, ack: 2349855868, window: 1448, ACK
0.427 Acknowledged seq: 2349854420
0.427 Assembling: source: 35439, dest: 23397, seq: 2349855868, ack: 103, window: 1448, data: "pro alia volutpa"...
0.427 Sent: b'\x8ao[e\x8c\x0f\xf4|\x00\x00\x00gP\x00\x05\xa8\x00\x00\x00\x00pro alia volutpa'...
0.429 Received: b'[e\x8ao\x00\x00\x00g\x8c\x0f\xfa$P\x10\x05\xa8\x00\x00\x00\x00'
0.430 Disassembled: source: 23397, dest: 35439, seq: 103, ack: 2349857316, window: 1448, ACK
0.430 Acknowledged seq: 2349855868
0.430 Assembling: source: 35439, dest: 23397, seq: 2349857316, ack: 104, window: 1448, data: " libris equidem "...
0.431 Sent: b'\x8ao[e\x8c\x0f\xfa$\x00\x00\x00hP\x00\x05\xa8\x00\x00\x00\x00 libris equidem '...
0.432 Received: b'[e\x8ao\x00\x00\x00h\x8c\x0f\xff\xccP\x10\x05\xa8\x00\x00\x00\x00'
0.433 Disassembled: source: 23397, dest: 35439, seq: 104, ack: 2349858764, window: 1448, ACK
0.433 Acknowledged seq: 2349857316
0.433 Assembling: source: 35439, dest: 23397, seq: 2349858764, ack: 105, window: 1448, data: "uavitate volupta"...
0.434 Sent: b'\x8ao[e\x8c\x0f\xff\xcc\x00\x00\x00iP\x00\x05\xa8\x00\x00\x00\x00uavitate volupta'...
0.436 Received: b'[e\x8ao\x00\x00\x00i\x8c\x10\x05tP\x10\x05\xa8\x00\x00\x00\x00'
0.436 Disassembled: source: 23397, dest: 35439, seq: 105, ack: 2349860212, window: 1448, ACK
0.436 Acknowledged seq: 2349858764
0.437 Assembling: source: 35439, dest: 23397, seq: 2349860212, ack: 106, window: 1448, data: " Detraxit defini"...
0.437 Sent: b'\x8ao[e\x8c\x10\x05t\x00\x00\x00jP\x00\x05\xa8\x00\x00\x00\x00 Detraxit defini'...
0.439 Received: b'[e\x8ao\x00\x00\x00j\x8c\x10\x0b\x1cP\x10\x05\xa8\x00\x00\x00\x00'
0.439 Disassembled: source: 23397, dest: 35439, seq: 106, ack: 2349861660, window: 1448, ACK
0.440 Acknowledged seq: 2349860212
0.440 Assembling: source: 35439, dest: 23397, seq: 2349861660, ack: 107, window: 1448, data: "aesent mei. Quo "...
0.440 Sent: b'\x8ao[e\x8c\x10\x0b\x1c\x00\x00\x00kP\x00\x05\xa8\x00\x00\x00\x00aesent mei. Quo '...
0.442 Received: b'[e\x8ao\x00\x00\x00k\x8c\x10\x10\xc4P\x10\x05\xa8\x00\x00\x00\x00'
0.443 Disassembled: source: 23397, dest: 35439, seq: 107, ack: 2349863108, window: 1448, ACK
0.443 Acknowledged seq: 2349861660
0.443 Assembling: source: 35439, dest: 23397, seq: 2349863108, ack: 108, window: 1448, data: "nterpretaris no "...
0.444 Sent: b'\x8ao[e\x8c\x10\x10\xc4\x00\x00\x00lP\x00\x05\xa8\x00\x00\x00\x00nterpretaris no '...
0.445 Received: b'[e\x8ao\x00\x00\x00l\x8c\x10\x16lP\x10\x05\xa8\x00\x00\x00\x00'
0.446 Disassembled: source: 23397, dest: 35439, seq: 108, ack: 2349864556, window: 1448, ACK
0.446 Acknowledged seq: 2349863108
0.446 Assembling: source: 35439, dest: 23397, seq: 2349864556, ack: 109, window: 1448, data: "patrioque has. I"...
0.447 Sent: b'\x8ao[e\x8c\x10\x16l\x00\x00\x00mP\x00\x05\xa8\x00\x00\x00\x00patrioque has. I'...
0.449 Received: b'[e\x8ao\x00\x00\x00m\x8c\x10\x1c\x14P\x10\x05\xa8\x00\x00\x00\x00'
0.449 Disassembled: source: 23397, dest: 35439, seq: 109, ack: 2349866004, window: 1448, ACK
0.449 Acknowledged seq: 2349864556
0.450 Assembling: source: 35439, dest: 23397, seq: 2349866004, ack: 110, window: 1448, data: "ossit repudianda"...
0.450 Sent: b'\x8ao[e\x8c\x10\x1c\x14\x00\x00\x00nP\x00\x05\xa8\x00\x00\x00\x00ossit repudianda'...
0.452 Received: b'[e\x8ao\x00\x00\x00n\x8c\x10!\xbcP\x10\x05\xa8\x00\x00\x00\x00'
0.452 Disassembled: source: 23397, dest: 35439, seq: 110, ack: 2349867452, window: 1448, ACK
0.453 Acknowledged seq: 2349866004
0.453 Assembling: source: 35439, dest: 23397, seq: 2349867452, ack: 111, window: 1448, data: "ora consequuntur"...
0.453 Sent: b'\x8ao[e\x8c\x10!\xbc\x00\x00\x00oP\x00\x05\xa8\x00\x00\x00\x00ora consequuntur'...
0.455 Received: b"[e\x8ao\x00\x00\x00o\x8c\x10'dP\x10\x05\xa8\x00\x00\x00\x00"
0.456 Disassembled: source: 23397, dest: 35439, seq: 111, ack: 2349868900, window: 1448, ACK
0.456 Acknowledged seq: 2349867452
0.456 Assembling: source: 35439, dest: 23397, seq: 2349868900, ack: 112, window: 1448, data: "ctus conceptam a"...
0.457 Sent: b"\x8ao[e\x8c\x10'd\x00\x00\x00pP\x00\x05\xa8\x00\x00\x00\x00ctus conceptam a"...
0.458 Received: b'[e\x8ao\x00\x00\x00p\x8c\x10-\x0cP\x10\x05\xa8\x00\x00\x00\x00'
0.459 Disassembled: source: 23397, dest: 35439, seq: 112, ack: 2349870348, window: 1448, ACK
0.459 Acknowledged seq: 2349868900
0.459 Assembling: source: 35439, dest: 23397, seq: 2349870348, ack: 113, window: 1448, data: " aeterno te, ne "...
0.460 Sent: b'\x8ao[e\x8c\x10-\x0c\x00\x00\x00qP\x00\x05\xa8\x00\x00\x00\x00 aeterno te, ne '...
0.462 Received: b'[e\x8ao\x00\x00\x00q\x8c\x102\xb4P\x10\x05\xa8\x00\x00\x00\x00'
0.462 Disassembled: source: 23397, dest: 35439, seq: 113, ack: 2349871796, window: 1448, ACK
0.462 Acknowledged seq: 2349870348
0.463 Assembling: source: 35439, dest: 23397, seq: 2349871796, ack: 114, window: 1448, data: "imis oporteat di"...
0.463 Sent: b'\x8ao[e\x8c\x102\xb4\x00\x00\x00rP\x00\x05\xa8\x00\x00\x00\x00imis oporteat di'...
0.465 Received: b'[e\x8ao\x00\x00\x00r\x8c\x108\\P\x10\x05\xa8\x00\x00\x00\x00'
0.465 Disassembled: source: 23397, dest: 35439, seq: 114, ack: 2349873244, window: 1448, ACK
0.465 Acknowledged seq: 2349871796
0.466 Assembling: source: 35439, dest: 23397, seq: 2349873244, ack: 115, window: 1448, data: "re. Has virtute "...
0.466 Sent: b'\x8ao[e\x8c\x108\\\x00\x00\x00sP\x00\x05\xa8\x00\x00\x00\x00re. Has virtute '...
0.468 Received: b'[e\x8ao\x00\x00\x00s\x8c\x10>\x04P\x10\x05\xa8\x00\x00\x00\x00'
0.469 Disassembled: source: 23397, dest: 35439, seq: 115, ack: 2349874692, window: 1448, ACK
0.469 Acknowledged seq: 2349873244
0.469 Assembling: source: 35439, dest: 23397, seq: 2349874692, ack: 116, window: 1448, data: " eum ancillae no"...
0.469 Sent: b'\x8ao[e\x8c\x10>\x04\x00\x00\x00tP\x00\x05\xa8\x00\x00\x00\x00 eum ancillae no'...
0.471 Received: b'[e\x8ao\x00\x00\x00t\x8c\x10C\xacP\x10\x05\xa8\x00\x00\x00\x00'
0.472 Disassembled: source: 23397, dest: 35439, seq: 116, ack: 2349876140, window: 1448, ACK
0.472 Acknowledged seq: 2349874692
0.472 Assembling: source: 35439, dest: 23397, seq: 2349876140, ack: 117, window: 1448, data: "ppareat ius. At "...
0.473 Sent: b'\x8ao[e\x8c\x10C\xac\x00\x00\x00uP\x00\x05\xa8\x00\x00\x00\x00ppareat ius. At '...
0.475 Received: b'[e\x8ao\x00\x00\x00u\x8c\x10ITP\x10\x05\xa8\x00\x00\x00\x00'
0.475 Disassembled: source: 23397, dest: 35439, seq: 117, ack: 2349877588, window: 1448, ACK
0.475 Acknowledged seq: 2349876140
0.476 Assembling: source: 35439, dest: 23397, seq: 2349877588, ack: 118, window: 1448, data: ", vero appellant"...
0.476 Sent: b'\x8ao[e\x8c\x10IT\x00\x00\x00vP\x00\x05\xa8\x00\x00\x00\x00, vero appellant'...
0.478 Received: b'[e\x8ao\x00\x00\x00v\x8c\x10N\xfcP\x10\x05\xa8\x00\x00\x00\x00'
0.478 Disassembled: source: 23397, dest: 35439, seq: 118, ack: 2349879036, window: 1448, ACK
0.479 Acknowledged seq: 2349877588
0.479 Assembling: source: 35439, dest: 23397, seq: 2349879036, ack: 119, window: 1448, data: "ibo quando copio"...
0.479 Sent: b'\x8ao[e\x8c\x10N\xfc\x00\x00\x00wP\x00\x05\xa8\x00\x00\x00\x00ibo quando copio'...
0.481 Received: b'[e\x8ao\x00\x00\x00w\x8c\x10T\xa4P\x10\x05\xa8\x00\x00\x00\x00'
0.482 Disassembled: source: 23397, dest: 35439, seq: 119, ack: 2349880484, window: 1448, ACK
0.482 Acknowledged seq: 2349879036
0.482 Assembling: source: 35439, dest: 23397, seq: 2349880484, ack: 120, window: 1448, data: " maluisset. Sit "...
0.483 Sent: b'\x8ao[e\x8c\x10T\xa4\x00\x00\x00xP\x00\x05\xa8\x00\x00\x00\x00 maluisset. Sit '...
0.485 Received: b'[e\x8ao\x00\x00\x00x\x8c\x10ZLP\x10\x05\xa8\x00\x00\x00\x00'
0.485 Disassembled: source: 23397, dest: 35439, seq: 120, ack: 2349881932, window: 1448, ACK
0.485 Acknowledged seq: 2349880484
0.485 Assembling: source: 35439, dest: 23397, seq: 2349881932, ack: 121, window: 1448, data: "e ceteros albuci"...
0.486 Sent: b'\x8ao[e\x8c\x10ZL\x00\x00\x00yP\x00\x05\xa8\x00\x00\x00\x00e ceteros albuci'...
0.488 Received: b'[e\x8ao\x00\x00\x00y\x8c\x10_\xf4P\x10\x05\xa8\x00\x00\x00\x00'
0.488 Disassembled: source: 23397, dest: 35439, seq: 121, ack: 2349883380, window: 1448, ACK
0.488 Acknowledged seq: 2349881932
0.489 Assembling: source: 35439, dest: 23397, seq: 2349883380, ack: 122, window: 1448, data: "complectitur sea"...
0.489 Sent: b'\x8ao[e\x8c\x10_\xf4\x00\x00\x00zP\x00\x05\xa8\x00\x00\x00\x00complectitur sea'...
0.491 Received: b'[e\x8ao\x00\x00\x00z\x8c\x10e\x9cP\x10\x05\xa8\x00\x00\x00\x00'
0.492 Disassembled: source: 23397, dest: 35439, seq: 122, ack: 2349884828, window: 1448, ACK
0.492 Acknowledged seq: 2349883380
0.492 Finished reading file
0.492 Assembling: source: 35439, dest: 23397, seq: 2349884828, ack: 123, window: 1448, data: "tempor ex ius. E"...
0.493 Sent: b'\x8ao[e\x8c\x10e\x9c\x00\x00\x00{P\x00\x05\xa8\x00\x00\x00\x00tempor ex ius. E'...
0.494 Received: b'[e\x8ao\x00\x00\x00{\x8c\x10e\xfaP\x10\x05\xa8\x00\x00\x00\x00'
0.495 Disassembled: source: 23397, dest: 35439, seq: 123, ack: 2349884922, window: 1448, ACK
0.495 Acknowledged seq: 2349884828
0.495 Assembling: source: 35439, dest: 23397, seq: 2349884922, ack: 124, window: 1448, ACK, FIN
0.496 Sent: b'\x8ao[e\x8c\x10e\xfa\x00\x00\x00|P\x11\x05\xa8\x00\x00\x00\x00'
0.498 Received: b'[e\x8ao\x00\x00\x00|\x8c\x10e\xfbP\x10\x05\xa8\x00\x00\x00\x00'
0.498 Disassembled: source: 23397, dest: 35439, seq: 124, ack: 2349884923, window: 1448, ACK
0.498 FIN accepted; sending final packet
0.499 Assembling: source: 35439, dest: 23397, seq: 2349884923, ack: 124, window: 1448, ACK
0.499 Sent: b'\x8ao[e\x8c\x10e\xfb\x00\x00\x00|P\x10\x05\xa8\x00\x00\x00\x00'
0.499 Closed connection
0.500 Shutting down
