0.000 NEW RUN: Server, TEST: Write_file__Empty
0.213 Received: b'\x97\x8b&Y\x00\x00\x00G\x00\x00\x00\x00P\x02\x05\xa8\x00\x00\x00\x00'
0.213 Disassembled: source: 38795, dest: 9817, seq: 71, window: 1448, SYN
0.214 SYN accepted; new connection: 127.0.0.1 on port 38795
0.214 Assembling: source: 9817, dest: 38795, seq: 2351108776, ack: 72, window: 5808, ACK, SYN
0.214 Sent: b'&Y\x97\x8b\x8c#\x12\xa8\x00\x00\x00HP\x12\x16\xb0\x00\x00\x00\x00'
0.216 Received: b'\x97\x8b&Y\x00\x00\x00H\x8c#\x12\xa9P\x10\x16\xb0\x00\x00\x00\x00'
0.216 Disassembled: source: 38795, dest: 9817, seq: 72, ack: 2351108777, window: 5808, ACK
0.216 Assembling: source: 9817, dest: 38795, seq: 2351108777, ack: 72, window: 5808, ACK
0.216 Sent: b'&Y\x97\x8b\x8c#\x12\xa9\x00\x00\x00HP\x10\x16\xb0\x00\x00\x00\x00'
0.217 Received: b'\x97\x8b&Y\x00\x00\x00I\x8c#\x12\xa9P\x00\x16\xb0\x00\x00\x00\x00'
0.217 Disassembled: source: 38795, dest: 9817, seq: 73, ack: 2351108777, window: 5808
0.217 Error: Incorrect acknowledgement flag
0.717 Sent: b'&Y\x97\x8b\x8c#\x12\xa9\x00\x00\x00HP\x10\x16\xb0\x00\x00\x00\x00'
1.217 Sent: b'&Y\x97\x8b\x8c#\x12\xa9\x00\x00\x00HP\x10\x16\xb0\x00\x00\x00\x00'
1.718 Sent: b'&Y\x97\x8b\x8c#\x12\xa9\x00\x00\x00HP\x10\x16\xb0\x00\x00\x00\x00'
2.218 Sent: b'&Y\x97\x8b\x8c#\x12\xa9\x00\x00\x00HP\x10\x16\xb0\x00\x00\x00\x00'
2.719 Error: Connection timed out
2.719 Closed connection
2.719 Shutting down
