0.000 NEW RUN: Server, TEST: Write_file__Single_packet
0.193 Received: b'\xf0\xeb\xaad\x00\x00\x00\x0e\x00\x00\x00\x00P\x02\x05\xa8\x00\x00\x00\x00'
0.194 Disassembled: source: 61675, dest: 43620, seq: 14, window: 1448, SYN
0.194 SYN accepted; new connection: 127.0.0.1 on port 61675
0.194 Assembling: source: 43620, dest: 61675, seq: 2352139496, ack: 15, window: 5808, ACK, SYN
0.195 Sent: b'\xaad\xf0\xeb\x8c2\xcc\xe8\x00\x00\x00\x0fP\x12\x16\xb0\x00\x00\x00\x00'
0.196 Received: b'\xf0\xeb\xaad\x00\x00\x00\x0f\x8c2\xcc\xe9P\x10\x16\xb0\x00\x00\x00\x00'
0.196 Disassembled: source: 61675, dest: 43620, seq: 15, ack: 2352139497, window: 5808, ACK
0.197 Assembling: source: 43620, dest: 61675, seq: 2352139497, ack: 15, window: 5808, ACK
0.197 Sent: b'\xaad\xf0\xeb\x8c2\xcc\xe9\x00\x00\x00\x0fP\x10\x16\xb0\x00\x00\x00\x00'
0.197 Received: b'\xf0\xeb\xaad\x00\x00\x00\x10\x8c2\xcc\xe9P\x00\x16\xb0\x00\x00\x00\x00This file fits i'...
0.198 Disassembled: source: 61675, dest: 43620, seq: 16, ack: 2352139497, window: 5808, data: "This file fits i"...
0.198 Error: Incorrect acknowledgement flag
0.697 Sent: b'\xaad\xf0\xeb\x8c2\xcc\xe9\x00\x00\x00\x0fP\x10\x16\xb0\x00\x00\x00\x00'
1.198 Sent: b'\xaad\xf0\xeb\x8c2\xcc\xe9\x00\x00\x00\x0fP\x10\x16\xb0\x00\x00\x00\x00'
1.698 Sent: b'\xaad\xf0\xeb\x8c2\xcc\xe9\x00\x00\x00\x0fP\x10\x16\xb0\x00\x00\x00\x00'
2.198 Sent: b'\xaad\xf0\xeb\x8c2\xcc\xe9\x00\x00\x00\x0fP\x10\x16\xb0\x00\x00\x00\x00'
2.699 Error: Connection timed out
2.699 Closed connection
2.700 Shutting down
