0.000 NEW RUN: Server, TEST: Write_file__Large_multi-packet
0.198 Received: b'\x19o\x9a\xf4\x00\x00\x00)\x00\x00\x00\x00P\x02\x05\xa8\x00\x00\x00\x00'
0.199 Disassembled: source: 6511, dest: 39668, seq: 41, window: 1448, SYN
0.199 SYN accepted; new connection: 127.0.0.1 on port 6511
0.200 Assembling: source: 39668, dest: 6511, seq: 2354214999, ack: 42, window: 5808, ACK, SYN
0.200 Sent: b'\x9a\xf4\x19o\x8cRxW\x00\x00\x00*P\x12\x16\xb0\x00\x00\x00\x00'
0.201 Received: b'\x19o\x9a\xf4\x00\x00\x00*\x8cRxXP\x10\x16\xb0\x00\x00\x00\x00'
0.201 Disassembled: source: 6511, dest: 39668, seq: 42, ack: 2354215000, window: 5808, ACK
0.202 Assembling: source: 39668, dest: 6511, seq: 2354215000, ack: 42, window: 5808, ACK
0.202 Received: b'\x19o\x9a\xf4\x00\x00\x00+\x8cRxXP\x00\x16\xb0\x00\x00\x00\x00Lorem ipsum dolo'...
0.202 Sent: b'\x9a\xf4\x19o\x8cRxX\x00\x00\x00*P\x10\x16\xb0\x00\x00\x00\x00'
0.203 Disassembled: source: 6511, dest: 39668, seq: 43, ack: 2354215000, window: 5808, data: "Lorem ipsum dolo"...
0.203 Error: Incorrect acknowledgement flag
0.203 Received: b'\x19o\x9a\xf4\x00\x00\x16\xdb\x8cRxYP\x00\x16\xb0\x00\x00\x00\x00 sadipscing ei q'...
0.204 Disassembled: source: 6511, dest: 39668, seq: 5851, ack: 2354215001, window: 5808, data: " sadipscing ei q"...
0.204 Error: Sequence number too high
0.702 Sent: b'\x9a\xf4\x19o\x8cRxX\x00\x00\x00*P\x10\x16\xb0\x00\x00\x00\x00'
0.705 Received: b'\x19o\x9a\xf4\x00\x00-\x8b\x8cRxZP\x00\x16\xb0\x00\x00\x00\x00 Duo ea augue fa'...
0.706 Disassembled: source: 6511, dest: 39668, seq: 11659, ack: 2354215002, window: 5808, data: " Duo ea augue fa"...
0.706 Error: Sequence number too high
1.203 Sent: b'\x9a\xf4\x19o\x8cRxX\x00\x00\x00*P\x10\x16\xb0\x00\x00\x00\x00'
1.205 Received: b'\x19o\x9a\xf4\x00\x00D;\x8cRx[P\x00\x16\xb0\x00\x00\x00\x00uta debitis pert'...
1.206 Disassembled: source: 6511, dest: 39668, seq: 17467, ack: 2354215003, window: 5808, data: "uta debitis pert"...
1.206 Error: Sequence number too high
1.703 Sent: b'\x9a\xf4\x19o\x8cRxX\x00\x00\x00*P\x10\x16\xb0\x00\x00\x00\x00'
1.706 Received: b'\x19o\x9a\xf4\x00\x00Z\xeb\x8cRx\\P\x00\x16\xb0\x00\x00\x00\x00 decore possit r'...
1.706 Disassembled: source: 6511, dest: 39668, seq: 23275, ack: 2354215004, window: 5808, data: " decore possit r"...
1.707 Error: Sequence number too high
2.204 Sent: b'\x9a\xf4\x19o\x8cRxX\x00\x00\x00*P\x10\x16\xb0\x00\x00\x00\x00'
2.206 Received: b'\x19o\x9a\xf4\x00\x00q\x9b\x8cRx]P\x00\x16\xb0\x00\x00\x00\x00orteat dissentiu'...
2.207 Disassembled: source: 6511, dest: 39668, seq: 29083, ack: 2354215005, window: 5808, data: "orteat dissentiu"...
2.207 Error: Sequence number too high
2.704 Error: Connection timed out
2.704 Closed connection
2.707 Shutting down
