0.000 NEW RUN: Server, TEST: Write_file__Small_multi-packet
0.217 Received: b'\xd2\xab\x8b\x16\x00\x00\x00]\x00\x00\x00\x00P\x02\x05\xa8\x00\x00\x00\x00'
0.218 Disassembled: source: 53931, dest: 35606, seq: 93, window: 1448, SYN
0.218 SYN accepted; new connection: 127.0.0.1 on port 53931
0.218 Assembling: source: 35606, dest: 53931, seq: 2353186235, ack: 94, window: 5808, ACK, SYN
0.218 Sent: b'\x8b\x16\xd2\xab\x8cB\xc5\xbb\x00\x00\x00^P\x12\x16\xb0\x00\x00\x00\x00'
0.219 Received: b'\xd2\xab\x8b\x16\x00\x00\x00^\x8cB\xc5\xbcP\x10\x16\xb0\x00\x00\x00\x00'
0.220 Disassembled: source: 53931, dest: 35606, seq: 94, ack: 2353186236, window: 5808, ACK
0.220 Assembling: source: 35606, dest: 53931, seq: 2353186236, ack: 94, window: 5808, ACK
0.220 Sent: b'\x8b\x16\xd2\xab\x8cB\xc5\xbc\x00\x00\x00^P\x10\x16\xb0\x00\x00\x00\x00'
0.220 Received: b'\xd2\xab\x8b\x16\x00\x00\x00_\x8cB\xc5\xbcP\x00\x16\xb0\x00\x00\x00\x00Lorem ipsum dolo'...
0.220 Disassembled: source: 53931, dest: 35606, seq: 95, ack: 2353186236, window: 5808, data: "Lorem ipsum dolo"...
0.221 Error: Incorrect acknowledgement flag
0.720 Sent: b'\x8b\x16\xd2\xab\x8cB\xc5\xbc\x00\x00\x00^P\x10\x16\xb0\x00\x00\x00\x00'
1.221 Sent: b'\x8b\x16\xd2\xab\x8cB\xc5\xbc\x00\x00\x00^P\x10\x16\xb0\x00\x00\x00\x00'
1.721 Sent: b'\x8b\x16\xd2\xab\x8cB\xc5\xbc\x00\x00\x00^P\x10\x16\xb0\x00\x00\x00\x00'
2.222 Sent: b'\x8b\x16\xd2\xab\x8cB\xc5\xbc\x00\x00\x00^P\x10\x16\xb0\x00\x00\x00\x00'
2.722 Error: Connection timed out
2.722 Closed connection
2.724 Shutting down
