0.000 NEW RUN: Server, TEST: Read_file__Relaxed
3.076 Received: b'$\xf8_\x85\xda\x13BZ\x11\x8fNi\xbeh ]\xf3\x8d\xa3\xad\xcc\xe8@\xb2'
3.077 Warning: Checksum incorrect
3.077 Disassembled: source: 9464, dest: 24453, seq: 3658695258, ack: 294604393, window: 8285, data: b'\xcc\xe8@\xb2'
3.077 Error: No connection
4.075 Received: b'$\xf8_\x85\xda\x13BZ\x11\x8fNi\xbeh ]\xf3\x8d\xa3\xad\xcc\xe8@\xb2'
4.075 Warning: Checksum incorrect
4.076 Disassembled: source: 9464, dest: 24453, seq: 3658695258, ack: 294604393, window: 8285, data: b'\xcc\xe8@\xb2'
4.076 Error: No connection
5.076 Received: b'$\xf8_\x85\xda\x13BZ\x11\x8fNi\xbeh ]\xf3\x8d\xa3\xad\xcc\xe8@\xb2'
5.077 Warning: Checksum incorrect
5.077 Disassembled: source: 9464, dest: 24453, seq: 3658695258, ack: 294604393, window: 8285, data: b'\xcc\xe8@\xb2'
5.077 Error: No connection
6.077 Received: b'$\xf8_\x85\xda\x13BZ\x11\x8fNi\xbeh ]\xf3\x8d\xa3\xad\xcc\xe8@\xb2'
6.078 Warning: Checksum incorrect
6.078 Disassembled: source: 9464, dest: 24453, seq: 3658695258, ack: 294604393, window: 8285, data: b'\xcc\xe8@\xb2'
6.078 Error: No connection
7.078 Received: b'$\xf8_\x85\xda\x13BZ\x11\x8fNi\xbeh ]\xf3\x8d\xa3\xad\xcc\xe8@\xb2'
7.079 Warning: Checksum incorrect
7.079 Disassembled: source: 9464, dest: 24453, seq: 3658695258, ack: 294604393, window: 8285, data: b'\xcc\xe8@\xb2'
7.079 Error: No connection
8.080 Received: b'$\xf8_\x85\xda\x13BZ\x11\x8fNi\xbeh ]\xf3\x8d\xa3\xad\xcc\xe8@\xb2'
8.080 Warning: Checksum incorrect
8.080 Disassembled: source: 9464, dest: 24453, seq: 3658695258, ack: 294604393, window: 8285, data: b'\xcc\xe8@\xb2'
8.080 Error: No connection
9.081 Received: b'$\xf8_\x85\xda\x13BZ\x11\x8fNi\xbeh ]\xf3\x8d\xa3\xad\xcc\xe8@\xb2'
9.081 Warning: Checksum incorrect
9.081 Disassembled: source: 9464, dest: 24453, seq: 3658695258, ack: 294604393, window: 8285, data: b'\xcc\xe8@\xb2'
9.081 Error: No connection
10.082 Received: b'$\xf8_\x85\xda\x13BZ\x11\x8fNi\xbeh ]\xf3\x8d\xa3\xad\xcc\xe8@\xb2'
10.082 Warning: Checksum incorrect
10.082 Disassembled: source: 9464, dest: 24453, seq: 3658695258, ack: 294604393, window: 8285, data: b'\xcc\xe8@\xb2'
10.083 Error: No connection
11.083 Received: b'$\xf8_\x85\xda\x13BZ\x11\x8fNi\xbeh ]\xf3\x8d\xa3\xad\xcc\xe8@\xb2'
11.083 Warning: Checksum incorrect
11.083 Disassembled: source: 9464, dest: 24453, seq: 3658695258, ack: 294604393, window: 8285, data: b'\xcc\xe8@\xb2'
11.083 Error: No connection
12.084 Received: b'$\xf8_\x85\xda\x13BZ\x11\x8fNi\xbeh ]\xf3\x8d\xa3\xad\xcc\xe8@\xb2'
12.084 Warning: Checksum incorrect
12.084 Disassembled: source: 9464, dest: 24453, seq: 3658695258, ack: 294604393, window: 8285, data: b'\xcc\xe8@\xb2'
12.085 Error: No connection
13.085 Received: b'$\xf8_\x85\xda\x13BZ\x11\x8fNi\xbeh ]\xf3\x8d\xa3\xad\xcc\xe8@\xb2'
13.085 Warning: Checksum incorrect
13.086 Disassembled: source: 9464, dest: 24453, seq: 3658695258, ack: 294604393, window: 8285, data: b'\xcc\xe8@\xb2'
13.086 Error: No connection
14.086 Received: b'$\xf8_\x85\xda\x13BZ\x11\x8fNi\xbeh ]\xf3\x8d\xa3\xad\xcc\xe8@\xb2'
14.087 Warning: Checksum incorrect
14.087 Disassembled: source: 9464, dest: 24453, seq: 3658695258, ack: 294604393, window: 8285, data: b'\xcc\xe8@\xb2'
14.087 Error: No connection
15.087 Received: b'$\xf8_\x85\xda\x13BZ\x11\x8fNi\xbeh ]\xf3\x8d\xa3\xad\xcc\xe8@\xb2'
15.088 Warning: Checksum incorrect
15.088 Disassembled: source: 9464, dest: 24453, seq: 3658695258, ack: 294604393, window: 8285, data: b'\xcc\xe8@\xb2'
15.088 Error: No connection
16.088 Received: b'$\xf8_\x85\xda\x13BZ\x11\x8fNi\xbeh ]\xf3\x8d\xa3\xad\xcc\xe8@\xb2'
16.089 Warning: Checksum incorrect
16.089 Disassembled: source: 9464, dest: 24453, seq: 3658695258, ack: 294604393, window: 8285, data: b'\xcc\xe8@\xb2'
16.089 Error: No connection
17.090 Received: b'$\xf8_\x85\xda\x13BZ\x11\x8fNi\xbeh ]\xf3\x8d\xa3\xad\xcc\xe8@\xb2'
17.090 Warning: Checksum incorrect
17.090 Disassembled: source: 9464, dest: 24453, seq: 3658695258, ack: 294604393, window: 8285, data: b'\xcc\xe8@\xb2'
17.090 Error: No connection
18.091 Received: b'$\xf8_\x85\xda\x13BZ\x11\x8fNi\xbeh ]\xf3\x8d\xa3\xad\xcc\xe8@\xb2'
18.091 Warning: Checksum incorrect
18.091 Disassembled: source: 9464, dest: 24453, seq: 3658695258, ack: 294604393, window: 8285, data: b'\xcc\xe8@\xb2'
18.091 Error: No connection
19.092 Received: b'$\xf8_\x85\xda\x13BZ\x11\x8fNi\xbeh ]\xf3\x8d\xa3\xad\xcc\xe8@\xb2'
19.092 Warning: Checksum incorrect
19.092 Disassembled: source: 9464, dest: 24453, seq: 3658695258, ack: 294604393, window: 8285, data: b'\xcc\xe8@\xb2'
19.092 Error: No connection
20.093 Received: b'$\xf8_\x85\xda\x13BZ\x11\x8fNi\xbeh ]\xf3\x8d\xa3\xad\xcc\xe8@\xb2'
20.093 Warning: Checksum incorrect
20.093 Disassembled: source: 9464, dest: 24453, seq: 3658695258, ack: 294604393, window: 8285, data: b'\xcc\xe8@\xb2'
20.094 Error: No connection
21.094 Received: b'$\xf8_\x85\xda\x13BZ\x11\x8fNi\xbeh ]\xf3\x8d\xa3\xad\xcc\xe8@\xb2'
21.094 Warning: Checksum incorrect
21.094 Disassembled: source: 9464, dest: 24453, seq: 3658695258, ack: 294604393, window: 8285, data: b'\xcc\xe8@\xb2'
21.094 Error: No connection
22.095 Received: b'$\xf8_\x85\xda\x13BZ\x11\x8fNi\xbeh ]\xf3\x8d\xa3\xad\xcc\xe8@\xb2'
22.095 Warning: Checksum incorrect
22.096 Disassembled: source: 9464, dest: 24453, seq: 3658695258, ack: 294604393, window: 8285, data: b'\xcc\xe8@\xb2'
22.096 Error: No connection
23.096 Received: b'$\xf8_\x85\xda\x13BZ\x11\x8fNi\xbeh ]\xf3\x8d\xa3\xad\xcc\xe8@\xb2'
23.096 Warning: Checksum incorrect
23.097 Disassembled: source: 9464, dest: 24453, seq: 3658695258, ack: 294604393, window: 8285, data: b'\xcc\xe8@\xb2'
23.097 Error: No connection
24.097 Received: b'$\xf8_\x85\xda\x13BZ\x11\x8fNi\xbeh ]\xf3\x8d\xa3\xad\xcc\xe8@\xb2'
24.098 Warning: Checksum incorrect
24.098 Disassembled: source: 9464, dest: 24453, seq: 3658695258, ack: 294604393, window: 8285, data: b'\xcc\xe8@\xb2'
24.098 Error: No connection
25.098 Received: b'$\xf8_\x85\xda\x13BZ\x11\x8fNi\xbeh ]\xf3\x8d\xa3\xad\xcc\xe8@\xb2'
25.099 Warning: Checksum incorrect
25.099 Disassembled: source: 9464, dest: 24453, seq: 3658695258, ack: 294604393, window: 8285, data: b'\xcc\xe8@\xb2'
25.099 Error: No connection
26.099 Received: b'$\xf8_\x85\xda\x13BZ\x11\x8fNi\xbeh ]\xf3\x8d\xa3\xad\xcc\xe8@\xb2'
26.100 Warning: Checksum incorrect
26.100 Disassembled: source: 9464, dest: 24453, seq: 3658695258, ack: 294604393, window: 8285, data: b'\xcc\xe8@\xb2'
26.100 Error: No connection
27.101 Received: b'$\xf8_\x85\xda\x13BZ\x11\x8fNi\xbeh ]\xf3\x8d\xa3\xad\xcc\xe8@\xb2'
27.101 Warning: Checksum incorrect
27.101 Disassembled: source: 9464, dest: 24453, seq: 3658695258, ack: 294604393, window: 8285, data: b'\xcc\xe8@\xb2'
27.101 Error: No connection
28.102 Received: b'$\xf8_\x85\xda\x13BZ\x11\x8fNi\xbeh ]\xf3\x8d\xa3\xad\xcc\xe8@\xb2'
28.102 Warning: Checksum incorrect
28.102 Disassembled: source: 9464, dest: 24453, seq: 3658695258, ack: 294604393, window: 8285, data: b'\xcc\xe8@\xb2'
28.102 Error: No connection
29.103 Received: b'$\xf8_\x85\xda\x13BZ\x11\x8fNi\xbeh ]\xf3\x8d\xa3\xad\xcc\xe8@\xb2'
29.103 Warning: Checksum incorrect
29.103 Disassembled: source: 9464, dest: 24453, seq: 3658695258, ack: 294604393, window: 8285, data: b'\xcc\xe8@\xb2'
29.103 Error: No connection
30.104 Received: b'$\xf8_\x85\xda\x13BZ\x11\x8fNi\xbeh ]\xf3\x8d\xa3\xad\xcc\xe8@\xb2'
30.104 Warning: Checksum incorrect
30.104 Disassembled: source: 9464, dest: 24453, seq: 3658695258, ack: 294604393, window: 8285, data: b'\xcc\xe8@\xb2'
30.105 Error: No connection
31.105 Received: b'$\xf8_\x85\xda\x13BZ\x11\x8fNi\xbeh ]\xf3\x8d\xa3\xad\xcc\xe8@\xb2'
31.105 Warning: Checksum incorrect
31.105 Disassembled: source: 9464, dest: 24453, seq: 3658695258, ack: 294604393, window: 8285, data: b'\xcc\xe8@\xb2'
31.106 Error: No connection
32.106 Received: b'$\xf8_\x85\xda\x13BZ\x11\x8fNi\xbeh ]\xf3\x8d\xa3\xad\xcc\xe8@\xb2'
32.106 Warning: Checksum incorrect
32.107 Disassembled: source: 9464, dest: 24453, seq: 3658695258, ack: 294604393, window: 8285, data: b'\xcc\xe8@\xb2'
32.107 Error: No connection
33.107 Received: b'$\xf8_\x85\xda\x13BZ\x11\x8fNi\xbeh ]\xf3\x8d\xa3\xad\xcc\xe8@\xb2'
33.107 Warning: Checksum incorrect
33.108 Disassembled: source: 9464, dest: 24453, seq: 3658695258, ack: 294604393, window: 8285, data: b'\xcc\xe8@\xb2'
33.108 Error: No connection
34.108 Received: b'$\xf8_\x85\xda\x13BZ\x11\x8fNi\xbeh ]\xf3\x8d\xa3\xad\xcc\xe8@\xb2'
34.109 Warning: Checksum incorrect
34.109 Disassembled: source: 9464, dest: 24453, seq: 3658695258, ack: 294604393, window: 8285, data: b'\xcc\xe8@\xb2'
34.109 Error: No connection
35.109 Received: b'$\xf8_\x85\xda\x13BZ\x11\x8fNi\xbeh ]\xf3\x8d\xa3\xad\xcc\xe8@\xb2'
35.110 Warning: Checksum incorrect
35.110 Disassembled: source: 9464, dest: 24453, seq: 3658695258, ack: 294604393, window: 8285, data: b'\xcc\xe8@\xb2'
35.110 Error: No connection
36.110 Received: b'$\xf8_\x85\xda\x13BZ\x11\x8fNi\xbeh ]\xf3\x8d\xa3\xad\xcc\xe8@\xb2'
36.111 Warning: Checksum incorrect
36.111 Disassembled: source: 9464, dest: 24453, seq: 3658695258, ack: 294604393, window: 8285, data: b'\xcc\xe8@\xb2'
36.111 Error: No connection
37.111 Received: b'$\xf8_\x85\xda\x13BZ\x11\x8fNi\xbeh ]\xf3\x8d\xa3\xad\xcc\xe8@\xb2'
37.112 Warning: Checksum incorrect
37.112 Disassembled: source: 9464, dest: 24453, seq: 3658695258, ack: 294604393, window: 8285, data: b'\xcc\xe8@\xb2'
37.112 Error: No connection
38.113 Received: b'$\xf8_\x85\xda\x13BZ\x11\x8fNi\xbeh ]\xf3\x8d\xa3\xad\xcc\xe8@\xb2'
38.113 Warning: Checksum incorrect
38.113 Disassembled: source: 9464, dest: 24453, seq: 3658695258, ack: 294604393, window: 8285, data: b'\xcc\xe8@\xb2'
38.113 Error: No connection
