0.000 NEW RUN: Server, TEST: Read_file__Large_multi-packet
0.081 Received: b'\x95%$`\x00\x00\x00`\x00\x00\x00\x00P\x02\x05\xa8\x00\x00\x00\x00'
0.082 Disassembled: source: 38181, dest: 9312, seq: 96, window: 1448, SYN
0.082 SYN accepted; new connection: 127.0.0.1 on port 38181
0.082 Assembling: source: 9312, dest: 38181, seq: 783875117, ack: 97, window: 1448, ACK, SYN
0.083 Sent: b'$`\x95%.\xb8\xfc-\x00\x00\x00aP\x12\x05\xa8\x00\x00\x00\x00'
0.086 Received: b'\x95%$`\x00\x00\x00a.\xb8\xfc.P\x10\x05\xa8\x00\x00\x00\x00'
0.086 Disassembled: source: 38181, dest: 9312, seq: 97, ack: 783875118, window: 1448, ACK
0.087 Handshake complete
0.087 Acknowledged seq: 783875117
0.087 Assembling: source: 9312, dest: 38181, seq: 783875118, ack: 98, window: 1448, data: "Lorem ipsum dolo"...
0.087 Sent: b'$`\x95%.\xb8\xfc.\x00\x00\x00bP\x00\x05\xa8\x00\x00\x00\x00Lorem ipsum dolo'...
0.090 Received: b'\x95%$`\x00\x00\x00a.\xb9\x01\xd6P\x10\x05\xa8\x00\x00\x00\x00'
0.091 Disassembled: source: 38181, dest: 9312, seq: 97, ack: 783876566, window: 1448, ACK
0.091 Acknowledged seq: 783875118
0.091 Assembling: source: 9312, dest: 38181, seq: 783876566, ack: 98, window: 1448, data: "mprehensam nam, "...
0.092 Sent: b'$`\x95%.\xb9\x01\xd6\x00\x00\x00bP\x00\x05\xa8\x00\x00\x00\x00mprehensam nam, '...
0.094 Received: b'\x95%$`\x00\x00\x00a.\xb9\x07~P\x10\x05\xa8\x00\x00\x00\x00'
0.095 Disassembled: source: 38181, dest: 9312, seq: 97, ack: 783878014, window: 1448, ACK
0.095 Acknowledged seq: 783876566
0.095 Assembling: source: 9312, dest: 38181, seq: 783878014, ack: 98, window: 1448, data: "ilisi repudiare "...
0.096 Sent: b'$`\x95%.\xb9\x07~\x00\x00\x00bP\x00\x05\xa8\x00\x00\x00\x00ilisi repudiare '...
0.098 Received: b'\x95%$`\x00\x00\x00a.\xb9\r&P\x10\x05\xa8\x00\x00\x00\x00'
0.099 Disassembled: source: 38181, dest: 9312, seq: 97, ack: 783879462, window: 1448, ACK
0.099 Acknowledged seq: 783878014
0.099 Assembling: source: 9312, dest: 38181, seq: 783879462, ack: 98, window: 1448, data: "ta.

Et essent s"...
0.099 Sent: b'$`\x95%.\xb9\r&\x00\x00\x00bP\x00\x05\xa8\x00\x00\x00\x00ta.\n\nEt essent s'...
0.101 Received: b'\x95%$`\x00\x00\x00a.\xb9\x12\xceP\x10\x05\xa8\x00\x00\x00\x00'
0.101 Disassembled: source: 38181, dest: 9312, seq: 97, ack: 783880910, window: 1448, ACK
0.102 Acknowledged seq: 783879462
0.102 Assembling: source: 9312, dest: 38181, seq: 783880910, ack: 98, window: 1448, data: " Nihil tractatos"...
0.102 Sent: b'$`\x95%.\xb9\x12\xce\x00\x00\x00bP\x00\x05\xa8\x00\x00\x00\x00 Nihil tractatos'...
0.104 Received: b'\x95%$`\x00\x00\x00a.\xb9\x18vP\x10\x05\xa8\x00\x00\x00\x00'
0.104 Disassembled: source: 38181, dest: 9312, seq: 97, ack: 783882358, window: 1448, ACK
0.105 Acknowledged seq: 783880910
0.105 Assembling: source: 9312, dest: 38181, seq: 783882358, ack: 98, window: 1448, data: "fert iuvaret sap"...
0.105 Sent: b'$`\x95%.\xb9\x18v\x00\x00\x00bP\x00\x05\xa8\x00\x00\x00\x00fert iuvaret sap'...
0.107 Received: b'\x95%$`\x00\x00\x00a.\xb9\x1e\x1eP\x10\x05\xa8\x00\x00\x00\x00'
0.107 Disassembled: source: 38181, dest: 9312, seq: 97, ack: 783883806, window: 1448, ACK
0.108 Acknowledged seq: 783882358
0.108 Assembling: source: 9312, dest: 38181, seq: 783883806, ack: 98, window: 1448, data: "ram adipiscing, "...
0.108 Sent: b'$`\x95%.\xb9\x1e\x1e\x00\x00\x00bP\x00\x05\xa8\x00\x00\x00\x00ram adipiscing, '...
0.110 Received: b'\x95%$`\x00\x00\x00a.\xb9#\xc6P\x10\x05\xa8\x00\x00\x00\x00'
0.110 Disassembled: source: 38181, dest: 9312, seq: 97, ack: 783885254, window: 1448, ACK
0.111 Acknowledged seq: 783883806
0.111 Assembling: source: 9312, dest: 38181, seq: 783885254, ack: 98, window: 1448, data: "m veritus vivend"...
0.111 Sent: b'$`\x95%.\xb9#\xc6\x00\x00\x00bP\x00\x05\xa8\x00\x00\x00\x00m veritus vivend'...
0.113 Received: b'\x95%$`\x00\x00\x00a.\xb9)nP\x10\x05\xa8\x00\x00\x00\x00'
0.114 Disassembled: source: 38181, dest: 9312, seq: 97, ack: 783886702, window: 1448, ACK
0.114 Acknowledged seq: 783885254
0.114 Assembling: source: 9312, dest: 38181, seq: 783886702, ack: 98, window: 1448, data: " delenit, ignota"...
0.114 Sent: b'$`\x95%.\xb9)n\x00\x00\x00bP\x00\x05\xa8\x00\x00\x00\x00 delenit, ignota'...
0.116 Received: b'\x95%$`\x00\x00\x00a.\xb9/\x16P\x10\x05\xa8\x00\x00\x00\x00'
0.117 Disassembled: source: 38181, dest: 9312, seq: 97, ack: 783888150, window: 1448, ACK
0.117 Acknowledged seq: 783886702
0.117 Assembling: source: 9312, dest: 38181, seq: 783888150, ack: 98, window: 1448, data: "se explicari des"...
0.118 Sent: b'$`\x95%.\xb9/\x16\x00\x00\x00bP\x00\x05\xa8\x00\x00\x00\x00se explicari des'...
0.119 Received: b'\x95%$`\x00\x00\x00a.\xb94\xbeP\x10\x05\xa8\x00\x00\x00\x00'
0.120 Disassembled: source: 38181, dest: 9312, seq: 97, ack: 783889598, window: 1448, ACK
0.120 Acknowledged seq: 783888150
0.120 Assembling: source: 9312, dest: 38181, seq: 783889598, ack: 98, window: 1448, data: "piscing, in modo"...
0.121 Sent: b'$`\x95%.\xb94\xbe\x00\x00\x00bP\x00\x05\xa8\x00\x00\x00\x00piscing, in modo'...
0.123 Received: b'\x95%$`\x00\x00\x00a.\xb9:fP\x10\x05\xa8\x00\x00\x00\x00'
0.123 Disassembled: source: 38181, dest: 9312, seq: 97, ack: 783891046, window: 1448, ACK
0.123 Acknowledged seq: 783889598
0.124 Assembling: source: 9312, dest: 38181, seq: 783891046, ack: 98, window: 1448, data: "o copiosae tacim"...
0.124 Sent: b'$`\x95%.\xb9:f\x00\x00\x00bP\x00\x05\xa8\x00\x00\x00\x00o copiosae tacim'...
0.126 Received: b'\x95%$`\x00\x00\x00a.\xb9@\x0eP\x10\x05\xa8\x00\x00\x00\x00'
0.126 Disassembled: source: 38181, dest: 9312, seq: 97, ack: 783892494, window: 1448, ACK
0.127 Acknowledged seq: 783891046
0.127 Assembling: source: 9312, dest: 38181, seq: 783892494, ack: 98, window: 1448, data: "am. Pri ne antio"...
0.127 Sent: b'$`\x95%.\xb9@\x0e\x00\x00\x00bP\x00\x05\xa8\x00\x00\x00\x00am. Pri ne antio'...
0.129 Received: b'\x95%$`\x00\x00\x00a.\xb9E\xb6P\x10\x05\xa8\x00\x00\x00\x00'
0.130 Disassembled: source: 38181, dest: 9312, seq: 97, ack: 783893942, window: 1448, ACK
0.130 Acknowledged seq: 783892494
0.130 Assembling: source: 9312, dest: 38181, seq: 783893942, ack: 98, window: 1448, data: "to no. Elitr pos"...
0.131 Sent: b'$`\x95%.\xb9E\xb6\x00\x00\x00bP\x00\x05\xa8\x00\x00\x00\x00to no. Elitr pos'...
0.133 Received: b'\x95%$`\x00\x00\x00a.\xb9K^P\x10\x05\xa8\x00\x00\x00\x00'
0.133 Disassembled: source: 38181, dest: 9312, seq: 97, ack: 783895390, window: 1448, ACK
0.133 Acknowledged seq: 783893942
0.134 Assembling: source: 9312, dest: 38181, seq: 783895390, ack: 98, window: 1448, data: "pretaris, sea ex"...
0.134 Sent: b'$`\x95%.\xb9K^\x00\x00\x00bP\x00\x05\xa8\x00\x00\x00\x00pretaris, sea ex'...
0.136 Received: b'\x95%$`\x00\x00\x00a.\xb9Q\x06P\x10\x05\xa8\x00\x00\x00\x00'
0.137 Disassembled: source: 38181, dest: 9312, seq: 97, ack: 783896838, window: 1448, ACK
0.137 Acknowledged seq: 783895390
0.137 Assembling: source: 9312, dest: 38181, seq: 783896838, ack: 98, window: 1448, data: "oporteat inimicu"...
0.138 Sent: b'$`\x95%.\xb9Q\x06\x00\x00\x00bP\x00\x05\xa8\x00\x00\x00\x00oporteat inimicu'...
0.140 Received: b'\x95%$`\x00\x00\x00a.\xb9V\xaeP\x10\x05\xa8\x00\x00\x00\x00'
0.140 Disassembled: source: 38181, dest: 9312, seq: 97, ack: 783898286, window: 1448, ACK
0.140 Acknowledged seq: 783896838
0.141 Assembling: source: 9312, dest: 38181, seq: 783898286, ack: 98, window: 1448, data: "ligendi officiis"...
0.141 Sent: b'$`\x95%.\xb9V\xae\x00\x00\x00bP\x00\x05\xa8\x00\x00\x00\x00ligendi officiis'...
0.143 Received: b'\x95%$`\x00\x00\x00a.\xb9\\VP\x10\x05\xa8\x00\x00\x00\x00'
0.144 Disassembled: source: 38181, dest: 9312, seq: 97, ack: 783899734, window: 1448, ACK
0.144 Acknowledged seq: 783898286
0.144 Assembling: source: 9312, dest: 38181, seq: 783899734, ack: 98, window: 1448, data: "no vel regione i"...
0.144 Sent: b'$`\x95%.\xb9\\V\x00\x00\x00bP\x00\x05\xa8\x00\x00\x00\x00no vel regione i'...
0.146 Received: b'\x95%$`\x00\x00\x00a.\xb9a\xfeP\x10\x05\xa8\x00\x00\x00\x00'
0.147 Disassembled: source: 38181, dest: 9312, seq: 97, ack: 783901182, window: 1448, ACK
0.147 Acknowledged seq: 783899734
0.147 Assembling: source: 9312, dest: 38181, seq: 783901182, ack: 98, window: 1448, data: "ibus vis ex, pro"...
0.148 Sent: b'$`\x95%.\xb9a\xfe\x00\x00\x00bP\x00\x05\xa8\x00\x00\x00\x00ibus vis ex, pro'...
0.149 Received: b'\x95%$`\x00\x00\x00a.\xb9g\xa6P\x10\x05\xa8\x00\x00\x00\x00'
0.150 Disassembled: source: 38181, dest: 9312, seq: 97, ack: 783902630, window: 1448, ACK
0.150 Acknowledged seq: 783901182
0.150 Assembling: source: 9312, dest: 38181, seq: 783902630, ack: 98, window: 1448, data: "o vix, mel ea li"...
0.151 Sent: b'$`\x95%.\xb9g\xa6\x00\x00\x00bP\x00\x05\xa8\x00\x00\x00\x00o vix, mel ea li'...
0.152 Received: b'\x95%$`\x00\x00\x00a.\xb9mNP\x10\x05\xa8\x00\x00\x00\x00'
0.153 Disassembled: source: 38181, dest: 9312, seq: 97, ack: 783904078, window: 1448, ACK
0.153 Acknowledged seq: 783902630
0.153 Assembling: source: 9312, dest: 38181, seq: 783904078, ack: 98, window: 1448, data: "d. Ex fugit suav"...
0.154 Sent: b'$`\x95%.\xb9mN\x00\x00\x00bP\x00\x05\xa8\x00\x00\x00\x00d. Ex fugit suav'...
0.155 Received: b'\x95%$`\x00\x00\x00a.\xb9r\xf6P\x10\x05\xa8\x00\x00\x00\x00'
0.156 Disassembled: source: 38181, dest: 9312, seq: 97, ack: 783905526, window: 1448, ACK
0.156 Acknowledged seq: 783904078
0.156 Assembling: source: 9312, dest: 38181, seq: 783905526, ack: 98, window: 1448, data: "pertinax nec. De"...
0.157 Sent: b'$`\x95%.\xb9r\xf6\x00\x00\x00bP\x00\x05\xa8\x00\x00\x00\x00pertinax nec. De'...
0.159 Received: b'\x95%$`\x00\x00\x00a.\xb9x\x9eP\x10\x05\xa8\x00\x00\x00\x00'
0.159 Disassembled: source: 38181, dest: 9312, seq: 97, ack: 783906974, window: 1448, ACK
0.159 Acknowledged seq: 783905526
0.160 Assembling: source: 9312, dest: 38181, seq: 783906974, ack: 98, window: 1448, data: "lli primis praes"...
0.160 Sent: b'$`\x95%.\xb9x\x9e\x00\x00\x00bP\x00\x05\xa8\x00\x00\x00\x00lli primis praes'...
0.162 Received: b'\x95%$`\x00\x00\x00a.\xb9~FP\x10\x05\xa8\x00\x00\x00\x00'
0.162 Disassembled: source: 38181, dest: 9312, seq: 97, ack: 783908422, window: 1448, ACK
0.163 Acknowledged seq: 783906974
0.163 Assembling: source: 9312, dest: 38181, seq: 783908422, ack: 98, window: 1448, data: "m, percipit inte"...
0.163 Sent: b'$`\x95%.\xb9~F\x00\x00\x00bP\x00\x05\xa8\x00\x00\x00\x00m, percipit inte'...
0.165 Received: b'\x95%$`\x00\x00\x00a.\xb9\x83\xeeP\x10\x05\xa8\x00\x00\x00\x00'
0.166 Disassembled: source: 38181, dest: 9312, seq: 97, ack: 783909870, window: 1448, ACK
0.166 Acknowledged seq: 783908422
0.166 Assembling: source: 9312, dest: 38181, seq: 783909870, ack: 98, window: 1448, data: "nani docendi pat"...
0.167 Sent: b'$`\x95%.\xb9\x83\xee\x00\x00\x00bP\x00\x05\xa8\x00\x00\x00\x00nani docendi pat'...
0.168 Received: b'\x95%$`\x00\x00\x00a.\xb9\x89\x96P\x10\x05\xa8\x00\x00\x00\x00'
0.169 Disassembled: source: 38181, dest: 9312, seq: 97, ack: 783911318, window: 1448, ACK
0.169 Acknowledged seq: 783909870
0.169 Assembling: source: 9312, dest: 38181, seq: 783911318, ack: 98, window: 1448, data: " vis decore poss"...
0.170 Sent: b'$`\x95%.\xb9\x89\x96\x00\x00\x00bP\x00\x05\xa8\x00\x00\x00\x00 vis decore poss'...
0.172 Received: b'\x95%$`\x00\x00\x00a.\xb9\x8f>P\x10\x05\xa8\x00\x00\x00\x00'
0.172 Disassembled: source: 38181, dest: 9312, seq: 97, ack: 783912766, window: 1448, ACK
0.172 Acknowledged seq: 783911318
0.173 Assembling: source: 9312, dest: 38181, seq: 783912766, ack: 98, window: 1448, data: "eam odio corpora"...
0.173 Sent: b'$`\x95%.\xb9\x8f>\x00\x00\x00bP\x00\x05\xa8\x00\x00\x00\x00eam odio corpora'...
0.175 Received: b'\x95%$`\x00\x00\x00a.\xb9\x94\xe6P\x10\x05\xa8\x00\x00\x00\x00'
0.176 Disassembled: source: 38181, dest: 9312, seq: 97, ack: 783914214, window: 1448, ACK
0.176 Acknowledged seq: 783912766
0.176 Assembling: source: 9312, dest: 38181, seq: 783914214, ack: 98, window: 1448, data: " est. Usu sanctu"...
0.177 Sent: b'$`\x95%.\xb9\x94\xe6\x00\x00\x00bP\x00\x05\xa8\x00\x00\x00\x00 est. Usu sanctu'...
0.178 Received: b'\x95%$`\x00\x00\x00a.\xb9\x9a\x8eP\x10\x05\xa8\x00\x00\x00\x00'
0.179 Disassembled: source: 38181, dest: 9312, seq: 97, ack: 783915662, window: 1448, ACK
0.179 Acknowledged seq: 783914214
0.179 Assembling: source: 9312, dest: 38181, seq: 783915662, ack: 98, window: 1448, data: ".

Mei graeco ae"...
0.180 Sent: b'$`\x95%.\xb9\x9a\x8e\x00\x00\x00bP\x00\x05\xa8\x00\x00\x00\x00.\n\nMei graeco ae'...
0.182 Received: b'\x95%$`\x00\x00\x00a.\xb9\xa06P\x10\x05\xa8\x00\x00\x00\x00'
0.182 Disassembled: source: 38181, dest: 9312, seq: 97, ack: 783917110, window: 1448, ACK
0.183 Acknowledged seq: 783915662
0.183 Assembling: source: 9312, dest: 38181, seq: 783917110, ack: 98, window: 1448, data: "et. Ne sea primi"...
0.183 Sent: b'$`\x95%.\xb9\xa06\x00\x00\x00bP\x00\x05\xa8\x00\x00\x00\x00et. Ne sea primi'...
0.185 Received: b'\x95%$`\x00\x00\x00a.\xb9\xa5\xdeP\x10\x05\xa8\x00\x00\x00\x00'
0.186 Disassembled: source: 38181, dest: 9312, seq: 97, ack: 783918558, window: 1448, ACK
0.186 Acknowledged seq: 783917110
0.186 Assembling: source: 9312, dest: 38181, seq: 783918558, ack: 98, window: 1448, data: "ittam convenire."...
0.187 Sent: b'$`\x95%.\xb9\xa5\xde\x00\x00\x00bP\x00\x05\xa8\x00\x00\x00\x00ittam convenire.'...
0.188 Received: b'\x95%$`\x00\x00\x00a.\xb9\xab\x86P\x10\x05\xa8\x00\x00\x00\x00'
0.189 Disassembled: source: 38181, dest: 9312, seq: 97, ack: 783920006, window: 1448, ACK
0.189 Acknowledged seq: 783918558
0.189 Assembling: source: 9312, dest: 38181, seq: 783920006, ack: 98, window: 1448, data: "ua et vis, id eu"...
0.190 Sent: b'$`\x95%.\xb9\xab\x86\x00\x00\x00bP\x00\x05\xa8\x00\x00\x00\x00ua et vis, id eu'...
0.192 Received: b'\x95%$`\x00\x00\x00a.\xb9\xb1.P\x10\x05\xa8\x00\x00\x00\x00'
0.192 Disassembled: source: 38181, dest: 9312, seq: 97, ack: 783921454, window: 1448, ACK
0.192 Acknowledged seq: 783920006
0.192 Assembling: source: 9312, dest: 38181, seq: 783921454, ack: 98, window: 1448, data: "r. Et velit appa"...
0.193 Sent: b'$`\x95%.\xb9\xb1.\x00\x00\x00bP\x00\x05\xa8\x00\x00\x00\x00r. Et velit appa'...
0.195 Received: b'\x95%$`\x00\x00\x00a.\xb9\xb6\xd6P\x10\x05\xa8\x00\x00\x00\x00'
0.195 Disassembled: source: 38181, dest: 9312, seq: 97, ack: 783922902, window: 1448, ACK
0.195 Acknowledged seq: 783921454
0.196 Assembling: source: 9312, dest: 38181, seq: 783922902, ack: 98, window: 1448, data: " novum laudem, v"...
0.196 Sent: b'$`\x95%.\xb9\xb6\xd6\x00\x00\x00bP\x00\x05\xa8\x00\x00\x00\x00 novum laudem, v'...
0.198 Received: b'\x95%$`\x00\x00\x00a.\xb9\xbc~P\x10\x05\xa8\x00\x00\x00\x00'
0.199 Disassembled: source: 38181, dest: 9312, seq: 97, ack: 783924350, window: 1448, ACK
0.199 Acknowledged seq: 783922902
0.199 Assembling: source: 9312, dest: 38181, seq: 783924350, ack: 98, window: 1448, data: "luptatibus, cibo"...
0.199 Sent: b'$`\x95%.\xb9\xbc~\x00\x00\x00bP\x00\x05\xa8\x00\x00\x00\x00luptatibus, cibo'...
0.201 Received: b'\x95%$`\x00\x00\x00a.\xb9\xc2&P\x10\x05\xa8\x00\x00\x00\x00'
0.202 Disassembled: source: 38181, dest: 9312, seq: 97, ack: 783925798, window: 1448, ACK
0.202 Acknowledged seq: 783924350
0.202 Assembling: source: 9312, dest: 38181, seq: 783925798, ack: 98, window: 1448, data: "alii indoctum ma"...
0.203 Sent: b'$`\x95%.\xb9\xc2&\x00\x00\x00bP\x00\x05\xa8\x00\x00\x00\x00alii indoctum ma'...
0.205 Received: b'\x95%$`\x00\x00\x00a.\xb9\xc7\xceP\x10\x05\xa8\x00\x00\x00\x00'
0.205 Disassembled: source: 38181, dest: 9312, seq: 97, ack: 783927246, window: 1448, ACK
0.205 Acknowledged seq: 783925798
0.206 Assembling: source: 9312, dest: 38181, seq: 783927246, ack: 98, window: 1448, data: "im, his facete c"...
0.206 Sent: b'$`\x95%.\xb9\xc7\xce\x00\x00\x00bP\x00\x05\xa8\x00\x00\x00\x00im, his facete c'...
0.208 Received: b'\x95%$`\x00\x00\x00a.\xb9\xcdvP\x10\x05\xa8\x00\x00\x00\x00'
0.208 Disassembled: source: 38181, dest: 9312, seq: 97, ack: 783928694, window: 1448, ACK
0.208 Acknowledged seq: 783927246
0.209 Assembling: source: 9312, dest: 38181, seq: 783928694, ack: 98, window: 1448, data: "e alia dolor com"...
0.209 Sent: b'$`\x95%.\xb9\xcdv\x00\x00\x00bP\x00\x05\xa8\x00\x00\x00\x00e alia dolor com'...
0.211 Received: b'\x95%$`\x00\x00\x00a.\xb9\xd3\x1eP\x10\x05\xa8\x00\x00\x00\x00'
0.212 Disassembled: source: 38181, dest: 9312, seq: 97, ack: 783930142, window: 1448, ACK
0.212 Acknowledged seq: 783928694
0.212 Assembling: source: 9312, dest: 38181, seq: 783930142, ack: 98, window: 1448, data: "it ea, reque tem"...
0.213 Sent: b'$`\x95%.\xb9\xd3\x1e\x00\x00\x00bP\x00\x05\xa8\x00\x00\x00\x00it ea, reque tem'...
0.214 Received: b'\x95%$`\x00\x00\x00a.\xb9\xd8\xc6P\x10\x05\xa8\x00\x00\x00\x00'
0.215 Disassembled: source: 38181, dest: 9312, seq: 97, ack: 783931590, window: 1448, ACK
0.215 Acknowledged seq: 783930142
0.215 Assembling: source: 9312, dest: 38181, seq: 783931590, ack: 98, window: 1448, data: "alisque.

Equide"...
0.216 Sent: b'$`\x95%.\xb9\xd8\xc6\x00\x00\x00bP\x00\x05\xa8\x00\x00\x00\x00alisque.\n\nEquide'...
0.218 Received: b'\x95%$`\x00\x00\x00a.\xb9\xdenP\x10\x05\xa8\x00\x00\x00\x00'
0.218 Disassembled: source: 38181, dest: 9312, seq: 97, ack: 783933038, window: 1448, ACK
0.218 Acknowledged seq: 783931590
0.219 Assembling: source: 9312, dest: 38181, seq: 783933038, ack: 98, window: 1448, data: "finitiones, affe"...
0.219 Sent: b'$`\x95%.\xb9\xden\x00\x00\x00bP\x00\x05\xa8\x00\x00\x00\x00finitiones, affe'...
0.221 Received: b'\x95%$`\x00\x00\x00a.\xb9\xe4\x16P\x10\x05\xa8\x00\x00\x00\x00'
0.221 Disassembled: source: 38181, dest: 9312, seq: 97, ack: 783934486, window: 1448, ACK
0.222 Acknowledged seq: 783933038
0.222 Assembling: source: 9312, dest: 38181, seq: 783934486, ack: 98, window: 1448, data: "his duis graeco "...
0.222 Sent: b'$`\x95%.\xb9\xe4\x16\x00\x00\x00bP\x00\x05\xa8\x00\x00\x00\x00his duis graeco '...
0.224 Received: b'\x95%$`\x00\x00\x00a.\xb9\xe9\xbeP\x10\x05\xa8\x00\x00\x00\x00'
0.225 Disassembled: source: 38181, dest: 9312, seq: 97, ack: 783935934, window: 1448, ACK
0.225 Acknowledged seq: 783934486
0.225 Assembling: source: 9312, dest: 38181, seq: 783935934, ack: 98, window: 1448, data: "am. Alia possit "...
0.225 Sent: b'$`\x95%.\xb9\xe9\xbe\x00\x00\x00bP\x00\x05\xa8\x00\x00\x00\x00am. Alia possit '...
0.227 Received: b'\x95%$`\x00\x00\x00a.\xb9\xeffP\x10\x05\xa8\x00\x00\x00\x00'
0.228 Disassembled: source: 38181, dest: 9312, seq: 97, ack: 783937382, window: 1448, ACK
0.228 Acknowledged seq: 783935934
0.228 Assembling: source: 9312, dest: 38181, seq: 783937382, ack: 98, window: 1448, data: "cum an. Mei faci"...
0.229 Sent: b'$`\x95%.\xb9\xeff\x00\x00\x00bP\x00\x05\xa8\x00\x00\x00\x00cum an. Mei faci'...
0.231 Received: b'\x95%$`\x00\x00\x00a.\xb9\xf5\x0eP\x10\x05\xa8\x00\x00\x00\x00'
0.231 Disassembled: source: 38181, dest: 9312, seq: 97, ack: 783938830, window: 1448, ACK
0.231 Acknowledged seq: 783937382
0.231 Assembling: source: 9312, dest: 38181, seq: 783938830, ack: 98, window: 1448, data: " vis adhuc tatio"...
0.232 Sent: b'$`\x95%.\xb9\xf5\x0e\x00\x00\x00bP\x00\x05\xa8\x00\x00\x00\x00 vis adhuc tatio'...
0.234 Received: b'\x95%$`\x00\x00\x00a.\xb9\xfa\xb6P\x10\x05\xa8\x00\x00\x00\x00'
0.234 Disassembled: source: 38181, dest: 9312, seq: 97, ack: 783940278, window: 1448, ACK
0.234 Acknowledged seq: 783938830
0.235 Assembling: source: 9312, dest: 38181, seq: 783940278, ack: 98, window: 1448, data: "im eu option iuv"...
0.235 Sent: b'$`\x95%.\xb9\xfa\xb6\x00\x00\x00bP\x00\x05\xa8\x00\x00\x00\x00im eu option iuv'...
0.237 Received: b'\x95%$`\x00\x00\x00a.\xba\x00^P\x10\x05\xa8\x00\x00\x00\x00'
0.238 Disassembled: source: 38181, dest: 9312, seq: 97, ack: 783941726, window: 1448, ACK
0.238 Acknowledged seq: 783940278
0.238 Assembling: source: 9312, dest: 38181, seq: 783941726, ack: 98, window: 1448, data: "ex epicurei taci"...
0.238 Sent: b'$`\x95%.\xba\x00^\x00\x00\x00bP\x00\x05\xa8\x00\x00\x00\x00ex epicurei taci'...
0.240 Received: b'\x95%$`\x00\x00\x00a.\xba\x06\x06P\x10\x05\xa8\x00\x00\x00\x00'
0.241 Disassembled: source: 38181, dest: 9312, seq: 97, ack: 783943174, window: 1448, ACK
0.241 Acknowledged seq: 783941726
0.241 Assembling: source: 9312, dest: 38181, seq: 783943174, ack: 98, window: 1448, data: "ebat, eu pro ero"...
0.242 Sent: b'$`\x95%.\xba\x06\x06\x00\x00\x00bP\x00\x05\xa8\x00\x00\x00\x00ebat, eu pro ero'...
0.243 Received: b'\x95%$`\x00\x00\x00a.\xba\x0b\xaeP\x10\x05\xa8\x00\x00\x00\x00'
0.244 Disassembled: source: 38181, dest: 9312, seq: 97, ack: 783944622, window: 1448, ACK
0.244 Acknowledged seq: 783943174
0.244 Assembling: source: 9312, dest: 38181, seq: 783944622, ack: 98, window: 1448, data: "s. Per no sale v"...
0.245 Sent: b'$`\x95%.\xba\x0b\xae\x00\x00\x00bP\x00\x05\xa8\x00\x00\x00\x00s. Per no sale v'...
0.247 Received: b'\x95%$`\x00\x00\x00a.\xba\x11VP\x10\x05\xa8\x00\x00\x00\x00'
0.247 Disassembled: source: 38181, dest: 9312, seq: 97, ack: 783946070, window: 1448, ACK
0.247 Acknowledged seq: 783944622
0.248 Assembling: source: 9312, dest: 38181, seq: 783946070, ack: 98, window: 1448, data: "orrupte ea mel. "...
0.248 Sent: b'$`\x95%.\xba\x11V\x00\x00\x00bP\x00\x05\xa8\x00\x00\x00\x00orrupte ea mel. '...
0.250 Received: b'\x95%$`\x00\x00\x00a.\xba\x16\xfeP\x10\x05\xa8\x00\x00\x00\x00'
0.250 Disassembled: source: 38181, dest: 9312, seq: 97, ack: 783947518, window: 1448, ACK
0.251 Acknowledged seq: 783946070
0.251 Assembling: source: 9312, dest: 38181, seq: 783947518, ack: 98, window: 1448, data: ". Est iracundia "...
0.251 Sent: b'$`\x95%.\xba\x16\xfe\x00\x00\x00bP\x00\x05\xa8\x00\x00\x00\x00. Est iracundia '...
0.253 Received: b'\x95%$`\x00\x00\x00a.\xba\x1c\xa6P\x10\x05\xa8\x00\x00\x00\x00'
0.254 Disassembled: source: 38181, dest: 9312, seq: 97, ack: 783948966, window: 1448, ACK
0.254 Acknowledged seq: 783947518
0.254 Assembling: source: 9312, dest: 38181, seq: 783948966, ack: 98, window: 1448, data: "pta probatus scr"...
0.255 Sent: b'$`\x95%.\xba\x1c\xa6\x00\x00\x00bP\x00\x05\xa8\x00\x00\x00\x00pta probatus scr'...
0.256 Received: b'\x95%$`\x00\x00\x00a.\xba"NP\x10\x05\xa8\x00\x00\x00\x00'
0.257 Disassembled: source: 38181, dest: 9312, seq: 97, ack: 783950414, window: 1448, ACK
0.257 Acknowledged seq: 783948966
0.257 Assembling: source: 9312, dest: 38181, seq: 783950414, ack: 98, window: 1448, data: "entur ei, pro ei"...
0.258 Sent: b'$`\x95%.\xba"N\x00\x00\x00bP\x00\x05\xa8\x00\x00\x00\x00entur ei, pro ei'...
0.260 Received: b"\x95%$`\x00\x00\x00a.\xba'\xf6P\x10\x05\xa8\x00\x00\x00\x00"
0.260 Disassembled: source: 38181, dest: 9312, seq: 97, ack: 783951862, window: 1448, ACK
0.260 Acknowledged seq: 783950414
0.261 Assembling: source: 9312, dest: 38181, seq: 783951862, ack: 98, window: 1448, data: "simul euismod vi"...
0.261 Sent: b"$`\x95%.\xba'\xf6\x00\x00\x00bP\x00\x05\xa8\x00\x00\x00\x00simul euismod vi"...
0.263 Received: b'\x95%$`\x00\x00\x00a.\xba-\x9eP\x10\x05\xa8\x00\x00\x00\x00'
0.263 Disassembled: source: 38181, dest: 9312, seq: 97, ack: 783953310, window: 1448, ACK
0.264 Acknowledged seq: 783951862
0.264 Assembling: source: 9312, dest: 38181, seq: 783953310, ack: 98, window: 1448, data: ", eam id iudico "...
0.264 Sent: b'$`\x95%.\xba-\x9e\x00\x00\x00bP\x00\x05\xa8\x00\x00\x00\x00, eam id iudico '...
0.266 Received: b'\x95%$`\x00\x00\x00a.\xba3FP\x10\x05\xa8\x00\x00\x00\x00'
0.267 Disassembled: source: 38181, dest: 9312, seq: 97, ack: 783954758, window: 1448, ACK
0.267 Acknowledged seq: 783953310
0.267 Assembling: source: 9312, dest: 38181, seq: 783954758, ack: 98, window: 1448, data: "m vix. Ea est mu"...
0.268 Sent: b'$`\x95%.\xba3F\x00\x00\x00bP\x00\x05\xa8\x00\x00\x00\x00m vix. Ea est mu'...
0.269 Received: b'\x95%$`\x00\x00\x00a.\xba8\xeeP\x10\x05\xa8\x00\x00\x00\x00'
0.270 Disassembled: source: 38181, dest: 9312, seq: 97, ack: 783956206, window: 1448, ACK
0.270 Acknowledged seq: 783954758
0.270 Assembling: source: 9312, dest: 38181, seq: 783956206, ack: 98, window: 1448, data: "olor sit amet, e"...
0.271 Sent: b'$`\x95%.\xba8\xee\x00\x00\x00bP\x00\x05\xa8\x00\x00\x00\x00olor sit amet, e'...
0.273 Received: b'\x95%$`\x00\x00\x00a.\xba>\x96P\x10\x05\xa8\x00\x00\x00\x00'
0.273 Disassembled: source: 38181, dest: 9312, seq: 97, ack: 783957654, window: 1448, ACK
0.274 Acknowledged seq: 783956206
0.274 Assembling: source: 9312, dest: 38181, seq: 783957654, ack: 98, window: 1448, data: "m, aperiam iudic"...
0.274 Sent: b'$`\x95%.\xba>\x96\x00\x00\x00bP\x00\x05\xa8\x00\x00\x00\x00m, aperiam iudic'...
0.276 Received: b'\x95%$`\x00\x00\x00a.\xbaD>P\x10\x05\xa8\x00\x00\x00\x00'
0.277 Disassembled: source: 38181, dest: 9312, seq: 97, ack: 783959102, window: 1448, ACK
0.277 Acknowledged seq: 783957654
0.277 Assembling: source: 9312, dest: 38181, seq: 783959102, ack: 98, window: 1448, data: "re sea. No eos d"...
0.278 Sent: b'$`\x95%.\xbaD>\x00\x00\x00bP\x00\x05\xa8\x00\x00\x00\x00re sea. No eos d'...
0.279 Received: b'\x95%$`\x00\x00\x00a.\xbaI\xe6P\x10\x05\xa8\x00\x00\x00\x00'
0.280 Disassembled: source: 38181, dest: 9312, seq: 97, ack: 783960550, window: 1448, ACK
0.280 Acknowledged seq: 783959102
0.280 Assembling: source: 9312, dest: 38181, seq: 783960550, ack: 98, window: 1448, data: "t scripta philos"...
0.281 Sent: b'$`\x95%.\xbaI\xe6\x00\x00\x00bP\x00\x05\xa8\x00\x00\x00\x00t scripta philos'...
0.282 Received: b'\x95%$`\x00\x00\x00a.\xbaO\x8eP\x10\x05\xa8\x00\x00\x00\x00'
0.283 Disassembled: source: 38181, dest: 9312, seq: 97, ack: 783961998, window: 1448, ACK
0.283 Acknowledged seq: 783960550
0.283 Assembling: source: 9312, dest: 38181, seq: 783961998, ack: 98, window: 1448, data: "tos sadipscing e"...
0.284 Sent: b'$`\x95%.\xbaO\x8e\x00\x00\x00bP\x00\x05\xa8\x00\x00\x00\x00tos sadipscing e'...
0.286 Received: b'\x95%$`\x00\x00\x00a.\xbaU6P\x10\x05\xa8\x00\x00\x00\x00'
0.286 Disassembled: source: 38181, dest: 9312, seq: 97, ack: 783963446, window: 1448, ACK
0.286 Acknowledged seq: 783961998
0.287 Assembling: source: 9312, dest: 38181, seq: 783963446, ack: 98, window: 1448, data: "sapientem ea, ad"...
0.287 Sent: b'$`\x95%.\xbaU6\x00\x00\x00bP\x00\x05\xa8\x00\x00\x00\x00sapientem ea, ad'...
0.289 Received: b'\x95%$`\x00\x00\x00a.\xbaZ\xdeP\x10\x05\xa8\x00\x00\x00\x00'
0.289 Disassembled: source: 38181, dest: 9312, seq: 97, ack: 783964894, window: 1448, ACK
0.289 Acknowledged seq: 783963446
0.290 Assembling: source: 9312, dest: 38181, seq: 783964894, ack: 98, window: 1448, data: "g, ei invenire p"...
0.290 Sent: b'$`\x95%.\xbaZ\xde\x00\x00\x00bP\x00\x05\xa8\x00\x00\x00\x00g, ei invenire p'...
0.292 Received: b'\x95%$`\x00\x00\x00a.\xba`\x86P\x10\x05\xa8\x00\x00\x00\x00'
0.293 Disassembled: source: 38181, dest: 9312, seq: 97, ack: 783966342, window: 1448, ACK
0.293 Acknowledged seq: 783964894
0.293 Assembling: source: 9312, dest: 38181, seq: 783966342, ack: 98, window: 1448, data: "endo at. Qui id "...
0.294 Sent: b'$`\x95%.\xba`\x86\x00\x00\x00bP\x00\x05\xa8\x00\x00\x00\x00endo at. Qui id '...
0.295 Received: b'\x95%$`\x00\x00\x00a.\xbaf.P\x10\x05\xa8\x00\x00\x00\x00'
0.296 Disassembled: source: 38181, dest: 9312, seq: 97, ack: 783967790, window: 1448, ACK
0.296 Acknowledged seq: 783966342
0.296 Assembling: source: 9312, dest: 38181, seq: 783967790, ack: 98, window: 1448, data: "ota nostrum et p"...
0.297 Sent: b'$`\x95%.\xbaf.\x00\x00\x00bP\x00\x05\xa8\x00\x00\x00\x00ota nostrum et p'...
0.299 Received: b'\x95%$`\x00\x00\x00a.\xbak\xd6P\x10\x05\xa8\x00\x00\x00\x00'
0.299 Disassembled: source: 38181, dest: 9312, seq: 97, ack: 783969238, window: 1448, ACK
0.299 Acknowledged seq: 783967790
0.300 Assembling: source: 9312, dest: 38181, seq: 783969238, ack: 98, window: 1448, data: "deseruisse id. P"...
0.300 Sent: b'$`\x95%.\xbak\xd6\x00\x00\x00bP\x00\x05\xa8\x00\x00\x00\x00deseruisse id. P'...
0.302 Received: b'\x95%$`\x00\x00\x00a.\xbaq~P\x10\x05\xa8\x00\x00\x00\x00'
0.302 Disassembled: source: 38181, dest: 9312, seq: 97, ack: 783970686, window: 1448, ACK
0.302 Acknowledged seq: 783969238
0.303 Assembling: source: 9312, dest: 38181, seq: 783970686, ack: 98, window: 1448, data: "odo munere imper"...
0.303 Sent: b'$`\x95%.\xbaq~\x00\x00\x00bP\x00\x05\xa8\x00\x00\x00\x00odo munere imper'...
0.305 Received: b'\x95%$`\x00\x00\x00a.\xbaw&P\x10\x05\xa8\x00\x00\x00\x00'
0.306 Disassembled: source: 38181, dest: 9312, seq: 97, ack: 783972134, window: 1448, ACK
0.306 Acknowledged seq: 783970686
0.306 Assembling: source: 9312, dest: 38181, seq: 783972134, ack: 98, window: 1448, data: "cimates cum, tib"...
0.307 Sent: b'$`\x95%.\xbaw&\x00\x00\x00bP\x00\x05\xa8\x00\x00\x00\x00cimates cum, tib'...
0.308 Received: b'\x95%$`\x00\x00\x00a.\xba|\xceP\x10\x05\xa8\x00\x00\x00\x00'
0.309 Disassembled: source: 38181, dest: 9312, seq: 97, ack: 783973582, window: 1448, ACK
0.309 Acknowledged seq: 783972134
0.309 Assembling: source: 9312, dest: 38181, seq: 783973582, ack: 98, window: 1448, data: "tiopam molestiae"...
0.310 Sent: b'$`\x95%.\xba|\xce\x00\x00\x00bP\x00\x05\xa8\x00\x00\x00\x00tiopam molestiae'...
0.312 Received: b'\x95%$`\x00\x00\x00a.\xba\x82vP\x10\x05\xa8\x00\x00\x00\x00'
0.312 Disassembled: source: 38181, dest: 9312, seq: 97, ack: 783975030, window: 1448, ACK
0.313 Acknowledged seq: 783973582
0.313 Assembling: source: 9312, dest: 38181, seq: 783975030, ack: 98, window: 1448, data: "possim qui no, v"...
0.313 Sent: b'$`\x95%.\xba\x82v\x00\x00\x00bP\x00\x05\xa8\x00\x00\x00\x00possim qui no, v'...
0.315 Received: b'\x95%$`\x00\x00\x00a.\xba\x88\x1eP\x10\x05\xa8\x00\x00\x00\x00'
0.316 Disassembled: source: 38181, dest: 9312, seq: 97, ack: 783976478, window: 1448, ACK
0.316 Acknowledged seq: 783975030
0.316 Assembling: source: 9312, dest: 38181, seq: 783976478, ack: 98, window: 1448, data: " ex utinam parti"...
0.317 Sent: b'$`\x95%.\xba\x88\x1e\x00\x00\x00bP\x00\x05\xa8\x00\x00\x00\x00 ex utinam parti'...
0.318 Received: b'\x95%$`\x00\x00\x00a.\xba\x8d\xc6P\x10\x05\xa8\x00\x00\x00\x00'
0.319 Disassembled: source: 38181, dest: 9312, seq: 97, ack: 783977926, window: 1448, ACK
0.319 Acknowledged seq: 783976478
0.319 Assembling: source: 9312, dest: 38181, seq: 783977926, ack: 98, window: 1448, data: "icus in his. Pri"...
0.320 Sent: b'$`\x95%.\xba\x8d\xc6\x00\x00\x00bP\x00\x05\xa8\x00\x00\x00\x00icus in his. Pri'...
0.321 Received: b'\x95%$`\x00\x00\x00a.\xba\x93nP\x10\x05\xa8\x00\x00\x00\x00'
0.322 Disassembled: source: 38181, dest: 9312, seq: 97, ack: 783979374, window: 1448, ACK
0.322 Acknowledged seq: 783977926
0.322 Assembling: source: 9312, dest: 38181, seq: 783979374, ack: 98, window: 1448, data: "iis et.

Ius cu "...
0.323 Sent: b'$`\x95%.\xba\x93n\x00\x00\x00bP\x00\x05\xa8\x00\x00\x00\x00iis et.\n\nIus cu '...
0.325 Received: b'\x95%$`\x00\x00\x00a.\xba\x99\x16P\x10\x05\xa8\x00\x00\x00\x00'
0.325 Disassembled: source: 38181, dest: 9312, seq: 97, ack: 783980822, window: 1448, ACK
0.325 Acknowledged seq: 783979374
0.326 Assembling: source: 9312, dest: 38181, seq: 783980822, ack: 98, window: 1448, data: "e interesset.

T"...
0.326 Sent: b'$`\x95%.\xba\x99\x16\x00\x00\x00bP\x00\x05\xa8\x00\x00\x00\x00e interesset.\n\nT'...
0.328 Received: b'\x95%$`\x00\x00\x00a.\xba\x9e\xbeP\x10\x05\xa8\x00\x00\x00\x00'
0.328 Disassembled: source: 38181, dest: 9312, seq: 97, ack: 783982270, window: 1448, ACK
0.329 Acknowledged seq: 783980822
0.329 Assembling: source: 9312, dest: 38181, seq: 783982270, ack: 98, window: 1448, data: "pro alia volutpa"...
0.329 Sent: b'$`\x95%.\xba\x9e\xbe\x00\x00\x00bP\x00\x05\xa8\x00\x00\x00\x00pro alia volutpa'...
0.331 Received: b'\x95%$`\x00\x00\x00a.\xba\xa4fP\x10\x05\xa8\x00\x00\x00\x00'
0.332 Disassembled: source: 38181, dest: 9312, seq: 97, ack: 783983718, window: 1448, ACK
0.332 Acknowledged seq: 783982270
0.332 Assembling: source: 9312, dest: 38181, seq: 783983718, ack: 98, window: 1448, data: " libris equidem "...
0.333 Sent: b'$`\x95%.\xba\xa4f\x00\x00\x00bP\x00\x05\xa8\x00\x00\x00\x00 libris equidem '...
0.335 Received: b'\x95%$`\x00\x00\x00a.\xba\xaa\x0eP\x10\x05\xa8\x00\x00\x00\x00'
0.335 Disassembled: source: 38181, dest: 9312, seq: 97, ack: 783985166, window: 1448, ACK
0.335 Acknowledged seq: 783983718
0.336 Assembling: source: 9312, dest: 38181, seq: 783985166, ack: 98, window: 1448, data: "uavitate volupta"...
0.336 Sent: b'$`\x95%.\xba\xaa\x0e\x00\x00\x00bP\x00\x05\xa8\x00\x00\x00\x00uavitate volupta'...
0.338 Received: b'\x95%$`\x00\x00\x00a.\xba\xaf\xb6P\x10\x05\xa8\x00\x00\x00\x00'
0.338 Disassembled: source: 38181, dest: 9312, seq: 97, ack: 783986614, window: 1448, ACK
0.339 Acknowledged seq: 783985166
0.339 Assembling: source: 9312, dest: 38181, seq: 783986614, ack: 98, window: 1448, data: " Detraxit defini"...
0.339 Sent: b'$`\x95%.\xba\xaf\xb6\x00\x00\x00bP\x00\x05\xa8\x00\x00\x00\x00 Detraxit defini'...
0.341 Received: b'\x95%$`\x00\x00\x00a.\xba\xb5^P\x10\x05\xa8\x00\x00\x00\x00'
0.342 Disassembled: source: 38181, dest: 9312, seq: 97, ack: 783988062, window: 1448, ACK
0.342 Acknowledged seq: 783986614
0.342 Assembling: source: 9312, dest: 38181, seq: 783988062, ack: 98, window: 1448, data: "aesent mei. Quo "...
0.343 Sent: b'$`\x95%.\xba\xb5^\x00\x00\x00bP\x00\x05\xa8\x00\x00\x00\x00aesent mei. Quo '...
0.344 Received: b'\x95%$`\x00\x00\x00a.\xba\xbb\x06P\x10\x05\xa8\x00\x00\x00\x00'
0.345 Disassembled: source: 38181, dest: 9312, seq: 97, ack: 783989510, window: 1448, ACK
0.345 Acknowledged seq: 783988062
0.345 Assembling: source: 9312, dest: 38181, seq: 783989510, ack: 98, window: 1448, data: "nterpretaris no "...
0.346 Sent: b'$`\x95%.\xba\xbb\x06\x00\x00\x00bP\x00\x05\xa8\x00\x00\x00\x00nterpretaris no '...
0.348 Received: b'\x95%$`\x00\x00\x00a.\xba\xc0\xaeP\x10\x05\xa8\x00\x00\x00\x00'
0.348 Disassembled: source: 38181, dest: 9312, seq: 97, ack: 783990958, window: 1448, ACK
0.348 Acknowledged seq: 783989510
0.349 Assembling: source: 9312, dest: 38181, seq: 783990958, ack: 98, window: 1448, data: "patrioque has. I"...
0.349 Sent: b'$`\x95%.\xba\xc0\xae\x00\x00\x00bP\x00\x05\xa8\x00\x00\x00\x00patrioque has. I'...
0.351 Received: b'\x95%$`\x00\x00\x00a.\xba\xc6VP\x10\x05\xa8\x00\x00\x00\x00'
0.351 Disassembled: source: 38181, dest: 9312, seq: 97, ack: 783992406, window: 1448, ACK
0.352 Acknowledged seq: 783990958
0.352 Assembling: source: 9312, dest: 38181, seq: 783992406, ack: 98, window: 1448, data: "ossit repudianda"...
0.352 Sent: b'$`\x95%.\xba\xc6V\x00\x00\x00bP\x00\x05\xa8\x00\x00\x00\x00ossit repudianda'...
0.354 Received: b'\x95%$`\x00\x00\x00a.\xba\xcb\xfeP\x10\x05\xa8\x00\x00\x00\x00'
0.355 Disassembled: source: 38181, dest: 9312, seq: 97, ack: 783993854, window: 1448, ACK
0.355 Acknowledged seq: 783992406
0.355 Assembling: source: 9312, dest: 38181, seq: 783993854, ack: 98, window: 1448, data: "ora consequuntur"...
0.356 Sent: b'$`\x95%.\xba\xcb\xfe\x00\x00\x00bP\x00\x05\xa8\x00\x00\x00\x00ora consequuntur'...
0.357 Received: b'\x95%$`\x00\x00\x00a.\xba\xd1\xa6P\x10\x05\xa8\x00\x00\x00\x00'
0.358 Disassembled: source: 38181, dest: 9312, seq: 97, ack: 783995302, window: 1448, ACK
0.358 Acknowledged seq: 783993854
0.358 Assembling: source: 9312, dest: 38181, seq: 783995302, ack: 98, window: 1448, data: "ctus conceptam a"...
0.359 Sent: b'$`\x95%.\xba\xd1\xa6\x00\x00\x00bP\x00\x05\xa8\x00\x00\x00\x00ctus conceptam a'...
0.361 Received: b'\x95%$`\x00\x00\x00a.\xba\xd7NP\x10\x05\xa8\x00\x00\x00\x00'
0.361 Disassembled: source: 38181, dest: 9312, seq: 97, ack: 783996750, window: 1448, ACK
0.361 Acknowledged seq: 783995302
0.362 Assembling: source: 9312, dest: 38181, seq: 783996750, ack: 98, window: 1448, data: " aeterno te, ne "...
0.362 Sent: b'$`\x95%.\xba\xd7N\x00\x00\x00bP\x00\x05\xa8\x00\x00\x00\x00 aeterno te, ne '...
0.364 Received: b'\x95%$`\x00\x00\x00a.\xba\xdc\xf6P\x10\x05\xa8\x00\x00\x00\x00'
0.364 Disassembled: source: 38181, dest: 9312, seq: 97, ack: 783998198, window: 1448, ACK
0.365 Acknowledged seq: 783996750
0.365 Assembling: source: 9312, dest: 38181, seq: 783998198, ack: 98, window: 1448, data: "imis oporteat di"...
0.365 Sent: b'$`\x95%.\xba\xdc\xf6\x00\x00\x00bP\x00\x05\xa8\x00\x00\x00\x00imis oporteat di'...
0.367 Received: b'\x95%$`\x00\x00\x00a.\xba\xe2\x9eP\x10\x05\xa8\x00\x00\x00\x00'
0.368 Disassembled: source: 38181, dest: 9312, seq: 97, ack: 783999646, window: 1448, ACK
0.368 Acknowledged seq: 783998198
0.368 Assembling: source: 9312, dest: 38181, seq: 783999646, ack: 98, window: 1448, data: "re. Has virtute "...
0.369 Sent: b'$`\x95%.\xba\xe2\x9e\x00\x00\x00bP\x00\x05\xa8\x00\x00\x00\x00re. Has virtute '...
0.370 Received: b'\x95%$`\x00\x00\x00a.\xba\xe8FP\x10\x05\xa8\x00\x00\x00\x00'
0.371 Disassembled: source: 38181, dest: 9312, seq: 97, ack: 784001094, window: 1448, ACK
0.371 Acknowledged seq: 783999646
0.371 Assembling: source: 9312, dest: 38181, seq: 784001094, ack: 98, window: 1448, data: " eum ancillae no"...
0.372 Sent: b'$`\x95%.\xba\xe8F\x00\x00\x00bP\x00\x05\xa8\x00\x00\x00\x00 eum ancillae no'...
0.374 Received: b'\x95%$`\x00\x00\x00a.\xba\xed\xeeP\x10\x05\xa8\x00\x00\x00\x00'
0.374 Disassembled: source: 38181, dest: 9312, seq: 97, ack: 784002542, window: 1448, ACK
0.374 Acknowledged seq: 784001094
0.375 Assembling: source: 9312, dest: 38181, seq: 784002542, ack: 98, window: 1448, data: "ppareat ius. At "...
0.375 Sent: b'$`\x95%.\xba\xed\xee\x00\x00\x00bP\x00\x05\xa8\x00\x00\x00\x00ppareat ius. At '...
0.377 Received: b'\x95%$`\x00\x00\x00a.\xba\xf3\x96P\x10\x05\xa8\x00\x00\x00\x00'
0.378 Disassembled: source: 38181, dest: 9312, seq: 97, ack: 784003990, window: 1448, ACK
0.378 Acknowledged seq: 784002542
0.378 Assembling: source: 9312, dest: 38181, seq: 784003990, ack: 98, window: 1448, data: ", vero appellant"...
0.379 Sent: b'$`\x95%.\xba\xf3\x96\x00\x00\x00bP\x00\x05\xa8\x00\x00\x00\x00, vero appellant'...
0.380 Received: b'\x95%$`\x00\x00\x00a.\xba\xf9>P\x10\x05\xa8\x00\x00\x00\x00'
0.381 Disassembled: source: 38181, dest: 9312, seq: 97, ack: 784005438, window: 1448, ACK
0.381 Acknowledged seq: 784003990
0.381 Assembling: source: 9312, dest: 38181, seq: 784005438, ack: 98, window: 1448, data: "ibo quando copio"...
0.382 Sent: b'$`\x95%.\xba\xf9>\x00\x00\x00bP\x00\x05\xa8\x00\x00\x00\x00ibo quando copio'...
0.384 Received: b'\x95%$`\x00\x00\x00a.\xba\xfe\xe6P\x10\x05\xa8\x00\x00\x00\x00'
0.384 Disassembled: source: 38181, dest: 9312, seq: 97, ack: 784006886, window: 1448, ACK
0.384 Acknowledged seq: 784005438
0.385 Assembling: source: 9312, dest: 38181, seq: 784006886, ack: 98, window: 1448, data: " maluisset. Sit "...
0.385 Sent: b'$`\x95%.\xba\xfe\xe6\x00\x00\x00bP\x00\x05\xa8\x00\x00\x00\x00 maluisset. Sit '...
0.387 Received: b'\x95%$`\x00\x00\x00a.\xbb\x04\x8eP\x10\x05\xa8\x00\x00\x00\x00'
0.388 Disassembled: source: 38181, dest: 9312, seq: 97, ack: 784008334, window: 1448, ACK
0.388 Acknowledged seq: 784006886
0.388 Assembling: source: 9312, dest: 38181, seq: 784008334, ack: 98, window: 1448, data: "e ceteros albuci"...
0.388 Sent: b'$`\x95%.\xbb\x04\x8e\x00\x00\x00bP\x00\x05\xa8\x00\x00\x00\x00e ceteros albuci'...
0.390 Received: b'\x95%$`\x00\x00\x00a.\xbb\n6P\x10\x05\xa8\x00\x00\x00\x00'
0.391 Disassembled: source: 38181, dest: 9312, seq: 97, ack: 784009782, window: 1448, ACK
0.391 Acknowledged seq: 784008334
0.391 Assembling: source: 9312, dest: 38181, seq: 784009782, ack: 98, window: 1448, data: "complectitur sea"...
0.392 Sent: b'$`\x95%.\xbb\n6\x00\x00\x00bP\x00\x05\xa8\x00\x00\x00\x00complectitur sea'...
0.393 Received: b'\x95%$`\x00\x00\x00a.\xbb\x0f\xdeP\x10\x05\xa8\x00\x00\x00\x00'
0.394 Disassembled: source: 38181, dest: 9312, seq: 97, ack: 784011230, window: 1448, ACK
0.394 Acknowledged seq: 784009782
0.394 Finished reading file
0.395 Assembling: source: 9312, dest: 38181, seq: 784011230, ack: 98, window: 1448, data: "tempor ex ius. E"...
0.395 Sent: b'$`\x95%.\xbb\x0f\xde\x00\x00\x00bP\x00\x05\xa8\x00\x00\x00\x00tempor ex ius. E'...
0.397 Received: b'\x95%$`\x00\x00\x00a.\xbb\x10<P\x10\x05\xa8\x00\x00\x00\x00'
0.397 Disassembled: source: 38181, dest: 9312, seq: 97, ack: 784011324, window: 1448, ACK
0.397 Acknowledged seq: 784011230
0.398 Assembling: source: 9312, dest: 38181, seq: 784011324, ack: 98, window: 1448, ACK, FIN
0.398 Sent: b'$`\x95%.\xbb\x10<\x00\x00\x00bP\x11\x05\xa8\x00\x00\x00\x00'
0.400 Received: b'\x95%$`\x00\x00\x00a.\xbb\x10=P\x10\x05\xa8\x00\x00\x00\x00'
0.400 Disassembled: source: 38181, dest: 9312, seq: 97, ack: 784011325, window: 1448, ACK
0.401 FIN accepted; sending final packet
0.401 Assembling: source: 9312, dest: 38181, seq: 784011325, ack: 98, window: 1448, ACK
0.401 Sent: b'$`\x95%.\xbb\x10=\x00\x00\x00bP\x10\x05\xa8\x00\x00\x00\x00'
0.401 Closed connection
0.402 Shutting down
