0.000 NEW RUN: Server, TEST: Read_file__No_file_extension
0.080 Received: b'\xe8\xa1qv\x00\x00\x00\t\x00\x00\x00\x00P\x02\x05\xa8\x00\x00\x00\x00'
0.081 Disassembled: source: 59553, dest: 29046, seq: 9, window: 1448, SYN
0.081 SYN accepted; new connection: 127.0.0.1 on port 59553
0.081 Assembling: source: 29046, dest: 59553, seq: 784586133, ack: 10, window: 1448, ACK, SYN
0.082 Sent: b'qv\xe8\xa1.\xc3\xd5\x95\x00\x00\x00\nP\x12\x05\xa8\x00\x00\x00\x00'
0.083 Received: b'\xe8\xa1qv\x00\x00\x00\n.\xc3\xd5\x96P\x10\x05\xa8\x00\x00\x00\x00'
0.084 Disassembled: source: 59553, dest: 29046, seq: 10, ack: 784586134, window: 1448, ACK
0.084 Handshake complete
0.084 Acknowledged seq: 784586133
0.084 Assembling: source: 29046, dest: 59553, seq: 784586134, ack: 11, window: 1448, data: "Lorem ipsum dolo"...
0.085 Sent: b'qv\xe8\xa1.\xc3\xd5\x96\x00\x00\x00\x0bP\x00\x05\xa8\x00\x00\x00\x00Lorem ipsum dolo'...
0.086 Received: b'\xe8\xa1qv\x00\x00\x00\n.\xc3\xdb>P\x10\x05\xa8\x00\x00\x00\x00'
0.087 Disassembled: source: 59553, dest: 29046, seq: 10, ack: 784587582, window: 1448, ACK
0.087 Acknowledged seq: 784586134
0.087 Assembling: source: 29046, dest: 59553, seq: 784587582, ack: 11, window: 1448, data: "mprehensam nam, "...
0.088 Sent: b'qv\xe8\xa1.\xc3\xdb>\x00\x00\x00\x0bP\x00\x05\xa8\x00\x00\x00\x00mprehensam nam, '...
0.089 Received: b'\xe8\xa1qv\x00\x00\x00\n.\xc3\xe0\xe6P\x10\x05\xa8\x00\x00\x00\x00'
0.090 Disassembled: source: 59553, dest: 29046, seq: 10, ack: 784589030, window: 1448, ACK
0.090 Acknowledged seq: 784587582
0.090 Finished reading file
0.090 Assembling: source: 29046, dest: 59553, seq: 784589030, ack: 11, window: 1448, data: "ilisi repudiare "...
0.091 Sent: b'qv\xe8\xa1.\xc3\xe0\xe6\x00\x00\x00\x0bP\x00\x05\xa8\x00\x00\x00\x00ilisi repudiare '...
0.092 Received: b'\xe8\xa1qv\x00\x00\x00\n.\xc3\xe2AP\x10\x05\xa8\x00\x00\x00\x00'
0.093 Disassembled: source: 59553, dest: 29046, seq: 10, ack: 784589377, window: 1448, ACK
0.093 Acknowledged seq: 784589030
0.093 Assembling: source: 29046, dest: 59553, seq: 784589377, ack: 11, window: 1448, ACK, FIN
0.094 Sent: b'qv\xe8\xa1.\xc3\xe2A\x00\x00\x00\x0bP\x11\x05\xa8\x00\x00\x00\x00'
0.095 Received: b'\xe8\xa1qv\x00\x00\x00\n.\xc3\xe2BP\x10\x05\xa8\x00\x00\x00\x00'
0.096 Disassembled: source: 59553, dest: 29046, seq: 10, ack: 784589378, window: 1448, ACK
0.096 FIN accepted; sending final packet
0.096 Assembling: source: 29046, dest: 59553, seq: 784589378, ack: 11, window: 1448, ACK
0.096 Sent: b'qv\xe8\xa1.\xc3\xe2B\x00\x00\x00\x0bP\x10\x05\xa8\x00\x00\x00\x00'
0.097 Closed connection
0.097 Shutting down
