0.000 NEW RUN: Server, TEST: Read_file__Random_drops
0.081 Received: b'5\x1c:\x02\x00\x00\x00b\x00\x00\x00\x00P\x02\x05\xa8\x00\x00\x00\x00'
0.082 Disassembled: source: 13596, dest: 14850, seq: 98, window: 1448, SYN
0.082 SYN accepted; new connection: 127.0.0.1 on port 13596
0.082 Assembling: source: 14850, dest: 13596, seq: 842345303, ack: 99, window: 1448, ACK, SYN
0.083 Sent: b':\x025\x1c25+W\x00\x00\x00cP\x12\x05\xa8\x00\x00\x00\x00'
0.085 Received: b'5\x1c:\x02\x00\x00\x00c25+XP\x10\x05\xa8\x00\x00\x00\x00'
0.085 Disassembled: source: 13596, dest: 14850, seq: 99, ack: 842345304, window: 1448, ACK
0.085 Handshake complete
0.085 Acknowledged seq: 842345303
0.086 Assembling: source: 14850, dest: 13596, seq: 842345304, ack: 100, window: 1448, data: "Lorem ipsum dolo"...
0.086 Sent: b':\x025\x1c25+X\x00\x00\x00dP\x00\x05\xa8\x00\x00\x00\x00Lorem ipsum dolo'...
0.088 Received: b'5\x1c:\x02\x00\x00\x00c251\x00P\x10\x05\xa8\x00\x00\x00\x00'
0.088 Disassembled: source: 13596, dest: 14850, seq: 99, ack: 842346752, window: 1448, ACK
0.088 Acknowledged seq: 842345304
0.089 Assembling: source: 14850, dest: 13596, seq: 842346752, ack: 100, window: 1448, data: "mprehensam nam, "...
0.089 Failed to send packet
0.589 Sent: b':\x025\x1c251\x00\x00\x00\x00dP\x00\x05\xa8\x00\x00\x00\x00mprehensam nam, '...
0.592 Failed to receive packet
1.090 Failed to send packet
1.590 Sent: b':\x025\x1c251\x00\x00\x00\x00dP\x00\x05\xa8\x00\x00\x00\x00mprehensam nam, '...
1.593 Received: b'5\x1c:\x02\x00\x00\x00c256\xa8P\x10\x05\xa8\x00\x00\x00\x00'
1.593 Disassembled: source: 13596, dest: 14850, seq: 99, ack: 842348200, window: 1448, ACK
1.593 Acknowledged seq: 842346752
1.594 Assembling: source: 14850, dest: 13596, seq: 842348200, ack: 100, window: 1448, data: "ilisi repudiare "...
1.594 Sent: b':\x025\x1c256\xa8\x00\x00\x00dP\x00\x05\xa8\x00\x00\x00\x00ilisi repudiare '...
1.597 Failed to receive packet
2.095 Sent: b':\x025\x1c256\xa8\x00\x00\x00dP\x00\x05\xa8\x00\x00\x00\x00ilisi repudiare '...
2.097 Received: b'5\x1c:\x02\x00\x00\x00c25<PP\x10\x05\xa8\x00\x00\x00\x00'
2.098 Disassembled: source: 13596, dest: 14850, seq: 99, ack: 842349648, window: 1448, ACK
2.098 Acknowledged seq: 842348200
2.098 Assembling: source: 14850, dest: 13596, seq: 842349648, ack: 100, window: 1448, data: "ta.

Et essent s"...
2.099 Sent: b':\x025\x1c25<P\x00\x00\x00dP\x00\x05\xa8\x00\x00\x00\x00ta.\n\nEt essent s'...
2.101 Received: b'5\x1c:\x02\x00\x00\x00c25A\xf8P\x10\x05\xa8\x00\x00\x00\x00'
2.102 Disassembled: source: 13596, dest: 14850, seq: 99, ack: 842351096, window: 1448, ACK
2.102 Acknowledged seq: 842349648
2.102 Assembling: source: 14850, dest: 13596, seq: 842351096, ack: 100, window: 1448, data: " Nihil tractatos"...
2.103 Sent: b':\x025\x1c25A\xf8\x00\x00\x00dP\x00\x05\xa8\x00\x00\x00\x00 Nihil tractatos'...
2.106 Received: b'5\x1c:\x02\x00\x00\x00c25G\xa0P\x10\x05\xa8\x00\x00\x00\x00'
2.106 Disassembled: source: 13596, dest: 14850, seq: 99, ack: 842352544, window: 1448, ACK
2.106 Acknowledged seq: 842351096
2.107 Assembling: source: 14850, dest: 13596, seq: 842352544, ack: 100, window: 1448, data: "fert iuvaret sap"...
2.107 Sent: b':\x025\x1c25G\xa0\x00\x00\x00dP\x00\x05\xa8\x00\x00\x00\x00fert iuvaret sap'...
2.110 Received: b'5\x1c:\x02\x00\x00\x00c25MHP\x10\x05\xa8\x00\x00\x00\x00'
2.110 Disassembled: source: 13596, dest: 14850, seq: 99, ack: 842353992, window: 1448, ACK
2.110 Acknowledged seq: 842352544
2.111 Assembling: source: 14850, dest: 13596, seq: 842353992, ack: 100, window: 1448, data: "ram adipiscing, "...
2.111 Sent: b':\x025\x1c25MH\x00\x00\x00dP\x00\x05\xa8\x00\x00\x00\x00ram adipiscing, '...
2.113 Received: b'5\x1c:\x02\x00\x00\x00c25R\xf0P\x10\x05\xa8\x00\x00\x00\x00'
2.113 Disassembled: source: 13596, dest: 14850, seq: 99, ack: 842355440, window: 1448, ACK
2.114 Acknowledged seq: 842353992
2.114 Assembling: source: 14850, dest: 13596, seq: 842355440, ack: 100, window: 1448, data: "m veritus vivend"...
2.114 Failed to send packet
2.615 Sent: b':\x025\x1c25R\xf0\x00\x00\x00dP\x00\x05\xa8\x00\x00\x00\x00m veritus vivend'...
2.618 Received: b'5\x1c:\x02\x00\x00\x00c25X\x98P\x10\x05\xa8\x00\x00\x00\x00'
2.618 Disassembled: source: 13596, dest: 14850, seq: 99, ack: 842356888, window: 1448, ACK
2.618 Acknowledged seq: 842355440
2.619 Assembling: source: 14850, dest: 13596, seq: 842356888, ack: 100, window: 1448, data: " delenit, ignota"...
2.619 Sent: b':\x025\x1c25X\x98\x00\x00\x00dP\x00\x05\xa8\x00\x00\x00\x00 delenit, ignota'...
2.622 Received: b'5\x1c:\x02\x00\x00\x00c25^@P\x10\x05\xa8\x00\x00\x00\x00'
2.622 Disassembled: source: 13596, dest: 14850, seq: 99, ack: 842358336, window: 1448, ACK
2.622 Acknowledged seq: 842356888
2.623 Assembling: source: 14850, dest: 13596, seq: 842358336, ack: 100, window: 1448, data: "se explicari des"...
2.623 Failed to send packet
3.124 Sent: b':\x025\x1c25^@\x00\x00\x00dP\x00\x05\xa8\x00\x00\x00\x00se explicari des'...
3.126 Received: b'5\x1c:\x02\x00\x00\x00c25c\xe8P\x10\x05\xa8\x00\x00\x00\x00'
3.127 Disassembled: source: 13596, dest: 14850, seq: 99, ack: 842359784, window: 1448, ACK
3.127 Acknowledged seq: 842358336
3.127 Assembling: source: 14850, dest: 13596, seq: 842359784, ack: 100, window: 1448, data: "piscing, in modo"...
3.128 Sent: b':\x025\x1c25c\xe8\x00\x00\x00dP\x00\x05\xa8\x00\x00\x00\x00piscing, in modo'...
3.130 Received: b'5\x1c:\x02\x00\x00\x00c25i\x90P\x10\x05\xa8\x00\x00\x00\x00'
3.131 Disassembled: source: 13596, dest: 14850, seq: 99, ack: 842361232, window: 1448, ACK
3.131 Acknowledged seq: 842359784
3.131 Assembling: source: 14850, dest: 13596, seq: 842361232, ack: 100, window: 1448, data: "o copiosae tacim"...
3.132 Sent: b':\x025\x1c25i\x90\x00\x00\x00dP\x00\x05\xa8\x00\x00\x00\x00o copiosae tacim'...
3.135 Failed to receive packet
3.632 Sent: b':\x025\x1c25i\x90\x00\x00\x00dP\x00\x05\xa8\x00\x00\x00\x00o copiosae tacim'...
3.635 Received: b'5\x1c:\x02\x00\x00\x00c25o8P\x10\x05\xa8\x00\x00\x00\x00'
3.635 Disassembled: source: 13596, dest: 14850, seq: 99, ack: 842362680, window: 1448, ACK
3.636 Acknowledged seq: 842361232
3.636 Assembling: source: 14850, dest: 13596, seq: 842362680, ack: 100, window: 1448, data: "am. Pri ne antio"...
3.636 Sent: b':\x025\x1c25o8\x00\x00\x00dP\x00\x05\xa8\x00\x00\x00\x00am. Pri ne antio'...
3.639 Received: b'5\x1c:\x02\x00\x00\x00c25t\xe0P\x10\x05\xa8\x00\x00\x00\x00'
3.640 Disassembled: source: 13596, dest: 14850, seq: 99, ack: 842364128, window: 1448, ACK
3.640 Acknowledged seq: 842362680
3.640 Assembling: source: 14850, dest: 13596, seq: 842364128, ack: 100, window: 1448, data: "to no. Elitr pos"...
3.641 Failed to send packet
4.141 Sent: b':\x025\x1c25t\xe0\x00\x00\x00dP\x00\x05\xa8\x00\x00\x00\x00to no. Elitr pos'...
4.144 Received: b'5\x1c:\x02\x00\x00\x00c25z\x88P\x10\x05\xa8\x00\x00\x00\x00'
4.144 Disassembled: source: 13596, dest: 14850, seq: 99, ack: 842365576, window: 1448, ACK
4.144 Acknowledged seq: 842364128
4.145 Assembling: source: 14850, dest: 13596, seq: 842365576, ack: 100, window: 1448, data: "pretaris, sea ex"...
4.145 Failed to send packet
4.645 Sent: b':\x025\x1c25z\x88\x00\x00\x00dP\x00\x05\xa8\x00\x00\x00\x00pretaris, sea ex'...
4.648 Received: b'5\x1c:\x02\x00\x00\x00c25\x800P\x10\x05\xa8\x00\x00\x00\x00'
4.649 Disassembled: source: 13596, dest: 14850, seq: 99, ack: 842367024, window: 1448, ACK
4.649 Acknowledged seq: 842365576
4.649 Assembling: source: 14850, dest: 13596, seq: 842367024, ack: 100, window: 1448, data: "oporteat inimicu"...
4.650 Sent: b':\x025\x1c25\x800\x00\x00\x00dP\x00\x05\xa8\x00\x00\x00\x00oporteat inimicu'...
4.652 Received: b'5\x1c:\x02\x00\x00\x00c25\x85\xd8P\x10\x05\xa8\x00\x00\x00\x00'
4.653 Disassembled: source: 13596, dest: 14850, seq: 99, ack: 842368472, window: 1448, ACK
4.653 Acknowledged seq: 842367024
4.653 Assembling: source: 14850, dest: 13596, seq: 842368472, ack: 100, window: 1448, data: "ligendi officiis"...
4.654 Sent: b':\x025\x1c25\x85\xd8\x00\x00\x00dP\x00\x05\xa8\x00\x00\x00\x00ligendi officiis'...
4.657 Received: b'5\x1c:\x02\x00\x00\x00c25\x8b\x80P\x10\x05\xa8\x00\x00\x00\x00'
4.657 Disassembled: source: 13596, dest: 14850, seq: 99, ack: 842369920, window: 1448, ACK
4.657 Acknowledged seq: 842368472
4.658 Assembling: source: 14850, dest: 13596, seq: 842369920, ack: 100, window: 1448, data: "no vel regione i"...
4.658 Sent: b':\x025\x1c25\x8b\x80\x00\x00\x00dP\x00\x05\xa8\x00\x00\x00\x00no vel regione i'...
4.660 Received: b'5\x1c:\x02\x00\x00\x00c25\x91(P\x10\x05\xa8\x00\x00\x00\x00'
4.661 Disassembled: source: 13596, dest: 14850, seq: 99, ack: 842371368, window: 1448, ACK
4.661 Acknowledged seq: 842369920
4.661 Assembling: source: 14850, dest: 13596, seq: 842371368, ack: 100, window: 1448, data: "ibus vis ex, pro"...
4.662 Sent: b':\x025\x1c25\x91(\x00\x00\x00dP\x00\x05\xa8\x00\x00\x00\x00ibus vis ex, pro'...
4.663 Received: b'5\x1c:\x02\x00\x00\x00c25\x96\xd0P\x10\x05\xa8\x00\x00\x00\x00'
4.664 Disassembled: source: 13596, dest: 14850, seq: 99, ack: 842372816, window: 1448, ACK
4.664 Acknowledged seq: 842371368
4.664 Assembling: source: 14850, dest: 13596, seq: 842372816, ack: 100, window: 1448, data: "o vix, mel ea li"...
4.665 Sent: b':\x025\x1c25\x96\xd0\x00\x00\x00dP\x00\x05\xa8\x00\x00\x00\x00o vix, mel ea li'...
4.667 Received: b'5\x1c:\x02\x00\x00\x00c25\x9cxP\x10\x05\xa8\x00\x00\x00\x00'
4.667 Disassembled: source: 13596, dest: 14850, seq: 99, ack: 842374264, window: 1448, ACK
4.667 Acknowledged seq: 842372816
4.668 Assembling: source: 14850, dest: 13596, seq: 842374264, ack: 100, window: 1448, data: "d. Ex fugit suav"...
4.668 Sent: b':\x025\x1c25\x9cx\x00\x00\x00dP\x00\x05\xa8\x00\x00\x00\x00d. Ex fugit suav'...
4.670 Received: b'5\x1c:\x02\x00\x00\x00c25\xa2 P\x10\x05\xa8\x00\x00\x00\x00'
4.670 Disassembled: source: 13596, dest: 14850, seq: 99, ack: 842375712, window: 1448, ACK
4.671 Acknowledged seq: 842374264
4.671 Assembling: source: 14850, dest: 13596, seq: 842375712, ack: 100, window: 1448, data: "pertinax nec. De"...
4.671 Failed to send packet
5.172 Sent: b':\x025\x1c25\xa2 \x00\x00\x00dP\x00\x05\xa8\x00\x00\x00\x00pertinax nec. De'...
5.174 Received: b'5\x1c:\x02\x00\x00\x00c25\xa7\xc8P\x10\x05\xa8\x00\x00\x00\x00'
5.175 Disassembled: source: 13596, dest: 14850, seq: 99, ack: 842377160, window: 1448, ACK
5.175 Acknowledged seq: 842375712
5.175 Assembling: source: 14850, dest: 13596, seq: 842377160, ack: 100, window: 1448, data: "lli primis praes"...
5.176 Sent: b':\x025\x1c25\xa7\xc8\x00\x00\x00dP\x00\x05\xa8\x00\x00\x00\x00lli primis praes'...
5.179 Received: b'5\x1c:\x02\x00\x00\x00c25\xadpP\x10\x05\xa8\x00\x00\x00\x00'
5.179 Disassembled: source: 13596, dest: 14850, seq: 99, ack: 842378608, window: 1448, ACK
5.179 Acknowledged seq: 842377160
5.180 Assembling: source: 14850, dest: 13596, seq: 842378608, ack: 100, window: 1448, data: "m, percipit inte"...
5.180 Sent: b':\x025\x1c25\xadp\x00\x00\x00dP\x00\x05\xa8\x00\x00\x00\x00m, percipit inte'...
5.183 Received: b'5\x1c:\x02\x00\x00\x00c25\xb3\x18P\x10\x05\xa8\x00\x00\x00\x00'
5.183 Disassembled: source: 13596, dest: 14850, seq: 99, ack: 842380056, window: 1448, ACK
5.183 Acknowledged seq: 842378608
5.184 Assembling: source: 14850, dest: 13596, seq: 842380056, ack: 100, window: 1448, data: "nani docendi pat"...
5.184 Sent: b':\x025\x1c25\xb3\x18\x00\x00\x00dP\x00\x05\xa8\x00\x00\x00\x00nani docendi pat'...
5.187 Received: b'5\x1c:\x02\x00\x00\x00c25\xb8\xc0P\x10\x05\xa8\x00\x00\x00\x00'
5.187 Disassembled: source: 13596, dest: 14850, seq: 99, ack: 842381504, window: 1448, ACK
5.188 Acknowledged seq: 842380056
5.188 Assembling: source: 14850, dest: 13596, seq: 842381504, ack: 100, window: 1448, data: " vis decore poss"...
5.188 Sent: b':\x025\x1c25\xb8\xc0\x00\x00\x00dP\x00\x05\xa8\x00\x00\x00\x00 vis decore poss'...
5.190 Received: b'5\x1c:\x02\x00\x00\x00c25\xbehP\x10\x05\xa8\x00\x00\x00\x00'
5.191 Disassembled: source: 13596, dest: 14850, seq: 99, ack: 842382952, window: 1448, ACK
5.191 Acknowledged seq: 842381504
5.191 Assembling: source: 14850, dest: 13596, seq: 842382952, ack: 100, window: 1448, data: "eam odio corpora"...
5.192 Sent: b':\x025\x1c25\xbeh\x00\x00\x00dP\x00\x05\xa8\x00\x00\x00\x00eam odio corpora'...
5.193 Received: b'5\x1c:\x02\x00\x00\x00c25\xc4\x10P\x10\x05\xa8\x00\x00\x00\x00'
5.194 Disassembled: source: 13596, dest: 14850, seq: 99, ack: 842384400, window: 1448, ACK
5.194 Acknowledged seq: 842382952
5.194 Assembling: source: 14850, dest: 13596, seq: 842384400, ack: 100, window: 1448, data: " est. Usu sanctu"...
5.195 Failed to send packet
5.695 Sent: b':\x025\x1c25\xc4\x10\x00\x00\x00dP\x00\x05\xa8\x00\x00\x00\x00 est. Usu sanctu'...
5.698 Received: b'5\x1c:\x02\x00\x00\x00c25\xc9\xb8P\x10\x05\xa8\x00\x00\x00\x00'
5.698 Disassembled: source: 13596, dest: 14850, seq: 99, ack: 842385848, window: 1448, ACK
5.699 Acknowledged seq: 842384400
5.699 Assembling: source: 14850, dest: 13596, seq: 842385848, ack: 100, window: 1448, data: ".

Mei graeco ae"...
5.699 Sent: b':\x025\x1c25\xc9\xb8\x00\x00\x00dP\x00\x05\xa8\x00\x00\x00\x00.\n\nMei graeco ae'...
5.702 Received: b'5\x1c:\x02\x00\x00\x00c25\xcf`P\x10\x05\xa8\x00\x00\x00\x00'
5.703 Disassembled: source: 13596, dest: 14850, seq: 99, ack: 842387296, window: 1448, ACK
5.703 Acknowledged seq: 842385848
5.703 Assembling: source: 14850, dest: 13596, seq: 842387296, ack: 100, window: 1448, data: "et. Ne sea primi"...
5.704 Sent: b':\x025\x1c25\xcf`\x00\x00\x00dP\x00\x05\xa8\x00\x00\x00\x00et. Ne sea primi'...
5.706 Received: b'5\x1c:\x02\x00\x00\x00c25\xd5\x08P\x10\x05\xa8\x00\x00\x00\x00'
5.707 Disassembled: source: 13596, dest: 14850, seq: 99, ack: 842388744, window: 1448, ACK
5.707 Acknowledged seq: 842387296
5.707 Assembling: source: 14850, dest: 13596, seq: 842388744, ack: 100, window: 1448, data: "ittam convenire."...
5.708 Sent: b':\x025\x1c25\xd5\x08\x00\x00\x00dP\x00\x05\xa8\x00\x00\x00\x00ittam convenire.'...
5.710 Received: b'5\x1c:\x02\x00\x00\x00c25\xda\xb0P\x10\x05\xa8\x00\x00\x00\x00'
5.711 Disassembled: source: 13596, dest: 14850, seq: 99, ack: 842390192, window: 1448, ACK
5.711 Acknowledged seq: 842388744
5.712 Assembling: source: 14850, dest: 13596, seq: 842390192, ack: 100, window: 1448, data: "ua et vis, id eu"...
5.712 Sent: b':\x025\x1c25\xda\xb0\x00\x00\x00dP\x00\x05\xa8\x00\x00\x00\x00ua et vis, id eu'...
5.714 Received: b'5\x1c:\x02\x00\x00\x00c25\xe0XP\x10\x05\xa8\x00\x00\x00\x00'
5.714 Disassembled: source: 13596, dest: 14850, seq: 99, ack: 842391640, window: 1448, ACK
5.714 Acknowledged seq: 842390192
5.715 Assembling: source: 14850, dest: 13596, seq: 842391640, ack: 100, window: 1448, data: "r. Et velit appa"...
5.715 Sent: b':\x025\x1c25\xe0X\x00\x00\x00dP\x00\x05\xa8\x00\x00\x00\x00r. Et velit appa'...
5.717 Received: b'5\x1c:\x02\x00\x00\x00c25\xe6\x00P\x10\x05\xa8\x00\x00\x00\x00'
5.717 Disassembled: source: 13596, dest: 14850, seq: 99, ack: 842393088, window: 1448, ACK
5.717 Acknowledged seq: 842391640
5.718 Assembling: source: 14850, dest: 13596, seq: 842393088, ack: 100, window: 1448, data: " novum laudem, v"...
5.718 Failed to send packet
6.218 Sent: b':\x025\x1c25\xe6\x00\x00\x00\x00dP\x00\x05\xa8\x00\x00\x00\x00 novum laudem, v'...
6.221 Received: b'5\x1c:\x02\x00\x00\x00c25\xeb\xa8P\x10\x05\xa8\x00\x00\x00\x00'
6.222 Disassembled: source: 13596, dest: 14850, seq: 99, ack: 842394536, window: 1448, ACK
6.222 Acknowledged seq: 842393088
6.222 Assembling: source: 14850, dest: 13596, seq: 842394536, ack: 100, window: 1448, data: "luptatibus, cibo"...
6.223 Sent: b':\x025\x1c25\xeb\xa8\x00\x00\x00dP\x00\x05\xa8\x00\x00\x00\x00luptatibus, cibo'...
6.225 Received: b'5\x1c:\x02\x00\x00\x00c25\xf1PP\x10\x05\xa8\x00\x00\x00\x00'
6.226 Disassembled: source: 13596, dest: 14850, seq: 99, ack: 842395984, window: 1448, ACK
6.226 Acknowledged seq: 842394536
6.226 Assembling: source: 14850, dest: 13596, seq: 842395984, ack: 100, window: 1448, data: "alii indoctum ma"...
6.227 Sent: b':\x025\x1c25\xf1P\x00\x00\x00dP\x00\x05\xa8\x00\x00\x00\x00alii indoctum ma'...
6.230 Received: b'5\x1c:\x02\x00\x00\x00c25\xf6\xf8P\x10\x05\xa8\x00\x00\x00\x00'
6.230 Disassembled: source: 13596, dest: 14850, seq: 99, ack: 842397432, window: 1448, ACK
6.230 Acknowledged seq: 842395984
6.231 Assembling: source: 14850, dest: 13596, seq: 842397432, ack: 100, window: 1448, data: "im, his facete c"...
6.231 Sent: b':\x025\x1c25\xf6\xf8\x00\x00\x00dP\x00\x05\xa8\x00\x00\x00\x00im, his facete c'...
6.234 Received: b'5\x1c:\x02\x00\x00\x00c25\xfc\xa0P\x10\x05\xa8\x00\x00\x00\x00'
6.234 Disassembled: source: 13596, dest: 14850, seq: 99, ack: 842398880, window: 1448, ACK
6.234 Acknowledged seq: 842397432
6.235 Assembling: source: 14850, dest: 13596, seq: 842398880, ack: 100, window: 1448, data: "e alia dolor com"...
6.235 Sent: b':\x025\x1c25\xfc\xa0\x00\x00\x00dP\x00\x05\xa8\x00\x00\x00\x00e alia dolor com'...
6.237 Received: b'5\x1c:\x02\x00\x00\x00c26\x02HP\x10\x05\xa8\x00\x00\x00\x00'
6.237 Disassembled: source: 13596, dest: 14850, seq: 99, ack: 842400328, window: 1448, ACK
6.238 Acknowledged seq: 842398880
6.238 Assembling: source: 14850, dest: 13596, seq: 842400328, ack: 100, window: 1448, data: "it ea, reque tem"...
6.238 Sent: b':\x025\x1c26\x02H\x00\x00\x00dP\x00\x05\xa8\x00\x00\x00\x00it ea, reque tem'...
6.240 Received: b'5\x1c:\x02\x00\x00\x00c26\x07\xf0P\x10\x05\xa8\x00\x00\x00\x00'
6.240 Disassembled: source: 13596, dest: 14850, seq: 99, ack: 842401776, window: 1448, ACK
6.241 Acknowledged seq: 842400328
6.241 Assembling: source: 14850, dest: 13596, seq: 842401776, ack: 100, window: 1448, data: "alisque.

Equide"...
6.241 Sent: b':\x025\x1c26\x07\xf0\x00\x00\x00dP\x00\x05\xa8\x00\x00\x00\x00alisque.\n\nEquide'...
6.243 Received: b'5\x1c:\x02\x00\x00\x00c26\r\x98P\x10\x05\xa8\x00\x00\x00\x00'
6.244 Disassembled: source: 13596, dest: 14850, seq: 99, ack: 842403224, window: 1448, ACK
6.244 Acknowledged seq: 842401776
6.244 Assembling: source: 14850, dest: 13596, seq: 842403224, ack: 100, window: 1448, data: "finitiones, affe"...
6.245 Sent: b':\x025\x1c26\r\x98\x00\x00\x00dP\x00\x05\xa8\x00\x00\x00\x00finitiones, affe'...
6.246 Received: b'5\x1c:\x02\x00\x00\x00c26\x13@P\x10\x05\xa8\x00\x00\x00\x00'
6.247 Disassembled: source: 13596, dest: 14850, seq: 99, ack: 842404672, window: 1448, ACK
6.247 Acknowledged seq: 842403224
6.247 Assembling: source: 14850, dest: 13596, seq: 842404672, ack: 100, window: 1448, data: "his duis graeco "...
6.248 Sent: b':\x025\x1c26\x13@\x00\x00\x00dP\x00\x05\xa8\x00\x00\x00\x00his duis graeco '...
6.249 Received: b'5\x1c:\x02\x00\x00\x00c26\x18\xe8P\x10\x05\xa8\x00\x00\x00\x00'
6.250 Disassembled: source: 13596, dest: 14850, seq: 99, ack: 842406120, window: 1448, ACK
6.250 Acknowledged seq: 842404672
6.250 Assembling: source: 14850, dest: 13596, seq: 842406120, ack: 100, window: 1448, data: "am. Alia possit "...
6.251 Sent: b':\x025\x1c26\x18\xe8\x00\x00\x00dP\x00\x05\xa8\x00\x00\x00\x00am. Alia possit '...
6.253 Received: b'5\x1c:\x02\x00\x00\x00c26\x1e\x90P\x10\x05\xa8\x00\x00\x00\x00'
6.253 Disassembled: source: 13596, dest: 14850, seq: 99, ack: 842407568, window: 1448, ACK
6.254 Acknowledged seq: 842406120
6.254 Assembling: source: 14850, dest: 13596, seq: 842407568, ack: 100, window: 1448, data: "cum an. Mei faci"...
6.254 Failed to send packet
6.755 Sent: b':\x025\x1c26\x1e\x90\x00\x00\x00dP\x00\x05\xa8\x00\x00\x00\x00cum an. Mei faci'...
6.757 Received: b'5\x1c:\x02\x00\x00\x00c26$8P\x10\x05\xa8\x00\x00\x00\x00'
6.758 Disassembled: source: 13596, dest: 14850, seq: 99, ack: 842409016, window: 1448, ACK
6.758 Acknowledged seq: 842407568
6.758 Assembling: source: 14850, dest: 13596, seq: 842409016, ack: 100, window: 1448, data: " vis adhuc tatio"...
6.759 Sent: b':\x025\x1c26$8\x00\x00\x00dP\x00\x05\xa8\x00\x00\x00\x00 vis adhuc tatio'...
6.762 Received: b'5\x1c:\x02\x00\x00\x00c26)\xe0P\x10\x05\xa8\x00\x00\x00\x00'
6.762 Disassembled: source: 13596, dest: 14850, seq: 99, ack: 842410464, window: 1448, ACK
6.762 Acknowledged seq: 842409016
6.763 Assembling: source: 14850, dest: 13596, seq: 842410464, ack: 100, window: 1448, data: "im eu option iuv"...
6.763 Sent: b':\x025\x1c26)\xe0\x00\x00\x00dP\x00\x05\xa8\x00\x00\x00\x00im eu option iuv'...
6.766 Received: b'5\x1c:\x02\x00\x00\x00c26/\x88P\x10\x05\xa8\x00\x00\x00\x00'
6.766 Disassembled: source: 13596, dest: 14850, seq: 99, ack: 842411912, window: 1448, ACK
6.766 Acknowledged seq: 842410464
6.767 Assembling: source: 14850, dest: 13596, seq: 842411912, ack: 100, window: 1448, data: "ex epicurei taci"...
6.767 Sent: b':\x025\x1c26/\x88\x00\x00\x00dP\x00\x05\xa8\x00\x00\x00\x00ex epicurei taci'...
6.770 Received: b'5\x1c:\x02\x00\x00\x00c2650P\x10\x05\xa8\x00\x00\x00\x00'
6.771 Disassembled: source: 13596, dest: 14850, seq: 99, ack: 842413360, window: 1448, ACK
6.771 Acknowledged seq: 842411912
6.771 Assembling: source: 14850, dest: 13596, seq: 842413360, ack: 100, window: 1448, data: "ebat, eu pro ero"...
6.772 Sent: b':\x025\x1c2650\x00\x00\x00dP\x00\x05\xa8\x00\x00\x00\x00ebat, eu pro ero'...
6.773 Received: b'5\x1c:\x02\x00\x00\x00c26:\xd8P\x10\x05\xa8\x00\x00\x00\x00'
6.774 Disassembled: source: 13596, dest: 14850, seq: 99, ack: 842414808, window: 1448, ACK
6.774 Acknowledged seq: 842413360
6.774 Assembling: source: 14850, dest: 13596, seq: 842414808, ack: 100, window: 1448, data: "s. Per no sale v"...
6.775 Sent: b':\x025\x1c26:\xd8\x00\x00\x00dP\x00\x05\xa8\x00\x00\x00\x00s. Per no sale v'...
6.776 Received: b'5\x1c:\x02\x00\x00\x00c26@\x80P\x10\x05\xa8\x00\x00\x00\x00'
6.777 Disassembled: source: 13596, dest: 14850, seq: 99, ack: 842416256, window: 1448, ACK
6.777 Acknowledged seq: 842414808
6.777 Assembling: source: 14850, dest: 13596, seq: 842416256, ack: 100, window: 1448, data: "orrupte ea mel. "...
6.778 Sent: b':\x025\x1c26@\x80\x00\x00\x00dP\x00\x05\xa8\x00\x00\x00\x00orrupte ea mel. '...
6.779 Received: b'5\x1c:\x02\x00\x00\x00c26F(P\x10\x05\xa8\x00\x00\x00\x00'
6.780 Disassembled: source: 13596, dest: 14850, seq: 99, ack: 842417704, window: 1448, ACK
6.780 Acknowledged seq: 842416256
6.780 Assembling: source: 14850, dest: 13596, seq: 842417704, ack: 100, window: 1448, data: ". Est iracundia "...
6.781 Sent: b':\x025\x1c26F(\x00\x00\x00dP\x00\x05\xa8\x00\x00\x00\x00. Est iracundia '...
6.782 Received: b'5\x1c:\x02\x00\x00\x00c26K\xd0P\x10\x05\xa8\x00\x00\x00\x00'
6.783 Disassembled: source: 13596, dest: 14850, seq: 99, ack: 842419152, window: 1448, ACK
6.783 Acknowledged seq: 842417704
6.783 Assembling: source: 14850, dest: 13596, seq: 842419152, ack: 100, window: 1448, data: "pta probatus scr"...
6.784 Sent: b':\x025\x1c26K\xd0\x00\x00\x00dP\x00\x05\xa8\x00\x00\x00\x00pta probatus scr'...
6.786 Received: b'5\x1c:\x02\x00\x00\x00c26QxP\x10\x05\xa8\x00\x00\x00\x00'
6.786 Disassembled: source: 13596, dest: 14850, seq: 99, ack: 842420600, window: 1448, ACK
6.786 Acknowledged seq: 842419152
6.787 Assembling: source: 14850, dest: 13596, seq: 842420600, ack: 100, window: 1448, data: "entur ei, pro ei"...
6.787 Sent: b':\x025\x1c26Qx\x00\x00\x00dP\x00\x05\xa8\x00\x00\x00\x00entur ei, pro ei'...
6.789 Received: b'5\x1c:\x02\x00\x00\x00c26W P\x10\x05\xa8\x00\x00\x00\x00'
6.790 Disassembled: source: 13596, dest: 14850, seq: 99, ack: 842422048, window: 1448, ACK
6.790 Acknowledged seq: 842420600
6.790 Assembling: source: 14850, dest: 13596, seq: 842422048, ack: 100, window: 1448, data: "simul euismod vi"...
6.791 Failed to send packet
7.291 Sent: b':\x025\x1c26W \x00\x00\x00dP\x00\x05\xa8\x00\x00\x00\x00simul euismod vi'...
7.294 Received: b'5\x1c:\x02\x00\x00\x00c26\\\xc8P\x10\x05\xa8\x00\x00\x00\x00'
7.294 Disassembled: source: 13596, dest: 14850, seq: 99, ack: 842423496, window: 1448, ACK
7.294 Acknowledged seq: 842422048
7.295 Assembling: source: 14850, dest: 13596, seq: 842423496, ack: 100, window: 1448, data: ", eam id iudico "...
7.295 Sent: b':\x025\x1c26\\\xc8\x00\x00\x00dP\x00\x05\xa8\x00\x00\x00\x00, eam id iudico '...
7.298 Received: b'5\x1c:\x02\x00\x00\x00c26bpP\x10\x05\xa8\x00\x00\x00\x00'
7.298 Disassembled: source: 13596, dest: 14850, seq: 99, ack: 842424944, window: 1448, ACK
7.299 Acknowledged seq: 842423496
7.299 Assembling: source: 14850, dest: 13596, seq: 842424944, ack: 100, window: 1448, data: "m vix. Ea est mu"...
7.299 Sent: b':\x025\x1c26bp\x00\x00\x00dP\x00\x05\xa8\x00\x00\x00\x00m vix. Ea est mu'...
7.302 Received: b'5\x1c:\x02\x00\x00\x00c26h\x18P\x10\x05\xa8\x00\x00\x00\x00'
7.303 Disassembled: source: 13596, dest: 14850, seq: 99, ack: 842426392, window: 1448, ACK
7.303 Acknowledged seq: 842424944
7.303 Assembling: source: 14850, dest: 13596, seq: 842426392, ack: 100, window: 1448, data: "olor sit amet, e"...
7.304 Sent: b':\x025\x1c26h\x18\x00\x00\x00dP\x00\x05\xa8\x00\x00\x00\x00olor sit amet, e'...
7.305 Received: b'5\x1c:\x02\x00\x00\x00c26m\xc0P\x10\x05\xa8\x00\x00\x00\x00'
7.306 Disassembled: source: 13596, dest: 14850, seq: 99, ack: 842427840, window: 1448, ACK
7.306 Acknowledged seq: 842426392
7.306 Assembling: source: 14850, dest: 13596, seq: 842427840, ack: 100, window: 1448, data: "m, aperiam iudic"...
7.307 Sent: b':\x025\x1c26m\xc0\x00\x00\x00dP\x00\x05\xa8\x00\x00\x00\x00m, aperiam iudic'...
7.308 Received: b'5\x1c:\x02\x00\x00\x00c26shP\x10\x05\xa8\x00\x00\x00\x00'
7.309 Disassembled: source: 13596, dest: 14850, seq: 99, ack: 842429288, window: 1448, ACK
7.309 Acknowledged seq: 842427840
7.309 Assembling: source: 14850, dest: 13596, seq: 842429288, ack: 100, window: 1448, data: "re sea. No eos d"...
7.310 Sent: b':\x025\x1c26sh\x00\x00\x00dP\x00\x05\xa8\x00\x00\x00\x00re sea. No eos d'...
7.311 Received: b'5\x1c:\x02\x00\x00\x00c26y\x10P\x10\x05\xa8\x00\x00\x00\x00'
7.312 Disassembled: source: 13596, dest: 14850, seq: 99, ack: 842430736, window: 1448, ACK
7.312 Acknowledged seq: 842429288
7.312 Assembling: source: 14850, dest: 13596, seq: 842430736, ack: 100, window: 1448, data: "t scripta philos"...
7.313 Sent: b':\x025\x1c26y\x10\x00\x00\x00dP\x00\x05\xa8\x00\x00\x00\x00t scripta philos'...
7.315 Received: b'5\x1c:\x02\x00\x00\x00c26~\xb8P\x10\x05\xa8\x00\x00\x00\x00'
7.315 Disassembled: source: 13596, dest: 14850, seq: 99, ack: 842432184, window: 1448, ACK
7.315 Acknowledged seq: 842430736
7.316 Assembling: source: 14850, dest: 13596, seq: 842432184, ack: 100, window: 1448, data: "tos sadipscing e"...
7.316 Sent: b':\x025\x1c26~\xb8\x00\x00\x00dP\x00\x05\xa8\x00\x00\x00\x00tos sadipscing e'...
7.318 Received: b'5\x1c:\x02\x00\x00\x00c26\x84`P\x10\x05\xa8\x00\x00\x00\x00'
7.319 Disassembled: source: 13596, dest: 14850, seq: 99, ack: 842433632, window: 1448, ACK
7.319 Acknowledged seq: 842432184
7.319 Assembling: source: 14850, dest: 13596, seq: 842433632, ack: 100, window: 1448, data: "sapientem ea, ad"...
7.320 Sent: b':\x025\x1c26\x84`\x00\x00\x00dP\x00\x05\xa8\x00\x00\x00\x00sapientem ea, ad'...
7.322 Received: b'5\x1c:\x02\x00\x00\x00c26\x8a\x08P\x10\x05\xa8\x00\x00\x00\x00'
7.322 Disassembled: source: 13596, dest: 14850, seq: 99, ack: 842435080, window: 1448, ACK
7.322 Acknowledged seq: 842433632
7.323 Assembling: source: 14850, dest: 13596, seq: 842435080, ack: 100, window: 1448, data: "g, ei invenire p"...
7.323 Sent: b':\x025\x1c26\x8a\x08\x00\x00\x00dP\x00\x05\xa8\x00\x00\x00\x00g, ei invenire p'...
7.325 Received: b'5\x1c:\x02\x00\x00\x00c26\x8f\xb0P\x10\x05\xa8\x00\x00\x00\x00'
7.325 Disassembled: source: 13596, dest: 14850, seq: 99, ack: 842436528, window: 1448, ACK
7.326 Acknowledged seq: 842435080
7.326 Assembling: source: 14850, dest: 13596, seq: 842436528, ack: 100, window: 1448, data: "endo at. Qui id "...
7.326 Failed to send packet
7.827 Sent: b':\x025\x1c26\x8f\xb0\x00\x00\x00dP\x00\x05\xa8\x00\x00\x00\x00endo at. Qui id '...
7.829 Received: b'5\x1c:\x02\x00\x00\x00c26\x95XP\x10\x05\xa8\x00\x00\x00\x00'
7.830 Disassembled: source: 13596, dest: 14850, seq: 99, ack: 842437976, window: 1448, ACK
7.830 Acknowledged seq: 842436528
7.830 Assembling: source: 14850, dest: 13596, seq: 842437976, ack: 100, window: 1448, data: "ota nostrum et p"...
7.831 Sent: b':\x025\x1c26\x95X\x00\x00\x00dP\x00\x05\xa8\x00\x00\x00\x00ota nostrum et p'...
7.834 Received: b'5\x1c:\x02\x00\x00\x00c26\x9b\x00P\x10\x05\xa8\x00\x00\x00\x00'
7.834 Disassembled: source: 13596, dest: 14850, seq: 99, ack: 842439424, window: 1448, ACK
7.834 Acknowledged seq: 842437976
7.835 Assembling: source: 14850, dest: 13596, seq: 842439424, ack: 100, window: 1448, data: "deseruisse id. P"...
7.835 Sent: b':\x025\x1c26\x9b\x00\x00\x00\x00dP\x00\x05\xa8\x00\x00\x00\x00deseruisse id. P'...
7.838 Received: b'5\x1c:\x02\x00\x00\x00c26\xa0\xa8P\x10\x05\xa8\x00\x00\x00\x00'
7.838 Disassembled: source: 13596, dest: 14850, seq: 99, ack: 842440872, window: 1448, ACK
7.839 Acknowledged seq: 842439424
7.839 Assembling: source: 14850, dest: 13596, seq: 842440872, ack: 100, window: 1448, data: "odo munere imper"...
7.839 Sent: b':\x025\x1c26\xa0\xa8\x00\x00\x00dP\x00\x05\xa8\x00\x00\x00\x00odo munere imper'...
7.841 Received: b'5\x1c:\x02\x00\x00\x00c26\xa6PP\x10\x05\xa8\x00\x00\x00\x00'
7.842 Disassembled: source: 13596, dest: 14850, seq: 99, ack: 842442320, window: 1448, ACK
7.842 Acknowledged seq: 842440872
7.842 Assembling: source: 14850, dest: 13596, seq: 842442320, ack: 100, window: 1448, data: "cimates cum, tib"...
7.843 Sent: b':\x025\x1c26\xa6P\x00\x00\x00dP\x00\x05\xa8\x00\x00\x00\x00cimates cum, tib'...
7.844 Received: b'5\x1c:\x02\x00\x00\x00c26\xab\xf8P\x10\x05\xa8\x00\x00\x00\x00'
7.845 Disassembled: source: 13596, dest: 14850, seq: 99, ack: 842443768, window: 1448, ACK
7.845 Acknowledged seq: 842442320
7.845 Assembling: source: 14850, dest: 13596, seq: 842443768, ack: 100, window: 1448, data: "tiopam molestiae"...
7.846 Sent: b':\x025\x1c26\xab\xf8\x00\x00\x00dP\x00\x05\xa8\x00\x00\x00\x00tiopam molestiae'...
7.848 Received: b'5\x1c:\x02\x00\x00\x00c26\xb1\xa0P\x10\x05\xa8\x00\x00\x00\x00'
7.848 Disassembled: source: 13596, dest: 14850, seq: 99, ack: 842445216, window: 1448, ACK
7.848 Acknowledged seq: 842443768
7.849 Assembling: source: 14850, dest: 13596, seq: 842445216, ack: 100, window: 1448, data: "possim qui no, v"...
7.849 Sent: b':\x025\x1c26\xb1\xa0\x00\x00\x00dP\x00\x05\xa8\x00\x00\x00\x00possim qui no, v'...
7.851 Received: b'5\x1c:\x02\x00\x00\x00c26\xb7HP\x10\x05\xa8\x00\x00\x00\x00'
7.851 Disassembled: source: 13596, dest: 14850, seq: 99, ack: 842446664, window: 1448, ACK
7.852 Acknowledged seq: 842445216
7.852 Assembling: source: 14850, dest: 13596, seq: 842446664, ack: 100, window: 1448, data: " ex utinam parti"...
7.852 Failed to send packet
8.353 Sent: b':\x025\x1c26\xb7H\x00\x00\x00dP\x00\x05\xa8\x00\x00\x00\x00 ex utinam parti'...
8.356 Received: b'5\x1c:\x02\x00\x00\x00c26\xbc\xf0P\x10\x05\xa8\x00\x00\x00\x00'
8.356 Disassembled: source: 13596, dest: 14850, seq: 99, ack: 842448112, window: 1448, ACK
8.356 Acknowledged seq: 842446664
8.357 Assembling: source: 14850, dest: 13596, seq: 842448112, ack: 100, window: 1448, data: "icus in his. Pri"...
8.357 Sent: b':\x025\x1c26\xbc\xf0\x00\x00\x00dP\x00\x05\xa8\x00\x00\x00\x00icus in his. Pri'...
8.360 Failed to receive packet
8.857 Failed to send packet
9.358 Sent: b':\x025\x1c26\xbc\xf0\x00\x00\x00dP\x00\x05\xa8\x00\x00\x00\x00icus in his. Pri'...
9.360 Received: b'5\x1c:\x02\x00\x00\x00c26\xc2\x98P\x10\x05\xa8\x00\x00\x00\x00'
9.361 Disassembled: source: 13596, dest: 14850, seq: 99, ack: 842449560, window: 1448, ACK
9.361 Acknowledged seq: 842448112
9.361 Assembling: source: 14850, dest: 13596, seq: 842449560, ack: 100, window: 1448, data: "iis et.

Ius cu "...
9.362 Sent: b':\x025\x1c26\xc2\x98\x00\x00\x00dP\x00\x05\xa8\x00\x00\x00\x00iis et.\n\nIus cu '...
9.365 Received: b'5\x1c:\x02\x00\x00\x00c26\xc8@P\x10\x05\xa8\x00\x00\x00\x00'
9.365 Disassembled: source: 13596, dest: 14850, seq: 99, ack: 842451008, window: 1448, ACK
9.365 Acknowledged seq: 842449560
9.366 Assembling: source: 14850, dest: 13596, seq: 842451008, ack: 100, window: 1448, data: "e interesset.

T"...
9.366 Sent: b':\x025\x1c26\xc8@\x00\x00\x00dP\x00\x05\xa8\x00\x00\x00\x00e interesset.\n\nT'...
9.369 Received: b'5\x1c:\x02\x00\x00\x00c26\xcd\xe8P\x10\x05\xa8\x00\x00\x00\x00'
9.369 Disassembled: source: 13596, dest: 14850, seq: 99, ack: 842452456, window: 1448, ACK
9.369 Acknowledged seq: 842451008
9.370 Assembling: source: 14850, dest: 13596, seq: 842452456, ack: 100, window: 1448, data: "pro alia volutpa"...
9.370 Sent: b':\x025\x1c26\xcd\xe8\x00\x00\x00dP\x00\x05\xa8\x00\x00\x00\x00pro alia volutpa'...
9.372 Received: b'5\x1c:\x02\x00\x00\x00c26\xd3\x90P\x10\x05\xa8\x00\x00\x00\x00'
9.373 Disassembled: source: 13596, dest: 14850, seq: 99, ack: 842453904, window: 1448, ACK
9.373 Acknowledged seq: 842452456
9.373 Assembling: source: 14850, dest: 13596, seq: 842453904, ack: 100, window: 1448, data: " libris equidem "...
9.374 Sent: b':\x025\x1c26\xd3\x90\x00\x00\x00dP\x00\x05\xa8\x00\x00\x00\x00 libris equidem '...
9.376 Received: b'5\x1c:\x02\x00\x00\x00c26\xd98P\x10\x05\xa8\x00\x00\x00\x00'
9.376 Disassembled: source: 13596, dest: 14850, seq: 99, ack: 842455352, window: 1448, ACK
9.376 Acknowledged seq: 842453904
9.377 Assembling: source: 14850, dest: 13596, seq: 842455352, ack: 100, window: 1448, data: "uavitate volupta"...
9.377 Sent: b':\x025\x1c26\xd98\x00\x00\x00dP\x00\x05\xa8\x00\x00\x00\x00uavitate volupta'...
9.379 Received: b'5\x1c:\x02\x00\x00\x00c26\xde\xe0P\x10\x05\xa8\x00\x00\x00\x00'
9.379 Disassembled: source: 13596, dest: 14850, seq: 99, ack: 842456800, window: 1448, ACK
9.379 Acknowledged seq: 842455352
9.380 Assembling: source: 14850, dest: 13596, seq: 842456800, ack: 100, window: 1448, data: " Detraxit defini"...
9.380 Sent: b':\x025\x1c26\xde\xe0\x00\x00\x00dP\x00\x05\xa8\x00\x00\x00\x00 Detraxit defini'...
9.382 Received: b'5\x1c:\x02\x00\x00\x00c26\xe4\x88P\x10\x05\xa8\x00\x00\x00\x00'
9.383 Disassembled: source: 13596, dest: 14850, seq: 99, ack: 842458248, window: 1448, ACK
9.383 Acknowledged seq: 842456800
9.383 Assembling: source: 14850, dest: 13596, seq: 842458248, ack: 100, window: 1448, data: "aesent mei. Quo "...
9.384 Sent: b':\x025\x1c26\xe4\x88\x00\x00\x00dP\x00\x05\xa8\x00\x00\x00\x00aesent mei. Quo '...
9.385 Failed to receive packet
9.884 Sent: b':\x025\x1c26\xe4\x88\x00\x00\x00dP\x00\x05\xa8\x00\x00\x00\x00aesent mei. Quo '...
9.886 Received: b'5\x1c:\x02\x00\x00\x00c26\xea0P\x10\x05\xa8\x00\x00\x00\x00'
9.887 Disassembled: source: 13596, dest: 14850, seq: 99, ack: 842459696, window: 1448, ACK
9.887 Acknowledged seq: 842458248
9.888 Assembling: source: 14850, dest: 13596, seq: 842459696, ack: 100, window: 1448, data: "nterpretaris no "...
9.888 Sent: b':\x025\x1c26\xea0\x00\x00\x00dP\x00\x05\xa8\x00\x00\x00\x00nterpretaris no '...
9.891 Received: b'5\x1c:\x02\x00\x00\x00c26\xef\xd8P\x10\x05\xa8\x00\x00\x00\x00'
9.891 Disassembled: source: 13596, dest: 14850, seq: 99, ack: 842461144, window: 1448, ACK
9.891 Acknowledged seq: 842459696
9.892 Assembling: source: 14850, dest: 13596, seq: 842461144, ack: 100, window: 1448, data: "patrioque has. I"...
9.892 Sent: b':\x025\x1c26\xef\xd8\x00\x00\x00dP\x00\x05\xa8\x00\x00\x00\x00patrioque has. I'...
9.895 Received: b'5\x1c:\x02\x00\x00\x00c26\xf5\x80P\x10\x05\xa8\x00\x00\x00\x00'
9.896 Disassembled: source: 13596, dest: 14850, seq: 99, ack: 842462592, window: 1448, ACK
9.896 Acknowledged seq: 842461144
9.896 Assembling: source: 14850, dest: 13596, seq: 842462592, ack: 100, window: 1448, data: "ossit repudianda"...
9.897 Sent: b':\x025\x1c26\xf5\x80\x00\x00\x00dP\x00\x05\xa8\x00\x00\x00\x00ossit repudianda'...
9.898 Received: b'5\x1c:\x02\x00\x00\x00c26\xfb(P\x10\x05\xa8\x00\x00\x00\x00'
9.899 Disassembled: source: 13596, dest: 14850, seq: 99, ack: 842464040, window: 1448, ACK
9.899 Acknowledged seq: 842462592
9.899 Assembling: source: 14850, dest: 13596, seq: 842464040, ack: 100, window: 1448, data: "ora consequuntur"...
9.900 Sent: b':\x025\x1c26\xfb(\x00\x00\x00dP\x00\x05\xa8\x00\x00\x00\x00ora consequuntur'...
9.901 Received: b'5\x1c:\x02\x00\x00\x00c27\x00\xd0P\x10\x05\xa8\x00\x00\x00\x00'
9.902 Disassembled: source: 13596, dest: 14850, seq: 99, ack: 842465488, window: 1448, ACK
9.902 Acknowledged seq: 842464040
9.902 Assembling: source: 14850, dest: 13596, seq: 842465488, ack: 100, window: 1448, data: "ctus conceptam a"...
9.903 Sent: b':\x025\x1c27\x00\xd0\x00\x00\x00dP\x00\x05\xa8\x00\x00\x00\x00ctus conceptam a'...
9.904 Received: b'5\x1c:\x02\x00\x00\x00c27\x06xP\x10\x05\xa8\x00\x00\x00\x00'
9.905 Disassembled: source: 13596, dest: 14850, seq: 99, ack: 842466936, window: 1448, ACK
9.905 Acknowledged seq: 842465488
9.905 Assembling: source: 14850, dest: 13596, seq: 842466936, ack: 100, window: 1448, data: " aeterno te, ne "...
9.906 Sent: b':\x025\x1c27\x06x\x00\x00\x00dP\x00\x05\xa8\x00\x00\x00\x00 aeterno te, ne '...
9.908 Received: b'5\x1c:\x02\x00\x00\x00c27\x0c P\x10\x05\xa8\x00\x00\x00\x00'
9.908 Disassembled: source: 13596, dest: 14850, seq: 99, ack: 842468384, window: 1448, ACK
9.908 Acknowledged seq: 842466936
9.909 Assembling: source: 14850, dest: 13596, seq: 842468384, ack: 100, window: 1448, data: "imis oporteat di"...
9.909 Sent: b':\x025\x1c27\x0c \x00\x00\x00dP\x00\x05\xa8\x00\x00\x00\x00imis oporteat di'...
9.911 Failed to receive packet
10.409 Sent: b':\x025\x1c27\x0c \x00\x00\x00dP\x00\x05\xa8\x00\x00\x00\x00imis oporteat di'...
10.412 Received: b'5\x1c:\x02\x00\x00\x00c27\x11\xc8P\x10\x05\xa8\x00\x00\x00\x00'
10.412 Disassembled: source: 13596, dest: 14850, seq: 99, ack: 842469832, window: 1448, ACK
10.413 Acknowledged seq: 842468384
10.413 Assembling: source: 14850, dest: 13596, seq: 842469832, ack: 100, window: 1448, data: "re. Has virtute "...
10.413 Sent: b':\x025\x1c27\x11\xc8\x00\x00\x00dP\x00\x05\xa8\x00\x00\x00\x00re. Has virtute '...
10.416 Failed to receive packet
10.914 Sent: b':\x025\x1c27\x11\xc8\x00\x00\x00dP\x00\x05\xa8\x00\x00\x00\x00re. Has virtute '...
10.916 Received: b'5\x1c:\x02\x00\x00\x00c27\x17pP\x10\x05\xa8\x00\x00\x00\x00'
10.917 Disassembled: source: 13596, dest: 14850, seq: 99, ack: 842471280, window: 1448, ACK
10.917 Acknowledged seq: 842469832
10.917 Assembling: source: 14850, dest: 13596, seq: 842471280, ack: 100, window: 1448, data: " eum ancillae no"...
10.918 Sent: b':\x025\x1c27\x17p\x00\x00\x00dP\x00\x05\xa8\x00\x00\x00\x00 eum ancillae no'...
10.921 Received: b'5\x1c:\x02\x00\x00\x00c27\x1d\x18P\x10\x05\xa8\x00\x00\x00\x00'
10.921 Disassembled: source: 13596, dest: 14850, seq: 99, ack: 842472728, window: 1448, ACK
10.921 Acknowledged seq: 842471280
10.922 Assembling: source: 14850, dest: 13596, seq: 842472728, ack: 100, window: 1448, data: "ppareat ius. At "...
10.922 Sent: b':\x025\x1c27\x1d\x18\x00\x00\x00dP\x00\x05\xa8\x00\x00\x00\x00ppareat ius. At '...
10.925 Failed to receive packet
11.423 Sent: b':\x025\x1c27\x1d\x18\x00\x00\x00dP\x00\x05\xa8\x00\x00\x00\x00ppareat ius. At '...
11.425 Received: b'5\x1c:\x02\x00\x00\x00c27"\xc0P\x10\x05\xa8\x00\x00\x00\x00'
11.426 Disassembled: source: 13596, dest: 14850, seq: 99, ack: 842474176, window: 1448, ACK
11.426 Acknowledged seq: 842472728
11.426 Assembling: source: 14850, dest: 13596, seq: 842474176, ack: 100, window: 1448, data: ", vero appellant"...
11.427 Sent: b':\x025\x1c27"\xc0\x00\x00\x00dP\x00\x05\xa8\x00\x00\x00\x00, vero appellant'...
11.430 Received: b'5\x1c:\x02\x00\x00\x00c27(hP\x10\x05\xa8\x00\x00\x00\x00'
11.430 Disassembled: source: 13596, dest: 14850, seq: 99, ack: 842475624, window: 1448, ACK
11.430 Acknowledged seq: 842474176
11.431 Assembling: source: 14850, dest: 13596, seq: 842475624, ack: 100, window: 1448, data: "ibo quando copio"...
11.431 Sent: b':\x025\x1c27(h\x00\x00\x00dP\x00\x05\xa8\x00\x00\x00\x00ibo quando copio'...
11.434 Received: b'5\x1c:\x02\x00\x00\x00c27.\x10P\x10\x05\xa8\x00\x00\x00\x00'
11.434 Disassembled: source: 13596, dest: 14850, seq: 99, ack: 842477072, window: 1448, ACK
11.434 Acknowledged seq: 842475624
11.435 Assembling: source: 14850, dest: 13596, seq: 842477072, ack: 100, window: 1448, data: " maluisset. Sit "...
11.435 Sent: b':\x025\x1c27.\x10\x00\x00\x00dP\x00\x05\xa8\x00\x00\x00\x00 maluisset. Sit '...
11.438 Received: b'5\x1c:\x02\x00\x00\x00c273\xb8P\x10\x05\xa8\x00\x00\x00\x00'
11.438 Disassembled: source: 13596, dest: 14850, seq: 99, ack: 842478520, window: 1448, ACK
11.439 Acknowledged seq: 842477072
11.439 Assembling: source: 14850, dest: 13596, seq: 842478520, ack: 100, window: 1448, data: "e ceteros albuci"...
11.439 Sent: b':\x025\x1c273\xb8\x00\x00\x00dP\x00\x05\xa8\x00\x00\x00\x00e ceteros albuci'...
11.441 Received: b'5\x1c:\x02\x00\x00\x00c279`P\x10\x05\xa8\x00\x00\x00\x00'
11.442 Disassembled: source: 13596, dest: 14850, seq: 99, ack: 842479968, window: 1448, ACK
11.442 Acknowledged seq: 842478520
11.442 Assembling: source: 14850, dest: 13596, seq: 842479968, ack: 100, window: 1448, data: "complectitur sea"...
11.443 Sent: b':\x025\x1c279`\x00\x00\x00dP\x00\x05\xa8\x00\x00\x00\x00complectitur sea'...
11.444 Failed to receive packet
11.943 Sent: b':\x025\x1c279`\x00\x00\x00dP\x00\x05\xa8\x00\x00\x00\x00complectitur sea'...
11.946 Received: b'5\x1c:\x02\x00\x00\x00c27?\x08P\x10\x05\xa8\x00\x00\x00\x00'
11.946 Disassembled: source: 13596, dest: 14850, seq: 99, ack: 842481416, window: 1448, ACK
11.946 Acknowledged seq: 842479968
11.947 Finished reading file
11.947 Assembling: source: 14850, dest: 13596, seq: 842481416, ack: 100, window: 1448, data: "tempor ex ius. E"...
11.947 Sent: b':\x025\x1c27?\x08\x00\x00\x00dP\x00\x05\xa8\x00\x00\x00\x00tempor ex ius. E'...
11.950 Received: b'5\x1c:\x02\x00\x00\x00c27?fP\x10\x05\xa8\x00\x00\x00\x00'
11.950 Disassembled: source: 13596, dest: 14850, seq: 99, ack: 842481510, window: 1448, ACK
11.951 Acknowledged seq: 842481416
11.951 Assembling: source: 14850, dest: 13596, seq: 842481510, ack: 100, window: 1448, ACK, FIN
11.951 Sent: b':\x025\x1c27?f\x00\x00\x00dP\x11\x05\xa8\x00\x00\x00\x00'
11.954 Received: b'5\x1c:\x02\x00\x00\x00c27?gP\x10\x05\xa8\x00\x00\x00\x00'
11.955 Disassembled: source: 13596, dest: 14850, seq: 99, ack: 842481511, window: 1448, ACK
11.955 FIN accepted; sending final packet
11.955 Assembling: source: 14850, dest: 13596, seq: 842481511, ack: 100, window: 1448, ACK
11.955 Sent: b':\x025\x1c27?g\x00\x00\x00dP\x10\x05\xa8\x00\x00\x00\x00'
11.955 Closed connection
11.956 Shutting down
