0.000 NEW RUN: Server, TEST: Read_file__Empty
0.081 Received: b'\x91`\xcb*\x00\x00\x00O\x00\x00\x00\x00P\x02\x05\xa8\x00\x00\x00\x00'
0.082 Disassembled: source: 37216, dest: 52010, seq: 79, window: 1448, SYN
0.082 SYN accepted; new connection: 127.0.0.1 on port 37216
0.083 Assembling: source: 52010, dest: 37216, seq: 764650270, ack: 80, window: 1448, ACK, SYN
0.083 Sent: b'\xcb*\x91`-\x93\xa3\x1e\x00\x00\x00PP\x12\x05\xa8\x00\x00\x00\x00'
0.086 Received: b'\x91`\xcb*\x00\x00\x00P-\x93\xa3\x1fP\x10\x05\xa8\x00\x00\x00\x00'
0.087 Disassembled: source: 37216, dest: 52010, seq: 80, ack: 764650271, window: 1448, ACK
0.087 Handshake complete
0.087 Acknowledged seq: 764650270
0.087 Finished reading file
0.087 Assembling: source: 52010, dest: 37216, seq: 764650271, ack: 81, window: 1448, ACK, FIN
0.088 Sent: b'\xcb*\x91`-\x93\xa3\x1f\x00\x00\x00QP\x11\x05\xa8\x00\x00\x00\x00'
0.090 Received: b'\x91`\xcb*\x00\x00\x00P-\x93\xa3 P\x10\x05\xa8\x00\x00\x00\x00'
0.091 Disassembled: source: 37216, dest: 52010, seq: 80, ack: 764650272, window: 1448, ACK
0.091 FIN accepted; sending final packet
0.091 Assembling: source: 52010, dest: 37216, seq: 764650272, ack: 81, window: 1448, ACK
0.092 Sent: b'\xcb*\x91`-\x93\xa3 \x00\x00\x00QP\x10\x05\xa8\x00\x00\x00\x00'
0.092 Closed connection
0.092 Shutting down
