0.000 NEW RUN: Server, TEST: Write_file__Latency
0.082 Received: b'\xe7\xeaW\xee\x00\x00\x004\x00\x00\x00\x00P\x02\x05\xa8\x00\x00\x00\x00'
0.083 Disassembled: source: 59370, dest: 22510, seq: 52, window: 1448, SYN
0.083 SYN accepted; new connection: 127.0.0.1 on port 59370
0.084 Assembling: source: 22510, dest: 59370, seq: 902264611, ack: 53, window: 5808, ACK, SYN
0.084 Sent: b'W\xee\xe7\xea5\xc7w#\x00\x00\x005P\x12\x16\xb0\x00\x00\x00\x00'
0.585 Sent: b'W\xee\xe7\xea5\xc7w#\x00\x00\x005P\x12\x16\xb0\x00\x00\x00\x00'
1.085 Sent: b'W\xee\xe7\xea5\xc7w#\x00\x00\x005P\x12\x16\xb0\x00\x00\x00\x00'
1.089 Received: b'\xe7\xeaW\xee\x00\x00\x0055\xc7w$P\x10\x16\xb0\x00\x00\x00\x00'
1.089 Disassembled: source: 59370, dest: 22510, seq: 53, ack: 902264612, window: 5808, ACK
1.089 Assembling: source: 22510, dest: 59370, seq: 902264612, ack: 53, window: 5808, ACK
1.090 Sent: b'W\xee\xe7\xea5\xc7w$\x00\x00\x005P\x10\x16\xb0\x00\x00\x00\x00'
1.091 Received: b'\xe7\xeaW\xee\x00\x00\x0055\xc7w$P\x10\x16\xb0\x00\x00\x00\x00Lorem ipsum dolo'...
1.091 Disassembled: source: 59370, dest: 22510, seq: 53, ack: 902264612, window: 5808, ACK, data: "Lorem ipsum dolo"...
1.092 Handshake complete
1.092 Data accepted; writing to file
1.092 Assembling: source: 22510, dest: 59370, seq: 902264612, ack: 1501, window: 5808, ACK
1.092 Sent: b'W\xee\xe7\xea5\xc7w$\x00\x00\x05\xddP\x10\x16\xb0\x00\x00\x00\x00'
1.589 Received: b'\xe7\xeaW\xee\x00\x00\x0055\xc7w$P\x10\x16\xb0\x00\x00\x00\x00Lorem ipsum dolo'...
1.590 Disassembled: source: 59370, dest: 22510, seq: 53, ack: 902264612, window: 5808, ACK, data: "Lorem ipsum dolo"...
1.590 Old data; ignoring
1.593 Sent: b'W\xee\xe7\xea5\xc7w$\x00\x00\x05\xddP\x10\x16\xb0\x00\x00\x00\x00'
2.090 Received: b'\xe7\xeaW\xee\x00\x00\x0055\xc7w$P\x10\x16\xb0\x00\x00\x00\x00Lorem ipsum dolo'...
2.090 Disassembled: source: 59370, dest: 22510, seq: 53, ack: 902264612, window: 5808, ACK, data: "Lorem ipsum dolo"...
2.090 Old data; ignoring
2.094 Sent: b'W\xee\xe7\xea5\xc7w$\x00\x00\x05\xddP\x10\x16\xb0\x00\x00\x00\x00'
2.094 Received: b'\xe7\xeaW\xee\x00\x00\x0055\xc7w$P\x10\x16\xb0\x00\x00\x00\x00Lorem ipsum dolo'...
2.095 Disassembled: source: 59370, dest: 22510, seq: 53, ack: 902264612, window: 5808, ACK, data: "Lorem ipsum dolo"...
2.095 Old data; ignoring
2.097 Received: b'\xe7\xeaW\xee\x00\x00\x05\xdd5\xc7w$P\x00\x16\xb0\x00\x00\x00\x00mprehensam nam, '...
2.098 Disassembled: source: 59370, dest: 22510, seq: 1501, ack: 902264612, window: 5808, data: "mprehensam nam, "...
2.098 Data accepted; writing to file
2.098 Assembling: source: 22510, dest: 59370, seq: 902264612, ack: 2949, window: 5808, ACK
2.098 Sent: b'W\xee\xe7\xea5\xc7w$\x00\x00\x0b\x85P\x10\x16\xb0\x00\x00\x00\x00'
2.597 Received: b'\xe7\xeaW\xee\x00\x00\x05\xdd5\xc7w$P\x00\x16\xb0\x00\x00\x00\x00mprehensam nam, '...
2.598 Disassembled: source: 59370, dest: 22510, seq: 1501, ack: 902264612, window: 5808, data: "mprehensam nam, "...
2.598 Old data; ignoring
2.599 Sent: b'W\xee\xe7\xea5\xc7w$\x00\x00\x0b\x85P\x10\x16\xb0\x00\x00\x00\x00'
3.098 Received: b'\xe7\xeaW\xee\x00\x00\x05\xdd5\xc7w$P\x00\x16\xb0\x00\x00\x00\x00mprehensam nam, '...
3.098 Disassembled: source: 59370, dest: 22510, seq: 1501, ack: 902264612, window: 5808, data: "mprehensam nam, "...
3.099 Old data; ignoring
3.100 Sent: b'W\xee\xe7\xea5\xc7w$\x00\x00\x0b\x85P\x10\x16\xb0\x00\x00\x00\x00'
3.103 Received: b'\xe7\xeaW\xee\x00\x00\x0b\x855\xc7w$P\x00\x16\xb0\x00\x00\x00\x00ilisi repudiare '...
3.103 Disassembled: source: 59370, dest: 22510, seq: 2949, ack: 902264612, window: 5808, data: "ilisi repudiare "...
3.103 Data accepted; writing to file
3.103 Assembling: source: 22510, dest: 59370, seq: 902264612, ack: 3296, window: 5808, ACK
3.104 Sent: b'W\xee\xe7\xea5\xc7w$\x00\x00\x0c\xe0P\x10\x16\xb0\x00\x00\x00\x00'
3.603 Received: b'\xe7\xeaW\xee\x00\x00\x0b\x855\xc7w$P\x00\x16\xb0\x00\x00\x00\x00ilisi repudiare '...
3.604 Disassembled: source: 59370, dest: 22510, seq: 2949, ack: 902264612, window: 5808, data: "ilisi repudiare "...
3.604 Old data; ignoring
3.605 Sent: b'W\xee\xe7\xea5\xc7w$\x00\x00\x0c\xe0P\x10\x16\xb0\x00\x00\x00\x00'
4.103 Received: b'\xe7\xeaW\xee\x00\x00\x0b\x855\xc7w$P\x00\x16\xb0\x00\x00\x00\x00ilisi repudiare '...
4.104 Disassembled: source: 59370, dest: 22510, seq: 2949, ack: 902264612, window: 5808, data: "ilisi repudiare "...
4.104 Old data; ignoring
4.105 Sent: b'W\xee\xe7\xea5\xc7w$\x00\x00\x0c\xe0P\x10\x16\xb0\x00\x00\x00\x00'
4.606 Sent: b'W\xee\xe7\xea5\xc7w$\x00\x00\x0c\xe0P\x10\x16\xb0\x00\x00\x00\x00'
5.106 Sent: b'W\xee\xe7\xea5\xc7w$\x00\x00\x0c\xe0P\x10\x16\xb0\x00\x00\x00\x00'
5.607 Error: Connection timed out
5.607 Closed connection
6.106 Shutting down
