0.000 NEW RUN: Server, TEST: Write_file__Large_multi-packet
0.079 Received: b'q-\x15%\x00\x00\x00\x1b\x00\x00\x00\x00P\x02\x05\xa8\x00\x00\x00\x00'
0.080 Disassembled: source: 28973, dest: 5413, seq: 27, window: 1448, SYN
0.081 SYN accepted; new connection: 127.0.0.1 on port 28973
0.081 Assembling: source: 5413, dest: 28973, seq: 819242177, ack: 28, window: 5808, ACK, SYN
0.081 Sent: b'\x15%q-0\xd4\xa4\xc1\x00\x00\x00\x1cP\x12\x16\xb0\x00\x00\x00\x00'
0.083 Received: b'q-\x15%\x00\x00\x00\x1c0\xd4\xa4\xc2P\x10\x16\xb0\x00\x00\x00\x00'
0.084 Disassembled: source: 28973, dest: 5413, seq: 28, ack: 819242178, window: 5808, ACK
0.084 Assembling: source: 5413, dest: 28973, seq: 819242178, ack: 28, window: 5808, ACK
0.084 Received: b'q-\x15%\x00\x00\x00\x1c0\xd4\xa4\xc2P\x10\x16\xb0\x00\x00\x00\x00Lorem ipsum dolo'...
0.084 Sent: b'\x15%q-0\xd4\xa4\xc2\x00\x00\x00\x1cP\x10\x16\xb0\x00\x00\x00\x00'
0.085 Disassembled: source: 28973, dest: 5413, seq: 28, ack: 819242178, window: 5808, ACK, data: "Lorem ipsum dolo"...
0.085 Handshake complete
0.085 Data accepted; writing to file
0.085 Assembling: source: 5413, dest: 28973, seq: 819242178, ack: 1476, window: 5808, ACK
0.086 Sent: b'\x15%q-0\xd4\xa4\xc2\x00\x00\x05\xc4P\x10\x16\xb0\x00\x00\x00\x00'
0.086 Received: b'q-\x15%\x00\x00\x00\x1c0\xd4\xa4\xc2P\x10\x16\xb0\x00\x00\x00\x00Lorem ipsum dolo'...
0.087 Disassembled: source: 28973, dest: 5413, seq: 28, ack: 819242178, window: 5808, ACK, data: "Lorem ipsum dolo"...
0.087 Old data; ignoring
0.087 Received: b'q-\x15%\x00\x00\x05\xc40\xd4\xa4\xc2P\x00\x16\xb0\x00\x00\x00\x00mprehensam nam, '...
0.088 Disassembled: source: 28973, dest: 5413, seq: 1476, ack: 819242178, window: 5808, data: "mprehensam nam, "...
0.088 Data accepted; writing to file
0.088 Assembling: source: 5413, dest: 28973, seq: 819242178, ack: 2924, window: 5808, ACK
0.089 Sent: b'\x15%q-0\xd4\xa4\xc2\x00\x00\x0blP\x10\x16\xb0\x00\x00\x00\x00'
0.090 Received: b'q-\x15%\x00\x00\x0bl0\xd4\xa4\xc2P\x00\x16\xb0\x00\x00\x00\x00ilisi repudiare '...
0.091 Disassembled: source: 28973, dest: 5413, seq: 2924, ack: 819242178, window: 5808, data: "ilisi repudiare "...
0.091 Data accepted; writing to file
0.091 Assembling: source: 5413, dest: 28973, seq: 819242178, ack: 4372, window: 5808, ACK
0.091 Sent: b'\x15%q-0\xd4\xa4\xc2\x00\x00\x11\x14P\x10\x16\xb0\x00\x00\x00\x00'
0.093 Received: b'q-\x15%\x00\x00\x11\x140\xd4\xa4\xc2P\x00\x16\xb0\x00\x00\x00\x00ta.\n\nEt essent s'...
0.093 Disassembled: source: 28973, dest: 5413, seq: 4372, ack: 819242178, window: 5808, data: "ta.

Et essent s"...
0.093 Data accepted; writing to file
0.093 Assembling: source: 5413, dest: 28973, seq: 819242178, ack: 5820, window: 5808, ACK
0.094 Sent: b'\x15%q-0\xd4\xa4\xc2\x00\x00\x16\xbcP\x10\x16\xb0\x00\x00\x00\x00'
0.095 Received: b'q-\x15%\x00\x00\x16\xbc0\xd4\xa4\xc2P\x00\x16\xb0\x00\x00\x00\x00 Nihil tractatos'...
0.095 Disassembled: source: 28973, dest: 5413, seq: 5820, ack: 819242178, window: 5808, data: " Nihil tractatos"...
0.096 Data accepted; writing to file
0.096 Assembling: source: 5413, dest: 28973, seq: 819242178, ack: 7268, window: 5808, ACK
0.096 Sent: b'\x15%q-0\xd4\xa4\xc2\x00\x00\x1cdP\x10\x16\xb0\x00\x00\x00\x00'
0.098 Received: b'q-\x15%\x00\x00\x1cd0\xd4\xa4\xc2P\x00\x16\xb0\x00\x00\x00\x00fert iuvaret sap'...
0.098 Disassembled: source: 28973, dest: 5413, seq: 7268, ack: 819242178, window: 5808, data: "fert iuvaret sap"...
0.098 Data accepted; writing to file
0.098 Assembling: source: 5413, dest: 28973, seq: 819242178, ack: 8716, window: 5808, ACK
0.099 Sent: b'\x15%q-0\xd4\xa4\xc2\x00\x00"\x0cP\x10\x16\xb0\x00\x00\x00\x00'
0.100 Received: b'q-\x15%\x00\x00"\x0c0\xd4\xa4\xc2P\x00\x16\xb0\x00\x00\x00\x00ram adipiscing, '...
0.100 Disassembled: source: 28973, dest: 5413, seq: 8716, ack: 819242178, window: 5808, data: "ram adipiscing, "...
0.101 Data accepted; writing to file
0.101 Assembling: source: 5413, dest: 28973, seq: 819242178, ack: 10164, window: 5808, ACK
0.101 Sent: b"\x15%q-0\xd4\xa4\xc2\x00\x00'\xb4P\x10\x16\xb0\x00\x00\x00\x00"
0.103 Received: b"q-\x15%\x00\x00'\xb40\xd4\xa4\xc2P\x00\x16\xb0\x00\x00\x00\x00m veritus vivend"...
0.103 Disassembled: source: 28973, dest: 5413, seq: 10164, ack: 819242178, window: 5808, data: "m veritus vivend"...
0.103 Data accepted; writing to file
0.103 Assembling: source: 5413, dest: 28973, seq: 819242178, ack: 11612, window: 5808, ACK
0.103 Sent: b'\x15%q-0\xd4\xa4\xc2\x00\x00-\\P\x10\x16\xb0\x00\x00\x00\x00'
0.105 Received: b'q-\x15%\x00\x00-\\0\xd4\xa4\xc2P\x00\x16\xb0\x00\x00\x00\x00 delenit, ignota'...
0.105 Disassembled: source: 28973, dest: 5413, seq: 11612, ack: 819242178, window: 5808, data: " delenit, ignota"...
0.106 Data accepted; writing to file
0.106 Assembling: source: 5413, dest: 28973, seq: 819242178, ack: 13060, window: 5808, ACK
0.106 Sent: b'\x15%q-0\xd4\xa4\xc2\x00\x003\x04P\x10\x16\xb0\x00\x00\x00\x00'
0.108 Received: b'q-\x15%\x00\x003\x040\xd4\xa4\xc2P\x00\x16\xb0\x00\x00\x00\x00se explicari des'...
0.108 Disassembled: source: 28973, dest: 5413, seq: 13060, ack: 819242178, window: 5808, data: "se explicari des"...
0.108 Data accepted; writing to file
0.108 Assembling: source: 5413, dest: 28973, seq: 819242178, ack: 14508, window: 5808, ACK
0.109 Sent: b'\x15%q-0\xd4\xa4\xc2\x00\x008\xacP\x10\x16\xb0\x00\x00\x00\x00'
0.110 Received: b'q-\x15%\x00\x008\xac0\xd4\xa4\xc2P\x00\x16\xb0\x00\x00\x00\x00piscing, in modo'...
0.111 Disassembled: source: 28973, dest: 5413, seq: 14508, ack: 819242178, window: 5808, data: "piscing, in modo"...
0.111 Data accepted; writing to file
0.111 Assembling: source: 5413, dest: 28973, seq: 819242178, ack: 15956, window: 5808, ACK
0.112 Sent: b'\x15%q-0\xd4\xa4\xc2\x00\x00>TP\x10\x16\xb0\x00\x00\x00\x00'
0.113 Received: b'q-\x15%\x00\x00>T0\xd4\xa4\xc2P\x00\x16\xb0\x00\x00\x00\x00o copiosae tacim'...
0.114 Disassembled: source: 28973, dest: 5413, seq: 15956, ack: 819242178, window: 5808, data: "o copiosae tacim"...
0.114 Data accepted; writing to file
0.114 Assembling: source: 5413, dest: 28973, seq: 819242178, ack: 17404, window: 5808, ACK
0.114 Sent: b'\x15%q-0\xd4\xa4\xc2\x00\x00C\xfcP\x10\x16\xb0\x00\x00\x00\x00'
0.116 Received: b'q-\x15%\x00\x00C\xfc0\xd4\xa4\xc2P\x00\x16\xb0\x00\x00\x00\x00am. Pri ne antio'...
0.117 Disassembled: source: 28973, dest: 5413, seq: 17404, ack: 819242178, window: 5808, data: "am. Pri ne antio"...
0.117 Data accepted; writing to file
0.117 Assembling: source: 5413, dest: 28973, seq: 819242178, ack: 18852, window: 5808, ACK
0.117 Sent: b'\x15%q-0\xd4\xa4\xc2\x00\x00I\xa4P\x10\x16\xb0\x00\x00\x00\x00'
0.119 Received: b'q-\x15%\x00\x00I\xa40\xd4\xa4\xc2P\x00\x16\xb0\x00\x00\x00\x00to no. Elitr pos'...
0.120 Disassembled: source: 28973, dest: 5413, seq: 18852, ack: 819242178, window: 5808, data: "to no. Elitr pos"...
0.120 Data accepted; writing to file
0.120 Assembling: source: 5413, dest: 28973, seq: 819242178, ack: 20300, window: 5808, ACK
0.121 Sent: b'\x15%q-0\xd4\xa4\xc2\x00\x00OLP\x10\x16\xb0\x00\x00\x00\x00'
0.122 Received: b'q-\x15%\x00\x00OL0\xd4\xa4\xc2P\x00\x16\xb0\x00\x00\x00\x00pretaris, sea ex'...
0.123 Disassembled: source: 28973, dest: 5413, seq: 20300, ack: 819242178, window: 5808, data: "pretaris, sea ex"...
0.123 Data accepted; writing to file
0.123 Assembling: source: 5413, dest: 28973, seq: 819242178, ack: 21748, window: 5808, ACK
0.124 Sent: b'\x15%q-0\xd4\xa4\xc2\x00\x00T\xf4P\x10\x16\xb0\x00\x00\x00\x00'
0.125 Received: b'q-\x15%\x00\x00T\xf40\xd4\xa4\xc2P\x00\x16\xb0\x00\x00\x00\x00oporteat inimicu'...
0.126 Disassembled: source: 28973, dest: 5413, seq: 21748, ack: 819242178, window: 5808, data: "oporteat inimicu"...
0.126 Data accepted; writing to file
0.126 Assembling: source: 5413, dest: 28973, seq: 819242178, ack: 23196, window: 5808, ACK
0.127 Sent: b'\x15%q-0\xd4\xa4\xc2\x00\x00Z\x9cP\x10\x16\xb0\x00\x00\x00\x00'
0.128 Received: b'q-\x15%\x00\x00Z\x9c0\xd4\xa4\xc2P\x00\x16\xb0\x00\x00\x00\x00ligendi officiis'...
0.129 Disassembled: source: 28973, dest: 5413, seq: 23196, ack: 819242178, window: 5808, data: "ligendi officiis"...
0.129 Data accepted; writing to file
0.129 Assembling: source: 5413, dest: 28973, seq: 819242178, ack: 24644, window: 5808, ACK
0.130 Sent: b'\x15%q-0\xd4\xa4\xc2\x00\x00`DP\x10\x16\xb0\x00\x00\x00\x00'
0.131 Received: b'q-\x15%\x00\x00`D0\xd4\xa4\xc2P\x00\x16\xb0\x00\x00\x00\x00no vel regione i'...
0.132 Disassembled: source: 28973, dest: 5413, seq: 24644, ack: 819242178, window: 5808, data: "no vel regione i"...
0.132 Data accepted; writing to file
0.132 Assembling: source: 5413, dest: 28973, seq: 819242178, ack: 26092, window: 5808, ACK
0.132 Sent: b'\x15%q-0\xd4\xa4\xc2\x00\x00e\xecP\x10\x16\xb0\x00\x00\x00\x00'
0.134 Received: b'q-\x15%\x00\x00e\xec0\xd4\xa4\xc2P\x00\x16\xb0\x00\x00\x00\x00ibus vis ex, pro'...
0.135 Disassembled: source: 28973, dest: 5413, seq: 26092, ack: 819242178, window: 5808, data: "ibus vis ex, pro"...
0.135 Data accepted; writing to file
0.135 Assembling: source: 5413, dest: 28973, seq: 819242178, ack: 27540, window: 5808, ACK
0.135 Sent: b'\x15%q-0\xd4\xa4\xc2\x00\x00k\x94P\x10\x16\xb0\x00\x00\x00\x00'
0.137 Received: b'q-\x15%\x00\x00k\x940\xd4\xa4\xc2P\x00\x16\xb0\x00\x00\x00\x00o vix, mel ea li'...
0.138 Disassembled: source: 28973, dest: 5413, seq: 27540, ack: 819242178, window: 5808, data: "o vix, mel ea li"...
0.138 Data accepted; writing to file
0.138 Assembling: source: 5413, dest: 28973, seq: 819242178, ack: 28988, window: 5808, ACK
0.138 Sent: b'\x15%q-0\xd4\xa4\xc2\x00\x00q<P\x10\x16\xb0\x00\x00\x00\x00'
0.140 Received: b'q-\x15%\x00\x00q<0\xd4\xa4\xc2P\x00\x16\xb0\x00\x00\x00\x00d. Ex fugit suav'...
0.140 Disassembled: source: 28973, dest: 5413, seq: 28988, ack: 819242178, window: 5808, data: "d. Ex fugit suav"...
0.141 Data accepted; writing to file
0.141 Assembling: source: 5413, dest: 28973, seq: 819242178, ack: 30436, window: 5808, ACK
0.141 Sent: b'\x15%q-0\xd4\xa4\xc2\x00\x00v\xe4P\x10\x16\xb0\x00\x00\x00\x00'
0.143 Received: b'q-\x15%\x00\x00v\xe40\xd4\xa4\xc2P\x00\x16\xb0\x00\x00\x00\x00pertinax nec. De'...
0.143 Disassembled: source: 28973, dest: 5413, seq: 30436, ack: 819242178, window: 5808, data: "pertinax nec. De"...
0.143 Data accepted; writing to file
0.144 Assembling: source: 5413, dest: 28973, seq: 819242178, ack: 31884, window: 5808, ACK
0.144 Sent: b'\x15%q-0\xd4\xa4\xc2\x00\x00|\x8cP\x10\x16\xb0\x00\x00\x00\x00'
0.146 Received: b'q-\x15%\x00\x00|\x8c0\xd4\xa4\xc2P\x00\x16\xb0\x00\x00\x00\x00lli primis praes'...
0.146 Disassembled: source: 28973, dest: 5413, seq: 31884, ack: 819242178, window: 5808, data: "lli primis praes"...
0.146 Data accepted; writing to file
0.147 Assembling: source: 5413, dest: 28973, seq: 819242178, ack: 33332, window: 5808, ACK
0.147 Sent: b'\x15%q-0\xd4\xa4\xc2\x00\x00\x824P\x10\x16\xb0\x00\x00\x00\x00'
0.149 Received: b'q-\x15%\x00\x00\x8240\xd4\xa4\xc2P\x00\x16\xb0\x00\x00\x00\x00m, percipit inte'...
0.149 Disassembled: source: 28973, dest: 5413, seq: 33332, ack: 819242178, window: 5808, data: "m, percipit inte"...
0.149 Data accepted; writing to file
0.150 Assembling: source: 5413, dest: 28973, seq: 819242178, ack: 34780, window: 5808, ACK
0.150 Sent: b'\x15%q-0\xd4\xa4\xc2\x00\x00\x87\xdcP\x10\x16\xb0\x00\x00\x00\x00'
0.152 Received: b'q-\x15%\x00\x00\x87\xdc0\xd4\xa4\xc2P\x00\x16\xb0\x00\x00\x00\x00nani docendi pat'...
0.152 Disassembled: source: 28973, dest: 5413, seq: 34780, ack: 819242178, window: 5808, data: "nani docendi pat"...
0.152 Data accepted; writing to file
0.153 Assembling: source: 5413, dest: 28973, seq: 819242178, ack: 36228, window: 5808, ACK
0.153 Sent: b'\x15%q-0\xd4\xa4\xc2\x00\x00\x8d\x84P\x10\x16\xb0\x00\x00\x00\x00'
0.155 Received: b'q-\x15%\x00\x00\x8d\x840\xd4\xa4\xc2P\x00\x16\xb0\x00\x00\x00\x00 vis decore poss'...
0.155 Disassembled: source: 28973, dest: 5413, seq: 36228, ack: 819242178, window: 5808, data: " vis decore poss"...
0.155 Data accepted; writing to file
0.156 Assembling: source: 5413, dest: 28973, seq: 819242178, ack: 37676, window: 5808, ACK
0.156 Sent: b'\x15%q-0\xd4\xa4\xc2\x00\x00\x93,P\x10\x16\xb0\x00\x00\x00\x00'
0.158 Received: b'q-\x15%\x00\x00\x93,0\xd4\xa4\xc2P\x00\x16\xb0\x00\x00\x00\x00eam odio corpora'...
0.158 Disassembled: source: 28973, dest: 5413, seq: 37676, ack: 819242178, window: 5808, data: "eam odio corpora"...
0.158 Data accepted; writing to file
0.159 Assembling: source: 5413, dest: 28973, seq: 819242178, ack: 39124, window: 5808, ACK
0.159 Sent: b'\x15%q-0\xd4\xa4\xc2\x00\x00\x98\xd4P\x10\x16\xb0\x00\x00\x00\x00'
0.161 Received: b'q-\x15%\x00\x00\x98\xd40\xd4\xa4\xc2P\x00\x16\xb0\x00\x00\x00\x00 est. Usu sanctu'...
0.161 Disassembled: source: 28973, dest: 5413, seq: 39124, ack: 819242178, window: 5808, data: " est. Usu sanctu"...
0.161 Data accepted; writing to file
0.161 Assembling: source: 5413, dest: 28973, seq: 819242178, ack: 40572, window: 5808, ACK
0.162 Sent: b'\x15%q-0\xd4\xa4\xc2\x00\x00\x9e|P\x10\x16\xb0\x00\x00\x00\x00'
0.164 Received: b'q-\x15%\x00\x00\x9e|0\xd4\xa4\xc2P\x00\x16\xb0\x00\x00\x00\x00.\n\nMei graeco ae'...
0.164 Disassembled: source: 28973, dest: 5413, seq: 40572, ack: 819242178, window: 5808, data: ".

Mei graeco ae"...
0.164 Data accepted; writing to file
0.164 Assembling: source: 5413, dest: 28973, seq: 819242178, ack: 42020, window: 5808, ACK
0.165 Sent: b'\x15%q-0\xd4\xa4\xc2\x00\x00\xa4$P\x10\x16\xb0\x00\x00\x00\x00'
0.166 Received: b'q-\x15%\x00\x00\xa4$0\xd4\xa4\xc2P\x00\x16\xb0\x00\x00\x00\x00et. Ne sea primi'...
0.167 Disassembled: source: 28973, dest: 5413, seq: 42020, ack: 819242178, window: 5808, data: "et. Ne sea primi"...
0.167 Data accepted; writing to file
0.167 Assembling: source: 5413, dest: 28973, seq: 819242178, ack: 43468, window: 5808, ACK
0.167 Sent: b'\x15%q-0\xd4\xa4\xc2\x00\x00\xa9\xccP\x10\x16\xb0\x00\x00\x00\x00'
0.169 Received: b'q-\x15%\x00\x00\xa9\xcc0\xd4\xa4\xc2P\x00\x16\xb0\x00\x00\x00\x00ittam convenire.'...
0.170 Disassembled: source: 28973, dest: 5413, seq: 43468, ack: 819242178, window: 5808, data: "ittam convenire."...
0.170 Data accepted; writing to file
0.170 Assembling: source: 5413, dest: 28973, seq: 819242178, ack: 44916, window: 5808, ACK
0.170 Sent: b'\x15%q-0\xd4\xa4\xc2\x00\x00\xaftP\x10\x16\xb0\x00\x00\x00\x00'
0.172 Received: b'q-\x15%\x00\x00\xaft0\xd4\xa4\xc2P\x00\x16\xb0\x00\x00\x00\x00ua et vis, id eu'...
0.173 Disassembled: source: 28973, dest: 5413, seq: 44916, ack: 819242178, window: 5808, data: "ua et vis, id eu"...
0.173 Data accepted; writing to file
0.173 Assembling: source: 5413, dest: 28973, seq: 819242178, ack: 46364, window: 5808, ACK
0.173 Sent: b'\x15%q-0\xd4\xa4\xc2\x00\x00\xb5\x1cP\x10\x16\xb0\x00\x00\x00\x00'
0.175 Received: b'q-\x15%\x00\x00\xb5\x1c0\xd4\xa4\xc2P\x00\x16\xb0\x00\x00\x00\x00r. Et velit appa'...
0.175 Disassembled: source: 28973, dest: 5413, seq: 46364, ack: 819242178, window: 5808, data: "r. Et velit appa"...
0.176 Data accepted; writing to file
0.176 Assembling: source: 5413, dest: 28973, seq: 819242178, ack: 47812, window: 5808, ACK
0.176 Sent: b'\x15%q-0\xd4\xa4\xc2\x00\x00\xba\xc4P\x10\x16\xb0\x00\x00\x00\x00'
0.178 Received: b'q-\x15%\x00\x00\xba\xc40\xd4\xa4\xc2P\x00\x16\xb0\x00\x00\x00\x00 novum laudem, v'...
0.178 Disassembled: source: 28973, dest: 5413, seq: 47812, ack: 819242178, window: 5808, data: " novum laudem, v"...
0.178 Data accepted; writing to file
0.179 Assembling: source: 5413, dest: 28973, seq: 819242178, ack: 49260, window: 5808, ACK
0.179 Sent: b'\x15%q-0\xd4\xa4\xc2\x00\x00\xc0lP\x10\x16\xb0\x00\x00\x00\x00'
0.181 Received: b'q-\x15%\x00\x00\xc0l0\xd4\xa4\xc2P\x00\x16\xb0\x00\x00\x00\x00luptatibus, cibo'...
0.181 Disassembled: source: 28973, dest: 5413, seq: 49260, ack: 819242178, window: 5808, data: "luptatibus, cibo"...
0.181 Data accepted; writing to file
0.181 Assembling: source: 5413, dest: 28973, seq: 819242178, ack: 50708, window: 5808, ACK
0.182 Sent: b'\x15%q-0\xd4\xa4\xc2\x00\x00\xc6\x14P\x10\x16\xb0\x00\x00\x00\x00'
0.184 Received: b'q-\x15%\x00\x00\xc6\x140\xd4\xa4\xc2P\x00\x16\xb0\x00\x00\x00\x00alii indoctum ma'...
0.184 Disassembled: source: 28973, dest: 5413, seq: 50708, ack: 819242178, window: 5808, data: "alii indoctum ma"...
0.184 Data accepted; writing to file
0.184 Assembling: source: 5413, dest: 28973, seq: 819242178, ack: 52156, window: 5808, ACK
0.185 Sent: b'\x15%q-0\xd4\xa4\xc2\x00\x00\xcb\xbcP\x10\x16\xb0\x00\x00\x00\x00'
0.186 Received: b'q-\x15%\x00\x00\xcb\xbc0\xd4\xa4\xc2P\x00\x16\xb0\x00\x00\x00\x00im, his facete c'...
0.187 Disassembled: source: 28973, dest: 5413, seq: 52156, ack: 819242178, window: 5808, data: "im, his facete c"...
0.187 Data accepted; writing to file
0.187 Assembling: source: 5413, dest: 28973, seq: 819242178, ack: 53604, window: 5808, ACK
0.188 Sent: b'\x15%q-0\xd4\xa4\xc2\x00\x00\xd1dP\x10\x16\xb0\x00\x00\x00\x00'
0.189 Received: b'q-\x15%\x00\x00\xd1d0\xd4\xa4\xc2P\x00\x16\xb0\x00\x00\x00\x00e alia dolor com'...
0.190 Disassembled: source: 28973, dest: 5413, seq: 53604, ack: 819242178, window: 5808, data: "e alia dolor com"...
0.190 Data accepted; writing to file
0.190 Assembling: source: 5413, dest: 28973, seq: 819242178, ack: 55052, window: 5808, ACK
0.191 Sent: b'\x15%q-0\xd4\xa4\xc2\x00\x00\xd7\x0cP\x10\x16\xb0\x00\x00\x00\x00'
0.192 Received: b'q-\x15%\x00\x00\xd7\x0c0\xd4\xa4\xc2P\x00\x16\xb0\x00\x00\x00\x00it ea, reque tem'...
0.193 Disassembled: source: 28973, dest: 5413, seq: 55052, ack: 819242178, window: 5808, data: "it ea, reque tem"...
0.193 Data accepted; writing to file
0.193 Assembling: source: 5413, dest: 28973, seq: 819242178, ack: 56500, window: 5808, ACK
0.193 Sent: b'\x15%q-0\xd4\xa4\xc2\x00\x00\xdc\xb4P\x10\x16\xb0\x00\x00\x00\x00'
0.195 Received: b'q-\x15%\x00\x00\xdc\xb40\xd4\xa4\xc2P\x00\x16\xb0\x00\x00\x00\x00alisque.\n\nEquide'...
0.196 Disassembled: source: 28973, dest: 5413, seq: 56500, ack: 819242178, window: 5808, data: "alisque.

Equide"...
0.196 Data accepted; writing to file
0.196 Assembling: source: 5413, dest: 28973, seq: 819242178, ack: 57948, window: 5808, ACK
0.196 Sent: b'\x15%q-0\xd4\xa4\xc2\x00\x00\xe2\\P\x10\x16\xb0\x00\x00\x00\x00'
0.198 Received: b'q-\x15%\x00\x00\xe2\\0\xd4\xa4\xc2P\x00\x16\xb0\x00\x00\x00\x00finitiones, affe'...
0.199 Disassembled: source: 28973, dest: 5413, seq: 57948, ack: 819242178, window: 5808, data: "finitiones, affe"...
0.199 Data accepted; writing to file
0.199 Assembling: source: 5413, dest: 28973, seq: 819242178, ack: 59396, window: 5808, ACK
0.199 Sent: b'\x15%q-0\xd4\xa4\xc2\x00\x00\xe8\x04P\x10\x16\xb0\x00\x00\x00\x00'
0.201 Received: b'q-\x15%\x00\x00\xe8\x040\xd4\xa4\xc2P\x00\x16\xb0\x00\x00\x00\x00his duis graeco '...
0.202 Disassembled: source: 28973, dest: 5413, seq: 59396, ack: 819242178, window: 5808, data: "his duis graeco "...
0.202 Data accepted; writing to file
0.202 Assembling: source: 5413, dest: 28973, seq: 819242178, ack: 60844, window: 5808, ACK
0.202 Sent: b'\x15%q-0\xd4\xa4\xc2\x00\x00\xed\xacP\x10\x16\xb0\x00\x00\x00\x00'
0.204 Received: b'q-\x15%\x00\x00\xed\xac0\xd4\xa4\xc2P\x00\x16\xb0\x00\x00\x00\x00am. Alia possit '...
0.204 Disassembled: source: 28973, dest: 5413, seq: 60844, ack: 819242178, window: 5808, data: "am. Alia possit "...
0.205 Data accepted; writing to file
0.205 Assembling: source: 5413, dest: 28973, seq: 819242178, ack: 62292, window: 5808, ACK
0.205 Sent: b'\x15%q-0\xd4\xa4\xc2\x00\x00\xf3TP\x10\x16\xb0\x00\x00\x00\x00'
0.207 Received: b'q-\x15%\x00\x00\xf3T0\xd4\xa4\xc2P\x00\x16\xb0\x00\x00\x00\x00cum an. Mei faci'...
0.207 Disassembled: source: 28973, dest: 5413, seq: 62292, ack: 819242178, window: 5808, data: "cum an. Mei faci"...
0.207 Data accepted; writing to file
0.208 Assembling: source: 5413, dest: 28973, seq: 819242178, ack: 63740, window: 5808, ACK
0.208 Sent: b'\x15%q-0\xd4\xa4\xc2\x00\x00\xf8\xfcP\x10\x16\xb0\x00\x00\x00\x00'
0.210 Received: b'q-\x15%\x00\x00\xf8\xfc0\xd4\xa4\xc2P\x00\x16\xb0\x00\x00\x00\x00 vis adhuc tatio'...
0.210 Disassembled: source: 28973, dest: 5413, seq: 63740, ack: 819242178, window: 5808, data: " vis adhuc tatio"...
0.210 Data accepted; writing to file
0.211 Assembling: source: 5413, dest: 28973, seq: 819242178, ack: 65188, window: 5808, ACK
0.211 Sent: b'\x15%q-0\xd4\xa4\xc2\x00\x00\xfe\xa4P\x10\x16\xb0\x00\x00\x00\x00'
0.213 Received: b'q-\x15%\x00\x00\xfe\xa40\xd4\xa4\xc2P\x00\x16\xb0\x00\x00\x00\x00im eu option iuv'...
0.213 Disassembled: source: 28973, dest: 5413, seq: 65188, ack: 819242178, window: 5808, data: "im eu option iuv"...
0.213 Data accepted; writing to file
0.214 Assembling: source: 5413, dest: 28973, seq: 819242178, ack: 66636, window: 5808, ACK
0.214 Sent: b'\x15%q-0\xd4\xa4\xc2\x00\x01\x04LP\x10\x16\xb0\x00\x00\x00\x00'
0.216 Received: b'q-\x15%\x00\x01\x04L0\xd4\xa4\xc2P\x00\x16\xb0\x00\x00\x00\x00ex epicurei taci'...
0.216 Disassembled: source: 28973, dest: 5413, seq: 66636, ack: 819242178, window: 5808, data: "ex epicurei taci"...
0.216 Data accepted; writing to file
0.216 Assembling: source: 5413, dest: 28973, seq: 819242178, ack: 68084, window: 5808, ACK
0.217 Sent: b'\x15%q-0\xd4\xa4\xc2\x00\x01\t\xf4P\x10\x16\xb0\x00\x00\x00\x00'
0.219 Received: b'q-\x15%\x00\x01\t\xf40\xd4\xa4\xc2P\x00\x16\xb0\x00\x00\x00\x00ebat, eu pro ero'...
0.219 Disassembled: source: 28973, dest: 5413, seq: 68084, ack: 819242178, window: 5808, data: "ebat, eu pro ero"...
0.219 Data accepted; writing to file
0.219 Assembling: source: 5413, dest: 28973, seq: 819242178, ack: 69532, window: 5808, ACK
0.220 Sent: b'\x15%q-0\xd4\xa4\xc2\x00\x01\x0f\x9cP\x10\x16\xb0\x00\x00\x00\x00'
0.222 Received: b'q-\x15%\x00\x01\x0f\x9c0\xd4\xa4\xc2P\x00\x16\xb0\x00\x00\x00\x00s. Per no sale v'...
0.222 Disassembled: source: 28973, dest: 5413, seq: 69532, ack: 819242178, window: 5808, data: "s. Per no sale v"...
0.222 Data accepted; writing to file
0.222 Assembling: source: 5413, dest: 28973, seq: 819242178, ack: 70980, window: 5808, ACK
0.223 Sent: b'\x15%q-0\xd4\xa4\xc2\x00\x01\x15DP\x10\x16\xb0\x00\x00\x00\x00'
0.225 Received: b'q-\x15%\x00\x01\x15D0\xd4\xa4\xc2P\x00\x16\xb0\x00\x00\x00\x00orrupte ea mel. '...
0.225 Disassembled: source: 28973, dest: 5413, seq: 70980, ack: 819242178, window: 5808, data: "orrupte ea mel. "...
0.225 Data accepted; writing to file
0.225 Assembling: source: 5413, dest: 28973, seq: 819242178, ack: 72428, window: 5808, ACK
0.226 Sent: b'\x15%q-0\xd4\xa4\xc2\x00\x01\x1a\xecP\x10\x16\xb0\x00\x00\x00\x00'
0.228 Received: b'q-\x15%\x00\x01\x1a\xec0\xd4\xa4\xc2P\x00\x16\xb0\x00\x00\x00\x00. Est iracundia '...
0.228 Disassembled: source: 28973, dest: 5413, seq: 72428, ack: 819242178, window: 5808, data: ". Est iracundia "...
0.228 Data accepted; writing to file
0.228 Assembling: source: 5413, dest: 28973, seq: 819242178, ack: 73876, window: 5808, ACK
0.229 Sent: b'\x15%q-0\xd4\xa4\xc2\x00\x01 \x94P\x10\x16\xb0\x00\x00\x00\x00'
0.231 Received: b'q-\x15%\x00\x01 \x940\xd4\xa4\xc2P\x00\x16\xb0\x00\x00\x00\x00pta probatus scr'...
0.231 Disassembled: source: 28973, dest: 5413, seq: 73876, ack: 819242178, window: 5808, data: "pta probatus scr"...
0.231 Data accepted; writing to file
0.231 Assembling: source: 5413, dest: 28973, seq: 819242178, ack: 75324, window: 5808, ACK
0.232 Sent: b'\x15%q-0\xd4\xa4\xc2\x00\x01&<P\x10\x16\xb0\x00\x00\x00\x00'
0.234 Received: b'q-\x15%\x00\x01&<0\xd4\xa4\xc2P\x00\x16\xb0\x00\x00\x00\x00entur ei, pro ei'...
0.234 Disassembled: source: 28973, dest: 5413, seq: 75324, ack: 819242178, window: 5808, data: "entur ei, pro ei"...
0.234 Data accepted; writing to file
0.234 Assembling: source: 5413, dest: 28973, seq: 819242178, ack: 76772, window: 5808, ACK
0.235 Sent: b'\x15%q-0\xd4\xa4\xc2\x00\x01+\xe4P\x10\x16\xb0\x00\x00\x00\x00'
0.237 Received: b'q-\x15%\x00\x01+\xe40\xd4\xa4\xc2P\x00\x16\xb0\x00\x00\x00\x00simul euismod vi'...
0.237 Disassembled: source: 28973, dest: 5413, seq: 76772, ack: 819242178, window: 5808, data: "simul euismod vi"...
0.237 Data accepted; writing to file
0.237 Assembling: source: 5413, dest: 28973, seq: 819242178, ack: 78220, window: 5808, ACK
0.238 Sent: b'\x15%q-0\xd4\xa4\xc2\x00\x011\x8cP\x10\x16\xb0\x00\x00\x00\x00'
0.240 Received: b'q-\x15%\x00\x011\x8c0\xd4\xa4\xc2P\x00\x16\xb0\x00\x00\x00\x00, eam id iudico '...
0.240 Disassembled: source: 28973, dest: 5413, seq: 78220, ack: 819242178, window: 5808, data: ", eam id iudico "...
0.240 Data accepted; writing to file
0.240 Assembling: source: 5413, dest: 28973, seq: 819242178, ack: 79668, window: 5808, ACK
0.241 Sent: b'\x15%q-0\xd4\xa4\xc2\x00\x0174P\x10\x16\xb0\x00\x00\x00\x00'
0.243 Received: b'q-\x15%\x00\x01740\xd4\xa4\xc2P\x00\x16\xb0\x00\x00\x00\x00m vix. Ea est mu'...
0.243 Disassembled: source: 28973, dest: 5413, seq: 79668, ack: 819242178, window: 5808, data: "m vix. Ea est mu"...
0.243 Data accepted; writing to file
0.243 Assembling: source: 5413, dest: 28973, seq: 819242178, ack: 81116, window: 5808, ACK
0.244 Sent: b'\x15%q-0\xd4\xa4\xc2\x00\x01<\xdcP\x10\x16\xb0\x00\x00\x00\x00'
0.246 Received: b'q-\x15%\x00\x01<\xdc0\xd4\xa4\xc2P\x00\x16\xb0\x00\x00\x00\x00olor sit amet, e'...
0.246 Disassembled: source: 28973, dest: 5413, seq: 81116, ack: 819242178, window: 5808, data: "olor sit amet, e"...
0.246 Data accepted; writing to file
0.246 Assembling: source: 5413, dest: 28973, seq: 819242178, ack: 82564, window: 5808, ACK
0.247 Sent: b'\x15%q-0\xd4\xa4\xc2\x00\x01B\x84P\x10\x16\xb0\x00\x00\x00\x00'
0.249 Received: b'q-\x15%\x00\x01B\x840\xd4\xa4\xc2P\x00\x16\xb0\x00\x00\x00\x00m, aperiam iudic'...
0.249 Disassembled: source: 28973, dest: 5413, seq: 82564, ack: 819242178, window: 5808, data: "m, aperiam iudic"...
0.249 Data accepted; writing to file
0.249 Assembling: source: 5413, dest: 28973, seq: 819242178, ack: 84012, window: 5808, ACK
0.250 Sent: b'\x15%q-0\xd4\xa4\xc2\x00\x01H,P\x10\x16\xb0\x00\x00\x00\x00'
0.251 Received: b'q-\x15%\x00\x01H,0\xd4\xa4\xc2P\x00\x16\xb0\x00\x00\x00\x00re sea. No eos d'...
0.252 Disassembled: source: 28973, dest: 5413, seq: 84012, ack: 819242178, window: 5808, data: "re sea. No eos d"...
0.252 Data accepted; writing to file
0.252 Assembling: source: 5413, dest: 28973, seq: 819242178, ack: 85460, window: 5808, ACK
0.253 Sent: b'\x15%q-0\xd4\xa4\xc2\x00\x01M\xd4P\x10\x16\xb0\x00\x00\x00\x00'
0.254 Received: b'q-\x15%\x00\x01M\xd40\xd4\xa4\xc2P\x00\x16\xb0\x00\x00\x00\x00t scripta philos'...
0.255 Disassembled: source: 28973, dest: 5413, seq: 85460, ack: 819242178, window: 5808, data: "t scripta philos"...
0.255 Data accepted; writing to file
0.255 Assembling: source: 5413, dest: 28973, seq: 819242178, ack: 86908, window: 5808, ACK
0.255 Sent: b'\x15%q-0\xd4\xa4\xc2\x00\x01S|P\x10\x16\xb0\x00\x00\x00\x00'
0.257 Received: b'q-\x15%\x00\x01S|0\xd4\xa4\xc2P\x00\x16\xb0\x00\x00\x00\x00tos sadipscing e'...
0.258 Disassembled: source: 28973, dest: 5413, seq: 86908, ack: 819242178, window: 5808, data: "tos sadipscing e"...
0.258 Data accepted; writing to file
0.258 Assembling: source: 5413, dest: 28973, seq: 819242178, ack: 88356, window: 5808, ACK
0.258 Sent: b'\x15%q-0\xd4\xa4\xc2\x00\x01Y$P\x10\x16\xb0\x00\x00\x00\x00'
0.260 Received: b'q-\x15%\x00\x01Y$0\xd4\xa4\xc2P\x00\x16\xb0\x00\x00\x00\x00sapientem ea, ad'...
0.261 Disassembled: source: 28973, dest: 5413, seq: 88356, ack: 819242178, window: 5808, data: "sapientem ea, ad"...
0.261 Data accepted; writing to file
0.261 Assembling: source: 5413, dest: 28973, seq: 819242178, ack: 89804, window: 5808, ACK
0.261 Sent: b'\x15%q-0\xd4\xa4\xc2\x00\x01^\xccP\x10\x16\xb0\x00\x00\x00\x00'
0.263 Received: b'q-\x15%\x00\x01^\xcc0\xd4\xa4\xc2P\x00\x16\xb0\x00\x00\x00\x00g, ei invenire p'...
0.264 Disassembled: source: 28973, dest: 5413, seq: 89804, ack: 819242178, window: 5808, data: "g, ei invenire p"...
0.264 Data accepted; writing to file
0.264 Assembling: source: 5413, dest: 28973, seq: 819242178, ack: 91252, window: 5808, ACK
0.264 Sent: b'\x15%q-0\xd4\xa4\xc2\x00\x01dtP\x10\x16\xb0\x00\x00\x00\x00'
0.266 Received: b'q-\x15%\x00\x01dt0\xd4\xa4\xc2P\x00\x16\xb0\x00\x00\x00\x00endo at. Qui id '...
0.267 Disassembled: source: 28973, dest: 5413, seq: 91252, ack: 819242178, window: 5808, data: "endo at. Qui id "...
0.267 Data accepted; writing to file
0.267 Assembling: source: 5413, dest: 28973, seq: 819242178, ack: 92700, window: 5808, ACK
0.267 Sent: b'\x15%q-0\xd4\xa4\xc2\x00\x01j\x1cP\x10\x16\xb0\x00\x00\x00\x00'
0.269 Received: b'q-\x15%\x00\x01j\x1c0\xd4\xa4\xc2P\x00\x16\xb0\x00\x00\x00\x00ota nostrum et p'...
0.270 Disassembled: source: 28973, dest: 5413, seq: 92700, ack: 819242178, window: 5808, data: "ota nostrum et p"...
0.270 Data accepted; writing to file
0.270 Assembling: source: 5413, dest: 28973, seq: 819242178, ack: 94148, window: 5808, ACK
0.270 Sent: b'\x15%q-0\xd4\xa4\xc2\x00\x01o\xc4P\x10\x16\xb0\x00\x00\x00\x00'
0.272 Received: b'q-\x15%\x00\x01o\xc40\xd4\xa4\xc2P\x00\x16\xb0\x00\x00\x00\x00deseruisse id. P'...
0.273 Disassembled: source: 28973, dest: 5413, seq: 94148, ack: 819242178, window: 5808, data: "deseruisse id. P"...
0.273 Data accepted; writing to file
0.273 Assembling: source: 5413, dest: 28973, seq: 819242178, ack: 95596, window: 5808, ACK
0.273 Sent: b'\x15%q-0\xd4\xa4\xc2\x00\x01ulP\x10\x16\xb0\x00\x00\x00\x00'
0.275 Received: b'q-\x15%\x00\x01ul0\xd4\xa4\xc2P\x00\x16\xb0\x00\x00\x00\x00odo munere imper'...
0.275 Disassembled: source: 28973, dest: 5413, seq: 95596, ack: 819242178, window: 5808, data: "odo munere imper"...
0.276 Data accepted; writing to file
0.276 Assembling: source: 5413, dest: 28973, seq: 819242178, ack: 97044, window: 5808, ACK
0.276 Sent: b'\x15%q-0\xd4\xa4\xc2\x00\x01{\x14P\x10\x16\xb0\x00\x00\x00\x00'
0.278 Received: b'q-\x15%\x00\x01{\x140\xd4\xa4\xc2P\x00\x16\xb0\x00\x00\x00\x00cimates cum, tib'...
0.278 Disassembled: source: 28973, dest: 5413, seq: 97044, ack: 819242178, window: 5808, data: "cimates cum, tib"...
0.279 Data accepted; writing to file
0.279 Assembling: source: 5413, dest: 28973, seq: 819242178, ack: 98492, window: 5808, ACK
0.279 Sent: b'\x15%q-0\xd4\xa4\xc2\x00\x01\x80\xbcP\x10\x16\xb0\x00\x00\x00\x00'
0.281 Received: b'q-\x15%\x00\x01\x80\xbc0\xd4\xa4\xc2P\x00\x16\xb0\x00\x00\x00\x00tiopam molestiae'...
0.281 Disassembled: source: 28973, dest: 5413, seq: 98492, ack: 819242178, window: 5808, data: "tiopam molestiae"...
0.282 Data accepted; writing to file
0.282 Assembling: source: 5413, dest: 28973, seq: 819242178, ack: 99940, window: 5808, ACK
0.282 Sent: b'\x15%q-0\xd4\xa4\xc2\x00\x01\x86dP\x10\x16\xb0\x00\x00\x00\x00'
0.284 Received: b'q-\x15%\x00\x01\x86d0\xd4\xa4\xc2P\x00\x16\xb0\x00\x00\x00\x00possim qui no, v'...
0.284 Disassembled: source: 28973, dest: 5413, seq: 99940, ack: 819242178, window: 5808, data: "possim qui no, v"...
0.285 Data accepted; writing to file
0.285 Assembling: source: 5413, dest: 28973, seq: 819242178, ack: 101388, window: 5808, ACK
0.285 Sent: b'\x15%q-0\xd4\xa4\xc2\x00\x01\x8c\x0cP\x10\x16\xb0\x00\x00\x00\x00'
0.287 Received: b'q-\x15%\x00\x01\x8c\x0c0\xd4\xa4\xc2P\x00\x16\xb0\x00\x00\x00\x00 ex utinam parti'...
0.287 Disassembled: source: 28973, dest: 5413, seq: 101388, ack: 819242178, window: 5808, data: " ex utinam parti"...
0.288 Data accepted; writing to file
0.288 Assembling: source: 5413, dest: 28973, seq: 819242178, ack: 102836, window: 5808, ACK
0.288 Sent: b'\x15%q-0\xd4\xa4\xc2\x00\x01\x91\xb4P\x10\x16\xb0\x00\x00\x00\x00'
0.290 Received: b'q-\x15%\x00\x01\x91\xb40\xd4\xa4\xc2P\x00\x16\xb0\x00\x00\x00\x00icus in his. Pri'...
0.290 Disassembled: source: 28973, dest: 5413, seq: 102836, ack: 819242178, window: 5808, data: "icus in his. Pri"...
0.291 Data accepted; writing to file
0.291 Assembling: source: 5413, dest: 28973, seq: 819242178, ack: 104284, window: 5808, ACK
0.291 Sent: b'\x15%q-0\xd4\xa4\xc2\x00\x01\x97\\P\x10\x16\xb0\x00\x00\x00\x00'
0.293 Received: b'q-\x15%\x00\x01\x97\\0\xd4\xa4\xc2P\x00\x16\xb0\x00\x00\x00\x00iis et.\n\nIus cu '...
0.294 Disassembled: source: 28973, dest: 5413, seq: 104284, ack: 819242178, window: 5808, data: "iis et.

Ius cu "...
0.294 Data accepted; writing to file
0.294 Assembling: source: 5413, dest: 28973, seq: 819242178, ack: 105732, window: 5808, ACK
0.294 Sent: b'\x15%q-0\xd4\xa4\xc2\x00\x01\x9d\x04P\x10\x16\xb0\x00\x00\x00\x00'
0.296 Received: b'q-\x15%\x00\x01\x9d\x040\xd4\xa4\xc2P\x00\x16\xb0\x00\x00\x00\x00e interesset.\n\nT'...
0.297 Disassembled: source: 28973, dest: 5413, seq: 105732, ack: 819242178, window: 5808, data: "e interesset.

T"...
0.297 Data accepted; writing to file
0.297 Assembling: source: 5413, dest: 28973, seq: 819242178, ack: 107180, window: 5808, ACK
0.298 Sent: b'\x15%q-0\xd4\xa4\xc2\x00\x01\xa2\xacP\x10\x16\xb0\x00\x00\x00\x00'
0.299 Received: b'q-\x15%\x00\x01\xa2\xac0\xd4\xa4\xc2P\x00\x16\xb0\x00\x00\x00\x00pro alia volutpa'...
0.300 Disassembled: source: 28973, dest: 5413, seq: 107180, ack: 819242178, window: 5808, data: "pro alia volutpa"...
0.300 Data accepted; writing to file
0.300 Assembling: source: 5413, dest: 28973, seq: 819242178, ack: 108628, window: 5808, ACK
0.301 Sent: b'\x15%q-0\xd4\xa4\xc2\x00\x01\xa8TP\x10\x16\xb0\x00\x00\x00\x00'
0.302 Received: b'q-\x15%\x00\x01\xa8T0\xd4\xa4\xc2P\x00\x16\xb0\x00\x00\x00\x00 libris equidem '...
0.303 Disassembled: source: 28973, dest: 5413, seq: 108628, ack: 819242178, window: 5808, data: " libris equidem "...
0.303 Data accepted; writing to file
0.303 Assembling: source: 5413, dest: 28973, seq: 819242178, ack: 110076, window: 5808, ACK
0.304 Sent: b'\x15%q-0\xd4\xa4\xc2\x00\x01\xad\xfcP\x10\x16\xb0\x00\x00\x00\x00'
0.305 Received: b'q-\x15%\x00\x01\xad\xfc0\xd4\xa4\xc2P\x00\x16\xb0\x00\x00\x00\x00uavitate volupta'...
0.306 Disassembled: source: 28973, dest: 5413, seq: 110076, ack: 819242178, window: 5808, data: "uavitate volupta"...
0.306 Data accepted; writing to file
0.306 Assembling: source: 5413, dest: 28973, seq: 819242178, ack: 111524, window: 5808, ACK
0.306 Sent: b'\x15%q-0\xd4\xa4\xc2\x00\x01\xb3\xa4P\x10\x16\xb0\x00\x00\x00\x00'
0.308 Received: b'q-\x15%\x00\x01\xb3\xa40\xd4\xa4\xc2P\x00\x16\xb0\x00\x00\x00\x00 Detraxit defini'...
0.308 Disassembled: source: 28973, dest: 5413, seq: 111524, ack: 819242178, window: 5808, data: " Detraxit defini"...
0.309 Data accepted; writing to file
0.309 Assembling: source: 5413, dest: 28973, seq: 819242178, ack: 112972, window: 5808, ACK
0.309 Sent: b'\x15%q-0\xd4\xa4\xc2\x00\x01\xb9LP\x10\x16\xb0\x00\x00\x00\x00'
0.311 Received: b'q-\x15%\x00\x01\xb9L0\xd4\xa4\xc2P\x00\x16\xb0\x00\x00\x00\x00aesent mei. Quo '...
0.311 Disassembled: source: 28973, dest: 5413, seq: 112972, ack: 819242178, window: 5808, data: "aesent mei. Quo "...
0.312 Data accepted; writing to file
0.312 Assembling: source: 5413, dest: 28973, seq: 819242178, ack: 114420, window: 5808, ACK
0.312 Sent: b'\x15%q-0\xd4\xa4\xc2\x00\x01\xbe\xf4P\x10\x16\xb0\x00\x00\x00\x00'
0.314 Received: b'q-\x15%\x00\x01\xbe\xf40\xd4\xa4\xc2P\x00\x16\xb0\x00\x00\x00\x00nterpretaris no '...
0.314 Disassembled: source: 28973, dest: 5413, seq: 114420, ack: 819242178, window: 5808, data: "nterpretaris no "...
0.315 Data accepted; writing to file
0.315 Assembling: source: 5413, dest: 28973, seq: 819242178, ack: 115868, window: 5808, ACK
0.315 Sent: b'\x15%q-0\xd4\xa4\xc2\x00\x01\xc4\x9cP\x10\x16\xb0\x00\x00\x00\x00'
0.317 Received: b'q-\x15%\x00\x01\xc4\x9c0\xd4\xa4\xc2P\x00\x16\xb0\x00\x00\x00\x00patrioque has. I'...
0.317 Disassembled: source: 28973, dest: 5413, seq: 115868, ack: 819242178, window: 5808, data: "patrioque has. I"...
0.318 Data accepted; writing to file
0.318 Assembling: source: 5413, dest: 28973, seq: 819242178, ack: 117316, window: 5808, ACK
0.318 Sent: b'\x15%q-0\xd4\xa4\xc2\x00\x01\xcaDP\x10\x16\xb0\x00\x00\x00\x00'
0.320 Received: b'q-\x15%\x00\x01\xcaD0\xd4\xa4\xc2P\x00\x16\xb0\x00\x00\x00\x00ossit repudianda'...
0.320 Disassembled: source: 28973, dest: 5413, seq: 117316, ack: 819242178, window: 5808, data: "ossit repudianda"...
0.321 Data accepted; writing to file
0.321 Assembling: source: 5413, dest: 28973, seq: 819242178, ack: 118764, window: 5808, ACK
0.321 Sent: b'\x15%q-0\xd4\xa4\xc2\x00\x01\xcf\xecP\x10\x16\xb0\x00\x00\x00\x00'
0.323 Received: b'q-\x15%\x00\x01\xcf\xec0\xd4\xa4\xc2P\x00\x16\xb0\x00\x00\x00\x00ora consequuntur'...
0.323 Disassembled: source: 28973, dest: 5413, seq: 118764, ack: 819242178, window: 5808, data: "ora consequuntur"...
0.323 Data accepted; writing to file
0.324 Assembling: source: 5413, dest: 28973, seq: 819242178, ack: 120212, window: 5808, ACK
0.324 Sent: b'\x15%q-0\xd4\xa4\xc2\x00\x01\xd5\x94P\x10\x16\xb0\x00\x00\x00\x00'
0.326 Received: b'q-\x15%\x00\x01\xd5\x940\xd4\xa4\xc2P\x00\x16\xb0\x00\x00\x00\x00ctus conceptam a'...
0.326 Disassembled: source: 28973, dest: 5413, seq: 120212, ack: 819242178, window: 5808, data: "ctus conceptam a"...
0.326 Data accepted; writing to file
0.327 Assembling: source: 5413, dest: 28973, seq: 819242178, ack: 121660, window: 5808, ACK
0.327 Sent: b'\x15%q-0\xd4\xa4\xc2\x00\x01\xdb<P\x10\x16\xb0\x00\x00\x00\x00'
0.329 Received: b'q-\x15%\x00\x01\xdb<0\xd4\xa4\xc2P\x00\x16\xb0\x00\x00\x00\x00 aeterno te, ne '...
0.329 Disassembled: source: 28973, dest: 5413, seq: 121660, ack: 819242178, window: 5808, data: " aeterno te, ne "...
0.329 Data accepted; writing to file
0.330 Assembling: source: 5413, dest: 28973, seq: 819242178, ack: 123108, window: 5808, ACK
0.330 Sent: b'\x15%q-0\xd4\xa4\xc2\x00\x01\xe0\xe4P\x10\x16\xb0\x00\x00\x00\x00'
0.333 Received: b'q-\x15%\x00\x01\xe0\xe40\xd4\xa4\xc2P\x00\x16\xb0\x00\x00\x00\x00imis oporteat di'...
0.333 Disassembled: source: 28973, dest: 5413, seq: 123108, ack: 819242178, window: 5808, data: "imis oporteat di"...
0.333 Data accepted; writing to file
0.333 Assembling: source: 5413, dest: 28973, seq: 819242178, ack: 124556, window: 5808, ACK
0.334 Sent: b'\x15%q-0\xd4\xa4\xc2\x00\x01\xe6\x8cP\x10\x16\xb0\x00\x00\x00\x00'
0.337 Received: b'q-\x15%\x00\x01\xe6\x8c0\xd4\xa4\xc2P\x00\x16\xb0\x00\x00\x00\x00re. Has virtute '...
0.337 Disassembled: source: 28973, dest: 5413, seq: 124556, ack: 819242178, window: 5808, data: "re. Has virtute "...
0.337 Data accepted; writing to file
0.337 Assembling: source: 5413, dest: 28973, seq: 819242178, ack: 126004, window: 5808, ACK
0.338 Sent: b'\x15%q-0\xd4\xa4\xc2\x00\x01\xec4P\x10\x16\xb0\x00\x00\x00\x00'
0.341 Received: b'q-\x15%\x00\x01\xec40\xd4\xa4\xc2P\x00\x16\xb0\x00\x00\x00\x00 eum ancillae no'...
0.341 Disassembled: source: 28973, dest: 5413, seq: 126004, ack: 819242178, window: 5808, data: " eum ancillae no"...
0.341 Data accepted; writing to file
0.341 Assembling: source: 5413, dest: 28973, seq: 819242178, ack: 127452, window: 5808, ACK
0.342 Sent: b'\x15%q-0\xd4\xa4\xc2\x00\x01\xf1\xdcP\x10\x16\xb0\x00\x00\x00\x00'
0.345 Received: b'q-\x15%\x00\x01\xf1\xdc0\xd4\xa4\xc2P\x00\x16\xb0\x00\x00\x00\x00ppareat ius. At '...
0.345 Disassembled: source: 28973, dest: 5413, seq: 127452, ack: 819242178, window: 5808, data: "ppareat ius. At "...
0.345 Data accepted; writing to file
0.345 Assembling: source: 5413, dest: 28973, seq: 819242178, ack: 128900, window: 5808, ACK
0.346 Sent: b'\x15%q-0\xd4\xa4\xc2\x00\x01\xf7\x84P\x10\x16\xb0\x00\x00\x00\x00'
0.347 Received: b'q-\x15%\x00\x01\xf7\x840\xd4\xa4\xc2P\x00\x16\xb0\x00\x00\x00\x00, vero appellant'...
0.347 Disassembled: source: 28973, dest: 5413, seq: 128900, ack: 819242178, window: 5808, data: ", vero appellant"...
0.348 Data accepted; writing to file
0.348 Assembling: source: 5413, dest: 28973, seq: 819242178, ack: 130348, window: 5808, ACK
0.348 Sent: b'\x15%q-0\xd4\xa4\xc2\x00\x01\xfd,P\x10\x16\xb0\x00\x00\x00\x00'
0.350 Received: b'q-\x15%\x00\x01\xfd,0\xd4\xa4\xc2P\x00\x16\xb0\x00\x00\x00\x00ibo quando copio'...
0.350 Disassembled: source: 28973, dest: 5413, seq: 130348, ack: 819242178, window: 5808, data: "ibo quando copio"...
0.350 Data accepted; writing to file
0.350 Assembling: source: 5413, dest: 28973, seq: 819242178, ack: 131796, window: 5808, ACK
0.350 Sent: b'\x15%q-0\xd4\xa4\xc2\x00\x02\x02\xd4P\x10\x16\xb0\x00\x00\x00\x00'
0.352 Received: b'q-\x15%\x00\x02\x02\xd40\xd4\xa4\xc2P\x00\x16\xb0\x00\x00\x00\x00 maluisset. Sit '...
0.352 Disassembled: source: 28973, dest: 5413, seq: 131796, ack: 819242178, window: 5808, data: " maluisset. Sit "...
0.352 Data accepted; writing to file
0.352 Assembling: source: 5413, dest: 28973, seq: 819242178, ack: 133244, window: 5808, ACK
0.353 Sent: b'\x15%q-0\xd4\xa4\xc2\x00\x02\x08|P\x10\x16\xb0\x00\x00\x00\x00'
0.354 Received: b'q-\x15%\x00\x02\x08|0\xd4\xa4\xc2P\x00\x16\xb0\x00\x00\x00\x00e ceteros albuci'...
0.355 Disassembled: source: 28973, dest: 5413, seq: 133244, ack: 819242178, window: 5808, data: "e ceteros albuci"...
0.355 Data accepted; writing to file
0.355 Assembling: source: 5413, dest: 28973, seq: 819242178, ack: 134692, window: 5808, ACK
0.355 Sent: b'\x15%q-0\xd4\xa4\xc2\x00\x02\x0e$P\x10\x16\xb0\x00\x00\x00\x00'
0.357 Received: b'q-\x15%\x00\x02\x0e$0\xd4\xa4\xc2P\x00\x16\xb0\x00\x00\x00\x00complectitur sea'...
0.357 Disassembled: source: 28973, dest: 5413, seq: 134692, ack: 819242178, window: 5808, data: "complectitur sea"...
0.357 Data accepted; writing to file
0.357 Assembling: source: 5413, dest: 28973, seq: 819242178, ack: 136140, window: 5808, ACK
0.358 Sent: b'\x15%q-0\xd4\xa4\xc2\x00\x02\x13\xccP\x10\x16\xb0\x00\x00\x00\x00'
0.359 Received: b'q-\x15%\x00\x02\x13\xcc0\xd4\xa4\xc2P\x00\x16\xb0\x00\x00\x00\x00tempor ex ius. E'...
0.359 Disassembled: source: 28973, dest: 5413, seq: 136140, ack: 819242178, window: 5808, data: "tempor ex ius. E"...
0.360 Data accepted; writing to file
0.360 Assembling: source: 5413, dest: 28973, seq: 819242178, ack: 136234, window: 5808, ACK
0.360 Sent: b'\x15%q-0\xd4\xa4\xc2\x00\x02\x14*P\x10\x16\xb0\x00\x00\x00\x00'
0.860 Sent: b'\x15%q-0\xd4\xa4\xc2\x00\x02\x14*P\x10\x16\xb0\x00\x00\x00\x00'
1.361 Sent: b'\x15%q-0\xd4\xa4\xc2\x00\x02\x14*P\x10\x16\xb0\x00\x00\x00\x00'
1.861 Sent: b'\x15%q-0\xd4\xa4\xc2\x00\x02\x14*P\x10\x16\xb0\x00\x00\x00\x00'
2.362 Sent: b'\x15%q-0\xd4\xa4\xc2\x00\x02\x14*P\x10\x16\xb0\x00\x00\x00\x00'
2.862 Error: Connection timed out
2.862 Closed connection
2.863 Shutting down
