0.000 NEW RUN: Server, TEST: Write_file__Common_drops
0.081 Received: b'\xa6\x16\xce\xc0\x00\x00\x00P\x00\x00\x00\x00P\x02\x05\xa8\x00\x00\x00\x00'
0.082 Disassembled: source: 42518, dest: 52928, seq: 80, window: 1448, SYN
0.083 SYN accepted; new connection: 127.0.0.1 on port 42518
0.083 Assembling: source: 52928, dest: 42518, seq: 874421988, ack: 81, window: 5808, ACK, SYN
0.084 Failed to send packet
0.584 Sent: b'\xce\xc0\xa6\x164\x1e\x9e\xe4\x00\x00\x00QP\x12\x16\xb0\x00\x00\x00\x00'
0.587 Received: b'\xa6\x16\xce\xc0\x00\x00\x00Q4\x1e\x9e\xe5P\x10\x16\xb0\x00\x00\x00\x00'
0.588 Disassembled: source: 42518, dest: 52928, seq: 81, ack: 874421989, window: 5808, ACK
0.588 Assembling: source: 52928, dest: 42518, seq: 874421989, ack: 81, window: 5808, ACK
0.588 Failed to send packet
0.589 Failed to receive packet
1.089 Sent: b'\xce\xc0\xa6\x164\x1e\x9e\xe5\x00\x00\x00QP\x10\x16\xb0\x00\x00\x00\x00'
1.092 Failed to receive packet
1.589 Failed to send packet
2.090 Sent: b'\xce\xc0\xa6\x164\x1e\x9e\xe5\x00\x00\x00QP\x10\x16\xb0\x00\x00\x00\x00'
2.092 Received: b'\xa6\x16\xce\xc0\x00\x00\x00Q4\x1e\x9e\xe5P\x10\x16\xb0\x00\x00\x00\x00Lorem ipsum dolo'...
2.093 Disassembled: source: 42518, dest: 52928, seq: 81, ack: 874421989, window: 5808, ACK, data: "Lorem ipsum dolo"...
2.093 Handshake complete
2.093 Data accepted; writing to file
2.093 Assembling: source: 52928, dest: 42518, seq: 874421989, ack: 1529, window: 5808, ACK
2.094 Sent: b'\xce\xc0\xa6\x164\x1e\x9e\xe5\x00\x00\x05\xf9P\x10\x16\xb0\x00\x00\x00\x00'
2.097 Failed to receive packet
2.594 Sent: b'\xce\xc0\xa6\x164\x1e\x9e\xe5\x00\x00\x05\xf9P\x10\x16\xb0\x00\x00\x00\x00'
2.597 Failed to receive packet
3.095 Sent: b'\xce\xc0\xa6\x164\x1e\x9e\xe5\x00\x00\x05\xf9P\x10\x16\xb0\x00\x00\x00\x00'
3.097 Failed to receive packet
3.595 Failed to send packet
4.095 Sent: b'\xce\xc0\xa6\x164\x1e\x9e\xe5\x00\x00\x05\xf9P\x10\x16\xb0\x00\x00\x00\x00'
4.098 Failed to receive packet
4.596 Error: Connection timed out
4.596 Closed connection
4.598 Shutting down
