0.000 NEW RUN: Server, TEST: Write_file__Relaxed
0.081 Received: b'\xae\xfb\xfd\xb4\x00\x00\x00-\x00\x00\x00\x00P\x02\x05\xa8\x00\x00\x00\x00'
0.082 Disassembled: source: 44795, dest: 64948, seq: 45, window: 1448, SYN
0.083 SYN accepted; new connection: 127.0.0.1 on port 44795
0.083 Assembling: source: 64948, dest: 44795, seq: 753240825, ack: 46, window: 5808, ACK, SYN
0.084 Sent: b'\xfd\xb4\xae\xfb,\xe5\x8a\xf9\x00\x00\x00.P\x12\x16\xb0\x00\x00\x00\x00'
0.085 Received: b'\xae\xfb\xfd\xb4\x00\x00\x00.,\xe5\x8a\xfaP\x10\x16\xb0\x00\x00\x00\x00'
0.086 Disassembled: source: 44795, dest: 64948, seq: 46, ack: 753240826, window: 5808, ACK
0.086 Assembling: source: 64948, dest: 44795, seq: 753240826, ack: 46, window: 5808, ACK
0.086 Received: b'\xae\xfb\xfd\xb4\x00\x00\x00.,\xe5\x8a\xfaP\x10\x16\xb0\x00\x00\x00\x00'
0.086 Sent: b'\xfd\xb4\xae\xfb,\xe5\x8a\xfa\x00\x00\x00.P\x10\x16\xb0\x00\x00\x00\x00'
0.087 Disassembled: source: 44795, dest: 64948, seq: 46, ack: 753240826, window: 5808, ACK
0.087 Assembling: source: 64948, dest: 44795, seq: 753240826, ack: 46, window: 5808, ACK
0.088 Sent: b'\xfd\xb4\xae\xfb,\xe5\x8a\xfa\x00\x00\x00.P\x10\x16\xb0\x00\x00\x00\x00'
0.588 Sent: b'\xfd\xb4\xae\xfb,\xe5\x8a\xfa\x00\x00\x00.P\x10\x16\xb0\x00\x00\x00\x00'
1.089 Sent: b'\xfd\xb4\xae\xfb,\xe5\x8a\xfa\x00\x00\x00.P\x10\x16\xb0\x00\x00\x00\x00'
1.589 Sent: b'\xfd\xb4\xae\xfb,\xe5\x8a\xfa\x00\x00\x00.P\x10\x16\xb0\x00\x00\x00\x00'
2.089 Sent: b'\xfd\xb4\xae\xfb,\xe5\x8a\xfa\x00\x00\x00.P\x10\x16\xb0\x00\x00\x00\x00'
2.590 Error: Connection timed out
2.590 Closed connection
2.591 Shutting down
