0.000 NEW RUN: Server, TEST: Read_file__Empty
0.221 Received: b'\xf2\xb9q\x94\x00\x00\x00>\x00\x00\x00\x00P\x02\x05\xa8\x00\x00\x00\x00'
0.221 Disassembled: source: 62137, dest: 29076, seq: 62, window: 1448, SYN
0.222 SYN accepted; new connection: 127.0.0.1 on port 62137
0.222 Assembling: source: 29076, dest: 62137, seq: 3401864459, ack: 63, window: 1448, ACK, SYN
0.222 Sent: b'q\x94\xf2\xb9\xca\xc4U\x0b\x00\x00\x00?P\x12\x05\xa8\x00\x00\x00\x00'
0.224 Received: b'\xf2\xb9q\x94\x00\x00\x00?\xca\xc4U\x0cP\x10\x05\xa8\x00\x00\x00\x00'
0.225 Disassembled: source: 62137, dest: 29076, seq: 63, ack: 3401864460, window: 1448, ACK
0.225 Handshake complete
0.225 Acknowledged seq: 3401864459
0.225 Finished reading file
0.225 Assembling: source: 29076, dest: 62137, seq: 3401864460, ack: 64, window: 1448, ACK, FIN
0.225 Sent: b'q\x94\xf2\xb9\xca\xc4U\x0c\x00\x00\x00@P\x11\x05\xa8\x00\x00\x00\x00'
0.726 Sent: b'q\x94\xf2\xb9\xca\xc4U\x0c\x00\x00\x00@P\x11\x05\xa8\x00\x00\x00\x00'
1.226 Sent: b'q\x94\xf2\xb9\xca\xc4U\x0c\x00\x00\x00@P\x11\x05\xa8\x00\x00\x00\x00'
1.726 Sent: b'q\x94\xf2\xb9\xca\xc4U\x0c\x00\x00\x00@P\x11\x05\xa8\x00\x00\x00\x00'
2.227 Sent: b'q\x94\xf2\xb9\xca\xc4U\x0c\x00\x00\x00@P\x11\x05\xa8\x00\x00\x00\x00'
2.727 Sent: b'q\x94\xf2\xb9\xca\xc4U\x0c\x00\x00\x00@P\x11\x05\xa8\x00\x00\x00\x00'
3.228 Error: Connection timed out
3.228 Closed connection
3.229 Shutting down
