0.000 NEW RUN: Server, TEST: Read_file__Relaxed
0.208 Received: b'\x9e9\xd0\x0c\x00\x00\x00\x00\x00\x00\x00\x00P\x02\x05\xa8\x00\x00\x00\x00'
0.209 Disassembled: source: 40505, dest: 53260, window: 1448, SYN
0.209 SYN accepted; new connection: 127.0.0.1 on port 40505
0.209 Assembling: source: 53260, dest: 40505, seq: 3378236914, ack: 1, window: 1448, ACK, SYN
0.210 Sent: b'\xd0\x0c\x9e9\xc9[\xcd\xf2\x00\x00\x00\x01P\x12\x05\xa8\x00\x00\x00\x00'
0.212 Received: b'\x9e9\xd0\x0c\x00\x00\x00\x01\xc9[\xcd\xf3P\x10\x05\xa8\x00\x00\x00\x00'
0.212 Disassembled: source: 40505, dest: 53260, seq: 1, ack: 3378236915, window: 1448, ACK
0.212 Handshake complete
0.212 Acknowledged seq: 3378236914
0.212 Finished reading file
0.213 Assembling: source: 53260, dest: 40505, seq: 3378236915, ack: 2, window: 1448, ACK, FIN
0.213 Sent: b'\xd0\x0c\x9e9\xc9[\xcd\xf3\x00\x00\x00\x02P\x11\x05\xa8\x00\x00\x00\x00'
0.713 Sent: b'\xd0\x0c\x9e9\xc9[\xcd\xf3\x00\x00\x00\x02P\x11\x05\xa8\x00\x00\x00\x00'
1.214 Sent: b'\xd0\x0c\x9e9\xc9[\xcd\xf3\x00\x00\x00\x02P\x11\x05\xa8\x00\x00\x00\x00'
1.714 Sent: b'\xd0\x0c\x9e9\xc9[\xcd\xf3\x00\x00\x00\x02P\x11\x05\xa8\x00\x00\x00\x00'
2.214 Sent: b'\xd0\x0c\x9e9\xc9[\xcd\xf3\x00\x00\x00\x02P\x11\x05\xa8\x00\x00\x00\x00'
2.715 Sent: b'\xd0\x0c\x9e9\xc9[\xcd\xf3\x00\x00\x00\x02P\x11\x05\xa8\x00\x00\x00\x00'
3.215 Error: Connection timed out
3.215 Closed connection
3.216 Shutting down
