0.000 NEW RUN: Server, TEST: Write_file__Relaxed
0.211 Received: b'\x18,\x97R\x00\x00\x00\x0e\x00\x00\x00\x00P\x02\x05\xa8\x00\x00\x00\x00'
0.211 Disassembled: source: 6188, dest: 38738, seq: 14, window: 1448, SYN
0.212 SYN accepted; new connection: 127.0.0.1 on port 6188
0.212 Assembling: source: 38738, dest: 6188, seq: 3390297072, ack: 15, window: 5808, ACK, SYN
0.212 Sent: b'\x97R\x18,\xca\x13\xd3\xf0\x00\x00\x00\x0fP\x12\x16\xb0\x00\x00\x00\x00'
0.215 Received: b'\x18,\x97R\x00\x00\x00\x0f\xca\x13\xd3\xf1P\x10\x16\xb0\x00\x00\x00\x00'
0.216 Disassembled: source: 6188, dest: 38738, seq: 15, ack: 3390297073, window: 5808, ACK
0.216 Assembling: source: 38738, dest: 6188, seq: 3390297073, ack: 15, window: 5808, ACK
0.216 Sent: b'\x97R\x18,\xca\x13\xd3\xf1\x00\x00\x00\x0fP\x10\x16\xb0\x00\x00\x00\x00'
0.218 Received: b'\x18,\x97R\x00\x00\x00\x0f\xca\x13\xd3\xf1P\x10\x16\xb0\x00\x00\x00\x00'
0.218 Disassembled: source: 6188, dest: 38738, seq: 15, ack: 3390297073, window: 5808, ACK
0.218 Assembling: source: 38738, dest: 6188, seq: 3390297073, ack: 15, window: 5808, ACK
0.218 Sent: b'\x97R\x18,\xca\x13\xd3\xf1\x00\x00\x00\x0fP\x10\x16\xb0\x00\x00\x00\x00'
0.719 Sent: b'\x97R\x18,\xca\x13\xd3\xf1\x00\x00\x00\x0fP\x10\x16\xb0\x00\x00\x00\x00'
1.219 Sent: b'\x97R\x18,\xca\x13\xd3\xf1\x00\x00\x00\x0fP\x10\x16\xb0\x00\x00\x00\x00'
1.720 Sent: b'\x97R\x18,\xca\x13\xd3\xf1\x00\x00\x00\x0fP\x10\x16\xb0\x00\x00\x00\x00'
2.220 Sent: b'\x97R\x18,\xca\x13\xd3\xf1\x00\x00\x00\x0fP\x10\x16\xb0\x00\x00\x00\x00'
2.720 Error: Connection timed out
2.721 Closed connection
2.721 Shutting down
