0.000 NEW RUN: Server, TEST: Write_file__Single_packet
0.219 Received: b'\xd9&\xf3\xca\x00\x00\x00\x18\x00\x00\x00\x00P\x02\x05\xa8\x00\x00\x00\x00'
0.220 Disassembled: source: 55590, dest: 62410, seq: 24, window: 1448, SYN
0.220 SYN accepted; new connection: 127.0.0.1 on port 55590
0.220 Assembling: source: 62410, dest: 55590, seq: 3427942171, ack: 25, window: 5808, ACK, SYN
0.221 Sent: b'\xf3\xca\xd9&\xccR?\x1b\x00\x00\x00\x19P\x12\x16\xb0\x00\x00\x00\x00'
0.223 Received: b'\xd9&\xf3\xca\x00\x00\x00\x19\xccR?\x1cP\x10\x16\xb0\x00\x00\x00\x00'
0.223 Disassembled: source: 55590, dest: 62410, seq: 25, ack: 3427942172, window: 5808, ACK
0.223 Assembling: source: 62410, dest: 55590, seq: 3427942172, ack: 25, window: 5808, ACK
0.224 Sent: b'\xf3\xca\xd9&\xccR?\x1c\x00\x00\x00\x19P\x10\x16\xb0\x00\x00\x00\x00'
0.224 Received: b'\xd9&\xf3\xca\x00\x00\x00\x19\xccR?\x1cP\x10\x16\xb0\x00\x00\x00\x00This file fits i'...
0.224 Disassembled: source: 55590, dest: 62410, seq: 25, ack: 3427942172, window: 5808, ACK, data: "This file fits i"...
0.225 Handshake complete
0.225 Data accepted; writing to file
0.225 Assembling: source: 62410, dest: 55590, seq: 3427942172, ack: 68, window: 5808, ACK
0.225 Sent: b'\xf3\xca\xd9&\xccR?\x1c\x00\x00\x00DP\x10\x16\xb0\x00\x00\x00\x00'
0.226 Received: b'\xd9&\xf3\xca\x00\x00\x00\x19\xccR?\x1cP\x10\x16\xb0\x00\x00\x00\x00This file fits i'...
0.226 Disassembled: source: 55590, dest: 62410, seq: 25, ack: 3427942172, window: 5808, ACK, data: "This file fits i"...
0.226 Old data; ignoring
0.725 Sent: b'\xf3\xca\xd9&\xccR?\x1c\x00\x00\x00DP\x10\x16\xb0\x00\x00\x00\x00'
1.226 Sent: b'\xf3\xca\xd9&\xccR?\x1c\x00\x00\x00DP\x10\x16\xb0\x00\x00\x00\x00'
1.726 Sent: b'\xf3\xca\xd9&\xccR?\x1c\x00\x00\x00DP\x10\x16\xb0\x00\x00\x00\x00'
2.227 Sent: b'\xf3\xca\xd9&\xccR?\x1c\x00\x00\x00DP\x10\x16\xb0\x00\x00\x00\x00'
2.727 Error: Connection timed out
2.727 Closed connection
2.729 Shutting down
