0.000 NEW RUN: Server, TEST: Read_file__No_file_extension
0.223 Received: b'\xf4\xf9F\xdc\x00\x00\x00]\x00\x00\x00\x00P\x02\x05\xa8\x00\x00\x00\x00'
0.223 Disassembled: source: 62713, dest: 18140, seq: 93, window: 1448, SYN
0.223 SYN accepted; new connection: 127.0.0.1 on port 62713
0.224 Assembling: source: 18140, dest: 62713, seq: 2514618067, ack: 94, window: 1448, ACK, SYN
0.224 Sent: b'F\xdc\xf4\xf9\x95\xe2\x06\xd3\x00\x00\x00^P\x12\x05\xa8\x00\x00\x00\x00'
0.226 Received: b'\xf4\xf9F\xdc\x00\x00\x00^\x95\xe2\x06\xd4P\x10\x05\xa8\x00\x00\x00\x00'
0.226 Disassembled: source: 62713, dest: 18140, seq: 94, ack: 2514618068, window: 1448, ACK
0.226 Handshake complete
0.226 Acknowledged seq: 2514618067
0.226 Assembling: source: 18140, dest: 62713, seq: 2514618068, ack: 95, window: 1448, data: "Lorem ipsum dolo"...
0.227 Sent: b'F\xdc\xf4\xf9\x95\xe2\x06\xd4\x00\x00\x00_P\x00\x05\xa8\x00\x00\x00\x00Lorem ipsum dolo'...
0.228 Received: b'\xf4\xf9F\xdc\x00\x00\x00_\x95\xe2\x0c|P\x10\x05\xa8\x00\x00\x00\x00'
0.229 Disassembled: source: 62713, dest: 18140, seq: 95, ack: 2514619516, window: 1448, ACK
0.229 Acknowledged seq: 2514618068
0.229 Assembling: source: 18140, dest: 62713, seq: 2514619516, ack: 96, window: 1448, data: "mprehensam nam, "...
0.229 Sent: b'F\xdc\xf4\xf9\x95\xe2\x0c|\x00\x00\x00`P\x00\x05\xa8\x00\x00\x00\x00mprehensam nam, '...
0.231 Received: b'\xf4\xf9F\xdc\x00\x00\x00`\x95\xe2\x12$P\x10\x05\xa8\x00\x00\x00\x00'
0.232 Disassembled: source: 62713, dest: 18140, seq: 96, ack: 2514620964, window: 1448, ACK
0.232 Acknowledged seq: 2514619516
0.232 Finished reading file
0.232 Assembling: source: 18140, dest: 62713, seq: 2514620964, ack: 97, window: 1448, data: "ilisi repudiare "...
0.232 Sent: b'F\xdc\xf4\xf9\x95\xe2\x12$\x00\x00\x00aP\x00\x05\xa8\x00\x00\x00\x00ilisi repudiare '...
0.234 Received: b'\xf4\xf9F\xdc\x00\x00\x00a\x95\xe2\x13\x7fP\x10\x05\xa8\x00\x00\x00\x00'
0.234 Disassembled: source: 62713, dest: 18140, seq: 97, ack: 2514621311, window: 1448, ACK
0.235 Acknowledged seq: 2514620964
0.235 Assembling: source: 18140, dest: 62713, seq: 2514621311, ack: 98, window: 1448, ACK, FIN
0.235 Sent: b'F\xdc\xf4\xf9\x95\xe2\x13\x7f\x00\x00\x00bP\x11\x05\xa8\x00\x00\x00\x00'
0.237 Received: b'\xf4\xf9F\xdc\x00\x00\x00b\x95\xe2\x13\x80P\x10\x05\xa8\x00\x00\x00\x00'
0.237 Disassembled: source: 62713, dest: 18140, seq: 98, ack: 2514621312, window: 1448, ACK
0.237 FIN accepted; sending final packet
0.237 Assembling: source: 18140, dest: 62713, seq: 2514621312, ack: 98, window: 1448, ACK
0.238 Sent: b'F\xdc\xf4\xf9\x95\xe2\x13\x80\x00\x00\x00bP\x10\x05\xa8\x00\x00\x00\x00'
0.238 Closed connection
0.238 Shutting down
