0.000 NEW RUN: Server, TEST: Read_file__Large_multi-packet
0.213 Received: b'\xd2rZ5\x00\x00\x00;\x00\x00\x00\x00P\x02\x05\xa8\x00\x00\x00\x00'
0.213 Disassembled: source: 53874, dest: 23093, seq: 59, window: 1448, SYN
0.214 SYN accepted; new connection: 127.0.0.1 on port 53874
0.214 Assembling: source: 23093, dest: 53874, seq: 2513835650, ack: 60, window: 1448, ACK, SYN
0.214 Sent: b'Z5\xd2r\x95\xd6\x16\x82\x00\x00\x00<P\x12\x05\xa8\x00\x00\x00\x00'
0.216 Received: b'\xd2rZ5\x00\x00\x00<\x95\xd6\x16\x83P\x10\x05\xa8\x00\x00\x00\x00'
0.216 Disassembled: source: 53874, dest: 23093, seq: 60, ack: 2513835651, window: 1448, ACK
0.216 Handshake complete
0.216 Acknowledged seq: 2513835650
0.216 Assembling: source: 23093, dest: 53874, seq: 2513835651, ack: 61, window: 1448, data: "Lorem ipsum dolo"...
0.217 Sent: b'Z5\xd2r\x95\xd6\x16\x83\x00\x00\x00=P\x00\x05\xa8\x00\x00\x00\x00Lorem ipsum dolo'...
0.218 Received: b'\xd2rZ5\x00\x00\x00=\x95\xd6\x1c+P\x10\x05\xa8\x00\x00\x00\x00'
0.219 Disassembled: source: 53874, dest: 23093, seq: 61, ack: 2513837099, window: 1448, ACK
0.219 Acknowledged seq: 2513835651
0.219 Assembling: source: 23093, dest: 53874, seq: 2513837099, ack: 62, window: 1448, data: "mprehensam nam, "...
0.219 Sent: b'Z5\xd2r\x95\xd6\x1c+\x00\x00\x00>P\x00\x05\xa8\x00\x00\x00\x00mprehensam nam, '...
0.221 Received: b'\xd2rZ5\x00\x00\x00>\x95\xd6!\xd3P\x10\x05\xa8\x00\x00\x00\x00'
0.221 Disassembled: source: 53874, dest: 23093, seq: 62, ack: 2513838547, window: 1448, ACK
0.221 Acknowledged seq: 2513837099
0.221 Assembling: source: 23093, dest: 53874, seq: 2513838547, ack: 63, window: 1448, data: "ilisi repudiare "...
0.222 Sent: b'Z5\xd2r\x95\xd6!\xd3\x00\x00\x00?P\x00\x05\xa8\x00\x00\x00\x00ilisi repudiare '...
0.224 Received: b"\xd2rZ5\x00\x00\x00?\x95\xd6'{P\x10\x05\xa8\x00\x00\x00\x00"
0.224 Disassembled: source: 53874, dest: 23093, seq: 63, ack: 2513839995, window: 1448, ACK
0.224 Acknowledged seq: 2513838547
0.224 Assembling: source: 23093, dest: 53874, seq: 2513839995, ack: 64, window: 1448, data: "ta.

Et essent s"...
0.225 Sent: b"Z5\xd2r\x95\xd6'{\x00\x00\x00@P\x00\x05\xa8\x00\x00\x00\x00ta.\n\nEt essent s"...
0.226 Received: b'\xd2rZ5\x00\x00\x00@\x95\xd6-#P\x10\x05\xa8\x00\x00\x00\x00'
0.227 Disassembled: source: 53874, dest: 23093, seq: 64, ack: 2513841443, window: 1448, ACK
0.227 Acknowledged seq: 2513839995
0.227 Assembling: source: 23093, dest: 53874, seq: 2513841443, ack: 65, window: 1448, data: " Nihil tractatos"...
0.227 Sent: b'Z5\xd2r\x95\xd6-#\x00\x00\x00AP\x00\x05\xa8\x00\x00\x00\x00 Nihil tractatos'...
0.228 Received: b'\xd2rZ5\x00\x00\x00A\x95\xd62\xcbP\x10\x05\xa8\x00\x00\x00\x00'
0.229 Disassembled: source: 53874, dest: 23093, seq: 65, ack: 2513842891, window: 1448, ACK
0.229 Acknowledged seq: 2513841443
0.229 Assembling: source: 23093, dest: 53874, seq: 2513842891, ack: 66, window: 1448, data: "fert iuvaret sap"...
0.229 Sent: b'Z5\xd2r\x95\xd62\xcb\x00\x00\x00BP\x00\x05\xa8\x00\x00\x00\x00fert iuvaret sap'...
0.231 Received: b'\xd2rZ5\x00\x00\x00B\x95\xd68sP\x10\x05\xa8\x00\x00\x00\x00'
0.231 Disassembled: source: 53874, dest: 23093, seq: 66, ack: 2513844339, window: 1448, ACK
0.231 Acknowledged seq: 2513842891
0.231 Assembling: source: 23093, dest: 53874, seq: 2513844339, ack: 67, window: 1448, data: "ram adipiscing, "...
0.231 Sent: b'Z5\xd2r\x95\xd68s\x00\x00\x00CP\x00\x05\xa8\x00\x00\x00\x00ram adipiscing, '...
0.233 Received: b'\xd2rZ5\x00\x00\x00C\x95\xd6>\x1bP\x10\x05\xa8\x00\x00\x00\x00'
0.233 Disassembled: source: 53874, dest: 23093, seq: 67, ack: 2513845787, window: 1448, ACK
0.233 Acknowledged seq: 2513844339
0.233 Assembling: source: 23093, dest: 53874, seq: 2513845787, ack: 68, window: 1448, data: "m veritus vivend"...
0.233 Sent: b'Z5\xd2r\x95\xd6>\x1b\x00\x00\x00DP\x00\x05\xa8\x00\x00\x00\x00m veritus vivend'...
0.235 Received: b'\xd2rZ5\x00\x00\x00D\x95\xd6C\xc3P\x10\x05\xa8\x00\x00\x00\x00'
0.235 Disassembled: source: 53874, dest: 23093, seq: 68, ack: 2513847235, window: 1448, ACK
0.235 Acknowledged seq: 2513845787
0.235 Assembling: source: 23093, dest: 53874, seq: 2513847235, ack: 69, window: 1448, data: " delenit, ignota"...
0.236 Sent: b'Z5\xd2r\x95\xd6C\xc3\x00\x00\x00EP\x00\x05\xa8\x00\x00\x00\x00 delenit, ignota'...
0.237 Received: b'\xd2rZ5\x00\x00\x00E\x95\xd6IkP\x10\x05\xa8\x00\x00\x00\x00'
0.237 Disassembled: source: 53874, dest: 23093, seq: 69, ack: 2513848683, window: 1448, ACK
0.237 Acknowledged seq: 2513847235
0.237 Assembling: source: 23093, dest: 53874, seq: 2513848683, ack: 70, window: 1448, data: "se explicari des"...
0.238 Sent: b'Z5\xd2r\x95\xd6Ik\x00\x00\x00FP\x00\x05\xa8\x00\x00\x00\x00se explicari des'...
0.239 Received: b'\xd2rZ5\x00\x00\x00F\x95\xd6O\x13P\x10\x05\xa8\x00\x00\x00\x00'
0.239 Disassembled: source: 53874, dest: 23093, seq: 70, ack: 2513850131, window: 1448, ACK
0.240 Acknowledged seq: 2513848683
0.240 Assembling: source: 23093, dest: 53874, seq: 2513850131, ack: 71, window: 1448, data: "piscing, in modo"...
0.240 Sent: b'Z5\xd2r\x95\xd6O\x13\x00\x00\x00GP\x00\x05\xa8\x00\x00\x00\x00piscing, in modo'...
0.242 Received: b'\xd2rZ5\x00\x00\x00G\x95\xd6T\xbbP\x10\x05\xa8\x00\x00\x00\x00'
0.242 Disassembled: source: 53874, dest: 23093, seq: 71, ack: 2513851579, window: 1448, ACK
0.242 Acknowledged seq: 2513850131
0.242 Assembling: source: 23093, dest: 53874, seq: 2513851579, ack: 72, window: 1448, data: "o copiosae tacim"...
0.242 Sent: b'Z5\xd2r\x95\xd6T\xbb\x00\x00\x00HP\x00\x05\xa8\x00\x00\x00\x00o copiosae tacim'...
0.244 Received: b'\xd2rZ5\x00\x00\x00H\x95\xd6ZcP\x10\x05\xa8\x00\x00\x00\x00'
0.244 Disassembled: source: 53874, dest: 23093, seq: 72, ack: 2513853027, window: 1448, ACK
0.244 Acknowledged seq: 2513851579
0.244 Assembling: source: 23093, dest: 53874, seq: 2513853027, ack: 73, window: 1448, data: "am. Pri ne antio"...
0.244 Sent: b'Z5\xd2r\x95\xd6Zc\x00\x00\x00IP\x00\x05\xa8\x00\x00\x00\x00am. Pri ne antio'...
0.246 Received: b'\xd2rZ5\x00\x00\x00I\x95\xd6`\x0bP\x10\x05\xa8\x00\x00\x00\x00'
0.246 Disassembled: source: 53874, dest: 23093, seq: 73, ack: 2513854475, window: 1448, ACK
0.246 Acknowledged seq: 2513853027
0.246 Assembling: source: 23093, dest: 53874, seq: 2513854475, ack: 74, window: 1448, data: "to no. Elitr pos"...
0.247 Sent: b'Z5\xd2r\x95\xd6`\x0b\x00\x00\x00JP\x00\x05\xa8\x00\x00\x00\x00to no. Elitr pos'...
0.248 Received: b'\xd2rZ5\x00\x00\x00J\x95\xd6e\xb3P\x10\x05\xa8\x00\x00\x00\x00'
0.248 Disassembled: source: 53874, dest: 23093, seq: 74, ack: 2513855923, window: 1448, ACK
0.248 Acknowledged seq: 2513854475
0.249 Assembling: source: 23093, dest: 53874, seq: 2513855923, ack: 75, window: 1448, data: "pretaris, sea ex"...
0.249 Sent: b'Z5\xd2r\x95\xd6e\xb3\x00\x00\x00KP\x00\x05\xa8\x00\x00\x00\x00pretaris, sea ex'...
0.250 Received: b'\xd2rZ5\x00\x00\x00K\x95\xd6k[P\x10\x05\xa8\x00\x00\x00\x00'
0.251 Disassembled: source: 53874, dest: 23093, seq: 75, ack: 2513857371, window: 1448, ACK
0.251 Acknowledged seq: 2513855923
0.251 Assembling: source: 23093, dest: 53874, seq: 2513857371, ack: 76, window: 1448, data: "oporteat inimicu"...
0.251 Sent: b'Z5\xd2r\x95\xd6k[\x00\x00\x00LP\x00\x05\xa8\x00\x00\x00\x00oporteat inimicu'...
0.253 Received: b'\xd2rZ5\x00\x00\x00L\x95\xd6q\x03P\x10\x05\xa8\x00\x00\x00\x00'
0.253 Disassembled: source: 53874, dest: 23093, seq: 76, ack: 2513858819, window: 1448, ACK
0.253 Acknowledged seq: 2513857371
0.253 Assembling: source: 23093, dest: 53874, seq: 2513858819, ack: 77, window: 1448, data: "ligendi officiis"...
0.253 Sent: b'Z5\xd2r\x95\xd6q\x03\x00\x00\x00MP\x00\x05\xa8\x00\x00\x00\x00ligendi officiis'...
0.255 Received: b'\xd2rZ5\x00\x00\x00M\x95\xd6v\xabP\x10\x05\xa8\x00\x00\x00\x00'
0.255 Disassembled: source: 53874, dest: 23093, seq: 77, ack: 2513860267, window: 1448, ACK
0.255 Acknowledged seq: 2513858819
0.255 Assembling: source: 23093, dest: 53874, seq: 2513860267, ack: 78, window: 1448, data: "no vel regione i"...
0.255 Sent: b'Z5\xd2r\x95\xd6v\xab\x00\x00\x00NP\x00\x05\xa8\x00\x00\x00\x00no vel regione i'...
0.257 Received: b'\xd2rZ5\x00\x00\x00N\x95\xd6|SP\x10\x05\xa8\x00\x00\x00\x00'
0.257 Disassembled: source: 53874, dest: 23093, seq: 78, ack: 2513861715, window: 1448, ACK
0.257 Acknowledged seq: 2513860267
0.257 Assembling: source: 23093, dest: 53874, seq: 2513861715, ack: 79, window: 1448, data: "ibus vis ex, pro"...
0.258 Sent: b'Z5\xd2r\x95\xd6|S\x00\x00\x00OP\x00\x05\xa8\x00\x00\x00\x00ibus vis ex, pro'...
0.259 Received: b'\xd2rZ5\x00\x00\x00O\x95\xd6\x81\xfbP\x10\x05\xa8\x00\x00\x00\x00'
0.259 Disassembled: source: 53874, dest: 23093, seq: 79, ack: 2513863163, window: 1448, ACK
0.260 Acknowledged seq: 2513861715
0.260 Assembling: source: 23093, dest: 53874, seq: 2513863163, ack: 80, window: 1448, data: "o vix, mel ea li"...
0.260 Sent: b'Z5\xd2r\x95\xd6\x81\xfb\x00\x00\x00PP\x00\x05\xa8\x00\x00\x00\x00o vix, mel ea li'...
0.261 Received: b'\xd2rZ5\x00\x00\x00P\x95\xd6\x87\xa3P\x10\x05\xa8\x00\x00\x00\x00'
0.262 Disassembled: source: 53874, dest: 23093, seq: 80, ack: 2513864611, window: 1448, ACK
0.262 Acknowledged seq: 2513863163
0.262 Assembling: source: 23093, dest: 53874, seq: 2513864611, ack: 81, window: 1448, data: "d. Ex fugit suav"...
0.262 Sent: b'Z5\xd2r\x95\xd6\x87\xa3\x00\x00\x00QP\x00\x05\xa8\x00\x00\x00\x00d. Ex fugit suav'...
0.264 Received: b'\xd2rZ5\x00\x00\x00Q\x95\xd6\x8dKP\x10\x05\xa8\x00\x00\x00\x00'
0.264 Disassembled: source: 53874, dest: 23093, seq: 81, ack: 2513866059, window: 1448, ACK
0.264 Acknowledged seq: 2513864611
0.264 Assembling: source: 23093, dest: 53874, seq: 2513866059, ack: 82, window: 1448, data: "pertinax nec. De"...
0.265 Sent: b'Z5\xd2r\x95\xd6\x8dK\x00\x00\x00RP\x00\x05\xa8\x00\x00\x00\x00pertinax nec. De'...
0.266 Received: b'\xd2rZ5\x00\x00\x00R\x95\xd6\x92\xf3P\x10\x05\xa8\x00\x00\x00\x00'
0.266 Disassembled: source: 53874, dest: 23093, seq: 82, ack: 2513867507, window: 1448, ACK
0.266 Acknowledged seq: 2513866059
0.267 Assembling: source: 23093, dest: 53874, seq: 2513867507, ack: 83, window: 1448, data: "lli primis praes"...
0.267 Sent: b'Z5\xd2r\x95\xd6\x92\xf3\x00\x00\x00SP\x00\x05\xa8\x00\x00\x00\x00lli primis praes'...
0.268 Received: b'\xd2rZ5\x00\x00\x00S\x95\xd6\x98\x9bP\x10\x05\xa8\x00\x00\x00\x00'
0.268 Disassembled: source: 53874, dest: 23093, seq: 83, ack: 2513868955, window: 1448, ACK
0.269 Acknowledged seq: 2513867507
0.269 Assembling: source: 23093, dest: 53874, seq: 2513868955, ack: 84, window: 1448, data: "m, percipit inte"...
0.269 Sent: b'Z5\xd2r\x95\xd6\x98\x9b\x00\x00\x00TP\x00\x05\xa8\x00\x00\x00\x00m, percipit inte'...
0.270 Received: b'\xd2rZ5\x00\x00\x00T\x95\xd6\x9eCP\x10\x05\xa8\x00\x00\x00\x00'
0.271 Disassembled: source: 53874, dest: 23093, seq: 84, ack: 2513870403, window: 1448, ACK
0.271 Acknowledged seq: 2513868955
0.271 Assembling: source: 23093, dest: 53874, seq: 2513870403, ack: 85, window: 1448, data: "nani docendi pat"...
0.271 Sent: b'Z5\xd2r\x95\xd6\x9eC\x00\x00\x00UP\x00\x05\xa8\x00\x00\x00\x00nani docendi pat'...
0.273 Received: b'\xd2rZ5\x00\x00\x00U\x95\xd6\xa3\xebP\x10\x05\xa8\x00\x00\x00\x00'
0.273 Disassembled: source: 53874, dest: 23093, seq: 85, ack: 2513871851, window: 1448, ACK
0.273 Acknowledged seq: 2513870403
0.273 Assembling: source: 23093, dest: 53874, seq: 2513871851, ack: 86, window: 1448, data: " vis decore poss"...
0.274 Sent: b'Z5\xd2r\x95\xd6\xa3\xeb\x00\x00\x00VP\x00\x05\xa8\x00\x00\x00\x00 vis decore poss'...
0.275 Received: b'\xd2rZ5\x00\x00\x00V\x95\xd6\xa9\x93P\x10\x05\xa8\x00\x00\x00\x00'
0.275 Disassembled: source: 53874, dest: 23093, seq: 86, ack: 2513873299, window: 1448, ACK
0.276 Acknowledged seq: 2513871851
0.276 Assembling: source: 23093, dest: 53874, seq: 2513873299, ack: 87, window: 1448, data: "eam odio corpora"...
0.276 Sent: b'Z5\xd2r\x95\xd6\xa9\x93\x00\x00\x00WP\x00\x05\xa8\x00\x00\x00\x00eam odio corpora'...
0.277 Received: b'\xd2rZ5\x00\x00\x00W\x95\xd6\xaf;P\x10\x05\xa8\x00\x00\x00\x00'
0.278 Disassembled: source: 53874, dest: 23093, seq: 87, ack: 2513874747, window: 1448, ACK
0.278 Acknowledged seq: 2513873299
0.278 Assembling: source: 23093, dest: 53874, seq: 2513874747, ack: 88, window: 1448, data: " est. Usu sanctu"...
0.278 Sent: b'Z5\xd2r\x95\xd6\xaf;\x00\x00\x00XP\x00\x05\xa8\x00\x00\x00\x00 est. Usu sanctu'...
0.280 Received: b'\xd2rZ5\x00\x00\x00X\x95\xd6\xb4\xe3P\x10\x05\xa8\x00\x00\x00\x00'
0.280 Disassembled: source: 53874, dest: 23093, seq: 88, ack: 2513876195, window: 1448, ACK
0.280 Acknowledged seq: 2513874747
0.281 Assembling: source: 23093, dest: 53874, seq: 2513876195, ack: 89, window: 1448, data: ".

Mei graeco ae"...
0.281 Sent: b'Z5\xd2r\x95\xd6\xb4\xe3\x00\x00\x00YP\x00\x05\xa8\x00\x00\x00\x00.\n\nMei graeco ae'...
0.282 Received: b'\xd2rZ5\x00\x00\x00Y\x95\xd6\xba\x8bP\x10\x05\xa8\x00\x00\x00\x00'
0.283 Disassembled: source: 53874, dest: 23093, seq: 89, ack: 2513877643, window: 1448, ACK
0.283 Acknowledged seq: 2513876195
0.283 Assembling: source: 23093, dest: 53874, seq: 2513877643, ack: 90, window: 1448, data: "et. Ne sea primi"...
0.283 Sent: b'Z5\xd2r\x95\xd6\xba\x8b\x00\x00\x00ZP\x00\x05\xa8\x00\x00\x00\x00et. Ne sea primi'...
0.285 Received: b'\xd2rZ5\x00\x00\x00Z\x95\xd6\xc03P\x10\x05\xa8\x00\x00\x00\x00'
0.285 Disassembled: source: 53874, dest: 23093, seq: 90, ack: 2513879091, window: 1448, ACK
0.285 Acknowledged seq: 2513877643
0.285 Assembling: source: 23093, dest: 53874, seq: 2513879091, ack: 91, window: 1448, data: "ittam convenire."...
0.286 Sent: b'Z5\xd2r\x95\xd6\xc03\x00\x00\x00[P\x00\x05\xa8\x00\x00\x00\x00ittam convenire.'...
0.287 Received: b'\xd2rZ5\x00\x00\x00[\x95\xd6\xc5\xdbP\x10\x05\xa8\x00\x00\x00\x00'
0.287 Disassembled: source: 53874, dest: 23093, seq: 91, ack: 2513880539, window: 1448, ACK
0.288 Acknowledged seq: 2513879091
0.288 Assembling: source: 23093, dest: 53874, seq: 2513880539, ack: 92, window: 1448, data: "ua et vis, id eu"...
0.288 Sent: b'Z5\xd2r\x95\xd6\xc5\xdb\x00\x00\x00\\P\x00\x05\xa8\x00\x00\x00\x00ua et vis, id eu'...
0.289 Received: b'\xd2rZ5\x00\x00\x00\\\x95\xd6\xcb\x83P\x10\x05\xa8\x00\x00\x00\x00'
0.290 Disassembled: source: 53874, dest: 23093, seq: 92, ack: 2513881987, window: 1448, ACK
0.290 Acknowledged seq: 2513880539
0.290 Assembling: source: 23093, dest: 53874, seq: 2513881987, ack: 93, window: 1448, data: "r. Et velit appa"...
0.290 Sent: b'Z5\xd2r\x95\xd6\xcb\x83\x00\x00\x00]P\x00\x05\xa8\x00\x00\x00\x00r. Et velit appa'...
0.292 Received: b'\xd2rZ5\x00\x00\x00]\x95\xd6\xd1+P\x10\x05\xa8\x00\x00\x00\x00'
0.292 Disassembled: source: 53874, dest: 23093, seq: 93, ack: 2513883435, window: 1448, ACK
0.292 Acknowledged seq: 2513881987
0.293 Assembling: source: 23093, dest: 53874, seq: 2513883435, ack: 94, window: 1448, data: " novum laudem, v"...
0.293 Sent: b'Z5\xd2r\x95\xd6\xd1+\x00\x00\x00^P\x00\x05\xa8\x00\x00\x00\x00 novum laudem, v'...
0.294 Received: b'\xd2rZ5\x00\x00\x00^\x95\xd6\xd6\xd3P\x10\x05\xa8\x00\x00\x00\x00'
0.295 Disassembled: source: 53874, dest: 23093, seq: 94, ack: 2513884883, window: 1448, ACK
0.295 Acknowledged seq: 2513883435
0.295 Assembling: source: 23093, dest: 53874, seq: 2513884883, ack: 95, window: 1448, data: "luptatibus, cibo"...
0.295 Sent: b'Z5\xd2r\x95\xd6\xd6\xd3\x00\x00\x00_P\x00\x05\xa8\x00\x00\x00\x00luptatibus, cibo'...
0.297 Received: b'\xd2rZ5\x00\x00\x00_\x95\xd6\xdc{P\x10\x05\xa8\x00\x00\x00\x00'
0.297 Disassembled: source: 53874, dest: 23093, seq: 95, ack: 2513886331, window: 1448, ACK
0.297 Acknowledged seq: 2513884883
0.298 Assembling: source: 23093, dest: 53874, seq: 2513886331, ack: 96, window: 1448, data: "alii indoctum ma"...
0.298 Sent: b'Z5\xd2r\x95\xd6\xdc{\x00\x00\x00`P\x00\x05\xa8\x00\x00\x00\x00alii indoctum ma'...
0.299 Received: b'\xd2rZ5\x00\x00\x00`\x95\xd6\xe2#P\x10\x05\xa8\x00\x00\x00\x00'
0.300 Disassembled: source: 53874, dest: 23093, seq: 96, ack: 2513887779, window: 1448, ACK
0.300 Acknowledged seq: 2513886331
0.300 Assembling: source: 23093, dest: 53874, seq: 2513887779, ack: 97, window: 1448, data: "im, his facete c"...
0.300 Sent: b'Z5\xd2r\x95\xd6\xe2#\x00\x00\x00aP\x00\x05\xa8\x00\x00\x00\x00im, his facete c'...
0.302 Received: b'\xd2rZ5\x00\x00\x00a\x95\xd6\xe7\xcbP\x10\x05\xa8\x00\x00\x00\x00'
0.302 Disassembled: source: 53874, dest: 23093, seq: 97, ack: 2513889227, window: 1448, ACK
0.302 Acknowledged seq: 2513887779
0.302 Assembling: source: 23093, dest: 53874, seq: 2513889227, ack: 98, window: 1448, data: "e alia dolor com"...
0.303 Sent: b'Z5\xd2r\x95\xd6\xe7\xcb\x00\x00\x00bP\x00\x05\xa8\x00\x00\x00\x00e alia dolor com'...
0.304 Received: b'\xd2rZ5\x00\x00\x00b\x95\xd6\xedsP\x10\x05\xa8\x00\x00\x00\x00'
0.305 Disassembled: source: 53874, dest: 23093, seq: 98, ack: 2513890675, window: 1448, ACK
0.305 Acknowledged seq: 2513889227
0.305 Assembling: source: 23093, dest: 53874, seq: 2513890675, ack: 99, window: 1448, data: "it ea, reque tem"...
0.305 Sent: b'Z5\xd2r\x95\xd6\xeds\x00\x00\x00cP\x00\x05\xa8\x00\x00\x00\x00it ea, reque tem'...
0.307 Received: b'\xd2rZ5\x00\x00\x00c\x95\xd6\xf3\x1bP\x10\x05\xa8\x00\x00\x00\x00'
0.307 Disassembled: source: 53874, dest: 23093, seq: 99, ack: 2513892123, window: 1448, ACK
0.307 Acknowledged seq: 2513890675
0.307 Assembling: source: 23093, dest: 53874, seq: 2513892123, ack: 100, window: 1448, data: "alisque.

Equide"...
0.308 Sent: b'Z5\xd2r\x95\xd6\xf3\x1b\x00\x00\x00dP\x00\x05\xa8\x00\x00\x00\x00alisque.\n\nEquide'...
0.309 Received: b'\xd2rZ5\x00\x00\x00d\x95\xd6\xf8\xc3P\x10\x05\xa8\x00\x00\x00\x00'
0.310 Disassembled: source: 53874, dest: 23093, seq: 100, ack: 2513893571, window: 1448, ACK
0.310 Acknowledged seq: 2513892123
0.310 Assembling: source: 23093, dest: 53874, seq: 2513893571, ack: 101, window: 1448, data: "finitiones, affe"...
0.310 Sent: b'Z5\xd2r\x95\xd6\xf8\xc3\x00\x00\x00eP\x00\x05\xa8\x00\x00\x00\x00finitiones, affe'...
0.312 Received: b'\xd2rZ5\x00\x00\x00e\x95\xd6\xfekP\x10\x05\xa8\x00\x00\x00\x00'
0.312 Disassembled: source: 53874, dest: 23093, seq: 101, ack: 2513895019, window: 1448, ACK
0.312 Acknowledged seq: 2513893571
0.312 Assembling: source: 23093, dest: 53874, seq: 2513895019, ack: 102, window: 1448, data: "his duis graeco "...
0.313 Sent: b'Z5\xd2r\x95\xd6\xfek\x00\x00\x00fP\x00\x05\xa8\x00\x00\x00\x00his duis graeco '...
0.314 Received: b'\xd2rZ5\x00\x00\x00f\x95\xd7\x04\x13P\x10\x05\xa8\x00\x00\x00\x00'
0.314 Disassembled: source: 53874, dest: 23093, seq: 102, ack: 2513896467, window: 1448, ACK
0.315 Acknowledged seq: 2513895019
0.315 Assembling: source: 23093, dest: 53874, seq: 2513896467, ack: 103, window: 1448, data: "am. Alia possit "...
0.315 Sent: b'Z5\xd2r\x95\xd7\x04\x13\x00\x00\x00gP\x00\x05\xa8\x00\x00\x00\x00am. Alia possit '...
0.316 Received: b'\xd2rZ5\x00\x00\x00g\x95\xd7\t\xbbP\x10\x05\xa8\x00\x00\x00\x00'
0.317 Disassembled: source: 53874, dest: 23093, seq: 103, ack: 2513897915, window: 1448, ACK
0.317 Acknowledged seq: 2513896467
0.317 Assembling: source: 23093, dest: 53874, seq: 2513897915, ack: 104, window: 1448, data: "cum an. Mei faci"...
0.317 Sent: b'Z5\xd2r\x95\xd7\t\xbb\x00\x00\x00hP\x00\x05\xa8\x00\x00\x00\x00cum an. Mei faci'...
0.319 Received: b'\xd2rZ5\x00\x00\x00h\x95\xd7\x0fcP\x10\x05\xa8\x00\x00\x00\x00'
0.319 Disassembled: source: 53874, dest: 23093, seq: 104, ack: 2513899363, window: 1448, ACK
0.319 Acknowledged seq: 2513897915
0.320 Assembling: source: 23093, dest: 53874, seq: 2513899363, ack: 105, window: 1448, data: " vis adhuc tatio"...
0.320 Sent: b'Z5\xd2r\x95\xd7\x0fc\x00\x00\x00iP\x00\x05\xa8\x00\x00\x00\x00 vis adhuc tatio'...
0.321 Received: b'\xd2rZ5\x00\x00\x00i\x95\xd7\x15\x0bP\x10\x05\xa8\x00\x00\x00\x00'
0.322 Disassembled: source: 53874, dest: 23093, seq: 105, ack: 2513900811, window: 1448, ACK
0.322 Acknowledged seq: 2513899363
0.322 Assembling: source: 23093, dest: 53874, seq: 2513900811, ack: 106, window: 1448, data: "im eu option iuv"...
0.322 Sent: b'Z5\xd2r\x95\xd7\x15\x0b\x00\x00\x00jP\x00\x05\xa8\x00\x00\x00\x00im eu option iuv'...
0.324 Received: b'\xd2rZ5\x00\x00\x00j\x95\xd7\x1a\xb3P\x10\x05\xa8\x00\x00\x00\x00'
0.324 Disassembled: source: 53874, dest: 23093, seq: 106, ack: 2513902259, window: 1448, ACK
0.325 Acknowledged seq: 2513900811
0.325 Assembling: source: 23093, dest: 53874, seq: 2513902259, ack: 107, window: 1448, data: "ex epicurei taci"...
0.325 Sent: b'Z5\xd2r\x95\xd7\x1a\xb3\x00\x00\x00kP\x00\x05\xa8\x00\x00\x00\x00ex epicurei taci'...
0.326 Received: b'\xd2rZ5\x00\x00\x00k\x95\xd7 [P\x10\x05\xa8\x00\x00\x00\x00'
0.327 Disassembled: source: 53874, dest: 23093, seq: 107, ack: 2513903707, window: 1448, ACK
0.327 Acknowledged seq: 2513902259
0.327 Assembling: source: 23093, dest: 53874, seq: 2513903707, ack: 108, window: 1448, data: "ebat, eu pro ero"...
0.328 Sent: b'Z5\xd2r\x95\xd7 [\x00\x00\x00lP\x00\x05\xa8\x00\x00\x00\x00ebat, eu pro ero'...
0.329 Received: b'\xd2rZ5\x00\x00\x00l\x95\xd7&\x03P\x10\x05\xa8\x00\x00\x00\x00'
0.329 Disassembled: source: 53874, dest: 23093, seq: 108, ack: 2513905155, window: 1448, ACK
0.330 Acknowledged seq: 2513903707
0.330 Assembling: source: 23093, dest: 53874, seq: 2513905155, ack: 109, window: 1448, data: "s. Per no sale v"...
0.330 Sent: b'Z5\xd2r\x95\xd7&\x03\x00\x00\x00mP\x00\x05\xa8\x00\x00\x00\x00s. Per no sale v'...
0.332 Received: b'\xd2rZ5\x00\x00\x00m\x95\xd7+\xabP\x10\x05\xa8\x00\x00\x00\x00'
0.332 Disassembled: source: 53874, dest: 23093, seq: 109, ack: 2513906603, window: 1448, ACK
0.332 Acknowledged seq: 2513905155
0.332 Assembling: source: 23093, dest: 53874, seq: 2513906603, ack: 110, window: 1448, data: "orrupte ea mel. "...
0.333 Sent: b'Z5\xd2r\x95\xd7+\xab\x00\x00\x00nP\x00\x05\xa8\x00\x00\x00\x00orrupte ea mel. '...
0.334 Received: b'\xd2rZ5\x00\x00\x00n\x95\xd71SP\x10\x05\xa8\x00\x00\x00\x00'
0.334 Disassembled: source: 53874, dest: 23093, seq: 110, ack: 2513908051, window: 1448, ACK
0.335 Acknowledged seq: 2513906603
0.335 Assembling: source: 23093, dest: 53874, seq: 2513908051, ack: 111, window: 1448, data: ". Est iracundia "...
0.335 Sent: b'Z5\xd2r\x95\xd71S\x00\x00\x00oP\x00\x05\xa8\x00\x00\x00\x00. Est iracundia '...
0.337 Received: b'\xd2rZ5\x00\x00\x00o\x95\xd76\xfbP\x10\x05\xa8\x00\x00\x00\x00'
0.337 Disassembled: source: 53874, dest: 23093, seq: 111, ack: 2513909499, window: 1448, ACK
0.337 Acknowledged seq: 2513908051
0.337 Assembling: source: 23093, dest: 53874, seq: 2513909499, ack: 112, window: 1448, data: "pta probatus scr"...
0.338 Sent: b'Z5\xd2r\x95\xd76\xfb\x00\x00\x00pP\x00\x05\xa8\x00\x00\x00\x00pta probatus scr'...
0.339 Received: b'\xd2rZ5\x00\x00\x00p\x95\xd7<\xa3P\x10\x05\xa8\x00\x00\x00\x00'
0.339 Disassembled: source: 53874, dest: 23093, seq: 112, ack: 2513910947, window: 1448, ACK
0.340 Acknowledged seq: 2513909499
0.340 Assembling: source: 23093, dest: 53874, seq: 2513910947, ack: 113, window: 1448, data: "entur ei, pro ei"...
0.340 Sent: b'Z5\xd2r\x95\xd7<\xa3\x00\x00\x00qP\x00\x05\xa8\x00\x00\x00\x00entur ei, pro ei'...
0.342 Received: b'\xd2rZ5\x00\x00\x00q\x95\xd7BKP\x10\x05\xa8\x00\x00\x00\x00'
0.342 Disassembled: source: 53874, dest: 23093, seq: 113, ack: 2513912395, window: 1448, ACK
0.342 Acknowledged seq: 2513910947
0.342 Assembling: source: 23093, dest: 53874, seq: 2513912395, ack: 114, window: 1448, data: "simul euismod vi"...
0.343 Sent: b'Z5\xd2r\x95\xd7BK\x00\x00\x00rP\x00\x05\xa8\x00\x00\x00\x00simul euismod vi'...
0.344 Received: b'\xd2rZ5\x00\x00\x00r\x95\xd7G\xf3P\x10\x05\xa8\x00\x00\x00\x00'
0.345 Disassembled: source: 53874, dest: 23093, seq: 114, ack: 2513913843, window: 1448, ACK
0.345 Acknowledged seq: 2513912395
0.345 Assembling: source: 23093, dest: 53874, seq: 2513913843, ack: 115, window: 1448, data: ", eam id iudico "...
0.345 Sent: b'Z5\xd2r\x95\xd7G\xf3\x00\x00\x00sP\x00\x05\xa8\x00\x00\x00\x00, eam id iudico '...
0.347 Received: b'\xd2rZ5\x00\x00\x00s\x95\xd7M\x9bP\x10\x05\xa8\x00\x00\x00\x00'
0.347 Disassembled: source: 53874, dest: 23093, seq: 115, ack: 2513915291, window: 1448, ACK
0.347 Acknowledged seq: 2513913843
0.348 Assembling: source: 23093, dest: 53874, seq: 2513915291, ack: 116, window: 1448, data: "m vix. Ea est mu"...
0.348 Sent: b'Z5\xd2r\x95\xd7M\x9b\x00\x00\x00tP\x00\x05\xa8\x00\x00\x00\x00m vix. Ea est mu'...
0.349 Received: b'\xd2rZ5\x00\x00\x00t\x95\xd7SCP\x10\x05\xa8\x00\x00\x00\x00'
0.350 Disassembled: source: 53874, dest: 23093, seq: 116, ack: 2513916739, window: 1448, ACK
0.350 Acknowledged seq: 2513915291
0.350 Assembling: source: 23093, dest: 53874, seq: 2513916739, ack: 117, window: 1448, data: "olor sit amet, e"...
0.350 Sent: b'Z5\xd2r\x95\xd7SC\x00\x00\x00uP\x00\x05\xa8\x00\x00\x00\x00olor sit amet, e'...
0.352 Received: b'\xd2rZ5\x00\x00\x00u\x95\xd7X\xebP\x10\x05\xa8\x00\x00\x00\x00'
0.352 Disassembled: source: 53874, dest: 23093, seq: 117, ack: 2513918187, window: 1448, ACK
0.352 Acknowledged seq: 2513916739
0.353 Assembling: source: 23093, dest: 53874, seq: 2513918187, ack: 118, window: 1448, data: "m, aperiam iudic"...
0.353 Sent: b'Z5\xd2r\x95\xd7X\xeb\x00\x00\x00vP\x00\x05\xa8\x00\x00\x00\x00m, aperiam iudic'...
0.354 Received: b'\xd2rZ5\x00\x00\x00v\x95\xd7^\x93P\x10\x05\xa8\x00\x00\x00\x00'
0.355 Disassembled: source: 53874, dest: 23093, seq: 118, ack: 2513919635, window: 1448, ACK
0.355 Acknowledged seq: 2513918187
0.355 Assembling: source: 23093, dest: 53874, seq: 2513919635, ack: 119, window: 1448, data: "re sea. No eos d"...
0.355 Sent: b'Z5\xd2r\x95\xd7^\x93\x00\x00\x00wP\x00\x05\xa8\x00\x00\x00\x00re sea. No eos d'...
0.357 Received: b'\xd2rZ5\x00\x00\x00w\x95\xd7d;P\x10\x05\xa8\x00\x00\x00\x00'
0.357 Disassembled: source: 53874, dest: 23093, seq: 119, ack: 2513921083, window: 1448, ACK
0.357 Acknowledged seq: 2513919635
0.358 Assembling: source: 23093, dest: 53874, seq: 2513921083, ack: 120, window: 1448, data: "t scripta philos"...
0.358 Sent: b'Z5\xd2r\x95\xd7d;\x00\x00\x00xP\x00\x05\xa8\x00\x00\x00\x00t scripta philos'...
0.359 Received: b'\xd2rZ5\x00\x00\x00x\x95\xd7i\xe3P\x10\x05\xa8\x00\x00\x00\x00'
0.360 Disassembled: source: 53874, dest: 23093, seq: 120, ack: 2513922531, window: 1448, ACK
0.360 Acknowledged seq: 2513921083
0.360 Assembling: source: 23093, dest: 53874, seq: 2513922531, ack: 121, window: 1448, data: "tos sadipscing e"...
0.360 Sent: b'Z5\xd2r\x95\xd7i\xe3\x00\x00\x00yP\x00\x05\xa8\x00\x00\x00\x00tos sadipscing e'...
0.362 Received: b'\xd2rZ5\x00\x00\x00y\x95\xd7o\x8bP\x10\x05\xa8\x00\x00\x00\x00'
0.362 Disassembled: source: 53874, dest: 23093, seq: 121, ack: 2513923979, window: 1448, ACK
0.362 Acknowledged seq: 2513922531
0.363 Assembling: source: 23093, dest: 53874, seq: 2513923979, ack: 122, window: 1448, data: "sapientem ea, ad"...
0.363 Sent: b'Z5\xd2r\x95\xd7o\x8b\x00\x00\x00zP\x00\x05\xa8\x00\x00\x00\x00sapientem ea, ad'...
0.364 Received: b'\xd2rZ5\x00\x00\x00z\x95\xd7u3P\x10\x05\xa8\x00\x00\x00\x00'
0.365 Disassembled: source: 53874, dest: 23093, seq: 122, ack: 2513925427, window: 1448, ACK
0.365 Acknowledged seq: 2513923979
0.365 Assembling: source: 23093, dest: 53874, seq: 2513925427, ack: 123, window: 1448, data: "g, ei invenire p"...
0.365 Sent: b'Z5\xd2r\x95\xd7u3\x00\x00\x00{P\x00\x05\xa8\x00\x00\x00\x00g, ei invenire p'...
0.367 Received: b'\xd2rZ5\x00\x00\x00{\x95\xd7z\xdbP\x10\x05\xa8\x00\x00\x00\x00'
0.367 Disassembled: source: 53874, dest: 23093, seq: 123, ack: 2513926875, window: 1448, ACK
0.367 Acknowledged seq: 2513925427
0.368 Assembling: source: 23093, dest: 53874, seq: 2513926875, ack: 124, window: 1448, data: "endo at. Qui id "...
0.368 Sent: b'Z5\xd2r\x95\xd7z\xdb\x00\x00\x00|P\x00\x05\xa8\x00\x00\x00\x00endo at. Qui id '...
0.369 Received: b'\xd2rZ5\x00\x00\x00|\x95\xd7\x80\x83P\x10\x05\xa8\x00\x00\x00\x00'
0.370 Disassembled: source: 53874, dest: 23093, seq: 124, ack: 2513928323, window: 1448, ACK
0.370 Acknowledged seq: 2513926875
0.370 Assembling: source: 23093, dest: 53874, seq: 2513928323, ack: 125, window: 1448, data: "ota nostrum et p"...
0.370 Sent: b'Z5\xd2r\x95\xd7\x80\x83\x00\x00\x00}P\x00\x05\xa8\x00\x00\x00\x00ota nostrum et p'...
0.372 Received: b'\xd2rZ5\x00\x00\x00}\x95\xd7\x86+P\x10\x05\xa8\x00\x00\x00\x00'
0.372 Disassembled: source: 53874, dest: 23093, seq: 125, ack: 2513929771, window: 1448, ACK
0.372 Acknowledged seq: 2513928323
0.372 Assembling: source: 23093, dest: 53874, seq: 2513929771, ack: 126, window: 1448, data: "deseruisse id. P"...
0.373 Sent: b'Z5\xd2r\x95\xd7\x86+\x00\x00\x00~P\x00\x05\xa8\x00\x00\x00\x00deseruisse id. P'...
0.374 Received: b'\xd2rZ5\x00\x00\x00~\x95\xd7\x8b\xd3P\x10\x05\xa8\x00\x00\x00\x00'
0.374 Disassembled: source: 53874, dest: 23093, seq: 126, ack: 2513931219, window: 1448, ACK
0.375 Acknowledged seq: 2513929771
0.375 Assembling: source: 23093, dest: 53874, seq: 2513931219, ack: 127, window: 1448, data: "odo munere imper"...
0.375 Sent: b'Z5\xd2r\x95\xd7\x8b\xd3\x00\x00\x00\x7fP\x00\x05\xa8\x00\x00\x00\x00odo munere imper'...
0.376 Received: b'\xd2rZ5\x00\x00\x00\x7f\x95\xd7\x91{P\x10\x05\xa8\x00\x00\x00\x00'
0.377 Disassembled: source: 53874, dest: 23093, seq: 127, ack: 2513932667, window: 1448, ACK
0.377 Acknowledged seq: 2513931219
0.377 Assembling: source: 23093, dest: 53874, seq: 2513932667, ack: 128, window: 1448, data: "cimates cum, tib"...
0.377 Sent: b'Z5\xd2r\x95\xd7\x91{\x00\x00\x00\x80P\x00\x05\xa8\x00\x00\x00\x00cimates cum, tib'...
0.379 Received: b'\xd2rZ5\x00\x00\x00\x80\x95\xd7\x97#P\x10\x05\xa8\x00\x00\x00\x00'
0.379 Disassembled: source: 53874, dest: 23093, seq: 128, ack: 2513934115, window: 1448, ACK
0.379 Acknowledged seq: 2513932667
0.380 Assembling: source: 23093, dest: 53874, seq: 2513934115, ack: 129, window: 1448, data: "tiopam molestiae"...
0.380 Sent: b'Z5\xd2r\x95\xd7\x97#\x00\x00\x00\x81P\x00\x05\xa8\x00\x00\x00\x00tiopam molestiae'...
0.381 Received: b'\xd2rZ5\x00\x00\x00\x81\x95\xd7\x9c\xcbP\x10\x05\xa8\x00\x00\x00\x00'
0.382 Disassembled: source: 53874, dest: 23093, seq: 129, ack: 2513935563, window: 1448, ACK
0.382 Acknowledged seq: 2513934115
0.382 Assembling: source: 23093, dest: 53874, seq: 2513935563, ack: 130, window: 1448, data: "possim qui no, v"...
0.382 Sent: b'Z5\xd2r\x95\xd7\x9c\xcb\x00\x00\x00\x82P\x00\x05\xa8\x00\x00\x00\x00possim qui no, v'...
0.384 Received: b'\xd2rZ5\x00\x00\x00\x82\x95\xd7\xa2sP\x10\x05\xa8\x00\x00\x00\x00'
0.384 Disassembled: source: 53874, dest: 23093, seq: 130, ack: 2513937011, window: 1448, ACK
0.384 Acknowledged seq: 2513935563
0.385 Assembling: source: 23093, dest: 53874, seq: 2513937011, ack: 131, window: 1448, data: " ex utinam parti"...
0.385 Sent: b'Z5\xd2r\x95\xd7\xa2s\x00\x00\x00\x83P\x00\x05\xa8\x00\x00\x00\x00 ex utinam parti'...
0.386 Received: b'\xd2rZ5\x00\x00\x00\x83\x95\xd7\xa8\x1bP\x10\x05\xa8\x00\x00\x00\x00'
0.387 Disassembled: source: 53874, dest: 23093, seq: 131, ack: 2513938459, window: 1448, ACK
0.387 Acknowledged seq: 2513937011
0.387 Assembling: source: 23093, dest: 53874, seq: 2513938459, ack: 132, window: 1448, data: "icus in his. Pri"...
0.387 Sent: b'Z5\xd2r\x95\xd7\xa8\x1b\x00\x00\x00\x84P\x00\x05\xa8\x00\x00\x00\x00icus in his. Pri'...
0.389 Received: b'\xd2rZ5\x00\x00\x00\x84\x95\xd7\xad\xc3P\x10\x05\xa8\x00\x00\x00\x00'
0.389 Disassembled: source: 53874, dest: 23093, seq: 132, ack: 2513939907, window: 1448, ACK
0.389 Acknowledged seq: 2513938459
0.389 Assembling: source: 23093, dest: 53874, seq: 2513939907, ack: 133, window: 1448, data: "iis et.

Ius cu "...
0.390 Sent: b'Z5\xd2r\x95\xd7\xad\xc3\x00\x00\x00\x85P\x00\x05\xa8\x00\x00\x00\x00iis et.\n\nIus cu '...
0.391 Received: b'\xd2rZ5\x00\x00\x00\x85\x95\xd7\xb3kP\x10\x05\xa8\x00\x00\x00\x00'
0.392 Disassembled: source: 53874, dest: 23093, seq: 133, ack: 2513941355, window: 1448, ACK
0.392 Acknowledged seq: 2513939907
0.392 Assembling: source: 23093, dest: 53874, seq: 2513941355, ack: 134, window: 1448, data: "e interesset.

T"...
0.392 Sent: b'Z5\xd2r\x95\xd7\xb3k\x00\x00\x00\x86P\x00\x05\xa8\x00\x00\x00\x00e interesset.\n\nT'...
0.394 Received: b'\xd2rZ5\x00\x00\x00\x86\x95\xd7\xb9\x13P\x10\x05\xa8\x00\x00\x00\x00'
0.394 Disassembled: source: 53874, dest: 23093, seq: 134, ack: 2513942803, window: 1448, ACK
0.394 Acknowledged seq: 2513941355
0.394 Assembling: source: 23093, dest: 53874, seq: 2513942803, ack: 135, window: 1448, data: "pro alia volutpa"...
0.395 Sent: b'Z5\xd2r\x95\xd7\xb9\x13\x00\x00\x00\x87P\x00\x05\xa8\x00\x00\x00\x00pro alia volutpa'...
0.396 Received: b'\xd2rZ5\x00\x00\x00\x87\x95\xd7\xbe\xbbP\x10\x05\xa8\x00\x00\x00\x00'
0.397 Disassembled: source: 53874, dest: 23093, seq: 135, ack: 2513944251, window: 1448, ACK
0.397 Acknowledged seq: 2513942803
0.397 Assembling: source: 23093, dest: 53874, seq: 2513944251, ack: 136, window: 1448, data: " libris equidem "...
0.397 Sent: b'Z5\xd2r\x95\xd7\xbe\xbb\x00\x00\x00\x88P\x00\x05\xa8\x00\x00\x00\x00 libris equidem '...
0.399 Received: b'\xd2rZ5\x00\x00\x00\x88\x95\xd7\xc4cP\x10\x05\xa8\x00\x00\x00\x00'
0.399 Disassembled: source: 53874, dest: 23093, seq: 136, ack: 2513945699, window: 1448, ACK
0.399 Acknowledged seq: 2513944251
0.399 Assembling: source: 23093, dest: 53874, seq: 2513945699, ack: 137, window: 1448, data: "uavitate volupta"...
0.400 Sent: b'Z5\xd2r\x95\xd7\xc4c\x00\x00\x00\x89P\x00\x05\xa8\x00\x00\x00\x00uavitate volupta'...
0.401 Received: b'\xd2rZ5\x00\x00\x00\x89\x95\xd7\xca\x0bP\x10\x05\xa8\x00\x00\x00\x00'
0.402 Disassembled: source: 53874, dest: 23093, seq: 137, ack: 2513947147, window: 1448, ACK
0.402 Acknowledged seq: 2513945699
0.402 Assembling: source: 23093, dest: 53874, seq: 2513947147, ack: 138, window: 1448, data: " Detraxit defini"...
0.402 Sent: b'Z5\xd2r\x95\xd7\xca\x0b\x00\x00\x00\x8aP\x00\x05\xa8\x00\x00\x00\x00 Detraxit defini'...
0.404 Received: b'\xd2rZ5\x00\x00\x00\x8a\x95\xd7\xcf\xb3P\x10\x05\xa8\x00\x00\x00\x00'
0.404 Disassembled: source: 53874, dest: 23093, seq: 138, ack: 2513948595, window: 1448, ACK
0.404 Acknowledged seq: 2513947147
0.405 Assembling: source: 23093, dest: 53874, seq: 2513948595, ack: 139, window: 1448, data: "aesent mei. Quo "...
0.405 Sent: b'Z5\xd2r\x95\xd7\xcf\xb3\x00\x00\x00\x8bP\x00\x05\xa8\x00\x00\x00\x00aesent mei. Quo '...
0.406 Received: b'\xd2rZ5\x00\x00\x00\x8b\x95\xd7\xd5[P\x10\x05\xa8\x00\x00\x00\x00'
0.407 Disassembled: source: 53874, dest: 23093, seq: 139, ack: 2513950043, window: 1448, ACK
0.407 Acknowledged seq: 2513948595
0.407 Assembling: source: 23093, dest: 53874, seq: 2513950043, ack: 140, window: 1448, data: "nterpretaris no "...
0.407 Sent: b'Z5\xd2r\x95\xd7\xd5[\x00\x00\x00\x8cP\x00\x05\xa8\x00\x00\x00\x00nterpretaris no '...
0.409 Received: b'\xd2rZ5\x00\x00\x00\x8c\x95\xd7\xdb\x03P\x10\x05\xa8\x00\x00\x00\x00'
0.409 Disassembled: source: 53874, dest: 23093, seq: 140, ack: 2513951491, window: 1448, ACK
0.410 Acknowledged seq: 2513950043
0.410 Assembling: source: 23093, dest: 53874, seq: 2513951491, ack: 141, window: 1448, data: "patrioque has. I"...
0.410 Sent: b'Z5\xd2r\x95\xd7\xdb\x03\x00\x00\x00\x8dP\x00\x05\xa8\x00\x00\x00\x00patrioque has. I'...
0.412 Received: b'\xd2rZ5\x00\x00\x00\x8d\x95\xd7\xe0\xabP\x10\x05\xa8\x00\x00\x00\x00'
0.412 Disassembled: source: 53874, dest: 23093, seq: 141, ack: 2513952939, window: 1448, ACK
0.412 Acknowledged seq: 2513951491
0.412 Assembling: source: 23093, dest: 53874, seq: 2513952939, ack: 142, window: 1448, data: "ossit repudianda"...
0.413 Sent: b'Z5\xd2r\x95\xd7\xe0\xab\x00\x00\x00\x8eP\x00\x05\xa8\x00\x00\x00\x00ossit repudianda'...
0.414 Received: b'\xd2rZ5\x00\x00\x00\x8e\x95\xd7\xe6SP\x10\x05\xa8\x00\x00\x00\x00'
0.415 Disassembled: source: 53874, dest: 23093, seq: 142, ack: 2513954387, window: 1448, ACK
0.415 Acknowledged seq: 2513952939
0.415 Assembling: source: 23093, dest: 53874, seq: 2513954387, ack: 143, window: 1448, data: "ora consequuntur"...
0.415 Sent: b'Z5\xd2r\x95\xd7\xe6S\x00\x00\x00\x8fP\x00\x05\xa8\x00\x00\x00\x00ora consequuntur'...
0.417 Received: b'\xd2rZ5\x00\x00\x00\x8f\x95\xd7\xeb\xfbP\x10\x05\xa8\x00\x00\x00\x00'
0.417 Disassembled: source: 53874, dest: 23093, seq: 143, ack: 2513955835, window: 1448, ACK
0.417 Acknowledged seq: 2513954387
0.417 Assembling: source: 23093, dest: 53874, seq: 2513955835, ack: 144, window: 1448, data: "ctus conceptam a"...
0.418 Sent: b'Z5\xd2r\x95\xd7\xeb\xfb\x00\x00\x00\x90P\x00\x05\xa8\x00\x00\x00\x00ctus conceptam a'...
0.419 Received: b'\xd2rZ5\x00\x00\x00\x90\x95\xd7\xf1\xa3P\x10\x05\xa8\x00\x00\x00\x00'
0.420 Disassembled: source: 53874, dest: 23093, seq: 144, ack: 2513957283, window: 1448, ACK
0.420 Acknowledged seq: 2513955835
0.420 Assembling: source: 23093, dest: 53874, seq: 2513957283, ack: 145, window: 1448, data: " aeterno te, ne "...
0.420 Sent: b'Z5\xd2r\x95\xd7\xf1\xa3\x00\x00\x00\x91P\x00\x05\xa8\x00\x00\x00\x00 aeterno te, ne '...
0.422 Received: b'\xd2rZ5\x00\x00\x00\x91\x95\xd7\xf7KP\x10\x05\xa8\x00\x00\x00\x00'
0.422 Disassembled: source: 53874, dest: 23093, seq: 145, ack: 2513958731, window: 1448, ACK
0.423 Acknowledged seq: 2513957283
0.423 Assembling: source: 23093, dest: 53874, seq: 2513958731, ack: 146, window: 1448, data: "imis oporteat di"...
0.423 Sent: b'Z5\xd2r\x95\xd7\xf7K\x00\x00\x00\x92P\x00\x05\xa8\x00\x00\x00\x00imis oporteat di'...
0.424 Received: b'\xd2rZ5\x00\x00\x00\x92\x95\xd7\xfc\xf3P\x10\x05\xa8\x00\x00\x00\x00'
0.425 Disassembled: source: 53874, dest: 23093, seq: 146, ack: 2513960179, window: 1448, ACK
0.425 Acknowledged seq: 2513958731
0.425 Assembling: source: 23093, dest: 53874, seq: 2513960179, ack: 147, window: 1448, data: "re. Has virtute "...
0.426 Sent: b'Z5\xd2r\x95\xd7\xfc\xf3\x00\x00\x00\x93P\x00\x05\xa8\x00\x00\x00\x00re. Has virtute '...
0.427 Received: b'\xd2rZ5\x00\x00\x00\x93\x95\xd8\x02\x9bP\x10\x05\xa8\x00\x00\x00\x00'
0.427 Disassembled: source: 53874, dest: 23093, seq: 147, ack: 2513961627, window: 1448, ACK
0.428 Acknowledged seq: 2513960179
0.428 Assembling: source: 23093, dest: 53874, seq: 2513961627, ack: 148, window: 1448, data: " eum ancillae no"...
0.428 Sent: b'Z5\xd2r\x95\xd8\x02\x9b\x00\x00\x00\x94P\x00\x05\xa8\x00\x00\x00\x00 eum ancillae no'...
0.430 Received: b'\xd2rZ5\x00\x00\x00\x94\x95\xd8\x08CP\x10\x05\xa8\x00\x00\x00\x00'
0.430 Disassembled: source: 53874, dest: 23093, seq: 148, ack: 2513963075, window: 1448, ACK
0.430 Acknowledged seq: 2513961627
0.431 Assembling: source: 23093, dest: 53874, seq: 2513963075, ack: 149, window: 1448, data: "ppareat ius. At "...
0.431 Sent: b'Z5\xd2r\x95\xd8\x08C\x00\x00\x00\x95P\x00\x05\xa8\x00\x00\x00\x00ppareat ius. At '...
0.432 Received: b'\xd2rZ5\x00\x00\x00\x95\x95\xd8\r\xebP\x10\x05\xa8\x00\x00\x00\x00'
0.433 Disassembled: source: 53874, dest: 23093, seq: 149, ack: 2513964523, window: 1448, ACK
0.433 Acknowledged seq: 2513963075
0.433 Assembling: source: 23093, dest: 53874, seq: 2513964523, ack: 150, window: 1448, data: ", vero appellant"...
0.434 Sent: b'Z5\xd2r\x95\xd8\r\xeb\x00\x00\x00\x96P\x00\x05\xa8\x00\x00\x00\x00, vero appellant'...
0.435 Received: b'\xd2rZ5\x00\x00\x00\x96\x95\xd8\x13\x93P\x10\x05\xa8\x00\x00\x00\x00'
0.435 Disassembled: source: 53874, dest: 23093, seq: 150, ack: 2513965971, window: 1448, ACK
0.436 Acknowledged seq: 2513964523
0.436 Assembling: source: 23093, dest: 53874, seq: 2513965971, ack: 151, window: 1448, data: "ibo quando copio"...
0.436 Sent: b'Z5\xd2r\x95\xd8\x13\x93\x00\x00\x00\x97P\x00\x05\xa8\x00\x00\x00\x00ibo quando copio'...
0.438 Received: b'\xd2rZ5\x00\x00\x00\x97\x95\xd8\x19;P\x10\x05\xa8\x00\x00\x00\x00'
0.438 Disassembled: source: 53874, dest: 23093, seq: 151, ack: 2513967419, window: 1448, ACK
0.438 Acknowledged seq: 2513965971
0.439 Assembling: source: 23093, dest: 53874, seq: 2513967419, ack: 152, window: 1448, data: " maluisset. Sit "...
0.439 Sent: b'Z5\xd2r\x95\xd8\x19;\x00\x00\x00\x98P\x00\x05\xa8\x00\x00\x00\x00 maluisset. Sit '...
0.441 Received: b'\xd2rZ5\x00\x00\x00\x98\x95\xd8\x1e\xe3P\x10\x05\xa8\x00\x00\x00\x00'
0.441 Disassembled: source: 53874, dest: 23093, seq: 152, ack: 2513968867, window: 1448, ACK
0.441 Acknowledged seq: 2513967419
0.441 Assembling: source: 23093, dest: 53874, seq: 2513968867, ack: 153, window: 1448, data: "e ceteros albuci"...
0.442 Sent: b'Z5\xd2r\x95\xd8\x1e\xe3\x00\x00\x00\x99P\x00\x05\xa8\x00\x00\x00\x00e ceteros albuci'...
0.443 Received: b'\xd2rZ5\x00\x00\x00\x99\x95\xd8$\x8bP\x10\x05\xa8\x00\x00\x00\x00'
0.444 Disassembled: source: 53874, dest: 23093, seq: 153, ack: 2513970315, window: 1448, ACK
0.444 Acknowledged seq: 2513968867
0.444 Assembling: source: 23093, dest: 53874, seq: 2513970315, ack: 154, window: 1448, data: "complectitur sea"...
0.445 Sent: b'Z5\xd2r\x95\xd8$\x8b\x00\x00\x00\x9aP\x00\x05\xa8\x00\x00\x00\x00complectitur sea'...
0.446 Received: b'\xd2rZ5\x00\x00\x00\x9a\x95\xd8*3P\x10\x05\xa8\x00\x00\x00\x00'
0.447 Disassembled: source: 53874, dest: 23093, seq: 154, ack: 2513971763, window: 1448, ACK
0.447 Acknowledged seq: 2513970315
0.447 Finished reading file
0.447 Assembling: source: 23093, dest: 53874, seq: 2513971763, ack: 155, window: 1448, data: "tempor ex ius. E"...
0.447 Sent: b'Z5\xd2r\x95\xd8*3\x00\x00\x00\x9bP\x00\x05\xa8\x00\x00\x00\x00tempor ex ius. E'...
0.449 Received: b'\xd2rZ5\x00\x00\x00\x9b\x95\xd8*\x91P\x10\x05\xa8\x00\x00\x00\x00'
0.449 Disassembled: source: 53874, dest: 23093, seq: 155, ack: 2513971857, window: 1448, ACK
0.450 Acknowledged seq: 2513971763
0.450 Assembling: source: 23093, dest: 53874, seq: 2513971857, ack: 156, window: 1448, ACK, FIN
0.450 Sent: b'Z5\xd2r\x95\xd8*\x91\x00\x00\x00\x9cP\x11\x05\xa8\x00\x00\x00\x00'
0.452 Received: b'\xd2rZ5\x00\x00\x00\x9c\x95\xd8*\x92P\x10\x05\xa8\x00\x00\x00\x00'
0.452 Disassembled: source: 53874, dest: 23093, seq: 156, ack: 2513971858, window: 1448, ACK
0.452 FIN accepted; sending final packet
0.453 Assembling: source: 23093, dest: 53874, seq: 2513971858, ack: 156, window: 1448, ACK
0.453 Sent: b'Z5\xd2r\x95\xd8*\x92\x00\x00\x00\x9cP\x10\x05\xa8\x00\x00\x00\x00'
0.453 Closed connection
0.454 Shutting down
