0.000 NEW RUN: Server, TEST: Read_file__Small_multi-packet
0.221 Received: b'\x8f\xd4\xac3\x00\x00\x00]\x00\x00\x00\x00P\x02\x05\xa8\x00\x00\x00\x00'
0.222 Disassembled: source: 36820, dest: 44083, seq: 93, window: 1448, SYN
0.222 SYN accepted; new connection: 127.0.0.1 on port 36820
0.222 Assembling: source: 44083, dest: 36820, seq: 2513310777, ack: 94, window: 1448, ACK, SYN
0.222 Sent: b'\xac3\x8f\xd4\x95\xce\x149\x00\x00\x00^P\x12\x05\xa8\x00\x00\x00\x00'
0.224 Received: b'\x8f\xd4\xac3\x00\x00\x00^\x95\xce\x14:P\x10\x05\xa8\x00\x00\x00\x00'
0.224 Disassembled: source: 36820, dest: 44083, seq: 94, ack: 2513310778, window: 1448, ACK
0.224 Handshake complete
0.224 Acknowledged seq: 2513310777
0.224 Assembling: source: 44083, dest: 36820, seq: 2513310778, ack: 95, window: 1448, data: "Lorem ipsum dolo"...
0.224 Sent: b'\xac3\x8f\xd4\x95\xce\x14:\x00\x00\x00_P\x00\x05\xa8\x00\x00\x00\x00Lorem ipsum dolo'...
0.226 Received: b'\x8f\xd4\xac3\x00\x00\x00_\x95\xce\x19\xe2P\x10\x05\xa8\x00\x00\x00\x00'
0.226 Disassembled: source: 36820, dest: 44083, seq: 95, ack: 2513312226, window: 1448, ACK
0.226 Acknowledged seq: 2513310778
0.226 Assembling: source: 44083, dest: 36820, seq: 2513312226, ack: 96, window: 1448, data: "mprehensam nam, "...
0.226 Sent: b'\xac3\x8f\xd4\x95\xce\x19\xe2\x00\x00\x00`P\x00\x05\xa8\x00\x00\x00\x00mprehensam nam, '...
0.227 Received: b'\x8f\xd4\xac3\x00\x00\x00`\x95\xce\x1f\x8aP\x10\x05\xa8\x00\x00\x00\x00'
0.228 Disassembled: source: 36820, dest: 44083, seq: 96, ack: 2513313674, window: 1448, ACK
0.228 Acknowledged seq: 2513312226
0.228 Finished reading file
0.228 Assembling: source: 44083, dest: 36820, seq: 2513313674, ack: 97, window: 1448, data: "ilisi repudiare "...
0.228 Sent: b'\xac3\x8f\xd4\x95\xce\x1f\x8a\x00\x00\x00aP\x00\x05\xa8\x00\x00\x00\x00ilisi repudiare '...
0.229 Received: b'\x8f\xd4\xac3\x00\x00\x00a\x95\xce \xe5P\x10\x05\xa8\x00\x00\x00\x00'
0.229 Disassembled: source: 36820, dest: 44083, seq: 97, ack: 2513314021, window: 1448, ACK
0.229 Acknowledged seq: 2513313674
0.229 Assembling: source: 44083, dest: 36820, seq: 2513314021, ack: 98, window: 1448, ACK, FIN
0.230 Sent: b'\xac3\x8f\xd4\x95\xce \xe5\x00\x00\x00bP\x11\x05\xa8\x00\x00\x00\x00'
0.231 Received: b'\x8f\xd4\xac3\x00\x00\x00b\x95\xce \xe6P\x10\x05\xa8\x00\x00\x00\x00'
0.231 Disassembled: source: 36820, dest: 44083, seq: 98, ack: 2513314022, window: 1448, ACK
0.231 FIN accepted; sending final packet
0.231 Assembling: source: 44083, dest: 36820, seq: 2513314022, ack: 98, window: 1448, ACK
0.231 Sent: b'\xac3\x8f\xd4\x95\xce \xe6\x00\x00\x00bP\x10\x05\xa8\x00\x00\x00\x00'
0.231 Closed connection
0.232 Shutting down
