0.000 NEW RUN: Server, TEST: Write_file__Large_multi-packet
0.211 Received: b'|\x84\xdd\xf7\x00\x00\x00?\x00\x00\x00\x00P\x02\x05\xa8\x00\x00\x00\x00'
0.212 Disassembled: source: 31876, dest: 56823, seq: 63, window: 1448, SYN
0.212 SYN accepted; new connection: 127.0.0.1 on port 31876
0.212 Assembling: source: 56823, dest: 31876, seq: 2518261829, ack: 64, window: 5808, ACK, SYN
0.213 Sent: b'\xdd\xf7|\x84\x96\x19\xa0E\x00\x00\x00@P\x12\x16\xb0\x00\x00\x00\x00'
0.214 Received: b'|\x84\xdd\xf7\x00\x00\x00@\x96\x19\xa0FP\x10\x16\xb0\x00\x00\x00\x00'
0.214 Disassembled: source: 31876, dest: 56823, seq: 64, ack: 2518261830, window: 5808, ACK
0.214 Assembling: source: 56823, dest: 31876, seq: 2518261830, ack: 64, window: 5808, ACK
0.215 Sent: b'\xdd\xf7|\x84\x96\x19\xa0F\x00\x00\x00@P\x10\x16\xb0\x00\x00\x00\x00'
0.215 Received: b'|\x84\xdd\xf7\x00\x00\x00A\x96\x19\xa0FP\x00\x16\xb0\x00\x00\x00\x00Lorem ipsum dolo'...
0.215 Disassembled: source: 31876, dest: 56823, seq: 65, ack: 2518261830, window: 5808, data: "Lorem ipsum dolo"...
0.215 Error: Incorrect acknowledgement flag
0.217 Received: b'|\x84\xdd\xf7\x00\x00\x16\xf1\x96\x19\xa0GP\x00\x16\xb0\x00\x00\x00\x00 sadipscing ei q'...
0.217 Disassembled: source: 31876, dest: 56823, seq: 5873, ack: 2518261831, window: 5808, data: " sadipscing ei q"...
0.217 Error: Sequence number too high
0.715 Sent: b'\xdd\xf7|\x84\x96\x19\xa0F\x00\x00\x00@P\x10\x16\xb0\x00\x00\x00\x00'
0.717 Received: b'|\x84\xdd\xf7\x00\x00-\xa1\x96\x19\xa0HP\x00\x16\xb0\x00\x00\x00\x00 Duo ea augue fa'...
0.718 Disassembled: source: 31876, dest: 56823, seq: 11681, ack: 2518261832, window: 5808, data: " Duo ea augue fa"...
0.718 Error: Sequence number too high
1.215 Sent: b'\xdd\xf7|\x84\x96\x19\xa0F\x00\x00\x00@P\x10\x16\xb0\x00\x00\x00\x00'
1.218 Received: b'|\x84\xdd\xf7\x00\x00DQ\x96\x19\xa0IP\x00\x16\xb0\x00\x00\x00\x00uta debitis pert'...
1.218 Disassembled: source: 31876, dest: 56823, seq: 17489, ack: 2518261833, window: 5808, data: "uta debitis pert"...
1.219 Error: Sequence number too high
1.716 Sent: b'\xdd\xf7|\x84\x96\x19\xa0F\x00\x00\x00@P\x10\x16\xb0\x00\x00\x00\x00'
1.719 Received: b'|\x84\xdd\xf7\x00\x00[\x01\x96\x19\xa0JP\x00\x16\xb0\x00\x00\x00\x00 decore possit r'...
1.720 Disassembled: source: 31876, dest: 56823, seq: 23297, ack: 2518261834, window: 5808, data: " decore possit r"...
1.720 Error: Sequence number too high
2.216 Sent: b'\xdd\xf7|\x84\x96\x19\xa0F\x00\x00\x00@P\x10\x16\xb0\x00\x00\x00\x00'
2.220 Received: b'|\x84\xdd\xf7\x00\x00q\xb1\x96\x19\xa0KP\x00\x16\xb0\x00\x00\x00\x00orteat dissentiu'...
2.220 Disassembled: source: 31876, dest: 56823, seq: 29105, ack: 2518261835, window: 5808, data: "orteat dissentiu"...
2.221 Error: Sequence number too high
2.717 Error: Connection timed out
2.717 Closed connection
2.721 Shutting down
