0.000 NEW RUN: Server, TEST: Write_file__Empty
0.213 Received: b'v\xf2\x16\xbe\x00\x00\x00$\x00\x00\x00\x00P\x02\x05\xa8\x00\x00\x00\x00'
0.213 Disassembled: source: 30450, dest: 5822, seq: 36, window: 1448, SYN
0.213 SYN accepted; new connection: 127.0.0.1 on port 30450
0.213 Assembling: source: 5822, dest: 30450, seq: 2515159042, ack: 37, window: 5808, ACK, SYN
0.214 Sent: b'\x16\xbev\xf2\x95\xeaH\x02\x00\x00\x00%P\x12\x16\xb0\x00\x00\x00\x00'
0.215 Received: b'v\xf2\x16\xbe\x00\x00\x00%\x95\xeaH\x03P\x10\x16\xb0\x00\x00\x00\x00'
0.215 Disassembled: source: 30450, dest: 5822, seq: 37, ack: 2515159043, window: 5808, ACK
0.216 Assembling: source: 5822, dest: 30450, seq: 2515159043, ack: 37, window: 5808, ACK
0.216 Sent: b'\x16\xbev\xf2\x95\xeaH\x03\x00\x00\x00%P\x10\x16\xb0\x00\x00\x00\x00'
0.216 Received: b'v\xf2\x16\xbe\x00\x00\x00&\x95\xeaH\x03P\x00\x16\xb0\x00\x00\x00\x00'
0.217 Disassembled: source: 30450, dest: 5822, seq: 38, ack: 2515159043, window: 5808
0.217 Error: Incorrect acknowledgement flag
0.716 Sent: b'\x16\xbev\xf2\x95\xeaH\x03\x00\x00\x00%P\x10\x16\xb0\x00\x00\x00\x00'
1.217 Sent: b'\x16\xbev\xf2\x95\xeaH\x03\x00\x00\x00%P\x10\x16\xb0\x00\x00\x00\x00'
1.717 Sent: b'\x16\xbev\xf2\x95\xeaH\x03\x00\x00\x00%P\x10\x16\xb0\x00\x00\x00\x00'
2.218 Sent: b'\x16\xbev\xf2\x95\xeaH\x03\x00\x00\x00%P\x10\x16\xb0\x00\x00\x00\x00'
2.718 Error: Connection timed out
2.718 Closed connection
2.719 Shutting down
