0.000 NEW RUN: Server, TEST: Write_file__Relaxed
0.217 Received: b'\xf0\rP\x11\x00\x00\x00\x06\x00\x00\x00\x00P\x02\x05\xa8\x00\x00\x00\x00'
0.218 Disassembled: source: 61453, dest: 20497, seq: 6, window: 1448, SYN
0.218 SYN accepted; new connection: 127.0.0.1 on port 61453
0.218 Assembling: source: 20497, dest: 61453, seq: 2510690075, ack: 7, window: 5808, ACK, SYN
0.219 Sent: b'P\x11\xf0\r\x95\xa6\x17\x1b\x00\x00\x00\x07P\x12\x16\xb0\x00\x00\x00\x00'
0.220 Received: b'\xf0\rP\x11\x00\x00\x00\x07\x95\xa6\x17\x1cP\x10\x16\xb0\x00\x00\x00\x00'
0.221 Disassembled: source: 61453, dest: 20497, seq: 7, ack: 2510690076, window: 5808, ACK
0.221 Assembling: source: 20497, dest: 61453, seq: 2510690076, ack: 7, window: 5808, ACK
0.221 Sent: b'P\x11\xf0\r\x95\xa6\x17\x1c\x00\x00\x00\x07P\x10\x16\xb0\x00\x00\x00\x00'
0.221 Received: b'\xf0\rP\x11\x00\x00\x00\x08\x95\xa6\x17\x1cP\x00\x16\xb0\x00\x00\x00\x00'
0.222 Disassembled: source: 61453, dest: 20497, seq: 8, ack: 2510690076, window: 5808
0.222 Error: Incorrect acknowledgement flag
0.721 Sent: b'P\x11\xf0\r\x95\xa6\x17\x1c\x00\x00\x00\x07P\x10\x16\xb0\x00\x00\x00\x00'
1.222 Sent: b'P\x11\xf0\r\x95\xa6\x17\x1c\x00\x00\x00\x07P\x10\x16\xb0\x00\x00\x00\x00'
1.722 Sent: b'P\x11\xf0\r\x95\xa6\x17\x1c\x00\x00\x00\x07P\x10\x16\xb0\x00\x00\x00\x00'
2.223 Sent: b'P\x11\xf0\r\x95\xa6\x17\x1c\x00\x00\x00\x07P\x10\x16\xb0\x00\x00\x00\x00'
2.723 Error: Connection timed out
2.724 Closed connection
2.739 Shutting down
