0.000 NEW RUN: Server, TEST: Read_file__Relaxed
0.077 Received: b'\xdc\x98\x8cq\x00\x00\x00J\x00\x00\x00\x00P\x02\x05\xa8\x00\x00\x00\x00'
0.078 Disassembled: source: 56472, dest: 35953, seq: 74, window: 1448, SYN
0.078 SYN accepted; new connection: 127.0.0.1 on port 56472
0.078 Assembling: source: 35953, dest: 56472, seq: 2484364664, ack: 75, window: 1448, ACK, SYN
0.079 Sent: b'\x8cq\xdc\x98\x94\x14ex\x00\x00\x00KP\x12\x05\xa8\x00\x00\x00\x00'
0.082 Received: b'\xdc\x98\x8cq\x00\x00\x00K\x94\x14eyP\x10\x05\xa8\x00\x00\x00\x00'
0.083 Disassembled: source: 56472, dest: 35953, seq: 75, ack: 2484364665, window: 1448, ACK
0.083 Handshake complete
0.083 Acknowledged seq: 2484364664
0.083 Finished reading file
0.083 Assembling: source: 35953, dest: 56472, seq: 2484364665, ack: 76, window: 1448, ACK, FIN
0.084 Sent: b'\x8cq\xdc\x98\x94\x14ey\x00\x00\x00LP\x11\x05\xa8\x00\x00\x00\x00'
0.086 Received: b'\xdc\x98\x8cq\x00\x00\x00K\x94\x14ezP\x10\x05\xa8\x00\x00\x00\x00'
0.087 Disassembled: source: 56472, dest: 35953, seq: 75, ack: 2484364666, window: 1448, ACK
0.087 FIN accepted; sending final packet
0.087 Assembling: source: 35953, dest: 56472, seq: 2484364666, ack: 76, window: 1448, ACK
0.088 Sent: b'\x8cq\xdc\x98\x94\x14ez\x00\x00\x00LP\x10\x05\xa8\x00\x00\x00\x00'
0.088 Closed connection
0.088 Shutting down
