0.000 NEW RUN: Server, TEST: Read_file__Latency
0.074 Received: b'\xb0\x14\xc1\x0b\x00\x00\x00T\x00\x00\x00\x00P\x02\x05\xa8\x00\x00\x00\x00'
0.075 Disassembled: source: 45076, dest: 49419, seq: 84, window: 1448, SYN
0.076 SYN accepted; new connection: 127.0.0.1 on port 45076
0.076 Assembling: source: 49419, dest: 45076, seq: 2670556877, ack: 85, window: 1448, ACK, SYN
0.077 Sent: b'\xc1\x0b\xb0\x14\x9f-v\xcd\x00\x00\x00UP\x12\x05\xa8\x00\x00\x00\x00'
0.577 Sent: b'\xc1\x0b\xb0\x14\x9f-v\xcd\x00\x00\x00UP\x12\x05\xa8\x00\x00\x00\x00'
1.078 Sent: b'\xc1\x0b\xb0\x14\x9f-v\xcd\x00\x00\x00UP\x12\x05\xa8\x00\x00\x00\x00'
1.081 Received: b'\xb0\x14\xc1\x0b\x00\x00\x00U\x9f-v\xceP\x10\x05\xa8\x00\x00\x00\x00'
1.082 Disassembled: source: 45076, dest: 49419, seq: 85, ack: 2670556878, window: 1448, ACK
1.082 Handshake complete
1.082 Acknowledged seq: 2670556877
1.082 Assembling: source: 49419, dest: 45076, seq: 2670556878, ack: 86, window: 1448, data: "Lorem ipsum dolo"...
1.083 Sent: b'\xc1\x0b\xb0\x14\x9f-v\xce\x00\x00\x00VP\x00\x05\xa8\x00\x00\x00\x00Lorem ipsum dolo'...
1.581 Received: b'\xb0\x14\xc1\x0b\x00\x00\x00U\x9f-v\xceP\x10\x05\xa8\x00\x00\x00\x00'
1.582 Disassembled: source: 45076, dest: 49419, seq: 85, ack: 2670556878, window: 1448, ACK
1.582 Assembling: source: 49419, dest: 45076, seq: 2670558326, ack: 86, window: 1448, data: "m"
1.583 Sent: b'\xc1\x0b\xb0\x14\x9f-|v\x00\x00\x00VP\x00\x05\xa8\x00\x00\x00\x00m'
2.082 Received: b'\xb0\x14\xc1\x0b\x00\x00\x00U\x9f-v\xceP\x10\x05\xa8\x00\x00\x00\x00'
2.082 Disassembled: source: 45076, dest: 49419, seq: 85, ack: 2670556878, window: 1448, ACK
2.083 Sent: b'\xc1\x0b\xb0\x14\x9f-v\xce\x00\x00\x00VP\x00\x05\xa8\x00\x00\x00\x00Lorem ipsum dolo'...
2.083 Sent: b'\xc1\x0b\xb0\x14\x9f-|v\x00\x00\x00VP\x00\x05\xa8\x00\x00\x00\x00m'
2.087 Received: b'\xb0\x14\xc1\x0b\x00\x00\x00U\x9f-|vP\x10\x05\xa8\x00\x00\x00\x00'
2.088 Disassembled: source: 45076, dest: 49419, seq: 85, ack: 2670558326, window: 1448, ACK
2.088 Acknowledged seq: 2670556878
2.088 Assembling: source: 49419, dest: 45076, seq: 2670558327, ack: 86, window: 1448, data: "prehensam nam, a"...
2.089 Sent: b'\xc1\x0b\xb0\x14\x9f-|w\x00\x00\x00VP\x00\x05\xa8\x00\x00\x00\x00prehensam nam, a'...
2.587 Received: b'\xb0\x14\xc1\x0b\x00\x00\x00U\x9f-|wP\x10\x05\xa8\x00\x00\x00\x00'
2.588 Disassembled: source: 45076, dest: 49419, seq: 85, ack: 2670558327, window: 1448, ACK
2.588 Acknowledged seq: 2670558326
2.588 Assembling: source: 49419, dest: 45076, seq: 2670559774, ack: 86, window: 1448, data: "i"
2.589 Sent: b'\xc1\x0b\xb0\x14\x9f-\x82\x1e\x00\x00\x00VP\x00\x05\xa8\x00\x00\x00\x00i'
3.089 Sent: b'\xc1\x0b\xb0\x14\x9f-|w\x00\x00\x00VP\x00\x05\xa8\x00\x00\x00\x00prehensam nam, a'...
3.090 Sent: b'\xc1\x0b\xb0\x14\x9f-\x82\x1e\x00\x00\x00VP\x00\x05\xa8\x00\x00\x00\x00i'
3.590 Sent: b'\xc1\x0b\xb0\x14\x9f-|w\x00\x00\x00VP\x00\x05\xa8\x00\x00\x00\x00prehensam nam, a'...
3.590 Sent: b'\xc1\x0b\xb0\x14\x9f-\x82\x1e\x00\x00\x00VP\x00\x05\xa8\x00\x00\x00\x00i'
4.090 Sent: b'\xc1\x0b\xb0\x14\x9f-|w\x00\x00\x00VP\x00\x05\xa8\x00\x00\x00\x00prehensam nam, a'...
4.091 Sent: b'\xc1\x0b\xb0\x14\x9f-\x82\x1e\x00\x00\x00VP\x00\x05\xa8\x00\x00\x00\x00i'
4.591 Sent: b'\xc1\x0b\xb0\x14\x9f-|w\x00\x00\x00VP\x00\x05\xa8\x00\x00\x00\x00prehensam nam, a'...
4.592 Sent: b'\xc1\x0b\xb0\x14\x9f-\x82\x1e\x00\x00\x00VP\x00\x05\xa8\x00\x00\x00\x00i'
5.092 Sent: b'\xc1\x0b\xb0\x14\x9f-|w\x00\x00\x00VP\x00\x05\xa8\x00\x00\x00\x00prehensam nam, a'...
5.092 Sent: b'\xc1\x0b\xb0\x14\x9f-\x82\x1e\x00\x00\x00VP\x00\x05\xa8\x00\x00\x00\x00i'
5.593 Error: Connection timed out
5.593 Closed connection
6.092 Shutting down
