0.000 NEW RUN: Server, TEST: Write_file__Latency
0.075 Received: b'\xd0\x0bf\x81\x00\x00\x00\x1b\x00\x00\x00\x00P\x02\x05\xa8\x00\x00\x00\x00'
0.076 Disassembled: source: 53259, dest: 26241, seq: 27, window: 1448, SYN
0.076 SYN accepted; new connection: 127.0.0.1 on port 53259
0.076 Assembling: source: 26241, dest: 53259, seq: 2685476640, ack: 28, window: 5808, ACK, SYN
0.077 Sent: b'f\x81\xd0\x0b\xa0\x11\x1f \x00\x00\x00\x1cP\x12\x16\xb0\x00\x00\x00\x00'
0.578 Sent: b'f\x81\xd0\x0b\xa0\x11\x1f \x00\x00\x00\x1cP\x12\x16\xb0\x00\x00\x00\x00'
1.078 Sent: b'f\x81\xd0\x0b\xa0\x11\x1f \x00\x00\x00\x1cP\x12\x16\xb0\x00\x00\x00\x00'
1.082 Received: b'\xd0\x0bf\x81\x00\x00\x00\x1c\xa0\x11\x1f!P\x10\x16\xb0\x00\x00\x00\x00'
1.082 Disassembled: source: 53259, dest: 26241, seq: 28, ack: 2685476641, window: 5808, ACK
1.083 Assembling: source: 26241, dest: 53259, seq: 2685476641, ack: 28, window: 5808, ACK
1.083 Sent: b'f\x81\xd0\x0b\xa0\x11\x1f!\x00\x00\x00\x1cP\x10\x16\xb0\x00\x00\x00\x00'
1.084 Received: b'\xd0\x0bf\x81\x00\x00\x00\x1c\xa0\x11\x1f!P\x10\x16\xb0\x00\x00\x00\x00Lorem ipsum dolo'...
1.085 Disassembled: source: 53259, dest: 26241, seq: 28, ack: 2685476641, window: 5808, ACK, data: "Lorem ipsum dolo"...
1.085 Handshake complete
1.085 Data accepted; writing to file
1.085 Assembling: source: 26241, dest: 53259, seq: 2685476641, ack: 1476, window: 5808, ACK
1.085 Sent: b'f\x81\xd0\x0b\xa0\x11\x1f!\x00\x00\x05\xc4P\x10\x16\xb0\x00\x00\x00\x00'
1.582 Received: b'\xd0\x0bf\x81\x00\x00\x00\x1c\xa0\x11\x1f!P\x00\x16\xb0\x00\x00\x00\x00Lorem ipsum dolo'...
1.582 Disassembled: source: 53259, dest: 26241, seq: 28, ack: 2685476641, window: 5808, data: "Lorem ipsum dolo"...
1.583 Old data; ignoring
1.586 Sent: b'f\x81\xd0\x0b\xa0\x11\x1f!\x00\x00\x05\xc4P\x10\x16\xb0\x00\x00\x00\x00'
2.083 Received: b'\xd0\x0bf\x81\x00\x00\x00\x1c\xa0\x11\x1f!P\x10\x16\xb0\x00\x00\x00\x00Lorem ipsum dolo'...
2.083 Disassembled: source: 53259, dest: 26241, seq: 28, ack: 2685476641, window: 5808, ACK, data: "Lorem ipsum dolo"...
2.084 Old data; ignoring
2.087 Sent: b'f\x81\xd0\x0b\xa0\x11\x1f!\x00\x00\x05\xc4P\x10\x16\xb0\x00\x00\x00\x00'
2.087 Received: b'\xd0\x0bf\x81\x00\x00\x00\x1c\xa0\x11\x1f!P\x00\x16\xb0\x00\x00\x00\x00Lorem ipsum dolo'...
2.088 Disassembled: source: 53259, dest: 26241, seq: 28, ack: 2685476641, window: 5808, data: "Lorem ipsum dolo"...
2.088 Old data; ignoring
2.090 Received: b'\xd0\x0bf\x81\x00\x00\x05\xc4\xa0\x11\x1f!P\x10\x16\xb0\x00\x00\x00\x00mprehensam nam, '...
2.090 Disassembled: source: 53259, dest: 26241, seq: 1476, ack: 2685476641, window: 5808, ACK, data: "mprehensam nam, "...
2.091 Error: Incorrect acknowledgement flag
2.588 Sent: b'f\x81\xd0\x0b\xa0\x11\x1f!\x00\x00\x05\xc4P\x10\x16\xb0\x00\x00\x00\x00'
2.591 Received: b'\xd0\x0bf\x81\x00\x00\x05\xc4\xa0\x11\x1f!P\x00\x16\xb0\x00\x00\x00\x00mprehensam nam, '...
2.591 Disassembled: source: 53259, dest: 26241, seq: 1476, ack: 2685476641, window: 5808, data: "mprehensam nam, "...
2.591 Data accepted; writing to file
2.592 Assembling: source: 26241, dest: 53259, seq: 2685476641, ack: 2924, window: 5808, ACK
2.592 Sent: b'f\x81\xd0\x0b\xa0\x11\x1f!\x00\x00\x0blP\x10\x16\xb0\x00\x00\x00\x00'
3.092 Received: b'\xd0\x0bf\x81\x00\x00\x05\xc4\xa0\x11\x1f!P\x10\x16\xb0\x00\x00\x00\x00mprehensam nam, '...
3.092 Disassembled: source: 53259, dest: 26241, seq: 1476, ack: 2685476641, window: 5808, ACK, data: "mprehensam nam, "...
3.092 Old data; ignoring
3.093 Sent: b'f\x81\xd0\x0b\xa0\x11\x1f!\x00\x00\x0blP\x10\x16\xb0\x00\x00\x00\x00'
3.592 Received: b'\xd0\x0bf\x81\x00\x00\x05\xc4\xa0\x11\x1f!P\x00\x16\xb0\x00\x00\x00\x00mprehensam nam, '...
3.593 Disassembled: source: 53259, dest: 26241, seq: 1476, ack: 2685476641, window: 5808, data: "mprehensam nam, "...
3.593 Old data; ignoring
3.593 Sent: b'f\x81\xd0\x0b\xa0\x11\x1f!\x00\x00\x0blP\x10\x16\xb0\x00\x00\x00\x00'
3.597 Received: b'\xd0\x0bf\x81\x00\x00\x0bl\xa0\x11\x1f!P\x10\x16\xb0\x00\x00\x00\x00ilisi repudiare '...
3.597 Disassembled: source: 53259, dest: 26241, seq: 2924, ack: 2685476641, window: 5808, ACK, data: "ilisi repudiare "...
3.597 Error: Incorrect acknowledgement flag
4.094 Sent: b'f\x81\xd0\x0b\xa0\x11\x1f!\x00\x00\x0blP\x10\x16\xb0\x00\x00\x00\x00'
4.097 Received: b'\xd0\x0bf\x81\x00\x00\x0bl\xa0\x11\x1f!P\x00\x16\xb0\x00\x00\x00\x00ilisi repudiare '...
4.098 Disassembled: source: 53259, dest: 26241, seq: 2924, ack: 2685476641, window: 5808, data: "ilisi repudiare "...
4.098 Data accepted; writing to file
4.098 Assembling: source: 26241, dest: 53259, seq: 2685476641, ack: 3271, window: 5808, ACK
4.098 Sent: b'f\x81\xd0\x0b\xa0\x11\x1f!\x00\x00\x0c\xc7P\x10\x16\xb0\x00\x00\x00\x00'
4.597 Received: b'\xd0\x0bf\x81\x00\x00\x0bl\xa0\x11\x1f!P\x10\x16\xb0\x00\x00\x00\x00ilisi repudiare '...
4.598 Disassembled: source: 53259, dest: 26241, seq: 2924, ack: 2685476641, window: 5808, ACK, data: "ilisi repudiare "...
4.598 Old data; ignoring
4.599 Sent: b'f\x81\xd0\x0b\xa0\x11\x1f!\x00\x00\x0c\xc7P\x10\x16\xb0\x00\x00\x00\x00'
5.098 Received: b'\xd0\x0bf\x81\x00\x00\x0bl\xa0\x11\x1f!P\x00\x16\xb0\x00\x00\x00\x00ilisi repudiare '...
5.099 Disassembled: source: 53259, dest: 26241, seq: 2924, ack: 2685476641, window: 5808, data: "ilisi repudiare "...
5.099 Old data; ignoring
5.100 Sent: b'f\x81\xd0\x0b\xa0\x11\x1f!\x00\x00\x0c\xc7P\x10\x16\xb0\x00\x00\x00\x00'
5.600 Sent: b'f\x81\xd0\x0b\xa0\x11\x1f!\x00\x00\x0c\xc7P\x10\x16\xb0\x00\x00\x00\x00'
6.101 Sent: b'f\x81\xd0\x0b\xa0\x11\x1f!\x00\x00\x0c\xc7P\x10\x16\xb0\x00\x00\x00\x00'
6.602 Error: Connection timed out
6.602 Closed connection
7.101 Shutting down
