0.000 NEW RUN: Server, TEST: Write_file__Empty
0.076 Received: b'\xf0\x0f\xf9\xa4\x00\x00\x00\x14\x00\x00\x00\x00P\x02\x05\xa8\x00\x00\x00\x00'
0.077 Disassembled: source: 61455, dest: 63908, seq: 20, window: 1448, SYN
0.078 SYN accepted; new connection: 127.0.0.1 on port 61455
0.078 Assembling: source: 63908, dest: 61455, seq: 2516524881, ack: 21, window: 5808, ACK, SYN
0.079 Sent: b'\xf9\xa4\xf0\x0f\x95\xff\x1fQ\x00\x00\x00\x15P\x12\x16\xb0\x00\x00\x00\x00'
0.082 Received: b'\xf0\x0f\xf9\xa4\x00\x00\x00\x15\x95\xff\x1fRP\x10\x16\xb0\x00\x00\x00\x00'
0.082 Disassembled: source: 61455, dest: 63908, seq: 21, ack: 2516524882, window: 5808, ACK
0.082 Assembling: source: 63908, dest: 61455, seq: 2516524882, ack: 21, window: 5808, ACK
0.083 Sent: b'\xf9\xa4\xf0\x0f\x95\xff\x1fR\x00\x00\x00\x15P\x10\x16\xb0\x00\x00\x00\x00'
0.084 Received: b'\xf0\x0f\xf9\xa4\x00\x00\x00\x15\x95\xff\x1fRP\x10\x16\xb0\x00\x00\x00\x00'
0.084 Disassembled: source: 61455, dest: 63908, seq: 21, ack: 2516524882, window: 5808, ACK
0.085 Assembling: source: 63908, dest: 61455, seq: 2516524882, ack: 21, window: 5808, ACK
0.085 Sent: b'\xf9\xa4\xf0\x0f\x95\xff\x1fR\x00\x00\x00\x15P\x10\x16\xb0\x00\x00\x00\x00'
0.586 Sent: b'\xf9\xa4\xf0\x0f\x95\xff\x1fR\x00\x00\x00\x15P\x10\x16\xb0\x00\x00\x00\x00'
1.086 Sent: b'\xf9\xa4\xf0\x0f\x95\xff\x1fR\x00\x00\x00\x15P\x10\x16\xb0\x00\x00\x00\x00'
1.586 Sent: b'\xf9\xa4\xf0\x0f\x95\xff\x1fR\x00\x00\x00\x15P\x10\x16\xb0\x00\x00\x00\x00'
2.087 Sent: b'\xf9\xa4\xf0\x0f\x95\xff\x1fR\x00\x00\x00\x15P\x10\x16\xb0\x00\x00\x00\x00'
2.587 Error: Connection timed out
2.587 Closed connection
2.588 Shutting down
