0.000 NEW RUN: Server, TEST: Read_file__Large_multi-packet
0.078 Received: b'l\xc9\xbeu\x00\x00\x00=\x00\x00\x00\x00P\x02\x05\xa8\x00\x00\x00\x00'
0.079 Disassembled: source: 27849, dest: 48757, seq: 61, window: 1448, SYN
0.080 SYN accepted; new connection: 127.0.0.1 on port 27849
0.080 Assembling: source: 48757, dest: 27849, seq: 2733651018, ack: 62, window: 1448, ACK, SYN
0.081 Sent: b'\xbeul\xc9\xa2\xf04J\x00\x00\x00>P\x12\x05\xa8\x00\x00\x00\x00'
0.084 Received: b'l\xc9\xbeu\x00\x00\x00>\xa2\xf04KP\x10\x05\xa8\x00\x00\x00\x00'
0.084 Disassembled: source: 27849, dest: 48757, seq: 62, ack: 2733651019, window: 1448, ACK
0.084 Handshake complete
0.085 Acknowledged seq: 2733651018
0.085 Assembling: source: 48757, dest: 27849, seq: 2733651019, ack: 63, window: 1448, data: "Lorem ipsum dolo"...
0.085 Sent: b'\xbeul\xc9\xa2\xf04K\x00\x00\x00?P\x00\x05\xa8\x00\x00\x00\x00Lorem ipsum dolo'...
0.088 Received: b'l\xc9\xbeu\x00\x00\x00>\xa2\xf09\xf3P\x10\x05\xa8\x00\x00\x00\x00'
0.088 Disassembled: source: 27849, dest: 48757, seq: 62, ack: 2733652467, window: 1448, ACK
0.089 Acknowledged seq: 2733651019
0.089 Assembling: source: 48757, dest: 27849, seq: 2733652467, ack: 63, window: 1448, data: "mprehensam nam, "...
0.089 Sent: b'\xbeul\xc9\xa2\xf09\xf3\x00\x00\x00?P\x00\x05\xa8\x00\x00\x00\x00mprehensam nam, '...
0.092 Received: b'l\xc9\xbeu\x00\x00\x00>\xa2\xf0?\x9bP\x10\x05\xa8\x00\x00\x00\x00'
0.092 Disassembled: source: 27849, dest: 48757, seq: 62, ack: 2733653915, window: 1448, ACK
0.092 Acknowledged seq: 2733652467
0.093 Assembling: source: 48757, dest: 27849, seq: 2733653915, ack: 63, window: 1448, data: "ilisi repudiare "...
0.093 Sent: b'\xbeul\xc9\xa2\xf0?\x9b\x00\x00\x00?P\x00\x05\xa8\x00\x00\x00\x00ilisi repudiare '...
0.095 Received: b'l\xc9\xbeu\x00\x00\x00>\xa2\xf0ECP\x10\x05\xa8\x00\x00\x00\x00'
0.096 Disassembled: source: 27849, dest: 48757, seq: 62, ack: 2733655363, window: 1448, ACK
0.096 Acknowledged seq: 2733653915
0.096 Assembling: source: 48757, dest: 27849, seq: 2733655363, ack: 63, window: 1448, data: "ta.

Et essent s"...
0.097 Sent: b'\xbeul\xc9\xa2\xf0EC\x00\x00\x00?P\x00\x05\xa8\x00\x00\x00\x00ta.\n\nEt essent s'...
0.099 Received: b'l\xc9\xbeu\x00\x00\x00>\xa2\xf0J\xebP\x10\x05\xa8\x00\x00\x00\x00'
0.099 Disassembled: source: 27849, dest: 48757, seq: 62, ack: 2733656811, window: 1448, ACK
0.100 Acknowledged seq: 2733655363
0.100 Assembling: source: 48757, dest: 27849, seq: 2733656811, ack: 63, window: 1448, data: " Nihil tractatos"...
0.100 Sent: b'\xbeul\xc9\xa2\xf0J\xeb\x00\x00\x00?P\x00\x05\xa8\x00\x00\x00\x00 Nihil tractatos'...
0.102 Received: b'l\xc9\xbeu\x00\x00\x00>\xa2\xf0P\x93P\x10\x05\xa8\x00\x00\x00\x00'
0.102 Disassembled: source: 27849, dest: 48757, seq: 62, ack: 2733658259, window: 1448, ACK
0.103 Acknowledged seq: 2733656811
0.103 Assembling: source: 48757, dest: 27849, seq: 2733658259, ack: 63, window: 1448, data: "fert iuvaret sap"...
0.103 Sent: b'\xbeul\xc9\xa2\xf0P\x93\x00\x00\x00?P\x00\x05\xa8\x00\x00\x00\x00fert iuvaret sap'...
0.105 Received: b'l\xc9\xbeu\x00\x00\x00>\xa2\xf0V;P\x10\x05\xa8\x00\x00\x00\x00'
0.106 Disassembled: source: 27849, dest: 48757, seq: 62, ack: 2733659707, window: 1448, ACK
0.106 Acknowledged seq: 2733658259
0.106 Assembling: source: 48757, dest: 27849, seq: 2733659707, ack: 63, window: 1448, data: "ram adipiscing, "...
0.106 Sent: b'\xbeul\xc9\xa2\xf0V;\x00\x00\x00?P\x00\x05\xa8\x00\x00\x00\x00ram adipiscing, '...
0.108 Received: b'l\xc9\xbeu\x00\x00\x00>\xa2\xf0[\xe3P\x10\x05\xa8\x00\x00\x00\x00'
0.109 Disassembled: source: 27849, dest: 48757, seq: 62, ack: 2733661155, window: 1448, ACK
0.109 Acknowledged seq: 2733659707
0.109 Assembling: source: 48757, dest: 27849, seq: 2733661155, ack: 63, window: 1448, data: "m veritus vivend"...
0.110 Sent: b'\xbeul\xc9\xa2\xf0[\xe3\x00\x00\x00?P\x00\x05\xa8\x00\x00\x00\x00m veritus vivend'...
0.111 Received: b'l\xc9\xbeu\x00\x00\x00>\xa2\xf0a\x8bP\x10\x05\xa8\x00\x00\x00\x00'
0.112 Disassembled: source: 27849, dest: 48757, seq: 62, ack: 2733662603, window: 1448, ACK
0.112 Acknowledged seq: 2733661155
0.112 Assembling: source: 48757, dest: 27849, seq: 2733662603, ack: 63, window: 1448, data: " delenit, ignota"...
0.113 Sent: b'\xbeul\xc9\xa2\xf0a\x8b\x00\x00\x00?P\x00\x05\xa8\x00\x00\x00\x00 delenit, ignota'...
0.115 Received: b'l\xc9\xbeu\x00\x00\x00>\xa2\xf0g3P\x10\x05\xa8\x00\x00\x00\x00'
0.115 Disassembled: source: 27849, dest: 48757, seq: 62, ack: 2733664051, window: 1448, ACK
0.115 Acknowledged seq: 2733662603
0.116 Assembling: source: 48757, dest: 27849, seq: 2733664051, ack: 63, window: 1448, data: "se explicari des"...
0.116 Sent: b'\xbeul\xc9\xa2\xf0g3\x00\x00\x00?P\x00\x05\xa8\x00\x00\x00\x00se explicari des'...
0.118 Received: b'l\xc9\xbeu\x00\x00\x00>\xa2\xf0l\xdbP\x10\x05\xa8\x00\x00\x00\x00'
0.118 Disassembled: source: 27849, dest: 48757, seq: 62, ack: 2733665499, window: 1448, ACK
0.119 Acknowledged seq: 2733664051
0.119 Assembling: source: 48757, dest: 27849, seq: 2733665499, ack: 63, window: 1448, data: "piscing, in modo"...
0.119 Sent: b'\xbeul\xc9\xa2\xf0l\xdb\x00\x00\x00?P\x00\x05\xa8\x00\x00\x00\x00piscing, in modo'...
0.121 Received: b'l\xc9\xbeu\x00\x00\x00>\xa2\xf0r\x83P\x10\x05\xa8\x00\x00\x00\x00'
0.122 Disassembled: source: 27849, dest: 48757, seq: 62, ack: 2733666947, window: 1448, ACK
0.122 Acknowledged seq: 2733665499
0.122 Assembling: source: 48757, dest: 27849, seq: 2733666947, ack: 63, window: 1448, data: "o copiosae tacim"...
0.123 Sent: b'\xbeul\xc9\xa2\xf0r\x83\x00\x00\x00?P\x00\x05\xa8\x00\x00\x00\x00o copiosae tacim'...
0.125 Received: b'l\xc9\xbeu\x00\x00\x00>\xa2\xf0x+P\x10\x05\xa8\x00\x00\x00\x00'
0.125 Disassembled: source: 27849, dest: 48757, seq: 62, ack: 2733668395, window: 1448, ACK
0.125 Acknowledged seq: 2733666947
0.126 Assembling: source: 48757, dest: 27849, seq: 2733668395, ack: 63, window: 1448, data: "am. Pri ne antio"...
0.126 Sent: b'\xbeul\xc9\xa2\xf0x+\x00\x00\x00?P\x00\x05\xa8\x00\x00\x00\x00am. Pri ne antio'...
0.128 Received: b'l\xc9\xbeu\x00\x00\x00>\xa2\xf0}\xd3P\x10\x05\xa8\x00\x00\x00\x00'
0.129 Disassembled: source: 27849, dest: 48757, seq: 62, ack: 2733669843, window: 1448, ACK
0.129 Acknowledged seq: 2733668395
0.129 Assembling: source: 48757, dest: 27849, seq: 2733669843, ack: 63, window: 1448, data: "to no. Elitr pos"...
0.130 Sent: b'\xbeul\xc9\xa2\xf0}\xd3\x00\x00\x00?P\x00\x05\xa8\x00\x00\x00\x00to no. Elitr pos'...
0.132 Received: b'l\xc9\xbeu\x00\x00\x00>\xa2\xf0\x83{P\x10\x05\xa8\x00\x00\x00\x00'
0.132 Disassembled: source: 27849, dest: 48757, seq: 62, ack: 2733671291, window: 1448, ACK
0.132 Acknowledged seq: 2733669843
0.133 Assembling: source: 48757, dest: 27849, seq: 2733671291, ack: 63, window: 1448, data: "pretaris, sea ex"...
0.133 Sent: b'\xbeul\xc9\xa2\xf0\x83{\x00\x00\x00?P\x00\x05\xa8\x00\x00\x00\x00pretaris, sea ex'...
0.135 Received: b'l\xc9\xbeu\x00\x00\x00>\xa2\xf0\x89#P\x10\x05\xa8\x00\x00\x00\x00'
0.135 Disassembled: source: 27849, dest: 48757, seq: 62, ack: 2733672739, window: 1448, ACK
0.136 Acknowledged seq: 2733671291
0.136 Assembling: source: 48757, dest: 27849, seq: 2733672739, ack: 63, window: 1448, data: "oporteat inimicu"...
0.136 Sent: b'\xbeul\xc9\xa2\xf0\x89#\x00\x00\x00?P\x00\x05\xa8\x00\x00\x00\x00oporteat inimicu'...
0.138 Received: b'l\xc9\xbeu\x00\x00\x00>\xa2\xf0\x8e\xcbP\x10\x05\xa8\x00\x00\x00\x00'
0.139 Disassembled: source: 27849, dest: 48757, seq: 62, ack: 2733674187, window: 1448, ACK
0.139 Acknowledged seq: 2733672739
0.139 Assembling: source: 48757, dest: 27849, seq: 2733674187, ack: 63, window: 1448, data: "ligendi officiis"...
0.140 Sent: b'\xbeul\xc9\xa2\xf0\x8e\xcb\x00\x00\x00?P\x00\x05\xa8\x00\x00\x00\x00ligendi officiis'...
0.142 Received: b'l\xc9\xbeu\x00\x00\x00>\xa2\xf0\x94sP\x10\x05\xa8\x00\x00\x00\x00'
0.142 Disassembled: source: 27849, dest: 48757, seq: 62, ack: 2733675635, window: 1448, ACK
0.142 Acknowledged seq: 2733674187
0.143 Assembling: source: 48757, dest: 27849, seq: 2733675635, ack: 63, window: 1448, data: "no vel regione i"...
0.143 Sent: b'\xbeul\xc9\xa2\xf0\x94s\x00\x00\x00?P\x00\x05\xa8\x00\x00\x00\x00no vel regione i'...
0.145 Received: b'l\xc9\xbeu\x00\x00\x00>\xa2\xf0\x9a\x1bP\x10\x05\xa8\x00\x00\x00\x00'
0.146 Disassembled: source: 27849, dest: 48757, seq: 62, ack: 2733677083, window: 1448, ACK
0.146 Acknowledged seq: 2733675635
0.146 Assembling: source: 48757, dest: 27849, seq: 2733677083, ack: 63, window: 1448, data: "ibus vis ex, pro"...
0.146 Sent: b'\xbeul\xc9\xa2\xf0\x9a\x1b\x00\x00\x00?P\x00\x05\xa8\x00\x00\x00\x00ibus vis ex, pro'...
0.148 Received: b'l\xc9\xbeu\x00\x00\x00>\xa2\xf0\x9f\xc3P\x10\x05\xa8\x00\x00\x00\x00'
0.149 Disassembled: source: 27849, dest: 48757, seq: 62, ack: 2733678531, window: 1448, ACK
0.149 Acknowledged seq: 2733677083
0.149 Assembling: source: 48757, dest: 27849, seq: 2733678531, ack: 63, window: 1448, data: "o vix, mel ea li"...
0.150 Sent: b'\xbeul\xc9\xa2\xf0\x9f\xc3\x00\x00\x00?P\x00\x05\xa8\x00\x00\x00\x00o vix, mel ea li'...
0.152 Received: b'l\xc9\xbeu\x00\x00\x00>\xa2\xf0\xa5kP\x10\x05\xa8\x00\x00\x00\x00'
0.152 Disassembled: source: 27849, dest: 48757, seq: 62, ack: 2733679979, window: 1448, ACK
0.153 Acknowledged seq: 2733678531
0.153 Assembling: source: 48757, dest: 27849, seq: 2733679979, ack: 63, window: 1448, data: "d. Ex fugit suav"...
0.153 Sent: b'\xbeul\xc9\xa2\xf0\xa5k\x00\x00\x00?P\x00\x05\xa8\x00\x00\x00\x00d. Ex fugit suav'...
0.155 Received: b'l\xc9\xbeu\x00\x00\x00>\xa2\xf0\xab\x13P\x10\x05\xa8\x00\x00\x00\x00'
0.156 Disassembled: source: 27849, dest: 48757, seq: 62, ack: 2733681427, window: 1448, ACK
0.156 Acknowledged seq: 2733679979
0.156 Assembling: source: 48757, dest: 27849, seq: 2733681427, ack: 63, window: 1448, data: "pertinax nec. De"...
0.157 Sent: b'\xbeul\xc9\xa2\xf0\xab\x13\x00\x00\x00?P\x00\x05\xa8\x00\x00\x00\x00pertinax nec. De'...
0.159 Received: b'l\xc9\xbeu\x00\x00\x00>\xa2\xf0\xb0\xbbP\x10\x05\xa8\x00\x00\x00\x00'
0.159 Disassembled: source: 27849, dest: 48757, seq: 62, ack: 2733682875, window: 1448, ACK
0.159 Acknowledged seq: 2733681427
0.160 Assembling: source: 48757, dest: 27849, seq: 2733682875, ack: 63, window: 1448, data: "lli primis praes"...
0.160 Sent: b'\xbeul\xc9\xa2\xf0\xb0\xbb\x00\x00\x00?P\x00\x05\xa8\x00\x00\x00\x00lli primis praes'...
0.162 Received: b'l\xc9\xbeu\x00\x00\x00>\xa2\xf0\xb6cP\x10\x05\xa8\x00\x00\x00\x00'
0.162 Disassembled: source: 27849, dest: 48757, seq: 62, ack: 2733684323, window: 1448, ACK
0.163 Acknowledged seq: 2733682875
0.163 Assembling: source: 48757, dest: 27849, seq: 2733684323, ack: 63, window: 1448, data: "m, percipit inte"...
0.163 Sent: b'\xbeul\xc9\xa2\xf0\xb6c\x00\x00\x00?P\x00\x05\xa8\x00\x00\x00\x00m, percipit inte'...
0.165 Received: b'l\xc9\xbeu\x00\x00\x00>\xa2\xf0\xbc\x0bP\x10\x05\xa8\x00\x00\x00\x00'
0.166 Disassembled: source: 27849, dest: 48757, seq: 62, ack: 2733685771, window: 1448, ACK
0.166 Acknowledged seq: 2733684323
0.166 Assembling: source: 48757, dest: 27849, seq: 2733685771, ack: 63, window: 1448, data: "nani docendi pat"...
0.167 Sent: b'\xbeul\xc9\xa2\xf0\xbc\x0b\x00\x00\x00?P\x00\x05\xa8\x00\x00\x00\x00nani docendi pat'...
0.169 Received: b'l\xc9\xbeu\x00\x00\x00>\xa2\xf0\xc1\xb3P\x10\x05\xa8\x00\x00\x00\x00'
0.169 Disassembled: source: 27849, dest: 48757, seq: 62, ack: 2733687219, window: 1448, ACK
0.169 Acknowledged seq: 2733685771
0.170 Assembling: source: 48757, dest: 27849, seq: 2733687219, ack: 63, window: 1448, data: " vis decore poss"...
0.170 Sent: b'\xbeul\xc9\xa2\xf0\xc1\xb3\x00\x00\x00?P\x00\x05\xa8\x00\x00\x00\x00 vis decore poss'...
0.172 Received: b'l\xc9\xbeu\x00\x00\x00>\xa2\xf0\xc7[P\x10\x05\xa8\x00\x00\x00\x00'
0.173 Disassembled: source: 27849, dest: 48757, seq: 62, ack: 2733688667, window: 1448, ACK
0.173 Acknowledged seq: 2733687219
0.173 Assembling: source: 48757, dest: 27849, seq: 2733688667, ack: 63, window: 1448, data: "eam odio corpora"...
0.173 Sent: b'\xbeul\xc9\xa2\xf0\xc7[\x00\x00\x00?P\x00\x05\xa8\x00\x00\x00\x00eam odio corpora'...
0.176 Received: b'l\xc9\xbeu\x00\x00\x00>\xa2\xf0\xcd\x03P\x10\x05\xa8\x00\x00\x00\x00'
0.176 Disassembled: source: 27849, dest: 48757, seq: 62, ack: 2733690115, window: 1448, ACK
0.176 Acknowledged seq: 2733688667
0.177 Assembling: source: 48757, dest: 27849, seq: 2733690115, ack: 63, window: 1448, data: " est. Usu sanctu"...
0.177 Sent: b'\xbeul\xc9\xa2\xf0\xcd\x03\x00\x00\x00?P\x00\x05\xa8\x00\x00\x00\x00 est. Usu sanctu'...
0.179 Received: b'l\xc9\xbeu\x00\x00\x00>\xa2\xf0\xd2\xabP\x10\x05\xa8\x00\x00\x00\x00'
0.179 Disassembled: source: 27849, dest: 48757, seq: 62, ack: 2733691563, window: 1448, ACK
0.180 Acknowledged seq: 2733690115
0.180 Assembling: source: 48757, dest: 27849, seq: 2733691563, ack: 63, window: 1448, data: ".

Mei graeco ae"...
0.180 Sent: b'\xbeul\xc9\xa2\xf0\xd2\xab\x00\x00\x00?P\x00\x05\xa8\x00\x00\x00\x00.\n\nMei graeco ae'...
0.182 Received: b'l\xc9\xbeu\x00\x00\x00>\xa2\xf0\xd8SP\x10\x05\xa8\x00\x00\x00\x00'
0.183 Disassembled: source: 27849, dest: 48757, seq: 62, ack: 2733693011, window: 1448, ACK
0.183 Acknowledged seq: 2733691563
0.183 Assembling: source: 48757, dest: 27849, seq: 2733693011, ack: 63, window: 1448, data: "et. Ne sea primi"...
0.184 Sent: b'\xbeul\xc9\xa2\xf0\xd8S\x00\x00\x00?P\x00\x05\xa8\x00\x00\x00\x00et. Ne sea primi'...
0.186 Received: b'l\xc9\xbeu\x00\x00\x00>\xa2\xf0\xdd\xfbP\x10\x05\xa8\x00\x00\x00\x00'
0.186 Disassembled: source: 27849, dest: 48757, seq: 62, ack: 2733694459, window: 1448, ACK
0.186 Acknowledged seq: 2733693011
0.187 Assembling: source: 48757, dest: 27849, seq: 2733694459, ack: 63, window: 1448, data: "ittam convenire."...
0.187 Sent: b'\xbeul\xc9\xa2\xf0\xdd\xfb\x00\x00\x00?P\x00\x05\xa8\x00\x00\x00\x00ittam convenire.'...
0.189 Received: b'l\xc9\xbeu\x00\x00\x00>\xa2\xf0\xe3\xa3P\x10\x05\xa8\x00\x00\x00\x00'
0.189 Disassembled: source: 27849, dest: 48757, seq: 62, ack: 2733695907, window: 1448, ACK
0.190 Acknowledged seq: 2733694459
0.190 Assembling: source: 48757, dest: 27849, seq: 2733695907, ack: 63, window: 1448, data: "ua et vis, id eu"...
0.190 Sent: b'\xbeul\xc9\xa2\xf0\xe3\xa3\x00\x00\x00?P\x00\x05\xa8\x00\x00\x00\x00ua et vis, id eu'...
0.192 Received: b'l\xc9\xbeu\x00\x00\x00>\xa2\xf0\xe9KP\x10\x05\xa8\x00\x00\x00\x00'
0.193 Disassembled: source: 27849, dest: 48757, seq: 62, ack: 2733697355, window: 1448, ACK
0.193 Acknowledged seq: 2733695907
0.193 Assembling: source: 48757, dest: 27849, seq: 2733697355, ack: 63, window: 1448, data: "r. Et velit appa"...
0.194 Sent: b'\xbeul\xc9\xa2\xf0\xe9K\x00\x00\x00?P\x00\x05\xa8\x00\x00\x00\x00r. Et velit appa'...
0.196 Received: b'l\xc9\xbeu\x00\x00\x00>\xa2\xf0\xee\xf3P\x10\x05\xa8\x00\x00\x00\x00'
0.196 Disassembled: source: 27849, dest: 48757, seq: 62, ack: 2733698803, window: 1448, ACK
0.196 Acknowledged seq: 2733697355
0.197 Assembling: source: 48757, dest: 27849, seq: 2733698803, ack: 63, window: 1448, data: " novum laudem, v"...
0.197 Sent: b'\xbeul\xc9\xa2\xf0\xee\xf3\x00\x00\x00?P\x00\x05\xa8\x00\x00\x00\x00 novum laudem, v'...
0.199 Received: b'l\xc9\xbeu\x00\x00\x00>\xa2\xf0\xf4\x9bP\x10\x05\xa8\x00\x00\x00\x00'
0.200 Disassembled: source: 27849, dest: 48757, seq: 62, ack: 2733700251, window: 1448, ACK
0.200 Acknowledged seq: 2733698803
0.200 Assembling: source: 48757, dest: 27849, seq: 2733700251, ack: 63, window: 1448, data: "luptatibus, cibo"...
0.200 Sent: b'\xbeul\xc9\xa2\xf0\xf4\x9b\x00\x00\x00?P\x00\x05\xa8\x00\x00\x00\x00luptatibus, cibo'...
0.202 Received: b'l\xc9\xbeu\x00\x00\x00>\xa2\xf0\xfaCP\x10\x05\xa8\x00\x00\x00\x00'
0.203 Disassembled: source: 27849, dest: 48757, seq: 62, ack: 2733701699, window: 1448, ACK
0.203 Acknowledged seq: 2733700251
0.203 Assembling: source: 48757, dest: 27849, seq: 2733701699, ack: 63, window: 1448, data: "alii indoctum ma"...
0.204 Sent: b'\xbeul\xc9\xa2\xf0\xfaC\x00\x00\x00?P\x00\x05\xa8\x00\x00\x00\x00alii indoctum ma'...
0.206 Received: b'l\xc9\xbeu\x00\x00\x00>\xa2\xf0\xff\xebP\x10\x05\xa8\x00\x00\x00\x00'
0.206 Disassembled: source: 27849, dest: 48757, seq: 62, ack: 2733703147, window: 1448, ACK
0.207 Acknowledged seq: 2733701699
0.207 Assembling: source: 48757, dest: 27849, seq: 2733703147, ack: 63, window: 1448, data: "im, his facete c"...
0.207 Sent: b'\xbeul\xc9\xa2\xf0\xff\xeb\x00\x00\x00?P\x00\x05\xa8\x00\x00\x00\x00im, his facete c'...
0.209 Received: b'l\xc9\xbeu\x00\x00\x00>\xa2\xf1\x05\x93P\x10\x05\xa8\x00\x00\x00\x00'
0.210 Disassembled: source: 27849, dest: 48757, seq: 62, ack: 2733704595, window: 1448, ACK
0.210 Acknowledged seq: 2733703147
0.210 Assembling: source: 48757, dest: 27849, seq: 2733704595, ack: 63, window: 1448, data: "e alia dolor com"...
0.211 Sent: b'\xbeul\xc9\xa2\xf1\x05\x93\x00\x00\x00?P\x00\x05\xa8\x00\x00\x00\x00e alia dolor com'...
0.213 Received: b'l\xc9\xbeu\x00\x00\x00>\xa2\xf1\x0b;P\x10\x05\xa8\x00\x00\x00\x00'
0.213 Disassembled: source: 27849, dest: 48757, seq: 62, ack: 2733706043, window: 1448, ACK
0.213 Acknowledged seq: 2733704595
0.214 Assembling: source: 48757, dest: 27849, seq: 2733706043, ack: 63, window: 1448, data: "it ea, reque tem"...
0.214 Sent: b'\xbeul\xc9\xa2\xf1\x0b;\x00\x00\x00?P\x00\x05\xa8\x00\x00\x00\x00it ea, reque tem'...
0.216 Received: b'l\xc9\xbeu\x00\x00\x00>\xa2\xf1\x10\xe3P\x10\x05\xa8\x00\x00\x00\x00'
0.217 Disassembled: source: 27849, dest: 48757, seq: 62, ack: 2733707491, window: 1448, ACK
0.217 Acknowledged seq: 2733706043
0.217 Assembling: source: 48757, dest: 27849, seq: 2733707491, ack: 63, window: 1448, data: "alisque.

Equide"...
0.218 Sent: b'\xbeul\xc9\xa2\xf1\x10\xe3\x00\x00\x00?P\x00\x05\xa8\x00\x00\x00\x00alisque.\n\nEquide'...
0.220 Received: b'l\xc9\xbeu\x00\x00\x00>\xa2\xf1\x16\x8bP\x10\x05\xa8\x00\x00\x00\x00'
0.220 Disassembled: source: 27849, dest: 48757, seq: 62, ack: 2733708939, window: 1448, ACK
0.220 Acknowledged seq: 2733707491
0.220 Assembling: source: 48757, dest: 27849, seq: 2733708939, ack: 63, window: 1448, data: "finitiones, affe"...
0.221 Sent: b'\xbeul\xc9\xa2\xf1\x16\x8b\x00\x00\x00?P\x00\x05\xa8\x00\x00\x00\x00finitiones, affe'...
0.223 Received: b'l\xc9\xbeu\x00\x00\x00>\xa2\xf1\x1c3P\x10\x05\xa8\x00\x00\x00\x00'
0.223 Disassembled: source: 27849, dest: 48757, seq: 62, ack: 2733710387, window: 1448, ACK
0.224 Acknowledged seq: 2733708939
0.224 Assembling: source: 48757, dest: 27849, seq: 2733710387, ack: 63, window: 1448, data: "his duis graeco "...
0.224 Sent: b'\xbeul\xc9\xa2\xf1\x1c3\x00\x00\x00?P\x00\x05\xa8\x00\x00\x00\x00his duis graeco '...
0.226 Received: b'l\xc9\xbeu\x00\x00\x00>\xa2\xf1!\xdbP\x10\x05\xa8\x00\x00\x00\x00'
0.227 Disassembled: source: 27849, dest: 48757, seq: 62, ack: 2733711835, window: 1448, ACK
0.227 Acknowledged seq: 2733710387
0.227 Assembling: source: 48757, dest: 27849, seq: 2733711835, ack: 63, window: 1448, data: "am. Alia possit "...
0.228 Sent: b'\xbeul\xc9\xa2\xf1!\xdb\x00\x00\x00?P\x00\x05\xa8\x00\x00\x00\x00am. Alia possit '...
0.230 Received: b"l\xc9\xbeu\x00\x00\x00>\xa2\xf1'\x83P\x10\x05\xa8\x00\x00\x00\x00"
0.230 Disassembled: source: 27849, dest: 48757, seq: 62, ack: 2733713283, window: 1448, ACK
0.230 Acknowledged seq: 2733711835
0.231 Assembling: source: 48757, dest: 27849, seq: 2733713283, ack: 63, window: 1448, data: "cum an. Mei faci"...
0.231 Sent: b"\xbeul\xc9\xa2\xf1'\x83\x00\x00\x00?P\x00\x05\xa8\x00\x00\x00\x00cum an. Mei faci"...
0.233 Received: b'l\xc9\xbeu\x00\x00\x00>\xa2\xf1-+P\x10\x05\xa8\x00\x00\x00\x00'
0.234 Disassembled: source: 27849, dest: 48757, seq: 62, ack: 2733714731, window: 1448, ACK
0.234 Acknowledged seq: 2733713283
0.234 Assembling: source: 48757, dest: 27849, seq: 2733714731, ack: 63, window: 1448, data: " vis adhuc tatio"...
0.234 Sent: b'\xbeul\xc9\xa2\xf1-+\x00\x00\x00?P\x00\x05\xa8\x00\x00\x00\x00 vis adhuc tatio'...
0.236 Received: b'l\xc9\xbeu\x00\x00\x00>\xa2\xf12\xd3P\x10\x05\xa8\x00\x00\x00\x00'
0.237 Disassembled: source: 27849, dest: 48757, seq: 62, ack: 2733716179, window: 1448, ACK
0.237 Acknowledged seq: 2733714731
0.237 Assembling: source: 48757, dest: 27849, seq: 2733716179, ack: 63, window: 1448, data: "im eu option iuv"...
0.238 Sent: b'\xbeul\xc9\xa2\xf12\xd3\x00\x00\x00?P\x00\x05\xa8\x00\x00\x00\x00im eu option iuv'...
0.240 Received: b'l\xc9\xbeu\x00\x00\x00>\xa2\xf18{P\x10\x05\xa8\x00\x00\x00\x00'
0.240 Disassembled: source: 27849, dest: 48757, seq: 62, ack: 2733717627, window: 1448, ACK
0.241 Acknowledged seq: 2733716179
0.241 Assembling: source: 48757, dest: 27849, seq: 2733717627, ack: 63, window: 1448, data: "ex epicurei taci"...
0.241 Sent: b'\xbeul\xc9\xa2\xf18{\x00\x00\x00?P\x00\x05\xa8\x00\x00\x00\x00ex epicurei taci'...
0.243 Received: b'l\xc9\xbeu\x00\x00\x00>\xa2\xf1>#P\x10\x05\xa8\x00\x00\x00\x00'
0.244 Disassembled: source: 27849, dest: 48757, seq: 62, ack: 2733719075, window: 1448, ACK
0.244 Acknowledged seq: 2733717627
0.244 Assembling: source: 48757, dest: 27849, seq: 2733719075, ack: 63, window: 1448, data: "ebat, eu pro ero"...
0.245 Sent: b'\xbeul\xc9\xa2\xf1>#\x00\x00\x00?P\x00\x05\xa8\x00\x00\x00\x00ebat, eu pro ero'...
0.247 Received: b'l\xc9\xbeu\x00\x00\x00>\xa2\xf1C\xcbP\x10\x05\xa8\x00\x00\x00\x00'
0.247 Disassembled: source: 27849, dest: 48757, seq: 62, ack: 2733720523, window: 1448, ACK
0.247 Acknowledged seq: 2733719075
0.248 Assembling: source: 48757, dest: 27849, seq: 2733720523, ack: 63, window: 1448, data: "s. Per no sale v"...
0.248 Sent: b'\xbeul\xc9\xa2\xf1C\xcb\x00\x00\x00?P\x00\x05\xa8\x00\x00\x00\x00s. Per no sale v'...
0.250 Received: b'l\xc9\xbeu\x00\x00\x00>\xa2\xf1IsP\x10\x05\xa8\x00\x00\x00\x00'
0.250 Disassembled: source: 27849, dest: 48757, seq: 62, ack: 2733721971, window: 1448, ACK
0.251 Acknowledged seq: 2733720523
0.251 Assembling: source: 48757, dest: 27849, seq: 2733721971, ack: 63, window: 1448, data: "orrupte ea mel. "...
0.251 Sent: b'\xbeul\xc9\xa2\xf1Is\x00\x00\x00?P\x00\x05\xa8\x00\x00\x00\x00orrupte ea mel. '...
0.253 Received: b'l\xc9\xbeu\x00\x00\x00>\xa2\xf1O\x1bP\x10\x05\xa8\x00\x00\x00\x00'
0.254 Disassembled: source: 27849, dest: 48757, seq: 62, ack: 2733723419, window: 1448, ACK
0.254 Acknowledged seq: 2733721971
0.254 Assembling: source: 48757, dest: 27849, seq: 2733723419, ack: 63, window: 1448, data: ". Est iracundia "...
0.255 Sent: b'\xbeul\xc9\xa2\xf1O\x1b\x00\x00\x00?P\x00\x05\xa8\x00\x00\x00\x00. Est iracundia '...
0.257 Received: b'l\xc9\xbeu\x00\x00\x00>\xa2\xf1T\xc3P\x10\x05\xa8\x00\x00\x00\x00'
0.257 Disassembled: source: 27849, dest: 48757, seq: 62, ack: 2733724867, window: 1448, ACK
0.257 Acknowledged seq: 2733723419
0.258 Assembling: source: 48757, dest: 27849, seq: 2733724867, ack: 63, window: 1448, data: "pta probatus scr"...
0.258 Sent: b'\xbeul\xc9\xa2\xf1T\xc3\x00\x00\x00?P\x00\x05\xa8\x00\x00\x00\x00pta probatus scr'...
0.260 Received: b'l\xc9\xbeu\x00\x00\x00>\xa2\xf1ZkP\x10\x05\xa8\x00\x00\x00\x00'
0.261 Disassembled: source: 27849, dest: 48757, seq: 62, ack: 2733726315, window: 1448, ACK
0.261 Acknowledged seq: 2733724867
0.261 Assembling: source: 48757, dest: 27849, seq: 2733726315, ack: 63, window: 1448, data: "entur ei, pro ei"...
0.262 Sent: b'\xbeul\xc9\xa2\xf1Zk\x00\x00\x00?P\x00\x05\xa8\x00\x00\x00\x00entur ei, pro ei'...
0.264 Received: b'l\xc9\xbeu\x00\x00\x00>\xa2\xf1`\x13P\x10\x05\xa8\x00\x00\x00\x00'
0.264 Disassembled: source: 27849, dest: 48757, seq: 62, ack: 2733727763, window: 1448, ACK
0.264 Acknowledged seq: 2733726315
0.265 Assembling: source: 48757, dest: 27849, seq: 2733727763, ack: 63, window: 1448, data: "simul euismod vi"...
0.265 Sent: b'\xbeul\xc9\xa2\xf1`\x13\x00\x00\x00?P\x00\x05\xa8\x00\x00\x00\x00simul euismod vi'...
0.267 Received: b'l\xc9\xbeu\x00\x00\x00>\xa2\xf1e\xbbP\x10\x05\xa8\x00\x00\x00\x00'
0.267 Disassembled: source: 27849, dest: 48757, seq: 62, ack: 2733729211, window: 1448, ACK
0.268 Acknowledged seq: 2733727763
0.268 Assembling: source: 48757, dest: 27849, seq: 2733729211, ack: 63, window: 1448, data: ", eam id iudico "...
0.268 Sent: b'\xbeul\xc9\xa2\xf1e\xbb\x00\x00\x00?P\x00\x05\xa8\x00\x00\x00\x00, eam id iudico '...
0.270 Received: b'l\xc9\xbeu\x00\x00\x00>\xa2\xf1kcP\x10\x05\xa8\x00\x00\x00\x00'
0.271 Disassembled: source: 27849, dest: 48757, seq: 62, ack: 2733730659, window: 1448, ACK
0.271 Acknowledged seq: 2733729211
0.271 Assembling: source: 48757, dest: 27849, seq: 2733730659, ack: 63, window: 1448, data: "m vix. Ea est mu"...
0.272 Sent: b'\xbeul\xc9\xa2\xf1kc\x00\x00\x00?P\x00\x05\xa8\x00\x00\x00\x00m vix. Ea est mu'...
0.274 Received: b'l\xc9\xbeu\x00\x00\x00>\xa2\xf1q\x0bP\x10\x05\xa8\x00\x00\x00\x00'
0.274 Disassembled: source: 27849, dest: 48757, seq: 62, ack: 2733732107, window: 1448, ACK
0.274 Acknowledged seq: 2733730659
0.275 Assembling: source: 48757, dest: 27849, seq: 2733732107, ack: 63, window: 1448, data: "olor sit amet, e"...
0.275 Sent: b'\xbeul\xc9\xa2\xf1q\x0b\x00\x00\x00?P\x00\x05\xa8\x00\x00\x00\x00olor sit amet, e'...
0.277 Received: b'l\xc9\xbeu\x00\x00\x00>\xa2\xf1v\xb3P\x10\x05\xa8\x00\x00\x00\x00'
0.278 Disassembled: source: 27849, dest: 48757, seq: 62, ack: 2733733555, window: 1448, ACK
0.278 Acknowledged seq: 2733732107
0.278 Assembling: source: 48757, dest: 27849, seq: 2733733555, ack: 63, window: 1448, data: "m, aperiam iudic"...
0.278 Sent: b'\xbeul\xc9\xa2\xf1v\xb3\x00\x00\x00?P\x00\x05\xa8\x00\x00\x00\x00m, aperiam iudic'...
0.280 Received: b'l\xc9\xbeu\x00\x00\x00>\xa2\xf1|[P\x10\x05\xa8\x00\x00\x00\x00'
0.281 Disassembled: source: 27849, dest: 48757, seq: 62, ack: 2733735003, window: 1448, ACK
0.281 Acknowledged seq: 2733733555
0.281 Assembling: source: 48757, dest: 27849, seq: 2733735003, ack: 63, window: 1448, data: "re sea. No eos d"...
0.282 Sent: b'\xbeul\xc9\xa2\xf1|[\x00\x00\x00?P\x00\x05\xa8\x00\x00\x00\x00re sea. No eos d'...
0.284 Received: b'l\xc9\xbeu\x00\x00\x00>\xa2\xf1\x82\x03P\x10\x05\xa8\x00\x00\x00\x00'
0.284 Disassembled: source: 27849, dest: 48757, seq: 62, ack: 2733736451, window: 1448, ACK
0.284 Acknowledged seq: 2733735003
0.285 Assembling: source: 48757, dest: 27849, seq: 2733736451, ack: 63, window: 1448, data: "t scripta philos"...
0.285 Sent: b'\xbeul\xc9\xa2\xf1\x82\x03\x00\x00\x00?P\x00\x05\xa8\x00\x00\x00\x00t scripta philos'...
0.287 Received: b'l\xc9\xbeu\x00\x00\x00>\xa2\xf1\x87\xabP\x10\x05\xa8\x00\x00\x00\x00'
0.288 Disassembled: source: 27849, dest: 48757, seq: 62, ack: 2733737899, window: 1448, ACK
0.288 Acknowledged seq: 2733736451
0.288 Assembling: source: 48757, dest: 27849, seq: 2733737899, ack: 63, window: 1448, data: "tos sadipscing e"...
0.289 Sent: b'\xbeul\xc9\xa2\xf1\x87\xab\x00\x00\x00?P\x00\x05\xa8\x00\x00\x00\x00tos sadipscing e'...
0.290 Received: b'l\xc9\xbeu\x00\x00\x00>\xa2\xf1\x8dSP\x10\x05\xa8\x00\x00\x00\x00'
0.291 Disassembled: source: 27849, dest: 48757, seq: 62, ack: 2733739347, window: 1448, ACK
0.291 Acknowledged seq: 2733737899
0.291 Assembling: source: 48757, dest: 27849, seq: 2733739347, ack: 63, window: 1448, data: "sapientem ea, ad"...
0.292 Sent: b'\xbeul\xc9\xa2\xf1\x8dS\x00\x00\x00?P\x00\x05\xa8\x00\x00\x00\x00sapientem ea, ad'...
0.294 Received: b'l\xc9\xbeu\x00\x00\x00>\xa2\xf1\x92\xfbP\x10\x05\xa8\x00\x00\x00\x00'
0.294 Disassembled: source: 27849, dest: 48757, seq: 62, ack: 2733740795, window: 1448, ACK
0.295 Acknowledged seq: 2733739347
0.295 Assembling: source: 48757, dest: 27849, seq: 2733740795, ack: 63, window: 1448, data: "g, ei invenire p"...
0.295 Sent: b'\xbeul\xc9\xa2\xf1\x92\xfb\x00\x00\x00?P\x00\x05\xa8\x00\x00\x00\x00g, ei invenire p'...
0.297 Received: b'l\xc9\xbeu\x00\x00\x00>\xa2\xf1\x98\xa3P\x10\x05\xa8\x00\x00\x00\x00'
0.298 Disassembled: source: 27849, dest: 48757, seq: 62, ack: 2733742243, window: 1448, ACK
0.298 Acknowledged seq: 2733740795
0.298 Assembling: source: 48757, dest: 27849, seq: 2733742243, ack: 63, window: 1448, data: "endo at. Qui id "...
0.299 Sent: b'\xbeul\xc9\xa2\xf1\x98\xa3\x00\x00\x00?P\x00\x05\xa8\x00\x00\x00\x00endo at. Qui id '...
0.301 Received: b'l\xc9\xbeu\x00\x00\x00>\xa2\xf1\x9eKP\x10\x05\xa8\x00\x00\x00\x00'
0.301 Disassembled: source: 27849, dest: 48757, seq: 62, ack: 2733743691, window: 1448, ACK
0.301 Acknowledged seq: 2733742243
0.302 Assembling: source: 48757, dest: 27849, seq: 2733743691, ack: 63, window: 1448, data: "ota nostrum et p"...
0.302 Sent: b'\xbeul\xc9\xa2\xf1\x9eK\x00\x00\x00?P\x00\x05\xa8\x00\x00\x00\x00ota nostrum et p'...
0.304 Received: b'l\xc9\xbeu\x00\x00\x00>\xa2\xf1\xa3\xf3P\x10\x05\xa8\x00\x00\x00\x00'
0.304 Disassembled: source: 27849, dest: 48757, seq: 62, ack: 2733745139, window: 1448, ACK
0.305 Acknowledged seq: 2733743691
0.305 Assembling: source: 48757, dest: 27849, seq: 2733745139, ack: 63, window: 1448, data: "deseruisse id. P"...
0.305 Sent: b'\xbeul\xc9\xa2\xf1\xa3\xf3\x00\x00\x00?P\x00\x05\xa8\x00\x00\x00\x00deseruisse id. P'...
0.307 Received: b'l\xc9\xbeu\x00\x00\x00>\xa2\xf1\xa9\x9bP\x10\x05\xa8\x00\x00\x00\x00'
0.308 Disassembled: source: 27849, dest: 48757, seq: 62, ack: 2733746587, window: 1448, ACK
0.308 Acknowledged seq: 2733745139
0.308 Assembling: source: 48757, dest: 27849, seq: 2733746587, ack: 63, window: 1448, data: "odo munere imper"...
0.309 Sent: b'\xbeul\xc9\xa2\xf1\xa9\x9b\x00\x00\x00?P\x00\x05\xa8\x00\x00\x00\x00odo munere imper'...
0.311 Received: b'l\xc9\xbeu\x00\x00\x00>\xa2\xf1\xafCP\x10\x05\xa8\x00\x00\x00\x00'
0.311 Disassembled: source: 27849, dest: 48757, seq: 62, ack: 2733748035, window: 1448, ACK
0.311 Acknowledged seq: 2733746587
0.312 Assembling: source: 48757, dest: 27849, seq: 2733748035, ack: 63, window: 1448, data: "cimates cum, tib"...
0.312 Sent: b'\xbeul\xc9\xa2\xf1\xafC\x00\x00\x00?P\x00\x05\xa8\x00\x00\x00\x00cimates cum, tib'...
0.314 Received: b'l\xc9\xbeu\x00\x00\x00>\xa2\xf1\xb4\xebP\x10\x05\xa8\x00\x00\x00\x00'
0.315 Disassembled: source: 27849, dest: 48757, seq: 62, ack: 2733749483, window: 1448, ACK
0.315 Acknowledged seq: 2733748035
0.315 Assembling: source: 48757, dest: 27849, seq: 2733749483, ack: 63, window: 1448, data: "tiopam molestiae"...
0.315 Sent: b'\xbeul\xc9\xa2\xf1\xb4\xeb\x00\x00\x00?P\x00\x05\xa8\x00\x00\x00\x00tiopam molestiae'...
0.317 Received: b'l\xc9\xbeu\x00\x00\x00>\xa2\xf1\xba\x93P\x10\x05\xa8\x00\x00\x00\x00'
0.318 Disassembled: source: 27849, dest: 48757, seq: 62, ack: 2733750931, window: 1448, ACK
0.318 Acknowledged seq: 2733749483
0.318 Assembling: source: 48757, dest: 27849, seq: 2733750931, ack: 63, window: 1448, data: "possim qui no, v"...
0.319 Sent: b'\xbeul\xc9\xa2\xf1\xba\x93\x00\x00\x00?P\x00\x05\xa8\x00\x00\x00\x00possim qui no, v'...
0.321 Received: b'l\xc9\xbeu\x00\x00\x00>\xa2\xf1\xc0;P\x10\x05\xa8\x00\x00\x00\x00'
0.321 Disassembled: source: 27849, dest: 48757, seq: 62, ack: 2733752379, window: 1448, ACK
0.321 Acknowledged seq: 2733750931
0.322 Assembling: source: 48757, dest: 27849, seq: 2733752379, ack: 63, window: 1448, data: " ex utinam parti"...
0.322 Sent: b'\xbeul\xc9\xa2\xf1\xc0;\x00\x00\x00?P\x00\x05\xa8\x00\x00\x00\x00 ex utinam parti'...
0.324 Received: b'l\xc9\xbeu\x00\x00\x00>\xa2\xf1\xc5\xe3P\x10\x05\xa8\x00\x00\x00\x00'
0.325 Disassembled: source: 27849, dest: 48757, seq: 62, ack: 2733753827, window: 1448, ACK
0.325 Acknowledged seq: 2733752379
0.325 Assembling: source: 48757, dest: 27849, seq: 2733753827, ack: 63, window: 1448, data: "icus in his. Pri"...
0.326 Sent: b'\xbeul\xc9\xa2\xf1\xc5\xe3\x00\x00\x00?P\x00\x05\xa8\x00\x00\x00\x00icus in his. Pri'...
0.327 Received: b'l\xc9\xbeu\x00\x00\x00>\xa2\xf1\xcb\x8bP\x10\x05\xa8\x00\x00\x00\x00'
0.328 Disassembled: source: 27849, dest: 48757, seq: 62, ack: 2733755275, window: 1448, ACK
0.328 Acknowledged seq: 2733753827
0.328 Assembling: source: 48757, dest: 27849, seq: 2733755275, ack: 63, window: 1448, data: "iis et.

Ius cu "...
0.329 Sent: b'\xbeul\xc9\xa2\xf1\xcb\x8b\x00\x00\x00?P\x00\x05\xa8\x00\x00\x00\x00iis et.\n\nIus cu '...
0.331 Received: b'l\xc9\xbeu\x00\x00\x00>\xa2\xf1\xd13P\x10\x05\xa8\x00\x00\x00\x00'
0.331 Disassembled: source: 27849, dest: 48757, seq: 62, ack: 2733756723, window: 1448, ACK
0.332 Acknowledged seq: 2733755275
0.332 Assembling: source: 48757, dest: 27849, seq: 2733756723, ack: 63, window: 1448, data: "e interesset.

T"...
0.332 Sent: b'\xbeul\xc9\xa2\xf1\xd13\x00\x00\x00?P\x00\x05\xa8\x00\x00\x00\x00e interesset.\n\nT'...
0.334 Received: b'l\xc9\xbeu\x00\x00\x00>\xa2\xf1\xd6\xdbP\x10\x05\xa8\x00\x00\x00\x00'
0.335 Disassembled: source: 27849, dest: 48757, seq: 62, ack: 2733758171, window: 1448, ACK
0.335 Acknowledged seq: 2733756723
0.335 Assembling: source: 48757, dest: 27849, seq: 2733758171, ack: 63, window: 1448, data: "pro alia volutpa"...
0.336 Sent: b'\xbeul\xc9\xa2\xf1\xd6\xdb\x00\x00\x00?P\x00\x05\xa8\x00\x00\x00\x00pro alia volutpa'...
0.338 Received: b'l\xc9\xbeu\x00\x00\x00>\xa2\xf1\xdc\x83P\x10\x05\xa8\x00\x00\x00\x00'
0.338 Disassembled: source: 27849, dest: 48757, seq: 62, ack: 2733759619, window: 1448, ACK
0.338 Acknowledged seq: 2733758171
0.339 Assembling: source: 48757, dest: 27849, seq: 2733759619, ack: 63, window: 1448, data: " libris equidem "...
0.339 Sent: b'\xbeul\xc9\xa2\xf1\xdc\x83\x00\x00\x00?P\x00\x05\xa8\x00\x00\x00\x00 libris equidem '...
0.341 Received: b'l\xc9\xbeu\x00\x00\x00>\xa2\xf1\xe2+P\x10\x05\xa8\x00\x00\x00\x00'
0.341 Disassembled: source: 27849, dest: 48757, seq: 62, ack: 2733761067, window: 1448, ACK
0.342 Acknowledged seq: 2733759619
0.342 Assembling: source: 48757, dest: 27849, seq: 2733761067, ack: 63, window: 1448, data: "uavitate volupta"...
0.342 Sent: b'\xbeul\xc9\xa2\xf1\xe2+\x00\x00\x00?P\x00\x05\xa8\x00\x00\x00\x00uavitate volupta'...
0.344 Received: b'l\xc9\xbeu\x00\x00\x00>\xa2\xf1\xe7\xd3P\x10\x05\xa8\x00\x00\x00\x00'
0.345 Disassembled: source: 27849, dest: 48757, seq: 62, ack: 2733762515, window: 1448, ACK
0.345 Acknowledged seq: 2733761067
0.345 Assembling: source: 48757, dest: 27849, seq: 2733762515, ack: 63, window: 1448, data: " Detraxit defini"...
0.346 Sent: b'\xbeul\xc9\xa2\xf1\xe7\xd3\x00\x00\x00?P\x00\x05\xa8\x00\x00\x00\x00 Detraxit defini'...
0.348 Received: b'l\xc9\xbeu\x00\x00\x00>\xa2\xf1\xed{P\x10\x05\xa8\x00\x00\x00\x00'
0.348 Disassembled: source: 27849, dest: 48757, seq: 62, ack: 2733763963, window: 1448, ACK
0.348 Acknowledged seq: 2733762515
0.349 Assembling: source: 48757, dest: 27849, seq: 2733763963, ack: 63, window: 1448, data: "aesent mei. Quo "...
0.349 Sent: b'\xbeul\xc9\xa2\xf1\xed{\x00\x00\x00?P\x00\x05\xa8\x00\x00\x00\x00aesent mei. Quo '...
0.351 Received: b'l\xc9\xbeu\x00\x00\x00>\xa2\xf1\xf3#P\x10\x05\xa8\x00\x00\x00\x00'
0.352 Disassembled: source: 27849, dest: 48757, seq: 62, ack: 2733765411, window: 1448, ACK
0.352 Acknowledged seq: 2733763963
0.352 Assembling: source: 48757, dest: 27849, seq: 2733765411, ack: 63, window: 1448, data: "nterpretaris no "...
0.352 Sent: b'\xbeul\xc9\xa2\xf1\xf3#\x00\x00\x00?P\x00\x05\xa8\x00\x00\x00\x00nterpretaris no '...
0.354 Received: b'l\xc9\xbeu\x00\x00\x00>\xa2\xf1\xf8\xcbP\x10\x05\xa8\x00\x00\x00\x00'
0.355 Disassembled: source: 27849, dest: 48757, seq: 62, ack: 2733766859, window: 1448, ACK
0.355 Acknowledged seq: 2733765411
0.355 Assembling: source: 48757, dest: 27849, seq: 2733766859, ack: 63, window: 1448, data: "patrioque has. I"...
0.356 Sent: b'\xbeul\xc9\xa2\xf1\xf8\xcb\x00\x00\x00?P\x00\x05\xa8\x00\x00\x00\x00patrioque has. I'...
0.358 Received: b'l\xc9\xbeu\x00\x00\x00>\xa2\xf1\xfesP\x10\x05\xa8\x00\x00\x00\x00'
0.358 Disassembled: source: 27849, dest: 48757, seq: 62, ack: 2733768307, window: 1448, ACK
0.358 Acknowledged seq: 2733766859
0.359 Assembling: source: 48757, dest: 27849, seq: 2733768307, ack: 63, window: 1448, data: "ossit repudianda"...
0.359 Sent: b'\xbeul\xc9\xa2\xf1\xfes\x00\x00\x00?P\x00\x05\xa8\x00\x00\x00\x00ossit repudianda'...
0.361 Received: b'l\xc9\xbeu\x00\x00\x00>\xa2\xf2\x04\x1bP\x10\x05\xa8\x00\x00\x00\x00'
0.361 Disassembled: source: 27849, dest: 48757, seq: 62, ack: 2733769755, window: 1448, ACK
0.362 Acknowledged seq: 2733768307
0.362 Assembling: source: 48757, dest: 27849, seq: 2733769755, ack: 63, window: 1448, data: "ora consequuntur"...
0.362 Sent: b'\xbeul\xc9\xa2\xf2\x04\x1b\x00\x00\x00?P\x00\x05\xa8\x00\x00\x00\x00ora consequuntur'...
0.364 Received: b'l\xc9\xbeu\x00\x00\x00>\xa2\xf2\t\xc3P\x10\x05\xa8\x00\x00\x00\x00'
0.365 Disassembled: source: 27849, dest: 48757, seq: 62, ack: 2733771203, window: 1448, ACK
0.365 Acknowledged seq: 2733769755
0.365 Assembling: source: 48757, dest: 27849, seq: 2733771203, ack: 63, window: 1448, data: "ctus conceptam a"...
0.366 Sent: b'\xbeul\xc9\xa2\xf2\t\xc3\x00\x00\x00?P\x00\x05\xa8\x00\x00\x00\x00ctus conceptam a'...
0.368 Received: b'l\xc9\xbeu\x00\x00\x00>\xa2\xf2\x0fkP\x10\x05\xa8\x00\x00\x00\x00'
0.368 Disassembled: source: 27849, dest: 48757, seq: 62, ack: 2733772651, window: 1448, ACK
0.368 Acknowledged seq: 2733771203
0.369 Assembling: source: 48757, dest: 27849, seq: 2733772651, ack: 63, window: 1448, data: " aeterno te, ne "...
0.369 Sent: b'\xbeul\xc9\xa2\xf2\x0fk\x00\x00\x00?P\x00\x05\xa8\x00\x00\x00\x00 aeterno te, ne '...
0.371 Received: b'l\xc9\xbeu\x00\x00\x00>\xa2\xf2\x15\x13P\x10\x05\xa8\x00\x00\x00\x00'
0.372 Disassembled: source: 27849, dest: 48757, seq: 62, ack: 2733774099, window: 1448, ACK
0.372 Acknowledged seq: 2733772651
0.372 Assembling: source: 48757, dest: 27849, seq: 2733774099, ack: 63, window: 1448, data: "imis oporteat di"...
0.372 Sent: b'\xbeul\xc9\xa2\xf2\x15\x13\x00\x00\x00?P\x00\x05\xa8\x00\x00\x00\x00imis oporteat di'...
0.374 Received: b'l\xc9\xbeu\x00\x00\x00>\xa2\xf2\x1a\xbbP\x10\x05\xa8\x00\x00\x00\x00'
0.375 Disassembled: source: 27849, dest: 48757, seq: 62, ack: 2733775547, window: 1448, ACK
0.375 Acknowledged seq: 2733774099
0.375 Assembling: source: 48757, dest: 27849, seq: 2733775547, ack: 63, window: 1448, data: "re. Has virtute "...
0.376 Sent: b'\xbeul\xc9\xa2\xf2\x1a\xbb\x00\x00\x00?P\x00\x05\xa8\x00\x00\x00\x00re. Has virtute '...
0.378 Received: b'l\xc9\xbeu\x00\x00\x00>\xa2\xf2 cP\x10\x05\xa8\x00\x00\x00\x00'
0.378 Disassembled: source: 27849, dest: 48757, seq: 62, ack: 2733776995, window: 1448, ACK
0.378 Acknowledged seq: 2733775547
0.379 Assembling: source: 48757, dest: 27849, seq: 2733776995, ack: 63, window: 1448, data: " eum ancillae no"...
0.379 Sent: b'\xbeul\xc9\xa2\xf2 c\x00\x00\x00?P\x00\x05\xa8\x00\x00\x00\x00 eum ancillae no'...
0.381 Received: b'l\xc9\xbeu\x00\x00\x00>\xa2\xf2&\x0bP\x10\x05\xa8\x00\x00\x00\x00'
0.381 Disassembled: source: 27849, dest: 48757, seq: 62, ack: 2733778443, window: 1448, ACK
0.382 Acknowledged seq: 2733776995
0.382 Assembling: source: 48757, dest: 27849, seq: 2733778443, ack: 63, window: 1448, data: "ppareat ius. At "...
0.382 Sent: b'\xbeul\xc9\xa2\xf2&\x0b\x00\x00\x00?P\x00\x05\xa8\x00\x00\x00\x00ppareat ius. At '...
0.384 Received: b'l\xc9\xbeu\x00\x00\x00>\xa2\xf2+\xb3P\x10\x05\xa8\x00\x00\x00\x00'
0.385 Disassembled: source: 27849, dest: 48757, seq: 62, ack: 2733779891, window: 1448, ACK
0.385 Acknowledged seq: 2733778443
0.385 Assembling: source: 48757, dest: 27849, seq: 2733779891, ack: 63, window: 1448, data: ", vero appellant"...
0.385 Sent: b'\xbeul\xc9\xa2\xf2+\xb3\x00\x00\x00?P\x00\x05\xa8\x00\x00\x00\x00, vero appellant'...
0.387 Received: b'l\xc9\xbeu\x00\x00\x00>\xa2\xf21[P\x10\x05\xa8\x00\x00\x00\x00'
0.388 Disassembled: source: 27849, dest: 48757, seq: 62, ack: 2733781339, window: 1448, ACK
0.388 Acknowledged seq: 2733779891
0.388 Assembling: source: 48757, dest: 27849, seq: 2733781339, ack: 63, window: 1448, data: "ibo quando copio"...
0.389 Sent: b'\xbeul\xc9\xa2\xf21[\x00\x00\x00?P\x00\x05\xa8\x00\x00\x00\x00ibo quando copio'...
0.391 Received: b'l\xc9\xbeu\x00\x00\x00>\xa2\xf27\x03P\x10\x05\xa8\x00\x00\x00\x00'
0.391 Disassembled: source: 27849, dest: 48757, seq: 62, ack: 2733782787, window: 1448, ACK
0.392 Acknowledged seq: 2733781339
0.392 Assembling: source: 48757, dest: 27849, seq: 2733782787, ack: 63, window: 1448, data: " maluisset. Sit "...
0.392 Sent: b'\xbeul\xc9\xa2\xf27\x03\x00\x00\x00?P\x00\x05\xa8\x00\x00\x00\x00 maluisset. Sit '...
0.394 Received: b'l\xc9\xbeu\x00\x00\x00>\xa2\xf2<\xabP\x10\x05\xa8\x00\x00\x00\x00'
0.395 Disassembled: source: 27849, dest: 48757, seq: 62, ack: 2733784235, window: 1448, ACK
0.395 Acknowledged seq: 2733782787
0.395 Assembling: source: 48757, dest: 27849, seq: 2733784235, ack: 63, window: 1448, data: "e ceteros albuci"...
0.396 Sent: b'\xbeul\xc9\xa2\xf2<\xab\x00\x00\x00?P\x00\x05\xa8\x00\x00\x00\x00e ceteros albuci'...
0.398 Received: b'l\xc9\xbeu\x00\x00\x00>\xa2\xf2BSP\x10\x05\xa8\x00\x00\x00\x00'
0.398 Disassembled: source: 27849, dest: 48757, seq: 62, ack: 2733785683, window: 1448, ACK
0.398 Acknowledged seq: 2733784235
0.399 Assembling: source: 48757, dest: 27849, seq: 2733785683, ack: 63, window: 1448, data: "complectitur sea"...
0.399 Sent: b'\xbeul\xc9\xa2\xf2BS\x00\x00\x00?P\x00\x05\xa8\x00\x00\x00\x00complectitur sea'...
0.401 Received: b'l\xc9\xbeu\x00\x00\x00>\xa2\xf2G\xfbP\x10\x05\xa8\x00\x00\x00\x00'
0.401 Disassembled: source: 27849, dest: 48757, seq: 62, ack: 2733787131, window: 1448, ACK
0.402 Acknowledged seq: 2733785683
0.402 Finished reading file
0.402 Assembling: source: 48757, dest: 27849, seq: 2733787131, ack: 63, window: 1448, data: "tempor ex ius. E"...
0.402 Sent: b'\xbeul\xc9\xa2\xf2G\xfb\x00\x00\x00?P\x00\x05\xa8\x00\x00\x00\x00tempor ex ius. E'...
0.404 Received: b'l\xc9\xbeu\x00\x00\x00>\xa2\xf2HYP\x10\x05\xa8\x00\x00\x00\x00'
0.405 Disassembled: source: 27849, dest: 48757, seq: 62, ack: 2733787225, window: 1448, ACK
0.405 Acknowledged seq: 2733787131
0.405 Assembling: source: 48757, dest: 27849, seq: 2733787225, ack: 63, window: 1448, ACK, FIN
0.406 Sent: b'\xbeul\xc9\xa2\xf2HY\x00\x00\x00?P\x11\x05\xa8\x00\x00\x00\x00'
0.407 Received: b'l\xc9\xbeu\x00\x00\x00>\xa2\xf2HZP\x10\x05\xa8\x00\x00\x00\x00'
0.408 Disassembled: source: 27849, dest: 48757, seq: 62, ack: 2733787226, window: 1448, ACK
0.408 FIN accepted; sending final packet
0.408 Assembling: source: 48757, dest: 27849, seq: 2733787226, ack: 63, window: 1448, ACK
0.409 Sent: b'\xbeul\xc9\xa2\xf2HZ\x00\x00\x00?P\x10\x05\xa8\x00\x00\x00\x00'
0.409 Closed connection
0.409 Shutting down
