0.000 NEW RUN: Server, TEST: Read_file__Single_packet
0.079 Received: b'D\x92*\xd8\x00\x00\x00Z\x00\x00\x00\x00P\x02\x05\xa8\x00\x00\x00\x00'
0.080 Disassembled: source: 17554, dest: 10968, seq: 90, window: 1448, SYN
0.080 SYN accepted; new connection: 127.0.0.1 on port 17554
0.080 Assembling: source: 10968, dest: 17554, seq: 2732861192, ack: 91, window: 1448, ACK, SYN
0.081 Sent: b"*\xd8D\x92\xa2\xe4'\x08\x00\x00\x00[P\x12\x05\xa8\x00\x00\x00\x00"
0.083 Received: b"D\x92*\xd8\x00\x00\x00[\xa2\xe4'\tP\x10\x05\xa8\x00\x00\x00\x00"
0.083 Disassembled: source: 17554, dest: 10968, seq: 91, ack: 2732861193, window: 1448, ACK
0.083 Handshake complete
0.083 Acknowledged seq: 2732861192
0.084 Finished reading file
0.084 Assembling: source: 10968, dest: 17554, seq: 2732861193, ack: 92, window: 1448, data: "This file fits i"...
0.084 Sent: b"*\xd8D\x92\xa2\xe4'\t\x00\x00\x00\\P\x00\x05\xa8\x00\x00\x00\x00This file fits i"...
0.086 Received: b"D\x92*\xd8\x00\x00\x00[\xa2\xe4'4P\x10\x05\xa8\x00\x00\x00\x00"
0.086 Disassembled: source: 17554, dest: 10968, seq: 91, ack: 2732861236, window: 1448, ACK
0.087 Acknowledged seq: 2732861193
0.087 Assembling: source: 10968, dest: 17554, seq: 2732861236, ack: 92, window: 1448, ACK, FIN
0.087 Sent: b"*\xd8D\x92\xa2\xe4'4\x00\x00\x00\\P\x11\x05\xa8\x00\x00\x00\x00"
0.089 Received: b"D\x92*\xd8\x00\x00\x00[\xa2\xe4'5P\x10\x05\xa8\x00\x00\x00\x00"
0.089 Disassembled: source: 17554, dest: 10968, seq: 91, ack: 2732861237, window: 1448, ACK
0.090 FIN accepted; sending final packet
0.090 Assembling: source: 10968, dest: 17554, seq: 2732861237, ack: 92, window: 1448, ACK
0.090 Sent: b"*\xd8D\x92\xa2\xe4'5\x00\x00\x00\\P\x10\x05\xa8\x00\x00\x00\x00"
0.090 Closed connection
0.091 Shutting down
