0.000 NEW RUN: Server, TEST: Read_file__Random_drops
0.077 Received: b'G\x00\xfa\xdc\x00\x00\x00#\x00\x00\x00\x00P\x02\x05\xa8\x00\x00\x00\x00'
0.078 Disassembled: source: 18176, dest: 64220, seq: 35, window: 1448, SYN
0.078 SYN accepted; new connection: 127.0.0.1 on port 18176
0.078 Assembling: source: 64220, dest: 18176, seq: 2792128189, ack: 36, window: 1448, ACK, SYN
0.079 Sent: b'\xfa\xdcG\x00\xa6l~\xbd\x00\x00\x00$P\x12\x05\xa8\x00\x00\x00\x00'
0.081 Received: b'G\x00\xfa\xdc\x00\x00\x00$\xa6l~\xbeP\x10\x05\xa8\x00\x00\x00\x00'
0.081 Disassembled: source: 18176, dest: 64220, seq: 36, ack: 2792128190, window: 1448, ACK
0.081 Handshake complete
0.082 Acknowledged seq: 2792128189
0.082 Assembling: source: 64220, dest: 18176, seq: 2792128190, ack: 37, window: 1448, data: "Lorem ipsum dolo"...
0.082 Sent: b'\xfa\xdcG\x00\xa6l~\xbe\x00\x00\x00%P\x00\x05\xa8\x00\x00\x00\x00Lorem ipsum dolo'...
0.084 Received: b'G\x00\xfa\xdc\x00\x00\x00$\xa6l\x84fP\x10\x05\xa8\x00\x00\x00\x00'
0.084 Disassembled: source: 18176, dest: 64220, seq: 36, ack: 2792129638, window: 1448, ACK
0.085 Acknowledged seq: 2792128190
0.085 Assembling: source: 64220, dest: 18176, seq: 2792129638, ack: 37, window: 1448, data: "mprehensam nam, "...
0.085 Sent: b'\xfa\xdcG\x00\xa6l\x84f\x00\x00\x00%P\x00\x05\xa8\x00\x00\x00\x00mprehensam nam, '...
0.087 Received: b'G\x00\xfa\xdc\x00\x00\x00$\xa6l\x8a\x0eP\x10\x05\xa8\x00\x00\x00\x00'
0.087 Disassembled: source: 18176, dest: 64220, seq: 36, ack: 2792131086, window: 1448, ACK
0.088 Acknowledged seq: 2792129638
0.088 Assembling: source: 64220, dest: 18176, seq: 2792131086, ack: 37, window: 1448, data: "ilisi repudiare "...
0.088 Sent: b'\xfa\xdcG\x00\xa6l\x8a\x0e\x00\x00\x00%P\x00\x05\xa8\x00\x00\x00\x00ilisi repudiare '...
0.090 Received: b'G\x00\xfa\xdc\x00\x00\x00$\xa6l\x8f\xb6P\x10\x05\xa8\x00\x00\x00\x00'
0.090 Disassembled: source: 18176, dest: 64220, seq: 36, ack: 2792132534, window: 1448, ACK
0.091 Acknowledged seq: 2792131086
0.091 Assembling: source: 64220, dest: 18176, seq: 2792132534, ack: 37, window: 1448, data: "ta.

Et essent s"...
0.091 Sent: b'\xfa\xdcG\x00\xa6l\x8f\xb6\x00\x00\x00%P\x00\x05\xa8\x00\x00\x00\x00ta.\n\nEt essent s'...
0.093 Received: b'G\x00\xfa\xdc\x00\x00\x00$\xa6l\x95^P\x10\x05\xa8\x00\x00\x00\x00'
0.093 Disassembled: source: 18176, dest: 64220, seq: 36, ack: 2792133982, window: 1448, ACK
0.094 Acknowledged seq: 2792132534
0.094 Assembling: source: 64220, dest: 18176, seq: 2792133982, ack: 37, window: 1448, data: " Nihil tractatos"...
0.094 Sent: b'\xfa\xdcG\x00\xa6l\x95^\x00\x00\x00%P\x00\x05\xa8\x00\x00\x00\x00 Nihil tractatos'...
0.096 Received: b'G\x00\xfa\xdc\x00\x00\x00$\xa6l\x9b\x06P\x10\x05\xa8\x00\x00\x00\x00'
0.096 Disassembled: source: 18176, dest: 64220, seq: 36, ack: 2792135430, window: 1448, ACK
0.097 Acknowledged seq: 2792133982
0.097 Assembling: source: 64220, dest: 18176, seq: 2792135430, ack: 37, window: 1448, data: "fert iuvaret sap"...
0.097 Sent: b'\xfa\xdcG\x00\xa6l\x9b\x06\x00\x00\x00%P\x00\x05\xa8\x00\x00\x00\x00fert iuvaret sap'...
0.099 Received: b'G\x00\xfa\xdc\x00\x00\x00$\xa6l\xa0\xaeP\x10\x05\xa8\x00\x00\x00\x00'
0.100 Disassembled: source: 18176, dest: 64220, seq: 36, ack: 2792136878, window: 1448, ACK
0.100 Acknowledged seq: 2792135430
0.100 Assembling: source: 64220, dest: 18176, seq: 2792136878, ack: 37, window: 1448, data: "ram adipiscing, "...
0.101 Sent: b'\xfa\xdcG\x00\xa6l\xa0\xae\x00\x00\x00%P\x00\x05\xa8\x00\x00\x00\x00ram adipiscing, '...
0.102 Received: b'G\x00\xfa\xdc\x00\x00\x00$\xa6l\xa6VP\x10\x05\xa8\x00\x00\x00\x00'
0.103 Disassembled: source: 18176, dest: 64220, seq: 36, ack: 2792138326, window: 1448, ACK
0.103 Acknowledged seq: 2792136878
0.103 Assembling: source: 64220, dest: 18176, seq: 2792138326, ack: 37, window: 1448, data: "m veritus vivend"...
0.104 Sent: b'\xfa\xdcG\x00\xa6l\xa6V\x00\x00\x00%P\x00\x05\xa8\x00\x00\x00\x00m veritus vivend'...
0.106 Received: b'G\x00\xfa\xdc\x00\x00\x00$\xa6l\xab\xfeP\x10\x05\xa8\x00\x00\x00\x00'
0.106 Disassembled: source: 18176, dest: 64220, seq: 36, ack: 2792139774, window: 1448, ACK
0.106 Acknowledged seq: 2792138326
0.107 Assembling: source: 64220, dest: 18176, seq: 2792139774, ack: 37, window: 1448, data: " delenit, ignota"...
0.107 Sent: b'\xfa\xdcG\x00\xa6l\xab\xfe\x00\x00\x00%P\x00\x05\xa8\x00\x00\x00\x00 delenit, ignota'...
0.109 Received: b'G\x00\xfa\xdc\x00\x00\x00$\xa6l\xb1\xa6P\x10\x05\xa8\x00\x00\x00\x00'
0.110 Disassembled: source: 18176, dest: 64220, seq: 36, ack: 2792141222, window: 1448, ACK
0.110 Acknowledged seq: 2792139774
0.110 Assembling: source: 64220, dest: 18176, seq: 2792141222, ack: 37, window: 1448, data: "se explicari des"...
0.111 Sent: b'\xfa\xdcG\x00\xa6l\xb1\xa6\x00\x00\x00%P\x00\x05\xa8\x00\x00\x00\x00se explicari des'...
0.113 Received: b'G\x00\xfa\xdc\x00\x00\x00$\xa6l\xb7NP\x10\x05\xa8\x00\x00\x00\x00'
0.113 Disassembled: source: 18176, dest: 64220, seq: 36, ack: 2792142670, window: 1448, ACK
0.113 Acknowledged seq: 2792141222
0.113 Assembling: source: 64220, dest: 18176, seq: 2792142670, ack: 37, window: 1448, data: "piscing, in modo"...
0.114 Sent: b'\xfa\xdcG\x00\xa6l\xb7N\x00\x00\x00%P\x00\x05\xa8\x00\x00\x00\x00piscing, in modo'...
0.116 Received: b'G\x00\xfa\xdc\x00\x00\x00$\xa6l\xbc\xf6P\x10\x05\xa8\x00\x00\x00\x00'
0.117 Disassembled: source: 18176, dest: 64220, seq: 36, ack: 2792144118, window: 1448, ACK
0.117 Acknowledged seq: 2792142670
0.117 Assembling: source: 64220, dest: 18176, seq: 2792144118, ack: 37, window: 1448, data: "o copiosae tacim"...
0.118 Sent: b'\xfa\xdcG\x00\xa6l\xbc\xf6\x00\x00\x00%P\x00\x05\xa8\x00\x00\x00\x00o copiosae tacim'...
0.120 Failed to receive packet
0.618 Sent: b'\xfa\xdcG\x00\xa6l\xbc\xf6\x00\x00\x00%P\x00\x05\xa8\x00\x00\x00\x00o copiosae tacim'...
0.620 Received: b'G\x00\xfa\xdc\x00\x00\x00$\xa6l\xc2\x9eP\x10\x05\xa8\x00\x00\x00\x00'
0.620 Disassembled: source: 18176, dest: 64220, seq: 36, ack: 2792145566, window: 1448, ACK
0.620 Acknowledged seq: 2792144118
0.621 Assembling: source: 64220, dest: 18176, seq: 2792145566, ack: 37, window: 1448, data: "am. Pri ne antio"...
0.621 Sent: b'\xfa\xdcG\x00\xa6l\xc2\x9e\x00\x00\x00%P\x00\x05\xa8\x00\x00\x00\x00am. Pri ne antio'...
0.623 Received: b'G\x00\xfa\xdc\x00\x00\x00$\xa6l\xc8FP\x10\x05\xa8\x00\x00\x00\x00'
0.624 Disassembled: source: 18176, dest: 64220, seq: 36, ack: 2792147014, window: 1448, ACK
0.624 Acknowledged seq: 2792145566
0.624 Assembling: source: 64220, dest: 18176, seq: 2792147014, ack: 37, window: 1448, data: "to no. Elitr pos"...
0.625 Sent: b'\xfa\xdcG\x00\xa6l\xc8F\x00\x00\x00%P\x00\x05\xa8\x00\x00\x00\x00to no. Elitr pos'...
0.627 Received: b'G\x00\xfa\xdc\x00\x00\x00$\xa6l\xcd\xeeP\x10\x05\xa8\x00\x00\x00\x00'
0.628 Disassembled: source: 18176, dest: 64220, seq: 36, ack: 2792148462, window: 1448, ACK
0.628 Acknowledged seq: 2792147014
0.628 Assembling: source: 64220, dest: 18176, seq: 2792148462, ack: 37, window: 1448, data: "pretaris, sea ex"...
0.629 Sent: b'\xfa\xdcG\x00\xa6l\xcd\xee\x00\x00\x00%P\x00\x05\xa8\x00\x00\x00\x00pretaris, sea ex'...
0.631 Failed to receive packet
1.129 Sent: b'\xfa\xdcG\x00\xa6l\xcd\xee\x00\x00\x00%P\x00\x05\xa8\x00\x00\x00\x00pretaris, sea ex'...
1.131 Received: b'G\x00\xfa\xdc\x00\x00\x00$\xa6l\xd3\x96P\x10\x05\xa8\x00\x00\x00\x00'
1.131 Disassembled: source: 18176, dest: 64220, seq: 36, ack: 2792149910, window: 1448, ACK
1.132 Acknowledged seq: 2792148462
1.132 Assembling: source: 64220, dest: 18176, seq: 2792149910, ack: 37, window: 1448, data: "oporteat inimicu"...
1.132 Sent: b'\xfa\xdcG\x00\xa6l\xd3\x96\x00\x00\x00%P\x00\x05\xa8\x00\x00\x00\x00oporteat inimicu'...
1.135 Received: b'G\x00\xfa\xdc\x00\x00\x00$\xa6l\xd9>P\x10\x05\xa8\x00\x00\x00\x00'
1.135 Disassembled: source: 18176, dest: 64220, seq: 36, ack: 2792151358, window: 1448, ACK
1.135 Acknowledged seq: 2792149910
1.136 Assembling: source: 64220, dest: 18176, seq: 2792151358, ack: 37, window: 1448, data: "ligendi officiis"...
1.136 Sent: b'\xfa\xdcG\x00\xa6l\xd9>\x00\x00\x00%P\x00\x05\xa8\x00\x00\x00\x00ligendi officiis'...
1.139 Received: b'G\x00\xfa\xdc\x00\x00\x00$\xa6l\xde\xe6P\x10\x05\xa8\x00\x00\x00\x00'
1.139 Disassembled: source: 18176, dest: 64220, seq: 36, ack: 2792152806, window: 1448, ACK
1.139 Acknowledged seq: 2792151358
1.140 Assembling: source: 64220, dest: 18176, seq: 2792152806, ack: 37, window: 1448, data: "no vel regione i"...
1.140 Sent: b'\xfa\xdcG\x00\xa6l\xde\xe6\x00\x00\x00%P\x00\x05\xa8\x00\x00\x00\x00no vel regione i'...
1.142 Received: b'G\x00\xfa\xdc\x00\x00\x00$\xa6l\xe4\x8eP\x10\x05\xa8\x00\x00\x00\x00'
1.143 Disassembled: source: 18176, dest: 64220, seq: 36, ack: 2792154254, window: 1448, ACK
1.143 Acknowledged seq: 2792152806
1.143 Assembling: source: 64220, dest: 18176, seq: 2792154254, ack: 37, window: 1448, data: "ibus vis ex, pro"...
1.144 Sent: b'\xfa\xdcG\x00\xa6l\xe4\x8e\x00\x00\x00%P\x00\x05\xa8\x00\x00\x00\x00ibus vis ex, pro'...
1.146 Received: b'G\x00\xfa\xdc\x00\x00\x00$\xa6l\xea6P\x10\x05\xa8\x00\x00\x00\x00'
1.146 Disassembled: source: 18176, dest: 64220, seq: 36, ack: 2792155702, window: 1448, ACK
1.147 Acknowledged seq: 2792154254
1.147 Assembling: source: 64220, dest: 18176, seq: 2792155702, ack: 37, window: 1448, data: "o vix, mel ea li"...
1.147 Sent: b'\xfa\xdcG\x00\xa6l\xea6\x00\x00\x00%P\x00\x05\xa8\x00\x00\x00\x00o vix, mel ea li'...
1.149 Received: b'G\x00\xfa\xdc\x00\x00\x00$\xa6l\xef\xdeP\x10\x05\xa8\x00\x00\x00\x00'
1.150 Disassembled: source: 18176, dest: 64220, seq: 36, ack: 2792157150, window: 1448, ACK
1.150 Acknowledged seq: 2792155702
1.150 Assembling: source: 64220, dest: 18176, seq: 2792157150, ack: 37, window: 1448, data: "d. Ex fugit suav"...
1.151 Sent: b'\xfa\xdcG\x00\xa6l\xef\xde\x00\x00\x00%P\x00\x05\xa8\x00\x00\x00\x00d. Ex fugit suav'...
1.153 Received: b'G\x00\xfa\xdc\x00\x00\x00$\xa6l\xf5\x86P\x10\x05\xa8\x00\x00\x00\x00'
1.153 Disassembled: source: 18176, dest: 64220, seq: 36, ack: 2792158598, window: 1448, ACK
1.153 Acknowledged seq: 2792157150
1.154 Assembling: source: 64220, dest: 18176, seq: 2792158598, ack: 37, window: 1448, data: "pertinax nec. De"...
1.154 Sent: b'\xfa\xdcG\x00\xa6l\xf5\x86\x00\x00\x00%P\x00\x05\xa8\x00\x00\x00\x00pertinax nec. De'...
1.156 Received: b'G\x00\xfa\xdc\x00\x00\x00$\xa6l\xfb.P\x10\x05\xa8\x00\x00\x00\x00'
1.157 Disassembled: source: 18176, dest: 64220, seq: 36, ack: 2792160046, window: 1448, ACK
1.157 Acknowledged seq: 2792158598
1.157 Assembling: source: 64220, dest: 18176, seq: 2792160046, ack: 37, window: 1448, data: "lli primis praes"...
1.158 Sent: b'\xfa\xdcG\x00\xa6l\xfb.\x00\x00\x00%P\x00\x05\xa8\x00\x00\x00\x00lli primis praes'...
1.159 Failed to receive packet
1.658 Sent: b'\xfa\xdcG\x00\xa6l\xfb.\x00\x00\x00%P\x00\x05\xa8\x00\x00\x00\x00lli primis praes'...
1.660 Received: b'G\x00\xfa\xdc\x00\x00\x00$\xa6m\x00\xd6P\x10\x05\xa8\x00\x00\x00\x00'
1.660 Disassembled: source: 18176, dest: 64220, seq: 36, ack: 2792161494, window: 1448, ACK
1.661 Acknowledged seq: 2792160046
1.661 Assembling: source: 64220, dest: 18176, seq: 2792161494, ack: 37, window: 1448, data: "m, percipit inte"...
1.661 Sent: b'\xfa\xdcG\x00\xa6m\x00\xd6\x00\x00\x00%P\x00\x05\xa8\x00\x00\x00\x00m, percipit inte'...
1.664 Received: b'G\x00\xfa\xdc\x00\x00\x00$\xa6m\x06~P\x10\x05\xa8\x00\x00\x00\x00'
1.664 Disassembled: source: 18176, dest: 64220, seq: 36, ack: 2792162942, window: 1448, ACK
1.664 Acknowledged seq: 2792161494
1.665 Assembling: source: 64220, dest: 18176, seq: 2792162942, ack: 37, window: 1448, data: "nani docendi pat"...
1.665 Sent: b'\xfa\xdcG\x00\xa6m\x06~\x00\x00\x00%P\x00\x05\xa8\x00\x00\x00\x00nani docendi pat'...
1.668 Received: b'G\x00\xfa\xdc\x00\x00\x00$\xa6m\x0c&P\x10\x05\xa8\x00\x00\x00\x00'
1.668 Disassembled: source: 18176, dest: 64220, seq: 36, ack: 2792164390, window: 1448, ACK
1.668 Acknowledged seq: 2792162942
1.669 Assembling: source: 64220, dest: 18176, seq: 2792164390, ack: 37, window: 1448, data: " vis decore poss"...
1.669 Sent: b'\xfa\xdcG\x00\xa6m\x0c&\x00\x00\x00%P\x00\x05\xa8\x00\x00\x00\x00 vis decore poss'...
1.672 Received: b'G\x00\xfa\xdc\x00\x00\x00$\xa6m\x11\xceP\x10\x05\xa8\x00\x00\x00\x00'
1.672 Disassembled: source: 18176, dest: 64220, seq: 36, ack: 2792165838, window: 1448, ACK
1.672 Acknowledged seq: 2792164390
1.673 Assembling: source: 64220, dest: 18176, seq: 2792165838, ack: 37, window: 1448, data: "eam odio corpora"...
1.673 Sent: b'\xfa\xdcG\x00\xa6m\x11\xce\x00\x00\x00%P\x00\x05\xa8\x00\x00\x00\x00eam odio corpora'...
1.675 Received: b'G\x00\xfa\xdc\x00\x00\x00$\xa6m\x17vP\x10\x05\xa8\x00\x00\x00\x00'
1.676 Disassembled: source: 18176, dest: 64220, seq: 36, ack: 2792167286, window: 1448, ACK
1.676 Acknowledged seq: 2792165838
1.676 Assembling: source: 64220, dest: 18176, seq: 2792167286, ack: 37, window: 1448, data: " est. Usu sanctu"...
1.677 Sent: b'\xfa\xdcG\x00\xa6m\x17v\x00\x00\x00%P\x00\x05\xa8\x00\x00\x00\x00 est. Usu sanctu'...
1.679 Received: b'G\x00\xfa\xdc\x00\x00\x00$\xa6m\x1d\x1eP\x10\x05\xa8\x00\x00\x00\x00'
1.679 Disassembled: source: 18176, dest: 64220, seq: 36, ack: 2792168734, window: 1448, ACK
1.679 Acknowledged seq: 2792167286
1.680 Assembling: source: 64220, dest: 18176, seq: 2792168734, ack: 37, window: 1448, data: ".

Mei graeco ae"...
1.680 Sent: b'\xfa\xdcG\x00\xa6m\x1d\x1e\x00\x00\x00%P\x00\x05\xa8\x00\x00\x00\x00.\n\nMei graeco ae'...
1.682 Received: b'G\x00\xfa\xdc\x00\x00\x00$\xa6m"\xc6P\x10\x05\xa8\x00\x00\x00\x00'
1.682 Disassembled: source: 18176, dest: 64220, seq: 36, ack: 2792170182, window: 1448, ACK
1.683 Acknowledged seq: 2792168734
1.683 Assembling: source: 64220, dest: 18176, seq: 2792170182, ack: 37, window: 1448, data: "et. Ne sea primi"...
1.683 Sent: b'\xfa\xdcG\x00\xa6m"\xc6\x00\x00\x00%P\x00\x05\xa8\x00\x00\x00\x00et. Ne sea primi'...
1.685 Received: b'G\x00\xfa\xdc\x00\x00\x00$\xa6m(nP\x10\x05\xa8\x00\x00\x00\x00'
1.686 Disassembled: source: 18176, dest: 64220, seq: 36, ack: 2792171630, window: 1448, ACK
1.686 Acknowledged seq: 2792170182
1.686 Assembling: source: 64220, dest: 18176, seq: 2792171630, ack: 37, window: 1448, data: "ittam convenire."...
1.687 Sent: b'\xfa\xdcG\x00\xa6m(n\x00\x00\x00%P\x00\x05\xa8\x00\x00\x00\x00ittam convenire.'...
1.689 Received: b'G\x00\xfa\xdc\x00\x00\x00$\xa6m.\x16P\x10\x05\xa8\x00\x00\x00\x00'
1.689 Disassembled: source: 18176, dest: 64220, seq: 36, ack: 2792173078, window: 1448, ACK
1.690 Acknowledged seq: 2792171630
1.690 Assembling: source: 64220, dest: 18176, seq: 2792173078, ack: 37, window: 1448, data: "ua et vis, id eu"...
1.690 Sent: b'\xfa\xdcG\x00\xa6m.\x16\x00\x00\x00%P\x00\x05\xa8\x00\x00\x00\x00ua et vis, id eu'...
1.692 Received: b'G\x00\xfa\xdc\x00\x00\x00$\xa6m3\xbeP\x10\x05\xa8\x00\x00\x00\x00'
1.693 Disassembled: source: 18176, dest: 64220, seq: 36, ack: 2792174526, window: 1448, ACK
1.693 Acknowledged seq: 2792173078
1.693 Assembling: source: 64220, dest: 18176, seq: 2792174526, ack: 37, window: 1448, data: "r. Et velit appa"...
1.694 Sent: b'\xfa\xdcG\x00\xa6m3\xbe\x00\x00\x00%P\x00\x05\xa8\x00\x00\x00\x00r. Et velit appa'...
1.696 Received: b'G\x00\xfa\xdc\x00\x00\x00$\xa6m9fP\x10\x05\xa8\x00\x00\x00\x00'
1.696 Disassembled: source: 18176, dest: 64220, seq: 36, ack: 2792175974, window: 1448, ACK
1.696 Acknowledged seq: 2792174526
1.697 Assembling: source: 64220, dest: 18176, seq: 2792175974, ack: 37, window: 1448, data: " novum laudem, v"...
1.697 Sent: b'\xfa\xdcG\x00\xa6m9f\x00\x00\x00%P\x00\x05\xa8\x00\x00\x00\x00 novum laudem, v'...
1.699 Received: b'G\x00\xfa\xdc\x00\x00\x00$\xa6m?\x0eP\x10\x05\xa8\x00\x00\x00\x00'
1.700 Disassembled: source: 18176, dest: 64220, seq: 36, ack: 2792177422, window: 1448, ACK
1.700 Acknowledged seq: 2792175974
1.700 Assembling: source: 64220, dest: 18176, seq: 2792177422, ack: 37, window: 1448, data: "luptatibus, cibo"...
1.701 Failed to send packet
2.201 Failed to send packet
2.701 Sent: b'\xfa\xdcG\x00\xa6m?\x0e\x00\x00\x00%P\x00\x05\xa8\x00\x00\x00\x00luptatibus, cibo'...
2.704 Received: b'G\x00\xfa\xdc\x00\x00\x00$\xa6mD\xb6P\x10\x05\xa8\x00\x00\x00\x00'
2.705 Disassembled: source: 18176, dest: 64220, seq: 36, ack: 2792178870, window: 1448, ACK
2.705 Acknowledged seq: 2792177422
2.705 Assembling: source: 64220, dest: 18176, seq: 2792178870, ack: 37, window: 1448, data: "alii indoctum ma"...
2.706 Sent: b'\xfa\xdcG\x00\xa6mD\xb6\x00\x00\x00%P\x00\x05\xa8\x00\x00\x00\x00alii indoctum ma'...
2.709 Failed to receive packet
3.206 Sent: b'\xfa\xdcG\x00\xa6mD\xb6\x00\x00\x00%P\x00\x05\xa8\x00\x00\x00\x00alii indoctum ma'...
3.209 Received: b'G\x00\xfa\xdc\x00\x00\x00$\xa6mJ^P\x10\x05\xa8\x00\x00\x00\x00'
3.209 Disassembled: source: 18176, dest: 64220, seq: 36, ack: 2792180318, window: 1448, ACK
3.210 Acknowledged seq: 2792178870
3.210 Assembling: source: 64220, dest: 18176, seq: 2792180318, ack: 37, window: 1448, data: "im, his facete c"...
3.210 Sent: b'\xfa\xdcG\x00\xa6mJ^\x00\x00\x00%P\x00\x05\xa8\x00\x00\x00\x00im, his facete c'...
3.213 Received: b'G\x00\xfa\xdc\x00\x00\x00$\xa6mP\x06P\x10\x05\xa8\x00\x00\x00\x00'
3.214 Disassembled: source: 18176, dest: 64220, seq: 36, ack: 2792181766, window: 1448, ACK
3.214 Acknowledged seq: 2792180318
3.214 Assembling: source: 64220, dest: 18176, seq: 2792181766, ack: 37, window: 1448, data: "e alia dolor com"...
3.215 Failed to send packet
3.715 Sent: b'\xfa\xdcG\x00\xa6mP\x06\x00\x00\x00%P\x00\x05\xa8\x00\x00\x00\x00e alia dolor com'...
3.718 Received: b'G\x00\xfa\xdc\x00\x00\x00$\xa6mU\xaeP\x10\x05\xa8\x00\x00\x00\x00'
3.719 Disassembled: source: 18176, dest: 64220, seq: 36, ack: 2792183214, window: 1448, ACK
3.719 Acknowledged seq: 2792181766
3.719 Assembling: source: 64220, dest: 18176, seq: 2792183214, ack: 37, window: 1448, data: "it ea, reque tem"...
3.719 Failed to send packet
4.220 Sent: b'\xfa\xdcG\x00\xa6mU\xae\x00\x00\x00%P\x00\x05\xa8\x00\x00\x00\x00it ea, reque tem'...
4.223 Received: b'G\x00\xfa\xdc\x00\x00\x00$\xa6m[VP\x10\x05\xa8\x00\x00\x00\x00'
4.223 Disassembled: source: 18176, dest: 64220, seq: 36, ack: 2792184662, window: 1448, ACK
4.224 Acknowledged seq: 2792183214
4.224 Assembling: source: 64220, dest: 18176, seq: 2792184662, ack: 37, window: 1448, data: "alisque.

Equide"...
4.224 Sent: b'\xfa\xdcG\x00\xa6m[V\x00\x00\x00%P\x00\x05\xa8\x00\x00\x00\x00alisque.\n\nEquide'...
4.227 Received: b'G\x00\xfa\xdc\x00\x00\x00$\xa6m`\xfeP\x10\x05\xa8\x00\x00\x00\x00'
4.228 Disassembled: source: 18176, dest: 64220, seq: 36, ack: 2792186110, window: 1448, ACK
4.228 Acknowledged seq: 2792184662
4.228 Assembling: source: 64220, dest: 18176, seq: 2792186110, ack: 37, window: 1448, data: "finitiones, affe"...
4.229 Failed to send packet
4.729 Sent: b'\xfa\xdcG\x00\xa6m`\xfe\x00\x00\x00%P\x00\x05\xa8\x00\x00\x00\x00finitiones, affe'...
4.732 Received: b'G\x00\xfa\xdc\x00\x00\x00$\xa6mf\xa6P\x10\x05\xa8\x00\x00\x00\x00'
4.733 Disassembled: source: 18176, dest: 64220, seq: 36, ack: 2792187558, window: 1448, ACK
4.733 Acknowledged seq: 2792186110
4.733 Assembling: source: 64220, dest: 18176, seq: 2792187558, ack: 37, window: 1448, data: "his duis graeco "...
4.734 Sent: b'\xfa\xdcG\x00\xa6mf\xa6\x00\x00\x00%P\x00\x05\xa8\x00\x00\x00\x00his duis graeco '...
4.736 Received: b'G\x00\xfa\xdc\x00\x00\x00$\xa6mlNP\x10\x05\xa8\x00\x00\x00\x00'
4.737 Disassembled: source: 18176, dest: 64220, seq: 36, ack: 2792189006, window: 1448, ACK
4.737 Acknowledged seq: 2792187558
4.737 Assembling: source: 64220, dest: 18176, seq: 2792189006, ack: 37, window: 1448, data: "am. Alia possit "...
4.738 Sent: b'\xfa\xdcG\x00\xa6mlN\x00\x00\x00%P\x00\x05\xa8\x00\x00\x00\x00am. Alia possit '...
4.741 Received: b'G\x00\xfa\xdc\x00\x00\x00$\xa6mq\xf6P\x10\x05\xa8\x00\x00\x00\x00'
4.741 Disassembled: source: 18176, dest: 64220, seq: 36, ack: 2792190454, window: 1448, ACK
4.742 Acknowledged seq: 2792189006
4.742 Assembling: source: 64220, dest: 18176, seq: 2792190454, ack: 37, window: 1448, data: "cum an. Mei faci"...
4.742 Sent: b'\xfa\xdcG\x00\xa6mq\xf6\x00\x00\x00%P\x00\x05\xa8\x00\x00\x00\x00cum an. Mei faci'...
4.745 Received: b'G\x00\xfa\xdc\x00\x00\x00$\xa6mw\x9eP\x10\x05\xa8\x00\x00\x00\x00'
4.746 Disassembled: source: 18176, dest: 64220, seq: 36, ack: 2792191902, window: 1448, ACK
4.746 Acknowledged seq: 2792190454
4.746 Assembling: source: 64220, dest: 18176, seq: 2792191902, ack: 37, window: 1448, data: " vis adhuc tatio"...
4.746 Sent: b'\xfa\xdcG\x00\xa6mw\x9e\x00\x00\x00%P\x00\x05\xa8\x00\x00\x00\x00 vis adhuc tatio'...
4.748 Received: b'G\x00\xfa\xdc\x00\x00\x00$\xa6m}FP\x10\x05\xa8\x00\x00\x00\x00'
4.749 Disassembled: source: 18176, dest: 64220, seq: 36, ack: 2792193350, window: 1448, ACK
4.749 Acknowledged seq: 2792191902
4.749 Assembling: source: 64220, dest: 18176, seq: 2792193350, ack: 37, window: 1448, data: "im eu option iuv"...
4.750 Sent: b'\xfa\xdcG\x00\xa6m}F\x00\x00\x00%P\x00\x05\xa8\x00\x00\x00\x00im eu option iuv'...
4.751 Received: b'G\x00\xfa\xdc\x00\x00\x00$\xa6m\x82\xeeP\x10\x05\xa8\x00\x00\x00\x00'
4.752 Disassembled: source: 18176, dest: 64220, seq: 36, ack: 2792194798, window: 1448, ACK
4.752 Acknowledged seq: 2792193350
4.752 Assembling: source: 64220, dest: 18176, seq: 2792194798, ack: 37, window: 1448, data: "ex epicurei taci"...
4.753 Sent: b'\xfa\xdcG\x00\xa6m\x82\xee\x00\x00\x00%P\x00\x05\xa8\x00\x00\x00\x00ex epicurei taci'...
4.755 Received: b'G\x00\xfa\xdc\x00\x00\x00$\xa6m\x88\x96P\x10\x05\xa8\x00\x00\x00\x00'
4.755 Disassembled: source: 18176, dest: 64220, seq: 36, ack: 2792196246, window: 1448, ACK
4.755 Acknowledged seq: 2792194798
4.756 Assembling: source: 64220, dest: 18176, seq: 2792196246, ack: 37, window: 1448, data: "ebat, eu pro ero"...
4.756 Sent: b'\xfa\xdcG\x00\xa6m\x88\x96\x00\x00\x00%P\x00\x05\xa8\x00\x00\x00\x00ebat, eu pro ero'...
4.758 Received: b'G\x00\xfa\xdc\x00\x00\x00$\xa6m\x8e>P\x10\x05\xa8\x00\x00\x00\x00'
4.758 Disassembled: source: 18176, dest: 64220, seq: 36, ack: 2792197694, window: 1448, ACK
4.759 Acknowledged seq: 2792196246
4.759 Assembling: source: 64220, dest: 18176, seq: 2792197694, ack: 37, window: 1448, data: "s. Per no sale v"...
4.759 Sent: b'\xfa\xdcG\x00\xa6m\x8e>\x00\x00\x00%P\x00\x05\xa8\x00\x00\x00\x00s. Per no sale v'...
4.761 Received: b'G\x00\xfa\xdc\x00\x00\x00$\xa6m\x93\xe6P\x10\x05\xa8\x00\x00\x00\x00'
4.762 Disassembled: source: 18176, dest: 64220, seq: 36, ack: 2792199142, window: 1448, ACK
4.762 Acknowledged seq: 2792197694
4.762 Assembling: source: 64220, dest: 18176, seq: 2792199142, ack: 37, window: 1448, data: "orrupte ea mel. "...
4.763 Sent: b'\xfa\xdcG\x00\xa6m\x93\xe6\x00\x00\x00%P\x00\x05\xa8\x00\x00\x00\x00orrupte ea mel. '...
4.765 Received: b'G\x00\xfa\xdc\x00\x00\x00$\xa6m\x99\x8eP\x10\x05\xa8\x00\x00\x00\x00'
4.765 Disassembled: source: 18176, dest: 64220, seq: 36, ack: 2792200590, window: 1448, ACK
4.765 Acknowledged seq: 2792199142
4.766 Assembling: source: 64220, dest: 18176, seq: 2792200590, ack: 37, window: 1448, data: ". Est iracundia "...
4.766 Sent: b'\xfa\xdcG\x00\xa6m\x99\x8e\x00\x00\x00%P\x00\x05\xa8\x00\x00\x00\x00. Est iracundia '...
4.768 Failed to receive packet
5.267 Sent: b'\xfa\xdcG\x00\xa6m\x99\x8e\x00\x00\x00%P\x00\x05\xa8\x00\x00\x00\x00. Est iracundia '...
5.269 Received: b'G\x00\xfa\xdc\x00\x00\x00$\xa6m\x9f6P\x10\x05\xa8\x00\x00\x00\x00'
5.270 Disassembled: source: 18176, dest: 64220, seq: 36, ack: 2792202038, window: 1448, ACK
5.270 Acknowledged seq: 2792200590
5.270 Assembling: source: 64220, dest: 18176, seq: 2792202038, ack: 37, window: 1448, data: "pta probatus scr"...
5.271 Sent: b'\xfa\xdcG\x00\xa6m\x9f6\x00\x00\x00%P\x00\x05\xa8\x00\x00\x00\x00pta probatus scr'...
5.274 Failed to receive packet
5.771 Sent: b'\xfa\xdcG\x00\xa6m\x9f6\x00\x00\x00%P\x00\x05\xa8\x00\x00\x00\x00pta probatus scr'...
5.774 Received: b'G\x00\xfa\xdc\x00\x00\x00$\xa6m\xa4\xdeP\x10\x05\xa8\x00\x00\x00\x00'
5.774 Disassembled: source: 18176, dest: 64220, seq: 36, ack: 2792203486, window: 1448, ACK
5.775 Acknowledged seq: 2792202038
5.775 Assembling: source: 64220, dest: 18176, seq: 2792203486, ack: 37, window: 1448, data: "entur ei, pro ei"...
5.775 Sent: b'\xfa\xdcG\x00\xa6m\xa4\xde\x00\x00\x00%P\x00\x05\xa8\x00\x00\x00\x00entur ei, pro ei'...
5.778 Failed to receive packet
6.276 Sent: b'\xfa\xdcG\x00\xa6m\xa4\xde\x00\x00\x00%P\x00\x05\xa8\x00\x00\x00\x00entur ei, pro ei'...
6.278 Received: b'G\x00\xfa\xdc\x00\x00\x00$\xa6m\xaa\x86P\x10\x05\xa8\x00\x00\x00\x00'
6.279 Disassembled: source: 18176, dest: 64220, seq: 36, ack: 2792204934, window: 1448, ACK
6.279 Acknowledged seq: 2792203486
6.279 Assembling: source: 64220, dest: 18176, seq: 2792204934, ack: 37, window: 1448, data: "simul euismod vi"...
6.280 Sent: b'\xfa\xdcG\x00\xa6m\xaa\x86\x00\x00\x00%P\x00\x05\xa8\x00\x00\x00\x00simul euismod vi'...
6.283 Received: b'G\x00\xfa\xdc\x00\x00\x00$\xa6m\xb0.P\x10\x05\xa8\x00\x00\x00\x00'
6.283 Disassembled: source: 18176, dest: 64220, seq: 36, ack: 2792206382, window: 1448, ACK
6.284 Acknowledged seq: 2792204934
6.284 Assembling: source: 64220, dest: 18176, seq: 2792206382, ack: 37, window: 1448, data: ", eam id iudico "...
6.284 Sent: b'\xfa\xdcG\x00\xa6m\xb0.\x00\x00\x00%P\x00\x05\xa8\x00\x00\x00\x00, eam id iudico '...
6.287 Received: b'G\x00\xfa\xdc\x00\x00\x00$\xa6m\xb5\xd6P\x10\x05\xa8\x00\x00\x00\x00'
6.288 Disassembled: source: 18176, dest: 64220, seq: 36, ack: 2792207830, window: 1448, ACK
6.288 Acknowledged seq: 2792206382
6.288 Assembling: source: 64220, dest: 18176, seq: 2792207830, ack: 37, window: 1448, data: "m vix. Ea est mu"...
6.289 Sent: b'\xfa\xdcG\x00\xa6m\xb5\xd6\x00\x00\x00%P\x00\x05\xa8\x00\x00\x00\x00m vix. Ea est mu'...
6.291 Received: b'G\x00\xfa\xdc\x00\x00\x00$\xa6m\xbb~P\x10\x05\xa8\x00\x00\x00\x00'
6.291 Disassembled: source: 18176, dest: 64220, seq: 36, ack: 2792209278, window: 1448, ACK
6.291 Acknowledged seq: 2792207830
6.292 Assembling: source: 64220, dest: 18176, seq: 2792209278, ack: 37, window: 1448, data: "olor sit amet, e"...
6.292 Failed to send packet
6.792 Failed to send packet
7.293 Sent: b'\xfa\xdcG\x00\xa6m\xbb~\x00\x00\x00%P\x00\x05\xa8\x00\x00\x00\x00olor sit amet, e'...
7.296 Failed to receive packet
7.793 Failed to send packet
8.294 Sent: b'\xfa\xdcG\x00\xa6m\xbb~\x00\x00\x00%P\x00\x05\xa8\x00\x00\x00\x00olor sit amet, e'...
8.296 Received: b'G\x00\xfa\xdc\x00\x00\x00$\xa6m\xc1&P\x10\x05\xa8\x00\x00\x00\x00'
8.297 Disassembled: source: 18176, dest: 64220, seq: 36, ack: 2792210726, window: 1448, ACK
8.297 Acknowledged seq: 2792209278
8.297 Assembling: source: 64220, dest: 18176, seq: 2792210726, ack: 37, window: 1448, data: "m, aperiam iudic"...
8.298 Sent: b'\xfa\xdcG\x00\xa6m\xc1&\x00\x00\x00%P\x00\x05\xa8\x00\x00\x00\x00m, aperiam iudic'...
8.301 Received: b'G\x00\xfa\xdc\x00\x00\x00$\xa6m\xc6\xceP\x10\x05\xa8\x00\x00\x00\x00'
8.301 Disassembled: source: 18176, dest: 64220, seq: 36, ack: 2792212174, window: 1448, ACK
8.301 Acknowledged seq: 2792210726
8.302 Assembling: source: 64220, dest: 18176, seq: 2792212174, ack: 37, window: 1448, data: "re sea. No eos d"...
8.302 Sent: b'\xfa\xdcG\x00\xa6m\xc6\xce\x00\x00\x00%P\x00\x05\xa8\x00\x00\x00\x00re sea. No eos d'...
8.305 Received: b'G\x00\xfa\xdc\x00\x00\x00$\xa6m\xccvP\x10\x05\xa8\x00\x00\x00\x00'
8.306 Disassembled: source: 18176, dest: 64220, seq: 36, ack: 2792213622, window: 1448, ACK
8.306 Acknowledged seq: 2792212174
8.306 Assembling: source: 64220, dest: 18176, seq: 2792213622, ack: 37, window: 1448, data: "t scripta philos"...
8.307 Failed to send packet
8.807 Sent: b'\xfa\xdcG\x00\xa6m\xccv\x00\x00\x00%P\x00\x05\xa8\x00\x00\x00\x00t scripta philos'...
8.810 Received: b'G\x00\xfa\xdc\x00\x00\x00$\xa6m\xd2\x1eP\x10\x05\xa8\x00\x00\x00\x00'
8.810 Disassembled: source: 18176, dest: 64220, seq: 36, ack: 2792215070, window: 1448, ACK
8.811 Acknowledged seq: 2792213622
8.811 Assembling: source: 64220, dest: 18176, seq: 2792215070, ack: 37, window: 1448, data: "tos sadipscing e"...
8.811 Sent: b'\xfa\xdcG\x00\xa6m\xd2\x1e\x00\x00\x00%P\x00\x05\xa8\x00\x00\x00\x00tos sadipscing e'...
8.814 Received: b'G\x00\xfa\xdc\x00\x00\x00$\xa6m\xd7\xc6P\x10\x05\xa8\x00\x00\x00\x00'
8.815 Disassembled: source: 18176, dest: 64220, seq: 36, ack: 2792216518, window: 1448, ACK
8.815 Acknowledged seq: 2792215070
8.815 Assembling: source: 64220, dest: 18176, seq: 2792216518, ack: 37, window: 1448, data: "sapientem ea, ad"...
8.816 Sent: b'\xfa\xdcG\x00\xa6m\xd7\xc6\x00\x00\x00%P\x00\x05\xa8\x00\x00\x00\x00sapientem ea, ad'...
8.819 Received: b'G\x00\xfa\xdc\x00\x00\x00$\xa6m\xddnP\x10\x05\xa8\x00\x00\x00\x00'
8.819 Disassembled: source: 18176, dest: 64220, seq: 36, ack: 2792217966, window: 1448, ACK
8.819 Acknowledged seq: 2792216518
8.820 Assembling: source: 64220, dest: 18176, seq: 2792217966, ack: 37, window: 1448, data: "g, ei invenire p"...
8.820 Sent: b'\xfa\xdcG\x00\xa6m\xddn\x00\x00\x00%P\x00\x05\xa8\x00\x00\x00\x00g, ei invenire p'...
8.822 Received: b'G\x00\xfa\xdc\x00\x00\x00$\xa6m\xe3\x16P\x10\x05\xa8\x00\x00\x00\x00'
8.822 Disassembled: source: 18176, dest: 64220, seq: 36, ack: 2792219414, window: 1448, ACK
8.823 Acknowledged seq: 2792217966
8.823 Assembling: source: 64220, dest: 18176, seq: 2792219414, ack: 37, window: 1448, data: "endo at. Qui id "...
8.823 Sent: b'\xfa\xdcG\x00\xa6m\xe3\x16\x00\x00\x00%P\x00\x05\xa8\x00\x00\x00\x00endo at. Qui id '...
8.825 Received: b'G\x00\xfa\xdc\x00\x00\x00$\xa6m\xe8\xbeP\x10\x05\xa8\x00\x00\x00\x00'
8.826 Disassembled: source: 18176, dest: 64220, seq: 36, ack: 2792220862, window: 1448, ACK
8.826 Acknowledged seq: 2792219414
8.826 Assembling: source: 64220, dest: 18176, seq: 2792220862, ack: 37, window: 1448, data: "ota nostrum et p"...
8.827 Sent: b'\xfa\xdcG\x00\xa6m\xe8\xbe\x00\x00\x00%P\x00\x05\xa8\x00\x00\x00\x00ota nostrum et p'...
8.828 Received: b'G\x00\xfa\xdc\x00\x00\x00$\xa6m\xeefP\x10\x05\xa8\x00\x00\x00\x00'
8.829 Disassembled: source: 18176, dest: 64220, seq: 36, ack: 2792222310, window: 1448, ACK
8.829 Acknowledged seq: 2792220862
8.829 Assembling: source: 64220, dest: 18176, seq: 2792222310, ack: 37, window: 1448, data: "deseruisse id. P"...
8.830 Sent: b'\xfa\xdcG\x00\xa6m\xeef\x00\x00\x00%P\x00\x05\xa8\x00\x00\x00\x00deseruisse id. P'...
8.831 Received: b'G\x00\xfa\xdc\x00\x00\x00$\xa6m\xf4\x0eP\x10\x05\xa8\x00\x00\x00\x00'
8.832 Disassembled: source: 18176, dest: 64220, seq: 36, ack: 2792223758, window: 1448, ACK
8.832 Acknowledged seq: 2792222310
8.832 Assembling: source: 64220, dest: 18176, seq: 2792223758, ack: 37, window: 1448, data: "odo munere imper"...
8.833 Sent: b'\xfa\xdcG\x00\xa6m\xf4\x0e\x00\x00\x00%P\x00\x05\xa8\x00\x00\x00\x00odo munere imper'...
8.835 Received: b'G\x00\xfa\xdc\x00\x00\x00$\xa6m\xf9\xb6P\x10\x05\xa8\x00\x00\x00\x00'
8.835 Disassembled: source: 18176, dest: 64220, seq: 36, ack: 2792225206, window: 1448, ACK
8.835 Acknowledged seq: 2792223758
8.836 Assembling: source: 64220, dest: 18176, seq: 2792225206, ack: 37, window: 1448, data: "cimates cum, tib"...
8.836 Sent: b'\xfa\xdcG\x00\xa6m\xf9\xb6\x00\x00\x00%P\x00\x05\xa8\x00\x00\x00\x00cimates cum, tib'...
8.838 Received: b'G\x00\xfa\xdc\x00\x00\x00$\xa6m\xff^P\x10\x05\xa8\x00\x00\x00\x00'
8.839 Disassembled: source: 18176, dest: 64220, seq: 36, ack: 2792226654, window: 1448, ACK
8.839 Acknowledged seq: 2792225206
8.839 Assembling: source: 64220, dest: 18176, seq: 2792226654, ack: 37, window: 1448, data: "tiopam molestiae"...
8.839 Sent: b'\xfa\xdcG\x00\xa6m\xff^\x00\x00\x00%P\x00\x05\xa8\x00\x00\x00\x00tiopam molestiae'...
8.841 Failed to receive packet
9.340 Sent: b'\xfa\xdcG\x00\xa6m\xff^\x00\x00\x00%P\x00\x05\xa8\x00\x00\x00\x00tiopam molestiae'...
9.343 Received: b'G\x00\xfa\xdc\x00\x00\x00$\xa6n\x05\x06P\x10\x05\xa8\x00\x00\x00\x00'
9.343 Disassembled: source: 18176, dest: 64220, seq: 36, ack: 2792228102, window: 1448, ACK
9.343 Acknowledged seq: 2792226654
9.344 Assembling: source: 64220, dest: 18176, seq: 2792228102, ack: 37, window: 1448, data: "possim qui no, v"...
9.344 Failed to send packet
9.845 Sent: b'\xfa\xdcG\x00\xa6n\x05\x06\x00\x00\x00%P\x00\x05\xa8\x00\x00\x00\x00possim qui no, v'...
9.848 Received: b'G\x00\xfa\xdc\x00\x00\x00$\xa6n\n\xaeP\x10\x05\xa8\x00\x00\x00\x00'
9.848 Disassembled: source: 18176, dest: 64220, seq: 36, ack: 2792229550, window: 1448, ACK
9.848 Acknowledged seq: 2792228102
9.849 Assembling: source: 64220, dest: 18176, seq: 2792229550, ack: 37, window: 1448, data: " ex utinam parti"...
9.849 Sent: b'\xfa\xdcG\x00\xa6n\n\xae\x00\x00\x00%P\x00\x05\xa8\x00\x00\x00\x00 ex utinam parti'...
9.852 Received: b'G\x00\xfa\xdc\x00\x00\x00$\xa6n\x10VP\x10\x05\xa8\x00\x00\x00\x00'
9.853 Disassembled: source: 18176, dest: 64220, seq: 36, ack: 2792230998, window: 1448, ACK
9.853 Acknowledged seq: 2792229550
9.853 Assembling: source: 64220, dest: 18176, seq: 2792230998, ack: 37, window: 1448, data: "icus in his. Pri"...
9.853 Sent: b'\xfa\xdcG\x00\xa6n\x10V\x00\x00\x00%P\x00\x05\xa8\x00\x00\x00\x00icus in his. Pri'...
9.856 Received: b'G\x00\xfa\xdc\x00\x00\x00$\xa6n\x15\xfeP\x10\x05\xa8\x00\x00\x00\x00'
9.857 Disassembled: source: 18176, dest: 64220, seq: 36, ack: 2792232446, window: 1448, ACK
9.857 Acknowledged seq: 2792230998
9.857 Assembling: source: 64220, dest: 18176, seq: 2792232446, ack: 37, window: 1448, data: "iis et.

Ius cu "...
9.858 Sent: b'\xfa\xdcG\x00\xa6n\x15\xfe\x00\x00\x00%P\x00\x05\xa8\x00\x00\x00\x00iis et.\n\nIus cu '...
9.861 Received: b'G\x00\xfa\xdc\x00\x00\x00$\xa6n\x1b\xa6P\x10\x05\xa8\x00\x00\x00\x00'
9.861 Disassembled: source: 18176, dest: 64220, seq: 36, ack: 2792233894, window: 1448, ACK
9.862 Acknowledged seq: 2792232446
9.862 Assembling: source: 64220, dest: 18176, seq: 2792233894, ack: 37, window: 1448, data: "e interesset.

T"...
9.862 Sent: b'\xfa\xdcG\x00\xa6n\x1b\xa6\x00\x00\x00%P\x00\x05\xa8\x00\x00\x00\x00e interesset.\n\nT'...
9.864 Received: b'G\x00\xfa\xdc\x00\x00\x00$\xa6n!NP\x10\x05\xa8\x00\x00\x00\x00'
9.865 Disassembled: source: 18176, dest: 64220, seq: 36, ack: 2792235342, window: 1448, ACK
9.865 Acknowledged seq: 2792233894
9.865 Assembling: source: 64220, dest: 18176, seq: 2792235342, ack: 37, window: 1448, data: "pro alia volutpa"...
9.866 Sent: b'\xfa\xdcG\x00\xa6n!N\x00\x00\x00%P\x00\x05\xa8\x00\x00\x00\x00pro alia volutpa'...
9.868 Received: b'G\x00\xfa\xdc\x00\x00\x00$\xa6n&\xf6P\x10\x05\xa8\x00\x00\x00\x00'
9.868 Disassembled: source: 18176, dest: 64220, seq: 36, ack: 2792236790, window: 1448, ACK
9.868 Acknowledged seq: 2792235342
9.869 Assembling: source: 64220, dest: 18176, seq: 2792236790, ack: 37, window: 1448, data: " libris equidem "...
9.869 Sent: b'\xfa\xdcG\x00\xa6n&\xf6\x00\x00\x00%P\x00\x05\xa8\x00\x00\x00\x00 libris equidem '...
9.871 Received: b'G\x00\xfa\xdc\x00\x00\x00$\xa6n,\x9eP\x10\x05\xa8\x00\x00\x00\x00'
9.872 Disassembled: source: 18176, dest: 64220, seq: 36, ack: 2792238238, window: 1448, ACK
9.872 Acknowledged seq: 2792236790
9.872 Assembling: source: 64220, dest: 18176, seq: 2792238238, ack: 37, window: 1448, data: "uavitate volupta"...
9.873 Sent: b'\xfa\xdcG\x00\xa6n,\x9e\x00\x00\x00%P\x00\x05\xa8\x00\x00\x00\x00uavitate volupta'...
9.875 Received: b'G\x00\xfa\xdc\x00\x00\x00$\xa6n2FP\x10\x05\xa8\x00\x00\x00\x00'
9.875 Disassembled: source: 18176, dest: 64220, seq: 36, ack: 2792239686, window: 1448, ACK
9.875 Acknowledged seq: 2792238238
9.876 Assembling: source: 64220, dest: 18176, seq: 2792239686, ack: 37, window: 1448, data: " Detraxit defini"...
9.876 Failed to send packet
10.376 Sent: b'\xfa\xdcG\x00\xa6n2F\x00\x00\x00%P\x00\x05\xa8\x00\x00\x00\x00 Detraxit defini'...
10.379 Received: b'G\x00\xfa\xdc\x00\x00\x00$\xa6n7\xeeP\x10\x05\xa8\x00\x00\x00\x00'
10.380 Disassembled: source: 18176, dest: 64220, seq: 36, ack: 2792241134, window: 1448, ACK
10.380 Acknowledged seq: 2792239686
10.380 Assembling: source: 64220, dest: 18176, seq: 2792241134, ack: 37, window: 1448, data: "aesent mei. Quo "...
10.381 Sent: b'\xfa\xdcG\x00\xa6n7\xee\x00\x00\x00%P\x00\x05\xa8\x00\x00\x00\x00aesent mei. Quo '...
10.384 Received: b'G\x00\xfa\xdc\x00\x00\x00$\xa6n=\x96P\x10\x05\xa8\x00\x00\x00\x00'
10.384 Disassembled: source: 18176, dest: 64220, seq: 36, ack: 2792242582, window: 1448, ACK
10.384 Acknowledged seq: 2792241134
10.385 Assembling: source: 64220, dest: 18176, seq: 2792242582, ack: 37, window: 1448, data: "nterpretaris no "...
10.385 Sent: b'\xfa\xdcG\x00\xa6n=\x96\x00\x00\x00%P\x00\x05\xa8\x00\x00\x00\x00nterpretaris no '...
10.388 Received: b'G\x00\xfa\xdc\x00\x00\x00$\xa6nC>P\x10\x05\xa8\x00\x00\x00\x00'
10.389 Disassembled: source: 18176, dest: 64220, seq: 36, ack: 2792244030, window: 1448, ACK
10.389 Acknowledged seq: 2792242582
10.389 Assembling: source: 64220, dest: 18176, seq: 2792244030, ack: 37, window: 1448, data: "patrioque has. I"...
10.390 Sent: b'\xfa\xdcG\x00\xa6nC>\x00\x00\x00%P\x00\x05\xa8\x00\x00\x00\x00patrioque has. I'...
10.393 Received: b'G\x00\xfa\xdc\x00\x00\x00$\xa6nH\xe6P\x10\x05\xa8\x00\x00\x00\x00'
10.393 Disassembled: source: 18176, dest: 64220, seq: 36, ack: 2792245478, window: 1448, ACK
10.393 Acknowledged seq: 2792244030
10.394 Assembling: source: 64220, dest: 18176, seq: 2792245478, ack: 37, window: 1448, data: "ossit repudianda"...
10.394 Sent: b'\xfa\xdcG\x00\xa6nH\xe6\x00\x00\x00%P\x00\x05\xa8\x00\x00\x00\x00ossit repudianda'...
10.396 Failed to receive packet
10.894 Sent: b'\xfa\xdcG\x00\xa6nH\xe6\x00\x00\x00%P\x00\x05\xa8\x00\x00\x00\x00ossit repudianda'...
10.897 Received: b'G\x00\xfa\xdc\x00\x00\x00$\xa6nN\x8eP\x10\x05\xa8\x00\x00\x00\x00'
10.898 Disassembled: source: 18176, dest: 64220, seq: 36, ack: 2792246926, window: 1448, ACK
10.898 Acknowledged seq: 2792245478
10.898 Assembling: source: 64220, dest: 18176, seq: 2792246926, ack: 37, window: 1448, data: "ora consequuntur"...
10.899 Sent: b'\xfa\xdcG\x00\xa6nN\x8e\x00\x00\x00%P\x00\x05\xa8\x00\x00\x00\x00ora consequuntur'...
10.902 Received: b'G\x00\xfa\xdc\x00\x00\x00$\xa6nT6P\x10\x05\xa8\x00\x00\x00\x00'
10.902 Disassembled: source: 18176, dest: 64220, seq: 36, ack: 2792248374, window: 1448, ACK
10.902 Acknowledged seq: 2792246926
10.903 Assembling: source: 64220, dest: 18176, seq: 2792248374, ack: 37, window: 1448, data: "ctus conceptam a"...
10.903 Sent: b'\xfa\xdcG\x00\xa6nT6\x00\x00\x00%P\x00\x05\xa8\x00\x00\x00\x00ctus conceptam a'...
10.906 Received: b'G\x00\xfa\xdc\x00\x00\x00$\xa6nY\xdeP\x10\x05\xa8\x00\x00\x00\x00'
10.907 Disassembled: source: 18176, dest: 64220, seq: 36, ack: 2792249822, window: 1448, ACK
10.907 Acknowledged seq: 2792248374
10.907 Assembling: source: 64220, dest: 18176, seq: 2792249822, ack: 37, window: 1448, data: " aeterno te, ne "...
10.908 Sent: b'\xfa\xdcG\x00\xa6nY\xde\x00\x00\x00%P\x00\x05\xa8\x00\x00\x00\x00 aeterno te, ne '...
10.910 Received: b'G\x00\xfa\xdc\x00\x00\x00$\xa6n_\x86P\x10\x05\xa8\x00\x00\x00\x00'
10.911 Disassembled: source: 18176, dest: 64220, seq: 36, ack: 2792251270, window: 1448, ACK
10.911 Acknowledged seq: 2792249822
10.911 Assembling: source: 64220, dest: 18176, seq: 2792251270, ack: 37, window: 1448, data: "imis oporteat di"...
10.912 Sent: b'\xfa\xdcG\x00\xa6n_\x86\x00\x00\x00%P\x00\x05\xa8\x00\x00\x00\x00imis oporteat di'...
10.914 Received: b'G\x00\xfa\xdc\x00\x00\x00$\xa6ne.P\x10\x05\xa8\x00\x00\x00\x00'
10.914 Disassembled: source: 18176, dest: 64220, seq: 36, ack: 2792252718, window: 1448, ACK
10.914 Acknowledged seq: 2792251270
10.915 Assembling: source: 64220, dest: 18176, seq: 2792252718, ack: 37, window: 1448, data: "re. Has virtute "...
10.915 Sent: b'\xfa\xdcG\x00\xa6ne.\x00\x00\x00%P\x00\x05\xa8\x00\x00\x00\x00re. Has virtute '...
10.917 Received: b'G\x00\xfa\xdc\x00\x00\x00$\xa6nj\xd6P\x10\x05\xa8\x00\x00\x00\x00'
10.917 Disassembled: source: 18176, dest: 64220, seq: 36, ack: 2792254166, window: 1448, ACK
10.918 Acknowledged seq: 2792252718
10.918 Assembling: source: 64220, dest: 18176, seq: 2792254166, ack: 37, window: 1448, data: " eum ancillae no"...
10.918 Sent: b'\xfa\xdcG\x00\xa6nj\xd6\x00\x00\x00%P\x00\x05\xa8\x00\x00\x00\x00 eum ancillae no'...
10.920 Received: b'G\x00\xfa\xdc\x00\x00\x00$\xa6np~P\x10\x05\xa8\x00\x00\x00\x00'
10.921 Disassembled: source: 18176, dest: 64220, seq: 36, ack: 2792255614, window: 1448, ACK
10.921 Acknowledged seq: 2792254166
10.921 Assembling: source: 64220, dest: 18176, seq: 2792255614, ack: 37, window: 1448, data: "ppareat ius. At "...
10.922 Sent: b'\xfa\xdcG\x00\xa6np~\x00\x00\x00%P\x00\x05\xa8\x00\x00\x00\x00ppareat ius. At '...
10.923 Received: b'G\x00\xfa\xdc\x00\x00\x00$\xa6nv&P\x10\x05\xa8\x00\x00\x00\x00'
10.924 Disassembled: source: 18176, dest: 64220, seq: 36, ack: 2792257062, window: 1448, ACK
10.924 Acknowledged seq: 2792255614
10.924 Assembling: source: 64220, dest: 18176, seq: 2792257062, ack: 37, window: 1448, data: ", vero appellant"...
10.925 Sent: b'\xfa\xdcG\x00\xa6nv&\x00\x00\x00%P\x00\x05\xa8\x00\x00\x00\x00, vero appellant'...
10.927 Received: b'G\x00\xfa\xdc\x00\x00\x00$\xa6n{\xceP\x10\x05\xa8\x00\x00\x00\x00'
10.927 Disassembled: source: 18176, dest: 64220, seq: 36, ack: 2792258510, window: 1448, ACK
10.927 Acknowledged seq: 2792257062
10.928 Assembling: source: 64220, dest: 18176, seq: 2792258510, ack: 37, window: 1448, data: "ibo quando copio"...
10.928 Sent: b'\xfa\xdcG\x00\xa6n{\xce\x00\x00\x00%P\x00\x05\xa8\x00\x00\x00\x00ibo quando copio'...
10.930 Received: b'G\x00\xfa\xdc\x00\x00\x00$\xa6n\x81vP\x10\x05\xa8\x00\x00\x00\x00'
10.931 Disassembled: source: 18176, dest: 64220, seq: 36, ack: 2792259958, window: 1448, ACK
10.931 Acknowledged seq: 2792258510
10.931 Assembling: source: 64220, dest: 18176, seq: 2792259958, ack: 37, window: 1448, data: " maluisset. Sit "...
10.932 Failed to send packet
11.432 Sent: b'\xfa\xdcG\x00\xa6n\x81v\x00\x00\x00%P\x00\x05\xa8\x00\x00\x00\x00 maluisset. Sit '...
11.435 Received: b'G\x00\xfa\xdc\x00\x00\x00$\xa6n\x87\x1eP\x10\x05\xa8\x00\x00\x00\x00'
11.435 Disassembled: source: 18176, dest: 64220, seq: 36, ack: 2792261406, window: 1448, ACK
11.436 Acknowledged seq: 2792259958
11.436 Assembling: source: 64220, dest: 18176, seq: 2792261406, ack: 37, window: 1448, data: "e ceteros albuci"...
11.436 Sent: b'\xfa\xdcG\x00\xa6n\x87\x1e\x00\x00\x00%P\x00\x05\xa8\x00\x00\x00\x00e ceteros albuci'...
11.439 Received: b'G\x00\xfa\xdc\x00\x00\x00$\xa6n\x8c\xc6P\x10\x05\xa8\x00\x00\x00\x00'
11.440 Disassembled: source: 18176, dest: 64220, seq: 36, ack: 2792262854, window: 1448, ACK
11.440 Acknowledged seq: 2792261406
11.440 Assembling: source: 64220, dest: 18176, seq: 2792262854, ack: 37, window: 1448, data: "complectitur sea"...
11.441 Sent: b'\xfa\xdcG\x00\xa6n\x8c\xc6\x00\x00\x00%P\x00\x05\xa8\x00\x00\x00\x00complectitur sea'...
11.444 Received: b'G\x00\xfa\xdc\x00\x00\x00$\xa6n\x92nP\x10\x05\xa8\x00\x00\x00\x00'
11.444 Disassembled: source: 18176, dest: 64220, seq: 36, ack: 2792264302, window: 1448, ACK
11.445 Acknowledged seq: 2792262854
11.445 Finished reading file
11.445 Assembling: source: 64220, dest: 18176, seq: 2792264302, ack: 37, window: 1448, data: "tempor ex ius. E"...
11.445 Sent: b'\xfa\xdcG\x00\xa6n\x92n\x00\x00\x00%P\x00\x05\xa8\x00\x00\x00\x00tempor ex ius. E'...
11.448 Received: b'G\x00\xfa\xdc\x00\x00\x00$\xa6n\x92\xccP\x10\x05\xa8\x00\x00\x00\x00'
11.449 Disassembled: source: 18176, dest: 64220, seq: 36, ack: 2792264396, window: 1448, ACK
11.449 Acknowledged seq: 2792264302
11.449 Assembling: source: 64220, dest: 18176, seq: 2792264396, ack: 37, window: 1448, ACK, FIN
11.450 Sent: b'\xfa\xdcG\x00\xa6n\x92\xcc\x00\x00\x00%P\x11\x05\xa8\x00\x00\x00\x00'
11.451 Failed to receive packet
11.452 Received: b'G\x00\xfa\xdc\x00\x00\x00$\xa6n\x92\xcdP\x01\x05\xa8\x00\x00\x00\x00'
11.453 Disassembled: source: 18176, dest: 64220, seq: 36, ack: 2792264397, window: 1448, FIN
11.453 Error: Responses must be acknowledgements
11.950 Sent: b'\xfa\xdcG\x00\xa6n\x92\xcc\x00\x00\x00%P\x11\x05\xa8\x00\x00\x00\x00'
12.451 Sent: b'\xfa\xdcG\x00\xa6n\x92\xcc\x00\x00\x00%P\x11\x05\xa8\x00\x00\x00\x00'
12.951 Sent: b'\xfa\xdcG\x00\xa6n\x92\xcc\x00\x00\x00%P\x11\x05\xa8\x00\x00\x00\x00'
13.451 Sent: b'\xfa\xdcG\x00\xa6n\x92\xcc\x00\x00\x00%P\x11\x05\xa8\x00\x00\x00\x00'
13.952 Sent: b'\xfa\xdcG\x00\xa6n\x92\xcc\x00\x00\x00%P\x11\x05\xa8\x00\x00\x00\x00'
14.452 Error: Connection timed out
14.452 Closed connection
14.456 Shutting down
