0.000 NEW RUN: Server, TEST: Write_file__Random_drops
0.076 Received: b'\xcf\xe5\x9d\xc3\x00\x00\x00\x1a\x00\x00\x00\x00P\x02\x05\xa8\x00\x00\x00\x00'
0.077 Disassembled: source: 53221, dest: 40387, seq: 26, window: 1448, SYN
0.078 SYN accepted; new connection: 127.0.0.1 on port 53221
0.078 Assembling: source: 40387, dest: 53221, seq: 2815407977, ack: 27, window: 5808, ACK, SYN
0.079 Sent: b'\x9d\xc3\xcf\xe5\xa7\xcf\xb7i\x00\x00\x00\x1bP\x12\x16\xb0\x00\x00\x00\x00'
0.082 Received: b'\xcf\xe5\x9d\xc3\x00\x00\x00\x1b\xa7\xcf\xb7jP\x10\x16\xb0\x00\x00\x00\x00'
0.082 Disassembled: source: 53221, dest: 40387, seq: 27, ack: 2815407978, window: 5808, ACK
0.082 Assembling: source: 40387, dest: 53221, seq: 2815407978, ack: 27, window: 5808, ACK
0.083 Sent: b'\x9d\xc3\xcf\xe5\xa7\xcf\xb7j\x00\x00\x00\x1bP\x10\x16\xb0\x00\x00\x00\x00'
0.084 Received: b'\xcf\xe5\x9d\xc3\x00\x00\x00\x1b\xa7\xcf\xb7jP\x10\x16\xb0\x00\x00\x00\x00Lorem ipsum dolo'...
0.085 Disassembled: source: 53221, dest: 40387, seq: 27, ack: 2815407978, window: 5808, ACK, data: "Lorem ipsum dolo"...
0.085 Handshake complete
0.085 Data accepted; writing to file
0.085 Assembling: source: 40387, dest: 53221, seq: 2815407978, ack: 1475, window: 5808, ACK
0.085 Failed to send packet
0.087 Received: b'\xcf\xe5\x9d\xc3\x00\x00\x00\x1b\xa7\xcf\xb7jP\x10\x16\xb0\x00\x00\x00\x00Lorem ipsum dolo'...
0.087 Disassembled: source: 53221, dest: 40387, seq: 27, ack: 2815407978, window: 5808, ACK, data: "Lorem ipsum dolo"...
0.087 Old data; ignoring
0.586 Sent: b'\x9d\xc3\xcf\xe5\xa7\xcf\xb7j\x00\x00\x05\xc3P\x10\x16\xb0\x00\x00\x00\x00'
0.589 Received: b'\xcf\xe5\x9d\xc3\x00\x00\x05\xc3\xa7\xcf\xb7jP\x00\x16\xb0\x00\x00\x00\x00mprehensam nam, '...
0.589 Disassembled: source: 53221, dest: 40387, seq: 1475, ack: 2815407978, window: 5808, data: "mprehensam nam, "...
0.590 Data accepted; writing to file
0.590 Assembling: source: 40387, dest: 53221, seq: 2815407978, ack: 2923, window: 5808, ACK
0.590 Sent: b'\x9d\xc3\xcf\xe5\xa7\xcf\xb7j\x00\x00\x0bkP\x10\x16\xb0\x00\x00\x00\x00'
0.593 Received: b'\xcf\xe5\x9d\xc3\x00\x00\x0bk\xa7\xcf\xb7jP\x00\x16\xb0\x00\x00\x00\x00ilisi repudiare '...
0.594 Disassembled: source: 53221, dest: 40387, seq: 2923, ack: 2815407978, window: 5808, data: "ilisi repudiare "...
0.594 Data accepted; writing to file
0.594 Assembling: source: 40387, dest: 53221, seq: 2815407978, ack: 4371, window: 5808, ACK
0.595 Sent: b'\x9d\xc3\xcf\xe5\xa7\xcf\xb7j\x00\x00\x11\x13P\x10\x16\xb0\x00\x00\x00\x00'
0.598 Received: b'\xcf\xe5\x9d\xc3\x00\x00\x11\x13\xa7\xcf\xb7jP\x00\x16\xb0\x00\x00\x00\x00ta.\n\nEt essent s'...
0.598 Disassembled: source: 53221, dest: 40387, seq: 4371, ack: 2815407978, window: 5808, data: "ta.

Et essent s"...
0.598 Data accepted; writing to file
0.598 Assembling: source: 40387, dest: 53221, seq: 2815407978, ack: 5819, window: 5808, ACK
0.599 Sent: b'\x9d\xc3\xcf\xe5\xa7\xcf\xb7j\x00\x00\x16\xbbP\x10\x16\xb0\x00\x00\x00\x00'
0.601 Received: b'\xcf\xe5\x9d\xc3\x00\x00\x16\xbb\xa7\xcf\xb7jP\x00\x16\xb0\x00\x00\x00\x00 Nihil tractatos'...
0.602 Disassembled: source: 53221, dest: 40387, seq: 5819, ack: 2815407978, window: 5808, data: " Nihil tractatos"...
0.602 Data accepted; writing to file
0.602 Assembling: source: 40387, dest: 53221, seq: 2815407978, ack: 7267, window: 5808, ACK
0.603 Failed to send packet
1.103 Sent: b'\x9d\xc3\xcf\xe5\xa7\xcf\xb7j\x00\x00\x1ccP\x10\x16\xb0\x00\x00\x00\x00'
1.106 Received: b'\xcf\xe5\x9d\xc3\x00\x00\x1cc\xa7\xcf\xb7jP\x00\x16\xb0\x00\x00\x00\x00fert iuvaret sap'...
1.106 Disassembled: source: 53221, dest: 40387, seq: 7267, ack: 2815407978, window: 5808, data: "fert iuvaret sap"...
1.106 Data accepted; writing to file
1.107 Assembling: source: 40387, dest: 53221, seq: 2815407978, ack: 8715, window: 5808, ACK
1.107 Sent: b'\x9d\xc3\xcf\xe5\xa7\xcf\xb7j\x00\x00"\x0bP\x10\x16\xb0\x00\x00\x00\x00'
1.110 Received: b'\xcf\xe5\x9d\xc3\x00\x00"\x0b\xa7\xcf\xb7jP\x00\x16\xb0\x00\x00\x00\x00ram adipiscing, '...
1.110 Disassembled: source: 53221, dest: 40387, seq: 8715, ack: 2815407978, window: 5808, data: "ram adipiscing, "...
1.111 Data accepted; writing to file
1.111 Assembling: source: 40387, dest: 53221, seq: 2815407978, ack: 10163, window: 5808, ACK
1.111 Sent: b"\x9d\xc3\xcf\xe5\xa7\xcf\xb7j\x00\x00'\xb3P\x10\x16\xb0\x00\x00\x00\x00"
1.114 Failed to receive packet
1.612 Sent: b"\x9d\xc3\xcf\xe5\xa7\xcf\xb7j\x00\x00'\xb3P\x10\x16\xb0\x00\x00\x00\x00"
1.615 Received: b"\xcf\xe5\x9d\xc3\x00\x00'\xb3\xa7\xcf\xb7jP\x00\x16\xb0\x00\x00\x00\x00m veritus vivend"...
1.615 Disassembled: source: 53221, dest: 40387, seq: 10163, ack: 2815407978, window: 5808, data: "m veritus vivend"...
1.615 Data accepted; writing to file
1.616 Assembling: source: 40387, dest: 53221, seq: 2815407978, ack: 11611, window: 5808, ACK
1.616 Failed to send packet
2.116 Sent: b'\x9d\xc3\xcf\xe5\xa7\xcf\xb7j\x00\x00-[P\x10\x16\xb0\x00\x00\x00\x00'
2.119 Received: b'\xcf\xe5\x9d\xc3\x00\x00-[\xa7\xcf\xb7jP\x00\x16\xb0\x00\x00\x00\x00 delenit, ignota'...
2.120 Disassembled: source: 53221, dest: 40387, seq: 11611, ack: 2815407978, window: 5808, data: " delenit, ignota"...
2.120 Data accepted; writing to file
2.120 Assembling: source: 40387, dest: 53221, seq: 2815407978, ack: 13059, window: 5808, ACK
2.121 Sent: b'\x9d\xc3\xcf\xe5\xa7\xcf\xb7j\x00\x003\x03P\x10\x16\xb0\x00\x00\x00\x00'
2.124 Received: b'\xcf\xe5\x9d\xc3\x00\x003\x03\xa7\xcf\xb7jP\x00\x16\xb0\x00\x00\x00\x00se explicari des'...
2.124 Disassembled: source: 53221, dest: 40387, seq: 13059, ack: 2815407978, window: 5808, data: "se explicari des"...
2.125 Data accepted; writing to file
2.125 Assembling: source: 40387, dest: 53221, seq: 2815407978, ack: 14507, window: 5808, ACK
2.125 Sent: b'\x9d\xc3\xcf\xe5\xa7\xcf\xb7j\x00\x008\xabP\x10\x16\xb0\x00\x00\x00\x00'
2.128 Received: b'\xcf\xe5\x9d\xc3\x00\x008\xab\xa7\xcf\xb7jP\x00\x16\xb0\x00\x00\x00\x00piscing, in modo'...
2.129 Disassembled: source: 53221, dest: 40387, seq: 14507, ack: 2815407978, window: 5808, data: "piscing, in modo"...
2.129 Data accepted; writing to file
2.129 Assembling: source: 40387, dest: 53221, seq: 2815407978, ack: 15955, window: 5808, ACK
2.130 Sent: b'\x9d\xc3\xcf\xe5\xa7\xcf\xb7j\x00\x00>SP\x10\x16\xb0\x00\x00\x00\x00'
2.131 Received: b'\xcf\xe5\x9d\xc3\x00\x00>S\xa7\xcf\xb7jP\x00\x16\xb0\x00\x00\x00\x00o copiosae tacim'...
2.132 Disassembled: source: 53221, dest: 40387, seq: 15955, ack: 2815407978, window: 5808, data: "o copiosae tacim"...
2.132 Data accepted; writing to file
2.132 Assembling: source: 40387, dest: 53221, seq: 2815407978, ack: 17403, window: 5808, ACK
2.133 Sent: b'\x9d\xc3\xcf\xe5\xa7\xcf\xb7j\x00\x00C\xfbP\x10\x16\xb0\x00\x00\x00\x00'
2.134 Received: b'\xcf\xe5\x9d\xc3\x00\x00C\xfb\xa7\xcf\xb7jP\x00\x16\xb0\x00\x00\x00\x00am. Pri ne antio'...
2.135 Disassembled: source: 53221, dest: 40387, seq: 17403, ack: 2815407978, window: 5808, data: "am. Pri ne antio"...
2.135 Data accepted; writing to file
2.135 Assembling: source: 40387, dest: 53221, seq: 2815407978, ack: 18851, window: 5808, ACK
2.136 Sent: b'\x9d\xc3\xcf\xe5\xa7\xcf\xb7j\x00\x00I\xa3P\x10\x16\xb0\x00\x00\x00\x00'
2.138 Received: b'\xcf\xe5\x9d\xc3\x00\x00I\xa3\xa7\xcf\xb7jP\x00\x16\xb0\x00\x00\x00\x00to no. Elitr pos'...
2.138 Disassembled: source: 53221, dest: 40387, seq: 18851, ack: 2815407978, window: 5808, data: "to no. Elitr pos"...
2.138 Data accepted; writing to file
2.138 Assembling: source: 40387, dest: 53221, seq: 2815407978, ack: 20299, window: 5808, ACK
2.139 Sent: b'\x9d\xc3\xcf\xe5\xa7\xcf\xb7j\x00\x00OKP\x10\x16\xb0\x00\x00\x00\x00'
2.141 Received: b'\xcf\xe5\x9d\xc3\x00\x00OK\xa7\xcf\xb7jP\x00\x16\xb0\x00\x00\x00\x00pretaris, sea ex'...
2.141 Disassembled: source: 53221, dest: 40387, seq: 20299, ack: 2815407978, window: 5808, data: "pretaris, sea ex"...
2.142 Data accepted; writing to file
2.142 Assembling: source: 40387, dest: 53221, seq: 2815407978, ack: 21747, window: 5808, ACK
2.142 Failed to send packet
2.643 Sent: b'\x9d\xc3\xcf\xe5\xa7\xcf\xb7j\x00\x00T\xf3P\x10\x16\xb0\x00\x00\x00\x00'
2.646 Received: b'\xcf\xe5\x9d\xc3\x00\x00T\xf3\xa7\xcf\xb7jP\x00\x16\xb0\x00\x00\x00\x00oporteat inimicu'...
2.646 Disassembled: source: 53221, dest: 40387, seq: 21747, ack: 2815407978, window: 5808, data: "oporteat inimicu"...
2.646 Data accepted; writing to file
2.646 Assembling: source: 40387, dest: 53221, seq: 2815407978, ack: 23195, window: 5808, ACK
2.647 Sent: b'\x9d\xc3\xcf\xe5\xa7\xcf\xb7j\x00\x00Z\x9bP\x10\x16\xb0\x00\x00\x00\x00'
2.650 Received: b'\xcf\xe5\x9d\xc3\x00\x00Z\x9b\xa7\xcf\xb7jP\x00\x16\xb0\x00\x00\x00\x00ligendi officiis'...
2.651 Disassembled: source: 53221, dest: 40387, seq: 23195, ack: 2815407978, window: 5808, data: "ligendi officiis"...
2.651 Data accepted; writing to file
2.651 Assembling: source: 40387, dest: 53221, seq: 2815407978, ack: 24643, window: 5808, ACK
2.651 Sent: b'\x9d\xc3\xcf\xe5\xa7\xcf\xb7j\x00\x00`CP\x10\x16\xb0\x00\x00\x00\x00'
2.654 Received: b'\xcf\xe5\x9d\xc3\x00\x00`C\xa7\xcf\xb7jP\x00\x16\xb0\x00\x00\x00\x00no vel regione i'...
2.655 Disassembled: source: 53221, dest: 40387, seq: 24643, ack: 2815407978, window: 5808, data: "no vel regione i"...
2.655 Data accepted; writing to file
2.655 Assembling: source: 40387, dest: 53221, seq: 2815407978, ack: 26091, window: 5808, ACK
2.656 Sent: b'\x9d\xc3\xcf\xe5\xa7\xcf\xb7j\x00\x00e\xebP\x10\x16\xb0\x00\x00\x00\x00'
2.658 Received: b'\xcf\xe5\x9d\xc3\x00\x00e\xeb\xa7\xcf\xb7jP\x00\x16\xb0\x00\x00\x00\x00ibus vis ex, pro'...
2.658 Disassembled: source: 53221, dest: 40387, seq: 26091, ack: 2815407978, window: 5808, data: "ibus vis ex, pro"...
2.658 Data accepted; writing to file
2.658 Assembling: source: 40387, dest: 53221, seq: 2815407978, ack: 27539, window: 5808, ACK
2.659 Sent: b'\x9d\xc3\xcf\xe5\xa7\xcf\xb7j\x00\x00k\x93P\x10\x16\xb0\x00\x00\x00\x00'
2.661 Received: b'\xcf\xe5\x9d\xc3\x00\x00k\x93\xa7\xcf\xb7jP\x00\x16\xb0\x00\x00\x00\x00o vix, mel ea li'...
2.661 Disassembled: source: 53221, dest: 40387, seq: 27539, ack: 2815407978, window: 5808, data: "o vix, mel ea li"...
2.662 Data accepted; writing to file
2.662 Assembling: source: 40387, dest: 53221, seq: 2815407978, ack: 28987, window: 5808, ACK
2.662 Sent: b'\x9d\xc3\xcf\xe5\xa7\xcf\xb7j\x00\x00q;P\x10\x16\xb0\x00\x00\x00\x00'
2.664 Received: b'\xcf\xe5\x9d\xc3\x00\x00q;\xa7\xcf\xb7jP\x00\x16\xb0\x00\x00\x00\x00d. Ex fugit suav'...
2.664 Disassembled: source: 53221, dest: 40387, seq: 28987, ack: 2815407978, window: 5808, data: "d. Ex fugit suav"...
2.665 Data accepted; writing to file
2.665 Assembling: source: 40387, dest: 53221, seq: 2815407978, ack: 30435, window: 5808, ACK
2.665 Sent: b'\x9d\xc3\xcf\xe5\xa7\xcf\xb7j\x00\x00v\xe3P\x10\x16\xb0\x00\x00\x00\x00'
2.667 Received: b'\xcf\xe5\x9d\xc3\x00\x00v\xe3\xa7\xcf\xb7jP\x00\x16\xb0\x00\x00\x00\x00pertinax nec. De'...
2.668 Disassembled: source: 53221, dest: 40387, seq: 30435, ack: 2815407978, window: 5808, data: "pertinax nec. De"...
2.668 Data accepted; writing to file
2.668 Assembling: source: 40387, dest: 53221, seq: 2815407978, ack: 31883, window: 5808, ACK
2.669 Sent: b'\x9d\xc3\xcf\xe5\xa7\xcf\xb7j\x00\x00|\x8bP\x10\x16\xb0\x00\x00\x00\x00'
2.671 Received: b'\xcf\xe5\x9d\xc3\x00\x00|\x8b\xa7\xcf\xb7jP\x00\x16\xb0\x00\x00\x00\x00lli primis praes'...
2.671 Disassembled: source: 53221, dest: 40387, seq: 31883, ack: 2815407978, window: 5808, data: "lli primis praes"...
2.671 Data accepted; writing to file
2.671 Assembling: source: 40387, dest: 53221, seq: 2815407978, ack: 33331, window: 5808, ACK
2.672 Sent: b'\x9d\xc3\xcf\xe5\xa7\xcf\xb7j\x00\x00\x823P\x10\x16\xb0\x00\x00\x00\x00'
2.674 Received: b'\xcf\xe5\x9d\xc3\x00\x00\x823\xa7\xcf\xb7jP\x00\x16\xb0\x00\x00\x00\x00m, percipit inte'...
2.674 Disassembled: source: 53221, dest: 40387, seq: 33331, ack: 2815407978, window: 5808, data: "m, percipit inte"...
2.675 Data accepted; writing to file
2.675 Assembling: source: 40387, dest: 53221, seq: 2815407978, ack: 34779, window: 5808, ACK
2.675 Sent: b'\x9d\xc3\xcf\xe5\xa7\xcf\xb7j\x00\x00\x87\xdbP\x10\x16\xb0\x00\x00\x00\x00'
2.677 Failed to receive packet
3.176 Sent: b'\x9d\xc3\xcf\xe5\xa7\xcf\xb7j\x00\x00\x87\xdbP\x10\x16\xb0\x00\x00\x00\x00'
3.179 Received: b'\xcf\xe5\x9d\xc3\x00\x00\x87\xdb\xa7\xcf\xb7jP\x00\x16\xb0\x00\x00\x00\x00nani docendi pat'...
3.179 Disassembled: source: 53221, dest: 40387, seq: 34779, ack: 2815407978, window: 5808, data: "nani docendi pat"...
3.179 Data accepted; writing to file
3.179 Assembling: source: 40387, dest: 53221, seq: 2815407978, ack: 36227, window: 5808, ACK
3.180 Sent: b'\x9d\xc3\xcf\xe5\xa7\xcf\xb7j\x00\x00\x8d\x83P\x10\x16\xb0\x00\x00\x00\x00'
3.183 Received: b'\xcf\xe5\x9d\xc3\x00\x00\x8d\x83\xa7\xcf\xb7jP\x00\x16\xb0\x00\x00\x00\x00 vis decore poss'...
3.183 Disassembled: source: 53221, dest: 40387, seq: 36227, ack: 2815407978, window: 5808, data: " vis decore poss"...
3.184 Data accepted; writing to file
3.184 Assembling: source: 40387, dest: 53221, seq: 2815407978, ack: 37675, window: 5808, ACK
3.184 Failed to send packet
3.685 Sent: b'\x9d\xc3\xcf\xe5\xa7\xcf\xb7j\x00\x00\x93+P\x10\x16\xb0\x00\x00\x00\x00'
3.688 Received: b'\xcf\xe5\x9d\xc3\x00\x00\x93+\xa7\xcf\xb7jP\x00\x16\xb0\x00\x00\x00\x00eam odio corpora'...
3.688 Disassembled: source: 53221, dest: 40387, seq: 37675, ack: 2815407978, window: 5808, data: "eam odio corpora"...
3.688 Data accepted; writing to file
3.689 Assembling: source: 40387, dest: 53221, seq: 2815407978, ack: 39123, window: 5808, ACK
3.689 Sent: b'\x9d\xc3\xcf\xe5\xa7\xcf\xb7j\x00\x00\x98\xd3P\x10\x16\xb0\x00\x00\x00\x00'
3.692 Received: b'\xcf\xe5\x9d\xc3\x00\x00\x98\xd3\xa7\xcf\xb7jP\x00\x16\xb0\x00\x00\x00\x00 est. Usu sanctu'...
3.693 Disassembled: source: 53221, dest: 40387, seq: 39123, ack: 2815407978, window: 5808, data: " est. Usu sanctu"...
3.693 Data accepted; writing to file
3.693 Assembling: source: 40387, dest: 53221, seq: 2815407978, ack: 40571, window: 5808, ACK
3.693 Sent: b'\x9d\xc3\xcf\xe5\xa7\xcf\xb7j\x00\x00\x9e{P\x10\x16\xb0\x00\x00\x00\x00'
3.696 Received: b'\xcf\xe5\x9d\xc3\x00\x00\x9e{\xa7\xcf\xb7jP\x00\x16\xb0\x00\x00\x00\x00.\n\nMei graeco ae'...
3.697 Disassembled: source: 53221, dest: 40387, seq: 40571, ack: 2815407978, window: 5808, data: ".

Mei graeco ae"...
3.697 Data accepted; writing to file
3.697 Assembling: source: 40387, dest: 53221, seq: 2815407978, ack: 42019, window: 5808, ACK
3.698 Sent: b'\x9d\xc3\xcf\xe5\xa7\xcf\xb7j\x00\x00\xa4#P\x10\x16\xb0\x00\x00\x00\x00'
3.701 Received: b'\xcf\xe5\x9d\xc3\x00\x00\xa4#\xa7\xcf\xb7jP\x00\x16\xb0\x00\x00\x00\x00et. Ne sea primi'...
3.701 Disassembled: source: 53221, dest: 40387, seq: 42019, ack: 2815407978, window: 5808, data: "et. Ne sea primi"...
3.701 Data accepted; writing to file
3.701 Assembling: source: 40387, dest: 53221, seq: 2815407978, ack: 43467, window: 5808, ACK
3.702 Sent: b'\x9d\xc3\xcf\xe5\xa7\xcf\xb7j\x00\x00\xa9\xcbP\x10\x16\xb0\x00\x00\x00\x00'
3.704 Received: b'\xcf\xe5\x9d\xc3\x00\x00\xa9\xcb\xa7\xcf\xb7jP\x00\x16\xb0\x00\x00\x00\x00ittam convenire.'...
3.704 Disassembled: source: 53221, dest: 40387, seq: 43467, ack: 2815407978, window: 5808, data: "ittam convenire."...
3.705 Data accepted; writing to file
3.705 Assembling: source: 40387, dest: 53221, seq: 2815407978, ack: 44915, window: 5808, ACK
3.705 Sent: b'\x9d\xc3\xcf\xe5\xa7\xcf\xb7j\x00\x00\xafsP\x10\x16\xb0\x00\x00\x00\x00'
3.707 Received: b'\xcf\xe5\x9d\xc3\x00\x00\xafs\xa7\xcf\xb7jP\x00\x16\xb0\x00\x00\x00\x00ua et vis, id eu'...
3.708 Disassembled: source: 53221, dest: 40387, seq: 44915, ack: 2815407978, window: 5808, data: "ua et vis, id eu"...
3.708 Data accepted; writing to file
3.708 Assembling: source: 40387, dest: 53221, seq: 2815407978, ack: 46363, window: 5808, ACK
3.708 Sent: b'\x9d\xc3\xcf\xe5\xa7\xcf\xb7j\x00\x00\xb5\x1bP\x10\x16\xb0\x00\x00\x00\x00'
3.710 Received: b'\xcf\xe5\x9d\xc3\x00\x00\xb5\x1b\xa7\xcf\xb7jP\x00\x16\xb0\x00\x00\x00\x00r. Et velit appa'...
3.711 Disassembled: source: 53221, dest: 40387, seq: 46363, ack: 2815407978, window: 5808, data: "r. Et velit appa"...
3.711 Data accepted; writing to file
3.711 Assembling: source: 40387, dest: 53221, seq: 2815407978, ack: 47811, window: 5808, ACK
3.712 Sent: b'\x9d\xc3\xcf\xe5\xa7\xcf\xb7j\x00\x00\xba\xc3P\x10\x16\xb0\x00\x00\x00\x00'
3.714 Received: b'\xcf\xe5\x9d\xc3\x00\x00\xba\xc3\xa7\xcf\xb7jP\x00\x16\xb0\x00\x00\x00\x00 novum laudem, v'...
3.714 Disassembled: source: 53221, dest: 40387, seq: 47811, ack: 2815407978, window: 5808, data: " novum laudem, v"...
3.714 Data accepted; writing to file
3.715 Assembling: source: 40387, dest: 53221, seq: 2815407978, ack: 49259, window: 5808, ACK
3.715 Sent: b'\x9d\xc3\xcf\xe5\xa7\xcf\xb7j\x00\x00\xc0kP\x10\x16\xb0\x00\x00\x00\x00'
3.717 Received: b'\xcf\xe5\x9d\xc3\x00\x00\xc0k\xa7\xcf\xb7jP\x00\x16\xb0\x00\x00\x00\x00luptatibus, cibo'...
3.718 Disassembled: source: 53221, dest: 40387, seq: 49259, ack: 2815407978, window: 5808, data: "luptatibus, cibo"...
3.718 Data accepted; writing to file
3.718 Assembling: source: 40387, dest: 53221, seq: 2815407978, ack: 50707, window: 5808, ACK
3.718 Sent: b'\x9d\xc3\xcf\xe5\xa7\xcf\xb7j\x00\x00\xc6\x13P\x10\x16\xb0\x00\x00\x00\x00'
3.720 Failed to receive packet
4.219 Sent: b'\x9d\xc3\xcf\xe5\xa7\xcf\xb7j\x00\x00\xc6\x13P\x10\x16\xb0\x00\x00\x00\x00'
4.222 Received: b'\xcf\xe5\x9d\xc3\x00\x00\xc6\x13\xa7\xcf\xb7jP\x00\x16\xb0\x00\x00\x00\x00alii indoctum ma'...
4.222 Disassembled: source: 53221, dest: 40387, seq: 50707, ack: 2815407978, window: 5808, data: "alii indoctum ma"...
4.222 Data accepted; writing to file
4.223 Assembling: source: 40387, dest: 53221, seq: 2815407978, ack: 52155, window: 5808, ACK
4.223 Sent: b'\x9d\xc3\xcf\xe5\xa7\xcf\xb7j\x00\x00\xcb\xbbP\x10\x16\xb0\x00\x00\x00\x00'
4.226 Failed to receive packet
4.723 Sent: b'\x9d\xc3\xcf\xe5\xa7\xcf\xb7j\x00\x00\xcb\xbbP\x10\x16\xb0\x00\x00\x00\x00'
4.726 Received: b'\xcf\xe5\x9d\xc3\x00\x00\xcb\xbb\xa7\xcf\xb7jP\x00\x16\xb0\x00\x00\x00\x00im, his facete c'...
4.727 Disassembled: source: 53221, dest: 40387, seq: 52155, ack: 2815407978, window: 5808, data: "im, his facete c"...
4.727 Data accepted; writing to file
4.727 Assembling: source: 40387, dest: 53221, seq: 2815407978, ack: 53603, window: 5808, ACK
4.728 Sent: b'\x9d\xc3\xcf\xe5\xa7\xcf\xb7j\x00\x00\xd1cP\x10\x16\xb0\x00\x00\x00\x00'
4.731 Received: b'\xcf\xe5\x9d\xc3\x00\x00\xd1c\xa7\xcf\xb7jP\x00\x16\xb0\x00\x00\x00\x00e alia dolor com'...
4.731 Disassembled: source: 53221, dest: 40387, seq: 53603, ack: 2815407978, window: 5808, data: "e alia dolor com"...
4.731 Data accepted; writing to file
4.732 Assembling: source: 40387, dest: 53221, seq: 2815407978, ack: 55051, window: 5808, ACK
4.732 Sent: b'\x9d\xc3\xcf\xe5\xa7\xcf\xb7j\x00\x00\xd7\x0bP\x10\x16\xb0\x00\x00\x00\x00'
4.735 Received: b'\xcf\xe5\x9d\xc3\x00\x00\xd7\x0b\xa7\xcf\xb7jP\x00\x16\xb0\x00\x00\x00\x00it ea, reque tem'...
4.736 Disassembled: source: 53221, dest: 40387, seq: 55051, ack: 2815407978, window: 5808, data: "it ea, reque tem"...
4.736 Data accepted; writing to file
4.736 Assembling: source: 40387, dest: 53221, seq: 2815407978, ack: 56499, window: 5808, ACK
4.737 Sent: b'\x9d\xc3\xcf\xe5\xa7\xcf\xb7j\x00\x00\xdc\xb3P\x10\x16\xb0\x00\x00\x00\x00'
4.739 Received: b'\xcf\xe5\x9d\xc3\x00\x00\xdc\xb3\xa7\xcf\xb7jP\x00\x16\xb0\x00\x00\x00\x00alisque.\n\nEquide'...
4.740 Disassembled: source: 53221, dest: 40387, seq: 56499, ack: 2815407978, window: 5808, data: "alisque.

Equide"...
4.740 Data accepted; writing to file
4.740 Assembling: source: 40387, dest: 53221, seq: 2815407978, ack: 57947, window: 5808, ACK
4.741 Failed to send packet
5.241 Failed to send packet
5.742 Sent: b'\x9d\xc3\xcf\xe5\xa7\xcf\xb7j\x00\x00\xe2[P\x10\x16\xb0\x00\x00\x00\x00'
5.745 Received: b'\xcf\xe5\x9d\xc3\x00\x00\xe2[\xa7\xcf\xb7jP\x00\x16\xb0\x00\x00\x00\x00finitiones, affe'...
5.745 Disassembled: source: 53221, dest: 40387, seq: 57947, ack: 2815407978, window: 5808, data: "finitiones, affe"...
5.745 Data accepted; writing to file
5.746 Assembling: source: 40387, dest: 53221, seq: 2815407978, ack: 59395, window: 5808, ACK
5.746 Sent: b'\x9d\xc3\xcf\xe5\xa7\xcf\xb7j\x00\x00\xe8\x03P\x10\x16\xb0\x00\x00\x00\x00'
5.749 Failed to receive packet
6.246 Failed to send packet
6.747 Sent: b'\x9d\xc3\xcf\xe5\xa7\xcf\xb7j\x00\x00\xe8\x03P\x10\x16\xb0\x00\x00\x00\x00'
6.750 Received: b'\xcf\xe5\x9d\xc3\x00\x00\xe8\x03\xa7\xcf\xb7jP\x00\x16\xb0\x00\x00\x00\x00his duis graeco '...
6.750 Disassembled: source: 53221, dest: 40387, seq: 59395, ack: 2815407978, window: 5808, data: "his duis graeco "...
6.751 Data accepted; writing to file
6.751 Assembling: source: 40387, dest: 53221, seq: 2815407978, ack: 60843, window: 5808, ACK
6.751 Sent: b'\x9d\xc3\xcf\xe5\xa7\xcf\xb7j\x00\x00\xed\xabP\x10\x16\xb0\x00\x00\x00\x00'
6.754 Received: b'\xcf\xe5\x9d\xc3\x00\x00\xed\xab\xa7\xcf\xb7jP\x00\x16\xb0\x00\x00\x00\x00am. Alia possit '...
6.755 Disassembled: source: 53221, dest: 40387, seq: 60843, ack: 2815407978, window: 5808, data: "am. Alia possit "...
6.755 Data accepted; writing to file
6.755 Assembling: source: 40387, dest: 53221, seq: 2815407978, ack: 62291, window: 5808, ACK
6.756 Sent: b'\x9d\xc3\xcf\xe5\xa7\xcf\xb7j\x00\x00\xf3SP\x10\x16\xb0\x00\x00\x00\x00'
6.759 Received: b'\xcf\xe5\x9d\xc3\x00\x00\xf3S\xa7\xcf\xb7jP\x00\x16\xb0\x00\x00\x00\x00cum an. Mei faci'...
6.759 Disassembled: source: 53221, dest: 40387, seq: 62291, ack: 2815407978, window: 5808, data: "cum an. Mei faci"...
6.759 Data accepted; writing to file
6.759 Assembling: source: 40387, dest: 53221, seq: 2815407978, ack: 63739, window: 5808, ACK
6.760 Sent: b'\x9d\xc3\xcf\xe5\xa7\xcf\xb7j\x00\x00\xf8\xfbP\x10\x16\xb0\x00\x00\x00\x00'
6.762 Received: b'\xcf\xe5\x9d\xc3\x00\x00\xf8\xfb\xa7\xcf\xb7jP\x00\x16\xb0\x00\x00\x00\x00 vis adhuc tatio'...
6.762 Disassembled: source: 53221, dest: 40387, seq: 63739, ack: 2815407978, window: 5808, data: " vis adhuc tatio"...
6.763 Data accepted; writing to file
6.763 Assembling: source: 40387, dest: 53221, seq: 2815407978, ack: 65187, window: 5808, ACK
6.763 Sent: b'\x9d\xc3\xcf\xe5\xa7\xcf\xb7j\x00\x00\xfe\xa3P\x10\x16\xb0\x00\x00\x00\x00'
6.765 Received: b'\xcf\xe5\x9d\xc3\x00\x00\xfe\xa3\xa7\xcf\xb7jP\x00\x16\xb0\x00\x00\x00\x00im eu option iuv'...
6.766 Disassembled: source: 53221, dest: 40387, seq: 65187, ack: 2815407978, window: 5808, data: "im eu option iuv"...
6.766 Data accepted; writing to file
6.766 Assembling: source: 40387, dest: 53221, seq: 2815407978, ack: 66635, window: 5808, ACK
6.766 Sent: b'\x9d\xc3\xcf\xe5\xa7\xcf\xb7j\x00\x01\x04KP\x10\x16\xb0\x00\x00\x00\x00'
6.768 Received: b'\xcf\xe5\x9d\xc3\x00\x01\x04K\xa7\xcf\xb7jP\x00\x16\xb0\x00\x00\x00\x00ex epicurei taci'...
6.769 Disassembled: source: 53221, dest: 40387, seq: 66635, ack: 2815407978, window: 5808, data: "ex epicurei taci"...
6.769 Data accepted; writing to file
6.769 Assembling: source: 40387, dest: 53221, seq: 2815407978, ack: 68083, window: 5808, ACK
6.770 Sent: b'\x9d\xc3\xcf\xe5\xa7\xcf\xb7j\x00\x01\t\xf3P\x10\x16\xb0\x00\x00\x00\x00'
6.772 Received: b'\xcf\xe5\x9d\xc3\x00\x01\t\xf3\xa7\xcf\xb7jP\x00\x16\xb0\x00\x00\x00\x00ebat, eu pro ero'...
6.772 Disassembled: source: 53221, dest: 40387, seq: 68083, ack: 2815407978, window: 5808, data: "ebat, eu pro ero"...
6.772 Data accepted; writing to file
6.772 Assembling: source: 40387, dest: 53221, seq: 2815407978, ack: 69531, window: 5808, ACK
6.773 Sent: b'\x9d\xc3\xcf\xe5\xa7\xcf\xb7j\x00\x01\x0f\x9bP\x10\x16\xb0\x00\x00\x00\x00'
6.775 Received: b'\xcf\xe5\x9d\xc3\x00\x01\x0f\x9b\xa7\xcf\xb7jP\x00\x16\xb0\x00\x00\x00\x00s. Per no sale v'...
6.775 Disassembled: source: 53221, dest: 40387, seq: 69531, ack: 2815407978, window: 5808, data: "s. Per no sale v"...
6.776 Data accepted; writing to file
6.776 Assembling: source: 40387, dest: 53221, seq: 2815407978, ack: 70979, window: 5808, ACK
6.776 Sent: b'\x9d\xc3\xcf\xe5\xa7\xcf\xb7j\x00\x01\x15CP\x10\x16\xb0\x00\x00\x00\x00'
6.778 Received: b'\xcf\xe5\x9d\xc3\x00\x01\x15C\xa7\xcf\xb7jP\x00\x16\xb0\x00\x00\x00\x00orrupte ea mel. '...
6.779 Disassembled: source: 53221, dest: 40387, seq: 70979, ack: 2815407978, window: 5808, data: "orrupte ea mel. "...
6.779 Data accepted; writing to file
6.779 Assembling: source: 40387, dest: 53221, seq: 2815407978, ack: 72427, window: 5808, ACK
6.779 Sent: b'\x9d\xc3\xcf\xe5\xa7\xcf\xb7j\x00\x01\x1a\xebP\x10\x16\xb0\x00\x00\x00\x00'
6.781 Received: b'\xcf\xe5\x9d\xc3\x00\x01\x1a\xeb\xa7\xcf\xb7jP\x00\x16\xb0\x00\x00\x00\x00. Est iracundia '...
6.782 Disassembled: source: 53221, dest: 40387, seq: 72427, ack: 2815407978, window: 5808, data: ". Est iracundia "...
6.782 Data accepted; writing to file
6.782 Assembling: source: 40387, dest: 53221, seq: 2815407978, ack: 73875, window: 5808, ACK
6.783 Sent: b'\x9d\xc3\xcf\xe5\xa7\xcf\xb7j\x00\x01 \x93P\x10\x16\xb0\x00\x00\x00\x00'
6.785 Received: b'\xcf\xe5\x9d\xc3\x00\x01 \x93\xa7\xcf\xb7jP\x00\x16\xb0\x00\x00\x00\x00pta probatus scr'...
6.785 Disassembled: source: 53221, dest: 40387, seq: 73875, ack: 2815407978, window: 5808, data: "pta probatus scr"...
6.785 Data accepted; writing to file
6.785 Assembling: source: 40387, dest: 53221, seq: 2815407978, ack: 75323, window: 5808, ACK
6.786 Sent: b'\x9d\xc3\xcf\xe5\xa7\xcf\xb7j\x00\x01&;P\x10\x16\xb0\x00\x00\x00\x00'
6.788 Received: b'\xcf\xe5\x9d\xc3\x00\x01&;\xa7\xcf\xb7jP\x00\x16\xb0\x00\x00\x00\x00entur ei, pro ei'...
6.789 Disassembled: source: 53221, dest: 40387, seq: 75323, ack: 2815407978, window: 5808, data: "entur ei, pro ei"...
6.789 Data accepted; writing to file
6.789 Assembling: source: 40387, dest: 53221, seq: 2815407978, ack: 76771, window: 5808, ACK
6.789 Sent: b'\x9d\xc3\xcf\xe5\xa7\xcf\xb7j\x00\x01+\xe3P\x10\x16\xb0\x00\x00\x00\x00'
6.791 Received: b'\xcf\xe5\x9d\xc3\x00\x01+\xe3\xa7\xcf\xb7jP\x00\x16\xb0\x00\x00\x00\x00simul euismod vi'...
6.792 Disassembled: source: 53221, dest: 40387, seq: 76771, ack: 2815407978, window: 5808, data: "simul euismod vi"...
6.792 Data accepted; writing to file
6.792 Assembling: source: 40387, dest: 53221, seq: 2815407978, ack: 78219, window: 5808, ACK
6.793 Sent: b'\x9d\xc3\xcf\xe5\xa7\xcf\xb7j\x00\x011\x8bP\x10\x16\xb0\x00\x00\x00\x00'
6.795 Received: b'\xcf\xe5\x9d\xc3\x00\x011\x8b\xa7\xcf\xb7jP\x00\x16\xb0\x00\x00\x00\x00, eam id iudico '...
6.795 Disassembled: source: 53221, dest: 40387, seq: 78219, ack: 2815407978, window: 5808, data: ", eam id iudico "...
6.795 Data accepted; writing to file
6.795 Assembling: source: 40387, dest: 53221, seq: 2815407978, ack: 79667, window: 5808, ACK
6.796 Sent: b'\x9d\xc3\xcf\xe5\xa7\xcf\xb7j\x00\x0173P\x10\x16\xb0\x00\x00\x00\x00'
6.798 Received: b'\xcf\xe5\x9d\xc3\x00\x0173\xa7\xcf\xb7jP\x00\x16\xb0\x00\x00\x00\x00m vix. Ea est mu'...
6.798 Disassembled: source: 53221, dest: 40387, seq: 79667, ack: 2815407978, window: 5808, data: "m vix. Ea est mu"...
6.799 Data accepted; writing to file
6.799 Assembling: source: 40387, dest: 53221, seq: 2815407978, ack: 81115, window: 5808, ACK
6.799 Sent: b'\x9d\xc3\xcf\xe5\xa7\xcf\xb7j\x00\x01<\xdbP\x10\x16\xb0\x00\x00\x00\x00'
6.801 Received: b'\xcf\xe5\x9d\xc3\x00\x01<\xdb\xa7\xcf\xb7jP\x00\x16\xb0\x00\x00\x00\x00olor sit amet, e'...
6.802 Disassembled: source: 53221, dest: 40387, seq: 81115, ack: 2815407978, window: 5808, data: "olor sit amet, e"...
6.802 Data accepted; writing to file
6.802 Assembling: source: 40387, dest: 53221, seq: 2815407978, ack: 82563, window: 5808, ACK
6.802 Sent: b'\x9d\xc3\xcf\xe5\xa7\xcf\xb7j\x00\x01B\x83P\x10\x16\xb0\x00\x00\x00\x00'
6.804 Failed to receive packet
7.303 Sent: b'\x9d\xc3\xcf\xe5\xa7\xcf\xb7j\x00\x01B\x83P\x10\x16\xb0\x00\x00\x00\x00'
7.305 Received: b'\xcf\xe5\x9d\xc3\x00\x01B\x83\xa7\xcf\xb7jP\x00\x16\xb0\x00\x00\x00\x00m, aperiam iudic'...
7.306 Disassembled: source: 53221, dest: 40387, seq: 82563, ack: 2815407978, window: 5808, data: "m, aperiam iudic"...
7.306 Data accepted; writing to file
7.306 Assembling: source: 40387, dest: 53221, seq: 2815407978, ack: 84011, window: 5808, ACK
7.307 Sent: b'\x9d\xc3\xcf\xe5\xa7\xcf\xb7j\x00\x01H+P\x10\x16\xb0\x00\x00\x00\x00'
7.309 Received: b'\xcf\xe5\x9d\xc3\x00\x01H+\xa7\xcf\xb7jP\x00\x16\xb0\x00\x00\x00\x00re sea. No eos d'...
7.310 Disassembled: source: 53221, dest: 40387, seq: 84011, ack: 2815407978, window: 5808, data: "re sea. No eos d"...
7.310 Data accepted; writing to file
7.310 Assembling: source: 40387, dest: 53221, seq: 2815407978, ack: 85459, window: 5808, ACK
7.311 Sent: b'\x9d\xc3\xcf\xe5\xa7\xcf\xb7j\x00\x01M\xd3P\x10\x16\xb0\x00\x00\x00\x00'
7.314 Received: b'\xcf\xe5\x9d\xc3\x00\x01M\xd3\xa7\xcf\xb7jP\x00\x16\xb0\x00\x00\x00\x00t scripta philos'...
7.314 Disassembled: source: 53221, dest: 40387, seq: 85459, ack: 2815407978, window: 5808, data: "t scripta philos"...
7.314 Data accepted; writing to file
7.315 Assembling: source: 40387, dest: 53221, seq: 2815407978, ack: 86907, window: 5808, ACK
7.315 Sent: b'\x9d\xc3\xcf\xe5\xa7\xcf\xb7j\x00\x01S{P\x10\x16\xb0\x00\x00\x00\x00'
7.317 Received: b'\xcf\xe5\x9d\xc3\x00\x01S{\xa7\xcf\xb7jP\x00\x16\xb0\x00\x00\x00\x00tos sadipscing e'...
7.318 Disassembled: source: 53221, dest: 40387, seq: 86907, ack: 2815407978, window: 5808, data: "tos sadipscing e"...
7.318 Data accepted; writing to file
7.318 Assembling: source: 40387, dest: 53221, seq: 2815407978, ack: 88355, window: 5808, ACK
7.319 Sent: b'\x9d\xc3\xcf\xe5\xa7\xcf\xb7j\x00\x01Y#P\x10\x16\xb0\x00\x00\x00\x00'
7.321 Received: b'\xcf\xe5\x9d\xc3\x00\x01Y#\xa7\xcf\xb7jP\x00\x16\xb0\x00\x00\x00\x00sapientem ea, ad'...
7.321 Disassembled: source: 53221, dest: 40387, seq: 88355, ack: 2815407978, window: 5808, data: "sapientem ea, ad"...
7.321 Data accepted; writing to file
7.321 Assembling: source: 40387, dest: 53221, seq: 2815407978, ack: 89803, window: 5808, ACK
7.322 Sent: b'\x9d\xc3\xcf\xe5\xa7\xcf\xb7j\x00\x01^\xcbP\x10\x16\xb0\x00\x00\x00\x00'
7.324 Received: b'\xcf\xe5\x9d\xc3\x00\x01^\xcb\xa7\xcf\xb7jP\x00\x16\xb0\x00\x00\x00\x00g, ei invenire p'...
7.324 Disassembled: source: 53221, dest: 40387, seq: 89803, ack: 2815407978, window: 5808, data: "g, ei invenire p"...
7.324 Data accepted; writing to file
7.324 Assembling: source: 40387, dest: 53221, seq: 2815407978, ack: 91251, window: 5808, ACK
7.325 Sent: b'\x9d\xc3\xcf\xe5\xa7\xcf\xb7j\x00\x01dsP\x10\x16\xb0\x00\x00\x00\x00'
7.326 Received: b'\xcf\xe5\x9d\xc3\x00\x01ds\xa7\xcf\xb7jP\x00\x16\xb0\x00\x00\x00\x00endo at. Qui id '...
7.327 Disassembled: source: 53221, dest: 40387, seq: 91251, ack: 2815407978, window: 5808, data: "endo at. Qui id "...
7.327 Data accepted; writing to file
7.327 Assembling: source: 40387, dest: 53221, seq: 2815407978, ack: 92699, window: 5808, ACK
7.328 Sent: b'\x9d\xc3\xcf\xe5\xa7\xcf\xb7j\x00\x01j\x1bP\x10\x16\xb0\x00\x00\x00\x00'
7.329 Received: b'\xcf\xe5\x9d\xc3\x00\x01j\x1b\xa7\xcf\xb7jP\x00\x16\xb0\x00\x00\x00\x00ota nostrum et p'...
7.330 Disassembled: source: 53221, dest: 40387, seq: 92699, ack: 2815407978, window: 5808, data: "ota nostrum et p"...
7.330 Data accepted; writing to file
7.330 Assembling: source: 40387, dest: 53221, seq: 2815407978, ack: 94147, window: 5808, ACK
7.331 Sent: b'\x9d\xc3\xcf\xe5\xa7\xcf\xb7j\x00\x01o\xc3P\x10\x16\xb0\x00\x00\x00\x00'
7.333 Received: b'\xcf\xe5\x9d\xc3\x00\x01o\xc3\xa7\xcf\xb7jP\x00\x16\xb0\x00\x00\x00\x00deseruisse id. P'...
7.333 Disassembled: source: 53221, dest: 40387, seq: 94147, ack: 2815407978, window: 5808, data: "deseruisse id. P"...
7.333 Data accepted; writing to file
7.334 Assembling: source: 40387, dest: 53221, seq: 2815407978, ack: 95595, window: 5808, ACK
7.334 Sent: b'\x9d\xc3\xcf\xe5\xa7\xcf\xb7j\x00\x01ukP\x10\x16\xb0\x00\x00\x00\x00'
7.336 Received: b'\xcf\xe5\x9d\xc3\x00\x01uk\xa7\xcf\xb7jP\x00\x16\xb0\x00\x00\x00\x00odo munere imper'...
7.336 Disassembled: source: 53221, dest: 40387, seq: 95595, ack: 2815407978, window: 5808, data: "odo munere imper"...
7.336 Data accepted; writing to file
7.337 Assembling: source: 40387, dest: 53221, seq: 2815407978, ack: 97043, window: 5808, ACK
7.337 Failed to send packet
7.837 Sent: b'\x9d\xc3\xcf\xe5\xa7\xcf\xb7j\x00\x01{\x13P\x10\x16\xb0\x00\x00\x00\x00'
7.840 Received: b'\xcf\xe5\x9d\xc3\x00\x01{\x13\xa7\xcf\xb7jP\x00\x16\xb0\x00\x00\x00\x00cimates cum, tib'...
7.840 Disassembled: source: 53221, dest: 40387, seq: 97043, ack: 2815407978, window: 5808, data: "cimates cum, tib"...
7.840 Data accepted; writing to file
7.841 Assembling: source: 40387, dest: 53221, seq: 2815407978, ack: 98491, window: 5808, ACK
7.841 Sent: b'\x9d\xc3\xcf\xe5\xa7\xcf\xb7j\x00\x01\x80\xbbP\x10\x16\xb0\x00\x00\x00\x00'
7.844 Received: b'\xcf\xe5\x9d\xc3\x00\x01\x80\xbb\xa7\xcf\xb7jP\x00\x16\xb0\x00\x00\x00\x00tiopam molestiae'...
7.844 Disassembled: source: 53221, dest: 40387, seq: 98491, ack: 2815407978, window: 5808, data: "tiopam molestiae"...
7.844 Data accepted; writing to file
7.845 Assembling: source: 40387, dest: 53221, seq: 2815407978, ack: 99939, window: 5808, ACK
7.845 Sent: b'\x9d\xc3\xcf\xe5\xa7\xcf\xb7j\x00\x01\x86cP\x10\x16\xb0\x00\x00\x00\x00'
7.848 Received: b'\xcf\xe5\x9d\xc3\x00\x01\x86c\xa7\xcf\xb7jP\x00\x16\xb0\x00\x00\x00\x00possim qui no, v'...
7.848 Disassembled: source: 53221, dest: 40387, seq: 99939, ack: 2815407978, window: 5808, data: "possim qui no, v"...
7.848 Data accepted; writing to file
7.849 Assembling: source: 40387, dest: 53221, seq: 2815407978, ack: 101387, window: 5808, ACK
7.849 Sent: b'\x9d\xc3\xcf\xe5\xa7\xcf\xb7j\x00\x01\x8c\x0bP\x10\x16\xb0\x00\x00\x00\x00'
7.852 Received: b'\xcf\xe5\x9d\xc3\x00\x01\x8c\x0b\xa7\xcf\xb7jP\x00\x16\xb0\x00\x00\x00\x00 ex utinam parti'...
7.852 Disassembled: source: 53221, dest: 40387, seq: 101387, ack: 2815407978, window: 5808, data: " ex utinam parti"...
7.853 Data accepted; writing to file
7.853 Assembling: source: 40387, dest: 53221, seq: 2815407978, ack: 102835, window: 5808, ACK
7.853 Sent: b'\x9d\xc3\xcf\xe5\xa7\xcf\xb7j\x00\x01\x91\xb3P\x10\x16\xb0\x00\x00\x00\x00'
7.855 Received: b'\xcf\xe5\x9d\xc3\x00\x01\x91\xb3\xa7\xcf\xb7jP\x00\x16\xb0\x00\x00\x00\x00icus in his. Pri'...
7.856 Disassembled: source: 53221, dest: 40387, seq: 102835, ack: 2815407978, window: 5808, data: "icus in his. Pri"...
7.856 Data accepted; writing to file
7.856 Assembling: source: 40387, dest: 53221, seq: 2815407978, ack: 104283, window: 5808, ACK
7.856 Failed to send packet
8.357 Sent: b'\x9d\xc3\xcf\xe5\xa7\xcf\xb7j\x00\x01\x97[P\x10\x16\xb0\x00\x00\x00\x00'
8.360 Received: b'\xcf\xe5\x9d\xc3\x00\x01\x97[\xa7\xcf\xb7jP\x00\x16\xb0\x00\x00\x00\x00iis et.\n\nIus cu '...
8.360 Disassembled: source: 53221, dest: 40387, seq: 104283, ack: 2815407978, window: 5808, data: "iis et.

Ius cu "...
8.361 Data accepted; writing to file
8.361 Assembling: source: 40387, dest: 53221, seq: 2815407978, ack: 105731, window: 5808, ACK
8.361 Sent: b'\x9d\xc3\xcf\xe5\xa7\xcf\xb7j\x00\x01\x9d\x03P\x10\x16\xb0\x00\x00\x00\x00'
8.364 Received: b'\xcf\xe5\x9d\xc3\x00\x01\x9d\x03\xa7\xcf\xb7jP\x00\x16\xb0\x00\x00\x00\x00e interesset.\n\nT'...
8.365 Disassembled: source: 53221, dest: 40387, seq: 105731, ack: 2815407978, window: 5808, data: "e interesset.

T"...
8.365 Data accepted; writing to file
8.365 Assembling: source: 40387, dest: 53221, seq: 2815407978, ack: 107179, window: 5808, ACK
8.366 Sent: b'\x9d\xc3\xcf\xe5\xa7\xcf\xb7j\x00\x01\xa2\xabP\x10\x16\xb0\x00\x00\x00\x00'
8.369 Received: b'\xcf\xe5\x9d\xc3\x00\x01\xa2\xab\xa7\xcf\xb7jP\x00\x16\xb0\x00\x00\x00\x00pro alia volutpa'...
8.369 Disassembled: source: 53221, dest: 40387, seq: 107179, ack: 2815407978, window: 5808, data: "pro alia volutpa"...
8.369 Data accepted; writing to file
8.369 Assembling: source: 40387, dest: 53221, seq: 2815407978, ack: 108627, window: 5808, ACK
8.370 Sent: b'\x9d\xc3\xcf\xe5\xa7\xcf\xb7j\x00\x01\xa8SP\x10\x16\xb0\x00\x00\x00\x00'
8.373 Failed to receive packet
8.870 Sent: b'\x9d\xc3\xcf\xe5\xa7\xcf\xb7j\x00\x01\xa8SP\x10\x16\xb0\x00\x00\x00\x00'
8.873 Received: b'\xcf\xe5\x9d\xc3\x00\x01\xa8S\xa7\xcf\xb7jP\x00\x16\xb0\x00\x00\x00\x00 libris equidem '...
8.874 Disassembled: source: 53221, dest: 40387, seq: 108627, ack: 2815407978, window: 5808, data: " libris equidem "...
8.874 Data accepted; writing to file
8.874 Assembling: source: 40387, dest: 53221, seq: 2815407978, ack: 110075, window: 5808, ACK
8.874 Sent: b'\x9d\xc3\xcf\xe5\xa7\xcf\xb7j\x00\x01\xad\xfbP\x10\x16\xb0\x00\x00\x00\x00'
8.877 Received: b'\xcf\xe5\x9d\xc3\x00\x01\xad\xfb\xa7\xcf\xb7jP\x00\x16\xb0\x00\x00\x00\x00uavitate volupta'...
8.878 Disassembled: source: 53221, dest: 40387, seq: 110075, ack: 2815407978, window: 5808, data: "uavitate volupta"...
8.878 Data accepted; writing to file
8.878 Assembling: source: 40387, dest: 53221, seq: 2815407978, ack: 111523, window: 5808, ACK
8.879 Sent: b'\x9d\xc3\xcf\xe5\xa7\xcf\xb7j\x00\x01\xb3\xa3P\x10\x16\xb0\x00\x00\x00\x00'
8.882 Received: b'\xcf\xe5\x9d\xc3\x00\x01\xb3\xa3\xa7\xcf\xb7jP\x00\x16\xb0\x00\x00\x00\x00 Detraxit defini'...
8.882 Disassembled: source: 53221, dest: 40387, seq: 111523, ack: 2815407978, window: 5808, data: " Detraxit defini"...
8.883 Data accepted; writing to file
8.883 Assembling: source: 40387, dest: 53221, seq: 2815407978, ack: 112971, window: 5808, ACK
8.883 Sent: b'\x9d\xc3\xcf\xe5\xa7\xcf\xb7j\x00\x01\xb9KP\x10\x16\xb0\x00\x00\x00\x00'
8.886 Received: b'\xcf\xe5\x9d\xc3\x00\x01\xb9K\xa7\xcf\xb7jP\x00\x16\xb0\x00\x00\x00\x00aesent mei. Quo '...
8.887 Disassembled: source: 53221, dest: 40387, seq: 112971, ack: 2815407978, window: 5808, data: "aesent mei. Quo "...
8.887 Data accepted; writing to file
8.887 Assembling: source: 40387, dest: 53221, seq: 2815407978, ack: 114419, window: 5808, ACK
8.887 Sent: b'\x9d\xc3\xcf\xe5\xa7\xcf\xb7j\x00\x01\xbe\xf3P\x10\x16\xb0\x00\x00\x00\x00'
8.889 Received: b'\xcf\xe5\x9d\xc3\x00\x01\xbe\xf3\xa7\xcf\xb7jP\x00\x16\xb0\x00\x00\x00\x00nterpretaris no '...
8.890 Disassembled: source: 53221, dest: 40387, seq: 114419, ack: 2815407978, window: 5808, data: "nterpretaris no "...
8.890 Data accepted; writing to file
8.890 Assembling: source: 40387, dest: 53221, seq: 2815407978, ack: 115867, window: 5808, ACK
8.890 Sent: b'\x9d\xc3\xcf\xe5\xa7\xcf\xb7j\x00\x01\xc4\x9bP\x10\x16\xb0\x00\x00\x00\x00'
8.892 Received: b'\xcf\xe5\x9d\xc3\x00\x01\xc4\x9b\xa7\xcf\xb7jP\x00\x16\xb0\x00\x00\x00\x00patrioque has. I'...
8.893 Disassembled: source: 53221, dest: 40387, seq: 115867, ack: 2815407978, window: 5808, data: "patrioque has. I"...
8.893 Data accepted; writing to file
8.893 Assembling: source: 40387, dest: 53221, seq: 2815407978, ack: 117315, window: 5808, ACK
8.894 Failed to send packet
9.394 Failed to send packet
9.894 Sent: b'\x9d\xc3\xcf\xe5\xa7\xcf\xb7j\x00\x01\xcaCP\x10\x16\xb0\x00\x00\x00\x00'
9.897 Received: b'\xcf\xe5\x9d\xc3\x00\x01\xcaC\xa7\xcf\xb7jP\x00\x16\xb0\x00\x00\x00\x00ossit repudianda'...
9.898 Disassembled: source: 53221, dest: 40387, seq: 117315, ack: 2815407978, window: 5808, data: "ossit repudianda"...
9.898 Data accepted; writing to file
9.898 Assembling: source: 40387, dest: 53221, seq: 2815407978, ack: 118763, window: 5808, ACK
9.899 Sent: b'\x9d\xc3\xcf\xe5\xa7\xcf\xb7j\x00\x01\xcf\xebP\x10\x16\xb0\x00\x00\x00\x00'
9.902 Received: b'\xcf\xe5\x9d\xc3\x00\x01\xcf\xeb\xa7\xcf\xb7jP\x00\x16\xb0\x00\x00\x00\x00ora consequuntur'...
9.902 Disassembled: source: 53221, dest: 40387, seq: 118763, ack: 2815407978, window: 5808, data: "ora consequuntur"...
9.903 Data accepted; writing to file
9.903 Assembling: source: 40387, dest: 53221, seq: 2815407978, ack: 120211, window: 5808, ACK
9.903 Sent: b'\x9d\xc3\xcf\xe5\xa7\xcf\xb7j\x00\x01\xd5\x93P\x10\x16\xb0\x00\x00\x00\x00'
9.906 Received: b'\xcf\xe5\x9d\xc3\x00\x01\xd5\x93\xa7\xcf\xb7jP\x00\x16\xb0\x00\x00\x00\x00ctus conceptam a'...
9.907 Disassembled: source: 53221, dest: 40387, seq: 120211, ack: 2815407978, window: 5808, data: "ctus conceptam a"...
9.907 Data accepted; writing to file
9.907 Assembling: source: 40387, dest: 53221, seq: 2815407978, ack: 121659, window: 5808, ACK
9.908 Sent: b'\x9d\xc3\xcf\xe5\xa7\xcf\xb7j\x00\x01\xdb;P\x10\x16\xb0\x00\x00\x00\x00'
9.909 Received: b'\xcf\xe5\x9d\xc3\x00\x01\xdb;\xa7\xcf\xb7jP\x00\x16\xb0\x00\x00\x00\x00 aeterno te, ne '...
9.910 Disassembled: source: 53221, dest: 40387, seq: 121659, ack: 2815407978, window: 5808, data: " aeterno te, ne "...
9.910 Data accepted; writing to file
9.910 Assembling: source: 40387, dest: 53221, seq: 2815407978, ack: 123107, window: 5808, ACK
9.911 Sent: b'\x9d\xc3\xcf\xe5\xa7\xcf\xb7j\x00\x01\xe0\xe3P\x10\x16\xb0\x00\x00\x00\x00'
9.913 Received: b'\xcf\xe5\x9d\xc3\x00\x01\xe0\xe3\xa7\xcf\xb7jP\x00\x16\xb0\x00\x00\x00\x00imis oporteat di'...
9.913 Disassembled: source: 53221, dest: 40387, seq: 123107, ack: 2815407978, window: 5808, data: "imis oporteat di"...
9.913 Data accepted; writing to file
9.913 Assembling: source: 40387, dest: 53221, seq: 2815407978, ack: 124555, window: 5808, ACK
9.914 Sent: b'\x9d\xc3\xcf\xe5\xa7\xcf\xb7j\x00\x01\xe6\x8bP\x10\x16\xb0\x00\x00\x00\x00'
9.916 Failed to receive packet
10.414 Sent: b'\x9d\xc3\xcf\xe5\xa7\xcf\xb7j\x00\x01\xe6\x8bP\x10\x16\xb0\x00\x00\x00\x00'
10.417 Failed to receive packet
10.915 Sent: b'\x9d\xc3\xcf\xe5\xa7\xcf\xb7j\x00\x01\xe6\x8bP\x10\x16\xb0\x00\x00\x00\x00'
10.918 Received: b'\xcf\xe5\x9d\xc3\x00\x01\xe6\x8b\xa7\xcf\xb7jP\x00\x16\xb0\x00\x00\x00\x00re. Has virtute '...
10.918 Disassembled: source: 53221, dest: 40387, seq: 124555, ack: 2815407978, window: 5808, data: "re. Has virtute "...
10.918 Data accepted; writing to file
10.918 Assembling: source: 40387, dest: 53221, seq: 2815407978, ack: 126003, window: 5808, ACK
10.919 Sent: b'\x9d\xc3\xcf\xe5\xa7\xcf\xb7j\x00\x01\xec3P\x10\x16\xb0\x00\x00\x00\x00'
10.922 Received: b'\xcf\xe5\x9d\xc3\x00\x01\xec3\xa7\xcf\xb7jP\x00\x16\xb0\x00\x00\x00\x00 eum ancillae no'...
10.922 Disassembled: source: 53221, dest: 40387, seq: 126003, ack: 2815407978, window: 5808, data: " eum ancillae no"...
10.923 Data accepted; writing to file
10.923 Assembling: source: 40387, dest: 53221, seq: 2815407978, ack: 127451, window: 5808, ACK
10.923 Sent: b'\x9d\xc3\xcf\xe5\xa7\xcf\xb7j\x00\x01\xf1\xdbP\x10\x16\xb0\x00\x00\x00\x00'
10.926 Received: b'\xcf\xe5\x9d\xc3\x00\x01\xf1\xdb\xa7\xcf\xb7jP\x00\x16\xb0\x00\x00\x00\x00ppareat ius. At '...
10.927 Disassembled: source: 53221, dest: 40387, seq: 127451, ack: 2815407978, window: 5808, data: "ppareat ius. At "...
10.927 Data accepted; writing to file
10.927 Assembling: source: 40387, dest: 53221, seq: 2815407978, ack: 128899, window: 5808, ACK
10.928 Sent: b'\x9d\xc3\xcf\xe5\xa7\xcf\xb7j\x00\x01\xf7\x83P\x10\x16\xb0\x00\x00\x00\x00'
10.930 Received: b'\xcf\xe5\x9d\xc3\x00\x01\xf7\x83\xa7\xcf\xb7jP\x00\x16\xb0\x00\x00\x00\x00, vero appellant'...
10.930 Disassembled: source: 53221, dest: 40387, seq: 128899, ack: 2815407978, window: 5808, data: ", vero appellant"...
10.930 Data accepted; writing to file
10.930 Assembling: source: 40387, dest: 53221, seq: 2815407978, ack: 130347, window: 5808, ACK
10.931 Sent: b'\x9d\xc3\xcf\xe5\xa7\xcf\xb7j\x00\x01\xfd+P\x10\x16\xb0\x00\x00\x00\x00'
10.933 Received: b'\xcf\xe5\x9d\xc3\x00\x01\xfd+\xa7\xcf\xb7jP\x00\x16\xb0\x00\x00\x00\x00ibo quando copio'...
10.933 Disassembled: source: 53221, dest: 40387, seq: 130347, ack: 2815407978, window: 5808, data: "ibo quando copio"...
10.933 Data accepted; writing to file
10.933 Assembling: source: 40387, dest: 53221, seq: 2815407978, ack: 131795, window: 5808, ACK
10.934 Sent: b'\x9d\xc3\xcf\xe5\xa7\xcf\xb7j\x00\x02\x02\xd3P\x10\x16\xb0\x00\x00\x00\x00'
10.936 Received: b'\xcf\xe5\x9d\xc3\x00\x02\x02\xd3\xa7\xcf\xb7jP\x00\x16\xb0\x00\x00\x00\x00 maluisset. Sit '...
10.936 Disassembled: source: 53221, dest: 40387, seq: 131795, ack: 2815407978, window: 5808, data: " maluisset. Sit "...
10.936 Data accepted; writing to file
10.936 Assembling: source: 40387, dest: 53221, seq: 2815407978, ack: 133243, window: 5808, ACK
10.937 Sent: b'\x9d\xc3\xcf\xe5\xa7\xcf\xb7j\x00\x02\x08{P\x10\x16\xb0\x00\x00\x00\x00'
10.939 Received: b'\xcf\xe5\x9d\xc3\x00\x02\x08{\xa7\xcf\xb7jP\x00\x16\xb0\x00\x00\x00\x00e ceteros albuci'...
10.939 Disassembled: source: 53221, dest: 40387, seq: 133243, ack: 2815407978, window: 5808, data: "e ceteros albuci"...
10.939 Data accepted; writing to file
10.939 Assembling: source: 40387, dest: 53221, seq: 2815407978, ack: 134691, window: 5808, ACK
10.940 Sent: b'\x9d\xc3\xcf\xe5\xa7\xcf\xb7j\x00\x02\x0e#P\x10\x16\xb0\x00\x00\x00\x00'
10.942 Received: b'\xcf\xe5\x9d\xc3\x00\x02\x0e#\xa7\xcf\xb7jP\x00\x16\xb0\x00\x00\x00\x00complectitur sea'...
10.942 Disassembled: source: 53221, dest: 40387, seq: 134691, ack: 2815407978, window: 5808, data: "complectitur sea"...
10.942 Data accepted; writing to file
10.943 Assembling: source: 40387, dest: 53221, seq: 2815407978, ack: 136139, window: 5808, ACK
10.943 Sent: b'\x9d\xc3\xcf\xe5\xa7\xcf\xb7j\x00\x02\x13\xcbP\x10\x16\xb0\x00\x00\x00\x00'
10.945 Received: b'\xcf\xe5\x9d\xc3\x00\x02\x13\xcb\xa7\xcf\xb7jP\x00\x16\xb0\x00\x00\x00\x00tempor ex ius. E'...
10.946 Disassembled: source: 53221, dest: 40387, seq: 136139, ack: 2815407978, window: 5808, data: "tempor ex ius. E"...
10.946 Data accepted; writing to file
10.946 Assembling: source: 40387, dest: 53221, seq: 2815407978, ack: 136233, window: 5808, ACK
10.946 Failed to send packet
11.447 Sent: b'\x9d\xc3\xcf\xe5\xa7\xcf\xb7j\x00\x02\x14)P\x10\x16\xb0\x00\x00\x00\x00'
11.947 Sent: b'\x9d\xc3\xcf\xe5\xa7\xcf\xb7j\x00\x02\x14)P\x10\x16\xb0\x00\x00\x00\x00'
12.448 Sent: b'\x9d\xc3\xcf\xe5\xa7\xcf\xb7j\x00\x02\x14)P\x10\x16\xb0\x00\x00\x00\x00'
12.948 Failed to send packet
13.448 Error: Connection timed out
13.449 Closed connection
13.449 Shutting down
