0.000 NEW RUN: Server, TEST: Write_file__Empty
0.082 Received: b'\x1d\xf9\xc3Q\x00\x00\x00\x1a\x00\x00\x00\x00P\x02\x05\xa8\x00\x00\x00\x00'
0.083 Disassembled: source: 7673, dest: 50001, seq: 26, window: 1448, SYN
0.083 SYN accepted; new connection: 127.0.0.1 on port 7673
0.083 Assembling: source: 50001, dest: 7673, seq: 2734766683, ack: 27, window: 5808, ACK, SYN
0.084 Sent: b'\xc3Q\x1d\xf9\xa3\x01:[\x00\x00\x00\x1bP\x12\x16\xb0\x00\x00\x00\x00'
0.087 Received: b'\x1d\xf9\xc3Q\x00\x00\x00\x1b\xa3\x01:\\P\x10\x16\xb0\x00\x00\x00\x00'
0.087 Disassembled: source: 7673, dest: 50001, seq: 27, ack: 2734766684, window: 5808, ACK
0.088 Assembling: source: 50001, dest: 7673, seq: 2734766684, ack: 27, window: 5808, ACK
0.088 Sent: b'\xc3Q\x1d\xf9\xa3\x01:\\\x00\x00\x00\x1bP\x10\x16\xb0\x00\x00\x00\x00'
0.089 Received: b'\x1d\xf9\xc3Q\x00\x00\x00\x1b\xa3\x01:\\P\x10\x16\xb0\x00\x00\x00\x00'
0.090 Disassembled: source: 7673, dest: 50001, seq: 27, ack: 2734766684, window: 5808, ACK
0.090 Assembling: source: 50001, dest: 7673, seq: 2734766684, ack: 27, window: 5808, ACK
0.090 Sent: b'\xc3Q\x1d\xf9\xa3\x01:\\\x00\x00\x00\x1bP\x10\x16\xb0\x00\x00\x00\x00'
0.591 Sent: b'\xc3Q\x1d\xf9\xa3\x01:\\\x00\x00\x00\x1bP\x10\x16\xb0\x00\x00\x00\x00'
1.091 Sent: b'\xc3Q\x1d\xf9\xa3\x01:\\\x00\x00\x00\x1bP\x10\x16\xb0\x00\x00\x00\x00'
1.592 Sent: b'\xc3Q\x1d\xf9\xa3\x01:\\\x00\x00\x00\x1bP\x10\x16\xb0\x00\x00\x00\x00'
2.092 Sent: b'\xc3Q\x1d\xf9\xa3\x01:\\\x00\x00\x00\x1bP\x10\x16\xb0\x00\x00\x00\x00'
2.592 Error: Connection timed out
2.593 Closed connection
2.593 Shutting down
