0.000 NEW RUN: Server, TEST: Write_file__Latency
0.079 Received: b'\xce\xf0\x98}\x00\x00\x00*\x00\x00\x00\x00P\x02\x05\xa8\x00\x00\x00\x00'
0.080 Disassembled: source: 52976, dest: 39037, seq: 42, window: 1448, SYN
0.081 SYN accepted; new connection: 127.0.0.1 on port 52976
0.081 Assembling: source: 39037, dest: 52976, seq: 2876940139, ack: 43, window: 5808, ACK, SYN
0.081 Sent: b'\x98}\xce\xf0\xabz\x9fk\x00\x00\x00+P\x12\x16\xb0\x00\x00\x00\x00'
0.582 Sent: b'\x98}\xce\xf0\xabz\x9fk\x00\x00\x00+P\x12\x16\xb0\x00\x00\x00\x00'
1.083 Sent: b'\x98}\xce\xf0\xabz\x9fk\x00\x00\x00+P\x12\x16\xb0\x00\x00\x00\x00'
1.086 Received: b'\xce\xf0\x98}\x00\x00\x00+\xabz\x9flP\x10\x16\xb0\x00\x00\x00\x00'
1.086 Disassembled: source: 52976, dest: 39037, seq: 43, ack: 2876940140, window: 5808, ACK
1.087 Assembling: source: 39037, dest: 52976, seq: 2876940140, ack: 43, window: 5808, ACK
1.087 Sent: b'\x98}\xce\xf0\xabz\x9fl\x00\x00\x00+P\x10\x16\xb0\x00\x00\x00\x00'
1.088 Received: b'\xce\xf0\x98}\x00\x00\x00+\xabz\x9flP\x10\x16\xb0\x00\x00\x00\x00Lorem ipsum dolo'...
1.089 Disassembled: source: 52976, dest: 39037, seq: 43, ack: 2876940140, window: 5808, ACK, data: "Lorem ipsum dolo"...
1.089 Handshake complete
1.089 Data accepted; writing to file
1.089 Assembling: source: 39037, dest: 52976, seq: 2876940140, ack: 1491, window: 5808, ACK
1.090 Sent: b'\x98}\xce\xf0\xabz\x9fl\x00\x00\x05\xd3P\x10\x16\xb0\x00\x00\x00\x00'
1.586 Received: b'\xce\xf0\x98}\x00\x00\x00+\xabz\x9flP\x10\x16\xb0\x00\x00\x00\x00Lorem ipsum dolo'...
1.587 Disassembled: source: 52976, dest: 39037, seq: 43, ack: 2876940140, window: 5808, ACK, data: "Lorem ipsum dolo"...
1.587 Old data; ignoring
1.590 Sent: b'\x98}\xce\xf0\xabz\x9fl\x00\x00\x05\xd3P\x10\x16\xb0\x00\x00\x00\x00'
2.087 Received: b'\xce\xf0\x98}\x00\x00\x00+\xabz\x9flP\x10\x16\xb0\x00\x00\x00\x00Lorem ipsum dolo'...
2.087 Disassembled: source: 52976, dest: 39037, seq: 43, ack: 2876940140, window: 5808, ACK, data: "Lorem ipsum dolo"...
2.088 Old data; ignoring
2.091 Sent: b'\x98}\xce\xf0\xabz\x9fl\x00\x00\x05\xd3P\x10\x16\xb0\x00\x00\x00\x00'
2.092 Received: b'\xce\xf0\x98}\x00\x00\x00+\xabz\x9flP\x10\x16\xb0\x00\x00\x00\x00Lorem ipsum dolo'...
2.092 Disassembled: source: 52976, dest: 39037, seq: 43, ack: 2876940140, window: 5808, ACK, data: "Lorem ipsum dolo"...
2.093 Old data; ignoring
2.094 Received: b'\xce\xf0\x98}\x00\x00\x05\xd3\xabz\x9flP\x00\x16\xb0\x00\x00\x00\x00mprehensam nam, '...
2.094 Disassembled: source: 52976, dest: 39037, seq: 1491, ack: 2876940140, window: 5808, data: "mprehensam nam, "...
2.095 Data accepted; writing to file
2.095 Assembling: source: 39037, dest: 52976, seq: 2876940140, ack: 2939, window: 5808, ACK
2.095 Sent: b'\x98}\xce\xf0\xabz\x9fl\x00\x00\x0b{P\x10\x16\xb0\x00\x00\x00\x00'
2.595 Received: b'\xce\xf0\x98}\x00\x00\x05\xd3\xabz\x9flP\x00\x16\xb0\x00\x00\x00\x00mprehensam nam, '...
2.596 Disassembled: source: 52976, dest: 39037, seq: 1491, ack: 2876940140, window: 5808, data: "mprehensam nam, "...
2.596 Old data; ignoring
2.596 Sent: b'\x98}\xce\xf0\xabz\x9fl\x00\x00\x0b{P\x10\x16\xb0\x00\x00\x00\x00'
3.096 Received: b'\xce\xf0\x98}\x00\x00\x05\xd3\xabz\x9flP\x00\x16\xb0\x00\x00\x00\x00mprehensam nam, '...
3.096 Disassembled: source: 52976, dest: 39037, seq: 1491, ack: 2876940140, window: 5808, data: "mprehensam nam, "...
3.097 Old data; ignoring
3.097 Sent: b'\x98}\xce\xf0\xabz\x9fl\x00\x00\x0b{P\x10\x16\xb0\x00\x00\x00\x00'
3.100 Received: b'\xce\xf0\x98}\x00\x00\x0b{\xabz\x9flP\x00\x16\xb0\x00\x00\x00\x00ilisi repudiare '...
3.101 Disassembled: source: 52976, dest: 39037, seq: 2939, ack: 2876940140, window: 5808, data: "ilisi repudiare "...
3.101 Data accepted; writing to file
3.101 Assembling: source: 39037, dest: 52976, seq: 2876940140, ack: 3286, window: 5808, ACK
3.101 Sent: b'\x98}\xce\xf0\xabz\x9fl\x00\x00\x0c\xd6P\x10\x16\xb0\x00\x00\x00\x00'
3.600 Received: b'\xce\xf0\x98}\x00\x00\x0b{\xabz\x9flP\x00\x16\xb0\x00\x00\x00\x00ilisi repudiare '...
3.601 Disassembled: source: 52976, dest: 39037, seq: 2939, ack: 2876940140, window: 5808, data: "ilisi repudiare "...
3.601 Old data; ignoring
3.602 Sent: b'\x98}\xce\xf0\xabz\x9fl\x00\x00\x0c\xd6P\x10\x16\xb0\x00\x00\x00\x00'
4.101 Received: b'\xce\xf0\x98}\x00\x00\x0b{\xabz\x9flP\x00\x16\xb0\x00\x00\x00\x00ilisi repudiare '...
4.101 Disassembled: source: 52976, dest: 39037, seq: 2939, ack: 2876940140, window: 5808, data: "ilisi repudiare "...
4.102 Old data; ignoring
4.103 Sent: b'\x98}\xce\xf0\xabz\x9fl\x00\x00\x0c\xd6P\x10\x16\xb0\x00\x00\x00\x00'
4.603 Sent: b'\x98}\xce\xf0\xabz\x9fl\x00\x00\x0c\xd6P\x10\x16\xb0\x00\x00\x00\x00'
5.104 Sent: b'\x98}\xce\xf0\xabz\x9fl\x00\x00\x0c\xd6P\x10\x16\xb0\x00\x00\x00\x00'
5.605 Error: Connection timed out
5.605 Closed connection
6.104 Shutting down
