0.000 NEW RUN: Server, TEST: Read_file__Latency
0.217 Received: b'\xe2\x1bl\xae\x00\x00\x00*\x00\x00\x00\x00P\x02\x05\xa8\x00\x00\x00\x00'
0.217 Disassembled: source: 57883, dest: 27822, seq: 42, window: 1448, SYN
0.218 SYN accepted; new connection: 127.0.0.1 on port 57883
0.218 Assembling: source: 27822, dest: 57883, seq: 1775678421, ack: 43, window: 1448, ACK, SYN
0.218 Sent: b'l\xae\xe2\x1bi\xd6\xb3\xd5\x00\x00\x00+P\x12\x05\xa8\x00\x00\x00\x00'
0.718 Sent: b'l\xae\xe2\x1bi\xd6\xb3\xd5\x00\x00\x00+P\x12\x05\xa8\x00\x00\x00\x00'
1.219 Sent: b'l\xae\xe2\x1bi\xd6\xb3\xd5\x00\x00\x00+P\x12\x05\xa8\x00\x00\x00\x00'
1.223 Received: b'\xe2\x1bl\xae\x00\x00\x00+i\xd6\xb3\xd6P\x10\x05\xa8\x00\x00\x00\x00'
1.223 Disassembled: source: 57883, dest: 27822, seq: 43, ack: 1775678422, window: 1448, ACK
1.224 Handshake complete
1.224 Acknowledged seq: 1775678421
1.224 Assembling: source: 27822, dest: 57883, seq: 1775678422, ack: 44, window: 1448, data: "Lorem ipsum dolo"...
1.225 Sent: b'l\xae\xe2\x1bi\xd6\xb3\xd6\x00\x00\x00,P\x00\x05\xa8\x00\x00\x00\x00Lorem ipsum dolo'...
1.725 Sent: b'l\xae\xe2\x1bi\xd6\xb3\xd6\x00\x00\x00,P\x00\x05\xa8\x00\x00\x00\x00Lorem ipsum dolo'...
2.226 Sent: b'l\xae\xe2\x1bi\xd6\xb3\xd6\x00\x00\x00,P\x00\x05\xa8\x00\x00\x00\x00Lorem ipsum dolo'...
2.726 Sent: b'l\xae\xe2\x1bi\xd6\xb3\xd6\x00\x00\x00,P\x00\x05\xa8\x00\x00\x00\x00Lorem ipsum dolo'...
3.227 Sent: b'l\xae\xe2\x1bi\xd6\xb3\xd6\x00\x00\x00,P\x00\x05\xa8\x00\x00\x00\x00Lorem ipsum dolo'...
3.728 Sent: b'l\xae\xe2\x1bi\xd6\xb3\xd6\x00\x00\x00,P\x00\x05\xa8\x00\x00\x00\x00Lorem ipsum dolo'...
4.228 Error: Connection timed out
4.229 Closed connection
4.727 Shutting down
