0.000 NEW RUN: Server, TEST: Read_file__Small_multi-packet
0.208 Received: b"'\xde\xbdG\x00\x00\x00>\x00\x00\x00\x00P\x02\x05\xa8\x00\x00\x00\x00"
0.208 Disassembled: source: 10206, dest: 48455, seq: 62, window: 1448, SYN
0.209 SYN accepted; new connection: 127.0.0.1 on port 10206
0.209 Assembling: source: 48455, dest: 10206, seq: 1729807014, ack: 63, window: 1448, ACK, SYN
0.209 Sent: b"\xbdG'\xdeg\x1a\xc2\xa6\x00\x00\x00?P\x12\x05\xa8\x00\x00\x00\x00"
0.211 Received: b"'\xde\xbdG\x00\x00\x00?g\x1a\xc2\xa7P\x10\x05\xa8\x00\x00\x00\x00"
0.211 Disassembled: source: 10206, dest: 48455, seq: 63, ack: 1729807015, window: 1448, ACK
0.211 Handshake complete
0.211 Acknowledged seq: 1729807014
0.211 Assembling: source: 48455, dest: 10206, seq: 1729807015, ack: 64, window: 1448, data: "Lorem ipsum dolo"...
0.212 Sent: b"\xbdG'\xdeg\x1a\xc2\xa7\x00\x00\x00@P\x00\x05\xa8\x00\x00\x00\x00Lorem ipsum dolo"...
0.213 Received: b"'\xde\xbdG\x00\x00\x00?g\x1a\xc8OP\x10\x05\xa8\x00\x00\x00\x00"
0.213 Disassembled: source: 10206, dest: 48455, seq: 63, ack: 1729808463, window: 1448, ACK
0.213 Acknowledged seq: 1729807015
0.214 Assembling: source: 48455, dest: 10206, seq: 1729808463, ack: 64, window: 1448, data: "mprehensam nam, "...
0.214 Sent: b"\xbdG'\xdeg\x1a\xc8O\x00\x00\x00@P\x00\x05\xa8\x00\x00\x00\x00mprehensam nam, "...
0.215 Received: b"'\xde\xbdG\x00\x00\x00?g\x1a\xcd\xf7P\x10\x05\xa8\x00\x00\x00\x00"
0.216 Disassembled: source: 10206, dest: 48455, seq: 63, ack: 1729809911, window: 1448, ACK
0.216 Acknowledged seq: 1729808463
0.216 Finished reading file
0.216 Assembling: source: 48455, dest: 10206, seq: 1729809911, ack: 64, window: 1448, data: "ilisi repudiare "...
0.216 Sent: b"\xbdG'\xdeg\x1a\xcd\xf7\x00\x00\x00@P\x00\x05\xa8\x00\x00\x00\x00ilisi repudiare "...
0.218 Received: b"'\xde\xbdG\x00\x00\x00?g\x1a\xcfRP\x10\x05\xa8\x00\x00\x00\x00"
0.218 Disassembled: source: 10206, dest: 48455, seq: 63, ack: 1729810258, window: 1448, ACK
0.218 Acknowledged seq: 1729809911
0.218 Assembling: source: 48455, dest: 10206, seq: 1729810258, ack: 64, window: 1448, ACK, FIN
0.219 Sent: b"\xbdG'\xdeg\x1a\xcfR\x00\x00\x00@P\x11\x05\xa8\x00\x00\x00\x00"
0.220 Received: b"'\xde\xbdG\x00\x00\x00?g\x1a\xcfSP\x10\x05\xa8\x00\x00\x00\x00"
0.220 Disassembled: source: 10206, dest: 48455, seq: 63, ack: 1729810259, window: 1448, ACK
0.221 FIN accepted; sending final packet
0.221 Assembling: source: 48455, dest: 10206, seq: 1729810259, ack: 64, window: 1448, ACK
0.221 Sent: b"\xbdG'\xdeg\x1a\xcfS\x00\x00\x00@P\x10\x05\xa8\x00\x00\x00\x00"
0.221 Closed connection
0.221 Shutting down
