0.000 NEW RUN: Server, TEST: Write_file__Relaxed
0.216 Received: b'\xbaW\x85\x1b\x00\x00\x00\x13\x00\x00\x00\x00P\x02\x05\xa8\x00\x00\x00\x00'
0.217 Disassembled: source: 47703, dest: 34075, seq: 19, window: 1448, SYN
0.217 SYN accepted; new connection: 127.0.0.1 on port 47703
0.217 Assembling: source: 34075, dest: 47703, seq: 1726666465, ack: 20, window: 5808, ACK, SYN
0.218 Sent: b'\x85\x1b\xbaWf\xea\xd6\xe1\x00\x00\x00\x14P\x12\x16\xb0\x00\x00\x00\x00'
0.219 Received: b'\xbaW\x85\x1b\x00\x00\x00\x14f\xea\xd6\xe2P\x10\x16\xb0\x00\x00\x00\x00'
0.219 Disassembled: source: 47703, dest: 34075, seq: 20, ack: 1726666466, window: 5808, ACK
0.220 Assembling: source: 34075, dest: 47703, seq: 1726666466, ack: 20, window: 5808, ACK
0.220 Sent: b'\x85\x1b\xbaWf\xea\xd6\xe2\x00\x00\x00\x14P\x10\x16\xb0\x00\x00\x00\x00'
0.220 Received: b'\xbaW\x85\x1b\x00\x00\x00\x14f\xea\xd6\xe2P\x00\x16\xb0\x00\x00\x00\x00'
0.220 Disassembled: source: 47703, dest: 34075, seq: 20, ack: 1726666466, window: 5808
0.220 Error: Incorrect acknowledgement flag
0.720 Sent: b'\x85\x1b\xbaWf\xea\xd6\xe2\x00\x00\x00\x14P\x10\x16\xb0\x00\x00\x00\x00'
1.220 Sent: b'\x85\x1b\xbaWf\xea\xd6\xe2\x00\x00\x00\x14P\x10\x16\xb0\x00\x00\x00\x00'
1.721 Sent: b'\x85\x1b\xbaWf\xea\xd6\xe2\x00\x00\x00\x14P\x10\x16\xb0\x00\x00\x00\x00'
2.221 Sent: b'\x85\x1b\xbaWf\xea\xd6\xe2\x00\x00\x00\x14P\x10\x16\xb0\x00\x00\x00\x00'
2.722 Error: Connection timed out
2.722 Closed connection
2.728 Shutting down
