0.000 NEW RUN: Server, TEST: Write_file__Empty
0.206 Received: b'/=.\x06\x00\x00\x00\x15\x00\x00\x00\x00P\x02\x05\xa8\x00\x00\x00\x00'
0.207 Disassembled: source: 12093, dest: 11782, seq: 21, window: 1448, SYN
0.207 SYN accepted; new connection: 127.0.0.1 on port 12093
0.207 Assembling: source: 11782, dest: 12093, seq: 1731674211, ack: 22, window: 5808, ACK, SYN
0.207 Sent: b'.\x06/=g7@c\x00\x00\x00\x16P\x12\x16\xb0\x00\x00\x00\x00'
0.209 Received: b'/=.\x06\x00\x00\x00\x16g7@dP\x10\x16\xb0\x00\x00\x00\x00'
0.209 Disassembled: source: 12093, dest: 11782, seq: 22, ack: 1731674212, window: 5808, ACK
0.209 Assembling: source: 11782, dest: 12093, seq: 1731674212, ack: 22, window: 5808, ACK
0.210 Sent: b'.\x06/=g7@d\x00\x00\x00\x16P\x10\x16\xb0\x00\x00\x00\x00'
0.210 Received: b'/=.\x06\x00\x00\x00\x16g7@dP\x00\x16\xb0\x00\x00\x00\x00'
0.210 Disassembled: source: 12093, dest: 11782, seq: 22, ack: 1731674212, window: 5808
0.210 Error: Incorrect acknowledgement flag
0.710 Sent: b'.\x06/=g7@d\x00\x00\x00\x16P\x10\x16\xb0\x00\x00\x00\x00'
1.210 Sent: b'.\x06/=g7@d\x00\x00\x00\x16P\x10\x16\xb0\x00\x00\x00\x00'
1.711 Sent: b'.\x06/=g7@d\x00\x00\x00\x16P\x10\x16\xb0\x00\x00\x00\x00'
2.211 Sent: b'.\x06/=g7@d\x00\x00\x00\x16P\x10\x16\xb0\x00\x00\x00\x00'
2.712 Error: Connection timed out
2.712 Closed connection
2.713 Shutting down
