0.000 NEW RUN: Server, TEST: Read_file__Large_multi-packet
0.074 Received: b'\xb7smD\x00\x00\x00=\x00\x00\x00\x00P\x02\x05\xa8\x00\x00\x00\x00'
0.075 Disassembled: source: 46963, dest: 27972, seq: 61, window: 1448, SYN
0.076 SYN accepted; new connection: 127.0.0.1 on port 46963
0.076 Assembling: source: 27972, dest: 46963, seq: 2805472756, ack: 62, window: 1448, ACK, SYN
0.076 Sent: b'mD\xb7s\xa78\x1d\xf4\x00\x00\x00>P\x12\x05\xa8\x00\x00\x00\x00'
0.078 Received: b'\xb7smD\x00\x00\x00>\xa78\x1d\xf5P\x10\x05\xa8\x00\x00\x00\x00'
0.078 Disassembled: source: 46963, dest: 27972, seq: 62, ack: 2805472757, window: 1448, ACK
0.079 Handshake complete
0.079 Acknowledged seq: 2805472756
0.079 Assembling: source: 27972, dest: 46963, seq: 2805472757, ack: 63, window: 1448, data: "Lorem ipsum dolo"...
0.079 Sent: b'mD\xb7s\xa78\x1d\xf5\x00\x00\x00?P\x00\x05\xa8\x00\x00\x00\x00Lorem ipsum dolo'...
0.081 Received: b'\xb7smD\x00\x00\x00>\xa78#\x9dP\x10\x05\xa8\x00\x00\x00\x00'
0.082 Disassembled: source: 46963, dest: 27972, seq: 62, ack: 2805474205, window: 1448, ACK
0.082 Acknowledged seq: 2805472757
0.082 Assembling: source: 27972, dest: 46963, seq: 2805474205, ack: 63, window: 1448, data: "mprehensam nam, "...
0.083 Sent: b'mD\xb7s\xa78#\x9d\x00\x00\x00?P\x00\x05\xa8\x00\x00\x00\x00mprehensam nam, '...
0.084 Received: b'\xb7smD\x00\x00\x00>\xa78)EP\x10\x05\xa8\x00\x00\x00\x00'
0.085 Disassembled: source: 46963, dest: 27972, seq: 62, ack: 2805475653, window: 1448, ACK
0.085 Acknowledged seq: 2805474205
0.085 Assembling: source: 27972, dest: 46963, seq: 2805475653, ack: 63, window: 1448, data: "ilisi repudiare "...
0.086 Sent: b'mD\xb7s\xa78)E\x00\x00\x00?P\x00\x05\xa8\x00\x00\x00\x00ilisi repudiare '...
0.087 Received: b'\xb7smD\x00\x00\x00>\xa78.\xedP\x10\x05\xa8\x00\x00\x00\x00'
0.088 Disassembled: source: 46963, dest: 27972, seq: 62, ack: 2805477101, window: 1448, ACK
0.088 Acknowledged seq: 2805475653
0.088 Assembling: source: 27972, dest: 46963, seq: 2805477101, ack: 63, window: 1448, data: "ta.

Et essent s"...
0.089 Sent: b'mD\xb7s\xa78.\xed\x00\x00\x00?P\x00\x05\xa8\x00\x00\x00\x00ta.\n\nEt essent s'...
0.091 Received: b'\xb7smD\x00\x00\x00>\xa784\x95P\x10\x05\xa8\x00\x00\x00\x00'
0.091 Disassembled: source: 46963, dest: 27972, seq: 62, ack: 2805478549, window: 1448, ACK
0.091 Acknowledged seq: 2805477101
0.091 Assembling: source: 27972, dest: 46963, seq: 2805478549, ack: 63, window: 1448, data: " Nihil tractatos"...
0.092 Sent: b'mD\xb7s\xa784\x95\x00\x00\x00?P\x00\x05\xa8\x00\x00\x00\x00 Nihil tractatos'...
0.094 Received: b'\xb7smD\x00\x00\x00>\xa78:=P\x10\x05\xa8\x00\x00\x00\x00'
0.094 Disassembled: source: 46963, dest: 27972, seq: 62, ack: 2805479997, window: 1448, ACK
0.095 Acknowledged seq: 2805478549
0.095 Assembling: source: 27972, dest: 46963, seq: 2805479997, ack: 63, window: 1448, data: "fert iuvaret sap"...
0.095 Sent: b'mD\xb7s\xa78:=\x00\x00\x00?P\x00\x05\xa8\x00\x00\x00\x00fert iuvaret sap'...
0.097 Received: b'\xb7smD\x00\x00\x00>\xa78?\xe5P\x10\x05\xa8\x00\x00\x00\x00'
0.098 Disassembled: source: 46963, dest: 27972, seq: 62, ack: 2805481445, window: 1448, ACK
0.098 Acknowledged seq: 2805479997
0.098 Assembling: source: 27972, dest: 46963, seq: 2805481445, ack: 63, window: 1448, data: "ram adipiscing, "...
0.099 Sent: b'mD\xb7s\xa78?\xe5\x00\x00\x00?P\x00\x05\xa8\x00\x00\x00\x00ram adipiscing, '...
0.101 Received: b'\xb7smD\x00\x00\x00>\xa78E\x8dP\x10\x05\xa8\x00\x00\x00\x00'
0.101 Disassembled: source: 46963, dest: 27972, seq: 62, ack: 2805482893, window: 1448, ACK
0.102 Acknowledged seq: 2805481445
0.102 Assembling: source: 27972, dest: 46963, seq: 2805482893, ack: 63, window: 1448, data: "m veritus vivend"...
0.102 Sent: b'mD\xb7s\xa78E\x8d\x00\x00\x00?P\x00\x05\xa8\x00\x00\x00\x00m veritus vivend'...
0.104 Received: b'\xb7smD\x00\x00\x00>\xa78K5P\x10\x05\xa8\x00\x00\x00\x00'
0.105 Disassembled: source: 46963, dest: 27972, seq: 62, ack: 2805484341, window: 1448, ACK
0.105 Acknowledged seq: 2805482893
0.105 Assembling: source: 27972, dest: 46963, seq: 2805484341, ack: 63, window: 1448, data: " delenit, ignota"...
0.106 Sent: b'mD\xb7s\xa78K5\x00\x00\x00?P\x00\x05\xa8\x00\x00\x00\x00 delenit, ignota'...
0.108 Received: b'\xb7smD\x00\x00\x00>\xa78P\xddP\x10\x05\xa8\x00\x00\x00\x00'
0.108 Disassembled: source: 46963, dest: 27972, seq: 62, ack: 2805485789, window: 1448, ACK
0.108 Acknowledged seq: 2805484341
0.109 Assembling: source: 27972, dest: 46963, seq: 2805485789, ack: 63, window: 1448, data: "se explicari des"...
0.109 Sent: b'mD\xb7s\xa78P\xdd\x00\x00\x00?P\x00\x05\xa8\x00\x00\x00\x00se explicari des'...
0.111 Received: b'\xb7smD\x00\x00\x00>\xa78V\x85P\x10\x05\xa8\x00\x00\x00\x00'
0.111 Disassembled: source: 46963, dest: 27972, seq: 62, ack: 2805487237, window: 1448, ACK
0.112 Acknowledged seq: 2805485789
0.112 Assembling: source: 27972, dest: 46963, seq: 2805487237, ack: 63, window: 1448, data: "piscing, in modo"...
0.112 Sent: b'mD\xb7s\xa78V\x85\x00\x00\x00?P\x00\x05\xa8\x00\x00\x00\x00piscing, in modo'...
0.114 Received: b'\xb7smD\x00\x00\x00>\xa78\\-P\x10\x05\xa8\x00\x00\x00\x00'
0.115 Disassembled: source: 46963, dest: 27972, seq: 62, ack: 2805488685, window: 1448, ACK
0.115 Acknowledged seq: 2805487237
0.115 Assembling: source: 27972, dest: 46963, seq: 2805488685, ack: 63, window: 1448, data: "o copiosae tacim"...
0.116 Sent: b'mD\xb7s\xa78\\-\x00\x00\x00?P\x00\x05\xa8\x00\x00\x00\x00o copiosae tacim'...
0.117 Received: b'\xb7smD\x00\x00\x00>\xa78a\xd5P\x10\x05\xa8\x00\x00\x00\x00'
0.118 Disassembled: source: 46963, dest: 27972, seq: 62, ack: 2805490133, window: 1448, ACK
0.118 Acknowledged seq: 2805488685
0.118 Assembling: source: 27972, dest: 46963, seq: 2805490133, ack: 63, window: 1448, data: "am. Pri ne antio"...
0.119 Sent: b'mD\xb7s\xa78a\xd5\x00\x00\x00?P\x00\x05\xa8\x00\x00\x00\x00am. Pri ne antio'...
0.121 Received: b'\xb7smD\x00\x00\x00>\xa78g}P\x10\x05\xa8\x00\x00\x00\x00'
0.121 Disassembled: source: 46963, dest: 27972, seq: 62, ack: 2805491581, window: 1448, ACK
0.122 Acknowledged seq: 2805490133
0.122 Assembling: source: 27972, dest: 46963, seq: 2805491581, ack: 63, window: 1448, data: "to no. Elitr pos"...
0.122 Sent: b'mD\xb7s\xa78g}\x00\x00\x00?P\x00\x05\xa8\x00\x00\x00\x00to no. Elitr pos'...
0.124 Received: b'\xb7smD\x00\x00\x00>\xa78m%P\x10\x05\xa8\x00\x00\x00\x00'
0.125 Disassembled: source: 46963, dest: 27972, seq: 62, ack: 2805493029, window: 1448, ACK
0.125 Acknowledged seq: 2805491581
0.125 Assembling: source: 27972, dest: 46963, seq: 2805493029, ack: 63, window: 1448, data: "pretaris, sea ex"...
0.126 Sent: b'mD\xb7s\xa78m%\x00\x00\x00?P\x00\x05\xa8\x00\x00\x00\x00pretaris, sea ex'...
0.128 Received: b'\xb7smD\x00\x00\x00>\xa78r\xcdP\x10\x05\xa8\x00\x00\x00\x00'
0.128 Disassembled: source: 46963, dest: 27972, seq: 62, ack: 2805494477, window: 1448, ACK
0.128 Acknowledged seq: 2805493029
0.128 Assembling: source: 27972, dest: 46963, seq: 2805494477, ack: 63, window: 1448, data: "oporteat inimicu"...
0.129 Sent: b'mD\xb7s\xa78r\xcd\x00\x00\x00?P\x00\x05\xa8\x00\x00\x00\x00oporteat inimicu'...
0.131 Received: b'\xb7smD\x00\x00\x00>\xa78xuP\x10\x05\xa8\x00\x00\x00\x00'
0.131 Disassembled: source: 46963, dest: 27972, seq: 62, ack: 2805495925, window: 1448, ACK
0.131 Acknowledged seq: 2805494477
0.132 Assembling: source: 27972, dest: 46963, seq: 2805495925, ack: 63, window: 1448, data: "ligendi officiis"...
0.132 Sent: b'mD\xb7s\xa78xu\x00\x00\x00?P\x00\x05\xa8\x00\x00\x00\x00ligendi officiis'...
0.134 Received: b'\xb7smD\x00\x00\x00>\xa78~\x1dP\x10\x05\xa8\x00\x00\x00\x00'
0.135 Disassembled: source: 46963, dest: 27972, seq: 62, ack: 2805497373, window: 1448, ACK
0.135 Acknowledged seq: 2805495925
0.135 Assembling: source: 27972, dest: 46963, seq: 2805497373, ack: 63, window: 1448, data: "no vel regione i"...
0.136 Sent: b'mD\xb7s\xa78~\x1d\x00\x00\x00?P\x00\x05\xa8\x00\x00\x00\x00no vel regione i'...
0.137 Received: b'\xb7smD\x00\x00\x00>\xa78\x83\xc5P\x10\x05\xa8\x00\x00\x00\x00'
0.138 Disassembled: source: 46963, dest: 27972, seq: 62, ack: 2805498821, window: 1448, ACK
0.138 Acknowledged seq: 2805497373
0.138 Assembling: source: 27972, dest: 46963, seq: 2805498821, ack: 63, window: 1448, data: "ibus vis ex, pro"...
0.139 Sent: b'mD\xb7s\xa78\x83\xc5\x00\x00\x00?P\x00\x05\xa8\x00\x00\x00\x00ibus vis ex, pro'...
0.141 Received: b'\xb7smD\x00\x00\x00>\xa78\x89mP\x10\x05\xa8\x00\x00\x00\x00'
0.141 Disassembled: source: 46963, dest: 27972, seq: 62, ack: 2805500269, window: 1448, ACK
0.141 Acknowledged seq: 2805498821
0.142 Assembling: source: 27972, dest: 46963, seq: 2805500269, ack: 63, window: 1448, data: "o vix, mel ea li"...
0.142 Sent: b'mD\xb7s\xa78\x89m\x00\x00\x00?P\x00\x05\xa8\x00\x00\x00\x00o vix, mel ea li'...
0.144 Received: b'\xb7smD\x00\x00\x00>\xa78\x8f\x15P\x10\x05\xa8\x00\x00\x00\x00'
0.145 Disassembled: source: 46963, dest: 27972, seq: 62, ack: 2805501717, window: 1448, ACK
0.145 Acknowledged seq: 2805500269
0.145 Assembling: source: 27972, dest: 46963, seq: 2805501717, ack: 63, window: 1448, data: "d. Ex fugit suav"...
0.146 Sent: b'mD\xb7s\xa78\x8f\x15\x00\x00\x00?P\x00\x05\xa8\x00\x00\x00\x00d. Ex fugit suav'...
0.148 Received: b'\xb7smD\x00\x00\x00>\xa78\x94\xbdP\x10\x05\xa8\x00\x00\x00\x00'
0.148 Disassembled: source: 46963, dest: 27972, seq: 62, ack: 2805503165, window: 1448, ACK
0.148 Acknowledged seq: 2805501717
0.149 Assembling: source: 27972, dest: 46963, seq: 2805503165, ack: 63, window: 1448, data: "pertinax nec. De"...
0.149 Sent: b'mD\xb7s\xa78\x94\xbd\x00\x00\x00?P\x00\x05\xa8\x00\x00\x00\x00pertinax nec. De'...
0.151 Received: b'\xb7smD\x00\x00\x00>\xa78\x9aeP\x10\x05\xa8\x00\x00\x00\x00'
0.152 Disassembled: source: 46963, dest: 27972, seq: 62, ack: 2805504613, window: 1448, ACK
0.152 Acknowledged seq: 2805503165
0.152 Assembling: source: 27972, dest: 46963, seq: 2805504613, ack: 63, window: 1448, data: "lli primis praes"...
0.152 Sent: b'mD\xb7s\xa78\x9ae\x00\x00\x00?P\x00\x05\xa8\x00\x00\x00\x00lli primis praes'...
0.154 Received: b'\xb7smD\x00\x00\x00>\xa78\xa0\rP\x10\x05\xa8\x00\x00\x00\x00'
0.155 Disassembled: source: 46963, dest: 27972, seq: 62, ack: 2805506061, window: 1448, ACK
0.155 Acknowledged seq: 2805504613
0.155 Assembling: source: 27972, dest: 46963, seq: 2805506061, ack: 63, window: 1448, data: "m, percipit inte"...
0.156 Sent: b'mD\xb7s\xa78\xa0\r\x00\x00\x00?P\x00\x05\xa8\x00\x00\x00\x00m, percipit inte'...
0.158 Received: b'\xb7smD\x00\x00\x00>\xa78\xa5\xb5P\x10\x05\xa8\x00\x00\x00\x00'
0.158 Disassembled: source: 46963, dest: 27972, seq: 62, ack: 2805507509, window: 1448, ACK
0.158 Acknowledged seq: 2805506061
0.159 Assembling: source: 27972, dest: 46963, seq: 2805507509, ack: 63, window: 1448, data: "nani docendi pat"...
0.159 Sent: b'mD\xb7s\xa78\xa5\xb5\x00\x00\x00?P\x00\x05\xa8\x00\x00\x00\x00nani docendi pat'...
0.161 Received: b'\xb7smD\x00\x00\x00>\xa78\xab]P\x10\x05\xa8\x00\x00\x00\x00'
0.162 Disassembled: source: 46963, dest: 27972, seq: 62, ack: 2805508957, window: 1448, ACK
0.162 Acknowledged seq: 2805507509
0.162 Assembling: source: 27972, dest: 46963, seq: 2805508957, ack: 63, window: 1448, data: " vis decore poss"...
0.163 Sent: b'mD\xb7s\xa78\xab]\x00\x00\x00?P\x00\x05\xa8\x00\x00\x00\x00 vis decore poss'...
0.164 Received: b'\xb7smD\x00\x00\x00>\xa78\xb1\x05P\x10\x05\xa8\x00\x00\x00\x00'
0.165 Disassembled: source: 46963, dest: 27972, seq: 62, ack: 2805510405, window: 1448, ACK
0.165 Acknowledged seq: 2805508957
0.165 Assembling: source: 27972, dest: 46963, seq: 2805510405, ack: 63, window: 1448, data: "eam odio corpora"...
0.166 Sent: b'mD\xb7s\xa78\xb1\x05\x00\x00\x00?P\x00\x05\xa8\x00\x00\x00\x00eam odio corpora'...
0.168 Received: b'\xb7smD\x00\x00\x00>\xa78\xb6\xadP\x10\x05\xa8\x00\x00\x00\x00'
0.168 Disassembled: source: 46963, dest: 27972, seq: 62, ack: 2805511853, window: 1448, ACK
0.168 Acknowledged seq: 2805510405
0.169 Assembling: source: 27972, dest: 46963, seq: 2805511853, ack: 63, window: 1448, data: " est. Usu sanctu"...
0.169 Sent: b'mD\xb7s\xa78\xb6\xad\x00\x00\x00?P\x00\x05\xa8\x00\x00\x00\x00 est. Usu sanctu'...
0.171 Received: b'\xb7smD\x00\x00\x00>\xa78\xbcUP\x10\x05\xa8\x00\x00\x00\x00'
0.172 Disassembled: source: 46963, dest: 27972, seq: 62, ack: 2805513301, window: 1448, ACK
0.172 Acknowledged seq: 2805511853
0.172 Assembling: source: 27972, dest: 46963, seq: 2805513301, ack: 63, window: 1448, data: ".

Mei graeco ae"...
0.173 Sent: b'mD\xb7s\xa78\xbcU\x00\x00\x00?P\x00\x05\xa8\x00\x00\x00\x00.\n\nMei graeco ae'...
0.175 Received: b'\xb7smD\x00\x00\x00>\xa78\xc1\xfdP\x10\x05\xa8\x00\x00\x00\x00'
0.175 Disassembled: source: 46963, dest: 27972, seq: 62, ack: 2805514749, window: 1448, ACK
0.175 Acknowledged seq: 2805513301
0.176 Assembling: source: 27972, dest: 46963, seq: 2805514749, ack: 63, window: 1448, data: "et. Ne sea primi"...
0.176 Sent: b'mD\xb7s\xa78\xc1\xfd\x00\x00\x00?P\x00\x05\xa8\x00\x00\x00\x00et. Ne sea primi'...
0.178 Received: b'\xb7smD\x00\x00\x00>\xa78\xc7\xa5P\x10\x05\xa8\x00\x00\x00\x00'
0.178 Disassembled: source: 46963, dest: 27972, seq: 62, ack: 2805516197, window: 1448, ACK
0.179 Acknowledged seq: 2805514749
0.179 Assembling: source: 27972, dest: 46963, seq: 2805516197, ack: 63, window: 1448, data: "ittam convenire."...
0.179 Sent: b'mD\xb7s\xa78\xc7\xa5\x00\x00\x00?P\x00\x05\xa8\x00\x00\x00\x00ittam convenire.'...
0.181 Received: b'\xb7smD\x00\x00\x00>\xa78\xcdMP\x10\x05\xa8\x00\x00\x00\x00'
0.182 Disassembled: source: 46963, dest: 27972, seq: 62, ack: 2805517645, window: 1448, ACK
0.182 Acknowledged seq: 2805516197
0.182 Assembling: source: 27972, dest: 46963, seq: 2805517645, ack: 63, window: 1448, data: "ua et vis, id eu"...
0.183 Sent: b'mD\xb7s\xa78\xcdM\x00\x00\x00?P\x00\x05\xa8\x00\x00\x00\x00ua et vis, id eu'...
0.185 Received: b'\xb7smD\x00\x00\x00>\xa78\xd2\xf5P\x10\x05\xa8\x00\x00\x00\x00'
0.185 Disassembled: source: 46963, dest: 27972, seq: 62, ack: 2805519093, window: 1448, ACK
0.185 Acknowledged seq: 2805517645
0.186 Assembling: source: 27972, dest: 46963, seq: 2805519093, ack: 63, window: 1448, data: "r. Et velit appa"...
0.186 Sent: b'mD\xb7s\xa78\xd2\xf5\x00\x00\x00?P\x00\x05\xa8\x00\x00\x00\x00r. Et velit appa'...
0.188 Received: b'\xb7smD\x00\x00\x00>\xa78\xd8\x9dP\x10\x05\xa8\x00\x00\x00\x00'
0.188 Disassembled: source: 46963, dest: 27972, seq: 62, ack: 2805520541, window: 1448, ACK
0.189 Acknowledged seq: 2805519093
0.189 Assembling: source: 27972, dest: 46963, seq: 2805520541, ack: 63, window: 1448, data: " novum laudem, v"...
0.189 Sent: b'mD\xb7s\xa78\xd8\x9d\x00\x00\x00?P\x00\x05\xa8\x00\x00\x00\x00 novum laudem, v'...
0.191 Received: b'\xb7smD\x00\x00\x00>\xa78\xdeEP\x10\x05\xa8\x00\x00\x00\x00'
0.192 Disassembled: source: 46963, dest: 27972, seq: 62, ack: 2805521989, window: 1448, ACK
0.192 Acknowledged seq: 2805520541
0.192 Assembling: source: 27972, dest: 46963, seq: 2805521989, ack: 63, window: 1448, data: "luptatibus, cibo"...
0.193 Sent: b'mD\xb7s\xa78\xdeE\x00\x00\x00?P\x00\x05\xa8\x00\x00\x00\x00luptatibus, cibo'...
0.195 Received: b'\xb7smD\x00\x00\x00>\xa78\xe3\xedP\x10\x05\xa8\x00\x00\x00\x00'
0.195 Disassembled: source: 46963, dest: 27972, seq: 62, ack: 2805523437, window: 1448, ACK
0.195 Acknowledged seq: 2805521989
0.196 Assembling: source: 27972, dest: 46963, seq: 2805523437, ack: 63, window: 1448, data: "alii indoctum ma"...
0.196 Sent: b'mD\xb7s\xa78\xe3\xed\x00\x00\x00?P\x00\x05\xa8\x00\x00\x00\x00alii indoctum ma'...
0.198 Received: b'\xb7smD\x00\x00\x00>\xa78\xe9\x95P\x10\x05\xa8\x00\x00\x00\x00'
0.199 Disassembled: source: 46963, dest: 27972, seq: 62, ack: 2805524885, window: 1448, ACK
0.199 Acknowledged seq: 2805523437
0.199 Assembling: source: 27972, dest: 46963, seq: 2805524885, ack: 63, window: 1448, data: "im, his facete c"...
0.200 Sent: b'mD\xb7s\xa78\xe9\x95\x00\x00\x00?P\x00\x05\xa8\x00\x00\x00\x00im, his facete c'...
0.201 Received: b'\xb7smD\x00\x00\x00>\xa78\xef=P\x10\x05\xa8\x00\x00\x00\x00'
0.202 Disassembled: source: 46963, dest: 27972, seq: 62, ack: 2805526333, window: 1448, ACK
0.202 Acknowledged seq: 2805524885
0.202 Assembling: source: 27972, dest: 46963, seq: 2805526333, ack: 63, window: 1448, data: "e alia dolor com"...
0.203 Sent: b'mD\xb7s\xa78\xef=\x00\x00\x00?P\x00\x05\xa8\x00\x00\x00\x00e alia dolor com'...
0.205 Received: b'\xb7smD\x00\x00\x00>\xa78\xf4\xe5P\x10\x05\xa8\x00\x00\x00\x00'
0.205 Disassembled: source: 46963, dest: 27972, seq: 62, ack: 2805527781, window: 1448, ACK
0.205 Acknowledged seq: 2805526333
0.206 Assembling: source: 27972, dest: 46963, seq: 2805527781, ack: 63, window: 1448, data: "it ea, reque tem"...
0.206 Sent: b'mD\xb7s\xa78\xf4\xe5\x00\x00\x00?P\x00\x05\xa8\x00\x00\x00\x00it ea, reque tem'...
0.208 Received: b'\xb7smD\x00\x00\x00>\xa78\xfa\x8dP\x10\x05\xa8\x00\x00\x00\x00'
0.209 Disassembled: source: 46963, dest: 27972, seq: 62, ack: 2805529229, window: 1448, ACK
0.209 Acknowledged seq: 2805527781
0.209 Assembling: source: 27972, dest: 46963, seq: 2805529229, ack: 63, window: 1448, data: "alisque.

Equide"...
0.210 Sent: b'mD\xb7s\xa78\xfa\x8d\x00\x00\x00?P\x00\x05\xa8\x00\x00\x00\x00alisque.\n\nEquide'...
0.211 Received: b'\xb7smD\x00\x00\x00>\xa79\x005P\x10\x05\xa8\x00\x00\x00\x00'
0.212 Disassembled: source: 46963, dest: 27972, seq: 62, ack: 2805530677, window: 1448, ACK
0.212 Acknowledged seq: 2805529229
0.212 Assembling: source: 27972, dest: 46963, seq: 2805530677, ack: 63, window: 1448, data: "finitiones, affe"...
0.213 Sent: b'mD\xb7s\xa79\x005\x00\x00\x00?P\x00\x05\xa8\x00\x00\x00\x00finitiones, affe'...
0.215 Received: b'\xb7smD\x00\x00\x00>\xa79\x05\xddP\x10\x05\xa8\x00\x00\x00\x00'
0.215 Disassembled: source: 46963, dest: 27972, seq: 62, ack: 2805532125, window: 1448, ACK
0.216 Acknowledged seq: 2805530677
0.216 Assembling: source: 27972, dest: 46963, seq: 2805532125, ack: 63, window: 1448, data: "his duis graeco "...
0.216 Sent: b'mD\xb7s\xa79\x05\xdd\x00\x00\x00?P\x00\x05\xa8\x00\x00\x00\x00his duis graeco '...
0.218 Received: b'\xb7smD\x00\x00\x00>\xa79\x0b\x85P\x10\x05\xa8\x00\x00\x00\x00'
0.219 Disassembled: source: 46963, dest: 27972, seq: 62, ack: 2805533573, window: 1448, ACK
0.219 Acknowledged seq: 2805532125
0.219 Assembling: source: 27972, dest: 46963, seq: 2805533573, ack: 63, window: 1448, data: "am. Alia possit "...
0.220 Sent: b'mD\xb7s\xa79\x0b\x85\x00\x00\x00?P\x00\x05\xa8\x00\x00\x00\x00am. Alia possit '...
0.222 Received: b'\xb7smD\x00\x00\x00>\xa79\x11-P\x10\x05\xa8\x00\x00\x00\x00'
0.222 Disassembled: source: 46963, dest: 27972, seq: 62, ack: 2805535021, window: 1448, ACK
0.222 Acknowledged seq: 2805533573
0.223 Assembling: source: 27972, dest: 46963, seq: 2805535021, ack: 63, window: 1448, data: "cum an. Mei faci"...
0.223 Sent: b'mD\xb7s\xa79\x11-\x00\x00\x00?P\x00\x05\xa8\x00\x00\x00\x00cum an. Mei faci'...
0.225 Received: b'\xb7smD\x00\x00\x00>\xa79\x16\xd5P\x10\x05\xa8\x00\x00\x00\x00'
0.225 Disassembled: source: 46963, dest: 27972, seq: 62, ack: 2805536469, window: 1448, ACK
0.226 Acknowledged seq: 2805535021
0.226 Assembling: source: 27972, dest: 46963, seq: 2805536469, ack: 63, window: 1448, data: " vis adhuc tatio"...
0.226 Sent: b'mD\xb7s\xa79\x16\xd5\x00\x00\x00?P\x00\x05\xa8\x00\x00\x00\x00 vis adhuc tatio'...
0.228 Received: b'\xb7smD\x00\x00\x00>\xa79\x1c}P\x10\x05\xa8\x00\x00\x00\x00'
0.229 Disassembled: source: 46963, dest: 27972, seq: 62, ack: 2805537917, window: 1448, ACK
0.229 Acknowledged seq: 2805536469
0.229 Assembling: source: 27972, dest: 46963, seq: 2805537917, ack: 63, window: 1448, data: "im eu option iuv"...
0.230 Sent: b'mD\xb7s\xa79\x1c}\x00\x00\x00?P\x00\x05\xa8\x00\x00\x00\x00im eu option iuv'...
0.232 Received: b'\xb7smD\x00\x00\x00>\xa79"%P\x10\x05\xa8\x00\x00\x00\x00'
0.232 Disassembled: source: 46963, dest: 27972, seq: 62, ack: 2805539365, window: 1448, ACK
0.232 Acknowledged seq: 2805537917
0.233 Assembling: source: 27972, dest: 46963, seq: 2805539365, ack: 63, window: 1448, data: "ex epicurei taci"...
0.233 Sent: b'mD\xb7s\xa79"%\x00\x00\x00?P\x00\x05\xa8\x00\x00\x00\x00ex epicurei taci'...
0.235 Received: b"\xb7smD\x00\x00\x00>\xa79'\xcdP\x10\x05\xa8\x00\x00\x00\x00"
0.236 Disassembled: source: 46963, dest: 27972, seq: 62, ack: 2805540813, window: 1448, ACK
0.236 Acknowledged seq: 2805539365
0.236 Assembling: source: 27972, dest: 46963, seq: 2805540813, ack: 63, window: 1448, data: "ebat, eu pro ero"...
0.237 Sent: b"mD\xb7s\xa79'\xcd\x00\x00\x00?P\x00\x05\xa8\x00\x00\x00\x00ebat, eu pro ero"...
0.238 Received: b'\xb7smD\x00\x00\x00>\xa79-uP\x10\x05\xa8\x00\x00\x00\x00'
0.239 Disassembled: source: 46963, dest: 27972, seq: 62, ack: 2805542261, window: 1448, ACK
0.239 Acknowledged seq: 2805540813
0.239 Assembling: source: 27972, dest: 46963, seq: 2805542261, ack: 63, window: 1448, data: "s. Per no sale v"...
0.240 Sent: b'mD\xb7s\xa79-u\x00\x00\x00?P\x00\x05\xa8\x00\x00\x00\x00s. Per no sale v'...
0.242 Received: b'\xb7smD\x00\x00\x00>\xa793\x1dP\x10\x05\xa8\x00\x00\x00\x00'
0.242 Disassembled: source: 46963, dest: 27972, seq: 62, ack: 2805543709, window: 1448, ACK
0.243 Acknowledged seq: 2805542261
0.243 Assembling: source: 27972, dest: 46963, seq: 2805543709, ack: 63, window: 1448, data: "orrupte ea mel. "...
0.243 Sent: b'mD\xb7s\xa793\x1d\x00\x00\x00?P\x00\x05\xa8\x00\x00\x00\x00orrupte ea mel. '...
0.245 Received: b'\xb7smD\x00\x00\x00>\xa798\xc5P\x10\x05\xa8\x00\x00\x00\x00'
0.246 Disassembled: source: 46963, dest: 27972, seq: 62, ack: 2805545157, window: 1448, ACK
0.246 Acknowledged seq: 2805543709
0.246 Assembling: source: 27972, dest: 46963, seq: 2805545157, ack: 63, window: 1448, data: ". Est iracundia "...
0.247 Sent: b'mD\xb7s\xa798\xc5\x00\x00\x00?P\x00\x05\xa8\x00\x00\x00\x00. Est iracundia '...
0.249 Received: b'\xb7smD\x00\x00\x00>\xa79>mP\x10\x05\xa8\x00\x00\x00\x00'
0.249 Disassembled: source: 46963, dest: 27972, seq: 62, ack: 2805546605, window: 1448, ACK
0.249 Acknowledged seq: 2805545157
0.250 Assembling: source: 27972, dest: 46963, seq: 2805546605, ack: 63, window: 1448, data: "pta probatus scr"...
0.250 Sent: b'mD\xb7s\xa79>m\x00\x00\x00?P\x00\x05\xa8\x00\x00\x00\x00pta probatus scr'...
0.252 Received: b'\xb7smD\x00\x00\x00>\xa79D\x15P\x10\x05\xa8\x00\x00\x00\x00'
0.253 Disassembled: source: 46963, dest: 27972, seq: 62, ack: 2805548053, window: 1448, ACK
0.253 Acknowledged seq: 2805546605
0.253 Assembling: source: 27972, dest: 46963, seq: 2805548053, ack: 63, window: 1448, data: "entur ei, pro ei"...
0.254 Sent: b'mD\xb7s\xa79D\x15\x00\x00\x00?P\x00\x05\xa8\x00\x00\x00\x00entur ei, pro ei'...
0.255 Received: b'\xb7smD\x00\x00\x00>\xa79I\xbdP\x10\x05\xa8\x00\x00\x00\x00'
0.256 Disassembled: source: 46963, dest: 27972, seq: 62, ack: 2805549501, window: 1448, ACK
0.256 Acknowledged seq: 2805548053
0.256 Assembling: source: 27972, dest: 46963, seq: 2805549501, ack: 63, window: 1448, data: "simul euismod vi"...
0.257 Sent: b'mD\xb7s\xa79I\xbd\x00\x00\x00?P\x00\x05\xa8\x00\x00\x00\x00simul euismod vi'...
0.259 Received: b'\xb7smD\x00\x00\x00>\xa79OeP\x10\x05\xa8\x00\x00\x00\x00'
0.259 Disassembled: source: 46963, dest: 27972, seq: 62, ack: 2805550949, window: 1448, ACK
0.259 Acknowledged seq: 2805549501
0.260 Assembling: source: 27972, dest: 46963, seq: 2805550949, ack: 63, window: 1448, data: ", eam id iudico "...
0.260 Sent: b'mD\xb7s\xa79Oe\x00\x00\x00?P\x00\x05\xa8\x00\x00\x00\x00, eam id iudico '...
0.262 Received: b'\xb7smD\x00\x00\x00>\xa79U\rP\x10\x05\xa8\x00\x00\x00\x00'
0.263 Disassembled: source: 46963, dest: 27972, seq: 62, ack: 2805552397, window: 1448, ACK
0.263 Acknowledged seq: 2805550949
0.263 Assembling: source: 27972, dest: 46963, seq: 2805552397, ack: 63, window: 1448, data: "m vix. Ea est mu"...
0.264 Sent: b'mD\xb7s\xa79U\r\x00\x00\x00?P\x00\x05\xa8\x00\x00\x00\x00m vix. Ea est mu'...
0.266 Received: b'\xb7smD\x00\x00\x00>\xa79Z\xb5P\x10\x05\xa8\x00\x00\x00\x00'
0.266 Disassembled: source: 46963, dest: 27972, seq: 62, ack: 2805553845, window: 1448, ACK
0.266 Acknowledged seq: 2805552397
0.267 Assembling: source: 27972, dest: 46963, seq: 2805553845, ack: 63, window: 1448, data: "olor sit amet, e"...
0.267 Sent: b'mD\xb7s\xa79Z\xb5\x00\x00\x00?P\x00\x05\xa8\x00\x00\x00\x00olor sit amet, e'...
0.269 Received: b'\xb7smD\x00\x00\x00>\xa79`]P\x10\x05\xa8\x00\x00\x00\x00'
0.269 Disassembled: source: 46963, dest: 27972, seq: 62, ack: 2805555293, window: 1448, ACK
0.270 Acknowledged seq: 2805553845
0.270 Assembling: source: 27972, dest: 46963, seq: 2805555293, ack: 63, window: 1448, data: "m, aperiam iudic"...
0.270 Sent: b'mD\xb7s\xa79`]\x00\x00\x00?P\x00\x05\xa8\x00\x00\x00\x00m, aperiam iudic'...
0.272 Received: b'\xb7smD\x00\x00\x00>\xa79f\x05P\x10\x05\xa8\x00\x00\x00\x00'
0.273 Disassembled: source: 46963, dest: 27972, seq: 62, ack: 2805556741, window: 1448, ACK
0.273 Acknowledged seq: 2805555293
0.273 Assembling: source: 27972, dest: 46963, seq: 2805556741, ack: 63, window: 1448, data: "re sea. No eos d"...
0.274 Sent: b'mD\xb7s\xa79f\x05\x00\x00\x00?P\x00\x05\xa8\x00\x00\x00\x00re sea. No eos d'...
0.276 Received: b'\xb7smD\x00\x00\x00>\xa79k\xadP\x10\x05\xa8\x00\x00\x00\x00'
0.276 Disassembled: source: 46963, dest: 27972, seq: 62, ack: 2805558189, window: 1448, ACK
0.277 Acknowledged seq: 2805556741
0.277 Assembling: source: 27972, dest: 46963, seq: 2805558189, ack: 63, window: 1448, data: "t scripta philos"...
0.277 Sent: b'mD\xb7s\xa79k\xad\x00\x00\x00?P\x00\x05\xa8\x00\x00\x00\x00t scripta philos'...
0.279 Received: b'\xb7smD\x00\x00\x00>\xa79qUP\x10\x05\xa8\x00\x00\x00\x00'
0.280 Disassembled: source: 46963, dest: 27972, seq: 62, ack: 2805559637, window: 1448, ACK
0.280 Acknowledged seq: 2805558189
0.280 Assembling: source: 27972, dest: 46963, seq: 2805559637, ack: 63, window: 1448, data: "tos sadipscing e"...
0.281 Sent: b'mD\xb7s\xa79qU\x00\x00\x00?P\x00\x05\xa8\x00\x00\x00\x00tos sadipscing e'...
0.283 Received: b'\xb7smD\x00\x00\x00>\xa79v\xfdP\x10\x05\xa8\x00\x00\x00\x00'
0.283 Disassembled: source: 46963, dest: 27972, seq: 62, ack: 2805561085, window: 1448, ACK
0.283 Acknowledged seq: 2805559637
0.284 Assembling: source: 27972, dest: 46963, seq: 2805561085, ack: 63, window: 1448, data: "sapientem ea, ad"...
0.284 Sent: b'mD\xb7s\xa79v\xfd\x00\x00\x00?P\x00\x05\xa8\x00\x00\x00\x00sapientem ea, ad'...
0.286 Received: b'\xb7smD\x00\x00\x00>\xa79|\xa5P\x10\x05\xa8\x00\x00\x00\x00'
0.286 Disassembled: source: 46963, dest: 27972, seq: 62, ack: 2805562533, window: 1448, ACK
0.287 Acknowledged seq: 2805561085
0.287 Assembling: source: 27972, dest: 46963, seq: 2805562533, ack: 63, window: 1448, data: "g, ei invenire p"...
0.287 Sent: b'mD\xb7s\xa79|\xa5\x00\x00\x00?P\x00\x05\xa8\x00\x00\x00\x00g, ei invenire p'...
0.289 Received: b'\xb7smD\x00\x00\x00>\xa79\x82MP\x10\x05\xa8\x00\x00\x00\x00'
0.290 Disassembled: source: 46963, dest: 27972, seq: 62, ack: 2805563981, window: 1448, ACK
0.290 Acknowledged seq: 2805562533
0.290 Assembling: source: 27972, dest: 46963, seq: 2805563981, ack: 63, window: 1448, data: "endo at. Qui id "...
0.291 Sent: b'mD\xb7s\xa79\x82M\x00\x00\x00?P\x00\x05\xa8\x00\x00\x00\x00endo at. Qui id '...
0.293 Received: b'\xb7smD\x00\x00\x00>\xa79\x87\xf5P\x10\x05\xa8\x00\x00\x00\x00'
0.293 Disassembled: source: 46963, dest: 27972, seq: 62, ack: 2805565429, window: 1448, ACK
0.293 Acknowledged seq: 2805563981
0.294 Assembling: source: 27972, dest: 46963, seq: 2805565429, ack: 63, window: 1448, data: "ota nostrum et p"...
0.294 Sent: b'mD\xb7s\xa79\x87\xf5\x00\x00\x00?P\x00\x05\xa8\x00\x00\x00\x00ota nostrum et p'...
0.296 Received: b'\xb7smD\x00\x00\x00>\xa79\x8d\x9dP\x10\x05\xa8\x00\x00\x00\x00'
0.296 Disassembled: source: 46963, dest: 27972, seq: 62, ack: 2805566877, window: 1448, ACK
0.297 Acknowledged seq: 2805565429
0.297 Assembling: source: 27972, dest: 46963, seq: 2805566877, ack: 63, window: 1448, data: "deseruisse id. P"...
0.297 Sent: b'mD\xb7s\xa79\x8d\x9d\x00\x00\x00?P\x00\x05\xa8\x00\x00\x00\x00deseruisse id. P'...
0.299 Received: b'\xb7smD\x00\x00\x00>\xa79\x93EP\x10\x05\xa8\x00\x00\x00\x00'
0.300 Disassembled: source: 46963, dest: 27972, seq: 62, ack: 2805568325, window: 1448, ACK
0.300 Acknowledged seq: 2805566877
0.300 Assembling: source: 27972, dest: 46963, seq: 2805568325, ack: 63, window: 1448, data: "odo munere imper"...
0.301 Sent: b'mD\xb7s\xa79\x93E\x00\x00\x00?P\x00\x05\xa8\x00\x00\x00\x00odo munere imper'...
0.303 Received: b'\xb7smD\x00\x00\x00>\xa79\x98\xedP\x10\x05\xa8\x00\x00\x00\x00'
0.303 Disassembled: source: 46963, dest: 27972, seq: 62, ack: 2805569773, window: 1448, ACK
0.303 Acknowledged seq: 2805568325
0.304 Assembling: source: 27972, dest: 46963, seq: 2805569773, ack: 63, window: 1448, data: "cimates cum, tib"...
0.304 Sent: b'mD\xb7s\xa79\x98\xed\x00\x00\x00?P\x00\x05\xa8\x00\x00\x00\x00cimates cum, tib'...
0.306 Received: b'\xb7smD\x00\x00\x00>\xa79\x9e\x95P\x10\x05\xa8\x00\x00\x00\x00'
0.307 Disassembled: source: 46963, dest: 27972, seq: 62, ack: 2805571221, window: 1448, ACK
0.307 Acknowledged seq: 2805569773
0.307 Assembling: source: 27972, dest: 46963, seq: 2805571221, ack: 63, window: 1448, data: "tiopam molestiae"...
0.308 Sent: b'mD\xb7s\xa79\x9e\x95\x00\x00\x00?P\x00\x05\xa8\x00\x00\x00\x00tiopam molestiae'...
0.310 Received: b'\xb7smD\x00\x00\x00>\xa79\xa4=P\x10\x05\xa8\x00\x00\x00\x00'
0.310 Disassembled: source: 46963, dest: 27972, seq: 62, ack: 2805572669, window: 1448, ACK
0.310 Acknowledged seq: 2805571221
0.311 Assembling: source: 27972, dest: 46963, seq: 2805572669, ack: 63, window: 1448, data: "possim qui no, v"...
0.311 Sent: b'mD\xb7s\xa79\xa4=\x00\x00\x00?P\x00\x05\xa8\x00\x00\x00\x00possim qui no, v'...
0.313 Received: b'\xb7smD\x00\x00\x00>\xa79\xa9\xe5P\x10\x05\xa8\x00\x00\x00\x00'
0.313 Disassembled: source: 46963, dest: 27972, seq: 62, ack: 2805574117, window: 1448, ACK
0.314 Acknowledged seq: 2805572669
0.314 Assembling: source: 27972, dest: 46963, seq: 2805574117, ack: 63, window: 1448, data: " ex utinam parti"...
0.314 Sent: b'mD\xb7s\xa79\xa9\xe5\x00\x00\x00?P\x00\x05\xa8\x00\x00\x00\x00 ex utinam parti'...
0.316 Received: b'\xb7smD\x00\x00\x00>\xa79\xaf\x8dP\x10\x05\xa8\x00\x00\x00\x00'
0.317 Disassembled: source: 46963, dest: 27972, seq: 62, ack: 2805575565, window: 1448, ACK
0.317 Acknowledged seq: 2805574117
0.317 Assembling: source: 27972, dest: 46963, seq: 2805575565, ack: 63, window: 1448, data: "icus in his. Pri"...
0.318 Sent: b'mD\xb7s\xa79\xaf\x8d\x00\x00\x00?P\x00\x05\xa8\x00\x00\x00\x00icus in his. Pri'...
0.320 Received: b'\xb7smD\x00\x00\x00>\xa79\xb55P\x10\x05\xa8\x00\x00\x00\x00'
0.320 Disassembled: source: 46963, dest: 27972, seq: 62, ack: 2805577013, window: 1448, ACK
0.320 Acknowledged seq: 2805575565
0.321 Assembling: source: 27972, dest: 46963, seq: 2805577013, ack: 63, window: 1448, data: "iis et.

Ius cu "...
0.321 Sent: b'mD\xb7s\xa79\xb55\x00\x00\x00?P\x00\x05\xa8\x00\x00\x00\x00iis et.\n\nIus cu '...
0.323 Received: b'\xb7smD\x00\x00\x00>\xa79\xba\xddP\x10\x05\xa8\x00\x00\x00\x00'
0.323 Disassembled: source: 46963, dest: 27972, seq: 62, ack: 2805578461, window: 1448, ACK
0.324 Acknowledged seq: 2805577013
0.324 Assembling: source: 27972, dest: 46963, seq: 2805578461, ack: 63, window: 1448, data: "e interesset.

T"...
0.324 Sent: b'mD\xb7s\xa79\xba\xdd\x00\x00\x00?P\x00\x05\xa8\x00\x00\x00\x00e interesset.\n\nT'...
0.326 Received: b'\xb7smD\x00\x00\x00>\xa79\xc0\x85P\x10\x05\xa8\x00\x00\x00\x00'
0.327 Disassembled: source: 46963, dest: 27972, seq: 62, ack: 2805579909, window: 1448, ACK
0.327 Acknowledged seq: 2805578461
0.327 Assembling: source: 27972, dest: 46963, seq: 2805579909, ack: 63, window: 1448, data: "pro alia volutpa"...
0.328 Sent: b'mD\xb7s\xa79\xc0\x85\x00\x00\x00?P\x00\x05\xa8\x00\x00\x00\x00pro alia volutpa'...
0.330 Received: b'\xb7smD\x00\x00\x00>\xa79\xc6-P\x10\x05\xa8\x00\x00\x00\x00'
0.330 Disassembled: source: 46963, dest: 27972, seq: 62, ack: 2805581357, window: 1448, ACK
0.330 Acknowledged seq: 2805579909
0.331 Assembling: source: 27972, dest: 46963, seq: 2805581357, ack: 63, window: 1448, data: " libris equidem "...
0.331 Sent: b'mD\xb7s\xa79\xc6-\x00\x00\x00?P\x00\x05\xa8\x00\x00\x00\x00 libris equidem '...
0.333 Received: b'\xb7smD\x00\x00\x00>\xa79\xcb\xd5P\x10\x05\xa8\x00\x00\x00\x00'
0.333 Disassembled: source: 46963, dest: 27972, seq: 62, ack: 2805582805, window: 1448, ACK
0.334 Acknowledged seq: 2805581357
0.334 Assembling: source: 27972, dest: 46963, seq: 2805582805, ack: 63, window: 1448, data: "uavitate volupta"...
0.334 Sent: b'mD\xb7s\xa79\xcb\xd5\x00\x00\x00?P\x00\x05\xa8\x00\x00\x00\x00uavitate volupta'...
0.336 Received: b'\xb7smD\x00\x00\x00>\xa79\xd1}P\x10\x05\xa8\x00\x00\x00\x00'
0.337 Disassembled: source: 46963, dest: 27972, seq: 62, ack: 2805584253, window: 1448, ACK
0.337 Acknowledged seq: 2805582805
0.337 Assembling: source: 27972, dest: 46963, seq: 2805584253, ack: 63, window: 1448, data: " Detraxit defini"...
0.338 Sent: b'mD\xb7s\xa79\xd1}\x00\x00\x00?P\x00\x05\xa8\x00\x00\x00\x00 Detraxit defini'...
0.340 Received: b'\xb7smD\x00\x00\x00>\xa79\xd7%P\x10\x05\xa8\x00\x00\x00\x00'
0.340 Disassembled: source: 46963, dest: 27972, seq: 62, ack: 2805585701, window: 1448, ACK
0.340 Acknowledged seq: 2805584253
0.341 Assembling: source: 27972, dest: 46963, seq: 2805585701, ack: 63, window: 1448, data: "aesent mei. Quo "...
0.341 Sent: b'mD\xb7s\xa79\xd7%\x00\x00\x00?P\x00\x05\xa8\x00\x00\x00\x00aesent mei. Quo '...
0.343 Received: b'\xb7smD\x00\x00\x00>\xa79\xdc\xcdP\x10\x05\xa8\x00\x00\x00\x00'
0.344 Disassembled: source: 46963, dest: 27972, seq: 62, ack: 2805587149, window: 1448, ACK
0.344 Acknowledged seq: 2805585701
0.344 Assembling: source: 27972, dest: 46963, seq: 2805587149, ack: 63, window: 1448, data: "nterpretaris no "...
0.345 Sent: b'mD\xb7s\xa79\xdc\xcd\x00\x00\x00?P\x00\x05\xa8\x00\x00\x00\x00nterpretaris no '...
0.347 Received: b'\xb7smD\x00\x00\x00>\xa79\xe2uP\x10\x05\xa8\x00\x00\x00\x00'
0.347 Disassembled: source: 46963, dest: 27972, seq: 62, ack: 2805588597, window: 1448, ACK
0.347 Acknowledged seq: 2805587149
0.347 Assembling: source: 27972, dest: 46963, seq: 2805588597, ack: 63, window: 1448, data: "patrioque has. I"...
0.348 Sent: b'mD\xb7s\xa79\xe2u\x00\x00\x00?P\x00\x05\xa8\x00\x00\x00\x00patrioque has. I'...
0.350 Received: b'\xb7smD\x00\x00\x00>\xa79\xe8\x1dP\x10\x05\xa8\x00\x00\x00\x00'
0.350 Disassembled: source: 46963, dest: 27972, seq: 62, ack: 2805590045, window: 1448, ACK
0.351 Acknowledged seq: 2805588597
0.351 Assembling: source: 27972, dest: 46963, seq: 2805590045, ack: 63, window: 1448, data: "ossit repudianda"...
0.351 Sent: b'mD\xb7s\xa79\xe8\x1d\x00\x00\x00?P\x00\x05\xa8\x00\x00\x00\x00ossit repudianda'...
0.353 Received: b'\xb7smD\x00\x00\x00>\xa79\xed\xc5P\x10\x05\xa8\x00\x00\x00\x00'
0.354 Disassembled: source: 46963, dest: 27972, seq: 62, ack: 2805591493, window: 1448, ACK
0.354 Acknowledged seq: 2805590045
0.354 Assembling: source: 27972, dest: 46963, seq: 2805591493, ack: 63, window: 1448, data: "ora consequuntur"...
0.355 Sent: b'mD\xb7s\xa79\xed\xc5\x00\x00\x00?P\x00\x05\xa8\x00\x00\x00\x00ora consequuntur'...
0.357 Received: b'\xb7smD\x00\x00\x00>\xa79\xf3mP\x10\x05\xa8\x00\x00\x00\x00'
0.357 Disassembled: source: 46963, dest: 27972, seq: 62, ack: 2805592941, window: 1448, ACK
0.357 Acknowledged seq: 2805591493
0.358 Assembling: source: 27972, dest: 46963, seq: 2805592941, ack: 63, window: 1448, data: "ctus conceptam a"...
0.358 Sent: b'mD\xb7s\xa79\xf3m\x00\x00\x00?P\x00\x05\xa8\x00\x00\x00\x00ctus conceptam a'...
0.360 Received: b'\xb7smD\x00\x00\x00>\xa79\xf9\x15P\x10\x05\xa8\x00\x00\x00\x00'
0.360 Disassembled: source: 46963, dest: 27972, seq: 62, ack: 2805594389, window: 1448, ACK
0.361 Acknowledged seq: 2805592941
0.361 Assembling: source: 27972, dest: 46963, seq: 2805594389, ack: 63, window: 1448, data: " aeterno te, ne "...
0.361 Sent: b'mD\xb7s\xa79\xf9\x15\x00\x00\x00?P\x00\x05\xa8\x00\x00\x00\x00 aeterno te, ne '...
0.363 Received: b'\xb7smD\x00\x00\x00>\xa79\xfe\xbdP\x10\x05\xa8\x00\x00\x00\x00'
0.364 Disassembled: source: 46963, dest: 27972, seq: 62, ack: 2805595837, window: 1448, ACK
0.364 Acknowledged seq: 2805594389
0.364 Assembling: source: 27972, dest: 46963, seq: 2805595837, ack: 63, window: 1448, data: "imis oporteat di"...
0.365 Sent: b'mD\xb7s\xa79\xfe\xbd\x00\x00\x00?P\x00\x05\xa8\x00\x00\x00\x00imis oporteat di'...
0.367 Received: b'\xb7smD\x00\x00\x00>\xa7:\x04eP\x10\x05\xa8\x00\x00\x00\x00'
0.367 Disassembled: source: 46963, dest: 27972, seq: 62, ack: 2805597285, window: 1448, ACK
0.367 Acknowledged seq: 2805595837
0.368 Assembling: source: 27972, dest: 46963, seq: 2805597285, ack: 63, window: 1448, data: "re. Has virtute "...
0.368 Sent: b'mD\xb7s\xa7:\x04e\x00\x00\x00?P\x00\x05\xa8\x00\x00\x00\x00re. Has virtute '...
0.370 Received: b'\xb7smD\x00\x00\x00>\xa7:\n\rP\x10\x05\xa8\x00\x00\x00\x00'
0.370 Disassembled: source: 46963, dest: 27972, seq: 62, ack: 2805598733, window: 1448, ACK
0.371 Acknowledged seq: 2805597285
0.371 Assembling: source: 27972, dest: 46963, seq: 2805598733, ack: 63, window: 1448, data: " eum ancillae no"...
0.371 Sent: b'mD\xb7s\xa7:\n\r\x00\x00\x00?P\x00\x05\xa8\x00\x00\x00\x00 eum ancillae no'...
0.373 Received: b'\xb7smD\x00\x00\x00>\xa7:\x0f\xb5P\x10\x05\xa8\x00\x00\x00\x00'
0.374 Disassembled: source: 46963, dest: 27972, seq: 62, ack: 2805600181, window: 1448, ACK
0.374 Acknowledged seq: 2805598733
0.374 Assembling: source: 27972, dest: 46963, seq: 2805600181, ack: 63, window: 1448, data: "ppareat ius. At "...
0.375 Sent: b'mD\xb7s\xa7:\x0f\xb5\x00\x00\x00?P\x00\x05\xa8\x00\x00\x00\x00ppareat ius. At '...
0.377 Received: b'\xb7smD\x00\x00\x00>\xa7:\x15]P\x10\x05\xa8\x00\x00\x00\x00'
0.377 Disassembled: source: 46963, dest: 27972, seq: 62, ack: 2805601629, window: 1448, ACK
0.377 Acknowledged seq: 2805600181
0.378 Assembling: source: 27972, dest: 46963, seq: 2805601629, ack: 63, window: 1448, data: ", vero appellant"...
0.378 Sent: b'mD\xb7s\xa7:\x15]\x00\x00\x00?P\x00\x05\xa8\x00\x00\x00\x00, vero appellant'...
0.380 Received: b'\xb7smD\x00\x00\x00>\xa7:\x1b\x05P\x10\x05\xa8\x00\x00\x00\x00'
0.381 Disassembled: source: 46963, dest: 27972, seq: 62, ack: 2805603077, window: 1448, ACK
0.381 Acknowledged seq: 2805601629
0.381 Assembling: source: 27972, dest: 46963, seq: 2805603077, ack: 63, window: 1448, data: "ibo quando copio"...
0.382 Sent: b'mD\xb7s\xa7:\x1b\x05\x00\x00\x00?P\x00\x05\xa8\x00\x00\x00\x00ibo quando copio'...
0.383 Received: b'\xb7smD\x00\x00\x00>\xa7: \xadP\x10\x05\xa8\x00\x00\x00\x00'
0.384 Disassembled: source: 46963, dest: 27972, seq: 62, ack: 2805604525, window: 1448, ACK
0.384 Acknowledged seq: 2805603077
0.384 Assembling: source: 27972, dest: 46963, seq: 2805604525, ack: 63, window: 1448, data: " maluisset. Sit "...
0.385 Sent: b'mD\xb7s\xa7: \xad\x00\x00\x00?P\x00\x05\xa8\x00\x00\x00\x00 maluisset. Sit '...
0.387 Received: b'\xb7smD\x00\x00\x00>\xa7:&UP\x10\x05\xa8\x00\x00\x00\x00'
0.387 Disassembled: source: 46963, dest: 27972, seq: 62, ack: 2805605973, window: 1448, ACK
0.387 Acknowledged seq: 2805604525
0.388 Assembling: source: 27972, dest: 46963, seq: 2805605973, ack: 63, window: 1448, data: "e ceteros albuci"...
0.388 Sent: b'mD\xb7s\xa7:&U\x00\x00\x00?P\x00\x05\xa8\x00\x00\x00\x00e ceteros albuci'...
0.390 Received: b'\xb7smD\x00\x00\x00>\xa7:+\xfdP\x10\x05\xa8\x00\x00\x00\x00'
0.391 Disassembled: source: 46963, dest: 27972, seq: 62, ack: 2805607421, window: 1448, ACK
0.391 Acknowledged seq: 2805605973
0.391 Assembling: source: 27972, dest: 46963, seq: 2805607421, ack: 63, window: 1448, data: "complectitur sea"...
0.392 Sent: b'mD\xb7s\xa7:+\xfd\x00\x00\x00?P\x00\x05\xa8\x00\x00\x00\x00complectitur sea'...
0.393 Received: b'\xb7smD\x00\x00\x00>\xa7:1\xa5P\x10\x05\xa8\x00\x00\x00\x00'
0.394 Disassembled: source: 46963, dest: 27972, seq: 62, ack: 2805608869, window: 1448, ACK
0.394 Acknowledged seq: 2805607421
0.394 Finished reading file
0.395 Assembling: source: 27972, dest: 46963, seq: 2805608869, ack: 63, window: 1448, data: "tempor ex ius. E"...
0.395 Sent: b'mD\xb7s\xa7:1\xa5\x00\x00\x00?P\x00\x05\xa8\x00\x00\x00\x00tempor ex ius. E'...
0.397 Received: b'\xb7smD\x00\x00\x00>\xa7:2\x03P\x10\x05\xa8\x00\x00\x00\x00'
0.397 Disassembled: source: 46963, dest: 27972, seq: 62, ack: 2805608963, window: 1448, ACK
0.398 Acknowledged seq: 2805608869
0.398 Assembling: source: 27972, dest: 46963, seq: 2805608963, ack: 63, window: 1448, ACK, FIN
0.398 Sent: b'mD\xb7s\xa7:2\x03\x00\x00\x00?P\x11\x05\xa8\x00\x00\x00\x00'
0.400 Received: b'\xb7smD\x00\x00\x00>\xa7:2\x04P\x10\x05\xa8\x00\x00\x00\x00'
0.401 Disassembled: source: 46963, dest: 27972, seq: 62, ack: 2805608964, window: 1448, ACK
0.401 FIN accepted; sending final packet
0.401 Assembling: source: 27972, dest: 46963, seq: 2805608964, ack: 63, window: 1448, ACK
0.401 Sent: b'mD\xb7s\xa7:2\x04\x00\x00\x00?P\x10\x05\xa8\x00\x00\x00\x00'
0.401 Closed connection
0.402 Shutting down
