0.000 NEW RUN: Server, TEST: Read_file__Random_drops
0.078 Received: b'{\xcf\x86\x11\x00\x00\x00=\x00\x00\x00\x00P\x02\x05\xa8\x00\x00\x00\x00'
0.079 Disassembled: source: 31695, dest: 34321, seq: 61, window: 1448, SYN
0.079 SYN accepted; new connection: 127.0.0.1 on port 31695
0.080 Assembling: source: 34321, dest: 31695, seq: 2810879308, ack: 62, window: 1448, ACK, SYN
0.080 Sent: b'\x86\x11{\xcf\xa7\x8a\x9dL\x00\x00\x00>P\x12\x05\xa8\x00\x00\x00\x00'
0.082 Received: b'{\xcf\x86\x11\x00\x00\x00>\xa7\x8a\x9dMP\x10\x05\xa8\x00\x00\x00\x00'
0.082 Disassembled: source: 31695, dest: 34321, seq: 62, ack: 2810879309, window: 1448, ACK
0.083 Handshake complete
0.083 Acknowledged seq: 2810879308
0.083 Assembling: source: 34321, dest: 31695, seq: 2810879309, ack: 63, window: 1448, data: "Lorem ipsum dolo"...
0.083 Sent: b'\x86\x11{\xcf\xa7\x8a\x9dM\x00\x00\x00?P\x00\x05\xa8\x00\x00\x00\x00Lorem ipsum dolo'...
0.085 Received: b'{\xcf\x86\x11\x00\x00\x00>\xa7\x8a\xa2\xf5P\x10\x05\xa8\x00\x00\x00\x00'
0.086 Disassembled: source: 31695, dest: 34321, seq: 62, ack: 2810880757, window: 1448, ACK
0.086 Acknowledged seq: 2810879309
0.086 Assembling: source: 34321, dest: 31695, seq: 2810880757, ack: 63, window: 1448, data: "mprehensam nam, "...
0.087 Sent: b'\x86\x11{\xcf\xa7\x8a\xa2\xf5\x00\x00\x00?P\x00\x05\xa8\x00\x00\x00\x00mprehensam nam, '...
0.088 Received: b'{\xcf\x86\x11\x00\x00\x00>\xa7\x8a\xa8\x9dP\x10\x05\xa8\x00\x00\x00\x00'
0.089 Disassembled: source: 31695, dest: 34321, seq: 62, ack: 2810882205, window: 1448, ACK
0.089 Acknowledged seq: 2810880757
0.089 Assembling: source: 34321, dest: 31695, seq: 2810882205, ack: 63, window: 1448, data: "ilisi repudiare "...
0.090 Sent: b'\x86\x11{\xcf\xa7\x8a\xa8\x9d\x00\x00\x00?P\x00\x05\xa8\x00\x00\x00\x00ilisi repudiare '...
0.092 Received: b'{\xcf\x86\x11\x00\x00\x00>\xa7\x8a\xaeEP\x10\x05\xa8\x00\x00\x00\x00'
0.092 Disassembled: source: 31695, dest: 34321, seq: 62, ack: 2810883653, window: 1448, ACK
0.092 Acknowledged seq: 2810882205
0.092 Assembling: source: 34321, dest: 31695, seq: 2810883653, ack: 63, window: 1448, data: "ta.

Et essent s"...
0.093 Sent: b'\x86\x11{\xcf\xa7\x8a\xaeE\x00\x00\x00?P\x00\x05\xa8\x00\x00\x00\x00ta.\n\nEt essent s'...
0.095 Received: b'{\xcf\x86\x11\x00\x00\x00>\xa7\x8a\xb3\xedP\x10\x05\xa8\x00\x00\x00\x00'
0.095 Disassembled: source: 31695, dest: 34321, seq: 62, ack: 2810885101, window: 1448, ACK
0.095 Acknowledged seq: 2810883653
0.096 Assembling: source: 34321, dest: 31695, seq: 2810885101, ack: 63, window: 1448, data: " Nihil tractatos"...
0.096 Sent: b'\x86\x11{\xcf\xa7\x8a\xb3\xed\x00\x00\x00?P\x00\x05\xa8\x00\x00\x00\x00 Nihil tractatos'...
0.098 Received: b'{\xcf\x86\x11\x00\x00\x00>\xa7\x8a\xb9\x95P\x10\x05\xa8\x00\x00\x00\x00'
0.098 Disassembled: source: 31695, dest: 34321, seq: 62, ack: 2810886549, window: 1448, ACK
0.098 Acknowledged seq: 2810885101
0.099 Assembling: source: 34321, dest: 31695, seq: 2810886549, ack: 63, window: 1448, data: "fert iuvaret sap"...
0.099 Sent: b'\x86\x11{\xcf\xa7\x8a\xb9\x95\x00\x00\x00?P\x00\x05\xa8\x00\x00\x00\x00fert iuvaret sap'...
0.101 Received: b'{\xcf\x86\x11\x00\x00\x00>\xa7\x8a\xbf=P\x10\x05\xa8\x00\x00\x00\x00'
0.102 Disassembled: source: 31695, dest: 34321, seq: 62, ack: 2810887997, window: 1448, ACK
0.102 Acknowledged seq: 2810886549
0.102 Assembling: source: 34321, dest: 31695, seq: 2810887997, ack: 63, window: 1448, data: "ram adipiscing, "...
0.102 Sent: b'\x86\x11{\xcf\xa7\x8a\xbf=\x00\x00\x00?P\x00\x05\xa8\x00\x00\x00\x00ram adipiscing, '...
0.104 Failed to receive packet
0.603 Sent: b'\x86\x11{\xcf\xa7\x8a\xbf=\x00\x00\x00?P\x00\x05\xa8\x00\x00\x00\x00ram adipiscing, '...
0.606 Received: b'{\xcf\x86\x11\x00\x00\x00>\xa7\x8a\xc4\xe5P\x10\x05\xa8\x00\x00\x00\x00'
0.606 Disassembled: source: 31695, dest: 34321, seq: 62, ack: 2810889445, window: 1448, ACK
0.606 Acknowledged seq: 2810887997
0.607 Assembling: source: 34321, dest: 31695, seq: 2810889445, ack: 63, window: 1448, data: "m veritus vivend"...
0.607 Sent: b'\x86\x11{\xcf\xa7\x8a\xc4\xe5\x00\x00\x00?P\x00\x05\xa8\x00\x00\x00\x00m veritus vivend'...
0.610 Received: b'{\xcf\x86\x11\x00\x00\x00>\xa7\x8a\xca\x8dP\x10\x05\xa8\x00\x00\x00\x00'
0.611 Disassembled: source: 31695, dest: 34321, seq: 62, ack: 2810890893, window: 1448, ACK
0.611 Acknowledged seq: 2810889445
0.611 Assembling: source: 34321, dest: 31695, seq: 2810890893, ack: 63, window: 1448, data: " delenit, ignota"...
0.612 Sent: b'\x86\x11{\xcf\xa7\x8a\xca\x8d\x00\x00\x00?P\x00\x05\xa8\x00\x00\x00\x00 delenit, ignota'...
0.615 Received: b'{\xcf\x86\x11\x00\x00\x00>\xa7\x8a\xd05P\x10\x05\xa8\x00\x00\x00\x00'
0.615 Disassembled: source: 31695, dest: 34321, seq: 62, ack: 2810892341, window: 1448, ACK
0.615 Acknowledged seq: 2810890893
0.616 Assembling: source: 34321, dest: 31695, seq: 2810892341, ack: 63, window: 1448, data: "se explicari des"...
0.616 Sent: b'\x86\x11{\xcf\xa7\x8a\xd05\x00\x00\x00?P\x00\x05\xa8\x00\x00\x00\x00se explicari des'...
0.619 Received: b'{\xcf\x86\x11\x00\x00\x00>\xa7\x8a\xd5\xddP\x10\x05\xa8\x00\x00\x00\x00'
0.619 Disassembled: source: 31695, dest: 34321, seq: 62, ack: 2810893789, window: 1448, ACK
0.620 Acknowledged seq: 2810892341
0.620 Assembling: source: 34321, dest: 31695, seq: 2810893789, ack: 63, window: 1448, data: "piscing, in modo"...
0.620 Failed to send packet
1.121 Sent: b'\x86\x11{\xcf\xa7\x8a\xd5\xdd\x00\x00\x00?P\x00\x05\xa8\x00\x00\x00\x00piscing, in modo'...
1.123 Failed to receive packet
1.621 Sent: b'\x86\x11{\xcf\xa7\x8a\xd5\xdd\x00\x00\x00?P\x00\x05\xa8\x00\x00\x00\x00piscing, in modo'...
1.623 Received: b'{\xcf\x86\x11\x00\x00\x00>\xa7\x8a\xdb\x85P\x10\x05\xa8\x00\x00\x00\x00'
1.624 Disassembled: source: 31695, dest: 34321, seq: 62, ack: 2810895237, window: 1448, ACK
1.624 Acknowledged seq: 2810893789
1.624 Assembling: source: 34321, dest: 31695, seq: 2810895237, ack: 63, window: 1448, data: "o copiosae tacim"...
1.625 Failed to send packet
2.125 Sent: b'\x86\x11{\xcf\xa7\x8a\xdb\x85\x00\x00\x00?P\x00\x05\xa8\x00\x00\x00\x00o copiosae tacim'...
2.128 Received: b'{\xcf\x86\x11\x00\x00\x00>\xa7\x8a\xe1-P\x10\x05\xa8\x00\x00\x00\x00'
2.128 Disassembled: source: 31695, dest: 34321, seq: 62, ack: 2810896685, window: 1448, ACK
2.128 Acknowledged seq: 2810895237
2.129 Assembling: source: 34321, dest: 31695, seq: 2810896685, ack: 63, window: 1448, data: "am. Pri ne antio"...
2.129 Sent: b'\x86\x11{\xcf\xa7\x8a\xe1-\x00\x00\x00?P\x00\x05\xa8\x00\x00\x00\x00am. Pri ne antio'...
2.132 Received: b'{\xcf\x86\x11\x00\x00\x00>\xa7\x8a\xe6\xd5P\x10\x05\xa8\x00\x00\x00\x00'
2.133 Disassembled: source: 31695, dest: 34321, seq: 62, ack: 2810898133, window: 1448, ACK
2.133 Acknowledged seq: 2810896685
2.133 Assembling: source: 34321, dest: 31695, seq: 2810898133, ack: 63, window: 1448, data: "to no. Elitr pos"...
2.134 Sent: b'\x86\x11{\xcf\xa7\x8a\xe6\xd5\x00\x00\x00?P\x00\x05\xa8\x00\x00\x00\x00to no. Elitr pos'...
2.136 Received: b'{\xcf\x86\x11\x00\x00\x00>\xa7\x8a\xec}P\x10\x05\xa8\x00\x00\x00\x00'
2.137 Disassembled: source: 31695, dest: 34321, seq: 62, ack: 2810899581, window: 1448, ACK
2.137 Acknowledged seq: 2810898133
2.137 Assembling: source: 34321, dest: 31695, seq: 2810899581, ack: 63, window: 1448, data: "pretaris, sea ex"...
2.138 Failed to send packet
2.638 Sent: b'\x86\x11{\xcf\xa7\x8a\xec}\x00\x00\x00?P\x00\x05\xa8\x00\x00\x00\x00pretaris, sea ex'...
2.641 Received: b'{\xcf\x86\x11\x00\x00\x00>\xa7\x8a\xf2%P\x10\x05\xa8\x00\x00\x00\x00'
2.642 Disassembled: source: 31695, dest: 34321, seq: 62, ack: 2810901029, window: 1448, ACK
2.642 Acknowledged seq: 2810899581
2.642 Assembling: source: 34321, dest: 31695, seq: 2810901029, ack: 63, window: 1448, data: "oporteat inimicu"...
2.643 Sent: b'\x86\x11{\xcf\xa7\x8a\xf2%\x00\x00\x00?P\x00\x05\xa8\x00\x00\x00\x00oporteat inimicu'...
2.646 Received: b'{\xcf\x86\x11\x00\x00\x00>\xa7\x8a\xf7\xcdP\x10\x05\xa8\x00\x00\x00\x00'
2.646 Disassembled: source: 31695, dest: 34321, seq: 62, ack: 2810902477, window: 1448, ACK
2.646 Acknowledged seq: 2810901029
2.647 Assembling: source: 34321, dest: 31695, seq: 2810902477, ack: 63, window: 1448, data: "ligendi officiis"...
2.647 Sent: b'\x86\x11{\xcf\xa7\x8a\xf7\xcd\x00\x00\x00?P\x00\x05\xa8\x00\x00\x00\x00ligendi officiis'...
2.650 Received: b'{\xcf\x86\x11\x00\x00\x00>\xa7\x8a\xfduP\x10\x05\xa8\x00\x00\x00\x00'
2.651 Disassembled: source: 31695, dest: 34321, seq: 62, ack: 2810903925, window: 1448, ACK
2.651 Acknowledged seq: 2810902477
2.651 Assembling: source: 34321, dest: 31695, seq: 2810903925, ack: 63, window: 1448, data: "no vel regione i"...
2.652 Sent: b'\x86\x11{\xcf\xa7\x8a\xfdu\x00\x00\x00?P\x00\x05\xa8\x00\x00\x00\x00no vel regione i'...
2.655 Received: b'{\xcf\x86\x11\x00\x00\x00>\xa7\x8b\x03\x1dP\x10\x05\xa8\x00\x00\x00\x00'
2.655 Disassembled: source: 31695, dest: 34321, seq: 62, ack: 2810905373, window: 1448, ACK
2.655 Acknowledged seq: 2810903925
2.656 Assembling: source: 34321, dest: 31695, seq: 2810905373, ack: 63, window: 1448, data: "ibus vis ex, pro"...
2.656 Sent: b'\x86\x11{\xcf\xa7\x8b\x03\x1d\x00\x00\x00?P\x00\x05\xa8\x00\x00\x00\x00ibus vis ex, pro'...
2.658 Received: b'{\xcf\x86\x11\x00\x00\x00>\xa7\x8b\x08\xc5P\x10\x05\xa8\x00\x00\x00\x00'
2.659 Disassembled: source: 31695, dest: 34321, seq: 62, ack: 2810906821, window: 1448, ACK
2.659 Acknowledged seq: 2810905373
2.659 Assembling: source: 34321, dest: 31695, seq: 2810906821, ack: 63, window: 1448, data: "o vix, mel ea li"...
2.660 Sent: b'\x86\x11{\xcf\xa7\x8b\x08\xc5\x00\x00\x00?P\x00\x05\xa8\x00\x00\x00\x00o vix, mel ea li'...
2.661 Received: b'{\xcf\x86\x11\x00\x00\x00>\xa7\x8b\x0emP\x10\x05\xa8\x00\x00\x00\x00'
2.662 Disassembled: source: 31695, dest: 34321, seq: 62, ack: 2810908269, window: 1448, ACK
2.662 Acknowledged seq: 2810906821
2.662 Assembling: source: 34321, dest: 31695, seq: 2810908269, ack: 63, window: 1448, data: "d. Ex fugit suav"...
2.663 Sent: b'\x86\x11{\xcf\xa7\x8b\x0em\x00\x00\x00?P\x00\x05\xa8\x00\x00\x00\x00d. Ex fugit suav'...
2.665 Failed to receive packet
3.163 Sent: b'\x86\x11{\xcf\xa7\x8b\x0em\x00\x00\x00?P\x00\x05\xa8\x00\x00\x00\x00d. Ex fugit suav'...
3.166 Received: b'{\xcf\x86\x11\x00\x00\x00>\xa7\x8b\x14\x15P\x10\x05\xa8\x00\x00\x00\x00'
3.166 Disassembled: source: 31695, dest: 34321, seq: 62, ack: 2810909717, window: 1448, ACK
3.166 Acknowledged seq: 2810908269
3.167 Assembling: source: 34321, dest: 31695, seq: 2810909717, ack: 63, window: 1448, data: "pertinax nec. De"...
3.167 Sent: b'\x86\x11{\xcf\xa7\x8b\x14\x15\x00\x00\x00?P\x00\x05\xa8\x00\x00\x00\x00pertinax nec. De'...
3.170 Received: b'{\xcf\x86\x11\x00\x00\x00>\xa7\x8b\x19\xbdP\x10\x05\xa8\x00\x00\x00\x00'
3.171 Disassembled: source: 31695, dest: 34321, seq: 62, ack: 2810911165, window: 1448, ACK
3.171 Acknowledged seq: 2810909717
3.171 Assembling: source: 34321, dest: 31695, seq: 2810911165, ack: 63, window: 1448, data: "lli primis praes"...
3.172 Sent: b'\x86\x11{\xcf\xa7\x8b\x19\xbd\x00\x00\x00?P\x00\x05\xa8\x00\x00\x00\x00lli primis praes'...
3.175 Received: b'{\xcf\x86\x11\x00\x00\x00>\xa7\x8b\x1feP\x10\x05\xa8\x00\x00\x00\x00'
3.175 Disassembled: source: 31695, dest: 34321, seq: 62, ack: 2810912613, window: 1448, ACK
3.175 Acknowledged seq: 2810911165
3.176 Assembling: source: 34321, dest: 31695, seq: 2810912613, ack: 63, window: 1448, data: "m, percipit inte"...
3.176 Sent: b'\x86\x11{\xcf\xa7\x8b\x1fe\x00\x00\x00?P\x00\x05\xa8\x00\x00\x00\x00m, percipit inte'...
3.179 Received: b'{\xcf\x86\x11\x00\x00\x00>\xa7\x8b%\rP\x10\x05\xa8\x00\x00\x00\x00'
3.179 Disassembled: source: 31695, dest: 34321, seq: 62, ack: 2810914061, window: 1448, ACK
3.180 Acknowledged seq: 2810912613
3.180 Assembling: source: 34321, dest: 31695, seq: 2810914061, ack: 63, window: 1448, data: "nani docendi pat"...
3.180 Sent: b'\x86\x11{\xcf\xa7\x8b%\r\x00\x00\x00?P\x00\x05\xa8\x00\x00\x00\x00nani docendi pat'...
3.182 Received: b'{\xcf\x86\x11\x00\x00\x00>\xa7\x8b*\xb5P\x10\x05\xa8\x00\x00\x00\x00'
3.183 Disassembled: source: 31695, dest: 34321, seq: 62, ack: 2810915509, window: 1448, ACK
3.183 Acknowledged seq: 2810914061
3.183 Assembling: source: 34321, dest: 31695, seq: 2810915509, ack: 63, window: 1448, data: " vis decore poss"...
3.184 Sent: b'\x86\x11{\xcf\xa7\x8b*\xb5\x00\x00\x00?P\x00\x05\xa8\x00\x00\x00\x00 vis decore poss'...
3.186 Received: b'{\xcf\x86\x11\x00\x00\x00>\xa7\x8b0]P\x10\x05\xa8\x00\x00\x00\x00'
3.186 Disassembled: source: 31695, dest: 34321, seq: 62, ack: 2810916957, window: 1448, ACK
3.186 Acknowledged seq: 2810915509
3.187 Assembling: source: 34321, dest: 31695, seq: 2810916957, ack: 63, window: 1448, data: "eam odio corpora"...
3.187 Failed to send packet
3.688 Sent: b'\x86\x11{\xcf\xa7\x8b0]\x00\x00\x00?P\x00\x05\xa8\x00\x00\x00\x00eam odio corpora'...
3.690 Received: b'{\xcf\x86\x11\x00\x00\x00>\xa7\x8b6\x05P\x10\x05\xa8\x00\x00\x00\x00'
3.691 Disassembled: source: 31695, dest: 34321, seq: 62, ack: 2810918405, window: 1448, ACK
3.691 Acknowledged seq: 2810916957
3.691 Assembling: source: 34321, dest: 31695, seq: 2810918405, ack: 63, window: 1448, data: " est. Usu sanctu"...
3.692 Failed to send packet
4.192 Sent: b'\x86\x11{\xcf\xa7\x8b6\x05\x00\x00\x00?P\x00\x05\xa8\x00\x00\x00\x00 est. Usu sanctu'...
4.195 Received: b'{\xcf\x86\x11\x00\x00\x00>\xa7\x8b;\xadP\x10\x05\xa8\x00\x00\x00\x00'
4.195 Disassembled: source: 31695, dest: 34321, seq: 62, ack: 2810919853, window: 1448, ACK
4.196 Acknowledged seq: 2810918405
4.196 Assembling: source: 34321, dest: 31695, seq: 2810919853, ack: 63, window: 1448, data: ".

Mei graeco ae"...
4.196 Sent: b'\x86\x11{\xcf\xa7\x8b;\xad\x00\x00\x00?P\x00\x05\xa8\x00\x00\x00\x00.\n\nMei graeco ae'...
4.199 Received: b'{\xcf\x86\x11\x00\x00\x00>\xa7\x8bAUP\x10\x05\xa8\x00\x00\x00\x00'
4.200 Disassembled: source: 31695, dest: 34321, seq: 62, ack: 2810921301, window: 1448, ACK
4.200 Acknowledged seq: 2810919853
4.200 Assembling: source: 34321, dest: 31695, seq: 2810921301, ack: 63, window: 1448, data: "et. Ne sea primi"...
4.201 Sent: b'\x86\x11{\xcf\xa7\x8bAU\x00\x00\x00?P\x00\x05\xa8\x00\x00\x00\x00et. Ne sea primi'...
4.204 Received: b'{\xcf\x86\x11\x00\x00\x00>\xa7\x8bF\xfdP\x10\x05\xa8\x00\x00\x00\x00'
4.204 Disassembled: source: 31695, dest: 34321, seq: 62, ack: 2810922749, window: 1448, ACK
4.205 Acknowledged seq: 2810921301
4.205 Assembling: source: 34321, dest: 31695, seq: 2810922749, ack: 63, window: 1448, data: "ittam convenire."...
4.205 Sent: b'\x86\x11{\xcf\xa7\x8bF\xfd\x00\x00\x00?P\x00\x05\xa8\x00\x00\x00\x00ittam convenire.'...
4.208 Received: b'{\xcf\x86\x11\x00\x00\x00>\xa7\x8bL\xa5P\x10\x05\xa8\x00\x00\x00\x00'
4.208 Disassembled: source: 31695, dest: 34321, seq: 62, ack: 2810924197, window: 1448, ACK
4.208 Acknowledged seq: 2810922749
4.209 Assembling: source: 34321, dest: 31695, seq: 2810924197, ack: 63, window: 1448, data: "ua et vis, id eu"...
4.209 Sent: b'\x86\x11{\xcf\xa7\x8bL\xa5\x00\x00\x00?P\x00\x05\xa8\x00\x00\x00\x00ua et vis, id eu'...
4.211 Received: b'{\xcf\x86\x11\x00\x00\x00>\xa7\x8bRMP\x10\x05\xa8\x00\x00\x00\x00'
4.211 Disassembled: source: 31695, dest: 34321, seq: 62, ack: 2810925645, window: 1448, ACK
4.212 Acknowledged seq: 2810924197
4.212 Assembling: source: 34321, dest: 31695, seq: 2810925645, ack: 63, window: 1448, data: "r. Et velit appa"...
4.212 Sent: b'\x86\x11{\xcf\xa7\x8bRM\x00\x00\x00?P\x00\x05\xa8\x00\x00\x00\x00r. Et velit appa'...
4.214 Received: b'{\xcf\x86\x11\x00\x00\x00>\xa7\x8bW\xf5P\x10\x05\xa8\x00\x00\x00\x00'
4.215 Disassembled: source: 31695, dest: 34321, seq: 62, ack: 2810927093, window: 1448, ACK
4.215 Acknowledged seq: 2810925645
4.215 Assembling: source: 34321, dest: 31695, seq: 2810927093, ack: 63, window: 1448, data: " novum laudem, v"...
4.216 Sent: b'\x86\x11{\xcf\xa7\x8bW\xf5\x00\x00\x00?P\x00\x05\xa8\x00\x00\x00\x00 novum laudem, v'...
4.218 Received: b'{\xcf\x86\x11\x00\x00\x00>\xa7\x8b]\x9dP\x10\x05\xa8\x00\x00\x00\x00'
4.218 Disassembled: source: 31695, dest: 34321, seq: 62, ack: 2810928541, window: 1448, ACK
4.218 Acknowledged seq: 2810927093
4.219 Assembling: source: 34321, dest: 31695, seq: 2810928541, ack: 63, window: 1448, data: "luptatibus, cibo"...
4.219 Sent: b'\x86\x11{\xcf\xa7\x8b]\x9d\x00\x00\x00?P\x00\x05\xa8\x00\x00\x00\x00luptatibus, cibo'...
4.221 Received: b'{\xcf\x86\x11\x00\x00\x00>\xa7\x8bcEP\x10\x05\xa8\x00\x00\x00\x00'
4.221 Disassembled: source: 31695, dest: 34321, seq: 62, ack: 2810929989, window: 1448, ACK
4.222 Acknowledged seq: 2810928541
4.222 Assembling: source: 34321, dest: 31695, seq: 2810929989, ack: 63, window: 1448, data: "alii indoctum ma"...
4.223 Sent: b'\x86\x11{\xcf\xa7\x8bcE\x00\x00\x00?P\x00\x05\xa8\x00\x00\x00\x00alii indoctum ma'...
4.224 Received: b'{\xcf\x86\x11\x00\x00\x00>\xa7\x8bh\xedP\x10\x05\xa8\x00\x00\x00\x00'
4.225 Disassembled: source: 31695, dest: 34321, seq: 62, ack: 2810931437, window: 1448, ACK
4.225 Acknowledged seq: 2810929989
4.225 Assembling: source: 34321, dest: 31695, seq: 2810931437, ack: 63, window: 1448, data: "im, his facete c"...
4.226 Sent: b'\x86\x11{\xcf\xa7\x8bh\xed\x00\x00\x00?P\x00\x05\xa8\x00\x00\x00\x00im, his facete c'...
4.228 Received: b'{\xcf\x86\x11\x00\x00\x00>\xa7\x8bn\x95P\x10\x05\xa8\x00\x00\x00\x00'
4.228 Disassembled: source: 31695, dest: 34321, seq: 62, ack: 2810932885, window: 1448, ACK
4.229 Acknowledged seq: 2810931437
4.229 Assembling: source: 34321, dest: 31695, seq: 2810932885, ack: 63, window: 1448, data: "e alia dolor com"...
4.229 Sent: b'\x86\x11{\xcf\xa7\x8bn\x95\x00\x00\x00?P\x00\x05\xa8\x00\x00\x00\x00e alia dolor com'...
4.231 Received: b'{\xcf\x86\x11\x00\x00\x00>\xa7\x8bt=P\x10\x05\xa8\x00\x00\x00\x00'
4.232 Disassembled: source: 31695, dest: 34321, seq: 62, ack: 2810934333, window: 1448, ACK
4.232 Acknowledged seq: 2810932885
4.232 Assembling: source: 34321, dest: 31695, seq: 2810934333, ack: 63, window: 1448, data: "it ea, reque tem"...
4.233 Sent: b'\x86\x11{\xcf\xa7\x8bt=\x00\x00\x00?P\x00\x05\xa8\x00\x00\x00\x00it ea, reque tem'...
4.235 Failed to receive packet
4.733 Sent: b'\x86\x11{\xcf\xa7\x8bt=\x00\x00\x00?P\x00\x05\xa8\x00\x00\x00\x00it ea, reque tem'...
4.736 Received: b'{\xcf\x86\x11\x00\x00\x00>\xa7\x8by\xe5P\x10\x05\xa8\x00\x00\x00\x00'
4.736 Disassembled: source: 31695, dest: 34321, seq: 62, ack: 2810935781, window: 1448, ACK
4.737 Acknowledged seq: 2810934333
4.737 Assembling: source: 34321, dest: 31695, seq: 2810935781, ack: 63, window: 1448, data: "alisque.

Equide"...
4.737 Sent: b'\x86\x11{\xcf\xa7\x8by\xe5\x00\x00\x00?P\x00\x05\xa8\x00\x00\x00\x00alisque.\n\nEquide'...
4.740 Received: b'{\xcf\x86\x11\x00\x00\x00>\xa7\x8b\x7f\x8dP\x10\x05\xa8\x00\x00\x00\x00'
4.741 Disassembled: source: 31695, dest: 34321, seq: 62, ack: 2810937229, window: 1448, ACK
4.741 Acknowledged seq: 2810935781
4.741 Assembling: source: 34321, dest: 31695, seq: 2810937229, ack: 63, window: 1448, data: "finitiones, affe"...
4.742 Sent: b'\x86\x11{\xcf\xa7\x8b\x7f\x8d\x00\x00\x00?P\x00\x05\xa8\x00\x00\x00\x00finitiones, affe'...
4.745 Received: b'{\xcf\x86\x11\x00\x00\x00>\xa7\x8b\x855P\x10\x05\xa8\x00\x00\x00\x00'
4.745 Disassembled: source: 31695, dest: 34321, seq: 62, ack: 2810938677, window: 1448, ACK
4.746 Acknowledged seq: 2810937229
4.746 Assembling: source: 34321, dest: 31695, seq: 2810938677, ack: 63, window: 1448, data: "his duis graeco "...
4.746 Sent: b'\x86\x11{\xcf\xa7\x8b\x855\x00\x00\x00?P\x00\x05\xa8\x00\x00\x00\x00his duis graeco '...
4.748 Failed to receive packet
5.247 Sent: b'\x86\x11{\xcf\xa7\x8b\x855\x00\x00\x00?P\x00\x05\xa8\x00\x00\x00\x00his duis graeco '...
5.249 Received: b'{\xcf\x86\x11\x00\x00\x00>\xa7\x8b\x8a\xddP\x10\x05\xa8\x00\x00\x00\x00'
5.250 Disassembled: source: 31695, dest: 34321, seq: 62, ack: 2810940125, window: 1448, ACK
5.250 Acknowledged seq: 2810938677
5.250 Assembling: source: 34321, dest: 31695, seq: 2810940125, ack: 63, window: 1448, data: "am. Alia possit "...
5.251 Sent: b'\x86\x11{\xcf\xa7\x8b\x8a\xdd\x00\x00\x00?P\x00\x05\xa8\x00\x00\x00\x00am. Alia possit '...
5.254 Received: b'{\xcf\x86\x11\x00\x00\x00>\xa7\x8b\x90\x85P\x10\x05\xa8\x00\x00\x00\x00'
5.254 Disassembled: source: 31695, dest: 34321, seq: 62, ack: 2810941573, window: 1448, ACK
5.255 Acknowledged seq: 2810940125
5.255 Assembling: source: 34321, dest: 31695, seq: 2810941573, ack: 63, window: 1448, data: "cum an. Mei faci"...
5.255 Sent: b'\x86\x11{\xcf\xa7\x8b\x90\x85\x00\x00\x00?P\x00\x05\xa8\x00\x00\x00\x00cum an. Mei faci'...
5.258 Received: b'{\xcf\x86\x11\x00\x00\x00>\xa7\x8b\x96-P\x10\x05\xa8\x00\x00\x00\x00'
5.259 Disassembled: source: 31695, dest: 34321, seq: 62, ack: 2810943021, window: 1448, ACK
5.259 Acknowledged seq: 2810941573
5.259 Assembling: source: 34321, dest: 31695, seq: 2810943021, ack: 63, window: 1448, data: " vis adhuc tatio"...
5.260 Sent: b'\x86\x11{\xcf\xa7\x8b\x96-\x00\x00\x00?P\x00\x05\xa8\x00\x00\x00\x00 vis adhuc tatio'...
5.262 Received: b'{\xcf\x86\x11\x00\x00\x00>\xa7\x8b\x9b\xd5P\x10\x05\xa8\x00\x00\x00\x00'
5.262 Disassembled: source: 31695, dest: 34321, seq: 62, ack: 2810944469, window: 1448, ACK
5.262 Acknowledged seq: 2810943021
5.263 Assembling: source: 34321, dest: 31695, seq: 2810944469, ack: 63, window: 1448, data: "im eu option iuv"...
5.263 Sent: b'\x86\x11{\xcf\xa7\x8b\x9b\xd5\x00\x00\x00?P\x00\x05\xa8\x00\x00\x00\x00im eu option iuv'...
5.265 Received: b'{\xcf\x86\x11\x00\x00\x00>\xa7\x8b\xa1}P\x10\x05\xa8\x00\x00\x00\x00'
5.265 Disassembled: source: 31695, dest: 34321, seq: 62, ack: 2810945917, window: 1448, ACK
5.266 Acknowledged seq: 2810944469
5.266 Assembling: source: 34321, dest: 31695, seq: 2810945917, ack: 63, window: 1448, data: "ex epicurei taci"...
5.266 Sent: b'\x86\x11{\xcf\xa7\x8b\xa1}\x00\x00\x00?P\x00\x05\xa8\x00\x00\x00\x00ex epicurei taci'...
5.268 Received: b'{\xcf\x86\x11\x00\x00\x00>\xa7\x8b\xa7%P\x10\x05\xa8\x00\x00\x00\x00'
5.269 Disassembled: source: 31695, dest: 34321, seq: 62, ack: 2810947365, window: 1448, ACK
5.269 Acknowledged seq: 2810945917
5.269 Assembling: source: 34321, dest: 31695, seq: 2810947365, ack: 63, window: 1448, data: "ebat, eu pro ero"...
5.270 Failed to send packet
5.770 Sent: b'\x86\x11{\xcf\xa7\x8b\xa7%\x00\x00\x00?P\x00\x05\xa8\x00\x00\x00\x00ebat, eu pro ero'...
5.773 Received: b'{\xcf\x86\x11\x00\x00\x00>\xa7\x8b\xac\xcdP\x10\x05\xa8\x00\x00\x00\x00'
5.773 Disassembled: source: 31695, dest: 34321, seq: 62, ack: 2810948813, window: 1448, ACK
5.774 Acknowledged seq: 2810947365
5.774 Assembling: source: 34321, dest: 31695, seq: 2810948813, ack: 63, window: 1448, data: "s. Per no sale v"...
5.774 Sent: b'\x86\x11{\xcf\xa7\x8b\xac\xcd\x00\x00\x00?P\x00\x05\xa8\x00\x00\x00\x00s. Per no sale v'...
5.777 Received: b'{\xcf\x86\x11\x00\x00\x00>\xa7\x8b\xb2uP\x10\x05\xa8\x00\x00\x00\x00'
5.778 Disassembled: source: 31695, dest: 34321, seq: 62, ack: 2810950261, window: 1448, ACK
5.778 Acknowledged seq: 2810948813
5.778 Assembling: source: 34321, dest: 31695, seq: 2810950261, ack: 63, window: 1448, data: "orrupte ea mel. "...
5.779 Sent: b'\x86\x11{\xcf\xa7\x8b\xb2u\x00\x00\x00?P\x00\x05\xa8\x00\x00\x00\x00orrupte ea mel. '...
5.781 Received: b'{\xcf\x86\x11\x00\x00\x00>\xa7\x8b\xb8\x1dP\x10\x05\xa8\x00\x00\x00\x00'
5.782 Disassembled: source: 31695, dest: 34321, seq: 62, ack: 2810951709, window: 1448, ACK
5.782 Acknowledged seq: 2810950261
5.782 Assembling: source: 34321, dest: 31695, seq: 2810951709, ack: 63, window: 1448, data: ". Est iracundia "...
5.783 Sent: b'\x86\x11{\xcf\xa7\x8b\xb8\x1d\x00\x00\x00?P\x00\x05\xa8\x00\x00\x00\x00. Est iracundia '...
5.785 Received: b'{\xcf\x86\x11\x00\x00\x00>\xa7\x8b\xbd\xc5P\x10\x05\xa8\x00\x00\x00\x00'
5.785 Disassembled: source: 31695, dest: 34321, seq: 62, ack: 2810953157, window: 1448, ACK
5.785 Acknowledged seq: 2810951709
5.786 Assembling: source: 34321, dest: 31695, seq: 2810953157, ack: 63, window: 1448, data: "pta probatus scr"...
5.786 Sent: b'\x86\x11{\xcf\xa7\x8b\xbd\xc5\x00\x00\x00?P\x00\x05\xa8\x00\x00\x00\x00pta probatus scr'...
5.788 Failed to receive packet
6.287 Failed to send packet
6.787 Sent: b'\x86\x11{\xcf\xa7\x8b\xbd\xc5\x00\x00\x00?P\x00\x05\xa8\x00\x00\x00\x00pta probatus scr'...
6.789 Received: b'{\xcf\x86\x11\x00\x00\x00>\xa7\x8b\xc3mP\x10\x05\xa8\x00\x00\x00\x00'
6.790 Disassembled: source: 31695, dest: 34321, seq: 62, ack: 2810954605, window: 1448, ACK
6.790 Acknowledged seq: 2810953157
6.790 Assembling: source: 34321, dest: 31695, seq: 2810954605, ack: 63, window: 1448, data: "entur ei, pro ei"...
6.791 Sent: b'\x86\x11{\xcf\xa7\x8b\xc3m\x00\x00\x00?P\x00\x05\xa8\x00\x00\x00\x00entur ei, pro ei'...
6.793 Received: b'{\xcf\x86\x11\x00\x00\x00>\xa7\x8b\xc9\x15P\x10\x05\xa8\x00\x00\x00\x00'
6.794 Disassembled: source: 31695, dest: 34321, seq: 62, ack: 2810956053, window: 1448, ACK
6.794 Acknowledged seq: 2810954605
6.795 Assembling: source: 34321, dest: 31695, seq: 2810956053, ack: 63, window: 1448, data: "simul euismod vi"...
6.795 Failed to send packet
7.295 Sent: b'\x86\x11{\xcf\xa7\x8b\xc9\x15\x00\x00\x00?P\x00\x05\xa8\x00\x00\x00\x00simul euismod vi'...
7.298 Received: b'{\xcf\x86\x11\x00\x00\x00>\xa7\x8b\xce\xbdP\x10\x05\xa8\x00\x00\x00\x00'
7.299 Disassembled: source: 31695, dest: 34321, seq: 62, ack: 2810957501, window: 1448, ACK
7.299 Acknowledged seq: 2810956053
7.299 Assembling: source: 34321, dest: 31695, seq: 2810957501, ack: 63, window: 1448, data: ", eam id iudico "...
7.300 Sent: b'\x86\x11{\xcf\xa7\x8b\xce\xbd\x00\x00\x00?P\x00\x05\xa8\x00\x00\x00\x00, eam id iudico '...
7.303 Received: b'{\xcf\x86\x11\x00\x00\x00>\xa7\x8b\xd4eP\x10\x05\xa8\x00\x00\x00\x00'
7.303 Disassembled: source: 31695, dest: 34321, seq: 62, ack: 2810958949, window: 1448, ACK
7.304 Acknowledged seq: 2810957501
7.304 Assembling: source: 34321, dest: 31695, seq: 2810958949, ack: 63, window: 1448, data: "m vix. Ea est mu"...
7.304 Sent: b'\x86\x11{\xcf\xa7\x8b\xd4e\x00\x00\x00?P\x00\x05\xa8\x00\x00\x00\x00m vix. Ea est mu'...
7.307 Received: b'{\xcf\x86\x11\x00\x00\x00>\xa7\x8b\xda\rP\x10\x05\xa8\x00\x00\x00\x00'
7.308 Disassembled: source: 31695, dest: 34321, seq: 62, ack: 2810960397, window: 1448, ACK
7.308 Acknowledged seq: 2810958949
7.308 Assembling: source: 34321, dest: 31695, seq: 2810960397, ack: 63, window: 1448, data: "olor sit amet, e"...
7.309 Sent: b'\x86\x11{\xcf\xa7\x8b\xda\r\x00\x00\x00?P\x00\x05\xa8\x00\x00\x00\x00olor sit amet, e'...
7.311 Received: b'{\xcf\x86\x11\x00\x00\x00>\xa7\x8b\xdf\xb5P\x10\x05\xa8\x00\x00\x00\x00'
7.312 Disassembled: source: 31695, dest: 34321, seq: 62, ack: 2810961845, window: 1448, ACK
7.312 Acknowledged seq: 2810960397
7.312 Assembling: source: 34321, dest: 31695, seq: 2810961845, ack: 63, window: 1448, data: "m, aperiam iudic"...
7.313 Sent: b'\x86\x11{\xcf\xa7\x8b\xdf\xb5\x00\x00\x00?P\x00\x05\xa8\x00\x00\x00\x00m, aperiam iudic'...
7.315 Received: b'{\xcf\x86\x11\x00\x00\x00>\xa7\x8b\xe5]P\x10\x05\xa8\x00\x00\x00\x00'
7.315 Disassembled: source: 31695, dest: 34321, seq: 62, ack: 2810963293, window: 1448, ACK
7.315 Acknowledged seq: 2810961845
7.316 Assembling: source: 34321, dest: 31695, seq: 2810963293, ack: 63, window: 1448, data: "re sea. No eos d"...
7.316 Sent: b'\x86\x11{\xcf\xa7\x8b\xe5]\x00\x00\x00?P\x00\x05\xa8\x00\x00\x00\x00re sea. No eos d'...
7.318 Received: b'{\xcf\x86\x11\x00\x00\x00>\xa7\x8b\xeb\x05P\x10\x05\xa8\x00\x00\x00\x00'
7.318 Disassembled: source: 31695, dest: 34321, seq: 62, ack: 2810964741, window: 1448, ACK
7.319 Acknowledged seq: 2810963293
7.319 Assembling: source: 34321, dest: 31695, seq: 2810964741, ack: 63, window: 1448, data: "t scripta philos"...
7.319 Failed to send packet
7.820 Sent: b'\x86\x11{\xcf\xa7\x8b\xeb\x05\x00\x00\x00?P\x00\x05\xa8\x00\x00\x00\x00t scripta philos'...
7.822 Received: b'{\xcf\x86\x11\x00\x00\x00>\xa7\x8b\xf0\xadP\x10\x05\xa8\x00\x00\x00\x00'
7.822 Disassembled: source: 31695, dest: 34321, seq: 62, ack: 2810966189, window: 1448, ACK
7.823 Acknowledged seq: 2810964741
7.823 Assembling: source: 34321, dest: 31695, seq: 2810966189, ack: 63, window: 1448, data: "tos sadipscing e"...
7.823 Sent: b'\x86\x11{\xcf\xa7\x8b\xf0\xad\x00\x00\x00?P\x00\x05\xa8\x00\x00\x00\x00tos sadipscing e'...
7.826 Received: b'{\xcf\x86\x11\x00\x00\x00>\xa7\x8b\xf6UP\x10\x05\xa8\x00\x00\x00\x00'
7.827 Disassembled: source: 31695, dest: 34321, seq: 62, ack: 2810967637, window: 1448, ACK
7.827 Acknowledged seq: 2810966189
7.827 Assembling: source: 34321, dest: 31695, seq: 2810967637, ack: 63, window: 1448, data: "sapientem ea, ad"...
7.828 Sent: b'\x86\x11{\xcf\xa7\x8b\xf6U\x00\x00\x00?P\x00\x05\xa8\x00\x00\x00\x00sapientem ea, ad'...
7.830 Received: b'{\xcf\x86\x11\x00\x00\x00>\xa7\x8b\xfb\xfdP\x10\x05\xa8\x00\x00\x00\x00'
7.831 Disassembled: source: 31695, dest: 34321, seq: 62, ack: 2810969085, window: 1448, ACK
7.831 Acknowledged seq: 2810967637
7.831 Assembling: source: 34321, dest: 31695, seq: 2810969085, ack: 63, window: 1448, data: "g, ei invenire p"...
7.832 Sent: b'\x86\x11{\xcf\xa7\x8b\xfb\xfd\x00\x00\x00?P\x00\x05\xa8\x00\x00\x00\x00g, ei invenire p'...
7.834 Received: b'{\xcf\x86\x11\x00\x00\x00>\xa7\x8c\x01\xa5P\x10\x05\xa8\x00\x00\x00\x00'
7.835 Disassembled: source: 31695, dest: 34321, seq: 62, ack: 2810970533, window: 1448, ACK
7.835 Acknowledged seq: 2810969085
7.835 Assembling: source: 34321, dest: 31695, seq: 2810970533, ack: 63, window: 1448, data: "endo at. Qui id "...
7.836 Sent: b'\x86\x11{\xcf\xa7\x8c\x01\xa5\x00\x00\x00?P\x00\x05\xa8\x00\x00\x00\x00endo at. Qui id '...
7.838 Received: b'{\xcf\x86\x11\x00\x00\x00>\xa7\x8c\x07MP\x10\x05\xa8\x00\x00\x00\x00'
7.838 Disassembled: source: 31695, dest: 34321, seq: 62, ack: 2810971981, window: 1448, ACK
7.838 Acknowledged seq: 2810970533
7.839 Assembling: source: 34321, dest: 31695, seq: 2810971981, ack: 63, window: 1448, data: "ota nostrum et p"...
7.839 Sent: b'\x86\x11{\xcf\xa7\x8c\x07M\x00\x00\x00?P\x00\x05\xa8\x00\x00\x00\x00ota nostrum et p'...
7.841 Received: b'{\xcf\x86\x11\x00\x00\x00>\xa7\x8c\x0c\xf5P\x10\x05\xa8\x00\x00\x00\x00'
7.841 Disassembled: source: 31695, dest: 34321, seq: 62, ack: 2810973429, window: 1448, ACK
7.842 Acknowledged seq: 2810971981
7.842 Assembling: source: 34321, dest: 31695, seq: 2810973429, ack: 63, window: 1448, data: "deseruisse id. P"...
7.842 Sent: b'\x86\x11{\xcf\xa7\x8c\x0c\xf5\x00\x00\x00?P\x00\x05\xa8\x00\x00\x00\x00deseruisse id. P'...
7.844 Received: b'{\xcf\x86\x11\x00\x00\x00>\xa7\x8c\x12\x9dP\x10\x05\xa8\x00\x00\x00\x00'
7.845 Disassembled: source: 31695, dest: 34321, seq: 62, ack: 2810974877, window: 1448, ACK
7.845 Acknowledged seq: 2810973429
7.845 Assembling: source: 34321, dest: 31695, seq: 2810974877, ack: 63, window: 1448, data: "odo munere imper"...
7.846 Sent: b'\x86\x11{\xcf\xa7\x8c\x12\x9d\x00\x00\x00?P\x00\x05\xa8\x00\x00\x00\x00odo munere imper'...
7.848 Received: b'{\xcf\x86\x11\x00\x00\x00>\xa7\x8c\x18EP\x10\x05\xa8\x00\x00\x00\x00'
7.848 Disassembled: source: 31695, dest: 34321, seq: 62, ack: 2810976325, window: 1448, ACK
7.849 Acknowledged seq: 2810974877
7.849 Assembling: source: 34321, dest: 31695, seq: 2810976325, ack: 63, window: 1448, data: "cimates cum, tib"...
7.849 Sent: b'\x86\x11{\xcf\xa7\x8c\x18E\x00\x00\x00?P\x00\x05\xa8\x00\x00\x00\x00cimates cum, tib'...
7.851 Received: b'{\xcf\x86\x11\x00\x00\x00>\xa7\x8c\x1d\xedP\x10\x05\xa8\x00\x00\x00\x00'
7.852 Disassembled: source: 31695, dest: 34321, seq: 62, ack: 2810977773, window: 1448, ACK
7.852 Acknowledged seq: 2810976325
7.852 Assembling: source: 34321, dest: 31695, seq: 2810977773, ack: 63, window: 1448, data: "tiopam molestiae"...
7.853 Failed to send packet
8.353 Sent: b'\x86\x11{\xcf\xa7\x8c\x1d\xed\x00\x00\x00?P\x00\x05\xa8\x00\x00\x00\x00tiopam molestiae'...
8.356 Received: b'{\xcf\x86\x11\x00\x00\x00>\xa7\x8c#\x95P\x10\x05\xa8\x00\x00\x00\x00'
8.356 Disassembled: source: 31695, dest: 34321, seq: 62, ack: 2810979221, window: 1448, ACK
8.357 Acknowledged seq: 2810977773
8.357 Assembling: source: 34321, dest: 31695, seq: 2810979221, ack: 63, window: 1448, data: "possim qui no, v"...
8.357 Sent: b'\x86\x11{\xcf\xa7\x8c#\x95\x00\x00\x00?P\x00\x05\xa8\x00\x00\x00\x00possim qui no, v'...
8.360 Received: b'{\xcf\x86\x11\x00\x00\x00>\xa7\x8c)=P\x10\x05\xa8\x00\x00\x00\x00'
8.361 Disassembled: source: 31695, dest: 34321, seq: 62, ack: 2810980669, window: 1448, ACK
8.361 Acknowledged seq: 2810979221
8.361 Assembling: source: 34321, dest: 31695, seq: 2810980669, ack: 63, window: 1448, data: " ex utinam parti"...
8.362 Sent: b'\x86\x11{\xcf\xa7\x8c)=\x00\x00\x00?P\x00\x05\xa8\x00\x00\x00\x00 ex utinam parti'...
8.365 Received: b'{\xcf\x86\x11\x00\x00\x00>\xa7\x8c.\xe5P\x10\x05\xa8\x00\x00\x00\x00'
8.365 Disassembled: source: 31695, dest: 34321, seq: 62, ack: 2810982117, window: 1448, ACK
8.365 Acknowledged seq: 2810980669
8.366 Assembling: source: 34321, dest: 31695, seq: 2810982117, ack: 63, window: 1448, data: "icus in his. Pri"...
8.366 Sent: b'\x86\x11{\xcf\xa7\x8c.\xe5\x00\x00\x00?P\x00\x05\xa8\x00\x00\x00\x00icus in his. Pri'...
8.368 Received: b'{\xcf\x86\x11\x00\x00\x00>\xa7\x8c4\x8dP\x10\x05\xa8\x00\x00\x00\x00'
8.368 Disassembled: source: 31695, dest: 34321, seq: 62, ack: 2810983565, window: 1448, ACK
8.368 Acknowledged seq: 2810982117
8.369 Assembling: source: 34321, dest: 31695, seq: 2810983565, ack: 63, window: 1448, data: "iis et.

Ius cu "...
8.369 Sent: b'\x86\x11{\xcf\xa7\x8c4\x8d\x00\x00\x00?P\x00\x05\xa8\x00\x00\x00\x00iis et.\n\nIus cu '...
8.371 Received: b'{\xcf\x86\x11\x00\x00\x00>\xa7\x8c:5P\x10\x05\xa8\x00\x00\x00\x00'
8.372 Disassembled: source: 31695, dest: 34321, seq: 62, ack: 2810985013, window: 1448, ACK
8.372 Acknowledged seq: 2810983565
8.372 Assembling: source: 34321, dest: 31695, seq: 2810985013, ack: 63, window: 1448, data: "e interesset.

T"...
8.373 Sent: b'\x86\x11{\xcf\xa7\x8c:5\x00\x00\x00?P\x00\x05\xa8\x00\x00\x00\x00e interesset.\n\nT'...
8.374 Received: b'{\xcf\x86\x11\x00\x00\x00>\xa7\x8c?\xddP\x10\x05\xa8\x00\x00\x00\x00'
8.375 Disassembled: source: 31695, dest: 34321, seq: 62, ack: 2810986461, window: 1448, ACK
8.375 Acknowledged seq: 2810985013
8.375 Assembling: source: 34321, dest: 31695, seq: 2810986461, ack: 63, window: 1448, data: "pro alia volutpa"...
8.376 Sent: b'\x86\x11{\xcf\xa7\x8c?\xdd\x00\x00\x00?P\x00\x05\xa8\x00\x00\x00\x00pro alia volutpa'...
8.378 Received: b'{\xcf\x86\x11\x00\x00\x00>\xa7\x8cE\x85P\x10\x05\xa8\x00\x00\x00\x00'
8.378 Disassembled: source: 31695, dest: 34321, seq: 62, ack: 2810987909, window: 1448, ACK
8.379 Acknowledged seq: 2810986461
8.379 Assembling: source: 34321, dest: 31695, seq: 2810987909, ack: 63, window: 1448, data: " libris equidem "...
8.379 Failed to send packet
8.880 Sent: b'\x86\x11{\xcf\xa7\x8cE\x85\x00\x00\x00?P\x00\x05\xa8\x00\x00\x00\x00 libris equidem '...
8.883 Received: b'{\xcf\x86\x11\x00\x00\x00>\xa7\x8cK-P\x10\x05\xa8\x00\x00\x00\x00'
8.883 Disassembled: source: 31695, dest: 34321, seq: 62, ack: 2810989357, window: 1448, ACK
8.883 Acknowledged seq: 2810987909
8.884 Assembling: source: 34321, dest: 31695, seq: 2810989357, ack: 63, window: 1448, data: "uavitate volupta"...
8.884 Sent: b'\x86\x11{\xcf\xa7\x8cK-\x00\x00\x00?P\x00\x05\xa8\x00\x00\x00\x00uavitate volupta'...
8.887 Received: b'{\xcf\x86\x11\x00\x00\x00>\xa7\x8cP\xd5P\x10\x05\xa8\x00\x00\x00\x00'
8.888 Disassembled: source: 31695, dest: 34321, seq: 62, ack: 2810990805, window: 1448, ACK
8.888 Acknowledged seq: 2810989357
8.888 Assembling: source: 34321, dest: 31695, seq: 2810990805, ack: 63, window: 1448, data: " Detraxit defini"...
8.889 Sent: b'\x86\x11{\xcf\xa7\x8cP\xd5\x00\x00\x00?P\x00\x05\xa8\x00\x00\x00\x00 Detraxit defini'...
8.892 Received: b'{\xcf\x86\x11\x00\x00\x00>\xa7\x8cV}P\x10\x05\xa8\x00\x00\x00\x00'
8.892 Disassembled: source: 31695, dest: 34321, seq: 62, ack: 2810992253, window: 1448, ACK
8.892 Acknowledged seq: 2810990805
8.893 Assembling: source: 34321, dest: 31695, seq: 2810992253, ack: 63, window: 1448, data: "aesent mei. Quo "...
8.893 Sent: b'\x86\x11{\xcf\xa7\x8cV}\x00\x00\x00?P\x00\x05\xa8\x00\x00\x00\x00aesent mei. Quo '...
8.896 Received: b'{\xcf\x86\x11\x00\x00\x00>\xa7\x8c\\%P\x10\x05\xa8\x00\x00\x00\x00'
8.896 Disassembled: source: 31695, dest: 34321, seq: 62, ack: 2810993701, window: 1448, ACK
8.896 Acknowledged seq: 2810992253
8.897 Assembling: source: 34321, dest: 31695, seq: 2810993701, ack: 63, window: 1448, data: "nterpretaris no "...
8.897 Sent: b'\x86\x11{\xcf\xa7\x8c\\%\x00\x00\x00?P\x00\x05\xa8\x00\x00\x00\x00nterpretaris no '...
8.899 Received: b'{\xcf\x86\x11\x00\x00\x00>\xa7\x8ca\xcdP\x10\x05\xa8\x00\x00\x00\x00'
8.899 Disassembled: source: 31695, dest: 34321, seq: 62, ack: 2810995149, window: 1448, ACK
8.900 Acknowledged seq: 2810993701
8.900 Assembling: source: 34321, dest: 31695, seq: 2810995149, ack: 63, window: 1448, data: "patrioque has. I"...
8.900 Failed to send packet
9.401 Sent: b'\x86\x11{\xcf\xa7\x8ca\xcd\x00\x00\x00?P\x00\x05\xa8\x00\x00\x00\x00patrioque has. I'...
9.403 Received: b'{\xcf\x86\x11\x00\x00\x00>\xa7\x8cguP\x10\x05\xa8\x00\x00\x00\x00'
9.404 Disassembled: source: 31695, dest: 34321, seq: 62, ack: 2810996597, window: 1448, ACK
9.404 Acknowledged seq: 2810995149
9.404 Assembling: source: 34321, dest: 31695, seq: 2810996597, ack: 63, window: 1448, data: "ossit repudianda"...
9.405 Sent: b'\x86\x11{\xcf\xa7\x8cgu\x00\x00\x00?P\x00\x05\xa8\x00\x00\x00\x00ossit repudianda'...
9.408 Failed to receive packet
9.905 Sent: b'\x86\x11{\xcf\xa7\x8cgu\x00\x00\x00?P\x00\x05\xa8\x00\x00\x00\x00ossit repudianda'...
9.908 Received: b'{\xcf\x86\x11\x00\x00\x00>\xa7\x8cm\x1dP\x10\x05\xa8\x00\x00\x00\x00'
9.908 Disassembled: source: 31695, dest: 34321, seq: 62, ack: 2810998045, window: 1448, ACK
9.909 Acknowledged seq: 2810996597
9.909 Assembling: source: 34321, dest: 31695, seq: 2810998045, ack: 63, window: 1448, data: "ora consequuntur"...
9.909 Sent: b'\x86\x11{\xcf\xa7\x8cm\x1d\x00\x00\x00?P\x00\x05\xa8\x00\x00\x00\x00ora consequuntur'...
9.912 Received: b'{\xcf\x86\x11\x00\x00\x00>\xa7\x8cr\xc5P\x10\x05\xa8\x00\x00\x00\x00'
9.913 Disassembled: source: 31695, dest: 34321, seq: 62, ack: 2810999493, window: 1448, ACK
9.913 Acknowledged seq: 2810998045
9.913 Assembling: source: 34321, dest: 31695, seq: 2810999493, ack: 63, window: 1448, data: "ctus conceptam a"...
9.914 Sent: b'\x86\x11{\xcf\xa7\x8cr\xc5\x00\x00\x00?P\x00\x05\xa8\x00\x00\x00\x00ctus conceptam a'...
9.917 Received: b'{\xcf\x86\x11\x00\x00\x00>\xa7\x8cxmP\x10\x05\xa8\x00\x00\x00\x00'
9.917 Disassembled: source: 31695, dest: 34321, seq: 62, ack: 2811000941, window: 1448, ACK
9.918 Acknowledged seq: 2810999493
9.918 Assembling: source: 34321, dest: 31695, seq: 2811000941, ack: 63, window: 1448, data: " aeterno te, ne "...
9.918 Sent: b'\x86\x11{\xcf\xa7\x8cxm\x00\x00\x00?P\x00\x05\xa8\x00\x00\x00\x00 aeterno te, ne '...
9.920 Received: b'{\xcf\x86\x11\x00\x00\x00>\xa7\x8c~\x15P\x10\x05\xa8\x00\x00\x00\x00'
9.921 Disassembled: source: 31695, dest: 34321, seq: 62, ack: 2811002389, window: 1448, ACK
9.921 Acknowledged seq: 2811000941
9.921 Assembling: source: 34321, dest: 31695, seq: 2811002389, ack: 63, window: 1448, data: "imis oporteat di"...
9.922 Sent: b'\x86\x11{\xcf\xa7\x8c~\x15\x00\x00\x00?P\x00\x05\xa8\x00\x00\x00\x00imis oporteat di'...
9.924 Received: b'{\xcf\x86\x11\x00\x00\x00>\xa7\x8c\x83\xbdP\x10\x05\xa8\x00\x00\x00\x00'
9.924 Disassembled: source: 31695, dest: 34321, seq: 62, ack: 2811003837, window: 1448, ACK
9.924 Acknowledged seq: 2811002389
9.925 Assembling: source: 34321, dest: 31695, seq: 2811003837, ack: 63, window: 1448, data: "re. Has virtute "...
9.925 Sent: b'\x86\x11{\xcf\xa7\x8c\x83\xbd\x00\x00\x00?P\x00\x05\xa8\x00\x00\x00\x00re. Has virtute '...
9.927 Received: b'{\xcf\x86\x11\x00\x00\x00>\xa7\x8c\x89eP\x10\x05\xa8\x00\x00\x00\x00'
9.927 Disassembled: source: 31695, dest: 34321, seq: 62, ack: 2811005285, window: 1448, ACK
9.928 Acknowledged seq: 2811003837
9.928 Assembling: source: 34321, dest: 31695, seq: 2811005285, ack: 63, window: 1448, data: " eum ancillae no"...
9.928 Sent: b'\x86\x11{\xcf\xa7\x8c\x89e\x00\x00\x00?P\x00\x05\xa8\x00\x00\x00\x00 eum ancillae no'...
9.930 Received: b'{\xcf\x86\x11\x00\x00\x00>\xa7\x8c\x8f\rP\x10\x05\xa8\x00\x00\x00\x00'
9.931 Disassembled: source: 31695, dest: 34321, seq: 62, ack: 2811006733, window: 1448, ACK
9.931 Acknowledged seq: 2811005285
9.931 Assembling: source: 34321, dest: 31695, seq: 2811006733, ack: 63, window: 1448, data: "ppareat ius. At "...
9.932 Sent: b'\x86\x11{\xcf\xa7\x8c\x8f\r\x00\x00\x00?P\x00\x05\xa8\x00\x00\x00\x00ppareat ius. At '...
9.934 Received: b'{\xcf\x86\x11\x00\x00\x00>\xa7\x8c\x94\xb5P\x10\x05\xa8\x00\x00\x00\x00'
9.934 Disassembled: source: 31695, dest: 34321, seq: 62, ack: 2811008181, window: 1448, ACK
9.934 Acknowledged seq: 2811006733
9.935 Assembling: source: 34321, dest: 31695, seq: 2811008181, ack: 63, window: 1448, data: ", vero appellant"...
9.935 Sent: b'\x86\x11{\xcf\xa7\x8c\x94\xb5\x00\x00\x00?P\x00\x05\xa8\x00\x00\x00\x00, vero appellant'...
9.937 Received: b'{\xcf\x86\x11\x00\x00\x00>\xa7\x8c\x9a]P\x10\x05\xa8\x00\x00\x00\x00'
9.937 Disassembled: source: 31695, dest: 34321, seq: 62, ack: 2811009629, window: 1448, ACK
9.938 Acknowledged seq: 2811008181
9.938 Assembling: source: 34321, dest: 31695, seq: 2811009629, ack: 63, window: 1448, data: "ibo quando copio"...
9.938 Sent: b'\x86\x11{\xcf\xa7\x8c\x9a]\x00\x00\x00?P\x00\x05\xa8\x00\x00\x00\x00ibo quando copio'...
9.940 Received: b'{\xcf\x86\x11\x00\x00\x00>\xa7\x8c\xa0\x05P\x10\x05\xa8\x00\x00\x00\x00'
9.941 Disassembled: source: 31695, dest: 34321, seq: 62, ack: 2811011077, window: 1448, ACK
9.941 Acknowledged seq: 2811009629
9.941 Assembling: source: 34321, dest: 31695, seq: 2811011077, ack: 63, window: 1448, data: " maluisset. Sit "...
9.942 Sent: b'\x86\x11{\xcf\xa7\x8c\xa0\x05\x00\x00\x00?P\x00\x05\xa8\x00\x00\x00\x00 maluisset. Sit '...
9.944 Received: b'{\xcf\x86\x11\x00\x00\x00>\xa7\x8c\xa5\xadP\x10\x05\xa8\x00\x00\x00\x00'
9.944 Disassembled: source: 31695, dest: 34321, seq: 62, ack: 2811012525, window: 1448, ACK
9.945 Acknowledged seq: 2811011077
9.945 Assembling: source: 34321, dest: 31695, seq: 2811012525, ack: 63, window: 1448, data: "e ceteros albuci"...
9.945 Sent: b'\x86\x11{\xcf\xa7\x8c\xa5\xad\x00\x00\x00?P\x00\x05\xa8\x00\x00\x00\x00e ceteros albuci'...
9.948 Received: b'{\xcf\x86\x11\x00\x00\x00>\xa7\x8c\xabUP\x10\x05\xa8\x00\x00\x00\x00'
9.948 Disassembled: source: 31695, dest: 34321, seq: 62, ack: 2811013973, window: 1448, ACK
9.948 Acknowledged seq: 2811012525
9.949 Assembling: source: 34321, dest: 31695, seq: 2811013973, ack: 63, window: 1448, data: "complectitur sea"...
9.949 Sent: b'\x86\x11{\xcf\xa7\x8c\xabU\x00\x00\x00?P\x00\x05\xa8\x00\x00\x00\x00complectitur sea'...
9.951 Received: b'{\xcf\x86\x11\x00\x00\x00>\xa7\x8c\xb0\xfdP\x10\x05\xa8\x00\x00\x00\x00'
9.952 Disassembled: source: 31695, dest: 34321, seq: 62, ack: 2811015421, window: 1448, ACK
9.952 Acknowledged seq: 2811013973
9.952 Finished reading file
9.952 Assembling: source: 34321, dest: 31695, seq: 2811015421, ack: 63, window: 1448, data: "tempor ex ius. E"...
9.953 Sent: b'\x86\x11{\xcf\xa7\x8c\xb0\xfd\x00\x00\x00?P\x00\x05\xa8\x00\x00\x00\x00tempor ex ius. E'...
9.955 Received: b'{\xcf\x86\x11\x00\x00\x00>\xa7\x8c\xb1[P\x10\x05\xa8\x00\x00\x00\x00'
9.955 Disassembled: source: 31695, dest: 34321, seq: 62, ack: 2811015515, window: 1448, ACK
9.956 Acknowledged seq: 2811015421
9.956 Assembling: source: 34321, dest: 31695, seq: 2811015515, ack: 63, window: 1448, ACK, FIN
9.956 Sent: b'\x86\x11{\xcf\xa7\x8c\xb1[\x00\x00\x00?P\x11\x05\xa8\x00\x00\x00\x00'
9.958 Received: b'{\xcf\x86\x11\x00\x00\x00>\xa7\x8c\xb1\\P\x10\x05\xa8\x00\x00\x00\x00'
9.959 Disassembled: source: 31695, dest: 34321, seq: 62, ack: 2811015516, window: 1448, ACK
9.959 FIN accepted; sending final packet
9.959 Assembling: source: 34321, dest: 31695, seq: 2811015516, ack: 63, window: 1448, ACK
9.959 Sent: b'\x86\x11{\xcf\xa7\x8c\xb1\\\x00\x00\x00?P\x10\x05\xa8\x00\x00\x00\x00'
9.960 Closed connection
9.960 Shutting down
