0.000 NEW RUN: Server, TEST: Read_file__Large_multi-packet
0.214 Received: b'\xec\xff|\xc8\x00\x00\x00\x03\x00\x00\x00\x00P\x02\x05\xa8\x00\x00\x00\x00'
0.215 Disassembled: source: 60671, dest: 31944, seq: 3, window: 1448, SYN
0.215 SYN accepted; new connection: 127.0.0.1 on port 60671
0.215 Assembling: source: 31944, dest: 60671, seq: 186114847, ack: 4, window: 1448, ACK, SYN
0.215 Sent: b'|\xc8\xec\xff\x0b\x17\xe3\x1f\x00\x00\x00\x04P\x12\x05\xa8\x00\x00\x00\x00'
0.217 Received: b'\xec\xff|\xc8\x00\x00\x00\x04\x0b\x17\xe3 P\x10\x05\xa8\x00\x00\x00\x00'
0.217 Disassembled: source: 60671, dest: 31944, seq: 4, ack: 186114848, window: 1448, ACK
0.217 Handshake complete
0.217 Acknowledged seq: 186114847
0.217 Assembling: source: 31944, dest: 60671, seq: 186114848, ack: 5, window: 1448, data: "Lorem ipsum dolo"...
0.217 Sent: b'|\xc8\xec\xff\x0b\x17\xe3 \x00\x00\x00\x05P\x00\x05\xa8\x00\x00\x00\x00Lorem ipsum dolo'...
0.219 Received: b'\xec\xff|\xc8\x00\x00\x00\x04\x0b\x17\xe8\xc8P\x10\x05\xa8\x00\x00\x00\x00'
0.219 Disassembled: source: 60671, dest: 31944, seq: 4, ack: 186116296, window: 1448, ACK
0.219 Acknowledged seq: 186114848
0.219 Assembling: source: 31944, dest: 60671, seq: 186116296, ack: 5, window: 1448, data: "mprehensam nam, "...
0.220 Sent: b'|\xc8\xec\xff\x0b\x17\xe8\xc8\x00\x00\x00\x05P\x00\x05\xa8\x00\x00\x00\x00mprehensam nam, '...
0.221 Received: b'\xec\xff|\xc8\x00\x00\x00\x04\x0b\x17\xeepP\x10\x05\xa8\x00\x00\x00\x00'
0.221 Disassembled: source: 60671, dest: 31944, seq: 4, ack: 186117744, window: 1448, ACK
0.221 Acknowledged seq: 186116296
0.222 Assembling: source: 31944, dest: 60671, seq: 186117744, ack: 5, window: 1448, data: "ilisi repudiare "...
0.222 Sent: b'|\xc8\xec\xff\x0b\x17\xeep\x00\x00\x00\x05P\x00\x05\xa8\x00\x00\x00\x00ilisi repudiare '...
0.223 Received: b'\xec\xff|\xc8\x00\x00\x00\x04\x0b\x17\xf4\x18P\x10\x05\xa8\x00\x00\x00\x00'
0.223 Disassembled: source: 60671, dest: 31944, seq: 4, ack: 186119192, window: 1448, ACK
0.224 Acknowledged seq: 186117744
0.224 Assembling: source: 31944, dest: 60671, seq: 186119192, ack: 5, window: 1448, data: "ta.

Et essent s"...
0.224 Sent: b'|\xc8\xec\xff\x0b\x17\xf4\x18\x00\x00\x00\x05P\x00\x05\xa8\x00\x00\x00\x00ta.\n\nEt essent s'...
0.225 Received: b'\xec\xff|\xc8\x00\x00\x00\x04\x0b\x17\xf9\xc0P\x10\x05\xa8\x00\x00\x00\x00'
0.226 Disassembled: source: 60671, dest: 31944, seq: 4, ack: 186120640, window: 1448, ACK
0.226 Acknowledged seq: 186119192
0.226 Assembling: source: 31944, dest: 60671, seq: 186120640, ack: 5, window: 1448, data: " Nihil tractatos"...
0.226 Sent: b'|\xc8\xec\xff\x0b\x17\xf9\xc0\x00\x00\x00\x05P\x00\x05\xa8\x00\x00\x00\x00 Nihil tractatos'...
0.227 Received: b'\xec\xff|\xc8\x00\x00\x00\x04\x0b\x17\xffhP\x10\x05\xa8\x00\x00\x00\x00'
0.228 Disassembled: source: 60671, dest: 31944, seq: 4, ack: 186122088, window: 1448, ACK
0.228 Acknowledged seq: 186120640
0.228 Assembling: source: 31944, dest: 60671, seq: 186122088, ack: 5, window: 1448, data: "fert iuvaret sap"...
0.228 Sent: b'|\xc8\xec\xff\x0b\x17\xffh\x00\x00\x00\x05P\x00\x05\xa8\x00\x00\x00\x00fert iuvaret sap'...
0.230 Received: b'\xec\xff|\xc8\x00\x00\x00\x04\x0b\x18\x05\x10P\x10\x05\xa8\x00\x00\x00\x00'
0.230 Disassembled: source: 60671, dest: 31944, seq: 4, ack: 186123536, window: 1448, ACK
0.230 Acknowledged seq: 186122088
0.230 Assembling: source: 31944, dest: 60671, seq: 186123536, ack: 5, window: 1448, data: "ram adipiscing, "...
0.230 Sent: b'|\xc8\xec\xff\x0b\x18\x05\x10\x00\x00\x00\x05P\x00\x05\xa8\x00\x00\x00\x00ram adipiscing, '...
0.232 Received: b'\xec\xff|\xc8\x00\x00\x00\x04\x0b\x18\n\xb8P\x10\x05\xa8\x00\x00\x00\x00'
0.232 Disassembled: source: 60671, dest: 31944, seq: 4, ack: 186124984, window: 1448, ACK
0.232 Acknowledged seq: 186123536
0.232 Assembling: source: 31944, dest: 60671, seq: 186124984, ack: 5, window: 1448, data: "m veritus vivend"...
0.233 Sent: b'|\xc8\xec\xff\x0b\x18\n\xb8\x00\x00\x00\x05P\x00\x05\xa8\x00\x00\x00\x00m veritus vivend'...
0.234 Received: b'\xec\xff|\xc8\x00\x00\x00\x04\x0b\x18\x10`P\x10\x05\xa8\x00\x00\x00\x00'
0.234 Disassembled: source: 60671, dest: 31944, seq: 4, ack: 186126432, window: 1448, ACK
0.234 Acknowledged seq: 186124984
0.235 Assembling: source: 31944, dest: 60671, seq: 186126432, ack: 5, window: 1448, data: " delenit, ignota"...
0.235 Sent: b'|\xc8\xec\xff\x0b\x18\x10`\x00\x00\x00\x05P\x00\x05\xa8\x00\x00\x00\x00 delenit, ignota'...
0.236 Received: b'\xec\xff|\xc8\x00\x00\x00\x04\x0b\x18\x16\x08P\x10\x05\xa8\x00\x00\x00\x00'
0.237 Disassembled: source: 60671, dest: 31944, seq: 4, ack: 186127880, window: 1448, ACK
0.237 Acknowledged seq: 186126432
0.237 Assembling: source: 31944, dest: 60671, seq: 186127880, ack: 5, window: 1448, data: "se explicari des"...
0.237 Sent: b'|\xc8\xec\xff\x0b\x18\x16\x08\x00\x00\x00\x05P\x00\x05\xa8\x00\x00\x00\x00se explicari des'...
0.239 Received: b'\xec\xff|\xc8\x00\x00\x00\x04\x0b\x18\x1b\xb0P\x10\x05\xa8\x00\x00\x00\x00'
0.239 Disassembled: source: 60671, dest: 31944, seq: 4, ack: 186129328, window: 1448, ACK
0.239 Acknowledged seq: 186127880
0.239 Assembling: source: 31944, dest: 60671, seq: 186129328, ack: 5, window: 1448, data: "piscing, in modo"...
0.240 Sent: b'|\xc8\xec\xff\x0b\x18\x1b\xb0\x00\x00\x00\x05P\x00\x05\xa8\x00\x00\x00\x00piscing, in modo'...
0.241 Received: b'\xec\xff|\xc8\x00\x00\x00\x04\x0b\x18!XP\x10\x05\xa8\x00\x00\x00\x00'
0.241 Disassembled: source: 60671, dest: 31944, seq: 4, ack: 186130776, window: 1448, ACK
0.242 Acknowledged seq: 186129328
0.242 Assembling: source: 31944, dest: 60671, seq: 186130776, ack: 5, window: 1448, data: "o copiosae tacim"...
0.242 Sent: b'|\xc8\xec\xff\x0b\x18!X\x00\x00\x00\x05P\x00\x05\xa8\x00\x00\x00\x00o copiosae tacim'...
0.243 Received: b"\xec\xff|\xc8\x00\x00\x00\x04\x0b\x18'\x00P\x10\x05\xa8\x00\x00\x00\x00"
0.244 Disassembled: source: 60671, dest: 31944, seq: 4, ack: 186132224, window: 1448, ACK
0.244 Acknowledged seq: 186130776
0.244 Assembling: source: 31944, dest: 60671, seq: 186132224, ack: 5, window: 1448, data: "am. Pri ne antio"...
0.244 Sent: b"|\xc8\xec\xff\x0b\x18'\x00\x00\x00\x00\x05P\x00\x05\xa8\x00\x00\x00\x00am. Pri ne antio"...
0.246 Received: b'\xec\xff|\xc8\x00\x00\x00\x04\x0b\x18,\xa8P\x10\x05\xa8\x00\x00\x00\x00'
0.246 Disassembled: source: 60671, dest: 31944, seq: 4, ack: 186133672, window: 1448, ACK
0.246 Acknowledged seq: 186132224
0.247 Assembling: source: 31944, dest: 60671, seq: 186133672, ack: 5, window: 1448, data: "to no. Elitr pos"...
0.247 Sent: b'|\xc8\xec\xff\x0b\x18,\xa8\x00\x00\x00\x05P\x00\x05\xa8\x00\x00\x00\x00to no. Elitr pos'...
0.248 Received: b'\xec\xff|\xc8\x00\x00\x00\x04\x0b\x182PP\x10\x05\xa8\x00\x00\x00\x00'
0.249 Disassembled: source: 60671, dest: 31944, seq: 4, ack: 186135120, window: 1448, ACK
0.249 Acknowledged seq: 186133672
0.249 Assembling: source: 31944, dest: 60671, seq: 186135120, ack: 5, window: 1448, data: "pretaris, sea ex"...
0.249 Sent: b'|\xc8\xec\xff\x0b\x182P\x00\x00\x00\x05P\x00\x05\xa8\x00\x00\x00\x00pretaris, sea ex'...
0.251 Received: b'\xec\xff|\xc8\x00\x00\x00\x04\x0b\x187\xf8P\x10\x05\xa8\x00\x00\x00\x00'
0.251 Disassembled: source: 60671, dest: 31944, seq: 4, ack: 186136568, window: 1448, ACK
0.251 Acknowledged seq: 186135120
0.252 Assembling: source: 31944, dest: 60671, seq: 186136568, ack: 5, window: 1448, data: "oporteat inimicu"...
0.252 Sent: b'|\xc8\xec\xff\x0b\x187\xf8\x00\x00\x00\x05P\x00\x05\xa8\x00\x00\x00\x00oporteat inimicu'...
0.253 Received: b'\xec\xff|\xc8\x00\x00\x00\x04\x0b\x18=\xa0P\x10\x05\xa8\x00\x00\x00\x00'
0.254 Disassembled: source: 60671, dest: 31944, seq: 4, ack: 186138016, window: 1448, ACK
0.254 Acknowledged seq: 186136568
0.254 Assembling: source: 31944, dest: 60671, seq: 186138016, ack: 5, window: 1448, data: "ligendi officiis"...
0.254 Sent: b'|\xc8\xec\xff\x0b\x18=\xa0\x00\x00\x00\x05P\x00\x05\xa8\x00\x00\x00\x00ligendi officiis'...
0.256 Received: b'\xec\xff|\xc8\x00\x00\x00\x04\x0b\x18CHP\x10\x05\xa8\x00\x00\x00\x00'
0.256 Disassembled: source: 60671, dest: 31944, seq: 4, ack: 186139464, window: 1448, ACK
0.256 Acknowledged seq: 186138016
0.257 Assembling: source: 31944, dest: 60671, seq: 186139464, ack: 5, window: 1448, data: "no vel regione i"...
0.257 Sent: b'|\xc8\xec\xff\x0b\x18CH\x00\x00\x00\x05P\x00\x05\xa8\x00\x00\x00\x00no vel regione i'...
0.258 Received: b'\xec\xff|\xc8\x00\x00\x00\x04\x0b\x18H\xf0P\x10\x05\xa8\x00\x00\x00\x00'
0.259 Disassembled: source: 60671, dest: 31944, seq: 4, ack: 186140912, window: 1448, ACK
0.259 Acknowledged seq: 186139464
0.259 Assembling: source: 31944, dest: 60671, seq: 186140912, ack: 5, window: 1448, data: "ibus vis ex, pro"...
0.260 Sent: b'|\xc8\xec\xff\x0b\x18H\xf0\x00\x00\x00\x05P\x00\x05\xa8\x00\x00\x00\x00ibus vis ex, pro'...
0.261 Received: b'\xec\xff|\xc8\x00\x00\x00\x04\x0b\x18N\x98P\x10\x05\xa8\x00\x00\x00\x00'
0.262 Disassembled: source: 60671, dest: 31944, seq: 4, ack: 186142360, window: 1448, ACK
0.262 Acknowledged seq: 186140912
0.262 Assembling: source: 31944, dest: 60671, seq: 186142360, ack: 5, window: 1448, data: "o vix, mel ea li"...
0.262 Sent: b'|\xc8\xec\xff\x0b\x18N\x98\x00\x00\x00\x05P\x00\x05\xa8\x00\x00\x00\x00o vix, mel ea li'...
0.264 Received: b'\xec\xff|\xc8\x00\x00\x00\x04\x0b\x18T@P\x10\x05\xa8\x00\x00\x00\x00'
0.264 Disassembled: source: 60671, dest: 31944, seq: 4, ack: 186143808, window: 1448, ACK
0.264 Acknowledged seq: 186142360
0.264 Assembling: source: 31944, dest: 60671, seq: 186143808, ack: 5, window: 1448, data: "d. Ex fugit suav"...
0.265 Sent: b'|\xc8\xec\xff\x0b\x18T@\x00\x00\x00\x05P\x00\x05\xa8\x00\x00\x00\x00d. Ex fugit suav'...
0.266 Received: b'\xec\xff|\xc8\x00\x00\x00\x04\x0b\x18Y\xe8P\x10\x05\xa8\x00\x00\x00\x00'
0.267 Disassembled: source: 60671, dest: 31944, seq: 4, ack: 186145256, window: 1448, ACK
0.267 Acknowledged seq: 186143808
0.267 Assembling: source: 31944, dest: 60671, seq: 186145256, ack: 5, window: 1448, data: "pertinax nec. De"...
0.267 Sent: b'|\xc8\xec\xff\x0b\x18Y\xe8\x00\x00\x00\x05P\x00\x05\xa8\x00\x00\x00\x00pertinax nec. De'...
0.269 Received: b'\xec\xff|\xc8\x00\x00\x00\x04\x0b\x18_\x90P\x10\x05\xa8\x00\x00\x00\x00'
0.269 Disassembled: source: 60671, dest: 31944, seq: 4, ack: 186146704, window: 1448, ACK
0.269 Acknowledged seq: 186145256
0.270 Assembling: source: 31944, dest: 60671, seq: 186146704, ack: 5, window: 1448, data: "lli primis praes"...
0.270 Sent: b'|\xc8\xec\xff\x0b\x18_\x90\x00\x00\x00\x05P\x00\x05\xa8\x00\x00\x00\x00lli primis praes'...
0.271 Received: b'\xec\xff|\xc8\x00\x00\x00\x04\x0b\x18e8P\x10\x05\xa8\x00\x00\x00\x00'
0.272 Disassembled: source: 60671, dest: 31944, seq: 4, ack: 186148152, window: 1448, ACK
0.272 Acknowledged seq: 186146704
0.272 Assembling: source: 31944, dest: 60671, seq: 186148152, ack: 5, window: 1448, data: "m, percipit inte"...
0.272 Sent: b'|\xc8\xec\xff\x0b\x18e8\x00\x00\x00\x05P\x00\x05\xa8\x00\x00\x00\x00m, percipit inte'...
0.274 Received: b'\xec\xff|\xc8\x00\x00\x00\x04\x0b\x18j\xe0P\x10\x05\xa8\x00\x00\x00\x00'
0.274 Disassembled: source: 60671, dest: 31944, seq: 4, ack: 186149600, window: 1448, ACK
0.275 Acknowledged seq: 186148152
0.275 Assembling: source: 31944, dest: 60671, seq: 186149600, ack: 5, window: 1448, data: "nani docendi pat"...
0.275 Sent: b'|\xc8\xec\xff\x0b\x18j\xe0\x00\x00\x00\x05P\x00\x05\xa8\x00\x00\x00\x00nani docendi pat'...
0.277 Received: b'\xec\xff|\xc8\x00\x00\x00\x04\x0b\x18p\x88P\x10\x05\xa8\x00\x00\x00\x00'
0.277 Disassembled: source: 60671, dest: 31944, seq: 4, ack: 186151048, window: 1448, ACK
0.277 Acknowledged seq: 186149600
0.278 Assembling: source: 31944, dest: 60671, seq: 186151048, ack: 5, window: 1448, data: " vis decore poss"...
0.278 Sent: b'|\xc8\xec\xff\x0b\x18p\x88\x00\x00\x00\x05P\x00\x05\xa8\x00\x00\x00\x00 vis decore poss'...
0.280 Received: b'\xec\xff|\xc8\x00\x00\x00\x04\x0b\x18v0P\x10\x05\xa8\x00\x00\x00\x00'
0.280 Disassembled: source: 60671, dest: 31944, seq: 4, ack: 186152496, window: 1448, ACK
0.280 Acknowledged seq: 186151048
0.280 Assembling: source: 31944, dest: 60671, seq: 186152496, ack: 5, window: 1448, data: "eam odio corpora"...
0.281 Sent: b'|\xc8\xec\xff\x0b\x18v0\x00\x00\x00\x05P\x00\x05\xa8\x00\x00\x00\x00eam odio corpora'...
0.282 Received: b'\xec\xff|\xc8\x00\x00\x00\x04\x0b\x18{\xd8P\x10\x05\xa8\x00\x00\x00\x00'
0.283 Disassembled: source: 60671, dest: 31944, seq: 4, ack: 186153944, window: 1448, ACK
0.283 Acknowledged seq: 186152496
0.283 Assembling: source: 31944, dest: 60671, seq: 186153944, ack: 5, window: 1448, data: " est. Usu sanctu"...
0.283 Sent: b'|\xc8\xec\xff\x0b\x18{\xd8\x00\x00\x00\x05P\x00\x05\xa8\x00\x00\x00\x00 est. Usu sanctu'...
0.285 Received: b'\xec\xff|\xc8\x00\x00\x00\x04\x0b\x18\x81\x80P\x10\x05\xa8\x00\x00\x00\x00'
0.286 Disassembled: source: 60671, dest: 31944, seq: 4, ack: 186155392, window: 1448, ACK
0.286 Acknowledged seq: 186153944
0.286 Assembling: source: 31944, dest: 60671, seq: 186155392, ack: 5, window: 1448, data: ".

Mei graeco ae"...
0.286 Sent: b'|\xc8\xec\xff\x0b\x18\x81\x80\x00\x00\x00\x05P\x00\x05\xa8\x00\x00\x00\x00.\n\nMei graeco ae'...
0.288 Received: b'\xec\xff|\xc8\x00\x00\x00\x04\x0b\x18\x87(P\x10\x05\xa8\x00\x00\x00\x00'
0.289 Disassembled: source: 60671, dest: 31944, seq: 4, ack: 186156840, window: 1448, ACK
0.289 Acknowledged seq: 186155392
0.289 Assembling: source: 31944, dest: 60671, seq: 186156840, ack: 5, window: 1448, data: "et. Ne sea primi"...
0.289 Sent: b'|\xc8\xec\xff\x0b\x18\x87(\x00\x00\x00\x05P\x00\x05\xa8\x00\x00\x00\x00et. Ne sea primi'...
0.291 Received: b'\xec\xff|\xc8\x00\x00\x00\x04\x0b\x18\x8c\xd0P\x10\x05\xa8\x00\x00\x00\x00'
0.292 Disassembled: source: 60671, dest: 31944, seq: 4, ack: 186158288, window: 1448, ACK
0.292 Acknowledged seq: 186156840
0.292 Assembling: source: 31944, dest: 60671, seq: 186158288, ack: 5, window: 1448, data: "ittam convenire."...
0.292 Sent: b'|\xc8\xec\xff\x0b\x18\x8c\xd0\x00\x00\x00\x05P\x00\x05\xa8\x00\x00\x00\x00ittam convenire.'...
0.294 Received: b'\xec\xff|\xc8\x00\x00\x00\x04\x0b\x18\x92xP\x10\x05\xa8\x00\x00\x00\x00'
0.295 Disassembled: source: 60671, dest: 31944, seq: 4, ack: 186159736, window: 1448, ACK
0.295 Acknowledged seq: 186158288
0.295 Assembling: source: 31944, dest: 60671, seq: 186159736, ack: 5, window: 1448, data: "ua et vis, id eu"...
0.295 Sent: b'|\xc8\xec\xff\x0b\x18\x92x\x00\x00\x00\x05P\x00\x05\xa8\x00\x00\x00\x00ua et vis, id eu'...
0.297 Received: b'\xec\xff|\xc8\x00\x00\x00\x04\x0b\x18\x98 P\x10\x05\xa8\x00\x00\x00\x00'
0.298 Disassembled: source: 60671, dest: 31944, seq: 4, ack: 186161184, window: 1448, ACK
0.298 Acknowledged seq: 186159736
0.298 Assembling: source: 31944, dest: 60671, seq: 186161184, ack: 5, window: 1448, data: "r. Et velit appa"...
0.298 Sent: b'|\xc8\xec\xff\x0b\x18\x98 \x00\x00\x00\x05P\x00\x05\xa8\x00\x00\x00\x00r. Et velit appa'...
0.300 Received: b'\xec\xff|\xc8\x00\x00\x00\x04\x0b\x18\x9d\xc8P\x10\x05\xa8\x00\x00\x00\x00'
0.301 Disassembled: source: 60671, dest: 31944, seq: 4, ack: 186162632, window: 1448, ACK
0.301 Acknowledged seq: 186161184
0.301 Assembling: source: 31944, dest: 60671, seq: 186162632, ack: 5, window: 1448, data: " novum laudem, v"...
0.301 Sent: b'|\xc8\xec\xff\x0b\x18\x9d\xc8\x00\x00\x00\x05P\x00\x05\xa8\x00\x00\x00\x00 novum laudem, v'...
0.303 Received: b'\xec\xff|\xc8\x00\x00\x00\x04\x0b\x18\xa3pP\x10\x05\xa8\x00\x00\x00\x00'
0.304 Disassembled: source: 60671, dest: 31944, seq: 4, ack: 186164080, window: 1448, ACK
0.304 Acknowledged seq: 186162632
0.304 Assembling: source: 31944, dest: 60671, seq: 186164080, ack: 5, window: 1448, data: "luptatibus, cibo"...
0.304 Sent: b'|\xc8\xec\xff\x0b\x18\xa3p\x00\x00\x00\x05P\x00\x05\xa8\x00\x00\x00\x00luptatibus, cibo'...
0.306 Received: b'\xec\xff|\xc8\x00\x00\x00\x04\x0b\x18\xa9\x18P\x10\x05\xa8\x00\x00\x00\x00'
0.307 Disassembled: source: 60671, dest: 31944, seq: 4, ack: 186165528, window: 1448, ACK
0.307 Acknowledged seq: 186164080
0.307 Assembling: source: 31944, dest: 60671, seq: 186165528, ack: 5, window: 1448, data: "alii indoctum ma"...
0.307 Sent: b'|\xc8\xec\xff\x0b\x18\xa9\x18\x00\x00\x00\x05P\x00\x05\xa8\x00\x00\x00\x00alii indoctum ma'...
0.309 Received: b'\xec\xff|\xc8\x00\x00\x00\x04\x0b\x18\xae\xc0P\x10\x05\xa8\x00\x00\x00\x00'
0.310 Disassembled: source: 60671, dest: 31944, seq: 4, ack: 186166976, window: 1448, ACK
0.310 Acknowledged seq: 186165528
0.310 Assembling: source: 31944, dest: 60671, seq: 186166976, ack: 5, window: 1448, data: "im, his facete c"...
0.311 Sent: b'|\xc8\xec\xff\x0b\x18\xae\xc0\x00\x00\x00\x05P\x00\x05\xa8\x00\x00\x00\x00im, his facete c'...
0.312 Received: b'\xec\xff|\xc8\x00\x00\x00\x04\x0b\x18\xb4hP\x10\x05\xa8\x00\x00\x00\x00'
0.313 Disassembled: source: 60671, dest: 31944, seq: 4, ack: 186168424, window: 1448, ACK
0.313 Acknowledged seq: 186166976
0.313 Assembling: source: 31944, dest: 60671, seq: 186168424, ack: 5, window: 1448, data: "e alia dolor com"...
0.314 Sent: b'|\xc8\xec\xff\x0b\x18\xb4h\x00\x00\x00\x05P\x00\x05\xa8\x00\x00\x00\x00e alia dolor com'...
0.316 Received: b'\xec\xff|\xc8\x00\x00\x00\x04\x0b\x18\xba\x10P\x10\x05\xa8\x00\x00\x00\x00'
0.316 Disassembled: source: 60671, dest: 31944, seq: 4, ack: 186169872, window: 1448, ACK
0.316 Acknowledged seq: 186168424
0.316 Assembling: source: 31944, dest: 60671, seq: 186169872, ack: 5, window: 1448, data: "it ea, reque tem"...
0.317 Sent: b'|\xc8\xec\xff\x0b\x18\xba\x10\x00\x00\x00\x05P\x00\x05\xa8\x00\x00\x00\x00it ea, reque tem'...
0.319 Received: b'\xec\xff|\xc8\x00\x00\x00\x04\x0b\x18\xbf\xb8P\x10\x05\xa8\x00\x00\x00\x00'
0.319 Disassembled: source: 60671, dest: 31944, seq: 4, ack: 186171320, window: 1448, ACK
0.319 Acknowledged seq: 186169872
0.320 Assembling: source: 31944, dest: 60671, seq: 186171320, ack: 5, window: 1448, data: "alisque.

Equide"...
0.320 Sent: b'|\xc8\xec\xff\x0b\x18\xbf\xb8\x00\x00\x00\x05P\x00\x05\xa8\x00\x00\x00\x00alisque.\n\nEquide'...
0.322 Received: b'\xec\xff|\xc8\x00\x00\x00\x04\x0b\x18\xc5`P\x10\x05\xa8\x00\x00\x00\x00'
0.322 Disassembled: source: 60671, dest: 31944, seq: 4, ack: 186172768, window: 1448, ACK
0.322 Acknowledged seq: 186171320
0.323 Assembling: source: 31944, dest: 60671, seq: 186172768, ack: 5, window: 1448, data: "finitiones, affe"...
0.323 Sent: b'|\xc8\xec\xff\x0b\x18\xc5`\x00\x00\x00\x05P\x00\x05\xa8\x00\x00\x00\x00finitiones, affe'...
0.325 Received: b'\xec\xff|\xc8\x00\x00\x00\x04\x0b\x18\xcb\x08P\x10\x05\xa8\x00\x00\x00\x00'
0.325 Disassembled: source: 60671, dest: 31944, seq: 4, ack: 186174216, window: 1448, ACK
0.326 Acknowledged seq: 186172768
0.326 Assembling: source: 31944, dest: 60671, seq: 186174216, ack: 5, window: 1448, data: "his duis graeco "...
0.326 Sent: b'|\xc8\xec\xff\x0b\x18\xcb\x08\x00\x00\x00\x05P\x00\x05\xa8\x00\x00\x00\x00his duis graeco '...
0.328 Received: b'\xec\xff|\xc8\x00\x00\x00\x04\x0b\x18\xd0\xb0P\x10\x05\xa8\x00\x00\x00\x00'
0.328 Disassembled: source: 60671, dest: 31944, seq: 4, ack: 186175664, window: 1448, ACK
0.329 Acknowledged seq: 186174216
0.329 Assembling: source: 31944, dest: 60671, seq: 186175664, ack: 5, window: 1448, data: "am. Alia possit "...
0.329 Sent: b'|\xc8\xec\xff\x0b\x18\xd0\xb0\x00\x00\x00\x05P\x00\x05\xa8\x00\x00\x00\x00am. Alia possit '...
0.331 Received: b'\xec\xff|\xc8\x00\x00\x00\x04\x0b\x18\xd6XP\x10\x05\xa8\x00\x00\x00\x00'
0.332 Disassembled: source: 60671, dest: 31944, seq: 4, ack: 186177112, window: 1448, ACK
0.332 Acknowledged seq: 186175664
0.332 Assembling: source: 31944, dest: 60671, seq: 186177112, ack: 5, window: 1448, data: "cum an. Mei faci"...
0.332 Sent: b'|\xc8\xec\xff\x0b\x18\xd6X\x00\x00\x00\x05P\x00\x05\xa8\x00\x00\x00\x00cum an. Mei faci'...
0.334 Received: b'\xec\xff|\xc8\x00\x00\x00\x04\x0b\x18\xdc\x00P\x10\x05\xa8\x00\x00\x00\x00'
0.335 Disassembled: source: 60671, dest: 31944, seq: 4, ack: 186178560, window: 1448, ACK
0.335 Acknowledged seq: 186177112
0.335 Assembling: source: 31944, dest: 60671, seq: 186178560, ack: 5, window: 1448, data: " vis adhuc tatio"...
0.336 Sent: b'|\xc8\xec\xff\x0b\x18\xdc\x00\x00\x00\x00\x05P\x00\x05\xa8\x00\x00\x00\x00 vis adhuc tatio'...
0.338 Received: b'\xec\xff|\xc8\x00\x00\x00\x04\x0b\x18\xe1\xa8P\x10\x05\xa8\x00\x00\x00\x00'
0.338 Disassembled: source: 60671, dest: 31944, seq: 4, ack: 186180008, window: 1448, ACK
0.338 Acknowledged seq: 186178560
0.339 Assembling: source: 31944, dest: 60671, seq: 186180008, ack: 5, window: 1448, data: "im eu option iuv"...
0.339 Sent: b'|\xc8\xec\xff\x0b\x18\xe1\xa8\x00\x00\x00\x05P\x00\x05\xa8\x00\x00\x00\x00im eu option iuv'...
0.341 Received: b'\xec\xff|\xc8\x00\x00\x00\x04\x0b\x18\xe7PP\x10\x05\xa8\x00\x00\x00\x00'
0.341 Disassembled: source: 60671, dest: 31944, seq: 4, ack: 186181456, window: 1448, ACK
0.342 Acknowledged seq: 186180008
0.342 Assembling: source: 31944, dest: 60671, seq: 186181456, ack: 5, window: 1448, data: "ex epicurei taci"...
0.342 Sent: b'|\xc8\xec\xff\x0b\x18\xe7P\x00\x00\x00\x05P\x00\x05\xa8\x00\x00\x00\x00ex epicurei taci'...
0.344 Received: b'\xec\xff|\xc8\x00\x00\x00\x04\x0b\x18\xec\xf8P\x10\x05\xa8\x00\x00\x00\x00'
0.344 Disassembled: source: 60671, dest: 31944, seq: 4, ack: 186182904, window: 1448, ACK
0.345 Acknowledged seq: 186181456
0.345 Assembling: source: 31944, dest: 60671, seq: 186182904, ack: 5, window: 1448, data: "ebat, eu pro ero"...
0.345 Sent: b'|\xc8\xec\xff\x0b\x18\xec\xf8\x00\x00\x00\x05P\x00\x05\xa8\x00\x00\x00\x00ebat, eu pro ero'...
0.347 Received: b'\xec\xff|\xc8\x00\x00\x00\x04\x0b\x18\xf2\xa0P\x10\x05\xa8\x00\x00\x00\x00'
0.347 Disassembled: source: 60671, dest: 31944, seq: 4, ack: 186184352, window: 1448, ACK
0.347 Acknowledged seq: 186182904
0.348 Assembling: source: 31944, dest: 60671, seq: 186184352, ack: 5, window: 1448, data: "s. Per no sale v"...
0.348 Sent: b'|\xc8\xec\xff\x0b\x18\xf2\xa0\x00\x00\x00\x05P\x00\x05\xa8\x00\x00\x00\x00s. Per no sale v'...
0.350 Received: b'\xec\xff|\xc8\x00\x00\x00\x04\x0b\x18\xf8HP\x10\x05\xa8\x00\x00\x00\x00'
0.350 Disassembled: source: 60671, dest: 31944, seq: 4, ack: 186185800, window: 1448, ACK
0.350 Acknowledged seq: 186184352
0.351 Assembling: source: 31944, dest: 60671, seq: 186185800, ack: 5, window: 1448, data: "orrupte ea mel. "...
0.351 Sent: b'|\xc8\xec\xff\x0b\x18\xf8H\x00\x00\x00\x05P\x00\x05\xa8\x00\x00\x00\x00orrupte ea mel. '...
0.353 Received: b'\xec\xff|\xc8\x00\x00\x00\x04\x0b\x18\xfd\xf0P\x10\x05\xa8\x00\x00\x00\x00'
0.353 Disassembled: source: 60671, dest: 31944, seq: 4, ack: 186187248, window: 1448, ACK
0.353 Acknowledged seq: 186185800
0.354 Assembling: source: 31944, dest: 60671, seq: 186187248, ack: 5, window: 1448, data: ". Est iracundia "...
0.354 Sent: b'|\xc8\xec\xff\x0b\x18\xfd\xf0\x00\x00\x00\x05P\x00\x05\xa8\x00\x00\x00\x00. Est iracundia '...
0.356 Received: b'\xec\xff|\xc8\x00\x00\x00\x04\x0b\x19\x03\x98P\x10\x05\xa8\x00\x00\x00\x00'
0.356 Disassembled: source: 60671, dest: 31944, seq: 4, ack: 186188696, window: 1448, ACK
0.357 Acknowledged seq: 186187248
0.357 Assembling: source: 31944, dest: 60671, seq: 186188696, ack: 5, window: 1448, data: "pta probatus scr"...
0.357 Sent: b'|\xc8\xec\xff\x0b\x19\x03\x98\x00\x00\x00\x05P\x00\x05\xa8\x00\x00\x00\x00pta probatus scr'...
0.359 Received: b'\xec\xff|\xc8\x00\x00\x00\x04\x0b\x19\t@P\x10\x05\xa8\x00\x00\x00\x00'
0.360 Disassembled: source: 60671, dest: 31944, seq: 4, ack: 186190144, window: 1448, ACK
0.360 Acknowledged seq: 186188696
0.360 Assembling: source: 31944, dest: 60671, seq: 186190144, ack: 5, window: 1448, data: "entur ei, pro ei"...
0.360 Sent: b'|\xc8\xec\xff\x0b\x19\t@\x00\x00\x00\x05P\x00\x05\xa8\x00\x00\x00\x00entur ei, pro ei'...
0.362 Received: b'\xec\xff|\xc8\x00\x00\x00\x04\x0b\x19\x0e\xe8P\x10\x05\xa8\x00\x00\x00\x00'
0.363 Disassembled: source: 60671, dest: 31944, seq: 4, ack: 186191592, window: 1448, ACK
0.363 Acknowledged seq: 186190144
0.363 Assembling: source: 31944, dest: 60671, seq: 186191592, ack: 5, window: 1448, data: "simul euismod vi"...
0.363 Sent: b'|\xc8\xec\xff\x0b\x19\x0e\xe8\x00\x00\x00\x05P\x00\x05\xa8\x00\x00\x00\x00simul euismod vi'...
0.365 Received: b'\xec\xff|\xc8\x00\x00\x00\x04\x0b\x19\x14\x90P\x10\x05\xa8\x00\x00\x00\x00'
0.366 Disassembled: source: 60671, dest: 31944, seq: 4, ack: 186193040, window: 1448, ACK
0.366 Acknowledged seq: 186191592
0.366 Assembling: source: 31944, dest: 60671, seq: 186193040, ack: 5, window: 1448, data: ", eam id iudico "...
0.367 Sent: b'|\xc8\xec\xff\x0b\x19\x14\x90\x00\x00\x00\x05P\x00\x05\xa8\x00\x00\x00\x00, eam id iudico '...
0.368 Received: b'\xec\xff|\xc8\x00\x00\x00\x04\x0b\x19\x1a8P\x10\x05\xa8\x00\x00\x00\x00'
0.369 Disassembled: source: 60671, dest: 31944, seq: 4, ack: 186194488, window: 1448, ACK
0.369 Acknowledged seq: 186193040
0.369 Assembling: source: 31944, dest: 60671, seq: 186194488, ack: 5, window: 1448, data: "m vix. Ea est mu"...
0.370 Sent: b'|\xc8\xec\xff\x0b\x19\x1a8\x00\x00\x00\x05P\x00\x05\xa8\x00\x00\x00\x00m vix. Ea est mu'...
0.372 Received: b'\xec\xff|\xc8\x00\x00\x00\x04\x0b\x19\x1f\xe0P\x10\x05\xa8\x00\x00\x00\x00'
0.372 Disassembled: source: 60671, dest: 31944, seq: 4, ack: 186195936, window: 1448, ACK
0.372 Acknowledged seq: 186194488
0.373 Assembling: source: 31944, dest: 60671, seq: 186195936, ack: 5, window: 1448, data: "olor sit amet, e"...
0.373 Sent: b'|\xc8\xec\xff\x0b\x19\x1f\xe0\x00\x00\x00\x05P\x00\x05\xa8\x00\x00\x00\x00olor sit amet, e'...
0.375 Received: b'\xec\xff|\xc8\x00\x00\x00\x04\x0b\x19%\x88P\x10\x05\xa8\x00\x00\x00\x00'
0.375 Disassembled: source: 60671, dest: 31944, seq: 4, ack: 186197384, window: 1448, ACK
0.375 Acknowledged seq: 186195936
0.376 Assembling: source: 31944, dest: 60671, seq: 186197384, ack: 5, window: 1448, data: "m, aperiam iudic"...
0.376 Sent: b'|\xc8\xec\xff\x0b\x19%\x88\x00\x00\x00\x05P\x00\x05\xa8\x00\x00\x00\x00m, aperiam iudic'...
0.378 Received: b'\xec\xff|\xc8\x00\x00\x00\x04\x0b\x19+0P\x10\x05\xa8\x00\x00\x00\x00'
0.378 Disassembled: source: 60671, dest: 31944, seq: 4, ack: 186198832, window: 1448, ACK
0.379 Acknowledged seq: 186197384
0.379 Assembling: source: 31944, dest: 60671, seq: 186198832, ack: 5, window: 1448, data: "re sea. No eos d"...
0.379 Sent: b'|\xc8\xec\xff\x0b\x19+0\x00\x00\x00\x05P\x00\x05\xa8\x00\x00\x00\x00re sea. No eos d'...
0.381 Received: b'\xec\xff|\xc8\x00\x00\x00\x04\x0b\x190\xd8P\x10\x05\xa8\x00\x00\x00\x00'
0.382 Disassembled: source: 60671, dest: 31944, seq: 4, ack: 186200280, window: 1448, ACK
0.382 Acknowledged seq: 186198832
0.382 Assembling: source: 31944, dest: 60671, seq: 186200280, ack: 5, window: 1448, data: "t scripta philos"...
0.382 Sent: b'|\xc8\xec\xff\x0b\x190\xd8\x00\x00\x00\x05P\x00\x05\xa8\x00\x00\x00\x00t scripta philos'...
0.384 Received: b'\xec\xff|\xc8\x00\x00\x00\x04\x0b\x196\x80P\x10\x05\xa8\x00\x00\x00\x00'
0.385 Disassembled: source: 60671, dest: 31944, seq: 4, ack: 186201728, window: 1448, ACK
0.385 Acknowledged seq: 186200280
0.385 Assembling: source: 31944, dest: 60671, seq: 186201728, ack: 5, window: 1448, data: "tos sadipscing e"...
0.386 Sent: b'|\xc8\xec\xff\x0b\x196\x80\x00\x00\x00\x05P\x00\x05\xa8\x00\x00\x00\x00tos sadipscing e'...
0.388 Received: b'\xec\xff|\xc8\x00\x00\x00\x04\x0b\x19<(P\x10\x05\xa8\x00\x00\x00\x00'
0.388 Disassembled: source: 60671, dest: 31944, seq: 4, ack: 186203176, window: 1448, ACK
0.388 Acknowledged seq: 186201728
0.388 Assembling: source: 31944, dest: 60671, seq: 186203176, ack: 5, window: 1448, data: "sapientem ea, ad"...
0.389 Sent: b'|\xc8\xec\xff\x0b\x19<(\x00\x00\x00\x05P\x00\x05\xa8\x00\x00\x00\x00sapientem ea, ad'...
0.391 Received: b'\xec\xff|\xc8\x00\x00\x00\x04\x0b\x19A\xd0P\x10\x05\xa8\x00\x00\x00\x00'
0.391 Disassembled: source: 60671, dest: 31944, seq: 4, ack: 186204624, window: 1448, ACK
0.391 Acknowledged seq: 186203176
0.392 Assembling: source: 31944, dest: 60671, seq: 186204624, ack: 5, window: 1448, data: "g, ei invenire p"...
0.392 Sent: b'|\xc8\xec\xff\x0b\x19A\xd0\x00\x00\x00\x05P\x00\x05\xa8\x00\x00\x00\x00g, ei invenire p'...
0.394 Received: b'\xec\xff|\xc8\x00\x00\x00\x04\x0b\x19GxP\x10\x05\xa8\x00\x00\x00\x00'
0.395 Disassembled: source: 60671, dest: 31944, seq: 4, ack: 186206072, window: 1448, ACK
0.395 Acknowledged seq: 186204624
0.395 Assembling: source: 31944, dest: 60671, seq: 186206072, ack: 5, window: 1448, data: "endo at. Qui id "...
0.396 Sent: b'|\xc8\xec\xff\x0b\x19Gx\x00\x00\x00\x05P\x00\x05\xa8\x00\x00\x00\x00endo at. Qui id '...
0.398 Received: b'\xec\xff|\xc8\x00\x00\x00\x04\x0b\x19M P\x10\x05\xa8\x00\x00\x00\x00'
0.398 Disassembled: source: 60671, dest: 31944, seq: 4, ack: 186207520, window: 1448, ACK
0.398 Acknowledged seq: 186206072
0.398 Assembling: source: 31944, dest: 60671, seq: 186207520, ack: 5, window: 1448, data: "ota nostrum et p"...
0.399 Sent: b'|\xc8\xec\xff\x0b\x19M \x00\x00\x00\x05P\x00\x05\xa8\x00\x00\x00\x00ota nostrum et p'...
0.401 Received: b'\xec\xff|\xc8\x00\x00\x00\x04\x0b\x19R\xc8P\x10\x05\xa8\x00\x00\x00\x00'
0.401 Disassembled: source: 60671, dest: 31944, seq: 4, ack: 186208968, window: 1448, ACK
0.402 Acknowledged seq: 186207520
0.402 Assembling: source: 31944, dest: 60671, seq: 186208968, ack: 5, window: 1448, data: "deseruisse id. P"...
0.402 Sent: b'|\xc8\xec\xff\x0b\x19R\xc8\x00\x00\x00\x05P\x00\x05\xa8\x00\x00\x00\x00deseruisse id. P'...
0.404 Received: b'\xec\xff|\xc8\x00\x00\x00\x04\x0b\x19XpP\x10\x05\xa8\x00\x00\x00\x00'
0.405 Disassembled: source: 60671, dest: 31944, seq: 4, ack: 186210416, window: 1448, ACK
0.405 Acknowledged seq: 186208968
0.405 Assembling: source: 31944, dest: 60671, seq: 186210416, ack: 5, window: 1448, data: "odo munere imper"...
0.406 Sent: b'|\xc8\xec\xff\x0b\x19Xp\x00\x00\x00\x05P\x00\x05\xa8\x00\x00\x00\x00odo munere imper'...
0.407 Received: b'\xec\xff|\xc8\x00\x00\x00\x04\x0b\x19^\x18P\x10\x05\xa8\x00\x00\x00\x00'
0.408 Disassembled: source: 60671, dest: 31944, seq: 4, ack: 186211864, window: 1448, ACK
0.408 Acknowledged seq: 186210416
0.408 Assembling: source: 31944, dest: 60671, seq: 186211864, ack: 5, window: 1448, data: "cimates cum, tib"...
0.409 Sent: b'|\xc8\xec\xff\x0b\x19^\x18\x00\x00\x00\x05P\x00\x05\xa8\x00\x00\x00\x00cimates cum, tib'...
0.411 Received: b'\xec\xff|\xc8\x00\x00\x00\x04\x0b\x19c\xc0P\x10\x05\xa8\x00\x00\x00\x00'
0.411 Disassembled: source: 60671, dest: 31944, seq: 4, ack: 186213312, window: 1448, ACK
0.411 Acknowledged seq: 186211864
0.412 Assembling: source: 31944, dest: 60671, seq: 186213312, ack: 5, window: 1448, data: "tiopam molestiae"...
0.412 Sent: b'|\xc8\xec\xff\x0b\x19c\xc0\x00\x00\x00\x05P\x00\x05\xa8\x00\x00\x00\x00tiopam molestiae'...
0.414 Received: b'\xec\xff|\xc8\x00\x00\x00\x04\x0b\x19ihP\x10\x05\xa8\x00\x00\x00\x00'
0.415 Disassembled: source: 60671, dest: 31944, seq: 4, ack: 186214760, window: 1448, ACK
0.415 Acknowledged seq: 186213312
0.415 Assembling: source: 31944, dest: 60671, seq: 186214760, ack: 5, window: 1448, data: "possim qui no, v"...
0.415 Sent: b'|\xc8\xec\xff\x0b\x19ih\x00\x00\x00\x05P\x00\x05\xa8\x00\x00\x00\x00possim qui no, v'...
0.417 Received: b'\xec\xff|\xc8\x00\x00\x00\x04\x0b\x19o\x10P\x10\x05\xa8\x00\x00\x00\x00'
0.418 Disassembled: source: 60671, dest: 31944, seq: 4, ack: 186216208, window: 1448, ACK
0.418 Acknowledged seq: 186214760
0.418 Assembling: source: 31944, dest: 60671, seq: 186216208, ack: 5, window: 1448, data: " ex utinam parti"...
0.419 Sent: b'|\xc8\xec\xff\x0b\x19o\x10\x00\x00\x00\x05P\x00\x05\xa8\x00\x00\x00\x00 ex utinam parti'...
0.919 Sent: b'|\xc8\xec\xff\x0b\x19o\x10\x00\x00\x00\x05P\x00\x05\xa8\x00\x00\x00\x00 ex utinam parti'...
1.420 Sent: b'|\xc8\xec\xff\x0b\x19o\x10\x00\x00\x00\x05P\x00\x05\xa8\x00\x00\x00\x00 ex utinam parti'...
1.920 Sent: b'|\xc8\xec\xff\x0b\x19o\x10\x00\x00\x00\x05P\x00\x05\xa8\x00\x00\x00\x00 ex utinam parti'...
2.420 Sent: b'|\xc8\xec\xff\x0b\x19o\x10\x00\x00\x00\x05P\x00\x05\xa8\x00\x00\x00\x00 ex utinam parti'...
2.921 Sent: b'|\xc8\xec\xff\x0b\x19o\x10\x00\x00\x00\x05P\x00\x05\xa8\x00\x00\x00\x00 ex utinam parti'...
3.421 Error: Connection timed out
3.421 Closed connection
3.422 Shutting down
