0.000 NEW RUN: Server, TEST: Read_file__Large_multi-packet
0.238 Received: b'\xef[\x8c\xa6\x00\x00\x00b\x00\x00\x00\x00P\x02\x05\xa8\x00\x00\x00\x00'
0.239 Disassembled: source: 61275, dest: 36006, seq: 98, window: 1448, SYN
0.239 SYN accepted; new connection: 127.0.0.1 on port 61275
0.239 Assembling: source: 36006, dest: 61275, seq: 36195386, ack: 99, window: 1448, ACK, SYN
0.239 Sent: b'\x8c\xa6\xef[\x02(L:\x00\x00\x00cP\x12\x05\xa8\x00\x00\x00\x00'
0.242 Received: b'\xef[\x8c\xa6\x00\x00\x00c\x02(L;P\x10\x05\xa8\x00\x00\x00\x00'
0.242 Disassembled: source: 61275, dest: 36006, seq: 99, ack: 36195387, window: 1448, ACK
0.242 Handshake complete
0.242 Acknowledged seq: 36195386
0.242 Assembling: source: 36006, dest: 61275, seq: 36195387, ack: 100, window: 1448, data: "Lorem ipsum dolo"...
0.243 Sent: b'\x8c\xa6\xef[\x02(L;\x00\x00\x00dP\x00\x05\xa8\x00\x00\x00\x00Lorem ipsum dolo'...
0.246 Received: b'\xef[\x8c\xa6\x00\x00\x00d\x02(Q\xe3P\x10\x05\xa8\x00\x00\x00\x00'
0.246 Disassembled: source: 61275, dest: 36006, seq: 100, ack: 36196835, window: 1448, ACK
0.246 Acknowledged seq: 36195387
0.246 Assembling: source: 36006, dest: 61275, seq: 36196835, ack: 101, window: 1448, data: "mprehensam nam, "...
0.246 Sent: b'\x8c\xa6\xef[\x02(Q\xe3\x00\x00\x00eP\x00\x05\xa8\x00\x00\x00\x00mprehensam nam, '...
0.248 Received: b'\xef[\x8c\xa6\x00\x00\x00e\x02(W\x8bP\x10\x05\xa8\x00\x00\x00\x00'
0.249 Disassembled: source: 61275, dest: 36006, seq: 101, ack: 36198283, window: 1448, ACK
0.249 Acknowledged seq: 36196835
0.249 Assembling: source: 36006, dest: 61275, seq: 36198283, ack: 102, window: 1448, data: "ilisi repudiare "...
0.249 Sent: b'\x8c\xa6\xef[\x02(W\x8b\x00\x00\x00fP\x00\x05\xa8\x00\x00\x00\x00ilisi repudiare '...
0.251 Received: b'\xef[\x8c\xa6\x00\x00\x00f\x02(]3P\x10\x05\xa8\x00\x00\x00\x00'
0.252 Disassembled: source: 61275, dest: 36006, seq: 102, ack: 36199731, window: 1448, ACK
0.252 Acknowledged seq: 36198283
0.252 Assembling: source: 36006, dest: 61275, seq: 36199731, ack: 103, window: 1448, data: "ta.

Et essent s"...
0.252 Sent: b'\x8c\xa6\xef[\x02(]3\x00\x00\x00gP\x00\x05\xa8\x00\x00\x00\x00ta.\n\nEt essent s'...
0.254 Received: b'\xef[\x8c\xa6\x00\x00\x00g\x02(b\xdbP\x10\x05\xa8\x00\x00\x00\x00'
0.255 Disassembled: source: 61275, dest: 36006, seq: 103, ack: 36201179, window: 1448, ACK
0.255 Acknowledged seq: 36199731
0.255 Assembling: source: 36006, dest: 61275, seq: 36201179, ack: 104, window: 1448, data: " Nihil tractatos"...
0.255 Sent: b'\x8c\xa6\xef[\x02(b\xdb\x00\x00\x00hP\x00\x05\xa8\x00\x00\x00\x00 Nihil tractatos'...
0.257 Received: b'\xef[\x8c\xa6\x00\x00\x00h\x02(h\x83P\x10\x05\xa8\x00\x00\x00\x00'
0.258 Disassembled: source: 61275, dest: 36006, seq: 104, ack: 36202627, window: 1448, ACK
0.258 Acknowledged seq: 36201179
0.258 Assembling: source: 36006, dest: 61275, seq: 36202627, ack: 105, window: 1448, data: "fert iuvaret sap"...
0.258 Sent: b'\x8c\xa6\xef[\x02(h\x83\x00\x00\x00iP\x00\x05\xa8\x00\x00\x00\x00fert iuvaret sap'...
0.260 Received: b'\xef[\x8c\xa6\x00\x00\x00i\x02(n+P\x10\x05\xa8\x00\x00\x00\x00'
0.261 Disassembled: source: 61275, dest: 36006, seq: 105, ack: 36204075, window: 1448, ACK
0.261 Acknowledged seq: 36202627
0.261 Assembling: source: 36006, dest: 61275, seq: 36204075, ack: 106, window: 1448, data: "ram adipiscing, "...
0.261 Sent: b'\x8c\xa6\xef[\x02(n+\x00\x00\x00jP\x00\x05\xa8\x00\x00\x00\x00ram adipiscing, '...
0.263 Received: b'\xef[\x8c\xa6\x00\x00\x00j\x02(s\xd3P\x10\x05\xa8\x00\x00\x00\x00'
0.264 Disassembled: source: 61275, dest: 36006, seq: 106, ack: 36205523, window: 1448, ACK
0.264 Acknowledged seq: 36204075
0.264 Assembling: source: 36006, dest: 61275, seq: 36205523, ack: 107, window: 1448, data: "m veritus vivend"...
0.264 Sent: b'\x8c\xa6\xef[\x02(s\xd3\x00\x00\x00kP\x00\x05\xa8\x00\x00\x00\x00m veritus vivend'...
0.266 Received: b'\xef[\x8c\xa6\x00\x00\x00k\x02(y{P\x10\x05\xa8\x00\x00\x00\x00'
0.266 Disassembled: source: 61275, dest: 36006, seq: 107, ack: 36206971, window: 1448, ACK
0.267 Acknowledged seq: 36205523
0.267 Assembling: source: 36006, dest: 61275, seq: 36206971, ack: 108, window: 1448, data: " delenit, ignota"...
0.267 Sent: b'\x8c\xa6\xef[\x02(y{\x00\x00\x00lP\x00\x05\xa8\x00\x00\x00\x00 delenit, ignota'...
0.269 Received: b'\xef[\x8c\xa6\x00\x00\x00l\x02(\x7f#P\x10\x05\xa8\x00\x00\x00\x00'
0.269 Disassembled: source: 61275, dest: 36006, seq: 108, ack: 36208419, window: 1448, ACK
0.269 Acknowledged seq: 36206971
0.270 Assembling: source: 36006, dest: 61275, seq: 36208419, ack: 109, window: 1448, data: "se explicari des"...
0.270 Sent: b'\x8c\xa6\xef[\x02(\x7f#\x00\x00\x00mP\x00\x05\xa8\x00\x00\x00\x00se explicari des'...
0.272 Received: b'\xef[\x8c\xa6\x00\x00\x00m\x02(\x84\xcbP\x10\x05\xa8\x00\x00\x00\x00'
0.272 Disassembled: source: 61275, dest: 36006, seq: 109, ack: 36209867, window: 1448, ACK
0.272 Acknowledged seq: 36208419
0.273 Assembling: source: 36006, dest: 61275, seq: 36209867, ack: 110, window: 1448, data: "piscing, in modo"...
0.273 Sent: b'\x8c\xa6\xef[\x02(\x84\xcb\x00\x00\x00nP\x00\x05\xa8\x00\x00\x00\x00piscing, in modo'...
0.275 Received: b'\xef[\x8c\xa6\x00\x00\x00n\x02(\x8asP\x10\x05\xa8\x00\x00\x00\x00'
0.275 Disassembled: source: 61275, dest: 36006, seq: 110, ack: 36211315, window: 1448, ACK
0.275 Acknowledged seq: 36209867
0.275 Assembling: source: 36006, dest: 61275, seq: 36211315, ack: 111, window: 1448, data: "o copiosae tacim"...
0.276 Sent: b'\x8c\xa6\xef[\x02(\x8as\x00\x00\x00oP\x00\x05\xa8\x00\x00\x00\x00o copiosae tacim'...
0.278 Received: b'\xef[\x8c\xa6\x00\x00\x00o\x02(\x90\x1bP\x10\x05\xa8\x00\x00\x00\x00'
0.278 Disassembled: source: 61275, dest: 36006, seq: 111, ack: 36212763, window: 1448, ACK
0.278 Acknowledged seq: 36211315
0.278 Assembling: source: 36006, dest: 61275, seq: 36212763, ack: 112, window: 1448, data: "am. Pri ne antio"...
0.278 Sent: b'\x8c\xa6\xef[\x02(\x90\x1b\x00\x00\x00pP\x00\x05\xa8\x00\x00\x00\x00am. Pri ne antio'...
0.280 Received: b'\xef[\x8c\xa6\x00\x00\x00p\x02(\x95\xc3P\x10\x05\xa8\x00\x00\x00\x00'
0.281 Disassembled: source: 61275, dest: 36006, seq: 112, ack: 36214211, window: 1448, ACK
0.281 Acknowledged seq: 36212763
0.281 Assembling: source: 36006, dest: 61275, seq: 36214211, ack: 113, window: 1448, data: "to no. Elitr pos"...
0.282 Sent: b'\x8c\xa6\xef[\x02(\x95\xc3\x00\x00\x00qP\x00\x05\xa8\x00\x00\x00\x00to no. Elitr pos'...
0.284 Received: b'\xef[\x8c\xa6\x00\x00\x00q\x02(\x9bkP\x10\x05\xa8\x00\x00\x00\x00'
0.284 Disassembled: source: 61275, dest: 36006, seq: 113, ack: 36215659, window: 1448, ACK
0.284 Acknowledged seq: 36214211
0.284 Assembling: source: 36006, dest: 61275, seq: 36215659, ack: 114, window: 1448, data: "pretaris, sea ex"...
0.285 Sent: b'\x8c\xa6\xef[\x02(\x9bk\x00\x00\x00rP\x00\x05\xa8\x00\x00\x00\x00pretaris, sea ex'...
0.287 Received: b'\xef[\x8c\xa6\x00\x00\x00r\x02(\xa1\x13P\x10\x05\xa8\x00\x00\x00\x00'
0.287 Disassembled: source: 61275, dest: 36006, seq: 114, ack: 36217107, window: 1448, ACK
0.287 Acknowledged seq: 36215659
0.287 Assembling: source: 36006, dest: 61275, seq: 36217107, ack: 115, window: 1448, data: "oporteat inimicu"...
0.287 Sent: b'\x8c\xa6\xef[\x02(\xa1\x13\x00\x00\x00sP\x00\x05\xa8\x00\x00\x00\x00oporteat inimicu'...
0.289 Received: b'\xef[\x8c\xa6\x00\x00\x00s\x02(\xa6\xbbP\x10\x05\xa8\x00\x00\x00\x00'
0.289 Disassembled: source: 61275, dest: 36006, seq: 115, ack: 36218555, window: 1448, ACK
0.290 Acknowledged seq: 36217107
0.290 Assembling: source: 36006, dest: 61275, seq: 36218555, ack: 116, window: 1448, data: "ligendi officiis"...
0.290 Sent: b'\x8c\xa6\xef[\x02(\xa6\xbb\x00\x00\x00tP\x00\x05\xa8\x00\x00\x00\x00ligendi officiis'...
0.292 Received: b'\xef[\x8c\xa6\x00\x00\x00t\x02(\xaccP\x10\x05\xa8\x00\x00\x00\x00'
0.292 Disassembled: source: 61275, dest: 36006, seq: 116, ack: 36220003, window: 1448, ACK
0.292 Acknowledged seq: 36218555
0.292 Assembling: source: 36006, dest: 61275, seq: 36220003, ack: 117, window: 1448, data: "no vel regione i"...
0.293 Sent: b'\x8c\xa6\xef[\x02(\xacc\x00\x00\x00uP\x00\x05\xa8\x00\x00\x00\x00no vel regione i'...
0.295 Received: b'\xef[\x8c\xa6\x00\x00\x00u\x02(\xb2\x0bP\x10\x05\xa8\x00\x00\x00\x00'
0.295 Disassembled: source: 61275, dest: 36006, seq: 117, ack: 36221451, window: 1448, ACK
0.295 Acknowledged seq: 36220003
0.295 Assembling: source: 36006, dest: 61275, seq: 36221451, ack: 118, window: 1448, data: "ibus vis ex, pro"...
0.295 Sent: b'\x8c\xa6\xef[\x02(\xb2\x0b\x00\x00\x00vP\x00\x05\xa8\x00\x00\x00\x00ibus vis ex, pro'...
0.297 Received: b'\xef[\x8c\xa6\x00\x00\x00v\x02(\xb7\xb3P\x10\x05\xa8\x00\x00\x00\x00'
0.298 Disassembled: source: 61275, dest: 36006, seq: 118, ack: 36222899, window: 1448, ACK
0.298 Acknowledged seq: 36221451
0.298 Assembling: source: 36006, dest: 61275, seq: 36222899, ack: 119, window: 1448, data: "o vix, mel ea li"...
0.298 Sent: b'\x8c\xa6\xef[\x02(\xb7\xb3\x00\x00\x00wP\x00\x05\xa8\x00\x00\x00\x00o vix, mel ea li'...
0.300 Received: b'\xef[\x8c\xa6\x00\x00\x00w\x02(\xbd[P\x10\x05\xa8\x00\x00\x00\x00'
0.300 Disassembled: source: 61275, dest: 36006, seq: 119, ack: 36224347, window: 1448, ACK
0.300 Acknowledged seq: 36222899
0.301 Assembling: source: 36006, dest: 61275, seq: 36224347, ack: 120, window: 1448, data: "d. Ex fugit suav"...
0.301 Sent: b'\x8c\xa6\xef[\x02(\xbd[\x00\x00\x00xP\x00\x05\xa8\x00\x00\x00\x00d. Ex fugit suav'...
0.303 Received: b'\xef[\x8c\xa6\x00\x00\x00x\x02(\xc3\x03P\x10\x05\xa8\x00\x00\x00\x00'
0.303 Disassembled: source: 61275, dest: 36006, seq: 120, ack: 36225795, window: 1448, ACK
0.303 Acknowledged seq: 36224347
0.303 Assembling: source: 36006, dest: 61275, seq: 36225795, ack: 121, window: 1448, data: "pertinax nec. De"...
0.304 Sent: b'\x8c\xa6\xef[\x02(\xc3\x03\x00\x00\x00yP\x00\x05\xa8\x00\x00\x00\x00pertinax nec. De'...
0.306 Received: b'\xef[\x8c\xa6\x00\x00\x00y\x02(\xc8\xabP\x10\x05\xa8\x00\x00\x00\x00'
0.306 Disassembled: source: 61275, dest: 36006, seq: 121, ack: 36227243, window: 1448, ACK
0.306 Acknowledged seq: 36225795
0.306 Assembling: source: 36006, dest: 61275, seq: 36227243, ack: 122, window: 1448, data: "lli primis praes"...
0.306 Sent: b'\x8c\xa6\xef[\x02(\xc8\xab\x00\x00\x00zP\x00\x05\xa8\x00\x00\x00\x00lli primis praes'...
0.308 Received: b'\xef[\x8c\xa6\x00\x00\x00z\x02(\xceSP\x10\x05\xa8\x00\x00\x00\x00'
0.308 Disassembled: source: 61275, dest: 36006, seq: 122, ack: 36228691, window: 1448, ACK
0.309 Acknowledged seq: 36227243
0.309 Assembling: source: 36006, dest: 61275, seq: 36228691, ack: 123, window: 1448, data: "m, percipit inte"...
0.309 Sent: b'\x8c\xa6\xef[\x02(\xceS\x00\x00\x00{P\x00\x05\xa8\x00\x00\x00\x00m, percipit inte'...
0.311 Received: b'\xef[\x8c\xa6\x00\x00\x00{\x02(\xd3\xfbP\x10\x05\xa8\x00\x00\x00\x00'
0.311 Disassembled: source: 61275, dest: 36006, seq: 123, ack: 36230139, window: 1448, ACK
0.311 Acknowledged seq: 36228691
0.311 Assembling: source: 36006, dest: 61275, seq: 36230139, ack: 124, window: 1448, data: "nani docendi pat"...
0.312 Sent: b'\x8c\xa6\xef[\x02(\xd3\xfb\x00\x00\x00|P\x00\x05\xa8\x00\x00\x00\x00nani docendi pat'...
0.314 Received: b'\xef[\x8c\xa6\x00\x00\x00|\x02(\xd9\xa3P\x10\x05\xa8\x00\x00\x00\x00'
0.314 Disassembled: source: 61275, dest: 36006, seq: 124, ack: 36231587, window: 1448, ACK
0.314 Acknowledged seq: 36230139
0.314 Assembling: source: 36006, dest: 61275, seq: 36231587, ack: 125, window: 1448, data: " vis decore poss"...
0.314 Sent: b'\x8c\xa6\xef[\x02(\xd9\xa3\x00\x00\x00}P\x00\x05\xa8\x00\x00\x00\x00 vis decore poss'...
0.316 Received: b'\xef[\x8c\xa6\x00\x00\x00}\x02(\xdfKP\x10\x05\xa8\x00\x00\x00\x00'
0.316 Disassembled: source: 61275, dest: 36006, seq: 125, ack: 36233035, window: 1448, ACK
0.317 Acknowledged seq: 36231587
0.317 Assembling: source: 36006, dest: 61275, seq: 36233035, ack: 126, window: 1448, data: "eam odio corpora"...
0.317 Sent: b'\x8c\xa6\xef[\x02(\xdfK\x00\x00\x00~P\x00\x05\xa8\x00\x00\x00\x00eam odio corpora'...
0.319 Received: b'\xef[\x8c\xa6\x00\x00\x00~\x02(\xe4\xf3P\x10\x05\xa8\x00\x00\x00\x00'
0.319 Disassembled: source: 61275, dest: 36006, seq: 126, ack: 36234483, window: 1448, ACK
0.319 Acknowledged seq: 36233035
0.319 Assembling: source: 36006, dest: 61275, seq: 36234483, ack: 127, window: 1448, data: " est. Usu sanctu"...
0.320 Sent: b'\x8c\xa6\xef[\x02(\xe4\xf3\x00\x00\x00\x7fP\x00\x05\xa8\x00\x00\x00\x00 est. Usu sanctu'...
0.322 Received: b'\xef[\x8c\xa6\x00\x00\x00\x7f\x02(\xea\x9bP\x10\x05\xa8\x00\x00\x00\x00'
0.322 Disassembled: source: 61275, dest: 36006, seq: 127, ack: 36235931, window: 1448, ACK
0.322 Acknowledged seq: 36234483
0.322 Assembling: source: 36006, dest: 61275, seq: 36235931, ack: 128, window: 1448, data: ".

Mei graeco ae"...
0.323 Sent: b'\x8c\xa6\xef[\x02(\xea\x9b\x00\x00\x00\x80P\x00\x05\xa8\x00\x00\x00\x00.\n\nMei graeco ae'...
0.324 Received: b'\xef[\x8c\xa6\x00\x00\x00\x80\x02(\xf0CP\x10\x05\xa8\x00\x00\x00\x00'
0.325 Disassembled: source: 61275, dest: 36006, seq: 128, ack: 36237379, window: 1448, ACK
0.325 Acknowledged seq: 36235931
0.325 Assembling: source: 36006, dest: 61275, seq: 36237379, ack: 129, window: 1448, data: "et. Ne sea primi"...
0.325 Sent: b'\x8c\xa6\xef[\x02(\xf0C\x00\x00\x00\x81P\x00\x05\xa8\x00\x00\x00\x00et. Ne sea primi'...
0.327 Received: b'\xef[\x8c\xa6\x00\x00\x00\x81\x02(\xf5\xebP\x10\x05\xa8\x00\x00\x00\x00'
0.327 Disassembled: source: 61275, dest: 36006, seq: 129, ack: 36238827, window: 1448, ACK
0.327 Acknowledged seq: 36237379
0.328 Assembling: source: 36006, dest: 61275, seq: 36238827, ack: 130, window: 1448, data: "ittam convenire."...
0.328 Sent: b'\x8c\xa6\xef[\x02(\xf5\xeb\x00\x00\x00\x82P\x00\x05\xa8\x00\x00\x00\x00ittam convenire.'...
0.330 Received: b'\xef[\x8c\xa6\x00\x00\x00\x82\x02(\xfb\x93P\x10\x05\xa8\x00\x00\x00\x00'
0.330 Disassembled: source: 61275, dest: 36006, seq: 130, ack: 36240275, window: 1448, ACK
0.330 Acknowledged seq: 36238827
0.330 Assembling: source: 36006, dest: 61275, seq: 36240275, ack: 131, window: 1448, data: "ua et vis, id eu"...
0.331 Sent: b'\x8c\xa6\xef[\x02(\xfb\x93\x00\x00\x00\x83P\x00\x05\xa8\x00\x00\x00\x00ua et vis, id eu'...
0.332 Received: b'\xef[\x8c\xa6\x00\x00\x00\x83\x02)\x01;P\x10\x05\xa8\x00\x00\x00\x00'
0.333 Disassembled: source: 61275, dest: 36006, seq: 131, ack: 36241723, window: 1448, ACK
0.333 Acknowledged seq: 36240275
0.333 Assembling: source: 36006, dest: 61275, seq: 36241723, ack: 132, window: 1448, data: "r. Et velit appa"...
0.333 Sent: b'\x8c\xa6\xef[\x02)\x01;\x00\x00\x00\x84P\x00\x05\xa8\x00\x00\x00\x00r. Et velit appa'...
0.335 Received: b'\xef[\x8c\xa6\x00\x00\x00\x84\x02)\x06\xe3P\x10\x05\xa8\x00\x00\x00\x00'
0.335 Disassembled: source: 61275, dest: 36006, seq: 132, ack: 36243171, window: 1448, ACK
0.335 Acknowledged seq: 36241723
0.336 Assembling: source: 36006, dest: 61275, seq: 36243171, ack: 133, window: 1448, data: " novum laudem, v"...
0.336 Sent: b'\x8c\xa6\xef[\x02)\x06\xe3\x00\x00\x00\x85P\x00\x05\xa8\x00\x00\x00\x00 novum laudem, v'...
0.338 Received: b'\xef[\x8c\xa6\x00\x00\x00\x85\x02)\x0c\x8bP\x10\x05\xa8\x00\x00\x00\x00'
0.338 Disassembled: source: 61275, dest: 36006, seq: 133, ack: 36244619, window: 1448, ACK
0.338 Acknowledged seq: 36243171
0.338 Assembling: source: 36006, dest: 61275, seq: 36244619, ack: 134, window: 1448, data: "luptatibus, cibo"...
0.339 Sent: b'\x8c\xa6\xef[\x02)\x0c\x8b\x00\x00\x00\x86P\x00\x05\xa8\x00\x00\x00\x00luptatibus, cibo'...
0.340 Received: b'\xef[\x8c\xa6\x00\x00\x00\x86\x02)\x123P\x10\x05\xa8\x00\x00\x00\x00'
0.341 Disassembled: source: 61275, dest: 36006, seq: 134, ack: 36246067, window: 1448, ACK
0.341 Acknowledged seq: 36244619
0.341 Assembling: source: 36006, dest: 61275, seq: 36246067, ack: 135, window: 1448, data: "alii indoctum ma"...
0.341 Sent: b'\x8c\xa6\xef[\x02)\x123\x00\x00\x00\x87P\x00\x05\xa8\x00\x00\x00\x00alii indoctum ma'...
0.343 Received: b'\xef[\x8c\xa6\x00\x00\x00\x87\x02)\x17\xdbP\x10\x05\xa8\x00\x00\x00\x00'
0.343 Disassembled: source: 61275, dest: 36006, seq: 135, ack: 36247515, window: 1448, ACK
0.343 Acknowledged seq: 36246067
0.343 Assembling: source: 36006, dest: 61275, seq: 36247515, ack: 136, window: 1448, data: "im, his facete c"...
0.344 Sent: b'\x8c\xa6\xef[\x02)\x17\xdb\x00\x00\x00\x88P\x00\x05\xa8\x00\x00\x00\x00im, his facete c'...
0.346 Received: b'\xef[\x8c\xa6\x00\x00\x00\x88\x02)\x1d\x83P\x10\x05\xa8\x00\x00\x00\x00'
0.346 Disassembled: source: 61275, dest: 36006, seq: 136, ack: 36248963, window: 1448, ACK
0.346 Acknowledged seq: 36247515
0.346 Assembling: source: 36006, dest: 61275, seq: 36248963, ack: 137, window: 1448, data: "e alia dolor com"...
0.347 Sent: b'\x8c\xa6\xef[\x02)\x1d\x83\x00\x00\x00\x89P\x00\x05\xa8\x00\x00\x00\x00e alia dolor com'...
0.348 Received: b'\xef[\x8c\xa6\x00\x00\x00\x89\x02)#+P\x10\x05\xa8\x00\x00\x00\x00'
0.349 Disassembled: source: 61275, dest: 36006, seq: 137, ack: 36250411, window: 1448, ACK
0.349 Acknowledged seq: 36248963
0.349 Assembling: source: 36006, dest: 61275, seq: 36250411, ack: 138, window: 1448, data: "it ea, reque tem"...
0.349 Sent: b'\x8c\xa6\xef[\x02)#+\x00\x00\x00\x8aP\x00\x05\xa8\x00\x00\x00\x00it ea, reque tem'...
0.351 Received: b'\xef[\x8c\xa6\x00\x00\x00\x8a\x02)(\xd3P\x10\x05\xa8\x00\x00\x00\x00'
0.351 Disassembled: source: 61275, dest: 36006, seq: 138, ack: 36251859, window: 1448, ACK
0.351 Acknowledged seq: 36250411
0.352 Assembling: source: 36006, dest: 61275, seq: 36251859, ack: 139, window: 1448, data: "alisque.

Equide"...
0.352 Sent: b'\x8c\xa6\xef[\x02)(\xd3\x00\x00\x00\x8bP\x00\x05\xa8\x00\x00\x00\x00alisque.\n\nEquide'...
0.354 Received: b'\xef[\x8c\xa6\x00\x00\x00\x8b\x02).{P\x10\x05\xa8\x00\x00\x00\x00'
0.354 Disassembled: source: 61275, dest: 36006, seq: 139, ack: 36253307, window: 1448, ACK
0.354 Acknowledged seq: 36251859
0.355 Assembling: source: 36006, dest: 61275, seq: 36253307, ack: 140, window: 1448, data: "finitiones, affe"...
0.355 Sent: b'\x8c\xa6\xef[\x02).{\x00\x00\x00\x8cP\x00\x05\xa8\x00\x00\x00\x00finitiones, affe'...
0.357 Received: b'\xef[\x8c\xa6\x00\x00\x00\x8c\x02)4#P\x10\x05\xa8\x00\x00\x00\x00'
0.357 Disassembled: source: 61275, dest: 36006, seq: 140, ack: 36254755, window: 1448, ACK
0.357 Acknowledged seq: 36253307
0.357 Assembling: source: 36006, dest: 61275, seq: 36254755, ack: 141, window: 1448, data: "his duis graeco "...
0.358 Sent: b'\x8c\xa6\xef[\x02)4#\x00\x00\x00\x8dP\x00\x05\xa8\x00\x00\x00\x00his duis graeco '...
0.360 Received: b'\xef[\x8c\xa6\x00\x00\x00\x8d\x02)9\xcbP\x10\x05\xa8\x00\x00\x00\x00'
0.360 Disassembled: source: 61275, dest: 36006, seq: 141, ack: 36256203, window: 1448, ACK
0.360 Acknowledged seq: 36254755
0.360 Assembling: source: 36006, dest: 61275, seq: 36256203, ack: 142, window: 1448, data: "am. Alia possit "...
0.361 Sent: b'\x8c\xa6\xef[\x02)9\xcb\x00\x00\x00\x8eP\x00\x05\xa8\x00\x00\x00\x00am. Alia possit '...
0.362 Received: b'\xef[\x8c\xa6\x00\x00\x00\x8e\x02)?sP\x10\x05\xa8\x00\x00\x00\x00'
0.363 Disassembled: source: 61275, dest: 36006, seq: 142, ack: 36257651, window: 1448, ACK
0.363 Acknowledged seq: 36256203
0.363 Assembling: source: 36006, dest: 61275, seq: 36257651, ack: 143, window: 1448, data: "cum an. Mei faci"...
0.363 Sent: b'\x8c\xa6\xef[\x02)?s\x00\x00\x00\x8fP\x00\x05\xa8\x00\x00\x00\x00cum an. Mei faci'...
0.365 Received: b'\xef[\x8c\xa6\x00\x00\x00\x8f\x02)E\x1bP\x10\x05\xa8\x00\x00\x00\x00'
0.365 Disassembled: source: 61275, dest: 36006, seq: 143, ack: 36259099, window: 1448, ACK
0.366 Acknowledged seq: 36257651
0.366 Assembling: source: 36006, dest: 61275, seq: 36259099, ack: 144, window: 1448, data: " vis adhuc tatio"...
0.366 Sent: b'\x8c\xa6\xef[\x02)E\x1b\x00\x00\x00\x90P\x00\x05\xa8\x00\x00\x00\x00 vis adhuc tatio'...
0.368 Received: b'\xef[\x8c\xa6\x00\x00\x00\x90\x02)J\xc3P\x10\x05\xa8\x00\x00\x00\x00'
0.368 Disassembled: source: 61275, dest: 36006, seq: 144, ack: 36260547, window: 1448, ACK
0.368 Acknowledged seq: 36259099
0.369 Assembling: source: 36006, dest: 61275, seq: 36260547, ack: 145, window: 1448, data: "im eu option iuv"...
0.369 Sent: b'\x8c\xa6\xef[\x02)J\xc3\x00\x00\x00\x91P\x00\x05\xa8\x00\x00\x00\x00im eu option iuv'...
0.371 Received: b'\xef[\x8c\xa6\x00\x00\x00\x91\x02)PkP\x10\x05\xa8\x00\x00\x00\x00'
0.371 Disassembled: source: 61275, dest: 36006, seq: 145, ack: 36261995, window: 1448, ACK
0.371 Acknowledged seq: 36260547
0.371 Assembling: source: 36006, dest: 61275, seq: 36261995, ack: 146, window: 1448, data: "ex epicurei taci"...
0.372 Sent: b'\x8c\xa6\xef[\x02)Pk\x00\x00\x00\x92P\x00\x05\xa8\x00\x00\x00\x00ex epicurei taci'...
0.374 Received: b'\xef[\x8c\xa6\x00\x00\x00\x92\x02)V\x13P\x10\x05\xa8\x00\x00\x00\x00'
0.374 Disassembled: source: 61275, dest: 36006, seq: 146, ack: 36263443, window: 1448, ACK
0.374 Acknowledged seq: 36261995
0.374 Assembling: source: 36006, dest: 61275, seq: 36263443, ack: 147, window: 1448, data: "ebat, eu pro ero"...
0.375 Sent: b'\x8c\xa6\xef[\x02)V\x13\x00\x00\x00\x93P\x00\x05\xa8\x00\x00\x00\x00ebat, eu pro ero'...
0.377 Received: b'\xef[\x8c\xa6\x00\x00\x00\x93\x02)[\xbbP\x10\x05\xa8\x00\x00\x00\x00'
0.377 Disassembled: source: 61275, dest: 36006, seq: 147, ack: 36264891, window: 1448, ACK
0.377 Acknowledged seq: 36263443
0.377 Assembling: source: 36006, dest: 61275, seq: 36264891, ack: 148, window: 1448, data: "s. Per no sale v"...
0.378 Sent: b'\x8c\xa6\xef[\x02)[\xbb\x00\x00\x00\x94P\x00\x05\xa8\x00\x00\x00\x00s. Per no sale v'...
0.380 Received: b'\xef[\x8c\xa6\x00\x00\x00\x94\x02)acP\x10\x05\xa8\x00\x00\x00\x00'
0.380 Disassembled: source: 61275, dest: 36006, seq: 148, ack: 36266339, window: 1448, ACK
0.380 Acknowledged seq: 36264891
0.380 Assembling: source: 36006, dest: 61275, seq: 36266339, ack: 149, window: 1448, data: "orrupte ea mel. "...
0.380 Sent: b'\x8c\xa6\xef[\x02)ac\x00\x00\x00\x95P\x00\x05\xa8\x00\x00\x00\x00orrupte ea mel. '...
0.382 Received: b'\xef[\x8c\xa6\x00\x00\x00\x95\x02)g\x0bP\x10\x05\xa8\x00\x00\x00\x00'
0.383 Disassembled: source: 61275, dest: 36006, seq: 149, ack: 36267787, window: 1448, ACK
0.383 Acknowledged seq: 36266339
0.383 Assembling: source: 36006, dest: 61275, seq: 36267787, ack: 150, window: 1448, data: ". Est iracundia "...
0.383 Sent: b'\x8c\xa6\xef[\x02)g\x0b\x00\x00\x00\x96P\x00\x05\xa8\x00\x00\x00\x00. Est iracundia '...
0.385 Received: b'\xef[\x8c\xa6\x00\x00\x00\x96\x02)l\xb3P\x10\x05\xa8\x00\x00\x00\x00'
0.385 Disassembled: source: 61275, dest: 36006, seq: 150, ack: 36269235, window: 1448, ACK
0.386 Acknowledged seq: 36267787
0.386 Assembling: source: 36006, dest: 61275, seq: 36269235, ack: 151, window: 1448, data: "pta probatus scr"...
0.386 Sent: b'\x8c\xa6\xef[\x02)l\xb3\x00\x00\x00\x97P\x00\x05\xa8\x00\x00\x00\x00pta probatus scr'...
0.388 Received: b'\xef[\x8c\xa6\x00\x00\x00\x97\x02)r[P\x10\x05\xa8\x00\x00\x00\x00'
0.388 Disassembled: source: 61275, dest: 36006, seq: 151, ack: 36270683, window: 1448, ACK
0.388 Acknowledged seq: 36269235
0.389 Assembling: source: 36006, dest: 61275, seq: 36270683, ack: 152, window: 1448, data: "entur ei, pro ei"...
0.389 Sent: b'\x8c\xa6\xef[\x02)r[\x00\x00\x00\x98P\x00\x05\xa8\x00\x00\x00\x00entur ei, pro ei'...
0.391 Received: b'\xef[\x8c\xa6\x00\x00\x00\x98\x02)x\x03P\x10\x05\xa8\x00\x00\x00\x00'
0.391 Disassembled: source: 61275, dest: 36006, seq: 152, ack: 36272131, window: 1448, ACK
0.391 Acknowledged seq: 36270683
0.391 Assembling: source: 36006, dest: 61275, seq: 36272131, ack: 153, window: 1448, data: "simul euismod vi"...
0.392 Sent: b'\x8c\xa6\xef[\x02)x\x03\x00\x00\x00\x99P\x00\x05\xa8\x00\x00\x00\x00simul euismod vi'...
0.394 Received: b'\xef[\x8c\xa6\x00\x00\x00\x99\x02)}\xabP\x10\x05\xa8\x00\x00\x00\x00'
0.394 Disassembled: source: 61275, dest: 36006, seq: 153, ack: 36273579, window: 1448, ACK
0.394 Acknowledged seq: 36272131
0.394 Assembling: source: 36006, dest: 61275, seq: 36273579, ack: 154, window: 1448, data: ", eam id iudico "...
0.395 Sent: b'\x8c\xa6\xef[\x02)}\xab\x00\x00\x00\x9aP\x00\x05\xa8\x00\x00\x00\x00, eam id iudico '...
0.396 Received: b'\xef[\x8c\xa6\x00\x00\x00\x9a\x02)\x83SP\x10\x05\xa8\x00\x00\x00\x00'
0.397 Disassembled: source: 61275, dest: 36006, seq: 154, ack: 36275027, window: 1448, ACK
0.397 Acknowledged seq: 36273579
0.397 Assembling: source: 36006, dest: 61275, seq: 36275027, ack: 155, window: 1448, data: "m vix. Ea est mu"...
0.397 Sent: b'\x8c\xa6\xef[\x02)\x83S\x00\x00\x00\x9bP\x00\x05\xa8\x00\x00\x00\x00m vix. Ea est mu'...
0.399 Received: b'\xef[\x8c\xa6\x00\x00\x00\x9b\x02)\x88\xfbP\x10\x05\xa8\x00\x00\x00\x00'
0.399 Disassembled: source: 61275, dest: 36006, seq: 155, ack: 36276475, window: 1448, ACK
0.400 Acknowledged seq: 36275027
0.400 Assembling: source: 36006, dest: 61275, seq: 36276475, ack: 156, window: 1448, data: "olor sit amet, e"...
0.400 Sent: b'\x8c\xa6\xef[\x02)\x88\xfb\x00\x00\x00\x9cP\x00\x05\xa8\x00\x00\x00\x00olor sit amet, e'...
0.402 Received: b'\xef[\x8c\xa6\x00\x00\x00\x9c\x02)\x8e\xa3P\x10\x05\xa8\x00\x00\x00\x00'
0.402 Disassembled: source: 61275, dest: 36006, seq: 156, ack: 36277923, window: 1448, ACK
0.402 Acknowledged seq: 36276475
0.403 Assembling: source: 36006, dest: 61275, seq: 36277923, ack: 157, window: 1448, data: "m, aperiam iudic"...
0.403 Sent: b'\x8c\xa6\xef[\x02)\x8e\xa3\x00\x00\x00\x9dP\x00\x05\xa8\x00\x00\x00\x00m, aperiam iudic'...
0.405 Received: b'\xef[\x8c\xa6\x00\x00\x00\x9d\x02)\x94KP\x10\x05\xa8\x00\x00\x00\x00'
0.405 Disassembled: source: 61275, dest: 36006, seq: 157, ack: 36279371, window: 1448, ACK
0.405 Acknowledged seq: 36277923
0.405 Assembling: source: 36006, dest: 61275, seq: 36279371, ack: 158, window: 1448, data: "re sea. No eos d"...
0.406 Sent: b'\x8c\xa6\xef[\x02)\x94K\x00\x00\x00\x9eP\x00\x05\xa8\x00\x00\x00\x00re sea. No eos d'...
0.408 Received: b'\xef[\x8c\xa6\x00\x00\x00\x9e\x02)\x99\xf3P\x10\x05\xa8\x00\x00\x00\x00'
0.408 Disassembled: source: 61275, dest: 36006, seq: 158, ack: 36280819, window: 1448, ACK
0.408 Acknowledged seq: 36279371
0.408 Assembling: source: 36006, dest: 61275, seq: 36280819, ack: 159, window: 1448, data: "t scripta philos"...
0.409 Sent: b'\x8c\xa6\xef[\x02)\x99\xf3\x00\x00\x00\x9fP\x00\x05\xa8\x00\x00\x00\x00t scripta philos'...
0.411 Received: b'\xef[\x8c\xa6\x00\x00\x00\x9f\x02)\x9f\x9bP\x10\x05\xa8\x00\x00\x00\x00'
0.411 Disassembled: source: 61275, dest: 36006, seq: 159, ack: 36282267, window: 1448, ACK
0.411 Acknowledged seq: 36280819
0.411 Assembling: source: 36006, dest: 61275, seq: 36282267, ack: 160, window: 1448, data: "tos sadipscing e"...
0.411 Sent: b'\x8c\xa6\xef[\x02)\x9f\x9b\x00\x00\x00\xa0P\x00\x05\xa8\x00\x00\x00\x00tos sadipscing e'...
0.413 Received: b'\xef[\x8c\xa6\x00\x00\x00\xa0\x02)\xa5CP\x10\x05\xa8\x00\x00\x00\x00'
0.414 Disassembled: source: 61275, dest: 36006, seq: 160, ack: 36283715, window: 1448, ACK
0.414 Acknowledged seq: 36282267
0.414 Assembling: source: 36006, dest: 61275, seq: 36283715, ack: 161, window: 1448, data: "sapientem ea, ad"...
0.414 Sent: b'\x8c\xa6\xef[\x02)\xa5C\x00\x00\x00\xa1P\x00\x05\xa8\x00\x00\x00\x00sapientem ea, ad'...
0.416 Received: b'\xef[\x8c\xa6\x00\x00\x00\xa1\x02)\xaa\xebP\x10\x05\xa8\x00\x00\x00\x00'
0.416 Disassembled: source: 61275, dest: 36006, seq: 161, ack: 36285163, window: 1448, ACK
0.416 Acknowledged seq: 36283715
0.417 Assembling: source: 36006, dest: 61275, seq: 36285163, ack: 162, window: 1448, data: "g, ei invenire p"...
0.417 Sent: b'\x8c\xa6\xef[\x02)\xaa\xeb\x00\x00\x00\xa2P\x00\x05\xa8\x00\x00\x00\x00g, ei invenire p'...
0.419 Received: b'\xef[\x8c\xa6\x00\x00\x00\xa2\x02)\xb0\x93P\x10\x05\xa8\x00\x00\x00\x00'
0.419 Disassembled: source: 61275, dest: 36006, seq: 162, ack: 36286611, window: 1448, ACK
0.419 Acknowledged seq: 36285163
0.419 Assembling: source: 36006, dest: 61275, seq: 36286611, ack: 163, window: 1448, data: "endo at. Qui id "...
0.420 Sent: b'\x8c\xa6\xef[\x02)\xb0\x93\x00\x00\x00\xa3P\x00\x05\xa8\x00\x00\x00\x00endo at. Qui id '...
0.422 Received: b'\xef[\x8c\xa6\x00\x00\x00\xa3\x02)\xb6;P\x10\x05\xa8\x00\x00\x00\x00'
0.422 Disassembled: source: 61275, dest: 36006, seq: 163, ack: 36288059, window: 1448, ACK
0.422 Acknowledged seq: 36286611
0.422 Assembling: source: 36006, dest: 61275, seq: 36288059, ack: 164, window: 1448, data: "ota nostrum et p"...
0.423 Sent: b'\x8c\xa6\xef[\x02)\xb6;\x00\x00\x00\xa4P\x00\x05\xa8\x00\x00\x00\x00ota nostrum et p'...
0.425 Received: b'\xef[\x8c\xa6\x00\x00\x00\xa4\x02)\xbb\xe3P\x10\x05\xa8\x00\x00\x00\x00'
0.425 Disassembled: source: 61275, dest: 36006, seq: 164, ack: 36289507, window: 1448, ACK
0.425 Acknowledged seq: 36288059
0.425 Assembling: source: 36006, dest: 61275, seq: 36289507, ack: 165, window: 1448, data: "deseruisse id. P"...
0.426 Sent: b'\x8c\xa6\xef[\x02)\xbb\xe3\x00\x00\x00\xa5P\x00\x05\xa8\x00\x00\x00\x00deseruisse id. P'...
0.428 Received: b'\xef[\x8c\xa6\x00\x00\x00\xa5\x02)\xc1\x8bP\x10\x05\xa8\x00\x00\x00\x00'
0.428 Disassembled: source: 61275, dest: 36006, seq: 165, ack: 36290955, window: 1448, ACK
0.428 Acknowledged seq: 36289507
0.428 Assembling: source: 36006, dest: 61275, seq: 36290955, ack: 166, window: 1448, data: "odo munere imper"...
0.428 Sent: b'\x8c\xa6\xef[\x02)\xc1\x8b\x00\x00\x00\xa6P\x00\x05\xa8\x00\x00\x00\x00odo munere imper'...
0.430 Received: b'\xef[\x8c\xa6\x00\x00\x00\xa6\x02)\xc73P\x10\x05\xa8\x00\x00\x00\x00'
0.431 Disassembled: source: 61275, dest: 36006, seq: 166, ack: 36292403, window: 1448, ACK
0.431 Acknowledged seq: 36290955
0.431 Assembling: source: 36006, dest: 61275, seq: 36292403, ack: 167, window: 1448, data: "cimates cum, tib"...
0.431 Sent: b'\x8c\xa6\xef[\x02)\xc73\x00\x00\x00\xa7P\x00\x05\xa8\x00\x00\x00\x00cimates cum, tib'...
0.433 Received: b'\xef[\x8c\xa6\x00\x00\x00\xa7\x02)\xcc\xdbP\x10\x05\xa8\x00\x00\x00\x00'
0.433 Disassembled: source: 61275, dest: 36006, seq: 167, ack: 36293851, window: 1448, ACK
0.433 Acknowledged seq: 36292403
0.434 Assembling: source: 36006, dest: 61275, seq: 36293851, ack: 168, window: 1448, data: "tiopam molestiae"...
0.434 Sent: b'\x8c\xa6\xef[\x02)\xcc\xdb\x00\x00\x00\xa8P\x00\x05\xa8\x00\x00\x00\x00tiopam molestiae'...
0.436 Received: b'\xef[\x8c\xa6\x00\x00\x00\xa8\x02)\xd2\x83P\x10\x05\xa8\x00\x00\x00\x00'
0.436 Disassembled: source: 61275, dest: 36006, seq: 168, ack: 36295299, window: 1448, ACK
0.436 Acknowledged seq: 36293851
0.436 Assembling: source: 36006, dest: 61275, seq: 36295299, ack: 169, window: 1448, data: "possim qui no, v"...
0.437 Sent: b'\x8c\xa6\xef[\x02)\xd2\x83\x00\x00\x00\xa9P\x00\x05\xa8\x00\x00\x00\x00possim qui no, v'...
0.439 Received: b'\xef[\x8c\xa6\x00\x00\x00\xa9\x02)\xd8+P\x10\x05\xa8\x00\x00\x00\x00'
0.439 Disassembled: source: 61275, dest: 36006, seq: 169, ack: 36296747, window: 1448, ACK
0.439 Acknowledged seq: 36295299
0.439 Assembling: source: 36006, dest: 61275, seq: 36296747, ack: 170, window: 1448, data: " ex utinam parti"...
0.440 Sent: b'\x8c\xa6\xef[\x02)\xd8+\x00\x00\x00\xaaP\x00\x05\xa8\x00\x00\x00\x00 ex utinam parti'...
0.442 Received: b'\xef[\x8c\xa6\x00\x00\x00\xaa\x02)\xdd\xd3P\x10\x05\xa8\x00\x00\x00\x00'
0.442 Disassembled: source: 61275, dest: 36006, seq: 170, ack: 36298195, window: 1448, ACK
0.442 Acknowledged seq: 36296747
0.442 Assembling: source: 36006, dest: 61275, seq: 36298195, ack: 171, window: 1448, data: "icus in his. Pri"...
0.443 Sent: b'\x8c\xa6\xef[\x02)\xdd\xd3\x00\x00\x00\xabP\x00\x05\xa8\x00\x00\x00\x00icus in his. Pri'...
0.444 Received: b'\xef[\x8c\xa6\x00\x00\x00\xab\x02)\xe3{P\x10\x05\xa8\x00\x00\x00\x00'
0.445 Disassembled: source: 61275, dest: 36006, seq: 171, ack: 36299643, window: 1448, ACK
0.445 Acknowledged seq: 36298195
0.445 Assembling: source: 36006, dest: 61275, seq: 36299643, ack: 172, window: 1448, data: "iis et.

Ius cu "...
0.445 Sent: b'\x8c\xa6\xef[\x02)\xe3{\x00\x00\x00\xacP\x00\x05\xa8\x00\x00\x00\x00iis et.\n\nIus cu '...
0.447 Received: b'\xef[\x8c\xa6\x00\x00\x00\xac\x02)\xe9#P\x10\x05\xa8\x00\x00\x00\x00'
0.447 Disassembled: source: 61275, dest: 36006, seq: 172, ack: 36301091, window: 1448, ACK
0.447 Acknowledged seq: 36299643
0.448 Assembling: source: 36006, dest: 61275, seq: 36301091, ack: 173, window: 1448, data: "e interesset.

T"...
0.448 Sent: b'\x8c\xa6\xef[\x02)\xe9#\x00\x00\x00\xadP\x00\x05\xa8\x00\x00\x00\x00e interesset.\n\nT'...
0.450 Received: b'\xef[\x8c\xa6\x00\x00\x00\xad\x02)\xee\xcbP\x10\x05\xa8\x00\x00\x00\x00'
0.450 Disassembled: source: 61275, dest: 36006, seq: 173, ack: 36302539, window: 1448, ACK
0.450 Acknowledged seq: 36301091
0.451 Assembling: source: 36006, dest: 61275, seq: 36302539, ack: 174, window: 1448, data: "pro alia volutpa"...
0.451 Sent: b'\x8c\xa6\xef[\x02)\xee\xcb\x00\x00\x00\xaeP\x00\x05\xa8\x00\x00\x00\x00pro alia volutpa'...
0.453 Received: b'\xef[\x8c\xa6\x00\x00\x00\xae\x02)\xf4sP\x10\x05\xa8\x00\x00\x00\x00'
0.453 Disassembled: source: 61275, dest: 36006, seq: 174, ack: 36303987, window: 1448, ACK
0.453 Acknowledged seq: 36302539
0.453 Assembling: source: 36006, dest: 61275, seq: 36303987, ack: 175, window: 1448, data: " libris equidem "...
0.454 Sent: b'\x8c\xa6\xef[\x02)\xf4s\x00\x00\x00\xafP\x00\x05\xa8\x00\x00\x00\x00 libris equidem '...
0.456 Received: b'\xef[\x8c\xa6\x00\x00\x00\xaf\x02)\xfa\x1bP\x10\x05\xa8\x00\x00\x00\x00'
0.456 Disassembled: source: 61275, dest: 36006, seq: 175, ack: 36305435, window: 1448, ACK
0.456 Acknowledged seq: 36303987
0.456 Assembling: source: 36006, dest: 61275, seq: 36305435, ack: 176, window: 1448, data: "uavitate volupta"...
0.457 Sent: b'\x8c\xa6\xef[\x02)\xfa\x1b\x00\x00\x00\xb0P\x00\x05\xa8\x00\x00\x00\x00uavitate volupta'...
0.459 Received: b'\xef[\x8c\xa6\x00\x00\x00\xb0\x02)\xff\xc3P\x10\x05\xa8\x00\x00\x00\x00'
0.459 Disassembled: source: 61275, dest: 36006, seq: 176, ack: 36306883, window: 1448, ACK
0.459 Acknowledged seq: 36305435
0.459 Assembling: source: 36006, dest: 61275, seq: 36306883, ack: 177, window: 1448, data: " Detraxit defini"...
0.460 Sent: b'\x8c\xa6\xef[\x02)\xff\xc3\x00\x00\x00\xb1P\x00\x05\xa8\x00\x00\x00\x00 Detraxit defini'...
0.461 Received: b'\xef[\x8c\xa6\x00\x00\x00\xb1\x02*\x05kP\x10\x05\xa8\x00\x00\x00\x00'
0.462 Disassembled: source: 61275, dest: 36006, seq: 177, ack: 36308331, window: 1448, ACK
0.462 Acknowledged seq: 36306883
0.462 Assembling: source: 36006, dest: 61275, seq: 36308331, ack: 178, window: 1448, data: "aesent mei. Quo "...
0.462 Sent: b'\x8c\xa6\xef[\x02*\x05k\x00\x00\x00\xb2P\x00\x05\xa8\x00\x00\x00\x00aesent mei. Quo '...
0.464 Received: b'\xef[\x8c\xa6\x00\x00\x00\xb2\x02*\x0b\x13P\x10\x05\xa8\x00\x00\x00\x00'
0.464 Disassembled: source: 61275, dest: 36006, seq: 178, ack: 36309779, window: 1448, ACK
0.465 Acknowledged seq: 36308331
0.465 Assembling: source: 36006, dest: 61275, seq: 36309779, ack: 179, window: 1448, data: "nterpretaris no "...
0.465 Sent: b'\x8c\xa6\xef[\x02*\x0b\x13\x00\x00\x00\xb3P\x00\x05\xa8\x00\x00\x00\x00nterpretaris no '...
0.467 Received: b'\xef[\x8c\xa6\x00\x00\x00\xb3\x02*\x10\xbbP\x10\x05\xa8\x00\x00\x00\x00'
0.467 Disassembled: source: 61275, dest: 36006, seq: 179, ack: 36311227, window: 1448, ACK
0.468 Acknowledged seq: 36309779
0.468 Assembling: source: 36006, dest: 61275, seq: 36311227, ack: 180, window: 1448, data: "patrioque has. I"...
0.468 Sent: b'\x8c\xa6\xef[\x02*\x10\xbb\x00\x00\x00\xb4P\x00\x05\xa8\x00\x00\x00\x00patrioque has. I'...
0.470 Received: b'\xef[\x8c\xa6\x00\x00\x00\xb4\x02*\x16cP\x10\x05\xa8\x00\x00\x00\x00'
0.470 Disassembled: source: 61275, dest: 36006, seq: 180, ack: 36312675, window: 1448, ACK
0.470 Acknowledged seq: 36311227
0.471 Assembling: source: 36006, dest: 61275, seq: 36312675, ack: 181, window: 1448, data: "ossit repudianda"...
0.471 Sent: b'\x8c\xa6\xef[\x02*\x16c\x00\x00\x00\xb5P\x00\x05\xa8\x00\x00\x00\x00ossit repudianda'...
0.473 Received: b'\xef[\x8c\xa6\x00\x00\x00\xb5\x02*\x1c\x0bP\x10\x05\xa8\x00\x00\x00\x00'
0.473 Disassembled: source: 61275, dest: 36006, seq: 181, ack: 36314123, window: 1448, ACK
0.473 Acknowledged seq: 36312675
0.473 Assembling: source: 36006, dest: 61275, seq: 36314123, ack: 182, window: 1448, data: "ora consequuntur"...
0.474 Sent: b'\x8c\xa6\xef[\x02*\x1c\x0b\x00\x00\x00\xb6P\x00\x05\xa8\x00\x00\x00\x00ora consequuntur'...
0.476 Received: b'\xef[\x8c\xa6\x00\x00\x00\xb6\x02*!\xb3P\x10\x05\xa8\x00\x00\x00\x00'
0.476 Disassembled: source: 61275, dest: 36006, seq: 182, ack: 36315571, window: 1448, ACK
0.476 Acknowledged seq: 36314123
0.476 Assembling: source: 36006, dest: 61275, seq: 36315571, ack: 183, window: 1448, data: "ctus conceptam a"...
0.477 Sent: b'\x8c\xa6\xef[\x02*!\xb3\x00\x00\x00\xb7P\x00\x05\xa8\x00\x00\x00\x00ctus conceptam a'...
0.479 Received: b"\xef[\x8c\xa6\x00\x00\x00\xb7\x02*'[P\x10\x05\xa8\x00\x00\x00\x00"
0.479 Disassembled: source: 61275, dest: 36006, seq: 183, ack: 36317019, window: 1448, ACK
0.479 Acknowledged seq: 36315571
0.479 Assembling: source: 36006, dest: 61275, seq: 36317019, ack: 184, window: 1448, data: " aeterno te, ne "...
0.479 Sent: b"\x8c\xa6\xef[\x02*'[\x00\x00\x00\xb8P\x00\x05\xa8\x00\x00\x00\x00 aeterno te, ne "...
0.481 Received: b'\xef[\x8c\xa6\x00\x00\x00\xb8\x02*-\x03P\x10\x05\xa8\x00\x00\x00\x00'
0.482 Disassembled: source: 61275, dest: 36006, seq: 184, ack: 36318467, window: 1448, ACK
0.482 Acknowledged seq: 36317019
0.482 Assembling: source: 36006, dest: 61275, seq: 36318467, ack: 185, window: 1448, data: "imis oporteat di"...
0.482 Sent: b'\x8c\xa6\xef[\x02*-\x03\x00\x00\x00\xb9P\x00\x05\xa8\x00\x00\x00\x00imis oporteat di'...
0.484 Received: b'\xef[\x8c\xa6\x00\x00\x00\xb9\x02*2\xabP\x10\x05\xa8\x00\x00\x00\x00'
0.484 Disassembled: source: 61275, dest: 36006, seq: 185, ack: 36319915, window: 1448, ACK
0.484 Acknowledged seq: 36318467
0.485 Assembling: source: 36006, dest: 61275, seq: 36319915, ack: 186, window: 1448, data: "re. Has virtute "...
0.485 Sent: b'\x8c\xa6\xef[\x02*2\xab\x00\x00\x00\xbaP\x00\x05\xa8\x00\x00\x00\x00re. Has virtute '...
0.487 Received: b'\xef[\x8c\xa6\x00\x00\x00\xba\x02*8SP\x10\x05\xa8\x00\x00\x00\x00'
0.487 Disassembled: source: 61275, dest: 36006, seq: 186, ack: 36321363, window: 1448, ACK
0.487 Acknowledged seq: 36319915
0.487 Assembling: source: 36006, dest: 61275, seq: 36321363, ack: 187, window: 1448, data: " eum ancillae no"...
0.488 Sent: b'\x8c\xa6\xef[\x02*8S\x00\x00\x00\xbbP\x00\x05\xa8\x00\x00\x00\x00 eum ancillae no'...
0.490 Received: b'\xef[\x8c\xa6\x00\x00\x00\xbb\x02*=\xfbP\x10\x05\xa8\x00\x00\x00\x00'
0.490 Disassembled: source: 61275, dest: 36006, seq: 187, ack: 36322811, window: 1448, ACK
0.490 Acknowledged seq: 36321363
0.490 Assembling: source: 36006, dest: 61275, seq: 36322811, ack: 188, window: 1448, data: "ppareat ius. At "...
0.491 Sent: b'\x8c\xa6\xef[\x02*=\xfb\x00\x00\x00\xbcP\x00\x05\xa8\x00\x00\x00\x00ppareat ius. At '...
0.493 Received: b'\xef[\x8c\xa6\x00\x00\x00\xbc\x02*C\xa3P\x10\x05\xa8\x00\x00\x00\x00'
0.493 Disassembled: source: 61275, dest: 36006, seq: 188, ack: 36324259, window: 1448, ACK
0.493 Acknowledged seq: 36322811
0.493 Assembling: source: 36006, dest: 61275, seq: 36324259, ack: 189, window: 1448, data: ", vero appellant"...
0.493 Sent: b'\x8c\xa6\xef[\x02*C\xa3\x00\x00\x00\xbdP\x00\x05\xa8\x00\x00\x00\x00, vero appellant'...
0.495 Received: b'\xef[\x8c\xa6\x00\x00\x00\xbd\x02*IKP\x10\x05\xa8\x00\x00\x00\x00'
0.496 Disassembled: source: 61275, dest: 36006, seq: 189, ack: 36325707, window: 1448, ACK
0.496 Acknowledged seq: 36324259
0.496 Assembling: source: 36006, dest: 61275, seq: 36325707, ack: 190, window: 1448, data: "ibo quando copio"...
0.496 Sent: b'\x8c\xa6\xef[\x02*IK\x00\x00\x00\xbeP\x00\x05\xa8\x00\x00\x00\x00ibo quando copio'...
0.498 Received: b'\xef[\x8c\xa6\x00\x00\x00\xbe\x02*N\xf3P\x10\x05\xa8\x00\x00\x00\x00'
0.498 Disassembled: source: 61275, dest: 36006, seq: 190, ack: 36327155, window: 1448, ACK
0.498 Acknowledged seq: 36325707
0.499 Assembling: source: 36006, dest: 61275, seq: 36327155, ack: 191, window: 1448, data: " maluisset. Sit "...
0.499 Sent: b'\x8c\xa6\xef[\x02*N\xf3\x00\x00\x00\xbfP\x00\x05\xa8\x00\x00\x00\x00 maluisset. Sit '...
0.501 Received: b'\xef[\x8c\xa6\x00\x00\x00\xbf\x02*T\x9bP\x10\x05\xa8\x00\x00\x00\x00'
0.501 Disassembled: source: 61275, dest: 36006, seq: 191, ack: 36328603, window: 1448, ACK
0.501 Acknowledged seq: 36327155
0.501 Assembling: source: 36006, dest: 61275, seq: 36328603, ack: 192, window: 1448, data: "e ceteros albuci"...
0.502 Sent: b'\x8c\xa6\xef[\x02*T\x9b\x00\x00\x00\xc0P\x00\x05\xa8\x00\x00\x00\x00e ceteros albuci'...
0.504 Received: b'\xef[\x8c\xa6\x00\x00\x00\xc0\x02*ZCP\x10\x05\xa8\x00\x00\x00\x00'
0.504 Disassembled: source: 61275, dest: 36006, seq: 192, ack: 36330051, window: 1448, ACK
0.504 Acknowledged seq: 36328603
0.504 Assembling: source: 36006, dest: 61275, seq: 36330051, ack: 193, window: 1448, data: "complectitur sea"...
0.505 Sent: b'\x8c\xa6\xef[\x02*ZC\x00\x00\x00\xc1P\x00\x05\xa8\x00\x00\x00\x00complectitur sea'...
0.507 Received: b'\xef[\x8c\xa6\x00\x00\x00\xc1\x02*_\xebP\x10\x05\xa8\x00\x00\x00\x00'
0.507 Disassembled: source: 61275, dest: 36006, seq: 193, ack: 36331499, window: 1448, ACK
0.507 Acknowledged seq: 36330051
0.507 Finished reading file
0.507 Assembling: source: 36006, dest: 61275, seq: 36331499, ack: 194, window: 1448, data: "tempor ex ius. E"...
0.508 Sent: b'\x8c\xa6\xef[\x02*_\xeb\x00\x00\x00\xc2P\x00\x05\xa8\x00\x00\x00\x00tempor ex ius. E'...
0.510 Received: b'\xef[\x8c\xa6\x00\x00\x00\xc2\x02*`IP\x10\x05\xa8\x00\x00\x00\x00'
0.510 Disassembled: source: 61275, dest: 36006, seq: 194, ack: 36331593, window: 1448, ACK
0.510 Acknowledged seq: 36331499
0.510 Assembling: source: 36006, dest: 61275, seq: 36331593, ack: 195, window: 1448, ACK, FIN
0.511 Sent: b'\x8c\xa6\xef[\x02*`I\x00\x00\x00\xc3P\x11\x05\xa8\x00\x00\x00\x00'
0.512 Received: b'\xef[\x8c\xa6\x00\x00\x00\xc3\x02*`JP\x10\x05\xa8\x00\x00\x00\x00'
0.512 Disassembled: source: 61275, dest: 36006, seq: 195, ack: 36331594, window: 1448, ACK
0.512 FIN accepted; sending final packet
0.512 Assembling: source: 36006, dest: 61275, seq: 36331594, ack: 195, window: 1448, ACK
0.513 Sent: b'\x8c\xa6\xef[\x02*`J\x00\x00\x00\xc3P\x10\x05\xa8\x00\x00\x00\x00'
0.513 Closed connection
0.513 Shutting down
