0.000 NEW RUN: Server, TEST: Write_file__Large_multi-packet
0.217 Received: b'\x8e`\xaa\x8d\x00\x00\x00:\x00\x00\x00\x00P\x02\x05\xa8\x00\x00\x00\x00'
0.217 Disassembled: source: 36448, dest: 43661, seq: 58, window: 1448, SYN
0.218 SYN accepted; new connection: 127.0.0.1 on port 36448
0.218 Assembling: source: 43661, dest: 36448, seq: 39611867, ack: 59, window: 5808, ACK, SYN
0.218 Sent: b'\xaa\x8d\x8e`\x02\\m\xdb\x00\x00\x00;P\x12\x16\xb0\x00\x00\x00\x00'
0.219 Received: b'\x8e`\xaa\x8d\x00\x00\x00;\x02\\m\xdcP\x10\x16\xb0\x00\x00\x00\x00'
0.220 Disassembled: source: 36448, dest: 43661, seq: 59, ack: 39611868, window: 5808, ACK
0.220 Assembling: source: 43661, dest: 36448, seq: 39611868, ack: 59, window: 5808, ACK
0.220 Sent: b'\xaa\x8d\x8e`\x02\\m\xdc\x00\x00\x00;P\x10\x16\xb0\x00\x00\x00\x00'
0.221 Received: b'\x8e`\xaa\x8d\x00\x00\x00<\x02\\m\xdcP\x10\x16\xb0\x00\x00\x00\x00Lorem ipsum dolo'...
0.221 Disassembled: source: 36448, dest: 43661, seq: 60, ack: 39611868, window: 5808, ACK, data: "Lorem ipsum dolo"...
0.221 Handshake complete
0.221 Data accepted; adding to buffer
0.221 Assembling: source: 43661, dest: 36448, seq: 39611868, ack: 59, window: 5808, ACK
0.221 Sent: b'\xaa\x8d\x8e`\x02\\m\xdc\x00\x00\x00;P\x10\x16\xb0\x00\x00\x00\x00'
0.221 Received: b'\x8e`\xaa\x8d\x00\x00\x00=\x02\\m\xddP\x10\x16\xb0\x00\x00\x00\x00'
0.222 Disassembled: source: 36448, dest: 43661, seq: 61, ack: 39611869, window: 5808, ACK
0.222 Error: Incorrect acknowledgement flag
0.222 Received: b'\x8e`\xaa\x8d\x00\x00\x00>\x02\\m\xddP\x10\x16\xb0\x00\x00\x00\x00mprehensam nam, '...
0.223 Disassembled: source: 36448, dest: 43661, seq: 62, ack: 39611869, window: 5808, ACK, data: "mprehensam nam, "...
0.223 Error: Incorrect acknowledgement flag
0.223 Received: b'\x8e`\xaa\x8d\x00\x00\x00?\x02\\m\xdeP\x10\x16\xb0\x00\x00\x00\x00'
0.224 Disassembled: source: 36448, dest: 43661, seq: 63, ack: 39611870, window: 5808, ACK
0.224 Error: Incorrect acknowledgement flag
0.224 Received: b'\x8e`\xaa\x8d\x00\x00\x00@\x02\\m\xdeP\x10\x16\xb0\x00\x00\x00\x00ilisi repudiare '...
0.224 Disassembled: source: 36448, dest: 43661, seq: 64, ack: 39611870, window: 5808, ACK, data: "ilisi repudiare "...
0.225 Error: Incorrect acknowledgement flag
0.722 Sent: b'\xaa\x8d\x8e`\x02\\m\xdc\x00\x00\x00;P\x10\x16\xb0\x00\x00\x00\x00'
0.723 Received: b'\x8e`\xaa\x8d\x00\x00\x00A\x02\\m\xdfP\x10\x16\xb0\x00\x00\x00\x00'
0.724 Disassembled: source: 36448, dest: 43661, seq: 65, ack: 39611871, window: 5808, ACK
0.724 Error: Incorrect acknowledgement flag
0.725 Received: b'\x8e`\xaa\x8d\x00\x00\x00B\x02\\m\xdfP\x10\x16\xb0\x00\x00\x00\x00ta.\n\nEt essent s'...
0.725 Disassembled: source: 36448, dest: 43661, seq: 66, ack: 39611871, window: 5808, ACK, data: "ta.

Et essent s"...
0.725 Error: Incorrect acknowledgement flag
1.222 Sent: b'\xaa\x8d\x8e`\x02\\m\xdc\x00\x00\x00;P\x10\x16\xb0\x00\x00\x00\x00'
1.225 Received: b'\x8e`\xaa\x8d\x00\x00\x00C\x02\\m\xe0P\x10\x16\xb0\x00\x00\x00\x00'
1.225 Disassembled: source: 36448, dest: 43661, seq: 67, ack: 39611872, window: 5808, ACK
1.225 Error: Incorrect acknowledgement flag
1.227 Received: b'\x8e`\xaa\x8d\x00\x00\x00D\x02\\m\xe0P\x10\x16\xb0\x00\x00\x00\x00 Nihil tractatos'...
1.227 Disassembled: source: 36448, dest: 43661, seq: 68, ack: 39611872, window: 5808, ACK, data: " Nihil tractatos"...
1.228 Error: Incorrect acknowledgement flag
1.723 Sent: b'\xaa\x8d\x8e`\x02\\m\xdc\x00\x00\x00;P\x10\x16\xb0\x00\x00\x00\x00'
1.725 Received: b'\x8e`\xaa\x8d\x00\x00\x00E\x02\\m\xe1P\x10\x16\xb0\x00\x00\x00\x00'
1.726 Disassembled: source: 36448, dest: 43661, seq: 69, ack: 39611873, window: 5808, ACK
1.726 Error: Incorrect acknowledgement flag
1.727 Received: b'\x8e`\xaa\x8d\x00\x00\x00F\x02\\m\xe1P\x10\x16\xb0\x00\x00\x00\x00fert iuvaret sap'...
1.728 Disassembled: source: 36448, dest: 43661, seq: 70, ack: 39611873, window: 5808, ACK, data: "fert iuvaret sap"...
1.728 Error: Incorrect acknowledgement flag
2.223 Sent: b'\xaa\x8d\x8e`\x02\\m\xdc\x00\x00\x00;P\x10\x16\xb0\x00\x00\x00\x00'
2.226 Received: b'\x8e`\xaa\x8d\x00\x00\x00G\x02\\m\xe2P\x10\x16\xb0\x00\x00\x00\x00'
2.226 Disassembled: source: 36448, dest: 43661, seq: 71, ack: 39611874, window: 5808, ACK
2.226 Error: Incorrect acknowledgement flag
2.228 Received: b'\x8e`\xaa\x8d\x00\x00\x00H\x02\\m\xe2P\x10\x16\xb0\x00\x00\x00\x00ram adipiscing, '...
2.228 Disassembled: source: 36448, dest: 43661, seq: 72, ack: 39611874, window: 5808, ACK, data: "ram adipiscing, "...
2.228 Error: Incorrect acknowledgement flag
2.723 Error: Connection timed out
2.724 Closed connection
2.729 Shutting down
