0.000 NEW RUN: Server, TEST: Write_file__Empty
0.206 Received: b'\x9eib:\x00\x00\x00/\x00\x00\x00\x00P\x02\x05\xa8\x00\x00\x00\x00'
0.206 Disassembled: source: 40553, dest: 25146, seq: 47, window: 1448, SYN
0.206 SYN accepted; new connection: 127.0.0.1 on port 40553
0.206 Assembling: source: 25146, dest: 40553, seq: 37535028, ack: 48, window: 5808, ACK, SYN
0.207 Sent: b'b:\x9ei\x02<\xbd4\x00\x00\x000P\x12\x16\xb0\x00\x00\x00\x00'
0.208 Received: b'\x9eib:\x00\x00\x000\x02<\xbd5P\x10\x16\xb0\x00\x00\x00\x00'
0.209 Disassembled: source: 40553, dest: 25146, seq: 48, ack: 37535029, window: 5808, ACK
0.209 Assembling: source: 25146, dest: 40553, seq: 37535029, ack: 48, window: 5808, ACK
0.209 Sent: b'b:\x9ei\x02<\xbd5\x00\x00\x000P\x10\x16\xb0\x00\x00\x00\x00'
0.210 Received: b'\x9eib:\x00\x00\x001\x02<\xbd5P\x10\x16\xb0\x00\x00\x00\x00'
0.210 Disassembled: source: 40553, dest: 25146, seq: 49, ack: 37535029, window: 5808, ACK
0.210 Assembling: source: 25146, dest: 40553, seq: 37535029, ack: 48, window: 5808, ACK
0.210 Sent: b'b:\x9ei\x02<\xbd5\x00\x00\x000P\x10\x16\xb0\x00\x00\x00\x00'
0.711 Sent: b'b:\x9ei\x02<\xbd5\x00\x00\x000P\x10\x16\xb0\x00\x00\x00\x00'
1.211 Sent: b'b:\x9ei\x02<\xbd5\x00\x00\x000P\x10\x16\xb0\x00\x00\x00\x00'
1.711 Sent: b'b:\x9ei\x02<\xbd5\x00\x00\x000P\x10\x16\xb0\x00\x00\x00\x00'
2.212 Sent: b'b:\x9ei\x02<\xbd5\x00\x00\x000P\x10\x16\xb0\x00\x00\x00\x00'
2.712 Error: Connection timed out
2.713 Closed connection
2.713 Shutting down
