0.000 NEW RUN: Server, TEST: Read_file__Large_multi-packet
0.193 Received: b'HC\xcf\xe5\x00\x00\x00\r\x00\x00\x00\x00P\x02\x05\xa8\x00\x00\x00\x00'
0.194 Disassembled: source: 18499, dest: 53221, seq: 13, window: 1448, SYN
0.194 SYN accepted; new connection: 127.0.0.1 on port 18499
0.195 Assembling: source: 53221, dest: 18499, seq: 3547171581, ack: 14, window: 1448, ACK, SYN
0.195 Sent: b'\xcf\xe5HC\xd3m\x8a\xfd\x00\x00\x00\x0eP\x12\x05\xa8\x00\x00\x00\x00'
0.199 Received: b'HC\xcf\xe5\x00\x00\x00\x0e\xd3m\x8a\xfeP\x10\x05\xa8\x00\x00\x00\x00'
0.199 Disassembled: source: 18499, dest: 53221, seq: 14, ack: 3547171582, window: 1448, ACK
0.199 Handshake complete
0.199 Acknowledged seq: 3547171581
0.199 Assembling: source: 53221, dest: 18499, seq: 3547171582, ack: 15, window: 1448, data: "Lorem ipsum dolo"...
0.199 Sent: b'\xcf\xe5HC\xd3m\x8a\xfe\x00\x00\x00\x0fP\x00\x05\xa8\x00\x00\x00\x00Lorem ipsum dolo'...
0.202 Received: b'HC\xcf\xe5\x00\x00\x00\x0e\xd3m\x90\xa6P\x10\x05\xa8\x00\x00\x00\x00'
0.202 Disassembled: source: 18499, dest: 53221, seq: 14, ack: 3547173030, window: 1448, ACK
0.202 Acknowledged seq: 3547171582
0.202 Assembling: source: 53221, dest: 18499, seq: 3547173030, ack: 15, window: 1448, data: "mprehensam nam, "...
0.203 Sent: b'\xcf\xe5HC\xd3m\x90\xa6\x00\x00\x00\x0fP\x00\x05\xa8\x00\x00\x00\x00mprehensam nam, '...
0.205 Received: b'HC\xcf\xe5\x00\x00\x00\x0e\xd3m\x96NP\x10\x05\xa8\x00\x00\x00\x00'
0.205 Disassembled: source: 18499, dest: 53221, seq: 14, ack: 3547174478, window: 1448, ACK
0.205 Acknowledged seq: 3547173030
0.206 Assembling: source: 53221, dest: 18499, seq: 3547174478, ack: 15, window: 1448, data: "ilisi repudiare "...
0.206 Sent: b'\xcf\xe5HC\xd3m\x96N\x00\x00\x00\x0fP\x00\x05\xa8\x00\x00\x00\x00ilisi repudiare '...
0.208 Received: b'HC\xcf\xe5\x00\x00\x00\x0e\xd3m\x9b\xf6P\x10\x05\xa8\x00\x00\x00\x00'
0.208 Disassembled: source: 18499, dest: 53221, seq: 14, ack: 3547175926, window: 1448, ACK
0.208 Acknowledged seq: 3547174478
0.208 Assembling: source: 53221, dest: 18499, seq: 3547175926, ack: 15, window: 1448, data: "ta.

Et essent s"...
0.208 Sent: b'\xcf\xe5HC\xd3m\x9b\xf6\x00\x00\x00\x0fP\x00\x05\xa8\x00\x00\x00\x00ta.\n\nEt essent s'...
0.210 Received: b'HC\xcf\xe5\x00\x00\x00\x0e\xd3m\xa1\x9eP\x10\x05\xa8\x00\x00\x00\x00'
0.210 Disassembled: source: 18499, dest: 53221, seq: 14, ack: 3547177374, window: 1448, ACK
0.210 Acknowledged seq: 3547175926
0.211 Assembling: source: 53221, dest: 18499, seq: 3547177374, ack: 15, window: 1448, data: " Nihil tractatos"...
0.211 Sent: b'\xcf\xe5HC\xd3m\xa1\x9e\x00\x00\x00\x0fP\x00\x05\xa8\x00\x00\x00\x00 Nihil tractatos'...
0.213 Received: b'HC\xcf\xe5\x00\x00\x00\x0e\xd3m\xa7FP\x10\x05\xa8\x00\x00\x00\x00'
0.213 Disassembled: source: 18499, dest: 53221, seq: 14, ack: 3547178822, window: 1448, ACK
0.213 Acknowledged seq: 3547177374
0.213 Assembling: source: 53221, dest: 18499, seq: 3547178822, ack: 15, window: 1448, data: "fert iuvaret sap"...
0.214 Sent: b'\xcf\xe5HC\xd3m\xa7F\x00\x00\x00\x0fP\x00\x05\xa8\x00\x00\x00\x00fert iuvaret sap'...
0.215 Received: b'HC\xcf\xe5\x00\x00\x00\x0e\xd3m\xac\xeeP\x10\x05\xa8\x00\x00\x00\x00'
0.216 Disassembled: source: 18499, dest: 53221, seq: 14, ack: 3547180270, window: 1448, ACK
0.216 Acknowledged seq: 3547178822
0.216 Assembling: source: 53221, dest: 18499, seq: 3547180270, ack: 15, window: 1448, data: "ram adipiscing, "...
0.216 Sent: b'\xcf\xe5HC\xd3m\xac\xee\x00\x00\x00\x0fP\x00\x05\xa8\x00\x00\x00\x00ram adipiscing, '...
0.218 Received: b'HC\xcf\xe5\x00\x00\x00\x0e\xd3m\xb2\x96P\x10\x05\xa8\x00\x00\x00\x00'
0.218 Disassembled: source: 18499, dest: 53221, seq: 14, ack: 3547181718, window: 1448, ACK
0.218 Acknowledged seq: 3547180270
0.219 Assembling: source: 53221, dest: 18499, seq: 3547181718, ack: 15, window: 1448, data: "m veritus vivend"...
0.219 Sent: b'\xcf\xe5HC\xd3m\xb2\x96\x00\x00\x00\x0fP\x00\x05\xa8\x00\x00\x00\x00m veritus vivend'...
0.221 Received: b'HC\xcf\xe5\x00\x00\x00\x0e\xd3m\xb8>P\x10\x05\xa8\x00\x00\x00\x00'
0.221 Disassembled: source: 18499, dest: 53221, seq: 14, ack: 3547183166, window: 1448, ACK
0.221 Acknowledged seq: 3547181718
0.221 Assembling: source: 53221, dest: 18499, seq: 3547183166, ack: 15, window: 1448, data: " delenit, ignota"...
0.222 Sent: b'\xcf\xe5HC\xd3m\xb8>\x00\x00\x00\x0fP\x00\x05\xa8\x00\x00\x00\x00 delenit, ignota'...
0.223 Received: b'HC\xcf\xe5\x00\x00\x00\x0e\xd3m\xbd\xe6P\x10\x05\xa8\x00\x00\x00\x00'
0.224 Disassembled: source: 18499, dest: 53221, seq: 14, ack: 3547184614, window: 1448, ACK
0.224 Acknowledged seq: 3547183166
0.224 Assembling: source: 53221, dest: 18499, seq: 3547184614, ack: 15, window: 1448, data: "se explicari des"...
0.224 Sent: b'\xcf\xe5HC\xd3m\xbd\xe6\x00\x00\x00\x0fP\x00\x05\xa8\x00\x00\x00\x00se explicari des'...
0.226 Received: b'HC\xcf\xe5\x00\x00\x00\x0e\xd3m\xc3\x8eP\x10\x05\xa8\x00\x00\x00\x00'
0.226 Disassembled: source: 18499, dest: 53221, seq: 14, ack: 3547186062, window: 1448, ACK
0.226 Acknowledged seq: 3547184614
0.227 Assembling: source: 53221, dest: 18499, seq: 3547186062, ack: 15, window: 1448, data: "piscing, in modo"...
0.227 Sent: b'\xcf\xe5HC\xd3m\xc3\x8e\x00\x00\x00\x0fP\x00\x05\xa8\x00\x00\x00\x00piscing, in modo'...
0.229 Received: b'HC\xcf\xe5\x00\x00\x00\x0e\xd3m\xc96P\x10\x05\xa8\x00\x00\x00\x00'
0.229 Disassembled: source: 18499, dest: 53221, seq: 14, ack: 3547187510, window: 1448, ACK
0.229 Acknowledged seq: 3547186062
0.229 Assembling: source: 53221, dest: 18499, seq: 3547187510, ack: 15, window: 1448, data: "o copiosae tacim"...
0.230 Sent: b'\xcf\xe5HC\xd3m\xc96\x00\x00\x00\x0fP\x00\x05\xa8\x00\x00\x00\x00o copiosae tacim'...
0.231 Received: b'HC\xcf\xe5\x00\x00\x00\x0e\xd3m\xce\xdeP\x10\x05\xa8\x00\x00\x00\x00'
0.232 Disassembled: source: 18499, dest: 53221, seq: 14, ack: 3547188958, window: 1448, ACK
0.232 Acknowledged seq: 3547187510
0.232 Assembling: source: 53221, dest: 18499, seq: 3547188958, ack: 15, window: 1448, data: "am. Pri ne antio"...
0.232 Sent: b'\xcf\xe5HC\xd3m\xce\xde\x00\x00\x00\x0fP\x00\x05\xa8\x00\x00\x00\x00am. Pri ne antio'...
0.234 Received: b'HC\xcf\xe5\x00\x00\x00\x0e\xd3m\xd4\x86P\x10\x05\xa8\x00\x00\x00\x00'
0.234 Disassembled: source: 18499, dest: 53221, seq: 14, ack: 3547190406, window: 1448, ACK
0.235 Acknowledged seq: 3547188958
0.235 Assembling: source: 53221, dest: 18499, seq: 3547190406, ack: 15, window: 1448, data: "to no. Elitr pos"...
0.235 Sent: b'\xcf\xe5HC\xd3m\xd4\x86\x00\x00\x00\x0fP\x00\x05\xa8\x00\x00\x00\x00to no. Elitr pos'...
0.237 Received: b'HC\xcf\xe5\x00\x00\x00\x0e\xd3m\xda.P\x10\x05\xa8\x00\x00\x00\x00'
0.237 Disassembled: source: 18499, dest: 53221, seq: 14, ack: 3547191854, window: 1448, ACK
0.237 Acknowledged seq: 3547190406
0.237 Assembling: source: 53221, dest: 18499, seq: 3547191854, ack: 15, window: 1448, data: "pretaris, sea ex"...
0.238 Sent: b'\xcf\xe5HC\xd3m\xda.\x00\x00\x00\x0fP\x00\x05\xa8\x00\x00\x00\x00pretaris, sea ex'...
0.239 Received: b'HC\xcf\xe5\x00\x00\x00\x0e\xd3m\xdf\xd6P\x10\x05\xa8\x00\x00\x00\x00'
0.240 Disassembled: source: 18499, dest: 53221, seq: 14, ack: 3547193302, window: 1448, ACK
0.240 Acknowledged seq: 3547191854
0.240 Assembling: source: 53221, dest: 18499, seq: 3547193302, ack: 15, window: 1448, data: "oporteat inimicu"...
0.241 Sent: b'\xcf\xe5HC\xd3m\xdf\xd6\x00\x00\x00\x0fP\x00\x05\xa8\x00\x00\x00\x00oporteat inimicu'...
0.242 Received: b'HC\xcf\xe5\x00\x00\x00\x0e\xd3m\xe5~P\x10\x05\xa8\x00\x00\x00\x00'
0.243 Disassembled: source: 18499, dest: 53221, seq: 14, ack: 3547194750, window: 1448, ACK
0.243 Acknowledged seq: 3547193302
0.243 Assembling: source: 53221, dest: 18499, seq: 3547194750, ack: 15, window: 1448, data: "ligendi officiis"...
0.243 Sent: b'\xcf\xe5HC\xd3m\xe5~\x00\x00\x00\x0fP\x00\x05\xa8\x00\x00\x00\x00ligendi officiis'...
0.245 Received: b'HC\xcf\xe5\x00\x00\x00\x0e\xd3m\xeb&P\x10\x05\xa8\x00\x00\x00\x00'
0.245 Disassembled: source: 18499, dest: 53221, seq: 14, ack: 3547196198, window: 1448, ACK
0.245 Acknowledged seq: 3547194750
0.246 Assembling: source: 53221, dest: 18499, seq: 3547196198, ack: 15, window: 1448, data: "no vel regione i"...
0.246 Sent: b'\xcf\xe5HC\xd3m\xeb&\x00\x00\x00\x0fP\x00\x05\xa8\x00\x00\x00\x00no vel regione i'...
0.248 Received: b'HC\xcf\xe5\x00\x00\x00\x0e\xd3m\xf0\xceP\x10\x05\xa8\x00\x00\x00\x00'
0.248 Disassembled: source: 18499, dest: 53221, seq: 14, ack: 3547197646, window: 1448, ACK
0.248 Acknowledged seq: 3547196198
0.248 Assembling: source: 53221, dest: 18499, seq: 3547197646, ack: 15, window: 1448, data: "ibus vis ex, pro"...
0.249 Sent: b'\xcf\xe5HC\xd3m\xf0\xce\x00\x00\x00\x0fP\x00\x05\xa8\x00\x00\x00\x00ibus vis ex, pro'...
0.250 Received: b'HC\xcf\xe5\x00\x00\x00\x0e\xd3m\xf6vP\x10\x05\xa8\x00\x00\x00\x00'
0.251 Disassembled: source: 18499, dest: 53221, seq: 14, ack: 3547199094, window: 1448, ACK
0.251 Acknowledged seq: 3547197646
0.251 Assembling: source: 53221, dest: 18499, seq: 3547199094, ack: 15, window: 1448, data: "o vix, mel ea li"...
0.252 Sent: b'\xcf\xe5HC\xd3m\xf6v\x00\x00\x00\x0fP\x00\x05\xa8\x00\x00\x00\x00o vix, mel ea li'...
0.253 Received: b'HC\xcf\xe5\x00\x00\x00\x0e\xd3m\xfc\x1eP\x10\x05\xa8\x00\x00\x00\x00'
0.253 Disassembled: source: 18499, dest: 53221, seq: 14, ack: 3547200542, window: 1448, ACK
0.254 Acknowledged seq: 3547199094
0.254 Assembling: source: 53221, dest: 18499, seq: 3547200542, ack: 15, window: 1448, data: "d. Ex fugit suav"...
0.254 Sent: b'\xcf\xe5HC\xd3m\xfc\x1e\x00\x00\x00\x0fP\x00\x05\xa8\x00\x00\x00\x00d. Ex fugit suav'...
0.256 Received: b'HC\xcf\xe5\x00\x00\x00\x0e\xd3n\x01\xc6P\x10\x05\xa8\x00\x00\x00\x00'
0.256 Disassembled: source: 18499, dest: 53221, seq: 14, ack: 3547201990, window: 1448, ACK
0.256 Acknowledged seq: 3547200542
0.256 Assembling: source: 53221, dest: 18499, seq: 3547201990, ack: 15, window: 1448, data: "pertinax nec. De"...
0.257 Sent: b'\xcf\xe5HC\xd3n\x01\xc6\x00\x00\x00\x0fP\x00\x05\xa8\x00\x00\x00\x00pertinax nec. De'...
0.258 Received: b'HC\xcf\xe5\x00\x00\x00\x0e\xd3n\x07nP\x10\x05\xa8\x00\x00\x00\x00'
0.259 Disassembled: source: 18499, dest: 53221, seq: 14, ack: 3547203438, window: 1448, ACK
0.259 Acknowledged seq: 3547201990
0.259 Assembling: source: 53221, dest: 18499, seq: 3547203438, ack: 15, window: 1448, data: "lli primis praes"...
0.259 Sent: b'\xcf\xe5HC\xd3n\x07n\x00\x00\x00\x0fP\x00\x05\xa8\x00\x00\x00\x00lli primis praes'...
0.261 Received: b'HC\xcf\xe5\x00\x00\x00\x0e\xd3n\r\x16P\x10\x05\xa8\x00\x00\x00\x00'
0.261 Disassembled: source: 18499, dest: 53221, seq: 14, ack: 3547204886, window: 1448, ACK
0.262 Acknowledged seq: 3547203438
0.262 Assembling: source: 53221, dest: 18499, seq: 3547204886, ack: 15, window: 1448, data: "m, percipit inte"...
0.262 Sent: b'\xcf\xe5HC\xd3n\r\x16\x00\x00\x00\x0fP\x00\x05\xa8\x00\x00\x00\x00m, percipit inte'...
0.264 Received: b'HC\xcf\xe5\x00\x00\x00\x0e\xd3n\x12\xbeP\x10\x05\xa8\x00\x00\x00\x00'
0.264 Disassembled: source: 18499, dest: 53221, seq: 14, ack: 3547206334, window: 1448, ACK
0.264 Acknowledged seq: 3547204886
0.264 Assembling: source: 53221, dest: 18499, seq: 3547206334, ack: 15, window: 1448, data: "nani docendi pat"...
0.265 Sent: b'\xcf\xe5HC\xd3n\x12\xbe\x00\x00\x00\x0fP\x00\x05\xa8\x00\x00\x00\x00nani docendi pat'...
0.266 Received: b'HC\xcf\xe5\x00\x00\x00\x0e\xd3n\x18fP\x10\x05\xa8\x00\x00\x00\x00'
0.267 Disassembled: source: 18499, dest: 53221, seq: 14, ack: 3547207782, window: 1448, ACK
0.267 Acknowledged seq: 3547206334
0.267 Assembling: source: 53221, dest: 18499, seq: 3547207782, ack: 15, window: 1448, data: " vis decore poss"...
0.267 Sent: b'\xcf\xe5HC\xd3n\x18f\x00\x00\x00\x0fP\x00\x05\xa8\x00\x00\x00\x00 vis decore poss'...
0.269 Received: b'HC\xcf\xe5\x00\x00\x00\x0e\xd3n\x1e\x0eP\x10\x05\xa8\x00\x00\x00\x00'
0.269 Disassembled: source: 18499, dest: 53221, seq: 14, ack: 3547209230, window: 1448, ACK
0.270 Acknowledged seq: 3547207782
0.270 Assembling: source: 53221, dest: 18499, seq: 3547209230, ack: 15, window: 1448, data: "eam odio corpora"...
0.270 Sent: b'\xcf\xe5HC\xd3n\x1e\x0e\x00\x00\x00\x0fP\x00\x05\xa8\x00\x00\x00\x00eam odio corpora'...
0.272 Received: b'HC\xcf\xe5\x00\x00\x00\x0e\xd3n#\xb6P\x10\x05\xa8\x00\x00\x00\x00'
0.272 Disassembled: source: 18499, dest: 53221, seq: 14, ack: 3547210678, window: 1448, ACK
0.272 Acknowledged seq: 3547209230
0.272 Assembling: source: 53221, dest: 18499, seq: 3547210678, ack: 15, window: 1448, data: " est. Usu sanctu"...
0.273 Sent: b'\xcf\xe5HC\xd3n#\xb6\x00\x00\x00\x0fP\x00\x05\xa8\x00\x00\x00\x00 est. Usu sanctu'...
0.274 Received: b'HC\xcf\xe5\x00\x00\x00\x0e\xd3n)^P\x10\x05\xa8\x00\x00\x00\x00'
0.275 Disassembled: source: 18499, dest: 53221, seq: 14, ack: 3547212126, window: 1448, ACK
0.275 Acknowledged seq: 3547210678
0.275 Assembling: source: 53221, dest: 18499, seq: 3547212126, ack: 15, window: 1448, data: ".

Mei graeco ae"...
0.275 Sent: b'\xcf\xe5HC\xd3n)^\x00\x00\x00\x0fP\x00\x05\xa8\x00\x00\x00\x00.\n\nMei graeco ae'...
0.277 Received: b'HC\xcf\xe5\x00\x00\x00\x0e\xd3n/\x06P\x10\x05\xa8\x00\x00\x00\x00'
0.277 Disassembled: source: 18499, dest: 53221, seq: 14, ack: 3547213574, window: 1448, ACK
0.277 Acknowledged seq: 3547212126
0.278 Assembling: source: 53221, dest: 18499, seq: 3547213574, ack: 15, window: 1448, data: "et. Ne sea primi"...
0.278 Sent: b'\xcf\xe5HC\xd3n/\x06\x00\x00\x00\x0fP\x00\x05\xa8\x00\x00\x00\x00et. Ne sea primi'...
0.280 Received: b'HC\xcf\xe5\x00\x00\x00\x0e\xd3n4\xaeP\x10\x05\xa8\x00\x00\x00\x00'
0.280 Disassembled: source: 18499, dest: 53221, seq: 14, ack: 3547215022, window: 1448, ACK
0.280 Acknowledged seq: 3547213574
0.280 Assembling: source: 53221, dest: 18499, seq: 3547215022, ack: 15, window: 1448, data: "ittam convenire."...
0.281 Sent: b'\xcf\xe5HC\xd3n4\xae\x00\x00\x00\x0fP\x00\x05\xa8\x00\x00\x00\x00ittam convenire.'...
0.282 Received: b'HC\xcf\xe5\x00\x00\x00\x0e\xd3n:VP\x10\x05\xa8\x00\x00\x00\x00'
0.283 Disassembled: source: 18499, dest: 53221, seq: 14, ack: 3547216470, window: 1448, ACK
0.283 Acknowledged seq: 3547215022
0.283 Assembling: source: 53221, dest: 18499, seq: 3547216470, ack: 15, window: 1448, data: "ua et vis, id eu"...
0.283 Sent: b'\xcf\xe5HC\xd3n:V\x00\x00\x00\x0fP\x00\x05\xa8\x00\x00\x00\x00ua et vis, id eu'...
0.285 Received: b'HC\xcf\xe5\x00\x00\x00\x0e\xd3n?\xfeP\x10\x05\xa8\x00\x00\x00\x00'
0.285 Disassembled: source: 18499, dest: 53221, seq: 14, ack: 3547217918, window: 1448, ACK
0.285 Acknowledged seq: 3547216470
0.286 Assembling: source: 53221, dest: 18499, seq: 3547217918, ack: 15, window: 1448, data: "r. Et velit appa"...
0.286 Sent: b'\xcf\xe5HC\xd3n?\xfe\x00\x00\x00\x0fP\x00\x05\xa8\x00\x00\x00\x00r. Et velit appa'...
0.288 Received: b'HC\xcf\xe5\x00\x00\x00\x0e\xd3nE\xa6P\x10\x05\xa8\x00\x00\x00\x00'
0.288 Disassembled: source: 18499, dest: 53221, seq: 14, ack: 3547219366, window: 1448, ACK
0.288 Acknowledged seq: 3547217918
0.288 Assembling: source: 53221, dest: 18499, seq: 3547219366, ack: 15, window: 1448, data: " novum laudem, v"...
0.289 Sent: b'\xcf\xe5HC\xd3nE\xa6\x00\x00\x00\x0fP\x00\x05\xa8\x00\x00\x00\x00 novum laudem, v'...
0.290 Received: b'HC\xcf\xe5\x00\x00\x00\x0e\xd3nKNP\x10\x05\xa8\x00\x00\x00\x00'
0.291 Disassembled: source: 18499, dest: 53221, seq: 14, ack: 3547220814, window: 1448, ACK
0.291 Acknowledged seq: 3547219366
0.291 Assembling: source: 53221, dest: 18499, seq: 3547220814, ack: 15, window: 1448, data: "luptatibus, cibo"...
0.291 Sent: b'\xcf\xe5HC\xd3nKN\x00\x00\x00\x0fP\x00\x05\xa8\x00\x00\x00\x00luptatibus, cibo'...
0.293 Received: b'HC\xcf\xe5\x00\x00\x00\x0e\xd3nP\xf6P\x10\x05\xa8\x00\x00\x00\x00'
0.293 Disassembled: source: 18499, dest: 53221, seq: 14, ack: 3547222262, window: 1448, ACK
0.293 Acknowledged seq: 3547220814
0.293 Assembling: source: 53221, dest: 18499, seq: 3547222262, ack: 15, window: 1448, data: "alii indoctum ma"...
0.294 Sent: b'\xcf\xe5HC\xd3nP\xf6\x00\x00\x00\x0fP\x00\x05\xa8\x00\x00\x00\x00alii indoctum ma'...
0.295 Received: b'HC\xcf\xe5\x00\x00\x00\x0e\xd3nV\x9eP\x10\x05\xa8\x00\x00\x00\x00'
0.296 Disassembled: source: 18499, dest: 53221, seq: 14, ack: 3547223710, window: 1448, ACK
0.296 Acknowledged seq: 3547222262
0.296 Assembling: source: 53221, dest: 18499, seq: 3547223710, ack: 15, window: 1448, data: "im, his facete c"...
0.296 Sent: b'\xcf\xe5HC\xd3nV\x9e\x00\x00\x00\x0fP\x00\x05\xa8\x00\x00\x00\x00im, his facete c'...
0.298 Received: b'HC\xcf\xe5\x00\x00\x00\x0e\xd3n\\FP\x10\x05\xa8\x00\x00\x00\x00'
0.298 Disassembled: source: 18499, dest: 53221, seq: 14, ack: 3547225158, window: 1448, ACK
0.298 Acknowledged seq: 3547223710
0.299 Assembling: source: 53221, dest: 18499, seq: 3547225158, ack: 15, window: 1448, data: "e alia dolor com"...
0.299 Sent: b'\xcf\xe5HC\xd3n\\F\x00\x00\x00\x0fP\x00\x05\xa8\x00\x00\x00\x00e alia dolor com'...
0.301 Received: b'HC\xcf\xe5\x00\x00\x00\x0e\xd3na\xeeP\x10\x05\xa8\x00\x00\x00\x00'
0.301 Disassembled: source: 18499, dest: 53221, seq: 14, ack: 3547226606, window: 1448, ACK
0.301 Acknowledged seq: 3547225158
0.301 Assembling: source: 53221, dest: 18499, seq: 3547226606, ack: 15, window: 1448, data: "it ea, reque tem"...
0.302 Sent: b'\xcf\xe5HC\xd3na\xee\x00\x00\x00\x0fP\x00\x05\xa8\x00\x00\x00\x00it ea, reque tem'...
0.303 Received: b'HC\xcf\xe5\x00\x00\x00\x0e\xd3ng\x96P\x10\x05\xa8\x00\x00\x00\x00'
0.304 Disassembled: source: 18499, dest: 53221, seq: 14, ack: 3547228054, window: 1448, ACK
0.304 Acknowledged seq: 3547226606
0.304 Assembling: source: 53221, dest: 18499, seq: 3547228054, ack: 15, window: 1448, data: "alisque.

Equide"...
0.304 Sent: b'\xcf\xe5HC\xd3ng\x96\x00\x00\x00\x0fP\x00\x05\xa8\x00\x00\x00\x00alisque.\n\nEquide'...
0.306 Received: b'HC\xcf\xe5\x00\x00\x00\x0e\xd3nm>P\x10\x05\xa8\x00\x00\x00\x00'
0.306 Disassembled: source: 18499, dest: 53221, seq: 14, ack: 3547229502, window: 1448, ACK
0.306 Acknowledged seq: 3547228054
0.307 Assembling: source: 53221, dest: 18499, seq: 3547229502, ack: 15, window: 1448, data: "finitiones, affe"...
0.307 Sent: b'\xcf\xe5HC\xd3nm>\x00\x00\x00\x0fP\x00\x05\xa8\x00\x00\x00\x00finitiones, affe'...
0.309 Received: b'HC\xcf\xe5\x00\x00\x00\x0e\xd3nr\xe6P\x10\x05\xa8\x00\x00\x00\x00'
0.309 Disassembled: source: 18499, dest: 53221, seq: 14, ack: 3547230950, window: 1448, ACK
0.309 Acknowledged seq: 3547229502
0.309 Assembling: source: 53221, dest: 18499, seq: 3547230950, ack: 15, window: 1448, data: "his duis graeco "...
0.310 Sent: b'\xcf\xe5HC\xd3nr\xe6\x00\x00\x00\x0fP\x00\x05\xa8\x00\x00\x00\x00his duis graeco '...
0.311 Received: b'HC\xcf\xe5\x00\x00\x00\x0e\xd3nx\x8eP\x10\x05\xa8\x00\x00\x00\x00'
0.312 Disassembled: source: 18499, dest: 53221, seq: 14, ack: 3547232398, window: 1448, ACK
0.312 Acknowledged seq: 3547230950
0.312 Assembling: source: 53221, dest: 18499, seq: 3547232398, ack: 15, window: 1448, data: "am. Alia possit "...
0.313 Sent: b'\xcf\xe5HC\xd3nx\x8e\x00\x00\x00\x0fP\x00\x05\xa8\x00\x00\x00\x00am. Alia possit '...
0.314 Received: b'HC\xcf\xe5\x00\x00\x00\x0e\xd3n~6P\x10\x05\xa8\x00\x00\x00\x00'
0.315 Disassembled: source: 18499, dest: 53221, seq: 14, ack: 3547233846, window: 1448, ACK
0.315 Acknowledged seq: 3547232398
0.315 Assembling: source: 53221, dest: 18499, seq: 3547233846, ack: 15, window: 1448, data: "cum an. Mei faci"...
0.316 Sent: b'\xcf\xe5HC\xd3n~6\x00\x00\x00\x0fP\x00\x05\xa8\x00\x00\x00\x00cum an. Mei faci'...
0.317 Received: b'HC\xcf\xe5\x00\x00\x00\x0e\xd3n\x83\xdeP\x10\x05\xa8\x00\x00\x00\x00'
0.318 Disassembled: source: 18499, dest: 53221, seq: 14, ack: 3547235294, window: 1448, ACK
0.318 Acknowledged seq: 3547233846
0.318 Assembling: source: 53221, dest: 18499, seq: 3547235294, ack: 15, window: 1448, data: " vis adhuc tatio"...
0.318 Sent: b'\xcf\xe5HC\xd3n\x83\xde\x00\x00\x00\x0fP\x00\x05\xa8\x00\x00\x00\x00 vis adhuc tatio'...
0.320 Received: b'HC\xcf\xe5\x00\x00\x00\x0e\xd3n\x89\x86P\x10\x05\xa8\x00\x00\x00\x00'
0.320 Disassembled: source: 18499, dest: 53221, seq: 14, ack: 3547236742, window: 1448, ACK
0.321 Acknowledged seq: 3547235294
0.321 Assembling: source: 53221, dest: 18499, seq: 3547236742, ack: 15, window: 1448, data: "im eu option iuv"...
0.321 Sent: b'\xcf\xe5HC\xd3n\x89\x86\x00\x00\x00\x0fP\x00\x05\xa8\x00\x00\x00\x00im eu option iuv'...
0.323 Received: b'HC\xcf\xe5\x00\x00\x00\x0e\xd3n\x8f.P\x10\x05\xa8\x00\x00\x00\x00'
0.323 Disassembled: source: 18499, dest: 53221, seq: 14, ack: 3547238190, window: 1448, ACK
0.323 Acknowledged seq: 3547236742
0.324 Assembling: source: 53221, dest: 18499, seq: 3547238190, ack: 15, window: 1448, data: "ex epicurei taci"...
0.324 Sent: b'\xcf\xe5HC\xd3n\x8f.\x00\x00\x00\x0fP\x00\x05\xa8\x00\x00\x00\x00ex epicurei taci'...
0.326 Received: b'HC\xcf\xe5\x00\x00\x00\x0e\xd3n\x94\xd6P\x10\x05\xa8\x00\x00\x00\x00'
0.326 Disassembled: source: 18499, dest: 53221, seq: 14, ack: 3547239638, window: 1448, ACK
0.326 Acknowledged seq: 3547238190
0.327 Assembling: source: 53221, dest: 18499, seq: 3547239638, ack: 15, window: 1448, data: "ebat, eu pro ero"...
0.327 Sent: b'\xcf\xe5HC\xd3n\x94\xd6\x00\x00\x00\x0fP\x00\x05\xa8\x00\x00\x00\x00ebat, eu pro ero'...
0.329 Received: b'HC\xcf\xe5\x00\x00\x00\x0e\xd3n\x9a~P\x10\x05\xa8\x00\x00\x00\x00'
0.329 Disassembled: source: 18499, dest: 53221, seq: 14, ack: 3547241086, window: 1448, ACK
0.329 Acknowledged seq: 3547239638
0.329 Assembling: source: 53221, dest: 18499, seq: 3547241086, ack: 15, window: 1448, data: "s. Per no sale v"...
0.330 Sent: b'\xcf\xe5HC\xd3n\x9a~\x00\x00\x00\x0fP\x00\x05\xa8\x00\x00\x00\x00s. Per no sale v'...
0.332 Received: b'HC\xcf\xe5\x00\x00\x00\x0e\xd3n\xa0&P\x10\x05\xa8\x00\x00\x00\x00'
0.332 Disassembled: source: 18499, dest: 53221, seq: 14, ack: 3547242534, window: 1448, ACK
0.332 Acknowledged seq: 3547241086
0.332 Assembling: source: 53221, dest: 18499, seq: 3547242534, ack: 15, window: 1448, data: "orrupte ea mel. "...
0.333 Sent: b'\xcf\xe5HC\xd3n\xa0&\x00\x00\x00\x0fP\x00\x05\xa8\x00\x00\x00\x00orrupte ea mel. '...
0.334 Received: b'HC\xcf\xe5\x00\x00\x00\x0e\xd3n\xa5\xceP\x10\x05\xa8\x00\x00\x00\x00'
0.335 Disassembled: source: 18499, dest: 53221, seq: 14, ack: 3547243982, window: 1448, ACK
0.335 Acknowledged seq: 3547242534
0.335 Assembling: source: 53221, dest: 18499, seq: 3547243982, ack: 15, window: 1448, data: ". Est iracundia "...
0.336 Sent: b'\xcf\xe5HC\xd3n\xa5\xce\x00\x00\x00\x0fP\x00\x05\xa8\x00\x00\x00\x00. Est iracundia '...
0.337 Received: b'HC\xcf\xe5\x00\x00\x00\x0e\xd3n\xabvP\x10\x05\xa8\x00\x00\x00\x00'
0.338 Disassembled: source: 18499, dest: 53221, seq: 14, ack: 3547245430, window: 1448, ACK
0.338 Acknowledged seq: 3547243982
0.338 Assembling: source: 53221, dest: 18499, seq: 3547245430, ack: 15, window: 1448, data: "pta probatus scr"...
0.338 Sent: b'\xcf\xe5HC\xd3n\xabv\x00\x00\x00\x0fP\x00\x05\xa8\x00\x00\x00\x00pta probatus scr'...
0.340 Received: b'HC\xcf\xe5\x00\x00\x00\x0e\xd3n\xb1\x1eP\x10\x05\xa8\x00\x00\x00\x00'
0.340 Disassembled: source: 18499, dest: 53221, seq: 14, ack: 3547246878, window: 1448, ACK
0.341 Acknowledged seq: 3547245430
0.341 Assembling: source: 53221, dest: 18499, seq: 3547246878, ack: 15, window: 1448, data: "entur ei, pro ei"...
0.341 Sent: b'\xcf\xe5HC\xd3n\xb1\x1e\x00\x00\x00\x0fP\x00\x05\xa8\x00\x00\x00\x00entur ei, pro ei'...
0.343 Received: b'HC\xcf\xe5\x00\x00\x00\x0e\xd3n\xb6\xc6P\x10\x05\xa8\x00\x00\x00\x00'
0.343 Disassembled: source: 18499, dest: 53221, seq: 14, ack: 3547248326, window: 1448, ACK
0.343 Acknowledged seq: 3547246878
0.344 Assembling: source: 53221, dest: 18499, seq: 3547248326, ack: 15, window: 1448, data: "simul euismod vi"...
0.344 Sent: b'\xcf\xe5HC\xd3n\xb6\xc6\x00\x00\x00\x0fP\x00\x05\xa8\x00\x00\x00\x00simul euismod vi'...
0.346 Received: b'HC\xcf\xe5\x00\x00\x00\x0e\xd3n\xbcnP\x10\x05\xa8\x00\x00\x00\x00'
0.346 Disassembled: source: 18499, dest: 53221, seq: 14, ack: 3547249774, window: 1448, ACK
0.346 Acknowledged seq: 3547248326
0.347 Assembling: source: 53221, dest: 18499, seq: 3547249774, ack: 15, window: 1448, data: ", eam id iudico "...
0.347 Sent: b'\xcf\xe5HC\xd3n\xbcn\x00\x00\x00\x0fP\x00\x05\xa8\x00\x00\x00\x00, eam id iudico '...
0.349 Received: b'HC\xcf\xe5\x00\x00\x00\x0e\xd3n\xc2\x16P\x10\x05\xa8\x00\x00\x00\x00'
0.349 Disassembled: source: 18499, dest: 53221, seq: 14, ack: 3547251222, window: 1448, ACK
0.349 Acknowledged seq: 3547249774
0.349 Assembling: source: 53221, dest: 18499, seq: 3547251222, ack: 15, window: 1448, data: "m vix. Ea est mu"...
0.350 Sent: b'\xcf\xe5HC\xd3n\xc2\x16\x00\x00\x00\x0fP\x00\x05\xa8\x00\x00\x00\x00m vix. Ea est mu'...
0.352 Received: b'HC\xcf\xe5\x00\x00\x00\x0e\xd3n\xc7\xbeP\x10\x05\xa8\x00\x00\x00\x00'
0.352 Disassembled: source: 18499, dest: 53221, seq: 14, ack: 3547252670, window: 1448, ACK
0.352 Acknowledged seq: 3547251222
0.352 Assembling: source: 53221, dest: 18499, seq: 3547252670, ack: 15, window: 1448, data: "olor sit amet, e"...
0.353 Sent: b'\xcf\xe5HC\xd3n\xc7\xbe\x00\x00\x00\x0fP\x00\x05\xa8\x00\x00\x00\x00olor sit amet, e'...
0.355 Received: b'HC\xcf\xe5\x00\x00\x00\x0e\xd3n\xcdfP\x10\x05\xa8\x00\x00\x00\x00'
0.355 Disassembled: source: 18499, dest: 53221, seq: 14, ack: 3547254118, window: 1448, ACK
0.355 Acknowledged seq: 3547252670
0.355 Assembling: source: 53221, dest: 18499, seq: 3547254118, ack: 15, window: 1448, data: "m, aperiam iudic"...
0.356 Sent: b'\xcf\xe5HC\xd3n\xcdf\x00\x00\x00\x0fP\x00\x05\xa8\x00\x00\x00\x00m, aperiam iudic'...
0.358 Received: b'HC\xcf\xe5\x00\x00\x00\x0e\xd3n\xd3\x0eP\x10\x05\xa8\x00\x00\x00\x00'
0.358 Disassembled: source: 18499, dest: 53221, seq: 14, ack: 3547255566, window: 1448, ACK
0.358 Acknowledged seq: 3547254118
0.358 Assembling: source: 53221, dest: 18499, seq: 3547255566, ack: 15, window: 1448, data: "re sea. No eos d"...
0.359 Sent: b'\xcf\xe5HC\xd3n\xd3\x0e\x00\x00\x00\x0fP\x00\x05\xa8\x00\x00\x00\x00re sea. No eos d'...
0.361 Received: b'HC\xcf\xe5\x00\x00\x00\x0e\xd3n\xd8\xb6P\x10\x05\xa8\x00\x00\x00\x00'
0.361 Disassembled: source: 18499, dest: 53221, seq: 14, ack: 3547257014, window: 1448, ACK
0.361 Acknowledged seq: 3547255566
0.361 Assembling: source: 53221, dest: 18499, seq: 3547257014, ack: 15, window: 1448, data: "t scripta philos"...
0.362 Sent: b'\xcf\xe5HC\xd3n\xd8\xb6\x00\x00\x00\x0fP\x00\x05\xa8\x00\x00\x00\x00t scripta philos'...
0.364 Received: b'HC\xcf\xe5\x00\x00\x00\x0e\xd3n\xde^P\x10\x05\xa8\x00\x00\x00\x00'
0.364 Disassembled: source: 18499, dest: 53221, seq: 14, ack: 3547258462, window: 1448, ACK
0.364 Acknowledged seq: 3547257014
0.365 Assembling: source: 53221, dest: 18499, seq: 3547258462, ack: 15, window: 1448, data: "tos sadipscing e"...
0.365 Sent: b'\xcf\xe5HC\xd3n\xde^\x00\x00\x00\x0fP\x00\x05\xa8\x00\x00\x00\x00tos sadipscing e'...
0.367 Received: b'HC\xcf\xe5\x00\x00\x00\x0e\xd3n\xe4\x06P\x10\x05\xa8\x00\x00\x00\x00'
0.367 Disassembled: source: 18499, dest: 53221, seq: 14, ack: 3547259910, window: 1448, ACK
0.367 Acknowledged seq: 3547258462
0.368 Assembling: source: 53221, dest: 18499, seq: 3547259910, ack: 15, window: 1448, data: "sapientem ea, ad"...
0.368 Sent: b'\xcf\xe5HC\xd3n\xe4\x06\x00\x00\x00\x0fP\x00\x05\xa8\x00\x00\x00\x00sapientem ea, ad'...
0.370 Received: b'HC\xcf\xe5\x00\x00\x00\x0e\xd3n\xe9\xaeP\x10\x05\xa8\x00\x00\x00\x00'
0.370 Disassembled: source: 18499, dest: 53221, seq: 14, ack: 3547261358, window: 1448, ACK
0.370 Acknowledged seq: 3547259910
0.371 Assembling: source: 53221, dest: 18499, seq: 3547261358, ack: 15, window: 1448, data: "g, ei invenire p"...
0.371 Sent: b'\xcf\xe5HC\xd3n\xe9\xae\x00\x00\x00\x0fP\x00\x05\xa8\x00\x00\x00\x00g, ei invenire p'...
0.373 Received: b'HC\xcf\xe5\x00\x00\x00\x0e\xd3n\xefVP\x10\x05\xa8\x00\x00\x00\x00'
0.373 Disassembled: source: 18499, dest: 53221, seq: 14, ack: 3547262806, window: 1448, ACK
0.374 Acknowledged seq: 3547261358
0.374 Assembling: source: 53221, dest: 18499, seq: 3547262806, ack: 15, window: 1448, data: "endo at. Qui id "...
0.374 Sent: b'\xcf\xe5HC\xd3n\xefV\x00\x00\x00\x0fP\x00\x05\xa8\x00\x00\x00\x00endo at. Qui id '...
0.376 Received: b'HC\xcf\xe5\x00\x00\x00\x0e\xd3n\xf4\xfeP\x10\x05\xa8\x00\x00\x00\x00'
0.376 Disassembled: source: 18499, dest: 53221, seq: 14, ack: 3547264254, window: 1448, ACK
0.377 Acknowledged seq: 3547262806
0.377 Assembling: source: 53221, dest: 18499, seq: 3547264254, ack: 15, window: 1448, data: "ota nostrum et p"...
0.377 Sent: b'\xcf\xe5HC\xd3n\xf4\xfe\x00\x00\x00\x0fP\x00\x05\xa8\x00\x00\x00\x00ota nostrum et p'...
0.379 Received: b'HC\xcf\xe5\x00\x00\x00\x0e\xd3n\xfa\xa6P\x10\x05\xa8\x00\x00\x00\x00'
0.380 Disassembled: source: 18499, dest: 53221, seq: 14, ack: 3547265702, window: 1448, ACK
0.380 Acknowledged seq: 3547264254
0.380 Assembling: source: 53221, dest: 18499, seq: 3547265702, ack: 15, window: 1448, data: "deseruisse id. P"...
0.381 Sent: b'\xcf\xe5HC\xd3n\xfa\xa6\x00\x00\x00\x0fP\x00\x05\xa8\x00\x00\x00\x00deseruisse id. P'...
0.382 Received: b'HC\xcf\xe5\x00\x00\x00\x0e\xd3o\x00NP\x10\x05\xa8\x00\x00\x00\x00'
0.383 Disassembled: source: 18499, dest: 53221, seq: 14, ack: 3547267150, window: 1448, ACK
0.383 Acknowledged seq: 3547265702
0.383 Assembling: source: 53221, dest: 18499, seq: 3547267150, ack: 15, window: 1448, data: "odo munere imper"...
0.384 Sent: b'\xcf\xe5HC\xd3o\x00N\x00\x00\x00\x0fP\x00\x05\xa8\x00\x00\x00\x00odo munere imper'...
0.385 Received: b'HC\xcf\xe5\x00\x00\x00\x0e\xd3o\x05\xf6P\x10\x05\xa8\x00\x00\x00\x00'
0.386 Disassembled: source: 18499, dest: 53221, seq: 14, ack: 3547268598, window: 1448, ACK
0.386 Acknowledged seq: 3547267150
0.386 Assembling: source: 53221, dest: 18499, seq: 3547268598, ack: 15, window: 1448, data: "cimates cum, tib"...
0.387 Sent: b'\xcf\xe5HC\xd3o\x05\xf6\x00\x00\x00\x0fP\x00\x05\xa8\x00\x00\x00\x00cimates cum, tib'...
0.388 Received: b'HC\xcf\xe5\x00\x00\x00\x0e\xd3o\x0b\x9eP\x10\x05\xa8\x00\x00\x00\x00'
0.389 Disassembled: source: 18499, dest: 53221, seq: 14, ack: 3547270046, window: 1448, ACK
0.389 Acknowledged seq: 3547268598
0.389 Assembling: source: 53221, dest: 18499, seq: 3547270046, ack: 15, window: 1448, data: "tiopam molestiae"...
0.389 Sent: b'\xcf\xe5HC\xd3o\x0b\x9e\x00\x00\x00\x0fP\x00\x05\xa8\x00\x00\x00\x00tiopam molestiae'...
0.391 Received: b'HC\xcf\xe5\x00\x00\x00\x0e\xd3o\x11FP\x10\x05\xa8\x00\x00\x00\x00'
0.392 Disassembled: source: 18499, dest: 53221, seq: 14, ack: 3547271494, window: 1448, ACK
0.392 Acknowledged seq: 3547270046
0.392 Assembling: source: 53221, dest: 18499, seq: 3547271494, ack: 15, window: 1448, data: "possim qui no, v"...
0.392 Sent: b'\xcf\xe5HC\xd3o\x11F\x00\x00\x00\x0fP\x00\x05\xa8\x00\x00\x00\x00possim qui no, v'...
0.394 Received: b'HC\xcf\xe5\x00\x00\x00\x0e\xd3o\x16\xeeP\x10\x05\xa8\x00\x00\x00\x00'
0.395 Disassembled: source: 18499, dest: 53221, seq: 14, ack: 3547272942, window: 1448, ACK
0.395 Acknowledged seq: 3547271494
0.395 Assembling: source: 53221, dest: 18499, seq: 3547272942, ack: 15, window: 1448, data: " ex utinam parti"...
0.395 Sent: b'\xcf\xe5HC\xd3o\x16\xee\x00\x00\x00\x0fP\x00\x05\xa8\x00\x00\x00\x00 ex utinam parti'...
0.397 Received: b'HC\xcf\xe5\x00\x00\x00\x0e\xd3o\x1c\x96P\x10\x05\xa8\x00\x00\x00\x00'
0.398 Disassembled: source: 18499, dest: 53221, seq: 14, ack: 3547274390, window: 1448, ACK
0.398 Acknowledged seq: 3547272942
0.398 Assembling: source: 53221, dest: 18499, seq: 3547274390, ack: 15, window: 1448, data: "icus in his. Pri"...
0.399 Sent: b'\xcf\xe5HC\xd3o\x1c\x96\x00\x00\x00\x0fP\x00\x05\xa8\x00\x00\x00\x00icus in his. Pri'...
0.401 Received: b'HC\xcf\xe5\x00\x00\x00\x0e\xd3o">P\x10\x05\xa8\x00\x00\x00\x00'
0.401 Disassembled: source: 18499, dest: 53221, seq: 14, ack: 3547275838, window: 1448, ACK
0.401 Acknowledged seq: 3547274390
0.401 Assembling: source: 53221, dest: 18499, seq: 3547275838, ack: 15, window: 1448, data: "iis et.

Ius cu "...
0.402 Sent: b'\xcf\xe5HC\xd3o">\x00\x00\x00\x0fP\x00\x05\xa8\x00\x00\x00\x00iis et.\n\nIus cu '...
0.404 Received: b"HC\xcf\xe5\x00\x00\x00\x0e\xd3o'\xe6P\x10\x05\xa8\x00\x00\x00\x00"
0.404 Disassembled: source: 18499, dest: 53221, seq: 14, ack: 3547277286, window: 1448, ACK
0.404 Acknowledged seq: 3547275838
0.405 Assembling: source: 53221, dest: 18499, seq: 3547277286, ack: 15, window: 1448, data: "e interesset.

T"...
0.405 Sent: b"\xcf\xe5HC\xd3o'\xe6\x00\x00\x00\x0fP\x00\x05\xa8\x00\x00\x00\x00e interesset.\n\nT"...
0.407 Received: b'HC\xcf\xe5\x00\x00\x00\x0e\xd3o-\x8eP\x10\x05\xa8\x00\x00\x00\x00'
0.407 Disassembled: source: 18499, dest: 53221, seq: 14, ack: 3547278734, window: 1448, ACK
0.408 Acknowledged seq: 3547277286
0.408 Assembling: source: 53221, dest: 18499, seq: 3547278734, ack: 15, window: 1448, data: "pro alia volutpa"...
0.408 Sent: b'\xcf\xe5HC\xd3o-\x8e\x00\x00\x00\x0fP\x00\x05\xa8\x00\x00\x00\x00pro alia volutpa'...
0.410 Received: b'HC\xcf\xe5\x00\x00\x00\x0e\xd3o36P\x10\x05\xa8\x00\x00\x00\x00'
0.410 Disassembled: source: 18499, dest: 53221, seq: 14, ack: 3547280182, window: 1448, ACK
0.411 Acknowledged seq: 3547278734
0.411 Assembling: source: 53221, dest: 18499, seq: 3547280182, ack: 15, window: 1448, data: " libris equidem "...
0.411 Sent: b'\xcf\xe5HC\xd3o36\x00\x00\x00\x0fP\x00\x05\xa8\x00\x00\x00\x00 libris equidem '...
0.413 Received: b'HC\xcf\xe5\x00\x00\x00\x0e\xd3o8\xdeP\x10\x05\xa8\x00\x00\x00\x00'
0.414 Disassembled: source: 18499, dest: 53221, seq: 14, ack: 3547281630, window: 1448, ACK
0.414 Acknowledged seq: 3547280182
0.414 Assembling: source: 53221, dest: 18499, seq: 3547281630, ack: 15, window: 1448, data: "uavitate volupta"...
0.414 Sent: b'\xcf\xe5HC\xd3o8\xde\x00\x00\x00\x0fP\x00\x05\xa8\x00\x00\x00\x00uavitate volupta'...
0.416 Received: b'HC\xcf\xe5\x00\x00\x00\x0e\xd3o>\x86P\x10\x05\xa8\x00\x00\x00\x00'
0.417 Disassembled: source: 18499, dest: 53221, seq: 14, ack: 3547283078, window: 1448, ACK
0.417 Acknowledged seq: 3547281630
0.417 Assembling: source: 53221, dest: 18499, seq: 3547283078, ack: 15, window: 1448, data: " Detraxit defini"...
0.417 Sent: b'\xcf\xe5HC\xd3o>\x86\x00\x00\x00\x0fP\x00\x05\xa8\x00\x00\x00\x00 Detraxit defini'...
0.419 Received: b'HC\xcf\xe5\x00\x00\x00\x0e\xd3oD.P\x10\x05\xa8\x00\x00\x00\x00'
0.420 Disassembled: source: 18499, dest: 53221, seq: 14, ack: 3547284526, window: 1448, ACK
0.420 Acknowledged seq: 3547283078
0.420 Assembling: source: 53221, dest: 18499, seq: 3547284526, ack: 15, window: 1448, data: "aesent mei. Quo "...
0.420 Sent: b'\xcf\xe5HC\xd3oD.\x00\x00\x00\x0fP\x00\x05\xa8\x00\x00\x00\x00aesent mei. Quo '...
0.422 Received: b'HC\xcf\xe5\x00\x00\x00\x0e\xd3oI\xd6P\x10\x05\xa8\x00\x00\x00\x00'
0.423 Disassembled: source: 18499, dest: 53221, seq: 14, ack: 3547285974, window: 1448, ACK
0.423 Acknowledged seq: 3547284526
0.423 Assembling: source: 53221, dest: 18499, seq: 3547285974, ack: 15, window: 1448, data: "nterpretaris no "...
0.424 Sent: b'\xcf\xe5HC\xd3oI\xd6\x00\x00\x00\x0fP\x00\x05\xa8\x00\x00\x00\x00nterpretaris no '...
0.425 Received: b'HC\xcf\xe5\x00\x00\x00\x0e\xd3oO~P\x10\x05\xa8\x00\x00\x00\x00'
0.426 Disassembled: source: 18499, dest: 53221, seq: 14, ack: 3547287422, window: 1448, ACK
0.426 Acknowledged seq: 3547285974
0.426 Assembling: source: 53221, dest: 18499, seq: 3547287422, ack: 15, window: 1448, data: "patrioque has. I"...
0.427 Sent: b'\xcf\xe5HC\xd3oO~\x00\x00\x00\x0fP\x00\x05\xa8\x00\x00\x00\x00patrioque has. I'...
0.429 Received: b'HC\xcf\xe5\x00\x00\x00\x0e\xd3oU&P\x10\x05\xa8\x00\x00\x00\x00'
0.429 Disassembled: source: 18499, dest: 53221, seq: 14, ack: 3547288870, window: 1448, ACK
0.429 Acknowledged seq: 3547287422
0.430 Assembling: source: 53221, dest: 18499, seq: 3547288870, ack: 15, window: 1448, data: "ossit repudianda"...
0.430 Sent: b'\xcf\xe5HC\xd3oU&\x00\x00\x00\x0fP\x00\x05\xa8\x00\x00\x00\x00ossit repudianda'...
0.432 Received: b'HC\xcf\xe5\x00\x00\x00\x0e\xd3oZ\xceP\x10\x05\xa8\x00\x00\x00\x00'
0.432 Disassembled: source: 18499, dest: 53221, seq: 14, ack: 3547290318, window: 1448, ACK
0.432 Acknowledged seq: 3547288870
0.433 Assembling: source: 53221, dest: 18499, seq: 3547290318, ack: 15, window: 1448, data: "ora consequuntur"...
0.433 Sent: b'\xcf\xe5HC\xd3oZ\xce\x00\x00\x00\x0fP\x00\x05\xa8\x00\x00\x00\x00ora consequuntur'...
0.435 Received: b'HC\xcf\xe5\x00\x00\x00\x0e\xd3o`vP\x10\x05\xa8\x00\x00\x00\x00'
0.435 Disassembled: source: 18499, dest: 53221, seq: 14, ack: 3547291766, window: 1448, ACK
0.436 Acknowledged seq: 3547290318
0.436 Assembling: source: 53221, dest: 18499, seq: 3547291766, ack: 15, window: 1448, data: "ctus conceptam a"...
0.436 Sent: b'\xcf\xe5HC\xd3o`v\x00\x00\x00\x0fP\x00\x05\xa8\x00\x00\x00\x00ctus conceptam a'...
0.438 Received: b'HC\xcf\xe5\x00\x00\x00\x0e\xd3of\x1eP\x10\x05\xa8\x00\x00\x00\x00'
0.439 Disassembled: source: 18499, dest: 53221, seq: 14, ack: 3547293214, window: 1448, ACK
0.439 Acknowledged seq: 3547291766
0.439 Assembling: source: 53221, dest: 18499, seq: 3547293214, ack: 15, window: 1448, data: " aeterno te, ne "...
0.439 Sent: b'\xcf\xe5HC\xd3of\x1e\x00\x00\x00\x0fP\x00\x05\xa8\x00\x00\x00\x00 aeterno te, ne '...
0.441 Received: b'HC\xcf\xe5\x00\x00\x00\x0e\xd3ok\xc6P\x10\x05\xa8\x00\x00\x00\x00'
0.442 Disassembled: source: 18499, dest: 53221, seq: 14, ack: 3547294662, window: 1448, ACK
0.442 Acknowledged seq: 3547293214
0.442 Assembling: source: 53221, dest: 18499, seq: 3547294662, ack: 15, window: 1448, data: "imis oporteat di"...
0.443 Sent: b'\xcf\xe5HC\xd3ok\xc6\x00\x00\x00\x0fP\x00\x05\xa8\x00\x00\x00\x00imis oporteat di'...
0.445 Received: b'HC\xcf\xe5\x00\x00\x00\x0e\xd3oqnP\x10\x05\xa8\x00\x00\x00\x00'
0.445 Disassembled: source: 18499, dest: 53221, seq: 14, ack: 3547296110, window: 1448, ACK
0.445 Acknowledged seq: 3547294662
0.445 Assembling: source: 53221, dest: 18499, seq: 3547296110, ack: 15, window: 1448, data: "re. Has virtute "...
0.446 Sent: b'\xcf\xe5HC\xd3oqn\x00\x00\x00\x0fP\x00\x05\xa8\x00\x00\x00\x00re. Has virtute '...
0.448 Received: b'HC\xcf\xe5\x00\x00\x00\x0e\xd3ow\x16P\x10\x05\xa8\x00\x00\x00\x00'
0.448 Disassembled: source: 18499, dest: 53221, seq: 14, ack: 3547297558, window: 1448, ACK
0.449 Acknowledged seq: 3547296110
0.449 Assembling: source: 53221, dest: 18499, seq: 3547297558, ack: 15, window: 1448, data: " eum ancillae no"...
0.449 Sent: b'\xcf\xe5HC\xd3ow\x16\x00\x00\x00\x0fP\x00\x05\xa8\x00\x00\x00\x00 eum ancillae no'...
0.451 Received: b'HC\xcf\xe5\x00\x00\x00\x0e\xd3o|\xbeP\x10\x05\xa8\x00\x00\x00\x00'
0.452 Disassembled: source: 18499, dest: 53221, seq: 14, ack: 3547299006, window: 1448, ACK
0.452 Acknowledged seq: 3547297558
0.452 Assembling: source: 53221, dest: 18499, seq: 3547299006, ack: 15, window: 1448, data: "ppareat ius. At "...
0.453 Sent: b'\xcf\xe5HC\xd3o|\xbe\x00\x00\x00\x0fP\x00\x05\xa8\x00\x00\x00\x00ppareat ius. At '...
0.455 Received: b'HC\xcf\xe5\x00\x00\x00\x0e\xd3o\x82fP\x10\x05\xa8\x00\x00\x00\x00'
0.455 Disassembled: source: 18499, dest: 53221, seq: 14, ack: 3547300454, window: 1448, ACK
0.455 Acknowledged seq: 3547299006
0.455 Assembling: source: 53221, dest: 18499, seq: 3547300454, ack: 15, window: 1448, data: ", vero appellant"...
0.456 Sent: b'\xcf\xe5HC\xd3o\x82f\x00\x00\x00\x0fP\x00\x05\xa8\x00\x00\x00\x00, vero appellant'...
0.458 Received: b'HC\xcf\xe5\x00\x00\x00\x0e\xd3o\x88\x0eP\x10\x05\xa8\x00\x00\x00\x00'
0.458 Disassembled: source: 18499, dest: 53221, seq: 14, ack: 3547301902, window: 1448, ACK
0.458 Acknowledged seq: 3547300454
0.459 Assembling: source: 53221, dest: 18499, seq: 3547301902, ack: 15, window: 1448, data: "ibo quando copio"...
0.459 Sent: b'\xcf\xe5HC\xd3o\x88\x0e\x00\x00\x00\x0fP\x00\x05\xa8\x00\x00\x00\x00ibo quando copio'...
0.461 Received: b'HC\xcf\xe5\x00\x00\x00\x0e\xd3o\x8d\xb6P\x10\x05\xa8\x00\x00\x00\x00'
0.461 Disassembled: source: 18499, dest: 53221, seq: 14, ack: 3547303350, window: 1448, ACK
0.462 Acknowledged seq: 3547301902
0.462 Assembling: source: 53221, dest: 18499, seq: 3547303350, ack: 15, window: 1448, data: " maluisset. Sit "...
0.462 Sent: b'\xcf\xe5HC\xd3o\x8d\xb6\x00\x00\x00\x0fP\x00\x05\xa8\x00\x00\x00\x00 maluisset. Sit '...
0.464 Received: b'HC\xcf\xe5\x00\x00\x00\x0e\xd3o\x93^P\x10\x05\xa8\x00\x00\x00\x00'
0.464 Disassembled: source: 18499, dest: 53221, seq: 14, ack: 3547304798, window: 1448, ACK
0.465 Acknowledged seq: 3547303350
0.465 Assembling: source: 53221, dest: 18499, seq: 3547304798, ack: 15, window: 1448, data: "e ceteros albuci"...
0.465 Sent: b'\xcf\xe5HC\xd3o\x93^\x00\x00\x00\x0fP\x00\x05\xa8\x00\x00\x00\x00e ceteros albuci'...
0.467 Received: b'HC\xcf\xe5\x00\x00\x00\x0e\xd3o\x99\x06P\x10\x05\xa8\x00\x00\x00\x00'
0.468 Disassembled: source: 18499, dest: 53221, seq: 14, ack: 3547306246, window: 1448, ACK
0.468 Acknowledged seq: 3547304798
0.468 Assembling: source: 53221, dest: 18499, seq: 3547306246, ack: 15, window: 1448, data: "complectitur sea"...
0.469 Sent: b'\xcf\xe5HC\xd3o\x99\x06\x00\x00\x00\x0fP\x00\x05\xa8\x00\x00\x00\x00complectitur sea'...
0.471 Received: b'HC\xcf\xe5\x00\x00\x00\x0e\xd3o\x9e\xaeP\x10\x05\xa8\x00\x00\x00\x00'
0.471 Disassembled: source: 18499, dest: 53221, seq: 14, ack: 3547307694, window: 1448, ACK
0.471 Acknowledged seq: 3547306246
0.472 Finished reading file
0.472 Assembling: source: 53221, dest: 18499, seq: 3547307694, ack: 15, window: 1448, data: "tempor ex ius. E"...
0.472 Sent: b'\xcf\xe5HC\xd3o\x9e\xae\x00\x00\x00\x0fP\x00\x05\xa8\x00\x00\x00\x00tempor ex ius. E'...
0.474 Received: b'HC\xcf\xe5\x00\x00\x00\x0e\xd3o\x9f\x0cP\x10\x05\xa8\x00\x00\x00\x00'
0.475 Disassembled: source: 18499, dest: 53221, seq: 14, ack: 3547307788, window: 1448, ACK
0.475 Acknowledged seq: 3547307694
0.475 Assembling: source: 53221, dest: 18499, seq: 3547307788, ack: 15, window: 1448, ACK, FIN
0.476 Sent: b'\xcf\xe5HC\xd3o\x9f\x0c\x00\x00\x00\x0fP\x11\x05\xa8\x00\x00\x00\x00'
0.478 Received: b'HC\xcf\xe5\x00\x00\x00\x0e\xd3o\x9f\rP\x10\x05\xa8\x00\x00\x00\x00'
0.478 Disassembled: source: 18499, dest: 53221, seq: 14, ack: 3547307789, window: 1448, ACK
0.479 FIN accepted; sending final packet
0.479 Assembling: source: 53221, dest: 18499, seq: 3547307789, ack: 15, window: 1448, ACK
0.479 Sent: b'\xcf\xe5HC\xd3o\x9f\r\x00\x00\x00\x0fP\x10\x05\xa8\x00\x00\x00\x00'
0.479 Closed connection
0.480 Shutting down
