0.000 NEW RUN: Server, TEST: Read_file__Single_packet
0.226 Received: b"\xc3@\xf7\xcc\x00\x00\x00'\x00\x00\x00\x00P\x02\x05\xa8\x00\x00\x00\x00"
0.226 Disassembled: source: 49984, dest: 63436, seq: 39, window: 1448, SYN
0.227 SYN accepted; new connection: 127.0.0.1 on port 49984
0.227 Assembling: source: 63436, dest: 49984, seq: 3546117057, ack: 40, window: 1448, ACK, SYN
0.227 Sent: b'\xf7\xcc\xc3@\xd3]s\xc1\x00\x00\x00(P\x12\x05\xa8\x00\x00\x00\x00'
0.230 Received: b'\xc3@\xf7\xcc\x00\x00\x00(\xd3]s\xc2P\x10\x05\xa8\x00\x00\x00\x00'
0.230 Disassembled: source: 49984, dest: 63436, seq: 40, ack: 3546117058, window: 1448, ACK
0.230 Handshake complete
0.230 Acknowledged seq: 3546117057
0.230 Finished reading file
0.230 Assembling: source: 63436, dest: 49984, seq: 3546117058, ack: 41, window: 1448, data: "This file fits i"...
0.231 Sent: b'\xf7\xcc\xc3@\xd3]s\xc2\x00\x00\x00)P\x00\x05\xa8\x00\x00\x00\x00This file fits i'...
0.232 Received: b'\xc3@\xf7\xcc\x00\x00\x00(\xd3]s\xedP\x10\x05\xa8\x00\x00\x00\x00'
0.233 Disassembled: source: 49984, dest: 63436, seq: 40, ack: 3546117101, window: 1448, ACK
0.233 Acknowledged seq: 3546117058
0.233 Assembling: source: 63436, dest: 49984, seq: 3546117101, ack: 41, window: 1448, ACK, FIN
0.233 Sent: b'\xf7\xcc\xc3@\xd3]s\xed\x00\x00\x00)P\x11\x05\xa8\x00\x00\x00\x00'
0.235 Received: b'\xc3@\xf7\xcc\x00\x00\x00(\xd3]s\xeeP\x10\x05\xa8\x00\x00\x00\x00'
0.235 Disassembled: source: 49984, dest: 63436, seq: 40, ack: 3546117102, window: 1448, ACK
0.236 FIN accepted; sending final packet
0.236 Assembling: source: 63436, dest: 49984, seq: 3546117102, ack: 41, window: 1448, ACK
0.236 Sent: b'\xf7\xcc\xc3@\xd3]s\xee\x00\x00\x00)P\x10\x05\xa8\x00\x00\x00\x00'
0.236 Closed connection
0.237 Shutting down
