0.000 NEW RUN: Server, TEST: Read_file__Random_drops
0.210 Received: b'\xff\x04\xde\x00\x00\x00\x00\x12\x00\x00\x00\x00P\x02\x05\xa8\x00\x00\x00\x00'
0.211 Disassembled: source: 65284, dest: 56832, seq: 18, window: 1448, SYN
0.211 SYN accepted; new connection: 127.0.0.1 on port 65284
0.211 Assembling: source: 56832, dest: 65284, seq: 3562229414, ack: 19, window: 1448, ACK, SYN
0.211 Sent: b'\xde\x00\xff\x04\xd4SN\xa6\x00\x00\x00\x13P\x12\x05\xa8\x00\x00\x00\x00'
0.213 Received: b'\xff\x04\xde\x00\x00\x00\x00\x13\xd4SN\xa7P\x10\x05\xa8\x00\x00\x00\x00'
0.213 Disassembled: source: 65284, dest: 56832, seq: 19, ack: 3562229415, window: 1448, ACK
0.213 Handshake complete
0.213 Acknowledged seq: 3562229414
0.213 Assembling: source: 56832, dest: 65284, seq: 3562229415, ack: 20, window: 1448, data: "Lorem ipsum dolo"...
0.214 Sent: b'\xde\x00\xff\x04\xd4SN\xa7\x00\x00\x00\x14P\x00\x05\xa8\x00\x00\x00\x00Lorem ipsum dolo'...
0.215 Received: b'\xff\x04\xde\x00\x00\x00\x00\x13\xd4STOP\x10\x05\xa8\x00\x00\x00\x00'
0.215 Disassembled: source: 65284, dest: 56832, seq: 19, ack: 3562230863, window: 1448, ACK
0.216 Acknowledged seq: 3562229415
0.216 Assembling: source: 56832, dest: 65284, seq: 3562230863, ack: 20, window: 1448, data: "mprehensam nam, "...
0.216 Sent: b'\xde\x00\xff\x04\xd4STO\x00\x00\x00\x14P\x00\x05\xa8\x00\x00\x00\x00mprehensam nam, '...
0.218 Received: b'\xff\x04\xde\x00\x00\x00\x00\x13\xd4SY\xf7P\x10\x05\xa8\x00\x00\x00\x00'
0.218 Disassembled: source: 65284, dest: 56832, seq: 19, ack: 3562232311, window: 1448, ACK
0.218 Acknowledged seq: 3562230863
0.218 Assembling: source: 56832, dest: 65284, seq: 3562232311, ack: 20, window: 1448, data: "ilisi repudiare "...
0.219 Sent: b'\xde\x00\xff\x04\xd4SY\xf7\x00\x00\x00\x14P\x00\x05\xa8\x00\x00\x00\x00ilisi repudiare '...
0.220 Received: b'\xff\x04\xde\x00\x00\x00\x00\x13\xd4S_\x9fP\x10\x05\xa8\x00\x00\x00\x00'
0.221 Disassembled: source: 65284, dest: 56832, seq: 19, ack: 3562233759, window: 1448, ACK
0.221 Acknowledged seq: 3562232311
0.221 Assembling: source: 56832, dest: 65284, seq: 3562233759, ack: 20, window: 1448, data: "ta.

Et essent s"...
0.221 Sent: b'\xde\x00\xff\x04\xd4S_\x9f\x00\x00\x00\x14P\x00\x05\xa8\x00\x00\x00\x00ta.\n\nEt essent s'...
0.223 Received: b'\xff\x04\xde\x00\x00\x00\x00\x13\xd4SeGP\x10\x05\xa8\x00\x00\x00\x00'
0.223 Disassembled: source: 65284, dest: 56832, seq: 19, ack: 3562235207, window: 1448, ACK
0.223 Acknowledged seq: 3562233759
0.223 Assembling: source: 56832, dest: 65284, seq: 3562235207, ack: 20, window: 1448, data: " Nihil tractatos"...
0.224 Failed to send packet
0.724 Sent: b'\xde\x00\xff\x04\xd4SeG\x00\x00\x00\x14P\x00\x05\xa8\x00\x00\x00\x00 Nihil tractatos'...
0.726 Received: b'\xff\x04\xde\x00\x00\x00\x00\x13\xd4Sj\xefP\x10\x05\xa8\x00\x00\x00\x00'
0.727 Disassembled: source: 65284, dest: 56832, seq: 19, ack: 3562236655, window: 1448, ACK
0.727 Acknowledged seq: 3562235207
0.727 Assembling: source: 56832, dest: 65284, seq: 3562236655, ack: 20, window: 1448, data: "fert iuvaret sap"...
0.728 Sent: b'\xde\x00\xff\x04\xd4Sj\xef\x00\x00\x00\x14P\x00\x05\xa8\x00\x00\x00\x00fert iuvaret sap'...
0.731 Received: b'\xff\x04\xde\x00\x00\x00\x00\x13\xd4Sp\x97P\x10\x05\xa8\x00\x00\x00\x00'
0.731 Disassembled: source: 65284, dest: 56832, seq: 19, ack: 3562238103, window: 1448, ACK
0.731 Acknowledged seq: 3562236655
0.731 Assembling: source: 56832, dest: 65284, seq: 3562238103, ack: 20, window: 1448, data: "ram adipiscing, "...
0.732 Sent: b'\xde\x00\xff\x04\xd4Sp\x97\x00\x00\x00\x14P\x00\x05\xa8\x00\x00\x00\x00ram adipiscing, '...
0.735 Received: b'\xff\x04\xde\x00\x00\x00\x00\x13\xd4Sv?P\x10\x05\xa8\x00\x00\x00\x00'
0.735 Disassembled: source: 65284, dest: 56832, seq: 19, ack: 3562239551, window: 1448, ACK
0.735 Acknowledged seq: 3562238103
0.736 Assembling: source: 56832, dest: 65284, seq: 3562239551, ack: 20, window: 1448, data: "m veritus vivend"...
0.736 Sent: b'\xde\x00\xff\x04\xd4Sv?\x00\x00\x00\x14P\x00\x05\xa8\x00\x00\x00\x00m veritus vivend'...
0.739 Received: b'\xff\x04\xde\x00\x00\x00\x00\x13\xd4S{\xe7P\x10\x05\xa8\x00\x00\x00\x00'
0.739 Disassembled: source: 65284, dest: 56832, seq: 19, ack: 3562240999, window: 1448, ACK
0.740 Acknowledged seq: 3562239551
0.740 Assembling: source: 56832, dest: 65284, seq: 3562240999, ack: 20, window: 1448, data: " delenit, ignota"...
0.740 Sent: b'\xde\x00\xff\x04\xd4S{\xe7\x00\x00\x00\x14P\x00\x05\xa8\x00\x00\x00\x00 delenit, ignota'...
0.742 Received: b'\xff\x04\xde\x00\x00\x00\x00\x13\xd4S\x81\x8fP\x10\x05\xa8\x00\x00\x00\x00'
0.742 Disassembled: source: 65284, dest: 56832, seq: 19, ack: 3562242447, window: 1448, ACK
0.743 Acknowledged seq: 3562240999
0.743 Assembling: source: 56832, dest: 65284, seq: 3562242447, ack: 20, window: 1448, data: "se explicari des"...
0.743 Sent: b'\xde\x00\xff\x04\xd4S\x81\x8f\x00\x00\x00\x14P\x00\x05\xa8\x00\x00\x00\x00se explicari des'...
0.745 Received: b'\xff\x04\xde\x00\x00\x00\x00\x13\xd4S\x877P\x10\x05\xa8\x00\x00\x00\x00'
0.745 Disassembled: source: 65284, dest: 56832, seq: 19, ack: 3562243895, window: 1448, ACK
0.746 Acknowledged seq: 3562242447
0.746 Assembling: source: 56832, dest: 65284, seq: 3562243895, ack: 20, window: 1448, data: "piscing, in modo"...
0.746 Sent: b'\xde\x00\xff\x04\xd4S\x877\x00\x00\x00\x14P\x00\x05\xa8\x00\x00\x00\x00piscing, in modo'...
0.748 Received: b'\xff\x04\xde\x00\x00\x00\x00\x13\xd4S\x8c\xdfP\x10\x05\xa8\x00\x00\x00\x00'
0.748 Disassembled: source: 65284, dest: 56832, seq: 19, ack: 3562245343, window: 1448, ACK
0.749 Acknowledged seq: 3562243895
0.749 Assembling: source: 56832, dest: 65284, seq: 3562245343, ack: 20, window: 1448, data: "o copiosae tacim"...
0.749 Sent: b'\xde\x00\xff\x04\xd4S\x8c\xdf\x00\x00\x00\x14P\x00\x05\xa8\x00\x00\x00\x00o copiosae tacim'...
0.751 Received: b'\xff\x04\xde\x00\x00\x00\x00\x13\xd4S\x92\x87P\x10\x05\xa8\x00\x00\x00\x00'
0.751 Disassembled: source: 65284, dest: 56832, seq: 19, ack: 3562246791, window: 1448, ACK
0.752 Acknowledged seq: 3562245343
0.752 Assembling: source: 56832, dest: 65284, seq: 3562246791, ack: 20, window: 1448, data: "am. Pri ne antio"...
0.752 Sent: b'\xde\x00\xff\x04\xd4S\x92\x87\x00\x00\x00\x14P\x00\x05\xa8\x00\x00\x00\x00am. Pri ne antio'...
0.754 Received: b'\xff\x04\xde\x00\x00\x00\x00\x13\xd4S\x98/P\x10\x05\xa8\x00\x00\x00\x00'
0.754 Disassembled: source: 65284, dest: 56832, seq: 19, ack: 3562248239, window: 1448, ACK
0.755 Acknowledged seq: 3562246791
0.755 Assembling: source: 56832, dest: 65284, seq: 3562248239, ack: 20, window: 1448, data: "to no. Elitr pos"...
0.755 Sent: b'\xde\x00\xff\x04\xd4S\x98/\x00\x00\x00\x14P\x00\x05\xa8\x00\x00\x00\x00to no. Elitr pos'...
0.757 Received: b'\xff\x04\xde\x00\x00\x00\x00\x13\xd4S\x9d\xd7P\x10\x05\xa8\x00\x00\x00\x00'
0.757 Disassembled: source: 65284, dest: 56832, seq: 19, ack: 3562249687, window: 1448, ACK
0.758 Acknowledged seq: 3562248239
0.758 Assembling: source: 56832, dest: 65284, seq: 3562249687, ack: 20, window: 1448, data: "pretaris, sea ex"...
0.758 Sent: b'\xde\x00\xff\x04\xd4S\x9d\xd7\x00\x00\x00\x14P\x00\x05\xa8\x00\x00\x00\x00pretaris, sea ex'...
0.760 Received: b'\xff\x04\xde\x00\x00\x00\x00\x13\xd4S\xa3\x7fP\x10\x05\xa8\x00\x00\x00\x00'
0.760 Disassembled: source: 65284, dest: 56832, seq: 19, ack: 3562251135, window: 1448, ACK
0.761 Acknowledged seq: 3562249687
0.761 Assembling: source: 56832, dest: 65284, seq: 3562251135, ack: 20, window: 1448, data: "oporteat inimicu"...
0.761 Failed to send packet
1.262 Failed to send packet
1.762 Sent: b'\xde\x00\xff\x04\xd4S\xa3\x7f\x00\x00\x00\x14P\x00\x05\xa8\x00\x00\x00\x00oporteat inimicu'...
1.766 Failed to receive packet
2.262 Sent: b'\xde\x00\xff\x04\xd4S\xa3\x7f\x00\x00\x00\x14P\x00\x05\xa8\x00\x00\x00\x00oporteat inimicu'...
2.266 Failed to receive packet
2.763 Sent: b'\xde\x00\xff\x04\xd4S\xa3\x7f\x00\x00\x00\x14P\x00\x05\xa8\x00\x00\x00\x00oporteat inimicu'...
2.766 Received: b'\xff\x04\xde\x00\x00\x00\x00\x13\xd4S\xb4wP\x10\x05\xa8\x00\x00\x00\x00'
2.767 Disassembled: source: 65284, dest: 56832, seq: 19, ack: 3562255479, window: 1448, ACK
2.767 Error: Acknowledgement number too high
3.263 Sent: b'\xde\x00\xff\x04\xd4S\xa3\x7f\x00\x00\x00\x14P\x00\x05\xa8\x00\x00\x00\x00oporteat inimicu'...
3.267 Received: b'\xff\x04\xde\x00\x00\x00\x00\x13\xd4S\xba\x1fP\x10\x05\xa8\x00\x00\x00\x00'
3.267 Disassembled: source: 65284, dest: 56832, seq: 19, ack: 3562256927, window: 1448, ACK
3.267 Error: Acknowledgement number too high
3.764 Error: Connection timed out
3.764 Closed connection
3.768 Shutting down
