0.000 NEW RUN: Server, TEST: Read_file__Empty
0.213 Received: b'\xfa\xd8\xc1\xbb\x00\x00\x00\x0b\x00\x00\x00\x00P\x02\x05\xa8\x00\x00\x00\x00'
0.213 Disassembled: source: 64216, dest: 49595, seq: 11, window: 1448, SYN
0.213 SYN accepted; new connection: 127.0.0.1 on port 64216
0.214 Assembling: source: 49595, dest: 64216, seq: 3545064974, ack: 12, window: 1448, ACK, SYN
0.214 Sent: b'\xc1\xbb\xfa\xd8\xd3Mf\x0e\x00\x00\x00\x0cP\x12\x05\xa8\x00\x00\x00\x00'
0.216 Received: b'\xfa\xd8\xc1\xbb\x00\x00\x00\x0c\xd3Mf\x0fP\x10\x05\xa8\x00\x00\x00\x00'
0.216 Disassembled: source: 64216, dest: 49595, seq: 12, ack: 3545064975, window: 1448, ACK
0.216 Handshake complete
0.217 Acknowledged seq: 3545064974
0.217 Finished reading file
0.217 Assembling: source: 49595, dest: 64216, seq: 3545064975, ack: 13, window: 1448, ACK, FIN
0.217 Sent: b'\xc1\xbb\xfa\xd8\xd3Mf\x0f\x00\x00\x00\rP\x11\x05\xa8\x00\x00\x00\x00'
0.717 Sent: b'\xc1\xbb\xfa\xd8\xd3Mf\x0f\x00\x00\x00\rP\x11\x05\xa8\x00\x00\x00\x00'
1.218 Sent: b'\xc1\xbb\xfa\xd8\xd3Mf\x0f\x00\x00\x00\rP\x11\x05\xa8\x00\x00\x00\x00'
1.718 Sent: b'\xc1\xbb\xfa\xd8\xd3Mf\x0f\x00\x00\x00\rP\x11\x05\xa8\x00\x00\x00\x00'
2.219 Sent: b'\xc1\xbb\xfa\xd8\xd3Mf\x0f\x00\x00\x00\rP\x11\x05\xa8\x00\x00\x00\x00'
2.719 Sent: b'\xc1\xbb\xfa\xd8\xd3Mf\x0f\x00\x00\x00\rP\x11\x05\xa8\x00\x00\x00\x00'
3.220 Error: Connection timed out
3.221 Closed connection
3.221 Shutting down
