0.000 NEW RUN: Server, TEST: Read_file__Latency
0.213 Received: b'\xb1\x8c\xa8\x1c\x00\x00\x00a\x00\x00\x00\x00P\x02\x05\xa8\x00\x00\x00\x00'
0.214 Disassembled: source: 45452, dest: 43036, seq: 97, window: 1448, SYN
0.214 SYN accepted; new connection: 127.0.0.1 on port 45452
0.214 Assembling: source: 43036, dest: 45452, seq: 3597998915, ack: 98, window: 1448, ACK, SYN
0.215 Sent: b'\xa8\x1c\xb1\x8c\xd6u\x1bC\x00\x00\x00bP\x12\x05\xa8\x00\x00\x00\x00'
0.715 Sent: b'\xa8\x1c\xb1\x8c\xd6u\x1bC\x00\x00\x00bP\x12\x05\xa8\x00\x00\x00\x00'
1.216 Sent: b'\xa8\x1c\xb1\x8c\xd6u\x1bC\x00\x00\x00bP\x12\x05\xa8\x00\x00\x00\x00'
1.219 Received: b'\xb1\x8c\xa8\x1c\x00\x00\x00b\xd6u\x1bDP\x10\x05\xa8\x00\x00\x00\x00'
1.220 Disassembled: source: 45452, dest: 43036, seq: 98, ack: 3597998916, window: 1448, ACK
1.220 Handshake complete
1.220 Acknowledged seq: 3597998915
1.220 Assembling: source: 43036, dest: 45452, seq: 3597998916, ack: 99, window: 1448, data: "Lorem ipsum dolo"...
1.221 Sent: b'\xa8\x1c\xb1\x8c\xd6u\x1bD\x00\x00\x00cP\x00\x05\xa8\x00\x00\x00\x00Lorem ipsum dolo'...
1.722 Sent: b'\xa8\x1c\xb1\x8c\xd6u\x1bD\x00\x00\x00cP\x00\x05\xa8\x00\x00\x00\x00Lorem ipsum dolo'...
2.222 Sent: b'\xa8\x1c\xb1\x8c\xd6u\x1bD\x00\x00\x00cP\x00\x05\xa8\x00\x00\x00\x00Lorem ipsum dolo'...
2.723 Sent: b'\xa8\x1c\xb1\x8c\xd6u\x1bD\x00\x00\x00cP\x00\x05\xa8\x00\x00\x00\x00Lorem ipsum dolo'...
3.223 Sent: b'\xa8\x1c\xb1\x8c\xd6u\x1bD\x00\x00\x00cP\x00\x05\xa8\x00\x00\x00\x00Lorem ipsum dolo'...
3.724 Sent: b'\xa8\x1c\xb1\x8c\xd6u\x1bD\x00\x00\x00cP\x00\x05\xa8\x00\x00\x00\x00Lorem ipsum dolo'...
4.225 Error: Connection timed out
4.225 Closed connection
4.724 Shutting down
