0.000 NEW RUN: Server, TEST: Write_file__Empty
0.211 Received: b'H\xc14\xd1\x00\x00\x00\x01\x00\x00\x00\x00P\x02\x05\xa8\x00\x00\x00\x00'
0.211 Disassembled: source: 18625, dest: 13521, seq: 1, window: 1448, SYN
0.212 SYN accepted; new connection: 127.0.0.1 on port 18625
0.212 Assembling: source: 13521, dest: 18625, seq: 3548551488, ack: 2, window: 5808, ACK, SYN
0.212 Sent: b'4\xd1H\xc1\xd3\x82\x99@\x00\x00\x00\x02P\x12\x16\xb0\x00\x00\x00\x00'
0.216 Received: b'H\xc14\xd1\x00\x00\x00\x02\xd3\x82\x99AP\x10\x16\xb0\x00\x00\x00\x00'
0.216 Disassembled: source: 18625, dest: 13521, seq: 2, ack: 3548551489, window: 5808, ACK
0.216 Assembling: source: 13521, dest: 18625, seq: 3548551489, ack: 2, window: 5808, ACK
0.217 Sent: b'4\xd1H\xc1\xd3\x82\x99A\x00\x00\x00\x02P\x10\x16\xb0\x00\x00\x00\x00'
0.218 Received: b'H\xc14\xd1\x00\x00\x00\x02\xd3\x82\x99AP\x10\x16\xb0\x00\x00\x00\x00'
0.219 Disassembled: source: 18625, dest: 13521, seq: 2, ack: 3548551489, window: 5808, ACK
0.219 Assembling: source: 13521, dest: 18625, seq: 3548551489, ack: 2, window: 5808, ACK
0.219 Sent: b'4\xd1H\xc1\xd3\x82\x99A\x00\x00\x00\x02P\x10\x16\xb0\x00\x00\x00\x00'
0.720 Sent: b'4\xd1H\xc1\xd3\x82\x99A\x00\x00\x00\x02P\x10\x16\xb0\x00\x00\x00\x00'
1.220 Sent: b'4\xd1H\xc1\xd3\x82\x99A\x00\x00\x00\x02P\x10\x16\xb0\x00\x00\x00\x00'
1.720 Sent: b'4\xd1H\xc1\xd3\x82\x99A\x00\x00\x00\x02P\x10\x16\xb0\x00\x00\x00\x00'
2.221 Sent: b'4\xd1H\xc1\xd3\x82\x99A\x00\x00\x00\x02P\x10\x16\xb0\x00\x00\x00\x00'
2.722 Error: Connection timed out
2.722 Closed connection
3.222 Shutting down
