0.000 NEW RUN: Server, TEST: Write_file__Relaxed
0.215 Received: b"T\xb2'\x8b\x00\x00\x00\x04\x00\x00\x00\x00P\x02\x05\xa8\x00\x00\x00\x00"
0.216 Disassembled: source: 21682, dest: 10123, seq: 4, window: 1448, SYN
0.216 SYN accepted; new connection: 127.0.0.1 on port 21682
0.216 Assembling: source: 10123, dest: 21682, seq: 3544535095, ack: 5, window: 5808, ACK, SYN
0.217 Sent: b"'\x8bT\xb2\xd3EP7\x00\x00\x00\x05P\x12\x16\xb0\x00\x00\x00\x00"
0.219 Received: b"T\xb2'\x8b\x00\x00\x00\x05\xd3EP8P\x10\x16\xb0\x00\x00\x00\x00"
0.219 Disassembled: source: 21682, dest: 10123, seq: 5, ack: 3544535096, window: 5808, ACK
0.219 Assembling: source: 10123, dest: 21682, seq: 3544535096, ack: 5, window: 5808, ACK
0.219 Sent: b"'\x8bT\xb2\xd3EP8\x00\x00\x00\x05P\x10\x16\xb0\x00\x00\x00\x00"
0.220 Received: b"T\xb2'\x8b\x00\x00\x00\x05\xd3EP8P\x10\x16\xb0\x00\x00\x00\x00"
0.220 Disassembled: source: 21682, dest: 10123, seq: 5, ack: 3544535096, window: 5808, ACK
0.220 Assembling: source: 10123, dest: 21682, seq: 3544535096, ack: 5, window: 5808, ACK
0.221 Sent: b"'\x8bT\xb2\xd3EP8\x00\x00\x00\x05P\x10\x16\xb0\x00\x00\x00\x00"
0.721 Sent: b"'\x8bT\xb2\xd3EP8\x00\x00\x00\x05P\x10\x16\xb0\x00\x00\x00\x00"
1.221 Sent: b"'\x8bT\xb2\xd3EP8\x00\x00\x00\x05P\x10\x16\xb0\x00\x00\x00\x00"
1.722 Sent: b"'\x8bT\xb2\xd3EP8\x00\x00\x00\x05P\x10\x16\xb0\x00\x00\x00\x00"
2.222 Sent: b"'\x8bT\xb2\xd3EP8\x00\x00\x00\x05P\x10\x16\xb0\x00\x00\x00\x00"
2.723 Error: Connection timed out
2.723 Closed connection
2.728 Shutting down
