0.000 NEW RUN: Server, TEST: Read_file__Large_multi-packet
0.081 Received: b'b\xdf\xf6\x11\x00\x00\x005\x00\x00\x00\x00P\x02\x05\xac\x00\x00\x00\x00'
0.082 Disassembled: source: 25311, dest: 62993, seq: 53, window: 1452, SYN
0.083 SYN accepted; new connection: 127.0.0.1 on port 25311
0.083 Assembling: source: 62993, dest: 25311, seq: 1283136263, ack: 54, window: 1452, ACK, SYN
0.084 Sent: b'\xf6\x11b\xdfL{\x1b\x07\x00\x00\x006P\x12\x05\xac\x00\x00\x00\x00'
0.085 Received: b'b\xdf\xf6\x11\x00\x00\x006L{\x1b\x08P\x10\x05\xac\x00\x00\x00\x00'
0.086 Disassembled: source: 25311, dest: 62993, seq: 54, ack: 1283136264, window: 1452, ACK
0.086 Handshake complete
0.086 Acknowledged seq: 1283136263
0.086 Assembling: source: 62993, dest: 25311, seq: 1283136264, ack: 55, window: 1452, data: "Lorem ipsum dolo"...
0.087 Sent: b'\xf6\x11b\xdfL{\x1b\x08\x00\x00\x007P\x00\x05\xac\x00\x00\x00\x00Lorem ipsum dolo'...
0.088 Received: b'b\xdf\xf6\x11\x00\x00\x006L{ \xb4P\x10\x05\xac\x00\x00\x00\x00'
0.089 Disassembled: source: 25311, dest: 62993, seq: 54, ack: 1283137716, window: 1452, ACK
0.089 Acknowledged seq: 1283136264
0.089 Assembling: source: 62993, dest: 25311, seq: 1283137716, ack: 55, window: 1452, data: "hensam nam, aper"...
0.090 Sent: b'\xf6\x11b\xdfL{ \xb4\x00\x00\x007P\x00\x05\xac\x00\x00\x00\x00hensam nam, aper'...
0.091 Received: b'b\xdf\xf6\x11\x00\x00\x006L{&`P\x10\x05\xac\x00\x00\x00\x00'
0.092 Disassembled: source: 25311, dest: 62993, seq: 54, ack: 1283139168, window: 1452, ACK
0.092 Acknowledged seq: 1283137716
0.092 Assembling: source: 62993, dest: 25311, seq: 1283139168, ack: 55, window: 1452, data: "pudiare sea. No "...
0.093 Sent: b'\xf6\x11b\xdfL{&`\x00\x00\x007P\x00\x05\xac\x00\x00\x00\x00pudiare sea. No '...
0.094 Received: b'b\xdf\xf6\x11\x00\x00\x006L{,\x0cP\x10\x05\xac\x00\x00\x00\x00'
0.095 Disassembled: source: 25311, dest: 62993, seq: 54, ack: 1283140620, window: 1452, ACK
0.095 Acknowledged seq: 1283139168
0.095 Assembling: source: 62993, dest: 25311, seq: 1283140620, ack: 55, window: 1452, data: "nt scripta philo"...
0.096 Sent: b'\xf6\x11b\xdfL{,\x0c\x00\x00\x007P\x00\x05\xac\x00\x00\x00\x00nt scripta philo'...
0.097 Received: b'b\xdf\xf6\x11\x00\x00\x006L{1\xb8P\x10\x05\xac\x00\x00\x00\x00'
0.098 Disassembled: source: 25311, dest: 62993, seq: 54, ack: 1283142072, window: 1452, ACK
0.098 Acknowledged seq: 1283140620
0.098 Assembling: source: 62993, dest: 25311, seq: 1283142072, ack: 55, window: 1452, data: " sadipscing ei q"...
0.099 Sent: b'\xf6\x11b\xdfL{1\xb8\x00\x00\x007P\x00\x05\xac\x00\x00\x00\x00 sadipscing ei q'...
0.101 Received: b'b\xdf\xf6\x11\x00\x00\x006L{7dP\x10\x05\xac\x00\x00\x00\x00'
0.101 Disassembled: source: 25311, dest: 62993, seq: 54, ack: 1283143524, window: 1452, ACK
0.101 Acknowledged seq: 1283142072
0.102 Assembling: source: 62993, dest: 25311, seq: 1283143524, ack: 55, window: 1452, data: "em ea, ad duo la"...
0.102 Sent: b'\xf6\x11b\xdfL{7d\x00\x00\x007P\x00\x05\xac\x00\x00\x00\x00em ea, ad duo la'...
0.104 Received: b'b\xdf\xf6\x11\x00\x00\x006L{=\x10P\x10\x05\xac\x00\x00\x00\x00'
0.104 Disassembled: source: 25311, dest: 62993, seq: 54, ack: 1283144976, window: 1452, ACK
0.105 Acknowledged seq: 1283143524
0.105 Assembling: source: 62993, dest: 25311, seq: 1283144976, ack: 55, window: 1452, data: "ire partiendo ad"...
0.105 Sent: b'\xf6\x11b\xdfL{=\x10\x00\x00\x007P\x00\x05\xac\x00\x00\x00\x00ire partiendo ad'...
0.107 Received: b'b\xdf\xf6\x11\x00\x00\x006L{B\xbcP\x10\x05\xac\x00\x00\x00\x00'
0.108 Disassembled: source: 25311, dest: 62993, seq: 54, ack: 1283146428, window: 1452, ACK
0.108 Acknowledged seq: 1283144976
0.108 Assembling: source: 62993, dest: 25311, seq: 1283146428, ack: 55, window: 1452, data: " facer facilisi "...
0.109 Sent: b'\xf6\x11b\xdfL{B\xbc\x00\x00\x007P\x00\x05\xac\x00\x00\x00\x00 facer facilisi '...
0.110 Received: b'b\xdf\xf6\x11\x00\x00\x006L{HhP\x10\x05\xac\x00\x00\x00\x00'
0.111 Disassembled: source: 25311, dest: 62993, seq: 54, ack: 1283147880, window: 1452, ACK
0.111 Acknowledged seq: 1283146428
0.111 Assembling: source: 62993, dest: 25311, seq: 1283147880, ack: 55, window: 1452, data: " Duo ea augue fa"...
0.112 Sent: b'\xf6\x11b\xdfL{Hh\x00\x00\x007P\x00\x05\xac\x00\x00\x00\x00 Duo ea augue fa'...
0.114 Received: b'b\xdf\xf6\x11\x00\x00\x006L{N\x14P\x10\x05\xac\x00\x00\x00\x00'
0.114 Disassembled: source: 25311, dest: 62993, seq: 54, ack: 1283149332, window: 1452, ACK
0.114 Acknowledged seq: 1283147880
0.115 Assembling: source: 62993, dest: 25311, seq: 1283149332, ack: 55, window: 1452, data: "e adipiscing vit"...
0.115 Sent: b'\xf6\x11b\xdfL{N\x14\x00\x00\x007P\x00\x05\xac\x00\x00\x00\x00e adipiscing vit'...
0.117 Received: b'b\xdf\xf6\x11\x00\x00\x006L{S\xc0P\x10\x05\xac\x00\x00\x00\x00'
0.117 Disassembled: source: 25311, dest: 62993, seq: 54, ack: 1283150784, window: 1452, ACK
0.118 Acknowledged seq: 1283149332
0.118 Assembling: source: 62993, dest: 25311, seq: 1283150784, ack: 55, window: 1452, data: "iber harum accus"...
0.118 Sent: b'\xf6\x11b\xdfL{S\xc0\x00\x00\x007P\x00\x05\xac\x00\x00\x00\x00iber harum accus'...
0.120 Received: b'b\xdf\xf6\x11\x00\x00\x006L{YlP\x10\x05\xac\x00\x00\x00\x00'
0.120 Disassembled: source: 25311, dest: 62993, seq: 54, ack: 1283152236, window: 1452, ACK
0.121 Acknowledged seq: 1283150784
0.121 Assembling: source: 62993, dest: 25311, seq: 1283152236, ack: 55, window: 1452, data: "sententiae ne se"...
0.121 Sent: b'\xf6\x11b\xdfL{Yl\x00\x00\x007P\x00\x05\xac\x00\x00\x00\x00sententiae ne se'...
0.123 Received: b'b\xdf\xf6\x11\x00\x00\x006L{_\x18P\x10\x05\xac\x00\x00\x00\x00'
0.124 Disassembled: source: 25311, dest: 62993, seq: 54, ack: 1283153688, window: 1452, ACK
0.124 Acknowledged seq: 1283152236
0.124 Assembling: source: 62993, dest: 25311, seq: 1283153688, ack: 55, window: 1452, data: "uta debitis pert"...
0.125 Sent: b'\xf6\x11b\xdfL{_\x18\x00\x00\x007P\x00\x05\xac\x00\x00\x00\x00uta debitis pert'...
0.127 Received: b'b\xdf\xf6\x11\x00\x00\x006L{d\xc4P\x10\x05\xac\x00\x00\x00\x00'
0.127 Disassembled: source: 25311, dest: 62993, seq: 54, ack: 1283155140, window: 1452, ACK
0.127 Acknowledged seq: 1283153688
0.128 Assembling: source: 62993, dest: 25311, seq: 1283155140, ack: 55, window: 1452, data: "e. An falli prim"...
0.128 Sent: b'\xf6\x11b\xdfL{d\xc4\x00\x00\x007P\x00\x05\xac\x00\x00\x00\x00e. An falli prim'...
0.130 Received: b'b\xdf\xf6\x11\x00\x00\x006L{jpP\x10\x05\xac\x00\x00\x00\x00'
0.131 Disassembled: source: 25311, dest: 62993, seq: 54, ack: 1283156592, window: 1452, ACK
0.131 Acknowledged seq: 1283155140
0.131 Assembling: source: 62993, dest: 25311, seq: 1283156592, ack: 55, window: 1452, data: "u eam, percipit "...
0.131 Sent: b'\xf6\x11b\xdfL{jp\x00\x00\x007P\x00\x05\xac\x00\x00\x00\x00u eam, percipit '...
0.133 Received: b'b\xdf\xf6\x11\x00\x00\x006L{p\x1cP\x10\x05\xac\x00\x00\x00\x00'
0.134 Disassembled: source: 25311, dest: 62993, seq: 54, ack: 1283158044, window: 1452, ACK
0.134 Acknowledged seq: 1283156592
0.134 Assembling: source: 62993, dest: 25311, seq: 1283158044, ack: 55, window: 1452, data: "nani docendi pat"...
0.135 Sent: b'\xf6\x11b\xdfL{p\x1c\x00\x00\x007P\x00\x05\xac\x00\x00\x00\x00nani docendi pat'...
0.137 Received: b'b\xdf\xf6\x11\x00\x00\x006L{u\xc8P\x10\x05\xac\x00\x00\x00\x00'
0.137 Disassembled: source: 25311, dest: 62993, seq: 54, ack: 1283159496, window: 1452, ACK
0.137 Acknowledged seq: 1283158044
0.138 Assembling: source: 62993, dest: 25311, seq: 1283159496, ack: 55, window: 1452, data: " decore possit r"...
0.138 Sent: b'\xf6\x11b\xdfL{u\xc8\x00\x00\x007P\x00\x05\xac\x00\x00\x00\x00 decore possit r'...
0.140 Received: b'b\xdf\xf6\x11\x00\x00\x006L{{tP\x10\x05\xac\x00\x00\x00\x00'
0.140 Disassembled: source: 25311, dest: 62993, seq: 54, ack: 1283160948, window: 1452, ACK
0.141 Acknowledged seq: 1283159496
0.141 Assembling: source: 62993, dest: 25311, seq: 1283160948, ack: 55, window: 1452, data: " corpora consequ"...
0.141 Sent: b'\xf6\x11b\xdfL{{t\x00\x00\x007P\x00\x05\xac\x00\x00\x00\x00 corpora consequ'...
0.143 Received: b'b\xdf\xf6\x11\x00\x00\x006L{\x81 P\x10\x05\xac\x00\x00\x00\x00'
0.144 Disassembled: source: 25311, dest: 62993, seq: 54, ack: 1283162400, window: 1452, ACK
0.144 Acknowledged seq: 1283160948
0.144 Assembling: source: 62993, dest: 25311, seq: 1283162400, ack: 55, window: 1452, data: "nctus conceptam "...
0.145 Sent: b'\xf6\x11b\xdfL{\x81 \x00\x00\x007P\x00\x05\xac\x00\x00\x00\x00nctus conceptam '...
0.146 Received: b'b\xdf\xf6\x11\x00\x00\x006L{\x86\xccP\x10\x05\xac\x00\x00\x00\x00'
0.147 Disassembled: source: 25311, dest: 62993, seq: 54, ack: 1283163852, window: 1452, ACK
0.147 Acknowledged seq: 1283162400
0.147 Assembling: source: 62993, dest: 25311, seq: 1283163852, ack: 55, window: 1452, data: "terno te, ne quo"...
0.148 Sent: b'\xf6\x11b\xdfL{\x86\xcc\x00\x00\x007P\x00\x05\xac\x00\x00\x00\x00terno te, ne quo'...
0.150 Received: b'b\xdf\xf6\x11\x00\x00\x006L{\x8cxP\x10\x05\xac\x00\x00\x00\x00'
0.150 Disassembled: source: 25311, dest: 62993, seq: 54, ack: 1283165304, window: 1452, ACK
0.150 Acknowledged seq: 1283163852
0.151 Assembling: source: 62993, dest: 25311, seq: 1283165304, ack: 55, window: 1452, data: "orteat dissentiu"...
0.151 Sent: b'\xf6\x11b\xdfL{\x8cx\x00\x00\x007P\x00\x05\xac\x00\x00\x00\x00orteat dissentiu'...
0.153 Received: b'b\xdf\xf6\x11\x00\x00\x006L{\x92$P\x10\x05\xac\x00\x00\x00\x00'
0.154 Disassembled: source: 25311, dest: 62993, seq: 54, ack: 1283166756, window: 1452, ACK
0.154 Acknowledged seq: 1283165304
0.154 Assembling: source: 62993, dest: 25311, seq: 1283166756, ack: 55, window: 1452, data: "tute molestie no"...
0.155 Sent: b'\xf6\x11b\xdfL{\x92$\x00\x00\x007P\x00\x05\xac\x00\x00\x00\x00tute molestie no'...
0.157 Received: b'b\xdf\xf6\x11\x00\x00\x006L{\x97\xd0P\x10\x05\xac\x00\x00\x00\x00'
0.157 Disassembled: source: 25311, dest: 62993, seq: 54, ack: 1283168208, window: 1452, ACK
0.157 Acknowledged seq: 1283166756
0.158 Assembling: source: 62993, dest: 25311, seq: 1283168208, ack: 55, window: 1452, data: "oluisse.

Sed ex"...
0.158 Sent: b'\xf6\x11b\xdfL{\x97\xd0\x00\x00\x007P\x00\x05\xac\x00\x00\x00\x00oluisse.\n\nSed ex'...
0.160 Received: b'b\xdf\xf6\x11\x00\x00\x006L{\x9d|P\x10\x05\xac\x00\x00\x00\x00'
0.161 Disassembled: source: 25311, dest: 62993, seq: 54, ack: 1283169660, window: 1452, ACK
0.161 Acknowledged seq: 1283168208
0.161 Assembling: source: 62993, dest: 25311, seq: 1283169660, ack: 55, window: 1452, data: " affert tollit l"...
0.162 Sent: b'\xf6\x11b\xdfL{\x9d|\x00\x00\x007P\x00\x05\xac\x00\x00\x00\x00 affert tollit l'...
0.164 Received: b'b\xdf\xf6\x11\x00\x00\x006L{\xa3(P\x10\x05\xac\x00\x00\x00\x00'
0.164 Disassembled: source: 25311, dest: 62993, seq: 54, ack: 1283171112, window: 1452, ACK
0.164 Acknowledged seq: 1283169660
0.164 Assembling: source: 62993, dest: 25311, seq: 1283171112, ack: 55, window: 1452, data: "an. Ut per eirmo"...
0.165 Sent: b'\xf6\x11b\xdfL{\xa3(\x00\x00\x007P\x00\x05\xac\x00\x00\x00\x00an. Ut per eirmo'...
0.167 Received: b'b\xdf\xf6\x11\x00\x00\x006L{\xa8\xd4P\x10\x05\xac\x00\x00\x00\x00'
0.168 Disassembled: source: 25311, dest: 62993, seq: 54, ack: 1283172564, window: 1452, ACK
0.168 Acknowledged seq: 1283171112
0.168 Assembling: source: 62993, dest: 25311, seq: 1283172564, ack: 55, window: 1452, data: " inermis mnesarc"...
0.169 Sent: b'\xf6\x11b\xdfL{\xa8\xd4\x00\x00\x007P\x00\x05\xac\x00\x00\x00\x00 inermis mnesarc'...
0.170 Received: b'b\xdf\xf6\x11\x00\x00\x006L{\xae\x80P\x10\x05\xac\x00\x00\x00\x00'
0.171 Disassembled: source: 25311, dest: 62993, seq: 54, ack: 1283174016, window: 1452, ACK
0.171 Acknowledged seq: 1283172564
0.171 Assembling: source: 62993, dest: 25311, seq: 1283174016, ack: 55, window: 1452, data: "ue iracundia, an"...
0.172 Sent: b'\xf6\x11b\xdfL{\xae\x80\x00\x00\x007P\x00\x05\xac\x00\x00\x00\x00ue iracundia, an'...
0.173 Received: b'b\xdf\xf6\x11\x00\x00\x006L{\xb4,P\x10\x05\xac\x00\x00\x00\x00'
0.174 Disassembled: source: 25311, dest: 62993, seq: 54, ack: 1283175468, window: 1452, ACK
0.174 Acknowledged seq: 1283174016
0.174 Assembling: source: 62993, dest: 25311, seq: 1283175468, ack: 55, window: 1452, data: "ompta pro, vim e"...
0.175 Sent: b'\xf6\x11b\xdfL{\xb4,\x00\x00\x007P\x00\x05\xac\x00\x00\x00\x00ompta pro, vim e'...
0.176 Received: b'b\xdf\xf6\x11\x00\x00\x006L{\xb9\xd8P\x10\x05\xac\x00\x00\x00\x00'
0.177 Disassembled: source: 25311, dest: 62993, seq: 54, ack: 1283176920, window: 1452, ACK
0.177 Acknowledged seq: 1283175468
0.177 Assembling: source: 62993, dest: 25311, seq: 1283176920, ack: 55, window: 1452, data: "te sit, ex epicu"...
0.178 Sent: b'\xf6\x11b\xdfL{\xb9\xd8\x00\x00\x007P\x00\x05\xac\x00\x00\x00\x00te sit, ex epicu'...
0.179 Received: b'b\xdf\xf6\x11\x00\x00\x006L{\xbf\x84P\x10\x05\xac\x00\x00\x00\x00'
0.180 Disassembled: source: 25311, dest: 62993, seq: 54, ack: 1283178372, window: 1452, ACK
0.180 Acknowledged seq: 1283176920
0.180 Assembling: source: 62993, dest: 25311, seq: 1283178372, ack: 55, window: 1452, data: "llegebat, eu pro"...
0.181 Sent: b'\xf6\x11b\xdfL{\xbf\x84\x00\x00\x007P\x00\x05\xac\x00\x00\x00\x00llegebat, eu pro'...
0.183 Received: b'b\xdf\xf6\x11\x00\x00\x006L{\xc50P\x10\x05\xac\x00\x00\x00\x00'
0.183 Disassembled: source: 25311, dest: 62993, seq: 54, ack: 1283179824, window: 1452, ACK
0.183 Acknowledged seq: 1283178372
0.184 Assembling: source: 62993, dest: 25311, seq: 1283179824, ack: 55, window: 1452, data: "s. Per no sale v"...
0.184 Sent: b'\xf6\x11b\xdfL{\xc50\x00\x00\x007P\x00\x05\xac\x00\x00\x00\x00s. Per no sale v'...
0.186 Received: b'b\xdf\xf6\x11\x00\x00\x006L{\xca\xdcP\x10\x05\xac\x00\x00\x00\x00'
0.186 Disassembled: source: 25311, dest: 62993, seq: 54, ack: 1283181276, window: 1452, ACK
0.187 Acknowledged seq: 1283179824
0.187 Assembling: source: 62993, dest: 25311, seq: 1283181276, ack: 55, window: 1452, data: "pte ea mel. Mea "...
0.187 Sent: b'\xf6\x11b\xdfL{\xca\xdc\x00\x00\x007P\x00\x05\xac\x00\x00\x00\x00pte ea mel. Mea '...
0.189 Received: b'b\xdf\xf6\x11\x00\x00\x006L{\xd0\x88P\x10\x05\xac\x00\x00\x00\x00'
0.190 Disassembled: source: 25311, dest: 62993, seq: 54, ack: 1283182728, window: 1452, ACK
0.190 Acknowledged seq: 1283181276
0.190 Assembling: source: 62993, dest: 25311, seq: 1283182728, ack: 55, window: 1452, data: "acundia prodesse"...
0.191 Sent: b'\xf6\x11b\xdfL{\xd0\x88\x00\x00\x007P\x00\x05\xac\x00\x00\x00\x00acundia prodesse'...
0.192 Received: b'b\xdf\xf6\x11\x00\x00\x006L{\xd64P\x10\x05\xac\x00\x00\x00\x00'
0.193 Disassembled: source: 25311, dest: 62993, seq: 54, ack: 1283184180, window: 1452, ACK
0.193 Acknowledged seq: 1283182728
0.193 Assembling: source: 62993, dest: 25311, seq: 1283184180, ack: 55, window: 1452, data: " scribentur. Ex "...
0.194 Sent: b'\xf6\x11b\xdfL{\xd64\x00\x00\x007P\x00\x05\xac\x00\x00\x00\x00 scribentur. Ex '...
0.196 Received: b'b\xdf\xf6\x11\x00\x00\x006L{\xdb\xe0P\x10\x05\xac\x00\x00\x00\x00'
0.196 Disassembled: source: 25311, dest: 62993, seq: 54, ack: 1283185632, window: 1452, ACK
0.197 Acknowledged seq: 1283184180
0.197 Assembling: source: 62993, dest: 25311, seq: 1283185632, ack: 55, window: 1452, data: "us malorum assen"...
0.197 Sent: b'\xf6\x11b\xdfL{\xdb\xe0\x00\x00\x007P\x00\x05\xac\x00\x00\x00\x00us malorum assen'...
0.199 Received: b'b\xdf\xf6\x11\x00\x00\x006L{\xe1\x8cP\x10\x05\xac\x00\x00\x00\x00'
0.200 Disassembled: source: 25311, dest: 62993, seq: 54, ack: 1283187084, window: 1452, ACK
0.200 Acknowledged seq: 1283185632
0.200 Assembling: source: 62993, dest: 25311, seq: 1283187084, ack: 55, window: 1452, data: "o ei, vel id anc"...
0.201 Sent: b'\xf6\x11b\xdfL{\xe1\x8c\x00\x00\x007P\x00\x05\xac\x00\x00\x00\x00o ei, vel id anc'...
0.203 Received: b'b\xdf\xf6\x11\x00\x00\x006L{\xe78P\x10\x05\xac\x00\x00\x00\x00'
0.203 Disassembled: source: 25311, dest: 62993, seq: 54, ack: 1283188536, window: 1452, ACK
0.203 Acknowledged seq: 1283187084
0.204 Assembling: source: 62993, dest: 25311, seq: 1283188536, ack: 55, window: 1452, data: "s accommodare, e"...
0.204 Sent: b'\xf6\x11b\xdfL{\xe78\x00\x00\x007P\x00\x05\xac\x00\x00\x00\x00s accommodare, e'...
0.206 Received: b'b\xdf\xf6\x11\x00\x00\x006L{\xec\xe4P\x10\x05\xac\x00\x00\x00\x00'
0.206 Disassembled: source: 25311, dest: 62993, seq: 54, ack: 1283189988, window: 1452, ACK
0.207 Acknowledged seq: 1283188536
0.207 Assembling: source: 62993, dest: 25311, seq: 1283189988, ack: 55, window: 1452, data: "In sed quot sape"...
0.207 Sent: b'\xf6\x11b\xdfL{\xec\xe4\x00\x00\x007P\x00\x05\xac\x00\x00\x00\x00In sed quot sape'...
0.209 Received: b'b\xdf\xf6\x11\x00\x00\x006L{\xf2\x90P\x10\x05\xac\x00\x00\x00\x00'
0.210 Disassembled: source: 25311, dest: 62993, seq: 54, ack: 1283191440, window: 1452, ACK
0.210 Acknowledged seq: 1283189988
0.210 Assembling: source: 62993, dest: 25311, seq: 1283191440, ack: 55, window: 1452, data: "nes mel, quo cas"...
0.211 Sent: b'\xf6\x11b\xdfL{\xf2\x90\x00\x00\x007P\x00\x05\xac\x00\x00\x00\x00nes mel, quo cas'...
0.212 Received: b'b\xdf\xf6\x11\x00\x00\x006L{\xf8<P\x10\x05\xac\x00\x00\x00\x00'
0.213 Disassembled: source: 25311, dest: 62993, seq: 54, ack: 1283192892, window: 1452, ACK
0.213 Acknowledged seq: 1283191440
0.213 Assembling: source: 62993, dest: 25311, seq: 1283192892, ack: 55, window: 1452, data: "corpora adipisci"...
0.214 Sent: b'\xf6\x11b\xdfL{\xf8<\x00\x00\x007P\x00\x05\xac\x00\x00\x00\x00corpora adipisci'...
0.216 Received: b'b\xdf\xf6\x11\x00\x00\x006L{\xfd\xe8P\x10\x05\xac\x00\x00\x00\x00'
0.216 Disassembled: source: 25311, dest: 62993, seq: 54, ack: 1283194344, window: 1452, ACK
0.216 Acknowledged seq: 1283192892
0.217 Assembling: source: 62993, dest: 25311, seq: 1283194344, ack: 55, window: 1452, data: "o homero copiosa"...
0.217 Sent: b'\xf6\x11b\xdfL{\xfd\xe8\x00\x00\x007P\x00\x05\xac\x00\x00\x00\x00o homero copiosa'...
0.219 Received: b'b\xdf\xf6\x11\x00\x00\x006L|\x03\x94P\x10\x05\xac\x00\x00\x00\x00'
0.219 Disassembled: source: 25311, dest: 62993, seq: 54, ack: 1283195796, window: 1452, ACK
0.220 Acknowledged seq: 1283194344
0.220 Assembling: source: 62993, dest: 25311, seq: 1283195796, ack: 55, window: 1452, data: "ctram. Pri ne an"...
0.220 Sent: b'\xf6\x11b\xdfL|\x03\x94\x00\x00\x007P\x00\x05\xac\x00\x00\x00\x00ctram. Pri ne an'...
0.222 Received: b'b\xdf\xf6\x11\x00\x00\x006L|\t@P\x10\x05\xac\x00\x00\x00\x00'
0.223 Disassembled: source: 25311, dest: 62993, seq: 54, ack: 1283197248, window: 1452, ACK
0.223 Acknowledged seq: 1283195796
0.223 Assembling: source: 62993, dest: 25311, seq: 1283197248, ack: 55, window: 1452, data: "o no. Elitr poss"...
0.224 Sent: b'\xf6\x11b\xdfL|\t@\x00\x00\x007P\x00\x05\xac\x00\x00\x00\x00o no. Elitr poss'...
0.226 Received: b'b\xdf\xf6\x11\x00\x00\x006L|\x0e\xecP\x10\x05\xac\x00\x00\x00\x00'
0.226 Disassembled: source: 25311, dest: 62993, seq: 54, ack: 1283198700, window: 1452, ACK
0.226 Acknowledged seq: 1283197248
0.227 Assembling: source: 62993, dest: 25311, seq: 1283198700, ack: 55, window: 1452, data: "ris, sea ex utin"...
0.227 Sent: b'\xf6\x11b\xdfL|\x0e\xec\x00\x00\x007P\x00\x05\xac\x00\x00\x00\x00ris, sea ex utin'...
0.229 Received: b'b\xdf\xf6\x11\x00\x00\x006L|\x14\x98P\x10\x05\xac\x00\x00\x00\x00'
0.229 Disassembled: source: 25311, dest: 62993, seq: 54, ack: 1283200152, window: 1452, ACK
0.230 Acknowledged seq: 1283198700
0.230 Assembling: source: 62993, dest: 25311, seq: 1283200152, ack: 55, window: 1452, data: "inimicus in his."...
0.230 Sent: b'\xf6\x11b\xdfL|\x14\x98\x00\x00\x007P\x00\x05\xac\x00\x00\x00\x00inimicus in his.'...
0.232 Received: b'b\xdf\xf6\x11\x00\x00\x006L|\x1aDP\x10\x05\xac\x00\x00\x00\x00'
0.233 Disassembled: source: 25311, dest: 62993, seq: 54, ack: 1283201604, window: 1452, ACK
0.233 Acknowledged seq: 1283200152
0.233 Assembling: source: 62993, dest: 25311, seq: 1283201604, ack: 55, window: 1452, data: "iis et.

Ius cu "...
0.234 Sent: b'\xf6\x11b\xdfL|\x1aD\x00\x00\x007P\x00\x05\xac\x00\x00\x00\x00iis et.\n\nIus cu '...
0.235 Received: b'b\xdf\xf6\x11\x00\x00\x006L|\x1f\xf0P\x10\x05\xac\x00\x00\x00\x00'
0.236 Disassembled: source: 25311, dest: 62993, seq: 54, ack: 1283203056, window: 1452, ACK
0.236 Acknowledged seq: 1283201604
0.236 Assembling: source: 62993, dest: 25311, seq: 1283203056, ack: 55, window: 1452, data: "teresset.

Te ni"...
0.237 Sent: b'\xf6\x11b\xdfL|\x1f\xf0\x00\x00\x007P\x00\x05\xac\x00\x00\x00\x00teresset.\n\nTe ni'...
0.239 Received: b'b\xdf\xf6\x11\x00\x00\x006L|%\x9cP\x10\x05\xac\x00\x00\x00\x00'
0.239 Disassembled: source: 25311, dest: 62993, seq: 54, ack: 1283204508, window: 1452, ACK
0.239 Acknowledged seq: 1283203056
0.240 Assembling: source: 62993, dest: 25311, seq: 1283204508, ack: 55, window: 1452, data: " volutpat corrum"...
0.240 Sent: b'\xf6\x11b\xdfL|%\x9c\x00\x00\x007P\x00\x05\xac\x00\x00\x00\x00 volutpat corrum'...
0.242 Received: b'b\xdf\xf6\x11\x00\x00\x006L|+HP\x10\x05\xac\x00\x00\x00\x00'
0.242 Disassembled: source: 25311, dest: 62993, seq: 54, ack: 1283205960, window: 1452, ACK
0.243 Acknowledged seq: 1283204508
0.243 Assembling: source: 62993, dest: 25311, seq: 1283205960, ack: 55, window: 1452, data: "dem definiebas, "...
0.243 Sent: b'\xf6\x11b\xdfL|+H\x00\x00\x007P\x00\x05\xac\x00\x00\x00\x00dem definiebas, '...
0.245 Received: b'b\xdf\xf6\x11\x00\x00\x006L|0\xf4P\x10\x05\xac\x00\x00\x00\x00'
0.246 Disassembled: source: 25311, dest: 62993, seq: 54, ack: 1283207412, window: 1452, ACK
0.246 Acknowledged seq: 1283205960
0.246 Assembling: source: 62993, dest: 25311, seq: 1283207412, ack: 55, window: 1452, data: "tibus eam, has c"...
0.247 Sent: b'\xf6\x11b\xdfL|0\xf4\x00\x00\x007P\x00\x05\xac\x00\x00\x00\x00tibus eam, has c'...
0.248 Received: b'b\xdf\xf6\x11\x00\x00\x006L|6\xa0P\x10\x05\xac\x00\x00\x00\x00'
0.249 Disassembled: source: 25311, dest: 62993, seq: 54, ack: 1283208864, window: 1452, ACK
0.249 Acknowledged seq: 1283207412
0.249 Assembling: source: 62993, dest: 25311, seq: 1283208864, ack: 55, window: 1452, data: "em qui no. Ad ea"...
0.250 Sent: b'\xf6\x11b\xdfL|6\xa0\x00\x00\x007P\x00\x05\xac\x00\x00\x00\x00em qui no. Ad ea'...
0.252 Received: b'b\xdf\xf6\x11\x00\x00\x006L|<LP\x10\x05\xac\x00\x00\x00\x00'
0.252 Disassembled: source: 25311, dest: 62993, seq: 54, ack: 1283210316, window: 1452, ACK
0.252 Acknowledged seq: 1283208864
0.253 Assembling: source: 62993, dest: 25311, seq: 1283210316, ack: 55, window: 1452, data: " nusquam, utamur"...
0.253 Sent: b'\xf6\x11b\xdfL|<L\x00\x00\x007P\x00\x05\xac\x00\x00\x00\x00 nusquam, utamur'...
0.255 Received: b'b\xdf\xf6\x11\x00\x00\x006L|A\xf8P\x10\x05\xac\x00\x00\x00\x00'
0.255 Disassembled: source: 25311, dest: 62993, seq: 54, ack: 1283211768, window: 1452, ACK
0.256 Acknowledged seq: 1283210316
0.256 Assembling: source: 62993, dest: 25311, seq: 1283211768, ack: 55, window: 1452, data: "cibo magna glori"...
0.256 Sent: b'\xf6\x11b\xdfL|A\xf8\x00\x00\x007P\x00\x05\xac\x00\x00\x00\x00cibo magna glori'...
0.258 Received: b'b\xdf\xf6\x11\x00\x00\x006L|G\xa4P\x10\x05\xac\x00\x00\x00\x00'
0.259 Disassembled: source: 25311, dest: 62993, seq: 54, ack: 1283213220, window: 1452, ACK
0.259 Acknowledged seq: 1283211768
0.259 Assembling: source: 62993, dest: 25311, seq: 1283213220, ack: 55, window: 1452, data: " te duo, eam cu "...
0.260 Sent: b'\xf6\x11b\xdfL|G\xa4\x00\x00\x007P\x00\x05\xac\x00\x00\x00\x00 te duo, eam cu '...
0.262 Received: b'b\xdf\xf6\x11\x00\x00\x006L|MPP\x10\x05\xac\x00\x00\x00\x00'
0.262 Disassembled: source: 25311, dest: 62993, seq: 54, ack: 1283214672, window: 1452, ACK
0.262 Acknowledged seq: 1283213220
0.263 Assembling: source: 62993, dest: 25311, seq: 1283214672, ack: 55, window: 1452, data: " denique volupta"...
0.263 Sent: b'\xf6\x11b\xdfL|MP\x00\x00\x007P\x00\x05\xac\x00\x00\x00\x00 denique volupta'...
0.265 Received: b'b\xdf\xf6\x11\x00\x00\x006L|R\xfcP\x10\x05\xac\x00\x00\x00\x00'
0.266 Disassembled: source: 25311, dest: 62993, seq: 54, ack: 1283216124, window: 1452, ACK
0.266 Acknowledged seq: 1283214672
0.266 Assembling: source: 62993, dest: 25311, seq: 1283216124, ack: 55, window: 1452, data: "at ius alii indo"...
0.267 Sent: b'\xf6\x11b\xdfL|R\xfc\x00\x00\x007P\x00\x05\xac\x00\x00\x00\x00at ius alii indo'...
0.268 Received: b'b\xdf\xf6\x11\x00\x00\x006L|X\xa8P\x10\x05\xac\x00\x00\x00\x00'
0.269 Disassembled: source: 25311, dest: 62993, seq: 54, ack: 1283217576, window: 1452, ACK
0.269 Acknowledged seq: 1283216124
0.269 Assembling: source: 62993, dest: 25311, seq: 1283217576, ack: 55, window: 1452, data: "issim, his facet"...
0.270 Sent: b'\xf6\x11b\xdfL|X\xa8\x00\x00\x007P\x00\x05\xac\x00\x00\x00\x00issim, his facet'...
0.272 Received: b'b\xdf\xf6\x11\x00\x00\x006L|^TP\x10\x05\xac\x00\x00\x00\x00'
0.272 Disassembled: source: 25311, dest: 62993, seq: 54, ack: 1283219028, window: 1452, ACK
0.272 Acknowledged seq: 1283217576
0.273 Assembling: source: 62993, dest: 25311, seq: 1283219028, ack: 55, window: 1452, data: " alia dolor comp"...
0.273 Sent: b'\xf6\x11b\xdfL|^T\x00\x00\x007P\x00\x05\xac\x00\x00\x00\x00 alia dolor comp'...
0.275 Received: b'b\xdf\xf6\x11\x00\x00\x006L|d\x00P\x10\x05\xac\x00\x00\x00\x00'
0.275 Disassembled: source: 25311, dest: 62993, seq: 54, ack: 1283220480, window: 1452, ACK
0.276 Acknowledged seq: 1283219028
0.276 Assembling: source: 62993, dest: 25311, seq: 1283220480, ack: 55, window: 1452, data: ", reque tempor e"...
0.276 Sent: b'\xf6\x11b\xdfL|d\x00\x00\x00\x007P\x00\x05\xac\x00\x00\x00\x00, reque tempor e'...
0.278 Received: b'b\xdf\xf6\x11\x00\x00\x006L|i\xacP\x10\x05\xac\x00\x00\x00\x00'
0.279 Disassembled: source: 25311, dest: 62993, seq: 54, ack: 1283221932, window: 1452, ACK
0.279 Acknowledged seq: 1283220480
0.279 Assembling: source: 62993, dest: 25311, seq: 1283221932, ack: 55, window: 1452, data: "
Equidem vivendo"...
0.280 Sent: b'\xf6\x11b\xdfL|i\xac\x00\x00\x007P\x00\x05\xac\x00\x00\x00\x00\nEquidem vivendo'...
0.282 Received: b'b\xdf\xf6\x11\x00\x00\x006L|oXP\x10\x05\xac\x00\x00\x00\x00'
0.282 Disassembled: source: 25311, dest: 62993, seq: 54, ack: 1283223384, window: 1452, ACK
0.282 Acknowledged seq: 1283221932
0.283 Assembling: source: 62993, dest: 25311, seq: 1283223384, ack: 55, window: 1452, data: "ffert petentium "...
0.283 Sent: b'\xf6\x11b\xdfL|oX\x00\x00\x007P\x00\x05\xac\x00\x00\x00\x00ffert petentium '...
0.285 Received: b'b\xdf\xf6\x11\x00\x00\x006L|u\x04P\x10\x05\xac\x00\x00\x00\x00'
0.285 Disassembled: source: 25311, dest: 62993, seq: 54, ack: 1283224836, window: 1452, ACK
0.286 Acknowledged seq: 1283223384
0.286 Assembling: source: 62993, dest: 25311, seq: 1283224836, ack: 55, window: 1452, data: "uripidis. Te ips"...
0.286 Sent: b'\xf6\x11b\xdfL|u\x04\x00\x00\x007P\x00\x05\xac\x00\x00\x00\x00uripidis. Te ips'...
0.288 Received: b'b\xdf\xf6\x11\x00\x00\x006L|z\xb0P\x10\x05\xac\x00\x00\x00\x00'
0.289 Disassembled: source: 25311, dest: 62993, seq: 54, ack: 1283226288, window: 1452, ACK
0.289 Acknowledged seq: 1283224836
0.289 Assembling: source: 62993, dest: 25311, seq: 1283226288, ack: 55, window: 1452, data: "e, pro ei dicunt"...
0.290 Sent: b'\xf6\x11b\xdfL|z\xb0\x00\x00\x007P\x00\x05\xac\x00\x00\x00\x00e, pro ei dicunt'...
0.292 Received: b'b\xdf\xf6\x11\x00\x00\x006L|\x80\\P\x10\x05\xac\x00\x00\x00\x00'
0.292 Disassembled: source: 25311, dest: 62993, seq: 54, ack: 1283227740, window: 1452, ACK
0.292 Acknowledged seq: 1283226288
0.292 Assembling: source: 62993, dest: 25311, seq: 1283227740, ack: 55, window: 1452, data: "iandae cu. Vel p"...
0.293 Sent: b'\xf6\x11b\xdfL|\x80\\\x00\x00\x007P\x00\x05\xac\x00\x00\x00\x00iandae cu. Vel p'...
0.295 Received: b'b\xdf\xf6\x11\x00\x00\x006L|\x86\x08P\x10\x05\xac\x00\x00\x00\x00'
0.295 Disassembled: source: 25311, dest: 62993, seq: 54, ack: 1283229192, window: 1452, ACK
0.295 Acknowledged seq: 1283227740
0.296 Assembling: source: 62993, dest: 25311, seq: 1283229192, ack: 55, window: 1452, data: " et case diceret"...
0.296 Sent: b'\xf6\x11b\xdfL|\x86\x08\x00\x00\x007P\x00\x05\xac\x00\x00\x00\x00 et case diceret'...
0.298 Received: b'b\xdf\xf6\x11\x00\x00\x006L|\x8b\xb4P\x10\x05\xac\x00\x00\x00\x00'
0.299 Disassembled: source: 25311, dest: 62993, seq: 54, ack: 1283230644, window: 1452, ACK
0.299 Acknowledged seq: 1283229192
0.299 Assembling: source: 62993, dest: 25311, seq: 1283230644, ack: 55, window: 1452, data: "et epicuri aliqu"...
0.299 Sent: b'\xf6\x11b\xdfL|\x8b\xb4\x00\x00\x007P\x00\x05\xac\x00\x00\x00\x00et epicuri aliqu'...
0.301 Received: b'b\xdf\xf6\x11\x00\x00\x006L|\x91`P\x10\x05\xac\x00\x00\x00\x00'
0.302 Disassembled: source: 25311, dest: 62993, seq: 54, ack: 1283232096, window: 1452, ACK
0.302 Acknowledged seq: 1283230644
0.302 Assembling: source: 62993, dest: 25311, seq: 1283232096, ack: 55, window: 1452, data: "o mollis nostrud"...
0.303 Sent: b'\xf6\x11b\xdfL|\x91`\x00\x00\x007P\x00\x05\xac\x00\x00\x00\x00o mollis nostrud'...
0.305 Received: b'b\xdf\xf6\x11\x00\x00\x006L|\x97\x0cP\x10\x05\xac\x00\x00\x00\x00'
0.305 Disassembled: source: 25311, dest: 62993, seq: 54, ack: 1283233548, window: 1452, ACK
0.305 Acknowledged seq: 1283232096
0.306 Assembling: source: 62993, dest: 25311, seq: 1283233548, ack: 55, window: 1452, data: "ue te.Lorem ipsu"...
0.306 Sent: b'\xf6\x11b\xdfL|\x97\x0c\x00\x00\x007P\x00\x05\xac\x00\x00\x00\x00ue te.Lorem ipsu'...
0.308 Received: b'b\xdf\xf6\x11\x00\x00\x006L|\x9c\xb8P\x10\x05\xac\x00\x00\x00\x00'
0.308 Disassembled: source: 25311, dest: 62993, seq: 54, ack: 1283235000, window: 1452, ACK
0.308 Acknowledged seq: 1283233548
0.309 Assembling: source: 62993, dest: 25311, seq: 1283235000, ack: 55, window: 1452, data: "comprehensam nam"...
0.309 Sent: b'\xf6\x11b\xdfL|\x9c\xb8\x00\x00\x007P\x00\x05\xac\x00\x00\x00\x00comprehensam nam'...
0.311 Received: b'b\xdf\xf6\x11\x00\x00\x006L|\xa2dP\x10\x05\xac\x00\x00\x00\x00'
0.311 Disassembled: source: 25311, dest: 62993, seq: 54, ack: 1283236452, window: 1452, ACK
0.312 Acknowledged seq: 1283235000
0.312 Assembling: source: 62993, dest: 25311, seq: 1283236452, ack: 55, window: 1452, data: "isi repudiare se"...
0.312 Sent: b'\xf6\x11b\xdfL|\xa2d\x00\x00\x007P\x00\x05\xac\x00\x00\x00\x00isi repudiare se'...
0.314 Received: b'b\xdf\xf6\x11\x00\x00\x006L|\xa8\x10P\x10\x05\xac\x00\x00\x00\x00'
0.315 Disassembled: source: 25311, dest: 62993, seq: 54, ack: 1283237904, window: 1452, ACK
0.315 Acknowledged seq: 1283236452
0.315 Assembling: source: 62993, dest: 25311, seq: 1283237904, ack: 55, window: 1452, data: "t essent scripta"...
0.316 Sent: b'\xf6\x11b\xdfL|\xa8\x10\x00\x00\x007P\x00\x05\xac\x00\x00\x00\x00t essent scripta'...
0.318 Received: b'b\xdf\xf6\x11\x00\x00\x006L|\xad\xbcP\x10\x05\xac\x00\x00\x00\x00'
0.318 Disassembled: source: 25311, dest: 62993, seq: 54, ack: 1283239356, window: 1452, ACK
0.318 Acknowledged seq: 1283237904
0.318 Assembling: source: 62993, dest: 25311, seq: 1283239356, ack: 55, window: 1452, data: "ctatos sadipscin"...
0.319 Sent: b'\xf6\x11b\xdfL|\xad\xbc\x00\x00\x007P\x00\x05\xac\x00\x00\x00\x00ctatos sadipscin'...
0.321 Received: b'b\xdf\xf6\x11\x00\x00\x006L|\xb3hP\x10\x05\xac\x00\x00\x00\x00'
0.321 Disassembled: source: 25311, dest: 62993, seq: 54, ack: 1283240808, window: 1452, ACK
0.322 Acknowledged seq: 1283239356
0.322 Assembling: source: 62993, dest: 25311, seq: 1283240808, ack: 55, window: 1452, data: "apientem ea, ad "...
0.322 Sent: b'\xf6\x11b\xdfL|\xb3h\x00\x00\x007P\x00\x05\xac\x00\x00\x00\x00apientem ea, ad '...
0.324 Received: b'b\xdf\xf6\x11\x00\x00\x006L|\xb9\x14P\x10\x05\xac\x00\x00\x00\x00'
0.325 Disassembled: source: 25311, dest: 62993, seq: 54, ack: 1283242260, window: 1452, ACK
0.325 Acknowledged seq: 1283240808
0.325 Assembling: source: 62993, dest: 25311, seq: 1283242260, ack: 55, window: 1452, data: " invenire partie"...
0.326 Sent: b'\xf6\x11b\xdfL|\xb9\x14\x00\x00\x007P\x00\x05\xac\x00\x00\x00\x00 invenire partie'...
0.328 Received: b'b\xdf\xf6\x11\x00\x00\x006L|\xbe\xc0P\x10\x05\xac\x00\x00\x00\x00'
0.328 Disassembled: source: 25311, dest: 62993, seq: 54, ack: 1283243712, window: 1452, ACK
0.328 Acknowledged seq: 1283242260
0.329 Assembling: source: 62993, dest: 25311, seq: 1283243712, ack: 55, window: 1452, data: "Qui id facer fac"...
0.329 Sent: b'\xf6\x11b\xdfL|\xbe\xc0\x00\x00\x007P\x00\x05\xac\x00\x00\x00\x00Qui id facer fac'...
0.331 Received: b'b\xdf\xf6\x11\x00\x00\x006L|\xc4lP\x10\x05\xac\x00\x00\x00\x00'
0.331 Disassembled: source: 25311, dest: 62993, seq: 54, ack: 1283245164, window: 1452, ACK
0.332 Acknowledged seq: 1283243712
0.332 Assembling: source: 62993, dest: 25311, seq: 1283245164, ack: 55, window: 1452, data: "t pro. Duo ea au"...
0.332 Sent: b'\xf6\x11b\xdfL|\xc4l\x00\x00\x007P\x00\x05\xac\x00\x00\x00\x00t pro. Duo ea au'...
0.334 Received: b'b\xdf\xf6\x11\x00\x00\x006L|\xca\x18P\x10\x05\xac\x00\x00\x00\x00'
0.335 Disassembled: source: 25311, dest: 62993, seq: 54, ack: 1283246616, window: 1452, ACK
0.335 Acknowledged seq: 1283245164
0.335 Assembling: source: 62993, dest: 25311, seq: 1283246616, ack: 55, window: 1452, data: "trioque adipisci"...
0.336 Sent: b'\xf6\x11b\xdfL|\xca\x18\x00\x00\x007P\x00\x05\xac\x00\x00\x00\x00trioque adipisci'...
0.337 Received: b'b\xdf\xf6\x11\x00\x00\x006L|\xcf\xc4P\x10\x05\xac\x00\x00\x00\x00'
0.338 Disassembled: source: 25311, dest: 62993, seq: 54, ack: 1283248068, window: 1452, ACK
0.338 Acknowledged seq: 1283246616
0.338 Assembling: source: 62993, dest: 25311, seq: 1283248068, ack: 55, window: 1452, data: "nec. Liber harum"...
0.339 Sent: b'\xf6\x11b\xdfL|\xcf\xc4\x00\x00\x007P\x00\x05\xac\x00\x00\x00\x00nec. Liber harum'...
0.340 Received: b'b\xdf\xf6\x11\x00\x00\x006L|\xd5pP\x10\x05\xac\x00\x00\x00\x00'
0.341 Disassembled: source: 25311, dest: 62993, seq: 54, ack: 1283249520, window: 1452, ACK
0.341 Acknowledged seq: 1283248068
0.341 Assembling: source: 62993, dest: 25311, seq: 1283249520, ack: 55, window: 1452, data: "isset sententiae"...
0.342 Sent: b'\xf6\x11b\xdfL|\xd5p\x00\x00\x007P\x00\x05\xac\x00\x00\x00\x00isset sententiae'...
0.344 Received: b'b\xdf\xf6\x11\x00\x00\x006L|\xdb\x1cP\x10\x05\xac\x00\x00\x00\x00'
0.344 Disassembled: source: 25311, dest: 62993, seq: 54, ack: 1283250972, window: 1452, ACK
0.344 Acknowledged seq: 1283249520
0.345 Assembling: source: 62993, dest: 25311, seq: 1283250972, ack: 55, window: 1452, data: "at soluta debiti"...
0.345 Sent: b'\xf6\x11b\xdfL|\xdb\x1c\x00\x00\x007P\x00\x05\xac\x00\x00\x00\x00at soluta debiti'...
0.347 Received: b'b\xdf\xf6\x11\x00\x00\x006L|\xe0\xc8P\x10\x05\xac\x00\x00\x00\x00'
0.347 Disassembled: source: 25311, dest: 62993, seq: 54, ack: 1283252424, window: 1452, ACK
0.348 Acknowledged seq: 1283250972
0.348 Assembling: source: 62993, dest: 25311, seq: 1283252424, ack: 55, window: 1452, data: " est ne. An fall"...
0.348 Sent: b'\xf6\x11b\xdfL|\xe0\xc8\x00\x00\x007P\x00\x05\xac\x00\x00\x00\x00 est ne. An fall'...
0.350 Received: b'b\xdf\xf6\x11\x00\x00\x006L|\xe6tP\x10\x05\xac\x00\x00\x00\x00'
0.351 Disassembled: source: 25311, dest: 62993, seq: 54, ack: 1283253876, window: 1452, ACK
0.351 Acknowledged seq: 1283252424
0.351 Assembling: source: 62993, dest: 25311, seq: 1283253876, ack: 55, window: 1452, data: "idis eu eam, per"...
0.352 Sent: b'\xf6\x11b\xdfL|\xe6t\x00\x00\x007P\x00\x05\xac\x00\x00\x00\x00idis eu eam, per'...
0.354 Received: b'b\xdf\xf6\x11\x00\x00\x006L|\xec P\x10\x05\xac\x00\x00\x00\x00'
0.354 Disassembled: source: 25311, dest: 62993, seq: 54, ack: 1283255328, window: 1452, ACK
0.354 Acknowledged seq: 1283253876
0.355 Assembling: source: 62993, dest: 25311, seq: 1283255328, ack: 55, window: 1452, data: ", ei inani docen"...
0.355 Sent: b'\xf6\x11b\xdfL|\xec \x00\x00\x007P\x00\x05\xac\x00\x00\x00\x00, ei inani docen'...
0.357 Received: b'b\xdf\xf6\x11\x00\x00\x006L|\xf1\xccP\x10\x05\xac\x00\x00\x00\x00'
0.357 Disassembled: source: 25311, dest: 62993, seq: 54, ack: 1283256780, window: 1452, ACK
0.358 Acknowledged seq: 1283255328
0.358 Assembling: source: 62993, dest: 25311, seq: 1283256780, ack: 55, window: 1452, data: "e, vis decore po"...
0.358 Sent: b'\xf6\x11b\xdfL|\xf1\xcc\x00\x00\x007P\x00\x05\xac\x00\x00\x00\x00e, vis decore po'...
0.360 Received: b'b\xdf\xf6\x11\x00\x00\x006L|\xf7xP\x10\x05\xac\x00\x00\x00\x00'
0.361 Disassembled: source: 25311, dest: 62993, seq: 54, ack: 1283258232, window: 1452, ACK
0.361 Acknowledged seq: 1283256780
0.361 Assembling: source: 62993, dest: 25311, seq: 1283258232, ack: 55, window: 1452, data: "m odio corpora c"...
0.362 Sent: b'\xf6\x11b\xdfL|\xf7x\x00\x00\x007P\x00\x05\xac\x00\x00\x00\x00m odio corpora c'...
0.364 Received: b'b\xdf\xf6\x11\x00\x00\x006L|\xfd$P\x10\x05\xac\x00\x00\x00\x00'
0.364 Disassembled: source: 25311, dest: 62993, seq: 54, ack: 1283259684, window: 1452, ACK
0.364 Acknowledged seq: 1283258232
0.364 Assembling: source: 62993, dest: 25311, seq: 1283259684, ack: 55, window: 1452, data: "Usu sanctus conc"...
0.365 Sent: b'\xf6\x11b\xdfL|\xfd$\x00\x00\x007P\x00\x05\xac\x00\x00\x00\x00Usu sanctus conc'...
0.367 Received: b'b\xdf\xf6\x11\x00\x00\x006L}\x02\xd0P\x10\x05\xac\x00\x00\x00\x00'
0.367 Disassembled: source: 25311, dest: 62993, seq: 54, ack: 1283261136, window: 1452, ACK
0.367 Acknowledged seq: 1283259684
0.368 Assembling: source: 62993, dest: 25311, seq: 1283261136, ack: 55, window: 1452, data: "eco aeterno te, "...
0.368 Sent: b'\xf6\x11b\xdfL}\x02\xd0\x00\x00\x007P\x00\x05\xac\x00\x00\x00\x00eco aeterno te, '...
0.370 Received: b'b\xdf\xf6\x11\x00\x00\x006L}\x08|P\x10\x05\xac\x00\x00\x00\x00'
0.370 Disassembled: source: 25311, dest: 62993, seq: 54, ack: 1283262588, window: 1452, ACK
0.371 Acknowledged seq: 1283261136
0.371 Assembling: source: 62993, dest: 25311, seq: 1283262588, ack: 55, window: 1452, data: "mis oporteat dis"...
0.371 Sent: b'\xf6\x11b\xdfL}\x08|\x00\x00\x007P\x00\x05\xac\x00\x00\x00\x00mis oporteat dis'...
0.373 Received: b'b\xdf\xf6\x11\x00\x00\x006L}\x0e(P\x10\x05\xac\x00\x00\x00\x00'
0.373 Disassembled: source: 25311, dest: 62993, seq: 54, ack: 1283264040, window: 1452, ACK
0.374 Acknowledged seq: 1283262588
0.374 Assembling: source: 62993, dest: 25311, seq: 1283264040, ack: 55, window: 1452, data: "as virtute moles"...
0.374 Sent: b'\xf6\x11b\xdfL}\x0e(\x00\x00\x007P\x00\x05\xac\x00\x00\x00\x00as virtute moles'...
0.376 Received: b'b\xdf\xf6\x11\x00\x00\x006L}\x13\xd4P\x10\x05\xac\x00\x00\x00\x00'
0.377 Disassembled: source: 25311, dest: 62993, seq: 54, ack: 1283265492, window: 1452, ACK
0.377 Acknowledged seq: 1283264040
0.377 Assembling: source: 62993, dest: 25311, seq: 1283265492, ack: 55, window: 1452, data: "llae noluisse.

"...
0.378 Sent: b'\xf6\x11b\xdfL}\x13\xd4\x00\x00\x007P\x00\x05\xac\x00\x00\x00\x00llae noluisse.\n\n'...
0.380 Received: b'b\xdf\xf6\x11\x00\x00\x006L}\x19\x80P\x10\x05\xac\x00\x00\x00\x00'
0.380 Disassembled: source: 25311, dest: 62993, seq: 54, ack: 1283266944, window: 1452, ACK
0.380 Acknowledged seq: 1283265492
0.381 Assembling: source: 62993, dest: 25311, seq: 1283266944, ack: 55, window: 1452, data: "At duo affert to"...
0.381 Sent: b'\xf6\x11b\xdfL}\x19\x80\x00\x00\x007P\x00\x05\xac\x00\x00\x00\x00At duo affert to'...
0.383 Received: b'b\xdf\xf6\x11\x00\x00\x006L}\x1f,P\x10\x05\xac\x00\x00\x00\x00'
0.383 Disassembled: source: 25311, dest: 62993, seq: 54, ack: 1283268396, window: 1452, ACK
0.384 Acknowledged seq: 1283266944
0.384 Assembling: source: 62993, dest: 25311, seq: 1283268396, ack: 55, window: 1452, data: "r eam an. Ut per"...
0.384 Sent: b'\xf6\x11b\xdfL}\x1f,\x00\x00\x007P\x00\x05\xac\x00\x00\x00\x00r eam an. Ut per'...
0.386 Received: b'b\xdf\xf6\x11\x00\x00\x006L}$\xd8P\x10\x05\xac\x00\x00\x00\x00'
0.387 Disassembled: source: 25311, dest: 62993, seq: 54, ack: 1283269848, window: 1452, ACK
0.387 Acknowledged seq: 1283268396
0.387 Assembling: source: 62993, dest: 25311, seq: 1283269848, ack: 55, window: 1452, data: "ea ex, inermis m"...
0.388 Sent: b'\xf6\x11b\xdfL}$\xd8\x00\x00\x007P\x00\x05\xac\x00\x00\x00\x00ea ex, inermis m'...
0.390 Received: b'b\xdf\xf6\x11\x00\x00\x006L}*\x84P\x10\x05\xac\x00\x00\x00\x00'
0.390 Disassembled: source: 25311, dest: 62993, seq: 54, ack: 1283271300, window: 1452, ACK
0.390 Acknowledged seq: 1283269848
0.391 Finished reading file
0.391 Assembling: source: 62993, dest: 25311, seq: 1283271300, ack: 55, window: 1452, data: "recteque iracund"...
0.391 Sent: b'\xf6\x11b\xdfL}*\x84\x00\x00\x007P\x00\x05\xac\x00\x00\x00\x00recteque iracund'...
0.393 Received: b'b\xdf\xf6\x11\x00\x00\x006L}/\x16P\x10\x05\xac\x00\x00\x00\x00'
0.394 Disassembled: source: 25311, dest: 62993, seq: 54, ack: 1283272470, window: 1452, ACK
0.394 Acknowledged seq: 1283271300
0.394 Assembling: source: 62993, dest: 25311, seq: 1283272470, ack: 55, window: 1452, ACK, FIN
0.395 Sent: b'\xf6\x11b\xdfL}/\x16\x00\x00\x007P\x11\x05\xac\x00\x00\x00\x00'
0.397 Received: b'b\xdf\xf6\x11\x00\x00\x006L}/\x17P\x10\x05\xac\x00\x00\x00\x00'
0.397 Disassembled: source: 25311, dest: 62993, seq: 54, ack: 1283272471, window: 1452, ACK
0.397 FIN accepted; sending final packet
0.397 Assembling: source: 62993, dest: 25311, seq: 1283272471, ack: 55, window: 1452, ACK
0.398 Sent: b'\xf6\x11b\xdfL}/\x17\x00\x00\x007P\x10\x05\xac\x00\x00\x00\x00'
0.398 Closed connection
0.399 Shutting down
