0.000 NEW RUN: Server, TEST: Read_file__Empty
0.081 Received: b'c\xaa\xda\xb8\x00\x00\x006\x00\x00\x00\x00P\x02\x05\xac\x00\x00\x00\x00'
0.082 Disassembled: source: 25514, dest: 55992, seq: 54, window: 1452, SYN
0.082 SYN accepted; new connection: 127.0.0.1 on port 25514
0.082 Assembling: source: 55992, dest: 25514, seq: 1272921171, ack: 55, window: 1452, ACK, SYN
0.083 Sent: b'\xda\xb8c\xaaK\xdf<S\x00\x00\x007P\x12\x05\xac\x00\x00\x00\x00'
0.086 Received: b'c\xaa\xda\xb8\x00\x00\x007K\xdf<TP\x10\x05\xac\x00\x00\x00\x00'
0.086 Disassembled: source: 25514, dest: 55992, seq: 55, ack: 1272921172, window: 1452, ACK
0.086 Handshake complete
0.087 Acknowledged seq: 1272921171
0.087 Finished reading file
0.087 Assembling: source: 55992, dest: 25514, seq: 1272921172, ack: 56, window: 1452, ACK, FIN
0.087 Sent: b'\xda\xb8c\xaaK\xdf<T\x00\x00\x008P\x11\x05\xac\x00\x00\x00\x00'
0.090 Received: b'c\xaa\xda\xb8\x00\x00\x007K\xdf<UP\x10\x05\xac\x00\x00\x00\x00'
0.090 Disassembled: source: 25514, dest: 55992, seq: 55, ack: 1272921173, window: 1452, ACK
0.091 FIN accepted; sending final packet
0.091 Assembling: source: 55992, dest: 25514, seq: 1272921173, ack: 56, window: 1452, ACK
0.091 Sent: b'\xda\xb8c\xaaK\xdf<U\x00\x00\x008P\x10\x05\xac\x00\x00\x00\x00'
0.091 Closed connection
0.092 Shutting down
