0.000 NEW RUN: Server, TEST: Write_file__Empty
0.081 Received: b'\xb8A\xf6\x87\x00\x00\x00\x04\x00\x00\x00\x00P\x02\x05\xac\x00\x00\x00\x00'
0.082 Disassembled: source: 47169, dest: 63111, seq: 4, window: 1452, SYN
0.082 SYN accepted; new connection: 127.0.0.1 on port 47169
0.083 Assembling: source: 63111, dest: 47169, seq: 1284245317, ack: 5, window: 5808, ACK, SYN
0.083 Sent: b'\xf6\x87\xb8AL\x8c\x07E\x00\x00\x00\x05P\x12\x16\xb0\x00\x00\x00\x00'
0.086 Received: b'\xb8A\xf6\x87\x00\x00\x00\x05L\x8c\x07FP\x10\x16\xb0\x00\x00\x00\x00'
0.087 Disassembled: source: 47169, dest: 63111, seq: 5, ack: 1284245318, window: 5808, ACK
0.087 Assembling: source: 63111, dest: 47169, seq: 1284245318, ack: 5, window: 5808, ACK
0.087 Sent: b'\xf6\x87\xb8AL\x8c\x07F\x00\x00\x00\x05P\x10\x16\xb0\x00\x00\x00\x00'
0.088 Received: b'\xb8A\xf6\x87\x00\x00\x00\x05L\x8c\x07FP\x10\x16\xb0\x00\x00\x00\x00'
0.089 Disassembled: source: 47169, dest: 63111, seq: 5, ack: 1284245318, window: 5808, ACK
0.089 Assembling: source: 63111, dest: 47169, seq: 1284245318, ack: 5, window: 5808, ACK
0.090 Sent: b'\xf6\x87\xb8AL\x8c\x07F\x00\x00\x00\x05P\x10\x16\xb0\x00\x00\x00\x00'
0.590 Sent: b'\xf6\x87\xb8AL\x8c\x07F\x00\x00\x00\x05P\x10\x16\xb0\x00\x00\x00\x00'
1.090 Sent: b'\xf6\x87\xb8AL\x8c\x07F\x00\x00\x00\x05P\x10\x16\xb0\x00\x00\x00\x00'
1.591 Sent: b'\xf6\x87\xb8AL\x8c\x07F\x00\x00\x00\x05P\x10\x16\xb0\x00\x00\x00\x00'
2.091 Sent: b'\xf6\x87\xb8AL\x8c\x07F\x00\x00\x00\x05P\x10\x16\xb0\x00\x00\x00\x00'
2.592 Error: Connection timed out
2.592 Closed connection
2.593 Shutting down
