0.000 NEW RUN: Server, TEST: Write_file__Latency
0.084 Received: b'\xbf\xeb`\xe2\x00\x00\x00X\x00\x00\x00\x00P\x02\x05\xac\x00\x00\x00\x00'
0.085 Disassembled: source: 49131, dest: 24802, seq: 88, window: 1452, SYN
0.085 SYN accepted; new connection: 127.0.0.1 on port 49131
0.085 Assembling: source: 24802, dest: 49131, seq: 1430876330, ack: 89, window: 5808, ACK, SYN
0.086 Sent: b'`\xe2\xbf\xebUIp\xaa\x00\x00\x00YP\x12\x16\xb0\x00\x00\x00\x00'
0.586 Sent: b'`\xe2\xbf\xebUIp\xaa\x00\x00\x00YP\x12\x16\xb0\x00\x00\x00\x00'
1.087 Sent: b'`\xe2\xbf\xebUIp\xaa\x00\x00\x00YP\x12\x16\xb0\x00\x00\x00\x00'
1.090 Received: b'\xbf\xeb`\xe2\x00\x00\x00YUIp\xabP\x10\x16\xb0\x00\x00\x00\x00'
1.091 Disassembled: source: 49131, dest: 24802, seq: 89, ack: 1430876331, window: 5808, ACK
1.091 Assembling: source: 24802, dest: 49131, seq: 1430876331, ack: 89, window: 5808, ACK
1.092 Sent: b'`\xe2\xbf\xebUIp\xab\x00\x00\x00YP\x10\x16\xb0\x00\x00\x00\x00'
1.093 Received: b'\xbf\xeb`\xe2\x00\x00\x00YUIp\xabP\x10\x16\xb0\x00\x00\x00\x00Lorem ipsum dolo'...
1.093 Disassembled: source: 49131, dest: 24802, seq: 89, ack: 1430876331, window: 5808, ACK, data: "Lorem ipsum dolo"...
1.093 Handshake complete
1.093 Data accepted; writing to file
1.094 Assembling: source: 24802, dest: 49131, seq: 1430876331, ack: 1541, window: 5808, ACK
1.094 Sent: b'`\xe2\xbf\xebUIp\xab\x00\x00\x06\x05P\x10\x16\xb0\x00\x00\x00\x00'
1.590 Received: b'\xbf\xeb`\xe2\x00\x00\x00YUIp\xabP\x10\x16\xb0\x00\x00\x00\x00Lorem ipsum dolo'...
1.591 Disassembled: source: 49131, dest: 24802, seq: 89, ack: 1430876331, window: 5808, ACK, data: "Lorem ipsum dolo"...
1.591 Old data; ignoring
1.595 Sent: b'`\xe2\xbf\xebUIp\xab\x00\x00\x06\x05P\x10\x16\xb0\x00\x00\x00\x00'
2.091 Received: b'\xbf\xeb`\xe2\x00\x00\x00YUIp\xabP\x10\x16\xb0\x00\x00\x00\x00Lorem ipsum dolo'...
2.092 Disassembled: source: 49131, dest: 24802, seq: 89, ack: 1430876331, window: 5808, ACK, data: "Lorem ipsum dolo"...
2.092 Old data; ignoring
2.096 Sent: b'`\xe2\xbf\xebUIp\xab\x00\x00\x06\x05P\x10\x16\xb0\x00\x00\x00\x00'
2.096 Received: b'\xbf\xeb`\xe2\x00\x00\x00YUIp\xabP\x10\x16\xb0\x00\x00\x00\x00Lorem ipsum dolo'...
2.097 Disassembled: source: 49131, dest: 24802, seq: 89, ack: 1430876331, window: 5808, ACK, data: "Lorem ipsum dolo"...
2.097 Old data; ignoring
2.098 Received: b'\xbf\xeb`\xe2\x00\x00\x06\x05UIp\xabP\x00\x16\xb0\x00\x00\x00\x00hensam nam, aper'...
2.099 Disassembled: source: 49131, dest: 24802, seq: 1541, ack: 1430876331, window: 5808, data: "hensam nam, aper"...
2.099 Data accepted; writing to file
2.099 Assembling: source: 24802, dest: 49131, seq: 1430876331, ack: 2993, window: 5808, ACK
2.100 Sent: b'`\xe2\xbf\xebUIp\xab\x00\x00\x0b\xb1P\x10\x16\xb0\x00\x00\x00\x00'
2.599 Received: b'\xbf\xeb`\xe2\x00\x00\x06\x05UIp\xabP\x00\x16\xb0\x00\x00\x00\x00hensam nam, aper'...
2.600 Disassembled: source: 49131, dest: 24802, seq: 1541, ack: 1430876331, window: 5808, data: "hensam nam, aper"...
2.600 Old data; ignoring
2.600 Sent: b'`\xe2\xbf\xebUIp\xab\x00\x00\x0b\xb1P\x10\x16\xb0\x00\x00\x00\x00'
3.100 Received: b'\xbf\xeb`\xe2\x00\x00\x06\x05UIp\xabP\x00\x16\xb0\x00\x00\x00\x00hensam nam, aper'...
3.101 Disassembled: source: 49131, dest: 24802, seq: 1541, ack: 1430876331, window: 5808, data: "hensam nam, aper"...
3.101 Old data; ignoring
3.101 Sent: b'`\xe2\xbf\xebUIp\xab\x00\x00\x0b\xb1P\x10\x16\xb0\x00\x00\x00\x00'
3.104 Received: b'\xbf\xeb`\xe2\x00\x00\x0b\xb1UIp\xabP\x00\x16\xb0\x00\x00\x00\x00pudiare sea. No '...
3.105 Disassembled: source: 49131, dest: 24802, seq: 2993, ack: 1430876331, window: 5808, data: "pudiare sea. No "...
3.105 Data accepted; writing to file
3.105 Assembling: source: 24802, dest: 49131, seq: 1430876331, ack: 3332, window: 5808, ACK
3.105 Sent: b'`\xe2\xbf\xebUIp\xab\x00\x00\r\x04P\x10\x16\xb0\x00\x00\x00\x00'
3.605 Received: b'\xbf\xeb`\xe2\x00\x00\x0b\xb1UIp\xabP\x00\x16\xb0\x00\x00\x00\x00pudiare sea. No '...
3.605 Disassembled: source: 49131, dest: 24802, seq: 2993, ack: 1430876331, window: 5808, data: "pudiare sea. No "...
3.605 Old data; ignoring
3.606 Sent: b'`\xe2\xbf\xebUIp\xab\x00\x00\r\x04P\x10\x16\xb0\x00\x00\x00\x00'
4.105 Received: b'\xbf\xeb`\xe2\x00\x00\x0b\xb1UIp\xabP\x00\x16\xb0\x00\x00\x00\x00pudiare sea. No '...
4.106 Disassembled: source: 49131, dest: 24802, seq: 2993, ack: 1430876331, window: 5808, data: "pudiare sea. No "...
4.106 Old data; ignoring
4.107 Sent: b'`\xe2\xbf\xebUIp\xab\x00\x00\r\x04P\x10\x16\xb0\x00\x00\x00\x00'
4.607 Sent: b'`\xe2\xbf\xebUIp\xab\x00\x00\r\x04P\x10\x16\xb0\x00\x00\x00\x00'
5.108 Sent: b'`\xe2\xbf\xebUIp\xab\x00\x00\r\x04P\x10\x16\xb0\x00\x00\x00\x00'
5.609 Error: Connection timed out
5.609 Closed connection
6.108 Shutting down
