0.000 NEW RUN: Server, TEST: Write_file__Random_drops
0.082 Received: b'F\xe1h\xb0\x00\x00\x00\x16\x00\x00\x00\x00P\x02\x05\xac\x00\x00\x00\x00'
0.083 Disassembled: source: 18145, dest: 26800, seq: 22, window: 1452, SYN
0.084 SYN accepted; new connection: 127.0.0.1 on port 18145
0.084 Assembling: source: 26800, dest: 18145, seq: 1367861010, ack: 23, window: 5808, ACK, SYN
0.085 Sent: b'h\xb0F\xe1Q\x87\xe7\x12\x00\x00\x00\x17P\x12\x16\xb0\x00\x00\x00\x00'
0.088 Received: b'F\xe1h\xb0\x00\x00\x00\x17Q\x87\xe7\x13P\x10\x16\xb0\x00\x00\x00\x00'
0.088 Disassembled: source: 18145, dest: 26800, seq: 23, ack: 1367861011, window: 5808, ACK
0.088 Assembling: source: 26800, dest: 18145, seq: 1367861011, ack: 23, window: 5808, ACK
0.089 Sent: b'h\xb0F\xe1Q\x87\xe7\x13\x00\x00\x00\x17P\x10\x16\xb0\x00\x00\x00\x00'
0.090 Received: b'F\xe1h\xb0\x00\x00\x00\x17Q\x87\xe7\x13P\x10\x16\xb0\x00\x00\x00\x00Lorem ipsum dolo'...
0.090 Disassembled: source: 18145, dest: 26800, seq: 23, ack: 1367861011, window: 5808, ACK, data: "Lorem ipsum dolo"...
0.090 Handshake complete
0.091 Data accepted; writing to file
0.091 Assembling: source: 26800, dest: 18145, seq: 1367861011, ack: 1475, window: 5808, ACK
0.091 Sent: b'h\xb0F\xe1Q\x87\xe7\x13\x00\x00\x05\xc3P\x10\x16\xb0\x00\x00\x00\x00'
0.092 Received: b'F\xe1h\xb0\x00\x00\x00\x17Q\x87\xe7\x13P\x10\x16\xb0\x00\x00\x00\x00Lorem ipsum dolo'...
0.093 Disassembled: source: 18145, dest: 26800, seq: 23, ack: 1367861011, window: 5808, ACK, data: "Lorem ipsum dolo"...
0.093 Old data; ignoring
0.095 Received: b'F\xe1h\xb0\x00\x00\x05\xc3Q\x87\xe7\x13P\x00\x16\xb0\x00\x00\x00\x00hensam nam, aper'...
0.095 Disassembled: source: 18145, dest: 26800, seq: 1475, ack: 1367861011, window: 5808, data: "hensam nam, aper"...
0.095 Data accepted; writing to file
0.095 Assembling: source: 26800, dest: 18145, seq: 1367861011, ack: 2927, window: 5808, ACK
0.096 Sent: b'h\xb0F\xe1Q\x87\xe7\x13\x00\x00\x0boP\x10\x16\xb0\x00\x00\x00\x00'
0.099 Received: b'F\xe1h\xb0\x00\x00\x0boQ\x87\xe7\x13P\x00\x16\xb0\x00\x00\x00\x00pudiare sea. No '...
0.099 Disassembled: source: 18145, dest: 26800, seq: 2927, ack: 1367861011, window: 5808, data: "pudiare sea. No "...
0.099 Data accepted; writing to file
0.099 Assembling: source: 26800, dest: 18145, seq: 1367861011, ack: 4379, window: 5808, ACK
0.100 Sent: b'h\xb0F\xe1Q\x87\xe7\x13\x00\x00\x11\x1bP\x10\x16\xb0\x00\x00\x00\x00'
0.102 Received: b'F\xe1h\xb0\x00\x00\x11\x1bQ\x87\xe7\x13P\x00\x16\xb0\x00\x00\x00\x00nt scripta philo'...
0.103 Disassembled: source: 18145, dest: 26800, seq: 4379, ack: 1367861011, window: 5808, data: "nt scripta philo"...
0.103 Data accepted; writing to file
0.103 Assembling: source: 26800, dest: 18145, seq: 1367861011, ack: 5831, window: 5808, ACK
0.103 Sent: b'h\xb0F\xe1Q\x87\xe7\x13\x00\x00\x16\xc7P\x10\x16\xb0\x00\x00\x00\x00'
0.105 Received: b'F\xe1h\xb0\x00\x00\x16\xc7Q\x87\xe7\x13P\x00\x16\xb0\x00\x00\x00\x00 sadipscing ei q'...
0.105 Disassembled: source: 18145, dest: 26800, seq: 5831, ack: 1367861011, window: 5808, data: " sadipscing ei q"...
0.106 Data accepted; writing to file
0.106 Assembling: source: 26800, dest: 18145, seq: 1367861011, ack: 7283, window: 5808, ACK
0.106 Sent: b'h\xb0F\xe1Q\x87\xe7\x13\x00\x00\x1csP\x10\x16\xb0\x00\x00\x00\x00'
0.108 Received: b'F\xe1h\xb0\x00\x00\x1csQ\x87\xe7\x13P\x00\x16\xb0\x00\x00\x00\x00em ea, ad duo la'...
0.108 Disassembled: source: 18145, dest: 26800, seq: 7283, ack: 1367861011, window: 5808, data: "em ea, ad duo la"...
0.108 Data accepted; writing to file
0.108 Assembling: source: 26800, dest: 18145, seq: 1367861011, ack: 8735, window: 5808, ACK
0.109 Sent: b'h\xb0F\xe1Q\x87\xe7\x13\x00\x00"\x1fP\x10\x16\xb0\x00\x00\x00\x00'
0.110 Received: b'F\xe1h\xb0\x00\x00"\x1fQ\x87\xe7\x13P\x00\x16\xb0\x00\x00\x00\x00ire partiendo ad'...
0.111 Disassembled: source: 18145, dest: 26800, seq: 8735, ack: 1367861011, window: 5808, data: "ire partiendo ad"...
0.111 Data accepted; writing to file
0.111 Assembling: source: 26800, dest: 18145, seq: 1367861011, ack: 10187, window: 5808, ACK
0.111 Sent: b"h\xb0F\xe1Q\x87\xe7\x13\x00\x00'\xcbP\x10\x16\xb0\x00\x00\x00\x00"
0.113 Received: b"F\xe1h\xb0\x00\x00'\xcbQ\x87\xe7\x13P\x00\x16\xb0\x00\x00\x00\x00 facer facilisi "...
0.113 Disassembled: source: 18145, dest: 26800, seq: 10187, ack: 1367861011, window: 5808, data: " facer facilisi "...
0.114 Data accepted; writing to file
0.114 Assembling: source: 26800, dest: 18145, seq: 1367861011, ack: 11639, window: 5808, ACK
0.114 Failed to send packet
0.614 Sent: b'h\xb0F\xe1Q\x87\xe7\x13\x00\x00-wP\x10\x16\xb0\x00\x00\x00\x00'
0.617 Failed to receive packet
1.115 Sent: b'h\xb0F\xe1Q\x87\xe7\x13\x00\x00-wP\x10\x16\xb0\x00\x00\x00\x00'
1.118 Failed to receive packet
1.615 Sent: b'h\xb0F\xe1Q\x87\xe7\x13\x00\x00-wP\x10\x16\xb0\x00\x00\x00\x00'
1.618 Received: b'F\xe1h\xb0\x00\x00-wQ\x87\xe7\x13P\x00\x16\xb0\x00\x00\x00\x00 Duo ea augue fa'...
1.619 Disassembled: source: 18145, dest: 26800, seq: 11639, ack: 1367861011, window: 5808, data: " Duo ea augue fa"...
1.619 Data accepted; writing to file
1.619 Assembling: source: 26800, dest: 18145, seq: 1367861011, ack: 13091, window: 5808, ACK
1.620 Failed to send packet
2.120 Sent: b'h\xb0F\xe1Q\x87\xe7\x13\x00\x003#P\x10\x16\xb0\x00\x00\x00\x00'
2.123 Received: b'F\xe1h\xb0\x00\x003#Q\x87\xe7\x13P\x00\x16\xb0\x00\x00\x00\x00e adipiscing vit'...
2.123 Disassembled: source: 18145, dest: 26800, seq: 13091, ack: 1367861011, window: 5808, data: "e adipiscing vit"...
2.123 Data accepted; writing to file
2.124 Assembling: source: 26800, dest: 18145, seq: 1367861011, ack: 14543, window: 5808, ACK
2.124 Sent: b'h\xb0F\xe1Q\x87\xe7\x13\x00\x008\xcfP\x10\x16\xb0\x00\x00\x00\x00'
2.127 Received: b'F\xe1h\xb0\x00\x008\xcfQ\x87\xe7\x13P\x00\x16\xb0\x00\x00\x00\x00iber harum accus'...
2.127 Disassembled: source: 18145, dest: 26800, seq: 14543, ack: 1367861011, window: 5808, data: "iber harum accus"...
2.127 Data accepted; writing to file
2.128 Assembling: source: 26800, dest: 18145, seq: 1367861011, ack: 15995, window: 5808, ACK
2.128 Sent: b'h\xb0F\xe1Q\x87\xe7\x13\x00\x00>{P\x10\x16\xb0\x00\x00\x00\x00'
2.131 Received: b'F\xe1h\xb0\x00\x00>{Q\x87\xe7\x13P\x00\x16\xb0\x00\x00\x00\x00sententiae ne se'...
2.131 Disassembled: source: 18145, dest: 26800, seq: 15995, ack: 1367861011, window: 5808, data: "sententiae ne se"...
2.132 Data accepted; writing to file
2.132 Assembling: source: 26800, dest: 18145, seq: 1367861011, ack: 17447, window: 5808, ACK
2.132 Sent: b"h\xb0F\xe1Q\x87\xe7\x13\x00\x00D'P\x10\x16\xb0\x00\x00\x00\x00"
2.134 Received: b"F\xe1h\xb0\x00\x00D'Q\x87\xe7\x13P\x00\x16\xb0\x00\x00\x00\x00uta debitis pert"...
2.134 Disassembled: source: 18145, dest: 26800, seq: 17447, ack: 1367861011, window: 5808, data: "uta debitis pert"...
2.134 Data accepted; writing to file
2.135 Assembling: source: 26800, dest: 18145, seq: 1367861011, ack: 18899, window: 5808, ACK
2.135 Failed to send packet
2.635 Sent: b'h\xb0F\xe1Q\x87\xe7\x13\x00\x00I\xd3P\x10\x16\xb0\x00\x00\x00\x00'
2.638 Failed to receive packet
3.136 Sent: b'h\xb0F\xe1Q\x87\xe7\x13\x00\x00I\xd3P\x10\x16\xb0\x00\x00\x00\x00'
3.139 Received: b'F\xe1h\xb0\x00\x00I\xd3Q\x87\xe7\x13P\x00\x16\xb0\x00\x00\x00\x00e. An falli prim'...
3.139 Disassembled: source: 18145, dest: 26800, seq: 18899, ack: 1367861011, window: 5808, data: "e. An falli prim"...
3.139 Data accepted; writing to file
3.140 Assembling: source: 26800, dest: 18145, seq: 1367861011, ack: 20351, window: 5808, ACK
3.140 Sent: b'h\xb0F\xe1Q\x87\xe7\x13\x00\x00O\x7fP\x10\x16\xb0\x00\x00\x00\x00'
3.143 Received: b'F\xe1h\xb0\x00\x00O\x7fQ\x87\xe7\x13P\x00\x16\xb0\x00\x00\x00\x00u eam, percipit '...
3.143 Disassembled: source: 18145, dest: 26800, seq: 20351, ack: 1367861011, window: 5808, data: "u eam, percipit "...
3.144 Data accepted; writing to file
3.144 Assembling: source: 26800, dest: 18145, seq: 1367861011, ack: 21803, window: 5808, ACK
3.144 Sent: b'h\xb0F\xe1Q\x87\xe7\x13\x00\x00U+P\x10\x16\xb0\x00\x00\x00\x00'
3.147 Received: b'F\xe1h\xb0\x00\x00U+Q\x87\xe7\x13P\x00\x16\xb0\x00\x00\x00\x00nani docendi pat'...
3.148 Disassembled: source: 18145, dest: 26800, seq: 21803, ack: 1367861011, window: 5808, data: "nani docendi pat"...
3.148 Data accepted; writing to file
3.148 Assembling: source: 26800, dest: 18145, seq: 1367861011, ack: 23255, window: 5808, ACK
3.149 Sent: b'h\xb0F\xe1Q\x87\xe7\x13\x00\x00Z\xd7P\x10\x16\xb0\x00\x00\x00\x00'
3.150 Received: b'F\xe1h\xb0\x00\x00Z\xd7Q\x87\xe7\x13P\x00\x16\xb0\x00\x00\x00\x00 decore possit r'...
3.151 Disassembled: source: 18145, dest: 26800, seq: 23255, ack: 1367861011, window: 5808, data: " decore possit r"...
3.151 Data accepted; writing to file
3.151 Assembling: source: 26800, dest: 18145, seq: 1367861011, ack: 24707, window: 5808, ACK
3.152 Sent: b'h\xb0F\xe1Q\x87\xe7\x13\x00\x00`\x83P\x10\x16\xb0\x00\x00\x00\x00'
3.153 Received: b'F\xe1h\xb0\x00\x00`\x83Q\x87\xe7\x13P\x00\x16\xb0\x00\x00\x00\x00 corpora consequ'...
3.154 Disassembled: source: 18145, dest: 26800, seq: 24707, ack: 1367861011, window: 5808, data: " corpora consequ"...
3.154 Data accepted; writing to file
3.154 Assembling: source: 26800, dest: 18145, seq: 1367861011, ack: 26159, window: 5808, ACK
3.155 Sent: b'h\xb0F\xe1Q\x87\xe7\x13\x00\x00f/P\x10\x16\xb0\x00\x00\x00\x00'
3.156 Received: b'F\xe1h\xb0\x00\x00f/Q\x87\xe7\x13P\x00\x16\xb0\x00\x00\x00\x00nctus conceptam '...
3.157 Disassembled: source: 18145, dest: 26800, seq: 26159, ack: 1367861011, window: 5808, data: "nctus conceptam "...
3.157 Data accepted; writing to file
3.157 Assembling: source: 26800, dest: 18145, seq: 1367861011, ack: 27611, window: 5808, ACK
3.158 Failed to send packet
3.658 Sent: b'h\xb0F\xe1Q\x87\xe7\x13\x00\x00k\xdbP\x10\x16\xb0\x00\x00\x00\x00'
3.661 Failed to receive packet
4.158 Sent: b'h\xb0F\xe1Q\x87\xe7\x13\x00\x00k\xdbP\x10\x16\xb0\x00\x00\x00\x00'
4.161 Received: b'F\xe1h\xb0\x00\x00k\xdbQ\x87\xe7\x13P\x00\x16\xb0\x00\x00\x00\x00terno te, ne quo'...
4.162 Disassembled: source: 18145, dest: 26800, seq: 27611, ack: 1367861011, window: 5808, data: "terno te, ne quo"...
4.162 Data accepted; writing to file
4.162 Assembling: source: 26800, dest: 18145, seq: 1367861011, ack: 29063, window: 5808, ACK
4.163 Sent: b'h\xb0F\xe1Q\x87\xe7\x13\x00\x00q\x87P\x10\x16\xb0\x00\x00\x00\x00'
4.165 Failed to receive packet
4.663 Sent: b'h\xb0F\xe1Q\x87\xe7\x13\x00\x00q\x87P\x10\x16\xb0\x00\x00\x00\x00'
4.666 Received: b'F\xe1h\xb0\x00\x00q\x87Q\x87\xe7\x13P\x00\x16\xb0\x00\x00\x00\x00orteat dissentiu'...
4.666 Disassembled: source: 18145, dest: 26800, seq: 29063, ack: 1367861011, window: 5808, data: "orteat dissentiu"...
4.667 Data accepted; writing to file
4.667 Assembling: source: 26800, dest: 18145, seq: 1367861011, ack: 30515, window: 5808, ACK
4.667 Sent: b'h\xb0F\xe1Q\x87\xe7\x13\x00\x00w3P\x10\x16\xb0\x00\x00\x00\x00'
4.670 Received: b'F\xe1h\xb0\x00\x00w3Q\x87\xe7\x13P\x00\x16\xb0\x00\x00\x00\x00tute molestie no'...
4.671 Disassembled: source: 18145, dest: 26800, seq: 30515, ack: 1367861011, window: 5808, data: "tute molestie no"...
4.671 Data accepted; writing to file
4.671 Assembling: source: 26800, dest: 18145, seq: 1367861011, ack: 31967, window: 5808, ACK
4.671 Sent: b'h\xb0F\xe1Q\x87\xe7\x13\x00\x00|\xdfP\x10\x16\xb0\x00\x00\x00\x00'
4.674 Received: b'F\xe1h\xb0\x00\x00|\xdfQ\x87\xe7\x13P\x00\x16\xb0\x00\x00\x00\x00oluisse.\n\nSed ex'...
4.675 Disassembled: source: 18145, dest: 26800, seq: 31967, ack: 1367861011, window: 5808, data: "oluisse.

Sed ex"...
4.675 Data accepted; writing to file
4.675 Assembling: source: 26800, dest: 18145, seq: 1367861011, ack: 33419, window: 5808, ACK
4.676 Sent: b'h\xb0F\xe1Q\x87\xe7\x13\x00\x00\x82\x8bP\x10\x16\xb0\x00\x00\x00\x00'
4.678 Received: b'F\xe1h\xb0\x00\x00\x82\x8bQ\x87\xe7\x13P\x00\x16\xb0\x00\x00\x00\x00 affert tollit l'...
4.679 Disassembled: source: 18145, dest: 26800, seq: 33419, ack: 1367861011, window: 5808, data: " affert tollit l"...
4.679 Data accepted; writing to file
4.679 Assembling: source: 26800, dest: 18145, seq: 1367861011, ack: 34871, window: 5808, ACK
4.679 Sent: b'h\xb0F\xe1Q\x87\xe7\x13\x00\x00\x887P\x10\x16\xb0\x00\x00\x00\x00'
4.681 Received: b'F\xe1h\xb0\x00\x00\x887Q\x87\xe7\x13P\x00\x16\xb0\x00\x00\x00\x00an. Ut per eirmo'...
4.682 Disassembled: source: 18145, dest: 26800, seq: 34871, ack: 1367861011, window: 5808, data: "an. Ut per eirmo"...
4.682 Data accepted; writing to file
4.682 Assembling: source: 26800, dest: 18145, seq: 1367861011, ack: 36323, window: 5808, ACK
4.682 Sent: b'h\xb0F\xe1Q\x87\xe7\x13\x00\x00\x8d\xe3P\x10\x16\xb0\x00\x00\x00\x00'
4.684 Received: b'F\xe1h\xb0\x00\x00\x8d\xe3Q\x87\xe7\x13P\x00\x16\xb0\x00\x00\x00\x00 inermis mnesarc'...
4.685 Disassembled: source: 18145, dest: 26800, seq: 36323, ack: 1367861011, window: 5808, data: " inermis mnesarc"...
4.685 Data accepted; writing to file
4.685 Assembling: source: 26800, dest: 18145, seq: 1367861011, ack: 37775, window: 5808, ACK
4.686 Sent: b'h\xb0F\xe1Q\x87\xe7\x13\x00\x00\x93\x8fP\x10\x16\xb0\x00\x00\x00\x00'
4.687 Received: b'F\xe1h\xb0\x00\x00\x93\x8fQ\x87\xe7\x13P\x00\x16\xb0\x00\x00\x00\x00ue iracundia, an'...
4.688 Disassembled: source: 18145, dest: 26800, seq: 37775, ack: 1367861011, window: 5808, data: "ue iracundia, an"...
4.688 Data accepted; writing to file
4.688 Assembling: source: 26800, dest: 18145, seq: 1367861011, ack: 39227, window: 5808, ACK
4.689 Sent: b'h\xb0F\xe1Q\x87\xe7\x13\x00\x00\x99;P\x10\x16\xb0\x00\x00\x00\x00'
4.690 Received: b'F\xe1h\xb0\x00\x00\x99;Q\x87\xe7\x13P\x00\x16\xb0\x00\x00\x00\x00ompta pro, vim e'...
4.691 Disassembled: source: 18145, dest: 26800, seq: 39227, ack: 1367861011, window: 5808, data: "ompta pro, vim e"...
4.691 Data accepted; writing to file
4.691 Assembling: source: 26800, dest: 18145, seq: 1367861011, ack: 40679, window: 5808, ACK
4.692 Sent: b'h\xb0F\xe1Q\x87\xe7\x13\x00\x00\x9e\xe7P\x10\x16\xb0\x00\x00\x00\x00'
4.694 Received: b'F\xe1h\xb0\x00\x00\x9e\xe7Q\x87\xe7\x13P\x00\x16\xb0\x00\x00\x00\x00te sit, ex epicu'...
4.694 Disassembled: source: 18145, dest: 26800, seq: 40679, ack: 1367861011, window: 5808, data: "te sit, ex epicu"...
4.694 Data accepted; writing to file
4.694 Assembling: source: 26800, dest: 18145, seq: 1367861011, ack: 42131, window: 5808, ACK
4.695 Sent: b'h\xb0F\xe1Q\x87\xe7\x13\x00\x00\xa4\x93P\x10\x16\xb0\x00\x00\x00\x00'
4.697 Received: b'F\xe1h\xb0\x00\x00\xa4\x93Q\x87\xe7\x13P\x00\x16\xb0\x00\x00\x00\x00llegebat, eu pro'...
4.697 Disassembled: source: 18145, dest: 26800, seq: 42131, ack: 1367861011, window: 5808, data: "llegebat, eu pro"...
4.697 Data accepted; writing to file
4.697 Assembling: source: 26800, dest: 18145, seq: 1367861011, ack: 43583, window: 5808, ACK
4.698 Sent: b'h\xb0F\xe1Q\x87\xe7\x13\x00\x00\xaa?P\x10\x16\xb0\x00\x00\x00\x00'
4.700 Received: b'F\xe1h\xb0\x00\x00\xaa?Q\x87\xe7\x13P\x00\x16\xb0\x00\x00\x00\x00s. Per no sale v'...
4.700 Disassembled: source: 18145, dest: 26800, seq: 43583, ack: 1367861011, window: 5808, data: "s. Per no sale v"...
4.700 Data accepted; writing to file
4.700 Assembling: source: 26800, dest: 18145, seq: 1367861011, ack: 45035, window: 5808, ACK
4.701 Sent: b'h\xb0F\xe1Q\x87\xe7\x13\x00\x00\xaf\xebP\x10\x16\xb0\x00\x00\x00\x00'
4.703 Received: b'F\xe1h\xb0\x00\x00\xaf\xebQ\x87\xe7\x13P\x00\x16\xb0\x00\x00\x00\x00pte ea mel. Mea '...
4.703 Disassembled: source: 18145, dest: 26800, seq: 45035, ack: 1367861011, window: 5808, data: "pte ea mel. Mea "...
4.703 Data accepted; writing to file
4.703 Assembling: source: 26800, dest: 18145, seq: 1367861011, ack: 46487, window: 5808, ACK
4.704 Sent: b'h\xb0F\xe1Q\x87\xe7\x13\x00\x00\xb5\x97P\x10\x16\xb0\x00\x00\x00\x00'
4.706 Received: b'F\xe1h\xb0\x00\x00\xb5\x97Q\x87\xe7\x13P\x00\x16\xb0\x00\x00\x00\x00acundia prodesse'...
4.706 Disassembled: source: 18145, dest: 26800, seq: 46487, ack: 1367861011, window: 5808, data: "acundia prodesse"...
4.707 Data accepted; writing to file
4.707 Assembling: source: 26800, dest: 18145, seq: 1367861011, ack: 47939, window: 5808, ACK
4.707 Sent: b'h\xb0F\xe1Q\x87\xe7\x13\x00\x00\xbbCP\x10\x16\xb0\x00\x00\x00\x00'
4.709 Received: b'F\xe1h\xb0\x00\x00\xbbCQ\x87\xe7\x13P\x00\x16\xb0\x00\x00\x00\x00 scribentur. Ex '...
4.710 Disassembled: source: 18145, dest: 26800, seq: 47939, ack: 1367861011, window: 5808, data: " scribentur. Ex "...
4.710 Data accepted; writing to file
4.710 Assembling: source: 26800, dest: 18145, seq: 1367861011, ack: 49391, window: 5808, ACK
4.710 Sent: b'h\xb0F\xe1Q\x87\xe7\x13\x00\x00\xc0\xefP\x10\x16\xb0\x00\x00\x00\x00'
4.712 Received: b'F\xe1h\xb0\x00\x00\xc0\xefQ\x87\xe7\x13P\x00\x16\xb0\x00\x00\x00\x00us malorum assen'...
4.713 Disassembled: source: 18145, dest: 26800, seq: 49391, ack: 1367861011, window: 5808, data: "us malorum assen"...
4.713 Data accepted; writing to file
4.713 Assembling: source: 26800, dest: 18145, seq: 1367861011, ack: 50843, window: 5808, ACK
4.714 Failed to send packet
5.214 Sent: b'h\xb0F\xe1Q\x87\xe7\x13\x00\x00\xc6\x9bP\x10\x16\xb0\x00\x00\x00\x00'
5.217 Received: b'F\xe1h\xb0\x00\x00\xc6\x9bQ\x87\xe7\x13P\x00\x16\xb0\x00\x00\x00\x00o ei, vel id anc'...
5.217 Disassembled: source: 18145, dest: 26800, seq: 50843, ack: 1367861011, window: 5808, data: "o ei, vel id anc"...
5.218 Data accepted; writing to file
5.218 Assembling: source: 26800, dest: 18145, seq: 1367861011, ack: 52295, window: 5808, ACK
5.218 Sent: b'h\xb0F\xe1Q\x87\xe7\x13\x00\x00\xccGP\x10\x16\xb0\x00\x00\x00\x00'
5.221 Received: b'F\xe1h\xb0\x00\x00\xccGQ\x87\xe7\x13P\x00\x16\xb0\x00\x00\x00\x00s accommodare, e'...
5.222 Disassembled: source: 18145, dest: 26800, seq: 52295, ack: 1367861011, window: 5808, data: "s accommodare, e"...
5.222 Data accepted; writing to file
5.222 Assembling: source: 26800, dest: 18145, seq: 1367861011, ack: 53747, window: 5808, ACK
5.223 Failed to send packet
5.723 Sent: b'h\xb0F\xe1Q\x87\xe7\x13\x00\x00\xd1\xf3P\x10\x16\xb0\x00\x00\x00\x00'
5.726 Received: b'F\xe1h\xb0\x00\x00\xd1\xf3Q\x87\xe7\x13P\x00\x16\xb0\x00\x00\x00\x00In sed quot sape'...
5.726 Disassembled: source: 18145, dest: 26800, seq: 53747, ack: 1367861011, window: 5808, data: "In sed quot sape"...
5.727 Data accepted; writing to file
5.727 Assembling: source: 26800, dest: 18145, seq: 1367861011, ack: 55199, window: 5808, ACK
5.727 Sent: b'h\xb0F\xe1Q\x87\xe7\x13\x00\x00\xd7\x9fP\x10\x16\xb0\x00\x00\x00\x00'
5.730 Received: b'F\xe1h\xb0\x00\x00\xd7\x9fQ\x87\xe7\x13P\x00\x16\xb0\x00\x00\x00\x00nes mel, quo cas'...
5.731 Disassembled: source: 18145, dest: 26800, seq: 55199, ack: 1367861011, window: 5808, data: "nes mel, quo cas"...
5.731 Data accepted; writing to file
5.731 Assembling: source: 26800, dest: 18145, seq: 1367861011, ack: 56651, window: 5808, ACK
5.731 Failed to send packet
6.232 Sent: b'h\xb0F\xe1Q\x87\xe7\x13\x00\x00\xddKP\x10\x16\xb0\x00\x00\x00\x00'
6.235 Received: b'F\xe1h\xb0\x00\x00\xddKQ\x87\xe7\x13P\x00\x16\xb0\x00\x00\x00\x00corpora adipisci'...
6.235 Disassembled: source: 18145, dest: 26800, seq: 56651, ack: 1367861011, window: 5808, data: "corpora adipisci"...
6.235 Data accepted; writing to file
6.236 Assembling: source: 26800, dest: 18145, seq: 1367861011, ack: 58103, window: 5808, ACK
6.236 Sent: b'h\xb0F\xe1Q\x87\xe7\x13\x00\x00\xe2\xf7P\x10\x16\xb0\x00\x00\x00\x00'
6.239 Received: b'F\xe1h\xb0\x00\x00\xe2\xf7Q\x87\xe7\x13P\x00\x16\xb0\x00\x00\x00\x00o homero copiosa'...
6.239 Disassembled: source: 18145, dest: 26800, seq: 58103, ack: 1367861011, window: 5808, data: "o homero copiosa"...
6.240 Data accepted; writing to file
6.240 Assembling: source: 26800, dest: 18145, seq: 1367861011, ack: 59555, window: 5808, ACK
6.240 Sent: b'h\xb0F\xe1Q\x87\xe7\x13\x00\x00\xe8\xa3P\x10\x16\xb0\x00\x00\x00\x00'
6.243 Received: b'F\xe1h\xb0\x00\x00\xe8\xa3Q\x87\xe7\x13P\x00\x16\xb0\x00\x00\x00\x00ctram. Pri ne an'...
6.244 Disassembled: source: 18145, dest: 26800, seq: 59555, ack: 1367861011, window: 5808, data: "ctram. Pri ne an"...
6.244 Data accepted; writing to file
6.244 Assembling: source: 26800, dest: 18145, seq: 1367861011, ack: 61007, window: 5808, ACK
6.244 Sent: b'h\xb0F\xe1Q\x87\xe7\x13\x00\x00\xeeOP\x10\x16\xb0\x00\x00\x00\x00'
6.246 Received: b'F\xe1h\xb0\x00\x00\xeeOQ\x87\xe7\x13P\x00\x16\xb0\x00\x00\x00\x00o no. Elitr poss'...
6.247 Disassembled: source: 18145, dest: 26800, seq: 61007, ack: 1367861011, window: 5808, data: "o no. Elitr poss"...
6.247 Data accepted; writing to file
6.247 Assembling: source: 26800, dest: 18145, seq: 1367861011, ack: 62459, window: 5808, ACK
6.248 Sent: b'h\xb0F\xe1Q\x87\xe7\x13\x00\x00\xf3\xfbP\x10\x16\xb0\x00\x00\x00\x00'
6.249 Received: b'F\xe1h\xb0\x00\x00\xf3\xfbQ\x87\xe7\x13P\x00\x16\xb0\x00\x00\x00\x00ris, sea ex utin'...
6.250 Disassembled: source: 18145, dest: 26800, seq: 62459, ack: 1367861011, window: 5808, data: "ris, sea ex utin"...
6.250 Data accepted; writing to file
6.250 Assembling: source: 26800, dest: 18145, seq: 1367861011, ack: 63911, window: 5808, ACK
6.251 Sent: b'h\xb0F\xe1Q\x87\xe7\x13\x00\x00\xf9\xa7P\x10\x16\xb0\x00\x00\x00\x00'
6.252 Received: b'F\xe1h\xb0\x00\x00\xf9\xa7Q\x87\xe7\x13P\x00\x16\xb0\x00\x00\x00\x00inimicus in his.'...
6.253 Disassembled: source: 18145, dest: 26800, seq: 63911, ack: 1367861011, window: 5808, data: "inimicus in his."...
6.253 Data accepted; writing to file
6.253 Assembling: source: 26800, dest: 18145, seq: 1367861011, ack: 65363, window: 5808, ACK
6.254 Sent: b'h\xb0F\xe1Q\x87\xe7\x13\x00\x00\xffSP\x10\x16\xb0\x00\x00\x00\x00'
6.255 Received: b'F\xe1h\xb0\x00\x00\xffSQ\x87\xe7\x13P\x00\x16\xb0\x00\x00\x00\x00iis et.\n\nIus cu '...
6.256 Disassembled: source: 18145, dest: 26800, seq: 65363, ack: 1367861011, window: 5808, data: "iis et.

Ius cu "...
6.256 Data accepted; writing to file
6.256 Assembling: source: 26800, dest: 18145, seq: 1367861011, ack: 66815, window: 5808, ACK
6.257 Sent: b'h\xb0F\xe1Q\x87\xe7\x13\x00\x01\x04\xffP\x10\x16\xb0\x00\x00\x00\x00'
6.259 Received: b'F\xe1h\xb0\x00\x01\x04\xffQ\x87\xe7\x13P\x00\x16\xb0\x00\x00\x00\x00teresset.\n\nTe ni'...
6.259 Disassembled: source: 18145, dest: 26800, seq: 66815, ack: 1367861011, window: 5808, data: "teresset.

Te ni"...
6.259 Data accepted; writing to file
6.259 Assembling: source: 26800, dest: 18145, seq: 1367861011, ack: 68267, window: 5808, ACK
6.260 Sent: b'h\xb0F\xe1Q\x87\xe7\x13\x00\x01\n\xabP\x10\x16\xb0\x00\x00\x00\x00'
6.262 Received: b'F\xe1h\xb0\x00\x01\n\xabQ\x87\xe7\x13P\x00\x16\xb0\x00\x00\x00\x00 volutpat corrum'...
6.262 Disassembled: source: 18145, dest: 26800, seq: 68267, ack: 1367861011, window: 5808, data: " volutpat corrum"...
6.262 Data accepted; writing to file
6.262 Assembling: source: 26800, dest: 18145, seq: 1367861011, ack: 69719, window: 5808, ACK
6.263 Sent: b'h\xb0F\xe1Q\x87\xe7\x13\x00\x01\x10WP\x10\x16\xb0\x00\x00\x00\x00'
6.265 Received: b'F\xe1h\xb0\x00\x01\x10WQ\x87\xe7\x13P\x00\x16\xb0\x00\x00\x00\x00dem definiebas, '...
6.265 Disassembled: source: 18145, dest: 26800, seq: 69719, ack: 1367861011, window: 5808, data: "dem definiebas, "...
6.266 Data accepted; writing to file
6.266 Assembling: source: 26800, dest: 18145, seq: 1367861011, ack: 71171, window: 5808, ACK
6.266 Sent: b'h\xb0F\xe1Q\x87\xe7\x13\x00\x01\x16\x03P\x10\x16\xb0\x00\x00\x00\x00'
6.268 Received: b'F\xe1h\xb0\x00\x01\x16\x03Q\x87\xe7\x13P\x00\x16\xb0\x00\x00\x00\x00tibus eam, has c'...
6.268 Disassembled: source: 18145, dest: 26800, seq: 71171, ack: 1367861011, window: 5808, data: "tibus eam, has c"...
6.269 Data accepted; writing to file
6.269 Assembling: source: 26800, dest: 18145, seq: 1367861011, ack: 72623, window: 5808, ACK
6.269 Failed to send packet
6.770 Sent: b'h\xb0F\xe1Q\x87\xe7\x13\x00\x01\x1b\xafP\x10\x16\xb0\x00\x00\x00\x00'
6.772 Received: b'F\xe1h\xb0\x00\x01\x1b\xafQ\x87\xe7\x13P\x00\x16\xb0\x00\x00\x00\x00em qui no. Ad ea'...
6.773 Disassembled: source: 18145, dest: 26800, seq: 72623, ack: 1367861011, window: 5808, data: "em qui no. Ad ea"...
6.773 Data accepted; writing to file
6.773 Assembling: source: 26800, dest: 18145, seq: 1367861011, ack: 74075, window: 5808, ACK
6.774 Failed to send packet
7.274 Sent: b'h\xb0F\xe1Q\x87\xe7\x13\x00\x01![P\x10\x16\xb0\x00\x00\x00\x00'
7.277 Received: b'F\xe1h\xb0\x00\x01![Q\x87\xe7\x13P\x00\x16\xb0\x00\x00\x00\x00 nusquam, utamur'...
7.278 Disassembled: source: 18145, dest: 26800, seq: 74075, ack: 1367861011, window: 5808, data: " nusquam, utamur"...
7.278 Data accepted; writing to file
7.278 Assembling: source: 26800, dest: 18145, seq: 1367861011, ack: 75527, window: 5808, ACK
7.278 Sent: b"h\xb0F\xe1Q\x87\xe7\x13\x00\x01'\x07P\x10\x16\xb0\x00\x00\x00\x00"
7.281 Received: b"F\xe1h\xb0\x00\x01'\x07Q\x87\xe7\x13P\x00\x16\xb0\x00\x00\x00\x00cibo magna glori"...
7.282 Disassembled: source: 18145, dest: 26800, seq: 75527, ack: 1367861011, window: 5808, data: "cibo magna glori"...
7.282 Data accepted; writing to file
7.282 Assembling: source: 26800, dest: 18145, seq: 1367861011, ack: 76979, window: 5808, ACK
7.282 Failed to send packet
7.783 Failed to send packet
8.283 Sent: b'h\xb0F\xe1Q\x87\xe7\x13\x00\x01,\xb3P\x10\x16\xb0\x00\x00\x00\x00'
8.286 Received: b'F\xe1h\xb0\x00\x01,\xb3Q\x87\xe7\x13P\x00\x16\xb0\x00\x00\x00\x00 te duo, eam cu '...
8.287 Disassembled: source: 18145, dest: 26800, seq: 76979, ack: 1367861011, window: 5808, data: " te duo, eam cu "...
8.287 Data accepted; writing to file
8.287 Assembling: source: 26800, dest: 18145, seq: 1367861011, ack: 78431, window: 5808, ACK
8.287 Sent: b'h\xb0F\xe1Q\x87\xe7\x13\x00\x012_P\x10\x16\xb0\x00\x00\x00\x00'
8.290 Received: b'F\xe1h\xb0\x00\x012_Q\x87\xe7\x13P\x00\x16\xb0\x00\x00\x00\x00 denique volupta'...
8.291 Disassembled: source: 18145, dest: 26800, seq: 78431, ack: 1367861011, window: 5808, data: " denique volupta"...
8.291 Data accepted; writing to file
8.291 Assembling: source: 26800, dest: 18145, seq: 1367861011, ack: 79883, window: 5808, ACK
8.292 Failed to send packet
8.792 Sent: b'h\xb0F\xe1Q\x87\xe7\x13\x00\x018\x0bP\x10\x16\xb0\x00\x00\x00\x00'
8.795 Received: b'F\xe1h\xb0\x00\x018\x0bQ\x87\xe7\x13P\x00\x16\xb0\x00\x00\x00\x00at ius alii indo'...
8.796 Disassembled: source: 18145, dest: 26800, seq: 79883, ack: 1367861011, window: 5808, data: "at ius alii indo"...
8.796 Data accepted; writing to file
8.796 Assembling: source: 26800, dest: 18145, seq: 1367861011, ack: 81335, window: 5808, ACK
8.796 Sent: b'h\xb0F\xe1Q\x87\xe7\x13\x00\x01=\xb7P\x10\x16\xb0\x00\x00\x00\x00'
8.799 Received: b'F\xe1h\xb0\x00\x01=\xb7Q\x87\xe7\x13P\x00\x16\xb0\x00\x00\x00\x00issim, his facet'...
8.800 Disassembled: source: 18145, dest: 26800, seq: 81335, ack: 1367861011, window: 5808, data: "issim, his facet"...
8.800 Data accepted; writing to file
8.800 Assembling: source: 26800, dest: 18145, seq: 1367861011, ack: 82787, window: 5808, ACK
8.801 Sent: b'h\xb0F\xe1Q\x87\xe7\x13\x00\x01CcP\x10\x16\xb0\x00\x00\x00\x00'
8.803 Failed to receive packet
9.301 Sent: b'h\xb0F\xe1Q\x87\xe7\x13\x00\x01CcP\x10\x16\xb0\x00\x00\x00\x00'
9.304 Received: b'F\xe1h\xb0\x00\x01CcQ\x87\xe7\x13P\x00\x16\xb0\x00\x00\x00\x00 alia dolor comp'...
9.304 Disassembled: source: 18145, dest: 26800, seq: 82787, ack: 1367861011, window: 5808, data: " alia dolor comp"...
9.305 Data accepted; writing to file
9.305 Assembling: source: 26800, dest: 18145, seq: 1367861011, ack: 84239, window: 5808, ACK
9.305 Sent: b'h\xb0F\xe1Q\x87\xe7\x13\x00\x01I\x0fP\x10\x16\xb0\x00\x00\x00\x00'
9.308 Received: b'F\xe1h\xb0\x00\x01I\x0fQ\x87\xe7\x13P\x00\x16\xb0\x00\x00\x00\x00, reque tempor e'...
9.308 Disassembled: source: 18145, dest: 26800, seq: 84239, ack: 1367861011, window: 5808, data: ", reque tempor e"...
9.309 Data accepted; writing to file
9.309 Assembling: source: 26800, dest: 18145, seq: 1367861011, ack: 85691, window: 5808, ACK
9.309 Sent: b'h\xb0F\xe1Q\x87\xe7\x13\x00\x01N\xbbP\x10\x16\xb0\x00\x00\x00\x00'
9.312 Received: b'F\xe1h\xb0\x00\x01N\xbbQ\x87\xe7\x13P\x00\x16\xb0\x00\x00\x00\x00\nEquidem vivendo'...
9.313 Disassembled: source: 18145, dest: 26800, seq: 85691, ack: 1367861011, window: 5808, data: "
Equidem vivendo"...
9.313 Data accepted; writing to file
9.313 Assembling: source: 26800, dest: 18145, seq: 1367861011, ack: 87143, window: 5808, ACK
9.314 Sent: b'h\xb0F\xe1Q\x87\xe7\x13\x00\x01TgP\x10\x16\xb0\x00\x00\x00\x00'
9.316 Received: b'F\xe1h\xb0\x00\x01TgQ\x87\xe7\x13P\x00\x16\xb0\x00\x00\x00\x00ffert petentium '...
9.317 Disassembled: source: 18145, dest: 26800, seq: 87143, ack: 1367861011, window: 5808, data: "ffert petentium "...
9.317 Data accepted; writing to file
9.317 Assembling: source: 26800, dest: 18145, seq: 1367861011, ack: 88595, window: 5808, ACK
9.318 Sent: b'h\xb0F\xe1Q\x87\xe7\x13\x00\x01Z\x13P\x10\x16\xb0\x00\x00\x00\x00'
9.320 Received: b'F\xe1h\xb0\x00\x01Z\x13Q\x87\xe7\x13P\x00\x16\xb0\x00\x00\x00\x00uripidis. Te ips'...
9.320 Disassembled: source: 18145, dest: 26800, seq: 88595, ack: 1367861011, window: 5808, data: "uripidis. Te ips"...
9.320 Data accepted; writing to file
9.321 Assembling: source: 26800, dest: 18145, seq: 1367861011, ack: 90047, window: 5808, ACK
9.321 Sent: b'h\xb0F\xe1Q\x87\xe7\x13\x00\x01_\xbfP\x10\x16\xb0\x00\x00\x00\x00'
9.323 Received: b'F\xe1h\xb0\x00\x01_\xbfQ\x87\xe7\x13P\x00\x16\xb0\x00\x00\x00\x00e, pro ei dicunt'...
9.323 Disassembled: source: 18145, dest: 26800, seq: 90047, ack: 1367861011, window: 5808, data: "e, pro ei dicunt"...
9.323 Data accepted; writing to file
9.324 Assembling: source: 26800, dest: 18145, seq: 1367861011, ack: 91499, window: 5808, ACK
9.324 Sent: b'h\xb0F\xe1Q\x87\xe7\x13\x00\x01ekP\x10\x16\xb0\x00\x00\x00\x00'
9.326 Received: b'F\xe1h\xb0\x00\x01ekQ\x87\xe7\x13P\x00\x16\xb0\x00\x00\x00\x00iandae cu. Vel p'...
9.326 Disassembled: source: 18145, dest: 26800, seq: 91499, ack: 1367861011, window: 5808, data: "iandae cu. Vel p"...
9.326 Data accepted; writing to file
9.326 Assembling: source: 26800, dest: 18145, seq: 1367861011, ack: 92951, window: 5808, ACK
9.327 Sent: b'h\xb0F\xe1Q\x87\xe7\x13\x00\x01k\x17P\x10\x16\xb0\x00\x00\x00\x00'
9.328 Received: b'F\xe1h\xb0\x00\x01k\x17Q\x87\xe7\x13P\x00\x16\xb0\x00\x00\x00\x00 et case diceret'...
9.329 Disassembled: source: 18145, dest: 26800, seq: 92951, ack: 1367861011, window: 5808, data: " et case diceret"...
9.329 Data accepted; writing to file
9.329 Assembling: source: 26800, dest: 18145, seq: 1367861011, ack: 94403, window: 5808, ACK
9.330 Sent: b'h\xb0F\xe1Q\x87\xe7\x13\x00\x01p\xc3P\x10\x16\xb0\x00\x00\x00\x00'
9.332 Received: b'F\xe1h\xb0\x00\x01p\xc3Q\x87\xe7\x13P\x00\x16\xb0\x00\x00\x00\x00et epicuri aliqu'...
9.332 Disassembled: source: 18145, dest: 26800, seq: 94403, ack: 1367861011, window: 5808, data: "et epicuri aliqu"...
9.332 Data accepted; writing to file
9.332 Assembling: source: 26800, dest: 18145, seq: 1367861011, ack: 95855, window: 5808, ACK
9.333 Sent: b'h\xb0F\xe1Q\x87\xe7\x13\x00\x01voP\x10\x16\xb0\x00\x00\x00\x00'
9.335 Received: b'F\xe1h\xb0\x00\x01voQ\x87\xe7\x13P\x00\x16\xb0\x00\x00\x00\x00o mollis nostrud'...
9.335 Disassembled: source: 18145, dest: 26800, seq: 95855, ack: 1367861011, window: 5808, data: "o mollis nostrud"...
9.335 Data accepted; writing to file
9.336 Assembling: source: 26800, dest: 18145, seq: 1367861011, ack: 97307, window: 5808, ACK
9.336 Failed to send packet
9.836 Sent: b'h\xb0F\xe1Q\x87\xe7\x13\x00\x01|\x1bP\x10\x16\xb0\x00\x00\x00\x00'
9.839 Received: b'F\xe1h\xb0\x00\x01|\x1bQ\x87\xe7\x13P\x00\x16\xb0\x00\x00\x00\x00ue te.Lorem ipsu'...
9.840 Disassembled: source: 18145, dest: 26800, seq: 97307, ack: 1367861011, window: 5808, data: "ue te.Lorem ipsu"...
9.840 Data accepted; writing to file
9.840 Assembling: source: 26800, dest: 18145, seq: 1367861011, ack: 98759, window: 5808, ACK
9.841 Sent: b'h\xb0F\xe1Q\x87\xe7\x13\x00\x01\x81\xc7P\x10\x16\xb0\x00\x00\x00\x00'
9.844 Received: b'F\xe1h\xb0\x00\x01\x81\xc7Q\x87\xe7\x13P\x00\x16\xb0\x00\x00\x00\x00comprehensam nam'...
9.844 Disassembled: source: 18145, dest: 26800, seq: 98759, ack: 1367861011, window: 5808, data: "comprehensam nam"...
9.844 Data accepted; writing to file
9.844 Assembling: source: 26800, dest: 18145, seq: 1367861011, ack: 100211, window: 5808, ACK
9.845 Sent: b'h\xb0F\xe1Q\x87\xe7\x13\x00\x01\x87sP\x10\x16\xb0\x00\x00\x00\x00'
9.848 Received: b'F\xe1h\xb0\x00\x01\x87sQ\x87\xe7\x13P\x00\x16\xb0\x00\x00\x00\x00isi repudiare se'...
9.848 Disassembled: source: 18145, dest: 26800, seq: 100211, ack: 1367861011, window: 5808, data: "isi repudiare se"...
9.848 Data accepted; writing to file
9.849 Assembling: source: 26800, dest: 18145, seq: 1367861011, ack: 101663, window: 5808, ACK
9.849 Sent: b'h\xb0F\xe1Q\x87\xe7\x13\x00\x01\x8d\x1fP\x10\x16\xb0\x00\x00\x00\x00'
9.851 Received: b'F\xe1h\xb0\x00\x01\x8d\x1fQ\x87\xe7\x13P\x00\x16\xb0\x00\x00\x00\x00t essent scripta'...
9.851 Disassembled: source: 18145, dest: 26800, seq: 101663, ack: 1367861011, window: 5808, data: "t essent scripta"...
9.852 Data accepted; writing to file
9.852 Assembling: source: 26800, dest: 18145, seq: 1367861011, ack: 103115, window: 5808, ACK
9.852 Sent: b'h\xb0F\xe1Q\x87\xe7\x13\x00\x01\x92\xcbP\x10\x16\xb0\x00\x00\x00\x00'
9.854 Received: b'F\xe1h\xb0\x00\x01\x92\xcbQ\x87\xe7\x13P\x00\x16\xb0\x00\x00\x00\x00ctatos sadipscin'...
9.854 Disassembled: source: 18145, dest: 26800, seq: 103115, ack: 1367861011, window: 5808, data: "ctatos sadipscin"...
9.855 Data accepted; writing to file
9.855 Assembling: source: 26800, dest: 18145, seq: 1367861011, ack: 104567, window: 5808, ACK
9.855 Sent: b'h\xb0F\xe1Q\x87\xe7\x13\x00\x01\x98wP\x10\x16\xb0\x00\x00\x00\x00'
9.857 Failed to receive packet
10.356 Sent: b'h\xb0F\xe1Q\x87\xe7\x13\x00\x01\x98wP\x10\x16\xb0\x00\x00\x00\x00'
10.358 Received: b'F\xe1h\xb0\x00\x01\x98wQ\x87\xe7\x13P\x00\x16\xb0\x00\x00\x00\x00apientem ea, ad '...
10.359 Disassembled: source: 18145, dest: 26800, seq: 104567, ack: 1367861011, window: 5808, data: "apientem ea, ad "...
10.359 Data accepted; writing to file
10.359 Assembling: source: 26800, dest: 18145, seq: 1367861011, ack: 106019, window: 5808, ACK
10.360 Sent: b'h\xb0F\xe1Q\x87\xe7\x13\x00\x01\x9e#P\x10\x16\xb0\x00\x00\x00\x00'
10.363 Received: b'F\xe1h\xb0\x00\x01\x9e#Q\x87\xe7\x13P\x00\x16\xb0\x00\x00\x00\x00 invenire partie'...
10.363 Disassembled: source: 18145, dest: 26800, seq: 106019, ack: 1367861011, window: 5808, data: " invenire partie"...
10.363 Data accepted; writing to file
10.363 Assembling: source: 26800, dest: 18145, seq: 1367861011, ack: 107471, window: 5808, ACK
10.364 Sent: b'h\xb0F\xe1Q\x87\xe7\x13\x00\x01\xa3\xcfP\x10\x16\xb0\x00\x00\x00\x00'
10.367 Received: b'F\xe1h\xb0\x00\x01\xa3\xcfQ\x87\xe7\x13P\x00\x16\xb0\x00\x00\x00\x00Qui id facer fac'...
10.367 Disassembled: source: 18145, dest: 26800, seq: 107471, ack: 1367861011, window: 5808, data: "Qui id facer fac"...
10.368 Data accepted; writing to file
10.368 Assembling: source: 26800, dest: 18145, seq: 1367861011, ack: 108923, window: 5808, ACK
10.368 Sent: b'h\xb0F\xe1Q\x87\xe7\x13\x00\x01\xa9{P\x10\x16\xb0\x00\x00\x00\x00'
10.370 Received: b'F\xe1h\xb0\x00\x01\xa9{Q\x87\xe7\x13P\x00\x16\xb0\x00\x00\x00\x00t pro. Duo ea au'...
10.370 Disassembled: source: 18145, dest: 26800, seq: 108923, ack: 1367861011, window: 5808, data: "t pro. Duo ea au"...
10.370 Data accepted; writing to file
10.371 Assembling: source: 26800, dest: 18145, seq: 1367861011, ack: 110375, window: 5808, ACK
10.371 Sent: b"h\xb0F\xe1Q\x87\xe7\x13\x00\x01\xaf'P\x10\x16\xb0\x00\x00\x00\x00"
10.373 Received: b"F\xe1h\xb0\x00\x01\xaf'Q\x87\xe7\x13P\x00\x16\xb0\x00\x00\x00\x00trioque adipisci"...
10.373 Disassembled: source: 18145, dest: 26800, seq: 110375, ack: 1367861011, window: 5808, data: "trioque adipisci"...
10.373 Data accepted; writing to file
10.374 Assembling: source: 26800, dest: 18145, seq: 1367861011, ack: 111827, window: 5808, ACK
10.374 Sent: b'h\xb0F\xe1Q\x87\xe7\x13\x00\x01\xb4\xd3P\x10\x16\xb0\x00\x00\x00\x00'
10.376 Received: b'F\xe1h\xb0\x00\x01\xb4\xd3Q\x87\xe7\x13P\x00\x16\xb0\x00\x00\x00\x00nec. Liber harum'...
10.376 Disassembled: source: 18145, dest: 26800, seq: 111827, ack: 1367861011, window: 5808, data: "nec. Liber harum"...
10.376 Data accepted; writing to file
10.377 Assembling: source: 26800, dest: 18145, seq: 1367861011, ack: 113279, window: 5808, ACK
10.377 Sent: b'h\xb0F\xe1Q\x87\xe7\x13\x00\x01\xba\x7fP\x10\x16\xb0\x00\x00\x00\x00'
10.379 Received: b'F\xe1h\xb0\x00\x01\xba\x7fQ\x87\xe7\x13P\x00\x16\xb0\x00\x00\x00\x00isset sententiae'...
10.379 Disassembled: source: 18145, dest: 26800, seq: 113279, ack: 1367861011, window: 5808, data: "isset sententiae"...
10.380 Data accepted; writing to file
10.380 Assembling: source: 26800, dest: 18145, seq: 1367861011, ack: 114731, window: 5808, ACK
10.380 Sent: b'h\xb0F\xe1Q\x87\xe7\x13\x00\x01\xc0+P\x10\x16\xb0\x00\x00\x00\x00'
10.382 Received: b'F\xe1h\xb0\x00\x01\xc0+Q\x87\xe7\x13P\x00\x16\xb0\x00\x00\x00\x00at soluta debiti'...
10.382 Disassembled: source: 18145, dest: 26800, seq: 114731, ack: 1367861011, window: 5808, data: "at soluta debiti"...
10.383 Data accepted; writing to file
10.383 Assembling: source: 26800, dest: 18145, seq: 1367861011, ack: 116183, window: 5808, ACK
10.383 Sent: b'h\xb0F\xe1Q\x87\xe7\x13\x00\x01\xc5\xd7P\x10\x16\xb0\x00\x00\x00\x00'
10.385 Received: b'F\xe1h\xb0\x00\x01\xc5\xd7Q\x87\xe7\x13P\x00\x16\xb0\x00\x00\x00\x00 est ne. An fall'...
10.386 Disassembled: source: 18145, dest: 26800, seq: 116183, ack: 1367861011, window: 5808, data: " est ne. An fall"...
10.386 Data accepted; writing to file
10.386 Assembling: source: 26800, dest: 18145, seq: 1367861011, ack: 117635, window: 5808, ACK
10.386 Sent: b'h\xb0F\xe1Q\x87\xe7\x13\x00\x01\xcb\x83P\x10\x16\xb0\x00\x00\x00\x00'
10.388 Received: b'F\xe1h\xb0\x00\x01\xcb\x83Q\x87\xe7\x13P\x00\x16\xb0\x00\x00\x00\x00idis eu eam, per'...
10.389 Disassembled: source: 18145, dest: 26800, seq: 117635, ack: 1367861011, window: 5808, data: "idis eu eam, per"...
10.389 Data accepted; writing to file
10.389 Assembling: source: 26800, dest: 18145, seq: 1367861011, ack: 119087, window: 5808, ACK
10.390 Sent: b'h\xb0F\xe1Q\x87\xe7\x13\x00\x01\xd1/P\x10\x16\xb0\x00\x00\x00\x00'
10.392 Received: b'F\xe1h\xb0\x00\x01\xd1/Q\x87\xe7\x13P\x00\x16\xb0\x00\x00\x00\x00, ei inani docen'...
10.392 Disassembled: source: 18145, dest: 26800, seq: 119087, ack: 1367861011, window: 5808, data: ", ei inani docen"...
10.392 Data accepted; writing to file
10.392 Assembling: source: 26800, dest: 18145, seq: 1367861011, ack: 120539, window: 5808, ACK
10.393 Sent: b'h\xb0F\xe1Q\x87\xe7\x13\x00\x01\xd6\xdbP\x10\x16\xb0\x00\x00\x00\x00'
10.394 Received: b'F\xe1h\xb0\x00\x01\xd6\xdbQ\x87\xe7\x13P\x00\x16\xb0\x00\x00\x00\x00e, vis decore po'...
10.395 Disassembled: source: 18145, dest: 26800, seq: 120539, ack: 1367861011, window: 5808, data: "e, vis decore po"...
10.395 Data accepted; writing to file
10.395 Assembling: source: 26800, dest: 18145, seq: 1367861011, ack: 121991, window: 5808, ACK
10.396 Failed to send packet
10.896 Sent: b'h\xb0F\xe1Q\x87\xe7\x13\x00\x01\xdc\x87P\x10\x16\xb0\x00\x00\x00\x00'
10.899 Failed to receive packet
11.397 Sent: b'h\xb0F\xe1Q\x87\xe7\x13\x00\x01\xdc\x87P\x10\x16\xb0\x00\x00\x00\x00'
11.399 Received: b'F\xe1h\xb0\x00\x01\xdc\x87Q\x87\xe7\x13P\x00\x16\xb0\x00\x00\x00\x00m odio corpora c'...
11.400 Disassembled: source: 18145, dest: 26800, seq: 121991, ack: 1367861011, window: 5808, data: "m odio corpora c"...
11.400 Data accepted; writing to file
11.400 Assembling: source: 26800, dest: 18145, seq: 1367861011, ack: 123443, window: 5808, ACK
11.401 Sent: b'h\xb0F\xe1Q\x87\xe7\x13\x00\x01\xe23P\x10\x16\xb0\x00\x00\x00\x00'
11.403 Received: b'F\xe1h\xb0\x00\x01\xe23Q\x87\xe7\x13P\x00\x16\xb0\x00\x00\x00\x00Usu sanctus conc'...
11.404 Disassembled: source: 18145, dest: 26800, seq: 123443, ack: 1367861011, window: 5808, data: "Usu sanctus conc"...
11.404 Data accepted; writing to file
11.404 Assembling: source: 26800, dest: 18145, seq: 1367861011, ack: 124895, window: 5808, ACK
11.405 Sent: b'h\xb0F\xe1Q\x87\xe7\x13\x00\x01\xe7\xdfP\x10\x16\xb0\x00\x00\x00\x00'
11.408 Received: b'F\xe1h\xb0\x00\x01\xe7\xdfQ\x87\xe7\x13P\x00\x16\xb0\x00\x00\x00\x00eco aeterno te, '...
11.408 Disassembled: source: 18145, dest: 26800, seq: 124895, ack: 1367861011, window: 5808, data: "eco aeterno te, "...
11.408 Data accepted; writing to file
11.409 Assembling: source: 26800, dest: 18145, seq: 1367861011, ack: 126347, window: 5808, ACK
11.409 Sent: b'h\xb0F\xe1Q\x87\xe7\x13\x00\x01\xed\x8bP\x10\x16\xb0\x00\x00\x00\x00'
11.412 Failed to receive packet
11.909 Failed to send packet
12.410 Sent: b'h\xb0F\xe1Q\x87\xe7\x13\x00\x01\xed\x8bP\x10\x16\xb0\x00\x00\x00\x00'
12.413 Received: b'F\xe1h\xb0\x00\x01\xed\x8bQ\x87\xe7\x13P\x00\x16\xb0\x00\x00\x00\x00mis oporteat dis'...
12.413 Disassembled: source: 18145, dest: 26800, seq: 126347, ack: 1367861011, window: 5808, data: "mis oporteat dis"...
12.413 Data accepted; writing to file
12.414 Assembling: source: 26800, dest: 18145, seq: 1367861011, ack: 127799, window: 5808, ACK
12.414 Sent: b'h\xb0F\xe1Q\x87\xe7\x13\x00\x01\xf37P\x10\x16\xb0\x00\x00\x00\x00'
12.417 Received: b'F\xe1h\xb0\x00\x01\xf37Q\x87\xe7\x13P\x00\x16\xb0\x00\x00\x00\x00as virtute moles'...
12.417 Disassembled: source: 18145, dest: 26800, seq: 127799, ack: 1367861011, window: 5808, data: "as virtute moles"...
12.418 Data accepted; writing to file
12.418 Assembling: source: 26800, dest: 18145, seq: 1367861011, ack: 129251, window: 5808, ACK
12.418 Sent: b'h\xb0F\xe1Q\x87\xe7\x13\x00\x01\xf8\xe3P\x10\x16\xb0\x00\x00\x00\x00'
12.421 Received: b'F\xe1h\xb0\x00\x01\xf8\xe3Q\x87\xe7\x13P\x00\x16\xb0\x00\x00\x00\x00llae noluisse.\n\n'...
12.422 Disassembled: source: 18145, dest: 26800, seq: 129251, ack: 1367861011, window: 5808, data: "llae noluisse.

"...
12.422 Data accepted; writing to file
12.422 Assembling: source: 26800, dest: 18145, seq: 1367861011, ack: 130703, window: 5808, ACK
12.422 Sent: b'h\xb0F\xe1Q\x87\xe7\x13\x00\x01\xfe\x8fP\x10\x16\xb0\x00\x00\x00\x00'
12.425 Received: b'F\xe1h\xb0\x00\x01\xfe\x8fQ\x87\xe7\x13P\x00\x16\xb0\x00\x00\x00\x00At duo affert to'...
12.426 Disassembled: source: 18145, dest: 26800, seq: 130703, ack: 1367861011, window: 5808, data: "At duo affert to"...
12.426 Data accepted; writing to file
12.426 Assembling: source: 26800, dest: 18145, seq: 1367861011, ack: 132155, window: 5808, ACK
12.427 Sent: b'h\xb0F\xe1Q\x87\xe7\x13\x00\x02\x04;P\x10\x16\xb0\x00\x00\x00\x00'
12.428 Received: b'F\xe1h\xb0\x00\x02\x04;Q\x87\xe7\x13P\x00\x16\xb0\x00\x00\x00\x00r eam an. Ut per'...
12.429 Disassembled: source: 18145, dest: 26800, seq: 132155, ack: 1367861011, window: 5808, data: "r eam an. Ut per"...
12.429 Data accepted; writing to file
12.429 Assembling: source: 26800, dest: 18145, seq: 1367861011, ack: 133607, window: 5808, ACK
12.430 Sent: b'h\xb0F\xe1Q\x87\xe7\x13\x00\x02\t\xe7P\x10\x16\xb0\x00\x00\x00\x00'
12.432 Failed to receive packet
12.930 Sent: b'h\xb0F\xe1Q\x87\xe7\x13\x00\x02\t\xe7P\x10\x16\xb0\x00\x00\x00\x00'
12.933 Received: b'F\xe1h\xb0\x00\x02\t\xe7Q\x87\xe7\x13P\x00\x16\xb0\x00\x00\x00\x00ea ex, inermis m'...
12.933 Disassembled: source: 18145, dest: 26800, seq: 133607, ack: 1367861011, window: 5808, data: "ea ex, inermis m"...
12.934 Data accepted; writing to file
12.934 Assembling: source: 26800, dest: 18145, seq: 1367861011, ack: 135059, window: 5808, ACK
12.934 Sent: b'h\xb0F\xe1Q\x87\xe7\x13\x00\x02\x0f\x93P\x10\x16\xb0\x00\x00\x00\x00'
12.937 Received: b'F\xe1h\xb0\x00\x02\x0f\x93Q\x87\xe7\x13P\x00\x16\xb0\x00\x00\x00\x00recteque iracund'...
12.938 Disassembled: source: 18145, dest: 26800, seq: 135059, ack: 1367861011, window: 5808, data: "recteque iracund"...
12.938 Data accepted; writing to file
12.938 Assembling: source: 26800, dest: 18145, seq: 1367861011, ack: 136229, window: 5808, ACK
12.939 Sent: b'h\xb0F\xe1Q\x87\xe7\x13\x00\x02\x14%P\x10\x16\xb0\x00\x00\x00\x00'
13.439 Sent: b'h\xb0F\xe1Q\x87\xe7\x13\x00\x02\x14%P\x10\x16\xb0\x00\x00\x00\x00'
13.939 Sent: b'h\xb0F\xe1Q\x87\xe7\x13\x00\x02\x14%P\x10\x16\xb0\x00\x00\x00\x00'
14.440 Failed to send packet
14.940 Sent: b'h\xb0F\xe1Q\x87\xe7\x13\x00\x02\x14%P\x10\x16\xb0\x00\x00\x00\x00'
15.441 Error: Connection timed out
15.441 Closed connection
15.442 Shutting down
