0.000 NEW RUN: Server, TEST: Write_file__Common_drops
0.083 Received: b'd\xd8\xc3P\x00\x00\x00W\x00\x00\x00\x00P\x02\x05\xac\x00\x00\x00\x00'
0.084 Disassembled: source: 25816, dest: 50000, seq: 87, window: 1452, SYN
0.084 SYN accepted; new connection: 127.0.0.1 on port 25816
0.085 Assembling: source: 50000, dest: 25816, seq: 1403530356, ack: 88, window: 5808, ACK, SYN
0.085 Failed to send packet
0.586 Failed to send packet
1.086 Sent: b'\xc3Pd\xd8S\xa8,t\x00\x00\x00XP\x12\x16\xb0\x00\x00\x00\x00'
1.089 Failed to receive packet
1.092 Received: b'd\xd8\xc3P\x00\x00\x00XS\xa8,uP\x10\x16\xb0\x00\x00\x00\x00Lorem ipsum dolo'...
1.092 Disassembled: source: 25816, dest: 50000, seq: 88, ack: 1403530357, window: 5808, ACK, data: "Lorem ipsum dolo"...
1.092 Handshake complete
1.092 Data accepted; writing to file
1.093 Assembling: source: 50000, dest: 25816, seq: 1403530357, ack: 1540, window: 5808, ACK
1.093 Sent: b'\xc3Pd\xd8S\xa8,u\x00\x00\x06\x04P\x10\x16\xb0\x00\x00\x00\x00'
1.096 Failed to receive packet
1.594 Sent: b'\xc3Pd\xd8S\xa8,u\x00\x00\x06\x04P\x10\x16\xb0\x00\x00\x00\x00'
1.596 Received: b'd\xd8\xc3P\x00\x00\x06\x04S\xa8,uP\x00\x16\xb0\x00\x00\x00\x00hensam nam, aper'...
1.597 Disassembled: source: 25816, dest: 50000, seq: 1540, ack: 1403530357, window: 5808, data: "hensam nam, aper"...
1.597 Data accepted; writing to file
1.597 Assembling: source: 50000, dest: 25816, seq: 1403530357, ack: 2992, window: 5808, ACK
1.598 Sent: b'\xc3Pd\xd8S\xa8,u\x00\x00\x0b\xb0P\x10\x16\xb0\x00\x00\x00\x00'
1.601 Received: b'd\xd8\xc3P\x00\x00\x0b\xb0S\xa8,uP\x00\x16\xb0\x00\x00\x00\x00pudiare sea. No '...
1.601 Disassembled: source: 25816, dest: 50000, seq: 2992, ack: 1403530357, window: 5808, data: "pudiare sea. No "...
1.601 Data accepted; writing to file
1.602 Assembling: source: 50000, dest: 25816, seq: 1403530357, ack: 3331, window: 5808, ACK
1.602 Failed to send packet
2.102 Sent: b'\xc3Pd\xd8S\xa8,u\x00\x00\r\x03P\x10\x16\xb0\x00\x00\x00\x00'
2.603 Sent: b'\xc3Pd\xd8S\xa8,u\x00\x00\r\x03P\x10\x16\xb0\x00\x00\x00\x00'
3.103 Sent: b'\xc3Pd\xd8S\xa8,u\x00\x00\r\x03P\x10\x16\xb0\x00\x00\x00\x00'
3.604 Failed to send packet
4.104 Error: Connection timed out
4.104 Closed connection
4.105 Shutting down
