0.000 NEW RUN: Server, TEST: Read_file__Random_drops
0.076 Received: b'\xddu^\xd7\x00\x00\x00[\x00\x00\x00\x00P\x02\x05\xa8\x00\x00\x00\x00'
0.077 Disassembled: source: 56693, dest: 24279, seq: 91, window: 1448, SYN
0.078 SYN accepted; new connection: 127.0.0.1 on port 56693
0.078 Assembling: source: 24279, dest: 56693, seq: 3027986164, ack: 92, window: 1448, ACK, SYN
0.078 Sent: b'^\xd7\xddu\xb4{f\xf4\x00\x00\x00\\P\x12\x05\xa8\x00\x00\x00\x00'
0.080 Received: b'\xddu^\xd7\x00\x00\x00\\\xb4{f\xf5P\x10\x05\xa8\x00\x00\x00\x00'
0.081 Disassembled: source: 56693, dest: 24279, seq: 92, ack: 3027986165, window: 1448, ACK
0.081 Handshake complete
0.081 Acknowledged seq: 3027986164
0.081 Assembling: source: 24279, dest: 56693, seq: 3027986165, ack: 93, window: 1448, data: "Lorem ipsum dolo"...
0.082 Sent: b'^\xd7\xddu\xb4{f\xf5\x00\x00\x00]P\x00\x05\xa8\x00\x00\x00\x00Lorem ipsum dolo'...
0.083 Received: b'\xddu^\xd7\x00\x00\x00\\\xb4{l\x9dP\x10\x05\xa8\x00\x00\x00\x00'
0.084 Disassembled: source: 56693, dest: 24279, seq: 92, ack: 3027987613, window: 1448, ACK
0.084 Acknowledged seq: 3027986165
0.084 Assembling: source: 24279, dest: 56693, seq: 3027987613, ack: 93, window: 1448, data: "mprehensam nam, "...
0.085 Sent: b'^\xd7\xddu\xb4{l\x9d\x00\x00\x00]P\x00\x05\xa8\x00\x00\x00\x00mprehensam nam, '...
0.086 Received: b'\xddu^\xd7\x00\x00\x00\\\xb4{rEP\x10\x05\xa8\x00\x00\x00\x00'
0.087 Disassembled: source: 56693, dest: 24279, seq: 92, ack: 3027989061, window: 1448, ACK
0.087 Acknowledged seq: 3027987613
0.087 Assembling: source: 24279, dest: 56693, seq: 3027989061, ack: 93, window: 1448, data: "ilisi repudiare "...
0.088 Sent: b'^\xd7\xddu\xb4{rE\x00\x00\x00]P\x00\x05\xa8\x00\x00\x00\x00ilisi repudiare '...
0.089 Received: b'\xddu^\xd7\x00\x00\x00\\\xb4{w\xedP\x10\x05\xa8\x00\x00\x00\x00'
0.090 Disassembled: source: 56693, dest: 24279, seq: 92, ack: 3027990509, window: 1448, ACK
0.090 Acknowledged seq: 3027989061
0.090 Assembling: source: 24279, dest: 56693, seq: 3027990509, ack: 93, window: 1448, data: "ta.

Et essent s"...
0.091 Sent: b'^\xd7\xddu\xb4{w\xed\x00\x00\x00]P\x00\x05\xa8\x00\x00\x00\x00ta.\n\nEt essent s'...
0.092 Received: b'\xddu^\xd7\x00\x00\x00\\\xb4{}\x95P\x10\x05\xa8\x00\x00\x00\x00'
0.093 Disassembled: source: 56693, dest: 24279, seq: 92, ack: 3027991957, window: 1448, ACK
0.093 Acknowledged seq: 3027990509
0.093 Assembling: source: 24279, dest: 56693, seq: 3027991957, ack: 93, window: 1448, data: " Nihil tractatos"...
0.094 Sent: b'^\xd7\xddu\xb4{}\x95\x00\x00\x00]P\x00\x05\xa8\x00\x00\x00\x00 Nihil tractatos'...
0.096 Received: b'\xddu^\xd7\x00\x00\x00\\\xb4{\x83=P\x10\x05\xa8\x00\x00\x00\x00'
0.096 Disassembled: source: 56693, dest: 24279, seq: 92, ack: 3027993405, window: 1448, ACK
0.096 Acknowledged seq: 3027991957
0.097 Assembling: source: 24279, dest: 56693, seq: 3027993405, ack: 93, window: 1448, data: "fert iuvaret sap"...
0.097 Sent: b'^\xd7\xddu\xb4{\x83=\x00\x00\x00]P\x00\x05\xa8\x00\x00\x00\x00fert iuvaret sap'...
0.099 Received: b'\xddu^\xd7\x00\x00\x00\\\xb4{\x88\xe5P\x10\x05\xa8\x00\x00\x00\x00'
0.099 Disassembled: source: 56693, dest: 24279, seq: 92, ack: 3027994853, window: 1448, ACK
0.099 Acknowledged seq: 3027993405
0.100 Assembling: source: 24279, dest: 56693, seq: 3027994853, ack: 93, window: 1448, data: "ram adipiscing, "...
0.100 Sent: b'^\xd7\xddu\xb4{\x88\xe5\x00\x00\x00]P\x00\x05\xa8\x00\x00\x00\x00ram adipiscing, '...
0.102 Received: b'\xddu^\xd7\x00\x00\x00\\\xb4{\x8e\x8dP\x10\x05\xa8\x00\x00\x00\x00'
0.103 Disassembled: source: 56693, dest: 24279, seq: 92, ack: 3027996301, window: 1448, ACK
0.103 Acknowledged seq: 3027994853
0.103 Assembling: source: 24279, dest: 56693, seq: 3027996301, ack: 93, window: 1448, data: "m veritus vivend"...
0.104 Sent: b'^\xd7\xddu\xb4{\x8e\x8d\x00\x00\x00]P\x00\x05\xa8\x00\x00\x00\x00m veritus vivend'...
0.106 Received: b'\xddu^\xd7\x00\x00\x00\\\xb4{\x945P\x10\x05\xa8\x00\x00\x00\x00'
0.106 Disassembled: source: 56693, dest: 24279, seq: 92, ack: 3027997749, window: 1448, ACK
0.106 Acknowledged seq: 3027996301
0.107 Assembling: source: 24279, dest: 56693, seq: 3027997749, ack: 93, window: 1448, data: " delenit, ignota"...
0.107 Sent: b'^\xd7\xddu\xb4{\x945\x00\x00\x00]P\x00\x05\xa8\x00\x00\x00\x00 delenit, ignota'...
0.109 Received: b'\xddu^\xd7\x00\x00\x00\\\xb4{\x99\xddP\x10\x05\xa8\x00\x00\x00\x00'
0.110 Disassembled: source: 56693, dest: 24279, seq: 92, ack: 3027999197, window: 1448, ACK
0.110 Acknowledged seq: 3027997749
0.110 Assembling: source: 24279, dest: 56693, seq: 3027999197, ack: 93, window: 1448, data: "se explicari des"...
0.110 Sent: b'^\xd7\xddu\xb4{\x99\xdd\x00\x00\x00]P\x00\x05\xa8\x00\x00\x00\x00se explicari des'...
0.112 Received: b'\xddu^\xd7\x00\x00\x00\\\xb4{\x9f\x85P\x10\x05\xa8\x00\x00\x00\x00'
0.113 Disassembled: source: 56693, dest: 24279, seq: 92, ack: 3028000645, window: 1448, ACK
0.113 Acknowledged seq: 3027999197
0.113 Assembling: source: 24279, dest: 56693, seq: 3028000645, ack: 93, window: 1448, data: "piscing, in modo"...
0.114 Sent: b'^\xd7\xddu\xb4{\x9f\x85\x00\x00\x00]P\x00\x05\xa8\x00\x00\x00\x00piscing, in modo'...
0.116 Received: b'\xddu^\xd7\x00\x00\x00\\\xb4{\xa5-P\x10\x05\xa8\x00\x00\x00\x00'
0.116 Disassembled: source: 56693, dest: 24279, seq: 92, ack: 3028002093, window: 1448, ACK
0.116 Acknowledged seq: 3028000645
0.117 Assembling: source: 24279, dest: 56693, seq: 3028002093, ack: 93, window: 1448, data: "o copiosae tacim"...
0.117 Sent: b'^\xd7\xddu\xb4{\xa5-\x00\x00\x00]P\x00\x05\xa8\x00\x00\x00\x00o copiosae tacim'...
0.119 Received: b'\xddu^\xd7\x00\x00\x00\\\xb4{\xaa\xd5P\x10\x05\xa8\x00\x00\x00\x00'
0.120 Disassembled: source: 56693, dest: 24279, seq: 92, ack: 3028003541, window: 1448, ACK
0.120 Acknowledged seq: 3028002093
0.120 Assembling: source: 24279, dest: 56693, seq: 3028003541, ack: 93, window: 1448, data: "am. Pri ne antio"...
0.121 Sent: b'^\xd7\xddu\xb4{\xaa\xd5\x00\x00\x00]P\x00\x05\xa8\x00\x00\x00\x00am. Pri ne antio'...
0.123 Received: b'\xddu^\xd7\x00\x00\x00\\\xb4{\xb0}P\x10\x05\xa8\x00\x00\x00\x00'
0.123 Disassembled: source: 56693, dest: 24279, seq: 92, ack: 3028004989, window: 1448, ACK
0.123 Acknowledged seq: 3028003541
0.123 Assembling: source: 24279, dest: 56693, seq: 3028004989, ack: 93, window: 1448, data: "to no. Elitr pos"...
0.124 Sent: b'^\xd7\xddu\xb4{\xb0}\x00\x00\x00]P\x00\x05\xa8\x00\x00\x00\x00to no. Elitr pos'...
0.126 Received: b'\xddu^\xd7\x00\x00\x00\\\xb4{\xb6%P\x10\x05\xa8\x00\x00\x00\x00'
0.126 Disassembled: source: 56693, dest: 24279, seq: 92, ack: 3028006437, window: 1448, ACK
0.127 Acknowledged seq: 3028004989
0.127 Assembling: source: 24279, dest: 56693, seq: 3028006437, ack: 93, window: 1448, data: "pretaris, sea ex"...
0.127 Sent: b'^\xd7\xddu\xb4{\xb6%\x00\x00\x00]P\x00\x05\xa8\x00\x00\x00\x00pretaris, sea ex'...
0.129 Received: b'\xddu^\xd7\x00\x00\x00\\\xb4{\xbb\xcdP\x10\x05\xa8\x00\x00\x00\x00'
0.130 Disassembled: source: 56693, dest: 24279, seq: 92, ack: 3028007885, window: 1448, ACK
0.130 Acknowledged seq: 3028006437
0.130 Assembling: source: 24279, dest: 56693, seq: 3028007885, ack: 93, window: 1448, data: "oporteat inimicu"...
0.131 Sent: b'^\xd7\xddu\xb4{\xbb\xcd\x00\x00\x00]P\x00\x05\xa8\x00\x00\x00\x00oporteat inimicu'...
0.133 Received: b'\xddu^\xd7\x00\x00\x00\\\xb4{\xc1uP\x10\x05\xa8\x00\x00\x00\x00'
0.133 Disassembled: source: 56693, dest: 24279, seq: 92, ack: 3028009333, window: 1448, ACK
0.133 Acknowledged seq: 3028007885
0.133 Assembling: source: 24279, dest: 56693, seq: 3028009333, ack: 93, window: 1448, data: "ligendi officiis"...
0.134 Sent: b'^\xd7\xddu\xb4{\xc1u\x00\x00\x00]P\x00\x05\xa8\x00\x00\x00\x00ligendi officiis'...
0.136 Received: b'\xddu^\xd7\x00\x00\x00\\\xb4{\xc7\x1dP\x10\x05\xa8\x00\x00\x00\x00'
0.136 Disassembled: source: 56693, dest: 24279, seq: 92, ack: 3028010781, window: 1448, ACK
0.137 Acknowledged seq: 3028009333
0.137 Assembling: source: 24279, dest: 56693, seq: 3028010781, ack: 93, window: 1448, data: "no vel regione i"...
0.137 Sent: b'^\xd7\xddu\xb4{\xc7\x1d\x00\x00\x00]P\x00\x05\xa8\x00\x00\x00\x00no vel regione i'...
0.139 Received: b'\xddu^\xd7\x00\x00\x00\\\xb4{\xcc\xc5P\x10\x05\xa8\x00\x00\x00\x00'
0.140 Disassembled: source: 56693, dest: 24279, seq: 92, ack: 3028012229, window: 1448, ACK
0.140 Acknowledged seq: 3028010781
0.140 Assembling: source: 24279, dest: 56693, seq: 3028012229, ack: 93, window: 1448, data: "ibus vis ex, pro"...
0.141 Sent: b'^\xd7\xddu\xb4{\xcc\xc5\x00\x00\x00]P\x00\x05\xa8\x00\x00\x00\x00ibus vis ex, pro'...
0.143 Received: b'\xddu^\xd7\x00\x00\x00\\\xb4{\xd2mP\x10\x05\xa8\x00\x00\x00\x00'
0.143 Disassembled: source: 56693, dest: 24279, seq: 92, ack: 3028013677, window: 1448, ACK
0.143 Acknowledged seq: 3028012229
0.144 Assembling: source: 24279, dest: 56693, seq: 3028013677, ack: 93, window: 1448, data: "o vix, mel ea li"...
0.144 Sent: b'^\xd7\xddu\xb4{\xd2m\x00\x00\x00]P\x00\x05\xa8\x00\x00\x00\x00o vix, mel ea li'...
0.146 Received: b'\xddu^\xd7\x00\x00\x00\\\xb4{\xd8\x15P\x10\x05\xa8\x00\x00\x00\x00'
0.147 Disassembled: source: 56693, dest: 24279, seq: 92, ack: 3028015125, window: 1448, ACK
0.147 Acknowledged seq: 3028013677
0.147 Assembling: source: 24279, dest: 56693, seq: 3028015125, ack: 93, window: 1448, data: "d. Ex fugit suav"...
0.148 Sent: b'^\xd7\xddu\xb4{\xd8\x15\x00\x00\x00]P\x00\x05\xa8\x00\x00\x00\x00d. Ex fugit suav'...
0.150 Received: b'\xddu^\xd7\x00\x00\x00\\\xb4{\xdd\xbdP\x10\x05\xa8\x00\x00\x00\x00'
0.150 Disassembled: source: 56693, dest: 24279, seq: 92, ack: 3028016573, window: 1448, ACK
0.150 Acknowledged seq: 3028015125
0.151 Assembling: source: 24279, dest: 56693, seq: 3028016573, ack: 93, window: 1448, data: "pertinax nec. De"...
0.151 Sent: b'^\xd7\xddu\xb4{\xdd\xbd\x00\x00\x00]P\x00\x05\xa8\x00\x00\x00\x00pertinax nec. De'...
0.153 Received: b'\xddu^\xd7\x00\x00\x00\\\xb4{\xe3eP\x10\x05\xa8\x00\x00\x00\x00'
0.153 Disassembled: source: 56693, dest: 24279, seq: 92, ack: 3028018021, window: 1448, ACK
0.153 Acknowledged seq: 3028016573
0.154 Assembling: source: 24279, dest: 56693, seq: 3028018021, ack: 93, window: 1448, data: "lli primis praes"...
0.154 Sent: b'^\xd7\xddu\xb4{\xe3e\x00\x00\x00]P\x00\x05\xa8\x00\x00\x00\x00lli primis praes'...
0.156 Received: b'\xddu^\xd7\x00\x00\x00\\\xb4{\xe9\rP\x10\x05\xa8\x00\x00\x00\x00'
0.157 Disassembled: source: 56693, dest: 24279, seq: 92, ack: 3028019469, window: 1448, ACK
0.157 Acknowledged seq: 3028018021
0.157 Assembling: source: 24279, dest: 56693, seq: 3028019469, ack: 93, window: 1448, data: "m, percipit inte"...
0.157 Sent: b'^\xd7\xddu\xb4{\xe9\r\x00\x00\x00]P\x00\x05\xa8\x00\x00\x00\x00m, percipit inte'...
0.159 Failed to receive packet
0.658 Sent: b'^\xd7\xddu\xb4{\xe9\r\x00\x00\x00]P\x00\x05\xa8\x00\x00\x00\x00m, percipit inte'...
0.661 Received: b'\xddu^\xd7\x00\x00\x00\\\xb4{\xee\xb5P\x10\x05\xa8\x00\x00\x00\x00'
0.661 Disassembled: source: 56693, dest: 24279, seq: 92, ack: 3028020917, window: 1448, ACK
0.661 Acknowledged seq: 3028019469
0.662 Assembling: source: 24279, dest: 56693, seq: 3028020917, ack: 93, window: 1448, data: "nani docendi pat"...
0.662 Failed to send packet
1.162 Sent: b'^\xd7\xddu\xb4{\xee\xb5\x00\x00\x00]P\x00\x05\xa8\x00\x00\x00\x00nani docendi pat'...
1.165 Received: b'\xddu^\xd7\x00\x00\x00\\\xb4{\xf4]P\x10\x05\xa8\x00\x00\x00\x00'
1.166 Disassembled: source: 56693, dest: 24279, seq: 92, ack: 3028022365, window: 1448, ACK
1.166 Acknowledged seq: 3028020917
1.166 Assembling: source: 24279, dest: 56693, seq: 3028022365, ack: 93, window: 1448, data: " vis decore poss"...
1.167 Sent: b'^\xd7\xddu\xb4{\xf4]\x00\x00\x00]P\x00\x05\xa8\x00\x00\x00\x00 vis decore poss'...
1.170 Received: b'\xddu^\xd7\x00\x00\x00\\\xb4{\xfa\x05P\x10\x05\xa8\x00\x00\x00\x00'
1.170 Disassembled: source: 56693, dest: 24279, seq: 92, ack: 3028023813, window: 1448, ACK
1.171 Acknowledged seq: 3028022365
1.171 Assembling: source: 24279, dest: 56693, seq: 3028023813, ack: 93, window: 1448, data: "eam odio corpora"...
1.171 Sent: b'^\xd7\xddu\xb4{\xfa\x05\x00\x00\x00]P\x00\x05\xa8\x00\x00\x00\x00eam odio corpora'...
1.174 Received: b'\xddu^\xd7\x00\x00\x00\\\xb4{\xff\xadP\x10\x05\xa8\x00\x00\x00\x00'
1.175 Disassembled: source: 56693, dest: 24279, seq: 92, ack: 3028025261, window: 1448, ACK
1.175 Acknowledged seq: 3028023813
1.175 Assembling: source: 24279, dest: 56693, seq: 3028025261, ack: 93, window: 1448, data: " est. Usu sanctu"...
1.176 Sent: b'^\xd7\xddu\xb4{\xff\xad\x00\x00\x00]P\x00\x05\xa8\x00\x00\x00\x00 est. Usu sanctu'...
1.179 Received: b'\xddu^\xd7\x00\x00\x00\\\xb4|\x05UP\x10\x05\xa8\x00\x00\x00\x00'
1.179 Disassembled: source: 56693, dest: 24279, seq: 92, ack: 3028026709, window: 1448, ACK
1.179 Acknowledged seq: 3028025261
1.180 Assembling: source: 24279, dest: 56693, seq: 3028026709, ack: 93, window: 1448, data: ".

Mei graeco ae"...
1.180 Sent: b'^\xd7\xddu\xb4|\x05U\x00\x00\x00]P\x00\x05\xa8\x00\x00\x00\x00.\n\nMei graeco ae'...
1.182 Received: b'\xddu^\xd7\x00\x00\x00\\\xb4|\n\xfdP\x10\x05\xa8\x00\x00\x00\x00'
1.183 Disassembled: source: 56693, dest: 24279, seq: 92, ack: 3028028157, window: 1448, ACK
1.183 Acknowledged seq: 3028026709
1.183 Assembling: source: 24279, dest: 56693, seq: 3028028157, ack: 93, window: 1448, data: "et. Ne sea primi"...
1.184 Sent: b'^\xd7\xddu\xb4|\n\xfd\x00\x00\x00]P\x00\x05\xa8\x00\x00\x00\x00et. Ne sea primi'...
1.185 Received: b'\xddu^\xd7\x00\x00\x00\\\xb4|\x10\xa5P\x10\x05\xa8\x00\x00\x00\x00'
1.186 Disassembled: source: 56693, dest: 24279, seq: 92, ack: 3028029605, window: 1448, ACK
1.186 Acknowledged seq: 3028028157
1.186 Assembling: source: 24279, dest: 56693, seq: 3028029605, ack: 93, window: 1448, data: "ittam convenire."...
1.187 Sent: b'^\xd7\xddu\xb4|\x10\xa5\x00\x00\x00]P\x00\x05\xa8\x00\x00\x00\x00ittam convenire.'...
1.189 Received: b'\xddu^\xd7\x00\x00\x00\\\xb4|\x16MP\x10\x05\xa8\x00\x00\x00\x00'
1.189 Disassembled: source: 56693, dest: 24279, seq: 92, ack: 3028031053, window: 1448, ACK
1.189 Acknowledged seq: 3028029605
1.190 Assembling: source: 24279, dest: 56693, seq: 3028031053, ack: 93, window: 1448, data: "ua et vis, id eu"...
1.190 Sent: b'^\xd7\xddu\xb4|\x16M\x00\x00\x00]P\x00\x05\xa8\x00\x00\x00\x00ua et vis, id eu'...
1.192 Failed to receive packet
1.691 Sent: b'^\xd7\xddu\xb4|\x16M\x00\x00\x00]P\x00\x05\xa8\x00\x00\x00\x00ua et vis, id eu'...
1.693 Received: b'\xddu^\xd7\x00\x00\x00\\\xb4|\x1b\xf5P\x10\x05\xa8\x00\x00\x00\x00'
1.694 Disassembled: source: 56693, dest: 24279, seq: 92, ack: 3028032501, window: 1448, ACK
1.694 Acknowledged seq: 3028031053
1.694 Assembling: source: 24279, dest: 56693, seq: 3028032501, ack: 93, window: 1448, data: "r. Et velit appa"...
1.695 Sent: b'^\xd7\xddu\xb4|\x1b\xf5\x00\x00\x00]P\x00\x05\xa8\x00\x00\x00\x00r. Et velit appa'...
1.698 Received: b'\xddu^\xd7\x00\x00\x00\\\xb4|!\x9dP\x10\x05\xa8\x00\x00\x00\x00'
1.698 Disassembled: source: 56693, dest: 24279, seq: 92, ack: 3028033949, window: 1448, ACK
1.698 Acknowledged seq: 3028032501
1.699 Assembling: source: 24279, dest: 56693, seq: 3028033949, ack: 93, window: 1448, data: " novum laudem, v"...
1.699 Sent: b'^\xd7\xddu\xb4|!\x9d\x00\x00\x00]P\x00\x05\xa8\x00\x00\x00\x00 novum laudem, v'...
1.702 Received: b"\xddu^\xd7\x00\x00\x00\\\xb4|'EP\x10\x05\xa8\x00\x00\x00\x00"
1.703 Disassembled: source: 56693, dest: 24279, seq: 92, ack: 3028035397, window: 1448, ACK
1.703 Acknowledged seq: 3028033949
1.703 Assembling: source: 24279, dest: 56693, seq: 3028035397, ack: 93, window: 1448, data: "luptatibus, cibo"...
1.704 Sent: b"^\xd7\xddu\xb4|'E\x00\x00\x00]P\x00\x05\xa8\x00\x00\x00\x00luptatibus, cibo"...
1.706 Received: b'\xddu^\xd7\x00\x00\x00\\\xb4|,\xedP\x10\x05\xa8\x00\x00\x00\x00'
1.707 Disassembled: source: 56693, dest: 24279, seq: 92, ack: 3028036845, window: 1448, ACK
1.707 Acknowledged seq: 3028035397
1.707 Assembling: source: 24279, dest: 56693, seq: 3028036845, ack: 93, window: 1448, data: "alii indoctum ma"...
1.708 Sent: b'^\xd7\xddu\xb4|,\xed\x00\x00\x00]P\x00\x05\xa8\x00\x00\x00\x00alii indoctum ma'...
1.710 Received: b'\xddu^\xd7\x00\x00\x00\\\xb4|2\x95P\x10\x05\xa8\x00\x00\x00\x00'
1.710 Disassembled: source: 56693, dest: 24279, seq: 92, ack: 3028038293, window: 1448, ACK
1.710 Acknowledged seq: 3028036845
1.711 Assembling: source: 24279, dest: 56693, seq: 3028038293, ack: 93, window: 1448, data: "im, his facete c"...
1.711 Sent: b'^\xd7\xddu\xb4|2\x95\x00\x00\x00]P\x00\x05\xa8\x00\x00\x00\x00im, his facete c'...
1.713 Received: b'\xddu^\xd7\x00\x00\x00\\\xb4|8=P\x10\x05\xa8\x00\x00\x00\x00'
1.713 Disassembled: source: 56693, dest: 24279, seq: 92, ack: 3028039741, window: 1448, ACK
1.714 Acknowledged seq: 3028038293
1.714 Assembling: source: 24279, dest: 56693, seq: 3028039741, ack: 93, window: 1448, data: "e alia dolor com"...
1.714 Sent: b'^\xd7\xddu\xb4|8=\x00\x00\x00]P\x00\x05\xa8\x00\x00\x00\x00e alia dolor com'...
1.716 Received: b'\xddu^\xd7\x00\x00\x00\\\xb4|=\xe5P\x10\x05\xa8\x00\x00\x00\x00'
1.717 Disassembled: source: 56693, dest: 24279, seq: 92, ack: 3028041189, window: 1448, ACK
1.717 Acknowledged seq: 3028039741
1.717 Assembling: source: 24279, dest: 56693, seq: 3028041189, ack: 93, window: 1448, data: "it ea, reque tem"...
1.718 Sent: b'^\xd7\xddu\xb4|=\xe5\x00\x00\x00]P\x00\x05\xa8\x00\x00\x00\x00it ea, reque tem'...
1.720 Received: b'\xddu^\xd7\x00\x00\x00\\\xb4|C\x8dP\x10\x05\xa8\x00\x00\x00\x00'
1.720 Disassembled: source: 56693, dest: 24279, seq: 92, ack: 3028042637, window: 1448, ACK
1.720 Acknowledged seq: 3028041189
1.721 Assembling: source: 24279, dest: 56693, seq: 3028042637, ack: 93, window: 1448, data: "alisque.

Equide"...
1.721 Sent: b'^\xd7\xddu\xb4|C\x8d\x00\x00\x00]P\x00\x05\xa8\x00\x00\x00\x00alisque.\n\nEquide'...
1.723 Received: b'\xddu^\xd7\x00\x00\x00\\\xb4|I5P\x10\x05\xa8\x00\x00\x00\x00'
1.723 Disassembled: source: 56693, dest: 24279, seq: 92, ack: 3028044085, window: 1448, ACK
1.724 Acknowledged seq: 3028042637
1.724 Assembling: source: 24279, dest: 56693, seq: 3028044085, ack: 93, window: 1448, data: "finitiones, affe"...
1.724 Failed to send packet
2.225 Sent: b'^\xd7\xddu\xb4|I5\x00\x00\x00]P\x00\x05\xa8\x00\x00\x00\x00finitiones, affe'...
2.228 Received: b'\xddu^\xd7\x00\x00\x00\\\xb4|N\xddP\x10\x05\xa8\x00\x00\x00\x00'
2.228 Disassembled: source: 56693, dest: 24279, seq: 92, ack: 3028045533, window: 1448, ACK
2.229 Acknowledged seq: 3028044085
2.229 Assembling: source: 24279, dest: 56693, seq: 3028045533, ack: 93, window: 1448, data: "his duis graeco "...
2.229 Sent: b'^\xd7\xddu\xb4|N\xdd\x00\x00\x00]P\x00\x05\xa8\x00\x00\x00\x00his duis graeco '...
2.232 Received: b'\xddu^\xd7\x00\x00\x00\\\xb4|T\x85P\x10\x05\xa8\x00\x00\x00\x00'
2.233 Disassembled: source: 56693, dest: 24279, seq: 92, ack: 3028046981, window: 1448, ACK
2.233 Acknowledged seq: 3028045533
2.233 Assembling: source: 24279, dest: 56693, seq: 3028046981, ack: 93, window: 1448, data: "am. Alia possit "...
2.234 Sent: b'^\xd7\xddu\xb4|T\x85\x00\x00\x00]P\x00\x05\xa8\x00\x00\x00\x00am. Alia possit '...
2.237 Received: b'\xddu^\xd7\x00\x00\x00\\\xb4|Z-P\x10\x05\xa8\x00\x00\x00\x00'
2.237 Disassembled: source: 56693, dest: 24279, seq: 92, ack: 3028048429, window: 1448, ACK
2.237 Acknowledged seq: 3028046981
2.238 Assembling: source: 24279, dest: 56693, seq: 3028048429, ack: 93, window: 1448, data: "cum an. Mei faci"...
2.238 Sent: b'^\xd7\xddu\xb4|Z-\x00\x00\x00]P\x00\x05\xa8\x00\x00\x00\x00cum an. Mei faci'...
2.240 Received: b'\xddu^\xd7\x00\x00\x00\\\xb4|_\xd5P\x10\x05\xa8\x00\x00\x00\x00'
2.240 Disassembled: source: 56693, dest: 24279, seq: 92, ack: 3028049877, window: 1448, ACK
2.241 Acknowledged seq: 3028048429
2.241 Assembling: source: 24279, dest: 56693, seq: 3028049877, ack: 93, window: 1448, data: " vis adhuc tatio"...
2.241 Failed to send packet
2.742 Sent: b'^\xd7\xddu\xb4|_\xd5\x00\x00\x00]P\x00\x05\xa8\x00\x00\x00\x00 vis adhuc tatio'...
2.745 Received: b'\xddu^\xd7\x00\x00\x00\\\xb4|e}P\x10\x05\xa8\x00\x00\x00\x00'
2.745 Disassembled: source: 56693, dest: 24279, seq: 92, ack: 3028051325, window: 1448, ACK
2.745 Acknowledged seq: 3028049877
2.746 Assembling: source: 24279, dest: 56693, seq: 3028051325, ack: 93, window: 1448, data: "im eu option iuv"...
2.746 Sent: b'^\xd7\xddu\xb4|e}\x00\x00\x00]P\x00\x05\xa8\x00\x00\x00\x00im eu option iuv'...
2.749 Failed to receive packet
3.247 Sent: b'^\xd7\xddu\xb4|e}\x00\x00\x00]P\x00\x05\xa8\x00\x00\x00\x00im eu option iuv'...
3.249 Received: b'\xddu^\xd7\x00\x00\x00\\\xb4|k%P\x10\x05\xa8\x00\x00\x00\x00'
3.250 Disassembled: source: 56693, dest: 24279, seq: 92, ack: 3028052773, window: 1448, ACK
3.250 Acknowledged seq: 3028051325
3.250 Assembling: source: 24279, dest: 56693, seq: 3028052773, ack: 93, window: 1448, data: "ex epicurei taci"...
3.251 Sent: b'^\xd7\xddu\xb4|k%\x00\x00\x00]P\x00\x05\xa8\x00\x00\x00\x00ex epicurei taci'...
3.254 Received: b'\xddu^\xd7\x00\x00\x00\\\xb4|p\xcdP\x10\x05\xa8\x00\x00\x00\x00'
3.254 Disassembled: source: 56693, dest: 24279, seq: 92, ack: 3028054221, window: 1448, ACK
3.254 Acknowledged seq: 3028052773
3.255 Assembling: source: 24279, dest: 56693, seq: 3028054221, ack: 93, window: 1448, data: "ebat, eu pro ero"...
3.255 Sent: b'^\xd7\xddu\xb4|p\xcd\x00\x00\x00]P\x00\x05\xa8\x00\x00\x00\x00ebat, eu pro ero'...
3.258 Received: b'\xddu^\xd7\x00\x00\x00\\\xb4|vuP\x10\x05\xa8\x00\x00\x00\x00'
3.259 Disassembled: source: 56693, dest: 24279, seq: 92, ack: 3028055669, window: 1448, ACK
3.259 Acknowledged seq: 3028054221
3.259 Assembling: source: 24279, dest: 56693, seq: 3028055669, ack: 93, window: 1448, data: "s. Per no sale v"...
3.260 Sent: b'^\xd7\xddu\xb4|vu\x00\x00\x00]P\x00\x05\xa8\x00\x00\x00\x00s. Per no sale v'...
3.262 Received: b'\xddu^\xd7\x00\x00\x00\\\xb4||\x1dP\x10\x05\xa8\x00\x00\x00\x00'
3.263 Disassembled: source: 56693, dest: 24279, seq: 92, ack: 3028057117, window: 1448, ACK
3.263 Acknowledged seq: 3028055669
3.263 Assembling: source: 24279, dest: 56693, seq: 3028057117, ack: 93, window: 1448, data: "orrupte ea mel. "...
3.264 Sent: b'^\xd7\xddu\xb4||\x1d\x00\x00\x00]P\x00\x05\xa8\x00\x00\x00\x00orrupte ea mel. '...
3.265 Received: b'\xddu^\xd7\x00\x00\x00\\\xb4|\x81\xc5P\x10\x05\xa8\x00\x00\x00\x00'
3.266 Disassembled: source: 56693, dest: 24279, seq: 92, ack: 3028058565, window: 1448, ACK
3.266 Acknowledged seq: 3028057117
3.267 Assembling: source: 24279, dest: 56693, seq: 3028058565, ack: 93, window: 1448, data: ". Est iracundia "...
3.267 Sent: b'^\xd7\xddu\xb4|\x81\xc5\x00\x00\x00]P\x00\x05\xa8\x00\x00\x00\x00. Est iracundia '...
3.269 Received: b'\xddu^\xd7\x00\x00\x00\\\xb4|\x87mP\x10\x05\xa8\x00\x00\x00\x00'
3.269 Disassembled: source: 56693, dest: 24279, seq: 92, ack: 3028060013, window: 1448, ACK
3.269 Acknowledged seq: 3028058565
3.270 Assembling: source: 24279, dest: 56693, seq: 3028060013, ack: 93, window: 1448, data: "pta probatus scr"...
3.270 Sent: b'^\xd7\xddu\xb4|\x87m\x00\x00\x00]P\x00\x05\xa8\x00\x00\x00\x00pta probatus scr'...
3.272 Received: b'\xddu^\xd7\x00\x00\x00\\\xb4|\x8d\x15P\x10\x05\xa8\x00\x00\x00\x00'
3.273 Disassembled: source: 56693, dest: 24279, seq: 92, ack: 3028061461, window: 1448, ACK
3.273 Acknowledged seq: 3028060013
3.273 Assembling: source: 24279, dest: 56693, seq: 3028061461, ack: 93, window: 1448, data: "entur ei, pro ei"...
3.274 Sent: b'^\xd7\xddu\xb4|\x8d\x15\x00\x00\x00]P\x00\x05\xa8\x00\x00\x00\x00entur ei, pro ei'...
3.275 Received: b'\xddu^\xd7\x00\x00\x00\\\xb4|\x92\xbdP\x10\x05\xa8\x00\x00\x00\x00'
3.276 Disassembled: source: 56693, dest: 24279, seq: 92, ack: 3028062909, window: 1448, ACK
3.276 Acknowledged seq: 3028061461
3.276 Assembling: source: 24279, dest: 56693, seq: 3028062909, ack: 93, window: 1448, data: "simul euismod vi"...
3.277 Sent: b'^\xd7\xddu\xb4|\x92\xbd\x00\x00\x00]P\x00\x05\xa8\x00\x00\x00\x00simul euismod vi'...
3.279 Received: b'\xddu^\xd7\x00\x00\x00\\\xb4|\x98eP\x10\x05\xa8\x00\x00\x00\x00'
3.280 Disassembled: source: 56693, dest: 24279, seq: 92, ack: 3028064357, window: 1448, ACK
3.280 Acknowledged seq: 3028062909
3.280 Assembling: source: 24279, dest: 56693, seq: 3028064357, ack: 93, window: 1448, data: ", eam id iudico "...
3.280 Sent: b'^\xd7\xddu\xb4|\x98e\x00\x00\x00]P\x00\x05\xa8\x00\x00\x00\x00, eam id iudico '...
3.283 Received: b'\xddu^\xd7\x00\x00\x00\\\xb4|\x9e\rP\x10\x05\xa8\x00\x00\x00\x00'
3.283 Disassembled: source: 56693, dest: 24279, seq: 92, ack: 3028065805, window: 1448, ACK
3.283 Acknowledged seq: 3028064357
3.284 Assembling: source: 24279, dest: 56693, seq: 3028065805, ack: 93, window: 1448, data: "m vix. Ea est mu"...
3.284 Sent: b'^\xd7\xddu\xb4|\x9e\r\x00\x00\x00]P\x00\x05\xa8\x00\x00\x00\x00m vix. Ea est mu'...
3.286 Received: b'\xddu^\xd7\x00\x00\x00\\\xb4|\xa3\xb5P\x10\x05\xa8\x00\x00\x00\x00'
3.287 Disassembled: source: 56693, dest: 24279, seq: 92, ack: 3028067253, window: 1448, ACK
3.287 Acknowledged seq: 3028065805
3.287 Assembling: source: 24279, dest: 56693, seq: 3028067253, ack: 93, window: 1448, data: "olor sit amet, e"...
3.287 Sent: b'^\xd7\xddu\xb4|\xa3\xb5\x00\x00\x00]P\x00\x05\xa8\x00\x00\x00\x00olor sit amet, e'...
3.290 Received: b'\xddu^\xd7\x00\x00\x00\\\xb4|\xa9]P\x10\x05\xa8\x00\x00\x00\x00'
3.290 Disassembled: source: 56693, dest: 24279, seq: 92, ack: 3028068701, window: 1448, ACK
3.290 Acknowledged seq: 3028067253
3.291 Assembling: source: 24279, dest: 56693, seq: 3028068701, ack: 93, window: 1448, data: "m, aperiam iudic"...
3.291 Sent: b'^\xd7\xddu\xb4|\xa9]\x00\x00\x00]P\x00\x05\xa8\x00\x00\x00\x00m, aperiam iudic'...
3.293 Received: b'\xddu^\xd7\x00\x00\x00\\\xb4|\xaf\x05P\x10\x05\xa8\x00\x00\x00\x00'
3.294 Disassembled: source: 56693, dest: 24279, seq: 92, ack: 3028070149, window: 1448, ACK
3.294 Acknowledged seq: 3028068701
3.294 Assembling: source: 24279, dest: 56693, seq: 3028070149, ack: 93, window: 1448, data: "re sea. No eos d"...
3.295 Sent: b'^\xd7\xddu\xb4|\xaf\x05\x00\x00\x00]P\x00\x05\xa8\x00\x00\x00\x00re sea. No eos d'...
3.297 Failed to receive packet
3.795 Sent: b'^\xd7\xddu\xb4|\xaf\x05\x00\x00\x00]P\x00\x05\xa8\x00\x00\x00\x00re sea. No eos d'...
3.798 Received: b'\xddu^\xd7\x00\x00\x00\\\xb4|\xb4\xadP\x10\x05\xa8\x00\x00\x00\x00'
3.798 Disassembled: source: 56693, dest: 24279, seq: 92, ack: 3028071597, window: 1448, ACK
3.798 Acknowledged seq: 3028070149
3.799 Assembling: source: 24279, dest: 56693, seq: 3028071597, ack: 93, window: 1448, data: "t scripta philos"...
3.799 Sent: b'^\xd7\xddu\xb4|\xb4\xad\x00\x00\x00]P\x00\x05\xa8\x00\x00\x00\x00t scripta philos'...
3.802 Received: b'\xddu^\xd7\x00\x00\x00\\\xb4|\xbaUP\x10\x05\xa8\x00\x00\x00\x00'
3.803 Disassembled: source: 56693, dest: 24279, seq: 92, ack: 3028073045, window: 1448, ACK
3.803 Acknowledged seq: 3028071597
3.803 Assembling: source: 24279, dest: 56693, seq: 3028073045, ack: 93, window: 1448, data: "tos sadipscing e"...
3.804 Sent: b'^\xd7\xddu\xb4|\xbaU\x00\x00\x00]P\x00\x05\xa8\x00\x00\x00\x00tos sadipscing e'...
3.807 Received: b'\xddu^\xd7\x00\x00\x00\\\xb4|\xbf\xfdP\x10\x05\xa8\x00\x00\x00\x00'
3.807 Disassembled: source: 56693, dest: 24279, seq: 92, ack: 3028074493, window: 1448, ACK
3.807 Acknowledged seq: 3028073045
3.808 Assembling: source: 24279, dest: 56693, seq: 3028074493, ack: 93, window: 1448, data: "sapientem ea, ad"...
3.808 Sent: b'^\xd7\xddu\xb4|\xbf\xfd\x00\x00\x00]P\x00\x05\xa8\x00\x00\x00\x00sapientem ea, ad'...
3.811 Received: b'\xddu^\xd7\x00\x00\x00\\\xb4|\xc5\xa5P\x10\x05\xa8\x00\x00\x00\x00'
3.811 Disassembled: source: 56693, dest: 24279, seq: 92, ack: 3028075941, window: 1448, ACK
3.811 Acknowledged seq: 3028074493
3.812 Assembling: source: 24279, dest: 56693, seq: 3028075941, ack: 93, window: 1448, data: "g, ei invenire p"...
3.812 Sent: b'^\xd7\xddu\xb4|\xc5\xa5\x00\x00\x00]P\x00\x05\xa8\x00\x00\x00\x00g, ei invenire p'...
3.814 Received: b'\xddu^\xd7\x00\x00\x00\\\xb4|\xcbMP\x10\x05\xa8\x00\x00\x00\x00'
3.815 Disassembled: source: 56693, dest: 24279, seq: 92, ack: 3028077389, window: 1448, ACK
3.815 Acknowledged seq: 3028075941
3.815 Assembling: source: 24279, dest: 56693, seq: 3028077389, ack: 93, window: 1448, data: "endo at. Qui id "...
3.816 Sent: b'^\xd7\xddu\xb4|\xcbM\x00\x00\x00]P\x00\x05\xa8\x00\x00\x00\x00endo at. Qui id '...
3.817 Received: b'\xddu^\xd7\x00\x00\x00\\\xb4|\xd0\xf5P\x10\x05\xa8\x00\x00\x00\x00'
3.818 Disassembled: source: 56693, dest: 24279, seq: 92, ack: 3028078837, window: 1448, ACK
3.818 Acknowledged seq: 3028077389
3.818 Assembling: source: 24279, dest: 56693, seq: 3028078837, ack: 93, window: 1448, data: "ota nostrum et p"...
3.819 Sent: b'^\xd7\xddu\xb4|\xd0\xf5\x00\x00\x00]P\x00\x05\xa8\x00\x00\x00\x00ota nostrum et p'...
3.821 Received: b'\xddu^\xd7\x00\x00\x00\\\xb4|\xd6\x9dP\x10\x05\xa8\x00\x00\x00\x00'
3.821 Disassembled: source: 56693, dest: 24279, seq: 92, ack: 3028080285, window: 1448, ACK
3.821 Acknowledged seq: 3028078837
3.822 Assembling: source: 24279, dest: 56693, seq: 3028080285, ack: 93, window: 1448, data: "deseruisse id. P"...
3.822 Sent: b'^\xd7\xddu\xb4|\xd6\x9d\x00\x00\x00]P\x00\x05\xa8\x00\x00\x00\x00deseruisse id. P'...
3.824 Received: b'\xddu^\xd7\x00\x00\x00\\\xb4|\xdcEP\x10\x05\xa8\x00\x00\x00\x00'
3.825 Disassembled: source: 56693, dest: 24279, seq: 92, ack: 3028081733, window: 1448, ACK
3.825 Acknowledged seq: 3028080285
3.825 Assembling: source: 24279, dest: 56693, seq: 3028081733, ack: 93, window: 1448, data: "odo munere imper"...
3.826 Sent: b'^\xd7\xddu\xb4|\xdcE\x00\x00\x00]P\x00\x05\xa8\x00\x00\x00\x00odo munere imper'...
3.827 Received: b'\xddu^\xd7\x00\x00\x00\\\xb4|\xe1\xedP\x10\x05\xa8\x00\x00\x00\x00'
3.828 Disassembled: source: 56693, dest: 24279, seq: 92, ack: 3028083181, window: 1448, ACK
3.828 Acknowledged seq: 3028081733
3.828 Assembling: source: 24279, dest: 56693, seq: 3028083181, ack: 93, window: 1448, data: "cimates cum, tib"...
3.829 Sent: b'^\xd7\xddu\xb4|\xe1\xed\x00\x00\x00]P\x00\x05\xa8\x00\x00\x00\x00cimates cum, tib'...
3.831 Failed to receive packet
4.329 Sent: b'^\xd7\xddu\xb4|\xe1\xed\x00\x00\x00]P\x00\x05\xa8\x00\x00\x00\x00cimates cum, tib'...
4.332 Received: b'\xddu^\xd7\x00\x00\x00\\\xb4|\xe7\x95P\x10\x05\xa8\x00\x00\x00\x00'
4.333 Disassembled: source: 56693, dest: 24279, seq: 92, ack: 3028084629, window: 1448, ACK
4.333 Acknowledged seq: 3028083181
4.333 Assembling: source: 24279, dest: 56693, seq: 3028084629, ack: 93, window: 1448, data: "tiopam molestiae"...
4.333 Failed to send packet
4.834 Sent: b'^\xd7\xddu\xb4|\xe7\x95\x00\x00\x00]P\x00\x05\xa8\x00\x00\x00\x00tiopam molestiae'...
4.837 Received: b'\xddu^\xd7\x00\x00\x00\\\xb4|\xed=P\x10\x05\xa8\x00\x00\x00\x00'
4.837 Disassembled: source: 56693, dest: 24279, seq: 92, ack: 3028086077, window: 1448, ACK
4.838 Acknowledged seq: 3028084629
4.838 Assembling: source: 24279, dest: 56693, seq: 3028086077, ack: 93, window: 1448, data: "possim qui no, v"...
4.838 Sent: b'^\xd7\xddu\xb4|\xed=\x00\x00\x00]P\x00\x05\xa8\x00\x00\x00\x00possim qui no, v'...
4.841 Received: b'\xddu^\xd7\x00\x00\x00\\\xb4|\xf2\xe5P\x10\x05\xa8\x00\x00\x00\x00'
4.842 Disassembled: source: 56693, dest: 24279, seq: 92, ack: 3028087525, window: 1448, ACK
4.842 Acknowledged seq: 3028086077
4.842 Assembling: source: 24279, dest: 56693, seq: 3028087525, ack: 93, window: 1448, data: " ex utinam parti"...
4.843 Sent: b'^\xd7\xddu\xb4|\xf2\xe5\x00\x00\x00]P\x00\x05\xa8\x00\x00\x00\x00 ex utinam parti'...
4.846 Received: b'\xddu^\xd7\x00\x00\x00\\\xb4|\xf8\x8dP\x10\x05\xa8\x00\x00\x00\x00'
4.846 Disassembled: source: 56693, dest: 24279, seq: 92, ack: 3028088973, window: 1448, ACK
4.846 Acknowledged seq: 3028087525
4.847 Assembling: source: 24279, dest: 56693, seq: 3028088973, ack: 93, window: 1448, data: "icus in his. Pri"...
4.847 Sent: b'^\xd7\xddu\xb4|\xf8\x8d\x00\x00\x00]P\x00\x05\xa8\x00\x00\x00\x00icus in his. Pri'...
4.850 Failed to receive packet
5.348 Sent: b'^\xd7\xddu\xb4|\xf8\x8d\x00\x00\x00]P\x00\x05\xa8\x00\x00\x00\x00icus in his. Pri'...
5.350 Received: b'\xddu^\xd7\x00\x00\x00\\\xb4|\xfe5P\x10\x05\xa8\x00\x00\x00\x00'
5.351 Disassembled: source: 56693, dest: 24279, seq: 92, ack: 3028090421, window: 1448, ACK
5.351 Acknowledged seq: 3028088973
5.351 Assembling: source: 24279, dest: 56693, seq: 3028090421, ack: 93, window: 1448, data: "iis et.

Ius cu "...
5.352 Sent: b'^\xd7\xddu\xb4|\xfe5\x00\x00\x00]P\x00\x05\xa8\x00\x00\x00\x00iis et.\n\nIus cu '...
5.355 Received: b'\xddu^\xd7\x00\x00\x00\\\xb4}\x03\xddP\x10\x05\xa8\x00\x00\x00\x00'
5.355 Disassembled: source: 56693, dest: 24279, seq: 92, ack: 3028091869, window: 1448, ACK
5.356 Acknowledged seq: 3028090421
5.356 Assembling: source: 24279, dest: 56693, seq: 3028091869, ack: 93, window: 1448, data: "e interesset.

T"...
5.356 Sent: b'^\xd7\xddu\xb4}\x03\xdd\x00\x00\x00]P\x00\x05\xa8\x00\x00\x00\x00e interesset.\n\nT'...
5.359 Received: b'\xddu^\xd7\x00\x00\x00\\\xb4}\t\x85P\x10\x05\xa8\x00\x00\x00\x00'
5.360 Disassembled: source: 56693, dest: 24279, seq: 92, ack: 3028093317, window: 1448, ACK
5.360 Acknowledged seq: 3028091869
5.360 Assembling: source: 24279, dest: 56693, seq: 3028093317, ack: 93, window: 1448, data: "pro alia volutpa"...
5.361 Sent: b'^\xd7\xddu\xb4}\t\x85\x00\x00\x00]P\x00\x05\xa8\x00\x00\x00\x00pro alia volutpa'...
5.364 Received: b'\xddu^\xd7\x00\x00\x00\\\xb4}\x0f-P\x10\x05\xa8\x00\x00\x00\x00'
5.364 Disassembled: source: 56693, dest: 24279, seq: 92, ack: 3028094765, window: 1448, ACK
5.365 Acknowledged seq: 3028093317
5.365 Assembling: source: 24279, dest: 56693, seq: 3028094765, ack: 93, window: 1448, data: " libris equidem "...
5.365 Sent: b'^\xd7\xddu\xb4}\x0f-\x00\x00\x00]P\x00\x05\xa8\x00\x00\x00\x00 libris equidem '...
5.367 Received: b'\xddu^\xd7\x00\x00\x00\\\xb4}\x14\xd5P\x10\x05\xa8\x00\x00\x00\x00'
5.368 Disassembled: source: 56693, dest: 24279, seq: 92, ack: 3028096213, window: 1448, ACK
5.368 Acknowledged seq: 3028094765
5.368 Assembling: source: 24279, dest: 56693, seq: 3028096213, ack: 93, window: 1448, data: "uavitate volupta"...
5.369 Sent: b'^\xd7\xddu\xb4}\x14\xd5\x00\x00\x00]P\x00\x05\xa8\x00\x00\x00\x00uavitate volupta'...
5.371 Received: b'\xddu^\xd7\x00\x00\x00\\\xb4}\x1a}P\x10\x05\xa8\x00\x00\x00\x00'
5.371 Disassembled: source: 56693, dest: 24279, seq: 92, ack: 3028097661, window: 1448, ACK
5.371 Acknowledged seq: 3028096213
5.371 Assembling: source: 24279, dest: 56693, seq: 3028097661, ack: 93, window: 1448, data: " Detraxit defini"...
5.372 Sent: b'^\xd7\xddu\xb4}\x1a}\x00\x00\x00]P\x00\x05\xa8\x00\x00\x00\x00 Detraxit defini'...
5.374 Received: b'\xddu^\xd7\x00\x00\x00\\\xb4} %P\x10\x05\xa8\x00\x00\x00\x00'
5.374 Disassembled: source: 56693, dest: 24279, seq: 92, ack: 3028099109, window: 1448, ACK
5.375 Acknowledged seq: 3028097661
5.375 Assembling: source: 24279, dest: 56693, seq: 3028099109, ack: 93, window: 1448, data: "aesent mei. Quo "...
5.375 Sent: b'^\xd7\xddu\xb4} %\x00\x00\x00]P\x00\x05\xa8\x00\x00\x00\x00aesent mei. Quo '...
5.377 Received: b'\xddu^\xd7\x00\x00\x00\\\xb4}%\xcdP\x10\x05\xa8\x00\x00\x00\x00'
5.378 Disassembled: source: 56693, dest: 24279, seq: 92, ack: 3028100557, window: 1448, ACK
5.378 Acknowledged seq: 3028099109
5.378 Assembling: source: 24279, dest: 56693, seq: 3028100557, ack: 93, window: 1448, data: "nterpretaris no "...
5.379 Sent: b'^\xd7\xddu\xb4}%\xcd\x00\x00\x00]P\x00\x05\xa8\x00\x00\x00\x00nterpretaris no '...
5.381 Received: b'\xddu^\xd7\x00\x00\x00\\\xb4}+uP\x10\x05\xa8\x00\x00\x00\x00'
5.381 Disassembled: source: 56693, dest: 24279, seq: 92, ack: 3028102005, window: 1448, ACK
5.382 Acknowledged seq: 3028100557
5.382 Assembling: source: 24279, dest: 56693, seq: 3028102005, ack: 93, window: 1448, data: "patrioque has. I"...
5.382 Sent: b'^\xd7\xddu\xb4}+u\x00\x00\x00]P\x00\x05\xa8\x00\x00\x00\x00patrioque has. I'...
5.384 Received: b'\xddu^\xd7\x00\x00\x00\\\xb4}1\x1dP\x10\x05\xa8\x00\x00\x00\x00'
5.385 Disassembled: source: 56693, dest: 24279, seq: 92, ack: 3028103453, window: 1448, ACK
5.385 Acknowledged seq: 3028102005
5.385 Assembling: source: 24279, dest: 56693, seq: 3028103453, ack: 93, window: 1448, data: "ossit repudianda"...
5.386 Sent: b'^\xd7\xddu\xb4}1\x1d\x00\x00\x00]P\x00\x05\xa8\x00\x00\x00\x00ossit repudianda'...
5.388 Received: b'\xddu^\xd7\x00\x00\x00\\\xb4}6\xc5P\x10\x05\xa8\x00\x00\x00\x00'
5.388 Disassembled: source: 56693, dest: 24279, seq: 92, ack: 3028104901, window: 1448, ACK
5.389 Acknowledged seq: 3028103453
5.389 Assembling: source: 24279, dest: 56693, seq: 3028104901, ack: 93, window: 1448, data: "ora consequuntur"...
5.389 Failed to send packet
5.890 Sent: b'^\xd7\xddu\xb4}6\xc5\x00\x00\x00]P\x00\x05\xa8\x00\x00\x00\x00ora consequuntur'...
5.893 Received: b'\xddu^\xd7\x00\x00\x00\\\xb4}<mP\x10\x05\xa8\x00\x00\x00\x00'
5.893 Disassembled: source: 56693, dest: 24279, seq: 92, ack: 3028106349, window: 1448, ACK
5.894 Acknowledged seq: 3028104901
5.894 Assembling: source: 24279, dest: 56693, seq: 3028106349, ack: 93, window: 1448, data: "ctus conceptam a"...
5.894 Sent: b'^\xd7\xddu\xb4}<m\x00\x00\x00]P\x00\x05\xa8\x00\x00\x00\x00ctus conceptam a'...
5.897 Received: b'\xddu^\xd7\x00\x00\x00\\\xb4}B\x15P\x10\x05\xa8\x00\x00\x00\x00'
5.898 Disassembled: source: 56693, dest: 24279, seq: 92, ack: 3028107797, window: 1448, ACK
5.898 Acknowledged seq: 3028106349
5.898 Assembling: source: 24279, dest: 56693, seq: 3028107797, ack: 93, window: 1448, data: " aeterno te, ne "...
5.899 Sent: b'^\xd7\xddu\xb4}B\x15\x00\x00\x00]P\x00\x05\xa8\x00\x00\x00\x00 aeterno te, ne '...
5.902 Received: b'\xddu^\xd7\x00\x00\x00\\\xb4}G\xbdP\x10\x05\xa8\x00\x00\x00\x00'
5.902 Disassembled: source: 56693, dest: 24279, seq: 92, ack: 3028109245, window: 1448, ACK
5.902 Acknowledged seq: 3028107797
5.903 Assembling: source: 24279, dest: 56693, seq: 3028109245, ack: 93, window: 1448, data: "imis oporteat di"...
5.903 Sent: b'^\xd7\xddu\xb4}G\xbd\x00\x00\x00]P\x00\x05\xa8\x00\x00\x00\x00imis oporteat di'...
5.906 Received: b'\xddu^\xd7\x00\x00\x00\\\xb4}MeP\x10\x05\xa8\x00\x00\x00\x00'
5.907 Disassembled: source: 56693, dest: 24279, seq: 92, ack: 3028110693, window: 1448, ACK
5.907 Acknowledged seq: 3028109245
5.907 Assembling: source: 24279, dest: 56693, seq: 3028110693, ack: 93, window: 1448, data: "re. Has virtute "...
5.908 Sent: b'^\xd7\xddu\xb4}Me\x00\x00\x00]P\x00\x05\xa8\x00\x00\x00\x00re. Has virtute '...
5.910 Received: b'\xddu^\xd7\x00\x00\x00\\\xb4}S\rP\x10\x05\xa8\x00\x00\x00\x00'
5.910 Disassembled: source: 56693, dest: 24279, seq: 92, ack: 3028112141, window: 1448, ACK
5.910 Acknowledged seq: 3028110693
5.911 Assembling: source: 24279, dest: 56693, seq: 3028112141, ack: 93, window: 1448, data: " eum ancillae no"...
5.911 Sent: b'^\xd7\xddu\xb4}S\r\x00\x00\x00]P\x00\x05\xa8\x00\x00\x00\x00 eum ancillae no'...
5.913 Received: b'\xddu^\xd7\x00\x00\x00\\\xb4}X\xb5P\x10\x05\xa8\x00\x00\x00\x00'
5.914 Disassembled: source: 56693, dest: 24279, seq: 92, ack: 3028113589, window: 1448, ACK
5.914 Acknowledged seq: 3028112141
5.914 Assembling: source: 24279, dest: 56693, seq: 3028113589, ack: 93, window: 1448, data: "ppareat ius. At "...
5.915 Sent: b'^\xd7\xddu\xb4}X\xb5\x00\x00\x00]P\x00\x05\xa8\x00\x00\x00\x00ppareat ius. At '...
5.916 Received: b'\xddu^\xd7\x00\x00\x00\\\xb4}^]P\x10\x05\xa8\x00\x00\x00\x00'
5.917 Disassembled: source: 56693, dest: 24279, seq: 92, ack: 3028115037, window: 1448, ACK
5.917 Acknowledged seq: 3028113589
5.917 Assembling: source: 24279, dest: 56693, seq: 3028115037, ack: 93, window: 1448, data: ", vero appellant"...
5.918 Sent: b'^\xd7\xddu\xb4}^]\x00\x00\x00]P\x00\x05\xa8\x00\x00\x00\x00, vero appellant'...
5.920 Received: b'\xddu^\xd7\x00\x00\x00\\\xb4}d\x05P\x10\x05\xa8\x00\x00\x00\x00'
5.920 Disassembled: source: 56693, dest: 24279, seq: 92, ack: 3028116485, window: 1448, ACK
5.921 Acknowledged seq: 3028115037
5.921 Assembling: source: 24279, dest: 56693, seq: 3028116485, ack: 93, window: 1448, data: "ibo quando copio"...
5.921 Sent: b'^\xd7\xddu\xb4}d\x05\x00\x00\x00]P\x00\x05\xa8\x00\x00\x00\x00ibo quando copio'...
5.923 Received: b'\xddu^\xd7\x00\x00\x00\\\xb4}i\xadP\x10\x05\xa8\x00\x00\x00\x00'
5.924 Disassembled: source: 56693, dest: 24279, seq: 92, ack: 3028117933, window: 1448, ACK
5.924 Acknowledged seq: 3028116485
5.924 Assembling: source: 24279, dest: 56693, seq: 3028117933, ack: 93, window: 1448, data: " maluisset. Sit "...
5.925 Failed to send packet
6.425 Sent: b'^\xd7\xddu\xb4}i\xad\x00\x00\x00]P\x00\x05\xa8\x00\x00\x00\x00 maluisset. Sit '...
6.428 Received: b'\xddu^\xd7\x00\x00\x00\\\xb4}oUP\x10\x05\xa8\x00\x00\x00\x00'
6.429 Disassembled: source: 56693, dest: 24279, seq: 92, ack: 3028119381, window: 1448, ACK
6.429 Acknowledged seq: 3028117933
6.429 Assembling: source: 24279, dest: 56693, seq: 3028119381, ack: 93, window: 1448, data: "e ceteros albuci"...
6.430 Sent: b'^\xd7\xddu\xb4}oU\x00\x00\x00]P\x00\x05\xa8\x00\x00\x00\x00e ceteros albuci'...
6.433 Received: b'\xddu^\xd7\x00\x00\x00\\\xb4}t\xfdP\x10\x05\xa8\x00\x00\x00\x00'
6.433 Disassembled: source: 56693, dest: 24279, seq: 92, ack: 3028120829, window: 1448, ACK
6.433 Acknowledged seq: 3028119381
6.434 Assembling: source: 24279, dest: 56693, seq: 3028120829, ack: 93, window: 1448, data: "complectitur sea"...
6.434 Sent: b'^\xd7\xddu\xb4}t\xfd\x00\x00\x00]P\x00\x05\xa8\x00\x00\x00\x00complectitur sea'...
6.436 Received: b'\xddu^\xd7\x00\x00\x00\\\xb4}z\xa5P\x10\x05\xa8\x00\x00\x00\x00'
6.437 Disassembled: source: 56693, dest: 24279, seq: 92, ack: 3028122277, window: 1448, ACK
6.437 Acknowledged seq: 3028120829
6.437 Finished reading file
6.437 Assembling: source: 24279, dest: 56693, seq: 3028122277, ack: 93, window: 1448, data: "tempor ex ius. E"...
6.438 Sent: b'^\xd7\xddu\xb4}z\xa5\x00\x00\x00]P\x00\x05\xa8\x00\x00\x00\x00tempor ex ius. E'...
6.440 Failed to receive packet
6.938 Sent: b'^\xd7\xddu\xb4}z\xa5\x00\x00\x00]P\x00\x05\xa8\x00\x00\x00\x00tempor ex ius. E'...
7.439 Failed to send packet
7.939 Sent: b'^\xd7\xddu\xb4}z\xa5\x00\x00\x00]P\x00\x05\xa8\x00\x00\x00\x00tempor ex ius. E'...
8.439 Sent: b'^\xd7\xddu\xb4}z\xa5\x00\x00\x00]P\x00\x05\xa8\x00\x00\x00\x00tempor ex ius. E'...
8.940 Sent: b'^\xd7\xddu\xb4}z\xa5\x00\x00\x00]P\x00\x05\xa8\x00\x00\x00\x00tempor ex ius. E'...
9.440 Error: Connection timed out
9.440 Closed connection
9.443 Shutting down
