0.000 NEW RUN: Server, TEST: Read_file__Large_multi-packet
0.076 Received: b' "\x1d\xf3\x00\x00\x00\x16\x00\x00\x00\x00P\x02\x05\xa8\x00\x00\x00\x00'
0.077 Disassembled: source: 8226, dest: 7667, seq: 22, window: 1448, SYN
0.078 SYN accepted; new connection: 127.0.0.1 on port 8226
0.078 Assembling: source: 7667, dest: 8226, seq: 2969483720, ack: 23, window: 1448, ACK, SYN
0.078 Sent: b'\x1d\xf3 "\xb0\xfe\xb9\xc8\x00\x00\x00\x17P\x12\x05\xa8\x00\x00\x00\x00'
0.082 Received: b' "\x1d\xf3\x00\x00\x00\x17\xb0\xfe\xb9\xc9P\x10\x05\xa8\x00\x00\x00\x00'
0.082 Disassembled: source: 8226, dest: 7667, seq: 23, ack: 2969483721, window: 1448, ACK
0.082 Handshake complete
0.082 Acknowledged seq: 2969483720
0.083 Assembling: source: 7667, dest: 8226, seq: 2969483721, ack: 24, window: 1448, data: "Lorem ipsum dolo"...
0.083 Sent: b'\x1d\xf3 "\xb0\xfe\xb9\xc9\x00\x00\x00\x18P\x00\x05\xa8\x00\x00\x00\x00Lorem ipsum dolo'...
0.086 Received: b' "\x1d\xf3\x00\x00\x00\x17\xb0\xfe\xbfqP\x10\x05\xa8\x00\x00\x00\x00'
0.086 Disassembled: source: 8226, dest: 7667, seq: 23, ack: 2969485169, window: 1448, ACK
0.087 Acknowledged seq: 2969483721
0.087 Assembling: source: 7667, dest: 8226, seq: 2969485169, ack: 24, window: 1448, data: "mprehensam nam, "...
0.087 Sent: b'\x1d\xf3 "\xb0\xfe\xbfq\x00\x00\x00\x18P\x00\x05\xa8\x00\x00\x00\x00mprehensam nam, '...
0.090 Received: b' "\x1d\xf3\x00\x00\x00\x17\xb0\xfe\xc5\x19P\x10\x05\xa8\x00\x00\x00\x00'
0.091 Disassembled: source: 8226, dest: 7667, seq: 23, ack: 2969486617, window: 1448, ACK
0.091 Acknowledged seq: 2969485169
0.091 Assembling: source: 7667, dest: 8226, seq: 2969486617, ack: 24, window: 1448, data: "ilisi repudiare "...
0.092 Sent: b'\x1d\xf3 "\xb0\xfe\xc5\x19\x00\x00\x00\x18P\x00\x05\xa8\x00\x00\x00\x00ilisi repudiare '...
0.094 Received: b' "\x1d\xf3\x00\x00\x00\x17\xb0\xfe\xca\xc1P\x10\x05\xa8\x00\x00\x00\x00'
0.094 Disassembled: source: 8226, dest: 7667, seq: 23, ack: 2969488065, window: 1448, ACK
0.094 Acknowledged seq: 2969486617
0.095 Assembling: source: 7667, dest: 8226, seq: 2969488065, ack: 24, window: 1448, data: "ta.

Et essent s"...
0.095 Sent: b'\x1d\xf3 "\xb0\xfe\xca\xc1\x00\x00\x00\x18P\x00\x05\xa8\x00\x00\x00\x00ta.\n\nEt essent s'...
0.098 Received: b' "\x1d\xf3\x00\x00\x00\x17\xb0\xfe\xd0iP\x10\x05\xa8\x00\x00\x00\x00'
0.098 Disassembled: source: 8226, dest: 7667, seq: 23, ack: 2969489513, window: 1448, ACK
0.099 Acknowledged seq: 2969488065
0.099 Assembling: source: 7667, dest: 8226, seq: 2969489513, ack: 24, window: 1448, data: " Nihil tractatos"...
0.099 Sent: b'\x1d\xf3 "\xb0\xfe\xd0i\x00\x00\x00\x18P\x00\x05\xa8\x00\x00\x00\x00 Nihil tractatos'...
0.102 Received: b' "\x1d\xf3\x00\x00\x00\x17\xb0\xfe\xd6\x11P\x10\x05\xa8\x00\x00\x00\x00'
0.103 Disassembled: source: 8226, dest: 7667, seq: 23, ack: 2969490961, window: 1448, ACK
0.103 Acknowledged seq: 2969489513
0.103 Assembling: source: 7667, dest: 8226, seq: 2969490961, ack: 24, window: 1448, data: "fert iuvaret sap"...
0.104 Sent: b'\x1d\xf3 "\xb0\xfe\xd6\x11\x00\x00\x00\x18P\x00\x05\xa8\x00\x00\x00\x00fert iuvaret sap'...
0.107 Received: b' "\x1d\xf3\x00\x00\x00\x17\xb0\xfe\xdb\xb9P\x10\x05\xa8\x00\x00\x00\x00'
0.107 Disassembled: source: 8226, dest: 7667, seq: 23, ack: 2969492409, window: 1448, ACK
0.107 Acknowledged seq: 2969490961
0.108 Assembling: source: 7667, dest: 8226, seq: 2969492409, ack: 24, window: 1448, data: "ram adipiscing, "...
0.108 Sent: b'\x1d\xf3 "\xb0\xfe\xdb\xb9\x00\x00\x00\x18P\x00\x05\xa8\x00\x00\x00\x00ram adipiscing, '...
0.110 Received: b' "\x1d\xf3\x00\x00\x00\x17\xb0\xfe\xe1aP\x10\x05\xa8\x00\x00\x00\x00'
0.110 Disassembled: source: 8226, dest: 7667, seq: 23, ack: 2969493857, window: 1448, ACK
0.111 Acknowledged seq: 2969492409
0.111 Assembling: source: 7667, dest: 8226, seq: 2969493857, ack: 24, window: 1448, data: "m veritus vivend"...
0.111 Sent: b'\x1d\xf3 "\xb0\xfe\xe1a\x00\x00\x00\x18P\x00\x05\xa8\x00\x00\x00\x00m veritus vivend'...
0.113 Received: b' "\x1d\xf3\x00\x00\x00\x17\xb0\xfe\xe7\tP\x10\x05\xa8\x00\x00\x00\x00'
0.113 Disassembled: source: 8226, dest: 7667, seq: 23, ack: 2969495305, window: 1448, ACK
0.114 Acknowledged seq: 2969493857
0.114 Assembling: source: 7667, dest: 8226, seq: 2969495305, ack: 24, window: 1448, data: " delenit, ignota"...
0.114 Sent: b'\x1d\xf3 "\xb0\xfe\xe7\t\x00\x00\x00\x18P\x00\x05\xa8\x00\x00\x00\x00 delenit, ignota'...
0.116 Received: b' "\x1d\xf3\x00\x00\x00\x17\xb0\xfe\xec\xb1P\x10\x05\xa8\x00\x00\x00\x00'
0.117 Disassembled: source: 8226, dest: 7667, seq: 23, ack: 2969496753, window: 1448, ACK
0.117 Acknowledged seq: 2969495305
0.117 Assembling: source: 7667, dest: 8226, seq: 2969496753, ack: 24, window: 1448, data: "se explicari des"...
0.117 Sent: b'\x1d\xf3 "\xb0\xfe\xec\xb1\x00\x00\x00\x18P\x00\x05\xa8\x00\x00\x00\x00se explicari des'...
0.119 Received: b' "\x1d\xf3\x00\x00\x00\x17\xb0\xfe\xf2YP\x10\x05\xa8\x00\x00\x00\x00'
0.120 Disassembled: source: 8226, dest: 7667, seq: 23, ack: 2969498201, window: 1448, ACK
0.120 Acknowledged seq: 2969496753
0.120 Assembling: source: 7667, dest: 8226, seq: 2969498201, ack: 24, window: 1448, data: "piscing, in modo"...
0.121 Sent: b'\x1d\xf3 "\xb0\xfe\xf2Y\x00\x00\x00\x18P\x00\x05\xa8\x00\x00\x00\x00piscing, in modo'...
0.123 Received: b' "\x1d\xf3\x00\x00\x00\x17\xb0\xfe\xf8\x01P\x10\x05\xa8\x00\x00\x00\x00'
0.123 Disassembled: source: 8226, dest: 7667, seq: 23, ack: 2969499649, window: 1448, ACK
0.123 Acknowledged seq: 2969498201
0.124 Assembling: source: 7667, dest: 8226, seq: 2969499649, ack: 24, window: 1448, data: "o copiosae tacim"...
0.124 Sent: b'\x1d\xf3 "\xb0\xfe\xf8\x01\x00\x00\x00\x18P\x00\x05\xa8\x00\x00\x00\x00o copiosae tacim'...
0.126 Received: b' "\x1d\xf3\x00\x00\x00\x17\xb0\xfe\xfd\xa9P\x10\x05\xa8\x00\x00\x00\x00'
0.127 Disassembled: source: 8226, dest: 7667, seq: 23, ack: 2969501097, window: 1448, ACK
0.127 Acknowledged seq: 2969499649
0.127 Assembling: source: 7667, dest: 8226, seq: 2969501097, ack: 24, window: 1448, data: "am. Pri ne antio"...
0.127 Sent: b'\x1d\xf3 "\xb0\xfe\xfd\xa9\x00\x00\x00\x18P\x00\x05\xa8\x00\x00\x00\x00am. Pri ne antio'...
0.129 Received: b' "\x1d\xf3\x00\x00\x00\x17\xb0\xff\x03QP\x10\x05\xa8\x00\x00\x00\x00'
0.130 Disassembled: source: 8226, dest: 7667, seq: 23, ack: 2969502545, window: 1448, ACK
0.130 Acknowledged seq: 2969501097
0.130 Assembling: source: 7667, dest: 8226, seq: 2969502545, ack: 24, window: 1448, data: "to no. Elitr pos"...
0.131 Sent: b'\x1d\xf3 "\xb0\xff\x03Q\x00\x00\x00\x18P\x00\x05\xa8\x00\x00\x00\x00to no. Elitr pos'...
0.133 Received: b' "\x1d\xf3\x00\x00\x00\x17\xb0\xff\x08\xf9P\x10\x05\xa8\x00\x00\x00\x00'
0.133 Disassembled: source: 8226, dest: 7667, seq: 23, ack: 2969503993, window: 1448, ACK
0.133 Acknowledged seq: 2969502545
0.134 Assembling: source: 7667, dest: 8226, seq: 2969503993, ack: 24, window: 1448, data: "pretaris, sea ex"...
0.134 Sent: b'\x1d\xf3 "\xb0\xff\x08\xf9\x00\x00\x00\x18P\x00\x05\xa8\x00\x00\x00\x00pretaris, sea ex'...
0.136 Received: b' "\x1d\xf3\x00\x00\x00\x17\xb0\xff\x0e\xa1P\x10\x05\xa8\x00\x00\x00\x00'
0.137 Disassembled: source: 8226, dest: 7667, seq: 23, ack: 2969505441, window: 1448, ACK
0.137 Acknowledged seq: 2969503993
0.137 Assembling: source: 7667, dest: 8226, seq: 2969505441, ack: 24, window: 1448, data: "oporteat inimicu"...
0.138 Sent: b'\x1d\xf3 "\xb0\xff\x0e\xa1\x00\x00\x00\x18P\x00\x05\xa8\x00\x00\x00\x00oporteat inimicu'...
0.140 Received: b' "\x1d\xf3\x00\x00\x00\x17\xb0\xff\x14IP\x10\x05\xa8\x00\x00\x00\x00'
0.140 Disassembled: source: 8226, dest: 7667, seq: 23, ack: 2969506889, window: 1448, ACK
0.140 Acknowledged seq: 2969505441
0.141 Assembling: source: 7667, dest: 8226, seq: 2969506889, ack: 24, window: 1448, data: "ligendi officiis"...
0.141 Sent: b'\x1d\xf3 "\xb0\xff\x14I\x00\x00\x00\x18P\x00\x05\xa8\x00\x00\x00\x00ligendi officiis'...
0.143 Received: b' "\x1d\xf3\x00\x00\x00\x17\xb0\xff\x19\xf1P\x10\x05\xa8\x00\x00\x00\x00'
0.143 Disassembled: source: 8226, dest: 7667, seq: 23, ack: 2969508337, window: 1448, ACK
0.144 Acknowledged seq: 2969506889
0.144 Assembling: source: 7667, dest: 8226, seq: 2969508337, ack: 24, window: 1448, data: "no vel regione i"...
0.144 Sent: b'\x1d\xf3 "\xb0\xff\x19\xf1\x00\x00\x00\x18P\x00\x05\xa8\x00\x00\x00\x00no vel regione i'...
0.146 Received: b' "\x1d\xf3\x00\x00\x00\x17\xb0\xff\x1f\x99P\x10\x05\xa8\x00\x00\x00\x00'
0.147 Disassembled: source: 8226, dest: 7667, seq: 23, ack: 2969509785, window: 1448, ACK
0.147 Acknowledged seq: 2969508337
0.147 Assembling: source: 7667, dest: 8226, seq: 2969509785, ack: 24, window: 1448, data: "ibus vis ex, pro"...
0.148 Sent: b'\x1d\xf3 "\xb0\xff\x1f\x99\x00\x00\x00\x18P\x00\x05\xa8\x00\x00\x00\x00ibus vis ex, pro'...
0.149 Received: b' "\x1d\xf3\x00\x00\x00\x17\xb0\xff%AP\x10\x05\xa8\x00\x00\x00\x00'
0.150 Disassembled: source: 8226, dest: 7667, seq: 23, ack: 2969511233, window: 1448, ACK
0.150 Acknowledged seq: 2969509785
0.150 Assembling: source: 7667, dest: 8226, seq: 2969511233, ack: 24, window: 1448, data: "o vix, mel ea li"...
0.151 Sent: b'\x1d\xf3 "\xb0\xff%A\x00\x00\x00\x18P\x00\x05\xa8\x00\x00\x00\x00o vix, mel ea li'...
0.153 Received: b' "\x1d\xf3\x00\x00\x00\x17\xb0\xff*\xe9P\x10\x05\xa8\x00\x00\x00\x00'
0.153 Disassembled: source: 8226, dest: 7667, seq: 23, ack: 2969512681, window: 1448, ACK
0.153 Acknowledged seq: 2969511233
0.154 Assembling: source: 7667, dest: 8226, seq: 2969512681, ack: 24, window: 1448, data: "d. Ex fugit suav"...
0.154 Sent: b'\x1d\xf3 "\xb0\xff*\xe9\x00\x00\x00\x18P\x00\x05\xa8\x00\x00\x00\x00d. Ex fugit suav'...
0.156 Received: b' "\x1d\xf3\x00\x00\x00\x17\xb0\xff0\x91P\x10\x05\xa8\x00\x00\x00\x00'
0.157 Disassembled: source: 8226, dest: 7667, seq: 23, ack: 2969514129, window: 1448, ACK
0.157 Acknowledged seq: 2969512681
0.157 Assembling: source: 7667, dest: 8226, seq: 2969514129, ack: 24, window: 1448, data: "pertinax nec. De"...
0.158 Sent: b'\x1d\xf3 "\xb0\xff0\x91\x00\x00\x00\x18P\x00\x05\xa8\x00\x00\x00\x00pertinax nec. De'...
0.160 Received: b' "\x1d\xf3\x00\x00\x00\x17\xb0\xff69P\x10\x05\xa8\x00\x00\x00\x00'
0.160 Disassembled: source: 8226, dest: 7667, seq: 23, ack: 2969515577, window: 1448, ACK
0.160 Acknowledged seq: 2969514129
0.161 Assembling: source: 7667, dest: 8226, seq: 2969515577, ack: 24, window: 1448, data: "lli primis praes"...
0.161 Sent: b'\x1d\xf3 "\xb0\xff69\x00\x00\x00\x18P\x00\x05\xa8\x00\x00\x00\x00lli primis praes'...
0.163 Received: b' "\x1d\xf3\x00\x00\x00\x17\xb0\xff;\xe1P\x10\x05\xa8\x00\x00\x00\x00'
0.164 Disassembled: source: 8226, dest: 7667, seq: 23, ack: 2969517025, window: 1448, ACK
0.164 Acknowledged seq: 2969515577
0.164 Assembling: source: 7667, dest: 8226, seq: 2969517025, ack: 24, window: 1448, data: "m, percipit inte"...
0.164 Sent: b'\x1d\xf3 "\xb0\xff;\xe1\x00\x00\x00\x18P\x00\x05\xa8\x00\x00\x00\x00m, percipit inte'...
0.166 Received: b' "\x1d\xf3\x00\x00\x00\x17\xb0\xffA\x89P\x10\x05\xa8\x00\x00\x00\x00'
0.167 Disassembled: source: 8226, dest: 7667, seq: 23, ack: 2969518473, window: 1448, ACK
0.167 Acknowledged seq: 2969517025
0.167 Assembling: source: 7667, dest: 8226, seq: 2969518473, ack: 24, window: 1448, data: "nani docendi pat"...
0.168 Sent: b'\x1d\xf3 "\xb0\xffA\x89\x00\x00\x00\x18P\x00\x05\xa8\x00\x00\x00\x00nani docendi pat'...
0.170 Received: b' "\x1d\xf3\x00\x00\x00\x17\xb0\xffG1P\x10\x05\xa8\x00\x00\x00\x00'
0.170 Disassembled: source: 8226, dest: 7667, seq: 23, ack: 2969519921, window: 1448, ACK
0.170 Acknowledged seq: 2969518473
0.170 Assembling: source: 7667, dest: 8226, seq: 2969519921, ack: 24, window: 1448, data: " vis decore poss"...
0.171 Sent: b'\x1d\xf3 "\xb0\xffG1\x00\x00\x00\x18P\x00\x05\xa8\x00\x00\x00\x00 vis decore poss'...
0.173 Received: b' "\x1d\xf3\x00\x00\x00\x17\xb0\xffL\xd9P\x10\x05\xa8\x00\x00\x00\x00'
0.173 Disassembled: source: 8226, dest: 7667, seq: 23, ack: 2969521369, window: 1448, ACK
0.173 Acknowledged seq: 2969519921
0.174 Assembling: source: 7667, dest: 8226, seq: 2969521369, ack: 24, window: 1448, data: "eam odio corpora"...
0.174 Sent: b'\x1d\xf3 "\xb0\xffL\xd9\x00\x00\x00\x18P\x00\x05\xa8\x00\x00\x00\x00eam odio corpora'...
0.176 Received: b' "\x1d\xf3\x00\x00\x00\x17\xb0\xffR\x81P\x10\x05\xa8\x00\x00\x00\x00'
0.177 Disassembled: source: 8226, dest: 7667, seq: 23, ack: 2969522817, window: 1448, ACK
0.177 Acknowledged seq: 2969521369
0.177 Assembling: source: 7667, dest: 8226, seq: 2969522817, ack: 24, window: 1448, data: " est. Usu sanctu"...
0.178 Sent: b'\x1d\xf3 "\xb0\xffR\x81\x00\x00\x00\x18P\x00\x05\xa8\x00\x00\x00\x00 est. Usu sanctu'...
0.179 Received: b' "\x1d\xf3\x00\x00\x00\x17\xb0\xffX)P\x10\x05\xa8\x00\x00\x00\x00'
0.180 Disassembled: source: 8226, dest: 7667, seq: 23, ack: 2969524265, window: 1448, ACK
0.180 Acknowledged seq: 2969522817
0.180 Assembling: source: 7667, dest: 8226, seq: 2969524265, ack: 24, window: 1448, data: ".

Mei graeco ae"...
0.181 Sent: b'\x1d\xf3 "\xb0\xffX)\x00\x00\x00\x18P\x00\x05\xa8\x00\x00\x00\x00.\n\nMei graeco ae'...
0.183 Received: b' "\x1d\xf3\x00\x00\x00\x17\xb0\xff]\xd1P\x10\x05\xa8\x00\x00\x00\x00'
0.183 Disassembled: source: 8226, dest: 7667, seq: 23, ack: 2969525713, window: 1448, ACK
0.183 Acknowledged seq: 2969524265
0.184 Assembling: source: 7667, dest: 8226, seq: 2969525713, ack: 24, window: 1448, data: "et. Ne sea primi"...
0.184 Sent: b'\x1d\xf3 "\xb0\xff]\xd1\x00\x00\x00\x18P\x00\x05\xa8\x00\x00\x00\x00et. Ne sea primi'...
0.186 Received: b' "\x1d\xf3\x00\x00\x00\x17\xb0\xffcyP\x10\x05\xa8\x00\x00\x00\x00'
0.187 Disassembled: source: 8226, dest: 7667, seq: 23, ack: 2969527161, window: 1448, ACK
0.187 Acknowledged seq: 2969525713
0.187 Assembling: source: 7667, dest: 8226, seq: 2969527161, ack: 24, window: 1448, data: "ittam convenire."...
0.188 Sent: b'\x1d\xf3 "\xb0\xffcy\x00\x00\x00\x18P\x00\x05\xa8\x00\x00\x00\x00ittam convenire.'...
0.190 Received: b' "\x1d\xf3\x00\x00\x00\x17\xb0\xffi!P\x10\x05\xa8\x00\x00\x00\x00'
0.190 Disassembled: source: 8226, dest: 7667, seq: 23, ack: 2969528609, window: 1448, ACK
0.190 Acknowledged seq: 2969527161
0.191 Assembling: source: 7667, dest: 8226, seq: 2969528609, ack: 24, window: 1448, data: "ua et vis, id eu"...
0.191 Sent: b'\x1d\xf3 "\xb0\xffi!\x00\x00\x00\x18P\x00\x05\xa8\x00\x00\x00\x00ua et vis, id eu'...
0.193 Received: b' "\x1d\xf3\x00\x00\x00\x17\xb0\xffn\xc9P\x10\x05\xa8\x00\x00\x00\x00'
0.193 Disassembled: source: 8226, dest: 7667, seq: 23, ack: 2969530057, window: 1448, ACK
0.194 Acknowledged seq: 2969528609
0.194 Assembling: source: 7667, dest: 8226, seq: 2969530057, ack: 24, window: 1448, data: "r. Et velit appa"...
0.194 Sent: b'\x1d\xf3 "\xb0\xffn\xc9\x00\x00\x00\x18P\x00\x05\xa8\x00\x00\x00\x00r. Et velit appa'...
0.196 Received: b' "\x1d\xf3\x00\x00\x00\x17\xb0\xfftqP\x10\x05\xa8\x00\x00\x00\x00'
0.197 Disassembled: source: 8226, dest: 7667, seq: 23, ack: 2969531505, window: 1448, ACK
0.197 Acknowledged seq: 2969530057
0.197 Assembling: source: 7667, dest: 8226, seq: 2969531505, ack: 24, window: 1448, data: " novum laudem, v"...
0.198 Sent: b'\x1d\xf3 "\xb0\xfftq\x00\x00\x00\x18P\x00\x05\xa8\x00\x00\x00\x00 novum laudem, v'...
0.200 Received: b' "\x1d\xf3\x00\x00\x00\x17\xb0\xffz\x19P\x10\x05\xa8\x00\x00\x00\x00'
0.200 Disassembled: source: 8226, dest: 7667, seq: 23, ack: 2969532953, window: 1448, ACK
0.200 Acknowledged seq: 2969531505
0.201 Assembling: source: 7667, dest: 8226, seq: 2969532953, ack: 24, window: 1448, data: "luptatibus, cibo"...
0.201 Sent: b'\x1d\xf3 "\xb0\xffz\x19\x00\x00\x00\x18P\x00\x05\xa8\x00\x00\x00\x00luptatibus, cibo'...
0.203 Received: b' "\x1d\xf3\x00\x00\x00\x17\xb0\xff\x7f\xc1P\x10\x05\xa8\x00\x00\x00\x00'
0.203 Disassembled: source: 8226, dest: 7667, seq: 23, ack: 2969534401, window: 1448, ACK
0.204 Acknowledged seq: 2969532953
0.204 Assembling: source: 7667, dest: 8226, seq: 2969534401, ack: 24, window: 1448, data: "alii indoctum ma"...
0.204 Sent: b'\x1d\xf3 "\xb0\xff\x7f\xc1\x00\x00\x00\x18P\x00\x05\xa8\x00\x00\x00\x00alii indoctum ma'...
0.206 Received: b' "\x1d\xf3\x00\x00\x00\x17\xb0\xff\x85iP\x10\x05\xa8\x00\x00\x00\x00'
0.207 Disassembled: source: 8226, dest: 7667, seq: 23, ack: 2969535849, window: 1448, ACK
0.207 Acknowledged seq: 2969534401
0.207 Assembling: source: 7667, dest: 8226, seq: 2969535849, ack: 24, window: 1448, data: "im, his facete c"...
0.208 Sent: b'\x1d\xf3 "\xb0\xff\x85i\x00\x00\x00\x18P\x00\x05\xa8\x00\x00\x00\x00im, his facete c'...
0.210 Received: b' "\x1d\xf3\x00\x00\x00\x17\xb0\xff\x8b\x11P\x10\x05\xa8\x00\x00\x00\x00'
0.210 Disassembled: source: 8226, dest: 7667, seq: 23, ack: 2969537297, window: 1448, ACK
0.210 Acknowledged seq: 2969535849
0.211 Assembling: source: 7667, dest: 8226, seq: 2969537297, ack: 24, window: 1448, data: "e alia dolor com"...
0.211 Sent: b'\x1d\xf3 "\xb0\xff\x8b\x11\x00\x00\x00\x18P\x00\x05\xa8\x00\x00\x00\x00e alia dolor com'...
0.213 Received: b' "\x1d\xf3\x00\x00\x00\x17\xb0\xff\x90\xb9P\x10\x05\xa8\x00\x00\x00\x00'
0.214 Disassembled: source: 8226, dest: 7667, seq: 23, ack: 2969538745, window: 1448, ACK
0.214 Acknowledged seq: 2969537297
0.214 Assembling: source: 7667, dest: 8226, seq: 2969538745, ack: 24, window: 1448, data: "it ea, reque tem"...
0.215 Sent: b'\x1d\xf3 "\xb0\xff\x90\xb9\x00\x00\x00\x18P\x00\x05\xa8\x00\x00\x00\x00it ea, reque tem'...
0.216 Received: b' "\x1d\xf3\x00\x00\x00\x17\xb0\xff\x96aP\x10\x05\xa8\x00\x00\x00\x00'
0.217 Disassembled: source: 8226, dest: 7667, seq: 23, ack: 2969540193, window: 1448, ACK
0.217 Acknowledged seq: 2969538745
0.217 Assembling: source: 7667, dest: 8226, seq: 2969540193, ack: 24, window: 1448, data: "alisque.

Equide"...
0.218 Sent: b'\x1d\xf3 "\xb0\xff\x96a\x00\x00\x00\x18P\x00\x05\xa8\x00\x00\x00\x00alisque.\n\nEquide'...
0.220 Received: b' "\x1d\xf3\x00\x00\x00\x17\xb0\xff\x9c\tP\x10\x05\xa8\x00\x00\x00\x00'
0.220 Disassembled: source: 8226, dest: 7667, seq: 23, ack: 2969541641, window: 1448, ACK
0.221 Acknowledged seq: 2969540193
0.221 Assembling: source: 7667, dest: 8226, seq: 2969541641, ack: 24, window: 1448, data: "finitiones, affe"...
0.221 Sent: b'\x1d\xf3 "\xb0\xff\x9c\t\x00\x00\x00\x18P\x00\x05\xa8\x00\x00\x00\x00finitiones, affe'...
0.223 Received: b' "\x1d\xf3\x00\x00\x00\x17\xb0\xff\xa1\xb1P\x10\x05\xa8\x00\x00\x00\x00'
0.224 Disassembled: source: 8226, dest: 7667, seq: 23, ack: 2969543089, window: 1448, ACK
0.224 Acknowledged seq: 2969541641
0.224 Assembling: source: 7667, dest: 8226, seq: 2969543089, ack: 24, window: 1448, data: "his duis graeco "...
0.225 Sent: b'\x1d\xf3 "\xb0\xff\xa1\xb1\x00\x00\x00\x18P\x00\x05\xa8\x00\x00\x00\x00his duis graeco '...
0.227 Received: b' "\x1d\xf3\x00\x00\x00\x17\xb0\xff\xa7YP\x10\x05\xa8\x00\x00\x00\x00'
0.227 Disassembled: source: 8226, dest: 7667, seq: 23, ack: 2969544537, window: 1448, ACK
0.227 Acknowledged seq: 2969543089
0.228 Assembling: source: 7667, dest: 8226, seq: 2969544537, ack: 24, window: 1448, data: "am. Alia possit "...
0.228 Sent: b'\x1d\xf3 "\xb0\xff\xa7Y\x00\x00\x00\x18P\x00\x05\xa8\x00\x00\x00\x00am. Alia possit '...
0.230 Received: b' "\x1d\xf3\x00\x00\x00\x17\xb0\xff\xad\x01P\x10\x05\xa8\x00\x00\x00\x00'
0.230 Disassembled: source: 8226, dest: 7667, seq: 23, ack: 2969545985, window: 1448, ACK
0.231 Acknowledged seq: 2969544537
0.231 Assembling: source: 7667, dest: 8226, seq: 2969545985, ack: 24, window: 1448, data: "cum an. Mei faci"...
0.231 Sent: b'\x1d\xf3 "\xb0\xff\xad\x01\x00\x00\x00\x18P\x00\x05\xa8\x00\x00\x00\x00cum an. Mei faci'...
0.233 Received: b' "\x1d\xf3\x00\x00\x00\x17\xb0\xff\xb2\xa9P\x10\x05\xa8\x00\x00\x00\x00'
0.234 Disassembled: source: 8226, dest: 7667, seq: 23, ack: 2969547433, window: 1448, ACK
0.234 Acknowledged seq: 2969545985
0.234 Assembling: source: 7667, dest: 8226, seq: 2969547433, ack: 24, window: 1448, data: " vis adhuc tatio"...
0.235 Sent: b'\x1d\xf3 "\xb0\xff\xb2\xa9\x00\x00\x00\x18P\x00\x05\xa8\x00\x00\x00\x00 vis adhuc tatio'...
0.237 Received: b' "\x1d\xf3\x00\x00\x00\x17\xb0\xff\xb8QP\x10\x05\xa8\x00\x00\x00\x00'
0.237 Disassembled: source: 8226, dest: 7667, seq: 23, ack: 2969548881, window: 1448, ACK
0.237 Acknowledged seq: 2969547433
0.238 Assembling: source: 7667, dest: 8226, seq: 2969548881, ack: 24, window: 1448, data: "im eu option iuv"...
0.238 Sent: b'\x1d\xf3 "\xb0\xff\xb8Q\x00\x00\x00\x18P\x00\x05\xa8\x00\x00\x00\x00im eu option iuv'...
0.240 Received: b' "\x1d\xf3\x00\x00\x00\x17\xb0\xff\xbd\xf9P\x10\x05\xa8\x00\x00\x00\x00'
0.240 Disassembled: source: 8226, dest: 7667, seq: 23, ack: 2969550329, window: 1448, ACK
0.241 Acknowledged seq: 2969548881
0.241 Assembling: source: 7667, dest: 8226, seq: 2969550329, ack: 24, window: 1448, data: "ex epicurei taci"...
0.241 Sent: b'\x1d\xf3 "\xb0\xff\xbd\xf9\x00\x00\x00\x18P\x00\x05\xa8\x00\x00\x00\x00ex epicurei taci'...
0.243 Received: b' "\x1d\xf3\x00\x00\x00\x17\xb0\xff\xc3\xa1P\x10\x05\xa8\x00\x00\x00\x00'
0.244 Disassembled: source: 8226, dest: 7667, seq: 23, ack: 2969551777, window: 1448, ACK
0.244 Acknowledged seq: 2969550329
0.244 Assembling: source: 7667, dest: 8226, seq: 2969551777, ack: 24, window: 1448, data: "ebat, eu pro ero"...
0.245 Sent: b'\x1d\xf3 "\xb0\xff\xc3\xa1\x00\x00\x00\x18P\x00\x05\xa8\x00\x00\x00\x00ebat, eu pro ero'...
0.246 Received: b' "\x1d\xf3\x00\x00\x00\x17\xb0\xff\xc9IP\x10\x05\xa8\x00\x00\x00\x00'
0.247 Disassembled: source: 8226, dest: 7667, seq: 23, ack: 2969553225, window: 1448, ACK
0.247 Acknowledged seq: 2969551777
0.247 Assembling: source: 7667, dest: 8226, seq: 2969553225, ack: 24, window: 1448, data: "s. Per no sale v"...
0.248 Sent: b'\x1d\xf3 "\xb0\xff\xc9I\x00\x00\x00\x18P\x00\x05\xa8\x00\x00\x00\x00s. Per no sale v'...
0.250 Received: b' "\x1d\xf3\x00\x00\x00\x17\xb0\xff\xce\xf1P\x10\x05\xa8\x00\x00\x00\x00'
0.250 Disassembled: source: 8226, dest: 7667, seq: 23, ack: 2969554673, window: 1448, ACK
0.250 Acknowledged seq: 2969553225
0.251 Assembling: source: 7667, dest: 8226, seq: 2969554673, ack: 24, window: 1448, data: "orrupte ea mel. "...
0.251 Sent: b'\x1d\xf3 "\xb0\xff\xce\xf1\x00\x00\x00\x18P\x00\x05\xa8\x00\x00\x00\x00orrupte ea mel. '...
0.253 Received: b' "\x1d\xf3\x00\x00\x00\x17\xb0\xff\xd4\x99P\x10\x05\xa8\x00\x00\x00\x00'
0.254 Disassembled: source: 8226, dest: 7667, seq: 23, ack: 2969556121, window: 1448, ACK
0.254 Acknowledged seq: 2969554673
0.254 Assembling: source: 7667, dest: 8226, seq: 2969556121, ack: 24, window: 1448, data: ". Est iracundia "...
0.255 Sent: b'\x1d\xf3 "\xb0\xff\xd4\x99\x00\x00\x00\x18P\x00\x05\xa8\x00\x00\x00\x00. Est iracundia '...
0.257 Received: b' "\x1d\xf3\x00\x00\x00\x17\xb0\xff\xdaAP\x10\x05\xa8\x00\x00\x00\x00'
0.257 Disassembled: source: 8226, dest: 7667, seq: 23, ack: 2969557569, window: 1448, ACK
0.257 Acknowledged seq: 2969556121
0.258 Assembling: source: 7667, dest: 8226, seq: 2969557569, ack: 24, window: 1448, data: "pta probatus scr"...
0.258 Sent: b'\x1d\xf3 "\xb0\xff\xdaA\x00\x00\x00\x18P\x00\x05\xa8\x00\x00\x00\x00pta probatus scr'...
0.260 Received: b' "\x1d\xf3\x00\x00\x00\x17\xb0\xff\xdf\xe9P\x10\x05\xa8\x00\x00\x00\x00'
0.261 Disassembled: source: 8226, dest: 7667, seq: 23, ack: 2969559017, window: 1448, ACK
0.261 Acknowledged seq: 2969557569
0.261 Assembling: source: 7667, dest: 8226, seq: 2969559017, ack: 24, window: 1448, data: "entur ei, pro ei"...
0.262 Sent: b'\x1d\xf3 "\xb0\xff\xdf\xe9\x00\x00\x00\x18P\x00\x05\xa8\x00\x00\x00\x00entur ei, pro ei'...
0.264 Received: b' "\x1d\xf3\x00\x00\x00\x17\xb0\xff\xe5\x91P\x10\x05\xa8\x00\x00\x00\x00'
0.264 Disassembled: source: 8226, dest: 7667, seq: 23, ack: 2969560465, window: 1448, ACK
0.264 Acknowledged seq: 2969559017
0.265 Assembling: source: 7667, dest: 8226, seq: 2969560465, ack: 24, window: 1448, data: "simul euismod vi"...
0.265 Sent: b'\x1d\xf3 "\xb0\xff\xe5\x91\x00\x00\x00\x18P\x00\x05\xa8\x00\x00\x00\x00simul euismod vi'...
0.267 Received: b' "\x1d\xf3\x00\x00\x00\x17\xb0\xff\xeb9P\x10\x05\xa8\x00\x00\x00\x00'
0.267 Disassembled: source: 8226, dest: 7667, seq: 23, ack: 2969561913, window: 1448, ACK
0.267 Acknowledged seq: 2969560465
0.268 Assembling: source: 7667, dest: 8226, seq: 2969561913, ack: 24, window: 1448, data: ", eam id iudico "...
0.268 Sent: b'\x1d\xf3 "\xb0\xff\xeb9\x00\x00\x00\x18P\x00\x05\xa8\x00\x00\x00\x00, eam id iudico '...
0.270 Received: b' "\x1d\xf3\x00\x00\x00\x17\xb0\xff\xf0\xe1P\x10\x05\xa8\x00\x00\x00\x00'
0.270 Disassembled: source: 8226, dest: 7667, seq: 23, ack: 2969563361, window: 1448, ACK
0.271 Acknowledged seq: 2969561913
0.271 Assembling: source: 7667, dest: 8226, seq: 2969563361, ack: 24, window: 1448, data: "m vix. Ea est mu"...
0.271 Sent: b'\x1d\xf3 "\xb0\xff\xf0\xe1\x00\x00\x00\x18P\x00\x05\xa8\x00\x00\x00\x00m vix. Ea est mu'...
0.273 Received: b' "\x1d\xf3\x00\x00\x00\x17\xb0\xff\xf6\x89P\x10\x05\xa8\x00\x00\x00\x00'
0.273 Disassembled: source: 8226, dest: 7667, seq: 23, ack: 2969564809, window: 1448, ACK
0.274 Acknowledged seq: 2969563361
0.274 Assembling: source: 7667, dest: 8226, seq: 2969564809, ack: 24, window: 1448, data: "olor sit amet, e"...
0.274 Sent: b'\x1d\xf3 "\xb0\xff\xf6\x89\x00\x00\x00\x18P\x00\x05\xa8\x00\x00\x00\x00olor sit amet, e'...
0.276 Received: b' "\x1d\xf3\x00\x00\x00\x17\xb0\xff\xfc1P\x10\x05\xa8\x00\x00\x00\x00'
0.277 Disassembled: source: 8226, dest: 7667, seq: 23, ack: 2969566257, window: 1448, ACK
0.277 Acknowledged seq: 2969564809
0.277 Assembling: source: 7667, dest: 8226, seq: 2969566257, ack: 24, window: 1448, data: "m, aperiam iudic"...
0.278 Sent: b'\x1d\xf3 "\xb0\xff\xfc1\x00\x00\x00\x18P\x00\x05\xa8\x00\x00\x00\x00m, aperiam iudic'...
0.279 Received: b' "\x1d\xf3\x00\x00\x00\x17\xb1\x00\x01\xd9P\x10\x05\xa8\x00\x00\x00\x00'
0.280 Disassembled: source: 8226, dest: 7667, seq: 23, ack: 2969567705, window: 1448, ACK
0.280 Acknowledged seq: 2969566257
0.280 Assembling: source: 7667, dest: 8226, seq: 2969567705, ack: 24, window: 1448, data: "re sea. No eos d"...
0.281 Sent: b'\x1d\xf3 "\xb1\x00\x01\xd9\x00\x00\x00\x18P\x00\x05\xa8\x00\x00\x00\x00re sea. No eos d'...
0.283 Received: b' "\x1d\xf3\x00\x00\x00\x17\xb1\x00\x07\x81P\x10\x05\xa8\x00\x00\x00\x00'
0.283 Disassembled: source: 8226, dest: 7667, seq: 23, ack: 2969569153, window: 1448, ACK
0.284 Acknowledged seq: 2969567705
0.284 Assembling: source: 7667, dest: 8226, seq: 2969569153, ack: 24, window: 1448, data: "t scripta philos"...
0.284 Sent: b'\x1d\xf3 "\xb1\x00\x07\x81\x00\x00\x00\x18P\x00\x05\xa8\x00\x00\x00\x00t scripta philos'...
0.286 Received: b' "\x1d\xf3\x00\x00\x00\x17\xb1\x00\r)P\x10\x05\xa8\x00\x00\x00\x00'
0.287 Disassembled: source: 8226, dest: 7667, seq: 23, ack: 2969570601, window: 1448, ACK
0.287 Acknowledged seq: 2969569153
0.287 Assembling: source: 7667, dest: 8226, seq: 2969570601, ack: 24, window: 1448, data: "tos sadipscing e"...
0.288 Sent: b'\x1d\xf3 "\xb1\x00\r)\x00\x00\x00\x18P\x00\x05\xa8\x00\x00\x00\x00tos sadipscing e'...
0.290 Received: b' "\x1d\xf3\x00\x00\x00\x17\xb1\x00\x12\xd1P\x10\x05\xa8\x00\x00\x00\x00'
0.290 Disassembled: source: 8226, dest: 7667, seq: 23, ack: 2969572049, window: 1448, ACK
0.290 Acknowledged seq: 2969570601
0.290 Assembling: source: 7667, dest: 8226, seq: 2969572049, ack: 24, window: 1448, data: "sapientem ea, ad"...
0.291 Sent: b'\x1d\xf3 "\xb1\x00\x12\xd1\x00\x00\x00\x18P\x00\x05\xa8\x00\x00\x00\x00sapientem ea, ad'...
0.293 Received: b' "\x1d\xf3\x00\x00\x00\x17\xb1\x00\x18yP\x10\x05\xa8\x00\x00\x00\x00'
0.293 Disassembled: source: 8226, dest: 7667, seq: 23, ack: 2969573497, window: 1448, ACK
0.294 Acknowledged seq: 2969572049
0.294 Assembling: source: 7667, dest: 8226, seq: 2969573497, ack: 24, window: 1448, data: "g, ei invenire p"...
0.294 Sent: b'\x1d\xf3 "\xb1\x00\x18y\x00\x00\x00\x18P\x00\x05\xa8\x00\x00\x00\x00g, ei invenire p'...
0.296 Received: b' "\x1d\xf3\x00\x00\x00\x17\xb1\x00\x1e!P\x10\x05\xa8\x00\x00\x00\x00'
0.297 Disassembled: source: 8226, dest: 7667, seq: 23, ack: 2969574945, window: 1448, ACK
0.297 Acknowledged seq: 2969573497
0.297 Assembling: source: 7667, dest: 8226, seq: 2969574945, ack: 24, window: 1448, data: "endo at. Qui id "...
0.298 Sent: b'\x1d\xf3 "\xb1\x00\x1e!\x00\x00\x00\x18P\x00\x05\xa8\x00\x00\x00\x00endo at. Qui id '...
0.300 Received: b' "\x1d\xf3\x00\x00\x00\x17\xb1\x00#\xc9P\x10\x05\xa8\x00\x00\x00\x00'
0.300 Disassembled: source: 8226, dest: 7667, seq: 23, ack: 2969576393, window: 1448, ACK
0.300 Acknowledged seq: 2969574945
0.301 Assembling: source: 7667, dest: 8226, seq: 2969576393, ack: 24, window: 1448, data: "ota nostrum et p"...
0.301 Sent: b'\x1d\xf3 "\xb1\x00#\xc9\x00\x00\x00\x18P\x00\x05\xa8\x00\x00\x00\x00ota nostrum et p'...
0.303 Received: b' "\x1d\xf3\x00\x00\x00\x17\xb1\x00)qP\x10\x05\xa8\x00\x00\x00\x00'
0.304 Disassembled: source: 8226, dest: 7667, seq: 23, ack: 2969577841, window: 1448, ACK
0.304 Acknowledged seq: 2969576393
0.304 Assembling: source: 7667, dest: 8226, seq: 2969577841, ack: 24, window: 1448, data: "deseruisse id. P"...
0.305 Sent: b'\x1d\xf3 "\xb1\x00)q\x00\x00\x00\x18P\x00\x05\xa8\x00\x00\x00\x00deseruisse id. P'...
0.306 Received: b' "\x1d\xf3\x00\x00\x00\x17\xb1\x00/\x19P\x10\x05\xa8\x00\x00\x00\x00'
0.307 Disassembled: source: 8226, dest: 7667, seq: 23, ack: 2969579289, window: 1448, ACK
0.307 Acknowledged seq: 2969577841
0.307 Assembling: source: 7667, dest: 8226, seq: 2969579289, ack: 24, window: 1448, data: "odo munere imper"...
0.308 Sent: b'\x1d\xf3 "\xb1\x00/\x19\x00\x00\x00\x18P\x00\x05\xa8\x00\x00\x00\x00odo munere imper'...
0.310 Received: b' "\x1d\xf3\x00\x00\x00\x17\xb1\x004\xc1P\x10\x05\xa8\x00\x00\x00\x00'
0.310 Disassembled: source: 8226, dest: 7667, seq: 23, ack: 2969580737, window: 1448, ACK
0.310 Acknowledged seq: 2969579289
0.311 Assembling: source: 7667, dest: 8226, seq: 2969580737, ack: 24, window: 1448, data: "cimates cum, tib"...
0.311 Sent: b'\x1d\xf3 "\xb1\x004\xc1\x00\x00\x00\x18P\x00\x05\xa8\x00\x00\x00\x00cimates cum, tib'...
0.313 Received: b' "\x1d\xf3\x00\x00\x00\x17\xb1\x00:iP\x10\x05\xa8\x00\x00\x00\x00'
0.313 Disassembled: source: 8226, dest: 7667, seq: 23, ack: 2969582185, window: 1448, ACK
0.314 Acknowledged seq: 2969580737
0.314 Assembling: source: 7667, dest: 8226, seq: 2969582185, ack: 24, window: 1448, data: "tiopam molestiae"...
0.314 Sent: b'\x1d\xf3 "\xb1\x00:i\x00\x00\x00\x18P\x00\x05\xa8\x00\x00\x00\x00tiopam molestiae'...
0.316 Received: b' "\x1d\xf3\x00\x00\x00\x17\xb1\x00@\x11P\x10\x05\xa8\x00\x00\x00\x00'
0.317 Disassembled: source: 8226, dest: 7667, seq: 23, ack: 2969583633, window: 1448, ACK
0.317 Acknowledged seq: 2969582185
0.317 Assembling: source: 7667, dest: 8226, seq: 2969583633, ack: 24, window: 1448, data: "possim qui no, v"...
0.318 Sent: b'\x1d\xf3 "\xb1\x00@\x11\x00\x00\x00\x18P\x00\x05\xa8\x00\x00\x00\x00possim qui no, v'...
0.320 Received: b' "\x1d\xf3\x00\x00\x00\x17\xb1\x00E\xb9P\x10\x05\xa8\x00\x00\x00\x00'
0.320 Disassembled: source: 8226, dest: 7667, seq: 23, ack: 2969585081, window: 1448, ACK
0.320 Acknowledged seq: 2969583633
0.321 Assembling: source: 7667, dest: 8226, seq: 2969585081, ack: 24, window: 1448, data: " ex utinam parti"...
0.321 Sent: b'\x1d\xf3 "\xb1\x00E\xb9\x00\x00\x00\x18P\x00\x05\xa8\x00\x00\x00\x00 ex utinam parti'...
0.323 Received: b' "\x1d\xf3\x00\x00\x00\x17\xb1\x00KaP\x10\x05\xa8\x00\x00\x00\x00'
0.323 Disassembled: source: 8226, dest: 7667, seq: 23, ack: 2969586529, window: 1448, ACK
0.324 Acknowledged seq: 2969585081
0.324 Assembling: source: 7667, dest: 8226, seq: 2969586529, ack: 24, window: 1448, data: "icus in his. Pri"...
0.324 Sent: b'\x1d\xf3 "\xb1\x00Ka\x00\x00\x00\x18P\x00\x05\xa8\x00\x00\x00\x00icus in his. Pri'...
0.326 Received: b' "\x1d\xf3\x00\x00\x00\x17\xb1\x00Q\tP\x10\x05\xa8\x00\x00\x00\x00'
0.327 Disassembled: source: 8226, dest: 7667, seq: 23, ack: 2969587977, window: 1448, ACK
0.327 Acknowledged seq: 2969586529
0.327 Assembling: source: 7667, dest: 8226, seq: 2969587977, ack: 24, window: 1448, data: "iis et.

Ius cu "...
0.328 Sent: b'\x1d\xf3 "\xb1\x00Q\t\x00\x00\x00\x18P\x00\x05\xa8\x00\x00\x00\x00iis et.\n\nIus cu '...
0.330 Received: b' "\x1d\xf3\x00\x00\x00\x17\xb1\x00V\xb1P\x10\x05\xa8\x00\x00\x00\x00'
0.330 Disassembled: source: 8226, dest: 7667, seq: 23, ack: 2969589425, window: 1448, ACK
0.330 Acknowledged seq: 2969587977
0.331 Assembling: source: 7667, dest: 8226, seq: 2969589425, ack: 24, window: 1448, data: "e interesset.

T"...
0.331 Sent: b'\x1d\xf3 "\xb1\x00V\xb1\x00\x00\x00\x18P\x00\x05\xa8\x00\x00\x00\x00e interesset.\n\nT'...
0.333 Received: b' "\x1d\xf3\x00\x00\x00\x17\xb1\x00\\YP\x10\x05\xa8\x00\x00\x00\x00'
0.333 Disassembled: source: 8226, dest: 7667, seq: 23, ack: 2969590873, window: 1448, ACK
0.334 Acknowledged seq: 2969589425
0.334 Assembling: source: 7667, dest: 8226, seq: 2969590873, ack: 24, window: 1448, data: "pro alia volutpa"...
0.334 Sent: b'\x1d\xf3 "\xb1\x00\\Y\x00\x00\x00\x18P\x00\x05\xa8\x00\x00\x00\x00pro alia volutpa'...
0.336 Received: b' "\x1d\xf3\x00\x00\x00\x17\xb1\x00b\x01P\x10\x05\xa8\x00\x00\x00\x00'
0.337 Disassembled: source: 8226, dest: 7667, seq: 23, ack: 2969592321, window: 1448, ACK
0.337 Acknowledged seq: 2969590873
0.337 Assembling: source: 7667, dest: 8226, seq: 2969592321, ack: 24, window: 1448, data: " libris equidem "...
0.338 Sent: b'\x1d\xf3 "\xb1\x00b\x01\x00\x00\x00\x18P\x00\x05\xa8\x00\x00\x00\x00 libris equidem '...
0.340 Received: b' "\x1d\xf3\x00\x00\x00\x17\xb1\x00g\xa9P\x10\x05\xa8\x00\x00\x00\x00'
0.340 Disassembled: source: 8226, dest: 7667, seq: 23, ack: 2969593769, window: 1448, ACK
0.340 Acknowledged seq: 2969592321
0.341 Assembling: source: 7667, dest: 8226, seq: 2969593769, ack: 24, window: 1448, data: "uavitate volupta"...
0.341 Sent: b'\x1d\xf3 "\xb1\x00g\xa9\x00\x00\x00\x18P\x00\x05\xa8\x00\x00\x00\x00uavitate volupta'...
0.343 Received: b' "\x1d\xf3\x00\x00\x00\x17\xb1\x00mQP\x10\x05\xa8\x00\x00\x00\x00'
0.343 Disassembled: source: 8226, dest: 7667, seq: 23, ack: 2969595217, window: 1448, ACK
0.344 Acknowledged seq: 2969593769
0.344 Assembling: source: 7667, dest: 8226, seq: 2969595217, ack: 24, window: 1448, data: " Detraxit defini"...
0.344 Sent: b'\x1d\xf3 "\xb1\x00mQ\x00\x00\x00\x18P\x00\x05\xa8\x00\x00\x00\x00 Detraxit defini'...
0.346 Received: b' "\x1d\xf3\x00\x00\x00\x17\xb1\x00r\xf9P\x10\x05\xa8\x00\x00\x00\x00'
0.347 Disassembled: source: 8226, dest: 7667, seq: 23, ack: 2969596665, window: 1448, ACK
0.347 Acknowledged seq: 2969595217
0.347 Assembling: source: 7667, dest: 8226, seq: 2969596665, ack: 24, window: 1448, data: "aesent mei. Quo "...
0.348 Sent: b'\x1d\xf3 "\xb1\x00r\xf9\x00\x00\x00\x18P\x00\x05\xa8\x00\x00\x00\x00aesent mei. Quo '...
0.350 Received: b' "\x1d\xf3\x00\x00\x00\x17\xb1\x00x\xa1P\x10\x05\xa8\x00\x00\x00\x00'
0.350 Disassembled: source: 8226, dest: 7667, seq: 23, ack: 2969598113, window: 1448, ACK
0.350 Acknowledged seq: 2969596665
0.351 Assembling: source: 7667, dest: 8226, seq: 2969598113, ack: 24, window: 1448, data: "nterpretaris no "...
0.351 Sent: b'\x1d\xf3 "\xb1\x00x\xa1\x00\x00\x00\x18P\x00\x05\xa8\x00\x00\x00\x00nterpretaris no '...
0.353 Received: b' "\x1d\xf3\x00\x00\x00\x17\xb1\x00~IP\x10\x05\xa8\x00\x00\x00\x00'
0.354 Disassembled: source: 8226, dest: 7667, seq: 23, ack: 2969599561, window: 1448, ACK
0.354 Acknowledged seq: 2969598113
0.354 Assembling: source: 7667, dest: 8226, seq: 2969599561, ack: 24, window: 1448, data: "patrioque has. I"...
0.354 Sent: b'\x1d\xf3 "\xb1\x00~I\x00\x00\x00\x18P\x00\x05\xa8\x00\x00\x00\x00patrioque has. I'...
0.356 Received: b' "\x1d\xf3\x00\x00\x00\x17\xb1\x00\x83\xf1P\x10\x05\xa8\x00\x00\x00\x00'
0.357 Disassembled: source: 8226, dest: 7667, seq: 23, ack: 2969601009, window: 1448, ACK
0.357 Acknowledged seq: 2969599561
0.357 Assembling: source: 7667, dest: 8226, seq: 2969601009, ack: 24, window: 1448, data: "ossit repudianda"...
0.358 Sent: b'\x1d\xf3 "\xb1\x00\x83\xf1\x00\x00\x00\x18P\x00\x05\xa8\x00\x00\x00\x00ossit repudianda'...
0.360 Received: b' "\x1d\xf3\x00\x00\x00\x17\xb1\x00\x89\x99P\x10\x05\xa8\x00\x00\x00\x00'
0.360 Disassembled: source: 8226, dest: 7667, seq: 23, ack: 2969602457, window: 1448, ACK
0.360 Acknowledged seq: 2969601009
0.361 Assembling: source: 7667, dest: 8226, seq: 2969602457, ack: 24, window: 1448, data: "ora consequuntur"...
0.361 Sent: b'\x1d\xf3 "\xb1\x00\x89\x99\x00\x00\x00\x18P\x00\x05\xa8\x00\x00\x00\x00ora consequuntur'...
0.363 Received: b' "\x1d\xf3\x00\x00\x00\x17\xb1\x00\x8fAP\x10\x05\xa8\x00\x00\x00\x00'
0.363 Disassembled: source: 8226, dest: 7667, seq: 23, ack: 2969603905, window: 1448, ACK
0.364 Acknowledged seq: 2969602457
0.364 Assembling: source: 7667, dest: 8226, seq: 2969603905, ack: 24, window: 1448, data: "ctus conceptam a"...
0.364 Sent: b'\x1d\xf3 "\xb1\x00\x8fA\x00\x00\x00\x18P\x00\x05\xa8\x00\x00\x00\x00ctus conceptam a'...
0.366 Received: b' "\x1d\xf3\x00\x00\x00\x17\xb1\x00\x94\xe9P\x10\x05\xa8\x00\x00\x00\x00'
0.367 Disassembled: source: 8226, dest: 7667, seq: 23, ack: 2969605353, window: 1448, ACK
0.367 Acknowledged seq: 2969603905
0.367 Assembling: source: 7667, dest: 8226, seq: 2969605353, ack: 24, window: 1448, data: " aeterno te, ne "...
0.368 Sent: b'\x1d\xf3 "\xb1\x00\x94\xe9\x00\x00\x00\x18P\x00\x05\xa8\x00\x00\x00\x00 aeterno te, ne '...
0.370 Received: b' "\x1d\xf3\x00\x00\x00\x17\xb1\x00\x9a\x91P\x10\x05\xa8\x00\x00\x00\x00'
0.370 Disassembled: source: 8226, dest: 7667, seq: 23, ack: 2969606801, window: 1448, ACK
0.370 Acknowledged seq: 2969605353
0.371 Assembling: source: 7667, dest: 8226, seq: 2969606801, ack: 24, window: 1448, data: "imis oporteat di"...
0.371 Sent: b'\x1d\xf3 "\xb1\x00\x9a\x91\x00\x00\x00\x18P\x00\x05\xa8\x00\x00\x00\x00imis oporteat di'...
0.373 Received: b' "\x1d\xf3\x00\x00\x00\x17\xb1\x00\xa09P\x10\x05\xa8\x00\x00\x00\x00'
0.373 Disassembled: source: 8226, dest: 7667, seq: 23, ack: 2969608249, window: 1448, ACK
0.374 Acknowledged seq: 2969606801
0.374 Assembling: source: 7667, dest: 8226, seq: 2969608249, ack: 24, window: 1448, data: "re. Has virtute "...
0.374 Sent: b'\x1d\xf3 "\xb1\x00\xa09\x00\x00\x00\x18P\x00\x05\xa8\x00\x00\x00\x00re. Has virtute '...
0.376 Received: b' "\x1d\xf3\x00\x00\x00\x17\xb1\x00\xa5\xe1P\x10\x05\xa8\x00\x00\x00\x00'
0.377 Disassembled: source: 8226, dest: 7667, seq: 23, ack: 2969609697, window: 1448, ACK
0.377 Acknowledged seq: 2969608249
0.377 Assembling: source: 7667, dest: 8226, seq: 2969609697, ack: 24, window: 1448, data: " eum ancillae no"...
0.378 Sent: b'\x1d\xf3 "\xb1\x00\xa5\xe1\x00\x00\x00\x18P\x00\x05\xa8\x00\x00\x00\x00 eum ancillae no'...
0.379 Received: b' "\x1d\xf3\x00\x00\x00\x17\xb1\x00\xab\x89P\x10\x05\xa8\x00\x00\x00\x00'
0.380 Disassembled: source: 8226, dest: 7667, seq: 23, ack: 2969611145, window: 1448, ACK
0.380 Acknowledged seq: 2969609697
0.380 Assembling: source: 7667, dest: 8226, seq: 2969611145, ack: 24, window: 1448, data: "ppareat ius. At "...
0.381 Sent: b'\x1d\xf3 "\xb1\x00\xab\x89\x00\x00\x00\x18P\x00\x05\xa8\x00\x00\x00\x00ppareat ius. At '...
0.383 Received: b' "\x1d\xf3\x00\x00\x00\x17\xb1\x00\xb11P\x10\x05\xa8\x00\x00\x00\x00'
0.383 Disassembled: source: 8226, dest: 7667, seq: 23, ack: 2969612593, window: 1448, ACK
0.383 Acknowledged seq: 2969611145
0.384 Assembling: source: 7667, dest: 8226, seq: 2969612593, ack: 24, window: 1448, data: ", vero appellant"...
0.384 Sent: b'\x1d\xf3 "\xb1\x00\xb11\x00\x00\x00\x18P\x00\x05\xa8\x00\x00\x00\x00, vero appellant'...
0.386 Received: b' "\x1d\xf3\x00\x00\x00\x17\xb1\x00\xb6\xd9P\x10\x05\xa8\x00\x00\x00\x00'
0.387 Disassembled: source: 8226, dest: 7667, seq: 23, ack: 2969614041, window: 1448, ACK
0.387 Acknowledged seq: 2969612593
0.387 Assembling: source: 7667, dest: 8226, seq: 2969614041, ack: 24, window: 1448, data: "ibo quando copio"...
0.387 Sent: b'\x1d\xf3 "\xb1\x00\xb6\xd9\x00\x00\x00\x18P\x00\x05\xa8\x00\x00\x00\x00ibo quando copio'...
0.389 Received: b' "\x1d\xf3\x00\x00\x00\x17\xb1\x00\xbc\x81P\x10\x05\xa8\x00\x00\x00\x00'
0.390 Disassembled: source: 8226, dest: 7667, seq: 23, ack: 2969615489, window: 1448, ACK
0.390 Acknowledged seq: 2969614041
0.390 Assembling: source: 7667, dest: 8226, seq: 2969615489, ack: 24, window: 1448, data: " maluisset. Sit "...
0.391 Sent: b'\x1d\xf3 "\xb1\x00\xbc\x81\x00\x00\x00\x18P\x00\x05\xa8\x00\x00\x00\x00 maluisset. Sit '...
0.393 Received: b' "\x1d\xf3\x00\x00\x00\x17\xb1\x00\xc2)P\x10\x05\xa8\x00\x00\x00\x00'
0.393 Disassembled: source: 8226, dest: 7667, seq: 23, ack: 2969616937, window: 1448, ACK
0.393 Acknowledged seq: 2969615489
0.394 Assembling: source: 7667, dest: 8226, seq: 2969616937, ack: 24, window: 1448, data: "e ceteros albuci"...
0.394 Sent: b'\x1d\xf3 "\xb1\x00\xc2)\x00\x00\x00\x18P\x00\x05\xa8\x00\x00\x00\x00e ceteros albuci'...
0.396 Received: b' "\x1d\xf3\x00\x00\x00\x17\xb1\x00\xc7\xd1P\x10\x05\xa8\x00\x00\x00\x00'
0.397 Disassembled: source: 8226, dest: 7667, seq: 23, ack: 2969618385, window: 1448, ACK
0.397 Acknowledged seq: 2969616937
0.397 Assembling: source: 7667, dest: 8226, seq: 2969618385, ack: 24, window: 1448, data: "complectitur sea"...
0.398 Sent: b'\x1d\xf3 "\xb1\x00\xc7\xd1\x00\x00\x00\x18P\x00\x05\xa8\x00\x00\x00\x00complectitur sea'...
0.399 Received: b' "\x1d\xf3\x00\x00\x00\x17\xb1\x00\xcdyP\x10\x05\xa8\x00\x00\x00\x00'
0.400 Disassembled: source: 8226, dest: 7667, seq: 23, ack: 2969619833, window: 1448, ACK
0.400 Acknowledged seq: 2969618385
0.400 Finished reading file
0.401 Assembling: source: 7667, dest: 8226, seq: 2969619833, ack: 24, window: 1448, data: "tempor ex ius. E"...
0.401 Sent: b'\x1d\xf3 "\xb1\x00\xcdy\x00\x00\x00\x18P\x00\x05\xa8\x00\x00\x00\x00tempor ex ius. E'...
0.403 Received: b' "\x1d\xf3\x00\x00\x00\x17\xb1\x00\xcd\xd7P\x10\x05\xa8\x00\x00\x00\x00'
0.403 Disassembled: source: 8226, dest: 7667, seq: 23, ack: 2969619927, window: 1448, ACK
0.404 Acknowledged seq: 2969619833
0.404 Assembling: source: 7667, dest: 8226, seq: 2969619927, ack: 24, window: 1448, ACK, FIN
0.404 Sent: b'\x1d\xf3 "\xb1\x00\xcd\xd7\x00\x00\x00\x18P\x11\x05\xa8\x00\x00\x00\x00'
0.406 Received: b' "\x1d\xf3\x00\x00\x00\x17\xb1\x00\xcd\xd8P\x10\x05\xa8\x00\x00\x00\x00'
0.407 Disassembled: source: 8226, dest: 7667, seq: 23, ack: 2969619928, window: 1448, ACK
0.407 FIN accepted; sending final packet
0.407 Assembling: source: 7667, dest: 8226, seq: 2969619928, ack: 24, window: 1448, ACK
0.407 Sent: b'\x1d\xf3 "\xb1\x00\xcd\xd8\x00\x00\x00\x18P\x10\x05\xa8\x00\x00\x00\x00'
0.408 Closed connection
0.408 Shutting down
