0.000 NEW RUN: Server, TEST: Write_file__Random_drops
0.079 Received: b'\xb5P\x8b^\x00\x00\x00d\x00\x00\x00\x00P\x02\x05\xa8\x00\x00\x00\x00'
0.080 Disassembled: source: 46416, dest: 35678, seq: 100, window: 1448, SYN
0.081 SYN accepted; new connection: 127.0.0.1 on port 46416
0.081 Assembling: source: 35678, dest: 46416, seq: 3046252156, ack: 101, window: 5808, ACK, SYN
0.082 Sent: b'\x8b^\xb5P\xb5\x92\x1e|\x00\x00\x00eP\x12\x16\xb0\x00\x00\x00\x00'
0.083 Received: b'\xb5P\x8b^\x00\x00\x00e\xb5\x92\x1e}P\x10\x16\xb0\x00\x00\x00\x00'
0.084 Disassembled: source: 46416, dest: 35678, seq: 101, ack: 3046252157, window: 5808, ACK
0.084 Assembling: source: 35678, dest: 46416, seq: 3046252157, ack: 101, window: 5808, ACK
0.084 Received: b'\xb5P\x8b^\x00\x00\x00e\xb5\x92\x1e}P\x10\x16\xb0\x00\x00\x00\x00Lorem ipsum dolo'...
0.085 Sent: b'\x8b^\xb5P\xb5\x92\x1e}\x00\x00\x00eP\x10\x16\xb0\x00\x00\x00\x00'
0.085 Disassembled: source: 46416, dest: 35678, seq: 101, ack: 3046252157, window: 5808, ACK, data: "Lorem ipsum dolo"...
0.085 Handshake complete
0.085 Data accepted; writing to file
0.086 Assembling: source: 35678, dest: 46416, seq: 3046252157, ack: 1549, window: 5808, ACK
0.086 Failed to send packet
0.086 Received: b'\xb5P\x8b^\x00\x00\x00e\xb5\x92\x1e}P\x10\x16\xb0\x00\x00\x00\x00Lorem ipsum dolo'...
0.087 Disassembled: source: 46416, dest: 35678, seq: 101, ack: 3046252157, window: 5808, ACK, data: "Lorem ipsum dolo"...
0.087 Old data; ignoring
0.586 Failed to send packet
1.087 Sent: b'\x8b^\xb5P\xb5\x92\x1e}\x00\x00\x06\rP\x10\x16\xb0\x00\x00\x00\x00'
1.090 Received: b'\xb5P\x8b^\x00\x00\x06\r\xb5\x92\x1e}P\x00\x16\xb0\x00\x00\x00\x00mprehensam nam, '...
1.090 Disassembled: source: 46416, dest: 35678, seq: 1549, ack: 3046252157, window: 5808, data: "mprehensam nam, "...
1.091 Data accepted; writing to file
1.091 Assembling: source: 35678, dest: 46416, seq: 3046252157, ack: 2997, window: 5808, ACK
1.091 Sent: b'\x8b^\xb5P\xb5\x92\x1e}\x00\x00\x0b\xb5P\x10\x16\xb0\x00\x00\x00\x00'
1.094 Received: b'\xb5P\x8b^\x00\x00\x0b\xb5\xb5\x92\x1e}P\x00\x16\xb0\x00\x00\x00\x00ilisi repudiare '...
1.095 Disassembled: source: 46416, dest: 35678, seq: 2997, ack: 3046252157, window: 5808, data: "ilisi repudiare "...
1.095 Data accepted; writing to file
1.095 Assembling: source: 35678, dest: 46416, seq: 3046252157, ack: 4445, window: 5808, ACK
1.096 Sent: b'\x8b^\xb5P\xb5\x92\x1e}\x00\x00\x11]P\x10\x16\xb0\x00\x00\x00\x00'
1.099 Received: b'\xb5P\x8b^\x00\x00\x11]\xb5\x92\x1e}P\x00\x16\xb0\x00\x00\x00\x00ta.\n\nEt essent s'...
1.099 Disassembled: source: 46416, dest: 35678, seq: 4445, ack: 3046252157, window: 5808, data: "ta.

Et essent s"...
1.099 Data accepted; writing to file
1.100 Assembling: source: 35678, dest: 46416, seq: 3046252157, ack: 5893, window: 5808, ACK
1.100 Sent: b'\x8b^\xb5P\xb5\x92\x1e}\x00\x00\x17\x05P\x10\x16\xb0\x00\x00\x00\x00'
1.103 Received: b'\xb5P\x8b^\x00\x00\x17\x05\xb5\x92\x1e}P\x00\x16\xb0\x00\x00\x00\x00 Nihil tractatos'...
1.104 Disassembled: source: 46416, dest: 35678, seq: 5893, ack: 3046252157, window: 5808, data: " Nihil tractatos"...
1.104 Data accepted; writing to file
1.104 Assembling: source: 35678, dest: 46416, seq: 3046252157, ack: 7341, window: 5808, ACK
1.104 Sent: b'\x8b^\xb5P\xb5\x92\x1e}\x00\x00\x1c\xadP\x10\x16\xb0\x00\x00\x00\x00'
1.106 Received: b'\xb5P\x8b^\x00\x00\x1c\xad\xb5\x92\x1e}P\x00\x16\xb0\x00\x00\x00\x00fert iuvaret sap'...
1.107 Disassembled: source: 46416, dest: 35678, seq: 7341, ack: 3046252157, window: 5808, data: "fert iuvaret sap"...
1.107 Data accepted; writing to file
1.107 Assembling: source: 35678, dest: 46416, seq: 3046252157, ack: 8789, window: 5808, ACK
1.108 Failed to send packet
1.608 Sent: b'\x8b^\xb5P\xb5\x92\x1e}\x00\x00"UP\x10\x16\xb0\x00\x00\x00\x00'
1.611 Received: b'\xb5P\x8b^\x00\x00"U\xb5\x92\x1e}P\x00\x16\xb0\x00\x00\x00\x00ram adipiscing, '...
1.612 Disassembled: source: 46416, dest: 35678, seq: 8789, ack: 3046252157, window: 5808, data: "ram adipiscing, "...
1.612 Data accepted; writing to file
1.612 Assembling: source: 35678, dest: 46416, seq: 3046252157, ack: 10237, window: 5808, ACK
1.612 Sent: b"\x8b^\xb5P\xb5\x92\x1e}\x00\x00'\xfdP\x10\x16\xb0\x00\x00\x00\x00"
1.615 Received: b"\xb5P\x8b^\x00\x00'\xfd\xb5\x92\x1e}P\x00\x16\xb0\x00\x00\x00\x00m veritus vivend"...
1.616 Disassembled: source: 46416, dest: 35678, seq: 10237, ack: 3046252157, window: 5808, data: "m veritus vivend"...
1.616 Data accepted; writing to file
1.616 Assembling: source: 35678, dest: 46416, seq: 3046252157, ack: 11685, window: 5808, ACK
1.617 Sent: b'\x8b^\xb5P\xb5\x92\x1e}\x00\x00-\xa5P\x10\x16\xb0\x00\x00\x00\x00'
1.620 Failed to receive packet
2.117 Sent: b'\x8b^\xb5P\xb5\x92\x1e}\x00\x00-\xa5P\x10\x16\xb0\x00\x00\x00\x00'
2.120 Received: b'\xb5P\x8b^\x00\x00-\xa5\xb5\x92\x1e}P\x00\x16\xb0\x00\x00\x00\x00 delenit, ignota'...
2.121 Disassembled: source: 46416, dest: 35678, seq: 11685, ack: 3046252157, window: 5808, data: " delenit, ignota"...
2.121 Data accepted; writing to file
2.121 Assembling: source: 35678, dest: 46416, seq: 3046252157, ack: 13133, window: 5808, ACK
2.121 Sent: b'\x8b^\xb5P\xb5\x92\x1e}\x00\x003MP\x10\x16\xb0\x00\x00\x00\x00'
2.124 Received: b'\xb5P\x8b^\x00\x003M\xb5\x92\x1e}P\x00\x16\xb0\x00\x00\x00\x00se explicari des'...
2.125 Disassembled: source: 46416, dest: 35678, seq: 13133, ack: 3046252157, window: 5808, data: "se explicari des"...
2.125 Data accepted; writing to file
2.125 Assembling: source: 35678, dest: 46416, seq: 3046252157, ack: 14581, window: 5808, ACK
2.126 Sent: b'\x8b^\xb5P\xb5\x92\x1e}\x00\x008\xf5P\x10\x16\xb0\x00\x00\x00\x00'
2.129 Received: b'\xb5P\x8b^\x00\x008\xf5\xb5\x92\x1e}P\x00\x16\xb0\x00\x00\x00\x00piscing, in modo'...
2.129 Disassembled: source: 46416, dest: 35678, seq: 14581, ack: 3046252157, window: 5808, data: "piscing, in modo"...
2.129 Data accepted; writing to file
2.130 Assembling: source: 35678, dest: 46416, seq: 3046252157, ack: 16029, window: 5808, ACK
2.130 Sent: b'\x8b^\xb5P\xb5\x92\x1e}\x00\x00>\x9dP\x10\x16\xb0\x00\x00\x00\x00'
2.132 Received: b'\xb5P\x8b^\x00\x00>\x9d\xb5\x92\x1e}P\x00\x16\xb0\x00\x00\x00\x00o copiosae tacim'...
2.133 Disassembled: source: 46416, dest: 35678, seq: 16029, ack: 3046252157, window: 5808, data: "o copiosae tacim"...
2.133 Data accepted; writing to file
2.133 Assembling: source: 35678, dest: 46416, seq: 3046252157, ack: 17477, window: 5808, ACK
2.134 Sent: b'\x8b^\xb5P\xb5\x92\x1e}\x00\x00DEP\x10\x16\xb0\x00\x00\x00\x00'
2.135 Received: b'\xb5P\x8b^\x00\x00DE\xb5\x92\x1e}P\x00\x16\xb0\x00\x00\x00\x00am. Pri ne antio'...
2.136 Disassembled: source: 46416, dest: 35678, seq: 17477, ack: 3046252157, window: 5808, data: "am. Pri ne antio"...
2.136 Data accepted; writing to file
2.136 Assembling: source: 35678, dest: 46416, seq: 3046252157, ack: 18925, window: 5808, ACK
2.137 Sent: b'\x8b^\xb5P\xb5\x92\x1e}\x00\x00I\xedP\x10\x16\xb0\x00\x00\x00\x00'
2.138 Received: b'\xb5P\x8b^\x00\x00I\xed\xb5\x92\x1e}P\x00\x16\xb0\x00\x00\x00\x00to no. Elitr pos'...
2.139 Disassembled: source: 46416, dest: 35678, seq: 18925, ack: 3046252157, window: 5808, data: "to no. Elitr pos"...
2.139 Data accepted; writing to file
2.139 Assembling: source: 35678, dest: 46416, seq: 3046252157, ack: 20373, window: 5808, ACK
2.140 Sent: b'\x8b^\xb5P\xb5\x92\x1e}\x00\x00O\x95P\x10\x16\xb0\x00\x00\x00\x00'
2.141 Received: b'\xb5P\x8b^\x00\x00O\x95\xb5\x92\x1e}P\x00\x16\xb0\x00\x00\x00\x00pretaris, sea ex'...
2.142 Disassembled: source: 46416, dest: 35678, seq: 20373, ack: 3046252157, window: 5808, data: "pretaris, sea ex"...
2.142 Data accepted; writing to file
2.142 Assembling: source: 35678, dest: 46416, seq: 3046252157, ack: 21821, window: 5808, ACK
2.143 Sent: b'\x8b^\xb5P\xb5\x92\x1e}\x00\x00U=P\x10\x16\xb0\x00\x00\x00\x00'
2.144 Received: b'\xb5P\x8b^\x00\x00U=\xb5\x92\x1e}P\x00\x16\xb0\x00\x00\x00\x00oporteat inimicu'...
2.145 Disassembled: source: 46416, dest: 35678, seq: 21821, ack: 3046252157, window: 5808, data: "oporteat inimicu"...
2.145 Data accepted; writing to file
2.145 Assembling: source: 35678, dest: 46416, seq: 3046252157, ack: 23269, window: 5808, ACK
2.146 Failed to send packet
2.646 Sent: b'\x8b^\xb5P\xb5\x92\x1e}\x00\x00Z\xe5P\x10\x16\xb0\x00\x00\x00\x00'
2.649 Received: b'\xb5P\x8b^\x00\x00Z\xe5\xb5\x92\x1e}P\x00\x16\xb0\x00\x00\x00\x00ligendi officiis'...
2.650 Disassembled: source: 46416, dest: 35678, seq: 23269, ack: 3046252157, window: 5808, data: "ligendi officiis"...
2.650 Data accepted; writing to file
2.650 Assembling: source: 35678, dest: 46416, seq: 3046252157, ack: 24717, window: 5808, ACK
2.650 Sent: b'\x8b^\xb5P\xb5\x92\x1e}\x00\x00`\x8dP\x10\x16\xb0\x00\x00\x00\x00'
2.653 Failed to receive packet
3.151 Sent: b'\x8b^\xb5P\xb5\x92\x1e}\x00\x00`\x8dP\x10\x16\xb0\x00\x00\x00\x00'
3.154 Received: b'\xb5P\x8b^\x00\x00`\x8d\xb5\x92\x1e}P\x00\x16\xb0\x00\x00\x00\x00no vel regione i'...
3.154 Disassembled: source: 46416, dest: 35678, seq: 24717, ack: 3046252157, window: 5808, data: "no vel regione i"...
3.155 Data accepted; writing to file
3.155 Assembling: source: 35678, dest: 46416, seq: 3046252157, ack: 26165, window: 5808, ACK
3.155 Sent: b'\x8b^\xb5P\xb5\x92\x1e}\x00\x00f5P\x10\x16\xb0\x00\x00\x00\x00'
3.158 Received: b'\xb5P\x8b^\x00\x00f5\xb5\x92\x1e}P\x00\x16\xb0\x00\x00\x00\x00ibus vis ex, pro'...
3.159 Disassembled: source: 46416, dest: 35678, seq: 26165, ack: 3046252157, window: 5808, data: "ibus vis ex, pro"...
3.159 Data accepted; writing to file
3.159 Assembling: source: 35678, dest: 46416, seq: 3046252157, ack: 27613, window: 5808, ACK
3.160 Sent: b'\x8b^\xb5P\xb5\x92\x1e}\x00\x00k\xddP\x10\x16\xb0\x00\x00\x00\x00'
3.163 Received: b'\xb5P\x8b^\x00\x00k\xdd\xb5\x92\x1e}P\x00\x16\xb0\x00\x00\x00\x00o vix, mel ea li'...
3.163 Disassembled: source: 46416, dest: 35678, seq: 27613, ack: 3046252157, window: 5808, data: "o vix, mel ea li"...
3.163 Data accepted; writing to file
3.164 Assembling: source: 35678, dest: 46416, seq: 3046252157, ack: 29061, window: 5808, ACK
3.164 Sent: b'\x8b^\xb5P\xb5\x92\x1e}\x00\x00q\x85P\x10\x16\xb0\x00\x00\x00\x00'
3.167 Received: b'\xb5P\x8b^\x00\x00q\x85\xb5\x92\x1e}P\x00\x16\xb0\x00\x00\x00\x00d. Ex fugit suav'...
3.168 Disassembled: source: 46416, dest: 35678, seq: 29061, ack: 3046252157, window: 5808, data: "d. Ex fugit suav"...
3.168 Data accepted; writing to file
3.168 Assembling: source: 35678, dest: 46416, seq: 3046252157, ack: 30509, window: 5808, ACK
3.169 Sent: b'\x8b^\xb5P\xb5\x92\x1e}\x00\x00w-P\x10\x16\xb0\x00\x00\x00\x00'
3.170 Received: b'\xb5P\x8b^\x00\x00w-\xb5\x92\x1e}P\x00\x16\xb0\x00\x00\x00\x00pertinax nec. De'...
3.171 Disassembled: source: 46416, dest: 35678, seq: 30509, ack: 3046252157, window: 5808, data: "pertinax nec. De"...
3.171 Data accepted; writing to file
3.171 Assembling: source: 35678, dest: 46416, seq: 3046252157, ack: 31957, window: 5808, ACK
3.172 Sent: b'\x8b^\xb5P\xb5\x92\x1e}\x00\x00|\xd5P\x10\x16\xb0\x00\x00\x00\x00'
3.173 Received: b'\xb5P\x8b^\x00\x00|\xd5\xb5\x92\x1e}P\x00\x16\xb0\x00\x00\x00\x00lli primis praes'...
3.174 Disassembled: source: 46416, dest: 35678, seq: 31957, ack: 3046252157, window: 5808, data: "lli primis praes"...
3.174 Data accepted; writing to file
3.174 Assembling: source: 35678, dest: 46416, seq: 3046252157, ack: 33405, window: 5808, ACK
3.175 Sent: b'\x8b^\xb5P\xb5\x92\x1e}\x00\x00\x82}P\x10\x16\xb0\x00\x00\x00\x00'
3.177 Received: b'\xb5P\x8b^\x00\x00\x82}\xb5\x92\x1e}P\x00\x16\xb0\x00\x00\x00\x00m, percipit inte'...
3.177 Disassembled: source: 46416, dest: 35678, seq: 33405, ack: 3046252157, window: 5808, data: "m, percipit inte"...
3.177 Data accepted; writing to file
3.177 Assembling: source: 35678, dest: 46416, seq: 3046252157, ack: 34853, window: 5808, ACK
3.178 Sent: b'\x8b^\xb5P\xb5\x92\x1e}\x00\x00\x88%P\x10\x16\xb0\x00\x00\x00\x00'
3.180 Received: b'\xb5P\x8b^\x00\x00\x88%\xb5\x92\x1e}P\x00\x16\xb0\x00\x00\x00\x00nani docendi pat'...
3.180 Disassembled: source: 46416, dest: 35678, seq: 34853, ack: 3046252157, window: 5808, data: "nani docendi pat"...
3.180 Data accepted; writing to file
3.181 Assembling: source: 35678, dest: 46416, seq: 3046252157, ack: 36301, window: 5808, ACK
3.181 Sent: b'\x8b^\xb5P\xb5\x92\x1e}\x00\x00\x8d\xcdP\x10\x16\xb0\x00\x00\x00\x00'
3.183 Received: b'\xb5P\x8b^\x00\x00\x8d\xcd\xb5\x92\x1e}P\x00\x16\xb0\x00\x00\x00\x00 vis decore poss'...
3.183 Disassembled: source: 46416, dest: 35678, seq: 36301, ack: 3046252157, window: 5808, data: " vis decore poss"...
3.184 Data accepted; writing to file
3.184 Assembling: source: 35678, dest: 46416, seq: 3046252157, ack: 37749, window: 5808, ACK
3.184 Sent: b'\x8b^\xb5P\xb5\x92\x1e}\x00\x00\x93uP\x10\x16\xb0\x00\x00\x00\x00'
3.186 Received: b'\xb5P\x8b^\x00\x00\x93u\xb5\x92\x1e}P\x00\x16\xb0\x00\x00\x00\x00eam odio corpora'...
3.187 Disassembled: source: 46416, dest: 35678, seq: 37749, ack: 3046252157, window: 5808, data: "eam odio corpora"...
3.187 Data accepted; writing to file
3.187 Assembling: source: 35678, dest: 46416, seq: 3046252157, ack: 39197, window: 5808, ACK
3.187 Sent: b'\x8b^\xb5P\xb5\x92\x1e}\x00\x00\x99\x1dP\x10\x16\xb0\x00\x00\x00\x00'
3.189 Received: b'\xb5P\x8b^\x00\x00\x99\x1d\xb5\x92\x1e}P\x00\x16\xb0\x00\x00\x00\x00 est. Usu sanctu'...
3.190 Disassembled: source: 46416, dest: 35678, seq: 39197, ack: 3046252157, window: 5808, data: " est. Usu sanctu"...
3.190 Data accepted; writing to file
3.190 Assembling: source: 35678, dest: 46416, seq: 3046252157, ack: 40645, window: 5808, ACK
3.190 Sent: b'\x8b^\xb5P\xb5\x92\x1e}\x00\x00\x9e\xc5P\x10\x16\xb0\x00\x00\x00\x00'
3.192 Received: b'\xb5P\x8b^\x00\x00\x9e\xc5\xb5\x92\x1e}P\x00\x16\xb0\x00\x00\x00\x00.\n\nMei graeco ae'...
3.193 Disassembled: source: 46416, dest: 35678, seq: 40645, ack: 3046252157, window: 5808, data: ".

Mei graeco ae"...
3.193 Data accepted; writing to file
3.193 Assembling: source: 35678, dest: 46416, seq: 3046252157, ack: 42093, window: 5808, ACK
3.194 Sent: b'\x8b^\xb5P\xb5\x92\x1e}\x00\x00\xa4mP\x10\x16\xb0\x00\x00\x00\x00'
3.196 Received: b'\xb5P\x8b^\x00\x00\xa4m\xb5\x92\x1e}P\x00\x16\xb0\x00\x00\x00\x00et. Ne sea primi'...
3.196 Disassembled: source: 46416, dest: 35678, seq: 42093, ack: 3046252157, window: 5808, data: "et. Ne sea primi"...
3.196 Data accepted; writing to file
3.197 Assembling: source: 35678, dest: 46416, seq: 3046252157, ack: 43541, window: 5808, ACK
3.197 Sent: b'\x8b^\xb5P\xb5\x92\x1e}\x00\x00\xaa\x15P\x10\x16\xb0\x00\x00\x00\x00'
3.199 Received: b'\xb5P\x8b^\x00\x00\xaa\x15\xb5\x92\x1e}P\x00\x16\xb0\x00\x00\x00\x00ittam convenire.'...
3.200 Disassembled: source: 46416, dest: 35678, seq: 43541, ack: 3046252157, window: 5808, data: "ittam convenire."...
3.200 Data accepted; writing to file
3.200 Assembling: source: 35678, dest: 46416, seq: 3046252157, ack: 44989, window: 5808, ACK
3.200 Sent: b'\x8b^\xb5P\xb5\x92\x1e}\x00\x00\xaf\xbdP\x10\x16\xb0\x00\x00\x00\x00'
3.202 Received: b'\xb5P\x8b^\x00\x00\xaf\xbd\xb5\x92\x1e}P\x00\x16\xb0\x00\x00\x00\x00ua et vis, id eu'...
3.203 Disassembled: source: 46416, dest: 35678, seq: 44989, ack: 3046252157, window: 5808, data: "ua et vis, id eu"...
3.203 Data accepted; writing to file
3.203 Assembling: source: 35678, dest: 46416, seq: 3046252157, ack: 46437, window: 5808, ACK
3.204 Sent: b'\x8b^\xb5P\xb5\x92\x1e}\x00\x00\xb5eP\x10\x16\xb0\x00\x00\x00\x00'
3.206 Received: b'\xb5P\x8b^\x00\x00\xb5e\xb5\x92\x1e}P\x00\x16\xb0\x00\x00\x00\x00r. Et velit appa'...
3.206 Disassembled: source: 46416, dest: 35678, seq: 46437, ack: 3046252157, window: 5808, data: "r. Et velit appa"...
3.206 Data accepted; writing to file
3.206 Assembling: source: 35678, dest: 46416, seq: 3046252157, ack: 47885, window: 5808, ACK
3.207 Sent: b'\x8b^\xb5P\xb5\x92\x1e}\x00\x00\xbb\rP\x10\x16\xb0\x00\x00\x00\x00'
3.209 Received: b'\xb5P\x8b^\x00\x00\xbb\r\xb5\x92\x1e}P\x00\x16\xb0\x00\x00\x00\x00 novum laudem, v'...
3.209 Disassembled: source: 46416, dest: 35678, seq: 47885, ack: 3046252157, window: 5808, data: " novum laudem, v"...
3.209 Data accepted; writing to file
3.209 Assembling: source: 35678, dest: 46416, seq: 3046252157, ack: 49333, window: 5808, ACK
3.210 Failed to send packet
3.710 Sent: b'\x8b^\xb5P\xb5\x92\x1e}\x00\x00\xc0\xb5P\x10\x16\xb0\x00\x00\x00\x00'
3.713 Received: b'\xb5P\x8b^\x00\x00\xc0\xb5\xb5\x92\x1e}P\x00\x16\xb0\x00\x00\x00\x00luptatibus, cibo'...
3.714 Disassembled: source: 46416, dest: 35678, seq: 49333, ack: 3046252157, window: 5808, data: "luptatibus, cibo"...
3.714 Data accepted; writing to file
3.714 Assembling: source: 35678, dest: 46416, seq: 3046252157, ack: 50781, window: 5808, ACK
3.715 Sent: b'\x8b^\xb5P\xb5\x92\x1e}\x00\x00\xc6]P\x10\x16\xb0\x00\x00\x00\x00'
3.718 Failed to receive packet
4.215 Sent: b'\x8b^\xb5P\xb5\x92\x1e}\x00\x00\xc6]P\x10\x16\xb0\x00\x00\x00\x00'
4.218 Received: b'\xb5P\x8b^\x00\x00\xc6]\xb5\x92\x1e}P\x00\x16\xb0\x00\x00\x00\x00alii indoctum ma'...
4.219 Disassembled: source: 46416, dest: 35678, seq: 50781, ack: 3046252157, window: 5808, data: "alii indoctum ma"...
4.219 Data accepted; writing to file
4.219 Assembling: source: 35678, dest: 46416, seq: 3046252157, ack: 52229, window: 5808, ACK
4.220 Sent: b'\x8b^\xb5P\xb5\x92\x1e}\x00\x00\xcc\x05P\x10\x16\xb0\x00\x00\x00\x00'
4.223 Failed to receive packet
4.720 Sent: b'\x8b^\xb5P\xb5\x92\x1e}\x00\x00\xcc\x05P\x10\x16\xb0\x00\x00\x00\x00'
4.723 Received: b'\xb5P\x8b^\x00\x00\xcc\x05\xb5\x92\x1e}P\x00\x16\xb0\x00\x00\x00\x00im, his facete c'...
4.723 Disassembled: source: 46416, dest: 35678, seq: 52229, ack: 3046252157, window: 5808, data: "im, his facete c"...
4.724 Data accepted; writing to file
4.724 Assembling: source: 35678, dest: 46416, seq: 3046252157, ack: 53677, window: 5808, ACK
4.724 Sent: b'\x8b^\xb5P\xb5\x92\x1e}\x00\x00\xd1\xadP\x10\x16\xb0\x00\x00\x00\x00'
4.727 Received: b'\xb5P\x8b^\x00\x00\xd1\xad\xb5\x92\x1e}P\x00\x16\xb0\x00\x00\x00\x00e alia dolor com'...
4.728 Disassembled: source: 46416, dest: 35678, seq: 53677, ack: 3046252157, window: 5808, data: "e alia dolor com"...
4.728 Data accepted; writing to file
4.728 Assembling: source: 35678, dest: 46416, seq: 3046252157, ack: 55125, window: 5808, ACK
4.729 Sent: b'\x8b^\xb5P\xb5\x92\x1e}\x00\x00\xd7UP\x10\x16\xb0\x00\x00\x00\x00'
4.732 Received: b'\xb5P\x8b^\x00\x00\xd7U\xb5\x92\x1e}P\x00\x16\xb0\x00\x00\x00\x00it ea, reque tem'...
4.732 Disassembled: source: 46416, dest: 35678, seq: 55125, ack: 3046252157, window: 5808, data: "it ea, reque tem"...
4.732 Data accepted; writing to file
4.733 Assembling: source: 35678, dest: 46416, seq: 3046252157, ack: 56573, window: 5808, ACK
4.733 Sent: b'\x8b^\xb5P\xb5\x92\x1e}\x00\x00\xdc\xfdP\x10\x16\xb0\x00\x00\x00\x00'
4.736 Received: b'\xb5P\x8b^\x00\x00\xdc\xfd\xb5\x92\x1e}P\x00\x16\xb0\x00\x00\x00\x00alisque.\n\nEquide'...
4.736 Disassembled: source: 46416, dest: 35678, seq: 56573, ack: 3046252157, window: 5808, data: "alisque.

Equide"...
4.737 Data accepted; writing to file
4.737 Assembling: source: 35678, dest: 46416, seq: 3046252157, ack: 58021, window: 5808, ACK
4.737 Sent: b'\x8b^\xb5P\xb5\x92\x1e}\x00\x00\xe2\xa5P\x10\x16\xb0\x00\x00\x00\x00'
4.739 Received: b'\xb5P\x8b^\x00\x00\xe2\xa5\xb5\x92\x1e}P\x00\x16\xb0\x00\x00\x00\x00finitiones, affe'...
4.740 Disassembled: source: 46416, dest: 35678, seq: 58021, ack: 3046252157, window: 5808, data: "finitiones, affe"...
4.740 Data accepted; writing to file
4.740 Assembling: source: 35678, dest: 46416, seq: 3046252157, ack: 59469, window: 5808, ACK
4.740 Sent: b'\x8b^\xb5P\xb5\x92\x1e}\x00\x00\xe8MP\x10\x16\xb0\x00\x00\x00\x00'
4.742 Received: b'\xb5P\x8b^\x00\x00\xe8M\xb5\x92\x1e}P\x00\x16\xb0\x00\x00\x00\x00his duis graeco '...
4.743 Disassembled: source: 46416, dest: 35678, seq: 59469, ack: 3046252157, window: 5808, data: "his duis graeco "...
4.743 Data accepted; writing to file
4.743 Assembling: source: 35678, dest: 46416, seq: 3046252157, ack: 60917, window: 5808, ACK
4.744 Sent: b'\x8b^\xb5P\xb5\x92\x1e}\x00\x00\xed\xf5P\x10\x16\xb0\x00\x00\x00\x00'
4.746 Received: b'\xb5P\x8b^\x00\x00\xed\xf5\xb5\x92\x1e}P\x00\x16\xb0\x00\x00\x00\x00am. Alia possit '...
4.746 Disassembled: source: 46416, dest: 35678, seq: 60917, ack: 3046252157, window: 5808, data: "am. Alia possit "...
4.746 Data accepted; writing to file
4.746 Assembling: source: 35678, dest: 46416, seq: 3046252157, ack: 62365, window: 5808, ACK
4.747 Sent: b'\x8b^\xb5P\xb5\x92\x1e}\x00\x00\xf3\x9dP\x10\x16\xb0\x00\x00\x00\x00'
4.749 Received: b'\xb5P\x8b^\x00\x00\xf3\x9d\xb5\x92\x1e}P\x00\x16\xb0\x00\x00\x00\x00cum an. Mei faci'...
4.749 Disassembled: source: 46416, dest: 35678, seq: 62365, ack: 3046252157, window: 5808, data: "cum an. Mei faci"...
4.749 Data accepted; writing to file
4.750 Assembling: source: 35678, dest: 46416, seq: 3046252157, ack: 63813, window: 5808, ACK
4.750 Sent: b'\x8b^\xb5P\xb5\x92\x1e}\x00\x00\xf9EP\x10\x16\xb0\x00\x00\x00\x00'
4.752 Received: b'\xb5P\x8b^\x00\x00\xf9E\xb5\x92\x1e}P\x00\x16\xb0\x00\x00\x00\x00 vis adhuc tatio'...
4.752 Disassembled: source: 46416, dest: 35678, seq: 63813, ack: 3046252157, window: 5808, data: " vis adhuc tatio"...
4.753 Data accepted; writing to file
4.753 Assembling: source: 35678, dest: 46416, seq: 3046252157, ack: 65261, window: 5808, ACK
4.753 Sent: b'\x8b^\xb5P\xb5\x92\x1e}\x00\x00\xfe\xedP\x10\x16\xb0\x00\x00\x00\x00'
4.755 Received: b'\xb5P\x8b^\x00\x00\xfe\xed\xb5\x92\x1e}P\x00\x16\xb0\x00\x00\x00\x00im eu option iuv'...
4.756 Disassembled: source: 46416, dest: 35678, seq: 65261, ack: 3046252157, window: 5808, data: "im eu option iuv"...
4.756 Data accepted; writing to file
4.756 Assembling: source: 35678, dest: 46416, seq: 3046252157, ack: 66709, window: 5808, ACK
4.757 Sent: b'\x8b^\xb5P\xb5\x92\x1e}\x00\x01\x04\x95P\x10\x16\xb0\x00\x00\x00\x00'
4.758 Received: b'\xb5P\x8b^\x00\x01\x04\x95\xb5\x92\x1e}P\x00\x16\xb0\x00\x00\x00\x00ex epicurei taci'...
4.759 Disassembled: source: 46416, dest: 35678, seq: 66709, ack: 3046252157, window: 5808, data: "ex epicurei taci"...
4.759 Data accepted; writing to file
4.759 Assembling: source: 35678, dest: 46416, seq: 3046252157, ack: 68157, window: 5808, ACK
4.760 Sent: b'\x8b^\xb5P\xb5\x92\x1e}\x00\x01\n=P\x10\x16\xb0\x00\x00\x00\x00'
4.762 Received: b'\xb5P\x8b^\x00\x01\n=\xb5\x92\x1e}P\x00\x16\xb0\x00\x00\x00\x00ebat, eu pro ero'...
4.762 Disassembled: source: 46416, dest: 35678, seq: 68157, ack: 3046252157, window: 5808, data: "ebat, eu pro ero"...
4.762 Data accepted; writing to file
4.762 Assembling: source: 35678, dest: 46416, seq: 3046252157, ack: 69605, window: 5808, ACK
4.763 Failed to send packet
5.263 Failed to send packet
5.764 Sent: b'\x8b^\xb5P\xb5\x92\x1e}\x00\x01\x0f\xe5P\x10\x16\xb0\x00\x00\x00\x00'
5.767 Received: b'\xb5P\x8b^\x00\x01\x0f\xe5\xb5\x92\x1e}P\x00\x16\xb0\x00\x00\x00\x00s. Per no sale v'...
5.767 Disassembled: source: 46416, dest: 35678, seq: 69605, ack: 3046252157, window: 5808, data: "s. Per no sale v"...
5.767 Data accepted; writing to file
5.768 Assembling: source: 35678, dest: 46416, seq: 3046252157, ack: 71053, window: 5808, ACK
5.768 Sent: b'\x8b^\xb5P\xb5\x92\x1e}\x00\x01\x15\x8dP\x10\x16\xb0\x00\x00\x00\x00'
5.771 Received: b'\xb5P\x8b^\x00\x01\x15\x8d\xb5\x92\x1e}P\x00\x16\xb0\x00\x00\x00\x00orrupte ea mel. '...
5.772 Disassembled: source: 46416, dest: 35678, seq: 71053, ack: 3046252157, window: 5808, data: "orrupte ea mel. "...
5.772 Data accepted; writing to file
5.772 Assembling: source: 35678, dest: 46416, seq: 3046252157, ack: 72501, window: 5808, ACK
5.772 Sent: b'\x8b^\xb5P\xb5\x92\x1e}\x00\x01\x1b5P\x10\x16\xb0\x00\x00\x00\x00'
5.775 Failed to receive packet
6.273 Sent: b'\x8b^\xb5P\xb5\x92\x1e}\x00\x01\x1b5P\x10\x16\xb0\x00\x00\x00\x00'
6.276 Failed to receive packet
6.773 Sent: b'\x8b^\xb5P\xb5\x92\x1e}\x00\x01\x1b5P\x10\x16\xb0\x00\x00\x00\x00'
6.776 Received: b'\xb5P\x8b^\x00\x01\x1b5\xb5\x92\x1e}P\x00\x16\xb0\x00\x00\x00\x00. Est iracundia '...
6.777 Disassembled: source: 46416, dest: 35678, seq: 72501, ack: 3046252157, window: 5808, data: ". Est iracundia "...
6.777 Data accepted; writing to file
6.777 Assembling: source: 35678, dest: 46416, seq: 3046252157, ack: 73949, window: 5808, ACK
6.778 Failed to send packet
7.278 Sent: b'\x8b^\xb5P\xb5\x92\x1e}\x00\x01 \xddP\x10\x16\xb0\x00\x00\x00\x00'
7.281 Received: b'\xb5P\x8b^\x00\x01 \xdd\xb5\x92\x1e}P\x00\x16\xb0\x00\x00\x00\x00pta probatus scr'...
7.282 Disassembled: source: 46416, dest: 35678, seq: 73949, ack: 3046252157, window: 5808, data: "pta probatus scr"...
7.282 Data accepted; writing to file
7.282 Assembling: source: 35678, dest: 46416, seq: 3046252157, ack: 75397, window: 5808, ACK
7.283 Sent: b'\x8b^\xb5P\xb5\x92\x1e}\x00\x01&\x85P\x10\x16\xb0\x00\x00\x00\x00'
7.286 Received: b'\xb5P\x8b^\x00\x01&\x85\xb5\x92\x1e}P\x00\x16\xb0\x00\x00\x00\x00entur ei, pro ei'...
7.286 Disassembled: source: 46416, dest: 35678, seq: 75397, ack: 3046252157, window: 5808, data: "entur ei, pro ei"...
7.286 Data accepted; writing to file
7.286 Assembling: source: 35678, dest: 46416, seq: 3046252157, ack: 76845, window: 5808, ACK
7.287 Sent: b'\x8b^\xb5P\xb5\x92\x1e}\x00\x01,-P\x10\x16\xb0\x00\x00\x00\x00'
7.289 Received: b'\xb5P\x8b^\x00\x01,-\xb5\x92\x1e}P\x00\x16\xb0\x00\x00\x00\x00simul euismod vi'...
7.289 Disassembled: source: 46416, dest: 35678, seq: 76845, ack: 3046252157, window: 5808, data: "simul euismod vi"...
7.290 Data accepted; writing to file
7.290 Assembling: source: 35678, dest: 46416, seq: 3046252157, ack: 78293, window: 5808, ACK
7.290 Sent: b'\x8b^\xb5P\xb5\x92\x1e}\x00\x011\xd5P\x10\x16\xb0\x00\x00\x00\x00'
7.292 Received: b'\xb5P\x8b^\x00\x011\xd5\xb5\x92\x1e}P\x00\x16\xb0\x00\x00\x00\x00, eam id iudico '...
7.293 Disassembled: source: 46416, dest: 35678, seq: 78293, ack: 3046252157, window: 5808, data: ", eam id iudico "...
7.293 Data accepted; writing to file
7.293 Assembling: source: 35678, dest: 46416, seq: 3046252157, ack: 79741, window: 5808, ACK
7.294 Sent: b'\x8b^\xb5P\xb5\x92\x1e}\x00\x017}P\x10\x16\xb0\x00\x00\x00\x00'
7.296 Received: b'\xb5P\x8b^\x00\x017}\xb5\x92\x1e}P\x00\x16\xb0\x00\x00\x00\x00m vix. Ea est mu'...
7.296 Disassembled: source: 46416, dest: 35678, seq: 79741, ack: 3046252157, window: 5808, data: "m vix. Ea est mu"...
7.296 Data accepted; writing to file
7.296 Assembling: source: 35678, dest: 46416, seq: 3046252157, ack: 81189, window: 5808, ACK
7.297 Sent: b'\x8b^\xb5P\xb5\x92\x1e}\x00\x01=%P\x10\x16\xb0\x00\x00\x00\x00'
7.299 Received: b'\xb5P\x8b^\x00\x01=%\xb5\x92\x1e}P\x00\x16\xb0\x00\x00\x00\x00olor sit amet, e'...
7.299 Disassembled: source: 46416, dest: 35678, seq: 81189, ack: 3046252157, window: 5808, data: "olor sit amet, e"...
7.299 Data accepted; writing to file
7.300 Assembling: source: 35678, dest: 46416, seq: 3046252157, ack: 82637, window: 5808, ACK
7.300 Failed to send packet
7.800 Sent: b'\x8b^\xb5P\xb5\x92\x1e}\x00\x01B\xcdP\x10\x16\xb0\x00\x00\x00\x00'
7.803 Received: b'\xb5P\x8b^\x00\x01B\xcd\xb5\x92\x1e}P\x00\x16\xb0\x00\x00\x00\x00m, aperiam iudic'...
7.804 Disassembled: source: 46416, dest: 35678, seq: 82637, ack: 3046252157, window: 5808, data: "m, aperiam iudic"...
7.804 Data accepted; writing to file
7.804 Assembling: source: 35678, dest: 46416, seq: 3046252157, ack: 84085, window: 5808, ACK
7.805 Sent: b'\x8b^\xb5P\xb5\x92\x1e}\x00\x01HuP\x10\x16\xb0\x00\x00\x00\x00'
7.808 Received: b'\xb5P\x8b^\x00\x01Hu\xb5\x92\x1e}P\x00\x16\xb0\x00\x00\x00\x00re sea. No eos d'...
7.808 Disassembled: source: 46416, dest: 35678, seq: 84085, ack: 3046252157, window: 5808, data: "re sea. No eos d"...
7.809 Data accepted; writing to file
7.809 Assembling: source: 35678, dest: 46416, seq: 3046252157, ack: 85533, window: 5808, ACK
7.809 Sent: b'\x8b^\xb5P\xb5\x92\x1e}\x00\x01N\x1dP\x10\x16\xb0\x00\x00\x00\x00'
7.812 Received: b'\xb5P\x8b^\x00\x01N\x1d\xb5\x92\x1e}P\x00\x16\xb0\x00\x00\x00\x00t scripta philos'...
7.813 Disassembled: source: 46416, dest: 35678, seq: 85533, ack: 3046252157, window: 5808, data: "t scripta philos"...
7.813 Data accepted; writing to file
7.813 Assembling: source: 35678, dest: 46416, seq: 3046252157, ack: 86981, window: 5808, ACK
7.814 Failed to send packet
8.314 Sent: b'\x8b^\xb5P\xb5\x92\x1e}\x00\x01S\xc5P\x10\x16\xb0\x00\x00\x00\x00'
8.317 Received: b'\xb5P\x8b^\x00\x01S\xc5\xb5\x92\x1e}P\x00\x16\xb0\x00\x00\x00\x00tos sadipscing e'...
8.318 Disassembled: source: 46416, dest: 35678, seq: 86981, ack: 3046252157, window: 5808, data: "tos sadipscing e"...
8.318 Data accepted; writing to file
8.318 Assembling: source: 35678, dest: 46416, seq: 3046252157, ack: 88429, window: 5808, ACK
8.319 Sent: b'\x8b^\xb5P\xb5\x92\x1e}\x00\x01YmP\x10\x16\xb0\x00\x00\x00\x00'
8.322 Received: b'\xb5P\x8b^\x00\x01Ym\xb5\x92\x1e}P\x00\x16\xb0\x00\x00\x00\x00sapientem ea, ad'...
8.322 Disassembled: source: 46416, dest: 35678, seq: 88429, ack: 3046252157, window: 5808, data: "sapientem ea, ad"...
8.322 Data accepted; writing to file
8.322 Assembling: source: 35678, dest: 46416, seq: 3046252157, ack: 89877, window: 5808, ACK
8.323 Sent: b'\x8b^\xb5P\xb5\x92\x1e}\x00\x01_\x15P\x10\x16\xb0\x00\x00\x00\x00'
8.326 Received: b'\xb5P\x8b^\x00\x01_\x15\xb5\x92\x1e}P\x00\x16\xb0\x00\x00\x00\x00g, ei invenire p'...
8.326 Disassembled: source: 46416, dest: 35678, seq: 89877, ack: 3046252157, window: 5808, data: "g, ei invenire p"...
8.327 Data accepted; writing to file
8.327 Assembling: source: 35678, dest: 46416, seq: 3046252157, ack: 91325, window: 5808, ACK
8.327 Sent: b'\x8b^\xb5P\xb5\x92\x1e}\x00\x01d\xbdP\x10\x16\xb0\x00\x00\x00\x00'
8.329 Received: b'\xb5P\x8b^\x00\x01d\xbd\xb5\x92\x1e}P\x00\x16\xb0\x00\x00\x00\x00endo at. Qui id '...
8.330 Disassembled: source: 46416, dest: 35678, seq: 91325, ack: 3046252157, window: 5808, data: "endo at. Qui id "...
8.330 Data accepted; writing to file
8.330 Assembling: source: 35678, dest: 46416, seq: 3046252157, ack: 92773, window: 5808, ACK
8.331 Sent: b'\x8b^\xb5P\xb5\x92\x1e}\x00\x01jeP\x10\x16\xb0\x00\x00\x00\x00'
8.332 Received: b'\xb5P\x8b^\x00\x01je\xb5\x92\x1e}P\x00\x16\xb0\x00\x00\x00\x00ota nostrum et p'...
8.333 Disassembled: source: 46416, dest: 35678, seq: 92773, ack: 3046252157, window: 5808, data: "ota nostrum et p"...
8.333 Data accepted; writing to file
8.333 Assembling: source: 35678, dest: 46416, seq: 3046252157, ack: 94221, window: 5808, ACK
8.334 Sent: b'\x8b^\xb5P\xb5\x92\x1e}\x00\x01p\rP\x10\x16\xb0\x00\x00\x00\x00'
8.336 Received: b'\xb5P\x8b^\x00\x01p\r\xb5\x92\x1e}P\x00\x16\xb0\x00\x00\x00\x00deseruisse id. P'...
8.336 Disassembled: source: 46416, dest: 35678, seq: 94221, ack: 3046252157, window: 5808, data: "deseruisse id. P"...
8.337 Data accepted; writing to file
8.337 Assembling: source: 35678, dest: 46416, seq: 3046252157, ack: 95669, window: 5808, ACK
8.337 Failed to send packet
8.838 Sent: b'\x8b^\xb5P\xb5\x92\x1e}\x00\x01u\xb5P\x10\x16\xb0\x00\x00\x00\x00'
8.841 Received: b'\xb5P\x8b^\x00\x01u\xb5\xb5\x92\x1e}P\x00\x16\xb0\x00\x00\x00\x00odo munere imper'...
8.841 Disassembled: source: 46416, dest: 35678, seq: 95669, ack: 3046252157, window: 5808, data: "odo munere imper"...
8.841 Data accepted; writing to file
8.842 Assembling: source: 35678, dest: 46416, seq: 3046252157, ack: 97117, window: 5808, ACK
8.842 Sent: b'\x8b^\xb5P\xb5\x92\x1e}\x00\x01{]P\x10\x16\xb0\x00\x00\x00\x00'
8.845 Received: b'\xb5P\x8b^\x00\x01{]\xb5\x92\x1e}P\x00\x16\xb0\x00\x00\x00\x00cimates cum, tib'...
8.846 Disassembled: source: 46416, dest: 35678, seq: 97117, ack: 3046252157, window: 5808, data: "cimates cum, tib"...
8.846 Data accepted; writing to file
8.846 Assembling: source: 35678, dest: 46416, seq: 3046252157, ack: 98565, window: 5808, ACK
8.846 Sent: b'\x8b^\xb5P\xb5\x92\x1e}\x00\x01\x81\x05P\x10\x16\xb0\x00\x00\x00\x00'
8.849 Received: b'\xb5P\x8b^\x00\x01\x81\x05\xb5\x92\x1e}P\x00\x16\xb0\x00\x00\x00\x00tiopam molestiae'...
8.850 Disassembled: source: 46416, dest: 35678, seq: 98565, ack: 3046252157, window: 5808, data: "tiopam molestiae"...
8.850 Data accepted; writing to file
8.850 Assembling: source: 35678, dest: 46416, seq: 3046252157, ack: 100013, window: 5808, ACK
8.851 Sent: b'\x8b^\xb5P\xb5\x92\x1e}\x00\x01\x86\xadP\x10\x16\xb0\x00\x00\x00\x00'
8.853 Received: b'\xb5P\x8b^\x00\x01\x86\xad\xb5\x92\x1e}P\x00\x16\xb0\x00\x00\x00\x00possim qui no, v'...
8.853 Disassembled: source: 46416, dest: 35678, seq: 100013, ack: 3046252157, window: 5808, data: "possim qui no, v"...
8.853 Data accepted; writing to file
8.854 Assembling: source: 35678, dest: 46416, seq: 3046252157, ack: 101461, window: 5808, ACK
8.854 Failed to send packet
9.354 Sent: b'\x8b^\xb5P\xb5\x92\x1e}\x00\x01\x8cUP\x10\x16\xb0\x00\x00\x00\x00'
9.357 Received: b'\xb5P\x8b^\x00\x01\x8cU\xb5\x92\x1e}P\x00\x16\xb0\x00\x00\x00\x00 ex utinam parti'...
9.358 Disassembled: source: 46416, dest: 35678, seq: 101461, ack: 3046252157, window: 5808, data: " ex utinam parti"...
9.358 Data accepted; writing to file
9.358 Assembling: source: 35678, dest: 46416, seq: 3046252157, ack: 102909, window: 5808, ACK
9.359 Sent: b'\x8b^\xb5P\xb5\x92\x1e}\x00\x01\x91\xfdP\x10\x16\xb0\x00\x00\x00\x00'
9.362 Received: b'\xb5P\x8b^\x00\x01\x91\xfd\xb5\x92\x1e}P\x00\x16\xb0\x00\x00\x00\x00icus in his. Pri'...
9.362 Disassembled: source: 46416, dest: 35678, seq: 102909, ack: 3046252157, window: 5808, data: "icus in his. Pri"...
9.363 Data accepted; writing to file
9.363 Assembling: source: 35678, dest: 46416, seq: 3046252157, ack: 104357, window: 5808, ACK
9.363 Sent: b'\x8b^\xb5P\xb5\x92\x1e}\x00\x01\x97\xa5P\x10\x16\xb0\x00\x00\x00\x00'
9.366 Received: b'\xb5P\x8b^\x00\x01\x97\xa5\xb5\x92\x1e}P\x00\x16\xb0\x00\x00\x00\x00iis et.\n\nIus cu '...
9.367 Disassembled: source: 46416, dest: 35678, seq: 104357, ack: 3046252157, window: 5808, data: "iis et.

Ius cu "...
9.367 Data accepted; writing to file
9.367 Assembling: source: 35678, dest: 46416, seq: 3046252157, ack: 105805, window: 5808, ACK
9.368 Sent: b'\x8b^\xb5P\xb5\x92\x1e}\x00\x01\x9dMP\x10\x16\xb0\x00\x00\x00\x00'
9.371 Received: b'\xb5P\x8b^\x00\x01\x9dM\xb5\x92\x1e}P\x00\x16\xb0\x00\x00\x00\x00e interesset.\n\nT'...
9.371 Disassembled: source: 46416, dest: 35678, seq: 105805, ack: 3046252157, window: 5808, data: "e interesset.

T"...
9.372 Data accepted; writing to file
9.372 Assembling: source: 35678, dest: 46416, seq: 3046252157, ack: 107253, window: 5808, ACK
9.372 Sent: b'\x8b^\xb5P\xb5\x92\x1e}\x00\x01\xa2\xf5P\x10\x16\xb0\x00\x00\x00\x00'
9.374 Received: b'\xb5P\x8b^\x00\x01\xa2\xf5\xb5\x92\x1e}P\x00\x16\xb0\x00\x00\x00\x00pro alia volutpa'...
9.375 Disassembled: source: 46416, dest: 35678, seq: 107253, ack: 3046252157, window: 5808, data: "pro alia volutpa"...
9.375 Data accepted; writing to file
9.375 Assembling: source: 35678, dest: 46416, seq: 3046252157, ack: 108701, window: 5808, ACK
9.375 Sent: b'\x8b^\xb5P\xb5\x92\x1e}\x00\x01\xa8\x9dP\x10\x16\xb0\x00\x00\x00\x00'
9.377 Received: b'\xb5P\x8b^\x00\x01\xa8\x9d\xb5\x92\x1e}P\x00\x16\xb0\x00\x00\x00\x00 libris equidem '...
9.378 Disassembled: source: 46416, dest: 35678, seq: 108701, ack: 3046252157, window: 5808, data: " libris equidem "...
9.378 Data accepted; writing to file
9.378 Assembling: source: 35678, dest: 46416, seq: 3046252157, ack: 110149, window: 5808, ACK
9.379 Sent: b'\x8b^\xb5P\xb5\x92\x1e}\x00\x01\xaeEP\x10\x16\xb0\x00\x00\x00\x00'
9.380 Received: b'\xb5P\x8b^\x00\x01\xaeE\xb5\x92\x1e}P\x00\x16\xb0\x00\x00\x00\x00uavitate volupta'...
9.381 Disassembled: source: 46416, dest: 35678, seq: 110149, ack: 3046252157, window: 5808, data: "uavitate volupta"...
9.381 Data accepted; writing to file
9.381 Assembling: source: 35678, dest: 46416, seq: 3046252157, ack: 111597, window: 5808, ACK
9.382 Sent: b'\x8b^\xb5P\xb5\x92\x1e}\x00\x01\xb3\xedP\x10\x16\xb0\x00\x00\x00\x00'
9.384 Received: b'\xb5P\x8b^\x00\x01\xb3\xed\xb5\x92\x1e}P\x00\x16\xb0\x00\x00\x00\x00 Detraxit defini'...
9.384 Disassembled: source: 46416, dest: 35678, seq: 111597, ack: 3046252157, window: 5808, data: " Detraxit defini"...
9.384 Data accepted; writing to file
9.384 Assembling: source: 35678, dest: 46416, seq: 3046252157, ack: 113045, window: 5808, ACK
9.385 Sent: b'\x8b^\xb5P\xb5\x92\x1e}\x00\x01\xb9\x95P\x10\x16\xb0\x00\x00\x00\x00'
9.387 Failed to receive packet
9.885 Sent: b'\x8b^\xb5P\xb5\x92\x1e}\x00\x01\xb9\x95P\x10\x16\xb0\x00\x00\x00\x00'
9.888 Failed to receive packet
10.386 Sent: b'\x8b^\xb5P\xb5\x92\x1e}\x00\x01\xb9\x95P\x10\x16\xb0\x00\x00\x00\x00'
10.389 Received: b'\xb5P\x8b^\x00\x01\xb9\x95\xb5\x92\x1e}P\x00\x16\xb0\x00\x00\x00\x00aesent mei. Quo '...
10.389 Disassembled: source: 46416, dest: 35678, seq: 113045, ack: 3046252157, window: 5808, data: "aesent mei. Quo "...
10.389 Data accepted; writing to file
10.389 Assembling: source: 35678, dest: 46416, seq: 3046252157, ack: 114493, window: 5808, ACK
10.390 Sent: b'\x8b^\xb5P\xb5\x92\x1e}\x00\x01\xbf=P\x10\x16\xb0\x00\x00\x00\x00'
10.393 Received: b'\xb5P\x8b^\x00\x01\xbf=\xb5\x92\x1e}P\x00\x16\xb0\x00\x00\x00\x00nterpretaris no '...
10.394 Disassembled: source: 46416, dest: 35678, seq: 114493, ack: 3046252157, window: 5808, data: "nterpretaris no "...
10.394 Data accepted; writing to file
10.394 Assembling: source: 35678, dest: 46416, seq: 3046252157, ack: 115941, window: 5808, ACK
10.394 Sent: b'\x8b^\xb5P\xb5\x92\x1e}\x00\x01\xc4\xe5P\x10\x16\xb0\x00\x00\x00\x00'
10.397 Received: b'\xb5P\x8b^\x00\x01\xc4\xe5\xb5\x92\x1e}P\x00\x16\xb0\x00\x00\x00\x00patrioque has. I'...
10.398 Disassembled: source: 46416, dest: 35678, seq: 115941, ack: 3046252157, window: 5808, data: "patrioque has. I"...
10.398 Data accepted; writing to file
10.398 Assembling: source: 35678, dest: 46416, seq: 3046252157, ack: 117389, window: 5808, ACK
10.399 Sent: b'\x8b^\xb5P\xb5\x92\x1e}\x00\x01\xca\x8dP\x10\x16\xb0\x00\x00\x00\x00'
10.401 Received: b'\xb5P\x8b^\x00\x01\xca\x8d\xb5\x92\x1e}P\x00\x16\xb0\x00\x00\x00\x00ossit repudianda'...
10.401 Disassembled: source: 46416, dest: 35678, seq: 117389, ack: 3046252157, window: 5808, data: "ossit repudianda"...
10.401 Data accepted; writing to file
10.402 Assembling: source: 35678, dest: 46416, seq: 3046252157, ack: 118837, window: 5808, ACK
10.402 Sent: b'\x8b^\xb5P\xb5\x92\x1e}\x00\x01\xd05P\x10\x16\xb0\x00\x00\x00\x00'
10.404 Received: b'\xb5P\x8b^\x00\x01\xd05\xb5\x92\x1e}P\x00\x16\xb0\x00\x00\x00\x00ora consequuntur'...
10.404 Disassembled: source: 46416, dest: 35678, seq: 118837, ack: 3046252157, window: 5808, data: "ora consequuntur"...
10.405 Data accepted; writing to file
10.405 Assembling: source: 35678, dest: 46416, seq: 3046252157, ack: 120285, window: 5808, ACK
10.405 Sent: b'\x8b^\xb5P\xb5\x92\x1e}\x00\x01\xd5\xddP\x10\x16\xb0\x00\x00\x00\x00'
10.407 Received: b'\xb5P\x8b^\x00\x01\xd5\xdd\xb5\x92\x1e}P\x00\x16\xb0\x00\x00\x00\x00ctus conceptam a'...
10.408 Disassembled: source: 46416, dest: 35678, seq: 120285, ack: 3046252157, window: 5808, data: "ctus conceptam a"...
10.408 Data accepted; writing to file
10.408 Assembling: source: 35678, dest: 46416, seq: 3046252157, ack: 121733, window: 5808, ACK
10.408 Sent: b'\x8b^\xb5P\xb5\x92\x1e}\x00\x01\xdb\x85P\x10\x16\xb0\x00\x00\x00\x00'
10.410 Received: b'\xb5P\x8b^\x00\x01\xdb\x85\xb5\x92\x1e}P\x00\x16\xb0\x00\x00\x00\x00 aeterno te, ne '...
10.411 Disassembled: source: 46416, dest: 35678, seq: 121733, ack: 3046252157, window: 5808, data: " aeterno te, ne "...
10.411 Data accepted; writing to file
10.411 Assembling: source: 35678, dest: 46416, seq: 3046252157, ack: 123181, window: 5808, ACK
10.412 Sent: b'\x8b^\xb5P\xb5\x92\x1e}\x00\x01\xe1-P\x10\x16\xb0\x00\x00\x00\x00'
10.414 Received: b'\xb5P\x8b^\x00\x01\xe1-\xb5\x92\x1e}P\x00\x16\xb0\x00\x00\x00\x00imis oporteat di'...
10.414 Disassembled: source: 46416, dest: 35678, seq: 123181, ack: 3046252157, window: 5808, data: "imis oporteat di"...
10.414 Data accepted; writing to file
10.415 Assembling: source: 35678, dest: 46416, seq: 3046252157, ack: 124629, window: 5808, ACK
10.415 Sent: b'\x8b^\xb5P\xb5\x92\x1e}\x00\x01\xe6\xd5P\x10\x16\xb0\x00\x00\x00\x00'
10.417 Received: b'\xb5P\x8b^\x00\x01\xe6\xd5\xb5\x92\x1e}P\x00\x16\xb0\x00\x00\x00\x00re. Has virtute '...
10.418 Disassembled: source: 46416, dest: 35678, seq: 124629, ack: 3046252157, window: 5808, data: "re. Has virtute "...
10.418 Data accepted; writing to file
10.418 Assembling: source: 35678, dest: 46416, seq: 3046252157, ack: 126077, window: 5808, ACK
10.418 Sent: b'\x8b^\xb5P\xb5\x92\x1e}\x00\x01\xec}P\x10\x16\xb0\x00\x00\x00\x00'
10.420 Received: b'\xb5P\x8b^\x00\x01\xec}\xb5\x92\x1e}P\x00\x16\xb0\x00\x00\x00\x00 eum ancillae no'...
10.421 Disassembled: source: 46416, dest: 35678, seq: 126077, ack: 3046252157, window: 5808, data: " eum ancillae no"...
10.421 Data accepted; writing to file
10.421 Assembling: source: 35678, dest: 46416, seq: 3046252157, ack: 127525, window: 5808, ACK
10.422 Sent: b'\x8b^\xb5P\xb5\x92\x1e}\x00\x01\xf2%P\x10\x16\xb0\x00\x00\x00\x00'
10.424 Received: b'\xb5P\x8b^\x00\x01\xf2%\xb5\x92\x1e}P\x00\x16\xb0\x00\x00\x00\x00ppareat ius. At '...
10.424 Disassembled: source: 46416, dest: 35678, seq: 127525, ack: 3046252157, window: 5808, data: "ppareat ius. At "...
10.424 Data accepted; writing to file
10.425 Assembling: source: 35678, dest: 46416, seq: 3046252157, ack: 128973, window: 5808, ACK
10.425 Sent: b'\x8b^\xb5P\xb5\x92\x1e}\x00\x01\xf7\xcdP\x10\x16\xb0\x00\x00\x00\x00'
10.427 Received: b'\xb5P\x8b^\x00\x01\xf7\xcd\xb5\x92\x1e}P\x00\x16\xb0\x00\x00\x00\x00, vero appellant'...
10.427 Disassembled: source: 46416, dest: 35678, seq: 128973, ack: 3046252157, window: 5808, data: ", vero appellant"...
10.428 Data accepted; writing to file
10.428 Assembling: source: 35678, dest: 46416, seq: 3046252157, ack: 130421, window: 5808, ACK
10.428 Sent: b'\x8b^\xb5P\xb5\x92\x1e}\x00\x01\xfduP\x10\x16\xb0\x00\x00\x00\x00'
10.430 Received: b'\xb5P\x8b^\x00\x01\xfdu\xb5\x92\x1e}P\x00\x16\xb0\x00\x00\x00\x00ibo quando copio'...
10.431 Disassembled: source: 46416, dest: 35678, seq: 130421, ack: 3046252157, window: 5808, data: "ibo quando copio"...
10.431 Data accepted; writing to file
10.431 Assembling: source: 35678, dest: 46416, seq: 3046252157, ack: 131869, window: 5808, ACK
10.432 Sent: b'\x8b^\xb5P\xb5\x92\x1e}\x00\x02\x03\x1dP\x10\x16\xb0\x00\x00\x00\x00'
10.434 Received: b'\xb5P\x8b^\x00\x02\x03\x1d\xb5\x92\x1e}P\x00\x16\xb0\x00\x00\x00\x00 maluisset. Sit '...
10.434 Disassembled: source: 46416, dest: 35678, seq: 131869, ack: 3046252157, window: 5808, data: " maluisset. Sit "...
10.434 Data accepted; writing to file
10.435 Assembling: source: 35678, dest: 46416, seq: 3046252157, ack: 133317, window: 5808, ACK
10.435 Failed to send packet
10.935 Sent: b'\x8b^\xb5P\xb5\x92\x1e}\x00\x02\x08\xc5P\x10\x16\xb0\x00\x00\x00\x00'
10.938 Received: b'\xb5P\x8b^\x00\x02\x08\xc5\xb5\x92\x1e}P\x00\x16\xb0\x00\x00\x00\x00e ceteros albuci'...
10.939 Disassembled: source: 46416, dest: 35678, seq: 133317, ack: 3046252157, window: 5808, data: "e ceteros albuci"...
10.939 Data accepted; writing to file
10.939 Assembling: source: 35678, dest: 46416, seq: 3046252157, ack: 134765, window: 5808, ACK
10.940 Sent: b'\x8b^\xb5P\xb5\x92\x1e}\x00\x02\x0emP\x10\x16\xb0\x00\x00\x00\x00'
10.943 Received: b'\xb5P\x8b^\x00\x02\x0em\xb5\x92\x1e}P\x00\x16\xb0\x00\x00\x00\x00complectitur sea'...
10.943 Disassembled: source: 46416, dest: 35678, seq: 134765, ack: 3046252157, window: 5808, data: "complectitur sea"...
10.944 Data accepted; writing to file
10.944 Assembling: source: 35678, dest: 46416, seq: 3046252157, ack: 136213, window: 5808, ACK
10.944 Sent: b'\x8b^\xb5P\xb5\x92\x1e}\x00\x02\x14\x15P\x10\x16\xb0\x00\x00\x00\x00'
10.947 Received: b'\xb5P\x8b^\x00\x02\x14\x15\xb5\x92\x1e}P\x00\x16\xb0\x00\x00\x00\x00tempor ex ius. E'...
10.948 Disassembled: source: 46416, dest: 35678, seq: 136213, ack: 3046252157, window: 5808, data: "tempor ex ius. E"...
10.948 Data accepted; writing to file
10.948 Assembling: source: 35678, dest: 46416, seq: 3046252157, ack: 136307, window: 5808, ACK
10.949 Sent: b'\x8b^\xb5P\xb5\x92\x1e}\x00\x02\x14sP\x10\x16\xb0\x00\x00\x00\x00'
11.449 Sent: b'\x8b^\xb5P\xb5\x92\x1e}\x00\x02\x14sP\x10\x16\xb0\x00\x00\x00\x00'
11.950 Sent: b'\x8b^\xb5P\xb5\x92\x1e}\x00\x02\x14sP\x10\x16\xb0\x00\x00\x00\x00'
12.450 Sent: b'\x8b^\xb5P\xb5\x92\x1e}\x00\x02\x14sP\x10\x16\xb0\x00\x00\x00\x00'
12.950 Sent: b'\x8b^\xb5P\xb5\x92\x1e}\x00\x02\x14sP\x10\x16\xb0\x00\x00\x00\x00'
13.451 Error: Connection timed out
13.451 Closed connection
13.452 Shutting down
