0.000 NEW RUN: Server, TEST: Write_file__Large_multi-packet
0.075 Received: b'\x86H\xec\xa6\x00\x00\x004\x00\x00\x00\x00P\x02\x05\xa8\x00\x00\x00\x00'
0.076 Disassembled: source: 34376, dest: 60582, seq: 52, window: 1448, SYN
0.077 SYN accepted; new connection: 127.0.0.1 on port 34376
0.077 Assembling: source: 60582, dest: 34376, seq: 3004865477, ack: 53, window: 5808, ACK, SYN
0.077 Sent: b'\xec\xa6\x86H\xb3\x1a\x9b\xc5\x00\x00\x005P\x12\x16\xb0\x00\x00\x00\x00'
0.079 Received: b'\x86H\xec\xa6\x00\x00\x005\xb3\x1a\x9b\xc6P\x10\x16\xb0\x00\x00\x00\x00'
0.080 Disassembled: source: 34376, dest: 60582, seq: 53, ack: 3004865478, window: 5808, ACK
0.080 Assembling: source: 60582, dest: 34376, seq: 3004865478, ack: 53, window: 5808, ACK
0.080 Sent: b'\xec\xa6\x86H\xb3\x1a\x9b\xc6\x00\x00\x005P\x10\x16\xb0\x00\x00\x00\x00'
0.081 Received: b'\x86H\xec\xa6\x00\x00\x005\xb3\x1a\x9b\xc6P\x10\x16\xb0\x00\x00\x00\x00Lorem ipsum dolo'...
0.081 Disassembled: source: 34376, dest: 60582, seq: 53, ack: 3004865478, window: 5808, ACK, data: "Lorem ipsum dolo"...
0.081 Handshake complete
0.081 Data accepted; writing to file
0.082 Assembling: source: 60582, dest: 34376, seq: 3004865478, ack: 1501, window: 5808, ACK
0.082 Sent: b'\xec\xa6\x86H\xb3\x1a\x9b\xc6\x00\x00\x05\xddP\x10\x16\xb0\x00\x00\x00\x00'
0.082 Received: b'\x86H\xec\xa6\x00\x00\x005\xb3\x1a\x9b\xc6P\x10\x16\xb0\x00\x00\x00\x00Lorem ipsum dolo'...
0.083 Disassembled: source: 34376, dest: 60582, seq: 53, ack: 3004865478, window: 5808, ACK, data: "Lorem ipsum dolo"...
0.083 Old data; ignoring
0.084 Received: b'\x86H\xec\xa6\x00\x00\x05\xdd\xb3\x1a\x9b\xc6P\x00\x16\xb0\x00\x00\x00\x00mprehensam nam, '...
0.084 Disassembled: source: 34376, dest: 60582, seq: 1501, ack: 3004865478, window: 5808, data: "mprehensam nam, "...
0.084 Data accepted; writing to file
0.085 Assembling: source: 60582, dest: 34376, seq: 3004865478, ack: 2949, window: 5808, ACK
0.085 Sent: b'\xec\xa6\x86H\xb3\x1a\x9b\xc6\x00\x00\x0b\x85P\x10\x16\xb0\x00\x00\x00\x00'
0.087 Received: b'\x86H\xec\xa6\x00\x00\x0b\x85\xb3\x1a\x9b\xc6P\x00\x16\xb0\x00\x00\x00\x00ilisi repudiare '...
0.087 Disassembled: source: 34376, dest: 60582, seq: 2949, ack: 3004865478, window: 5808, data: "ilisi repudiare "...
0.087 Data accepted; writing to file
0.087 Assembling: source: 60582, dest: 34376, seq: 3004865478, ack: 4397, window: 5808, ACK
0.088 Sent: b'\xec\xa6\x86H\xb3\x1a\x9b\xc6\x00\x00\x11-P\x10\x16\xb0\x00\x00\x00\x00'
0.090 Received: b'\x86H\xec\xa6\x00\x00\x11-\xb3\x1a\x9b\xc6P\x00\x16\xb0\x00\x00\x00\x00ta.\n\nEt essent s'...
0.090 Disassembled: source: 34376, dest: 60582, seq: 4397, ack: 3004865478, window: 5808, data: "ta.

Et essent s"...
0.090 Data accepted; writing to file
0.090 Assembling: source: 60582, dest: 34376, seq: 3004865478, ack: 5845, window: 5808, ACK
0.091 Sent: b'\xec\xa6\x86H\xb3\x1a\x9b\xc6\x00\x00\x16\xd5P\x10\x16\xb0\x00\x00\x00\x00'
0.092 Received: b'\x86H\xec\xa6\x00\x00\x16\xd5\xb3\x1a\x9b\xc6P\x00\x16\xb0\x00\x00\x00\x00 Nihil tractatos'...
0.093 Disassembled: source: 34376, dest: 60582, seq: 5845, ack: 3004865478, window: 5808, data: " Nihil tractatos"...
0.093 Data accepted; writing to file
0.093 Assembling: source: 60582, dest: 34376, seq: 3004865478, ack: 7293, window: 5808, ACK
0.093 Sent: b'\xec\xa6\x86H\xb3\x1a\x9b\xc6\x00\x00\x1c}P\x10\x16\xb0\x00\x00\x00\x00'
0.095 Received: b'\x86H\xec\xa6\x00\x00\x1c}\xb3\x1a\x9b\xc6P\x00\x16\xb0\x00\x00\x00\x00fert iuvaret sap'...
0.095 Disassembled: source: 34376, dest: 60582, seq: 7293, ack: 3004865478, window: 5808, data: "fert iuvaret sap"...
0.095 Data accepted; writing to file
0.095 Assembling: source: 60582, dest: 34376, seq: 3004865478, ack: 8741, window: 5808, ACK
0.096 Sent: b'\xec\xa6\x86H\xb3\x1a\x9b\xc6\x00\x00"%P\x10\x16\xb0\x00\x00\x00\x00'
0.097 Received: b'\x86H\xec\xa6\x00\x00"%\xb3\x1a\x9b\xc6P\x00\x16\xb0\x00\x00\x00\x00ram adipiscing, '...
0.098 Disassembled: source: 34376, dest: 60582, seq: 8741, ack: 3004865478, window: 5808, data: "ram adipiscing, "...
0.098 Data accepted; writing to file
0.098 Assembling: source: 60582, dest: 34376, seq: 3004865478, ack: 10189, window: 5808, ACK
0.098 Sent: b"\xec\xa6\x86H\xb3\x1a\x9b\xc6\x00\x00'\xcdP\x10\x16\xb0\x00\x00\x00\x00"
0.100 Received: b"\x86H\xec\xa6\x00\x00'\xcd\xb3\x1a\x9b\xc6P\x00\x16\xb0\x00\x00\x00\x00m veritus vivend"...
0.100 Disassembled: source: 34376, dest: 60582, seq: 10189, ack: 3004865478, window: 5808, data: "m veritus vivend"...
0.101 Data accepted; writing to file
0.101 Assembling: source: 60582, dest: 34376, seq: 3004865478, ack: 11637, window: 5808, ACK
0.101 Sent: b'\xec\xa6\x86H\xb3\x1a\x9b\xc6\x00\x00-uP\x10\x16\xb0\x00\x00\x00\x00'
0.103 Received: b'\x86H\xec\xa6\x00\x00-u\xb3\x1a\x9b\xc6P\x00\x16\xb0\x00\x00\x00\x00 delenit, ignota'...
0.103 Disassembled: source: 34376, dest: 60582, seq: 11637, ack: 3004865478, window: 5808, data: " delenit, ignota"...
0.104 Data accepted; writing to file
0.104 Assembling: source: 60582, dest: 34376, seq: 3004865478, ack: 13085, window: 5808, ACK
0.104 Sent: b'\xec\xa6\x86H\xb3\x1a\x9b\xc6\x00\x003\x1dP\x10\x16\xb0\x00\x00\x00\x00'
0.106 Received: b'\x86H\xec\xa6\x00\x003\x1d\xb3\x1a\x9b\xc6P\x00\x16\xb0\x00\x00\x00\x00se explicari des'...
0.106 Disassembled: source: 34376, dest: 60582, seq: 13085, ack: 3004865478, window: 5808, data: "se explicari des"...
0.107 Data accepted; writing to file
0.107 Assembling: source: 60582, dest: 34376, seq: 3004865478, ack: 14533, window: 5808, ACK
0.107 Sent: b'\xec\xa6\x86H\xb3\x1a\x9b\xc6\x00\x008\xc5P\x10\x16\xb0\x00\x00\x00\x00'
0.109 Received: b'\x86H\xec\xa6\x00\x008\xc5\xb3\x1a\x9b\xc6P\x00\x16\xb0\x00\x00\x00\x00piscing, in modo'...
0.109 Disassembled: source: 34376, dest: 60582, seq: 14533, ack: 3004865478, window: 5808, data: "piscing, in modo"...
0.110 Data accepted; writing to file
0.110 Assembling: source: 60582, dest: 34376, seq: 3004865478, ack: 15981, window: 5808, ACK
0.110 Sent: b'\xec\xa6\x86H\xb3\x1a\x9b\xc6\x00\x00>mP\x10\x16\xb0\x00\x00\x00\x00'
0.112 Received: b'\x86H\xec\xa6\x00\x00>m\xb3\x1a\x9b\xc6P\x00\x16\xb0\x00\x00\x00\x00o copiosae tacim'...
0.112 Disassembled: source: 34376, dest: 60582, seq: 15981, ack: 3004865478, window: 5808, data: "o copiosae tacim"...
0.113 Data accepted; writing to file
0.113 Assembling: source: 60582, dest: 34376, seq: 3004865478, ack: 17429, window: 5808, ACK
0.113 Sent: b'\xec\xa6\x86H\xb3\x1a\x9b\xc6\x00\x00D\x15P\x10\x16\xb0\x00\x00\x00\x00'
0.115 Received: b'\x86H\xec\xa6\x00\x00D\x15\xb3\x1a\x9b\xc6P\x00\x16\xb0\x00\x00\x00\x00am. Pri ne antio'...
0.116 Disassembled: source: 34376, dest: 60582, seq: 17429, ack: 3004865478, window: 5808, data: "am. Pri ne antio"...
0.116 Data accepted; writing to file
0.116 Assembling: source: 60582, dest: 34376, seq: 3004865478, ack: 18877, window: 5808, ACK
0.116 Sent: b'\xec\xa6\x86H\xb3\x1a\x9b\xc6\x00\x00I\xbdP\x10\x16\xb0\x00\x00\x00\x00'
0.118 Received: b'\x86H\xec\xa6\x00\x00I\xbd\xb3\x1a\x9b\xc6P\x00\x16\xb0\x00\x00\x00\x00to no. Elitr pos'...
0.119 Disassembled: source: 34376, dest: 60582, seq: 18877, ack: 3004865478, window: 5808, data: "to no. Elitr pos"...
0.119 Data accepted; writing to file
0.119 Assembling: source: 60582, dest: 34376, seq: 3004865478, ack: 20325, window: 5808, ACK
0.119 Sent: b'\xec\xa6\x86H\xb3\x1a\x9b\xc6\x00\x00OeP\x10\x16\xb0\x00\x00\x00\x00'
0.121 Received: b'\x86H\xec\xa6\x00\x00Oe\xb3\x1a\x9b\xc6P\x00\x16\xb0\x00\x00\x00\x00pretaris, sea ex'...
0.122 Disassembled: source: 34376, dest: 60582, seq: 20325, ack: 3004865478, window: 5808, data: "pretaris, sea ex"...
0.122 Data accepted; writing to file
0.122 Assembling: source: 60582, dest: 34376, seq: 3004865478, ack: 21773, window: 5808, ACK
0.122 Sent: b'\xec\xa6\x86H\xb3\x1a\x9b\xc6\x00\x00U\rP\x10\x16\xb0\x00\x00\x00\x00'
0.124 Received: b'\x86H\xec\xa6\x00\x00U\r\xb3\x1a\x9b\xc6P\x00\x16\xb0\x00\x00\x00\x00oporteat inimicu'...
0.125 Disassembled: source: 34376, dest: 60582, seq: 21773, ack: 3004865478, window: 5808, data: "oporteat inimicu"...
0.125 Data accepted; writing to file
0.125 Assembling: source: 60582, dest: 34376, seq: 3004865478, ack: 23221, window: 5808, ACK
0.125 Sent: b'\xec\xa6\x86H\xb3\x1a\x9b\xc6\x00\x00Z\xb5P\x10\x16\xb0\x00\x00\x00\x00'
0.127 Received: b'\x86H\xec\xa6\x00\x00Z\xb5\xb3\x1a\x9b\xc6P\x00\x16\xb0\x00\x00\x00\x00ligendi officiis'...
0.128 Disassembled: source: 34376, dest: 60582, seq: 23221, ack: 3004865478, window: 5808, data: "ligendi officiis"...
0.128 Data accepted; writing to file
0.128 Assembling: source: 60582, dest: 34376, seq: 3004865478, ack: 24669, window: 5808, ACK
0.128 Sent: b'\xec\xa6\x86H\xb3\x1a\x9b\xc6\x00\x00`]P\x10\x16\xb0\x00\x00\x00\x00'
0.130 Received: b'\x86H\xec\xa6\x00\x00`]\xb3\x1a\x9b\xc6P\x00\x16\xb0\x00\x00\x00\x00no vel regione i'...
0.130 Disassembled: source: 34376, dest: 60582, seq: 24669, ack: 3004865478, window: 5808, data: "no vel regione i"...
0.131 Data accepted; writing to file
0.131 Assembling: source: 60582, dest: 34376, seq: 3004865478, ack: 26117, window: 5808, ACK
0.131 Sent: b'\xec\xa6\x86H\xb3\x1a\x9b\xc6\x00\x00f\x05P\x10\x16\xb0\x00\x00\x00\x00'
0.133 Received: b'\x86H\xec\xa6\x00\x00f\x05\xb3\x1a\x9b\xc6P\x00\x16\xb0\x00\x00\x00\x00ibus vis ex, pro'...
0.134 Disassembled: source: 34376, dest: 60582, seq: 26117, ack: 3004865478, window: 5808, data: "ibus vis ex, pro"...
0.134 Data accepted; writing to file
0.134 Assembling: source: 60582, dest: 34376, seq: 3004865478, ack: 27565, window: 5808, ACK
0.134 Sent: b'\xec\xa6\x86H\xb3\x1a\x9b\xc6\x00\x00k\xadP\x10\x16\xb0\x00\x00\x00\x00'
0.136 Received: b'\x86H\xec\xa6\x00\x00k\xad\xb3\x1a\x9b\xc6P\x00\x16\xb0\x00\x00\x00\x00o vix, mel ea li'...
0.137 Disassembled: source: 34376, dest: 60582, seq: 27565, ack: 3004865478, window: 5808, data: "o vix, mel ea li"...
0.137 Data accepted; writing to file
0.137 Assembling: source: 60582, dest: 34376, seq: 3004865478, ack: 29013, window: 5808, ACK
0.138 Sent: b'\xec\xa6\x86H\xb3\x1a\x9b\xc6\x00\x00qUP\x10\x16\xb0\x00\x00\x00\x00'
0.139 Received: b'\x86H\xec\xa6\x00\x00qU\xb3\x1a\x9b\xc6P\x00\x16\xb0\x00\x00\x00\x00d. Ex fugit suav'...
0.140 Disassembled: source: 34376, dest: 60582, seq: 29013, ack: 3004865478, window: 5808, data: "d. Ex fugit suav"...
0.140 Data accepted; writing to file
0.140 Assembling: source: 60582, dest: 34376, seq: 3004865478, ack: 30461, window: 5808, ACK
0.140 Sent: b'\xec\xa6\x86H\xb3\x1a\x9b\xc6\x00\x00v\xfdP\x10\x16\xb0\x00\x00\x00\x00'
0.142 Received: b'\x86H\xec\xa6\x00\x00v\xfd\xb3\x1a\x9b\xc6P\x00\x16\xb0\x00\x00\x00\x00pertinax nec. De'...
0.143 Disassembled: source: 34376, dest: 60582, seq: 30461, ack: 3004865478, window: 5808, data: "pertinax nec. De"...
0.143 Data accepted; writing to file
0.143 Assembling: source: 60582, dest: 34376, seq: 3004865478, ack: 31909, window: 5808, ACK
0.144 Sent: b'\xec\xa6\x86H\xb3\x1a\x9b\xc6\x00\x00|\xa5P\x10\x16\xb0\x00\x00\x00\x00'
0.146 Received: b'\x86H\xec\xa6\x00\x00|\xa5\xb3\x1a\x9b\xc6P\x00\x16\xb0\x00\x00\x00\x00lli primis praes'...
0.146 Disassembled: source: 34376, dest: 60582, seq: 31909, ack: 3004865478, window: 5808, data: "lli primis praes"...
0.146 Data accepted; writing to file
0.146 Assembling: source: 60582, dest: 34376, seq: 3004865478, ack: 33357, window: 5808, ACK
0.147 Sent: b'\xec\xa6\x86H\xb3\x1a\x9b\xc6\x00\x00\x82MP\x10\x16\xb0\x00\x00\x00\x00'
0.149 Received: b'\x86H\xec\xa6\x00\x00\x82M\xb3\x1a\x9b\xc6P\x00\x16\xb0\x00\x00\x00\x00m, percipit inte'...
0.149 Disassembled: source: 34376, dest: 60582, seq: 33357, ack: 3004865478, window: 5808, data: "m, percipit inte"...
0.149 Data accepted; writing to file
0.149 Assembling: source: 60582, dest: 34376, seq: 3004865478, ack: 34805, window: 5808, ACK
0.150 Sent: b'\xec\xa6\x86H\xb3\x1a\x9b\xc6\x00\x00\x87\xf5P\x10\x16\xb0\x00\x00\x00\x00'
0.152 Received: b'\x86H\xec\xa6\x00\x00\x87\xf5\xb3\x1a\x9b\xc6P\x00\x16\xb0\x00\x00\x00\x00nani docendi pat'...
0.152 Disassembled: source: 34376, dest: 60582, seq: 34805, ack: 3004865478, window: 5808, data: "nani docendi pat"...
0.152 Data accepted; writing to file
0.153 Assembling: source: 60582, dest: 34376, seq: 3004865478, ack: 36253, window: 5808, ACK
0.153 Sent: b'\xec\xa6\x86H\xb3\x1a\x9b\xc6\x00\x00\x8d\x9dP\x10\x16\xb0\x00\x00\x00\x00'
0.155 Received: b'\x86H\xec\xa6\x00\x00\x8d\x9d\xb3\x1a\x9b\xc6P\x00\x16\xb0\x00\x00\x00\x00 vis decore poss'...
0.155 Disassembled: source: 34376, dest: 60582, seq: 36253, ack: 3004865478, window: 5808, data: " vis decore poss"...
0.156 Data accepted; writing to file
0.156 Assembling: source: 60582, dest: 34376, seq: 3004865478, ack: 37701, window: 5808, ACK
0.156 Sent: b'\xec\xa6\x86H\xb3\x1a\x9b\xc6\x00\x00\x93EP\x10\x16\xb0\x00\x00\x00\x00'
0.158 Received: b'\x86H\xec\xa6\x00\x00\x93E\xb3\x1a\x9b\xc6P\x00\x16\xb0\x00\x00\x00\x00eam odio corpora'...
0.159 Disassembled: source: 34376, dest: 60582, seq: 37701, ack: 3004865478, window: 5808, data: "eam odio corpora"...
0.159 Data accepted; writing to file
0.159 Assembling: source: 60582, dest: 34376, seq: 3004865478, ack: 39149, window: 5808, ACK
0.159 Sent: b'\xec\xa6\x86H\xb3\x1a\x9b\xc6\x00\x00\x98\xedP\x10\x16\xb0\x00\x00\x00\x00'
0.162 Received: b'\x86H\xec\xa6\x00\x00\x98\xed\xb3\x1a\x9b\xc6P\x00\x16\xb0\x00\x00\x00\x00 est. Usu sanctu'...
0.162 Disassembled: source: 34376, dest: 60582, seq: 39149, ack: 3004865478, window: 5808, data: " est. Usu sanctu"...
0.162 Data accepted; writing to file
0.162 Assembling: source: 60582, dest: 34376, seq: 3004865478, ack: 40597, window: 5808, ACK
0.163 Sent: b'\xec\xa6\x86H\xb3\x1a\x9b\xc6\x00\x00\x9e\x95P\x10\x16\xb0\x00\x00\x00\x00'
0.165 Received: b'\x86H\xec\xa6\x00\x00\x9e\x95\xb3\x1a\x9b\xc6P\x00\x16\xb0\x00\x00\x00\x00.\n\nMei graeco ae'...
0.165 Disassembled: source: 34376, dest: 60582, seq: 40597, ack: 3004865478, window: 5808, data: ".

Mei graeco ae"...
0.165 Data accepted; writing to file
0.165 Assembling: source: 60582, dest: 34376, seq: 3004865478, ack: 42045, window: 5808, ACK
0.166 Sent: b'\xec\xa6\x86H\xb3\x1a\x9b\xc6\x00\x00\xa4=P\x10\x16\xb0\x00\x00\x00\x00'
0.168 Received: b'\x86H\xec\xa6\x00\x00\xa4=\xb3\x1a\x9b\xc6P\x00\x16\xb0\x00\x00\x00\x00et. Ne sea primi'...
0.168 Disassembled: source: 34376, dest: 60582, seq: 42045, ack: 3004865478, window: 5808, data: "et. Ne sea primi"...
0.168 Data accepted; writing to file
0.168 Assembling: source: 60582, dest: 34376, seq: 3004865478, ack: 43493, window: 5808, ACK
0.169 Sent: b'\xec\xa6\x86H\xb3\x1a\x9b\xc6\x00\x00\xa9\xe5P\x10\x16\xb0\x00\x00\x00\x00'
0.171 Received: b'\x86H\xec\xa6\x00\x00\xa9\xe5\xb3\x1a\x9b\xc6P\x00\x16\xb0\x00\x00\x00\x00ittam convenire.'...
0.171 Disassembled: source: 34376, dest: 60582, seq: 43493, ack: 3004865478, window: 5808, data: "ittam convenire."...
0.171 Data accepted; writing to file
0.171 Assembling: source: 60582, dest: 34376, seq: 3004865478, ack: 44941, window: 5808, ACK
0.172 Sent: b'\xec\xa6\x86H\xb3\x1a\x9b\xc6\x00\x00\xaf\x8dP\x10\x16\xb0\x00\x00\x00\x00'
0.173 Received: b'\x86H\xec\xa6\x00\x00\xaf\x8d\xb3\x1a\x9b\xc6P\x00\x16\xb0\x00\x00\x00\x00ua et vis, id eu'...
0.174 Disassembled: source: 34376, dest: 60582, seq: 44941, ack: 3004865478, window: 5808, data: "ua et vis, id eu"...
0.174 Data accepted; writing to file
0.174 Assembling: source: 60582, dest: 34376, seq: 3004865478, ack: 46389, window: 5808, ACK
0.175 Sent: b'\xec\xa6\x86H\xb3\x1a\x9b\xc6\x00\x00\xb55P\x10\x16\xb0\x00\x00\x00\x00'
0.177 Received: b'\x86H\xec\xa6\x00\x00\xb55\xb3\x1a\x9b\xc6P\x00\x16\xb0\x00\x00\x00\x00r. Et velit appa'...
0.177 Disassembled: source: 34376, dest: 60582, seq: 46389, ack: 3004865478, window: 5808, data: "r. Et velit appa"...
0.177 Data accepted; writing to file
0.177 Assembling: source: 60582, dest: 34376, seq: 3004865478, ack: 47837, window: 5808, ACK
0.178 Sent: b'\xec\xa6\x86H\xb3\x1a\x9b\xc6\x00\x00\xba\xddP\x10\x16\xb0\x00\x00\x00\x00'
0.180 Received: b'\x86H\xec\xa6\x00\x00\xba\xdd\xb3\x1a\x9b\xc6P\x00\x16\xb0\x00\x00\x00\x00 novum laudem, v'...
0.180 Disassembled: source: 34376, dest: 60582, seq: 47837, ack: 3004865478, window: 5808, data: " novum laudem, v"...
0.180 Data accepted; writing to file
0.180 Assembling: source: 60582, dest: 34376, seq: 3004865478, ack: 49285, window: 5808, ACK
0.181 Sent: b'\xec\xa6\x86H\xb3\x1a\x9b\xc6\x00\x00\xc0\x85P\x10\x16\xb0\x00\x00\x00\x00'
0.183 Received: b'\x86H\xec\xa6\x00\x00\xc0\x85\xb3\x1a\x9b\xc6P\x00\x16\xb0\x00\x00\x00\x00luptatibus, cibo'...
0.183 Disassembled: source: 34376, dest: 60582, seq: 49285, ack: 3004865478, window: 5808, data: "luptatibus, cibo"...
0.183 Data accepted; writing to file
0.184 Assembling: source: 60582, dest: 34376, seq: 3004865478, ack: 50733, window: 5808, ACK
0.184 Sent: b'\xec\xa6\x86H\xb3\x1a\x9b\xc6\x00\x00\xc6-P\x10\x16\xb0\x00\x00\x00\x00'
0.186 Received: b'\x86H\xec\xa6\x00\x00\xc6-\xb3\x1a\x9b\xc6P\x00\x16\xb0\x00\x00\x00\x00alii indoctum ma'...
0.186 Disassembled: source: 34376, dest: 60582, seq: 50733, ack: 3004865478, window: 5808, data: "alii indoctum ma"...
0.186 Data accepted; writing to file
0.187 Assembling: source: 60582, dest: 34376, seq: 3004865478, ack: 52181, window: 5808, ACK
0.187 Sent: b'\xec\xa6\x86H\xb3\x1a\x9b\xc6\x00\x00\xcb\xd5P\x10\x16\xb0\x00\x00\x00\x00'
0.189 Received: b'\x86H\xec\xa6\x00\x00\xcb\xd5\xb3\x1a\x9b\xc6P\x00\x16\xb0\x00\x00\x00\x00im, his facete c'...
0.189 Disassembled: source: 34376, dest: 60582, seq: 52181, ack: 3004865478, window: 5808, data: "im, his facete c"...
0.190 Data accepted; writing to file
0.190 Assembling: source: 60582, dest: 34376, seq: 3004865478, ack: 53629, window: 5808, ACK
0.190 Sent: b'\xec\xa6\x86H\xb3\x1a\x9b\xc6\x00\x00\xd1}P\x10\x16\xb0\x00\x00\x00\x00'
0.192 Received: b'\x86H\xec\xa6\x00\x00\xd1}\xb3\x1a\x9b\xc6P\x00\x16\xb0\x00\x00\x00\x00e alia dolor com'...
0.192 Disassembled: source: 34376, dest: 60582, seq: 53629, ack: 3004865478, window: 5808, data: "e alia dolor com"...
0.193 Data accepted; writing to file
0.193 Assembling: source: 60582, dest: 34376, seq: 3004865478, ack: 55077, window: 5808, ACK
0.193 Sent: b'\xec\xa6\x86H\xb3\x1a\x9b\xc6\x00\x00\xd7%P\x10\x16\xb0\x00\x00\x00\x00'
0.195 Received: b'\x86H\xec\xa6\x00\x00\xd7%\xb3\x1a\x9b\xc6P\x00\x16\xb0\x00\x00\x00\x00it ea, reque tem'...
0.196 Disassembled: source: 34376, dest: 60582, seq: 55077, ack: 3004865478, window: 5808, data: "it ea, reque tem"...
0.196 Data accepted; writing to file
0.196 Assembling: source: 60582, dest: 34376, seq: 3004865478, ack: 56525, window: 5808, ACK
0.196 Sent: b'\xec\xa6\x86H\xb3\x1a\x9b\xc6\x00\x00\xdc\xcdP\x10\x16\xb0\x00\x00\x00\x00'
0.198 Received: b'\x86H\xec\xa6\x00\x00\xdc\xcd\xb3\x1a\x9b\xc6P\x00\x16\xb0\x00\x00\x00\x00alisque.\n\nEquide'...
0.199 Disassembled: source: 34376, dest: 60582, seq: 56525, ack: 3004865478, window: 5808, data: "alisque.

Equide"...
0.199 Data accepted; writing to file
0.199 Assembling: source: 60582, dest: 34376, seq: 3004865478, ack: 57973, window: 5808, ACK
0.199 Sent: b'\xec\xa6\x86H\xb3\x1a\x9b\xc6\x00\x00\xe2uP\x10\x16\xb0\x00\x00\x00\x00'
0.201 Received: b'\x86H\xec\xa6\x00\x00\xe2u\xb3\x1a\x9b\xc6P\x00\x16\xb0\x00\x00\x00\x00finitiones, affe'...
0.202 Disassembled: source: 34376, dest: 60582, seq: 57973, ack: 3004865478, window: 5808, data: "finitiones, affe"...
0.202 Data accepted; writing to file
0.202 Assembling: source: 60582, dest: 34376, seq: 3004865478, ack: 59421, window: 5808, ACK
0.203 Sent: b'\xec\xa6\x86H\xb3\x1a\x9b\xc6\x00\x00\xe8\x1dP\x10\x16\xb0\x00\x00\x00\x00'
0.205 Received: b'\x86H\xec\xa6\x00\x00\xe8\x1d\xb3\x1a\x9b\xc6P\x00\x16\xb0\x00\x00\x00\x00his duis graeco '...
0.205 Disassembled: source: 34376, dest: 60582, seq: 59421, ack: 3004865478, window: 5808, data: "his duis graeco "...
0.205 Data accepted; writing to file
0.205 Assembling: source: 60582, dest: 34376, seq: 3004865478, ack: 60869, window: 5808, ACK
0.206 Sent: b'\xec\xa6\x86H\xb3\x1a\x9b\xc6\x00\x00\xed\xc5P\x10\x16\xb0\x00\x00\x00\x00'
0.207 Received: b'\x86H\xec\xa6\x00\x00\xed\xc5\xb3\x1a\x9b\xc6P\x00\x16\xb0\x00\x00\x00\x00am. Alia possit '...
0.208 Disassembled: source: 34376, dest: 60582, seq: 60869, ack: 3004865478, window: 5808, data: "am. Alia possit "...
0.208 Data accepted; writing to file
0.208 Assembling: source: 60582, dest: 34376, seq: 3004865478, ack: 62317, window: 5808, ACK
0.209 Sent: b'\xec\xa6\x86H\xb3\x1a\x9b\xc6\x00\x00\xf3mP\x10\x16\xb0\x00\x00\x00\x00'
0.210 Received: b'\x86H\xec\xa6\x00\x00\xf3m\xb3\x1a\x9b\xc6P\x00\x16\xb0\x00\x00\x00\x00cum an. Mei faci'...
0.211 Disassembled: source: 34376, dest: 60582, seq: 62317, ack: 3004865478, window: 5808, data: "cum an. Mei faci"...
0.211 Data accepted; writing to file
0.211 Assembling: source: 60582, dest: 34376, seq: 3004865478, ack: 63765, window: 5808, ACK
0.212 Sent: b'\xec\xa6\x86H\xb3\x1a\x9b\xc6\x00\x00\xf9\x15P\x10\x16\xb0\x00\x00\x00\x00'
0.213 Received: b'\x86H\xec\xa6\x00\x00\xf9\x15\xb3\x1a\x9b\xc6P\x00\x16\xb0\x00\x00\x00\x00 vis adhuc tatio'...
0.214 Disassembled: source: 34376, dest: 60582, seq: 63765, ack: 3004865478, window: 5808, data: " vis adhuc tatio"...
0.214 Data accepted; writing to file
0.214 Assembling: source: 60582, dest: 34376, seq: 3004865478, ack: 65213, window: 5808, ACK
0.215 Sent: b'\xec\xa6\x86H\xb3\x1a\x9b\xc6\x00\x00\xfe\xbdP\x10\x16\xb0\x00\x00\x00\x00'
0.216 Received: b'\x86H\xec\xa6\x00\x00\xfe\xbd\xb3\x1a\x9b\xc6P\x00\x16\xb0\x00\x00\x00\x00im eu option iuv'...
0.217 Disassembled: source: 34376, dest: 60582, seq: 65213, ack: 3004865478, window: 5808, data: "im eu option iuv"...
0.217 Data accepted; writing to file
0.217 Assembling: source: 60582, dest: 34376, seq: 3004865478, ack: 66661, window: 5808, ACK
0.217 Sent: b'\xec\xa6\x86H\xb3\x1a\x9b\xc6\x00\x01\x04eP\x10\x16\xb0\x00\x00\x00\x00'
0.219 Received: b'\x86H\xec\xa6\x00\x01\x04e\xb3\x1a\x9b\xc6P\x00\x16\xb0\x00\x00\x00\x00ex epicurei taci'...
0.220 Disassembled: source: 34376, dest: 60582, seq: 66661, ack: 3004865478, window: 5808, data: "ex epicurei taci"...
0.220 Data accepted; writing to file
0.220 Assembling: source: 60582, dest: 34376, seq: 3004865478, ack: 68109, window: 5808, ACK
0.221 Sent: b'\xec\xa6\x86H\xb3\x1a\x9b\xc6\x00\x01\n\rP\x10\x16\xb0\x00\x00\x00\x00'
0.223 Received: b'\x86H\xec\xa6\x00\x01\n\r\xb3\x1a\x9b\xc6P\x00\x16\xb0\x00\x00\x00\x00ebat, eu pro ero'...
0.223 Disassembled: source: 34376, dest: 60582, seq: 68109, ack: 3004865478, window: 5808, data: "ebat, eu pro ero"...
0.223 Data accepted; writing to file
0.223 Assembling: source: 60582, dest: 34376, seq: 3004865478, ack: 69557, window: 5808, ACK
0.224 Sent: b'\xec\xa6\x86H\xb3\x1a\x9b\xc6\x00\x01\x0f\xb5P\x10\x16\xb0\x00\x00\x00\x00'
0.226 Received: b'\x86H\xec\xa6\x00\x01\x0f\xb5\xb3\x1a\x9b\xc6P\x00\x16\xb0\x00\x00\x00\x00s. Per no sale v'...
0.226 Disassembled: source: 34376, dest: 60582, seq: 69557, ack: 3004865478, window: 5808, data: "s. Per no sale v"...
0.227 Data accepted; writing to file
0.227 Assembling: source: 60582, dest: 34376, seq: 3004865478, ack: 71005, window: 5808, ACK
0.227 Sent: b'\xec\xa6\x86H\xb3\x1a\x9b\xc6\x00\x01\x15]P\x10\x16\xb0\x00\x00\x00\x00'
0.229 Received: b'\x86H\xec\xa6\x00\x01\x15]\xb3\x1a\x9b\xc6P\x00\x16\xb0\x00\x00\x00\x00orrupte ea mel. '...
0.230 Disassembled: source: 34376, dest: 60582, seq: 71005, ack: 3004865478, window: 5808, data: "orrupte ea mel. "...
0.230 Data accepted; writing to file
0.230 Assembling: source: 60582, dest: 34376, seq: 3004865478, ack: 72453, window: 5808, ACK
0.230 Sent: b'\xec\xa6\x86H\xb3\x1a\x9b\xc6\x00\x01\x1b\x05P\x10\x16\xb0\x00\x00\x00\x00'
0.232 Received: b'\x86H\xec\xa6\x00\x01\x1b\x05\xb3\x1a\x9b\xc6P\x00\x16\xb0\x00\x00\x00\x00. Est iracundia '...
0.233 Disassembled: source: 34376, dest: 60582, seq: 72453, ack: 3004865478, window: 5808, data: ". Est iracundia "...
0.233 Data accepted; writing to file
0.233 Assembling: source: 60582, dest: 34376, seq: 3004865478, ack: 73901, window: 5808, ACK
0.233 Sent: b'\xec\xa6\x86H\xb3\x1a\x9b\xc6\x00\x01 \xadP\x10\x16\xb0\x00\x00\x00\x00'
0.235 Received: b'\x86H\xec\xa6\x00\x01 \xad\xb3\x1a\x9b\xc6P\x00\x16\xb0\x00\x00\x00\x00pta probatus scr'...
0.235 Disassembled: source: 34376, dest: 60582, seq: 73901, ack: 3004865478, window: 5808, data: "pta probatus scr"...
0.236 Data accepted; writing to file
0.236 Assembling: source: 60582, dest: 34376, seq: 3004865478, ack: 75349, window: 5808, ACK
0.236 Sent: b'\xec\xa6\x86H\xb3\x1a\x9b\xc6\x00\x01&UP\x10\x16\xb0\x00\x00\x00\x00'
0.238 Received: b'\x86H\xec\xa6\x00\x01&U\xb3\x1a\x9b\xc6P\x00\x16\xb0\x00\x00\x00\x00entur ei, pro ei'...
0.238 Disassembled: source: 34376, dest: 60582, seq: 75349, ack: 3004865478, window: 5808, data: "entur ei, pro ei"...
0.239 Data accepted; writing to file
0.239 Assembling: source: 60582, dest: 34376, seq: 3004865478, ack: 76797, window: 5808, ACK
0.239 Sent: b'\xec\xa6\x86H\xb3\x1a\x9b\xc6\x00\x01+\xfdP\x10\x16\xb0\x00\x00\x00\x00'
0.241 Received: b'\x86H\xec\xa6\x00\x01+\xfd\xb3\x1a\x9b\xc6P\x00\x16\xb0\x00\x00\x00\x00simul euismod vi'...
0.241 Disassembled: source: 34376, dest: 60582, seq: 76797, ack: 3004865478, window: 5808, data: "simul euismod vi"...
0.241 Data accepted; writing to file
0.242 Assembling: source: 60582, dest: 34376, seq: 3004865478, ack: 78245, window: 5808, ACK
0.242 Sent: b'\xec\xa6\x86H\xb3\x1a\x9b\xc6\x00\x011\xa5P\x10\x16\xb0\x00\x00\x00\x00'
0.244 Received: b'\x86H\xec\xa6\x00\x011\xa5\xb3\x1a\x9b\xc6P\x00\x16\xb0\x00\x00\x00\x00, eam id iudico '...
0.244 Disassembled: source: 34376, dest: 60582, seq: 78245, ack: 3004865478, window: 5808, data: ", eam id iudico "...
0.245 Data accepted; writing to file
0.245 Assembling: source: 60582, dest: 34376, seq: 3004865478, ack: 79693, window: 5808, ACK
0.245 Sent: b'\xec\xa6\x86H\xb3\x1a\x9b\xc6\x00\x017MP\x10\x16\xb0\x00\x00\x00\x00'
0.247 Received: b'\x86H\xec\xa6\x00\x017M\xb3\x1a\x9b\xc6P\x00\x16\xb0\x00\x00\x00\x00m vix. Ea est mu'...
0.248 Disassembled: source: 34376, dest: 60582, seq: 79693, ack: 3004865478, window: 5808, data: "m vix. Ea est mu"...
0.248 Data accepted; writing to file
0.248 Assembling: source: 60582, dest: 34376, seq: 3004865478, ack: 81141, window: 5808, ACK
0.248 Sent: b'\xec\xa6\x86H\xb3\x1a\x9b\xc6\x00\x01<\xf5P\x10\x16\xb0\x00\x00\x00\x00'
0.250 Received: b'\x86H\xec\xa6\x00\x01<\xf5\xb3\x1a\x9b\xc6P\x00\x16\xb0\x00\x00\x00\x00olor sit amet, e'...
0.251 Disassembled: source: 34376, dest: 60582, seq: 81141, ack: 3004865478, window: 5808, data: "olor sit amet, e"...
0.251 Data accepted; writing to file
0.251 Assembling: source: 60582, dest: 34376, seq: 3004865478, ack: 82589, window: 5808, ACK
0.251 Sent: b'\xec\xa6\x86H\xb3\x1a\x9b\xc6\x00\x01B\x9dP\x10\x16\xb0\x00\x00\x00\x00'
0.253 Received: b'\x86H\xec\xa6\x00\x01B\x9d\xb3\x1a\x9b\xc6P\x00\x16\xb0\x00\x00\x00\x00m, aperiam iudic'...
0.254 Disassembled: source: 34376, dest: 60582, seq: 82589, ack: 3004865478, window: 5808, data: "m, aperiam iudic"...
0.254 Data accepted; writing to file
0.254 Assembling: source: 60582, dest: 34376, seq: 3004865478, ack: 84037, window: 5808, ACK
0.254 Sent: b'\xec\xa6\x86H\xb3\x1a\x9b\xc6\x00\x01HEP\x10\x16\xb0\x00\x00\x00\x00'
0.256 Received: b'\x86H\xec\xa6\x00\x01HE\xb3\x1a\x9b\xc6P\x00\x16\xb0\x00\x00\x00\x00re sea. No eos d'...
0.257 Disassembled: source: 34376, dest: 60582, seq: 84037, ack: 3004865478, window: 5808, data: "re sea. No eos d"...
0.257 Data accepted; writing to file
0.257 Assembling: source: 60582, dest: 34376, seq: 3004865478, ack: 85485, window: 5808, ACK
0.257 Sent: b'\xec\xa6\x86H\xb3\x1a\x9b\xc6\x00\x01M\xedP\x10\x16\xb0\x00\x00\x00\x00'
0.259 Received: b'\x86H\xec\xa6\x00\x01M\xed\xb3\x1a\x9b\xc6P\x00\x16\xb0\x00\x00\x00\x00t scripta philos'...
0.260 Disassembled: source: 34376, dest: 60582, seq: 85485, ack: 3004865478, window: 5808, data: "t scripta philos"...
0.260 Data accepted; writing to file
0.260 Assembling: source: 60582, dest: 34376, seq: 3004865478, ack: 86933, window: 5808, ACK
0.260 Sent: b'\xec\xa6\x86H\xb3\x1a\x9b\xc6\x00\x01S\x95P\x10\x16\xb0\x00\x00\x00\x00'
0.262 Received: b'\x86H\xec\xa6\x00\x01S\x95\xb3\x1a\x9b\xc6P\x00\x16\xb0\x00\x00\x00\x00tos sadipscing e'...
0.263 Disassembled: source: 34376, dest: 60582, seq: 86933, ack: 3004865478, window: 5808, data: "tos sadipscing e"...
0.263 Data accepted; writing to file
0.263 Assembling: source: 60582, dest: 34376, seq: 3004865478, ack: 88381, window: 5808, ACK
0.264 Sent: b'\xec\xa6\x86H\xb3\x1a\x9b\xc6\x00\x01Y=P\x10\x16\xb0\x00\x00\x00\x00'
0.265 Received: b'\x86H\xec\xa6\x00\x01Y=\xb3\x1a\x9b\xc6P\x00\x16\xb0\x00\x00\x00\x00sapientem ea, ad'...
0.266 Disassembled: source: 34376, dest: 60582, seq: 88381, ack: 3004865478, window: 5808, data: "sapientem ea, ad"...
0.266 Data accepted; writing to file
0.266 Assembling: source: 60582, dest: 34376, seq: 3004865478, ack: 89829, window: 5808, ACK
0.267 Sent: b'\xec\xa6\x86H\xb3\x1a\x9b\xc6\x00\x01^\xe5P\x10\x16\xb0\x00\x00\x00\x00'
0.268 Received: b'\x86H\xec\xa6\x00\x01^\xe5\xb3\x1a\x9b\xc6P\x00\x16\xb0\x00\x00\x00\x00g, ei invenire p'...
0.269 Disassembled: source: 34376, dest: 60582, seq: 89829, ack: 3004865478, window: 5808, data: "g, ei invenire p"...
0.269 Data accepted; writing to file
0.269 Assembling: source: 60582, dest: 34376, seq: 3004865478, ack: 91277, window: 5808, ACK
0.270 Sent: b'\xec\xa6\x86H\xb3\x1a\x9b\xc6\x00\x01d\x8dP\x10\x16\xb0\x00\x00\x00\x00'
0.272 Received: b'\x86H\xec\xa6\x00\x01d\x8d\xb3\x1a\x9b\xc6P\x00\x16\xb0\x00\x00\x00\x00endo at. Qui id '...
0.272 Disassembled: source: 34376, dest: 60582, seq: 91277, ack: 3004865478, window: 5808, data: "endo at. Qui id "...
0.272 Data accepted; writing to file
0.272 Assembling: source: 60582, dest: 34376, seq: 3004865478, ack: 92725, window: 5808, ACK
0.273 Sent: b'\xec\xa6\x86H\xb3\x1a\x9b\xc6\x00\x01j5P\x10\x16\xb0\x00\x00\x00\x00'
0.275 Received: b'\x86H\xec\xa6\x00\x01j5\xb3\x1a\x9b\xc6P\x00\x16\xb0\x00\x00\x00\x00ota nostrum et p'...
0.275 Disassembled: source: 34376, dest: 60582, seq: 92725, ack: 3004865478, window: 5808, data: "ota nostrum et p"...
0.275 Data accepted; writing to file
0.275 Assembling: source: 60582, dest: 34376, seq: 3004865478, ack: 94173, window: 5808, ACK
0.276 Sent: b'\xec\xa6\x86H\xb3\x1a\x9b\xc6\x00\x01o\xddP\x10\x16\xb0\x00\x00\x00\x00'
0.278 Received: b'\x86H\xec\xa6\x00\x01o\xdd\xb3\x1a\x9b\xc6P\x00\x16\xb0\x00\x00\x00\x00deseruisse id. P'...
0.278 Disassembled: source: 34376, dest: 60582, seq: 94173, ack: 3004865478, window: 5808, data: "deseruisse id. P"...
0.278 Data accepted; writing to file
0.278 Assembling: source: 60582, dest: 34376, seq: 3004865478, ack: 95621, window: 5808, ACK
0.279 Sent: b'\xec\xa6\x86H\xb3\x1a\x9b\xc6\x00\x01u\x85P\x10\x16\xb0\x00\x00\x00\x00'
0.281 Received: b'\x86H\xec\xa6\x00\x01u\x85\xb3\x1a\x9b\xc6P\x00\x16\xb0\x00\x00\x00\x00odo munere imper'...
0.281 Disassembled: source: 34376, dest: 60582, seq: 95621, ack: 3004865478, window: 5808, data: "odo munere imper"...
0.281 Data accepted; writing to file
0.282 Assembling: source: 60582, dest: 34376, seq: 3004865478, ack: 97069, window: 5808, ACK
0.282 Sent: b'\xec\xa6\x86H\xb3\x1a\x9b\xc6\x00\x01{-P\x10\x16\xb0\x00\x00\x00\x00'
0.284 Received: b'\x86H\xec\xa6\x00\x01{-\xb3\x1a\x9b\xc6P\x00\x16\xb0\x00\x00\x00\x00cimates cum, tib'...
0.284 Disassembled: source: 34376, dest: 60582, seq: 97069, ack: 3004865478, window: 5808, data: "cimates cum, tib"...
0.285 Data accepted; writing to file
0.285 Assembling: source: 60582, dest: 34376, seq: 3004865478, ack: 98517, window: 5808, ACK
0.285 Sent: b'\xec\xa6\x86H\xb3\x1a\x9b\xc6\x00\x01\x80\xd5P\x10\x16\xb0\x00\x00\x00\x00'
0.287 Received: b'\x86H\xec\xa6\x00\x01\x80\xd5\xb3\x1a\x9b\xc6P\x00\x16\xb0\x00\x00\x00\x00tiopam molestiae'...
0.287 Disassembled: source: 34376, dest: 60582, seq: 98517, ack: 3004865478, window: 5808, data: "tiopam molestiae"...
0.288 Data accepted; writing to file
0.288 Assembling: source: 60582, dest: 34376, seq: 3004865478, ack: 99965, window: 5808, ACK
0.288 Sent: b'\xec\xa6\x86H\xb3\x1a\x9b\xc6\x00\x01\x86}P\x10\x16\xb0\x00\x00\x00\x00'
0.290 Received: b'\x86H\xec\xa6\x00\x01\x86}\xb3\x1a\x9b\xc6P\x00\x16\xb0\x00\x00\x00\x00possim qui no, v'...
0.291 Disassembled: source: 34376, dest: 60582, seq: 99965, ack: 3004865478, window: 5808, data: "possim qui no, v"...
0.291 Data accepted; writing to file
0.291 Assembling: source: 60582, dest: 34376, seq: 3004865478, ack: 101413, window: 5808, ACK
0.291 Sent: b'\xec\xa6\x86H\xb3\x1a\x9b\xc6\x00\x01\x8c%P\x10\x16\xb0\x00\x00\x00\x00'
0.293 Received: b'\x86H\xec\xa6\x00\x01\x8c%\xb3\x1a\x9b\xc6P\x00\x16\xb0\x00\x00\x00\x00 ex utinam parti'...
0.294 Disassembled: source: 34376, dest: 60582, seq: 101413, ack: 3004865478, window: 5808, data: " ex utinam parti"...
0.294 Data accepted; writing to file
0.294 Assembling: source: 60582, dest: 34376, seq: 3004865478, ack: 102861, window: 5808, ACK
0.295 Sent: b'\xec\xa6\x86H\xb3\x1a\x9b\xc6\x00\x01\x91\xcdP\x10\x16\xb0\x00\x00\x00\x00'
0.297 Received: b'\x86H\xec\xa6\x00\x01\x91\xcd\xb3\x1a\x9b\xc6P\x00\x16\xb0\x00\x00\x00\x00icus in his. Pri'...
0.297 Disassembled: source: 34376, dest: 60582, seq: 102861, ack: 3004865478, window: 5808, data: "icus in his. Pri"...
0.297 Data accepted; writing to file
0.297 Assembling: source: 60582, dest: 34376, seq: 3004865478, ack: 104309, window: 5808, ACK
0.298 Sent: b'\xec\xa6\x86H\xb3\x1a\x9b\xc6\x00\x01\x97uP\x10\x16\xb0\x00\x00\x00\x00'
0.300 Received: b'\x86H\xec\xa6\x00\x01\x97u\xb3\x1a\x9b\xc6P\x00\x16\xb0\x00\x00\x00\x00iis et.\n\nIus cu '...
0.300 Disassembled: source: 34376, dest: 60582, seq: 104309, ack: 3004865478, window: 5808, data: "iis et.

Ius cu "...
0.300 Data accepted; writing to file
0.300 Assembling: source: 60582, dest: 34376, seq: 3004865478, ack: 105757, window: 5808, ACK
0.301 Sent: b'\xec\xa6\x86H\xb3\x1a\x9b\xc6\x00\x01\x9d\x1dP\x10\x16\xb0\x00\x00\x00\x00'
0.303 Received: b'\x86H\xec\xa6\x00\x01\x9d\x1d\xb3\x1a\x9b\xc6P\x00\x16\xb0\x00\x00\x00\x00e interesset.\n\nT'...
0.303 Disassembled: source: 34376, dest: 60582, seq: 105757, ack: 3004865478, window: 5808, data: "e interesset.

T"...
0.303 Data accepted; writing to file
0.303 Assembling: source: 60582, dest: 34376, seq: 3004865478, ack: 107205, window: 5808, ACK
0.304 Sent: b'\xec\xa6\x86H\xb3\x1a\x9b\xc6\x00\x01\xa2\xc5P\x10\x16\xb0\x00\x00\x00\x00'
0.306 Received: b'\x86H\xec\xa6\x00\x01\xa2\xc5\xb3\x1a\x9b\xc6P\x00\x16\xb0\x00\x00\x00\x00pro alia volutpa'...
0.306 Disassembled: source: 34376, dest: 60582, seq: 107205, ack: 3004865478, window: 5808, data: "pro alia volutpa"...
0.306 Data accepted; writing to file
0.306 Assembling: source: 60582, dest: 34376, seq: 3004865478, ack: 108653, window: 5808, ACK
0.307 Sent: b'\xec\xa6\x86H\xb3\x1a\x9b\xc6\x00\x01\xa8mP\x10\x16\xb0\x00\x00\x00\x00'
0.309 Received: b'\x86H\xec\xa6\x00\x01\xa8m\xb3\x1a\x9b\xc6P\x00\x16\xb0\x00\x00\x00\x00 libris equidem '...
0.309 Disassembled: source: 34376, dest: 60582, seq: 108653, ack: 3004865478, window: 5808, data: " libris equidem "...
0.309 Data accepted; writing to file
0.309 Assembling: source: 60582, dest: 34376, seq: 3004865478, ack: 110101, window: 5808, ACK
0.310 Sent: b'\xec\xa6\x86H\xb3\x1a\x9b\xc6\x00\x01\xae\x15P\x10\x16\xb0\x00\x00\x00\x00'
0.312 Received: b'\x86H\xec\xa6\x00\x01\xae\x15\xb3\x1a\x9b\xc6P\x00\x16\xb0\x00\x00\x00\x00uavitate volupta'...
0.312 Disassembled: source: 34376, dest: 60582, seq: 110101, ack: 3004865478, window: 5808, data: "uavitate volupta"...
0.312 Data accepted; writing to file
0.313 Assembling: source: 60582, dest: 34376, seq: 3004865478, ack: 111549, window: 5808, ACK
0.313 Sent: b'\xec\xa6\x86H\xb3\x1a\x9b\xc6\x00\x01\xb3\xbdP\x10\x16\xb0\x00\x00\x00\x00'
0.315 Received: b'\x86H\xec\xa6\x00\x01\xb3\xbd\xb3\x1a\x9b\xc6P\x00\x16\xb0\x00\x00\x00\x00 Detraxit defini'...
0.315 Disassembled: source: 34376, dest: 60582, seq: 111549, ack: 3004865478, window: 5808, data: " Detraxit defini"...
0.316 Data accepted; writing to file
0.316 Assembling: source: 60582, dest: 34376, seq: 3004865478, ack: 112997, window: 5808, ACK
0.316 Sent: b'\xec\xa6\x86H\xb3\x1a\x9b\xc6\x00\x01\xb9eP\x10\x16\xb0\x00\x00\x00\x00'
0.318 Received: b'\x86H\xec\xa6\x00\x01\xb9e\xb3\x1a\x9b\xc6P\x00\x16\xb0\x00\x00\x00\x00aesent mei. Quo '...
0.319 Disassembled: source: 34376, dest: 60582, seq: 112997, ack: 3004865478, window: 5808, data: "aesent mei. Quo "...
0.319 Data accepted; writing to file
0.319 Assembling: source: 60582, dest: 34376, seq: 3004865478, ack: 114445, window: 5808, ACK
0.319 Sent: b'\xec\xa6\x86H\xb3\x1a\x9b\xc6\x00\x01\xbf\rP\x10\x16\xb0\x00\x00\x00\x00'
0.321 Received: b'\x86H\xec\xa6\x00\x01\xbf\r\xb3\x1a\x9b\xc6P\x00\x16\xb0\x00\x00\x00\x00nterpretaris no '...
0.322 Disassembled: source: 34376, dest: 60582, seq: 114445, ack: 3004865478, window: 5808, data: "nterpretaris no "...
0.322 Data accepted; writing to file
0.322 Assembling: source: 60582, dest: 34376, seq: 3004865478, ack: 115893, window: 5808, ACK
0.323 Sent: b'\xec\xa6\x86H\xb3\x1a\x9b\xc6\x00\x01\xc4\xb5P\x10\x16\xb0\x00\x00\x00\x00'
0.324 Received: b'\x86H\xec\xa6\x00\x01\xc4\xb5\xb3\x1a\x9b\xc6P\x00\x16\xb0\x00\x00\x00\x00patrioque has. I'...
0.325 Disassembled: source: 34376, dest: 60582, seq: 115893, ack: 3004865478, window: 5808, data: "patrioque has. I"...
0.325 Data accepted; writing to file
0.325 Assembling: source: 60582, dest: 34376, seq: 3004865478, ack: 117341, window: 5808, ACK
0.325 Sent: b'\xec\xa6\x86H\xb3\x1a\x9b\xc6\x00\x01\xca]P\x10\x16\xb0\x00\x00\x00\x00'
0.327 Received: b'\x86H\xec\xa6\x00\x01\xca]\xb3\x1a\x9b\xc6P\x00\x16\xb0\x00\x00\x00\x00ossit repudianda'...
0.328 Disassembled: source: 34376, dest: 60582, seq: 117341, ack: 3004865478, window: 5808, data: "ossit repudianda"...
0.328 Data accepted; writing to file
0.328 Assembling: source: 60582, dest: 34376, seq: 3004865478, ack: 118789, window: 5808, ACK
0.328 Sent: b'\xec\xa6\x86H\xb3\x1a\x9b\xc6\x00\x01\xd0\x05P\x10\x16\xb0\x00\x00\x00\x00'
0.330 Received: b'\x86H\xec\xa6\x00\x01\xd0\x05\xb3\x1a\x9b\xc6P\x00\x16\xb0\x00\x00\x00\x00ora consequuntur'...
0.330 Disassembled: source: 34376, dest: 60582, seq: 118789, ack: 3004865478, window: 5808, data: "ora consequuntur"...
0.331 Data accepted; writing to file
0.331 Assembling: source: 60582, dest: 34376, seq: 3004865478, ack: 120237, window: 5808, ACK
0.331 Sent: b'\xec\xa6\x86H\xb3\x1a\x9b\xc6\x00\x01\xd5\xadP\x10\x16\xb0\x00\x00\x00\x00'
0.333 Received: b'\x86H\xec\xa6\x00\x01\xd5\xad\xb3\x1a\x9b\xc6P\x00\x16\xb0\x00\x00\x00\x00ctus conceptam a'...
0.333 Disassembled: source: 34376, dest: 60582, seq: 120237, ack: 3004865478, window: 5808, data: "ctus conceptam a"...
0.334 Data accepted; writing to file
0.334 Assembling: source: 60582, dest: 34376, seq: 3004865478, ack: 121685, window: 5808, ACK
0.334 Sent: b'\xec\xa6\x86H\xb3\x1a\x9b\xc6\x00\x01\xdbUP\x10\x16\xb0\x00\x00\x00\x00'
0.336 Received: b'\x86H\xec\xa6\x00\x01\xdbU\xb3\x1a\x9b\xc6P\x00\x16\xb0\x00\x00\x00\x00 aeterno te, ne '...
0.336 Disassembled: source: 34376, dest: 60582, seq: 121685, ack: 3004865478, window: 5808, data: " aeterno te, ne "...
0.337 Data accepted; writing to file
0.337 Assembling: source: 60582, dest: 34376, seq: 3004865478, ack: 123133, window: 5808, ACK
0.337 Sent: b'\xec\xa6\x86H\xb3\x1a\x9b\xc6\x00\x01\xe0\xfdP\x10\x16\xb0\x00\x00\x00\x00'
0.339 Received: b'\x86H\xec\xa6\x00\x01\xe0\xfd\xb3\x1a\x9b\xc6P\x00\x16\xb0\x00\x00\x00\x00imis oporteat di'...
0.340 Disassembled: source: 34376, dest: 60582, seq: 123133, ack: 3004865478, window: 5808, data: "imis oporteat di"...
0.340 Data accepted; writing to file
0.340 Assembling: source: 60582, dest: 34376, seq: 3004865478, ack: 124581, window: 5808, ACK
0.340 Sent: b'\xec\xa6\x86H\xb3\x1a\x9b\xc6\x00\x01\xe6\xa5P\x10\x16\xb0\x00\x00\x00\x00'
0.342 Received: b'\x86H\xec\xa6\x00\x01\xe6\xa5\xb3\x1a\x9b\xc6P\x00\x16\xb0\x00\x00\x00\x00re. Has virtute '...
0.343 Disassembled: source: 34376, dest: 60582, seq: 124581, ack: 3004865478, window: 5808, data: "re. Has virtute "...
0.343 Data accepted; writing to file
0.343 Assembling: source: 60582, dest: 34376, seq: 3004865478, ack: 126029, window: 5808, ACK
0.344 Sent: b'\xec\xa6\x86H\xb3\x1a\x9b\xc6\x00\x01\xecMP\x10\x16\xb0\x00\x00\x00\x00'
0.346 Received: b'\x86H\xec\xa6\x00\x01\xecM\xb3\x1a\x9b\xc6P\x00\x16\xb0\x00\x00\x00\x00 eum ancillae no'...
0.346 Disassembled: source: 34376, dest: 60582, seq: 126029, ack: 3004865478, window: 5808, data: " eum ancillae no"...
0.346 Data accepted; writing to file
0.346 Assembling: source: 60582, dest: 34376, seq: 3004865478, ack: 127477, window: 5808, ACK
0.347 Sent: b'\xec\xa6\x86H\xb3\x1a\x9b\xc6\x00\x01\xf1\xf5P\x10\x16\xb0\x00\x00\x00\x00'
0.349 Received: b'\x86H\xec\xa6\x00\x01\xf1\xf5\xb3\x1a\x9b\xc6P\x00\x16\xb0\x00\x00\x00\x00ppareat ius. At '...
0.349 Disassembled: source: 34376, dest: 60582, seq: 127477, ack: 3004865478, window: 5808, data: "ppareat ius. At "...
0.349 Data accepted; writing to file
0.349 Assembling: source: 60582, dest: 34376, seq: 3004865478, ack: 128925, window: 5808, ACK
0.350 Sent: b'\xec\xa6\x86H\xb3\x1a\x9b\xc6\x00\x01\xf7\x9dP\x10\x16\xb0\x00\x00\x00\x00'
0.352 Received: b'\x86H\xec\xa6\x00\x01\xf7\x9d\xb3\x1a\x9b\xc6P\x00\x16\xb0\x00\x00\x00\x00, vero appellant'...
0.352 Disassembled: source: 34376, dest: 60582, seq: 128925, ack: 3004865478, window: 5808, data: ", vero appellant"...
0.352 Data accepted; writing to file
0.352 Assembling: source: 60582, dest: 34376, seq: 3004865478, ack: 130373, window: 5808, ACK
0.353 Sent: b'\xec\xa6\x86H\xb3\x1a\x9b\xc6\x00\x01\xfdEP\x10\x16\xb0\x00\x00\x00\x00'
0.355 Received: b'\x86H\xec\xa6\x00\x01\xfdE\xb3\x1a\x9b\xc6P\x00\x16\xb0\x00\x00\x00\x00ibo quando copio'...
0.355 Disassembled: source: 34376, dest: 60582, seq: 130373, ack: 3004865478, window: 5808, data: "ibo quando copio"...
0.355 Data accepted; writing to file
0.355 Assembling: source: 60582, dest: 34376, seq: 3004865478, ack: 131821, window: 5808, ACK
0.356 Sent: b'\xec\xa6\x86H\xb3\x1a\x9b\xc6\x00\x02\x02\xedP\x10\x16\xb0\x00\x00\x00\x00'
0.358 Received: b'\x86H\xec\xa6\x00\x02\x02\xed\xb3\x1a\x9b\xc6P\x00\x16\xb0\x00\x00\x00\x00 maluisset. Sit '...
0.358 Disassembled: source: 34376, dest: 60582, seq: 131821, ack: 3004865478, window: 5808, data: " maluisset. Sit "...
0.358 Data accepted; writing to file
0.358 Assembling: source: 60582, dest: 34376, seq: 3004865478, ack: 133269, window: 5808, ACK
0.359 Sent: b'\xec\xa6\x86H\xb3\x1a\x9b\xc6\x00\x02\x08\x95P\x10\x16\xb0\x00\x00\x00\x00'
0.361 Received: b'\x86H\xec\xa6\x00\x02\x08\x95\xb3\x1a\x9b\xc6P\x00\x16\xb0\x00\x00\x00\x00e ceteros albuci'...
0.361 Disassembled: source: 34376, dest: 60582, seq: 133269, ack: 3004865478, window: 5808, data: "e ceteros albuci"...
0.361 Data accepted; writing to file
0.362 Assembling: source: 60582, dest: 34376, seq: 3004865478, ack: 134717, window: 5808, ACK
0.362 Sent: b'\xec\xa6\x86H\xb3\x1a\x9b\xc6\x00\x02\x0e=P\x10\x16\xb0\x00\x00\x00\x00'
0.364 Received: b'\x86H\xec\xa6\x00\x02\x0e=\xb3\x1a\x9b\xc6P\x00\x16\xb0\x00\x00\x00\x00complectitur sea'...
0.364 Disassembled: source: 34376, dest: 60582, seq: 134717, ack: 3004865478, window: 5808, data: "complectitur sea"...
0.364 Data accepted; writing to file
0.365 Assembling: source: 60582, dest: 34376, seq: 3004865478, ack: 136165, window: 5808, ACK
0.365 Sent: b'\xec\xa6\x86H\xb3\x1a\x9b\xc6\x00\x02\x13\xe5P\x10\x16\xb0\x00\x00\x00\x00'
0.367 Received: b'\x86H\xec\xa6\x00\x02\x13\xe5\xb3\x1a\x9b\xc6P\x00\x16\xb0\x00\x00\x00\x00tempor ex ius. E'...
0.367 Disassembled: source: 34376, dest: 60582, seq: 136165, ack: 3004865478, window: 5808, data: "tempor ex ius. E"...
0.368 Data accepted; writing to file
0.368 Assembling: source: 60582, dest: 34376, seq: 3004865478, ack: 136259, window: 5808, ACK
0.368 Sent: b'\xec\xa6\x86H\xb3\x1a\x9b\xc6\x00\x02\x14CP\x10\x16\xb0\x00\x00\x00\x00'
0.869 Sent: b'\xec\xa6\x86H\xb3\x1a\x9b\xc6\x00\x02\x14CP\x10\x16\xb0\x00\x00\x00\x00'
1.369 Sent: b'\xec\xa6\x86H\xb3\x1a\x9b\xc6\x00\x02\x14CP\x10\x16\xb0\x00\x00\x00\x00'
1.869 Sent: b'\xec\xa6\x86H\xb3\x1a\x9b\xc6\x00\x02\x14CP\x10\x16\xb0\x00\x00\x00\x00'
2.370 Sent: b'\xec\xa6\x86H\xb3\x1a\x9b\xc6\x00\x02\x14CP\x10\x16\xb0\x00\x00\x00\x00'
2.870 Error: Connection timed out
2.871 Closed connection
2.871 Shutting down
