0.000 NEW RUN: Server, TEST: Write_file__Latency
0.076 Received: b'\x1bs\xe2s\x00\x00\x00.\x00\x00\x00\x00P\x02\x05\xa8\x00\x00\x00\x00'
0.077 Disassembled: source: 7027, dest: 57971, seq: 46, window: 1448, SYN
0.078 SYN accepted; new connection: 127.0.0.1 on port 7027
0.078 Assembling: source: 57971, dest: 7027, seq: 3106270573, ack: 47, window: 5808, ACK, SYN
0.078 Sent: b'\xe2s\x1bs\xb9%\xedm\x00\x00\x00/P\x12\x16\xb0\x00\x00\x00\x00'
0.579 Sent: b'\xe2s\x1bs\xb9%\xedm\x00\x00\x00/P\x12\x16\xb0\x00\x00\x00\x00'
1.080 Sent: b'\xe2s\x1bs\xb9%\xedm\x00\x00\x00/P\x12\x16\xb0\x00\x00\x00\x00'
1.083 Received: b'\x1bs\xe2s\x00\x00\x00/\xb9%\xednP\x10\x16\xb0\x00\x00\x00\x00'
1.084 Disassembled: source: 7027, dest: 57971, seq: 47, ack: 3106270574, window: 5808, ACK
1.084 Assembling: source: 57971, dest: 7027, seq: 3106270574, ack: 47, window: 5808, ACK
1.085 Sent: b'\xe2s\x1bs\xb9%\xedn\x00\x00\x00/P\x10\x16\xb0\x00\x00\x00\x00'
1.086 Received: b'\x1bs\xe2s\x00\x00\x00/\xb9%\xednP\x10\x16\xb0\x00\x00\x00\x00Lorem ipsum dolo'...
1.086 Disassembled: source: 7027, dest: 57971, seq: 47, ack: 3106270574, window: 5808, ACK, data: "Lorem ipsum dolo"...
1.086 Handshake complete
1.087 Data accepted; writing to file
1.087 Assembling: source: 57971, dest: 7027, seq: 3106270574, ack: 1495, window: 5808, ACK
1.087 Sent: b'\xe2s\x1bs\xb9%\xedn\x00\x00\x05\xd7P\x10\x16\xb0\x00\x00\x00\x00'
1.583 Received: b'\x1bs\xe2s\x00\x00\x00/\xb9%\xednP\x10\x16\xb0\x00\x00\x00\x00Lorem ipsum dolo'...
1.584 Disassembled: source: 7027, dest: 57971, seq: 47, ack: 3106270574, window: 5808, ACK, data: "Lorem ipsum dolo"...
1.584 Old data; ignoring
1.588 Sent: b'\xe2s\x1bs\xb9%\xedn\x00\x00\x05\xd7P\x10\x16\xb0\x00\x00\x00\x00'
2.084 Received: b'\x1bs\xe2s\x00\x00\x00/\xb9%\xednP\x10\x16\xb0\x00\x00\x00\x00Lorem ipsum dolo'...
2.084 Disassembled: source: 7027, dest: 57971, seq: 47, ack: 3106270574, window: 5808, ACK, data: "Lorem ipsum dolo"...
2.085 Old data; ignoring
2.089 Sent: b'\xe2s\x1bs\xb9%\xedn\x00\x00\x05\xd7P\x10\x16\xb0\x00\x00\x00\x00'
2.089 Received: b'\x1bs\xe2s\x00\x00\x00/\xb9%\xednP\x10\x16\xb0\x00\x00\x00\x00Lorem ipsum dolo'...
2.090 Disassembled: source: 7027, dest: 57971, seq: 47, ack: 3106270574, window: 5808, ACK, data: "Lorem ipsum dolo"...
2.090 Old data; ignoring
2.092 Received: b'\x1bs\xe2s\x00\x00\x05\xd7\xb9%\xednP\x00\x16\xb0\x00\x00\x00\x00mprehensam nam, '...
2.092 Disassembled: source: 7027, dest: 57971, seq: 1495, ack: 3106270574, window: 5808, data: "mprehensam nam, "...
2.092 Data accepted; writing to file
2.093 Assembling: source: 57971, dest: 7027, seq: 3106270574, ack: 2943, window: 5808, ACK
2.093 Sent: b'\xe2s\x1bs\xb9%\xedn\x00\x00\x0b\x7fP\x10\x16\xb0\x00\x00\x00\x00'
2.592 Received: b'\x1bs\xe2s\x00\x00\x05\xd7\xb9%\xednP\x00\x16\xb0\x00\x00\x00\x00mprehensam nam, '...
2.593 Disassembled: source: 7027, dest: 57971, seq: 1495, ack: 3106270574, window: 5808, data: "mprehensam nam, "...
2.593 Old data; ignoring
2.594 Sent: b'\xe2s\x1bs\xb9%\xedn\x00\x00\x0b\x7fP\x10\x16\xb0\x00\x00\x00\x00'
3.093 Received: b'\x1bs\xe2s\x00\x00\x05\xd7\xb9%\xednP\x00\x16\xb0\x00\x00\x00\x00mprehensam nam, '...
3.094 Disassembled: source: 7027, dest: 57971, seq: 1495, ack: 3106270574, window: 5808, data: "mprehensam nam, "...
3.094 Old data; ignoring
3.094 Sent: b'\xe2s\x1bs\xb9%\xedn\x00\x00\x0b\x7fP\x10\x16\xb0\x00\x00\x00\x00'
3.097 Received: b'\x1bs\xe2s\x00\x00\x0b\x7f\xb9%\xednP\x00\x16\xb0\x00\x00\x00\x00ilisi repudiare '...
3.098 Disassembled: source: 7027, dest: 57971, seq: 2943, ack: 3106270574, window: 5808, data: "ilisi repudiare "...
3.098 Data accepted; writing to file
3.098 Assembling: source: 57971, dest: 7027, seq: 3106270574, ack: 3290, window: 5808, ACK
3.099 Sent: b'\xe2s\x1bs\xb9%\xedn\x00\x00\x0c\xdaP\x10\x16\xb0\x00\x00\x00\x00'
3.598 Received: b'\x1bs\xe2s\x00\x00\x0b\x7f\xb9%\xednP\x00\x16\xb0\x00\x00\x00\x00ilisi repudiare '...
3.598 Disassembled: source: 7027, dest: 57971, seq: 2943, ack: 3106270574, window: 5808, data: "ilisi repudiare "...
3.599 Old data; ignoring
3.599 Sent: b'\xe2s\x1bs\xb9%\xedn\x00\x00\x0c\xdaP\x10\x16\xb0\x00\x00\x00\x00'
4.099 Received: b'\x1bs\xe2s\x00\x00\x0b\x7f\xb9%\xednP\x00\x16\xb0\x00\x00\x00\x00ilisi repudiare '...
4.099 Disassembled: source: 7027, dest: 57971, seq: 2943, ack: 3106270574, window: 5808, data: "ilisi repudiare "...
4.100 Old data; ignoring
4.100 Sent: b'\xe2s\x1bs\xb9%\xedn\x00\x00\x0c\xdaP\x10\x16\xb0\x00\x00\x00\x00'
4.600 Sent: b'\xe2s\x1bs\xb9%\xedn\x00\x00\x0c\xdaP\x10\x16\xb0\x00\x00\x00\x00'
5.101 Sent: b'\xe2s\x1bs\xb9%\xedn\x00\x00\x0c\xdaP\x10\x16\xb0\x00\x00\x00\x00'
5.602 Error: Connection timed out
5.602 Closed connection
6.102 Shutting down
