0.000 NEW RUN: Server, TEST: Write_file__Empty
0.077 Received: b'\xf2\x15\xa1\x84\x00\x00\x00D\x00\x00\x00\x00P\x02\x05\xa8\x00\x00\x00\x00'
0.078 Disassembled: source: 61973, dest: 41348, seq: 68, window: 1448, SYN
0.078 SYN accepted; new connection: 127.0.0.1 on port 61973
0.078 Assembling: source: 41348, dest: 61973, seq: 2970612041, ack: 69, window: 5808, ACK, SYN
0.079 Sent: b'\xa1\x84\xf2\x15\xb1\x0f\xf1I\x00\x00\x00EP\x12\x16\xb0\x00\x00\x00\x00'
0.082 Received: b'\xf2\x15\xa1\x84\x00\x00\x00E\xb1\x0f\xf1JP\x10\x16\xb0\x00\x00\x00\x00'
0.082 Disassembled: source: 61973, dest: 41348, seq: 69, ack: 2970612042, window: 5808, ACK
0.083 Assembling: source: 41348, dest: 61973, seq: 2970612042, ack: 69, window: 5808, ACK
0.083 Sent: b'\xa1\x84\xf2\x15\xb1\x0f\xf1J\x00\x00\x00EP\x10\x16\xb0\x00\x00\x00\x00'
0.084 Received: b'\xf2\x15\xa1\x84\x00\x00\x00E\xb1\x0f\xf1JP\x10\x16\xb0\x00\x00\x00\x00'
0.085 Disassembled: source: 61973, dest: 41348, seq: 69, ack: 2970612042, window: 5808, ACK
0.085 Assembling: source: 41348, dest: 61973, seq: 2970612042, ack: 69, window: 5808, ACK
0.085 Sent: b'\xa1\x84\xf2\x15\xb1\x0f\xf1J\x00\x00\x00EP\x10\x16\xb0\x00\x00\x00\x00'
0.586 Sent: b'\xa1\x84\xf2\x15\xb1\x0f\xf1J\x00\x00\x00EP\x10\x16\xb0\x00\x00\x00\x00'
1.086 Sent: b'\xa1\x84\xf2\x15\xb1\x0f\xf1J\x00\x00\x00EP\x10\x16\xb0\x00\x00\x00\x00'
1.587 Sent: b'\xa1\x84\xf2\x15\xb1\x0f\xf1J\x00\x00\x00EP\x10\x16\xb0\x00\x00\x00\x00'
2.087 Sent: b'\xa1\x84\xf2\x15\xb1\x0f\xf1J\x00\x00\x00EP\x10\x16\xb0\x00\x00\x00\x00'
2.587 Error: Connection timed out
2.587 Closed connection
2.588 Shutting down
