0.000 NEW RUN: Server, TEST: Read_file__Relaxed
0.218 Received: b'\x1d\xb4\x85U\x00\x00\x00_\x00\x00\x00\x00P\x02\x05\xa8\x00\x00\x00\x00'
0.219 Disassembled: source: 7604, dest: 34133, seq: 95, window: 1448, SYN
0.219 SYN accepted; new connection: 127.0.0.1 on port 7604
0.220 Assembling: source: 34133, dest: 7604, seq: 3178773888, ack: 96, window: 1448, ACK, SYN
0.220 Sent: b'\x85U\x1d\xb4\xbdx=\x80\x00\x00\x00`P\x12\x05\xa8\x00\x00\x00\x00'
0.222 Received: b'\x1d\xb4\x85U\x00\x00\x00`\xbdx=\x81P\x10\x05\xa8\x00\x00\x00\x00'
0.222 Disassembled: source: 7604, dest: 34133, seq: 96, ack: 3178773889, window: 1448, ACK
0.222 Handshake complete
0.222 Acknowledged seq: 3178773888
0.222 Finished reading file
0.222 Assembling: source: 34133, dest: 7604, seq: 3178773889, ack: 97, window: 1448, ACK, FIN
0.223 Sent: b'\x85U\x1d\xb4\xbdx=\x81\x00\x00\x00aP\x11\x05\xa8\x00\x00\x00\x00'
0.723 Sent: b'\x85U\x1d\xb4\xbdx=\x81\x00\x00\x00aP\x11\x05\xa8\x00\x00\x00\x00'
0.726 Received: b'\x1d\xb4\x85U\x00\x00\x00a\xbdx=\x82P\x10\x05\xa8\x00\x00\x00\x00'
0.726 Disassembled: source: 7604, dest: 34133, seq: 97, ack: 3178773890, window: 1448, ACK
0.726 FIN accepted; sending final packet
0.726 Assembling: source: 34133, dest: 7604, seq: 3178773890, ack: 97, window: 1448, ACK
0.727 Sent: b'\x85U\x1d\xb4\xbdx=\x82\x00\x00\x00aP\x10\x05\xa8\x00\x00\x00\x00'
0.727 Closed connection
0.727 Shutting down
