0.000 NEW RUN: Server, TEST: Read_file__Small_multi-packet
0.212 Received: b'\x9f\r\x1c\x86\x00\x00\x00?\x00\x00\x00\x00P\x02\x05\xa8\x00\x00\x00\x00'
0.212 Disassembled: source: 40717, dest: 7302, seq: 63, window: 1448, SYN
0.213 SYN accepted; new connection: 127.0.0.1 on port 40717
0.213 Assembling: source: 7302, dest: 40717, seq: 3193465764, ack: 64, window: 1448, ACK, SYN
0.213 Sent: b'\x1c\x86\x9f\r\xbeXk\xa4\x00\x00\x00@P\x12\x05\xa8\x00\x00\x00\x00'
0.215 Received: b'\x9f\r\x1c\x86\x00\x00\x00@\xbeXk\xa5P\x10\x05\xa8\x00\x00\x00\x00'
0.215 Disassembled: source: 40717, dest: 7302, seq: 64, ack: 3193465765, window: 1448, ACK
0.216 Handshake complete
0.216 Acknowledged seq: 3193465764
0.216 Assembling: source: 7302, dest: 40717, seq: 3193465765, ack: 65, window: 1448, data: "Lorem ipsum dolo"...
0.216 Sent: b'\x1c\x86\x9f\r\xbeXk\xa5\x00\x00\x00AP\x00\x05\xa8\x00\x00\x00\x00Lorem ipsum dolo'...
0.716 Sent: b'\x1c\x86\x9f\r\xbeXk\xa5\x00\x00\x00AP\x00\x05\xa8\x00\x00\x00\x00Lorem ipsum dolo'...
1.217 Sent: b'\x1c\x86\x9f\r\xbeXk\xa5\x00\x00\x00AP\x00\x05\xa8\x00\x00\x00\x00Lorem ipsum dolo'...
1.717 Sent: b'\x1c\x86\x9f\r\xbeXk\xa5\x00\x00\x00AP\x00\x05\xa8\x00\x00\x00\x00Lorem ipsum dolo'...
2.218 Sent: b'\x1c\x86\x9f\r\xbeXk\xa5\x00\x00\x00AP\x00\x05\xa8\x00\x00\x00\x00Lorem ipsum dolo'...
2.718 Sent: b'\x1c\x86\x9f\r\xbeXk\xa5\x00\x00\x00AP\x00\x05\xa8\x00\x00\x00\x00Lorem ipsum dolo'...
3.218 Error: Connection timed out
3.219 Closed connection
3.219 Shutting down
