0.000 NEW RUN: Server, TEST: Read_file__Single_packet
0.208 Received: b'\xa42#U\x00\x00\x00\\\x00\x00\x00\x00P\x02\x05\xa8\x00\x00\x00\x00'
0.208 Disassembled: source: 42034, dest: 9045, seq: 92, window: 1448, SYN
0.208 SYN accepted; new connection: 127.0.0.1 on port 42034
0.209 Assembling: source: 9045, dest: 42034, seq: 3181403616, ack: 93, window: 1448, ACK, SYN
0.209 Sent: b'#U\xa42\xbd\xa0]\xe0\x00\x00\x00]P\x12\x05\xa8\x00\x00\x00\x00'
0.211 Received: b'\xa42#U\x00\x00\x00]\xbd\xa0]\xe1P\x10\x05\xa8\x00\x00\x00\x00'
0.211 Disassembled: source: 42034, dest: 9045, seq: 93, ack: 3181403617, window: 1448, ACK
0.211 Handshake complete
0.211 Acknowledged seq: 3181403616
0.211 Finished reading file
0.212 Assembling: source: 9045, dest: 42034, seq: 3181403617, ack: 94, window: 1448, data: "This file fits i"...
0.212 Sent: b'#U\xa42\xbd\xa0]\xe1\x00\x00\x00^P\x00\x05\xa8\x00\x00\x00\x00This file fits i'...
0.712 Sent: b'#U\xa42\xbd\xa0]\xe1\x00\x00\x00^P\x00\x05\xa8\x00\x00\x00\x00This file fits i'...
1.213 Sent: b'#U\xa42\xbd\xa0]\xe1\x00\x00\x00^P\x00\x05\xa8\x00\x00\x00\x00This file fits i'...
1.713 Sent: b'#U\xa42\xbd\xa0]\xe1\x00\x00\x00^P\x00\x05\xa8\x00\x00\x00\x00This file fits i'...
2.213 Sent: b'#U\xa42\xbd\xa0]\xe1\x00\x00\x00^P\x00\x05\xa8\x00\x00\x00\x00This file fits i'...
2.714 Sent: b'#U\xa42\xbd\xa0]\xe1\x00\x00\x00^P\x00\x05\xa8\x00\x00\x00\x00This file fits i'...
3.214 Error: Connection timed out
3.214 Closed connection
3.215 Shutting down
