0.000 NEW RUN: Server, TEST: Read_file__Large_multi-packet
0.230 Received: b'6G\xaa&\x00\x00\x00#\x00\x00\x00\x00P\x02\x05\xa8\x00\x00\x00\x00'
0.231 Disassembled: source: 13895, dest: 43558, seq: 35, window: 1448, SYN
0.231 SYN accepted; new connection: 127.0.0.1 on port 13895
0.231 Assembling: source: 43558, dest: 13895, seq: 272210205, ack: 36, window: 1448, ACK, SYN
0.232 Sent: b'\xaa&6G\x109\x99\x1d\x00\x00\x00$P\x12\x05\xa8\x00\x00\x00\x00'
0.233 Received: b'6G\xaa&\x00\x00\x00$\x109\x99\x1eP\x10\x05\xa8\x00\x00\x00\x00'
0.233 Disassembled: source: 13895, dest: 43558, seq: 36, ack: 272210206, window: 1448, ACK
0.233 Handshake complete
0.233 Acknowledged seq: 272210205
0.233 Assembling: source: 43558, dest: 13895, seq: 272210206, ack: 37, window: 1448, data: "Lorem ipsum dolo"...
0.234 Sent: b'\xaa&6G\x109\x99\x1e\x00\x00\x00%P\x00\x05\xa8\x00\x00\x00\x00Lorem ipsum dolo'...
0.235 Received: b'6G\xaa&\x00\x00\x00%\x109\x9e\xc6P\x10\x05\xa8\x00\x00\x00\x00'
0.235 Disassembled: source: 13895, dest: 43558, seq: 37, ack: 272211654, window: 1448, ACK
0.235 Acknowledged seq: 272210206
0.235 Assembling: source: 43558, dest: 13895, seq: 272211654, ack: 38, window: 1448, data: "mprehensam nam, "...
0.236 Sent: b'\xaa&6G\x109\x9e\xc6\x00\x00\x00&P\x00\x05\xa8\x00\x00\x00\x00mprehensam nam, '...
0.237 Received: b'6G\xaa&\x00\x00\x00&\x109\xa4nP\x10\x05\xa8\x00\x00\x00\x00'
0.237 Disassembled: source: 13895, dest: 43558, seq: 38, ack: 272213102, window: 1448, ACK
0.237 Acknowledged seq: 272211654
0.237 Assembling: source: 43558, dest: 13895, seq: 272213102, ack: 39, window: 1448, data: "ilisi repudiare "...
0.237 Sent: b"\xaa&6G\x109\xa4n\x00\x00\x00'P\x00\x05\xa8\x00\x00\x00\x00ilisi repudiare "...
0.239 Received: b"6G\xaa&\x00\x00\x00'\x109\xaa\x16P\x10\x05\xa8\x00\x00\x00\x00"
0.239 Disassembled: source: 13895, dest: 43558, seq: 39, ack: 272214550, window: 1448, ACK
0.239 Acknowledged seq: 272213102
0.239 Assembling: source: 43558, dest: 13895, seq: 272214550, ack: 40, window: 1448, data: "ta.

Et essent s"...
0.239 Sent: b'\xaa&6G\x109\xaa\x16\x00\x00\x00(P\x00\x05\xa8\x00\x00\x00\x00ta.\n\nEt essent s'...
0.240 Received: b'6G\xaa&\x00\x00\x00(\x109\xaf\xbeP\x10\x05\xa8\x00\x00\x00\x00'
0.241 Disassembled: source: 13895, dest: 43558, seq: 40, ack: 272215998, window: 1448, ACK
0.241 Acknowledged seq: 272214550
0.241 Assembling: source: 43558, dest: 13895, seq: 272215998, ack: 41, window: 1448, data: " Nihil tractatos"...
0.241 Sent: b'\xaa&6G\x109\xaf\xbe\x00\x00\x00)P\x00\x05\xa8\x00\x00\x00\x00 Nihil tractatos'...
0.242 Received: b'6G\xaa&\x00\x00\x00)\x109\xb5fP\x10\x05\xa8\x00\x00\x00\x00'
0.243 Disassembled: source: 13895, dest: 43558, seq: 41, ack: 272217446, window: 1448, ACK
0.243 Acknowledged seq: 272215998
0.243 Assembling: source: 43558, dest: 13895, seq: 272217446, ack: 42, window: 1448, data: "fert iuvaret sap"...
0.243 Sent: b'\xaa&6G\x109\xb5f\x00\x00\x00*P\x00\x05\xa8\x00\x00\x00\x00fert iuvaret sap'...
0.244 Received: b'6G\xaa&\x00\x00\x00*\x109\xbb\x0eP\x10\x05\xa8\x00\x00\x00\x00'
0.245 Disassembled: source: 13895, dest: 43558, seq: 42, ack: 272218894, window: 1448, ACK
0.245 Acknowledged seq: 272217446
0.245 Assembling: source: 43558, dest: 13895, seq: 272218894, ack: 43, window: 1448, data: "ram adipiscing, "...
0.245 Sent: b'\xaa&6G\x109\xbb\x0e\x00\x00\x00+P\x00\x05\xa8\x00\x00\x00\x00ram adipiscing, '...
0.247 Received: b'6G\xaa&\x00\x00\x00+\x109\xc0\xb6P\x10\x05\xa8\x00\x00\x00\x00'
0.247 Disassembled: source: 13895, dest: 43558, seq: 43, ack: 272220342, window: 1448, ACK
0.247 Acknowledged seq: 272218894
0.247 Assembling: source: 43558, dest: 13895, seq: 272220342, ack: 44, window: 1448, data: "m veritus vivend"...
0.247 Sent: b'\xaa&6G\x109\xc0\xb6\x00\x00\x00,P\x00\x05\xa8\x00\x00\x00\x00m veritus vivend'...
0.249 Received: b'6G\xaa&\x00\x00\x00,\x109\xc6^P\x10\x05\xa8\x00\x00\x00\x00'
0.249 Disassembled: source: 13895, dest: 43558, seq: 44, ack: 272221790, window: 1448, ACK
0.249 Acknowledged seq: 272220342
0.249 Assembling: source: 43558, dest: 13895, seq: 272221790, ack: 45, window: 1448, data: " delenit, ignota"...
0.250 Sent: b'\xaa&6G\x109\xc6^\x00\x00\x00-P\x00\x05\xa8\x00\x00\x00\x00 delenit, ignota'...
0.251 Received: b'6G\xaa&\x00\x00\x00-\x109\xcc\x06P\x10\x05\xa8\x00\x00\x00\x00'
0.251 Disassembled: source: 13895, dest: 43558, seq: 45, ack: 272223238, window: 1448, ACK
0.251 Acknowledged seq: 272221790
0.252 Assembling: source: 43558, dest: 13895, seq: 272223238, ack: 46, window: 1448, data: "se explicari des"...
0.252 Sent: b'\xaa&6G\x109\xcc\x06\x00\x00\x00.P\x00\x05\xa8\x00\x00\x00\x00se explicari des'...
0.253 Received: b'6G\xaa&\x00\x00\x00.\x109\xd1\xaeP\x10\x05\xa8\x00\x00\x00\x00'
0.253 Disassembled: source: 13895, dest: 43558, seq: 46, ack: 272224686, window: 1448, ACK
0.253 Acknowledged seq: 272223238
0.253 Assembling: source: 43558, dest: 13895, seq: 272224686, ack: 47, window: 1448, data: "piscing, in modo"...
0.254 Sent: b'\xaa&6G\x109\xd1\xae\x00\x00\x00/P\x00\x05\xa8\x00\x00\x00\x00piscing, in modo'...
0.255 Received: b'6G\xaa&\x00\x00\x00/\x109\xd7VP\x10\x05\xa8\x00\x00\x00\x00'
0.255 Disassembled: source: 13895, dest: 43558, seq: 47, ack: 272226134, window: 1448, ACK
0.255 Acknowledged seq: 272224686
0.255 Assembling: source: 43558, dest: 13895, seq: 272226134, ack: 48, window: 1448, data: "o copiosae tacim"...
0.256 Sent: b'\xaa&6G\x109\xd7V\x00\x00\x000P\x00\x05\xa8\x00\x00\x00\x00o copiosae tacim'...
0.257 Received: b'6G\xaa&\x00\x00\x000\x109\xdc\xfeP\x10\x05\xa8\x00\x00\x00\x00'
0.257 Disassembled: source: 13895, dest: 43558, seq: 48, ack: 272227582, window: 1448, ACK
0.257 Acknowledged seq: 272226134
0.258 Assembling: source: 43558, dest: 13895, seq: 272227582, ack: 49, window: 1448, data: "am. Pri ne antio"...
0.258 Sent: b'\xaa&6G\x109\xdc\xfe\x00\x00\x001P\x00\x05\xa8\x00\x00\x00\x00am. Pri ne antio'...
0.259 Received: b'6G\xaa&\x00\x00\x001\x109\xe2\xa6P\x10\x05\xa8\x00\x00\x00\x00'
0.260 Disassembled: source: 13895, dest: 43558, seq: 49, ack: 272229030, window: 1448, ACK
0.260 Acknowledged seq: 272227582
0.260 Assembling: source: 43558, dest: 13895, seq: 272229030, ack: 50, window: 1448, data: "to no. Elitr pos"...
0.260 Sent: b'\xaa&6G\x109\xe2\xa6\x00\x00\x002P\x00\x05\xa8\x00\x00\x00\x00to no. Elitr pos'...
0.262 Received: b'6G\xaa&\x00\x00\x002\x109\xe8NP\x10\x05\xa8\x00\x00\x00\x00'
0.262 Disassembled: source: 13895, dest: 43558, seq: 50, ack: 272230478, window: 1448, ACK
0.262 Acknowledged seq: 272229030
0.263 Assembling: source: 43558, dest: 13895, seq: 272230478, ack: 51, window: 1448, data: "pretaris, sea ex"...
0.263 Sent: b'\xaa&6G\x109\xe8N\x00\x00\x003P\x00\x05\xa8\x00\x00\x00\x00pretaris, sea ex'...
0.264 Received: b'6G\xaa&\x00\x00\x003\x109\xed\xf6P\x10\x05\xa8\x00\x00\x00\x00'
0.265 Disassembled: source: 13895, dest: 43558, seq: 51, ack: 272231926, window: 1448, ACK
0.265 Acknowledged seq: 272230478
0.265 Assembling: source: 43558, dest: 13895, seq: 272231926, ack: 52, window: 1448, data: "oporteat inimicu"...
0.265 Sent: b'\xaa&6G\x109\xed\xf6\x00\x00\x004P\x00\x05\xa8\x00\x00\x00\x00oporteat inimicu'...
0.267 Received: b'6G\xaa&\x00\x00\x004\x109\xf3\x9eP\x10\x05\xa8\x00\x00\x00\x00'
0.267 Disassembled: source: 13895, dest: 43558, seq: 52, ack: 272233374, window: 1448, ACK
0.267 Acknowledged seq: 272231926
0.268 Assembling: source: 43558, dest: 13895, seq: 272233374, ack: 53, window: 1448, data: "ligendi officiis"...
0.268 Sent: b'\xaa&6G\x109\xf3\x9e\x00\x00\x005P\x00\x05\xa8\x00\x00\x00\x00ligendi officiis'...
0.269 Received: b'6G\xaa&\x00\x00\x005\x109\xf9FP\x10\x05\xa8\x00\x00\x00\x00'
0.270 Disassembled: source: 13895, dest: 43558, seq: 53, ack: 272234822, window: 1448, ACK
0.270 Acknowledged seq: 272233374
0.270 Assembling: source: 43558, dest: 13895, seq: 272234822, ack: 54, window: 1448, data: "no vel regione i"...
0.270 Sent: b'\xaa&6G\x109\xf9F\x00\x00\x006P\x00\x05\xa8\x00\x00\x00\x00no vel regione i'...
0.272 Received: b'6G\xaa&\x00\x00\x006\x109\xfe\xeeP\x10\x05\xa8\x00\x00\x00\x00'
0.272 Disassembled: source: 13895, dest: 43558, seq: 54, ack: 272236270, window: 1448, ACK
0.273 Acknowledged seq: 272234822
0.273 Assembling: source: 43558, dest: 13895, seq: 272236270, ack: 55, window: 1448, data: "ibus vis ex, pro"...
0.273 Sent: b'\xaa&6G\x109\xfe\xee\x00\x00\x007P\x00\x05\xa8\x00\x00\x00\x00ibus vis ex, pro'...
0.275 Received: b'6G\xaa&\x00\x00\x007\x10:\x04\x96P\x10\x05\xa8\x00\x00\x00\x00'
0.275 Disassembled: source: 13895, dest: 43558, seq: 55, ack: 272237718, window: 1448, ACK
0.275 Acknowledged seq: 272236270
0.275 Assembling: source: 43558, dest: 13895, seq: 272237718, ack: 56, window: 1448, data: "o vix, mel ea li"...
0.276 Sent: b'\xaa&6G\x10:\x04\x96\x00\x00\x008P\x00\x05\xa8\x00\x00\x00\x00o vix, mel ea li'...
0.277 Received: b'6G\xaa&\x00\x00\x008\x10:\n>P\x10\x05\xa8\x00\x00\x00\x00'
0.278 Disassembled: source: 13895, dest: 43558, seq: 56, ack: 272239166, window: 1448, ACK
0.278 Acknowledged seq: 272237718
0.278 Assembling: source: 43558, dest: 13895, seq: 272239166, ack: 57, window: 1448, data: "d. Ex fugit suav"...
0.278 Sent: b'\xaa&6G\x10:\n>\x00\x00\x009P\x00\x05\xa8\x00\x00\x00\x00d. Ex fugit suav'...
0.280 Received: b'6G\xaa&\x00\x00\x009\x10:\x0f\xe6P\x10\x05\xa8\x00\x00\x00\x00'
0.280 Disassembled: source: 13895, dest: 43558, seq: 57, ack: 272240614, window: 1448, ACK
0.281 Acknowledged seq: 272239166
0.281 Assembling: source: 43558, dest: 13895, seq: 272240614, ack: 58, window: 1448, data: "pertinax nec. De"...
0.281 Sent: b'\xaa&6G\x10:\x0f\xe6\x00\x00\x00:P\x00\x05\xa8\x00\x00\x00\x00pertinax nec. De'...
0.283 Received: b'6G\xaa&\x00\x00\x00:\x10:\x15\x8eP\x10\x05\xa8\x00\x00\x00\x00'
0.283 Disassembled: source: 13895, dest: 43558, seq: 58, ack: 272242062, window: 1448, ACK
0.283 Acknowledged seq: 272240614
0.284 Assembling: source: 43558, dest: 13895, seq: 272242062, ack: 59, window: 1448, data: "lli primis praes"...
0.284 Sent: b'\xaa&6G\x10:\x15\x8e\x00\x00\x00;P\x00\x05\xa8\x00\x00\x00\x00lli primis praes'...
0.285 Received: b'6G\xaa&\x00\x00\x00;\x10:\x1b6P\x10\x05\xa8\x00\x00\x00\x00'
0.286 Disassembled: source: 13895, dest: 43558, seq: 59, ack: 272243510, window: 1448, ACK
0.286 Acknowledged seq: 272242062
0.286 Assembling: source: 43558, dest: 13895, seq: 272243510, ack: 60, window: 1448, data: "m, percipit inte"...
0.286 Sent: b'\xaa&6G\x10:\x1b6\x00\x00\x00<P\x00\x05\xa8\x00\x00\x00\x00m, percipit inte'...
0.288 Received: b'6G\xaa&\x00\x00\x00<\x10: \xdeP\x10\x05\xa8\x00\x00\x00\x00'
0.289 Disassembled: source: 13895, dest: 43558, seq: 60, ack: 272244958, window: 1448, ACK
0.289 Acknowledged seq: 272243510
0.289 Assembling: source: 43558, dest: 13895, seq: 272244958, ack: 61, window: 1448, data: "nani docendi pat"...
0.289 Sent: b'\xaa&6G\x10: \xde\x00\x00\x00=P\x00\x05\xa8\x00\x00\x00\x00nani docendi pat'...
0.291 Received: b'6G\xaa&\x00\x00\x00=\x10:&\x86P\x10\x05\xa8\x00\x00\x00\x00'
0.291 Disassembled: source: 13895, dest: 43558, seq: 61, ack: 272246406, window: 1448, ACK
0.292 Acknowledged seq: 272244958
0.292 Assembling: source: 43558, dest: 13895, seq: 272246406, ack: 62, window: 1448, data: " vis decore poss"...
0.292 Sent: b'\xaa&6G\x10:&\x86\x00\x00\x00>P\x00\x05\xa8\x00\x00\x00\x00 vis decore poss'...
0.294 Received: b'6G\xaa&\x00\x00\x00>\x10:,.P\x10\x05\xa8\x00\x00\x00\x00'
0.294 Disassembled: source: 13895, dest: 43558, seq: 62, ack: 272247854, window: 1448, ACK
0.294 Acknowledged seq: 272246406
0.294 Assembling: source: 43558, dest: 13895, seq: 272247854, ack: 63, window: 1448, data: "eam odio corpora"...
0.295 Sent: b'\xaa&6G\x10:,.\x00\x00\x00?P\x00\x05\xa8\x00\x00\x00\x00eam odio corpora'...
0.296 Received: b'6G\xaa&\x00\x00\x00?\x10:1\xd6P\x10\x05\xa8\x00\x00\x00\x00'
0.297 Disassembled: source: 13895, dest: 43558, seq: 63, ack: 272249302, window: 1448, ACK
0.297 Acknowledged seq: 272247854
0.297 Assembling: source: 43558, dest: 13895, seq: 272249302, ack: 64, window: 1448, data: " est. Usu sanctu"...
0.298 Sent: b'\xaa&6G\x10:1\xd6\x00\x00\x00@P\x00\x05\xa8\x00\x00\x00\x00 est. Usu sanctu'...
0.299 Received: b'6G\xaa&\x00\x00\x00@\x10:7~P\x10\x05\xa8\x00\x00\x00\x00'
0.300 Disassembled: source: 13895, dest: 43558, seq: 64, ack: 272250750, window: 1448, ACK
0.300 Acknowledged seq: 272249302
0.300 Assembling: source: 43558, dest: 13895, seq: 272250750, ack: 65, window: 1448, data: ".

Mei graeco ae"...
0.300 Sent: b'\xaa&6G\x10:7~\x00\x00\x00AP\x00\x05\xa8\x00\x00\x00\x00.\n\nMei graeco ae'...
0.302 Received: b'6G\xaa&\x00\x00\x00A\x10:=&P\x10\x05\xa8\x00\x00\x00\x00'
0.302 Disassembled: source: 13895, dest: 43558, seq: 65, ack: 272252198, window: 1448, ACK
0.303 Acknowledged seq: 272250750
0.303 Assembling: source: 43558, dest: 13895, seq: 272252198, ack: 66, window: 1448, data: "et. Ne sea primi"...
0.303 Sent: b'\xaa&6G\x10:=&\x00\x00\x00BP\x00\x05\xa8\x00\x00\x00\x00et. Ne sea primi'...
0.305 Received: b'6G\xaa&\x00\x00\x00B\x10:B\xceP\x10\x05\xa8\x00\x00\x00\x00'
0.305 Disassembled: source: 13895, dest: 43558, seq: 66, ack: 272253646, window: 1448, ACK
0.305 Acknowledged seq: 272252198
0.306 Assembling: source: 43558, dest: 13895, seq: 272253646, ack: 67, window: 1448, data: "ittam convenire."...
0.306 Sent: b'\xaa&6G\x10:B\xce\x00\x00\x00CP\x00\x05\xa8\x00\x00\x00\x00ittam convenire.'...
0.308 Received: b'6G\xaa&\x00\x00\x00C\x10:HvP\x10\x05\xa8\x00\x00\x00\x00'
0.308 Disassembled: source: 13895, dest: 43558, seq: 67, ack: 272255094, window: 1448, ACK
0.308 Acknowledged seq: 272253646
0.308 Assembling: source: 43558, dest: 13895, seq: 272255094, ack: 68, window: 1448, data: "ua et vis, id eu"...
0.309 Sent: b'\xaa&6G\x10:Hv\x00\x00\x00DP\x00\x05\xa8\x00\x00\x00\x00ua et vis, id eu'...
0.310 Received: b'6G\xaa&\x00\x00\x00D\x10:N\x1eP\x10\x05\xa8\x00\x00\x00\x00'
0.311 Disassembled: source: 13895, dest: 43558, seq: 68, ack: 272256542, window: 1448, ACK
0.311 Acknowledged seq: 272255094
0.311 Assembling: source: 43558, dest: 13895, seq: 272256542, ack: 69, window: 1448, data: "r. Et velit appa"...
0.312 Sent: b'\xaa&6G\x10:N\x1e\x00\x00\x00EP\x00\x05\xa8\x00\x00\x00\x00r. Et velit appa'...
0.313 Received: b'6G\xaa&\x00\x00\x00E\x10:S\xc6P\x10\x05\xa8\x00\x00\x00\x00'
0.314 Disassembled: source: 13895, dest: 43558, seq: 69, ack: 272257990, window: 1448, ACK
0.314 Acknowledged seq: 272256542
0.314 Assembling: source: 43558, dest: 13895, seq: 272257990, ack: 70, window: 1448, data: " novum laudem, v"...
0.314 Sent: b'\xaa&6G\x10:S\xc6\x00\x00\x00FP\x00\x05\xa8\x00\x00\x00\x00 novum laudem, v'...
0.316 Received: b'6G\xaa&\x00\x00\x00F\x10:YnP\x10\x05\xa8\x00\x00\x00\x00'
0.317 Disassembled: source: 13895, dest: 43558, seq: 70, ack: 272259438, window: 1448, ACK
0.317 Acknowledged seq: 272257990
0.317 Assembling: source: 43558, dest: 13895, seq: 272259438, ack: 71, window: 1448, data: "luptatibus, cibo"...
0.317 Sent: b'\xaa&6G\x10:Yn\x00\x00\x00GP\x00\x05\xa8\x00\x00\x00\x00luptatibus, cibo'...
0.319 Received: b'6G\xaa&\x00\x00\x00G\x10:_\x16P\x10\x05\xa8\x00\x00\x00\x00'
0.319 Disassembled: source: 13895, dest: 43558, seq: 71, ack: 272260886, window: 1448, ACK
0.320 Acknowledged seq: 272259438
0.320 Assembling: source: 43558, dest: 13895, seq: 272260886, ack: 72, window: 1448, data: "alii indoctum ma"...
0.320 Sent: b'\xaa&6G\x10:_\x16\x00\x00\x00HP\x00\x05\xa8\x00\x00\x00\x00alii indoctum ma'...
0.322 Received: b'6G\xaa&\x00\x00\x00H\x10:d\xbeP\x10\x05\xa8\x00\x00\x00\x00'
0.322 Disassembled: source: 13895, dest: 43558, seq: 72, ack: 272262334, window: 1448, ACK
0.322 Acknowledged seq: 272260886
0.323 Assembling: source: 43558, dest: 13895, seq: 272262334, ack: 73, window: 1448, data: "im, his facete c"...
0.323 Sent: b'\xaa&6G\x10:d\xbe\x00\x00\x00IP\x00\x05\xa8\x00\x00\x00\x00im, his facete c'...
0.324 Received: b'6G\xaa&\x00\x00\x00I\x10:jfP\x10\x05\xa8\x00\x00\x00\x00'
0.325 Disassembled: source: 13895, dest: 43558, seq: 73, ack: 272263782, window: 1448, ACK
0.325 Acknowledged seq: 272262334
0.325 Assembling: source: 43558, dest: 13895, seq: 272263782, ack: 74, window: 1448, data: "e alia dolor com"...
0.326 Sent: b'\xaa&6G\x10:jf\x00\x00\x00JP\x00\x05\xa8\x00\x00\x00\x00e alia dolor com'...
0.328 Received: b'6G\xaa&\x00\x00\x00J\x10:p\x0eP\x10\x05\xa8\x00\x00\x00\x00'
0.328 Disassembled: source: 13895, dest: 43558, seq: 74, ack: 272265230, window: 1448, ACK
0.328 Acknowledged seq: 272263782
0.328 Assembling: source: 43558, dest: 13895, seq: 272265230, ack: 75, window: 1448, data: "it ea, reque tem"...
0.329 Sent: b'\xaa&6G\x10:p\x0e\x00\x00\x00KP\x00\x05\xa8\x00\x00\x00\x00it ea, reque tem'...
0.331 Received: b'6G\xaa&\x00\x00\x00K\x10:u\xb6P\x10\x05\xa8\x00\x00\x00\x00'
0.331 Disassembled: source: 13895, dest: 43558, seq: 75, ack: 272266678, window: 1448, ACK
0.331 Acknowledged seq: 272265230
0.331 Assembling: source: 43558, dest: 13895, seq: 272266678, ack: 76, window: 1448, data: "alisque.

Equide"...
0.332 Sent: b'\xaa&6G\x10:u\xb6\x00\x00\x00LP\x00\x05\xa8\x00\x00\x00\x00alisque.\n\nEquide'...
0.333 Received: b'6G\xaa&\x00\x00\x00L\x10:{^P\x10\x05\xa8\x00\x00\x00\x00'
0.334 Disassembled: source: 13895, dest: 43558, seq: 76, ack: 272268126, window: 1448, ACK
0.334 Acknowledged seq: 272266678
0.334 Assembling: source: 43558, dest: 13895, seq: 272268126, ack: 77, window: 1448, data: "finitiones, affe"...
0.334 Sent: b'\xaa&6G\x10:{^\x00\x00\x00MP\x00\x05\xa8\x00\x00\x00\x00finitiones, affe'...
0.336 Received: b'6G\xaa&\x00\x00\x00M\x10:\x81\x06P\x10\x05\xa8\x00\x00\x00\x00'
0.337 Disassembled: source: 13895, dest: 43558, seq: 77, ack: 272269574, window: 1448, ACK
0.337 Acknowledged seq: 272268126
0.337 Assembling: source: 43558, dest: 13895, seq: 272269574, ack: 78, window: 1448, data: "his duis graeco "...
0.337 Sent: b'\xaa&6G\x10:\x81\x06\x00\x00\x00NP\x00\x05\xa8\x00\x00\x00\x00his duis graeco '...
0.339 Received: b'6G\xaa&\x00\x00\x00N\x10:\x86\xaeP\x10\x05\xa8\x00\x00\x00\x00'
0.339 Disassembled: source: 13895, dest: 43558, seq: 78, ack: 272271022, window: 1448, ACK
0.339 Acknowledged seq: 272269574
0.340 Assembling: source: 43558, dest: 13895, seq: 272271022, ack: 79, window: 1448, data: "am. Alia possit "...
0.340 Sent: b'\xaa&6G\x10:\x86\xae\x00\x00\x00OP\x00\x05\xa8\x00\x00\x00\x00am. Alia possit '...
0.342 Received: b'6G\xaa&\x00\x00\x00O\x10:\x8cVP\x10\x05\xa8\x00\x00\x00\x00'
0.342 Disassembled: source: 13895, dest: 43558, seq: 79, ack: 272272470, window: 1448, ACK
0.342 Acknowledged seq: 272271022
0.343 Assembling: source: 43558, dest: 13895, seq: 272272470, ack: 80, window: 1448, data: "cum an. Mei faci"...
0.343 Sent: b'\xaa&6G\x10:\x8cV\x00\x00\x00PP\x00\x05\xa8\x00\x00\x00\x00cum an. Mei faci'...
0.345 Received: b'6G\xaa&\x00\x00\x00P\x10:\x91\xfeP\x10\x05\xa8\x00\x00\x00\x00'
0.345 Disassembled: source: 13895, dest: 43558, seq: 80, ack: 272273918, window: 1448, ACK
0.345 Acknowledged seq: 272272470
0.345 Assembling: source: 43558, dest: 13895, seq: 272273918, ack: 81, window: 1448, data: " vis adhuc tatio"...
0.346 Sent: b'\xaa&6G\x10:\x91\xfe\x00\x00\x00QP\x00\x05\xa8\x00\x00\x00\x00 vis adhuc tatio'...
0.348 Received: b'6G\xaa&\x00\x00\x00Q\x10:\x97\xa6P\x10\x05\xa8\x00\x00\x00\x00'
0.348 Disassembled: source: 13895, dest: 43558, seq: 81, ack: 272275366, window: 1448, ACK
0.348 Acknowledged seq: 272273918
0.348 Assembling: source: 43558, dest: 13895, seq: 272275366, ack: 82, window: 1448, data: "im eu option iuv"...
0.349 Sent: b'\xaa&6G\x10:\x97\xa6\x00\x00\x00RP\x00\x05\xa8\x00\x00\x00\x00im eu option iuv'...
0.351 Received: b'6G\xaa&\x00\x00\x00R\x10:\x9dNP\x10\x05\xa8\x00\x00\x00\x00'
0.351 Disassembled: source: 13895, dest: 43558, seq: 82, ack: 272276814, window: 1448, ACK
0.351 Acknowledged seq: 272275366
0.351 Assembling: source: 43558, dest: 13895, seq: 272276814, ack: 83, window: 1448, data: "ex epicurei taci"...
0.352 Sent: b'\xaa&6G\x10:\x9dN\x00\x00\x00SP\x00\x05\xa8\x00\x00\x00\x00ex epicurei taci'...
0.354 Received: b'6G\xaa&\x00\x00\x00S\x10:\xa2\xf6P\x10\x05\xa8\x00\x00\x00\x00'
0.354 Disassembled: source: 13895, dest: 43558, seq: 83, ack: 272278262, window: 1448, ACK
0.354 Acknowledged seq: 272276814
0.354 Assembling: source: 43558, dest: 13895, seq: 272278262, ack: 84, window: 1448, data: "ebat, eu pro ero"...
0.355 Sent: b'\xaa&6G\x10:\xa2\xf6\x00\x00\x00TP\x00\x05\xa8\x00\x00\x00\x00ebat, eu pro ero'...
0.356 Received: b'6G\xaa&\x00\x00\x00T\x10:\xa8\x9eP\x10\x05\xa8\x00\x00\x00\x00'
0.357 Disassembled: source: 13895, dest: 43558, seq: 84, ack: 272279710, window: 1448, ACK
0.357 Acknowledged seq: 272278262
0.357 Assembling: source: 43558, dest: 13895, seq: 272279710, ack: 85, window: 1448, data: "s. Per no sale v"...
0.358 Sent: b'\xaa&6G\x10:\xa8\x9e\x00\x00\x00UP\x00\x05\xa8\x00\x00\x00\x00s. Per no sale v'...
0.359 Received: b'6G\xaa&\x00\x00\x00U\x10:\xaeFP\x10\x05\xa8\x00\x00\x00\x00'
0.360 Disassembled: source: 13895, dest: 43558, seq: 85, ack: 272281158, window: 1448, ACK
0.360 Acknowledged seq: 272279710
0.360 Assembling: source: 43558, dest: 13895, seq: 272281158, ack: 86, window: 1448, data: "orrupte ea mel. "...
0.360 Sent: b'\xaa&6G\x10:\xaeF\x00\x00\x00VP\x00\x05\xa8\x00\x00\x00\x00orrupte ea mel. '...
0.362 Received: b'6G\xaa&\x00\x00\x00V\x10:\xb3\xeeP\x10\x05\xa8\x00\x00\x00\x00'
0.362 Disassembled: source: 13895, dest: 43558, seq: 86, ack: 272282606, window: 1448, ACK
0.362 Acknowledged seq: 272281158
0.363 Assembling: source: 43558, dest: 13895, seq: 272282606, ack: 87, window: 1448, data: ". Est iracundia "...
0.363 Sent: b'\xaa&6G\x10:\xb3\xee\x00\x00\x00WP\x00\x05\xa8\x00\x00\x00\x00. Est iracundia '...
0.365 Received: b'6G\xaa&\x00\x00\x00W\x10:\xb9\x96P\x10\x05\xa8\x00\x00\x00\x00'
0.365 Disassembled: source: 13895, dest: 43558, seq: 87, ack: 272284054, window: 1448, ACK
0.366 Acknowledged seq: 272282606
0.366 Assembling: source: 43558, dest: 13895, seq: 272284054, ack: 88, window: 1448, data: "pta probatus scr"...
0.366 Sent: b'\xaa&6G\x10:\xb9\x96\x00\x00\x00XP\x00\x05\xa8\x00\x00\x00\x00pta probatus scr'...
0.368 Received: b'6G\xaa&\x00\x00\x00X\x10:\xbf>P\x10\x05\xa8\x00\x00\x00\x00'
0.368 Disassembled: source: 13895, dest: 43558, seq: 88, ack: 272285502, window: 1448, ACK
0.368 Acknowledged seq: 272284054
0.369 Assembling: source: 43558, dest: 13895, seq: 272285502, ack: 89, window: 1448, data: "entur ei, pro ei"...
0.369 Sent: b'\xaa&6G\x10:\xbf>\x00\x00\x00YP\x00\x05\xa8\x00\x00\x00\x00entur ei, pro ei'...
0.371 Received: b'6G\xaa&\x00\x00\x00Y\x10:\xc4\xe6P\x10\x05\xa8\x00\x00\x00\x00'
0.371 Disassembled: source: 13895, dest: 43558, seq: 89, ack: 272286950, window: 1448, ACK
0.371 Acknowledged seq: 272285502
0.372 Assembling: source: 43558, dest: 13895, seq: 272286950, ack: 90, window: 1448, data: "simul euismod vi"...
0.372 Sent: b'\xaa&6G\x10:\xc4\xe6\x00\x00\x00ZP\x00\x05\xa8\x00\x00\x00\x00simul euismod vi'...
0.374 Received: b'6G\xaa&\x00\x00\x00Z\x10:\xca\x8eP\x10\x05\xa8\x00\x00\x00\x00'
0.374 Disassembled: source: 13895, dest: 43558, seq: 90, ack: 272288398, window: 1448, ACK
0.374 Acknowledged seq: 272286950
0.375 Assembling: source: 43558, dest: 13895, seq: 272288398, ack: 91, window: 1448, data: ", eam id iudico "...
0.375 Sent: b'\xaa&6G\x10:\xca\x8e\x00\x00\x00[P\x00\x05\xa8\x00\x00\x00\x00, eam id iudico '...
0.377 Received: b'6G\xaa&\x00\x00\x00[\x10:\xd06P\x10\x05\xa8\x00\x00\x00\x00'
0.377 Disassembled: source: 13895, dest: 43558, seq: 91, ack: 272289846, window: 1448, ACK
0.377 Acknowledged seq: 272288398
0.377 Assembling: source: 43558, dest: 13895, seq: 272289846, ack: 92, window: 1448, data: "m vix. Ea est mu"...
0.378 Sent: b'\xaa&6G\x10:\xd06\x00\x00\x00\\P\x00\x05\xa8\x00\x00\x00\x00m vix. Ea est mu'...
0.379 Received: b'6G\xaa&\x00\x00\x00\\\x10:\xd5\xdeP\x10\x05\xa8\x00\x00\x00\x00'
0.380 Disassembled: source: 13895, dest: 43558, seq: 92, ack: 272291294, window: 1448, ACK
0.380 Acknowledged seq: 272289846
0.380 Assembling: source: 43558, dest: 13895, seq: 272291294, ack: 93, window: 1448, data: "olor sit amet, e"...
0.381 Sent: b'\xaa&6G\x10:\xd5\xde\x00\x00\x00]P\x00\x05\xa8\x00\x00\x00\x00olor sit amet, e'...
0.382 Received: b'6G\xaa&\x00\x00\x00]\x10:\xdb\x86P\x10\x05\xa8\x00\x00\x00\x00'
0.383 Disassembled: source: 13895, dest: 43558, seq: 93, ack: 272292742, window: 1448, ACK
0.383 Acknowledged seq: 272291294
0.383 Assembling: source: 43558, dest: 13895, seq: 272292742, ack: 94, window: 1448, data: "m, aperiam iudic"...
0.384 Sent: b'\xaa&6G\x10:\xdb\x86\x00\x00\x00^P\x00\x05\xa8\x00\x00\x00\x00m, aperiam iudic'...
0.385 Received: b'6G\xaa&\x00\x00\x00^\x10:\xe1.P\x10\x05\xa8\x00\x00\x00\x00'
0.386 Disassembled: source: 13895, dest: 43558, seq: 94, ack: 272294190, window: 1448, ACK
0.386 Acknowledged seq: 272292742
0.386 Assembling: source: 43558, dest: 13895, seq: 272294190, ack: 95, window: 1448, data: "re sea. No eos d"...
0.387 Sent: b'\xaa&6G\x10:\xe1.\x00\x00\x00_P\x00\x05\xa8\x00\x00\x00\x00re sea. No eos d'...
0.388 Received: b'6G\xaa&\x00\x00\x00_\x10:\xe6\xd6P\x10\x05\xa8\x00\x00\x00\x00'
0.389 Disassembled: source: 13895, dest: 43558, seq: 95, ack: 272295638, window: 1448, ACK
0.389 Acknowledged seq: 272294190
0.389 Assembling: source: 43558, dest: 13895, seq: 272295638, ack: 96, window: 1448, data: "t scripta philos"...
0.389 Sent: b'\xaa&6G\x10:\xe6\xd6\x00\x00\x00`P\x00\x05\xa8\x00\x00\x00\x00t scripta philos'...
0.391 Received: b'6G\xaa&\x00\x00\x00`\x10:\xec~P\x10\x05\xa8\x00\x00\x00\x00'
0.391 Disassembled: source: 13895, dest: 43558, seq: 96, ack: 272297086, window: 1448, ACK
0.392 Acknowledged seq: 272295638
0.392 Assembling: source: 43558, dest: 13895, seq: 272297086, ack: 97, window: 1448, data: "tos sadipscing e"...
0.392 Sent: b'\xaa&6G\x10:\xec~\x00\x00\x00aP\x00\x05\xa8\x00\x00\x00\x00tos sadipscing e'...
0.394 Received: b'6G\xaa&\x00\x00\x00a\x10:\xf2&P\x10\x05\xa8\x00\x00\x00\x00'
0.394 Disassembled: source: 13895, dest: 43558, seq: 97, ack: 272298534, window: 1448, ACK
0.394 Acknowledged seq: 272297086
0.395 Assembling: source: 43558, dest: 13895, seq: 272298534, ack: 98, window: 1448, data: "sapientem ea, ad"...
0.395 Sent: b'\xaa&6G\x10:\xf2&\x00\x00\x00bP\x00\x05\xa8\x00\x00\x00\x00sapientem ea, ad'...
0.396 Received: b'6G\xaa&\x00\x00\x00b\x10:\xf7\xceP\x10\x05\xa8\x00\x00\x00\x00'
0.397 Disassembled: source: 13895, dest: 43558, seq: 98, ack: 272299982, window: 1448, ACK
0.397 Acknowledged seq: 272298534
0.397 Assembling: source: 43558, dest: 13895, seq: 272299982, ack: 99, window: 1448, data: "g, ei invenire p"...
0.398 Sent: b'\xaa&6G\x10:\xf7\xce\x00\x00\x00cP\x00\x05\xa8\x00\x00\x00\x00g, ei invenire p'...
0.400 Received: b'6G\xaa&\x00\x00\x00c\x10:\xfdvP\x10\x05\xa8\x00\x00\x00\x00'
0.400 Disassembled: source: 13895, dest: 43558, seq: 99, ack: 272301430, window: 1448, ACK
0.400 Acknowledged seq: 272299982
0.400 Assembling: source: 43558, dest: 13895, seq: 272301430, ack: 100, window: 1448, data: "endo at. Qui id "...
0.401 Sent: b'\xaa&6G\x10:\xfdv\x00\x00\x00dP\x00\x05\xa8\x00\x00\x00\x00endo at. Qui id '...
0.402 Received: b'6G\xaa&\x00\x00\x00d\x10;\x03\x1eP\x10\x05\xa8\x00\x00\x00\x00'
0.403 Disassembled: source: 13895, dest: 43558, seq: 100, ack: 272302878, window: 1448, ACK
0.403 Acknowledged seq: 272301430
0.403 Assembling: source: 43558, dest: 13895, seq: 272302878, ack: 101, window: 1448, data: "ota nostrum et p"...
0.404 Sent: b'\xaa&6G\x10;\x03\x1e\x00\x00\x00eP\x00\x05\xa8\x00\x00\x00\x00ota nostrum et p'...
0.405 Received: b'6G\xaa&\x00\x00\x00e\x10;\x08\xc6P\x10\x05\xa8\x00\x00\x00\x00'
0.406 Disassembled: source: 13895, dest: 43558, seq: 101, ack: 272304326, window: 1448, ACK
0.406 Acknowledged seq: 272302878
0.406 Assembling: source: 43558, dest: 13895, seq: 272304326, ack: 102, window: 1448, data: "deseruisse id. P"...
0.406 Sent: b'\xaa&6G\x10;\x08\xc6\x00\x00\x00fP\x00\x05\xa8\x00\x00\x00\x00deseruisse id. P'...
0.408 Received: b'6G\xaa&\x00\x00\x00f\x10;\x0enP\x10\x05\xa8\x00\x00\x00\x00'
0.409 Disassembled: source: 13895, dest: 43558, seq: 102, ack: 272305774, window: 1448, ACK
0.409 Acknowledged seq: 272304326
0.409 Assembling: source: 43558, dest: 13895, seq: 272305774, ack: 103, window: 1448, data: "odo munere imper"...
0.409 Sent: b'\xaa&6G\x10;\x0en\x00\x00\x00gP\x00\x05\xa8\x00\x00\x00\x00odo munere imper'...
0.411 Received: b'6G\xaa&\x00\x00\x00g\x10;\x14\x16P\x10\x05\xa8\x00\x00\x00\x00'
0.411 Disassembled: source: 13895, dest: 43558, seq: 103, ack: 272307222, window: 1448, ACK
0.411 Acknowledged seq: 272305774
0.412 Assembling: source: 43558, dest: 13895, seq: 272307222, ack: 104, window: 1448, data: "cimates cum, tib"...
0.412 Sent: b'\xaa&6G\x10;\x14\x16\x00\x00\x00hP\x00\x05\xa8\x00\x00\x00\x00cimates cum, tib'...
0.414 Received: b'6G\xaa&\x00\x00\x00h\x10;\x19\xbeP\x10\x05\xa8\x00\x00\x00\x00'
0.414 Disassembled: source: 13895, dest: 43558, seq: 104, ack: 272308670, window: 1448, ACK
0.414 Acknowledged seq: 272307222
0.414 Assembling: source: 43558, dest: 13895, seq: 272308670, ack: 105, window: 1448, data: "tiopam molestiae"...
0.415 Sent: b'\xaa&6G\x10;\x19\xbe\x00\x00\x00iP\x00\x05\xa8\x00\x00\x00\x00tiopam molestiae'...
0.416 Received: b'6G\xaa&\x00\x00\x00i\x10;\x1ffP\x10\x05\xa8\x00\x00\x00\x00'
0.417 Disassembled: source: 13895, dest: 43558, seq: 105, ack: 272310118, window: 1448, ACK
0.417 Acknowledged seq: 272308670
0.417 Assembling: source: 43558, dest: 13895, seq: 272310118, ack: 106, window: 1448, data: "possim qui no, v"...
0.417 Sent: b'\xaa&6G\x10;\x1ff\x00\x00\x00jP\x00\x05\xa8\x00\x00\x00\x00possim qui no, v'...
0.419 Received: b'6G\xaa&\x00\x00\x00j\x10;%\x0eP\x10\x05\xa8\x00\x00\x00\x00'
0.419 Disassembled: source: 13895, dest: 43558, seq: 106, ack: 272311566, window: 1448, ACK
0.420 Acknowledged seq: 272310118
0.420 Assembling: source: 43558, dest: 13895, seq: 272311566, ack: 107, window: 1448, data: " ex utinam parti"...
0.420 Sent: b'\xaa&6G\x10;%\x0e\x00\x00\x00kP\x00\x05\xa8\x00\x00\x00\x00 ex utinam parti'...
0.422 Received: b'6G\xaa&\x00\x00\x00k\x10;*\xb6P\x10\x05\xa8\x00\x00\x00\x00'
0.422 Disassembled: source: 13895, dest: 43558, seq: 107, ack: 272313014, window: 1448, ACK
0.422 Acknowledged seq: 272311566
0.423 Assembling: source: 43558, dest: 13895, seq: 272313014, ack: 108, window: 1448, data: "icus in his. Pri"...
0.423 Sent: b'\xaa&6G\x10;*\xb6\x00\x00\x00lP\x00\x05\xa8\x00\x00\x00\x00icus in his. Pri'...
0.424 Received: b'6G\xaa&\x00\x00\x00l\x10;0^P\x10\x05\xa8\x00\x00\x00\x00'
0.425 Disassembled: source: 13895, dest: 43558, seq: 108, ack: 272314462, window: 1448, ACK
0.425 Acknowledged seq: 272313014
0.425 Assembling: source: 43558, dest: 13895, seq: 272314462, ack: 109, window: 1448, data: "iis et.

Ius cu "...
0.426 Sent: b'\xaa&6G\x10;0^\x00\x00\x00mP\x00\x05\xa8\x00\x00\x00\x00iis et.\n\nIus cu '...
0.427 Received: b'6G\xaa&\x00\x00\x00m\x10;6\x06P\x10\x05\xa8\x00\x00\x00\x00'
0.428 Disassembled: source: 13895, dest: 43558, seq: 109, ack: 272315910, window: 1448, ACK
0.428 Acknowledged seq: 272314462
0.428 Assembling: source: 43558, dest: 13895, seq: 272315910, ack: 110, window: 1448, data: "e interesset.

T"...
0.429 Sent: b'\xaa&6G\x10;6\x06\x00\x00\x00nP\x00\x05\xa8\x00\x00\x00\x00e interesset.\n\nT'...
0.430 Received: b'6G\xaa&\x00\x00\x00n\x10;;\xaeP\x10\x05\xa8\x00\x00\x00\x00'
0.431 Disassembled: source: 13895, dest: 43558, seq: 110, ack: 272317358, window: 1448, ACK
0.431 Acknowledged seq: 272315910
0.431 Assembling: source: 43558, dest: 13895, seq: 272317358, ack: 111, window: 1448, data: "pro alia volutpa"...
0.431 Sent: b'\xaa&6G\x10;;\xae\x00\x00\x00oP\x00\x05\xa8\x00\x00\x00\x00pro alia volutpa'...
0.433 Received: b'6G\xaa&\x00\x00\x00o\x10;AVP\x10\x05\xa8\x00\x00\x00\x00'
0.434 Disassembled: source: 13895, dest: 43558, seq: 111, ack: 272318806, window: 1448, ACK
0.434 Acknowledged seq: 272317358
0.434 Assembling: source: 43558, dest: 13895, seq: 272318806, ack: 112, window: 1448, data: " libris equidem "...
0.434 Sent: b'\xaa&6G\x10;AV\x00\x00\x00pP\x00\x05\xa8\x00\x00\x00\x00 libris equidem '...
0.436 Received: b'6G\xaa&\x00\x00\x00p\x10;F\xfeP\x10\x05\xa8\x00\x00\x00\x00'
0.437 Disassembled: source: 13895, dest: 43558, seq: 112, ack: 272320254, window: 1448, ACK
0.437 Acknowledged seq: 272318806
0.437 Assembling: source: 43558, dest: 13895, seq: 272320254, ack: 113, window: 1448, data: "uavitate volupta"...
0.437 Sent: b'\xaa&6G\x10;F\xfe\x00\x00\x00qP\x00\x05\xa8\x00\x00\x00\x00uavitate volupta'...
0.439 Received: b'6G\xaa&\x00\x00\x00q\x10;L\xa6P\x10\x05\xa8\x00\x00\x00\x00'
0.439 Disassembled: source: 13895, dest: 43558, seq: 113, ack: 272321702, window: 1448, ACK
0.440 Acknowledged seq: 272320254
0.440 Assembling: source: 43558, dest: 13895, seq: 272321702, ack: 114, window: 1448, data: " Detraxit defini"...
0.440 Sent: b'\xaa&6G\x10;L\xa6\x00\x00\x00rP\x00\x05\xa8\x00\x00\x00\x00 Detraxit defini'...
0.442 Received: b'6G\xaa&\x00\x00\x00r\x10;RNP\x10\x05\xa8\x00\x00\x00\x00'
0.442 Disassembled: source: 13895, dest: 43558, seq: 114, ack: 272323150, window: 1448, ACK
0.442 Acknowledged seq: 272321702
0.443 Assembling: source: 43558, dest: 13895, seq: 272323150, ack: 115, window: 1448, data: "aesent mei. Quo "...
0.443 Sent: b'\xaa&6G\x10;RN\x00\x00\x00sP\x00\x05\xa8\x00\x00\x00\x00aesent mei. Quo '...
0.445 Received: b'6G\xaa&\x00\x00\x00s\x10;W\xf6P\x10\x05\xa8\x00\x00\x00\x00'
0.445 Disassembled: source: 13895, dest: 43558, seq: 115, ack: 272324598, window: 1448, ACK
0.445 Acknowledged seq: 272323150
0.446 Assembling: source: 43558, dest: 13895, seq: 272324598, ack: 116, window: 1448, data: "nterpretaris no "...
0.446 Sent: b'\xaa&6G\x10;W\xf6\x00\x00\x00tP\x00\x05\xa8\x00\x00\x00\x00nterpretaris no '...
0.447 Received: b'6G\xaa&\x00\x00\x00t\x10;]\x9eP\x10\x05\xa8\x00\x00\x00\x00'
0.448 Disassembled: source: 13895, dest: 43558, seq: 116, ack: 272326046, window: 1448, ACK
0.448 Acknowledged seq: 272324598
0.448 Assembling: source: 43558, dest: 13895, seq: 272326046, ack: 117, window: 1448, data: "patrioque has. I"...
0.448 Sent: b'\xaa&6G\x10;]\x9e\x00\x00\x00uP\x00\x05\xa8\x00\x00\x00\x00patrioque has. I'...
0.450 Received: b'6G\xaa&\x00\x00\x00u\x10;cFP\x10\x05\xa8\x00\x00\x00\x00'
0.450 Disassembled: source: 13895, dest: 43558, seq: 117, ack: 272327494, window: 1448, ACK
0.451 Acknowledged seq: 272326046
0.451 Assembling: source: 43558, dest: 13895, seq: 272327494, ack: 118, window: 1448, data: "ossit repudianda"...
0.451 Sent: b'\xaa&6G\x10;cF\x00\x00\x00vP\x00\x05\xa8\x00\x00\x00\x00ossit repudianda'...
0.453 Received: b'6G\xaa&\x00\x00\x00v\x10;h\xeeP\x10\x05\xa8\x00\x00\x00\x00'
0.453 Disassembled: source: 13895, dest: 43558, seq: 118, ack: 272328942, window: 1448, ACK
0.454 Acknowledged seq: 272327494
0.454 Assembling: source: 43558, dest: 13895, seq: 272328942, ack: 119, window: 1448, data: "ora consequuntur"...
0.454 Sent: b'\xaa&6G\x10;h\xee\x00\x00\x00wP\x00\x05\xa8\x00\x00\x00\x00ora consequuntur'...
0.456 Received: b'6G\xaa&\x00\x00\x00w\x10;n\x96P\x10\x05\xa8\x00\x00\x00\x00'
0.456 Disassembled: source: 13895, dest: 43558, seq: 119, ack: 272330390, window: 1448, ACK
0.457 Acknowledged seq: 272328942
0.457 Assembling: source: 43558, dest: 13895, seq: 272330390, ack: 120, window: 1448, data: "ctus conceptam a"...
0.457 Sent: b'\xaa&6G\x10;n\x96\x00\x00\x00xP\x00\x05\xa8\x00\x00\x00\x00ctus conceptam a'...
0.459 Received: b'6G\xaa&\x00\x00\x00x\x10;t>P\x10\x05\xa8\x00\x00\x00\x00'
0.459 Disassembled: source: 13895, dest: 43558, seq: 120, ack: 272331838, window: 1448, ACK
0.459 Acknowledged seq: 272330390
0.460 Assembling: source: 43558, dest: 13895, seq: 272331838, ack: 121, window: 1448, data: " aeterno te, ne "...
0.460 Sent: b'\xaa&6G\x10;t>\x00\x00\x00yP\x00\x05\xa8\x00\x00\x00\x00 aeterno te, ne '...
0.462 Received: b'6G\xaa&\x00\x00\x00y\x10;y\xe6P\x10\x05\xa8\x00\x00\x00\x00'
0.462 Disassembled: source: 13895, dest: 43558, seq: 121, ack: 272333286, window: 1448, ACK
0.462 Acknowledged seq: 272331838
0.462 Assembling: source: 43558, dest: 13895, seq: 272333286, ack: 122, window: 1448, data: "imis oporteat di"...
0.463 Sent: b'\xaa&6G\x10;y\xe6\x00\x00\x00zP\x00\x05\xa8\x00\x00\x00\x00imis oporteat di'...
0.464 Received: b'6G\xaa&\x00\x00\x00z\x10;\x7f\x8eP\x10\x05\xa8\x00\x00\x00\x00'
0.465 Disassembled: source: 13895, dest: 43558, seq: 122, ack: 272334734, window: 1448, ACK
0.465 Acknowledged seq: 272333286
0.465 Assembling: source: 43558, dest: 13895, seq: 272334734, ack: 123, window: 1448, data: "re. Has virtute "...
0.465 Sent: b'\xaa&6G\x10;\x7f\x8e\x00\x00\x00{P\x00\x05\xa8\x00\x00\x00\x00re. Has virtute '...
0.467 Received: b'6G\xaa&\x00\x00\x00{\x10;\x856P\x10\x05\xa8\x00\x00\x00\x00'
0.467 Disassembled: source: 13895, dest: 43558, seq: 123, ack: 272336182, window: 1448, ACK
0.468 Acknowledged seq: 272334734
0.468 Assembling: source: 43558, dest: 13895, seq: 272336182, ack: 124, window: 1448, data: " eum ancillae no"...
0.468 Sent: b'\xaa&6G\x10;\x856\x00\x00\x00|P\x00\x05\xa8\x00\x00\x00\x00 eum ancillae no'...
0.470 Received: b'6G\xaa&\x00\x00\x00|\x10;\x8a\xdeP\x10\x05\xa8\x00\x00\x00\x00'
0.470 Disassembled: source: 13895, dest: 43558, seq: 124, ack: 272337630, window: 1448, ACK
0.470 Acknowledged seq: 272336182
0.471 Assembling: source: 43558, dest: 13895, seq: 272337630, ack: 125, window: 1448, data: "ppareat ius. At "...
0.471 Sent: b'\xaa&6G\x10;\x8a\xde\x00\x00\x00}P\x00\x05\xa8\x00\x00\x00\x00ppareat ius. At '...
0.473 Received: b'6G\xaa&\x00\x00\x00}\x10;\x90\x86P\x10\x05\xa8\x00\x00\x00\x00'
0.473 Disassembled: source: 13895, dest: 43558, seq: 125, ack: 272339078, window: 1448, ACK
0.473 Acknowledged seq: 272337630
0.473 Assembling: source: 43558, dest: 13895, seq: 272339078, ack: 126, window: 1448, data: ", vero appellant"...
0.474 Sent: b'\xaa&6G\x10;\x90\x86\x00\x00\x00~P\x00\x05\xa8\x00\x00\x00\x00, vero appellant'...
0.475 Received: b'6G\xaa&\x00\x00\x00~\x10;\x96.P\x10\x05\xa8\x00\x00\x00\x00'
0.476 Disassembled: source: 13895, dest: 43558, seq: 126, ack: 272340526, window: 1448, ACK
0.476 Acknowledged seq: 272339078
0.476 Assembling: source: 43558, dest: 13895, seq: 272340526, ack: 127, window: 1448, data: "ibo quando copio"...
0.476 Sent: b'\xaa&6G\x10;\x96.\x00\x00\x00\x7fP\x00\x05\xa8\x00\x00\x00\x00ibo quando copio'...
0.478 Received: b'6G\xaa&\x00\x00\x00\x7f\x10;\x9b\xd6P\x10\x05\xa8\x00\x00\x00\x00'
0.478 Disassembled: source: 13895, dest: 43558, seq: 127, ack: 272341974, window: 1448, ACK
0.479 Acknowledged seq: 272340526
0.479 Assembling: source: 43558, dest: 13895, seq: 272341974, ack: 128, window: 1448, data: " maluisset. Sit "...
0.479 Sent: b'\xaa&6G\x10;\x9b\xd6\x00\x00\x00\x80P\x00\x05\xa8\x00\x00\x00\x00 maluisset. Sit '...
0.481 Received: b'6G\xaa&\x00\x00\x00\x80\x10;\xa1~P\x10\x05\xa8\x00\x00\x00\x00'
0.481 Disassembled: source: 13895, dest: 43558, seq: 128, ack: 272343422, window: 1448, ACK
0.481 Acknowledged seq: 272341974
0.482 Assembling: source: 43558, dest: 13895, seq: 272343422, ack: 129, window: 1448, data: "e ceteros albuci"...
0.482 Sent: b'\xaa&6G\x10;\xa1~\x00\x00\x00\x81P\x00\x05\xa8\x00\x00\x00\x00e ceteros albuci'...
0.483 Received: b'6G\xaa&\x00\x00\x00\x81\x10;\xa7&P\x10\x05\xa8\x00\x00\x00\x00'
0.484 Disassembled: source: 13895, dest: 43558, seq: 129, ack: 272344870, window: 1448, ACK
0.484 Acknowledged seq: 272343422
0.484 Assembling: source: 43558, dest: 13895, seq: 272344870, ack: 130, window: 1448, data: "complectitur sea"...
0.485 Sent: b'\xaa&6G\x10;\xa7&\x00\x00\x00\x82P\x00\x05\xa8\x00\x00\x00\x00complectitur sea'...
0.486 Received: b'6G\xaa&\x00\x00\x00\x82\x10;\xac\xceP\x10\x05\xa8\x00\x00\x00\x00'
0.487 Disassembled: source: 13895, dest: 43558, seq: 130, ack: 272346318, window: 1448, ACK
0.487 Acknowledged seq: 272344870
0.487 Finished reading file
0.487 Assembling: source: 43558, dest: 13895, seq: 272346318, ack: 131, window: 1448, data: "tempor ex ius. E"...
0.487 Sent: b'\xaa&6G\x10;\xac\xce\x00\x00\x00\x83P\x00\x05\xa8\x00\x00\x00\x00tempor ex ius. E'...
0.489 Received: b'6G\xaa&\x00\x00\x00\x83\x10;\xad,P\x10\x05\xa8\x00\x00\x00\x00'
0.490 Disassembled: source: 13895, dest: 43558, seq: 131, ack: 272346412, window: 1448, ACK
0.490 Acknowledged seq: 272346318
0.490 Assembling: source: 43558, dest: 13895, seq: 272346412, ack: 132, window: 1448, ACK, FIN
0.490 Sent: b'\xaa&6G\x10;\xad,\x00\x00\x00\x84P\x11\x05\xa8\x00\x00\x00\x00'
0.492 Received: b'6G\xaa&\x00\x00\x00\x84\x10;\xad-P\x10\x05\xa8\x00\x00\x00\x00'
0.492 Disassembled: source: 13895, dest: 43558, seq: 132, ack: 272346413, window: 1448, ACK
0.493 FIN accepted; sending final packet
0.493 Assembling: source: 43558, dest: 13895, seq: 272346413, ack: 132, window: 1448, ACK
0.493 Sent: b'\xaa&6G\x10;\xad-\x00\x00\x00\x84P\x10\x05\xa8\x00\x00\x00\x00'
0.493 Closed connection
0.494 Shutting down
