0.000 NEW RUN: Server, TEST: Write_file__Empty
0.217 Received: b'\xc5\xa2\xd0@\x00\x00\x004\x00\x00\x00\x00P\x02\x05\xa8\x00\x00\x00\x00'
0.217 Disassembled: source: 50594, dest: 53312, seq: 52, window: 1448, SYN
0.218 SYN accepted; new connection: 127.0.0.1 on port 50594
0.218 Assembling: source: 53312, dest: 50594, seq: 273521545, ack: 53, window: 5808, ACK, SYN
0.218 Sent: b'\xd0@\xc5\xa2\x10M\x9b\x89\x00\x00\x005P\x12\x16\xb0\x00\x00\x00\x00'
0.220 Received: b'\xc5\xa2\xd0@\x00\x00\x005\x10M\x9b\x8aP\x10\x16\xb0\x00\x00\x00\x00'
0.220 Disassembled: source: 50594, dest: 53312, seq: 53, ack: 273521546, window: 5808, ACK
0.220 Assembling: source: 53312, dest: 50594, seq: 273521546, ack: 53, window: 5808, ACK
0.220 Sent: b'\xd0@\xc5\xa2\x10M\x9b\x8a\x00\x00\x005P\x10\x16\xb0\x00\x00\x00\x00'
0.221 Received: b'\xc5\xa2\xd0@\x00\x00\x006\x10M\x9b\x8aP\x00\x16\xb0\x00\x00\x00\x00'
0.221 Disassembled: source: 50594, dest: 53312, seq: 54, ack: 273521546, window: 5808
0.221 Error: Incorrect acknowledgement flag
0.720 Sent: b'\xd0@\xc5\xa2\x10M\x9b\x8a\x00\x00\x005P\x10\x16\xb0\x00\x00\x00\x00'
1.221 Sent: b'\xd0@\xc5\xa2\x10M\x9b\x8a\x00\x00\x005P\x10\x16\xb0\x00\x00\x00\x00'
1.721 Sent: b'\xd0@\xc5\xa2\x10M\x9b\x8a\x00\x00\x005P\x10\x16\xb0\x00\x00\x00\x00'
2.222 Sent: b'\xd0@\xc5\xa2\x10M\x9b\x8a\x00\x00\x005P\x10\x16\xb0\x00\x00\x00\x00'
2.722 Error: Connection timed out
2.722 Closed connection
2.724 Shutting down
