0.000 NEW RUN: Server, TEST: Read_file__Relaxed
0.211 Received: b'ER\x91k\x00\x00\x00/\x00\x00\x00\x00P\x02\x05\xa8\x00\x00\x00\x00'
0.211 Disassembled: source: 17746, dest: 37227, seq: 47, window: 1448, SYN
0.211 SYN accepted; new connection: 127.0.0.1 on port 17746
0.212 Assembling: source: 37227, dest: 17746, seq: 513661191, ack: 48, window: 1448, ACK, SYN
0.212 Sent: b'\x91kER\x1e\x9d\xd9\x07\x00\x00\x000P\x12\x05\xa8\x00\x00\x00\x00'
0.214 Received: b'ER\x91k\x00\x00\x000\x1e\x9d\xd9\x08P\x10\x05\xa8\x00\x00\x00\x00'
0.214 Disassembled: source: 17746, dest: 37227, seq: 48, ack: 513661192, window: 1448, ACK
0.214 Handshake complete
0.214 Acknowledged seq: 513661191
0.215 Finished reading file
0.215 Assembling: source: 37227, dest: 17746, seq: 513661192, ack: 49, window: 1448, ACK, FIN
0.215 Sent: b'\x91kER\x1e\x9d\xd9\x08\x00\x00\x001P\x11\x05\xa8\x00\x00\x00\x00'
0.715 Sent: b'\x91kER\x1e\x9d\xd9\x08\x00\x00\x001P\x11\x05\xa8\x00\x00\x00\x00'
0.718 Received: b'ER\x91k\x00\x00\x001\x1e\x9d\xd9\tP\x10\x05\xa8\x00\x00\x00\x00'
0.718 Disassembled: source: 17746, dest: 37227, seq: 49, ack: 513661193, window: 1448, ACK
0.719 FIN accepted; sending final packet
0.719 Assembling: source: 37227, dest: 17746, seq: 513661193, ack: 49, window: 1448, ACK
0.719 Sent: b'\x91kER\x1e\x9d\xd9\t\x00\x00\x001P\x10\x05\xa8\x00\x00\x00\x00'
0.719 Closed connection
0.720 Shutting down
