0.000 NEW RUN: Server, TEST: Read_file__Large_multi-packet
0.212 Received: b'\xf6@\xbf\xf4\x00\x00\x00_\x00\x00\x00\x00P\x02\x05\xa8\x00\x00\x00\x00'
0.212 Disassembled: source: 63040, dest: 49140, seq: 95, window: 1448, SYN
0.213 SYN accepted; new connection: 127.0.0.1 on port 63040
0.213 Assembling: source: 49140, dest: 63040, seq: 517889705, ack: 96, window: 1448, ACK, SYN
0.213 Sent: b'\xbf\xf4\xf6@\x1e\xde^\xa9\x00\x00\x00`P\x12\x05\xa8\x00\x00\x00\x00'
0.215 Received: b'\xf6@\xbf\xf4\x00\x00\x00`\x1e\xde^\xaaP\x10\x05\xa8\x00\x00\x00\x00'
0.215 Disassembled: source: 63040, dest: 49140, seq: 96, ack: 517889706, window: 1448, ACK
0.215 Handshake complete
0.215 Acknowledged seq: 517889705
0.215 Assembling: source: 49140, dest: 63040, seq: 517889706, ack: 97, window: 1448, data: "Lorem ipsum dolo"...
0.215 Sent: b'\xbf\xf4\xf6@\x1e\xde^\xaa\x00\x00\x00aP\x00\x05\xa8\x00\x00\x00\x00Lorem ipsum dolo'...
0.217 Received: b'\xf6@\xbf\xf4\x00\x00\x00a\x1e\xdedRP\x10\x05\xa8\x00\x00\x00\x00'
0.217 Disassembled: source: 63040, dest: 49140, seq: 97, ack: 517891154, window: 1448, ACK
0.218 Acknowledged seq: 517889706
0.218 Assembling: source: 49140, dest: 63040, seq: 517891154, ack: 98, window: 1448, data: "mprehensam nam, "...
0.218 Sent: b'\xbf\xf4\xf6@\x1e\xdedR\x00\x00\x00bP\x00\x05\xa8\x00\x00\x00\x00mprehensam nam, '...
0.220 Received: b'\xf6@\xbf\xf4\x00\x00\x00b\x1e\xdei\xfaP\x10\x05\xa8\x00\x00\x00\x00'
0.220 Disassembled: source: 63040, dest: 49140, seq: 98, ack: 517892602, window: 1448, ACK
0.220 Acknowledged seq: 517891154
0.220 Assembling: source: 49140, dest: 63040, seq: 517892602, ack: 99, window: 1448, data: "ilisi repudiare "...
0.220 Sent: b'\xbf\xf4\xf6@\x1e\xdei\xfa\x00\x00\x00cP\x00\x05\xa8\x00\x00\x00\x00ilisi repudiare '...
0.222 Received: b'\xf6@\xbf\xf4\x00\x00\x00c\x1e\xdeo\xa2P\x10\x05\xa8\x00\x00\x00\x00'
0.222 Disassembled: source: 63040, dest: 49140, seq: 99, ack: 517894050, window: 1448, ACK
0.223 Acknowledged seq: 517892602
0.223 Assembling: source: 49140, dest: 63040, seq: 517894050, ack: 100, window: 1448, data: "ta.

Et essent s"...
0.223 Sent: b'\xbf\xf4\xf6@\x1e\xdeo\xa2\x00\x00\x00dP\x00\x05\xa8\x00\x00\x00\x00ta.\n\nEt essent s'...
0.225 Received: b'\xf6@\xbf\xf4\x00\x00\x00d\x1e\xdeuJP\x10\x05\xa8\x00\x00\x00\x00'
0.225 Disassembled: source: 63040, dest: 49140, seq: 100, ack: 517895498, window: 1448, ACK
0.225 Acknowledged seq: 517894050
0.225 Assembling: source: 49140, dest: 63040, seq: 517895498, ack: 101, window: 1448, data: " Nihil tractatos"...
0.225 Sent: b'\xbf\xf4\xf6@\x1e\xdeuJ\x00\x00\x00eP\x00\x05\xa8\x00\x00\x00\x00 Nihil tractatos'...
0.227 Received: b'\xf6@\xbf\xf4\x00\x00\x00e\x1e\xdez\xf2P\x10\x05\xa8\x00\x00\x00\x00'
0.227 Disassembled: source: 63040, dest: 49140, seq: 101, ack: 517896946, window: 1448, ACK
0.228 Acknowledged seq: 517895498
0.228 Assembling: source: 49140, dest: 63040, seq: 517896946, ack: 102, window: 1448, data: "fert iuvaret sap"...
0.228 Sent: b'\xbf\xf4\xf6@\x1e\xdez\xf2\x00\x00\x00fP\x00\x05\xa8\x00\x00\x00\x00fert iuvaret sap'...
0.229 Received: b'\xf6@\xbf\xf4\x00\x00\x00f\x1e\xde\x80\x9aP\x10\x05\xa8\x00\x00\x00\x00'
0.230 Disassembled: source: 63040, dest: 49140, seq: 102, ack: 517898394, window: 1448, ACK
0.230 Acknowledged seq: 517896946
0.230 Assembling: source: 49140, dest: 63040, seq: 517898394, ack: 103, window: 1448, data: "ram adipiscing, "...
0.230 Sent: b'\xbf\xf4\xf6@\x1e\xde\x80\x9a\x00\x00\x00gP\x00\x05\xa8\x00\x00\x00\x00ram adipiscing, '...
0.232 Received: b'\xf6@\xbf\xf4\x00\x00\x00g\x1e\xde\x86BP\x10\x05\xa8\x00\x00\x00\x00'
0.232 Disassembled: source: 63040, dest: 49140, seq: 103, ack: 517899842, window: 1448, ACK
0.232 Acknowledged seq: 517898394
0.232 Assembling: source: 49140, dest: 63040, seq: 517899842, ack: 104, window: 1448, data: "m veritus vivend"...
0.233 Sent: b'\xbf\xf4\xf6@\x1e\xde\x86B\x00\x00\x00hP\x00\x05\xa8\x00\x00\x00\x00m veritus vivend'...
0.234 Received: b'\xf6@\xbf\xf4\x00\x00\x00h\x1e\xde\x8b\xeaP\x10\x05\xa8\x00\x00\x00\x00'
0.234 Disassembled: source: 63040, dest: 49140, seq: 104, ack: 517901290, window: 1448, ACK
0.234 Acknowledged seq: 517899842
0.235 Assembling: source: 49140, dest: 63040, seq: 517901290, ack: 105, window: 1448, data: " delenit, ignota"...
0.235 Sent: b'\xbf\xf4\xf6@\x1e\xde\x8b\xea\x00\x00\x00iP\x00\x05\xa8\x00\x00\x00\x00 delenit, ignota'...
0.236 Received: b'\xf6@\xbf\xf4\x00\x00\x00i\x1e\xde\x91\x92P\x10\x05\xa8\x00\x00\x00\x00'
0.237 Disassembled: source: 63040, dest: 49140, seq: 105, ack: 517902738, window: 1448, ACK
0.237 Acknowledged seq: 517901290
0.237 Assembling: source: 49140, dest: 63040, seq: 517902738, ack: 106, window: 1448, data: "se explicari des"...
0.237 Sent: b'\xbf\xf4\xf6@\x1e\xde\x91\x92\x00\x00\x00jP\x00\x05\xa8\x00\x00\x00\x00se explicari des'...
0.238 Received: b'\xf6@\xbf\xf4\x00\x00\x00j\x1e\xde\x97:P\x10\x05\xa8\x00\x00\x00\x00'
0.239 Disassembled: source: 63040, dest: 49140, seq: 106, ack: 517904186, window: 1448, ACK
0.239 Acknowledged seq: 517902738
0.239 Assembling: source: 49140, dest: 63040, seq: 517904186, ack: 107, window: 1448, data: "piscing, in modo"...
0.239 Sent: b'\xbf\xf4\xf6@\x1e\xde\x97:\x00\x00\x00kP\x00\x05\xa8\x00\x00\x00\x00piscing, in modo'...
0.241 Received: b'\xf6@\xbf\xf4\x00\x00\x00k\x1e\xde\x9c\xe2P\x10\x05\xa8\x00\x00\x00\x00'
0.241 Disassembled: source: 63040, dest: 49140, seq: 107, ack: 517905634, window: 1448, ACK
0.241 Acknowledged seq: 517904186
0.241 Assembling: source: 49140, dest: 63040, seq: 517905634, ack: 108, window: 1448, data: "o copiosae tacim"...
0.242 Sent: b'\xbf\xf4\xf6@\x1e\xde\x9c\xe2\x00\x00\x00lP\x00\x05\xa8\x00\x00\x00\x00o copiosae tacim'...
0.243 Received: b'\xf6@\xbf\xf4\x00\x00\x00l\x1e\xde\xa2\x8aP\x10\x05\xa8\x00\x00\x00\x00'
0.244 Disassembled: source: 63040, dest: 49140, seq: 108, ack: 517907082, window: 1448, ACK
0.244 Acknowledged seq: 517905634
0.244 Assembling: source: 49140, dest: 63040, seq: 517907082, ack: 109, window: 1448, data: "am. Pri ne antio"...
0.244 Sent: b'\xbf\xf4\xf6@\x1e\xde\xa2\x8a\x00\x00\x00mP\x00\x05\xa8\x00\x00\x00\x00am. Pri ne antio'...
0.246 Received: b'\xf6@\xbf\xf4\x00\x00\x00m\x1e\xde\xa82P\x10\x05\xa8\x00\x00\x00\x00'
0.246 Disassembled: source: 63040, dest: 49140, seq: 109, ack: 517908530, window: 1448, ACK
0.246 Acknowledged seq: 517907082
0.246 Assembling: source: 49140, dest: 63040, seq: 517908530, ack: 110, window: 1448, data: "to no. Elitr pos"...
0.247 Sent: b'\xbf\xf4\xf6@\x1e\xde\xa82\x00\x00\x00nP\x00\x05\xa8\x00\x00\x00\x00to no. Elitr pos'...
0.248 Received: b'\xf6@\xbf\xf4\x00\x00\x00n\x1e\xde\xad\xdaP\x10\x05\xa8\x00\x00\x00\x00'
0.248 Disassembled: source: 63040, dest: 49140, seq: 110, ack: 517909978, window: 1448, ACK
0.249 Acknowledged seq: 517908530
0.249 Assembling: source: 49140, dest: 63040, seq: 517909978, ack: 111, window: 1448, data: "pretaris, sea ex"...
0.249 Sent: b'\xbf\xf4\xf6@\x1e\xde\xad\xda\x00\x00\x00oP\x00\x05\xa8\x00\x00\x00\x00pretaris, sea ex'...
0.250 Received: b'\xf6@\xbf\xf4\x00\x00\x00o\x1e\xde\xb3\x82P\x10\x05\xa8\x00\x00\x00\x00'
0.251 Disassembled: source: 63040, dest: 49140, seq: 111, ack: 517911426, window: 1448, ACK
0.251 Acknowledged seq: 517909978
0.251 Assembling: source: 49140, dest: 63040, seq: 517911426, ack: 112, window: 1448, data: "oporteat inimicu"...
0.251 Sent: b'\xbf\xf4\xf6@\x1e\xde\xb3\x82\x00\x00\x00pP\x00\x05\xa8\x00\x00\x00\x00oporteat inimicu'...
0.253 Received: b'\xf6@\xbf\xf4\x00\x00\x00p\x1e\xde\xb9*P\x10\x05\xa8\x00\x00\x00\x00'
0.253 Disassembled: source: 63040, dest: 49140, seq: 112, ack: 517912874, window: 1448, ACK
0.253 Acknowledged seq: 517911426
0.254 Assembling: source: 49140, dest: 63040, seq: 517912874, ack: 113, window: 1448, data: "ligendi officiis"...
0.254 Sent: b'\xbf\xf4\xf6@\x1e\xde\xb9*\x00\x00\x00qP\x00\x05\xa8\x00\x00\x00\x00ligendi officiis'...
0.255 Received: b'\xf6@\xbf\xf4\x00\x00\x00q\x1e\xde\xbe\xd2P\x10\x05\xa8\x00\x00\x00\x00'
0.256 Disassembled: source: 63040, dest: 49140, seq: 113, ack: 517914322, window: 1448, ACK
0.256 Acknowledged seq: 517912874
0.256 Assembling: source: 49140, dest: 63040, seq: 517914322, ack: 114, window: 1448, data: "no vel regione i"...
0.256 Sent: b'\xbf\xf4\xf6@\x1e\xde\xbe\xd2\x00\x00\x00rP\x00\x05\xa8\x00\x00\x00\x00no vel regione i'...
0.258 Received: b'\xf6@\xbf\xf4\x00\x00\x00r\x1e\xde\xc4zP\x10\x05\xa8\x00\x00\x00\x00'
0.258 Disassembled: source: 63040, dest: 49140, seq: 114, ack: 517915770, window: 1448, ACK
0.258 Acknowledged seq: 517914322
0.258 Assembling: source: 49140, dest: 63040, seq: 517915770, ack: 115, window: 1448, data: "ibus vis ex, pro"...
0.259 Sent: b'\xbf\xf4\xf6@\x1e\xde\xc4z\x00\x00\x00sP\x00\x05\xa8\x00\x00\x00\x00ibus vis ex, pro'...
0.260 Received: b'\xf6@\xbf\xf4\x00\x00\x00s\x1e\xde\xca"P\x10\x05\xa8\x00\x00\x00\x00'
0.261 Disassembled: source: 63040, dest: 49140, seq: 115, ack: 517917218, window: 1448, ACK
0.261 Acknowledged seq: 517915770
0.261 Assembling: source: 49140, dest: 63040, seq: 517917218, ack: 116, window: 1448, data: "o vix, mel ea li"...
0.261 Sent: b'\xbf\xf4\xf6@\x1e\xde\xca"\x00\x00\x00tP\x00\x05\xa8\x00\x00\x00\x00o vix, mel ea li'...
0.263 Received: b'\xf6@\xbf\xf4\x00\x00\x00t\x1e\xde\xcf\xcaP\x10\x05\xa8\x00\x00\x00\x00'
0.263 Disassembled: source: 63040, dest: 49140, seq: 116, ack: 517918666, window: 1448, ACK
0.263 Acknowledged seq: 517917218
0.263 Assembling: source: 49140, dest: 63040, seq: 517918666, ack: 117, window: 1448, data: "d. Ex fugit suav"...
0.264 Sent: b'\xbf\xf4\xf6@\x1e\xde\xcf\xca\x00\x00\x00uP\x00\x05\xa8\x00\x00\x00\x00d. Ex fugit suav'...
0.265 Received: b'\xf6@\xbf\xf4\x00\x00\x00u\x1e\xde\xd5rP\x10\x05\xa8\x00\x00\x00\x00'
0.265 Disassembled: source: 63040, dest: 49140, seq: 117, ack: 517920114, window: 1448, ACK
0.266 Acknowledged seq: 517918666
0.266 Assembling: source: 49140, dest: 63040, seq: 517920114, ack: 118, window: 1448, data: "pertinax nec. De"...
0.266 Sent: b'\xbf\xf4\xf6@\x1e\xde\xd5r\x00\x00\x00vP\x00\x05\xa8\x00\x00\x00\x00pertinax nec. De'...
0.267 Received: b'\xf6@\xbf\xf4\x00\x00\x00v\x1e\xde\xdb\x1aP\x10\x05\xa8\x00\x00\x00\x00'
0.268 Disassembled: source: 63040, dest: 49140, seq: 118, ack: 517921562, window: 1448, ACK
0.268 Acknowledged seq: 517920114
0.268 Assembling: source: 49140, dest: 63040, seq: 517921562, ack: 119, window: 1448, data: "lli primis praes"...
0.268 Sent: b'\xbf\xf4\xf6@\x1e\xde\xdb\x1a\x00\x00\x00wP\x00\x05\xa8\x00\x00\x00\x00lli primis praes'...
0.270 Received: b'\xf6@\xbf\xf4\x00\x00\x00w\x1e\xde\xe0\xc2P\x10\x05\xa8\x00\x00\x00\x00'
0.270 Disassembled: source: 63040, dest: 49140, seq: 119, ack: 517923010, window: 1448, ACK
0.270 Acknowledged seq: 517921562
0.271 Assembling: source: 49140, dest: 63040, seq: 517923010, ack: 120, window: 1448, data: "m, percipit inte"...
0.271 Sent: b'\xbf\xf4\xf6@\x1e\xde\xe0\xc2\x00\x00\x00xP\x00\x05\xa8\x00\x00\x00\x00m, percipit inte'...
0.272 Received: b'\xf6@\xbf\xf4\x00\x00\x00x\x1e\xde\xe6jP\x10\x05\xa8\x00\x00\x00\x00'
0.273 Disassembled: source: 63040, dest: 49140, seq: 120, ack: 517924458, window: 1448, ACK
0.273 Acknowledged seq: 517923010
0.273 Assembling: source: 49140, dest: 63040, seq: 517924458, ack: 121, window: 1448, data: "nani docendi pat"...
0.273 Sent: b'\xbf\xf4\xf6@\x1e\xde\xe6j\x00\x00\x00yP\x00\x05\xa8\x00\x00\x00\x00nani docendi pat'...
0.275 Received: b'\xf6@\xbf\xf4\x00\x00\x00y\x1e\xde\xec\x12P\x10\x05\xa8\x00\x00\x00\x00'
0.275 Disassembled: source: 63040, dest: 49140, seq: 121, ack: 517925906, window: 1448, ACK
0.275 Acknowledged seq: 517924458
0.275 Assembling: source: 49140, dest: 63040, seq: 517925906, ack: 122, window: 1448, data: " vis decore poss"...
0.276 Sent: b'\xbf\xf4\xf6@\x1e\xde\xec\x12\x00\x00\x00zP\x00\x05\xa8\x00\x00\x00\x00 vis decore poss'...
0.277 Received: b'\xf6@\xbf\xf4\x00\x00\x00z\x1e\xde\xf1\xbaP\x10\x05\xa8\x00\x00\x00\x00'
0.278 Disassembled: source: 63040, dest: 49140, seq: 122, ack: 517927354, window: 1448, ACK
0.278 Acknowledged seq: 517925906
0.278 Assembling: source: 49140, dest: 63040, seq: 517927354, ack: 123, window: 1448, data: "eam odio corpora"...
0.278 Sent: b'\xbf\xf4\xf6@\x1e\xde\xf1\xba\x00\x00\x00{P\x00\x05\xa8\x00\x00\x00\x00eam odio corpora'...
0.280 Received: b'\xf6@\xbf\xf4\x00\x00\x00{\x1e\xde\xf7bP\x10\x05\xa8\x00\x00\x00\x00'
0.280 Disassembled: source: 63040, dest: 49140, seq: 123, ack: 517928802, window: 1448, ACK
0.280 Acknowledged seq: 517927354
0.280 Assembling: source: 49140, dest: 63040, seq: 517928802, ack: 124, window: 1448, data: " est. Usu sanctu"...
0.281 Sent: b'\xbf\xf4\xf6@\x1e\xde\xf7b\x00\x00\x00|P\x00\x05\xa8\x00\x00\x00\x00 est. Usu sanctu'...
0.282 Received: b'\xf6@\xbf\xf4\x00\x00\x00|\x1e\xde\xfd\nP\x10\x05\xa8\x00\x00\x00\x00'
0.282 Disassembled: source: 63040, dest: 49140, seq: 124, ack: 517930250, window: 1448, ACK
0.283 Acknowledged seq: 517928802
0.283 Assembling: source: 49140, dest: 63040, seq: 517930250, ack: 125, window: 1448, data: ".

Mei graeco ae"...
0.283 Sent: b'\xbf\xf4\xf6@\x1e\xde\xfd\n\x00\x00\x00}P\x00\x05\xa8\x00\x00\x00\x00.\n\nMei graeco ae'...
0.285 Received: b'\xf6@\xbf\xf4\x00\x00\x00}\x1e\xdf\x02\xb2P\x10\x05\xa8\x00\x00\x00\x00'
0.285 Disassembled: source: 63040, dest: 49140, seq: 125, ack: 517931698, window: 1448, ACK
0.285 Acknowledged seq: 517930250
0.285 Assembling: source: 49140, dest: 63040, seq: 517931698, ack: 126, window: 1448, data: "et. Ne sea primi"...
0.285 Sent: b'\xbf\xf4\xf6@\x1e\xdf\x02\xb2\x00\x00\x00~P\x00\x05\xa8\x00\x00\x00\x00et. Ne sea primi'...
0.287 Received: b'\xf6@\xbf\xf4\x00\x00\x00~\x1e\xdf\x08ZP\x10\x05\xa8\x00\x00\x00\x00'
0.287 Disassembled: source: 63040, dest: 49140, seq: 126, ack: 517933146, window: 1448, ACK
0.288 Acknowledged seq: 517931698
0.288 Assembling: source: 49140, dest: 63040, seq: 517933146, ack: 127, window: 1448, data: "ittam convenire."...
0.288 Sent: b'\xbf\xf4\xf6@\x1e\xdf\x08Z\x00\x00\x00\x7fP\x00\x05\xa8\x00\x00\x00\x00ittam convenire.'...
0.289 Received: b'\xf6@\xbf\xf4\x00\x00\x00\x7f\x1e\xdf\x0e\x02P\x10\x05\xa8\x00\x00\x00\x00'
0.290 Disassembled: source: 63040, dest: 49140, seq: 127, ack: 517934594, window: 1448, ACK
0.290 Acknowledged seq: 517933146
0.290 Assembling: source: 49140, dest: 63040, seq: 517934594, ack: 128, window: 1448, data: "ua et vis, id eu"...
0.290 Sent: b'\xbf\xf4\xf6@\x1e\xdf\x0e\x02\x00\x00\x00\x80P\x00\x05\xa8\x00\x00\x00\x00ua et vis, id eu'...
0.292 Received: b'\xf6@\xbf\xf4\x00\x00\x00\x80\x1e\xdf\x13\xaaP\x10\x05\xa8\x00\x00\x00\x00'
0.292 Disassembled: source: 63040, dest: 49140, seq: 128, ack: 517936042, window: 1448, ACK
0.292 Acknowledged seq: 517934594
0.292 Assembling: source: 49140, dest: 63040, seq: 517936042, ack: 129, window: 1448, data: "r. Et velit appa"...
0.293 Sent: b'\xbf\xf4\xf6@\x1e\xdf\x13\xaa\x00\x00\x00\x81P\x00\x05\xa8\x00\x00\x00\x00r. Et velit appa'...
0.294 Received: b'\xf6@\xbf\xf4\x00\x00\x00\x81\x1e\xdf\x19RP\x10\x05\xa8\x00\x00\x00\x00'
0.294 Disassembled: source: 63040, dest: 49140, seq: 129, ack: 517937490, window: 1448, ACK
0.295 Acknowledged seq: 517936042
0.295 Assembling: source: 49140, dest: 63040, seq: 517937490, ack: 130, window: 1448, data: " novum laudem, v"...
0.295 Sent: b'\xbf\xf4\xf6@\x1e\xdf\x19R\x00\x00\x00\x82P\x00\x05\xa8\x00\x00\x00\x00 novum laudem, v'...
0.297 Received: b'\xf6@\xbf\xf4\x00\x00\x00\x82\x1e\xdf\x1e\xfaP\x10\x05\xa8\x00\x00\x00\x00'
0.297 Disassembled: source: 63040, dest: 49140, seq: 130, ack: 517938938, window: 1448, ACK
0.297 Acknowledged seq: 517937490
0.297 Assembling: source: 49140, dest: 63040, seq: 517938938, ack: 131, window: 1448, data: "luptatibus, cibo"...
0.298 Sent: b'\xbf\xf4\xf6@\x1e\xdf\x1e\xfa\x00\x00\x00\x83P\x00\x05\xa8\x00\x00\x00\x00luptatibus, cibo'...
0.299 Received: b'\xf6@\xbf\xf4\x00\x00\x00\x83\x1e\xdf$\xa2P\x10\x05\xa8\x00\x00\x00\x00'
0.299 Disassembled: source: 63040, dest: 49140, seq: 131, ack: 517940386, window: 1448, ACK
0.300 Acknowledged seq: 517938938
0.300 Assembling: source: 49140, dest: 63040, seq: 517940386, ack: 132, window: 1448, data: "alii indoctum ma"...
0.300 Sent: b'\xbf\xf4\xf6@\x1e\xdf$\xa2\x00\x00\x00\x84P\x00\x05\xa8\x00\x00\x00\x00alii indoctum ma'...
0.301 Received: b'\xf6@\xbf\xf4\x00\x00\x00\x84\x1e\xdf*JP\x10\x05\xa8\x00\x00\x00\x00'
0.302 Disassembled: source: 63040, dest: 49140, seq: 132, ack: 517941834, window: 1448, ACK
0.302 Acknowledged seq: 517940386
0.302 Assembling: source: 49140, dest: 63040, seq: 517941834, ack: 133, window: 1448, data: "im, his facete c"...
0.302 Sent: b'\xbf\xf4\xf6@\x1e\xdf*J\x00\x00\x00\x85P\x00\x05\xa8\x00\x00\x00\x00im, his facete c'...
0.304 Received: b'\xf6@\xbf\xf4\x00\x00\x00\x85\x1e\xdf/\xf2P\x10\x05\xa8\x00\x00\x00\x00'
0.304 Disassembled: source: 63040, dest: 49140, seq: 133, ack: 517943282, window: 1448, ACK
0.305 Acknowledged seq: 517941834
0.305 Assembling: source: 49140, dest: 63040, seq: 517943282, ack: 134, window: 1448, data: "e alia dolor com"...
0.305 Sent: b'\xbf\xf4\xf6@\x1e\xdf/\xf2\x00\x00\x00\x86P\x00\x05\xa8\x00\x00\x00\x00e alia dolor com'...
0.307 Received: b'\xf6@\xbf\xf4\x00\x00\x00\x86\x1e\xdf5\x9aP\x10\x05\xa8\x00\x00\x00\x00'
0.307 Disassembled: source: 63040, dest: 49140, seq: 134, ack: 517944730, window: 1448, ACK
0.307 Acknowledged seq: 517943282
0.307 Assembling: source: 49140, dest: 63040, seq: 517944730, ack: 135, window: 1448, data: "it ea, reque tem"...
0.308 Sent: b'\xbf\xf4\xf6@\x1e\xdf5\x9a\x00\x00\x00\x87P\x00\x05\xa8\x00\x00\x00\x00it ea, reque tem'...
0.309 Received: b'\xf6@\xbf\xf4\x00\x00\x00\x87\x1e\xdf;BP\x10\x05\xa8\x00\x00\x00\x00'
0.310 Disassembled: source: 63040, dest: 49140, seq: 135, ack: 517946178, window: 1448, ACK
0.310 Acknowledged seq: 517944730
0.310 Assembling: source: 49140, dest: 63040, seq: 517946178, ack: 136, window: 1448, data: "alisque.

Equide"...
0.310 Sent: b'\xbf\xf4\xf6@\x1e\xdf;B\x00\x00\x00\x88P\x00\x05\xa8\x00\x00\x00\x00alisque.\n\nEquide'...
0.312 Received: b'\xf6@\xbf\xf4\x00\x00\x00\x88\x1e\xdf@\xeaP\x10\x05\xa8\x00\x00\x00\x00'
0.312 Disassembled: source: 63040, dest: 49140, seq: 136, ack: 517947626, window: 1448, ACK
0.312 Acknowledged seq: 517946178
0.313 Assembling: source: 49140, dest: 63040, seq: 517947626, ack: 137, window: 1448, data: "finitiones, affe"...
0.313 Sent: b'\xbf\xf4\xf6@\x1e\xdf@\xea\x00\x00\x00\x89P\x00\x05\xa8\x00\x00\x00\x00finitiones, affe'...
0.314 Received: b'\xf6@\xbf\xf4\x00\x00\x00\x89\x1e\xdfF\x92P\x10\x05\xa8\x00\x00\x00\x00'
0.315 Disassembled: source: 63040, dest: 49140, seq: 137, ack: 517949074, window: 1448, ACK
0.315 Acknowledged seq: 517947626
0.315 Assembling: source: 49140, dest: 63040, seq: 517949074, ack: 138, window: 1448, data: "his duis graeco "...
0.315 Sent: b'\xbf\xf4\xf6@\x1e\xdfF\x92\x00\x00\x00\x8aP\x00\x05\xa8\x00\x00\x00\x00his duis graeco '...
0.317 Received: b'\xf6@\xbf\xf4\x00\x00\x00\x8a\x1e\xdfL:P\x10\x05\xa8\x00\x00\x00\x00'
0.317 Disassembled: source: 63040, dest: 49140, seq: 138, ack: 517950522, window: 1448, ACK
0.318 Acknowledged seq: 517949074
0.318 Assembling: source: 49140, dest: 63040, seq: 517950522, ack: 139, window: 1448, data: "am. Alia possit "...
0.318 Sent: b'\xbf\xf4\xf6@\x1e\xdfL:\x00\x00\x00\x8bP\x00\x05\xa8\x00\x00\x00\x00am. Alia possit '...
0.320 Received: b'\xf6@\xbf\xf4\x00\x00\x00\x8b\x1e\xdfQ\xe2P\x10\x05\xa8\x00\x00\x00\x00'
0.320 Disassembled: source: 63040, dest: 49140, seq: 139, ack: 517951970, window: 1448, ACK
0.320 Acknowledged seq: 517950522
0.320 Assembling: source: 49140, dest: 63040, seq: 517951970, ack: 140, window: 1448, data: "cum an. Mei faci"...
0.321 Sent: b'\xbf\xf4\xf6@\x1e\xdfQ\xe2\x00\x00\x00\x8cP\x00\x05\xa8\x00\x00\x00\x00cum an. Mei faci'...
0.322 Received: b'\xf6@\xbf\xf4\x00\x00\x00\x8c\x1e\xdfW\x8aP\x10\x05\xa8\x00\x00\x00\x00'
0.323 Disassembled: source: 63040, dest: 49140, seq: 140, ack: 517953418, window: 1448, ACK
0.323 Acknowledged seq: 517951970
0.323 Assembling: source: 49140, dest: 63040, seq: 517953418, ack: 141, window: 1448, data: " vis adhuc tatio"...
0.323 Sent: b'\xbf\xf4\xf6@\x1e\xdfW\x8a\x00\x00\x00\x8dP\x00\x05\xa8\x00\x00\x00\x00 vis adhuc tatio'...
0.325 Received: b'\xf6@\xbf\xf4\x00\x00\x00\x8d\x1e\xdf]2P\x10\x05\xa8\x00\x00\x00\x00'
0.325 Disassembled: source: 63040, dest: 49140, seq: 141, ack: 517954866, window: 1448, ACK
0.326 Acknowledged seq: 517953418
0.326 Assembling: source: 49140, dest: 63040, seq: 517954866, ack: 142, window: 1448, data: "im eu option iuv"...
0.326 Sent: b'\xbf\xf4\xf6@\x1e\xdf]2\x00\x00\x00\x8eP\x00\x05\xa8\x00\x00\x00\x00im eu option iuv'...
0.327 Received: b'\xf6@\xbf\xf4\x00\x00\x00\x8e\x1e\xdfb\xdaP\x10\x05\xa8\x00\x00\x00\x00'
0.328 Disassembled: source: 63040, dest: 49140, seq: 142, ack: 517956314, window: 1448, ACK
0.328 Acknowledged seq: 517954866
0.328 Assembling: source: 49140, dest: 63040, seq: 517956314, ack: 143, window: 1448, data: "ex epicurei taci"...
0.329 Sent: b'\xbf\xf4\xf6@\x1e\xdfb\xda\x00\x00\x00\x8fP\x00\x05\xa8\x00\x00\x00\x00ex epicurei taci'...
0.330 Received: b'\xf6@\xbf\xf4\x00\x00\x00\x8f\x1e\xdfh\x82P\x10\x05\xa8\x00\x00\x00\x00'
0.331 Disassembled: source: 63040, dest: 49140, seq: 143, ack: 517957762, window: 1448, ACK
0.331 Acknowledged seq: 517956314
0.331 Assembling: source: 49140, dest: 63040, seq: 517957762, ack: 144, window: 1448, data: "ebat, eu pro ero"...
0.331 Sent: b'\xbf\xf4\xf6@\x1e\xdfh\x82\x00\x00\x00\x90P\x00\x05\xa8\x00\x00\x00\x00ebat, eu pro ero'...
0.333 Received: b'\xf6@\xbf\xf4\x00\x00\x00\x90\x1e\xdfn*P\x10\x05\xa8\x00\x00\x00\x00'
0.333 Disassembled: source: 63040, dest: 49140, seq: 144, ack: 517959210, window: 1448, ACK
0.334 Acknowledged seq: 517957762
0.334 Assembling: source: 49140, dest: 63040, seq: 517959210, ack: 145, window: 1448, data: "s. Per no sale v"...
0.334 Sent: b'\xbf\xf4\xf6@\x1e\xdfn*\x00\x00\x00\x91P\x00\x05\xa8\x00\x00\x00\x00s. Per no sale v'...
0.336 Received: b'\xf6@\xbf\xf4\x00\x00\x00\x91\x1e\xdfs\xd2P\x10\x05\xa8\x00\x00\x00\x00'
0.336 Disassembled: source: 63040, dest: 49140, seq: 145, ack: 517960658, window: 1448, ACK
0.336 Acknowledged seq: 517959210
0.337 Assembling: source: 49140, dest: 63040, seq: 517960658, ack: 146, window: 1448, data: "orrupte ea mel. "...
0.337 Sent: b'\xbf\xf4\xf6@\x1e\xdfs\xd2\x00\x00\x00\x92P\x00\x05\xa8\x00\x00\x00\x00orrupte ea mel. '...
0.338 Received: b'\xf6@\xbf\xf4\x00\x00\x00\x92\x1e\xdfyzP\x10\x05\xa8\x00\x00\x00\x00'
0.339 Disassembled: source: 63040, dest: 49140, seq: 146, ack: 517962106, window: 1448, ACK
0.339 Acknowledged seq: 517960658
0.339 Assembling: source: 49140, dest: 63040, seq: 517962106, ack: 147, window: 1448, data: ". Est iracundia "...
0.340 Sent: b'\xbf\xf4\xf6@\x1e\xdfyz\x00\x00\x00\x93P\x00\x05\xa8\x00\x00\x00\x00. Est iracundia '...
0.341 Received: b'\xf6@\xbf\xf4\x00\x00\x00\x93\x1e\xdf\x7f"P\x10\x05\xa8\x00\x00\x00\x00'
0.342 Disassembled: source: 63040, dest: 49140, seq: 147, ack: 517963554, window: 1448, ACK
0.342 Acknowledged seq: 517962106
0.342 Assembling: source: 49140, dest: 63040, seq: 517963554, ack: 148, window: 1448, data: "pta probatus scr"...
0.343 Sent: b'\xbf\xf4\xf6@\x1e\xdf\x7f"\x00\x00\x00\x94P\x00\x05\xa8\x00\x00\x00\x00pta probatus scr'...
0.344 Received: b'\xf6@\xbf\xf4\x00\x00\x00\x94\x1e\xdf\x84\xcaP\x10\x05\xa8\x00\x00\x00\x00'
0.345 Disassembled: source: 63040, dest: 49140, seq: 148, ack: 517965002, window: 1448, ACK
0.345 Acknowledged seq: 517963554
0.345 Assembling: source: 49140, dest: 63040, seq: 517965002, ack: 149, window: 1448, data: "entur ei, pro ei"...
0.345 Sent: b'\xbf\xf4\xf6@\x1e\xdf\x84\xca\x00\x00\x00\x95P\x00\x05\xa8\x00\x00\x00\x00entur ei, pro ei'...
0.347 Received: b'\xf6@\xbf\xf4\x00\x00\x00\x95\x1e\xdf\x8arP\x10\x05\xa8\x00\x00\x00\x00'
0.347 Disassembled: source: 63040, dest: 49140, seq: 149, ack: 517966450, window: 1448, ACK
0.347 Acknowledged seq: 517965002
0.348 Assembling: source: 49140, dest: 63040, seq: 517966450, ack: 150, window: 1448, data: "simul euismod vi"...
0.348 Sent: b'\xbf\xf4\xf6@\x1e\xdf\x8ar\x00\x00\x00\x96P\x00\x05\xa8\x00\x00\x00\x00simul euismod vi'...
0.350 Received: b'\xf6@\xbf\xf4\x00\x00\x00\x96\x1e\xdf\x90\x1aP\x10\x05\xa8\x00\x00\x00\x00'
0.350 Disassembled: source: 63040, dest: 49140, seq: 150, ack: 517967898, window: 1448, ACK
0.350 Acknowledged seq: 517966450
0.351 Assembling: source: 49140, dest: 63040, seq: 517967898, ack: 151, window: 1448, data: ", eam id iudico "...
0.351 Sent: b'\xbf\xf4\xf6@\x1e\xdf\x90\x1a\x00\x00\x00\x97P\x00\x05\xa8\x00\x00\x00\x00, eam id iudico '...
0.353 Received: b'\xf6@\xbf\xf4\x00\x00\x00\x97\x1e\xdf\x95\xc2P\x10\x05\xa8\x00\x00\x00\x00'
0.353 Disassembled: source: 63040, dest: 49140, seq: 151, ack: 517969346, window: 1448, ACK
0.353 Acknowledged seq: 517967898
0.353 Assembling: source: 49140, dest: 63040, seq: 517969346, ack: 152, window: 1448, data: "m vix. Ea est mu"...
0.354 Sent: b'\xbf\xf4\xf6@\x1e\xdf\x95\xc2\x00\x00\x00\x98P\x00\x05\xa8\x00\x00\x00\x00m vix. Ea est mu'...
0.355 Received: b'\xf6@\xbf\xf4\x00\x00\x00\x98\x1e\xdf\x9bjP\x10\x05\xa8\x00\x00\x00\x00'
0.356 Disassembled: source: 63040, dest: 49140, seq: 152, ack: 517970794, window: 1448, ACK
0.356 Acknowledged seq: 517969346
0.356 Assembling: source: 49140, dest: 63040, seq: 517970794, ack: 153, window: 1448, data: "olor sit amet, e"...
0.356 Sent: b'\xbf\xf4\xf6@\x1e\xdf\x9bj\x00\x00\x00\x99P\x00\x05\xa8\x00\x00\x00\x00olor sit amet, e'...
0.358 Received: b'\xf6@\xbf\xf4\x00\x00\x00\x99\x1e\xdf\xa1\x12P\x10\x05\xa8\x00\x00\x00\x00'
0.359 Disassembled: source: 63040, dest: 49140, seq: 153, ack: 517972242, window: 1448, ACK
0.359 Acknowledged seq: 517970794
0.359 Assembling: source: 49140, dest: 63040, seq: 517972242, ack: 154, window: 1448, data: "m, aperiam iudic"...
0.359 Sent: b'\xbf\xf4\xf6@\x1e\xdf\xa1\x12\x00\x00\x00\x9aP\x00\x05\xa8\x00\x00\x00\x00m, aperiam iudic'...
0.361 Received: b'\xf6@\xbf\xf4\x00\x00\x00\x9a\x1e\xdf\xa6\xbaP\x10\x05\xa8\x00\x00\x00\x00'
0.361 Disassembled: source: 63040, dest: 49140, seq: 154, ack: 517973690, window: 1448, ACK
0.362 Acknowledged seq: 517972242
0.362 Assembling: source: 49140, dest: 63040, seq: 517973690, ack: 155, window: 1448, data: "re sea. No eos d"...
0.362 Sent: b'\xbf\xf4\xf6@\x1e\xdf\xa6\xba\x00\x00\x00\x9bP\x00\x05\xa8\x00\x00\x00\x00re sea. No eos d'...
0.364 Received: b'\xf6@\xbf\xf4\x00\x00\x00\x9b\x1e\xdf\xacbP\x10\x05\xa8\x00\x00\x00\x00'
0.364 Disassembled: source: 63040, dest: 49140, seq: 155, ack: 517975138, window: 1448, ACK
0.364 Acknowledged seq: 517973690
0.365 Assembling: source: 49140, dest: 63040, seq: 517975138, ack: 156, window: 1448, data: "t scripta philos"...
0.365 Sent: b'\xbf\xf4\xf6@\x1e\xdf\xacb\x00\x00\x00\x9cP\x00\x05\xa8\x00\x00\x00\x00t scripta philos'...
0.366 Received: b'\xf6@\xbf\xf4\x00\x00\x00\x9c\x1e\xdf\xb2\nP\x10\x05\xa8\x00\x00\x00\x00'
0.367 Disassembled: source: 63040, dest: 49140, seq: 156, ack: 517976586, window: 1448, ACK
0.367 Acknowledged seq: 517975138
0.367 Assembling: source: 49140, dest: 63040, seq: 517976586, ack: 157, window: 1448, data: "tos sadipscing e"...
0.367 Sent: b'\xbf\xf4\xf6@\x1e\xdf\xb2\n\x00\x00\x00\x9dP\x00\x05\xa8\x00\x00\x00\x00tos sadipscing e'...
0.369 Received: b'\xf6@\xbf\xf4\x00\x00\x00\x9d\x1e\xdf\xb7\xb2P\x10\x05\xa8\x00\x00\x00\x00'
0.370 Disassembled: source: 63040, dest: 49140, seq: 157, ack: 517978034, window: 1448, ACK
0.370 Acknowledged seq: 517976586
0.370 Assembling: source: 49140, dest: 63040, seq: 517978034, ack: 158, window: 1448, data: "sapientem ea, ad"...
0.370 Sent: b'\xbf\xf4\xf6@\x1e\xdf\xb7\xb2\x00\x00\x00\x9eP\x00\x05\xa8\x00\x00\x00\x00sapientem ea, ad'...
0.372 Received: b'\xf6@\xbf\xf4\x00\x00\x00\x9e\x1e\xdf\xbdZP\x10\x05\xa8\x00\x00\x00\x00'
0.372 Disassembled: source: 63040, dest: 49140, seq: 158, ack: 517979482, window: 1448, ACK
0.372 Acknowledged seq: 517978034
0.373 Assembling: source: 49140, dest: 63040, seq: 517979482, ack: 159, window: 1448, data: "g, ei invenire p"...
0.373 Sent: b'\xbf\xf4\xf6@\x1e\xdf\xbdZ\x00\x00\x00\x9fP\x00\x05\xa8\x00\x00\x00\x00g, ei invenire p'...
0.375 Received: b'\xf6@\xbf\xf4\x00\x00\x00\x9f\x1e\xdf\xc3\x02P\x10\x05\xa8\x00\x00\x00\x00'
0.375 Disassembled: source: 63040, dest: 49140, seq: 159, ack: 517980930, window: 1448, ACK
0.376 Acknowledged seq: 517979482
0.376 Assembling: source: 49140, dest: 63040, seq: 517980930, ack: 160, window: 1448, data: "endo at. Qui id "...
0.376 Sent: b'\xbf\xf4\xf6@\x1e\xdf\xc3\x02\x00\x00\x00\xa0P\x00\x05\xa8\x00\x00\x00\x00endo at. Qui id '...
0.378 Received: b'\xf6@\xbf\xf4\x00\x00\x00\xa0\x1e\xdf\xc8\xaaP\x10\x05\xa8\x00\x00\x00\x00'
0.378 Disassembled: source: 63040, dest: 49140, seq: 160, ack: 517982378, window: 1448, ACK
0.378 Acknowledged seq: 517980930
0.378 Assembling: source: 49140, dest: 63040, seq: 517982378, ack: 161, window: 1448, data: "ota nostrum et p"...
0.379 Sent: b'\xbf\xf4\xf6@\x1e\xdf\xc8\xaa\x00\x00\x00\xa1P\x00\x05\xa8\x00\x00\x00\x00ota nostrum et p'...
0.380 Received: b'\xf6@\xbf\xf4\x00\x00\x00\xa1\x1e\xdf\xceRP\x10\x05\xa8\x00\x00\x00\x00'
0.381 Disassembled: source: 63040, dest: 49140, seq: 161, ack: 517983826, window: 1448, ACK
0.381 Acknowledged seq: 517982378
0.381 Assembling: source: 49140, dest: 63040, seq: 517983826, ack: 162, window: 1448, data: "deseruisse id. P"...
0.382 Sent: b'\xbf\xf4\xf6@\x1e\xdf\xceR\x00\x00\x00\xa2P\x00\x05\xa8\x00\x00\x00\x00deseruisse id. P'...
0.383 Received: b'\xf6@\xbf\xf4\x00\x00\x00\xa2\x1e\xdf\xd3\xfaP\x10\x05\xa8\x00\x00\x00\x00'
0.384 Disassembled: source: 63040, dest: 49140, seq: 162, ack: 517985274, window: 1448, ACK
0.384 Acknowledged seq: 517983826
0.384 Assembling: source: 49140, dest: 63040, seq: 517985274, ack: 163, window: 1448, data: "odo munere imper"...
0.384 Sent: b'\xbf\xf4\xf6@\x1e\xdf\xd3\xfa\x00\x00\x00\xa3P\x00\x05\xa8\x00\x00\x00\x00odo munere imper'...
0.386 Received: b'\xf6@\xbf\xf4\x00\x00\x00\xa3\x1e\xdf\xd9\xa2P\x10\x05\xa8\x00\x00\x00\x00'
0.387 Disassembled: source: 63040, dest: 49140, seq: 163, ack: 517986722, window: 1448, ACK
0.387 Acknowledged seq: 517985274
0.387 Assembling: source: 49140, dest: 63040, seq: 517986722, ack: 164, window: 1448, data: "cimates cum, tib"...
0.387 Sent: b'\xbf\xf4\xf6@\x1e\xdf\xd9\xa2\x00\x00\x00\xa4P\x00\x05\xa8\x00\x00\x00\x00cimates cum, tib'...
0.389 Received: b'\xf6@\xbf\xf4\x00\x00\x00\xa4\x1e\xdf\xdfJP\x10\x05\xa8\x00\x00\x00\x00'
0.389 Disassembled: source: 63040, dest: 49140, seq: 164, ack: 517988170, window: 1448, ACK
0.390 Acknowledged seq: 517986722
0.390 Assembling: source: 49140, dest: 63040, seq: 517988170, ack: 165, window: 1448, data: "tiopam molestiae"...
0.390 Sent: b'\xbf\xf4\xf6@\x1e\xdf\xdfJ\x00\x00\x00\xa5P\x00\x05\xa8\x00\x00\x00\x00tiopam molestiae'...
0.392 Received: b'\xf6@\xbf\xf4\x00\x00\x00\xa5\x1e\xdf\xe4\xf2P\x10\x05\xa8\x00\x00\x00\x00'
0.392 Disassembled: source: 63040, dest: 49140, seq: 165, ack: 517989618, window: 1448, ACK
0.392 Acknowledged seq: 517988170
0.393 Assembling: source: 49140, dest: 63040, seq: 517989618, ack: 166, window: 1448, data: "possim qui no, v"...
0.393 Sent: b'\xbf\xf4\xf6@\x1e\xdf\xe4\xf2\x00\x00\x00\xa6P\x00\x05\xa8\x00\x00\x00\x00possim qui no, v'...
0.395 Received: b'\xf6@\xbf\xf4\x00\x00\x00\xa6\x1e\xdf\xea\x9aP\x10\x05\xa8\x00\x00\x00\x00'
0.395 Disassembled: source: 63040, dest: 49140, seq: 166, ack: 517991066, window: 1448, ACK
0.395 Acknowledged seq: 517989618
0.395 Assembling: source: 49140, dest: 63040, seq: 517991066, ack: 167, window: 1448, data: " ex utinam parti"...
0.396 Sent: b'\xbf\xf4\xf6@\x1e\xdf\xea\x9a\x00\x00\x00\xa7P\x00\x05\xa8\x00\x00\x00\x00 ex utinam parti'...
0.397 Received: b'\xf6@\xbf\xf4\x00\x00\x00\xa7\x1e\xdf\xf0BP\x10\x05\xa8\x00\x00\x00\x00'
0.398 Disassembled: source: 63040, dest: 49140, seq: 167, ack: 517992514, window: 1448, ACK
0.398 Acknowledged seq: 517991066
0.398 Assembling: source: 49140, dest: 63040, seq: 517992514, ack: 168, window: 1448, data: "icus in his. Pri"...
0.398 Sent: b'\xbf\xf4\xf6@\x1e\xdf\xf0B\x00\x00\x00\xa8P\x00\x05\xa8\x00\x00\x00\x00icus in his. Pri'...
0.400 Received: b'\xf6@\xbf\xf4\x00\x00\x00\xa8\x1e\xdf\xf5\xeaP\x10\x05\xa8\x00\x00\x00\x00'
0.400 Disassembled: source: 63040, dest: 49140, seq: 168, ack: 517993962, window: 1448, ACK
0.401 Acknowledged seq: 517992514
0.401 Assembling: source: 49140, dest: 63040, seq: 517993962, ack: 169, window: 1448, data: "iis et.

Ius cu "...
0.401 Sent: b'\xbf\xf4\xf6@\x1e\xdf\xf5\xea\x00\x00\x00\xa9P\x00\x05\xa8\x00\x00\x00\x00iis et.\n\nIus cu '...
0.403 Received: b'\xf6@\xbf\xf4\x00\x00\x00\xa9\x1e\xdf\xfb\x92P\x10\x05\xa8\x00\x00\x00\x00'
0.403 Disassembled: source: 63040, dest: 49140, seq: 169, ack: 517995410, window: 1448, ACK
0.403 Acknowledged seq: 517993962
0.404 Assembling: source: 49140, dest: 63040, seq: 517995410, ack: 170, window: 1448, data: "e interesset.

T"...
0.404 Sent: b'\xbf\xf4\xf6@\x1e\xdf\xfb\x92\x00\x00\x00\xaaP\x00\x05\xa8\x00\x00\x00\x00e interesset.\n\nT'...
0.405 Received: b'\xf6@\xbf\xf4\x00\x00\x00\xaa\x1e\xe0\x01:P\x10\x05\xa8\x00\x00\x00\x00'
0.406 Disassembled: source: 63040, dest: 49140, seq: 170, ack: 517996858, window: 1448, ACK
0.406 Acknowledged seq: 517995410
0.406 Assembling: source: 49140, dest: 63040, seq: 517996858, ack: 171, window: 1448, data: "pro alia volutpa"...
0.406 Sent: b'\xbf\xf4\xf6@\x1e\xe0\x01:\x00\x00\x00\xabP\x00\x05\xa8\x00\x00\x00\x00pro alia volutpa'...
0.408 Received: b'\xf6@\xbf\xf4\x00\x00\x00\xab\x1e\xe0\x06\xe2P\x10\x05\xa8\x00\x00\x00\x00'
0.408 Disassembled: source: 63040, dest: 49140, seq: 171, ack: 517998306, window: 1448, ACK
0.409 Acknowledged seq: 517996858
0.409 Assembling: source: 49140, dest: 63040, seq: 517998306, ack: 172, window: 1448, data: " libris equidem "...
0.409 Sent: b'\xbf\xf4\xf6@\x1e\xe0\x06\xe2\x00\x00\x00\xacP\x00\x05\xa8\x00\x00\x00\x00 libris equidem '...
0.411 Received: b'\xf6@\xbf\xf4\x00\x00\x00\xac\x1e\xe0\x0c\x8aP\x10\x05\xa8\x00\x00\x00\x00'
0.411 Disassembled: source: 63040, dest: 49140, seq: 172, ack: 517999754, window: 1448, ACK
0.411 Acknowledged seq: 517998306
0.412 Assembling: source: 49140, dest: 63040, seq: 517999754, ack: 173, window: 1448, data: "uavitate volupta"...
0.412 Sent: b'\xbf\xf4\xf6@\x1e\xe0\x0c\x8a\x00\x00\x00\xadP\x00\x05\xa8\x00\x00\x00\x00uavitate volupta'...
0.413 Received: b'\xf6@\xbf\xf4\x00\x00\x00\xad\x1e\xe0\x122P\x10\x05\xa8\x00\x00\x00\x00'
0.414 Disassembled: source: 63040, dest: 49140, seq: 173, ack: 518001202, window: 1448, ACK
0.414 Acknowledged seq: 517999754
0.414 Assembling: source: 49140, dest: 63040, seq: 518001202, ack: 174, window: 1448, data: " Detraxit defini"...
0.415 Sent: b'\xbf\xf4\xf6@\x1e\xe0\x122\x00\x00\x00\xaeP\x00\x05\xa8\x00\x00\x00\x00 Detraxit defini'...
0.416 Received: b'\xf6@\xbf\xf4\x00\x00\x00\xae\x1e\xe0\x17\xdaP\x10\x05\xa8\x00\x00\x00\x00'
0.417 Disassembled: source: 63040, dest: 49140, seq: 174, ack: 518002650, window: 1448, ACK
0.417 Acknowledged seq: 518001202
0.417 Assembling: source: 49140, dest: 63040, seq: 518002650, ack: 175, window: 1448, data: "aesent mei. Quo "...
0.417 Sent: b'\xbf\xf4\xf6@\x1e\xe0\x17\xda\x00\x00\x00\xafP\x00\x05\xa8\x00\x00\x00\x00aesent mei. Quo '...
0.419 Received: b'\xf6@\xbf\xf4\x00\x00\x00\xaf\x1e\xe0\x1d\x82P\x10\x05\xa8\x00\x00\x00\x00'
0.419 Disassembled: source: 63040, dest: 49140, seq: 175, ack: 518004098, window: 1448, ACK
0.419 Acknowledged seq: 518002650
0.420 Assembling: source: 49140, dest: 63040, seq: 518004098, ack: 176, window: 1448, data: "nterpretaris no "...
0.420 Sent: b'\xbf\xf4\xf6@\x1e\xe0\x1d\x82\x00\x00\x00\xb0P\x00\x05\xa8\x00\x00\x00\x00nterpretaris no '...
0.421 Received: b'\xf6@\xbf\xf4\x00\x00\x00\xb0\x1e\xe0#*P\x10\x05\xa8\x00\x00\x00\x00'
0.422 Disassembled: source: 63040, dest: 49140, seq: 176, ack: 518005546, window: 1448, ACK
0.422 Acknowledged seq: 518004098
0.422 Assembling: source: 49140, dest: 63040, seq: 518005546, ack: 177, window: 1448, data: "patrioque has. I"...
0.422 Sent: b'\xbf\xf4\xf6@\x1e\xe0#*\x00\x00\x00\xb1P\x00\x05\xa8\x00\x00\x00\x00patrioque has. I'...
0.424 Received: b'\xf6@\xbf\xf4\x00\x00\x00\xb1\x1e\xe0(\xd2P\x10\x05\xa8\x00\x00\x00\x00'
0.425 Disassembled: source: 63040, dest: 49140, seq: 177, ack: 518006994, window: 1448, ACK
0.425 Acknowledged seq: 518005546
0.425 Assembling: source: 49140, dest: 63040, seq: 518006994, ack: 178, window: 1448, data: "ossit repudianda"...
0.425 Sent: b'\xbf\xf4\xf6@\x1e\xe0(\xd2\x00\x00\x00\xb2P\x00\x05\xa8\x00\x00\x00\x00ossit repudianda'...
0.427 Received: b'\xf6@\xbf\xf4\x00\x00\x00\xb2\x1e\xe0.zP\x10\x05\xa8\x00\x00\x00\x00'
0.427 Disassembled: source: 63040, dest: 49140, seq: 178, ack: 518008442, window: 1448, ACK
0.427 Acknowledged seq: 518006994
0.428 Assembling: source: 49140, dest: 63040, seq: 518008442, ack: 179, window: 1448, data: "ora consequuntur"...
0.428 Sent: b'\xbf\xf4\xf6@\x1e\xe0.z\x00\x00\x00\xb3P\x00\x05\xa8\x00\x00\x00\x00ora consequuntur'...
0.430 Received: b'\xf6@\xbf\xf4\x00\x00\x00\xb3\x1e\xe04"P\x10\x05\xa8\x00\x00\x00\x00'
0.430 Disassembled: source: 63040, dest: 49140, seq: 179, ack: 518009890, window: 1448, ACK
0.430 Acknowledged seq: 518008442
0.431 Assembling: source: 49140, dest: 63040, seq: 518009890, ack: 180, window: 1448, data: "ctus conceptam a"...
0.431 Sent: b'\xbf\xf4\xf6@\x1e\xe04"\x00\x00\x00\xb4P\x00\x05\xa8\x00\x00\x00\x00ctus conceptam a'...
0.432 Received: b'\xf6@\xbf\xf4\x00\x00\x00\xb4\x1e\xe09\xcaP\x10\x05\xa8\x00\x00\x00\x00'
0.433 Disassembled: source: 63040, dest: 49140, seq: 180, ack: 518011338, window: 1448, ACK
0.433 Acknowledged seq: 518009890
0.433 Assembling: source: 49140, dest: 63040, seq: 518011338, ack: 181, window: 1448, data: " aeterno te, ne "...
0.434 Sent: b'\xbf\xf4\xf6@\x1e\xe09\xca\x00\x00\x00\xb5P\x00\x05\xa8\x00\x00\x00\x00 aeterno te, ne '...
0.435 Received: b'\xf6@\xbf\xf4\x00\x00\x00\xb5\x1e\xe0?rP\x10\x05\xa8\x00\x00\x00\x00'
0.436 Disassembled: source: 63040, dest: 49140, seq: 181, ack: 518012786, window: 1448, ACK
0.436 Acknowledged seq: 518011338
0.436 Assembling: source: 49140, dest: 63040, seq: 518012786, ack: 182, window: 1448, data: "imis oporteat di"...
0.436 Sent: b'\xbf\xf4\xf6@\x1e\xe0?r\x00\x00\x00\xb6P\x00\x05\xa8\x00\x00\x00\x00imis oporteat di'...
0.438 Received: b'\xf6@\xbf\xf4\x00\x00\x00\xb6\x1e\xe0E\x1aP\x10\x05\xa8\x00\x00\x00\x00'
0.438 Disassembled: source: 63040, dest: 49140, seq: 182, ack: 518014234, window: 1448, ACK
0.439 Acknowledged seq: 518012786
0.439 Assembling: source: 49140, dest: 63040, seq: 518014234, ack: 183, window: 1448, data: "re. Has virtute "...
0.439 Sent: b'\xbf\xf4\xf6@\x1e\xe0E\x1a\x00\x00\x00\xb7P\x00\x05\xa8\x00\x00\x00\x00re. Has virtute '...
0.441 Received: b'\xf6@\xbf\xf4\x00\x00\x00\xb7\x1e\xe0J\xc2P\x10\x05\xa8\x00\x00\x00\x00'
0.441 Disassembled: source: 63040, dest: 49140, seq: 183, ack: 518015682, window: 1448, ACK
0.441 Acknowledged seq: 518014234
0.442 Assembling: source: 49140, dest: 63040, seq: 518015682, ack: 184, window: 1448, data: " eum ancillae no"...
0.442 Sent: b'\xbf\xf4\xf6@\x1e\xe0J\xc2\x00\x00\x00\xb8P\x00\x05\xa8\x00\x00\x00\x00 eum ancillae no'...
0.443 Received: b'\xf6@\xbf\xf4\x00\x00\x00\xb8\x1e\xe0PjP\x10\x05\xa8\x00\x00\x00\x00'
0.444 Disassembled: source: 63040, dest: 49140, seq: 184, ack: 518017130, window: 1448, ACK
0.444 Acknowledged seq: 518015682
0.444 Assembling: source: 49140, dest: 63040, seq: 518017130, ack: 185, window: 1448, data: "ppareat ius. At "...
0.445 Sent: b'\xbf\xf4\xf6@\x1e\xe0Pj\x00\x00\x00\xb9P\x00\x05\xa8\x00\x00\x00\x00ppareat ius. At '...
0.446 Received: b'\xf6@\xbf\xf4\x00\x00\x00\xb9\x1e\xe0V\x12P\x10\x05\xa8\x00\x00\x00\x00'
0.447 Disassembled: source: 63040, dest: 49140, seq: 185, ack: 518018578, window: 1448, ACK
0.447 Acknowledged seq: 518017130
0.447 Assembling: source: 49140, dest: 63040, seq: 518018578, ack: 186, window: 1448, data: ", vero appellant"...
0.447 Sent: b'\xbf\xf4\xf6@\x1e\xe0V\x12\x00\x00\x00\xbaP\x00\x05\xa8\x00\x00\x00\x00, vero appellant'...
0.449 Received: b'\xf6@\xbf\xf4\x00\x00\x00\xba\x1e\xe0[\xbaP\x10\x05\xa8\x00\x00\x00\x00'
0.449 Disassembled: source: 63040, dest: 49140, seq: 186, ack: 518020026, window: 1448, ACK
0.449 Acknowledged seq: 518018578
0.450 Assembling: source: 49140, dest: 63040, seq: 518020026, ack: 187, window: 1448, data: "ibo quando copio"...
0.450 Sent: b'\xbf\xf4\xf6@\x1e\xe0[\xba\x00\x00\x00\xbbP\x00\x05\xa8\x00\x00\x00\x00ibo quando copio'...
0.452 Received: b'\xf6@\xbf\xf4\x00\x00\x00\xbb\x1e\xe0abP\x10\x05\xa8\x00\x00\x00\x00'
0.452 Disassembled: source: 63040, dest: 49140, seq: 187, ack: 518021474, window: 1448, ACK
0.452 Acknowledged seq: 518020026
0.452 Assembling: source: 49140, dest: 63040, seq: 518021474, ack: 188, window: 1448, data: " maluisset. Sit "...
0.453 Sent: b'\xbf\xf4\xf6@\x1e\xe0ab\x00\x00\x00\xbcP\x00\x05\xa8\x00\x00\x00\x00 maluisset. Sit '...
0.454 Received: b'\xf6@\xbf\xf4\x00\x00\x00\xbc\x1e\xe0g\nP\x10\x05\xa8\x00\x00\x00\x00'
0.455 Disassembled: source: 63040, dest: 49140, seq: 188, ack: 518022922, window: 1448, ACK
0.455 Acknowledged seq: 518021474
0.455 Assembling: source: 49140, dest: 63040, seq: 518022922, ack: 189, window: 1448, data: "e ceteros albuci"...
0.455 Sent: b'\xbf\xf4\xf6@\x1e\xe0g\n\x00\x00\x00\xbdP\x00\x05\xa8\x00\x00\x00\x00e ceteros albuci'...
0.457 Received: b'\xf6@\xbf\xf4\x00\x00\x00\xbd\x1e\xe0l\xb2P\x10\x05\xa8\x00\x00\x00\x00'
0.458 Disassembled: source: 63040, dest: 49140, seq: 189, ack: 518024370, window: 1448, ACK
0.458 Acknowledged seq: 518022922
0.458 Assembling: source: 49140, dest: 63040, seq: 518024370, ack: 190, window: 1448, data: "complectitur sea"...
0.458 Sent: b'\xbf\xf4\xf6@\x1e\xe0l\xb2\x00\x00\x00\xbeP\x00\x05\xa8\x00\x00\x00\x00complectitur sea'...
0.460 Received: b'\xf6@\xbf\xf4\x00\x00\x00\xbe\x1e\xe0rZP\x10\x05\xa8\x00\x00\x00\x00'
0.460 Disassembled: source: 63040, dest: 49140, seq: 190, ack: 518025818, window: 1448, ACK
0.461 Acknowledged seq: 518024370
0.461 Finished reading file
0.461 Assembling: source: 49140, dest: 63040, seq: 518025818, ack: 191, window: 1448, data: "tempor ex ius. E"...
0.461 Sent: b'\xbf\xf4\xf6@\x1e\xe0rZ\x00\x00\x00\xbfP\x00\x05\xa8\x00\x00\x00\x00tempor ex ius. E'...
0.463 Received: b'\xf6@\xbf\xf4\x00\x00\x00\xbf\x1e\xe0r\xb8P\x10\x05\xa8\x00\x00\x00\x00'
0.463 Disassembled: source: 63040, dest: 49140, seq: 191, ack: 518025912, window: 1448, ACK
0.463 Acknowledged seq: 518025818
0.464 Assembling: source: 49140, dest: 63040, seq: 518025912, ack: 192, window: 1448, ACK, FIN
0.464 Sent: b'\xbf\xf4\xf6@\x1e\xe0r\xb8\x00\x00\x00\xc0P\x11\x05\xa8\x00\x00\x00\x00'
0.465 Received: b'\xf6@\xbf\xf4\x00\x00\x00\xc0\x1e\xe0r\xb9P\x10\x05\xa8\x00\x00\x00\x00'
0.466 Disassembled: source: 63040, dest: 49140, seq: 192, ack: 518025913, window: 1448, ACK
0.466 FIN accepted; sending final packet
0.466 Assembling: source: 49140, dest: 63040, seq: 518025913, ack: 192, window: 1448, ACK
0.467 Sent: b'\xbf\xf4\xf6@\x1e\xe0r\xb9\x00\x00\x00\xc0P\x10\x05\xa8\x00\x00\x00\x00'
0.467 Closed connection
0.467 Shutting down
