0.000 NEW RUN: Server, TEST: Read_file__Single_packet
0.212 Received: b'F=\xda\xc0\x00\x00\x00\x10\x00\x00\x00\x00P\x02\x05\xa8\x00\x00\x00\x00'
0.213 Disassembled: source: 17981, dest: 56000, seq: 16, window: 1448, SYN
0.213 SYN accepted; new connection: 127.0.0.1 on port 17981
0.213 Assembling: source: 56000, dest: 17981, seq: 1575671355, ack: 17, window: 1448, ACK, SYN
0.213 Sent: b'\xda\xc0F=]\xea\xd6;\x00\x00\x00\x11P\x12\x05\xa8\x00\x00\x00\x00'
0.215 Received: b'F=\xda\xc0\x00\x00\x00\x11]\xea\xd6<P\x10\x05\xa8\x00\x00\x00\x00'
0.215 Disassembled: source: 17981, dest: 56000, seq: 17, ack: 1575671356, window: 1448, ACK
0.215 Handshake complete
0.215 Acknowledged seq: 1575671355
0.215 Finished reading file
0.215 Assembling: source: 56000, dest: 17981, seq: 1575671356, ack: 18, window: 1448, data: "This file fits i"...
0.215 Sent: b'\xda\xc0F=]\xea\xd6<\x00\x00\x00\x12P\x00\x05\xa8\x00\x00\x00\x00This file fits i'...
0.217 Received: b'F=\xda\xc0\x00\x00\x00\x12]\xea\xd6=P\x10\x05\xa8\x00\x00\x00\x00'
0.218 Disassembled: source: 17981, dest: 56000, seq: 18, ack: 1575671357, window: 1448, ACK
0.218 Assembling: source: 56000, dest: 17981, seq: 1575671399, ack: 19, window: 1448, ACK, FIN
0.218 Sent: b'\xda\xc0F=]\xea\xd6g\x00\x00\x00\x13P\x11\x05\xa8\x00\x00\x00\x00'
0.719 Sent: b'\xda\xc0F=]\xea\xd6<\x00\x00\x00\x12P\x00\x05\xa8\x00\x00\x00\x00This file fits i'...
0.719 Sent: b'\xda\xc0F=]\xea\xd6g\x00\x00\x00\x13P\x11\x05\xa8\x00\x00\x00\x00'
1.219 Sent: b'\xda\xc0F=]\xea\xd6<\x00\x00\x00\x12P\x00\x05\xa8\x00\x00\x00\x00This file fits i'...
1.219 Sent: b'\xda\xc0F=]\xea\xd6g\x00\x00\x00\x13P\x11\x05\xa8\x00\x00\x00\x00'
1.719 Sent: b'\xda\xc0F=]\xea\xd6<\x00\x00\x00\x12P\x00\x05\xa8\x00\x00\x00\x00This file fits i'...
1.719 Sent: b'\xda\xc0F=]\xea\xd6g\x00\x00\x00\x13P\x11\x05\xa8\x00\x00\x00\x00'
2.219 Sent: b'\xda\xc0F=]\xea\xd6<\x00\x00\x00\x12P\x00\x05\xa8\x00\x00\x00\x00This file fits i'...
2.220 Sent: b'\xda\xc0F=]\xea\xd6g\x00\x00\x00\x13P\x11\x05\xa8\x00\x00\x00\x00'
2.720 Sent: b'\xda\xc0F=]\xea\xd6<\x00\x00\x00\x12P\x00\x05\xa8\x00\x00\x00\x00This file fits i'...
2.720 Sent: b'\xda\xc0F=]\xea\xd6g\x00\x00\x00\x13P\x11\x05\xa8\x00\x00\x00\x00'
3.220 Error: Connection timed out
3.221 Closed connection
3.221 Shutting down
