0.000 NEW RUN: Server, TEST: Read_file__No_file_extension
0.217 Received: b'e\xb79\xb3\x00\x00\x00@\x00\x00\x00\x00P\x02\x05\xa8\x00\x00\x00\x00'
0.218 Disassembled: source: 26039, dest: 14771, seq: 64, window: 1448, SYN
0.218 SYN accepted; new connection: 127.0.0.1 on port 26039
0.218 Assembling: source: 14771, dest: 26039, seq: 1578798016, ack: 65, window: 1448, ACK, SYN
0.219 Sent: b'9\xb3e\xb7^\x1a\x8b\xc0\x00\x00\x00AP\x12\x05\xa8\x00\x00\x00\x00'
0.220 Received: b'e\xb79\xb3\x00\x00\x00A^\x1a\x8b\xc1P\x10\x05\xa8\x00\x00\x00\x00'
0.221 Disassembled: source: 26039, dest: 14771, seq: 65, ack: 1578798017, window: 1448, ACK
0.221 Handshake complete
0.221 Acknowledged seq: 1578798016
0.221 Assembling: source: 14771, dest: 26039, seq: 1578798017, ack: 66, window: 1448, data: "Lorem ipsum dolo"...
0.221 Sent: b'9\xb3e\xb7^\x1a\x8b\xc1\x00\x00\x00BP\x00\x05\xa8\x00\x00\x00\x00Lorem ipsum dolo'...
0.223 Received: b'e\xb79\xb3\x00\x00\x00B^\x1a\x8b\xc2P\x10\x05\xa8\x00\x00\x00\x00'
0.224 Disassembled: source: 26039, dest: 14771, seq: 66, ack: 1578798018, window: 1448, ACK
0.224 Assembling: source: 14771, dest: 26039, seq: 1578799465, ack: 67, window: 1448, data: "m"
0.224 Sent: b'9\xb3e\xb7^\x1a\x91i\x00\x00\x00CP\x00\x05\xa8\x00\x00\x00\x00m'
0.725 Sent: b'9\xb3e\xb7^\x1a\x8b\xc1\x00\x00\x00BP\x00\x05\xa8\x00\x00\x00\x00Lorem ipsum dolo'...
0.725 Sent: b'9\xb3e\xb7^\x1a\x91i\x00\x00\x00CP\x00\x05\xa8\x00\x00\x00\x00m'
1.225 Sent: b'9\xb3e\xb7^\x1a\x8b\xc1\x00\x00\x00BP\x00\x05\xa8\x00\x00\x00\x00Lorem ipsum dolo'...
1.225 Sent: b'9\xb3e\xb7^\x1a\x91i\x00\x00\x00CP\x00\x05\xa8\x00\x00\x00\x00m'
1.725 Sent: b'9\xb3e\xb7^\x1a\x8b\xc1\x00\x00\x00BP\x00\x05\xa8\x00\x00\x00\x00Lorem ipsum dolo'...
1.726 Sent: b'9\xb3e\xb7^\x1a\x91i\x00\x00\x00CP\x00\x05\xa8\x00\x00\x00\x00m'
2.226 Sent: b'9\xb3e\xb7^\x1a\x8b\xc1\x00\x00\x00BP\x00\x05\xa8\x00\x00\x00\x00Lorem ipsum dolo'...
2.226 Sent: b'9\xb3e\xb7^\x1a\x91i\x00\x00\x00CP\x00\x05\xa8\x00\x00\x00\x00m'
2.726 Sent: b'9\xb3e\xb7^\x1a\x8b\xc1\x00\x00\x00BP\x00\x05\xa8\x00\x00\x00\x00Lorem ipsum dolo'...
2.727 Sent: b'9\xb3e\xb7^\x1a\x91i\x00\x00\x00CP\x00\x05\xa8\x00\x00\x00\x00m'
3.226 Error: Connection timed out
3.227 Closed connection
3.228 Shutting down
