0.000 NEW RUN: Server, TEST: Read_file__Large_multi-packet
0.231 Received: b'\xa3\xdeN\xbb\x00\x00\x00N\x00\x00\x00\x00P\x02\x05\xa8\x00\x00\x00\x00'
0.232 Disassembled: source: 41950, dest: 20155, seq: 78, window: 1448, SYN
0.232 SYN accepted; new connection: 127.0.0.1 on port 41950
0.232 Assembling: source: 20155, dest: 41950, seq: 3520147759, ack: 79, window: 1448, ACK, SYN
0.232 Sent: b'N\xbb\xa3\xde\xd1\xd11/\x00\x00\x00OP\x12\x05\xa8\x00\x00\x00\x00'
0.234 Received: b'\xa3\xdeN\xbb\x00\x00\x00O\xd1\xd110P\x10\x05\xa8\x00\x00\x00\x00'
0.234 Disassembled: source: 41950, dest: 20155, seq: 79, ack: 3520147760, window: 1448, ACK
0.234 Handshake complete
0.235 Acknowledged seq: 3520147759
0.235 Assembling: source: 20155, dest: 41950, seq: 3520147760, ack: 80, window: 1448, data: "Lorem ipsum dolo"...
0.235 Sent: b'N\xbb\xa3\xde\xd1\xd110\x00\x00\x00PP\x00\x05\xa8\x00\x00\x00\x00Lorem ipsum dolo'...
0.236 Received: b'\xa3\xdeN\xbb\x00\x00\x00O\xd1\xd16\xd8P\x10\x05\xa8\x00\x00\x00\x00'
0.237 Disassembled: source: 41950, dest: 20155, seq: 79, ack: 3520149208, window: 1448, ACK
0.237 Acknowledged seq: 3520147760
0.237 Assembling: source: 20155, dest: 41950, seq: 3520149208, ack: 80, window: 1448, data: "mprehensam nam, "...
0.237 Sent: b'N\xbb\xa3\xde\xd1\xd16\xd8\x00\x00\x00PP\x00\x05\xa8\x00\x00\x00\x00mprehensam nam, '...
0.239 Received: b'\xa3\xdeN\xbb\x00\x00\x00O\xd1\xd1<\x80P\x10\x05\xa8\x00\x00\x00\x00'
0.239 Disassembled: source: 41950, dest: 20155, seq: 79, ack: 3520150656, window: 1448, ACK
0.240 Acknowledged seq: 3520149208
0.240 Assembling: source: 20155, dest: 41950, seq: 3520150656, ack: 80, window: 1448, data: "ilisi repudiare "...
0.240 Sent: b'N\xbb\xa3\xde\xd1\xd1<\x80\x00\x00\x00PP\x00\x05\xa8\x00\x00\x00\x00ilisi repudiare '...
0.242 Received: b'\xa3\xdeN\xbb\x00\x00\x00O\xd1\xd1B(P\x10\x05\xa8\x00\x00\x00\x00'
0.242 Disassembled: source: 41950, dest: 20155, seq: 79, ack: 3520152104, window: 1448, ACK
0.242 Acknowledged seq: 3520150656
0.242 Assembling: source: 20155, dest: 41950, seq: 3520152104, ack: 80, window: 1448, data: "ta.

Et essent s"...
0.243 Sent: b'N\xbb\xa3\xde\xd1\xd1B(\x00\x00\x00PP\x00\x05\xa8\x00\x00\x00\x00ta.\n\nEt essent s'...
0.244 Received: b'\xa3\xdeN\xbb\x00\x00\x00O\xd1\xd1G\xd0P\x10\x05\xa8\x00\x00\x00\x00'
0.245 Disassembled: source: 41950, dest: 20155, seq: 79, ack: 3520153552, window: 1448, ACK
0.245 Acknowledged seq: 3520152104
0.245 Assembling: source: 20155, dest: 41950, seq: 3520153552, ack: 80, window: 1448, data: " Nihil tractatos"...
0.245 Sent: b'N\xbb\xa3\xde\xd1\xd1G\xd0\x00\x00\x00PP\x00\x05\xa8\x00\x00\x00\x00 Nihil tractatos'...
0.247 Received: b'\xa3\xdeN\xbb\x00\x00\x00O\xd1\xd1MxP\x10\x05\xa8\x00\x00\x00\x00'
0.247 Disassembled: source: 41950, dest: 20155, seq: 79, ack: 3520155000, window: 1448, ACK
0.247 Acknowledged seq: 3520153552
0.248 Assembling: source: 20155, dest: 41950, seq: 3520155000, ack: 80, window: 1448, data: "fert iuvaret sap"...
0.248 Sent: b'N\xbb\xa3\xde\xd1\xd1Mx\x00\x00\x00PP\x00\x05\xa8\x00\x00\x00\x00fert iuvaret sap'...
0.250 Received: b'\xa3\xdeN\xbb\x00\x00\x00O\xd1\xd1S P\x10\x05\xa8\x00\x00\x00\x00'
0.250 Disassembled: source: 41950, dest: 20155, seq: 79, ack: 3520156448, window: 1448, ACK
0.250 Acknowledged seq: 3520155000
0.250 Assembling: source: 20155, dest: 41950, seq: 3520156448, ack: 80, window: 1448, data: "ram adipiscing, "...
0.251 Sent: b'N\xbb\xa3\xde\xd1\xd1S \x00\x00\x00PP\x00\x05\xa8\x00\x00\x00\x00ram adipiscing, '...
0.252 Received: b'\xa3\xdeN\xbb\x00\x00\x00O\xd1\xd1X\xc8P\x10\x05\xa8\x00\x00\x00\x00'
0.253 Disassembled: source: 41950, dest: 20155, seq: 79, ack: 3520157896, window: 1448, ACK
0.253 Acknowledged seq: 3520156448
0.253 Assembling: source: 20155, dest: 41950, seq: 3520157896, ack: 80, window: 1448, data: "m veritus vivend"...
0.253 Sent: b'N\xbb\xa3\xde\xd1\xd1X\xc8\x00\x00\x00PP\x00\x05\xa8\x00\x00\x00\x00m veritus vivend'...
0.255 Received: b'\xa3\xdeN\xbb\x00\x00\x00O\xd1\xd1^pP\x10\x05\xa8\x00\x00\x00\x00'
0.255 Disassembled: source: 41950, dest: 20155, seq: 79, ack: 3520159344, window: 1448, ACK
0.256 Acknowledged seq: 3520157896
0.256 Assembling: source: 20155, dest: 41950, seq: 3520159344, ack: 80, window: 1448, data: " delenit, ignota"...
0.256 Sent: b'N\xbb\xa3\xde\xd1\xd1^p\x00\x00\x00PP\x00\x05\xa8\x00\x00\x00\x00 delenit, ignota'...
0.258 Received: b'\xa3\xdeN\xbb\x00\x00\x00O\xd1\xd1d\x18P\x10\x05\xa8\x00\x00\x00\x00'
0.258 Disassembled: source: 41950, dest: 20155, seq: 79, ack: 3520160792, window: 1448, ACK
0.258 Acknowledged seq: 3520159344
0.258 Assembling: source: 20155, dest: 41950, seq: 3520160792, ack: 80, window: 1448, data: "se explicari des"...
0.259 Sent: b'N\xbb\xa3\xde\xd1\xd1d\x18\x00\x00\x00PP\x00\x05\xa8\x00\x00\x00\x00se explicari des'...
0.260 Received: b'\xa3\xdeN\xbb\x00\x00\x00O\xd1\xd1i\xc0P\x10\x05\xa8\x00\x00\x00\x00'
0.261 Disassembled: source: 41950, dest: 20155, seq: 79, ack: 3520162240, window: 1448, ACK
0.261 Acknowledged seq: 3520160792
0.261 Assembling: source: 20155, dest: 41950, seq: 3520162240, ack: 80, window: 1448, data: "piscing, in modo"...
0.262 Sent: b'N\xbb\xa3\xde\xd1\xd1i\xc0\x00\x00\x00PP\x00\x05\xa8\x00\x00\x00\x00piscing, in modo'...
0.263 Received: b'\xa3\xdeN\xbb\x00\x00\x00O\xd1\xd1ohP\x10\x05\xa8\x00\x00\x00\x00'
0.264 Disassembled: source: 41950, dest: 20155, seq: 79, ack: 3520163688, window: 1448, ACK
0.264 Acknowledged seq: 3520162240
0.264 Assembling: source: 20155, dest: 41950, seq: 3520163688, ack: 80, window: 1448, data: "o copiosae tacim"...
0.264 Sent: b'N\xbb\xa3\xde\xd1\xd1oh\x00\x00\x00PP\x00\x05\xa8\x00\x00\x00\x00o copiosae tacim'...
0.266 Received: b'\xa3\xdeN\xbb\x00\x00\x00O\xd1\xd1u\x10P\x10\x05\xa8\x00\x00\x00\x00'
0.267 Disassembled: source: 41950, dest: 20155, seq: 79, ack: 3520165136, window: 1448, ACK
0.267 Acknowledged seq: 3520163688
0.267 Assembling: source: 20155, dest: 41950, seq: 3520165136, ack: 80, window: 1448, data: "am. Pri ne antio"...
0.267 Sent: b'N\xbb\xa3\xde\xd1\xd1u\x10\x00\x00\x00PP\x00\x05\xa8\x00\x00\x00\x00am. Pri ne antio'...
0.269 Received: b'\xa3\xdeN\xbb\x00\x00\x00O\xd1\xd1z\xb8P\x10\x05\xa8\x00\x00\x00\x00'
0.270 Disassembled: source: 41950, dest: 20155, seq: 79, ack: 3520166584, window: 1448, ACK
0.270 Acknowledged seq: 3520165136
0.270 Assembling: source: 20155, dest: 41950, seq: 3520166584, ack: 80, window: 1448, data: "to no. Elitr pos"...
0.270 Sent: b'N\xbb\xa3\xde\xd1\xd1z\xb8\x00\x00\x00PP\x00\x05\xa8\x00\x00\x00\x00to no. Elitr pos'...
0.272 Received: b'\xa3\xdeN\xbb\x00\x00\x00O\xd1\xd1\x80`P\x10\x05\xa8\x00\x00\x00\x00'
0.272 Disassembled: source: 41950, dest: 20155, seq: 79, ack: 3520168032, window: 1448, ACK
0.273 Acknowledged seq: 3520166584
0.273 Assembling: source: 20155, dest: 41950, seq: 3520168032, ack: 80, window: 1448, data: "pretaris, sea ex"...
0.273 Sent: b'N\xbb\xa3\xde\xd1\xd1\x80`\x00\x00\x00PP\x00\x05\xa8\x00\x00\x00\x00pretaris, sea ex'...
0.275 Received: b'\xa3\xdeN\xbb\x00\x00\x00O\xd1\xd1\x86\x08P\x10\x05\xa8\x00\x00\x00\x00'
0.275 Disassembled: source: 41950, dest: 20155, seq: 79, ack: 3520169480, window: 1448, ACK
0.275 Acknowledged seq: 3520168032
0.276 Assembling: source: 20155, dest: 41950, seq: 3520169480, ack: 80, window: 1448, data: "oporteat inimicu"...
0.276 Sent: b'N\xbb\xa3\xde\xd1\xd1\x86\x08\x00\x00\x00PP\x00\x05\xa8\x00\x00\x00\x00oporteat inimicu'...
0.278 Received: b'\xa3\xdeN\xbb\x00\x00\x00O\xd1\xd1\x8b\xb0P\x10\x05\xa8\x00\x00\x00\x00'
0.278 Disassembled: source: 41950, dest: 20155, seq: 79, ack: 3520170928, window: 1448, ACK
0.278 Acknowledged seq: 3520169480
0.279 Assembling: source: 20155, dest: 41950, seq: 3520170928, ack: 80, window: 1448, data: "ligendi officiis"...
0.279 Sent: b'N\xbb\xa3\xde\xd1\xd1\x8b\xb0\x00\x00\x00PP\x00\x05\xa8\x00\x00\x00\x00ligendi officiis'...
0.281 Received: b'\xa3\xdeN\xbb\x00\x00\x00O\xd1\xd1\x91XP\x10\x05\xa8\x00\x00\x00\x00'
0.281 Disassembled: source: 41950, dest: 20155, seq: 79, ack: 3520172376, window: 1448, ACK
0.281 Acknowledged seq: 3520170928
0.282 Assembling: source: 20155, dest: 41950, seq: 3520172376, ack: 80, window: 1448, data: "no vel regione i"...
0.282 Sent: b'N\xbb\xa3\xde\xd1\xd1\x91X\x00\x00\x00PP\x00\x05\xa8\x00\x00\x00\x00no vel regione i'...
0.284 Received: b'\xa3\xdeN\xbb\x00\x00\x00O\xd1\xd1\x97\x00P\x10\x05\xa8\x00\x00\x00\x00'
0.284 Disassembled: source: 41950, dest: 20155, seq: 79, ack: 3520173824, window: 1448, ACK
0.284 Acknowledged seq: 3520172376
0.285 Assembling: source: 20155, dest: 41950, seq: 3520173824, ack: 80, window: 1448, data: "ibus vis ex, pro"...
0.285 Sent: b'N\xbb\xa3\xde\xd1\xd1\x97\x00\x00\x00\x00PP\x00\x05\xa8\x00\x00\x00\x00ibus vis ex, pro'...
0.287 Received: b'\xa3\xdeN\xbb\x00\x00\x00O\xd1\xd1\x9c\xa8P\x10\x05\xa8\x00\x00\x00\x00'
0.287 Disassembled: source: 41950, dest: 20155, seq: 79, ack: 3520175272, window: 1448, ACK
0.287 Acknowledged seq: 3520173824
0.287 Assembling: source: 20155, dest: 41950, seq: 3520175272, ack: 80, window: 1448, data: "o vix, mel ea li"...
0.288 Sent: b'N\xbb\xa3\xde\xd1\xd1\x9c\xa8\x00\x00\x00PP\x00\x05\xa8\x00\x00\x00\x00o vix, mel ea li'...
0.289 Received: b'\xa3\xdeN\xbb\x00\x00\x00O\xd1\xd1\xa2PP\x10\x05\xa8\x00\x00\x00\x00'
0.290 Disassembled: source: 41950, dest: 20155, seq: 79, ack: 3520176720, window: 1448, ACK
0.290 Acknowledged seq: 3520175272
0.290 Assembling: source: 20155, dest: 41950, seq: 3520176720, ack: 80, window: 1448, data: "d. Ex fugit suav"...
0.291 Sent: b'N\xbb\xa3\xde\xd1\xd1\xa2P\x00\x00\x00PP\x00\x05\xa8\x00\x00\x00\x00d. Ex fugit suav'...
0.292 Received: b'\xa3\xdeN\xbb\x00\x00\x00O\xd1\xd1\xa7\xf8P\x10\x05\xa8\x00\x00\x00\x00'
0.293 Disassembled: source: 41950, dest: 20155, seq: 79, ack: 3520178168, window: 1448, ACK
0.293 Acknowledged seq: 3520176720
0.293 Assembling: source: 20155, dest: 41950, seq: 3520178168, ack: 80, window: 1448, data: "pertinax nec. De"...
0.293 Sent: b'N\xbb\xa3\xde\xd1\xd1\xa7\xf8\x00\x00\x00PP\x00\x05\xa8\x00\x00\x00\x00pertinax nec. De'...
0.295 Received: b'\xa3\xdeN\xbb\x00\x00\x00O\xd1\xd1\xad\xa0P\x10\x05\xa8\x00\x00\x00\x00'
0.296 Disassembled: source: 41950, dest: 20155, seq: 79, ack: 3520179616, window: 1448, ACK
0.296 Acknowledged seq: 3520178168
0.296 Assembling: source: 20155, dest: 41950, seq: 3520179616, ack: 80, window: 1448, data: "lli primis praes"...
0.296 Sent: b'N\xbb\xa3\xde\xd1\xd1\xad\xa0\x00\x00\x00PP\x00\x05\xa8\x00\x00\x00\x00lli primis praes'...
0.298 Received: b'\xa3\xdeN\xbb\x00\x00\x00O\xd1\xd1\xb3HP\x10\x05\xa8\x00\x00\x00\x00'
0.299 Disassembled: source: 41950, dest: 20155, seq: 79, ack: 3520181064, window: 1448, ACK
0.299 Acknowledged seq: 3520179616
0.299 Assembling: source: 20155, dest: 41950, seq: 3520181064, ack: 80, window: 1448, data: "m, percipit inte"...
0.299 Sent: b'N\xbb\xa3\xde\xd1\xd1\xb3H\x00\x00\x00PP\x00\x05\xa8\x00\x00\x00\x00m, percipit inte'...
0.301 Received: b'\xa3\xdeN\xbb\x00\x00\x00O\xd1\xd1\xb8\xf0P\x10\x05\xa8\x00\x00\x00\x00'
0.302 Disassembled: source: 41950, dest: 20155, seq: 79, ack: 3520182512, window: 1448, ACK
0.302 Acknowledged seq: 3520181064
0.302 Assembling: source: 20155, dest: 41950, seq: 3520182512, ack: 80, window: 1448, data: "nani docendi pat"...
0.302 Sent: b'N\xbb\xa3\xde\xd1\xd1\xb8\xf0\x00\x00\x00PP\x00\x05\xa8\x00\x00\x00\x00nani docendi pat'...
0.304 Received: b'\xa3\xdeN\xbb\x00\x00\x00O\xd1\xd1\xbe\x98P\x10\x05\xa8\x00\x00\x00\x00'
0.305 Disassembled: source: 41950, dest: 20155, seq: 79, ack: 3520183960, window: 1448, ACK
0.305 Acknowledged seq: 3520182512
0.305 Assembling: source: 20155, dest: 41950, seq: 3520183960, ack: 80, window: 1448, data: " vis decore poss"...
0.305 Sent: b'N\xbb\xa3\xde\xd1\xd1\xbe\x98\x00\x00\x00PP\x00\x05\xa8\x00\x00\x00\x00 vis decore poss'...
0.307 Received: b'\xa3\xdeN\xbb\x00\x00\x00O\xd1\xd1\xc4@P\x10\x05\xa8\x00\x00\x00\x00'
0.307 Disassembled: source: 41950, dest: 20155, seq: 79, ack: 3520185408, window: 1448, ACK
0.308 Acknowledged seq: 3520183960
0.308 Assembling: source: 20155, dest: 41950, seq: 3520185408, ack: 80, window: 1448, data: "eam odio corpora"...
0.308 Sent: b'N\xbb\xa3\xde\xd1\xd1\xc4@\x00\x00\x00PP\x00\x05\xa8\x00\x00\x00\x00eam odio corpora'...
0.310 Received: b'\xa3\xdeN\xbb\x00\x00\x00O\xd1\xd1\xc9\xe8P\x10\x05\xa8\x00\x00\x00\x00'
0.311 Disassembled: source: 41950, dest: 20155, seq: 79, ack: 3520186856, window: 1448, ACK
0.311 Acknowledged seq: 3520185408
0.311 Assembling: source: 20155, dest: 41950, seq: 3520186856, ack: 80, window: 1448, data: " est. Usu sanctu"...
0.311 Sent: b'N\xbb\xa3\xde\xd1\xd1\xc9\xe8\x00\x00\x00PP\x00\x05\xa8\x00\x00\x00\x00 est. Usu sanctu'...
0.313 Received: b'\xa3\xdeN\xbb\x00\x00\x00O\xd1\xd1\xcf\x90P\x10\x05\xa8\x00\x00\x00\x00'
0.314 Disassembled: source: 41950, dest: 20155, seq: 79, ack: 3520188304, window: 1448, ACK
0.314 Acknowledged seq: 3520186856
0.314 Assembling: source: 20155, dest: 41950, seq: 3520188304, ack: 80, window: 1448, data: ".

Mei graeco ae"...
0.314 Sent: b'N\xbb\xa3\xde\xd1\xd1\xcf\x90\x00\x00\x00PP\x00\x05\xa8\x00\x00\x00\x00.\n\nMei graeco ae'...
0.316 Received: b'\xa3\xdeN\xbb\x00\x00\x00O\xd1\xd1\xd58P\x10\x05\xa8\x00\x00\x00\x00'
0.316 Disassembled: source: 41950, dest: 20155, seq: 79, ack: 3520189752, window: 1448, ACK
0.317 Acknowledged seq: 3520188304
0.317 Assembling: source: 20155, dest: 41950, seq: 3520189752, ack: 80, window: 1448, data: "et. Ne sea primi"...
0.317 Sent: b'N\xbb\xa3\xde\xd1\xd1\xd58\x00\x00\x00PP\x00\x05\xa8\x00\x00\x00\x00et. Ne sea primi'...
0.319 Received: b'\xa3\xdeN\xbb\x00\x00\x00O\xd1\xd1\xda\xe0P\x10\x05\xa8\x00\x00\x00\x00'
0.320 Disassembled: source: 41950, dest: 20155, seq: 79, ack: 3520191200, window: 1448, ACK
0.320 Acknowledged seq: 3520189752
0.320 Assembling: source: 20155, dest: 41950, seq: 3520191200, ack: 80, window: 1448, data: "ittam convenire."...
0.320 Sent: b'N\xbb\xa3\xde\xd1\xd1\xda\xe0\x00\x00\x00PP\x00\x05\xa8\x00\x00\x00\x00ittam convenire.'...
0.322 Received: b'\xa3\xdeN\xbb\x00\x00\x00O\xd1\xd1\xe0\x88P\x10\x05\xa8\x00\x00\x00\x00'
0.322 Disassembled: source: 41950, dest: 20155, seq: 79, ack: 3520192648, window: 1448, ACK
0.323 Acknowledged seq: 3520191200
0.323 Assembling: source: 20155, dest: 41950, seq: 3520192648, ack: 80, window: 1448, data: "ua et vis, id eu"...
0.323 Sent: b'N\xbb\xa3\xde\xd1\xd1\xe0\x88\x00\x00\x00PP\x00\x05\xa8\x00\x00\x00\x00ua et vis, id eu'...
0.325 Received: b'\xa3\xdeN\xbb\x00\x00\x00O\xd1\xd1\xe60P\x10\x05\xa8\x00\x00\x00\x00'
0.326 Disassembled: source: 41950, dest: 20155, seq: 79, ack: 3520194096, window: 1448, ACK
0.326 Acknowledged seq: 3520192648
0.326 Assembling: source: 20155, dest: 41950, seq: 3520194096, ack: 80, window: 1448, data: "r. Et velit appa"...
0.326 Sent: b'N\xbb\xa3\xde\xd1\xd1\xe60\x00\x00\x00PP\x00\x05\xa8\x00\x00\x00\x00r. Et velit appa'...
0.328 Received: b'\xa3\xdeN\xbb\x00\x00\x00O\xd1\xd1\xeb\xd8P\x10\x05\xa8\x00\x00\x00\x00'
0.328 Disassembled: source: 41950, dest: 20155, seq: 79, ack: 3520195544, window: 1448, ACK
0.329 Acknowledged seq: 3520194096
0.329 Assembling: source: 20155, dest: 41950, seq: 3520195544, ack: 80, window: 1448, data: " novum laudem, v"...
0.329 Sent: b'N\xbb\xa3\xde\xd1\xd1\xeb\xd8\x00\x00\x00PP\x00\x05\xa8\x00\x00\x00\x00 novum laudem, v'...
0.331 Received: b'\xa3\xdeN\xbb\x00\x00\x00O\xd1\xd1\xf1\x80P\x10\x05\xa8\x00\x00\x00\x00'
0.331 Disassembled: source: 41950, dest: 20155, seq: 79, ack: 3520196992, window: 1448, ACK
0.332 Acknowledged seq: 3520195544
0.332 Assembling: source: 20155, dest: 41950, seq: 3520196992, ack: 80, window: 1448, data: "luptatibus, cibo"...
0.332 Sent: b'N\xbb\xa3\xde\xd1\xd1\xf1\x80\x00\x00\x00PP\x00\x05\xa8\x00\x00\x00\x00luptatibus, cibo'...
0.334 Received: b'\xa3\xdeN\xbb\x00\x00\x00O\xd1\xd1\xf7(P\x10\x05\xa8\x00\x00\x00\x00'
0.335 Disassembled: source: 41950, dest: 20155, seq: 79, ack: 3520198440, window: 1448, ACK
0.335 Acknowledged seq: 3520196992
0.335 Assembling: source: 20155, dest: 41950, seq: 3520198440, ack: 80, window: 1448, data: "alii indoctum ma"...
0.335 Sent: b'N\xbb\xa3\xde\xd1\xd1\xf7(\x00\x00\x00PP\x00\x05\xa8\x00\x00\x00\x00alii indoctum ma'...
0.337 Received: b'\xa3\xdeN\xbb\x00\x00\x00O\xd1\xd1\xfc\xd0P\x10\x05\xa8\x00\x00\x00\x00'
0.338 Disassembled: source: 41950, dest: 20155, seq: 79, ack: 3520199888, window: 1448, ACK
0.338 Acknowledged seq: 3520198440
0.338 Assembling: source: 20155, dest: 41950, seq: 3520199888, ack: 80, window: 1448, data: "im, his facete c"...
0.338 Sent: b'N\xbb\xa3\xde\xd1\xd1\xfc\xd0\x00\x00\x00PP\x00\x05\xa8\x00\x00\x00\x00im, his facete c'...
0.340 Received: b'\xa3\xdeN\xbb\x00\x00\x00O\xd1\xd2\x02xP\x10\x05\xa8\x00\x00\x00\x00'
0.341 Disassembled: source: 41950, dest: 20155, seq: 79, ack: 3520201336, window: 1448, ACK
0.341 Acknowledged seq: 3520199888
0.341 Assembling: source: 20155, dest: 41950, seq: 3520201336, ack: 80, window: 1448, data: "e alia dolor com"...
0.341 Sent: b'N\xbb\xa3\xde\xd1\xd2\x02x\x00\x00\x00PP\x00\x05\xa8\x00\x00\x00\x00e alia dolor com'...
0.343 Received: b'\xa3\xdeN\xbb\x00\x00\x00O\xd1\xd2\x08 P\x10\x05\xa8\x00\x00\x00\x00'
0.344 Disassembled: source: 41950, dest: 20155, seq: 79, ack: 3520202784, window: 1448, ACK
0.344 Acknowledged seq: 3520201336
0.344 Assembling: source: 20155, dest: 41950, seq: 3520202784, ack: 80, window: 1448, data: "it ea, reque tem"...
0.344 Sent: b'N\xbb\xa3\xde\xd1\xd2\x08 \x00\x00\x00PP\x00\x05\xa8\x00\x00\x00\x00it ea, reque tem'...
0.346 Received: b'\xa3\xdeN\xbb\x00\x00\x00O\xd1\xd2\r\xc8P\x10\x05\xa8\x00\x00\x00\x00'
0.347 Disassembled: source: 41950, dest: 20155, seq: 79, ack: 3520204232, window: 1448, ACK
0.347 Acknowledged seq: 3520202784
0.347 Assembling: source: 20155, dest: 41950, seq: 3520204232, ack: 80, window: 1448, data: "alisque.

Equide"...
0.348 Sent: b'N\xbb\xa3\xde\xd1\xd2\r\xc8\x00\x00\x00PP\x00\x05\xa8\x00\x00\x00\x00alisque.\n\nEquide'...
0.349 Received: b'\xa3\xdeN\xbb\x00\x00\x00O\xd1\xd2\x13pP\x10\x05\xa8\x00\x00\x00\x00'
0.350 Disassembled: source: 41950, dest: 20155, seq: 79, ack: 3520205680, window: 1448, ACK
0.350 Acknowledged seq: 3520204232
0.350 Assembling: source: 20155, dest: 41950, seq: 3520205680, ack: 80, window: 1448, data: "finitiones, affe"...
0.350 Sent: b'N\xbb\xa3\xde\xd1\xd2\x13p\x00\x00\x00PP\x00\x05\xa8\x00\x00\x00\x00finitiones, affe'...
0.352 Received: b'\xa3\xdeN\xbb\x00\x00\x00O\xd1\xd2\x19\x18P\x10\x05\xa8\x00\x00\x00\x00'
0.353 Disassembled: source: 41950, dest: 20155, seq: 79, ack: 3520207128, window: 1448, ACK
0.353 Acknowledged seq: 3520205680
0.353 Assembling: source: 20155, dest: 41950, seq: 3520207128, ack: 80, window: 1448, data: "his duis graeco "...
0.354 Sent: b'N\xbb\xa3\xde\xd1\xd2\x19\x18\x00\x00\x00PP\x00\x05\xa8\x00\x00\x00\x00his duis graeco '...
0.355 Received: b'\xa3\xdeN\xbb\x00\x00\x00O\xd1\xd2\x1e\xc0P\x10\x05\xa8\x00\x00\x00\x00'
0.356 Disassembled: source: 41950, dest: 20155, seq: 79, ack: 3520208576, window: 1448, ACK
0.356 Acknowledged seq: 3520207128
0.356 Assembling: source: 20155, dest: 41950, seq: 3520208576, ack: 80, window: 1448, data: "am. Alia possit "...
0.356 Sent: b'N\xbb\xa3\xde\xd1\xd2\x1e\xc0\x00\x00\x00PP\x00\x05\xa8\x00\x00\x00\x00am. Alia possit '...
0.358 Received: b'\xa3\xdeN\xbb\x00\x00\x00O\xd1\xd2$hP\x10\x05\xa8\x00\x00\x00\x00'
0.359 Disassembled: source: 41950, dest: 20155, seq: 79, ack: 3520210024, window: 1448, ACK
0.359 Acknowledged seq: 3520208576
0.359 Assembling: source: 20155, dest: 41950, seq: 3520210024, ack: 80, window: 1448, data: "cum an. Mei faci"...
0.360 Sent: b'N\xbb\xa3\xde\xd1\xd2$h\x00\x00\x00PP\x00\x05\xa8\x00\x00\x00\x00cum an. Mei faci'...
0.361 Received: b'\xa3\xdeN\xbb\x00\x00\x00O\xd1\xd2*\x10P\x10\x05\xa8\x00\x00\x00\x00'
0.362 Disassembled: source: 41950, dest: 20155, seq: 79, ack: 3520211472, window: 1448, ACK
0.362 Acknowledged seq: 3520210024
0.362 Assembling: source: 20155, dest: 41950, seq: 3520211472, ack: 80, window: 1448, data: " vis adhuc tatio"...
0.363 Sent: b'N\xbb\xa3\xde\xd1\xd2*\x10\x00\x00\x00PP\x00\x05\xa8\x00\x00\x00\x00 vis adhuc tatio'...
0.365 Received: b'\xa3\xdeN\xbb\x00\x00\x00O\xd1\xd2/\xb8P\x10\x05\xa8\x00\x00\x00\x00'
0.365 Disassembled: source: 41950, dest: 20155, seq: 79, ack: 3520212920, window: 1448, ACK
0.365 Acknowledged seq: 3520211472
0.365 Assembling: source: 20155, dest: 41950, seq: 3520212920, ack: 80, window: 1448, data: "im eu option iuv"...
0.366 Sent: b'N\xbb\xa3\xde\xd1\xd2/\xb8\x00\x00\x00PP\x00\x05\xa8\x00\x00\x00\x00im eu option iuv'...
0.368 Received: b'\xa3\xdeN\xbb\x00\x00\x00O\xd1\xd25`P\x10\x05\xa8\x00\x00\x00\x00'
0.368 Disassembled: source: 41950, dest: 20155, seq: 79, ack: 3520214368, window: 1448, ACK
0.368 Acknowledged seq: 3520212920
0.368 Assembling: source: 20155, dest: 41950, seq: 3520214368, ack: 80, window: 1448, data: "ex epicurei taci"...
0.369 Sent: b'N\xbb\xa3\xde\xd1\xd25`\x00\x00\x00PP\x00\x05\xa8\x00\x00\x00\x00ex epicurei taci'...
0.371 Received: b'\xa3\xdeN\xbb\x00\x00\x00O\xd1\xd2;\x08P\x10\x05\xa8\x00\x00\x00\x00'
0.371 Disassembled: source: 41950, dest: 20155, seq: 79, ack: 3520215816, window: 1448, ACK
0.371 Acknowledged seq: 3520214368
0.372 Assembling: source: 20155, dest: 41950, seq: 3520215816, ack: 80, window: 1448, data: "ebat, eu pro ero"...
0.372 Sent: b'N\xbb\xa3\xde\xd1\xd2;\x08\x00\x00\x00PP\x00\x05\xa8\x00\x00\x00\x00ebat, eu pro ero'...
0.374 Received: b'\xa3\xdeN\xbb\x00\x00\x00O\xd1\xd2@\xb0P\x10\x05\xa8\x00\x00\x00\x00'
0.374 Disassembled: source: 41950, dest: 20155, seq: 79, ack: 3520217264, window: 1448, ACK
0.375 Acknowledged seq: 3520215816
0.375 Assembling: source: 20155, dest: 41950, seq: 3520217264, ack: 80, window: 1448, data: "s. Per no sale v"...
0.375 Sent: b'N\xbb\xa3\xde\xd1\xd2@\xb0\x00\x00\x00PP\x00\x05\xa8\x00\x00\x00\x00s. Per no sale v'...
0.377 Received: b'\xa3\xdeN\xbb\x00\x00\x00O\xd1\xd2FXP\x10\x05\xa8\x00\x00\x00\x00'
0.378 Disassembled: source: 41950, dest: 20155, seq: 79, ack: 3520218712, window: 1448, ACK
0.378 Acknowledged seq: 3520217264
0.378 Assembling: source: 20155, dest: 41950, seq: 3520218712, ack: 80, window: 1448, data: "orrupte ea mel. "...
0.378 Sent: b'N\xbb\xa3\xde\xd1\xd2FX\x00\x00\x00PP\x00\x05\xa8\x00\x00\x00\x00orrupte ea mel. '...
0.380 Received: b'\xa3\xdeN\xbb\x00\x00\x00O\xd1\xd2L\x00P\x10\x05\xa8\x00\x00\x00\x00'
0.381 Disassembled: source: 41950, dest: 20155, seq: 79, ack: 3520220160, window: 1448, ACK
0.381 Acknowledged seq: 3520218712
0.381 Assembling: source: 20155, dest: 41950, seq: 3520220160, ack: 80, window: 1448, data: ". Est iracundia "...
0.381 Sent: b'N\xbb\xa3\xde\xd1\xd2L\x00\x00\x00\x00PP\x00\x05\xa8\x00\x00\x00\x00. Est iracundia '...
0.383 Received: b'\xa3\xdeN\xbb\x00\x00\x00O\xd1\xd2Q\xa8P\x10\x05\xa8\x00\x00\x00\x00'
0.383 Disassembled: source: 41950, dest: 20155, seq: 79, ack: 3520221608, window: 1448, ACK
0.384 Acknowledged seq: 3520220160
0.384 Assembling: source: 20155, dest: 41950, seq: 3520221608, ack: 80, window: 1448, data: "pta probatus scr"...
0.384 Sent: b'N\xbb\xa3\xde\xd1\xd2Q\xa8\x00\x00\x00PP\x00\x05\xa8\x00\x00\x00\x00pta probatus scr'...
0.386 Received: b'\xa3\xdeN\xbb\x00\x00\x00O\xd1\xd2WPP\x10\x05\xa8\x00\x00\x00\x00'
0.387 Disassembled: source: 41950, dest: 20155, seq: 79, ack: 3520223056, window: 1448, ACK
0.387 Acknowledged seq: 3520221608
0.387 Assembling: source: 20155, dest: 41950, seq: 3520223056, ack: 80, window: 1448, data: "entur ei, pro ei"...
0.387 Sent: b'N\xbb\xa3\xde\xd1\xd2WP\x00\x00\x00PP\x00\x05\xa8\x00\x00\x00\x00entur ei, pro ei'...
0.389 Received: b'\xa3\xdeN\xbb\x00\x00\x00O\xd1\xd2\\\xf8P\x10\x05\xa8\x00\x00\x00\x00'
0.390 Disassembled: source: 41950, dest: 20155, seq: 79, ack: 3520224504, window: 1448, ACK
0.390 Acknowledged seq: 3520223056
0.390 Assembling: source: 20155, dest: 41950, seq: 3520224504, ack: 80, window: 1448, data: "simul euismod vi"...
0.391 Sent: b'N\xbb\xa3\xde\xd1\xd2\\\xf8\x00\x00\x00PP\x00\x05\xa8\x00\x00\x00\x00simul euismod vi'...
0.393 Received: b'\xa3\xdeN\xbb\x00\x00\x00O\xd1\xd2b\xa0P\x10\x05\xa8\x00\x00\x00\x00'
0.393 Disassembled: source: 41950, dest: 20155, seq: 79, ack: 3520225952, window: 1448, ACK
0.393 Acknowledged seq: 3520224504
0.394 Assembling: source: 20155, dest: 41950, seq: 3520225952, ack: 80, window: 1448, data: ", eam id iudico "...
0.394 Sent: b'N\xbb\xa3\xde\xd1\xd2b\xa0\x00\x00\x00PP\x00\x05\xa8\x00\x00\x00\x00, eam id iudico '...
0.396 Received: b'\xa3\xdeN\xbb\x00\x00\x00O\xd1\xd2hHP\x10\x05\xa8\x00\x00\x00\x00'
0.396 Disassembled: source: 41950, dest: 20155, seq: 79, ack: 3520227400, window: 1448, ACK
0.397 Acknowledged seq: 3520225952
0.397 Assembling: source: 20155, dest: 41950, seq: 3520227400, ack: 80, window: 1448, data: "m vix. Ea est mu"...
0.397 Sent: b'N\xbb\xa3\xde\xd1\xd2hH\x00\x00\x00PP\x00\x05\xa8\x00\x00\x00\x00m vix. Ea est mu'...
0.399 Received: b'\xa3\xdeN\xbb\x00\x00\x00O\xd1\xd2m\xf0P\x10\x05\xa8\x00\x00\x00\x00'
0.400 Disassembled: source: 41950, dest: 20155, seq: 79, ack: 3520228848, window: 1448, ACK
0.400 Acknowledged seq: 3520227400
0.400 Assembling: source: 20155, dest: 41950, seq: 3520228848, ack: 80, window: 1448, data: "olor sit amet, e"...
0.400 Sent: b'N\xbb\xa3\xde\xd1\xd2m\xf0\x00\x00\x00PP\x00\x05\xa8\x00\x00\x00\x00olor sit amet, e'...
0.402 Received: b'\xa3\xdeN\xbb\x00\x00\x00O\xd1\xd2s\x98P\x10\x05\xa8\x00\x00\x00\x00'
0.403 Disassembled: source: 41950, dest: 20155, seq: 79, ack: 3520230296, window: 1448, ACK
0.403 Acknowledged seq: 3520228848
0.403 Assembling: source: 20155, dest: 41950, seq: 3520230296, ack: 80, window: 1448, data: "m, aperiam iudic"...
0.404 Sent: b'N\xbb\xa3\xde\xd1\xd2s\x98\x00\x00\x00PP\x00\x05\xa8\x00\x00\x00\x00m, aperiam iudic'...
0.406 Received: b'\xa3\xdeN\xbb\x00\x00\x00O\xd1\xd2y@P\x10\x05\xa8\x00\x00\x00\x00'
0.406 Disassembled: source: 41950, dest: 20155, seq: 79, ack: 3520231744, window: 1448, ACK
0.406 Acknowledged seq: 3520230296
0.407 Assembling: source: 20155, dest: 41950, seq: 3520231744, ack: 80, window: 1448, data: "re sea. No eos d"...
0.407 Sent: b'N\xbb\xa3\xde\xd1\xd2y@\x00\x00\x00PP\x00\x05\xa8\x00\x00\x00\x00re sea. No eos d'...
0.409 Received: b'\xa3\xdeN\xbb\x00\x00\x00O\xd1\xd2~\xe8P\x10\x05\xa8\x00\x00\x00\x00'
0.409 Disassembled: source: 41950, dest: 20155, seq: 79, ack: 3520233192, window: 1448, ACK
0.409 Acknowledged seq: 3520231744
0.410 Assembling: source: 20155, dest: 41950, seq: 3520233192, ack: 80, window: 1448, data: "t scripta philos"...
0.410 Sent: b'N\xbb\xa3\xde\xd1\xd2~\xe8\x00\x00\x00PP\x00\x05\xa8\x00\x00\x00\x00t scripta philos'...
0.412 Received: b'\xa3\xdeN\xbb\x00\x00\x00O\xd1\xd2\x84\x90P\x10\x05\xa8\x00\x00\x00\x00'
0.412 Disassembled: source: 41950, dest: 20155, seq: 79, ack: 3520234640, window: 1448, ACK
0.413 Acknowledged seq: 3520233192
0.413 Assembling: source: 20155, dest: 41950, seq: 3520234640, ack: 80, window: 1448, data: "tos sadipscing e"...
0.413 Sent: b'N\xbb\xa3\xde\xd1\xd2\x84\x90\x00\x00\x00PP\x00\x05\xa8\x00\x00\x00\x00tos sadipscing e'...
0.415 Received: b'\xa3\xdeN\xbb\x00\x00\x00O\xd1\xd2\x8a8P\x10\x05\xa8\x00\x00\x00\x00'
0.415 Disassembled: source: 41950, dest: 20155, seq: 79, ack: 3520236088, window: 1448, ACK
0.416 Acknowledged seq: 3520234640
0.416 Assembling: source: 20155, dest: 41950, seq: 3520236088, ack: 80, window: 1448, data: "sapientem ea, ad"...
0.416 Sent: b'N\xbb\xa3\xde\xd1\xd2\x8a8\x00\x00\x00PP\x00\x05\xa8\x00\x00\x00\x00sapientem ea, ad'...
0.418 Received: b'\xa3\xdeN\xbb\x00\x00\x00O\xd1\xd2\x8f\xe0P\x10\x05\xa8\x00\x00\x00\x00'
0.419 Disassembled: source: 41950, dest: 20155, seq: 79, ack: 3520237536, window: 1448, ACK
0.419 Acknowledged seq: 3520236088
0.419 Assembling: source: 20155, dest: 41950, seq: 3520237536, ack: 80, window: 1448, data: "g, ei invenire p"...
0.420 Sent: b'N\xbb\xa3\xde\xd1\xd2\x8f\xe0\x00\x00\x00PP\x00\x05\xa8\x00\x00\x00\x00g, ei invenire p'...
0.421 Received: b'\xa3\xdeN\xbb\x00\x00\x00O\xd1\xd2\x95\x88P\x10\x05\xa8\x00\x00\x00\x00'
0.422 Disassembled: source: 41950, dest: 20155, seq: 79, ack: 3520238984, window: 1448, ACK
0.422 Acknowledged seq: 3520237536
0.422 Assembling: source: 20155, dest: 41950, seq: 3520238984, ack: 80, window: 1448, data: "endo at. Qui id "...
0.423 Sent: b'N\xbb\xa3\xde\xd1\xd2\x95\x88\x00\x00\x00PP\x00\x05\xa8\x00\x00\x00\x00endo at. Qui id '...
0.424 Received: b'\xa3\xdeN\xbb\x00\x00\x00O\xd1\xd2\x9b0P\x10\x05\xa8\x00\x00\x00\x00'
0.425 Disassembled: source: 41950, dest: 20155, seq: 79, ack: 3520240432, window: 1448, ACK
0.425 Acknowledged seq: 3520238984
0.425 Assembling: source: 20155, dest: 41950, seq: 3520240432, ack: 80, window: 1448, data: "ota nostrum et p"...
0.426 Sent: b'N\xbb\xa3\xde\xd1\xd2\x9b0\x00\x00\x00PP\x00\x05\xa8\x00\x00\x00\x00ota nostrum et p'...
0.428 Received: b'\xa3\xdeN\xbb\x00\x00\x00O\xd1\xd2\xa0\xd8P\x10\x05\xa8\x00\x00\x00\x00'
0.428 Disassembled: source: 41950, dest: 20155, seq: 79, ack: 3520241880, window: 1448, ACK
0.428 Acknowledged seq: 3520240432
0.429 Assembling: source: 20155, dest: 41950, seq: 3520241880, ack: 80, window: 1448, data: "deseruisse id. P"...
0.429 Sent: b'N\xbb\xa3\xde\xd1\xd2\xa0\xd8\x00\x00\x00PP\x00\x05\xa8\x00\x00\x00\x00deseruisse id. P'...
0.431 Received: b'\xa3\xdeN\xbb\x00\x00\x00O\xd1\xd2\xa6\x80P\x10\x05\xa8\x00\x00\x00\x00'
0.431 Disassembled: source: 41950, dest: 20155, seq: 79, ack: 3520243328, window: 1448, ACK
0.432 Acknowledged seq: 3520241880
0.432 Assembling: source: 20155, dest: 41950, seq: 3520243328, ack: 80, window: 1448, data: "odo munere imper"...
0.432 Sent: b'N\xbb\xa3\xde\xd1\xd2\xa6\x80\x00\x00\x00PP\x00\x05\xa8\x00\x00\x00\x00odo munere imper'...
0.434 Received: b'\xa3\xdeN\xbb\x00\x00\x00O\xd1\xd2\xac(P\x10\x05\xa8\x00\x00\x00\x00'
0.435 Disassembled: source: 41950, dest: 20155, seq: 79, ack: 3520244776, window: 1448, ACK
0.435 Acknowledged seq: 3520243328
0.435 Assembling: source: 20155, dest: 41950, seq: 3520244776, ack: 80, window: 1448, data: "cimates cum, tib"...
0.436 Sent: b'N\xbb\xa3\xde\xd1\xd2\xac(\x00\x00\x00PP\x00\x05\xa8\x00\x00\x00\x00cimates cum, tib'...
0.437 Received: b'\xa3\xdeN\xbb\x00\x00\x00O\xd1\xd2\xb1\xd0P\x10\x05\xa8\x00\x00\x00\x00'
0.438 Disassembled: source: 41950, dest: 20155, seq: 79, ack: 3520246224, window: 1448, ACK
0.438 Acknowledged seq: 3520244776
0.438 Assembling: source: 20155, dest: 41950, seq: 3520246224, ack: 80, window: 1448, data: "tiopam molestiae"...
0.439 Sent: b'N\xbb\xa3\xde\xd1\xd2\xb1\xd0\x00\x00\x00PP\x00\x05\xa8\x00\x00\x00\x00tiopam molestiae'...
0.440 Received: b'\xa3\xdeN\xbb\x00\x00\x00O\xd1\xd2\xb7xP\x10\x05\xa8\x00\x00\x00\x00'
0.441 Disassembled: source: 41950, dest: 20155, seq: 79, ack: 3520247672, window: 1448, ACK
0.441 Acknowledged seq: 3520246224
0.441 Assembling: source: 20155, dest: 41950, seq: 3520247672, ack: 80, window: 1448, data: "possim qui no, v"...
0.442 Sent: b'N\xbb\xa3\xde\xd1\xd2\xb7x\x00\x00\x00PP\x00\x05\xa8\x00\x00\x00\x00possim qui no, v'...
0.444 Received: b'\xa3\xdeN\xbb\x00\x00\x00O\xd1\xd2\xbd P\x10\x05\xa8\x00\x00\x00\x00'
0.444 Disassembled: source: 41950, dest: 20155, seq: 79, ack: 3520249120, window: 1448, ACK
0.444 Acknowledged seq: 3520247672
0.445 Assembling: source: 20155, dest: 41950, seq: 3520249120, ack: 80, window: 1448, data: " ex utinam parti"...
0.445 Sent: b'N\xbb\xa3\xde\xd1\xd2\xbd \x00\x00\x00PP\x00\x05\xa8\x00\x00\x00\x00 ex utinam parti'...
0.447 Received: b'\xa3\xdeN\xbb\x00\x00\x00O\xd1\xd2\xc2\xc8P\x10\x05\xa8\x00\x00\x00\x00'
0.447 Disassembled: source: 41950, dest: 20155, seq: 79, ack: 3520250568, window: 1448, ACK
0.447 Acknowledged seq: 3520249120
0.448 Assembling: source: 20155, dest: 41950, seq: 3520250568, ack: 80, window: 1448, data: "icus in his. Pri"...
0.448 Sent: b'N\xbb\xa3\xde\xd1\xd2\xc2\xc8\x00\x00\x00PP\x00\x05\xa8\x00\x00\x00\x00icus in his. Pri'...
0.450 Received: b'\xa3\xdeN\xbb\x00\x00\x00O\xd1\xd2\xc8pP\x10\x05\xa8\x00\x00\x00\x00'
0.450 Disassembled: source: 41950, dest: 20155, seq: 79, ack: 3520252016, window: 1448, ACK
0.451 Acknowledged seq: 3520250568
0.451 Assembling: source: 20155, dest: 41950, seq: 3520252016, ack: 80, window: 1448, data: "iis et.

Ius cu "...
0.451 Sent: b'N\xbb\xa3\xde\xd1\xd2\xc8p\x00\x00\x00PP\x00\x05\xa8\x00\x00\x00\x00iis et.\n\nIus cu '...
0.453 Received: b'\xa3\xdeN\xbb\x00\x00\x00O\xd1\xd2\xce\x18P\x10\x05\xa8\x00\x00\x00\x00'
0.454 Disassembled: source: 41950, dest: 20155, seq: 79, ack: 3520253464, window: 1448, ACK
0.454 Acknowledged seq: 3520252016
0.454 Assembling: source: 20155, dest: 41950, seq: 3520253464, ack: 80, window: 1448, data: "e interesset.

T"...
0.455 Sent: b'N\xbb\xa3\xde\xd1\xd2\xce\x18\x00\x00\x00PP\x00\x05\xa8\x00\x00\x00\x00e interesset.\n\nT'...
0.457 Received: b'\xa3\xdeN\xbb\x00\x00\x00O\xd1\xd2\xd3\xc0P\x10\x05\xa8\x00\x00\x00\x00'
0.457 Disassembled: source: 41950, dest: 20155, seq: 79, ack: 3520254912, window: 1448, ACK
0.457 Acknowledged seq: 3520253464
0.457 Assembling: source: 20155, dest: 41950, seq: 3520254912, ack: 80, window: 1448, data: "pro alia volutpa"...
0.458 Sent: b'N\xbb\xa3\xde\xd1\xd2\xd3\xc0\x00\x00\x00PP\x00\x05\xa8\x00\x00\x00\x00pro alia volutpa'...
0.460 Received: b'\xa3\xdeN\xbb\x00\x00\x00O\xd1\xd2\xd9hP\x10\x05\xa8\x00\x00\x00\x00'
0.460 Disassembled: source: 41950, dest: 20155, seq: 79, ack: 3520256360, window: 1448, ACK
0.460 Acknowledged seq: 3520254912
0.461 Assembling: source: 20155, dest: 41950, seq: 3520256360, ack: 80, window: 1448, data: " libris equidem "...
0.461 Sent: b'N\xbb\xa3\xde\xd1\xd2\xd9h\x00\x00\x00PP\x00\x05\xa8\x00\x00\x00\x00 libris equidem '...
0.463 Received: b'\xa3\xdeN\xbb\x00\x00\x00O\xd1\xd2\xdf\x10P\x10\x05\xa8\x00\x00\x00\x00'
0.463 Disassembled: source: 41950, dest: 20155, seq: 79, ack: 3520257808, window: 1448, ACK
0.463 Acknowledged seq: 3520256360
0.464 Assembling: source: 20155, dest: 41950, seq: 3520257808, ack: 80, window: 1448, data: "uavitate volupta"...
0.464 Sent: b'N\xbb\xa3\xde\xd1\xd2\xdf\x10\x00\x00\x00PP\x00\x05\xa8\x00\x00\x00\x00uavitate volupta'...
0.466 Received: b'\xa3\xdeN\xbb\x00\x00\x00O\xd1\xd2\xe4\xb8P\x10\x05\xa8\x00\x00\x00\x00'
0.466 Disassembled: source: 41950, dest: 20155, seq: 79, ack: 3520259256, window: 1448, ACK
0.467 Acknowledged seq: 3520257808
0.467 Assembling: source: 20155, dest: 41950, seq: 3520259256, ack: 80, window: 1448, data: " Detraxit defini"...
0.467 Sent: b'N\xbb\xa3\xde\xd1\xd2\xe4\xb8\x00\x00\x00PP\x00\x05\xa8\x00\x00\x00\x00 Detraxit defini'...
0.469 Received: b'\xa3\xdeN\xbb\x00\x00\x00O\xd1\xd2\xea`P\x10\x05\xa8\x00\x00\x00\x00'
0.469 Disassembled: source: 41950, dest: 20155, seq: 79, ack: 3520260704, window: 1448, ACK
0.470 Acknowledged seq: 3520259256
0.470 Assembling: source: 20155, dest: 41950, seq: 3520260704, ack: 80, window: 1448, data: "aesent mei. Quo "...
0.470 Sent: b'N\xbb\xa3\xde\xd1\xd2\xea`\x00\x00\x00PP\x00\x05\xa8\x00\x00\x00\x00aesent mei. Quo '...
0.472 Received: b'\xa3\xdeN\xbb\x00\x00\x00O\xd1\xd2\xf0\x08P\x10\x05\xa8\x00\x00\x00\x00'
0.473 Disassembled: source: 41950, dest: 20155, seq: 79, ack: 3520262152, window: 1448, ACK
0.473 Acknowledged seq: 3520260704
0.473 Assembling: source: 20155, dest: 41950, seq: 3520262152, ack: 80, window: 1448, data: "nterpretaris no "...
0.473 Sent: b'N\xbb\xa3\xde\xd1\xd2\xf0\x08\x00\x00\x00PP\x00\x05\xa8\x00\x00\x00\x00nterpretaris no '...
0.475 Received: b'\xa3\xdeN\xbb\x00\x00\x00O\xd1\xd2\xf5\xb0P\x10\x05\xa8\x00\x00\x00\x00'
0.476 Disassembled: source: 41950, dest: 20155, seq: 79, ack: 3520263600, window: 1448, ACK
0.476 Acknowledged seq: 3520262152
0.476 Assembling: source: 20155, dest: 41950, seq: 3520263600, ack: 80, window: 1448, data: "patrioque has. I"...
0.477 Sent: b'N\xbb\xa3\xde\xd1\xd2\xf5\xb0\x00\x00\x00PP\x00\x05\xa8\x00\x00\x00\x00patrioque has. I'...
0.479 Received: b'\xa3\xdeN\xbb\x00\x00\x00O\xd1\xd2\xfbXP\x10\x05\xa8\x00\x00\x00\x00'
0.479 Disassembled: source: 41950, dest: 20155, seq: 79, ack: 3520265048, window: 1448, ACK
0.479 Acknowledged seq: 3520263600
0.479 Assembling: source: 20155, dest: 41950, seq: 3520265048, ack: 80, window: 1448, data: "ossit repudianda"...
0.480 Sent: b'N\xbb\xa3\xde\xd1\xd2\xfbX\x00\x00\x00PP\x00\x05\xa8\x00\x00\x00\x00ossit repudianda'...
0.481 Received: b'\xa3\xdeN\xbb\x00\x00\x00O\xd1\xd3\x01\x00P\x10\x05\xa8\x00\x00\x00\x00'
0.482 Disassembled: source: 41950, dest: 20155, seq: 79, ack: 3520266496, window: 1448, ACK
0.482 Acknowledged seq: 3520265048
0.482 Assembling: source: 20155, dest: 41950, seq: 3520266496, ack: 80, window: 1448, data: "ora consequuntur"...
0.483 Sent: b'N\xbb\xa3\xde\xd1\xd3\x01\x00\x00\x00\x00PP\x00\x05\xa8\x00\x00\x00\x00ora consequuntur'...
0.485 Received: b'\xa3\xdeN\xbb\x00\x00\x00O\xd1\xd3\x06\xa8P\x10\x05\xa8\x00\x00\x00\x00'
0.485 Disassembled: source: 41950, dest: 20155, seq: 79, ack: 3520267944, window: 1448, ACK
0.485 Acknowledged seq: 3520266496
0.486 Assembling: source: 20155, dest: 41950, seq: 3520267944, ack: 80, window: 1448, data: "ctus conceptam a"...
0.486 Sent: b'N\xbb\xa3\xde\xd1\xd3\x06\xa8\x00\x00\x00PP\x00\x05\xa8\x00\x00\x00\x00ctus conceptam a'...
0.488 Received: b'\xa3\xdeN\xbb\x00\x00\x00O\xd1\xd3\x0cPP\x10\x05\xa8\x00\x00\x00\x00'
0.488 Disassembled: source: 41950, dest: 20155, seq: 79, ack: 3520269392, window: 1448, ACK
0.488 Acknowledged seq: 3520267944
0.489 Assembling: source: 20155, dest: 41950, seq: 3520269392, ack: 80, window: 1448, data: " aeterno te, ne "...
0.489 Sent: b'N\xbb\xa3\xde\xd1\xd3\x0cP\x00\x00\x00PP\x00\x05\xa8\x00\x00\x00\x00 aeterno te, ne '...
0.491 Received: b'\xa3\xdeN\xbb\x00\x00\x00O\xd1\xd3\x11\xf8P\x10\x05\xa8\x00\x00\x00\x00'
0.491 Disassembled: source: 41950, dest: 20155, seq: 79, ack: 3520270840, window: 1448, ACK
0.492 Acknowledged seq: 3520269392
0.492 Assembling: source: 20155, dest: 41950, seq: 3520270840, ack: 80, window: 1448, data: "imis oporteat di"...
0.492 Sent: b'N\xbb\xa3\xde\xd1\xd3\x11\xf8\x00\x00\x00PP\x00\x05\xa8\x00\x00\x00\x00imis oporteat di'...
0.494 Received: b'\xa3\xdeN\xbb\x00\x00\x00O\xd1\xd3\x17\xa0P\x10\x05\xa8\x00\x00\x00\x00'
0.495 Disassembled: source: 41950, dest: 20155, seq: 79, ack: 3520272288, window: 1448, ACK
0.495 Acknowledged seq: 3520270840
0.495 Assembling: source: 20155, dest: 41950, seq: 3520272288, ack: 80, window: 1448, data: "re. Has virtute "...
0.495 Sent: b'N\xbb\xa3\xde\xd1\xd3\x17\xa0\x00\x00\x00PP\x00\x05\xa8\x00\x00\x00\x00re. Has virtute '...
0.497 Received: b'\xa3\xdeN\xbb\x00\x00\x00O\xd1\xd3\x1dHP\x10\x05\xa8\x00\x00\x00\x00'
0.498 Disassembled: source: 41950, dest: 20155, seq: 79, ack: 3520273736, window: 1448, ACK
0.498 Acknowledged seq: 3520272288
0.498 Assembling: source: 20155, dest: 41950, seq: 3520273736, ack: 80, window: 1448, data: " eum ancillae no"...
0.498 Sent: b'N\xbb\xa3\xde\xd1\xd3\x1dH\x00\x00\x00PP\x00\x05\xa8\x00\x00\x00\x00 eum ancillae no'...
0.500 Received: b'\xa3\xdeN\xbb\x00\x00\x00O\xd1\xd3"\xf0P\x10\x05\xa8\x00\x00\x00\x00'
0.501 Disassembled: source: 41950, dest: 20155, seq: 79, ack: 3520275184, window: 1448, ACK
0.501 Acknowledged seq: 3520273736
0.501 Assembling: source: 20155, dest: 41950, seq: 3520275184, ack: 80, window: 1448, data: "ppareat ius. At "...
0.502 Sent: b'N\xbb\xa3\xde\xd1\xd3"\xf0\x00\x00\x00PP\x00\x05\xa8\x00\x00\x00\x00ppareat ius. At '...
0.504 Received: b'\xa3\xdeN\xbb\x00\x00\x00O\xd1\xd3(\x98P\x10\x05\xa8\x00\x00\x00\x00'
0.504 Disassembled: source: 41950, dest: 20155, seq: 79, ack: 3520276632, window: 1448, ACK
0.504 Acknowledged seq: 3520275184
0.505 Assembling: source: 20155, dest: 41950, seq: 3520276632, ack: 80, window: 1448, data: ", vero appellant"...
0.505 Sent: b'N\xbb\xa3\xde\xd1\xd3(\x98\x00\x00\x00PP\x00\x05\xa8\x00\x00\x00\x00, vero appellant'...
0.507 Received: b'\xa3\xdeN\xbb\x00\x00\x00O\xd1\xd3.@P\x10\x05\xa8\x00\x00\x00\x00'
0.507 Disassembled: source: 41950, dest: 20155, seq: 79, ack: 3520278080, window: 1448, ACK
0.508 Acknowledged seq: 3520276632
0.508 Assembling: source: 20155, dest: 41950, seq: 3520278080, ack: 80, window: 1448, data: "ibo quando copio"...
0.508 Sent: b'N\xbb\xa3\xde\xd1\xd3.@\x00\x00\x00PP\x00\x05\xa8\x00\x00\x00\x00ibo quando copio'...
0.510 Received: b'\xa3\xdeN\xbb\x00\x00\x00O\xd1\xd33\xe8P\x10\x05\xa8\x00\x00\x00\x00'
0.511 Disassembled: source: 41950, dest: 20155, seq: 79, ack: 3520279528, window: 1448, ACK
0.511 Acknowledged seq: 3520278080
0.511 Assembling: source: 20155, dest: 41950, seq: 3520279528, ack: 80, window: 1448, data: " maluisset. Sit "...
0.511 Sent: b'N\xbb\xa3\xde\xd1\xd33\xe8\x00\x00\x00PP\x00\x05\xa8\x00\x00\x00\x00 maluisset. Sit '...
0.513 Received: b'\xa3\xdeN\xbb\x00\x00\x00O\xd1\xd39\x90P\x10\x05\xa8\x00\x00\x00\x00'
0.514 Disassembled: source: 41950, dest: 20155, seq: 79, ack: 3520280976, window: 1448, ACK
0.514 Acknowledged seq: 3520279528
0.514 Assembling: source: 20155, dest: 41950, seq: 3520280976, ack: 80, window: 1448, data: "e ceteros albuci"...
0.515 Sent: b'N\xbb\xa3\xde\xd1\xd39\x90\x00\x00\x00PP\x00\x05\xa8\x00\x00\x00\x00e ceteros albuci'...
0.517 Received: b'\xa3\xdeN\xbb\x00\x00\x00O\xd1\xd3?8P\x10\x05\xa8\x00\x00\x00\x00'
0.517 Disassembled: source: 41950, dest: 20155, seq: 79, ack: 3520282424, window: 1448, ACK
0.517 Acknowledged seq: 3520280976
0.518 Assembling: source: 20155, dest: 41950, seq: 3520282424, ack: 80, window: 1448, data: "complectitur sea"...
0.518 Sent: b'N\xbb\xa3\xde\xd1\xd3?8\x00\x00\x00PP\x00\x05\xa8\x00\x00\x00\x00complectitur sea'...
0.520 Received: b'\xa3\xdeN\xbb\x00\x00\x00O\xd1\xd3D\xe0P\x10\x05\xa8\x00\x00\x00\x00'
0.520 Disassembled: source: 41950, dest: 20155, seq: 79, ack: 3520283872, window: 1448, ACK
0.521 Acknowledged seq: 3520282424
0.521 Finished reading file
0.521 Assembling: source: 20155, dest: 41950, seq: 3520283872, ack: 80, window: 1448, data: "tempor ex ius. E"...
0.521 Sent: b'N\xbb\xa3\xde\xd1\xd3D\xe0\x00\x00\x00PP\x00\x05\xa8\x00\x00\x00\x00tempor ex ius. E'...
0.523 Received: b'\xa3\xdeN\xbb\x00\x00\x00O\xd1\xd3E>P\x10\x05\xa8\x00\x00\x00\x00'
0.524 Disassembled: source: 41950, dest: 20155, seq: 79, ack: 3520283966, window: 1448, ACK
0.524 Acknowledged seq: 3520283872
0.524 Assembling: source: 20155, dest: 41950, seq: 3520283966, ack: 80, window: 1448, ACK, FIN
0.525 Sent: b'N\xbb\xa3\xde\xd1\xd3E>\x00\x00\x00PP\x11\x05\xa8\x00\x00\x00\x00'
0.526 Received: b'\xa3\xdeN\xbb\x00\x00\x00O\xd1\xd3E?P\x10\x05\xa8\x00\x00\x00\x00'
0.527 Disassembled: source: 41950, dest: 20155, seq: 79, ack: 3520283967, window: 1448, ACK
0.527 FIN accepted; sending final packet
0.527 Assembling: source: 20155, dest: 41950, seq: 3520283967, ack: 80, window: 1448, ACK
0.528 Sent: b'N\xbb\xa3\xde\xd1\xd3E?\x00\x00\x00PP\x10\x05\xa8\x00\x00\x00\x00'
0.528 Closed connection
0.528 Shutting down
