0.000 NEW RUN: Server, TEST: Read_file__Latency
0.209 Received: b'P\x8e\xad\xa3\x00\x00\x006\x00\x00\x00\x00P\x02\x05\xa8\x00\x00\x00\x00'
0.209 Disassembled: source: 20622, dest: 44451, seq: 54, window: 1448, SYN
0.210 SYN accepted; new connection: 127.0.0.1 on port 20622
0.210 Assembling: source: 44451, dest: 20622, seq: 138811335, ack: 55, window: 1448, ACK, SYN
0.210 Sent: b'\xad\xa3P\x8e\x08F\x17\xc7\x00\x00\x007P\x12\x05\xa8\x00\x00\x00\x00'
0.711 Sent: b'\xad\xa3P\x8e\x08F\x17\xc7\x00\x00\x007P\x12\x05\xa8\x00\x00\x00\x00'
1.211 Sent: b'\xad\xa3P\x8e\x08F\x17\xc7\x00\x00\x007P\x12\x05\xa8\x00\x00\x00\x00'
1.215 Received: b'P\x8e\xad\xa3\x00\x00\x007\x08F\x17\xc8P\x10\x05\xa8\x00\x00\x00\x00'
1.215 Disassembled: source: 20622, dest: 44451, seq: 55, ack: 138811336, window: 1448, ACK
1.216 Handshake complete
1.216 Acknowledged seq: 138811335
1.216 Assembling: source: 44451, dest: 20622, seq: 138811336, ack: 56, window: 1448, data: "Lorem ipsum dolo"...
1.216 Sent: b'\xad\xa3P\x8e\x08F\x17\xc8\x00\x00\x008P\x00\x05\xa8\x00\x00\x00\x00Lorem ipsum dolo'...
1.715 Received: b'P\x8e\xad\xa3\x00\x00\x007\x08F\x17\xc8P\x10\x05\xa8\x00\x00\x00\x00'
1.715 Disassembled: source: 20622, dest: 44451, seq: 55, ack: 138811336, window: 1448, ACK
1.716 Assembling: source: 44451, dest: 20622, seq: 138812784, ack: 56, window: 1448, data: "m"
1.716 Sent: b'\xad\xa3P\x8e\x08F\x1dp\x00\x00\x008P\x00\x05\xa8\x00\x00\x00\x00m'
2.215 Received: b'P\x8e\xad\xa3\x00\x00\x007\x08F\x17\xc8P\x10\x05\xa8\x00\x00\x00\x00'
2.216 Disassembled: source: 20622, dest: 44451, seq: 55, ack: 138811336, window: 1448, ACK
2.216 Sent: b'\xad\xa3P\x8e\x08F\x17\xc8\x00\x00\x008P\x00\x05\xa8\x00\x00\x00\x00Lorem ipsum dolo'...
2.217 Sent: b'\xad\xa3P\x8e\x08F\x1dp\x00\x00\x008P\x00\x05\xa8\x00\x00\x00\x00m'
2.221 Received: b'P\x8e\xad\xa3\x00\x00\x007\x08F\x1dpP\x10\x05\xa8\x00\x00\x00\x00'
2.221 Disassembled: source: 20622, dest: 44451, seq: 55, ack: 138812784, window: 1448, ACK
2.222 Acknowledged seq: 138811336
2.222 Assembling: source: 44451, dest: 20622, seq: 138812785, ack: 56, window: 1448, data: "prehensam nam, a"...
2.222 Sent: b'\xad\xa3P\x8e\x08F\x1dq\x00\x00\x008P\x00\x05\xa8\x00\x00\x00\x00prehensam nam, a'...
2.720 Received: b'P\x8e\xad\xa3\x00\x00\x007\x08F\x1dqP\x10\x05\xa8\x00\x00\x00\x00'
2.721 Disassembled: source: 20622, dest: 44451, seq: 55, ack: 138812785, window: 1448, ACK
2.721 Acknowledged seq: 138812784
2.721 Assembling: source: 44451, dest: 20622, seq: 138814232, ack: 56, window: 1448, data: "i"
2.722 Sent: b'\xad\xa3P\x8e\x08F#\x18\x00\x00\x008P\x00\x05\xa8\x00\x00\x00\x00i'
3.222 Sent: b'\xad\xa3P\x8e\x08F\x1dq\x00\x00\x008P\x00\x05\xa8\x00\x00\x00\x00prehensam nam, a'...
3.223 Sent: b'\xad\xa3P\x8e\x08F#\x18\x00\x00\x008P\x00\x05\xa8\x00\x00\x00\x00i'
3.723 Sent: b'\xad\xa3P\x8e\x08F\x1dq\x00\x00\x008P\x00\x05\xa8\x00\x00\x00\x00prehensam nam, a'...
3.723 Sent: b'\xad\xa3P\x8e\x08F#\x18\x00\x00\x008P\x00\x05\xa8\x00\x00\x00\x00i'
4.224 Sent: b'\xad\xa3P\x8e\x08F\x1dq\x00\x00\x008P\x00\x05\xa8\x00\x00\x00\x00prehensam nam, a'...
4.224 Sent: b'\xad\xa3P\x8e\x08F#\x18\x00\x00\x008P\x00\x05\xa8\x00\x00\x00\x00i'
4.724 Sent: b'\xad\xa3P\x8e\x08F\x1dq\x00\x00\x008P\x00\x05\xa8\x00\x00\x00\x00prehensam nam, a'...
4.725 Sent: b'\xad\xa3P\x8e\x08F#\x18\x00\x00\x008P\x00\x05\xa8\x00\x00\x00\x00i'
5.225 Sent: b'\xad\xa3P\x8e\x08F\x1dq\x00\x00\x008P\x00\x05\xa8\x00\x00\x00\x00prehensam nam, a'...
5.226 Sent: b'\xad\xa3P\x8e\x08F#\x18\x00\x00\x008P\x00\x05\xa8\x00\x00\x00\x00i'
5.726 Error: Connection timed out
5.726 Closed connection
6.225 Shutting down
