0.000 NEW RUN: Server, TEST: Read_file__Random_drops
0.207 Received: b'\xb5\xc18\xcf\x00\x00\x00,\x00\x00\x00\x00P\x02\x05\xa8\x00\x00\x00\x00'
0.208 Disassembled: source: 46529, dest: 14543, seq: 44, window: 1448, SYN
0.208 SYN accepted; new connection: 127.0.0.1 on port 46529
0.208 Assembling: source: 14543, dest: 46529, seq: 28789901, ack: 45, window: 1448, ACK, SYN
0.209 Sent: b'8\xcf\xb5\xc1\x01\xb7L\x8d\x00\x00\x00-P\x12\x05\xa8\x00\x00\x00\x00'
0.210 Received: b'\xb5\xc18\xcf\x00\x00\x00-\x01\xb7L\x8eP\x10\x05\xa8\x00\x00\x00\x00'
0.210 Disassembled: source: 46529, dest: 14543, seq: 45, ack: 28789902, window: 1448, ACK
0.210 Handshake complete
0.210 Acknowledged seq: 28789901
0.211 Assembling: source: 14543, dest: 46529, seq: 28789902, ack: 46, window: 1448, data: "Lorem ipsum dolo"...
0.211 Sent: b'8\xcf\xb5\xc1\x01\xb7L\x8e\x00\x00\x00.P\x00\x05\xa8\x00\x00\x00\x00Lorem ipsum dolo'...
0.213 Received: b'\xb5\xc18\xcf\x00\x00\x00-\x01\xb7R6P\x10\x05\xa8\x00\x00\x00\x00'
0.213 Disassembled: source: 46529, dest: 14543, seq: 45, ack: 28791350, window: 1448, ACK
0.213 Acknowledged seq: 28789902
0.213 Assembling: source: 14543, dest: 46529, seq: 28791350, ack: 46, window: 1448, data: "mprehensam nam, "...
0.213 Sent: b'8\xcf\xb5\xc1\x01\xb7R6\x00\x00\x00.P\x00\x05\xa8\x00\x00\x00\x00mprehensam nam, '...
0.215 Received: b'\xb5\xc18\xcf\x00\x00\x00-\x01\xb7W\xdeP\x10\x05\xa8\x00\x00\x00\x00'
0.215 Disassembled: source: 46529, dest: 14543, seq: 45, ack: 28792798, window: 1448, ACK
0.215 Acknowledged seq: 28791350
0.216 Assembling: source: 14543, dest: 46529, seq: 28792798, ack: 46, window: 1448, data: "ilisi repudiare "...
0.216 Sent: b'8\xcf\xb5\xc1\x01\xb7W\xde\x00\x00\x00.P\x00\x05\xa8\x00\x00\x00\x00ilisi repudiare '...
0.218 Received: b'\xb5\xc18\xcf\x00\x00\x00-\x01\xb7]\x86P\x10\x05\xa8\x00\x00\x00\x00'
0.218 Disassembled: source: 46529, dest: 14543, seq: 45, ack: 28794246, window: 1448, ACK
0.218 Acknowledged seq: 28792798
0.218 Assembling: source: 14543, dest: 46529, seq: 28794246, ack: 46, window: 1448, data: "ta.

Et essent s"...
0.218 Sent: b'8\xcf\xb5\xc1\x01\xb7]\x86\x00\x00\x00.P\x00\x05\xa8\x00\x00\x00\x00ta.\n\nEt essent s'...
0.220 Received: b'\xb5\xc18\xcf\x00\x00\x00-\x01\xb7c.P\x10\x05\xa8\x00\x00\x00\x00'
0.221 Disassembled: source: 46529, dest: 14543, seq: 45, ack: 28795694, window: 1448, ACK
0.221 Acknowledged seq: 28794246
0.221 Assembling: source: 14543, dest: 46529, seq: 28795694, ack: 46, window: 1448, data: " Nihil tractatos"...
0.221 Sent: b'8\xcf\xb5\xc1\x01\xb7c.\x00\x00\x00.P\x00\x05\xa8\x00\x00\x00\x00 Nihil tractatos'...
0.222 Received: b'\xb5\xc18\xcf\x00\x00\x00-\x01\xb7h\xd6P\x10\x05\xa8\x00\x00\x00\x00'
0.223 Disassembled: source: 46529, dest: 14543, seq: 45, ack: 28797142, window: 1448, ACK
0.223 Acknowledged seq: 28795694
0.223 Assembling: source: 14543, dest: 46529, seq: 28797142, ack: 46, window: 1448, data: "fert iuvaret sap"...
0.223 Sent: b'8\xcf\xb5\xc1\x01\xb7h\xd6\x00\x00\x00.P\x00\x05\xa8\x00\x00\x00\x00fert iuvaret sap'...
0.225 Received: b'\xb5\xc18\xcf\x00\x00\x00-\x01\xb7n~P\x10\x05\xa8\x00\x00\x00\x00'
0.225 Disassembled: source: 46529, dest: 14543, seq: 45, ack: 28798590, window: 1448, ACK
0.225 Acknowledged seq: 28797142
0.225 Assembling: source: 14543, dest: 46529, seq: 28798590, ack: 46, window: 1448, data: "ram adipiscing, "...
0.226 Sent: b'8\xcf\xb5\xc1\x01\xb7n~\x00\x00\x00.P\x00\x05\xa8\x00\x00\x00\x00ram adipiscing, '...
0.227 Received: b'\xb5\xc18\xcf\x00\x00\x00-\x01\xb7t&P\x10\x05\xa8\x00\x00\x00\x00'
0.227 Disassembled: source: 46529, dest: 14543, seq: 45, ack: 28800038, window: 1448, ACK
0.227 Acknowledged seq: 28798590
0.227 Assembling: source: 14543, dest: 46529, seq: 28800038, ack: 46, window: 1448, data: "m veritus vivend"...
0.228 Sent: b'8\xcf\xb5\xc1\x01\xb7t&\x00\x00\x00.P\x00\x05\xa8\x00\x00\x00\x00m veritus vivend'...
0.229 Received: b'\xb5\xc18\xcf\x00\x00\x00-\x01\xb7y\xceP\x10\x05\xa8\x00\x00\x00\x00'
0.229 Disassembled: source: 46529, dest: 14543, seq: 45, ack: 28801486, window: 1448, ACK
0.229 Acknowledged seq: 28800038
0.230 Assembling: source: 14543, dest: 46529, seq: 28801486, ack: 46, window: 1448, data: " delenit, ignota"...
0.230 Sent: b'8\xcf\xb5\xc1\x01\xb7y\xce\x00\x00\x00.P\x00\x05\xa8\x00\x00\x00\x00 delenit, ignota'...
0.231 Received: b'\xb5\xc18\xcf\x00\x00\x00-\x01\xb7\x7fvP\x10\x05\xa8\x00\x00\x00\x00'
0.231 Disassembled: source: 46529, dest: 14543, seq: 45, ack: 28802934, window: 1448, ACK
0.231 Acknowledged seq: 28801486
0.231 Assembling: source: 14543, dest: 46529, seq: 28802934, ack: 46, window: 1448, data: "se explicari des"...
0.232 Sent: b'8\xcf\xb5\xc1\x01\xb7\x7fv\x00\x00\x00.P\x00\x05\xa8\x00\x00\x00\x00se explicari des'...
0.233 Received: b'\xb5\xc18\xcf\x00\x00\x00-\x01\xb7\x85\x1eP\x10\x05\xa8\x00\x00\x00\x00'
0.233 Disassembled: source: 46529, dest: 14543, seq: 45, ack: 28804382, window: 1448, ACK
0.233 Acknowledged seq: 28802934
0.234 Assembling: source: 14543, dest: 46529, seq: 28804382, ack: 46, window: 1448, data: "piscing, in modo"...
0.234 Sent: b'8\xcf\xb5\xc1\x01\xb7\x85\x1e\x00\x00\x00.P\x00\x05\xa8\x00\x00\x00\x00piscing, in modo'...
0.235 Received: b'\xb5\xc18\xcf\x00\x00\x00-\x01\xb7\x8a\xc6P\x10\x05\xa8\x00\x00\x00\x00'
0.235 Disassembled: source: 46529, dest: 14543, seq: 45, ack: 28805830, window: 1448, ACK
0.236 Acknowledged seq: 28804382
0.236 Assembling: source: 14543, dest: 46529, seq: 28805830, ack: 46, window: 1448, data: "o copiosae tacim"...
0.236 Sent: b'8\xcf\xb5\xc1\x01\xb7\x8a\xc6\x00\x00\x00.P\x00\x05\xa8\x00\x00\x00\x00o copiosae tacim'...
0.237 Received: b'\xb5\xc18\xcf\x00\x00\x00-\x01\xb7\x90nP\x10\x05\xa8\x00\x00\x00\x00'
0.238 Disassembled: source: 46529, dest: 14543, seq: 45, ack: 28807278, window: 1448, ACK
0.238 Acknowledged seq: 28805830
0.238 Assembling: source: 14543, dest: 46529, seq: 28807278, ack: 46, window: 1448, data: "am. Pri ne antio"...
0.238 Sent: b'8\xcf\xb5\xc1\x01\xb7\x90n\x00\x00\x00.P\x00\x05\xa8\x00\x00\x00\x00am. Pri ne antio'...
0.240 Received: b'\xb5\xc18\xcf\x00\x00\x00-\x01\xb7\x96\x16P\x10\x05\xa8\x00\x00\x00\x00'
0.240 Disassembled: source: 46529, dest: 14543, seq: 45, ack: 28808726, window: 1448, ACK
0.240 Acknowledged seq: 28807278
0.240 Assembling: source: 14543, dest: 46529, seq: 28808726, ack: 46, window: 1448, data: "to no. Elitr pos"...
0.240 Sent: b'8\xcf\xb5\xc1\x01\xb7\x96\x16\x00\x00\x00.P\x00\x05\xa8\x00\x00\x00\x00to no. Elitr pos'...
0.242 Received: b'\xb5\xc18\xcf\x00\x00\x00-\x01\xb7\x9b\xbeP\x10\x05\xa8\x00\x00\x00\x00'
0.242 Disassembled: source: 46529, dest: 14543, seq: 45, ack: 28810174, window: 1448, ACK
0.242 Acknowledged seq: 28808726
0.242 Assembling: source: 14543, dest: 46529, seq: 28810174, ack: 46, window: 1448, data: "pretaris, sea ex"...
0.243 Sent: b'8\xcf\xb5\xc1\x01\xb7\x9b\xbe\x00\x00\x00.P\x00\x05\xa8\x00\x00\x00\x00pretaris, sea ex'...
0.244 Received: b'\xb5\xc18\xcf\x00\x00\x00-\x01\xb7\xa1fP\x10\x05\xa8\x00\x00\x00\x00'
0.244 Disassembled: source: 46529, dest: 14543, seq: 45, ack: 28811622, window: 1448, ACK
0.244 Acknowledged seq: 28810174
0.245 Assembling: source: 14543, dest: 46529, seq: 28811622, ack: 46, window: 1448, data: "oporteat inimicu"...
0.245 Sent: b'8\xcf\xb5\xc1\x01\xb7\xa1f\x00\x00\x00.P\x00\x05\xa8\x00\x00\x00\x00oporteat inimicu'...
0.246 Received: b'\xb5\xc18\xcf\x00\x00\x00-\x01\xb7\xa7\x0eP\x10\x05\xa8\x00\x00\x00\x00'
0.246 Disassembled: source: 46529, dest: 14543, seq: 45, ack: 28813070, window: 1448, ACK
0.246 Acknowledged seq: 28811622
0.247 Assembling: source: 14543, dest: 46529, seq: 28813070, ack: 46, window: 1448, data: "ligendi officiis"...
0.247 Sent: b'8\xcf\xb5\xc1\x01\xb7\xa7\x0e\x00\x00\x00.P\x00\x05\xa8\x00\x00\x00\x00ligendi officiis'...
0.248 Received: b'\xb5\xc18\xcf\x00\x00\x00-\x01\xb7\xac\xb6P\x10\x05\xa8\x00\x00\x00\x00'
0.249 Disassembled: source: 46529, dest: 14543, seq: 45, ack: 28814518, window: 1448, ACK
0.249 Acknowledged seq: 28813070
0.249 Assembling: source: 14543, dest: 46529, seq: 28814518, ack: 46, window: 1448, data: "no vel regione i"...
0.249 Sent: b'8\xcf\xb5\xc1\x01\xb7\xac\xb6\x00\x00\x00.P\x00\x05\xa8\x00\x00\x00\x00no vel regione i'...
0.250 Received: b'\xb5\xc18\xcf\x00\x00\x00-\x01\xb7\xb2^P\x10\x05\xa8\x00\x00\x00\x00'
0.251 Disassembled: source: 46529, dest: 14543, seq: 45, ack: 28815966, window: 1448, ACK
0.251 Acknowledged seq: 28814518
0.251 Assembling: source: 14543, dest: 46529, seq: 28815966, ack: 46, window: 1448, data: "ibus vis ex, pro"...
0.251 Sent: b'8\xcf\xb5\xc1\x01\xb7\xb2^\x00\x00\x00.P\x00\x05\xa8\x00\x00\x00\x00ibus vis ex, pro'...
0.253 Received: b'\xb5\xc18\xcf\x00\x00\x00-\x01\xb7\xb8\x06P\x10\x05\xa8\x00\x00\x00\x00'
0.253 Disassembled: source: 46529, dest: 14543, seq: 45, ack: 28817414, window: 1448, ACK
0.253 Acknowledged seq: 28815966
0.253 Assembling: source: 14543, dest: 46529, seq: 28817414, ack: 46, window: 1448, data: "o vix, mel ea li"...
0.253 Sent: b'8\xcf\xb5\xc1\x01\xb7\xb8\x06\x00\x00\x00.P\x00\x05\xa8\x00\x00\x00\x00o vix, mel ea li'...
0.255 Received: b'\xb5\xc18\xcf\x00\x00\x00-\x01\xb7\xbd\xaeP\x10\x05\xa8\x00\x00\x00\x00'
0.255 Disassembled: source: 46529, dest: 14543, seq: 45, ack: 28818862, window: 1448, ACK
0.255 Acknowledged seq: 28817414
0.255 Assembling: source: 14543, dest: 46529, seq: 28818862, ack: 46, window: 1448, data: "d. Ex fugit suav"...
0.255 Sent: b'8\xcf\xb5\xc1\x01\xb7\xbd\xae\x00\x00\x00.P\x00\x05\xa8\x00\x00\x00\x00d. Ex fugit suav'...
0.257 Received: b'\xb5\xc18\xcf\x00\x00\x00-\x01\xb7\xc3VP\x10\x05\xa8\x00\x00\x00\x00'
0.257 Disassembled: source: 46529, dest: 14543, seq: 45, ack: 28820310, window: 1448, ACK
0.257 Acknowledged seq: 28818862
0.257 Assembling: source: 14543, dest: 46529, seq: 28820310, ack: 46, window: 1448, data: "pertinax nec. De"...
0.258 Sent: b'8\xcf\xb5\xc1\x01\xb7\xc3V\x00\x00\x00.P\x00\x05\xa8\x00\x00\x00\x00pertinax nec. De'...
0.259 Failed to receive packet
0.758 Sent: b'8\xcf\xb5\xc1\x01\xb7\xc3V\x00\x00\x00.P\x00\x05\xa8\x00\x00\x00\x00pertinax nec. De'...
0.761 Received: b'\xb5\xc18\xcf\x00\x00\x00-\x01\xb7\xc8\xfeP\x10\x05\xa8\x00\x00\x00\x00'
0.761 Disassembled: source: 46529, dest: 14543, seq: 45, ack: 28821758, window: 1448, ACK
0.761 Acknowledged seq: 28820310
0.762 Assembling: source: 14543, dest: 46529, seq: 28821758, ack: 46, window: 1448, data: "lli primis praes"...
0.762 Sent: b'8\xcf\xb5\xc1\x01\xb7\xc8\xfe\x00\x00\x00.P\x00\x05\xa8\x00\x00\x00\x00lli primis praes'...
0.765 Received: b'\xb5\xc18\xcf\x00\x00\x00-\x01\xb7\xce\xa6P\x10\x05\xa8\x00\x00\x00\x00'
0.766 Disassembled: source: 46529, dest: 14543, seq: 45, ack: 28823206, window: 1448, ACK
0.766 Acknowledged seq: 28821758
0.766 Assembling: source: 14543, dest: 46529, seq: 28823206, ack: 46, window: 1448, data: "m, percipit inte"...
0.767 Sent: b'8\xcf\xb5\xc1\x01\xb7\xce\xa6\x00\x00\x00.P\x00\x05\xa8\x00\x00\x00\x00m, percipit inte'...
0.770 Received: b'\xb5\xc18\xcf\x00\x00\x00-\x01\xb7\xd4NP\x10\x05\xa8\x00\x00\x00\x00'
0.770 Disassembled: source: 46529, dest: 14543, seq: 45, ack: 28824654, window: 1448, ACK
0.770 Acknowledged seq: 28823206
0.771 Assembling: source: 14543, dest: 46529, seq: 28824654, ack: 46, window: 1448, data: "nani docendi pat"...
0.771 Sent: b'8\xcf\xb5\xc1\x01\xb7\xd4N\x00\x00\x00.P\x00\x05\xa8\x00\x00\x00\x00nani docendi pat'...
0.773 Received: b'\xb5\xc18\xcf\x00\x00\x00-\x01\xb7\xd9\xf6P\x10\x05\xa8\x00\x00\x00\x00'
0.774 Disassembled: source: 46529, dest: 14543, seq: 45, ack: 28826102, window: 1448, ACK
0.774 Acknowledged seq: 28824654
0.774 Assembling: source: 14543, dest: 46529, seq: 28826102, ack: 46, window: 1448, data: " vis decore poss"...
0.775 Sent: b'8\xcf\xb5\xc1\x01\xb7\xd9\xf6\x00\x00\x00.P\x00\x05\xa8\x00\x00\x00\x00 vis decore poss'...
0.777 Received: b'\xb5\xc18\xcf\x00\x00\x00-\x01\xb7\xdf\x9eP\x10\x05\xa8\x00\x00\x00\x00'
0.777 Disassembled: source: 46529, dest: 14543, seq: 45, ack: 28827550, window: 1448, ACK
0.777 Acknowledged seq: 28826102
0.778 Assembling: source: 14543, dest: 46529, seq: 28827550, ack: 46, window: 1448, data: "eam odio corpora"...
0.778 Sent: b'8\xcf\xb5\xc1\x01\xb7\xdf\x9e\x00\x00\x00.P\x00\x05\xa8\x00\x00\x00\x00eam odio corpora'...
0.780 Received: b'\xb5\xc18\xcf\x00\x00\x00-\x01\xb7\xe5FP\x10\x05\xa8\x00\x00\x00\x00'
0.781 Disassembled: source: 46529, dest: 14543, seq: 45, ack: 28828998, window: 1448, ACK
0.781 Acknowledged seq: 28827550
0.781 Assembling: source: 14543, dest: 46529, seq: 28828998, ack: 46, window: 1448, data: " est. Usu sanctu"...
0.782 Sent: b'8\xcf\xb5\xc1\x01\xb7\xe5F\x00\x00\x00.P\x00\x05\xa8\x00\x00\x00\x00 est. Usu sanctu'...
0.783 Received: b'\xb5\xc18\xcf\x00\x00\x00-\x01\xb7\xea\xeeP\x10\x05\xa8\x00\x00\x00\x00'
0.784 Disassembled: source: 46529, dest: 14543, seq: 45, ack: 28830446, window: 1448, ACK
0.784 Acknowledged seq: 28828998
0.784 Assembling: source: 14543, dest: 46529, seq: 28830446, ack: 46, window: 1448, data: ".

Mei graeco ae"...
0.785 Sent: b'8\xcf\xb5\xc1\x01\xb7\xea\xee\x00\x00\x00.P\x00\x05\xa8\x00\x00\x00\x00.\n\nMei graeco ae'...
0.787 Received: b'\xb5\xc18\xcf\x00\x00\x00-\x01\xb7\xf0\x96P\x10\x05\xa8\x00\x00\x00\x00'
0.787 Disassembled: source: 46529, dest: 14543, seq: 45, ack: 28831894, window: 1448, ACK
0.788 Acknowledged seq: 28830446
0.788 Assembling: source: 14543, dest: 46529, seq: 28831894, ack: 46, window: 1448, data: "et. Ne sea primi"...
0.788 Sent: b'8\xcf\xb5\xc1\x01\xb7\xf0\x96\x00\x00\x00.P\x00\x05\xa8\x00\x00\x00\x00et. Ne sea primi'...
0.790 Received: b'\xb5\xc18\xcf\x00\x00\x00-\x01\xb7\xf6>P\x10\x05\xa8\x00\x00\x00\x00'
0.791 Disassembled: source: 46529, dest: 14543, seq: 45, ack: 28833342, window: 1448, ACK
0.791 Acknowledged seq: 28831894
0.791 Assembling: source: 14543, dest: 46529, seq: 28833342, ack: 46, window: 1448, data: "ittam convenire."...
0.792 Sent: b'8\xcf\xb5\xc1\x01\xb7\xf6>\x00\x00\x00.P\x00\x05\xa8\x00\x00\x00\x00ittam convenire.'...
0.794 Received: b'\xb5\xc18\xcf\x00\x00\x00-\x01\xb7\xfb\xe6P\x10\x05\xa8\x00\x00\x00\x00'
0.794 Disassembled: source: 46529, dest: 14543, seq: 45, ack: 28834790, window: 1448, ACK
0.795 Acknowledged seq: 28833342
0.795 Assembling: source: 14543, dest: 46529, seq: 28834790, ack: 46, window: 1448, data: "ua et vis, id eu"...
0.795 Sent: b'8\xcf\xb5\xc1\x01\xb7\xfb\xe6\x00\x00\x00.P\x00\x05\xa8\x00\x00\x00\x00ua et vis, id eu'...
0.797 Received: b'\xb5\xc18\xcf\x00\x00\x00-\x01\xb8\x01\x8eP\x10\x05\xa8\x00\x00\x00\x00'
0.798 Disassembled: source: 46529, dest: 14543, seq: 45, ack: 28836238, window: 1448, ACK
0.798 Acknowledged seq: 28834790
0.798 Assembling: source: 14543, dest: 46529, seq: 28836238, ack: 46, window: 1448, data: "r. Et velit appa"...
0.799 Sent: b'8\xcf\xb5\xc1\x01\xb8\x01\x8e\x00\x00\x00.P\x00\x05\xa8\x00\x00\x00\x00r. Et velit appa'...
0.801 Received: b'\xb5\xc18\xcf\x00\x00\x00-\x01\xb8\x076P\x10\x05\xa8\x00\x00\x00\x00'
0.801 Disassembled: source: 46529, dest: 14543, seq: 45, ack: 28837686, window: 1448, ACK
0.802 Acknowledged seq: 28836238
0.802 Assembling: source: 14543, dest: 46529, seq: 28837686, ack: 46, window: 1448, data: " novum laudem, v"...
0.802 Sent: b'8\xcf\xb5\xc1\x01\xb8\x076\x00\x00\x00.P\x00\x05\xa8\x00\x00\x00\x00 novum laudem, v'...
0.804 Received: b'\xb5\xc18\xcf\x00\x00\x00-\x01\xb8\x0c\xdeP\x10\x05\xa8\x00\x00\x00\x00'
0.805 Disassembled: source: 46529, dest: 14543, seq: 45, ack: 28839134, window: 1448, ACK
0.805 Acknowledged seq: 28837686
0.805 Assembling: source: 14543, dest: 46529, seq: 28839134, ack: 46, window: 1448, data: "luptatibus, cibo"...
0.806 Sent: b'8\xcf\xb5\xc1\x01\xb8\x0c\xde\x00\x00\x00.P\x00\x05\xa8\x00\x00\x00\x00luptatibus, cibo'...
0.808 Received: b'\xb5\xc18\xcf\x00\x00\x00-\x01\xb8\x12\x86P\x10\x05\xa8\x00\x00\x00\x00'
0.808 Disassembled: source: 46529, dest: 14543, seq: 45, ack: 28840582, window: 1448, ACK
0.809 Acknowledged seq: 28839134
0.809 Assembling: source: 14543, dest: 46529, seq: 28840582, ack: 46, window: 1448, data: "alii indoctum ma"...
0.809 Sent: b'8\xcf\xb5\xc1\x01\xb8\x12\x86\x00\x00\x00.P\x00\x05\xa8\x00\x00\x00\x00alii indoctum ma'...
0.812 Failed to receive packet
1.310 Sent: b'8\xcf\xb5\xc1\x01\xb8\x12\x86\x00\x00\x00.P\x00\x05\xa8\x00\x00\x00\x00alii indoctum ma'...
1.312 Received: b'\xb5\xc18\xcf\x00\x00\x00-\x01\xb8\x18.P\x10\x05\xa8\x00\x00\x00\x00'
1.313 Disassembled: source: 46529, dest: 14543, seq: 45, ack: 28842030, window: 1448, ACK
1.313 Acknowledged seq: 28840582
1.313 Assembling: source: 14543, dest: 46529, seq: 28842030, ack: 46, window: 1448, data: "im, his facete c"...
1.314 Sent: b'8\xcf\xb5\xc1\x01\xb8\x18.\x00\x00\x00.P\x00\x05\xa8\x00\x00\x00\x00im, his facete c'...
1.317 Failed to receive packet
1.814 Sent: b'8\xcf\xb5\xc1\x01\xb8\x18.\x00\x00\x00.P\x00\x05\xa8\x00\x00\x00\x00im, his facete c'...
1.817 Received: b'\xb5\xc18\xcf\x00\x00\x00-\x01\xb8\x1d\xd6P\x10\x05\xa8\x00\x00\x00\x00'
1.817 Disassembled: source: 46529, dest: 14543, seq: 45, ack: 28843478, window: 1448, ACK
1.818 Acknowledged seq: 28842030
1.818 Assembling: source: 14543, dest: 46529, seq: 28843478, ack: 46, window: 1448, data: "e alia dolor com"...
1.818 Failed to send packet
2.319 Sent: b'8\xcf\xb5\xc1\x01\xb8\x1d\xd6\x00\x00\x00.P\x00\x05\xa8\x00\x00\x00\x00e alia dolor com'...
2.322 Received: b'\xb5\xc18\xcf\x00\x00\x00-\x01\xb8#~P\x10\x05\xa8\x00\x00\x00\x00'
2.322 Disassembled: source: 46529, dest: 14543, seq: 45, ack: 28844926, window: 1448, ACK
2.323 Acknowledged seq: 28843478
2.323 Assembling: source: 14543, dest: 46529, seq: 28844926, ack: 46, window: 1448, data: "it ea, reque tem"...
2.323 Sent: b'8\xcf\xb5\xc1\x01\xb8#~\x00\x00\x00.P\x00\x05\xa8\x00\x00\x00\x00it ea, reque tem'...
2.326 Received: b'\xb5\xc18\xcf\x00\x00\x00-\x01\xb8)&P\x10\x05\xa8\x00\x00\x00\x00'
2.327 Disassembled: source: 46529, dest: 14543, seq: 45, ack: 28846374, window: 1448, ACK
2.327 Acknowledged seq: 28844926
2.327 Assembling: source: 14543, dest: 46529, seq: 28846374, ack: 46, window: 1448, data: "alisque.

Equide"...
2.328 Sent: b'8\xcf\xb5\xc1\x01\xb8)&\x00\x00\x00.P\x00\x05\xa8\x00\x00\x00\x00alisque.\n\nEquide'...
2.331 Received: b'\xb5\xc18\xcf\x00\x00\x00-\x01\xb8.\xceP\x10\x05\xa8\x00\x00\x00\x00'
2.331 Disassembled: source: 46529, dest: 14543, seq: 45, ack: 28847822, window: 1448, ACK
2.331 Acknowledged seq: 28846374
2.332 Assembling: source: 14543, dest: 46529, seq: 28847822, ack: 46, window: 1448, data: "finitiones, affe"...
2.332 Sent: b'8\xcf\xb5\xc1\x01\xb8.\xce\x00\x00\x00.P\x00\x05\xa8\x00\x00\x00\x00finitiones, affe'...
2.334 Received: b'\xb5\xc18\xcf\x00\x00\x00-\x01\xb84vP\x10\x05\xa8\x00\x00\x00\x00'
2.335 Disassembled: source: 46529, dest: 14543, seq: 45, ack: 28849270, window: 1448, ACK
2.335 Acknowledged seq: 28847822
2.335 Assembling: source: 14543, dest: 46529, seq: 28849270, ack: 46, window: 1448, data: "his duis graeco "...
2.336 Sent: b'8\xcf\xb5\xc1\x01\xb84v\x00\x00\x00.P\x00\x05\xa8\x00\x00\x00\x00his duis graeco '...
2.337 Received: b'\xb5\xc18\xcf\x00\x00\x00-\x01\xb8:\x1eP\x10\x05\xa8\x00\x00\x00\x00'
2.338 Disassembled: source: 46529, dest: 14543, seq: 45, ack: 28850718, window: 1448, ACK
2.338 Acknowledged seq: 28849270
2.338 Assembling: source: 14543, dest: 46529, seq: 28850718, ack: 46, window: 1448, data: "am. Alia possit "...
2.339 Sent: b'8\xcf\xb5\xc1\x01\xb8:\x1e\x00\x00\x00.P\x00\x05\xa8\x00\x00\x00\x00am. Alia possit '...
2.341 Received: b'\xb5\xc18\xcf\x00\x00\x00-\x01\xb8?\xc6P\x10\x05\xa8\x00\x00\x00\x00'
2.341 Disassembled: source: 46529, dest: 14543, seq: 45, ack: 28852166, window: 1448, ACK
2.341 Acknowledged seq: 28850718
2.342 Assembling: source: 14543, dest: 46529, seq: 28852166, ack: 46, window: 1448, data: "cum an. Mei faci"...
2.342 Sent: b'8\xcf\xb5\xc1\x01\xb8?\xc6\x00\x00\x00.P\x00\x05\xa8\x00\x00\x00\x00cum an. Mei faci'...
2.344 Received: b'\xb5\xc18\xcf\x00\x00\x00-\x01\xb8EnP\x10\x05\xa8\x00\x00\x00\x00'
2.344 Disassembled: source: 46529, dest: 14543, seq: 45, ack: 28853614, window: 1448, ACK
2.345 Acknowledged seq: 28852166
2.345 Assembling: source: 14543, dest: 46529, seq: 28853614, ack: 46, window: 1448, data: " vis adhuc tatio"...
2.345 Sent: b'8\xcf\xb5\xc1\x01\xb8En\x00\x00\x00.P\x00\x05\xa8\x00\x00\x00\x00 vis adhuc tatio'...
2.347 Received: b'\xb5\xc18\xcf\x00\x00\x00-\x01\xb8K\x16P\x10\x05\xa8\x00\x00\x00\x00'
2.348 Disassembled: source: 46529, dest: 14543, seq: 45, ack: 28855062, window: 1448, ACK
2.348 Acknowledged seq: 28853614
2.348 Assembling: source: 14543, dest: 46529, seq: 28855062, ack: 46, window: 1448, data: "im eu option iuv"...
2.349 Sent: b'8\xcf\xb5\xc1\x01\xb8K\x16\x00\x00\x00.P\x00\x05\xa8\x00\x00\x00\x00im eu option iuv'...
2.351 Received: b'\xb5\xc18\xcf\x00\x00\x00-\x01\xb8P\xbeP\x10\x05\xa8\x00\x00\x00\x00'
2.351 Disassembled: source: 46529, dest: 14543, seq: 45, ack: 28856510, window: 1448, ACK
2.352 Acknowledged seq: 28855062
2.352 Assembling: source: 14543, dest: 46529, seq: 28856510, ack: 46, window: 1448, data: "ex epicurei taci"...
2.352 Sent: b'8\xcf\xb5\xc1\x01\xb8P\xbe\x00\x00\x00.P\x00\x05\xa8\x00\x00\x00\x00ex epicurei taci'...
2.354 Received: b'\xb5\xc18\xcf\x00\x00\x00-\x01\xb8VfP\x10\x05\xa8\x00\x00\x00\x00'
2.355 Disassembled: source: 46529, dest: 14543, seq: 45, ack: 28857958, window: 1448, ACK
2.355 Acknowledged seq: 28856510
2.355 Assembling: source: 14543, dest: 46529, seq: 28857958, ack: 46, window: 1448, data: "ebat, eu pro ero"...
2.356 Sent: b'8\xcf\xb5\xc1\x01\xb8Vf\x00\x00\x00.P\x00\x05\xa8\x00\x00\x00\x00ebat, eu pro ero'...
2.358 Received: b'\xb5\xc18\xcf\x00\x00\x00-\x01\xb8\\\x0eP\x10\x05\xa8\x00\x00\x00\x00'
2.358 Disassembled: source: 46529, dest: 14543, seq: 45, ack: 28859406, window: 1448, ACK
2.359 Acknowledged seq: 28857958
2.359 Assembling: source: 14543, dest: 46529, seq: 28859406, ack: 46, window: 1448, data: "s. Per no sale v"...
2.359 Sent: b'8\xcf\xb5\xc1\x01\xb8\\\x0e\x00\x00\x00.P\x00\x05\xa8\x00\x00\x00\x00s. Per no sale v'...
2.361 Received: b'\xb5\xc18\xcf\x00\x00\x00-\x01\xb8a\xb6P\x10\x05\xa8\x00\x00\x00\x00'
2.362 Disassembled: source: 46529, dest: 14543, seq: 45, ack: 28860854, window: 1448, ACK
2.362 Acknowledged seq: 28859406
2.362 Assembling: source: 14543, dest: 46529, seq: 28860854, ack: 46, window: 1448, data: "orrupte ea mel. "...
2.363 Sent: b'8\xcf\xb5\xc1\x01\xb8a\xb6\x00\x00\x00.P\x00\x05\xa8\x00\x00\x00\x00orrupte ea mel. '...
2.365 Received: b'\xb5\xc18\xcf\x00\x00\x00-\x01\xb8g^P\x10\x05\xa8\x00\x00\x00\x00'
2.365 Disassembled: source: 46529, dest: 14543, seq: 45, ack: 28862302, window: 1448, ACK
2.366 Acknowledged seq: 28860854
2.366 Assembling: source: 14543, dest: 46529, seq: 28862302, ack: 46, window: 1448, data: ". Est iracundia "...
2.366 Sent: b'8\xcf\xb5\xc1\x01\xb8g^\x00\x00\x00.P\x00\x05\xa8\x00\x00\x00\x00. Est iracundia '...
2.368 Received: b'\xb5\xc18\xcf\x00\x00\x00-\x01\xb8m\x06P\x10\x05\xa8\x00\x00\x00\x00'
2.369 Disassembled: source: 46529, dest: 14543, seq: 45, ack: 28863750, window: 1448, ACK
2.369 Acknowledged seq: 28862302
2.369 Assembling: source: 14543, dest: 46529, seq: 28863750, ack: 46, window: 1448, data: "pta probatus scr"...
2.370 Sent: b'8\xcf\xb5\xc1\x01\xb8m\x06\x00\x00\x00.P\x00\x05\xa8\x00\x00\x00\x00pta probatus scr'...
2.372 Failed to receive packet
2.870 Failed to send packet
3.371 Sent: b'8\xcf\xb5\xc1\x01\xb8m\x06\x00\x00\x00.P\x00\x05\xa8\x00\x00\x00\x00pta probatus scr'...
3.373 Received: b'\xb5\xc18\xcf\x00\x00\x00-\x01\xb8r\xaeP\x10\x05\xa8\x00\x00\x00\x00'
3.374 Disassembled: source: 46529, dest: 14543, seq: 45, ack: 28865198, window: 1448, ACK
3.374 Acknowledged seq: 28863750
3.374 Assembling: source: 14543, dest: 46529, seq: 28865198, ack: 46, window: 1448, data: "entur ei, pro ei"...
3.375 Sent: b'8\xcf\xb5\xc1\x01\xb8r\xae\x00\x00\x00.P\x00\x05\xa8\x00\x00\x00\x00entur ei, pro ei'...
3.378 Received: b'\xb5\xc18\xcf\x00\x00\x00-\x01\xb8xVP\x10\x05\xa8\x00\x00\x00\x00'
3.378 Disassembled: source: 46529, dest: 14543, seq: 45, ack: 28866646, window: 1448, ACK
3.378 Acknowledged seq: 28865198
3.379 Assembling: source: 14543, dest: 46529, seq: 28866646, ack: 46, window: 1448, data: "simul euismod vi"...
3.379 Sent: b'8\xcf\xb5\xc1\x01\xb8xV\x00\x00\x00.P\x00\x05\xa8\x00\x00\x00\x00simul euismod vi'...
3.382 Received: b'\xb5\xc18\xcf\x00\x00\x00-\x01\xb8}\xfeP\x10\x05\xa8\x00\x00\x00\x00'
3.383 Disassembled: source: 46529, dest: 14543, seq: 45, ack: 28868094, window: 1448, ACK
3.383 Acknowledged seq: 28866646
3.383 Assembling: source: 14543, dest: 46529, seq: 28868094, ack: 46, window: 1448, data: ", eam id iudico "...
3.384 Sent: b'8\xcf\xb5\xc1\x01\xb8}\xfe\x00\x00\x00.P\x00\x05\xa8\x00\x00\x00\x00, eam id iudico '...
3.386 Received: b'\xb5\xc18\xcf\x00\x00\x00-\x01\xb8\x83\xa6P\x10\x05\xa8\x00\x00\x00\x00'
3.386 Disassembled: source: 46529, dest: 14543, seq: 45, ack: 28869542, window: 1448, ACK
3.386 Acknowledged seq: 28868094
3.387 Assembling: source: 14543, dest: 46529, seq: 28869542, ack: 46, window: 1448, data: "m vix. Ea est mu"...
3.387 Failed to send packet
3.888 Sent: b'8\xcf\xb5\xc1\x01\xb8\x83\xa6\x00\x00\x00.P\x00\x05\xa8\x00\x00\x00\x00m vix. Ea est mu'...
3.891 Received: b'\xb5\xc18\xcf\x00\x00\x00-\x01\xb8\x89NP\x10\x05\xa8\x00\x00\x00\x00'
3.891 Disassembled: source: 46529, dest: 14543, seq: 45, ack: 28870990, window: 1448, ACK
3.891 Acknowledged seq: 28869542
3.892 Assembling: source: 14543, dest: 46529, seq: 28870990, ack: 46, window: 1448, data: "olor sit amet, e"...
3.892 Sent: b'8\xcf\xb5\xc1\x01\xb8\x89N\x00\x00\x00.P\x00\x05\xa8\x00\x00\x00\x00olor sit amet, e'...
3.895 Received: b'\xb5\xc18\xcf\x00\x00\x00-\x01\xb8\x8e\xf6P\x10\x05\xa8\x00\x00\x00\x00'
3.896 Disassembled: source: 46529, dest: 14543, seq: 45, ack: 28872438, window: 1448, ACK
3.896 Acknowledged seq: 28870990
3.896 Assembling: source: 14543, dest: 46529, seq: 28872438, ack: 46, window: 1448, data: "m, aperiam iudic"...
3.897 Sent: b'8\xcf\xb5\xc1\x01\xb8\x8e\xf6\x00\x00\x00.P\x00\x05\xa8\x00\x00\x00\x00m, aperiam iudic'...
3.899 Failed to receive packet
4.397 Sent: b'8\xcf\xb5\xc1\x01\xb8\x8e\xf6\x00\x00\x00.P\x00\x05\xa8\x00\x00\x00\x00m, aperiam iudic'...
4.400 Received: b'\xb5\xc18\xcf\x00\x00\x00-\x01\xb8\x94\x9eP\x10\x05\xa8\x00\x00\x00\x00'
4.400 Disassembled: source: 46529, dest: 14543, seq: 45, ack: 28873886, window: 1448, ACK
4.400 Acknowledged seq: 28872438
4.401 Assembling: source: 14543, dest: 46529, seq: 28873886, ack: 46, window: 1448, data: "re sea. No eos d"...
4.401 Sent: b'8\xcf\xb5\xc1\x01\xb8\x94\x9e\x00\x00\x00.P\x00\x05\xa8\x00\x00\x00\x00re sea. No eos d'...
4.404 Received: b'\xb5\xc18\xcf\x00\x00\x00-\x01\xb8\x9aFP\x10\x05\xa8\x00\x00\x00\x00'
4.405 Disassembled: source: 46529, dest: 14543, seq: 45, ack: 28875334, window: 1448, ACK
4.405 Acknowledged seq: 28873886
4.405 Assembling: source: 14543, dest: 46529, seq: 28875334, ack: 46, window: 1448, data: "t scripta philos"...
4.406 Sent: b'8\xcf\xb5\xc1\x01\xb8\x9aF\x00\x00\x00.P\x00\x05\xa8\x00\x00\x00\x00t scripta philos'...
4.409 Received: b'\xb5\xc18\xcf\x00\x00\x00-\x01\xb8\x9f\xeeP\x10\x05\xa8\x00\x00\x00\x00'
4.409 Disassembled: source: 46529, dest: 14543, seq: 45, ack: 28876782, window: 1448, ACK
4.409 Acknowledged seq: 28875334
4.409 Assembling: source: 14543, dest: 46529, seq: 28876782, ack: 46, window: 1448, data: "tos sadipscing e"...
4.410 Sent: b'8\xcf\xb5\xc1\x01\xb8\x9f\xee\x00\x00\x00.P\x00\x05\xa8\x00\x00\x00\x00tos sadipscing e'...
4.413 Received: b'\xb5\xc18\xcf\x00\x00\x00-\x01\xb8\xa5\x96P\x10\x05\xa8\x00\x00\x00\x00'
4.413 Disassembled: source: 46529, dest: 14543, seq: 45, ack: 28878230, window: 1448, ACK
4.414 Acknowledged seq: 28876782
4.414 Assembling: source: 14543, dest: 46529, seq: 28878230, ack: 46, window: 1448, data: "sapientem ea, ad"...
4.414 Failed to send packet
4.915 Sent: b'8\xcf\xb5\xc1\x01\xb8\xa5\x96\x00\x00\x00.P\x00\x05\xa8\x00\x00\x00\x00sapientem ea, ad'...
4.918 Received: b'\xb5\xc18\xcf\x00\x00\x00-\x01\xb8\xab>P\x10\x05\xa8\x00\x00\x00\x00'
4.918 Disassembled: source: 46529, dest: 14543, seq: 45, ack: 28879678, window: 1448, ACK
4.918 Acknowledged seq: 28878230
4.919 Assembling: source: 14543, dest: 46529, seq: 28879678, ack: 46, window: 1448, data: "g, ei invenire p"...
4.919 Sent: b'8\xcf\xb5\xc1\x01\xb8\xab>\x00\x00\x00.P\x00\x05\xa8\x00\x00\x00\x00g, ei invenire p'...
4.922 Received: b'\xb5\xc18\xcf\x00\x00\x00-\x01\xb8\xb0\xe6P\x10\x05\xa8\x00\x00\x00\x00'
4.922 Disassembled: source: 46529, dest: 14543, seq: 45, ack: 28881126, window: 1448, ACK
4.923 Acknowledged seq: 28879678
4.923 Assembling: source: 14543, dest: 46529, seq: 28881126, ack: 46, window: 1448, data: "endo at. Qui id "...
4.923 Sent: b'8\xcf\xb5\xc1\x01\xb8\xb0\xe6\x00\x00\x00.P\x00\x05\xa8\x00\x00\x00\x00endo at. Qui id '...
4.926 Received: b'\xb5\xc18\xcf\x00\x00\x00-\x01\xb8\xb6\x8eP\x10\x05\xa8\x00\x00\x00\x00'
4.927 Disassembled: source: 46529, dest: 14543, seq: 45, ack: 28882574, window: 1448, ACK
4.927 Acknowledged seq: 28881126
4.927 Assembling: source: 14543, dest: 46529, seq: 28882574, ack: 46, window: 1448, data: "ota nostrum et p"...
4.927 Sent: b'8\xcf\xb5\xc1\x01\xb8\xb6\x8e\x00\x00\x00.P\x00\x05\xa8\x00\x00\x00\x00ota nostrum et p'...
4.930 Received: b'\xb5\xc18\xcf\x00\x00\x00-\x01\xb8\xbc6P\x10\x05\xa8\x00\x00\x00\x00'
4.930 Disassembled: source: 46529, dest: 14543, seq: 45, ack: 28884022, window: 1448, ACK
4.930 Acknowledged seq: 28882574
4.931 Assembling: source: 14543, dest: 46529, seq: 28884022, ack: 46, window: 1448, data: "deseruisse id. P"...
4.931 Sent: b'8\xcf\xb5\xc1\x01\xb8\xbc6\x00\x00\x00.P\x00\x05\xa8\x00\x00\x00\x00deseruisse id. P'...
4.933 Received: b'\xb5\xc18\xcf\x00\x00\x00-\x01\xb8\xc1\xdeP\x10\x05\xa8\x00\x00\x00\x00'
4.933 Disassembled: source: 46529, dest: 14543, seq: 45, ack: 28885470, window: 1448, ACK
4.934 Acknowledged seq: 28884022
4.934 Assembling: source: 14543, dest: 46529, seq: 28885470, ack: 46, window: 1448, data: "odo munere imper"...
4.934 Sent: b'8\xcf\xb5\xc1\x01\xb8\xc1\xde\x00\x00\x00.P\x00\x05\xa8\x00\x00\x00\x00odo munere imper'...
4.936 Received: b'\xb5\xc18\xcf\x00\x00\x00-\x01\xb8\xc7\x86P\x10\x05\xa8\x00\x00\x00\x00'
4.937 Disassembled: source: 46529, dest: 14543, seq: 45, ack: 28886918, window: 1448, ACK
4.937 Acknowledged seq: 28885470
4.937 Assembling: source: 14543, dest: 46529, seq: 28886918, ack: 46, window: 1448, data: "cimates cum, tib"...
4.938 Sent: b'8\xcf\xb5\xc1\x01\xb8\xc7\x86\x00\x00\x00.P\x00\x05\xa8\x00\x00\x00\x00cimates cum, tib'...
4.939 Received: b'\xb5\xc18\xcf\x00\x00\x00-\x01\xb8\xcd.P\x10\x05\xa8\x00\x00\x00\x00'
4.940 Disassembled: source: 46529, dest: 14543, seq: 45, ack: 28888366, window: 1448, ACK
4.940 Acknowledged seq: 28886918
4.940 Assembling: source: 14543, dest: 46529, seq: 28888366, ack: 46, window: 1448, data: "tiopam molestiae"...
4.940 Sent: b'8\xcf\xb5\xc1\x01\xb8\xcd.\x00\x00\x00.P\x00\x05\xa8\x00\x00\x00\x00tiopam molestiae'...
4.942 Received: b'\xb5\xc18\xcf\x00\x00\x00-\x01\xb8\xd2\xd6P\x10\x05\xa8\x00\x00\x00\x00'
4.943 Disassembled: source: 46529, dest: 14543, seq: 45, ack: 28889814, window: 1448, ACK
4.943 Acknowledged seq: 28888366
4.943 Assembling: source: 14543, dest: 46529, seq: 28889814, ack: 46, window: 1448, data: "possim qui no, v"...
4.943 Sent: b'8\xcf\xb5\xc1\x01\xb8\xd2\xd6\x00\x00\x00.P\x00\x05\xa8\x00\x00\x00\x00possim qui no, v'...
4.945 Received: b'\xb5\xc18\xcf\x00\x00\x00-\x01\xb8\xd8~P\x10\x05\xa8\x00\x00\x00\x00'
4.946 Disassembled: source: 46529, dest: 14543, seq: 45, ack: 28891262, window: 1448, ACK
4.946 Acknowledged seq: 28889814
4.946 Assembling: source: 14543, dest: 46529, seq: 28891262, ack: 46, window: 1448, data: " ex utinam parti"...
4.946 Sent: b'8\xcf\xb5\xc1\x01\xb8\xd8~\x00\x00\x00.P\x00\x05\xa8\x00\x00\x00\x00 ex utinam parti'...
4.948 Received: b'\xb5\xc18\xcf\x00\x00\x00-\x01\xb8\xde&P\x10\x05\xa8\x00\x00\x00\x00'
4.949 Disassembled: source: 46529, dest: 14543, seq: 45, ack: 28892710, window: 1448, ACK
4.949 Acknowledged seq: 28891262
4.949 Assembling: source: 14543, dest: 46529, seq: 28892710, ack: 46, window: 1448, data: "icus in his. Pri"...
4.950 Sent: b'8\xcf\xb5\xc1\x01\xb8\xde&\x00\x00\x00.P\x00\x05\xa8\x00\x00\x00\x00icus in his. Pri'...
4.951 Received: b'\xb5\xc18\xcf\x00\x00\x00-\x01\xb8\xe3\xceP\x10\x05\xa8\x00\x00\x00\x00'
4.952 Disassembled: source: 46529, dest: 14543, seq: 45, ack: 28894158, window: 1448, ACK
4.952 Acknowledged seq: 28892710
4.952 Assembling: source: 14543, dest: 46529, seq: 28894158, ack: 46, window: 1448, data: "iis et.

Ius cu "...
4.953 Sent: b'8\xcf\xb5\xc1\x01\xb8\xe3\xce\x00\x00\x00.P\x00\x05\xa8\x00\x00\x00\x00iis et.\n\nIus cu '...
4.955 Failed to receive packet
5.453 Failed to send packet
5.953 Failed to send packet
6.454 Sent: b'8\xcf\xb5\xc1\x01\xb8\xe3\xce\x00\x00\x00.P\x00\x05\xa8\x00\x00\x00\x00iis et.\n\nIus cu '...
6.456 Received: b'\xb5\xc18\xcf\x00\x00\x00-\x01\xb8\xe9vP\x10\x05\xa8\x00\x00\x00\x00'
6.457 Disassembled: source: 46529, dest: 14543, seq: 45, ack: 28895606, window: 1448, ACK
6.457 Acknowledged seq: 28894158
6.458 Assembling: source: 14543, dest: 46529, seq: 28895606, ack: 46, window: 1448, data: "e interesset.

T"...
6.458 Sent: b'8\xcf\xb5\xc1\x01\xb8\xe9v\x00\x00\x00.P\x00\x05\xa8\x00\x00\x00\x00e interesset.\n\nT'...
6.461 Received: b'\xb5\xc18\xcf\x00\x00\x00-\x01\xb8\xef\x1eP\x10\x05\xa8\x00\x00\x00\x00'
6.461 Disassembled: source: 46529, dest: 14543, seq: 45, ack: 28897054, window: 1448, ACK
6.462 Acknowledged seq: 28895606
6.462 Assembling: source: 14543, dest: 46529, seq: 28897054, ack: 46, window: 1448, data: "pro alia volutpa"...
6.462 Sent: b'8\xcf\xb5\xc1\x01\xb8\xef\x1e\x00\x00\x00.P\x00\x05\xa8\x00\x00\x00\x00pro alia volutpa'...
6.465 Received: b'\xb5\xc18\xcf\x00\x00\x00-\x01\xb8\xf4\xc6P\x10\x05\xa8\x00\x00\x00\x00'
6.466 Disassembled: source: 46529, dest: 14543, seq: 45, ack: 28898502, window: 1448, ACK
6.466 Acknowledged seq: 28897054
6.466 Assembling: source: 14543, dest: 46529, seq: 28898502, ack: 46, window: 1448, data: " libris equidem "...
6.467 Sent: b'8\xcf\xb5\xc1\x01\xb8\xf4\xc6\x00\x00\x00.P\x00\x05\xa8\x00\x00\x00\x00 libris equidem '...
6.469 Failed to receive packet
6.967 Sent: b'8\xcf\xb5\xc1\x01\xb8\xf4\xc6\x00\x00\x00.P\x00\x05\xa8\x00\x00\x00\x00 libris equidem '...
6.970 Failed to receive packet
7.468 Sent: b'8\xcf\xb5\xc1\x01\xb8\xf4\xc6\x00\x00\x00.P\x00\x05\xa8\x00\x00\x00\x00 libris equidem '...
7.470 Received: b'\xb5\xc18\xcf\x00\x00\x00-\x01\xb8\xfanP\x10\x05\xa8\x00\x00\x00\x00'
7.471 Disassembled: source: 46529, dest: 14543, seq: 45, ack: 28899950, window: 1448, ACK
7.471 Acknowledged seq: 28898502
7.471 Assembling: source: 14543, dest: 46529, seq: 28899950, ack: 46, window: 1448, data: "uavitate volupta"...
7.472 Sent: b'8\xcf\xb5\xc1\x01\xb8\xfan\x00\x00\x00.P\x00\x05\xa8\x00\x00\x00\x00uavitate volupta'...
7.475 Received: b'\xb5\xc18\xcf\x00\x00\x00-\x01\xb9\x00\x16P\x10\x05\xa8\x00\x00\x00\x00'
7.475 Disassembled: source: 46529, dest: 14543, seq: 45, ack: 28901398, window: 1448, ACK
7.475 Acknowledged seq: 28899950
7.476 Assembling: source: 14543, dest: 46529, seq: 28901398, ack: 46, window: 1448, data: " Detraxit defini"...
7.476 Sent: b'8\xcf\xb5\xc1\x01\xb9\x00\x16\x00\x00\x00.P\x00\x05\xa8\x00\x00\x00\x00 Detraxit defini'...
7.479 Received: b'\xb5\xc18\xcf\x00\x00\x00-\x01\xb9\x05\xbeP\x10\x05\xa8\x00\x00\x00\x00'
7.480 Disassembled: source: 46529, dest: 14543, seq: 45, ack: 28902846, window: 1448, ACK
7.480 Acknowledged seq: 28901398
7.480 Assembling: source: 14543, dest: 46529, seq: 28902846, ack: 46, window: 1448, data: "aesent mei. Quo "...
7.481 Sent: b'8\xcf\xb5\xc1\x01\xb9\x05\xbe\x00\x00\x00.P\x00\x05\xa8\x00\x00\x00\x00aesent mei. Quo '...
7.483 Received: b'\xb5\xc18\xcf\x00\x00\x00-\x01\xb9\x0bfP\x10\x05\xa8\x00\x00\x00\x00'
7.483 Disassembled: source: 46529, dest: 14543, seq: 45, ack: 28904294, window: 1448, ACK
7.483 Acknowledged seq: 28902846
7.484 Assembling: source: 14543, dest: 46529, seq: 28904294, ack: 46, window: 1448, data: "nterpretaris no "...
7.484 Sent: b'8\xcf\xb5\xc1\x01\xb9\x0bf\x00\x00\x00.P\x00\x05\xa8\x00\x00\x00\x00nterpretaris no '...
7.486 Received: b'\xb5\xc18\xcf\x00\x00\x00-\x01\xb9\x11\x0eP\x10\x05\xa8\x00\x00\x00\x00'
7.486 Disassembled: source: 46529, dest: 14543, seq: 45, ack: 28905742, window: 1448, ACK
7.487 Acknowledged seq: 28904294
7.487 Assembling: source: 14543, dest: 46529, seq: 28905742, ack: 46, window: 1448, data: "patrioque has. I"...
7.487 Sent: b'8\xcf\xb5\xc1\x01\xb9\x11\x0e\x00\x00\x00.P\x00\x05\xa8\x00\x00\x00\x00patrioque has. I'...
7.489 Received: b'\xb5\xc18\xcf\x00\x00\x00-\x01\xb9\x16\xb6P\x10\x05\xa8\x00\x00\x00\x00'
7.490 Disassembled: source: 46529, dest: 14543, seq: 45, ack: 28907190, window: 1448, ACK
7.490 Acknowledged seq: 28905742
7.490 Assembling: source: 14543, dest: 46529, seq: 28907190, ack: 46, window: 1448, data: "ossit repudianda"...
7.491 Sent: b'8\xcf\xb5\xc1\x01\xb9\x16\xb6\x00\x00\x00.P\x00\x05\xa8\x00\x00\x00\x00ossit repudianda'...
7.493 Received: b'\xb5\xc18\xcf\x00\x00\x00-\x01\xb9\x1c^P\x10\x05\xa8\x00\x00\x00\x00'
7.493 Disassembled: source: 46529, dest: 14543, seq: 45, ack: 28908638, window: 1448, ACK
7.493 Acknowledged seq: 28907190
7.494 Assembling: source: 14543, dest: 46529, seq: 28908638, ack: 46, window: 1448, data: "ora consequuntur"...
7.494 Sent: b'8\xcf\xb5\xc1\x01\xb9\x1c^\x00\x00\x00.P\x00\x05\xa8\x00\x00\x00\x00ora consequuntur'...
7.496 Received: b'\xb5\xc18\xcf\x00\x00\x00-\x01\xb9"\x06P\x10\x05\xa8\x00\x00\x00\x00'
7.497 Disassembled: source: 46529, dest: 14543, seq: 45, ack: 28910086, window: 1448, ACK
7.497 Acknowledged seq: 28908638
7.497 Assembling: source: 14543, dest: 46529, seq: 28910086, ack: 46, window: 1448, data: "ctus conceptam a"...
7.498 Sent: b'8\xcf\xb5\xc1\x01\xb9"\x06\x00\x00\x00.P\x00\x05\xa8\x00\x00\x00\x00ctus conceptam a'...
7.499 Received: b"\xb5\xc18\xcf\x00\x00\x00-\x01\xb9'\xaeP\x10\x05\xa8\x00\x00\x00\x00"
7.500 Disassembled: source: 46529, dest: 14543, seq: 45, ack: 28911534, window: 1448, ACK
7.500 Acknowledged seq: 28910086
7.500 Assembling: source: 14543, dest: 46529, seq: 28911534, ack: 46, window: 1448, data: " aeterno te, ne "...
7.501 Sent: b"8\xcf\xb5\xc1\x01\xb9'\xae\x00\x00\x00.P\x00\x05\xa8\x00\x00\x00\x00 aeterno te, ne "...
7.503 Received: b'\xb5\xc18\xcf\x00\x00\x00-\x01\xb9-VP\x10\x05\xa8\x00\x00\x00\x00'
7.503 Disassembled: source: 46529, dest: 14543, seq: 45, ack: 28912982, window: 1448, ACK
7.504 Acknowledged seq: 28911534
7.504 Assembling: source: 14543, dest: 46529, seq: 28912982, ack: 46, window: 1448, data: "imis oporteat di"...
7.504 Sent: b'8\xcf\xb5\xc1\x01\xb9-V\x00\x00\x00.P\x00\x05\xa8\x00\x00\x00\x00imis oporteat di'...
7.506 Received: b'\xb5\xc18\xcf\x00\x00\x00-\x01\xb92\xfeP\x10\x05\xa8\x00\x00\x00\x00'
7.507 Disassembled: source: 46529, dest: 14543, seq: 45, ack: 28914430, window: 1448, ACK
7.507 Acknowledged seq: 28912982
7.507 Assembling: source: 14543, dest: 46529, seq: 28914430, ack: 46, window: 1448, data: "re. Has virtute "...
7.508 Failed to send packet
8.008 Sent: b'8\xcf\xb5\xc1\x01\xb92\xfe\x00\x00\x00.P\x00\x05\xa8\x00\x00\x00\x00re. Has virtute '...
8.011 Received: b'\xb5\xc18\xcf\x00\x00\x00-\x01\xb98\xa6P\x10\x05\xa8\x00\x00\x00\x00'
8.012 Disassembled: source: 46529, dest: 14543, seq: 45, ack: 28915878, window: 1448, ACK
8.012 Acknowledged seq: 28914430
8.012 Assembling: source: 14543, dest: 46529, seq: 28915878, ack: 46, window: 1448, data: " eum ancillae no"...
8.013 Failed to send packet
8.513 Sent: b'8\xcf\xb5\xc1\x01\xb98\xa6\x00\x00\x00.P\x00\x05\xa8\x00\x00\x00\x00 eum ancillae no'...
8.516 Received: b'\xb5\xc18\xcf\x00\x00\x00-\x01\xb9>NP\x10\x05\xa8\x00\x00\x00\x00'
8.517 Disassembled: source: 46529, dest: 14543, seq: 45, ack: 28917326, window: 1448, ACK
8.517 Acknowledged seq: 28915878
8.517 Assembling: source: 14543, dest: 46529, seq: 28917326, ack: 46, window: 1448, data: "ppareat ius. At "...
8.517 Sent: b'8\xcf\xb5\xc1\x01\xb9>N\x00\x00\x00.P\x00\x05\xa8\x00\x00\x00\x00ppareat ius. At '...
8.520 Received: b'\xb5\xc18\xcf\x00\x00\x00-\x01\xb9C\xf6P\x10\x05\xa8\x00\x00\x00\x00'
8.521 Disassembled: source: 46529, dest: 14543, seq: 45, ack: 28918774, window: 1448, ACK
8.521 Acknowledged seq: 28917326
8.521 Assembling: source: 14543, dest: 46529, seq: 28918774, ack: 46, window: 1448, data: ", vero appellant"...
8.522 Sent: b'8\xcf\xb5\xc1\x01\xb9C\xf6\x00\x00\x00.P\x00\x05\xa8\x00\x00\x00\x00, vero appellant'...
8.525 Received: b'\xb5\xc18\xcf\x00\x00\x00-\x01\xb9I\x9eP\x10\x05\xa8\x00\x00\x00\x00'
8.525 Disassembled: source: 46529, dest: 14543, seq: 45, ack: 28920222, window: 1448, ACK
8.526 Acknowledged seq: 28918774
8.526 Assembling: source: 14543, dest: 46529, seq: 28920222, ack: 46, window: 1448, data: "ibo quando copio"...
8.526 Sent: b'8\xcf\xb5\xc1\x01\xb9I\x9e\x00\x00\x00.P\x00\x05\xa8\x00\x00\x00\x00ibo quando copio'...
8.529 Failed to receive packet
9.027 Sent: b'8\xcf\xb5\xc1\x01\xb9I\x9e\x00\x00\x00.P\x00\x05\xa8\x00\x00\x00\x00ibo quando copio'...
9.029 Received: b'\xb5\xc18\xcf\x00\x00\x00-\x01\xb9OFP\x10\x05\xa8\x00\x00\x00\x00'
9.030 Disassembled: source: 46529, dest: 14543, seq: 45, ack: 28921670, window: 1448, ACK
9.030 Acknowledged seq: 28920222
9.030 Assembling: source: 14543, dest: 46529, seq: 28921670, ack: 46, window: 1448, data: " maluisset. Sit "...
9.031 Sent: b'8\xcf\xb5\xc1\x01\xb9OF\x00\x00\x00.P\x00\x05\xa8\x00\x00\x00\x00 maluisset. Sit '...
9.034 Received: b'\xb5\xc18\xcf\x00\x00\x00-\x01\xb9T\xeeP\x10\x05\xa8\x00\x00\x00\x00'
9.034 Disassembled: source: 46529, dest: 14543, seq: 45, ack: 28923118, window: 1448, ACK
9.035 Acknowledged seq: 28921670
9.035 Assembling: source: 14543, dest: 46529, seq: 28923118, ack: 46, window: 1448, data: "e ceteros albuci"...
9.035 Sent: b'8\xcf\xb5\xc1\x01\xb9T\xee\x00\x00\x00.P\x00\x05\xa8\x00\x00\x00\x00e ceteros albuci'...
9.038 Received: b'\xb5\xc18\xcf\x00\x00\x00-\x01\xb9Z\x96P\x10\x05\xa8\x00\x00\x00\x00'
9.039 Disassembled: source: 46529, dest: 14543, seq: 45, ack: 28924566, window: 1448, ACK
9.039 Acknowledged seq: 28923118
9.039 Assembling: source: 14543, dest: 46529, seq: 28924566, ack: 46, window: 1448, data: "complectitur sea"...
9.040 Sent: b'8\xcf\xb5\xc1\x01\xb9Z\x96\x00\x00\x00.P\x00\x05\xa8\x00\x00\x00\x00complectitur sea'...
9.043 Received: b'\xb5\xc18\xcf\x00\x00\x00-\x01\xb9`>P\x10\x05\xa8\x00\x00\x00\x00'
9.043 Disassembled: source: 46529, dest: 14543, seq: 45, ack: 28926014, window: 1448, ACK
9.043 Acknowledged seq: 28924566
9.044 Finished reading file
9.044 Assembling: source: 14543, dest: 46529, seq: 28926014, ack: 46, window: 1448, data: "tempor ex ius. E"...
9.044 Sent: b'8\xcf\xb5\xc1\x01\xb9`>\x00\x00\x00.P\x00\x05\xa8\x00\x00\x00\x00tempor ex ius. E'...
9.046 Received: b'\xb5\xc18\xcf\x00\x00\x00-\x01\xb9`\x9cP\x10\x05\xa8\x00\x00\x00\x00'
9.047 Disassembled: source: 46529, dest: 14543, seq: 45, ack: 28926108, window: 1448, ACK
9.047 Acknowledged seq: 28926014
9.047 Assembling: source: 14543, dest: 46529, seq: 28926108, ack: 46, window: 1448, ACK, FIN
9.048 Sent: b'8\xcf\xb5\xc1\x01\xb9`\x9c\x00\x00\x00.P\x11\x05\xa8\x00\x00\x00\x00'
9.049 Received: b'\xb5\xc18\xcf\x00\x00\x00-\x01\xb9`\x9dP\x10\x05\xa8\x00\x00\x00\x00'
9.050 Disassembled: source: 46529, dest: 14543, seq: 45, ack: 28926109, window: 1448, ACK
9.050 FIN accepted; sending final packet
9.050 Assembling: source: 14543, dest: 46529, seq: 28926109, ack: 46, window: 1448, ACK
9.051 Sent: b'8\xcf\xb5\xc1\x01\xb9`\x9d\x00\x00\x00.P\x10\x05\xa8\x00\x00\x00\x00'
9.051 Closed connection
9.051 Shutting down
