0.000 NEW RUN: Server, TEST: Write_file__Large_multi-packet
0.214 Received: b'\x99v\xadx\x00\x00\x00K\x00\x00\x00\x00P\x02\x05\xa8\x00\x00\x00\x00'
0.214 Disassembled: source: 39286, dest: 44408, seq: 75, window: 1448, SYN
0.214 SYN accepted; new connection: 127.0.0.1 on port 39286
0.215 Assembling: source: 44408, dest: 39286, seq: 3557210438, ack: 76, window: 5808, ACK, SYN
0.215 Sent: b'\xadx\x99v\xd4\x06\xb9F\x00\x00\x00LP\x12\x16\xb0\x00\x00\x00\x00'
0.218 Received: b'\x99v\xadx\x00\x00\x00L\xd4\x06\xb9GP\x10\x16\xb0\x00\x00\x00\x00'
0.218 Disassembled: source: 39286, dest: 44408, seq: 76, ack: 3557210439, window: 5808, ACK
0.218 Assembling: source: 44408, dest: 39286, seq: 3557210439, ack: 76, window: 5808, ACK
0.219 Sent: b'\xadx\x99v\xd4\x06\xb9G\x00\x00\x00LP\x10\x16\xb0\x00\x00\x00\x00'
0.219 Received: b'\x99v\xadx\x00\x00\x00L\xd4\x06\xb9GP\x10\x16\xb0\x00\x00\x00\x00Lorem ipsum dolo'...
0.219 Disassembled: source: 39286, dest: 44408, seq: 76, ack: 3557210439, window: 5808, ACK, data: "Lorem ipsum dolo"...
0.220 Handshake complete
0.220 Data accepted; writing to file
0.220 Assembling: source: 44408, dest: 39286, seq: 3557210439, ack: 1524, window: 5808, ACK
0.220 Sent: b'\xadx\x99v\xd4\x06\xb9G\x00\x00\x05\xf4P\x10\x16\xb0\x00\x00\x00\x00'
0.220 Received: b'\x99v\xadx\x00\x00\x00L\xd4\x06\xb9GP\x00\x16\xb0\x00\x00\x00\x00Lorem ipsum dolo'...
0.221 Disassembled: source: 39286, dest: 44408, seq: 76, ack: 3557210439, window: 5808, data: "Lorem ipsum dolo"...
0.221 Old data; ignoring
0.222 Received: b'\x99v\xadx\x00\x00\x05\xf4\xd4\x06\xb9GP\x10\x16\xb0\x00\x00\x00\x00mprehensam nam, '...
0.222 Disassembled: source: 39286, dest: 44408, seq: 1524, ack: 3557210439, window: 5808, ACK, data: "mprehensam nam, "...
0.222 Error: Incorrect acknowledgement flag
0.720 Sent: b'\xadx\x99v\xd4\x06\xb9G\x00\x00\x05\xf4P\x10\x16\xb0\x00\x00\x00\x00'
0.723 Received: b'\x99v\xadx\x00\x00\x05\xf4\xd4\x06\xb9GP\x00\x16\xb0\x00\x00\x00\x00mprehensam nam, '...
0.724 Disassembled: source: 39286, dest: 44408, seq: 1524, ack: 3557210439, window: 5808, data: "mprehensam nam, "...
0.724 Data accepted; writing to file
0.724 Assembling: source: 44408, dest: 39286, seq: 3557210439, ack: 2972, window: 5808, ACK
0.725 Sent: b'\xadx\x99v\xd4\x06\xb9G\x00\x00\x0b\x9cP\x10\x16\xb0\x00\x00\x00\x00'
0.728 Received: b'\x99v\xadx\x00\x00\x0b\x9c\xd4\x06\xb9GP\x10\x16\xb0\x00\x00\x00\x00ilisi repudiare '...
0.728 Disassembled: source: 39286, dest: 44408, seq: 2972, ack: 3557210439, window: 5808, ACK, data: "ilisi repudiare "...
0.729 Error: Incorrect acknowledgement flag
1.225 Sent: b'\xadx\x99v\xd4\x06\xb9G\x00\x00\x0b\x9cP\x10\x16\xb0\x00\x00\x00\x00'
1.228 Received: b'\x99v\xadx\x00\x00\x0b\x9c\xd4\x06\xb9GP\x00\x16\xb0\x00\x00\x00\x00ilisi repudiare '...
1.229 Disassembled: source: 39286, dest: 44408, seq: 2972, ack: 3557210439, window: 5808, data: "ilisi repudiare "...
1.229 Data accepted; writing to file
1.229 Assembling: source: 44408, dest: 39286, seq: 3557210439, ack: 4420, window: 5808, ACK
1.230 Sent: b'\xadx\x99v\xd4\x06\xb9G\x00\x00\x11DP\x10\x16\xb0\x00\x00\x00\x00'
1.233 Received: b'\x99v\xadx\x00\x00\x11D\xd4\x06\xb9GP\x10\x16\xb0\x00\x00\x00\x00ta.\n\nEt essent s'...
1.233 Disassembled: source: 39286, dest: 44408, seq: 4420, ack: 3557210439, window: 5808, ACK, data: "ta.

Et essent s"...
1.233 Error: Incorrect acknowledgement flag
1.730 Sent: b'\xadx\x99v\xd4\x06\xb9G\x00\x00\x11DP\x10\x16\xb0\x00\x00\x00\x00'
1.733 Received: b'\x99v\xadx\x00\x00\x11D\xd4\x06\xb9GP\x00\x16\xb0\x00\x00\x00\x00ta.\n\nEt essent s'...
1.733 Disassembled: source: 39286, dest: 44408, seq: 4420, ack: 3557210439, window: 5808, data: "ta.

Et essent s"...
1.734 Data accepted; writing to file
1.734 Assembling: source: 44408, dest: 39286, seq: 3557210439, ack: 5868, window: 5808, ACK
1.734 Sent: b'\xadx\x99v\xd4\x06\xb9G\x00\x00\x16\xecP\x10\x16\xb0\x00\x00\x00\x00'
1.737 Received: b'\x99v\xadx\x00\x00\x16\xec\xd4\x06\xb9GP\x10\x16\xb0\x00\x00\x00\x00 Nihil tractatos'...
1.738 Disassembled: source: 39286, dest: 44408, seq: 5868, ack: 3557210439, window: 5808, ACK, data: " Nihil tractatos"...
1.738 Error: Incorrect acknowledgement flag
2.235 Sent: b'\xadx\x99v\xd4\x06\xb9G\x00\x00\x16\xecP\x10\x16\xb0\x00\x00\x00\x00'
2.238 Received: b'\x99v\xadx\x00\x00\x16\xec\xd4\x06\xb9GP\x00\x16\xb0\x00\x00\x00\x00 Nihil tractatos'...
2.238 Disassembled: source: 39286, dest: 44408, seq: 5868, ack: 3557210439, window: 5808, data: " Nihil tractatos"...
2.238 Data accepted; writing to file
2.239 Assembling: source: 44408, dest: 39286, seq: 3557210439, ack: 7316, window: 5808, ACK
2.239 Sent: b'\xadx\x99v\xd4\x06\xb9G\x00\x00\x1c\x94P\x10\x16\xb0\x00\x00\x00\x00'
2.242 Received: b'\x99v\xadx\x00\x00\x1c\x94\xd4\x06\xb9GP\x10\x16\xb0\x00\x00\x00\x00fert iuvaret sap'...
2.243 Disassembled: source: 39286, dest: 44408, seq: 7316, ack: 3557210439, window: 5808, ACK, data: "fert iuvaret sap"...
2.243 Error: Incorrect acknowledgement flag
2.740 Sent: b'\xadx\x99v\xd4\x06\xb9G\x00\x00\x1c\x94P\x10\x16\xb0\x00\x00\x00\x00'
2.743 Received: b'\x99v\xadx\x00\x00\x1c\x94\xd4\x06\xb9GP\x00\x16\xb0\x00\x00\x00\x00fert iuvaret sap'...
2.743 Disassembled: source: 39286, dest: 44408, seq: 7316, ack: 3557210439, window: 5808, data: "fert iuvaret sap"...
2.743 Data accepted; writing to file
2.743 Assembling: source: 44408, dest: 39286, seq: 3557210439, ack: 8764, window: 5808, ACK
2.744 Sent: b'\xadx\x99v\xd4\x06\xb9G\x00\x00"<P\x10\x16\xb0\x00\x00\x00\x00'
2.747 Received: b'\x99v\xadx\x00\x00"<\xd4\x06\xb9GP\x10\x16\xb0\x00\x00\x00\x00ram adipiscing, '...
2.747 Disassembled: source: 39286, dest: 44408, seq: 8764, ack: 3557210439, window: 5808, ACK, data: "ram adipiscing, "...
2.748 Error: Incorrect acknowledgement flag
3.244 Sent: b'\xadx\x99v\xd4\x06\xb9G\x00\x00"<P\x10\x16\xb0\x00\x00\x00\x00'
3.247 Received: b'\x99v\xadx\x00\x00"<\xd4\x06\xb9GP\x00\x16\xb0\x00\x00\x00\x00ram adipiscing, '...
3.248 Disassembled: source: 39286, dest: 44408, seq: 8764, ack: 3557210439, window: 5808, data: "ram adipiscing, "...
3.248 Data accepted; writing to file
3.248 Assembling: source: 44408, dest: 39286, seq: 3557210439, ack: 10212, window: 5808, ACK
3.249 Sent: b"\xadx\x99v\xd4\x06\xb9G\x00\x00'\xe4P\x10\x16\xb0\x00\x00\x00\x00"
3.252 Received: b"\x99v\xadx\x00\x00'\xe4\xd4\x06\xb9GP\x10\x16\xb0\x00\x00\x00\x00m veritus vivend"...
3.252 Disassembled: source: 39286, dest: 44408, seq: 10212, ack: 3557210439, window: 5808, ACK, data: "m veritus vivend"...
3.252 Error: Incorrect acknowledgement flag
3.749 Sent: b"\xadx\x99v\xd4\x06\xb9G\x00\x00'\xe4P\x10\x16\xb0\x00\x00\x00\x00"
3.752 Received: b"\x99v\xadx\x00\x00'\xe4\xd4\x06\xb9GP\x00\x16\xb0\x00\x00\x00\x00m veritus vivend"...
3.753 Disassembled: source: 39286, dest: 44408, seq: 10212, ack: 3557210439, window: 5808, data: "m veritus vivend"...
3.753 Data accepted; writing to file
3.753 Assembling: source: 44408, dest: 39286, seq: 3557210439, ack: 11660, window: 5808, ACK
3.753 Sent: b'\xadx\x99v\xd4\x06\xb9G\x00\x00-\x8cP\x10\x16\xb0\x00\x00\x00\x00'
3.756 Received: b'\x99v\xadx\x00\x00-\x8c\xd4\x06\xb9GP\x10\x16\xb0\x00\x00\x00\x00 delenit, ignota'...
3.757 Disassembled: source: 39286, dest: 44408, seq: 11660, ack: 3557210439, window: 5808, ACK, data: " delenit, ignota"...
3.757 Error: Incorrect acknowledgement flag
4.254 Sent: b'\xadx\x99v\xd4\x06\xb9G\x00\x00-\x8cP\x10\x16\xb0\x00\x00\x00\x00'
4.257 Received: b'\x99v\xadx\x00\x00-\x8c\xd4\x06\xb9GP\x00\x16\xb0\x00\x00\x00\x00 delenit, ignota'...
4.257 Disassembled: source: 39286, dest: 44408, seq: 11660, ack: 3557210439, window: 5808, data: " delenit, ignota"...
4.258 Data accepted; writing to file
4.258 Assembling: source: 44408, dest: 39286, seq: 3557210439, ack: 13108, window: 5808, ACK
4.258 Sent: b'\xadx\x99v\xd4\x06\xb9G\x00\x0034P\x10\x16\xb0\x00\x00\x00\x00'
4.261 Received: b'\x99v\xadx\x00\x0034\xd4\x06\xb9GP\x10\x16\xb0\x00\x00\x00\x00se explicari des'...
4.262 Disassembled: source: 39286, dest: 44408, seq: 13108, ack: 3557210439, window: 5808, ACK, data: "se explicari des"...
4.262 Error: Incorrect acknowledgement flag
4.759 Sent: b'\xadx\x99v\xd4\x06\xb9G\x00\x0034P\x10\x16\xb0\x00\x00\x00\x00'
4.762 Received: b'\x99v\xadx\x00\x0034\xd4\x06\xb9GP\x00\x16\xb0\x00\x00\x00\x00se explicari des'...
4.762 Disassembled: source: 39286, dest: 44408, seq: 13108, ack: 3557210439, window: 5808, data: "se explicari des"...
4.762 Data accepted; writing to file
4.762 Assembling: source: 44408, dest: 39286, seq: 3557210439, ack: 14556, window: 5808, ACK
4.763 Sent: b'\xadx\x99v\xd4\x06\xb9G\x00\x008\xdcP\x10\x16\xb0\x00\x00\x00\x00'
4.766 Received: b'\x99v\xadx\x00\x008\xdc\xd4\x06\xb9GP\x10\x16\xb0\x00\x00\x00\x00piscing, in modo'...
4.767 Disassembled: source: 39286, dest: 44408, seq: 14556, ack: 3557210439, window: 5808, ACK, data: "piscing, in modo"...
4.767 Error: Incorrect acknowledgement flag
5.263 Sent: b'\xadx\x99v\xd4\x06\xb9G\x00\x008\xdcP\x10\x16\xb0\x00\x00\x00\x00'
5.266 Received: b'\x99v\xadx\x00\x008\xdc\xd4\x06\xb9GP\x00\x16\xb0\x00\x00\x00\x00piscing, in modo'...
5.267 Disassembled: source: 39286, dest: 44408, seq: 14556, ack: 3557210439, window: 5808, data: "piscing, in modo"...
5.267 Data accepted; writing to file
5.267 Assembling: source: 44408, dest: 39286, seq: 3557210439, ack: 16004, window: 5808, ACK
5.268 Sent: b'\xadx\x99v\xd4\x06\xb9G\x00\x00>\x84P\x10\x16\xb0\x00\x00\x00\x00'
5.271 Received: b'\x99v\xadx\x00\x00>\x84\xd4\x06\xb9GP\x10\x16\xb0\x00\x00\x00\x00o copiosae tacim'...
5.271 Disassembled: source: 39286, dest: 44408, seq: 16004, ack: 3557210439, window: 5808, ACK, data: "o copiosae tacim"...
5.272 Error: Incorrect acknowledgement flag
5.768 Sent: b'\xadx\x99v\xd4\x06\xb9G\x00\x00>\x84P\x10\x16\xb0\x00\x00\x00\x00'
5.771 Received: b'\x99v\xadx\x00\x00>\x84\xd4\x06\xb9GP\x00\x16\xb0\x00\x00\x00\x00o copiosae tacim'...
5.772 Disassembled: source: 39286, dest: 44408, seq: 16004, ack: 3557210439, window: 5808, data: "o copiosae tacim"...
5.772 Data accepted; writing to file
5.772 Assembling: source: 44408, dest: 39286, seq: 3557210439, ack: 17452, window: 5808, ACK
5.772 Sent: b'\xadx\x99v\xd4\x06\xb9G\x00\x00D,P\x10\x16\xb0\x00\x00\x00\x00'
5.776 Received: b'\x99v\xadx\x00\x00D,\xd4\x06\xb9GP\x10\x16\xb0\x00\x00\x00\x00am. Pri ne antio'...
5.776 Disassembled: source: 39286, dest: 44408, seq: 17452, ack: 3557210439, window: 5808, ACK, data: "am. Pri ne antio"...
5.776 Error: Incorrect acknowledgement flag
6.273 Sent: b'\xadx\x99v\xd4\x06\xb9G\x00\x00D,P\x10\x16\xb0\x00\x00\x00\x00'
6.276 Received: b'\x99v\xadx\x00\x00D,\xd4\x06\xb9GP\x00\x16\xb0\x00\x00\x00\x00am. Pri ne antio'...
6.276 Disassembled: source: 39286, dest: 44408, seq: 17452, ack: 3557210439, window: 5808, data: "am. Pri ne antio"...
6.277 Data accepted; writing to file
6.277 Assembling: source: 44408, dest: 39286, seq: 3557210439, ack: 18900, window: 5808, ACK
6.277 Sent: b'\xadx\x99v\xd4\x06\xb9G\x00\x00I\xd4P\x10\x16\xb0\x00\x00\x00\x00'
6.280 Received: b'\x99v\xadx\x00\x00I\xd4\xd4\x06\xb9GP\x10\x16\xb0\x00\x00\x00\x00to no. Elitr pos'...
6.281 Disassembled: source: 39286, dest: 44408, seq: 18900, ack: 3557210439, window: 5808, ACK, data: "to no. Elitr pos"...
6.281 Error: Incorrect acknowledgement flag
6.778 Sent: b'\xadx\x99v\xd4\x06\xb9G\x00\x00I\xd4P\x10\x16\xb0\x00\x00\x00\x00'
6.781 Received: b'\x99v\xadx\x00\x00I\xd4\xd4\x06\xb9GP\x00\x16\xb0\x00\x00\x00\x00to no. Elitr pos'...
6.781 Disassembled: source: 39286, dest: 44408, seq: 18900, ack: 3557210439, window: 5808, data: "to no. Elitr pos"...
6.781 Data accepted; writing to file
6.781 Assembling: source: 44408, dest: 39286, seq: 3557210439, ack: 20348, window: 5808, ACK
6.782 Sent: b'\xadx\x99v\xd4\x06\xb9G\x00\x00O|P\x10\x16\xb0\x00\x00\x00\x00'
6.785 Received: b'\x99v\xadx\x00\x00O|\xd4\x06\xb9GP\x10\x16\xb0\x00\x00\x00\x00pretaris, sea ex'...
6.785 Disassembled: source: 39286, dest: 44408, seq: 20348, ack: 3557210439, window: 5808, ACK, data: "pretaris, sea ex"...
6.786 Error: Incorrect acknowledgement flag
7.282 Sent: b'\xadx\x99v\xd4\x06\xb9G\x00\x00O|P\x10\x16\xb0\x00\x00\x00\x00'
7.286 Received: b'\x99v\xadx\x00\x00O|\xd4\x06\xb9GP\x00\x16\xb0\x00\x00\x00\x00pretaris, sea ex'...
7.286 Disassembled: source: 39286, dest: 44408, seq: 20348, ack: 3557210439, window: 5808, data: "pretaris, sea ex"...
7.286 Data accepted; writing to file
7.286 Assembling: source: 44408, dest: 39286, seq: 3557210439, ack: 21796, window: 5808, ACK
7.287 Sent: b'\xadx\x99v\xd4\x06\xb9G\x00\x00U$P\x10\x16\xb0\x00\x00\x00\x00'
7.290 Received: b'\x99v\xadx\x00\x00U$\xd4\x06\xb9GP\x10\x16\xb0\x00\x00\x00\x00oporteat inimicu'...
7.290 Disassembled: source: 39286, dest: 44408, seq: 21796, ack: 3557210439, window: 5808, ACK, data: "oporteat inimicu"...
7.291 Error: Incorrect acknowledgement flag
7.787 Sent: b'\xadx\x99v\xd4\x06\xb9G\x00\x00U$P\x10\x16\xb0\x00\x00\x00\x00'
7.790 Received: b'\x99v\xadx\x00\x00U$\xd4\x06\xb9GP\x00\x16\xb0\x00\x00\x00\x00oporteat inimicu'...
7.791 Disassembled: source: 39286, dest: 44408, seq: 21796, ack: 3557210439, window: 5808, data: "oporteat inimicu"...
7.791 Data accepted; writing to file
7.791 Assembling: source: 44408, dest: 39286, seq: 3557210439, ack: 23244, window: 5808, ACK
7.792 Sent: b'\xadx\x99v\xd4\x06\xb9G\x00\x00Z\xccP\x10\x16\xb0\x00\x00\x00\x00'
7.795 Received: b'\x99v\xadx\x00\x00Z\xcc\xd4\x06\xb9GP\x10\x16\xb0\x00\x00\x00\x00ligendi officiis'...
7.795 Disassembled: source: 39286, dest: 44408, seq: 23244, ack: 3557210439, window: 5808, ACK, data: "ligendi officiis"...
7.795 Error: Incorrect acknowledgement flag
8.292 Sent: b'\xadx\x99v\xd4\x06\xb9G\x00\x00Z\xccP\x10\x16\xb0\x00\x00\x00\x00'
8.295 Received: b'\x99v\xadx\x00\x00Z\xcc\xd4\x06\xb9GP\x00\x16\xb0\x00\x00\x00\x00ligendi officiis'...
8.296 Disassembled: source: 39286, dest: 44408, seq: 23244, ack: 3557210439, window: 5808, data: "ligendi officiis"...
8.296 Data accepted; writing to file
8.296 Assembling: source: 44408, dest: 39286, seq: 3557210439, ack: 24692, window: 5808, ACK
8.296 Sent: b'\xadx\x99v\xd4\x06\xb9G\x00\x00`tP\x10\x16\xb0\x00\x00\x00\x00'
8.299 Received: b'\x99v\xadx\x00\x00`t\xd4\x06\xb9GP\x10\x16\xb0\x00\x00\x00\x00no vel regione i'...
8.300 Disassembled: source: 39286, dest: 44408, seq: 24692, ack: 3557210439, window: 5808, ACK, data: "no vel regione i"...
8.300 Error: Incorrect acknowledgement flag
8.797 Sent: b'\xadx\x99v\xd4\x06\xb9G\x00\x00`tP\x10\x16\xb0\x00\x00\x00\x00'
8.800 Received: b'\x99v\xadx\x00\x00`t\xd4\x06\xb9GP\x00\x16\xb0\x00\x00\x00\x00no vel regione i'...
8.800 Disassembled: source: 39286, dest: 44408, seq: 24692, ack: 3557210439, window: 5808, data: "no vel regione i"...
8.801 Data accepted; writing to file
8.801 Assembling: source: 44408, dest: 39286, seq: 3557210439, ack: 26140, window: 5808, ACK
8.801 Sent: b'\xadx\x99v\xd4\x06\xb9G\x00\x00f\x1cP\x10\x16\xb0\x00\x00\x00\x00'
8.804 Received: b'\x99v\xadx\x00\x00f\x1c\xd4\x06\xb9GP\x10\x16\xb0\x00\x00\x00\x00ibus vis ex, pro'...
8.805 Disassembled: source: 39286, dest: 44408, seq: 26140, ack: 3557210439, window: 5808, ACK, data: "ibus vis ex, pro"...
8.805 Error: Incorrect acknowledgement flag
9.302 Sent: b'\xadx\x99v\xd4\x06\xb9G\x00\x00f\x1cP\x10\x16\xb0\x00\x00\x00\x00'
9.305 Received: b'\x99v\xadx\x00\x00f\x1c\xd4\x06\xb9GP\x00\x16\xb0\x00\x00\x00\x00ibus vis ex, pro'...
9.305 Disassembled: source: 39286, dest: 44408, seq: 26140, ack: 3557210439, window: 5808, data: "ibus vis ex, pro"...
9.305 Data accepted; writing to file
9.305 Assembling: source: 44408, dest: 39286, seq: 3557210439, ack: 27588, window: 5808, ACK
9.306 Sent: b'\xadx\x99v\xd4\x06\xb9G\x00\x00k\xc4P\x10\x16\xb0\x00\x00\x00\x00'
9.309 Received: b'\x99v\xadx\x00\x00k\xc4\xd4\x06\xb9GP\x10\x16\xb0\x00\x00\x00\x00o vix, mel ea li'...
9.309 Disassembled: source: 39286, dest: 44408, seq: 27588, ack: 3557210439, window: 5808, ACK, data: "o vix, mel ea li"...
9.310 Error: Incorrect acknowledgement flag
9.806 Sent: b'\xadx\x99v\xd4\x06\xb9G\x00\x00k\xc4P\x10\x16\xb0\x00\x00\x00\x00'
9.809 Received: b'\x99v\xadx\x00\x00k\xc4\xd4\x06\xb9GP\x00\x16\xb0\x00\x00\x00\x00o vix, mel ea li'...
9.810 Disassembled: source: 39286, dest: 44408, seq: 27588, ack: 3557210439, window: 5808, data: "o vix, mel ea li"...
9.810 Data accepted; writing to file
9.810 Assembling: source: 44408, dest: 39286, seq: 3557210439, ack: 29036, window: 5808, ACK
9.811 Sent: b'\xadx\x99v\xd4\x06\xb9G\x00\x00qlP\x10\x16\xb0\x00\x00\x00\x00'
9.814 Received: b'\x99v\xadx\x00\x00ql\xd4\x06\xb9GP\x10\x16\xb0\x00\x00\x00\x00d. Ex fugit suav'...
9.814 Disassembled: source: 39286, dest: 44408, seq: 29036, ack: 3557210439, window: 5808, ACK, data: "d. Ex fugit suav"...
9.814 Error: Incorrect acknowledgement flag
10.311 Sent: b'\xadx\x99v\xd4\x06\xb9G\x00\x00qlP\x10\x16\xb0\x00\x00\x00\x00'
10.314 Received: b'\x99v\xadx\x00\x00ql\xd4\x06\xb9GP\x00\x16\xb0\x00\x00\x00\x00d. Ex fugit suav'...
10.315 Disassembled: source: 39286, dest: 44408, seq: 29036, ack: 3557210439, window: 5808, data: "d. Ex fugit suav"...
10.315 Data accepted; writing to file
10.315 Assembling: source: 44408, dest: 39286, seq: 3557210439, ack: 30484, window: 5808, ACK
10.316 Sent: b'\xadx\x99v\xd4\x06\xb9G\x00\x00w\x14P\x10\x16\xb0\x00\x00\x00\x00'
10.319 Received: b'\x99v\xadx\x00\x00w\x14\xd4\x06\xb9GP\x10\x16\xb0\x00\x00\x00\x00pertinax nec. De'...
10.319 Disassembled: source: 39286, dest: 44408, seq: 30484, ack: 3557210439, window: 5808, ACK, data: "pertinax nec. De"...
10.319 Error: Incorrect acknowledgement flag
10.816 Sent: b'\xadx\x99v\xd4\x06\xb9G\x00\x00w\x14P\x10\x16\xb0\x00\x00\x00\x00'
10.819 Received: b'\x99v\xadx\x00\x00w\x14\xd4\x06\xb9GP\x00\x16\xb0\x00\x00\x00\x00pertinax nec. De'...
10.819 Disassembled: source: 39286, dest: 44408, seq: 30484, ack: 3557210439, window: 5808, data: "pertinax nec. De"...
10.820 Data accepted; writing to file
10.820 Assembling: source: 44408, dest: 39286, seq: 3557210439, ack: 31932, window: 5808, ACK
10.820 Sent: b'\xadx\x99v\xd4\x06\xb9G\x00\x00|\xbcP\x10\x16\xb0\x00\x00\x00\x00'
10.823 Received: b'\x99v\xadx\x00\x00|\xbc\xd4\x06\xb9GP\x10\x16\xb0\x00\x00\x00\x00lli primis praes'...
10.824 Disassembled: source: 39286, dest: 44408, seq: 31932, ack: 3557210439, window: 5808, ACK, data: "lli primis praes"...
10.824 Error: Incorrect acknowledgement flag
11.321 Sent: b'\xadx\x99v\xd4\x06\xb9G\x00\x00|\xbcP\x10\x16\xb0\x00\x00\x00\x00'
11.324 Received: b'\x99v\xadx\x00\x00|\xbc\xd4\x06\xb9GP\x00\x16\xb0\x00\x00\x00\x00lli primis praes'...
11.324 Disassembled: source: 39286, dest: 44408, seq: 31932, ack: 3557210439, window: 5808, data: "lli primis praes"...
11.324 Data accepted; writing to file
11.325 Assembling: source: 44408, dest: 39286, seq: 3557210439, ack: 33380, window: 5808, ACK
11.325 Sent: b'\xadx\x99v\xd4\x06\xb9G\x00\x00\x82dP\x10\x16\xb0\x00\x00\x00\x00'
11.328 Received: b'\x99v\xadx\x00\x00\x82d\xd4\x06\xb9GP\x10\x16\xb0\x00\x00\x00\x00m, percipit inte'...
11.329 Disassembled: source: 39286, dest: 44408, seq: 33380, ack: 3557210439, window: 5808, ACK, data: "m, percipit inte"...
11.329 Error: Incorrect acknowledgement flag
11.825 Sent: b'\xadx\x99v\xd4\x06\xb9G\x00\x00\x82dP\x10\x16\xb0\x00\x00\x00\x00'
11.829 Received: b'\x99v\xadx\x00\x00\x82d\xd4\x06\xb9GP\x00\x16\xb0\x00\x00\x00\x00m, percipit inte'...
11.829 Disassembled: source: 39286, dest: 44408, seq: 33380, ack: 3557210439, window: 5808, data: "m, percipit inte"...
11.829 Data accepted; writing to file
11.829 Assembling: source: 44408, dest: 39286, seq: 3557210439, ack: 34828, window: 5808, ACK
11.830 Sent: b'\xadx\x99v\xd4\x06\xb9G\x00\x00\x88\x0cP\x10\x16\xb0\x00\x00\x00\x00'
11.833 Received: b'\x99v\xadx\x00\x00\x88\x0c\xd4\x06\xb9GP\x10\x16\xb0\x00\x00\x00\x00nani docendi pat'...
11.833 Disassembled: source: 39286, dest: 44408, seq: 34828, ack: 3557210439, window: 5808, ACK, data: "nani docendi pat"...
11.833 Error: Incorrect acknowledgement flag
12.330 Sent: b'\xadx\x99v\xd4\x06\xb9G\x00\x00\x88\x0cP\x10\x16\xb0\x00\x00\x00\x00'
12.333 Received: b'\x99v\xadx\x00\x00\x88\x0c\xd4\x06\xb9GP\x00\x16\xb0\x00\x00\x00\x00nani docendi pat'...
12.334 Disassembled: source: 39286, dest: 44408, seq: 34828, ack: 3557210439, window: 5808, data: "nani docendi pat"...
12.334 Data accepted; writing to file
12.334 Assembling: source: 44408, dest: 39286, seq: 3557210439, ack: 36276, window: 5808, ACK
12.335 Sent: b'\xadx\x99v\xd4\x06\xb9G\x00\x00\x8d\xb4P\x10\x16\xb0\x00\x00\x00\x00'
12.338 Received: b'\x99v\xadx\x00\x00\x8d\xb4\xd4\x06\xb9GP\x10\x16\xb0\x00\x00\x00\x00 vis decore poss'...
12.338 Disassembled: source: 39286, dest: 44408, seq: 36276, ack: 3557210439, window: 5808, ACK, data: " vis decore poss"...
12.338 Error: Incorrect acknowledgement flag
12.835 Sent: b'\xadx\x99v\xd4\x06\xb9G\x00\x00\x8d\xb4P\x10\x16\xb0\x00\x00\x00\x00'
12.838 Received: b'\x99v\xadx\x00\x00\x8d\xb4\xd4\x06\xb9GP\x00\x16\xb0\x00\x00\x00\x00 vis decore poss'...
12.838 Disassembled: source: 39286, dest: 44408, seq: 36276, ack: 3557210439, window: 5808, data: " vis decore poss"...
12.839 Data accepted; writing to file
12.839 Assembling: source: 44408, dest: 39286, seq: 3557210439, ack: 37724, window: 5808, ACK
12.839 Sent: b'\xadx\x99v\xd4\x06\xb9G\x00\x00\x93\\P\x10\x16\xb0\x00\x00\x00\x00'
12.842 Received: b'\x99v\xadx\x00\x00\x93\\\xd4\x06\xb9GP\x10\x16\xb0\x00\x00\x00\x00eam odio corpora'...
12.843 Disassembled: source: 39286, dest: 44408, seq: 37724, ack: 3557210439, window: 5808, ACK, data: "eam odio corpora"...
12.843 Error: Incorrect acknowledgement flag
13.340 Sent: b'\xadx\x99v\xd4\x06\xb9G\x00\x00\x93\\P\x10\x16\xb0\x00\x00\x00\x00'
13.343 Received: b'\x99v\xadx\x00\x00\x93\\\xd4\x06\xb9GP\x00\x16\xb0\x00\x00\x00\x00eam odio corpora'...
13.343 Disassembled: source: 39286, dest: 44408, seq: 37724, ack: 3557210439, window: 5808, data: "eam odio corpora"...
13.343 Data accepted; writing to file
13.344 Assembling: source: 44408, dest: 39286, seq: 3557210439, ack: 39172, window: 5808, ACK
13.344 Sent: b'\xadx\x99v\xd4\x06\xb9G\x00\x00\x99\x04P\x10\x16\xb0\x00\x00\x00\x00'
13.347 Received: b'\x99v\xadx\x00\x00\x99\x04\xd4\x06\xb9GP\x10\x16\xb0\x00\x00\x00\x00 est. Usu sanctu'...
13.348 Disassembled: source: 39286, dest: 44408, seq: 39172, ack: 3557210439, window: 5808, ACK, data: " est. Usu sanctu"...
13.348 Error: Incorrect acknowledgement flag
13.844 Sent: b'\xadx\x99v\xd4\x06\xb9G\x00\x00\x99\x04P\x10\x16\xb0\x00\x00\x00\x00'
13.848 Received: b'\x99v\xadx\x00\x00\x99\x04\xd4\x06\xb9GP\x00\x16\xb0\x00\x00\x00\x00 est. Usu sanctu'...
13.848 Disassembled: source: 39286, dest: 44408, seq: 39172, ack: 3557210439, window: 5808, data: " est. Usu sanctu"...
13.848 Data accepted; writing to file
13.848 Assembling: source: 44408, dest: 39286, seq: 3557210439, ack: 40620, window: 5808, ACK
13.849 Sent: b'\xadx\x99v\xd4\x06\xb9G\x00\x00\x9e\xacP\x10\x16\xb0\x00\x00\x00\x00'
13.852 Received: b'\x99v\xadx\x00\x00\x9e\xac\xd4\x06\xb9GP\x10\x16\xb0\x00\x00\x00\x00.\n\nMei graeco ae'...
13.852 Disassembled: source: 39286, dest: 44408, seq: 40620, ack: 3557210439, window: 5808, ACK, data: ".

Mei graeco ae"...
13.853 Error: Incorrect acknowledgement flag
14.349 Sent: b'\xadx\x99v\xd4\x06\xb9G\x00\x00\x9e\xacP\x10\x16\xb0\x00\x00\x00\x00'
14.352 Received: b'\x99v\xadx\x00\x00\x9e\xac\xd4\x06\xb9GP\x00\x16\xb0\x00\x00\x00\x00.\n\nMei graeco ae'...
14.353 Disassembled: source: 39286, dest: 44408, seq: 40620, ack: 3557210439, window: 5808, data: ".

Mei graeco ae"...
14.353 Data accepted; writing to file
14.353 Assembling: source: 44408, dest: 39286, seq: 3557210439, ack: 42068, window: 5808, ACK
14.354 Sent: b'\xadx\x99v\xd4\x06\xb9G\x00\x00\xa4TP\x10\x16\xb0\x00\x00\x00\x00'
14.357 Received: b'\x99v\xadx\x00\x00\xa4T\xd4\x06\xb9GP\x10\x16\xb0\x00\x00\x00\x00et. Ne sea primi'...
14.357 Disassembled: source: 39286, dest: 44408, seq: 42068, ack: 3557210439, window: 5808, ACK, data: "et. Ne sea primi"...
14.357 Error: Incorrect acknowledgement flag
14.854 Sent: b'\xadx\x99v\xd4\x06\xb9G\x00\x00\xa4TP\x10\x16\xb0\x00\x00\x00\x00'
14.857 Received: b'\x99v\xadx\x00\x00\xa4T\xd4\x06\xb9GP\x00\x16\xb0\x00\x00\x00\x00et. Ne sea primi'...
14.858 Disassembled: source: 39286, dest: 44408, seq: 42068, ack: 3557210439, window: 5808, data: "et. Ne sea primi"...
14.858 Data accepted; writing to file
14.858 Assembling: source: 44408, dest: 39286, seq: 3557210439, ack: 43516, window: 5808, ACK
14.859 Sent: b'\xadx\x99v\xd4\x06\xb9G\x00\x00\xa9\xfcP\x10\x16\xb0\x00\x00\x00\x00'
14.862 Received: b'\x99v\xadx\x00\x00\xa9\xfc\xd4\x06\xb9GP\x10\x16\xb0\x00\x00\x00\x00ittam convenire.'...
14.862 Disassembled: source: 39286, dest: 44408, seq: 43516, ack: 3557210439, window: 5808, ACK, data: "ittam convenire."...
14.862 Error: Incorrect acknowledgement flag
15.359 Sent: b'\xadx\x99v\xd4\x06\xb9G\x00\x00\xa9\xfcP\x10\x16\xb0\x00\x00\x00\x00'
15.362 Received: b'\x99v\xadx\x00\x00\xa9\xfc\xd4\x06\xb9GP\x00\x16\xb0\x00\x00\x00\x00ittam convenire.'...
15.362 Disassembled: source: 39286, dest: 44408, seq: 43516, ack: 3557210439, window: 5808, data: "ittam convenire."...
15.363 Data accepted; writing to file
15.363 Assembling: source: 44408, dest: 39286, seq: 3557210439, ack: 44964, window: 5808, ACK
15.363 Sent: b'\xadx\x99v\xd4\x06\xb9G\x00\x00\xaf\xa4P\x10\x16\xb0\x00\x00\x00\x00'
15.366 Received: b'\x99v\xadx\x00\x00\xaf\xa4\xd4\x06\xb9GP\x10\x16\xb0\x00\x00\x00\x00ua et vis, id eu'...
15.367 Disassembled: source: 39286, dest: 44408, seq: 44964, ack: 3557210439, window: 5808, ACK, data: "ua et vis, id eu"...
15.367 Error: Incorrect acknowledgement flag
15.864 Sent: b'\xadx\x99v\xd4\x06\xb9G\x00\x00\xaf\xa4P\x10\x16\xb0\x00\x00\x00\x00'
15.867 Received: b'\x99v\xadx\x00\x00\xaf\xa4\xd4\x06\xb9GP\x00\x16\xb0\x00\x00\x00\x00ua et vis, id eu'...
15.867 Disassembled: source: 39286, dest: 44408, seq: 44964, ack: 3557210439, window: 5808, data: "ua et vis, id eu"...
15.867 Data accepted; writing to file
15.868 Assembling: source: 44408, dest: 39286, seq: 3557210439, ack: 46412, window: 5808, ACK
15.868 Sent: b'\xadx\x99v\xd4\x06\xb9G\x00\x00\xb5LP\x10\x16\xb0\x00\x00\x00\x00'
15.871 Received: b'\x99v\xadx\x00\x00\xb5L\xd4\x06\xb9GP\x10\x16\xb0\x00\x00\x00\x00r. Et velit appa'...
15.872 Disassembled: source: 39286, dest: 44408, seq: 46412, ack: 3557210439, window: 5808, ACK, data: "r. Et velit appa"...
15.872 Error: Incorrect acknowledgement flag
16.368 Sent: b'\xadx\x99v\xd4\x06\xb9G\x00\x00\xb5LP\x10\x16\xb0\x00\x00\x00\x00'
16.371 Received: b'\x99v\xadx\x00\x00\xb5L\xd4\x06\xb9GP\x00\x16\xb0\x00\x00\x00\x00r. Et velit appa'...
16.372 Disassembled: source: 39286, dest: 44408, seq: 46412, ack: 3557210439, window: 5808, data: "r. Et velit appa"...
16.372 Data accepted; writing to file
16.372 Assembling: source: 44408, dest: 39286, seq: 3557210439, ack: 47860, window: 5808, ACK
16.373 Sent: b'\xadx\x99v\xd4\x06\xb9G\x00\x00\xba\xf4P\x10\x16\xb0\x00\x00\x00\x00'
16.376 Received: b'\x99v\xadx\x00\x00\xba\xf4\xd4\x06\xb9GP\x10\x16\xb0\x00\x00\x00\x00 novum laudem, v'...
16.376 Disassembled: source: 39286, dest: 44408, seq: 47860, ack: 3557210439, window: 5808, ACK, data: " novum laudem, v"...
16.376 Error: Incorrect acknowledgement flag
16.873 Sent: b'\xadx\x99v\xd4\x06\xb9G\x00\x00\xba\xf4P\x10\x16\xb0\x00\x00\x00\x00'
16.876 Received: b'\x99v\xadx\x00\x00\xba\xf4\xd4\x06\xb9GP\x00\x16\xb0\x00\x00\x00\x00 novum laudem, v'...
16.877 Disassembled: source: 39286, dest: 44408, seq: 47860, ack: 3557210439, window: 5808, data: " novum laudem, v"...
16.877 Data accepted; writing to file
16.877 Assembling: source: 44408, dest: 39286, seq: 3557210439, ack: 49308, window: 5808, ACK
16.877 Sent: b'\xadx\x99v\xd4\x06\xb9G\x00\x00\xc0\x9cP\x10\x16\xb0\x00\x00\x00\x00'
16.880 Received: b'\x99v\xadx\x00\x00\xc0\x9c\xd4\x06\xb9GP\x10\x16\xb0\x00\x00\x00\x00luptatibus, cibo'...
16.881 Disassembled: source: 39286, dest: 44408, seq: 49308, ack: 3557210439, window: 5808, ACK, data: "luptatibus, cibo"...
16.881 Error: Incorrect acknowledgement flag
17.378 Sent: b'\xadx\x99v\xd4\x06\xb9G\x00\x00\xc0\x9cP\x10\x16\xb0\x00\x00\x00\x00'
17.381 Received: b'\x99v\xadx\x00\x00\xc0\x9c\xd4\x06\xb9GP\x00\x16\xb0\x00\x00\x00\x00luptatibus, cibo'...
17.381 Disassembled: source: 39286, dest: 44408, seq: 49308, ack: 3557210439, window: 5808, data: "luptatibus, cibo"...
17.381 Data accepted; writing to file
17.382 Assembling: source: 44408, dest: 39286, seq: 3557210439, ack: 50756, window: 5808, ACK
17.382 Sent: b'\xadx\x99v\xd4\x06\xb9G\x00\x00\xc6DP\x10\x16\xb0\x00\x00\x00\x00'
17.385 Received: b'\x99v\xadx\x00\x00\xc6D\xd4\x06\xb9GP\x10\x16\xb0\x00\x00\x00\x00alii indoctum ma'...
17.386 Disassembled: source: 39286, dest: 44408, seq: 50756, ack: 3557210439, window: 5808, ACK, data: "alii indoctum ma"...
17.386 Error: Incorrect acknowledgement flag
17.883 Sent: b'\xadx\x99v\xd4\x06\xb9G\x00\x00\xc6DP\x10\x16\xb0\x00\x00\x00\x00'
17.885 Received: b'\x99v\xadx\x00\x00\xc6D\xd4\x06\xb9GP\x00\x16\xb0\x00\x00\x00\x00alii indoctum ma'...
17.886 Disassembled: source: 39286, dest: 44408, seq: 50756, ack: 3557210439, window: 5808, data: "alii indoctum ma"...
17.886 Data accepted; writing to file
17.886 Assembling: source: 44408, dest: 39286, seq: 3557210439, ack: 52204, window: 5808, ACK
17.887 Sent: b'\xadx\x99v\xd4\x06\xb9G\x00\x00\xcb\xecP\x10\x16\xb0\x00\x00\x00\x00'
17.890 Received: b'\x99v\xadx\x00\x00\xcb\xec\xd4\x06\xb9GP\x10\x16\xb0\x00\x00\x00\x00im, his facete c'...
17.890 Disassembled: source: 39286, dest: 44408, seq: 52204, ack: 3557210439, window: 5808, ACK, data: "im, his facete c"...
17.890 Error: Incorrect acknowledgement flag
18.387 Sent: b'\xadx\x99v\xd4\x06\xb9G\x00\x00\xcb\xecP\x10\x16\xb0\x00\x00\x00\x00'
18.390 Received: b'\x99v\xadx\x00\x00\xcb\xec\xd4\x06\xb9GP\x00\x16\xb0\x00\x00\x00\x00im, his facete c'...
18.391 Disassembled: source: 39286, dest: 44408, seq: 52204, ack: 3557210439, window: 5808, data: "im, his facete c"...
18.391 Data accepted; writing to file
18.391 Assembling: source: 44408, dest: 39286, seq: 3557210439, ack: 53652, window: 5808, ACK
18.391 Sent: b'\xadx\x99v\xd4\x06\xb9G\x00\x00\xd1\x94P\x10\x16\xb0\x00\x00\x00\x00'
18.394 Received: b'\x99v\xadx\x00\x00\xd1\x94\xd4\x06\xb9GP\x10\x16\xb0\x00\x00\x00\x00e alia dolor com'...
18.395 Disassembled: source: 39286, dest: 44408, seq: 53652, ack: 3557210439, window: 5808, ACK, data: "e alia dolor com"...
18.395 Error: Incorrect acknowledgement flag
18.892 Sent: b'\xadx\x99v\xd4\x06\xb9G\x00\x00\xd1\x94P\x10\x16\xb0\x00\x00\x00\x00'
18.895 Received: b'\x99v\xadx\x00\x00\xd1\x94\xd4\x06\xb9GP\x00\x16\xb0\x00\x00\x00\x00e alia dolor com'...
18.895 Disassembled: source: 39286, dest: 44408, seq: 53652, ack: 3557210439, window: 5808, data: "e alia dolor com"...
18.896 Data accepted; writing to file
18.896 Assembling: source: 44408, dest: 39286, seq: 3557210439, ack: 55100, window: 5808, ACK
18.896 Sent: b'\xadx\x99v\xd4\x06\xb9G\x00\x00\xd7<P\x10\x16\xb0\x00\x00\x00\x00'
18.899 Received: b'\x99v\xadx\x00\x00\xd7<\xd4\x06\xb9GP\x10\x16\xb0\x00\x00\x00\x00it ea, reque tem'...
18.900 Disassembled: source: 39286, dest: 44408, seq: 55100, ack: 3557210439, window: 5808, ACK, data: "it ea, reque tem"...
18.900 Error: Incorrect acknowledgement flag
19.397 Sent: b'\xadx\x99v\xd4\x06\xb9G\x00\x00\xd7<P\x10\x16\xb0\x00\x00\x00\x00'
19.399 Received: b'\x99v\xadx\x00\x00\xd7<\xd4\x06\xb9GP\x00\x16\xb0\x00\x00\x00\x00it ea, reque tem'...
19.400 Disassembled: source: 39286, dest: 44408, seq: 55100, ack: 3557210439, window: 5808, data: "it ea, reque tem"...
19.400 Data accepted; writing to file
19.400 Assembling: source: 44408, dest: 39286, seq: 3557210439, ack: 56548, window: 5808, ACK
19.401 Sent: b'\xadx\x99v\xd4\x06\xb9G\x00\x00\xdc\xe4P\x10\x16\xb0\x00\x00\x00\x00'
19.404 Received: b'\x99v\xadx\x00\x00\xdc\xe4\xd4\x06\xb9GP\x10\x16\xb0\x00\x00\x00\x00alisque.\n\nEquide'...
19.404 Disassembled: source: 39286, dest: 44408, seq: 56548, ack: 3557210439, window: 5808, ACK, data: "alisque.

Equide"...
19.404 Error: Incorrect acknowledgement flag
19.901 Sent: b'\xadx\x99v\xd4\x06\xb9G\x00\x00\xdc\xe4P\x10\x16\xb0\x00\x00\x00\x00'
19.904 Received: b'\x99v\xadx\x00\x00\xdc\xe4\xd4\x06\xb9GP\x00\x16\xb0\x00\x00\x00\x00alisque.\n\nEquide'...
19.905 Disassembled: source: 39286, dest: 44408, seq: 56548, ack: 3557210439, window: 5808, data: "alisque.

Equide"...
19.905 Data accepted; writing to file
19.905 Assembling: source: 44408, dest: 39286, seq: 3557210439, ack: 57996, window: 5808, ACK
19.906 Sent: b'\xadx\x99v\xd4\x06\xb9G\x00\x00\xe2\x8cP\x10\x16\xb0\x00\x00\x00\x00'
19.908 Received: b'\x99v\xadx\x00\x00\xe2\x8c\xd4\x06\xb9GP\x10\x16\xb0\x00\x00\x00\x00finitiones, affe'...
19.909 Disassembled: source: 39286, dest: 44408, seq: 57996, ack: 3557210439, window: 5808, ACK, data: "finitiones, affe"...
19.909 Error: Incorrect acknowledgement flag
20.406 Sent: b'\xadx\x99v\xd4\x06\xb9G\x00\x00\xe2\x8cP\x10\x16\xb0\x00\x00\x00\x00'
20.409 Received: b'\x99v\xadx\x00\x00\xe2\x8c\xd4\x06\xb9GP\x00\x16\xb0\x00\x00\x00\x00finitiones, affe'...
20.409 Disassembled: source: 39286, dest: 44408, seq: 57996, ack: 3557210439, window: 5808, data: "finitiones, affe"...
20.410 Data accepted; writing to file
20.410 Assembling: source: 44408, dest: 39286, seq: 3557210439, ack: 59444, window: 5808, ACK
20.410 Sent: b'\xadx\x99v\xd4\x06\xb9G\x00\x00\xe84P\x10\x16\xb0\x00\x00\x00\x00'
20.413 Received: b'\x99v\xadx\x00\x00\xe84\xd4\x06\xb9GP\x10\x16\xb0\x00\x00\x00\x00his duis graeco '...
20.414 Disassembled: source: 39286, dest: 44408, seq: 59444, ack: 3557210439, window: 5808, ACK, data: "his duis graeco "...
20.414 Error: Incorrect acknowledgement flag
20.911 Sent: b'\xadx\x99v\xd4\x06\xb9G\x00\x00\xe84P\x10\x16\xb0\x00\x00\x00\x00'
20.913 Received: b'\x99v\xadx\x00\x00\xe84\xd4\x06\xb9GP\x00\x16\xb0\x00\x00\x00\x00his duis graeco '...
20.914 Disassembled: source: 39286, dest: 44408, seq: 59444, ack: 3557210439, window: 5808, data: "his duis graeco "...
20.914 Data accepted; writing to file
20.914 Assembling: source: 44408, dest: 39286, seq: 3557210439, ack: 60892, window: 5808, ACK
20.915 Sent: b'\xadx\x99v\xd4\x06\xb9G\x00\x00\xed\xdcP\x10\x16\xb0\x00\x00\x00\x00'
20.918 Received: b'\x99v\xadx\x00\x00\xed\xdc\xd4\x06\xb9GP\x10\x16\xb0\x00\x00\x00\x00am. Alia possit '...
20.918 Disassembled: source: 39286, dest: 44408, seq: 60892, ack: 3557210439, window: 5808, ACK, data: "am. Alia possit "...
20.918 Error: Incorrect acknowledgement flag
21.415 Sent: b'\xadx\x99v\xd4\x06\xb9G\x00\x00\xed\xdcP\x10\x16\xb0\x00\x00\x00\x00'
21.418 Received: b'\x99v\xadx\x00\x00\xed\xdc\xd4\x06\xb9GP\x00\x16\xb0\x00\x00\x00\x00am. Alia possit '...
21.419 Disassembled: source: 39286, dest: 44408, seq: 60892, ack: 3557210439, window: 5808, data: "am. Alia possit "...
21.419 Data accepted; writing to file
21.419 Assembling: source: 44408, dest: 39286, seq: 3557210439, ack: 62340, window: 5808, ACK
21.420 Sent: b'\xadx\x99v\xd4\x06\xb9G\x00\x00\xf3\x84P\x10\x16\xb0\x00\x00\x00\x00'
21.422 Received: b'\x99v\xadx\x00\x00\xf3\x84\xd4\x06\xb9GP\x10\x16\xb0\x00\x00\x00\x00cum an. Mei faci'...
21.423 Disassembled: source: 39286, dest: 44408, seq: 62340, ack: 3557210439, window: 5808, ACK, data: "cum an. Mei faci"...
21.423 Error: Incorrect acknowledgement flag
21.920 Sent: b'\xadx\x99v\xd4\x06\xb9G\x00\x00\xf3\x84P\x10\x16\xb0\x00\x00\x00\x00'
21.923 Received: b'\x99v\xadx\x00\x00\xf3\x84\xd4\x06\xb9GP\x00\x16\xb0\x00\x00\x00\x00cum an. Mei faci'...
21.923 Disassembled: source: 39286, dest: 44408, seq: 62340, ack: 3557210439, window: 5808, data: "cum an. Mei faci"...
21.924 Data accepted; writing to file
21.924 Assembling: source: 44408, dest: 39286, seq: 3557210439, ack: 63788, window: 5808, ACK
21.924 Sent: b'\xadx\x99v\xd4\x06\xb9G\x00\x00\xf9,P\x10\x16\xb0\x00\x00\x00\x00'
21.927 Received: b'\x99v\xadx\x00\x00\xf9,\xd4\x06\xb9GP\x10\x16\xb0\x00\x00\x00\x00 vis adhuc tatio'...
21.928 Disassembled: source: 39286, dest: 44408, seq: 63788, ack: 3557210439, window: 5808, ACK, data: " vis adhuc tatio"...
21.928 Error: Incorrect acknowledgement flag
22.425 Sent: b'\xadx\x99v\xd4\x06\xb9G\x00\x00\xf9,P\x10\x16\xb0\x00\x00\x00\x00'
22.428 Received: b'\x99v\xadx\x00\x00\xf9,\xd4\x06\xb9GP\x00\x16\xb0\x00\x00\x00\x00 vis adhuc tatio'...
22.428 Disassembled: source: 39286, dest: 44408, seq: 63788, ack: 3557210439, window: 5808, data: " vis adhuc tatio"...
22.428 Data accepted; writing to file
22.428 Assembling: source: 44408, dest: 39286, seq: 3557210439, ack: 65236, window: 5808, ACK
22.429 Sent: b'\xadx\x99v\xd4\x06\xb9G\x00\x00\xfe\xd4P\x10\x16\xb0\x00\x00\x00\x00'
22.432 Received: b'\x99v\xadx\x00\x00\xfe\xd4\xd4\x06\xb9GP\x10\x16\xb0\x00\x00\x00\x00im eu option iuv'...
22.432 Disassembled: source: 39286, dest: 44408, seq: 65236, ack: 3557210439, window: 5808, ACK, data: "im eu option iuv"...
22.433 Error: Incorrect acknowledgement flag
22.929 Sent: b'\xadx\x99v\xd4\x06\xb9G\x00\x00\xfe\xd4P\x10\x16\xb0\x00\x00\x00\x00'
22.932 Received: b'\x99v\xadx\x00\x00\xfe\xd4\xd4\x06\xb9GP\x00\x16\xb0\x00\x00\x00\x00im eu option iuv'...
22.933 Disassembled: source: 39286, dest: 44408, seq: 65236, ack: 3557210439, window: 5808, data: "im eu option iuv"...
22.933 Data accepted; writing to file
22.933 Assembling: source: 44408, dest: 39286, seq: 3557210439, ack: 66684, window: 5808, ACK
22.934 Sent: b'\xadx\x99v\xd4\x06\xb9G\x00\x01\x04|P\x10\x16\xb0\x00\x00\x00\x00'
22.936 Received: b'\x99v\xadx\x00\x01\x04|\xd4\x06\xb9GP\x10\x16\xb0\x00\x00\x00\x00ex epicurei taci'...
22.937 Disassembled: source: 39286, dest: 44408, seq: 66684, ack: 3557210439, window: 5808, ACK, data: "ex epicurei taci"...
22.937 Error: Incorrect acknowledgement flag
23.434 Sent: b'\xadx\x99v\xd4\x06\xb9G\x00\x01\x04|P\x10\x16\xb0\x00\x00\x00\x00'
23.437 Received: b'\x99v\xadx\x00\x01\x04|\xd4\x06\xb9GP\x00\x16\xb0\x00\x00\x00\x00ex epicurei taci'...
23.437 Disassembled: source: 39286, dest: 44408, seq: 66684, ack: 3557210439, window: 5808, data: "ex epicurei taci"...
23.438 Data accepted; writing to file
23.438 Assembling: source: 44408, dest: 39286, seq: 3557210439, ack: 68132, window: 5808, ACK
23.438 Sent: b'\xadx\x99v\xd4\x06\xb9G\x00\x01\n$P\x10\x16\xb0\x00\x00\x00\x00'
23.441 Received: b'\x99v\xadx\x00\x01\n$\xd4\x06\xb9GP\x10\x16\xb0\x00\x00\x00\x00ebat, eu pro ero'...
23.442 Disassembled: source: 39286, dest: 44408, seq: 68132, ack: 3557210439, window: 5808, ACK, data: "ebat, eu pro ero"...
23.442 Error: Incorrect acknowledgement flag
23.939 Sent: b'\xadx\x99v\xd4\x06\xb9G\x00\x01\n$P\x10\x16\xb0\x00\x00\x00\x00'
23.941 Received: b'\x99v\xadx\x00\x01\n$\xd4\x06\xb9GP\x00\x16\xb0\x00\x00\x00\x00ebat, eu pro ero'...
23.942 Disassembled: source: 39286, dest: 44408, seq: 68132, ack: 3557210439, window: 5808, data: "ebat, eu pro ero"...
23.942 Data accepted; writing to file
23.942 Assembling: source: 44408, dest: 39286, seq: 3557210439, ack: 69580, window: 5808, ACK
23.943 Sent: b'\xadx\x99v\xd4\x06\xb9G\x00\x01\x0f\xccP\x10\x16\xb0\x00\x00\x00\x00'
23.946 Received: b'\x99v\xadx\x00\x01\x0f\xcc\xd4\x06\xb9GP\x10\x16\xb0\x00\x00\x00\x00s. Per no sale v'...
23.946 Disassembled: source: 39286, dest: 44408, seq: 69580, ack: 3557210439, window: 5808, ACK, data: "s. Per no sale v"...
23.947 Error: Incorrect acknowledgement flag
24.443 Sent: b'\xadx\x99v\xd4\x06\xb9G\x00\x01\x0f\xccP\x10\x16\xb0\x00\x00\x00\x00'
24.446 Received: b'\x99v\xadx\x00\x01\x0f\xcc\xd4\x06\xb9GP\x00\x16\xb0\x00\x00\x00\x00s. Per no sale v'...
24.447 Disassembled: source: 39286, dest: 44408, seq: 69580, ack: 3557210439, window: 5808, data: "s. Per no sale v"...
24.447 Data accepted; writing to file
24.447 Assembling: source: 44408, dest: 39286, seq: 3557210439, ack: 71028, window: 5808, ACK
24.448 Sent: b'\xadx\x99v\xd4\x06\xb9G\x00\x01\x15tP\x10\x16\xb0\x00\x00\x00\x00'
24.450 Received: b'\x99v\xadx\x00\x01\x15t\xd4\x06\xb9GP\x10\x16\xb0\x00\x00\x00\x00orrupte ea mel. '...
24.451 Disassembled: source: 39286, dest: 44408, seq: 71028, ack: 3557210439, window: 5808, ACK, data: "orrupte ea mel. "...
24.451 Error: Incorrect acknowledgement flag
24.948 Sent: b'\xadx\x99v\xd4\x06\xb9G\x00\x01\x15tP\x10\x16\xb0\x00\x00\x00\x00'
24.951 Received: b'\x99v\xadx\x00\x01\x15t\xd4\x06\xb9GP\x00\x16\xb0\x00\x00\x00\x00orrupte ea mel. '...
24.951 Disassembled: source: 39286, dest: 44408, seq: 71028, ack: 3557210439, window: 5808, data: "orrupte ea mel. "...
24.952 Data accepted; writing to file
24.952 Assembling: source: 44408, dest: 39286, seq: 3557210439, ack: 72476, window: 5808, ACK
24.952 Sent: b'\xadx\x99v\xd4\x06\xb9G\x00\x01\x1b\x1cP\x10\x16\xb0\x00\x00\x00\x00'
24.955 Received: b'\x99v\xadx\x00\x01\x1b\x1c\xd4\x06\xb9GP\x10\x16\xb0\x00\x00\x00\x00. Est iracundia '...
24.956 Disassembled: source: 39286, dest: 44408, seq: 72476, ack: 3557210439, window: 5808, ACK, data: ". Est iracundia "...
24.956 Error: Incorrect acknowledgement flag
25.453 Sent: b'\xadx\x99v\xd4\x06\xb9G\x00\x01\x1b\x1cP\x10\x16\xb0\x00\x00\x00\x00'
25.456 Received: b'\x99v\xadx\x00\x01\x1b\x1c\xd4\x06\xb9GP\x00\x16\xb0\x00\x00\x00\x00. Est iracundia '...
25.456 Disassembled: source: 39286, dest: 44408, seq: 72476, ack: 3557210439, window: 5808, data: ". Est iracundia "...
25.456 Data accepted; writing to file
25.457 Assembling: source: 44408, dest: 39286, seq: 3557210439, ack: 73924, window: 5808, ACK
25.457 Sent: b'\xadx\x99v\xd4\x06\xb9G\x00\x01 \xc4P\x10\x16\xb0\x00\x00\x00\x00'
25.460 Received: b'\x99v\xadx\x00\x01 \xc4\xd4\x06\xb9GP\x10\x16\xb0\x00\x00\x00\x00pta probatus scr'...
25.460 Disassembled: source: 39286, dest: 44408, seq: 73924, ack: 3557210439, window: 5808, ACK, data: "pta probatus scr"...
25.461 Error: Incorrect acknowledgement flag
25.957 Sent: b'\xadx\x99v\xd4\x06\xb9G\x00\x01 \xc4P\x10\x16\xb0\x00\x00\x00\x00'
25.960 Received: b'\x99v\xadx\x00\x01 \xc4\xd4\x06\xb9GP\x00\x16\xb0\x00\x00\x00\x00pta probatus scr'...
25.961 Disassembled: source: 39286, dest: 44408, seq: 73924, ack: 3557210439, window: 5808, data: "pta probatus scr"...
25.961 Data accepted; writing to file
25.961 Assembling: source: 44408, dest: 39286, seq: 3557210439, ack: 75372, window: 5808, ACK
25.962 Sent: b'\xadx\x99v\xd4\x06\xb9G\x00\x01&lP\x10\x16\xb0\x00\x00\x00\x00'
25.965 Received: b'\x99v\xadx\x00\x01&l\xd4\x06\xb9GP\x10\x16\xb0\x00\x00\x00\x00entur ei, pro ei'...
25.965 Disassembled: source: 39286, dest: 44408, seq: 75372, ack: 3557210439, window: 5808, ACK, data: "entur ei, pro ei"...
25.965 Error: Incorrect acknowledgement flag
26.462 Sent: b'\xadx\x99v\xd4\x06\xb9G\x00\x01&lP\x10\x16\xb0\x00\x00\x00\x00'
26.465 Received: b'\x99v\xadx\x00\x01&l\xd4\x06\xb9GP\x00\x16\xb0\x00\x00\x00\x00entur ei, pro ei'...
26.465 Disassembled: source: 39286, dest: 44408, seq: 75372, ack: 3557210439, window: 5808, data: "entur ei, pro ei"...
26.466 Data accepted; writing to file
26.466 Assembling: source: 44408, dest: 39286, seq: 3557210439, ack: 76820, window: 5808, ACK
26.466 Sent: b'\xadx\x99v\xd4\x06\xb9G\x00\x01,\x14P\x10\x16\xb0\x00\x00\x00\x00'
26.469 Received: b'\x99v\xadx\x00\x01,\x14\xd4\x06\xb9GP\x10\x16\xb0\x00\x00\x00\x00simul euismod vi'...
26.470 Disassembled: source: 39286, dest: 44408, seq: 76820, ack: 3557210439, window: 5808, ACK, data: "simul euismod vi"...
26.470 Error: Incorrect acknowledgement flag
26.967 Sent: b'\xadx\x99v\xd4\x06\xb9G\x00\x01,\x14P\x10\x16\xb0\x00\x00\x00\x00'
26.970 Received: b'\x99v\xadx\x00\x01,\x14\xd4\x06\xb9GP\x00\x16\xb0\x00\x00\x00\x00simul euismod vi'...
26.970 Disassembled: source: 39286, dest: 44408, seq: 76820, ack: 3557210439, window: 5808, data: "simul euismod vi"...
26.970 Data accepted; writing to file
26.971 Assembling: source: 44408, dest: 39286, seq: 3557210439, ack: 78268, window: 5808, ACK
26.971 Sent: b'\xadx\x99v\xd4\x06\xb9G\x00\x011\xbcP\x10\x16\xb0\x00\x00\x00\x00'
26.974 Received: b'\x99v\xadx\x00\x011\xbc\xd4\x06\xb9GP\x10\x16\xb0\x00\x00\x00\x00, eam id iudico '...
26.974 Disassembled: source: 39286, dest: 44408, seq: 78268, ack: 3557210439, window: 5808, ACK, data: ", eam id iudico "...
26.975 Error: Incorrect acknowledgement flag
27.471 Sent: b'\xadx\x99v\xd4\x06\xb9G\x00\x011\xbcP\x10\x16\xb0\x00\x00\x00\x00'
27.474 Received: b'\x99v\xadx\x00\x011\xbc\xd4\x06\xb9GP\x00\x16\xb0\x00\x00\x00\x00, eam id iudico '...
27.475 Disassembled: source: 39286, dest: 44408, seq: 78268, ack: 3557210439, window: 5808, data: ", eam id iudico "...
27.475 Data accepted; writing to file
27.475 Assembling: source: 44408, dest: 39286, seq: 3557210439, ack: 79716, window: 5808, ACK
27.476 Sent: b'\xadx\x99v\xd4\x06\xb9G\x00\x017dP\x10\x16\xb0\x00\x00\x00\x00'
27.479 Received: b'\x99v\xadx\x00\x017d\xd4\x06\xb9GP\x10\x16\xb0\x00\x00\x00\x00m vix. Ea est mu'...
27.479 Disassembled: source: 39286, dest: 44408, seq: 79716, ack: 3557210439, window: 5808, ACK, data: "m vix. Ea est mu"...
27.479 Error: Incorrect acknowledgement flag
27.976 Sent: b'\xadx\x99v\xd4\x06\xb9G\x00\x017dP\x10\x16\xb0\x00\x00\x00\x00'
27.979 Received: b'\x99v\xadx\x00\x017d\xd4\x06\xb9GP\x00\x16\xb0\x00\x00\x00\x00m vix. Ea est mu'...
27.979 Disassembled: source: 39286, dest: 44408, seq: 79716, ack: 3557210439, window: 5808, data: "m vix. Ea est mu"...
27.980 Data accepted; writing to file
27.980 Assembling: source: 44408, dest: 39286, seq: 3557210439, ack: 81164, window: 5808, ACK
27.980 Sent: b'\xadx\x99v\xd4\x06\xb9G\x00\x01=\x0cP\x10\x16\xb0\x00\x00\x00\x00'
27.983 Received: b'\x99v\xadx\x00\x01=\x0c\xd4\x06\xb9GP\x10\x16\xb0\x00\x00\x00\x00olor sit amet, e'...
27.984 Disassembled: source: 39286, dest: 44408, seq: 81164, ack: 3557210439, window: 5808, ACK, data: "olor sit amet, e"...
27.984 Error: Incorrect acknowledgement flag
28.481 Sent: b'\xadx\x99v\xd4\x06\xb9G\x00\x01=\x0cP\x10\x16\xb0\x00\x00\x00\x00'
28.484 Received: b'\x99v\xadx\x00\x01=\x0c\xd4\x06\xb9GP\x00\x16\xb0\x00\x00\x00\x00olor sit amet, e'...
28.484 Disassembled: source: 39286, dest: 44408, seq: 81164, ack: 3557210439, window: 5808, data: "olor sit amet, e"...
28.484 Data accepted; writing to file
28.485 Assembling: source: 44408, dest: 39286, seq: 3557210439, ack: 82612, window: 5808, ACK
28.485 Sent: b'\xadx\x99v\xd4\x06\xb9G\x00\x01B\xb4P\x10\x16\xb0\x00\x00\x00\x00'
28.488 Received: b'\x99v\xadx\x00\x01B\xb4\xd4\x06\xb9GP\x10\x16\xb0\x00\x00\x00\x00m, aperiam iudic'...
28.488 Disassembled: source: 39286, dest: 44408, seq: 82612, ack: 3557210439, window: 5808, ACK, data: "m, aperiam iudic"...
28.489 Error: Incorrect acknowledgement flag
28.985 Sent: b'\xadx\x99v\xd4\x06\xb9G\x00\x01B\xb4P\x10\x16\xb0\x00\x00\x00\x00'
28.988 Received: b'\x99v\xadx\x00\x01B\xb4\xd4\x06\xb9GP\x00\x16\xb0\x00\x00\x00\x00m, aperiam iudic'...
28.989 Disassembled: source: 39286, dest: 44408, seq: 82612, ack: 3557210439, window: 5808, data: "m, aperiam iudic"...
28.989 Data accepted; writing to file
28.989 Assembling: source: 44408, dest: 39286, seq: 3557210439, ack: 84060, window: 5808, ACK
28.990 Sent: b'\xadx\x99v\xd4\x06\xb9G\x00\x01H\\P\x10\x16\xb0\x00\x00\x00\x00'
28.993 Received: b'\x99v\xadx\x00\x01H\\\xd4\x06\xb9GP\x10\x16\xb0\x00\x00\x00\x00re sea. No eos d'...
28.993 Disassembled: source: 39286, dest: 44408, seq: 84060, ack: 3557210439, window: 5808, ACK, data: "re sea. No eos d"...
28.993 Error: Incorrect acknowledgement flag
29.490 Sent: b'\xadx\x99v\xd4\x06\xb9G\x00\x01H\\P\x10\x16\xb0\x00\x00\x00\x00'
29.493 Received: b'\x99v\xadx\x00\x01H\\\xd4\x06\xb9GP\x00\x16\xb0\x00\x00\x00\x00re sea. No eos d'...
29.493 Disassembled: source: 39286, dest: 44408, seq: 84060, ack: 3557210439, window: 5808, data: "re sea. No eos d"...
29.494 Data accepted; writing to file
29.494 Assembling: source: 44408, dest: 39286, seq: 3557210439, ack: 85508, window: 5808, ACK
29.494 Sent: b'\xadx\x99v\xd4\x06\xb9G\x00\x01N\x04P\x10\x16\xb0\x00\x00\x00\x00'
29.497 Received: b'\x99v\xadx\x00\x01N\x04\xd4\x06\xb9GP\x10\x16\xb0\x00\x00\x00\x00t scripta philos'...
29.498 Disassembled: source: 39286, dest: 44408, seq: 85508, ack: 3557210439, window: 5808, ACK, data: "t scripta philos"...
29.498 Error: Incorrect acknowledgement flag
29.995 Sent: b'\xadx\x99v\xd4\x06\xb9G\x00\x01N\x04P\x10\x16\xb0\x00\x00\x00\x00'
29.998 Received: b'\x99v\xadx\x00\x01N\x04\xd4\x06\xb9GP\x00\x16\xb0\x00\x00\x00\x00t scripta philos'...
29.998 Disassembled: source: 39286, dest: 44408, seq: 85508, ack: 3557210439, window: 5808, data: "t scripta philos"...
29.998 Data accepted; writing to file
29.999 Assembling: source: 44408, dest: 39286, seq: 3557210439, ack: 86956, window: 5808, ACK
29.999 Sent: b'\xadx\x99v\xd4\x06\xb9G\x00\x01S\xacP\x10\x16\xb0\x00\x00\x00\x00'
30.002 Received: b'\x99v\xadx\x00\x01S\xac\xd4\x06\xb9GP\x10\x16\xb0\x00\x00\x00\x00tos sadipscing e'...
30.002 Disassembled: source: 39286, dest: 44408, seq: 86956, ack: 3557210439, window: 5808, ACK, data: "tos sadipscing e"...
30.003 Error: Incorrect acknowledgement flag
30.499 Sent: b'\xadx\x99v\xd4\x06\xb9G\x00\x01S\xacP\x10\x16\xb0\x00\x00\x00\x00'
30.502 Received: b'\x99v\xadx\x00\x01S\xac\xd4\x06\xb9GP\x00\x16\xb0\x00\x00\x00\x00tos sadipscing e'...
30.503 Disassembled: source: 39286, dest: 44408, seq: 86956, ack: 3557210439, window: 5808, data: "tos sadipscing e"...
30.503 Data accepted; writing to file
30.503 Assembling: source: 44408, dest: 39286, seq: 3557210439, ack: 88404, window: 5808, ACK
30.504 Sent: b'\xadx\x99v\xd4\x06\xb9G\x00\x01YTP\x10\x16\xb0\x00\x00\x00\x00'
30.507 Received: b'\x99v\xadx\x00\x01YT\xd4\x06\xb9GP\x10\x16\xb0\x00\x00\x00\x00sapientem ea, ad'...
30.507 Disassembled: source: 39286, dest: 44408, seq: 88404, ack: 3557210439, window: 5808, ACK, data: "sapientem ea, ad"...
30.507 Error: Incorrect acknowledgement flag
31.004 Sent: b'\xadx\x99v\xd4\x06\xb9G\x00\x01YTP\x10\x16\xb0\x00\x00\x00\x00'
31.007 Received: b'\x99v\xadx\x00\x01YT\xd4\x06\xb9GP\x00\x16\xb0\x00\x00\x00\x00sapientem ea, ad'...
31.008 Disassembled: source: 39286, dest: 44408, seq: 88404, ack: 3557210439, window: 5808, data: "sapientem ea, ad"...
31.008 Data accepted; writing to file
31.008 Assembling: source: 44408, dest: 39286, seq: 3557210439, ack: 89852, window: 5808, ACK
31.008 Sent: b'\xadx\x99v\xd4\x06\xb9G\x00\x01^\xfcP\x10\x16\xb0\x00\x00\x00\x00'
31.011 Received: b'\x99v\xadx\x00\x01^\xfc\xd4\x06\xb9GP\x10\x16\xb0\x00\x00\x00\x00g, ei invenire p'...
31.012 Disassembled: source: 39286, dest: 44408, seq: 89852, ack: 3557210439, window: 5808, ACK, data: "g, ei invenire p"...
31.012 Error: Incorrect acknowledgement flag
31.509 Sent: b'\xadx\x99v\xd4\x06\xb9G\x00\x01^\xfcP\x10\x16\xb0\x00\x00\x00\x00'
31.512 Received: b'\x99v\xadx\x00\x01^\xfc\xd4\x06\xb9GP\x00\x16\xb0\x00\x00\x00\x00g, ei invenire p'...
31.512 Disassembled: source: 39286, dest: 44408, seq: 89852, ack: 3557210439, window: 5808, data: "g, ei invenire p"...
31.512 Data accepted; writing to file
31.513 Assembling: source: 44408, dest: 39286, seq: 3557210439, ack: 91300, window: 5808, ACK
31.513 Sent: b'\xadx\x99v\xd4\x06\xb9G\x00\x01d\xa4P\x10\x16\xb0\x00\x00\x00\x00'
31.516 Received: b'\x99v\xadx\x00\x01d\xa4\xd4\x06\xb9GP\x10\x16\xb0\x00\x00\x00\x00endo at. Qui id '...
31.516 Disassembled: source: 39286, dest: 44408, seq: 91300, ack: 3557210439, window: 5808, ACK, data: "endo at. Qui id "...
31.517 Error: Incorrect acknowledgement flag
32.013 Sent: b'\xadx\x99v\xd4\x06\xb9G\x00\x01d\xa4P\x10\x16\xb0\x00\x00\x00\x00'
32.016 Received: b'\x99v\xadx\x00\x01d\xa4\xd4\x06\xb9GP\x00\x16\xb0\x00\x00\x00\x00endo at. Qui id '...
32.017 Disassembled: source: 39286, dest: 44408, seq: 91300, ack: 3557210439, window: 5808, data: "endo at. Qui id "...
32.017 Data accepted; writing to file
32.017 Assembling: source: 44408, dest: 39286, seq: 3557210439, ack: 92748, window: 5808, ACK
32.018 Sent: b'\xadx\x99v\xd4\x06\xb9G\x00\x01jLP\x10\x16\xb0\x00\x00\x00\x00'
32.021 Received: b'\x99v\xadx\x00\x01jL\xd4\x06\xb9GP\x10\x16\xb0\x00\x00\x00\x00ota nostrum et p'...
32.021 Disassembled: source: 39286, dest: 44408, seq: 92748, ack: 3557210439, window: 5808, ACK, data: "ota nostrum et p"...
32.021 Error: Incorrect acknowledgement flag
32.518 Sent: b'\xadx\x99v\xd4\x06\xb9G\x00\x01jLP\x10\x16\xb0\x00\x00\x00\x00'
32.521 Received: b'\x99v\xadx\x00\x01jL\xd4\x06\xb9GP\x00\x16\xb0\x00\x00\x00\x00ota nostrum et p'...
32.522 Disassembled: source: 39286, dest: 44408, seq: 92748, ack: 3557210439, window: 5808, data: "ota nostrum et p"...
32.522 Data accepted; writing to file
32.522 Assembling: source: 44408, dest: 39286, seq: 3557210439, ack: 94196, window: 5808, ACK
32.523 Sent: b'\xadx\x99v\xd4\x06\xb9G\x00\x01o\xf4P\x10\x16\xb0\x00\x00\x00\x00'
32.525 Received: b'\x99v\xadx\x00\x01o\xf4\xd4\x06\xb9GP\x10\x16\xb0\x00\x00\x00\x00deseruisse id. P'...
32.526 Disassembled: source: 39286, dest: 44408, seq: 94196, ack: 3557210439, window: 5808, ACK, data: "deseruisse id. P"...
32.526 Error: Incorrect acknowledgement flag
33.023 Sent: b'\xadx\x99v\xd4\x06\xb9G\x00\x01o\xf4P\x10\x16\xb0\x00\x00\x00\x00'
33.026 Received: b'\x99v\xadx\x00\x01o\xf4\xd4\x06\xb9GP\x00\x16\xb0\x00\x00\x00\x00deseruisse id. P'...
33.026 Disassembled: source: 39286, dest: 44408, seq: 94196, ack: 3557210439, window: 5808, data: "deseruisse id. P"...
33.027 Data accepted; writing to file
33.027 Assembling: source: 44408, dest: 39286, seq: 3557210439, ack: 95644, window: 5808, ACK
33.027 Sent: b'\xadx\x99v\xd4\x06\xb9G\x00\x01u\x9cP\x10\x16\xb0\x00\x00\x00\x00'
33.030 Received: b'\x99v\xadx\x00\x01u\x9c\xd4\x06\xb9GP\x10\x16\xb0\x00\x00\x00\x00odo munere imper'...
33.031 Disassembled: source: 39286, dest: 44408, seq: 95644, ack: 3557210439, window: 5808, ACK, data: "odo munere imper"...
33.031 Error: Incorrect acknowledgement flag
33.528 Sent: b'\xadx\x99v\xd4\x06\xb9G\x00\x01u\x9cP\x10\x16\xb0\x00\x00\x00\x00'
33.530 Received: b'\x99v\xadx\x00\x01u\x9c\xd4\x06\xb9GP\x00\x16\xb0\x00\x00\x00\x00odo munere imper'...
33.531 Disassembled: source: 39286, dest: 44408, seq: 95644, ack: 3557210439, window: 5808, data: "odo munere imper"...
33.531 Data accepted; writing to file
33.531 Assembling: source: 44408, dest: 39286, seq: 3557210439, ack: 97092, window: 5808, ACK
33.532 Sent: b'\xadx\x99v\xd4\x06\xb9G\x00\x01{DP\x10\x16\xb0\x00\x00\x00\x00'
33.535 Received: b'\x99v\xadx\x00\x01{D\xd4\x06\xb9GP\x10\x16\xb0\x00\x00\x00\x00cimates cum, tib'...
33.535 Disassembled: source: 39286, dest: 44408, seq: 97092, ack: 3557210439, window: 5808, ACK, data: "cimates cum, tib"...
33.535 Error: Incorrect acknowledgement flag
34.032 Sent: b'\xadx\x99v\xd4\x06\xb9G\x00\x01{DP\x10\x16\xb0\x00\x00\x00\x00'
34.035 Received: b'\x99v\xadx\x00\x01{D\xd4\x06\xb9GP\x00\x16\xb0\x00\x00\x00\x00cimates cum, tib'...
34.036 Disassembled: source: 39286, dest: 44408, seq: 97092, ack: 3557210439, window: 5808, data: "cimates cum, tib"...
34.036 Data accepted; writing to file
34.036 Assembling: source: 44408, dest: 39286, seq: 3557210439, ack: 98540, window: 5808, ACK
34.036 Sent: b'\xadx\x99v\xd4\x06\xb9G\x00\x01\x80\xecP\x10\x16\xb0\x00\x00\x00\x00'
34.039 Received: b'\x99v\xadx\x00\x01\x80\xec\xd4\x06\xb9GP\x10\x16\xb0\x00\x00\x00\x00tiopam molestiae'...
34.040 Disassembled: source: 39286, dest: 44408, seq: 98540, ack: 3557210439, window: 5808, ACK, data: "tiopam molestiae"...
34.040 Error: Incorrect acknowledgement flag
34.537 Sent: b'\xadx\x99v\xd4\x06\xb9G\x00\x01\x80\xecP\x10\x16\xb0\x00\x00\x00\x00'
34.540 Received: b'\x99v\xadx\x00\x01\x80\xec\xd4\x06\xb9GP\x00\x16\xb0\x00\x00\x00\x00tiopam molestiae'...
34.540 Disassembled: source: 39286, dest: 44408, seq: 98540, ack: 3557210439, window: 5808, data: "tiopam molestiae"...
34.541 Data accepted; writing to file
34.541 Assembling: source: 44408, dest: 39286, seq: 3557210439, ack: 99988, window: 5808, ACK
34.541 Sent: b'\xadx\x99v\xd4\x06\xb9G\x00\x01\x86\x94P\x10\x16\xb0\x00\x00\x00\x00'
34.544 Received: b'\x99v\xadx\x00\x01\x86\x94\xd4\x06\xb9GP\x10\x16\xb0\x00\x00\x00\x00possim qui no, v'...
34.545 Disassembled: source: 39286, dest: 44408, seq: 99988, ack: 3557210439, window: 5808, ACK, data: "possim qui no, v"...
34.545 Error: Incorrect acknowledgement flag
35.042 Sent: b'\xadx\x99v\xd4\x06\xb9G\x00\x01\x86\x94P\x10\x16\xb0\x00\x00\x00\x00'
35.045 Received: b'\x99v\xadx\x00\x01\x86\x94\xd4\x06\xb9GP\x00\x16\xb0\x00\x00\x00\x00possim qui no, v'...
35.045 Disassembled: source: 39286, dest: 44408, seq: 99988, ack: 3557210439, window: 5808, data: "possim qui no, v"...
35.045 Data accepted; writing to file
35.046 Assembling: source: 44408, dest: 39286, seq: 3557210439, ack: 101436, window: 5808, ACK
35.046 Sent: b'\xadx\x99v\xd4\x06\xb9G\x00\x01\x8c<P\x10\x16\xb0\x00\x00\x00\x00'
35.049 Received: b'\x99v\xadx\x00\x01\x8c<\xd4\x06\xb9GP\x10\x16\xb0\x00\x00\x00\x00 ex utinam parti'...
35.050 Disassembled: source: 39286, dest: 44408, seq: 101436, ack: 3557210439, window: 5808, ACK, data: " ex utinam parti"...
35.050 Error: Incorrect acknowledgement flag
35.546 Sent: b'\xadx\x99v\xd4\x06\xb9G\x00\x01\x8c<P\x10\x16\xb0\x00\x00\x00\x00'
35.549 Received: b'\x99v\xadx\x00\x01\x8c<\xd4\x06\xb9GP\x00\x16\xb0\x00\x00\x00\x00 ex utinam parti'...
35.550 Disassembled: source: 39286, dest: 44408, seq: 101436, ack: 3557210439, window: 5808, data: " ex utinam parti"...
35.550 Data accepted; writing to file
35.550 Assembling: source: 44408, dest: 39286, seq: 3557210439, ack: 102884, window: 5808, ACK
35.551 Sent: b'\xadx\x99v\xd4\x06\xb9G\x00\x01\x91\xe4P\x10\x16\xb0\x00\x00\x00\x00'
35.554 Received: b'\x99v\xadx\x00\x01\x91\xe4\xd4\x06\xb9GP\x10\x16\xb0\x00\x00\x00\x00icus in his. Pri'...
35.554 Disassembled: source: 39286, dest: 44408, seq: 102884, ack: 3557210439, window: 5808, ACK, data: "icus in his. Pri"...
35.555 Error: Incorrect acknowledgement flag
36.051 Sent: b'\xadx\x99v\xd4\x06\xb9G\x00\x01\x91\xe4P\x10\x16\xb0\x00\x00\x00\x00'
36.054 Received: b'\x99v\xadx\x00\x01\x91\xe4\xd4\x06\xb9GP\x00\x16\xb0\x00\x00\x00\x00icus in his. Pri'...
36.055 Disassembled: source: 39286, dest: 44408, seq: 102884, ack: 3557210439, window: 5808, data: "icus in his. Pri"...
36.055 Data accepted; writing to file
36.055 Assembling: source: 44408, dest: 39286, seq: 3557210439, ack: 104332, window: 5808, ACK
36.055 Sent: b'\xadx\x99v\xd4\x06\xb9G\x00\x01\x97\x8cP\x10\x16\xb0\x00\x00\x00\x00'
36.058 Received: b'\x99v\xadx\x00\x01\x97\x8c\xd4\x06\xb9GP\x10\x16\xb0\x00\x00\x00\x00iis et.\n\nIus cu '...
36.059 Disassembled: source: 39286, dest: 44408, seq: 104332, ack: 3557210439, window: 5808, ACK, data: "iis et.

Ius cu "...
36.059 Error: Incorrect acknowledgement flag
36.556 Sent: b'\xadx\x99v\xd4\x06\xb9G\x00\x01\x97\x8cP\x10\x16\xb0\x00\x00\x00\x00'
36.559 Received: b'\x99v\xadx\x00\x01\x97\x8c\xd4\x06\xb9GP\x00\x16\xb0\x00\x00\x00\x00iis et.\n\nIus cu '...
36.559 Disassembled: source: 39286, dest: 44408, seq: 104332, ack: 3557210439, window: 5808, data: "iis et.

Ius cu "...
36.559 Data accepted; writing to file
36.560 Assembling: source: 44408, dest: 39286, seq: 3557210439, ack: 105780, window: 5808, ACK
36.560 Sent: b'\xadx\x99v\xd4\x06\xb9G\x00\x01\x9d4P\x10\x16\xb0\x00\x00\x00\x00'
36.563 Received: b'\x99v\xadx\x00\x01\x9d4\xd4\x06\xb9GP\x10\x16\xb0\x00\x00\x00\x00e interesset.\n\nT'...
36.564 Disassembled: source: 39286, dest: 44408, seq: 105780, ack: 3557210439, window: 5808, ACK, data: "e interesset.

T"...
36.564 Error: Incorrect acknowledgement flag
37.061 Sent: b'\xadx\x99v\xd4\x06\xb9G\x00\x01\x9d4P\x10\x16\xb0\x00\x00\x00\x00'
37.063 Received: b'\x99v\xadx\x00\x01\x9d4\xd4\x06\xb9GP\x00\x16\xb0\x00\x00\x00\x00e interesset.\n\nT'...
37.064 Disassembled: source: 39286, dest: 44408, seq: 105780, ack: 3557210439, window: 5808, data: "e interesset.

T"...
37.064 Data accepted; writing to file
37.064 Assembling: source: 44408, dest: 39286, seq: 3557210439, ack: 107228, window: 5808, ACK
37.065 Sent: b'\xadx\x99v\xd4\x06\xb9G\x00\x01\xa2\xdcP\x10\x16\xb0\x00\x00\x00\x00'
37.068 Received: b'\x99v\xadx\x00\x01\xa2\xdc\xd4\x06\xb9GP\x10\x16\xb0\x00\x00\x00\x00pro alia volutpa'...
37.068 Disassembled: source: 39286, dest: 44408, seq: 107228, ack: 3557210439, window: 5808, ACK, data: "pro alia volutpa"...
37.068 Error: Incorrect acknowledgement flag
37.565 Sent: b'\xadx\x99v\xd4\x06\xb9G\x00\x01\xa2\xdcP\x10\x16\xb0\x00\x00\x00\x00'
37.568 Received: b'\x99v\xadx\x00\x01\xa2\xdc\xd4\x06\xb9GP\x00\x16\xb0\x00\x00\x00\x00pro alia volutpa'...
37.569 Disassembled: source: 39286, dest: 44408, seq: 107228, ack: 3557210439, window: 5808, data: "pro alia volutpa"...
37.569 Data accepted; writing to file
37.569 Assembling: source: 44408, dest: 39286, seq: 3557210439, ack: 108676, window: 5808, ACK
37.569 Sent: b'\xadx\x99v\xd4\x06\xb9G\x00\x01\xa8\x84P\x10\x16\xb0\x00\x00\x00\x00'
37.572 Received: b'\x99v\xadx\x00\x01\xa8\x84\xd4\x06\xb9GP\x10\x16\xb0\x00\x00\x00\x00 libris equidem '...
37.573 Disassembled: source: 39286, dest: 44408, seq: 108676, ack: 3557210439, window: 5808, ACK, data: " libris equidem "...
37.573 Error: Incorrect acknowledgement flag
38.070 Sent: b'\xadx\x99v\xd4\x06\xb9G\x00\x01\xa8\x84P\x10\x16\xb0\x00\x00\x00\x00'
38.073 Received: b'\x99v\xadx\x00\x01\xa8\x84\xd4\x06\xb9GP\x00\x16\xb0\x00\x00\x00\x00 libris equidem '...
38.073 Disassembled: source: 39286, dest: 44408, seq: 108676, ack: 3557210439, window: 5808, data: " libris equidem "...
38.073 Data accepted; writing to file
38.074 Assembling: source: 44408, dest: 39286, seq: 3557210439, ack: 110124, window: 5808, ACK
38.074 Sent: b'\xadx\x99v\xd4\x06\xb9G\x00\x01\xae,P\x10\x16\xb0\x00\x00\x00\x00'
38.077 Received: b'\x99v\xadx\x00\x01\xae,\xd4\x06\xb9GP\x10\x16\xb0\x00\x00\x00\x00uavitate volupta'...
38.078 Disassembled: source: 39286, dest: 44408, seq: 110124, ack: 3557210439, window: 5808, ACK, data: "uavitate volupta"...
38.078 Error: Incorrect acknowledgement flag
38.575 Sent: b'\xadx\x99v\xd4\x06\xb9G\x00\x01\xae,P\x10\x16\xb0\x00\x00\x00\x00'
38.577 Received: b'\x99v\xadx\x00\x01\xae,\xd4\x06\xb9GP\x00\x16\xb0\x00\x00\x00\x00uavitate volupta'...
38.578 Disassembled: source: 39286, dest: 44408, seq: 110124, ack: 3557210439, window: 5808, data: "uavitate volupta"...
38.578 Data accepted; writing to file
38.578 Assembling: source: 44408, dest: 39286, seq: 3557210439, ack: 111572, window: 5808, ACK
38.579 Sent: b'\xadx\x99v\xd4\x06\xb9G\x00\x01\xb3\xd4P\x10\x16\xb0\x00\x00\x00\x00'
38.582 Received: b'\x99v\xadx\x00\x01\xb3\xd4\xd4\x06\xb9GP\x10\x16\xb0\x00\x00\x00\x00 Detraxit defini'...
38.582 Disassembled: source: 39286, dest: 44408, seq: 111572, ack: 3557210439, window: 5808, ACK, data: " Detraxit defini"...
38.582 Error: Incorrect acknowledgement flag
39.079 Sent: b'\xadx\x99v\xd4\x06\xb9G\x00\x01\xb3\xd4P\x10\x16\xb0\x00\x00\x00\x00'
39.082 Received: b'\x99v\xadx\x00\x01\xb3\xd4\xd4\x06\xb9GP\x00\x16\xb0\x00\x00\x00\x00 Detraxit defini'...
39.083 Disassembled: source: 39286, dest: 44408, seq: 111572, ack: 3557210439, window: 5808, data: " Detraxit defini"...
39.083 Data accepted; writing to file
39.083 Assembling: source: 44408, dest: 39286, seq: 3557210439, ack: 113020, window: 5808, ACK
39.084 Sent: b'\xadx\x99v\xd4\x06\xb9G\x00\x01\xb9|P\x10\x16\xb0\x00\x00\x00\x00'
39.087 Received: b'\x99v\xadx\x00\x01\xb9|\xd4\x06\xb9GP\x10\x16\xb0\x00\x00\x00\x00aesent mei. Quo '...
39.087 Disassembled: source: 39286, dest: 44408, seq: 113020, ack: 3557210439, window: 5808, ACK, data: "aesent mei. Quo "...
39.087 Error: Incorrect acknowledgement flag
39.584 Sent: b'\xadx\x99v\xd4\x06\xb9G\x00\x01\xb9|P\x10\x16\xb0\x00\x00\x00\x00'
39.587 Received: b'\x99v\xadx\x00\x01\xb9|\xd4\x06\xb9GP\x00\x16\xb0\x00\x00\x00\x00aesent mei. Quo '...
39.587 Disassembled: source: 39286, dest: 44408, seq: 113020, ack: 3557210439, window: 5808, data: "aesent mei. Quo "...
39.588 Data accepted; writing to file
39.588 Assembling: source: 44408, dest: 39286, seq: 3557210439, ack: 114468, window: 5808, ACK
39.588 Sent: b'\xadx\x99v\xd4\x06\xb9G\x00\x01\xbf$P\x10\x16\xb0\x00\x00\x00\x00'
39.591 Received: b'\x99v\xadx\x00\x01\xbf$\xd4\x06\xb9GP\x10\x16\xb0\x00\x00\x00\x00nterpretaris no '...
39.592 Disassembled: source: 39286, dest: 44408, seq: 114468, ack: 3557210439, window: 5808, ACK, data: "nterpretaris no "...
39.592 Error: Incorrect acknowledgement flag
40.089 Sent: b'\xadx\x99v\xd4\x06\xb9G\x00\x01\xbf$P\x10\x16\xb0\x00\x00\x00\x00'
40.092 Received: b'\x99v\xadx\x00\x01\xbf$\xd4\x06\xb9GP\x00\x16\xb0\x00\x00\x00\x00nterpretaris no '...
40.092 Disassembled: source: 39286, dest: 44408, seq: 114468, ack: 3557210439, window: 5808, data: "nterpretaris no "...
40.092 Data accepted; writing to file
40.092 Assembling: source: 44408, dest: 39286, seq: 3557210439, ack: 115916, window: 5808, ACK
40.093 Sent: b'\xadx\x99v\xd4\x06\xb9G\x00\x01\xc4\xccP\x10\x16\xb0\x00\x00\x00\x00'
40.096 Received: b'\x99v\xadx\x00\x01\xc4\xcc\xd4\x06\xb9GP\x10\x16\xb0\x00\x00\x00\x00patrioque has. I'...
40.096 Disassembled: source: 39286, dest: 44408, seq: 115916, ack: 3557210439, window: 5808, ACK, data: "patrioque has. I"...
40.097 Error: Incorrect acknowledgement flag
40.593 Sent: b'\xadx\x99v\xd4\x06\xb9G\x00\x01\xc4\xccP\x10\x16\xb0\x00\x00\x00\x00'
40.596 Received: b'\x99v\xadx\x00\x01\xc4\xcc\xd4\x06\xb9GP\x00\x16\xb0\x00\x00\x00\x00patrioque has. I'...
40.597 Disassembled: source: 39286, dest: 44408, seq: 115916, ack: 3557210439, window: 5808, data: "patrioque has. I"...
40.597 Data accepted; writing to file
40.597 Assembling: source: 44408, dest: 39286, seq: 3557210439, ack: 117364, window: 5808, ACK
40.598 Sent: b'\xadx\x99v\xd4\x06\xb9G\x00\x01\xcatP\x10\x16\xb0\x00\x00\x00\x00'
40.600 Received: b'\x99v\xadx\x00\x01\xcat\xd4\x06\xb9GP\x10\x16\xb0\x00\x00\x00\x00ossit repudianda'...
40.601 Disassembled: source: 39286, dest: 44408, seq: 117364, ack: 3557210439, window: 5808, ACK, data: "ossit repudianda"...
40.601 Error: Incorrect acknowledgement flag
41.098 Sent: b'\xadx\x99v\xd4\x06\xb9G\x00\x01\xcatP\x10\x16\xb0\x00\x00\x00\x00'
41.101 Received: b'\x99v\xadx\x00\x01\xcat\xd4\x06\xb9GP\x00\x16\xb0\x00\x00\x00\x00ossit repudianda'...
41.101 Disassembled: source: 39286, dest: 44408, seq: 117364, ack: 3557210439, window: 5808, data: "ossit repudianda"...
41.102 Data accepted; writing to file
41.102 Assembling: source: 44408, dest: 39286, seq: 3557210439, ack: 118812, window: 5808, ACK
41.102 Sent: b'\xadx\x99v\xd4\x06\xb9G\x00\x01\xd0\x1cP\x10\x16\xb0\x00\x00\x00\x00'
41.105 Received: b'\x99v\xadx\x00\x01\xd0\x1c\xd4\x06\xb9GP\x10\x16\xb0\x00\x00\x00\x00ora consequuntur'...
41.106 Disassembled: source: 39286, dest: 44408, seq: 118812, ack: 3557210439, window: 5808, ACK, data: "ora consequuntur"...
41.106 Error: Incorrect acknowledgement flag
41.603 Sent: b'\xadx\x99v\xd4\x06\xb9G\x00\x01\xd0\x1cP\x10\x16\xb0\x00\x00\x00\x00'
41.605 Received: b'\x99v\xadx\x00\x01\xd0\x1c\xd4\x06\xb9GP\x00\x16\xb0\x00\x00\x00\x00ora consequuntur'...
41.606 Disassembled: source: 39286, dest: 44408, seq: 118812, ack: 3557210439, window: 5808, data: "ora consequuntur"...
41.606 Data accepted; writing to file
41.606 Assembling: source: 44408, dest: 39286, seq: 3557210439, ack: 120260, window: 5808, ACK
41.607 Sent: b'\xadx\x99v\xd4\x06\xb9G\x00\x01\xd5\xc4P\x10\x16\xb0\x00\x00\x00\x00'
41.610 Received: b'\x99v\xadx\x00\x01\xd5\xc4\xd4\x06\xb9GP\x10\x16\xb0\x00\x00\x00\x00ctus conceptam a'...
41.610 Disassembled: source: 39286, dest: 44408, seq: 120260, ack: 3557210439, window: 5808, ACK, data: "ctus conceptam a"...
41.611 Error: Incorrect acknowledgement flag
42.107 Sent: b'\xadx\x99v\xd4\x06\xb9G\x00\x01\xd5\xc4P\x10\x16\xb0\x00\x00\x00\x00'
42.110 Received: b'\x99v\xadx\x00\x01\xd5\xc4\xd4\x06\xb9GP\x00\x16\xb0\x00\x00\x00\x00ctus conceptam a'...
42.111 Disassembled: source: 39286, dest: 44408, seq: 120260, ack: 3557210439, window: 5808, data: "ctus conceptam a"...
42.111 Data accepted; writing to file
42.111 Assembling: source: 44408, dest: 39286, seq: 3557210439, ack: 121708, window: 5808, ACK
42.112 Sent: b'\xadx\x99v\xd4\x06\xb9G\x00\x01\xdblP\x10\x16\xb0\x00\x00\x00\x00'
42.114 Received: b'\x99v\xadx\x00\x01\xdbl\xd4\x06\xb9GP\x10\x16\xb0\x00\x00\x00\x00 aeterno te, ne '...
42.115 Disassembled: source: 39286, dest: 44408, seq: 121708, ack: 3557210439, window: 5808, ACK, data: " aeterno te, ne "...
42.115 Error: Incorrect acknowledgement flag
42.612 Sent: b'\xadx\x99v\xd4\x06\xb9G\x00\x01\xdblP\x10\x16\xb0\x00\x00\x00\x00'
42.615 Received: b'\x99v\xadx\x00\x01\xdbl\xd4\x06\xb9GP\x00\x16\xb0\x00\x00\x00\x00 aeterno te, ne '...
42.615 Disassembled: source: 39286, dest: 44408, seq: 121708, ack: 3557210439, window: 5808, data: " aeterno te, ne "...
42.616 Data accepted; writing to file
42.616 Assembling: source: 44408, dest: 39286, seq: 3557210439, ack: 123156, window: 5808, ACK
42.616 Sent: b'\xadx\x99v\xd4\x06\xb9G\x00\x01\xe1\x14P\x10\x16\xb0\x00\x00\x00\x00'
42.619 Received: b'\x99v\xadx\x00\x01\xe1\x14\xd4\x06\xb9GP\x10\x16\xb0\x00\x00\x00\x00imis oporteat di'...
42.620 Disassembled: source: 39286, dest: 44408, seq: 123156, ack: 3557210439, window: 5808, ACK, data: "imis oporteat di"...
42.620 Error: Incorrect acknowledgement flag
43.117 Sent: b'\xadx\x99v\xd4\x06\xb9G\x00\x01\xe1\x14P\x10\x16\xb0\x00\x00\x00\x00'
43.120 Received: b'\x99v\xadx\x00\x01\xe1\x14\xd4\x06\xb9GP\x00\x16\xb0\x00\x00\x00\x00imis oporteat di'...
43.120 Disassembled: source: 39286, dest: 44408, seq: 123156, ack: 3557210439, window: 5808, data: "imis oporteat di"...
43.120 Data accepted; writing to file
43.120 Assembling: source: 44408, dest: 39286, seq: 3557210439, ack: 124604, window: 5808, ACK
43.121 Sent: b'\xadx\x99v\xd4\x06\xb9G\x00\x01\xe6\xbcP\x10\x16\xb0\x00\x00\x00\x00'
43.124 Received: b'\x99v\xadx\x00\x01\xe6\xbc\xd4\x06\xb9GP\x10\x16\xb0\x00\x00\x00\x00re. Has virtute '...
43.124 Disassembled: source: 39286, dest: 44408, seq: 124604, ack: 3557210439, window: 5808, ACK, data: "re. Has virtute "...
43.125 Error: Incorrect acknowledgement flag
43.621 Sent: b'\xadx\x99v\xd4\x06\xb9G\x00\x01\xe6\xbcP\x10\x16\xb0\x00\x00\x00\x00'
43.624 Received: b'\x99v\xadx\x00\x01\xe6\xbc\xd4\x06\xb9GP\x00\x16\xb0\x00\x00\x00\x00re. Has virtute '...
43.625 Disassembled: source: 39286, dest: 44408, seq: 124604, ack: 3557210439, window: 5808, data: "re. Has virtute "...
43.625 Data accepted; writing to file
43.625 Assembling: source: 44408, dest: 39286, seq: 3557210439, ack: 126052, window: 5808, ACK
43.626 Sent: b'\xadx\x99v\xd4\x06\xb9G\x00\x01\xecdP\x10\x16\xb0\x00\x00\x00\x00'
43.629 Received: b'\x99v\xadx\x00\x01\xecd\xd4\x06\xb9GP\x10\x16\xb0\x00\x00\x00\x00 eum ancillae no'...
43.629 Disassembled: source: 39286, dest: 44408, seq: 126052, ack: 3557210439, window: 5808, ACK, data: " eum ancillae no"...
43.629 Error: Incorrect acknowledgement flag
44.126 Sent: b'\xadx\x99v\xd4\x06\xb9G\x00\x01\xecdP\x10\x16\xb0\x00\x00\x00\x00'
44.129 Received: b'\x99v\xadx\x00\x01\xecd\xd4\x06\xb9GP\x00\x16\xb0\x00\x00\x00\x00 eum ancillae no'...
44.129 Disassembled: source: 39286, dest: 44408, seq: 126052, ack: 3557210439, window: 5808, data: " eum ancillae no"...
44.130 Data accepted; writing to file
44.130 Assembling: source: 44408, dest: 39286, seq: 3557210439, ack: 127500, window: 5808, ACK
44.130 Sent: b'\xadx\x99v\xd4\x06\xb9G\x00\x01\xf2\x0cP\x10\x16\xb0\x00\x00\x00\x00'
44.133 Received: b'\x99v\xadx\x00\x01\xf2\x0c\xd4\x06\xb9GP\x10\x16\xb0\x00\x00\x00\x00ppareat ius. At '...
44.134 Disassembled: source: 39286, dest: 44408, seq: 127500, ack: 3557210439, window: 5808, ACK, data: "ppareat ius. At "...
44.134 Error: Incorrect acknowledgement flag
44.631 Sent: b'\xadx\x99v\xd4\x06\xb9G\x00\x01\xf2\x0cP\x10\x16\xb0\x00\x00\x00\x00'
44.634 Received: b'\x99v\xadx\x00\x01\xf2\x0c\xd4\x06\xb9GP\x00\x16\xb0\x00\x00\x00\x00ppareat ius. At '...
44.635 Disassembled: source: 39286, dest: 44408, seq: 127500, ack: 3557210439, window: 5808, data: "ppareat ius. At "...
44.635 Data accepted; writing to file
44.635 Assembling: source: 44408, dest: 39286, seq: 3557210439, ack: 128948, window: 5808, ACK
44.636 Sent: b'\xadx\x99v\xd4\x06\xb9G\x00\x01\xf7\xb4P\x10\x16\xb0\x00\x00\x00\x00'
44.639 Received: b'\x99v\xadx\x00\x01\xf7\xb4\xd4\x06\xb9GP\x10\x16\xb0\x00\x00\x00\x00, vero appellant'...
44.639 Disassembled: source: 39286, dest: 44408, seq: 128948, ack: 3557210439, window: 5808, ACK, data: ", vero appellant"...
44.639 Error: Incorrect acknowledgement flag
45.136 Sent: b'\xadx\x99v\xd4\x06\xb9G\x00\x01\xf7\xb4P\x10\x16\xb0\x00\x00\x00\x00'
45.139 Received: b'\x99v\xadx\x00\x01\xf7\xb4\xd4\x06\xb9GP\x00\x16\xb0\x00\x00\x00\x00, vero appellant'...
45.139 Disassembled: source: 39286, dest: 44408, seq: 128948, ack: 3557210439, window: 5808, data: ", vero appellant"...
45.140 Data accepted; writing to file
45.140 Assembling: source: 44408, dest: 39286, seq: 3557210439, ack: 130396, window: 5808, ACK
45.140 Sent: b'\xadx\x99v\xd4\x06\xb9G\x00\x01\xfd\\P\x10\x16\xb0\x00\x00\x00\x00'
45.143 Received: b'\x99v\xadx\x00\x01\xfd\\\xd4\x06\xb9GP\x10\x16\xb0\x00\x00\x00\x00ibo quando copio'...
45.144 Disassembled: source: 39286, dest: 44408, seq: 130396, ack: 3557210439, window: 5808, ACK, data: "ibo quando copio"...
45.144 Error: Incorrect acknowledgement flag
45.641 Sent: b'\xadx\x99v\xd4\x06\xb9G\x00\x01\xfd\\P\x10\x16\xb0\x00\x00\x00\x00'
45.644 Received: b'\x99v\xadx\x00\x01\xfd\\\xd4\x06\xb9GP\x00\x16\xb0\x00\x00\x00\x00ibo quando copio'...
45.644 Disassembled: source: 39286, dest: 44408, seq: 130396, ack: 3557210439, window: 5808, data: "ibo quando copio"...
45.644 Data accepted; writing to file
45.645 Assembling: source: 44408, dest: 39286, seq: 3557210439, ack: 131844, window: 5808, ACK
45.645 Sent: b'\xadx\x99v\xd4\x06\xb9G\x00\x02\x03\x04P\x10\x16\xb0\x00\x00\x00\x00'
45.648 Received: b'\x99v\xadx\x00\x02\x03\x04\xd4\x06\xb9GP\x10\x16\xb0\x00\x00\x00\x00 maluisset. Sit '...
45.649 Disassembled: source: 39286, dest: 44408, seq: 131844, ack: 3557210439, window: 5808, ACK, data: " maluisset. Sit "...
45.649 Error: Incorrect acknowledgement flag
46.146 Sent: b'\xadx\x99v\xd4\x06\xb9G\x00\x02\x03\x04P\x10\x16\xb0\x00\x00\x00\x00'
46.149 Received: b'\x99v\xadx\x00\x02\x03\x04\xd4\x06\xb9GP\x00\x16\xb0\x00\x00\x00\x00 maluisset. Sit '...
46.149 Disassembled: source: 39286, dest: 44408, seq: 131844, ack: 3557210439, window: 5808, data: " maluisset. Sit "...
46.150 Data accepted; writing to file
46.150 Assembling: source: 44408, dest: 39286, seq: 3557210439, ack: 133292, window: 5808, ACK
46.150 Sent: b'\xadx\x99v\xd4\x06\xb9G\x00\x02\x08\xacP\x10\x16\xb0\x00\x00\x00\x00'
46.153 Received: b'\x99v\xadx\x00\x02\x08\xac\xd4\x06\xb9GP\x10\x16\xb0\x00\x00\x00\x00e ceteros albuci'...
46.154 Disassembled: source: 39286, dest: 44408, seq: 133292, ack: 3557210439, window: 5808, ACK, data: "e ceteros albuci"...
46.154 Error: Incorrect acknowledgement flag
46.651 Sent: b'\xadx\x99v\xd4\x06\xb9G\x00\x02\x08\xacP\x10\x16\xb0\x00\x00\x00\x00'
46.654 Received: b'\x99v\xadx\x00\x02\x08\xac\xd4\x06\xb9GP\x00\x16\xb0\x00\x00\x00\x00e ceteros albuci'...
46.654 Disassembled: source: 39286, dest: 44408, seq: 133292, ack: 3557210439, window: 5808, data: "e ceteros albuci"...
46.654 Data accepted; writing to file
46.655 Assembling: source: 44408, dest: 39286, seq: 3557210439, ack: 134740, window: 5808, ACK
46.655 Sent: b'\xadx\x99v\xd4\x06\xb9G\x00\x02\x0eTP\x10\x16\xb0\x00\x00\x00\x00'
46.658 Received: b'\x99v\xadx\x00\x02\x0eT\xd4\x06\xb9GP\x10\x16\xb0\x00\x00\x00\x00complectitur sea'...
46.659 Disassembled: source: 39286, dest: 44408, seq: 134740, ack: 3557210439, window: 5808, ACK, data: "complectitur sea"...
46.659 Error: Incorrect acknowledgement flag
47.156 Sent: b'\xadx\x99v\xd4\x06\xb9G\x00\x02\x0eTP\x10\x16\xb0\x00\x00\x00\x00'
47.159 Received: b'\x99v\xadx\x00\x02\x0eT\xd4\x06\xb9GP\x00\x16\xb0\x00\x00\x00\x00complectitur sea'...
47.159 Disassembled: source: 39286, dest: 44408, seq: 134740, ack: 3557210439, window: 5808, data: "complectitur sea"...
47.159 Data accepted; writing to file
47.159 Assembling: source: 44408, dest: 39286, seq: 3557210439, ack: 136188, window: 5808, ACK
47.160 Sent: b'\xadx\x99v\xd4\x06\xb9G\x00\x02\x13\xfcP\x10\x16\xb0\x00\x00\x00\x00'
47.163 Received: b'\x99v\xadx\x00\x02\x13\xfc\xd4\x06\xb9GP\x10\x16\xb0\x00\x00\x00\x00tempor ex ius. E'...
47.163 Disassembled: source: 39286, dest: 44408, seq: 136188, ack: 3557210439, window: 5808, ACK, data: "tempor ex ius. E"...
47.164 Error: Incorrect acknowledgement flag
47.660 Sent: b'\xadx\x99v\xd4\x06\xb9G\x00\x02\x13\xfcP\x10\x16\xb0\x00\x00\x00\x00'
47.664 Received: b'\x99v\xadx\x00\x02\x13\xfc\xd4\x06\xb9GP\x00\x16\xb0\x00\x00\x00\x00tempor ex ius. E'...
47.664 Disassembled: source: 39286, dest: 44408, seq: 136188, ack: 3557210439, window: 5808, data: "tempor ex ius. E"...
47.664 Data accepted; writing to file
47.664 Assembling: source: 44408, dest: 39286, seq: 3557210439, ack: 136282, window: 5808, ACK
47.665 Sent: b'\xadx\x99v\xd4\x06\xb9G\x00\x02\x14ZP\x10\x16\xb0\x00\x00\x00\x00'
48.165 Sent: b'\xadx\x99v\xd4\x06\xb9G\x00\x02\x14ZP\x10\x16\xb0\x00\x00\x00\x00'
48.666 Sent: b'\xadx\x99v\xd4\x06\xb9G\x00\x02\x14ZP\x10\x16\xb0\x00\x00\x00\x00'
49.166 Sent: b'\xadx\x99v\xd4\x06\xb9G\x00\x02\x14ZP\x10\x16\xb0\x00\x00\x00\x00'
49.667 Sent: b'\xadx\x99v\xd4\x06\xb9G\x00\x02\x14ZP\x10\x16\xb0\x00\x00\x00\x00'
50.167 Error: Connection timed out
50.167 Closed connection
50.169 Shutting down
