0.000 NEW RUN: Server, TEST: Write_file__Empty
0.213 Received: b'\x16\x1d\x8d\xcf\x00\x00\x00 \x00\x00\x00\x00P\x02\x05\xa8\x00\x00\x00\x00'
0.213 Disassembled: source: 5661, dest: 36303, seq: 32, window: 1448, SYN
0.213 SYN accepted; new connection: 127.0.0.1 on port 5661
0.214 Assembling: source: 36303, dest: 5661, seq: 3521505222, ack: 33, window: 5808, ACK, SYN
0.214 Sent: b'\x8d\xcf\x16\x1d\xd1\xe5\xe7\xc6\x00\x00\x00!P\x12\x16\xb0\x00\x00\x00\x00'
0.217 Received: b'\x16\x1d\x8d\xcf\x00\x00\x00!\xd1\xe5\xe7\xc7P\x10\x16\xb0\x00\x00\x00\x00'
0.217 Disassembled: source: 5661, dest: 36303, seq: 33, ack: 3521505223, window: 5808, ACK
0.217 Assembling: source: 36303, dest: 5661, seq: 3521505223, ack: 33, window: 5808, ACK
0.217 Sent: b'\x8d\xcf\x16\x1d\xd1\xe5\xe7\xc7\x00\x00\x00!P\x10\x16\xb0\x00\x00\x00\x00'
0.219 Received: b'\x16\x1d\x8d\xcf\x00\x00\x00!\xd1\xe5\xe7\xc7P\x10\x16\xb0\x00\x00\x00\x00'
0.219 Disassembled: source: 5661, dest: 36303, seq: 33, ack: 3521505223, window: 5808, ACK
0.219 Assembling: source: 36303, dest: 5661, seq: 3521505223, ack: 33, window: 5808, ACK
0.220 Sent: b'\x8d\xcf\x16\x1d\xd1\xe5\xe7\xc7\x00\x00\x00!P\x10\x16\xb0\x00\x00\x00\x00'
0.720 Sent: b'\x8d\xcf\x16\x1d\xd1\xe5\xe7\xc7\x00\x00\x00!P\x10\x16\xb0\x00\x00\x00\x00'
1.221 Sent: b'\x8d\xcf\x16\x1d\xd1\xe5\xe7\xc7\x00\x00\x00!P\x10\x16\xb0\x00\x00\x00\x00'
1.721 Sent: b'\x8d\xcf\x16\x1d\xd1\xe5\xe7\xc7\x00\x00\x00!P\x10\x16\xb0\x00\x00\x00\x00'
2.221 Sent: b'\x8d\xcf\x16\x1d\xd1\xe5\xe7\xc7\x00\x00\x00!P\x10\x16\xb0\x00\x00\x00\x00'
2.722 Error: Connection timed out
2.722 Closed connection
2.723 Shutting down
