0.000 NEW RUN: Server, TEST: Read_file__Large_multi-packet
0.232 Received: b'\x83\xeb\xe1\xa3\x00\x00\x00S\x00\x00\x00\x00P\x02\x05\xa8\x00\x00\x00\x00'
0.232 Disassembled: source: 33771, dest: 57763, seq: 83, window: 1448, SYN
0.232 SYN accepted; new connection: 127.0.0.1 on port 33771
0.232 Assembling: source: 57763, dest: 33771, seq: 1271398007, ack: 84, window: 1448, ACK, SYN
0.233 Sent: b'\xe1\xa3\x83\xebK\xc7\xfew\x00\x00\x00TP\x12\x05\xa8\x00\x00\x00\x00'
0.234 Received: b'\x83\xeb\xe1\xa3\x00\x00\x00TK\xc7\xfexP\x10\x05\xa8\x00\x00\x00\x00'
0.235 Disassembled: source: 33771, dest: 57763, seq: 84, ack: 1271398008, window: 1448, ACK
0.235 Handshake complete
0.235 Acknowledged seq: 1271398007
0.235 Assembling: source: 57763, dest: 33771, seq: 1271398008, ack: 85, window: 1448, data: "Lorem ipsum dolo"...
0.235 Sent: b'\xe1\xa3\x83\xebK\xc7\xfex\x00\x00\x00UP\x00\x05\xa8\x00\x00\x00\x00Lorem ipsum dolo'...
0.237 Received: b'\x83\xeb\xe1\xa3\x00\x00\x00UK\xc8\x04 P\x10\x05\xa8\x00\x00\x00\x00'
0.238 Disassembled: source: 33771, dest: 57763, seq: 85, ack: 1271399456, window: 1448, ACK
0.238 Acknowledged seq: 1271398008
0.238 Assembling: source: 57763, dest: 33771, seq: 1271399456, ack: 86, window: 1448, data: "mprehensam nam, "...
0.238 Sent: b'\xe1\xa3\x83\xebK\xc8\x04 \x00\x00\x00VP\x00\x05\xa8\x00\x00\x00\x00mprehensam nam, '...
0.240 Received: b'\x83\xeb\xe1\xa3\x00\x00\x00VK\xc8\t\xc8P\x10\x05\xa8\x00\x00\x00\x00'
0.240 Disassembled: source: 33771, dest: 57763, seq: 86, ack: 1271400904, window: 1448, ACK
0.240 Acknowledged seq: 1271399456
0.240 Assembling: source: 57763, dest: 33771, seq: 1271400904, ack: 87, window: 1448, data: "ilisi repudiare "...
0.241 Sent: b'\xe1\xa3\x83\xebK\xc8\t\xc8\x00\x00\x00WP\x00\x05\xa8\x00\x00\x00\x00ilisi repudiare '...
0.243 Received: b'\x83\xeb\xe1\xa3\x00\x00\x00WK\xc8\x0fpP\x10\x05\xa8\x00\x00\x00\x00'
0.243 Disassembled: source: 33771, dest: 57763, seq: 87, ack: 1271402352, window: 1448, ACK
0.243 Acknowledged seq: 1271400904
0.243 Assembling: source: 57763, dest: 33771, seq: 1271402352, ack: 88, window: 1448, data: "ta.

Et essent s"...
0.244 Sent: b'\xe1\xa3\x83\xebK\xc8\x0fp\x00\x00\x00XP\x00\x05\xa8\x00\x00\x00\x00ta.\n\nEt essent s'...
0.245 Received: b'\x83\xeb\xe1\xa3\x00\x00\x00XK\xc8\x15\x18P\x10\x05\xa8\x00\x00\x00\x00'
0.246 Disassembled: source: 33771, dest: 57763, seq: 88, ack: 1271403800, window: 1448, ACK
0.246 Acknowledged seq: 1271402352
0.246 Assembling: source: 57763, dest: 33771, seq: 1271403800, ack: 89, window: 1448, data: " Nihil tractatos"...
0.246 Sent: b'\xe1\xa3\x83\xebK\xc8\x15\x18\x00\x00\x00YP\x00\x05\xa8\x00\x00\x00\x00 Nihil tractatos'...
0.248 Received: b'\x83\xeb\xe1\xa3\x00\x00\x00YK\xc8\x1a\xc0P\x10\x05\xa8\x00\x00\x00\x00'
0.248 Disassembled: source: 33771, dest: 57763, seq: 89, ack: 1271405248, window: 1448, ACK
0.248 Acknowledged seq: 1271403800
0.248 Assembling: source: 57763, dest: 33771, seq: 1271405248, ack: 90, window: 1448, data: "fert iuvaret sap"...
0.249 Sent: b'\xe1\xa3\x83\xebK\xc8\x1a\xc0\x00\x00\x00ZP\x00\x05\xa8\x00\x00\x00\x00fert iuvaret sap'...
0.250 Received: b'\x83\xeb\xe1\xa3\x00\x00\x00ZK\xc8 hP\x10\x05\xa8\x00\x00\x00\x00'
0.251 Disassembled: source: 33771, dest: 57763, seq: 90, ack: 1271406696, window: 1448, ACK
0.251 Acknowledged seq: 1271405248
0.251 Assembling: source: 57763, dest: 33771, seq: 1271406696, ack: 91, window: 1448, data: "ram adipiscing, "...
0.251 Sent: b'\xe1\xa3\x83\xebK\xc8 h\x00\x00\x00[P\x00\x05\xa8\x00\x00\x00\x00ram adipiscing, '...
0.253 Received: b'\x83\xeb\xe1\xa3\x00\x00\x00[K\xc8&\x10P\x10\x05\xa8\x00\x00\x00\x00'
0.253 Disassembled: source: 33771, dest: 57763, seq: 91, ack: 1271408144, window: 1448, ACK
0.253 Acknowledged seq: 1271406696
0.254 Assembling: source: 57763, dest: 33771, seq: 1271408144, ack: 92, window: 1448, data: "m veritus vivend"...
0.254 Sent: b'\xe1\xa3\x83\xebK\xc8&\x10\x00\x00\x00\\P\x00\x05\xa8\x00\x00\x00\x00m veritus vivend'...
0.255 Received: b'\x83\xeb\xe1\xa3\x00\x00\x00\\K\xc8+\xb8P\x10\x05\xa8\x00\x00\x00\x00'
0.256 Disassembled: source: 33771, dest: 57763, seq: 92, ack: 1271409592, window: 1448, ACK
0.256 Acknowledged seq: 1271408144
0.256 Assembling: source: 57763, dest: 33771, seq: 1271409592, ack: 93, window: 1448, data: " delenit, ignota"...
0.256 Sent: b'\xe1\xa3\x83\xebK\xc8+\xb8\x00\x00\x00]P\x00\x05\xa8\x00\x00\x00\x00 delenit, ignota'...
0.258 Received: b'\x83\xeb\xe1\xa3\x00\x00\x00]K\xc81`P\x10\x05\xa8\x00\x00\x00\x00'
0.258 Disassembled: source: 33771, dest: 57763, seq: 93, ack: 1271411040, window: 1448, ACK
0.258 Acknowledged seq: 1271409592
0.258 Assembling: source: 57763, dest: 33771, seq: 1271411040, ack: 94, window: 1448, data: "se explicari des"...
0.259 Sent: b'\xe1\xa3\x83\xebK\xc81`\x00\x00\x00^P\x00\x05\xa8\x00\x00\x00\x00se explicari des'...
0.260 Received: b'\x83\xeb\xe1\xa3\x00\x00\x00^K\xc87\x08P\x10\x05\xa8\x00\x00\x00\x00'
0.261 Disassembled: source: 33771, dest: 57763, seq: 94, ack: 1271412488, window: 1448, ACK
0.261 Acknowledged seq: 1271411040
0.261 Assembling: source: 57763, dest: 33771, seq: 1271412488, ack: 95, window: 1448, data: "piscing, in modo"...
0.261 Sent: b'\xe1\xa3\x83\xebK\xc87\x08\x00\x00\x00_P\x00\x05\xa8\x00\x00\x00\x00piscing, in modo'...
0.263 Received: b'\x83\xeb\xe1\xa3\x00\x00\x00_K\xc8<\xb0P\x10\x05\xa8\x00\x00\x00\x00'
0.263 Disassembled: source: 33771, dest: 57763, seq: 95, ack: 1271413936, window: 1448, ACK
0.264 Acknowledged seq: 1271412488
0.264 Assembling: source: 57763, dest: 33771, seq: 1271413936, ack: 96, window: 1448, data: "o copiosae tacim"...
0.264 Sent: b'\xe1\xa3\x83\xebK\xc8<\xb0\x00\x00\x00`P\x00\x05\xa8\x00\x00\x00\x00o copiosae tacim'...
0.266 Received: b'\x83\xeb\xe1\xa3\x00\x00\x00`K\xc8BXP\x10\x05\xa8\x00\x00\x00\x00'
0.266 Disassembled: source: 33771, dest: 57763, seq: 96, ack: 1271415384, window: 1448, ACK
0.266 Acknowledged seq: 1271413936
0.267 Assembling: source: 57763, dest: 33771, seq: 1271415384, ack: 97, window: 1448, data: "am. Pri ne antio"...
0.267 Sent: b'\xe1\xa3\x83\xebK\xc8BX\x00\x00\x00aP\x00\x05\xa8\x00\x00\x00\x00am. Pri ne antio'...
0.269 Received: b'\x83\xeb\xe1\xa3\x00\x00\x00aK\xc8H\x00P\x10\x05\xa8\x00\x00\x00\x00'
0.269 Disassembled: source: 33771, dest: 57763, seq: 97, ack: 1271416832, window: 1448, ACK
0.269 Acknowledged seq: 1271415384
0.269 Assembling: source: 57763, dest: 33771, seq: 1271416832, ack: 98, window: 1448, data: "to no. Elitr pos"...
0.270 Sent: b'\xe1\xa3\x83\xebK\xc8H\x00\x00\x00\x00bP\x00\x05\xa8\x00\x00\x00\x00to no. Elitr pos'...
0.271 Received: b'\x83\xeb\xe1\xa3\x00\x00\x00bK\xc8M\xa8P\x10\x05\xa8\x00\x00\x00\x00'
0.271 Disassembled: source: 33771, dest: 57763, seq: 98, ack: 1271418280, window: 1448, ACK
0.272 Acknowledged seq: 1271416832
0.272 Assembling: source: 57763, dest: 33771, seq: 1271418280, ack: 99, window: 1448, data: "pretaris, sea ex"...
0.272 Sent: b'\xe1\xa3\x83\xebK\xc8M\xa8\x00\x00\x00cP\x00\x05\xa8\x00\x00\x00\x00pretaris, sea ex'...
0.274 Received: b'\x83\xeb\xe1\xa3\x00\x00\x00cK\xc8SPP\x10\x05\xa8\x00\x00\x00\x00'
0.274 Disassembled: source: 33771, dest: 57763, seq: 99, ack: 1271419728, window: 1448, ACK
0.274 Acknowledged seq: 1271418280
0.274 Assembling: source: 57763, dest: 33771, seq: 1271419728, ack: 100, window: 1448, data: "oporteat inimicu"...
0.275 Sent: b'\xe1\xa3\x83\xebK\xc8SP\x00\x00\x00dP\x00\x05\xa8\x00\x00\x00\x00oporteat inimicu'...
0.276 Received: b'\x83\xeb\xe1\xa3\x00\x00\x00dK\xc8X\xf8P\x10\x05\xa8\x00\x00\x00\x00'
0.277 Disassembled: source: 33771, dest: 57763, seq: 100, ack: 1271421176, window: 1448, ACK
0.277 Acknowledged seq: 1271419728
0.277 Assembling: source: 57763, dest: 33771, seq: 1271421176, ack: 101, window: 1448, data: "ligendi officiis"...
0.278 Sent: b'\xe1\xa3\x83\xebK\xc8X\xf8\x00\x00\x00eP\x00\x05\xa8\x00\x00\x00\x00ligendi officiis'...
0.279 Received: b'\x83\xeb\xe1\xa3\x00\x00\x00eK\xc8^\xa0P\x10\x05\xa8\x00\x00\x00\x00'
0.280 Disassembled: source: 33771, dest: 57763, seq: 101, ack: 1271422624, window: 1448, ACK
0.280 Acknowledged seq: 1271421176
0.280 Assembling: source: 57763, dest: 33771, seq: 1271422624, ack: 102, window: 1448, data: "no vel regione i"...
0.280 Sent: b'\xe1\xa3\x83\xebK\xc8^\xa0\x00\x00\x00fP\x00\x05\xa8\x00\x00\x00\x00no vel regione i'...
0.282 Received: b'\x83\xeb\xe1\xa3\x00\x00\x00fK\xc8dHP\x10\x05\xa8\x00\x00\x00\x00'
0.282 Disassembled: source: 33771, dest: 57763, seq: 102, ack: 1271424072, window: 1448, ACK
0.282 Acknowledged seq: 1271422624
0.283 Assembling: source: 57763, dest: 33771, seq: 1271424072, ack: 103, window: 1448, data: "ibus vis ex, pro"...
0.283 Sent: b'\xe1\xa3\x83\xebK\xc8dH\x00\x00\x00gP\x00\x05\xa8\x00\x00\x00\x00ibus vis ex, pro'...
0.285 Received: b'\x83\xeb\xe1\xa3\x00\x00\x00gK\xc8i\xf0P\x10\x05\xa8\x00\x00\x00\x00'
0.285 Disassembled: source: 33771, dest: 57763, seq: 103, ack: 1271425520, window: 1448, ACK
0.285 Acknowledged seq: 1271424072
0.286 Assembling: source: 57763, dest: 33771, seq: 1271425520, ack: 104, window: 1448, data: "o vix, mel ea li"...
0.286 Sent: b'\xe1\xa3\x83\xebK\xc8i\xf0\x00\x00\x00hP\x00\x05\xa8\x00\x00\x00\x00o vix, mel ea li'...
0.288 Received: b'\x83\xeb\xe1\xa3\x00\x00\x00hK\xc8o\x98P\x10\x05\xa8\x00\x00\x00\x00'
0.288 Disassembled: source: 33771, dest: 57763, seq: 104, ack: 1271426968, window: 1448, ACK
0.288 Acknowledged seq: 1271425520
0.288 Assembling: source: 57763, dest: 33771, seq: 1271426968, ack: 105, window: 1448, data: "d. Ex fugit suav"...
0.289 Sent: b'\xe1\xa3\x83\xebK\xc8o\x98\x00\x00\x00iP\x00\x05\xa8\x00\x00\x00\x00d. Ex fugit suav'...
0.290 Received: b'\x83\xeb\xe1\xa3\x00\x00\x00iK\xc8u@P\x10\x05\xa8\x00\x00\x00\x00'
0.291 Disassembled: source: 33771, dest: 57763, seq: 105, ack: 1271428416, window: 1448, ACK
0.291 Acknowledged seq: 1271426968
0.291 Assembling: source: 57763, dest: 33771, seq: 1271428416, ack: 106, window: 1448, data: "pertinax nec. De"...
0.292 Sent: b'\xe1\xa3\x83\xebK\xc8u@\x00\x00\x00jP\x00\x05\xa8\x00\x00\x00\x00pertinax nec. De'...
0.293 Received: b'\x83\xeb\xe1\xa3\x00\x00\x00jK\xc8z\xe8P\x10\x05\xa8\x00\x00\x00\x00'
0.293 Disassembled: source: 33771, dest: 57763, seq: 106, ack: 1271429864, window: 1448, ACK
0.294 Acknowledged seq: 1271428416
0.294 Assembling: source: 57763, dest: 33771, seq: 1271429864, ack: 107, window: 1448, data: "lli primis praes"...
0.294 Sent: b'\xe1\xa3\x83\xebK\xc8z\xe8\x00\x00\x00kP\x00\x05\xa8\x00\x00\x00\x00lli primis praes'...
0.296 Received: b'\x83\xeb\xe1\xa3\x00\x00\x00kK\xc8\x80\x90P\x10\x05\xa8\x00\x00\x00\x00'
0.296 Disassembled: source: 33771, dest: 57763, seq: 107, ack: 1271431312, window: 1448, ACK
0.296 Acknowledged seq: 1271429864
0.297 Assembling: source: 57763, dest: 33771, seq: 1271431312, ack: 108, window: 1448, data: "m, percipit inte"...
0.297 Sent: b'\xe1\xa3\x83\xebK\xc8\x80\x90\x00\x00\x00lP\x00\x05\xa8\x00\x00\x00\x00m, percipit inte'...
0.299 Received: b'\x83\xeb\xe1\xa3\x00\x00\x00lK\xc8\x868P\x10\x05\xa8\x00\x00\x00\x00'
0.299 Disassembled: source: 33771, dest: 57763, seq: 108, ack: 1271432760, window: 1448, ACK
0.299 Acknowledged seq: 1271431312
0.299 Assembling: source: 57763, dest: 33771, seq: 1271432760, ack: 109, window: 1448, data: "nani docendi pat"...
0.300 Sent: b'\xe1\xa3\x83\xebK\xc8\x868\x00\x00\x00mP\x00\x05\xa8\x00\x00\x00\x00nani docendi pat'...
0.301 Received: b'\x83\xeb\xe1\xa3\x00\x00\x00mK\xc8\x8b\xe0P\x10\x05\xa8\x00\x00\x00\x00'
0.301 Disassembled: source: 33771, dest: 57763, seq: 109, ack: 1271434208, window: 1448, ACK
0.302 Acknowledged seq: 1271432760
0.302 Assembling: source: 57763, dest: 33771, seq: 1271434208, ack: 110, window: 1448, data: " vis decore poss"...
0.302 Sent: b'\xe1\xa3\x83\xebK\xc8\x8b\xe0\x00\x00\x00nP\x00\x05\xa8\x00\x00\x00\x00 vis decore poss'...
0.304 Received: b'\x83\xeb\xe1\xa3\x00\x00\x00nK\xc8\x91\x88P\x10\x05\xa8\x00\x00\x00\x00'
0.304 Disassembled: source: 33771, dest: 57763, seq: 110, ack: 1271435656, window: 1448, ACK
0.304 Acknowledged seq: 1271434208
0.305 Assembling: source: 57763, dest: 33771, seq: 1271435656, ack: 111, window: 1448, data: "eam odio corpora"...
0.305 Sent: b'\xe1\xa3\x83\xebK\xc8\x91\x88\x00\x00\x00oP\x00\x05\xa8\x00\x00\x00\x00eam odio corpora'...
0.307 Received: b'\x83\xeb\xe1\xa3\x00\x00\x00oK\xc8\x970P\x10\x05\xa8\x00\x00\x00\x00'
0.307 Disassembled: source: 33771, dest: 57763, seq: 111, ack: 1271437104, window: 1448, ACK
0.307 Acknowledged seq: 1271435656
0.307 Assembling: source: 57763, dest: 33771, seq: 1271437104, ack: 112, window: 1448, data: " est. Usu sanctu"...
0.308 Sent: b'\xe1\xa3\x83\xebK\xc8\x970\x00\x00\x00pP\x00\x05\xa8\x00\x00\x00\x00 est. Usu sanctu'...
0.309 Received: b'\x83\xeb\xe1\xa3\x00\x00\x00pK\xc8\x9c\xd8P\x10\x05\xa8\x00\x00\x00\x00'
0.310 Disassembled: source: 33771, dest: 57763, seq: 112, ack: 1271438552, window: 1448, ACK
0.310 Acknowledged seq: 1271437104
0.310 Assembling: source: 57763, dest: 33771, seq: 1271438552, ack: 113, window: 1448, data: ".

Mei graeco ae"...
0.310 Sent: b'\xe1\xa3\x83\xebK\xc8\x9c\xd8\x00\x00\x00qP\x00\x05\xa8\x00\x00\x00\x00.\n\nMei graeco ae'...
0.312 Received: b'\x83\xeb\xe1\xa3\x00\x00\x00qK\xc8\xa2\x80P\x10\x05\xa8\x00\x00\x00\x00'
0.312 Disassembled: source: 33771, dest: 57763, seq: 113, ack: 1271440000, window: 1448, ACK
0.312 Acknowledged seq: 1271438552
0.313 Assembling: source: 57763, dest: 33771, seq: 1271440000, ack: 114, window: 1448, data: "et. Ne sea primi"...
0.313 Sent: b'\xe1\xa3\x83\xebK\xc8\xa2\x80\x00\x00\x00rP\x00\x05\xa8\x00\x00\x00\x00et. Ne sea primi'...
0.315 Received: b'\x83\xeb\xe1\xa3\x00\x00\x00rK\xc8\xa8(P\x10\x05\xa8\x00\x00\x00\x00'
0.315 Disassembled: source: 33771, dest: 57763, seq: 114, ack: 1271441448, window: 1448, ACK
0.315 Acknowledged seq: 1271440000
0.315 Assembling: source: 57763, dest: 33771, seq: 1271441448, ack: 115, window: 1448, data: "ittam convenire."...
0.316 Sent: b'\xe1\xa3\x83\xebK\xc8\xa8(\x00\x00\x00sP\x00\x05\xa8\x00\x00\x00\x00ittam convenire.'...
0.317 Received: b'\x83\xeb\xe1\xa3\x00\x00\x00sK\xc8\xad\xd0P\x10\x05\xa8\x00\x00\x00\x00'
0.318 Disassembled: source: 33771, dest: 57763, seq: 115, ack: 1271442896, window: 1448, ACK
0.318 Acknowledged seq: 1271441448
0.318 Assembling: source: 57763, dest: 33771, seq: 1271442896, ack: 116, window: 1448, data: "ua et vis, id eu"...
0.319 Sent: b'\xe1\xa3\x83\xebK\xc8\xad\xd0\x00\x00\x00tP\x00\x05\xa8\x00\x00\x00\x00ua et vis, id eu'...
0.320 Received: b'\x83\xeb\xe1\xa3\x00\x00\x00tK\xc8\xb3xP\x10\x05\xa8\x00\x00\x00\x00'
0.321 Disassembled: source: 33771, dest: 57763, seq: 116, ack: 1271444344, window: 1448, ACK
0.321 Acknowledged seq: 1271442896
0.321 Assembling: source: 57763, dest: 33771, seq: 1271444344, ack: 117, window: 1448, data: "r. Et velit appa"...
0.321 Sent: b'\xe1\xa3\x83\xebK\xc8\xb3x\x00\x00\x00uP\x00\x05\xa8\x00\x00\x00\x00r. Et velit appa'...
0.323 Received: b'\x83\xeb\xe1\xa3\x00\x00\x00uK\xc8\xb9 P\x10\x05\xa8\x00\x00\x00\x00'
0.323 Disassembled: source: 33771, dest: 57763, seq: 117, ack: 1271445792, window: 1448, ACK
0.323 Acknowledged seq: 1271444344
0.324 Assembling: source: 57763, dest: 33771, seq: 1271445792, ack: 118, window: 1448, data: " novum laudem, v"...
0.324 Sent: b'\xe1\xa3\x83\xebK\xc8\xb9 \x00\x00\x00vP\x00\x05\xa8\x00\x00\x00\x00 novum laudem, v'...
0.326 Received: b'\x83\xeb\xe1\xa3\x00\x00\x00vK\xc8\xbe\xc8P\x10\x05\xa8\x00\x00\x00\x00'
0.326 Disassembled: source: 33771, dest: 57763, seq: 118, ack: 1271447240, window: 1448, ACK
0.326 Acknowledged seq: 1271445792
0.326 Assembling: source: 57763, dest: 33771, seq: 1271447240, ack: 119, window: 1448, data: "luptatibus, cibo"...
0.327 Sent: b'\xe1\xa3\x83\xebK\xc8\xbe\xc8\x00\x00\x00wP\x00\x05\xa8\x00\x00\x00\x00luptatibus, cibo'...
0.328 Received: b'\x83\xeb\xe1\xa3\x00\x00\x00wK\xc8\xc4pP\x10\x05\xa8\x00\x00\x00\x00'
0.329 Disassembled: source: 33771, dest: 57763, seq: 119, ack: 1271448688, window: 1448, ACK
0.329 Acknowledged seq: 1271447240
0.329 Assembling: source: 57763, dest: 33771, seq: 1271448688, ack: 120, window: 1448, data: "alii indoctum ma"...
0.330 Sent: b'\xe1\xa3\x83\xebK\xc8\xc4p\x00\x00\x00xP\x00\x05\xa8\x00\x00\x00\x00alii indoctum ma'...
0.331 Received: b'\x83\xeb\xe1\xa3\x00\x00\x00xK\xc8\xca\x18P\x10\x05\xa8\x00\x00\x00\x00'
0.331 Disassembled: source: 33771, dest: 57763, seq: 120, ack: 1271450136, window: 1448, ACK
0.332 Acknowledged seq: 1271448688
0.332 Assembling: source: 57763, dest: 33771, seq: 1271450136, ack: 121, window: 1448, data: "im, his facete c"...
0.332 Sent: b'\xe1\xa3\x83\xebK\xc8\xca\x18\x00\x00\x00yP\x00\x05\xa8\x00\x00\x00\x00im, his facete c'...
0.334 Received: b'\x83\xeb\xe1\xa3\x00\x00\x00yK\xc8\xcf\xc0P\x10\x05\xa8\x00\x00\x00\x00'
0.334 Disassembled: source: 33771, dest: 57763, seq: 121, ack: 1271451584, window: 1448, ACK
0.334 Acknowledged seq: 1271450136
0.335 Assembling: source: 57763, dest: 33771, seq: 1271451584, ack: 122, window: 1448, data: "e alia dolor com"...
0.335 Sent: b'\xe1\xa3\x83\xebK\xc8\xcf\xc0\x00\x00\x00zP\x00\x05\xa8\x00\x00\x00\x00e alia dolor com'...
0.337 Received: b'\x83\xeb\xe1\xa3\x00\x00\x00zK\xc8\xd5hP\x10\x05\xa8\x00\x00\x00\x00'
0.337 Disassembled: source: 33771, dest: 57763, seq: 122, ack: 1271453032, window: 1448, ACK
0.337 Acknowledged seq: 1271451584
0.337 Assembling: source: 57763, dest: 33771, seq: 1271453032, ack: 123, window: 1448, data: "it ea, reque tem"...
0.338 Sent: b'\xe1\xa3\x83\xebK\xc8\xd5h\x00\x00\x00{P\x00\x05\xa8\x00\x00\x00\x00it ea, reque tem'...
0.339 Received: b'\x83\xeb\xe1\xa3\x00\x00\x00{K\xc8\xdb\x10P\x10\x05\xa8\x00\x00\x00\x00'
0.340 Disassembled: source: 33771, dest: 57763, seq: 123, ack: 1271454480, window: 1448, ACK
0.340 Acknowledged seq: 1271453032
0.340 Assembling: source: 57763, dest: 33771, seq: 1271454480, ack: 124, window: 1448, data: "alisque.

Equide"...
0.340 Sent: b'\xe1\xa3\x83\xebK\xc8\xdb\x10\x00\x00\x00|P\x00\x05\xa8\x00\x00\x00\x00alisque.\n\nEquide'...
0.342 Received: b'\x83\xeb\xe1\xa3\x00\x00\x00|K\xc8\xe0\xb8P\x10\x05\xa8\x00\x00\x00\x00'
0.343 Disassembled: source: 33771, dest: 57763, seq: 124, ack: 1271455928, window: 1448, ACK
0.343 Acknowledged seq: 1271454480
0.343 Assembling: source: 57763, dest: 33771, seq: 1271455928, ack: 125, window: 1448, data: "finitiones, affe"...
0.343 Sent: b'\xe1\xa3\x83\xebK\xc8\xe0\xb8\x00\x00\x00}P\x00\x05\xa8\x00\x00\x00\x00finitiones, affe'...
0.345 Received: b'\x83\xeb\xe1\xa3\x00\x00\x00}K\xc8\xe6`P\x10\x05\xa8\x00\x00\x00\x00'
0.345 Disassembled: source: 33771, dest: 57763, seq: 125, ack: 1271457376, window: 1448, ACK
0.345 Acknowledged seq: 1271455928
0.346 Assembling: source: 57763, dest: 33771, seq: 1271457376, ack: 126, window: 1448, data: "his duis graeco "...
0.346 Sent: b'\xe1\xa3\x83\xebK\xc8\xe6`\x00\x00\x00~P\x00\x05\xa8\x00\x00\x00\x00his duis graeco '...
0.348 Received: b'\x83\xeb\xe1\xa3\x00\x00\x00~K\xc8\xec\x08P\x10\x05\xa8\x00\x00\x00\x00'
0.348 Disassembled: source: 33771, dest: 57763, seq: 126, ack: 1271458824, window: 1448, ACK
0.348 Acknowledged seq: 1271457376
0.348 Assembling: source: 57763, dest: 33771, seq: 1271458824, ack: 127, window: 1448, data: "am. Alia possit "...
0.349 Sent: b'\xe1\xa3\x83\xebK\xc8\xec\x08\x00\x00\x00\x7fP\x00\x05\xa8\x00\x00\x00\x00am. Alia possit '...
0.351 Received: b'\x83\xeb\xe1\xa3\x00\x00\x00\x7fK\xc8\xf1\xb0P\x10\x05\xa8\x00\x00\x00\x00'
0.351 Disassembled: source: 33771, dest: 57763, seq: 127, ack: 1271460272, window: 1448, ACK
0.351 Acknowledged seq: 1271458824
0.351 Assembling: source: 57763, dest: 33771, seq: 1271460272, ack: 128, window: 1448, data: "cum an. Mei faci"...
0.352 Sent: b'\xe1\xa3\x83\xebK\xc8\xf1\xb0\x00\x00\x00\x80P\x00\x05\xa8\x00\x00\x00\x00cum an. Mei faci'...
0.353 Received: b'\x83\xeb\xe1\xa3\x00\x00\x00\x80K\xc8\xf7XP\x10\x05\xa8\x00\x00\x00\x00'
0.354 Disassembled: source: 33771, dest: 57763, seq: 128, ack: 1271461720, window: 1448, ACK
0.354 Acknowledged seq: 1271460272
0.354 Assembling: source: 57763, dest: 33771, seq: 1271461720, ack: 129, window: 1448, data: " vis adhuc tatio"...
0.354 Sent: b'\xe1\xa3\x83\xebK\xc8\xf7X\x00\x00\x00\x81P\x00\x05\xa8\x00\x00\x00\x00 vis adhuc tatio'...
0.356 Received: b'\x83\xeb\xe1\xa3\x00\x00\x00\x81K\xc8\xfd\x00P\x10\x05\xa8\x00\x00\x00\x00'
0.356 Disassembled: source: 33771, dest: 57763, seq: 129, ack: 1271463168, window: 1448, ACK
0.357 Acknowledged seq: 1271461720
0.357 Assembling: source: 57763, dest: 33771, seq: 1271463168, ack: 130, window: 1448, data: "im eu option iuv"...
0.357 Sent: b'\xe1\xa3\x83\xebK\xc8\xfd\x00\x00\x00\x00\x82P\x00\x05\xa8\x00\x00\x00\x00im eu option iuv'...
0.359 Received: b'\x83\xeb\xe1\xa3\x00\x00\x00\x82K\xc9\x02\xa8P\x10\x05\xa8\x00\x00\x00\x00'
0.359 Disassembled: source: 33771, dest: 57763, seq: 130, ack: 1271464616, window: 1448, ACK
0.359 Acknowledged seq: 1271463168
0.360 Assembling: source: 57763, dest: 33771, seq: 1271464616, ack: 131, window: 1448, data: "ex epicurei taci"...
0.360 Sent: b'\xe1\xa3\x83\xebK\xc9\x02\xa8\x00\x00\x00\x83P\x00\x05\xa8\x00\x00\x00\x00ex epicurei taci'...
0.362 Received: b'\x83\xeb\xe1\xa3\x00\x00\x00\x83K\xc9\x08PP\x10\x05\xa8\x00\x00\x00\x00'
0.362 Disassembled: source: 33771, dest: 57763, seq: 131, ack: 1271466064, window: 1448, ACK
0.362 Acknowledged seq: 1271464616
0.362 Assembling: source: 57763, dest: 33771, seq: 1271466064, ack: 132, window: 1448, data: "ebat, eu pro ero"...
0.363 Sent: b'\xe1\xa3\x83\xebK\xc9\x08P\x00\x00\x00\x84P\x00\x05\xa8\x00\x00\x00\x00ebat, eu pro ero'...
0.364 Received: b'\x83\xeb\xe1\xa3\x00\x00\x00\x84K\xc9\r\xf8P\x10\x05\xa8\x00\x00\x00\x00'
0.365 Disassembled: source: 33771, dest: 57763, seq: 132, ack: 1271467512, window: 1448, ACK
0.365 Acknowledged seq: 1271466064
0.365 Assembling: source: 57763, dest: 33771, seq: 1271467512, ack: 133, window: 1448, data: "s. Per no sale v"...
0.366 Sent: b'\xe1\xa3\x83\xebK\xc9\r\xf8\x00\x00\x00\x85P\x00\x05\xa8\x00\x00\x00\x00s. Per no sale v'...
0.367 Received: b'\x83\xeb\xe1\xa3\x00\x00\x00\x85K\xc9\x13\xa0P\x10\x05\xa8\x00\x00\x00\x00'
0.367 Disassembled: source: 33771, dest: 57763, seq: 133, ack: 1271468960, window: 1448, ACK
0.368 Acknowledged seq: 1271467512
0.368 Assembling: source: 57763, dest: 33771, seq: 1271468960, ack: 134, window: 1448, data: "orrupte ea mel. "...
0.368 Sent: b'\xe1\xa3\x83\xebK\xc9\x13\xa0\x00\x00\x00\x86P\x00\x05\xa8\x00\x00\x00\x00orrupte ea mel. '...
0.370 Received: b'\x83\xeb\xe1\xa3\x00\x00\x00\x86K\xc9\x19HP\x10\x05\xa8\x00\x00\x00\x00'
0.370 Disassembled: source: 33771, dest: 57763, seq: 134, ack: 1271470408, window: 1448, ACK
0.370 Acknowledged seq: 1271468960
0.371 Assembling: source: 57763, dest: 33771, seq: 1271470408, ack: 135, window: 1448, data: ". Est iracundia "...
0.371 Sent: b'\xe1\xa3\x83\xebK\xc9\x19H\x00\x00\x00\x87P\x00\x05\xa8\x00\x00\x00\x00. Est iracundia '...
0.373 Received: b'\x83\xeb\xe1\xa3\x00\x00\x00\x87K\xc9\x1e\xf0P\x10\x05\xa8\x00\x00\x00\x00'
0.373 Disassembled: source: 33771, dest: 57763, seq: 135, ack: 1271471856, window: 1448, ACK
0.373 Acknowledged seq: 1271470408
0.373 Assembling: source: 57763, dest: 33771, seq: 1271471856, ack: 136, window: 1448, data: "pta probatus scr"...
0.374 Sent: b'\xe1\xa3\x83\xebK\xc9\x1e\xf0\x00\x00\x00\x88P\x00\x05\xa8\x00\x00\x00\x00pta probatus scr'...
0.375 Received: b'\x83\xeb\xe1\xa3\x00\x00\x00\x88K\xc9$\x98P\x10\x05\xa8\x00\x00\x00\x00'
0.376 Disassembled: source: 33771, dest: 57763, seq: 136, ack: 1271473304, window: 1448, ACK
0.376 Acknowledged seq: 1271471856
0.376 Assembling: source: 57763, dest: 33771, seq: 1271473304, ack: 137, window: 1448, data: "entur ei, pro ei"...
0.377 Sent: b'\xe1\xa3\x83\xebK\xc9$\x98\x00\x00\x00\x89P\x00\x05\xa8\x00\x00\x00\x00entur ei, pro ei'...
0.378 Received: b'\x83\xeb\xe1\xa3\x00\x00\x00\x89K\xc9*@P\x10\x05\xa8\x00\x00\x00\x00'
0.379 Disassembled: source: 33771, dest: 57763, seq: 137, ack: 1271474752, window: 1448, ACK
0.379 Acknowledged seq: 1271473304
0.379 Assembling: source: 57763, dest: 33771, seq: 1271474752, ack: 138, window: 1448, data: "simul euismod vi"...
0.379 Sent: b'\xe1\xa3\x83\xebK\xc9*@\x00\x00\x00\x8aP\x00\x05\xa8\x00\x00\x00\x00simul euismod vi'...
0.381 Received: b'\x83\xeb\xe1\xa3\x00\x00\x00\x8aK\xc9/\xe8P\x10\x05\xa8\x00\x00\x00\x00'
0.381 Disassembled: source: 33771, dest: 57763, seq: 138, ack: 1271476200, window: 1448, ACK
0.382 Acknowledged seq: 1271474752
0.382 Assembling: source: 57763, dest: 33771, seq: 1271476200, ack: 139, window: 1448, data: ", eam id iudico "...
0.382 Sent: b'\xe1\xa3\x83\xebK\xc9/\xe8\x00\x00\x00\x8bP\x00\x05\xa8\x00\x00\x00\x00, eam id iudico '...
0.384 Received: b'\x83\xeb\xe1\xa3\x00\x00\x00\x8bK\xc95\x90P\x10\x05\xa8\x00\x00\x00\x00'
0.384 Disassembled: source: 33771, dest: 57763, seq: 139, ack: 1271477648, window: 1448, ACK
0.384 Acknowledged seq: 1271476200
0.385 Assembling: source: 57763, dest: 33771, seq: 1271477648, ack: 140, window: 1448, data: "m vix. Ea est mu"...
0.385 Sent: b'\xe1\xa3\x83\xebK\xc95\x90\x00\x00\x00\x8cP\x00\x05\xa8\x00\x00\x00\x00m vix. Ea est mu'...
0.387 Received: b'\x83\xeb\xe1\xa3\x00\x00\x00\x8cK\xc9;8P\x10\x05\xa8\x00\x00\x00\x00'
0.387 Disassembled: source: 33771, dest: 57763, seq: 140, ack: 1271479096, window: 1448, ACK
0.387 Acknowledged seq: 1271477648
0.388 Assembling: source: 57763, dest: 33771, seq: 1271479096, ack: 141, window: 1448, data: "olor sit amet, e"...
0.388 Sent: b'\xe1\xa3\x83\xebK\xc9;8\x00\x00\x00\x8dP\x00\x05\xa8\x00\x00\x00\x00olor sit amet, e'...
0.390 Received: b'\x83\xeb\xe1\xa3\x00\x00\x00\x8dK\xc9@\xe0P\x10\x05\xa8\x00\x00\x00\x00'
0.390 Disassembled: source: 33771, dest: 57763, seq: 141, ack: 1271480544, window: 1448, ACK
0.390 Acknowledged seq: 1271479096
0.391 Assembling: source: 57763, dest: 33771, seq: 1271480544, ack: 142, window: 1448, data: "m, aperiam iudic"...
0.391 Sent: b'\xe1\xa3\x83\xebK\xc9@\xe0\x00\x00\x00\x8eP\x00\x05\xa8\x00\x00\x00\x00m, aperiam iudic'...
0.393 Received: b'\x83\xeb\xe1\xa3\x00\x00\x00\x8eK\xc9F\x88P\x10\x05\xa8\x00\x00\x00\x00'
0.393 Disassembled: source: 33771, dest: 57763, seq: 142, ack: 1271481992, window: 1448, ACK
0.393 Acknowledged seq: 1271480544
0.393 Assembling: source: 57763, dest: 33771, seq: 1271481992, ack: 143, window: 1448, data: "re sea. No eos d"...
0.394 Sent: b'\xe1\xa3\x83\xebK\xc9F\x88\x00\x00\x00\x8fP\x00\x05\xa8\x00\x00\x00\x00re sea. No eos d'...
0.396 Received: b'\x83\xeb\xe1\xa3\x00\x00\x00\x8fK\xc9L0P\x10\x05\xa8\x00\x00\x00\x00'
0.396 Disassembled: source: 33771, dest: 57763, seq: 143, ack: 1271483440, window: 1448, ACK
0.396 Acknowledged seq: 1271481992
0.396 Assembling: source: 57763, dest: 33771, seq: 1271483440, ack: 144, window: 1448, data: "t scripta philos"...
0.397 Sent: b'\xe1\xa3\x83\xebK\xc9L0\x00\x00\x00\x90P\x00\x05\xa8\x00\x00\x00\x00t scripta philos'...
0.398 Received: b'\x83\xeb\xe1\xa3\x00\x00\x00\x90K\xc9Q\xd8P\x10\x05\xa8\x00\x00\x00\x00'
0.399 Disassembled: source: 33771, dest: 57763, seq: 144, ack: 1271484888, window: 1448, ACK
0.399 Acknowledged seq: 1271483440
0.399 Assembling: source: 57763, dest: 33771, seq: 1271484888, ack: 145, window: 1448, data: "tos sadipscing e"...
0.399 Sent: b'\xe1\xa3\x83\xebK\xc9Q\xd8\x00\x00\x00\x91P\x00\x05\xa8\x00\x00\x00\x00tos sadipscing e'...
0.401 Received: b'\x83\xeb\xe1\xa3\x00\x00\x00\x91K\xc9W\x80P\x10\x05\xa8\x00\x00\x00\x00'
0.401 Disassembled: source: 33771, dest: 57763, seq: 145, ack: 1271486336, window: 1448, ACK
0.402 Acknowledged seq: 1271484888
0.402 Assembling: source: 57763, dest: 33771, seq: 1271486336, ack: 146, window: 1448, data: "sapientem ea, ad"...
0.402 Sent: b'\xe1\xa3\x83\xebK\xc9W\x80\x00\x00\x00\x92P\x00\x05\xa8\x00\x00\x00\x00sapientem ea, ad'...
0.404 Received: b'\x83\xeb\xe1\xa3\x00\x00\x00\x92K\xc9](P\x10\x05\xa8\x00\x00\x00\x00'
0.404 Disassembled: source: 33771, dest: 57763, seq: 146, ack: 1271487784, window: 1448, ACK
0.404 Acknowledged seq: 1271486336
0.405 Assembling: source: 57763, dest: 33771, seq: 1271487784, ack: 147, window: 1448, data: "g, ei invenire p"...
0.405 Sent: b'\xe1\xa3\x83\xebK\xc9](\x00\x00\x00\x93P\x00\x05\xa8\x00\x00\x00\x00g, ei invenire p'...
0.407 Received: b'\x83\xeb\xe1\xa3\x00\x00\x00\x93K\xc9b\xd0P\x10\x05\xa8\x00\x00\x00\x00'
0.407 Disassembled: source: 33771, dest: 57763, seq: 147, ack: 1271489232, window: 1448, ACK
0.407 Acknowledged seq: 1271487784
0.408 Assembling: source: 57763, dest: 33771, seq: 1271489232, ack: 148, window: 1448, data: "endo at. Qui id "...
0.408 Sent: b'\xe1\xa3\x83\xebK\xc9b\xd0\x00\x00\x00\x94P\x00\x05\xa8\x00\x00\x00\x00endo at. Qui id '...
0.410 Received: b'\x83\xeb\xe1\xa3\x00\x00\x00\x94K\xc9hxP\x10\x05\xa8\x00\x00\x00\x00'
0.410 Disassembled: source: 33771, dest: 57763, seq: 148, ack: 1271490680, window: 1448, ACK
0.410 Acknowledged seq: 1271489232
0.410 Assembling: source: 57763, dest: 33771, seq: 1271490680, ack: 149, window: 1448, data: "ota nostrum et p"...
0.411 Sent: b'\xe1\xa3\x83\xebK\xc9hx\x00\x00\x00\x95P\x00\x05\xa8\x00\x00\x00\x00ota nostrum et p'...
0.413 Received: b'\x83\xeb\xe1\xa3\x00\x00\x00\x95K\xc9n P\x10\x05\xa8\x00\x00\x00\x00'
0.413 Disassembled: source: 33771, dest: 57763, seq: 149, ack: 1271492128, window: 1448, ACK
0.413 Acknowledged seq: 1271490680
0.413 Assembling: source: 57763, dest: 33771, seq: 1271492128, ack: 150, window: 1448, data: "deseruisse id. P"...
0.414 Sent: b'\xe1\xa3\x83\xebK\xc9n \x00\x00\x00\x96P\x00\x05\xa8\x00\x00\x00\x00deseruisse id. P'...
0.416 Received: b'\x83\xeb\xe1\xa3\x00\x00\x00\x96K\xc9s\xc8P\x10\x05\xa8\x00\x00\x00\x00'
0.416 Disassembled: source: 33771, dest: 57763, seq: 150, ack: 1271493576, window: 1448, ACK
0.416 Acknowledged seq: 1271492128
0.416 Assembling: source: 57763, dest: 33771, seq: 1271493576, ack: 151, window: 1448, data: "odo munere imper"...
0.417 Sent: b'\xe1\xa3\x83\xebK\xc9s\xc8\x00\x00\x00\x97P\x00\x05\xa8\x00\x00\x00\x00odo munere imper'...
0.419 Received: b'\x83\xeb\xe1\xa3\x00\x00\x00\x97K\xc9ypP\x10\x05\xa8\x00\x00\x00\x00'
0.419 Disassembled: source: 33771, dest: 57763, seq: 151, ack: 1271495024, window: 1448, ACK
0.419 Acknowledged seq: 1271493576
0.419 Assembling: source: 57763, dest: 33771, seq: 1271495024, ack: 152, window: 1448, data: "cimates cum, tib"...
0.420 Sent: b'\xe1\xa3\x83\xebK\xc9yp\x00\x00\x00\x98P\x00\x05\xa8\x00\x00\x00\x00cimates cum, tib'...
0.421 Received: b'\x83\xeb\xe1\xa3\x00\x00\x00\x98K\xc9\x7f\x18P\x10\x05\xa8\x00\x00\x00\x00'
0.422 Disassembled: source: 33771, dest: 57763, seq: 152, ack: 1271496472, window: 1448, ACK
0.422 Acknowledged seq: 1271495024
0.422 Assembling: source: 57763, dest: 33771, seq: 1271496472, ack: 153, window: 1448, data: "tiopam molestiae"...
0.422 Sent: b'\xe1\xa3\x83\xebK\xc9\x7f\x18\x00\x00\x00\x99P\x00\x05\xa8\x00\x00\x00\x00tiopam molestiae'...
0.424 Received: b'\x83\xeb\xe1\xa3\x00\x00\x00\x99K\xc9\x84\xc0P\x10\x05\xa8\x00\x00\x00\x00'
0.424 Disassembled: source: 33771, dest: 57763, seq: 153, ack: 1271497920, window: 1448, ACK
0.424 Acknowledged seq: 1271496472
0.425 Assembling: source: 57763, dest: 33771, seq: 1271497920, ack: 154, window: 1448, data: "possim qui no, v"...
0.425 Sent: b'\xe1\xa3\x83\xebK\xc9\x84\xc0\x00\x00\x00\x9aP\x00\x05\xa8\x00\x00\x00\x00possim qui no, v'...
0.427 Received: b'\x83\xeb\xe1\xa3\x00\x00\x00\x9aK\xc9\x8ahP\x10\x05\xa8\x00\x00\x00\x00'
0.427 Disassembled: source: 33771, dest: 57763, seq: 154, ack: 1271499368, window: 1448, ACK
0.427 Acknowledged seq: 1271497920
0.427 Assembling: source: 57763, dest: 33771, seq: 1271499368, ack: 155, window: 1448, data: " ex utinam parti"...
0.428 Sent: b'\xe1\xa3\x83\xebK\xc9\x8ah\x00\x00\x00\x9bP\x00\x05\xa8\x00\x00\x00\x00 ex utinam parti'...
0.429 Received: b'\x83\xeb\xe1\xa3\x00\x00\x00\x9bK\xc9\x90\x10P\x10\x05\xa8\x00\x00\x00\x00'
0.430 Disassembled: source: 33771, dest: 57763, seq: 155, ack: 1271500816, window: 1448, ACK
0.430 Acknowledged seq: 1271499368
0.430 Assembling: source: 57763, dest: 33771, seq: 1271500816, ack: 156, window: 1448, data: "icus in his. Pri"...
0.430 Sent: b'\xe1\xa3\x83\xebK\xc9\x90\x10\x00\x00\x00\x9cP\x00\x05\xa8\x00\x00\x00\x00icus in his. Pri'...
0.432 Received: b'\x83\xeb\xe1\xa3\x00\x00\x00\x9cK\xc9\x95\xb8P\x10\x05\xa8\x00\x00\x00\x00'
0.432 Disassembled: source: 33771, dest: 57763, seq: 156, ack: 1271502264, window: 1448, ACK
0.432 Acknowledged seq: 1271500816
0.433 Assembling: source: 57763, dest: 33771, seq: 1271502264, ack: 157, window: 1448, data: "iis et.

Ius cu "...
0.433 Sent: b'\xe1\xa3\x83\xebK\xc9\x95\xb8\x00\x00\x00\x9dP\x00\x05\xa8\x00\x00\x00\x00iis et.\n\nIus cu '...
0.435 Received: b'\x83\xeb\xe1\xa3\x00\x00\x00\x9dK\xc9\x9b`P\x10\x05\xa8\x00\x00\x00\x00'
0.435 Disassembled: source: 33771, dest: 57763, seq: 157, ack: 1271503712, window: 1448, ACK
0.435 Acknowledged seq: 1271502264
0.436 Assembling: source: 57763, dest: 33771, seq: 1271503712, ack: 158, window: 1448, data: "e interesset.

T"...
0.436 Sent: b'\xe1\xa3\x83\xebK\xc9\x9b`\x00\x00\x00\x9eP\x00\x05\xa8\x00\x00\x00\x00e interesset.\n\nT'...
0.438 Received: b'\x83\xeb\xe1\xa3\x00\x00\x00\x9eK\xc9\xa1\x08P\x10\x05\xa8\x00\x00\x00\x00'
0.438 Disassembled: source: 33771, dest: 57763, seq: 158, ack: 1271505160, window: 1448, ACK
0.438 Acknowledged seq: 1271503712
0.438 Assembling: source: 57763, dest: 33771, seq: 1271505160, ack: 159, window: 1448, data: "pro alia volutpa"...
0.439 Sent: b'\xe1\xa3\x83\xebK\xc9\xa1\x08\x00\x00\x00\x9fP\x00\x05\xa8\x00\x00\x00\x00pro alia volutpa'...
0.441 Received: b'\x83\xeb\xe1\xa3\x00\x00\x00\x9fK\xc9\xa6\xb0P\x10\x05\xa8\x00\x00\x00\x00'
0.441 Disassembled: source: 33771, dest: 57763, seq: 159, ack: 1271506608, window: 1448, ACK
0.441 Acknowledged seq: 1271505160
0.441 Assembling: source: 57763, dest: 33771, seq: 1271506608, ack: 160, window: 1448, data: " libris equidem "...
0.442 Sent: b'\xe1\xa3\x83\xebK\xc9\xa6\xb0\x00\x00\x00\xa0P\x00\x05\xa8\x00\x00\x00\x00 libris equidem '...
0.444 Received: b'\x83\xeb\xe1\xa3\x00\x00\x00\xa0K\xc9\xacXP\x10\x05\xa8\x00\x00\x00\x00'
0.444 Disassembled: source: 33771, dest: 57763, seq: 160, ack: 1271508056, window: 1448, ACK
0.444 Acknowledged seq: 1271506608
0.444 Assembling: source: 57763, dest: 33771, seq: 1271508056, ack: 161, window: 1448, data: "uavitate volupta"...
0.445 Sent: b'\xe1\xa3\x83\xebK\xc9\xacX\x00\x00\x00\xa1P\x00\x05\xa8\x00\x00\x00\x00uavitate volupta'...
0.447 Received: b'\x83\xeb\xe1\xa3\x00\x00\x00\xa1K\xc9\xb2\x00P\x10\x05\xa8\x00\x00\x00\x00'
0.447 Disassembled: source: 33771, dest: 57763, seq: 161, ack: 1271509504, window: 1448, ACK
0.447 Acknowledged seq: 1271508056
0.447 Assembling: source: 57763, dest: 33771, seq: 1271509504, ack: 162, window: 1448, data: " Detraxit defini"...
0.448 Sent: b'\xe1\xa3\x83\xebK\xc9\xb2\x00\x00\x00\x00\xa2P\x00\x05\xa8\x00\x00\x00\x00 Detraxit defini'...
0.449 Received: b'\x83\xeb\xe1\xa3\x00\x00\x00\xa2K\xc9\xb7\xa8P\x10\x05\xa8\x00\x00\x00\x00'
0.450 Disassembled: source: 33771, dest: 57763, seq: 162, ack: 1271510952, window: 1448, ACK
0.450 Acknowledged seq: 1271509504
0.450 Assembling: source: 57763, dest: 33771, seq: 1271510952, ack: 163, window: 1448, data: "aesent mei. Quo "...
0.450 Sent: b'\xe1\xa3\x83\xebK\xc9\xb7\xa8\x00\x00\x00\xa3P\x00\x05\xa8\x00\x00\x00\x00aesent mei. Quo '...
0.452 Received: b'\x83\xeb\xe1\xa3\x00\x00\x00\xa3K\xc9\xbdPP\x10\x05\xa8\x00\x00\x00\x00'
0.452 Disassembled: source: 33771, dest: 57763, seq: 163, ack: 1271512400, window: 1448, ACK
0.453 Acknowledged seq: 1271510952
0.453 Assembling: source: 57763, dest: 33771, seq: 1271512400, ack: 164, window: 1448, data: "nterpretaris no "...
0.453 Sent: b'\xe1\xa3\x83\xebK\xc9\xbdP\x00\x00\x00\xa4P\x00\x05\xa8\x00\x00\x00\x00nterpretaris no '...
0.455 Received: b'\x83\xeb\xe1\xa3\x00\x00\x00\xa4K\xc9\xc2\xf8P\x10\x05\xa8\x00\x00\x00\x00'
0.455 Disassembled: source: 33771, dest: 57763, seq: 164, ack: 1271513848, window: 1448, ACK
0.456 Acknowledged seq: 1271512400
0.456 Assembling: source: 57763, dest: 33771, seq: 1271513848, ack: 165, window: 1448, data: "patrioque has. I"...
0.456 Sent: b'\xe1\xa3\x83\xebK\xc9\xc2\xf8\x00\x00\x00\xa5P\x00\x05\xa8\x00\x00\x00\x00patrioque has. I'...
0.458 Received: b'\x83\xeb\xe1\xa3\x00\x00\x00\xa5K\xc9\xc8\xa0P\x10\x05\xa8\x00\x00\x00\x00'
0.458 Disassembled: source: 33771, dest: 57763, seq: 165, ack: 1271515296, window: 1448, ACK
0.458 Acknowledged seq: 1271513848
0.459 Assembling: source: 57763, dest: 33771, seq: 1271515296, ack: 166, window: 1448, data: "ossit repudianda"...
0.459 Sent: b'\xe1\xa3\x83\xebK\xc9\xc8\xa0\x00\x00\x00\xa6P\x00\x05\xa8\x00\x00\x00\x00ossit repudianda'...
0.461 Received: b'\x83\xeb\xe1\xa3\x00\x00\x00\xa6K\xc9\xceHP\x10\x05\xa8\x00\x00\x00\x00'
0.461 Disassembled: source: 33771, dest: 57763, seq: 166, ack: 1271516744, window: 1448, ACK
0.461 Acknowledged seq: 1271515296
0.461 Assembling: source: 57763, dest: 33771, seq: 1271516744, ack: 167, window: 1448, data: "ora consequuntur"...
0.462 Sent: b'\xe1\xa3\x83\xebK\xc9\xceH\x00\x00\x00\xa7P\x00\x05\xa8\x00\x00\x00\x00ora consequuntur'...
0.464 Received: b'\x83\xeb\xe1\xa3\x00\x00\x00\xa7K\xc9\xd3\xf0P\x10\x05\xa8\x00\x00\x00\x00'
0.464 Disassembled: source: 33771, dest: 57763, seq: 167, ack: 1271518192, window: 1448, ACK
0.464 Acknowledged seq: 1271516744
0.464 Assembling: source: 57763, dest: 33771, seq: 1271518192, ack: 168, window: 1448, data: "ctus conceptam a"...
0.465 Sent: b'\xe1\xa3\x83\xebK\xc9\xd3\xf0\x00\x00\x00\xa8P\x00\x05\xa8\x00\x00\x00\x00ctus conceptam a'...
0.467 Received: b'\x83\xeb\xe1\xa3\x00\x00\x00\xa8K\xc9\xd9\x98P\x10\x05\xa8\x00\x00\x00\x00'
0.467 Disassembled: source: 33771, dest: 57763, seq: 168, ack: 1271519640, window: 1448, ACK
0.467 Acknowledged seq: 1271518192
0.467 Assembling: source: 57763, dest: 33771, seq: 1271519640, ack: 169, window: 1448, data: " aeterno te, ne "...
0.468 Sent: b'\xe1\xa3\x83\xebK\xc9\xd9\x98\x00\x00\x00\xa9P\x00\x05\xa8\x00\x00\x00\x00 aeterno te, ne '...
0.470 Received: b'\x83\xeb\xe1\xa3\x00\x00\x00\xa9K\xc9\xdf@P\x10\x05\xa8\x00\x00\x00\x00'
0.470 Disassembled: source: 33771, dest: 57763, seq: 169, ack: 1271521088, window: 1448, ACK
0.470 Acknowledged seq: 1271519640
0.470 Assembling: source: 57763, dest: 33771, seq: 1271521088, ack: 170, window: 1448, data: "imis oporteat di"...
0.471 Sent: b'\xe1\xa3\x83\xebK\xc9\xdf@\x00\x00\x00\xaaP\x00\x05\xa8\x00\x00\x00\x00imis oporteat di'...
0.472 Received: b'\x83\xeb\xe1\xa3\x00\x00\x00\xaaK\xc9\xe4\xe8P\x10\x05\xa8\x00\x00\x00\x00'
0.473 Disassembled: source: 33771, dest: 57763, seq: 170, ack: 1271522536, window: 1448, ACK
0.473 Acknowledged seq: 1271521088
0.473 Assembling: source: 57763, dest: 33771, seq: 1271522536, ack: 171, window: 1448, data: "re. Has virtute "...
0.474 Sent: b'\xe1\xa3\x83\xebK\xc9\xe4\xe8\x00\x00\x00\xabP\x00\x05\xa8\x00\x00\x00\x00re. Has virtute '...
0.475 Received: b'\x83\xeb\xe1\xa3\x00\x00\x00\xabK\xc9\xea\x90P\x10\x05\xa8\x00\x00\x00\x00'
0.476 Disassembled: source: 33771, dest: 57763, seq: 171, ack: 1271523984, window: 1448, ACK
0.476 Acknowledged seq: 1271522536
0.476 Assembling: source: 57763, dest: 33771, seq: 1271523984, ack: 172, window: 1448, data: " eum ancillae no"...
0.476 Sent: b'\xe1\xa3\x83\xebK\xc9\xea\x90\x00\x00\x00\xacP\x00\x05\xa8\x00\x00\x00\x00 eum ancillae no'...
0.478 Received: b'\x83\xeb\xe1\xa3\x00\x00\x00\xacK\xc9\xf08P\x10\x05\xa8\x00\x00\x00\x00'
0.478 Disassembled: source: 33771, dest: 57763, seq: 172, ack: 1271525432, window: 1448, ACK
0.479 Acknowledged seq: 1271523984
0.479 Assembling: source: 57763, dest: 33771, seq: 1271525432, ack: 173, window: 1448, data: "ppareat ius. At "...
0.479 Sent: b'\xe1\xa3\x83\xebK\xc9\xf08\x00\x00\x00\xadP\x00\x05\xa8\x00\x00\x00\x00ppareat ius. At '...
0.481 Received: b'\x83\xeb\xe1\xa3\x00\x00\x00\xadK\xc9\xf5\xe0P\x10\x05\xa8\x00\x00\x00\x00'
0.481 Disassembled: source: 33771, dest: 57763, seq: 173, ack: 1271526880, window: 1448, ACK
0.481 Acknowledged seq: 1271525432
0.482 Assembling: source: 57763, dest: 33771, seq: 1271526880, ack: 174, window: 1448, data: ", vero appellant"...
0.482 Sent: b'\xe1\xa3\x83\xebK\xc9\xf5\xe0\x00\x00\x00\xaeP\x00\x05\xa8\x00\x00\x00\x00, vero appellant'...
0.484 Received: b'\x83\xeb\xe1\xa3\x00\x00\x00\xaeK\xc9\xfb\x88P\x10\x05\xa8\x00\x00\x00\x00'
0.484 Disassembled: source: 33771, dest: 57763, seq: 174, ack: 1271528328, window: 1448, ACK
0.484 Acknowledged seq: 1271526880
0.484 Assembling: source: 57763, dest: 33771, seq: 1271528328, ack: 175, window: 1448, data: "ibo quando copio"...
0.485 Sent: b'\xe1\xa3\x83\xebK\xc9\xfb\x88\x00\x00\x00\xafP\x00\x05\xa8\x00\x00\x00\x00ibo quando copio'...
0.486 Received: b'\x83\xeb\xe1\xa3\x00\x00\x00\xafK\xca\x010P\x10\x05\xa8\x00\x00\x00\x00'
0.487 Disassembled: source: 33771, dest: 57763, seq: 175, ack: 1271529776, window: 1448, ACK
0.487 Acknowledged seq: 1271528328
0.487 Assembling: source: 57763, dest: 33771, seq: 1271529776, ack: 176, window: 1448, data: " maluisset. Sit "...
0.488 Sent: b'\xe1\xa3\x83\xebK\xca\x010\x00\x00\x00\xb0P\x00\x05\xa8\x00\x00\x00\x00 maluisset. Sit '...
0.489 Received: b'\x83\xeb\xe1\xa3\x00\x00\x00\xb0K\xca\x06\xd8P\x10\x05\xa8\x00\x00\x00\x00'
0.490 Disassembled: source: 33771, dest: 57763, seq: 176, ack: 1271531224, window: 1448, ACK
0.490 Acknowledged seq: 1271529776
0.490 Assembling: source: 57763, dest: 33771, seq: 1271531224, ack: 177, window: 1448, data: "e ceteros albuci"...
0.491 Sent: b'\xe1\xa3\x83\xebK\xca\x06\xd8\x00\x00\x00\xb1P\x00\x05\xa8\x00\x00\x00\x00e ceteros albuci'...
0.492 Received: b'\x83\xeb\xe1\xa3\x00\x00\x00\xb1K\xca\x0c\x80P\x10\x05\xa8\x00\x00\x00\x00'
0.493 Disassembled: source: 33771, dest: 57763, seq: 177, ack: 1271532672, window: 1448, ACK
0.493 Acknowledged seq: 1271531224
0.493 Assembling: source: 57763, dest: 33771, seq: 1271532672, ack: 178, window: 1448, data: "complectitur sea"...
0.493 Sent: b'\xe1\xa3\x83\xebK\xca\x0c\x80\x00\x00\x00\xb2P\x00\x05\xa8\x00\x00\x00\x00complectitur sea'...
0.495 Received: b'\x83\xeb\xe1\xa3\x00\x00\x00\xb2K\xca\x12(P\x10\x05\xa8\x00\x00\x00\x00'
0.495 Disassembled: source: 33771, dest: 57763, seq: 178, ack: 1271534120, window: 1448, ACK
0.496 Acknowledged seq: 1271532672
0.496 Finished reading file
0.496 Assembling: source: 57763, dest: 33771, seq: 1271534120, ack: 179, window: 1448, data: "tempor ex ius. E"...
0.496 Sent: b'\xe1\xa3\x83\xebK\xca\x12(\x00\x00\x00\xb3P\x00\x05\xa8\x00\x00\x00\x00tempor ex ius. E'...
0.498 Received: b'\x83\xeb\xe1\xa3\x00\x00\x00\xb3K\xca\x12\x86P\x10\x05\xa8\x00\x00\x00\x00'
0.499 Disassembled: source: 33771, dest: 57763, seq: 179, ack: 1271534214, window: 1448, ACK
0.499 Acknowledged seq: 1271534120
0.499 Assembling: source: 57763, dest: 33771, seq: 1271534214, ack: 180, window: 1448, ACK, FIN
0.499 Sent: b'\xe1\xa3\x83\xebK\xca\x12\x86\x00\x00\x00\xb4P\x11\x05\xa8\x00\x00\x00\x00'
0.501 Received: b'\x83\xeb\xe1\xa3\x00\x00\x00\xb4K\xca\x12\x87P\x10\x05\xa8\x00\x00\x00\x00'
0.501 Disassembled: source: 33771, dest: 57763, seq: 180, ack: 1271534215, window: 1448, ACK
0.502 FIN accepted; sending final packet
0.502 Assembling: source: 57763, dest: 33771, seq: 1271534215, ack: 180, window: 1448, ACK
0.502 Sent: b'\xe1\xa3\x83\xebK\xca\x12\x87\x00\x00\x00\xb4P\x10\x05\xa8\x00\x00\x00\x00'
0.502 Closed connection
0.503 Shutting down
