0.000 NEW RUN: Server, TEST: Read_file__Latency
0.210 Received: b'\xb2\xf4\x8e\x82\x00\x00\x00$\x00\x00\x00\x00P\x02\x05\xa8\x00\x00\x00\x00'
0.210 Disassembled: source: 45812, dest: 36482, seq: 36, window: 1448, SYN
0.210 SYN accepted; new connection: 127.0.0.1 on port 45812
0.211 Assembling: source: 36482, dest: 45812, seq: 1329146563, ack: 37, window: 1448, ACK, SYN
0.211 Sent: b'\x8e\x82\xb2\xf4O9*\xc3\x00\x00\x00%P\x12\x05\xa8\x00\x00\x00\x00'
0.711 Sent: b'\x8e\x82\xb2\xf4O9*\xc3\x00\x00\x00%P\x12\x05\xa8\x00\x00\x00\x00'
1.212 Sent: b'\x8e\x82\xb2\xf4O9*\xc3\x00\x00\x00%P\x12\x05\xa8\x00\x00\x00\x00'
1.215 Received: b'\xb2\xf4\x8e\x82\x00\x00\x00%O9*\xc4P\x10\x05\xa8\x00\x00\x00\x00'
1.216 Disassembled: source: 45812, dest: 36482, seq: 37, ack: 1329146564, window: 1448, ACK
1.216 Handshake complete
1.216 Acknowledged seq: 1329146563
1.216 Assembling: source: 36482, dest: 45812, seq: 1329146564, ack: 38, window: 1448, data: "Lorem ipsum dolo"...
1.217 Sent: b'\x8e\x82\xb2\xf4O9*\xc4\x00\x00\x00&P\x00\x05\xa8\x00\x00\x00\x00Lorem ipsum dolo'...
1.718 Sent: b'\x8e\x82\xb2\xf4O9*\xc4\x00\x00\x00&P\x00\x05\xa8\x00\x00\x00\x00Lorem ipsum dolo'...
2.218 Sent: b'\x8e\x82\xb2\xf4O9*\xc4\x00\x00\x00&P\x00\x05\xa8\x00\x00\x00\x00Lorem ipsum dolo'...
2.719 Sent: b'\x8e\x82\xb2\xf4O9*\xc4\x00\x00\x00&P\x00\x05\xa8\x00\x00\x00\x00Lorem ipsum dolo'...
3.223 Sent: b'\x8e\x82\xb2\xf4O9*\xc4\x00\x00\x00&P\x00\x05\xa8\x00\x00\x00\x00Lorem ipsum dolo'...
3.724 Sent: b'\x8e\x82\xb2\xf4O9*\xc4\x00\x00\x00&P\x00\x05\xa8\x00\x00\x00\x00Lorem ipsum dolo'...
4.225 Error: Connection timed out
4.225 Closed connection
4.720 Shutting down
