0.000 NEW RUN: Server, TEST: Write_file__Latency
0.214 Received: b'\xbb\xe6\xd1\x12\x00\x00\x00\x01\x00\x00\x00\x00P\x02\x05\xa8\x00\x00\x00\x00'
0.215 Disassembled: source: 48102, dest: 53522, seq: 1, window: 1448, SYN
0.215 SYN accepted; new connection: 127.0.0.1 on port 48102
0.215 Assembling: source: 53522, dest: 48102, seq: 1331697033, ack: 2, window: 5808, ACK, SYN
0.216 Sent: b'\xd1\x12\xbb\xe6O`\x15\x89\x00\x00\x00\x02P\x12\x16\xb0\x00\x00\x00\x00'
0.716 Sent: b'\xd1\x12\xbb\xe6O`\x15\x89\x00\x00\x00\x02P\x12\x16\xb0\x00\x00\x00\x00'
1.217 Sent: b'\xd1\x12\xbb\xe6O`\x15\x89\x00\x00\x00\x02P\x12\x16\xb0\x00\x00\x00\x00'
1.220 Received: b'\xbb\xe6\xd1\x12\x00\x00\x00\x02O`\x15\x8aP\x10\x16\xb0\x00\x00\x00\x00'
1.221 Disassembled: source: 48102, dest: 53522, seq: 2, ack: 1331697034, window: 5808, ACK
1.221 Assembling: source: 53522, dest: 48102, seq: 1331697034, ack: 2, window: 5808, ACK
1.221 Sent: b'\xd1\x12\xbb\xe6O`\x15\x8a\x00\x00\x00\x02P\x10\x16\xb0\x00\x00\x00\x00'
1.222 Received: b'\xbb\xe6\xd1\x12\x00\x00\x00\x03O`\x15\x8aP\x00\x16\xb0\x00\x00\x00\x00Lorem ipsum dolo'...
1.223 Disassembled: source: 48102, dest: 53522, seq: 3, ack: 1331697034, window: 5808, data: "Lorem ipsum dolo"...
1.223 Error: Incorrect acknowledgement flag
1.720 Received: b'\xbb\xe6\xd1\x12\x00\x00\x0c\xaeO`\x15\x8bP\x10\x16\xb0\x00\x00\x00\x00'
1.720 Disassembled: source: 48102, dest: 53522, seq: 3246, ack: 1331697035, window: 5808, ACK
1.720 Assembling: source: 53522, dest: 48102, seq: 1331697034, ack: 2, window: 5808, ACK
1.721 Sent: b'\xd1\x12\xbb\xe6O`\x15\x8a\x00\x00\x00\x02P\x10\x16\xb0\x00\x00\x00\x00'
2.222 Sent: b'\xd1\x12\xbb\xe6O`\x15\x8a\x00\x00\x00\x02P\x10\x16\xb0\x00\x00\x00\x00'
2.722 Sent: b'\xd1\x12\xbb\xe6O`\x15\x8a\x00\x00\x00\x02P\x10\x16\xb0\x00\x00\x00\x00'
3.223 Sent: b'\xd1\x12\xbb\xe6O`\x15\x8a\x00\x00\x00\x02P\x10\x16\xb0\x00\x00\x00\x00'
3.723 Sent: b'\xd1\x12\xbb\xe6O`\x15\x8a\x00\x00\x00\x02P\x10\x16\xb0\x00\x00\x00\x00'
4.224 Error: Connection timed out
4.224 Closed connection
4.225 Shutting down
