0.000 NEW RUN: Server, TEST: Write_file__Random_drops
0.218 Received: b'~\x0e\x1d:\x00\x00\x00B\x00\x00\x00\x00P\x02\x05\xa8\x00\x00\x00\x00'
0.219 Disassembled: source: 32270, dest: 7482, seq: 66, window: 1448, SYN
0.219 SYN accepted; new connection: 127.0.0.1 on port 32270
0.219 Assembling: source: 7482, dest: 32270, seq: 1297997778, ack: 67, window: 5808, ACK, SYN
0.220 Sent: b'\x1d:~\x0eM]\xdf\xd2\x00\x00\x00CP\x12\x16\xb0\x00\x00\x00\x00'
0.222 Failed to receive packet
0.223 Received: b'~\x0e\x1d:\x00\x00\x00DM]\xdf\xd3P\x00\x16\xb0\x00\x00\x00\x00Lorem ipsum dolo'...
0.223 Disassembled: source: 32270, dest: 7482, seq: 68, ack: 1297997779, window: 5808, data: "Lorem ipsum dolo"...
0.223 Error: Incorrect acknowledgement flag
0.720 Sent: b'\x1d:~\x0eM]\xdf\xd2\x00\x00\x00CP\x12\x16\xb0\x00\x00\x00\x00'
0.722 Received: b'~\x0e\x1d:\x00\x00\x16\xf4M]\xdf\xd4P\x10\x16\xb0\x00\x00\x00\x00'
0.722 Disassembled: source: 32270, dest: 7482, seq: 5876, ack: 1297997780, window: 5808, ACK
0.723 Error: Sequence number too high
0.723 Received: b'~\x0e\x1d:\x00\x00\x16\xf5M]\xdf\xd4P\x00\x16\xb0\x00\x00\x00\x00 sadipscing ei q'...
0.724 Disassembled: source: 32270, dest: 7482, seq: 5877, ack: 1297997780, window: 5808, data: " sadipscing ei q"...
0.724 Error: Sequence number too high
1.220 Sent: b'\x1d:~\x0eM]\xdf\xd2\x00\x00\x00CP\x12\x16\xb0\x00\x00\x00\x00'
1.223 Received: b'~\x0e\x1d:\x00\x00-\xa5M]\xdf\xd5P\x10\x16\xb0\x00\x00\x00\x00'
1.223 Disassembled: source: 32270, dest: 7482, seq: 11685, ack: 1297997781, window: 5808, ACK
1.224 Error: Sequence number too high
1.225 Received: b'~\x0e\x1d:\x00\x00-\xa6M]\xdf\xd5P\x00\x16\xb0\x00\x00\x00\x00 Duo ea augue fa'...
1.225 Disassembled: source: 32270, dest: 7482, seq: 11686, ack: 1297997781, window: 5808, data: " Duo ea augue fa"...
1.225 Error: Sequence number too high
1.721 Sent: b'\x1d:~\x0eM]\xdf\xd2\x00\x00\x00CP\x12\x16\xb0\x00\x00\x00\x00'
1.723 Received: b'~\x0e\x1d:\x00\x00DVM]\xdf\xd6P\x10\x16\xb0\x00\x00\x00\x00'
1.724 Disassembled: source: 32270, dest: 7482, seq: 17494, ack: 1297997782, window: 5808, ACK
1.724 Error: Sequence number too high
1.725 Received: b'~\x0e\x1d:\x00\x00DWM]\xdf\xd6P\x00\x16\xb0\x00\x00\x00\x00uta debitis pert'...
1.726 Disassembled: source: 32270, dest: 7482, seq: 17495, ack: 1297997782, window: 5808, data: "uta debitis pert"...
1.726 Error: Sequence number too high
2.221 Sent: b'\x1d:~\x0eM]\xdf\xd2\x00\x00\x00CP\x12\x16\xb0\x00\x00\x00\x00'
2.224 Received: b'~\x0e\x1d:\x00\x00[\x07M]\xdf\xd7P\x10\x16\xb0\x00\x00\x00\x00'
2.224 Disassembled: source: 32270, dest: 7482, seq: 23303, ack: 1297997783, window: 5808, ACK
2.224 Error: Sequence number too high
2.225 Received: b'~\x0e\x1d:\x00\x00[\x08M]\xdf\xd7P\x00\x16\xb0\x00\x00\x00\x00 decore possit r'...
2.226 Disassembled: source: 32270, dest: 7482, seq: 23304, ack: 1297997783, window: 5808, data: " decore possit r"...
2.226 Error: Sequence number too high
2.721 Sent: b'\x1d:~\x0eM]\xdf\xd2\x00\x00\x00CP\x12\x16\xb0\x00\x00\x00\x00'
2.724 Received: b'~\x0e\x1d:\x00\x00q\xb8M]\xdf\xd8P\x10\x16\xb0\x00\x00\x00\x00'
2.724 Disassembled: source: 32270, dest: 7482, seq: 29112, ack: 1297997784, window: 5808, ACK
2.725 Error: Sequence number too high
2.726 Received: b'~\x0e\x1d:\x00\x00q\xb9M]\xdf\xd8P\x00\x16\xb0\x00\x00\x00\x00orteat dissentiu'...
2.726 Disassembled: source: 32270, dest: 7482, seq: 29113, ack: 1297997784, window: 5808, data: "orteat dissentiu"...
2.726 Error: Sequence number too high
3.222 Error: Connection timed out
3.222 Closed connection
3.227 Shutting down
