0.000 NEW RUN: Server, TEST: Write_file__Very_large_multi-packet
0.204 Received: b'\xc5\x17N\xb9\x00\x00\x00\\\x00\x00\x00\x00P\x02\x05\xa8\x00\x00\x00\x00'
0.204 Disassembled: source: 50455, dest: 20153, seq: 92, window: 1448, SYN
0.205 SYN accepted; new connection: 127.0.0.1 on port 50455
0.205 Assembling: source: 20153, dest: 50455, seq: 1410842639, ack: 93, window: 5808, ACK, SYN
0.205 Sent: b'N\xb9\xc5\x17T\x17\xc0\x0f\x00\x00\x00]P\x12\x16\xb0\x00\x00\x00\x00'
0.207 Received: b'\xc5\x17N\xb9\x00\x00\x00]T\x17\xc0\x10P\x10\x16\xb0\x00\x00\x00\x00'
0.207 Disassembled: source: 50455, dest: 20153, seq: 93, ack: 1410842640, window: 5808, ACK
0.207 Assembling: source: 20153, dest: 50455, seq: 1410842640, ack: 93, window: 5808, ACK
0.208 Sent: b'N\xb9\xc5\x17T\x17\xc0\x10\x00\x00\x00]P\x10\x16\xb0\x00\x00\x00\x00'
0.208 Received: b'\xc5\x17N\xb9\x00\x00\x00^T\x17\xc0\x10P\x00\x16\xb0\x00\x00\x00\x00@\x96o\xec!c\x93Z\xed\x08f\xcd}`>&'...
0.208 Disassembled: source: 50455, dest: 20153, seq: 94, ack: 1410842640, window: 5808, data: b'@\x96o\xec!c\x93Z\xed\x08f\xcd}`>&'...
0.208 Error: Incorrect acknowledgement flag
0.209 Received: b'\xc5\x17N\xb9\x00\x00\x17\x0eT\x17\xc0\x11P\x10\x16\xb0\x00\x00\x00\x00'
0.210 Disassembled: source: 50455, dest: 20153, seq: 5902, ack: 1410842641, window: 5808, ACK
0.210 Error: Sequence number too high
0.211 Received: b'\xc5\x17N\xb9\x00\x00\x17\x0fT\x17\xc0\x11P\x00\x16\xb0\x00\x00\x00\x00\x01\x0b\r\x85\xb6\xb1\xab\xc6\x07\xe2\x8f~*N1]'...
0.211 Disassembled: source: 50455, dest: 20153, seq: 5903, ack: 1410842641, window: 5808, data: b'\x01\x0b\r\x85\xb6\xb1\xab\xc6\x07\xe2\x8f~*N1]'...
0.211 Error: Sequence number too high
0.708 Sent: b'N\xb9\xc5\x17T\x17\xc0\x10\x00\x00\x00]P\x10\x16\xb0\x00\x00\x00\x00'
0.711 Received: b'\xc5\x17N\xb9\x00\x00-\xbfT\x17\xc0\x12P\x10\x16\xb0\x00\x00\x00\x00'
0.711 Disassembled: source: 50455, dest: 20153, seq: 11711, ack: 1410842642, window: 5808, ACK
0.711 Error: Sequence number too high
0.713 Received: b'\xc5\x17N\xb9\x00\x00-\xc0T\x17\xc0\x12P\x00\x16\xb0\x00\x00\x00\x00O\xbe\xf6\x1b\x19\xf5xR7\xa7\xe3"\x1e\xb31:'...
0.713 Disassembled: source: 50455, dest: 20153, seq: 11712, ack: 1410842642, window: 5808, data: b'O\xbe\xf6\x1b\x19\xf5xR7\xa7\xe3"\x1e\xb31:'...
0.713 Error: Sequence number too high
1.208 Sent: b'N\xb9\xc5\x17T\x17\xc0\x10\x00\x00\x00]P\x10\x16\xb0\x00\x00\x00\x00'
1.211 Received: b'\xc5\x17N\xb9\x00\x00DpT\x17\xc0\x13P\x10\x16\xb0\x00\x00\x00\x00'
1.212 Disassembled: source: 50455, dest: 20153, seq: 17520, ack: 1410842643, window: 5808, ACK
1.212 Error: Sequence number too high
1.213 Received: b'\xc5\x17N\xb9\x00\x00DqT\x17\xc0\x13P\x00\x16\xb0\x00\x00\x00\x00\x9c\xe74\xb9\xd8j\xb4\xcf\x03\xf0A\xc6\xd0\x9e\x82h'...
1.213 Disassembled: source: 50455, dest: 20153, seq: 17521, ack: 1410842643, window: 5808, data: b'\x9c\xe74\xb9\xd8j\xb4\xcf\x03\xf0A\xc6\xd0\x9e\x82h'...
1.214 Error: Sequence number too high
1.709 Sent: b'N\xb9\xc5\x17T\x17\xc0\x10\x00\x00\x00]P\x10\x16\xb0\x00\x00\x00\x00'
1.711 Received: b'\xc5\x17N\xb9\x00\x00[!T\x17\xc0\x14P\x10\x16\xb0\x00\x00\x00\x00'
1.712 Disassembled: source: 50455, dest: 20153, seq: 23329, ack: 1410842644, window: 5808, ACK
1.712 Error: Sequence number too high
1.713 Received: b'\xc5\x17N\xb9\x00\x00["T\x17\xc0\x14P\x00\x16\xb0\x00\x00\x00\x00\xdcj\x1d\xa9K\xc8\x8a\xda\x9b\x9aC\xe9\x0f\xa4-\x89'...
1.714 Disassembled: source: 50455, dest: 20153, seq: 23330, ack: 1410842644, window: 5808, data: b'\xdcj\x1d\xa9K\xc8\x8a\xda\x9b\x9aC\xe9\x0f\xa4-\x89'...
1.714 Error: Sequence number too high
2.209 Sent: b'N\xb9\xc5\x17T\x17\xc0\x10\x00\x00\x00]P\x10\x16\xb0\x00\x00\x00\x00'
2.212 Received: b'\xc5\x17N\xb9\x00\x00q\xd2T\x17\xc0\x15P\x10\x16\xb0\x00\x00\x00\x00'
2.213 Disassembled: source: 50455, dest: 20153, seq: 29138, ack: 1410842645, window: 5808, ACK
2.213 Error: Sequence number too high
2.214 Received: b'\xc5\x17N\xb9\x00\x00q\xd3T\x17\xc0\x15P\x00\x16\xb0\x00\x00\x00\x00\xd5\x90j\xd2$Z\xf6iC\x8fYj\x00\x1b*\x8c'...
2.215 Disassembled: source: 50455, dest: 20153, seq: 29139, ack: 1410842645, window: 5808, data: b'\xd5\x90j\xd2$Z\xf6iC\x8fYj\x00\x1b*\x8c'...
2.215 Error: Sequence number too high
2.710 Error: Connection timed out
2.710 Closed connection
2.715 Shutting down
