0.000 NEW RUN: Server, TEST: Write_file__Large_multi-packet
0.200 Received: b'i9\xc8\xdf\x00\x00\x004\x00\x00\x00\x00P\x02\x05\xa8\x00\x00\x00\x00'
0.201 Disassembled: source: 26937, dest: 51423, seq: 52, window: 1448, SYN
0.201 SYN accepted; new connection: 127.0.0.1 on port 26937
0.201 Assembling: source: 51423, dest: 26937, seq: 1274322756, ack: 53, window: 5808, ACK, SYN
0.201 Sent: b'\xc8\xdfi9K\xf4\x9fD\x00\x00\x005P\x12\x16\xb0\x00\x00\x00\x00'
0.203 Received: b'i9\xc8\xdf\x00\x00\x005K\xf4\x9fEP\x10\x16\xb0\x00\x00\x00\x00'
0.203 Disassembled: source: 26937, dest: 51423, seq: 53, ack: 1274322757, window: 5808, ACK
0.203 Assembling: source: 51423, dest: 26937, seq: 1274322757, ack: 53, window: 5808, ACK
0.203 Sent: b'\xc8\xdfi9K\xf4\x9fE\x00\x00\x005P\x10\x16\xb0\x00\x00\x00\x00'
0.204 Received: b'i9\xc8\xdf\x00\x00\x006K\xf4\x9fEP\x00\x16\xb0\x00\x00\x00\x00Lorem ipsum dolo'...
0.204 Disassembled: source: 26937, dest: 51423, seq: 54, ack: 1274322757, window: 5808, data: "Lorem ipsum dolo"...
0.204 Error: Incorrect acknowledgement flag
0.204 Received: b'i9\xc8\xdf\x00\x00\x16\xe6K\xf4\x9fFP\x10\x16\xb0\x00\x00\x00\x00'
0.205 Disassembled: source: 26937, dest: 51423, seq: 5862, ack: 1274322758, window: 5808, ACK
0.205 Error: Sequence number too high
0.205 Received: b'i9\xc8\xdf\x00\x00\x16\xe7K\xf4\x9fFP\x00\x16\xb0\x00\x00\x00\x00 sadipscing ei q'...
0.205 Disassembled: source: 26937, dest: 51423, seq: 5863, ack: 1274322758, window: 5808, data: " sadipscing ei q"...
0.206 Error: Sequence number too high
0.704 Sent: b'\xc8\xdfi9K\xf4\x9fE\x00\x00\x005P\x10\x16\xb0\x00\x00\x00\x00'
0.706 Received: b'i9\xc8\xdf\x00\x00-\x97K\xf4\x9fGP\x10\x16\xb0\x00\x00\x00\x00'
0.706 Disassembled: source: 26937, dest: 51423, seq: 11671, ack: 1274322759, window: 5808, ACK
0.707 Error: Sequence number too high
0.708 Received: b'i9\xc8\xdf\x00\x00-\x98K\xf4\x9fGP\x00\x16\xb0\x00\x00\x00\x00 Duo ea augue fa'...
0.708 Disassembled: source: 26937, dest: 51423, seq: 11672, ack: 1274322759, window: 5808, data: " Duo ea augue fa"...
0.708 Error: Sequence number too high
1.204 Sent: b'\xc8\xdfi9K\xf4\x9fE\x00\x00\x005P\x10\x16\xb0\x00\x00\x00\x00'
1.206 Received: b'i9\xc8\xdf\x00\x00DHK\xf4\x9fHP\x10\x16\xb0\x00\x00\x00\x00'
1.207 Disassembled: source: 26937, dest: 51423, seq: 17480, ack: 1274322760, window: 5808, ACK
1.207 Error: Sequence number too high
1.208 Received: b'i9\xc8\xdf\x00\x00DIK\xf4\x9fHP\x00\x16\xb0\x00\x00\x00\x00uta debitis pert'...
1.209 Disassembled: source: 26937, dest: 51423, seq: 17481, ack: 1274322760, window: 5808, data: "uta debitis pert"...
1.209 Error: Sequence number too high
1.704 Sent: b'\xc8\xdfi9K\xf4\x9fE\x00\x00\x005P\x10\x16\xb0\x00\x00\x00\x00'
1.707 Received: b'i9\xc8\xdf\x00\x00Z\xf9K\xf4\x9fIP\x10\x16\xb0\x00\x00\x00\x00'
1.707 Disassembled: source: 26937, dest: 51423, seq: 23289, ack: 1274322761, window: 5808, ACK
1.708 Error: Sequence number too high
1.709 Received: b'i9\xc8\xdf\x00\x00Z\xfaK\xf4\x9fIP\x00\x16\xb0\x00\x00\x00\x00 decore possit r'...
1.709 Disassembled: source: 26937, dest: 51423, seq: 23290, ack: 1274322761, window: 5808, data: " decore possit r"...
1.709 Error: Sequence number too high
2.205 Sent: b'\xc8\xdfi9K\xf4\x9fE\x00\x00\x005P\x10\x16\xb0\x00\x00\x00\x00'
2.207 Received: b'i9\xc8\xdf\x00\x00q\xaaK\xf4\x9fJP\x10\x16\xb0\x00\x00\x00\x00'
2.208 Disassembled: source: 26937, dest: 51423, seq: 29098, ack: 1274322762, window: 5808, ACK
2.208 Error: Sequence number too high
2.209 Received: b'i9\xc8\xdf\x00\x00q\xabK\xf4\x9fJP\x00\x16\xb0\x00\x00\x00\x00orteat dissentiu'...
2.210 Disassembled: source: 26937, dest: 51423, seq: 29099, ack: 1274322762, window: 5808, data: "orteat dissentiu"...
2.210 Error: Sequence number too high
2.705 Error: Connection timed out
2.705 Closed connection
2.710 Shutting down
