0.000 NEW RUN: Server, TEST: Write_file__No_file_extension
0.210 Received: b'\xe6\xcb!(\x00\x00\x003\x00\x00\x00\x00P\x02\x05\xa8\x00\x00\x00\x00'
0.211 Disassembled: source: 59083, dest: 8488, seq: 51, window: 1448, SYN
0.211 SYN accepted; new connection: 127.0.0.1 on port 59083
0.211 Assembling: source: 8488, dest: 59083, seq: 1285878841, ack: 52, window: 5808, ACK, SYN
0.212 Sent: b'!(\xe6\xcbL\xa4\xf49\x00\x00\x004P\x12\x16\xb0\x00\x00\x00\x00'
0.213 Received: b'\xe6\xcb!(\x00\x00\x004L\xa4\xf4:P\x10\x16\xb0\x00\x00\x00\x00'
0.213 Disassembled: source: 59083, dest: 8488, seq: 52, ack: 1285878842, window: 5808, ACK
0.213 Assembling: source: 8488, dest: 59083, seq: 1285878842, ack: 52, window: 5808, ACK
0.213 Sent: b'!(\xe6\xcbL\xa4\xf4:\x00\x00\x004P\x10\x16\xb0\x00\x00\x00\x00'
0.214 Received: b'\xe6\xcb!(\x00\x00\x005L\xa4\xf4:P\x00\x16\xb0\x00\x00\x00\x00Lorem ipsum dolo'...
0.214 Disassembled: source: 59083, dest: 8488, seq: 53, ack: 1285878842, window: 5808, data: "Lorem ipsum dolo"...
0.214 Error: Incorrect acknowledgement flag
0.214 Received: b'\xe6\xcb!(\x00\x00\x0c\xe0L\xa4\xf4;P\x10\x16\xb0\x00\x00\x00\x00'
0.215 Disassembled: source: 59083, dest: 8488, seq: 3296, ack: 1285878843, window: 5808, ACK
0.215 Assembling: source: 8488, dest: 59083, seq: 1285878842, ack: 52, window: 5808, ACK
0.215 Sent: b'!(\xe6\xcbL\xa4\xf4:\x00\x00\x004P\x10\x16\xb0\x00\x00\x00\x00'
0.715 Sent: b'!(\xe6\xcbL\xa4\xf4:\x00\x00\x004P\x10\x16\xb0\x00\x00\x00\x00'
1.216 Sent: b'!(\xe6\xcbL\xa4\xf4:\x00\x00\x004P\x10\x16\xb0\x00\x00\x00\x00'
1.716 Sent: b'!(\xe6\xcbL\xa4\xf4:\x00\x00\x004P\x10\x16\xb0\x00\x00\x00\x00'
2.217 Sent: b'!(\xe6\xcbL\xa4\xf4:\x00\x00\x004P\x10\x16\xb0\x00\x00\x00\x00'
2.717 Error: Connection timed out
2.717 Closed connection
2.718 Shutting down
