0.000 NEW RUN: Server, TEST: Write_file__Empty
0.219 Received: b'\x1c\xa9\xf4s\x00\x00\x00U\x00\x00\x00\x00P\x02\x05\xa8\x00\x00\x00\x00'
0.219 Disassembled: source: 7337, dest: 62579, seq: 85, window: 1448, SYN
0.219 SYN accepted; new connection: 127.0.0.1 on port 7337
0.219 Assembling: source: 62579, dest: 7337, seq: 1272726142, ack: 86, window: 5808, ACK, SYN
0.220 Sent: b'\xf4s\x1c\xa9K\xdcB~\x00\x00\x00VP\x12\x16\xb0\x00\x00\x00\x00'
0.222 Received: b'\x1c\xa9\xf4s\x00\x00\x00VK\xdcB\x7fP\x10\x16\xb0\x00\x00\x00\x00'
0.222 Disassembled: source: 7337, dest: 62579, seq: 86, ack: 1272726143, window: 5808, ACK
0.222 Assembling: source: 62579, dest: 7337, seq: 1272726143, ack: 86, window: 5808, ACK
0.223 Sent: b'\xf4s\x1c\xa9K\xdcB\x7f\x00\x00\x00VP\x10\x16\xb0\x00\x00\x00\x00'
0.223 Received: b'\x1c\xa9\xf4s\x00\x00\x00WK\xdcB\x7fP\x00\x16\xb0\x00\x00\x00\x00'
0.223 Disassembled: source: 7337, dest: 62579, seq: 87, ack: 1272726143, window: 5808
0.223 Error: Incorrect acknowledgement flag
0.225 Received: b'\x1c\xa9\xf4s\x00\x00\x00XK\xdcB\x80P\x10\x16\xb0\x00\x00\x00\x00'
0.225 Disassembled: source: 7337, dest: 62579, seq: 88, ack: 1272726144, window: 5808, ACK
0.225 Assembling: source: 62579, dest: 7337, seq: 1272726143, ack: 86, window: 5808, ACK
0.226 Sent: b'\xf4s\x1c\xa9K\xdcB\x7f\x00\x00\x00VP\x10\x16\xb0\x00\x00\x00\x00'
0.726 Sent: b'\xf4s\x1c\xa9K\xdcB\x7f\x00\x00\x00VP\x10\x16\xb0\x00\x00\x00\x00'
1.226 Sent: b'\xf4s\x1c\xa9K\xdcB\x7f\x00\x00\x00VP\x10\x16\xb0\x00\x00\x00\x00'
1.727 Sent: b'\xf4s\x1c\xa9K\xdcB\x7f\x00\x00\x00VP\x10\x16\xb0\x00\x00\x00\x00'
2.228 Sent: b'\xf4s\x1c\xa9K\xdcB\x7f\x00\x00\x00VP\x10\x16\xb0\x00\x00\x00\x00'
2.728 Error: Connection timed out
2.728 Closed connection
2.730 Shutting down
