0.000 NEW RUN: Server, TEST: Read_file__Latency
0.083 Received: b'\x9c:\x17\xbb\x00\x00\x00B\x00\x00\x00\x00P\x02\x05\xac\x00\x00\x00\x00'
0.084 Disassembled: source: 39994, dest: 6075, seq: 66, window: 1452, SYN
0.084 SYN accepted; new connection: 127.0.0.1 on port 39994
0.084 Assembling: source: 6075, dest: 39994, seq: 3108016639, ack: 67, window: 1452, ACK, SYN
0.085 Sent: b'\x17\xbb\x9c:\xb9@\x91\xff\x00\x00\x00CP\x12\x05\xac\x00\x00\x00\x00'
0.585 Sent: b'\x17\xbb\x9c:\xb9@\x91\xff\x00\x00\x00CP\x12\x05\xac\x00\x00\x00\x00'
1.086 Sent: b'\x17\xbb\x9c:\xb9@\x91\xff\x00\x00\x00CP\x12\x05\xac\x00\x00\x00\x00'
1.089 Received: b'\x9c:\x17\xbb\x00\x00\x00C\xb9@\x92\x00P\x10\x05\xac\x00\x00\x00\x00'
1.090 Disassembled: source: 39994, dest: 6075, seq: 67, ack: 3108016640, window: 1452, ACK
1.090 Handshake complete
1.090 Acknowledged seq: 3108016639
1.091 Assembling: source: 6075, dest: 39994, seq: 3108016640, ack: 68, window: 1452, data: "Lorem ipsum dolo"...
1.091 Sent: b'\x17\xbb\x9c:\xb9@\x92\x00\x00\x00\x00DP\x00\x05\xac\x00\x00\x00\x00Lorem ipsum dolo'...
1.589 Received: b'\x9c:\x17\xbb\x00\x00\x00C\xb9@\x92\x00P\x10\x05\xac\x00\x00\x00\x00'
1.590 Disassembled: source: 39994, dest: 6075, seq: 67, ack: 3108016640, window: 1452, ACK
1.590 Assembling: source: 6075, dest: 39994, seq: 3108018092, ack: 68, window: 1452, data: "h"
1.591 Sent: b'\x17\xbb\x9c:\xb9@\x97\xac\x00\x00\x00DP\x00\x05\xac\x00\x00\x00\x00h'
2.090 Received: b'\x9c:\x17\xbb\x00\x00\x00C\xb9@\x92\x00P\x10\x05\xac\x00\x00\x00\x00'
2.091 Disassembled: source: 39994, dest: 6075, seq: 67, ack: 3108016640, window: 1452, ACK
2.091 Sent: b'\x17\xbb\x9c:\xb9@\x92\x00\x00\x00\x00DP\x00\x05\xac\x00\x00\x00\x00Lorem ipsum dolo'...
2.092 Sent: b'\x17\xbb\x9c:\xb9@\x97\xac\x00\x00\x00DP\x00\x05\xac\x00\x00\x00\x00h'
2.095 Received: b'\x9c:\x17\xbb\x00\x00\x00C\xb9@\x97\xacP\x10\x05\xac\x00\x00\x00\x00'
2.096 Disassembled: source: 39994, dest: 6075, seq: 67, ack: 3108018092, window: 1452, ACK
2.096 Acknowledged seq: 3108016640
2.096 Assembling: source: 6075, dest: 39994, seq: 3108018093, ack: 68, window: 1452, data: "ensam nam, aperi"...
2.097 Sent: b'\x17\xbb\x9c:\xb9@\x97\xad\x00\x00\x00DP\x00\x05\xac\x00\x00\x00\x00ensam nam, aperi'...
2.595 Received: b'\x9c:\x17\xbb\x00\x00\x00C\xb9@\x97\xadP\x10\x05\xac\x00\x00\x00\x00'
2.595 Disassembled: source: 39994, dest: 6075, seq: 67, ack: 3108018093, window: 1452, ACK
2.596 Acknowledged seq: 3108018092
2.596 Assembling: source: 6075, dest: 39994, seq: 3108019544, ack: 68, window: 1452, data: "p"
2.596 Sent: b'\x17\xbb\x9c:\xb9@\x9dX\x00\x00\x00DP\x00\x05\xac\x00\x00\x00\x00p'
3.097 Sent: b'\x17\xbb\x9c:\xb9@\x97\xad\x00\x00\x00DP\x00\x05\xac\x00\x00\x00\x00ensam nam, aperi'...
3.097 Sent: b'\x17\xbb\x9c:\xb9@\x9dX\x00\x00\x00DP\x00\x05\xac\x00\x00\x00\x00p'
3.597 Sent: b'\x17\xbb\x9c:\xb9@\x97\xad\x00\x00\x00DP\x00\x05\xac\x00\x00\x00\x00ensam nam, aperi'...
3.598 Sent: b'\x17\xbb\x9c:\xb9@\x9dX\x00\x00\x00DP\x00\x05\xac\x00\x00\x00\x00p'
4.098 Sent: b'\x17\xbb\x9c:\xb9@\x97\xad\x00\x00\x00DP\x00\x05\xac\x00\x00\x00\x00ensam nam, aperi'...
4.099 Sent: b'\x17\xbb\x9c:\xb9@\x9dX\x00\x00\x00DP\x00\x05\xac\x00\x00\x00\x00p'
4.599 Sent: b'\x17\xbb\x9c:\xb9@\x97\xad\x00\x00\x00DP\x00\x05\xac\x00\x00\x00\x00ensam nam, aperi'...
4.599 Sent: b'\x17\xbb\x9c:\xb9@\x9dX\x00\x00\x00DP\x00\x05\xac\x00\x00\x00\x00p'
5.099 Sent: b'\x17\xbb\x9c:\xb9@\x97\xad\x00\x00\x00DP\x00\x05\xac\x00\x00\x00\x00ensam nam, aperi'...
5.100 Sent: b'\x17\xbb\x9c:\xb9@\x9dX\x00\x00\x00DP\x00\x05\xac\x00\x00\x00\x00p'
5.600 Error: Connection timed out
5.600 Closed connection
6.099 Shutting down
