0.000 NEW RUN: Server, TEST: Read_file__Random_drops
0.081 Received: b'\x9dy\xf0\x08\x00\x00\x00M\x00\x00\x00\x00P\x02\x05\xac\x00\x00\x00\x00'
0.082 Disassembled: source: 40313, dest: 61448, seq: 77, window: 1452, SYN
0.082 SYN accepted; new connection: 127.0.0.1 on port 40313
0.083 Assembling: source: 61448, dest: 40313, seq: 3031617490, ack: 78, window: 1452, ACK, SYN
0.083 Sent: b'\xf0\x08\x9dy\xb4\xb2\xcf\xd2\x00\x00\x00NP\x12\x05\xac\x00\x00\x00\x00'
0.086 Received: b'\x9dy\xf0\x08\x00\x00\x00N\xb4\xb2\xcf\xd3P\x10\x05\xac\x00\x00\x00\x00'
0.087 Disassembled: source: 40313, dest: 61448, seq: 78, ack: 3031617491, window: 1452, ACK
0.087 Handshake complete
0.087 Acknowledged seq: 3031617490
0.087 Assembling: source: 61448, dest: 40313, seq: 3031617491, ack: 79, window: 1452, data: "Lorem ipsum dolo"...
0.088 Sent: b'\xf0\x08\x9dy\xb4\xb2\xcf\xd3\x00\x00\x00OP\x00\x05\xac\x00\x00\x00\x00Lorem ipsum dolo'...
0.090 Failed to receive packet
0.588 Sent: b'\xf0\x08\x9dy\xb4\xb2\xcf\xd3\x00\x00\x00OP\x00\x05\xac\x00\x00\x00\x00Lorem ipsum dolo'...
0.591 Received: b'\x9dy\xf0\x08\x00\x00\x00N\xb4\xb2\xd5\x7fP\x10\x05\xac\x00\x00\x00\x00'
0.591 Disassembled: source: 40313, dest: 61448, seq: 78, ack: 3031618943, window: 1452, ACK
0.591 Acknowledged seq: 3031617491
0.592 Assembling: source: 61448, dest: 40313, seq: 3031618943, ack: 79, window: 1452, data: "hensam nam, aper"...
0.592 Sent: b'\xf0\x08\x9dy\xb4\xb2\xd5\x7f\x00\x00\x00OP\x00\x05\xac\x00\x00\x00\x00hensam nam, aper'...
0.595 Received: b'\x9dy\xf0\x08\x00\x00\x00N\xb4\xb2\xdb+P\x10\x05\xac\x00\x00\x00\x00'
0.595 Disassembled: source: 40313, dest: 61448, seq: 78, ack: 3031620395, window: 1452, ACK
0.596 Acknowledged seq: 3031618943
0.596 Assembling: source: 61448, dest: 40313, seq: 3031620395, ack: 79, window: 1452, data: "pudiare sea. No "...
0.596 Sent: b'\xf0\x08\x9dy\xb4\xb2\xdb+\x00\x00\x00OP\x00\x05\xac\x00\x00\x00\x00pudiare sea. No '...
0.599 Received: b'\x9dy\xf0\x08\x00\x00\x00N\xb4\xb2\xe0\xd7P\x10\x05\xac\x00\x00\x00\x00'
0.600 Disassembled: source: 40313, dest: 61448, seq: 78, ack: 3031621847, window: 1452, ACK
0.600 Acknowledged seq: 3031620395
0.600 Assembling: source: 61448, dest: 40313, seq: 3031621847, ack: 79, window: 1452, data: "nt scripta philo"...
0.601 Sent: b'\xf0\x08\x9dy\xb4\xb2\xe0\xd7\x00\x00\x00OP\x00\x05\xac\x00\x00\x00\x00nt scripta philo'...
0.603 Received: b'\x9dy\xf0\x08\x00\x00\x00N\xb4\xb2\xe6\x83P\x10\x05\xac\x00\x00\x00\x00'
0.604 Disassembled: source: 40313, dest: 61448, seq: 78, ack: 3031623299, window: 1452, ACK
0.604 Acknowledged seq: 3031621847
0.604 Assembling: source: 61448, dest: 40313, seq: 3031623299, ack: 79, window: 1452, data: " sadipscing ei q"...
0.605 Sent: b'\xf0\x08\x9dy\xb4\xb2\xe6\x83\x00\x00\x00OP\x00\x05\xac\x00\x00\x00\x00 sadipscing ei q'...
0.607 Failed to receive packet
1.105 Sent: b'\xf0\x08\x9dy\xb4\xb2\xe6\x83\x00\x00\x00OP\x00\x05\xac\x00\x00\x00\x00 sadipscing ei q'...
1.108 Failed to receive packet
1.606 Sent: b'\xf0\x08\x9dy\xb4\xb2\xe6\x83\x00\x00\x00OP\x00\x05\xac\x00\x00\x00\x00 sadipscing ei q'...
1.608 Received: b'\x9dy\xf0\x08\x00\x00\x00N\xb4\xb2\xec/P\x10\x05\xac\x00\x00\x00\x00'
1.609 Disassembled: source: 40313, dest: 61448, seq: 78, ack: 3031624751, window: 1452, ACK
1.609 Acknowledged seq: 3031623299
1.609 Assembling: source: 61448, dest: 40313, seq: 3031624751, ack: 79, window: 1452, data: "em ea, ad duo la"...
1.610 Sent: b'\xf0\x08\x9dy\xb4\xb2\xec/\x00\x00\x00OP\x00\x05\xac\x00\x00\x00\x00em ea, ad duo la'...
1.612 Received: b'\x9dy\xf0\x08\x00\x00\x00N\xb4\xb2\xf1\xdbP\x10\x05\xac\x00\x00\x00\x00'
1.613 Disassembled: source: 40313, dest: 61448, seq: 78, ack: 3031626203, window: 1452, ACK
1.613 Acknowledged seq: 3031624751
1.613 Assembling: source: 61448, dest: 40313, seq: 3031626203, ack: 79, window: 1452, data: "ire partiendo ad"...
1.614 Sent: b'\xf0\x08\x9dy\xb4\xb2\xf1\xdb\x00\x00\x00OP\x00\x05\xac\x00\x00\x00\x00ire partiendo ad'...
1.617 Received: b'\x9dy\xf0\x08\x00\x00\x00N\xb4\xb2\xf7\x87P\x10\x05\xac\x00\x00\x00\x00'
1.617 Disassembled: source: 40313, dest: 61448, seq: 78, ack: 3031627655, window: 1452, ACK
1.617 Acknowledged seq: 3031626203
1.618 Assembling: source: 61448, dest: 40313, seq: 3031627655, ack: 79, window: 1452, data: " facer facilisi "...
1.618 Sent: b'\xf0\x08\x9dy\xb4\xb2\xf7\x87\x00\x00\x00OP\x00\x05\xac\x00\x00\x00\x00 facer facilisi '...
1.620 Received: b'\x9dy\xf0\x08\x00\x00\x00N\xb4\xb2\xfd3P\x10\x05\xac\x00\x00\x00\x00'
1.621 Disassembled: source: 40313, dest: 61448, seq: 78, ack: 3031629107, window: 1452, ACK
1.621 Acknowledged seq: 3031627655
1.621 Assembling: source: 61448, dest: 40313, seq: 3031629107, ack: 79, window: 1452, data: " Duo ea augue fa"...
1.622 Sent: b'\xf0\x08\x9dy\xb4\xb2\xfd3\x00\x00\x00OP\x00\x05\xac\x00\x00\x00\x00 Duo ea augue fa'...
1.623 Received: b'\x9dy\xf0\x08\x00\x00\x00N\xb4\xb3\x02\xdfP\x10\x05\xac\x00\x00\x00\x00'
1.624 Disassembled: source: 40313, dest: 61448, seq: 78, ack: 3031630559, window: 1452, ACK
1.624 Acknowledged seq: 3031629107
1.624 Assembling: source: 61448, dest: 40313, seq: 3031630559, ack: 79, window: 1452, data: "e adipiscing vit"...
1.625 Failed to send packet
2.125 Failed to send packet
2.626 Failed to send packet
3.126 Sent: b'\xf0\x08\x9dy\xb4\xb3\x02\xdf\x00\x00\x00OP\x00\x05\xac\x00\x00\x00\x00e adipiscing vit'...
3.129 Failed to receive packet
3.626 Sent: b'\xf0\x08\x9dy\xb4\xb3\x02\xdf\x00\x00\x00OP\x00\x05\xac\x00\x00\x00\x00e adipiscing vit'...
3.629 Failed to receive packet
4.127 Sent: b'\xf0\x08\x9dy\xb4\xb3\x02\xdf\x00\x00\x00OP\x00\x05\xac\x00\x00\x00\x00e adipiscing vit'...
4.129 Received: b'\x9dy\xf0\x08\x00\x00\x00N\xb4\xb3\x08\x8bP\x10\x05\xac\x00\x00\x00\x00'
4.130 Disassembled: source: 40313, dest: 61448, seq: 78, ack: 3031632011, window: 1452, ACK
4.130 Acknowledged seq: 3031630559
4.130 Assembling: source: 61448, dest: 40313, seq: 3031632011, ack: 79, window: 1452, data: "iber harum accus"...
4.131 Sent: b'\xf0\x08\x9dy\xb4\xb3\x08\x8b\x00\x00\x00OP\x00\x05\xac\x00\x00\x00\x00iber harum accus'...
4.134 Received: b'\x9dy\xf0\x08\x00\x00\x00N\xb4\xb3\x0e7P\x10\x05\xac\x00\x00\x00\x00'
4.134 Disassembled: source: 40313, dest: 61448, seq: 78, ack: 3031633463, window: 1452, ACK
4.134 Acknowledged seq: 3031632011
4.135 Assembling: source: 61448, dest: 40313, seq: 3031633463, ack: 79, window: 1452, data: "sententiae ne se"...
4.135 Sent: b'\xf0\x08\x9dy\xb4\xb3\x0e7\x00\x00\x00OP\x00\x05\xac\x00\x00\x00\x00sententiae ne se'...
4.138 Received: b'\x9dy\xf0\x08\x00\x00\x00N\xb4\xb3\x13\xe3P\x10\x05\xac\x00\x00\x00\x00'
4.138 Disassembled: source: 40313, dest: 61448, seq: 78, ack: 3031634915, window: 1452, ACK
4.139 Acknowledged seq: 3031633463
4.139 Assembling: source: 61448, dest: 40313, seq: 3031634915, ack: 79, window: 1452, data: "uta debitis pert"...
4.139 Sent: b'\xf0\x08\x9dy\xb4\xb3\x13\xe3\x00\x00\x00OP\x00\x05\xac\x00\x00\x00\x00uta debitis pert'...
4.142 Received: b'\x9dy\xf0\x08\x00\x00\x00N\xb4\xb3\x19\x8fP\x10\x05\xac\x00\x00\x00\x00'
4.143 Disassembled: source: 40313, dest: 61448, seq: 78, ack: 3031636367, window: 1452, ACK
4.143 Acknowledged seq: 3031634915
4.143 Assembling: source: 61448, dest: 40313, seq: 3031636367, ack: 79, window: 1452, data: "e. An falli prim"...
4.144 Sent: b'\xf0\x08\x9dy\xb4\xb3\x19\x8f\x00\x00\x00OP\x00\x05\xac\x00\x00\x00\x00e. An falli prim'...
4.145 Failed to receive packet
4.644 Sent: b'\xf0\x08\x9dy\xb4\xb3\x19\x8f\x00\x00\x00OP\x00\x05\xac\x00\x00\x00\x00e. An falli prim'...
4.647 Received: b'\x9dy\xf0\x08\x00\x00\x00N\xb4\xb3\x1f;P\x10\x05\xac\x00\x00\x00\x00'
4.647 Disassembled: source: 40313, dest: 61448, seq: 78, ack: 3031637819, window: 1452, ACK
4.647 Acknowledged seq: 3031636367
4.648 Assembling: source: 61448, dest: 40313, seq: 3031637819, ack: 79, window: 1452, data: "u eam, percipit "...
4.648 Sent: b'\xf0\x08\x9dy\xb4\xb3\x1f;\x00\x00\x00OP\x00\x05\xac\x00\x00\x00\x00u eam, percipit '...
4.651 Received: b'\x9dy\xf0\x08\x00\x00\x00N\xb4\xb3$\xe7P\x10\x05\xac\x00\x00\x00\x00'
4.651 Disassembled: source: 40313, dest: 61448, seq: 78, ack: 3031639271, window: 1452, ACK
4.652 Acknowledged seq: 3031637819
4.652 Assembling: source: 61448, dest: 40313, seq: 3031639271, ack: 79, window: 1452, data: "nani docendi pat"...
4.652 Sent: b'\xf0\x08\x9dy\xb4\xb3$\xe7\x00\x00\x00OP\x00\x05\xac\x00\x00\x00\x00nani docendi pat'...
4.655 Received: b'\x9dy\xf0\x08\x00\x00\x00N\xb4\xb3*\x93P\x10\x05\xac\x00\x00\x00\x00'
4.656 Disassembled: source: 40313, dest: 61448, seq: 78, ack: 3031640723, window: 1452, ACK
4.656 Acknowledged seq: 3031639271
4.656 Assembling: source: 61448, dest: 40313, seq: 3031640723, ack: 79, window: 1452, data: " decore possit r"...
4.657 Sent: b'\xf0\x08\x9dy\xb4\xb3*\x93\x00\x00\x00OP\x00\x05\xac\x00\x00\x00\x00 decore possit r'...
4.658 Received: b'\x9dy\xf0\x08\x00\x00\x00N\xb4\xb30?P\x10\x05\xac\x00\x00\x00\x00'
4.659 Disassembled: source: 40313, dest: 61448, seq: 78, ack: 3031642175, window: 1452, ACK
4.659 Acknowledged seq: 3031640723
4.659 Assembling: source: 61448, dest: 40313, seq: 3031642175, ack: 79, window: 1452, data: " corpora consequ"...
4.660 Sent: b'\xf0\x08\x9dy\xb4\xb30?\x00\x00\x00OP\x00\x05\xac\x00\x00\x00\x00 corpora consequ'...
4.661 Received: b'\x9dy\xf0\x08\x00\x00\x00N\xb4\xb35\xebP\x10\x05\xac\x00\x00\x00\x00'
4.662 Disassembled: source: 40313, dest: 61448, seq: 78, ack: 3031643627, window: 1452, ACK
4.662 Acknowledged seq: 3031642175
4.662 Assembling: source: 61448, dest: 40313, seq: 3031643627, ack: 79, window: 1452, data: "nctus conceptam "...
4.663 Sent: b'\xf0\x08\x9dy\xb4\xb35\xeb\x00\x00\x00OP\x00\x05\xac\x00\x00\x00\x00nctus conceptam '...
4.665 Received: b'\x9dy\xf0\x08\x00\x00\x00N\xb4\xb3;\x97P\x10\x05\xac\x00\x00\x00\x00'
4.665 Disassembled: source: 40313, dest: 61448, seq: 78, ack: 3031645079, window: 1452, ACK
4.665 Acknowledged seq: 3031643627
4.666 Assembling: source: 61448, dest: 40313, seq: 3031645079, ack: 79, window: 1452, data: "terno te, ne quo"...
4.666 Sent: b'\xf0\x08\x9dy\xb4\xb3;\x97\x00\x00\x00OP\x00\x05\xac\x00\x00\x00\x00terno te, ne quo'...
4.668 Received: b'\x9dy\xf0\x08\x00\x00\x00N\xb4\xb3ACP\x10\x05\xac\x00\x00\x00\x00'
4.668 Disassembled: source: 40313, dest: 61448, seq: 78, ack: 3031646531, window: 1452, ACK
4.669 Acknowledged seq: 3031645079
4.669 Assembling: source: 61448, dest: 40313, seq: 3031646531, ack: 79, window: 1452, data: "orteat dissentiu"...
4.669 Sent: b'\xf0\x08\x9dy\xb4\xb3AC\x00\x00\x00OP\x00\x05\xac\x00\x00\x00\x00orteat dissentiu'...
4.672 Received: b'\x9dy\xf0\x08\x00\x00\x00N\xb4\xb3F\xefP\x10\x05\xac\x00\x00\x00\x00'
4.672 Disassembled: source: 40313, dest: 61448, seq: 78, ack: 3031647983, window: 1452, ACK
4.672 Acknowledged seq: 3031646531
4.673 Assembling: source: 61448, dest: 40313, seq: 3031647983, ack: 79, window: 1452, data: "tute molestie no"...
4.673 Sent: b'\xf0\x08\x9dy\xb4\xb3F\xef\x00\x00\x00OP\x00\x05\xac\x00\x00\x00\x00tute molestie no'...
4.675 Received: b'\x9dy\xf0\x08\x00\x00\x00N\xb4\xb3L\x9bP\x10\x05\xac\x00\x00\x00\x00'
4.676 Disassembled: source: 40313, dest: 61448, seq: 78, ack: 3031649435, window: 1452, ACK
4.676 Acknowledged seq: 3031647983
4.676 Assembling: source: 61448, dest: 40313, seq: 3031649435, ack: 79, window: 1452, data: "oluisse.

Sed ex"...
4.677 Sent: b'\xf0\x08\x9dy\xb4\xb3L\x9b\x00\x00\x00OP\x00\x05\xac\x00\x00\x00\x00oluisse.\n\nSed ex'...
4.678 Received: b'\x9dy\xf0\x08\x00\x00\x00N\xb4\xb3RGP\x10\x05\xac\x00\x00\x00\x00'
4.679 Disassembled: source: 40313, dest: 61448, seq: 78, ack: 3031650887, window: 1452, ACK
4.679 Acknowledged seq: 3031649435
4.679 Assembling: source: 61448, dest: 40313, seq: 3031650887, ack: 79, window: 1452, data: " affert tollit l"...
4.680 Sent: b'\xf0\x08\x9dy\xb4\xb3RG\x00\x00\x00OP\x00\x05\xac\x00\x00\x00\x00 affert tollit l'...
4.682 Received: b'\x9dy\xf0\x08\x00\x00\x00N\xb4\xb3W\xf3P\x10\x05\xac\x00\x00\x00\x00'
4.682 Disassembled: source: 40313, dest: 61448, seq: 78, ack: 3031652339, window: 1452, ACK
4.682 Acknowledged seq: 3031650887
4.683 Assembling: source: 61448, dest: 40313, seq: 3031652339, ack: 79, window: 1452, data: "an. Ut per eirmo"...
4.683 Sent: b'\xf0\x08\x9dy\xb4\xb3W\xf3\x00\x00\x00OP\x00\x05\xac\x00\x00\x00\x00an. Ut per eirmo'...
4.685 Received: b'\x9dy\xf0\x08\x00\x00\x00N\xb4\xb3]\x9fP\x10\x05\xac\x00\x00\x00\x00'
4.685 Disassembled: source: 40313, dest: 61448, seq: 78, ack: 3031653791, window: 1452, ACK
4.686 Acknowledged seq: 3031652339
4.686 Assembling: source: 61448, dest: 40313, seq: 3031653791, ack: 79, window: 1452, data: " inermis mnesarc"...
4.686 Sent: b'\xf0\x08\x9dy\xb4\xb3]\x9f\x00\x00\x00OP\x00\x05\xac\x00\x00\x00\x00 inermis mnesarc'...
4.688 Received: b'\x9dy\xf0\x08\x00\x00\x00N\xb4\xb3cKP\x10\x05\xac\x00\x00\x00\x00'
4.689 Disassembled: source: 40313, dest: 61448, seq: 78, ack: 3031655243, window: 1452, ACK
4.689 Acknowledged seq: 3031653791
4.689 Assembling: source: 61448, dest: 40313, seq: 3031655243, ack: 79, window: 1452, data: "ue iracundia, an"...
4.690 Failed to send packet
5.190 Failed to send packet
5.690 Sent: b'\xf0\x08\x9dy\xb4\xb3cK\x00\x00\x00OP\x00\x05\xac\x00\x00\x00\x00ue iracundia, an'...
5.693 Received: b'\x9dy\xf0\x08\x00\x00\x00N\xb4\xb3h\xf7P\x10\x05\xac\x00\x00\x00\x00'
5.694 Disassembled: source: 40313, dest: 61448, seq: 78, ack: 3031656695, window: 1452, ACK
5.694 Acknowledged seq: 3031655243
5.694 Assembling: source: 61448, dest: 40313, seq: 3031656695, ack: 79, window: 1452, data: "ompta pro, vim e"...
5.695 Sent: b'\xf0\x08\x9dy\xb4\xb3h\xf7\x00\x00\x00OP\x00\x05\xac\x00\x00\x00\x00ompta pro, vim e'...
5.697 Received: b'\x9dy\xf0\x08\x00\x00\x00N\xb4\xb3n\xa3P\x10\x05\xac\x00\x00\x00\x00'
5.698 Disassembled: source: 40313, dest: 61448, seq: 78, ack: 3031658147, window: 1452, ACK
5.698 Acknowledged seq: 3031656695
5.698 Assembling: source: 61448, dest: 40313, seq: 3031658147, ack: 79, window: 1452, data: "te sit, ex epicu"...
5.699 Sent: b'\xf0\x08\x9dy\xb4\xb3n\xa3\x00\x00\x00OP\x00\x05\xac\x00\x00\x00\x00te sit, ex epicu'...
5.702 Received: b'\x9dy\xf0\x08\x00\x00\x00N\xb4\xb3tOP\x10\x05\xac\x00\x00\x00\x00'
5.702 Disassembled: source: 40313, dest: 61448, seq: 78, ack: 3031659599, window: 1452, ACK
5.702 Acknowledged seq: 3031658147
5.703 Assembling: source: 61448, dest: 40313, seq: 3031659599, ack: 79, window: 1452, data: "llegebat, eu pro"...
5.703 Sent: b'\xf0\x08\x9dy\xb4\xb3tO\x00\x00\x00OP\x00\x05\xac\x00\x00\x00\x00llegebat, eu pro'...
5.705 Failed to receive packet
6.204 Sent: b'\xf0\x08\x9dy\xb4\xb3tO\x00\x00\x00OP\x00\x05\xac\x00\x00\x00\x00llegebat, eu pro'...
6.206 Received: b'\x9dy\xf0\x08\x00\x00\x00N\xb4\xb3y\xfbP\x10\x05\xac\x00\x00\x00\x00'
6.207 Disassembled: source: 40313, dest: 61448, seq: 78, ack: 3031661051, window: 1452, ACK
6.207 Acknowledged seq: 3031659599
6.207 Assembling: source: 61448, dest: 40313, seq: 3031661051, ack: 79, window: 1452, data: "s. Per no sale v"...
6.208 Sent: b'\xf0\x08\x9dy\xb4\xb3y\xfb\x00\x00\x00OP\x00\x05\xac\x00\x00\x00\x00s. Per no sale v'...
6.210 Received: b'\x9dy\xf0\x08\x00\x00\x00N\xb4\xb3\x7f\xa7P\x10\x05\xac\x00\x00\x00\x00'
6.211 Disassembled: source: 40313, dest: 61448, seq: 78, ack: 3031662503, window: 1452, ACK
6.211 Acknowledged seq: 3031661051
6.211 Assembling: source: 61448, dest: 40313, seq: 3031662503, ack: 79, window: 1452, data: "pte ea mel. Mea "...
6.212 Sent: b'\xf0\x08\x9dy\xb4\xb3\x7f\xa7\x00\x00\x00OP\x00\x05\xac\x00\x00\x00\x00pte ea mel. Mea '...
6.215 Received: b'\x9dy\xf0\x08\x00\x00\x00N\xb4\xb3\x85SP\x10\x05\xac\x00\x00\x00\x00'
6.215 Disassembled: source: 40313, dest: 61448, seq: 78, ack: 3031663955, window: 1452, ACK
6.215 Acknowledged seq: 3031662503
6.216 Assembling: source: 61448, dest: 40313, seq: 3031663955, ack: 79, window: 1452, data: "acundia prodesse"...
6.216 Failed to send packet
6.716 Sent: b'\xf0\x08\x9dy\xb4\xb3\x85S\x00\x00\x00OP\x00\x05\xac\x00\x00\x00\x00acundia prodesse'...
6.719 Failed to receive packet
7.217 Sent: b'\xf0\x08\x9dy\xb4\xb3\x85S\x00\x00\x00OP\x00\x05\xac\x00\x00\x00\x00acundia prodesse'...
7.219 Received: b'\x9dy\xf0\x08\x00\x00\x00N\xb4\xb3\x8a\xffP\x10\x05\xac\x00\x00\x00\x00'
7.220 Disassembled: source: 40313, dest: 61448, seq: 78, ack: 3031665407, window: 1452, ACK
7.220 Acknowledged seq: 3031663955
7.220 Assembling: source: 61448, dest: 40313, seq: 3031665407, ack: 79, window: 1452, data: " scribentur. Ex "...
7.221 Failed to send packet
7.721 Sent: b'\xf0\x08\x9dy\xb4\xb3\x8a\xff\x00\x00\x00OP\x00\x05\xac\x00\x00\x00\x00 scribentur. Ex '...
7.724 Received: b'\x9dy\xf0\x08\x00\x00\x00N\xb4\xb3\x90\xabP\x10\x05\xac\x00\x00\x00\x00'
7.725 Disassembled: source: 40313, dest: 61448, seq: 78, ack: 3031666859, window: 1452, ACK
7.725 Acknowledged seq: 3031665407
7.725 Assembling: source: 61448, dest: 40313, seq: 3031666859, ack: 79, window: 1452, data: "us malorum assen"...
7.725 Sent: b'\xf0\x08\x9dy\xb4\xb3\x90\xab\x00\x00\x00OP\x00\x05\xac\x00\x00\x00\x00us malorum assen'...
7.728 Received: b'\x9dy\xf0\x08\x00\x00\x00N\xb4\xb3\x96WP\x10\x05\xac\x00\x00\x00\x00'
7.729 Disassembled: source: 40313, dest: 61448, seq: 78, ack: 3031668311, window: 1452, ACK
7.729 Acknowledged seq: 3031666859
7.729 Assembling: source: 61448, dest: 40313, seq: 3031668311, ack: 79, window: 1452, data: "o ei, vel id anc"...
7.730 Sent: b'\xf0\x08\x9dy\xb4\xb3\x96W\x00\x00\x00OP\x00\x05\xac\x00\x00\x00\x00o ei, vel id anc'...
7.733 Received: b'\x9dy\xf0\x08\x00\x00\x00N\xb4\xb3\x9c\x03P\x10\x05\xac\x00\x00\x00\x00'
7.733 Disassembled: source: 40313, dest: 61448, seq: 78, ack: 3031669763, window: 1452, ACK
7.733 Acknowledged seq: 3031668311
7.734 Assembling: source: 61448, dest: 40313, seq: 3031669763, ack: 79, window: 1452, data: "s accommodare, e"...
7.734 Sent: b'\xf0\x08\x9dy\xb4\xb3\x9c\x03\x00\x00\x00OP\x00\x05\xac\x00\x00\x00\x00s accommodare, e'...
7.736 Received: b'\x9dy\xf0\x08\x00\x00\x00N\xb4\xb3\xa1\xafP\x10\x05\xac\x00\x00\x00\x00'
7.737 Disassembled: source: 40313, dest: 61448, seq: 78, ack: 3031671215, window: 1452, ACK
7.737 Acknowledged seq: 3031669763
7.737 Assembling: source: 61448, dest: 40313, seq: 3031671215, ack: 79, window: 1452, data: "In sed quot sape"...
7.738 Sent: b'\xf0\x08\x9dy\xb4\xb3\xa1\xaf\x00\x00\x00OP\x00\x05\xac\x00\x00\x00\x00In sed quot sape'...
7.740 Received: b'\x9dy\xf0\x08\x00\x00\x00N\xb4\xb3\xa7[P\x10\x05\xac\x00\x00\x00\x00'
7.740 Disassembled: source: 40313, dest: 61448, seq: 78, ack: 3031672667, window: 1452, ACK
7.740 Acknowledged seq: 3031671215
7.741 Assembling: source: 61448, dest: 40313, seq: 3031672667, ack: 79, window: 1452, data: "nes mel, quo cas"...
7.741 Sent: b'\xf0\x08\x9dy\xb4\xb3\xa7[\x00\x00\x00OP\x00\x05\xac\x00\x00\x00\x00nes mel, quo cas'...
7.743 Received: b'\x9dy\xf0\x08\x00\x00\x00N\xb4\xb3\xad\x07P\x10\x05\xac\x00\x00\x00\x00'
7.744 Disassembled: source: 40313, dest: 61448, seq: 78, ack: 3031674119, window: 1452, ACK
7.744 Acknowledged seq: 3031672667
7.744 Assembling: source: 61448, dest: 40313, seq: 3031674119, ack: 79, window: 1452, data: "corpora adipisci"...
7.745 Failed to send packet
8.245 Sent: b'\xf0\x08\x9dy\xb4\xb3\xad\x07\x00\x00\x00OP\x00\x05\xac\x00\x00\x00\x00corpora adipisci'...
8.248 Received: b'\x9dy\xf0\x08\x00\x00\x00N\xb4\xb3\xb2\xb3P\x10\x05\xac\x00\x00\x00\x00'
8.248 Disassembled: source: 40313, dest: 61448, seq: 78, ack: 3031675571, window: 1452, ACK
8.248 Acknowledged seq: 3031674119
8.249 Assembling: source: 61448, dest: 40313, seq: 3031675571, ack: 79, window: 1452, data: "o homero copiosa"...
8.249 Sent: b'\xf0\x08\x9dy\xb4\xb3\xb2\xb3\x00\x00\x00OP\x00\x05\xac\x00\x00\x00\x00o homero copiosa'...
8.252 Received: b'\x9dy\xf0\x08\x00\x00\x00N\xb4\xb3\xb8_P\x10\x05\xac\x00\x00\x00\x00'
8.253 Disassembled: source: 40313, dest: 61448, seq: 78, ack: 3031677023, window: 1452, ACK
8.253 Acknowledged seq: 3031675571
8.253 Assembling: source: 61448, dest: 40313, seq: 3031677023, ack: 79, window: 1452, data: "ctram. Pri ne an"...
8.254 Sent: b'\xf0\x08\x9dy\xb4\xb3\xb8_\x00\x00\x00OP\x00\x05\xac\x00\x00\x00\x00ctram. Pri ne an'...
8.256 Failed to receive packet
8.754 Sent: b'\xf0\x08\x9dy\xb4\xb3\xb8_\x00\x00\x00OP\x00\x05\xac\x00\x00\x00\x00ctram. Pri ne an'...
8.756 Received: b'\x9dy\xf0\x08\x00\x00\x00N\xb4\xb3\xbe\x0bP\x10\x05\xac\x00\x00\x00\x00'
8.757 Disassembled: source: 40313, dest: 61448, seq: 78, ack: 3031678475, window: 1452, ACK
8.757 Acknowledged seq: 3031677023
8.757 Assembling: source: 61448, dest: 40313, seq: 3031678475, ack: 79, window: 1452, data: "o no. Elitr poss"...
8.758 Sent: b'\xf0\x08\x9dy\xb4\xb3\xbe\x0b\x00\x00\x00OP\x00\x05\xac\x00\x00\x00\x00o no. Elitr poss'...
8.761 Received: b'\x9dy\xf0\x08\x00\x00\x00N\xb4\xb3\xc3\xb7P\x10\x05\xac\x00\x00\x00\x00'
8.761 Disassembled: source: 40313, dest: 61448, seq: 78, ack: 3031679927, window: 1452, ACK
8.761 Acknowledged seq: 3031678475
8.762 Assembling: source: 61448, dest: 40313, seq: 3031679927, ack: 79, window: 1452, data: "ris, sea ex utin"...
8.762 Sent: b'\xf0\x08\x9dy\xb4\xb3\xc3\xb7\x00\x00\x00OP\x00\x05\xac\x00\x00\x00\x00ris, sea ex utin'...
8.765 Received: b'\x9dy\xf0\x08\x00\x00\x00N\xb4\xb3\xc9cP\x10\x05\xac\x00\x00\x00\x00'
8.765 Disassembled: source: 40313, dest: 61448, seq: 78, ack: 3031681379, window: 1452, ACK
8.766 Acknowledged seq: 3031679927
8.766 Assembling: source: 61448, dest: 40313, seq: 3031681379, ack: 79, window: 1452, data: "inimicus in his."...
8.766 Sent: b'\xf0\x08\x9dy\xb4\xb3\xc9c\x00\x00\x00OP\x00\x05\xac\x00\x00\x00\x00inimicus in his.'...
8.769 Failed to receive packet
9.267 Sent: b'\xf0\x08\x9dy\xb4\xb3\xc9c\x00\x00\x00OP\x00\x05\xac\x00\x00\x00\x00inimicus in his.'...
9.269 Received: b'\x9dy\xf0\x08\x00\x00\x00N\xb4\xb3\xcf\x0fP\x10\x05\xac\x00\x00\x00\x00'
9.270 Disassembled: source: 40313, dest: 61448, seq: 78, ack: 3031682831, window: 1452, ACK
9.270 Acknowledged seq: 3031681379
9.270 Assembling: source: 61448, dest: 40313, seq: 3031682831, ack: 79, window: 1452, data: "iis et.

Ius cu "...
9.271 Sent: b'\xf0\x08\x9dy\xb4\xb3\xcf\x0f\x00\x00\x00OP\x00\x05\xac\x00\x00\x00\x00iis et.\n\nIus cu '...
9.274 Received: b'\x9dy\xf0\x08\x00\x00\x00N\xb4\xb3\xd4\xbbP\x10\x05\xac\x00\x00\x00\x00'
9.274 Disassembled: source: 40313, dest: 61448, seq: 78, ack: 3031684283, window: 1452, ACK
9.274 Acknowledged seq: 3031682831
9.275 Assembling: source: 61448, dest: 40313, seq: 3031684283, ack: 79, window: 1452, data: "teresset.

Te ni"...
9.275 Sent: b'\xf0\x08\x9dy\xb4\xb3\xd4\xbb\x00\x00\x00OP\x00\x05\xac\x00\x00\x00\x00teresset.\n\nTe ni'...
9.278 Received: b'\x9dy\xf0\x08\x00\x00\x00N\xb4\xb3\xdagP\x10\x05\xac\x00\x00\x00\x00'
9.279 Disassembled: source: 40313, dest: 61448, seq: 78, ack: 3031685735, window: 1452, ACK
9.279 Acknowledged seq: 3031684283
9.279 Assembling: source: 61448, dest: 40313, seq: 3031685735, ack: 79, window: 1452, data: " volutpat corrum"...
9.279 Sent: b'\xf0\x08\x9dy\xb4\xb3\xdag\x00\x00\x00OP\x00\x05\xac\x00\x00\x00\x00 volutpat corrum'...
9.282 Received: b'\x9dy\xf0\x08\x00\x00\x00N\xb4\xb3\xe0\x13P\x10\x05\xac\x00\x00\x00\x00'
9.283 Disassembled: source: 40313, dest: 61448, seq: 78, ack: 3031687187, window: 1452, ACK
9.283 Acknowledged seq: 3031685735
9.283 Assembling: source: 61448, dest: 40313, seq: 3031687187, ack: 79, window: 1452, data: "dem definiebas, "...
9.284 Sent: b'\xf0\x08\x9dy\xb4\xb3\xe0\x13\x00\x00\x00OP\x00\x05\xac\x00\x00\x00\x00dem definiebas, '...
9.285 Received: b'\x9dy\xf0\x08\x00\x00\x00N\xb4\xb3\xe5\xbfP\x10\x05\xac\x00\x00\x00\x00'
9.286 Disassembled: source: 40313, dest: 61448, seq: 78, ack: 3031688639, window: 1452, ACK
9.286 Acknowledged seq: 3031687187
9.286 Assembling: source: 61448, dest: 40313, seq: 3031688639, ack: 79, window: 1452, data: "tibus eam, has c"...
9.287 Sent: b'\xf0\x08\x9dy\xb4\xb3\xe5\xbf\x00\x00\x00OP\x00\x05\xac\x00\x00\x00\x00tibus eam, has c'...
9.288 Received: b'\x9dy\xf0\x08\x00\x00\x00N\xb4\xb3\xebkP\x10\x05\xac\x00\x00\x00\x00'
9.289 Disassembled: source: 40313, dest: 61448, seq: 78, ack: 3031690091, window: 1452, ACK
9.289 Acknowledged seq: 3031688639
9.290 Assembling: source: 61448, dest: 40313, seq: 3031690091, ack: 79, window: 1452, data: "em qui no. Ad ea"...
9.290 Sent: b'\xf0\x08\x9dy\xb4\xb3\xebk\x00\x00\x00OP\x00\x05\xac\x00\x00\x00\x00em qui no. Ad ea'...
9.292 Received: b'\x9dy\xf0\x08\x00\x00\x00N\xb4\xb3\xf1\x17P\x10\x05\xac\x00\x00\x00\x00'
9.292 Disassembled: source: 40313, dest: 61448, seq: 78, ack: 3031691543, window: 1452, ACK
9.292 Acknowledged seq: 3031690091
9.293 Assembling: source: 61448, dest: 40313, seq: 3031691543, ack: 79, window: 1452, data: " nusquam, utamur"...
9.293 Sent: b'\xf0\x08\x9dy\xb4\xb3\xf1\x17\x00\x00\x00OP\x00\x05\xac\x00\x00\x00\x00 nusquam, utamur'...
9.295 Received: b'\x9dy\xf0\x08\x00\x00\x00N\xb4\xb3\xf6\xc3P\x10\x05\xac\x00\x00\x00\x00'
9.295 Disassembled: source: 40313, dest: 61448, seq: 78, ack: 3031692995, window: 1452, ACK
9.296 Acknowledged seq: 3031691543
9.296 Assembling: source: 61448, dest: 40313, seq: 3031692995, ack: 79, window: 1452, data: "cibo magna glori"...
9.296 Sent: b'\xf0\x08\x9dy\xb4\xb3\xf6\xc3\x00\x00\x00OP\x00\x05\xac\x00\x00\x00\x00cibo magna glori'...
9.298 Received: b'\x9dy\xf0\x08\x00\x00\x00N\xb4\xb3\xfcoP\x10\x05\xac\x00\x00\x00\x00'
9.299 Disassembled: source: 40313, dest: 61448, seq: 78, ack: 3031694447, window: 1452, ACK
9.299 Acknowledged seq: 3031692995
9.299 Assembling: source: 61448, dest: 40313, seq: 3031694447, ack: 79, window: 1452, data: " te duo, eam cu "...
9.300 Sent: b'\xf0\x08\x9dy\xb4\xb3\xfco\x00\x00\x00OP\x00\x05\xac\x00\x00\x00\x00 te duo, eam cu '...
9.302 Received: b'\x9dy\xf0\x08\x00\x00\x00N\xb4\xb4\x02\x1bP\x10\x05\xac\x00\x00\x00\x00'
9.302 Disassembled: source: 40313, dest: 61448, seq: 78, ack: 3031695899, window: 1452, ACK
9.303 Acknowledged seq: 3031694447
9.303 Assembling: source: 61448, dest: 40313, seq: 3031695899, ack: 79, window: 1452, data: " denique volupta"...
9.303 Sent: b'\xf0\x08\x9dy\xb4\xb4\x02\x1b\x00\x00\x00OP\x00\x05\xac\x00\x00\x00\x00 denique volupta'...
9.305 Received: b'\x9dy\xf0\x08\x00\x00\x00N\xb4\xb4\x07\xc7P\x10\x05\xac\x00\x00\x00\x00'
9.306 Disassembled: source: 40313, dest: 61448, seq: 78, ack: 3031697351, window: 1452, ACK
9.306 Acknowledged seq: 3031695899
9.306 Assembling: source: 61448, dest: 40313, seq: 3031697351, ack: 79, window: 1452, data: "at ius alii indo"...
9.307 Sent: b'\xf0\x08\x9dy\xb4\xb4\x07\xc7\x00\x00\x00OP\x00\x05\xac\x00\x00\x00\x00at ius alii indo'...
9.309 Received: b'\x9dy\xf0\x08\x00\x00\x00N\xb4\xb4\rsP\x10\x05\xac\x00\x00\x00\x00'
9.309 Disassembled: source: 40313, dest: 61448, seq: 78, ack: 3031698803, window: 1452, ACK
9.309 Acknowledged seq: 3031697351
9.310 Assembling: source: 61448, dest: 40313, seq: 3031698803, ack: 79, window: 1452, data: "issim, his facet"...
9.310 Sent: b'\xf0\x08\x9dy\xb4\xb4\rs\x00\x00\x00OP\x00\x05\xac\x00\x00\x00\x00issim, his facet'...
9.312 Received: b'\x9dy\xf0\x08\x00\x00\x00N\xb4\xb4\x13\x1fP\x10\x05\xac\x00\x00\x00\x00'
9.312 Disassembled: source: 40313, dest: 61448, seq: 78, ack: 3031700255, window: 1452, ACK
9.313 Acknowledged seq: 3031698803
9.313 Assembling: source: 61448, dest: 40313, seq: 3031700255, ack: 79, window: 1452, data: " alia dolor comp"...
9.313 Sent: b'\xf0\x08\x9dy\xb4\xb4\x13\x1f\x00\x00\x00OP\x00\x05\xac\x00\x00\x00\x00 alia dolor comp'...
9.315 Received: b'\x9dy\xf0\x08\x00\x00\x00N\xb4\xb4\x18\xcbP\x10\x05\xac\x00\x00\x00\x00'
9.316 Disassembled: source: 40313, dest: 61448, seq: 78, ack: 3031701707, window: 1452, ACK
9.316 Acknowledged seq: 3031700255
9.316 Assembling: source: 61448, dest: 40313, seq: 3031701707, ack: 79, window: 1452, data: ", reque tempor e"...
9.317 Sent: b'\xf0\x08\x9dy\xb4\xb4\x18\xcb\x00\x00\x00OP\x00\x05\xac\x00\x00\x00\x00, reque tempor e'...
9.319 Received: b'\x9dy\xf0\x08\x00\x00\x00N\xb4\xb4\x1ewP\x10\x05\xac\x00\x00\x00\x00'
9.319 Disassembled: source: 40313, dest: 61448, seq: 78, ack: 3031703159, window: 1452, ACK
9.319 Acknowledged seq: 3031701707
9.320 Assembling: source: 61448, dest: 40313, seq: 3031703159, ack: 79, window: 1452, data: "
Equidem vivendo"...
9.320 Sent: b'\xf0\x08\x9dy\xb4\xb4\x1ew\x00\x00\x00OP\x00\x05\xac\x00\x00\x00\x00\nEquidem vivendo'...
9.322 Received: b'\x9dy\xf0\x08\x00\x00\x00N\xb4\xb4$#P\x10\x05\xac\x00\x00\x00\x00'
9.323 Disassembled: source: 40313, dest: 61448, seq: 78, ack: 3031704611, window: 1452, ACK
9.323 Acknowledged seq: 3031703159
9.323 Assembling: source: 61448, dest: 40313, seq: 3031704611, ack: 79, window: 1452, data: "ffert petentium "...
9.324 Failed to send packet
9.824 Sent: b'\xf0\x08\x9dy\xb4\xb4$#\x00\x00\x00OP\x00\x05\xac\x00\x00\x00\x00ffert petentium '...
9.827 Received: b'\x9dy\xf0\x08\x00\x00\x00N\xb4\xb4)\xcfP\x10\x05\xac\x00\x00\x00\x00'
9.827 Disassembled: source: 40313, dest: 61448, seq: 78, ack: 3031706063, window: 1452, ACK
9.827 Acknowledged seq: 3031704611
9.828 Assembling: source: 61448, dest: 40313, seq: 3031706063, ack: 79, window: 1452, data: "uripidis. Te ips"...
9.828 Sent: b'\xf0\x08\x9dy\xb4\xb4)\xcf\x00\x00\x00OP\x00\x05\xac\x00\x00\x00\x00uripidis. Te ips'...
9.831 Failed to receive packet
10.329 Sent: b'\xf0\x08\x9dy\xb4\xb4)\xcf\x00\x00\x00OP\x00\x05\xac\x00\x00\x00\x00uripidis. Te ips'...
10.331 Received: b'\x9dy\xf0\x08\x00\x00\x00N\xb4\xb4/{P\x10\x05\xac\x00\x00\x00\x00'
10.332 Disassembled: source: 40313, dest: 61448, seq: 78, ack: 3031707515, window: 1452, ACK
10.332 Acknowledged seq: 3031706063
10.332 Assembling: source: 61448, dest: 40313, seq: 3031707515, ack: 79, window: 1452, data: "e, pro ei dicunt"...
10.333 Sent: b'\xf0\x08\x9dy\xb4\xb4/{\x00\x00\x00OP\x00\x05\xac\x00\x00\x00\x00e, pro ei dicunt'...
10.335 Failed to receive packet
10.833 Sent: b'\xf0\x08\x9dy\xb4\xb4/{\x00\x00\x00OP\x00\x05\xac\x00\x00\x00\x00e, pro ei dicunt'...
10.836 Received: b"\x9dy\xf0\x08\x00\x00\x00N\xb4\xb45'P\x10\x05\xac\x00\x00\x00\x00"
10.836 Disassembled: source: 40313, dest: 61448, seq: 78, ack: 3031708967, window: 1452, ACK
10.836 Acknowledged seq: 3031707515
10.837 Assembling: source: 61448, dest: 40313, seq: 3031708967, ack: 79, window: 1452, data: "iandae cu. Vel p"...
10.837 Sent: b"\xf0\x08\x9dy\xb4\xb45'\x00\x00\x00OP\x00\x05\xac\x00\x00\x00\x00iandae cu. Vel p"...
10.840 Received: b'\x9dy\xf0\x08\x00\x00\x00N\xb4\xb4:\xd3P\x10\x05\xac\x00\x00\x00\x00'
10.840 Disassembled: source: 40313, dest: 61448, seq: 78, ack: 3031710419, window: 1452, ACK
10.840 Acknowledged seq: 3031708967
10.841 Assembling: source: 61448, dest: 40313, seq: 3031710419, ack: 79, window: 1452, data: " et case diceret"...
10.841 Sent: b'\xf0\x08\x9dy\xb4\xb4:\xd3\x00\x00\x00OP\x00\x05\xac\x00\x00\x00\x00 et case diceret'...
10.844 Received: b'\x9dy\xf0\x08\x00\x00\x00N\xb4\xb4@\x7fP\x10\x05\xac\x00\x00\x00\x00'
10.845 Disassembled: source: 40313, dest: 61448, seq: 78, ack: 3031711871, window: 1452, ACK
10.845 Acknowledged seq: 3031710419
10.845 Assembling: source: 61448, dest: 40313, seq: 3031711871, ack: 79, window: 1452, data: "et epicuri aliqu"...
10.846 Sent: b'\xf0\x08\x9dy\xb4\xb4@\x7f\x00\x00\x00OP\x00\x05\xac\x00\x00\x00\x00et epicuri aliqu'...
10.848 Received: b'\x9dy\xf0\x08\x00\x00\x00N\xb4\xb4F+P\x10\x05\xac\x00\x00\x00\x00'
10.849 Disassembled: source: 40313, dest: 61448, seq: 78, ack: 3031713323, window: 1452, ACK
10.849 Acknowledged seq: 3031711871
10.849 Assembling: source: 61448, dest: 40313, seq: 3031713323, ack: 79, window: 1452, data: "o mollis nostrud"...
10.849 Sent: b'\xf0\x08\x9dy\xb4\xb4F+\x00\x00\x00OP\x00\x05\xac\x00\x00\x00\x00o mollis nostrud'...
10.851 Received: b'\x9dy\xf0\x08\x00\x00\x00N\xb4\xb4K\xd7P\x10\x05\xac\x00\x00\x00\x00'
10.852 Disassembled: source: 40313, dest: 61448, seq: 78, ack: 3031714775, window: 1452, ACK
10.852 Acknowledged seq: 3031713323
10.852 Assembling: source: 61448, dest: 40313, seq: 3031714775, ack: 79, window: 1452, data: "ue te.Lorem ipsu"...
10.853 Sent: b'\xf0\x08\x9dy\xb4\xb4K\xd7\x00\x00\x00OP\x00\x05\xac\x00\x00\x00\x00ue te.Lorem ipsu'...
10.854 Received: b'\x9dy\xf0\x08\x00\x00\x00N\xb4\xb4Q\x83P\x10\x05\xac\x00\x00\x00\x00'
10.855 Disassembled: source: 40313, dest: 61448, seq: 78, ack: 3031716227, window: 1452, ACK
10.855 Acknowledged seq: 3031714775
10.855 Assembling: source: 61448, dest: 40313, seq: 3031716227, ack: 79, window: 1452, data: "comprehensam nam"...
10.856 Sent: b'\xf0\x08\x9dy\xb4\xb4Q\x83\x00\x00\x00OP\x00\x05\xac\x00\x00\x00\x00comprehensam nam'...
10.858 Received: b'\x9dy\xf0\x08\x00\x00\x00N\xb4\xb4W/P\x10\x05\xac\x00\x00\x00\x00'
10.858 Disassembled: source: 40313, dest: 61448, seq: 78, ack: 3031717679, window: 1452, ACK
10.858 Acknowledged seq: 3031716227
10.859 Assembling: source: 61448, dest: 40313, seq: 3031717679, ack: 79, window: 1452, data: "isi repudiare se"...
10.859 Sent: b'\xf0\x08\x9dy\xb4\xb4W/\x00\x00\x00OP\x00\x05\xac\x00\x00\x00\x00isi repudiare se'...
10.861 Received: b'\x9dy\xf0\x08\x00\x00\x00N\xb4\xb4\\\xdbP\x10\x05\xac\x00\x00\x00\x00'
10.862 Disassembled: source: 40313, dest: 61448, seq: 78, ack: 3031719131, window: 1452, ACK
10.862 Acknowledged seq: 3031717679
10.862 Assembling: source: 61448, dest: 40313, seq: 3031719131, ack: 79, window: 1452, data: "t essent scripta"...
10.863 Failed to send packet
11.363 Sent: b'\xf0\x08\x9dy\xb4\xb4\\\xdb\x00\x00\x00OP\x00\x05\xac\x00\x00\x00\x00t essent scripta'...
11.366 Failed to receive packet
11.863 Sent: b'\xf0\x08\x9dy\xb4\xb4\\\xdb\x00\x00\x00OP\x00\x05\xac\x00\x00\x00\x00t essent scripta'...
11.866 Received: b'\x9dy\xf0\x08\x00\x00\x00N\xb4\xb4b\x87P\x10\x05\xac\x00\x00\x00\x00'
11.866 Disassembled: source: 40313, dest: 61448, seq: 78, ack: 3031720583, window: 1452, ACK
11.867 Acknowledged seq: 3031719131
11.867 Assembling: source: 61448, dest: 40313, seq: 3031720583, ack: 79, window: 1452, data: "ctatos sadipscin"...
11.867 Sent: b'\xf0\x08\x9dy\xb4\xb4b\x87\x00\x00\x00OP\x00\x05\xac\x00\x00\x00\x00ctatos sadipscin'...
11.870 Received: b'\x9dy\xf0\x08\x00\x00\x00N\xb4\xb4h3P\x10\x05\xac\x00\x00\x00\x00'
11.871 Disassembled: source: 40313, dest: 61448, seq: 78, ack: 3031722035, window: 1452, ACK
11.871 Acknowledged seq: 3031720583
11.871 Assembling: source: 61448, dest: 40313, seq: 3031722035, ack: 79, window: 1452, data: "apientem ea, ad "...
11.872 Sent: b'\xf0\x08\x9dy\xb4\xb4h3\x00\x00\x00OP\x00\x05\xac\x00\x00\x00\x00apientem ea, ad '...
11.874 Received: b'\x9dy\xf0\x08\x00\x00\x00N\xb4\xb4m\xdfP\x10\x05\xac\x00\x00\x00\x00'
11.875 Disassembled: source: 40313, dest: 61448, seq: 78, ack: 3031723487, window: 1452, ACK
11.875 Acknowledged seq: 3031722035
11.875 Assembling: source: 61448, dest: 40313, seq: 3031723487, ack: 79, window: 1452, data: " invenire partie"...
11.876 Sent: b'\xf0\x08\x9dy\xb4\xb4m\xdf\x00\x00\x00OP\x00\x05\xac\x00\x00\x00\x00 invenire partie'...
11.879 Received: b'\x9dy\xf0\x08\x00\x00\x00N\xb4\xb4s\x8bP\x10\x05\xac\x00\x00\x00\x00'
11.879 Disassembled: source: 40313, dest: 61448, seq: 78, ack: 3031724939, window: 1452, ACK
11.879 Acknowledged seq: 3031723487
11.880 Assembling: source: 61448, dest: 40313, seq: 3031724939, ack: 79, window: 1452, data: "Qui id facer fac"...
11.880 Sent: b'\xf0\x08\x9dy\xb4\xb4s\x8b\x00\x00\x00OP\x00\x05\xac\x00\x00\x00\x00Qui id facer fac'...
11.882 Received: b'\x9dy\xf0\x08\x00\x00\x00N\xb4\xb4y7P\x10\x05\xac\x00\x00\x00\x00'
11.883 Disassembled: source: 40313, dest: 61448, seq: 78, ack: 3031726391, window: 1452, ACK
11.883 Acknowledged seq: 3031724939
11.883 Assembling: source: 61448, dest: 40313, seq: 3031726391, ack: 79, window: 1452, data: "t pro. Duo ea au"...
11.883 Sent: b'\xf0\x08\x9dy\xb4\xb4y7\x00\x00\x00OP\x00\x05\xac\x00\x00\x00\x00t pro. Duo ea au'...
11.885 Received: b'\x9dy\xf0\x08\x00\x00\x00N\xb4\xb4~\xe3P\x10\x05\xac\x00\x00\x00\x00'
11.886 Disassembled: source: 40313, dest: 61448, seq: 78, ack: 3031727843, window: 1452, ACK
11.886 Acknowledged seq: 3031726391
11.886 Assembling: source: 61448, dest: 40313, seq: 3031727843, ack: 79, window: 1452, data: "trioque adipisci"...
11.887 Sent: b'\xf0\x08\x9dy\xb4\xb4~\xe3\x00\x00\x00OP\x00\x05\xac\x00\x00\x00\x00trioque adipisci'...
11.888 Received: b'\x9dy\xf0\x08\x00\x00\x00N\xb4\xb4\x84\x8fP\x10\x05\xac\x00\x00\x00\x00'
11.889 Disassembled: source: 40313, dest: 61448, seq: 78, ack: 3031729295, window: 1452, ACK
11.889 Acknowledged seq: 3031727843
11.889 Assembling: source: 61448, dest: 40313, seq: 3031729295, ack: 79, window: 1452, data: "nec. Liber harum"...
11.890 Sent: b'\xf0\x08\x9dy\xb4\xb4\x84\x8f\x00\x00\x00OP\x00\x05\xac\x00\x00\x00\x00nec. Liber harum'...
11.892 Received: b'\x9dy\xf0\x08\x00\x00\x00N\xb4\xb4\x8a;P\x10\x05\xac\x00\x00\x00\x00'
11.892 Disassembled: source: 40313, dest: 61448, seq: 78, ack: 3031730747, window: 1452, ACK
11.893 Acknowledged seq: 3031729295
11.893 Assembling: source: 61448, dest: 40313, seq: 3031730747, ack: 79, window: 1452, data: "isset sententiae"...
11.893 Sent: b'\xf0\x08\x9dy\xb4\xb4\x8a;\x00\x00\x00OP\x00\x05\xac\x00\x00\x00\x00isset sententiae'...
11.895 Received: b'\x9dy\xf0\x08\x00\x00\x00N\xb4\xb4\x8f\xe7P\x10\x05\xac\x00\x00\x00\x00'
11.896 Disassembled: source: 40313, dest: 61448, seq: 78, ack: 3031732199, window: 1452, ACK
11.896 Acknowledged seq: 3031730747
11.896 Assembling: source: 61448, dest: 40313, seq: 3031732199, ack: 79, window: 1452, data: "at soluta debiti"...
11.897 Failed to send packet
12.397 Sent: b'\xf0\x08\x9dy\xb4\xb4\x8f\xe7\x00\x00\x00OP\x00\x05\xac\x00\x00\x00\x00at soluta debiti'...
12.400 Received: b'\x9dy\xf0\x08\x00\x00\x00N\xb4\xb4\x95\x93P\x10\x05\xac\x00\x00\x00\x00'
12.400 Disassembled: source: 40313, dest: 61448, seq: 78, ack: 3031733651, window: 1452, ACK
12.401 Acknowledged seq: 3031732199
12.401 Assembling: source: 61448, dest: 40313, seq: 3031733651, ack: 79, window: 1452, data: " est ne. An fall"...
12.401 Sent: b'\xf0\x08\x9dy\xb4\xb4\x95\x93\x00\x00\x00OP\x00\x05\xac\x00\x00\x00\x00 est ne. An fall'...
12.404 Received: b'\x9dy\xf0\x08\x00\x00\x00N\xb4\xb4\x9b?P\x10\x05\xac\x00\x00\x00\x00'
12.405 Disassembled: source: 40313, dest: 61448, seq: 78, ack: 3031735103, window: 1452, ACK
12.405 Acknowledged seq: 3031733651
12.405 Assembling: source: 61448, dest: 40313, seq: 3031735103, ack: 79, window: 1452, data: "idis eu eam, per"...
12.406 Sent: b'\xf0\x08\x9dy\xb4\xb4\x9b?\x00\x00\x00OP\x00\x05\xac\x00\x00\x00\x00idis eu eam, per'...
12.409 Failed to receive packet
12.906 Sent: b'\xf0\x08\x9dy\xb4\xb4\x9b?\x00\x00\x00OP\x00\x05\xac\x00\x00\x00\x00idis eu eam, per'...
12.909 Failed to receive packet
13.407 Sent: b'\xf0\x08\x9dy\xb4\xb4\x9b?\x00\x00\x00OP\x00\x05\xac\x00\x00\x00\x00idis eu eam, per'...
13.409 Received: b'\x9dy\xf0\x08\x00\x00\x00N\xb4\xb4\xa0\xebP\x10\x05\xac\x00\x00\x00\x00'
13.410 Disassembled: source: 40313, dest: 61448, seq: 78, ack: 3031736555, window: 1452, ACK
13.410 Acknowledged seq: 3031735103
13.410 Assembling: source: 61448, dest: 40313, seq: 3031736555, ack: 79, window: 1452, data: ", ei inani docen"...
13.411 Failed to send packet
13.911 Sent: b'\xf0\x08\x9dy\xb4\xb4\xa0\xeb\x00\x00\x00OP\x00\x05\xac\x00\x00\x00\x00, ei inani docen'...
13.914 Received: b'\x9dy\xf0\x08\x00\x00\x00N\xb4\xb4\xa6\x97P\x10\x05\xac\x00\x00\x00\x00'
13.914 Disassembled: source: 40313, dest: 61448, seq: 78, ack: 3031738007, window: 1452, ACK
13.914 Acknowledged seq: 3031736555
13.915 Assembling: source: 61448, dest: 40313, seq: 3031738007, ack: 79, window: 1452, data: "e, vis decore po"...
13.915 Sent: b'\xf0\x08\x9dy\xb4\xb4\xa6\x97\x00\x00\x00OP\x00\x05\xac\x00\x00\x00\x00e, vis decore po'...
13.918 Received: b'\x9dy\xf0\x08\x00\x00\x00N\xb4\xb4\xacCP\x10\x05\xac\x00\x00\x00\x00'
13.919 Disassembled: source: 40313, dest: 61448, seq: 78, ack: 3031739459, window: 1452, ACK
13.919 Acknowledged seq: 3031738007
13.919 Assembling: source: 61448, dest: 40313, seq: 3031739459, ack: 79, window: 1452, data: "m odio corpora c"...
13.919 Sent: b'\xf0\x08\x9dy\xb4\xb4\xacC\x00\x00\x00OP\x00\x05\xac\x00\x00\x00\x00m odio corpora c'...
13.922 Received: b'\x9dy\xf0\x08\x00\x00\x00N\xb4\xb4\xb1\xefP\x10\x05\xac\x00\x00\x00\x00'
13.923 Disassembled: source: 40313, dest: 61448, seq: 78, ack: 3031740911, window: 1452, ACK
13.923 Acknowledged seq: 3031739459
13.923 Assembling: source: 61448, dest: 40313, seq: 3031740911, ack: 79, window: 1452, data: "Usu sanctus conc"...
13.924 Sent: b'\xf0\x08\x9dy\xb4\xb4\xb1\xef\x00\x00\x00OP\x00\x05\xac\x00\x00\x00\x00Usu sanctus conc'...
13.927 Failed to receive packet
14.424 Sent: b'\xf0\x08\x9dy\xb4\xb4\xb1\xef\x00\x00\x00OP\x00\x05\xac\x00\x00\x00\x00Usu sanctus conc'...
14.427 Received: b'\x9dy\xf0\x08\x00\x00\x00N\xb4\xb4\xb7\x9bP\x10\x05\xac\x00\x00\x00\x00'
14.427 Disassembled: source: 40313, dest: 61448, seq: 78, ack: 3031742363, window: 1452, ACK
14.427 Acknowledged seq: 3031740911
14.428 Assembling: source: 61448, dest: 40313, seq: 3031742363, ack: 79, window: 1452, data: "eco aeterno te, "...
14.428 Sent: b'\xf0\x08\x9dy\xb4\xb4\xb7\x9b\x00\x00\x00OP\x00\x05\xac\x00\x00\x00\x00eco aeterno te, '...
14.431 Received: b'\x9dy\xf0\x08\x00\x00\x00N\xb4\xb4\xbdGP\x10\x05\xac\x00\x00\x00\x00'
14.431 Disassembled: source: 40313, dest: 61448, seq: 78, ack: 3031743815, window: 1452, ACK
14.432 Acknowledged seq: 3031742363
14.432 Assembling: source: 61448, dest: 40313, seq: 3031743815, ack: 79, window: 1452, data: "mis oporteat dis"...
14.432 Failed to send packet
14.933 Sent: b'\xf0\x08\x9dy\xb4\xb4\xbdG\x00\x00\x00OP\x00\x05\xac\x00\x00\x00\x00mis oporteat dis'...
14.936 Received: b'\x9dy\xf0\x08\x00\x00\x00N\xb4\xb4\xc2\xf3P\x10\x05\xac\x00\x00\x00\x00'
14.936 Disassembled: source: 40313, dest: 61448, seq: 78, ack: 3031745267, window: 1452, ACK
14.936 Acknowledged seq: 3031743815
14.937 Assembling: source: 61448, dest: 40313, seq: 3031745267, ack: 79, window: 1452, data: "as virtute moles"...
14.937 Sent: b'\xf0\x08\x9dy\xb4\xb4\xc2\xf3\x00\x00\x00OP\x00\x05\xac\x00\x00\x00\x00as virtute moles'...
14.940 Received: b'\x9dy\xf0\x08\x00\x00\x00N\xb4\xb4\xc8\x9fP\x10\x05\xac\x00\x00\x00\x00'
14.941 Disassembled: source: 40313, dest: 61448, seq: 78, ack: 3031746719, window: 1452, ACK
14.941 Acknowledged seq: 3031745267
14.941 Assembling: source: 61448, dest: 40313, seq: 3031746719, ack: 79, window: 1452, data: "llae noluisse.

"...
14.942 Sent: b'\xf0\x08\x9dy\xb4\xb4\xc8\x9f\x00\x00\x00OP\x00\x05\xac\x00\x00\x00\x00llae noluisse.\n\n'...
14.944 Received: b'\x9dy\xf0\x08\x00\x00\x00N\xb4\xb4\xceKP\x10\x05\xac\x00\x00\x00\x00'
14.944 Disassembled: source: 40313, dest: 61448, seq: 78, ack: 3031748171, window: 1452, ACK
14.945 Acknowledged seq: 3031746719
14.945 Assembling: source: 61448, dest: 40313, seq: 3031748171, ack: 79, window: 1452, data: "At duo affert to"...
14.945 Sent: b'\xf0\x08\x9dy\xb4\xb4\xceK\x00\x00\x00OP\x00\x05\xac\x00\x00\x00\x00At duo affert to'...
14.947 Received: b'\x9dy\xf0\x08\x00\x00\x00N\xb4\xb4\xd3\xf7P\x10\x05\xac\x00\x00\x00\x00'
14.948 Disassembled: source: 40313, dest: 61448, seq: 78, ack: 3031749623, window: 1452, ACK
14.948 Acknowledged seq: 3031748171
14.948 Assembling: source: 61448, dest: 40313, seq: 3031749623, ack: 79, window: 1452, data: "r eam an. Ut per"...
14.949 Sent: b'\xf0\x08\x9dy\xb4\xb4\xd3\xf7\x00\x00\x00OP\x00\x05\xac\x00\x00\x00\x00r eam an. Ut per'...
14.950 Received: b'\x9dy\xf0\x08\x00\x00\x00N\xb4\xb4\xd9\xa3P\x10\x05\xac\x00\x00\x00\x00'
14.951 Disassembled: source: 40313, dest: 61448, seq: 78, ack: 3031751075, window: 1452, ACK
14.951 Acknowledged seq: 3031749623
14.951 Assembling: source: 61448, dest: 40313, seq: 3031751075, ack: 79, window: 1452, data: "ea ex, inermis m"...
14.952 Sent: b'\xf0\x08\x9dy\xb4\xb4\xd9\xa3\x00\x00\x00OP\x00\x05\xac\x00\x00\x00\x00ea ex, inermis m'...
14.953 Received: b'\x9dy\xf0\x08\x00\x00\x00N\xb4\xb4\xdfOP\x10\x05\xac\x00\x00\x00\x00'
14.954 Disassembled: source: 40313, dest: 61448, seq: 78, ack: 3031752527, window: 1452, ACK
14.954 Acknowledged seq: 3031751075
14.954 Finished reading file
14.955 Assembling: source: 61448, dest: 40313, seq: 3031752527, ack: 79, window: 1452, data: "recteque iracund"...
14.955 Sent: b'\xf0\x08\x9dy\xb4\xb4\xdfO\x00\x00\x00OP\x00\x05\xac\x00\x00\x00\x00recteque iracund'...
14.957 Failed to receive packet
15.455 Sent: b'\xf0\x08\x9dy\xb4\xb4\xdfO\x00\x00\x00OP\x00\x05\xac\x00\x00\x00\x00recteque iracund'...
15.956 Sent: b'\xf0\x08\x9dy\xb4\xb4\xdfO\x00\x00\x00OP\x00\x05\xac\x00\x00\x00\x00recteque iracund'...
16.456 Sent: b'\xf0\x08\x9dy\xb4\xb4\xdfO\x00\x00\x00OP\x00\x05\xac\x00\x00\x00\x00recteque iracund'...
16.957 Sent: b'\xf0\x08\x9dy\xb4\xb4\xdfO\x00\x00\x00OP\x00\x05\xac\x00\x00\x00\x00recteque iracund'...
17.457 Sent: b'\xf0\x08\x9dy\xb4\xb4\xdfO\x00\x00\x00OP\x00\x05\xac\x00\x00\x00\x00recteque iracund'...
17.957 Error: Connection timed out
17.958 Closed connection
17.960 Shutting down
