0.000 NEW RUN: Server, TEST: Read_file__Large_multi-packet
0.081 Received: b'*<Uy\x00\x00\x00^\x00\x00\x00\x00P\x02\x05\xac\x00\x00\x00\x00'
0.082 Disassembled: source: 10812, dest: 21881, seq: 94, window: 1452, SYN
0.082 SYN accepted; new connection: 127.0.0.1 on port 10812
0.083 Assembling: source: 21881, dest: 10812, seq: 2973141629, ack: 95, window: 1452, ACK, SYN
0.083 Sent: b'Uy*<\xb16\x8a}\x00\x00\x00_P\x12\x05\xac\x00\x00\x00\x00'
0.086 Received: b'*<Uy\x00\x00\x00_\xb16\x8a~P\x10\x05\xac\x00\x00\x00\x00'
0.087 Disassembled: source: 10812, dest: 21881, seq: 95, ack: 2973141630, window: 1452, ACK
0.087 Handshake complete
0.087 Acknowledged seq: 2973141629
0.087 Assembling: source: 21881, dest: 10812, seq: 2973141630, ack: 96, window: 1452, data: "Lorem ipsum dolo"...
0.088 Sent: b'Uy*<\xb16\x8a~\x00\x00\x00`P\x00\x05\xac\x00\x00\x00\x00Lorem ipsum dolo'...
0.091 Received: b'*<Uy\x00\x00\x00_\xb16\x90*P\x10\x05\xac\x00\x00\x00\x00'
0.091 Disassembled: source: 10812, dest: 21881, seq: 95, ack: 2973143082, window: 1452, ACK
0.091 Acknowledged seq: 2973141630
0.092 Assembling: source: 21881, dest: 10812, seq: 2973143082, ack: 96, window: 1452, data: "hensam nam, aper"...
0.092 Sent: b'Uy*<\xb16\x90*\x00\x00\x00`P\x00\x05\xac\x00\x00\x00\x00hensam nam, aper'...
0.095 Received: b'*<Uy\x00\x00\x00_\xb16\x95\xd6P\x10\x05\xac\x00\x00\x00\x00'
0.095 Disassembled: source: 10812, dest: 21881, seq: 95, ack: 2973144534, window: 1452, ACK
0.095 Acknowledged seq: 2973143082
0.096 Assembling: source: 21881, dest: 10812, seq: 2973144534, ack: 96, window: 1452, data: "pudiare sea. No "...
0.096 Sent: b'Uy*<\xb16\x95\xd6\x00\x00\x00`P\x00\x05\xac\x00\x00\x00\x00pudiare sea. No '...
0.099 Received: b'*<Uy\x00\x00\x00_\xb16\x9b\x82P\x10\x05\xac\x00\x00\x00\x00'
0.099 Disassembled: source: 10812, dest: 21881, seq: 95, ack: 2973145986, window: 1452, ACK
0.100 Acknowledged seq: 2973144534
0.100 Assembling: source: 21881, dest: 10812, seq: 2973145986, ack: 96, window: 1452, data: "nt scripta philo"...
0.100 Sent: b'Uy*<\xb16\x9b\x82\x00\x00\x00`P\x00\x05\xac\x00\x00\x00\x00nt scripta philo'...
0.102 Received: b'*<Uy\x00\x00\x00_\xb16\xa1.P\x10\x05\xac\x00\x00\x00\x00'
0.102 Disassembled: source: 10812, dest: 21881, seq: 95, ack: 2973147438, window: 1452, ACK
0.103 Acknowledged seq: 2973145986
0.103 Assembling: source: 21881, dest: 10812, seq: 2973147438, ack: 96, window: 1452, data: " sadipscing ei q"...
0.103 Sent: b'Uy*<\xb16\xa1.\x00\x00\x00`P\x00\x05\xac\x00\x00\x00\x00 sadipscing ei q'...
0.105 Received: b'*<Uy\x00\x00\x00_\xb16\xa6\xdaP\x10\x05\xac\x00\x00\x00\x00'
0.105 Disassembled: source: 10812, dest: 21881, seq: 95, ack: 2973148890, window: 1452, ACK
0.106 Acknowledged seq: 2973147438
0.106 Assembling: source: 21881, dest: 10812, seq: 2973148890, ack: 96, window: 1452, data: "em ea, ad duo la"...
0.106 Sent: b'Uy*<\xb16\xa6\xda\x00\x00\x00`P\x00\x05\xac\x00\x00\x00\x00em ea, ad duo la'...
0.108 Received: b'*<Uy\x00\x00\x00_\xb16\xac\x86P\x10\x05\xac\x00\x00\x00\x00'
0.108 Disassembled: source: 10812, dest: 21881, seq: 95, ack: 2973150342, window: 1452, ACK
0.109 Acknowledged seq: 2973148890
0.109 Assembling: source: 21881, dest: 10812, seq: 2973150342, ack: 96, window: 1452, data: "ire partiendo ad"...
0.109 Sent: b'Uy*<\xb16\xac\x86\x00\x00\x00`P\x00\x05\xac\x00\x00\x00\x00ire partiendo ad'...
0.111 Received: b'*<Uy\x00\x00\x00_\xb16\xb22P\x10\x05\xac\x00\x00\x00\x00'
0.112 Disassembled: source: 10812, dest: 21881, seq: 95, ack: 2973151794, window: 1452, ACK
0.112 Acknowledged seq: 2973150342
0.112 Assembling: source: 21881, dest: 10812, seq: 2973151794, ack: 96, window: 1452, data: " facer facilisi "...
0.113 Sent: b'Uy*<\xb16\xb22\x00\x00\x00`P\x00\x05\xac\x00\x00\x00\x00 facer facilisi '...
0.114 Received: b'*<Uy\x00\x00\x00_\xb16\xb7\xdeP\x10\x05\xac\x00\x00\x00\x00'
0.115 Disassembled: source: 10812, dest: 21881, seq: 95, ack: 2973153246, window: 1452, ACK
0.115 Acknowledged seq: 2973151794
0.115 Assembling: source: 21881, dest: 10812, seq: 2973153246, ack: 96, window: 1452, data: " Duo ea augue fa"...
0.116 Sent: b'Uy*<\xb16\xb7\xde\x00\x00\x00`P\x00\x05\xac\x00\x00\x00\x00 Duo ea augue fa'...
0.118 Received: b'*<Uy\x00\x00\x00_\xb16\xbd\x8aP\x10\x05\xac\x00\x00\x00\x00'
0.118 Disassembled: source: 10812, dest: 21881, seq: 95, ack: 2973154698, window: 1452, ACK
0.118 Acknowledged seq: 2973153246
0.119 Assembling: source: 21881, dest: 10812, seq: 2973154698, ack: 96, window: 1452, data: "e adipiscing vit"...
0.119 Sent: b'Uy*<\xb16\xbd\x8a\x00\x00\x00`P\x00\x05\xac\x00\x00\x00\x00e adipiscing vit'...
0.121 Received: b'*<Uy\x00\x00\x00_\xb16\xc36P\x10\x05\xac\x00\x00\x00\x00'
0.121 Disassembled: source: 10812, dest: 21881, seq: 95, ack: 2973156150, window: 1452, ACK
0.122 Acknowledged seq: 2973154698
0.122 Assembling: source: 21881, dest: 10812, seq: 2973156150, ack: 96, window: 1452, data: "iber harum accus"...
0.122 Sent: b'Uy*<\xb16\xc36\x00\x00\x00`P\x00\x05\xac\x00\x00\x00\x00iber harum accus'...
0.124 Received: b'*<Uy\x00\x00\x00_\xb16\xc8\xe2P\x10\x05\xac\x00\x00\x00\x00'
0.125 Disassembled: source: 10812, dest: 21881, seq: 95, ack: 2973157602, window: 1452, ACK
0.125 Acknowledged seq: 2973156150
0.125 Assembling: source: 21881, dest: 10812, seq: 2973157602, ack: 96, window: 1452, data: "sententiae ne se"...
0.126 Sent: b'Uy*<\xb16\xc8\xe2\x00\x00\x00`P\x00\x05\xac\x00\x00\x00\x00sententiae ne se'...
0.128 Received: b'*<Uy\x00\x00\x00_\xb16\xce\x8eP\x10\x05\xac\x00\x00\x00\x00'
0.128 Disassembled: source: 10812, dest: 21881, seq: 95, ack: 2973159054, window: 1452, ACK
0.128 Acknowledged seq: 2973157602
0.129 Assembling: source: 21881, dest: 10812, seq: 2973159054, ack: 96, window: 1452, data: "uta debitis pert"...
0.129 Sent: b'Uy*<\xb16\xce\x8e\x00\x00\x00`P\x00\x05\xac\x00\x00\x00\x00uta debitis pert'...
0.131 Received: b'*<Uy\x00\x00\x00_\xb16\xd4:P\x10\x05\xac\x00\x00\x00\x00'
0.131 Disassembled: source: 10812, dest: 21881, seq: 95, ack: 2973160506, window: 1452, ACK
0.132 Acknowledged seq: 2973159054
0.132 Assembling: source: 21881, dest: 10812, seq: 2973160506, ack: 96, window: 1452, data: "e. An falli prim"...
0.132 Sent: b'Uy*<\xb16\xd4:\x00\x00\x00`P\x00\x05\xac\x00\x00\x00\x00e. An falli prim'...
0.134 Received: b'*<Uy\x00\x00\x00_\xb16\xd9\xe6P\x10\x05\xac\x00\x00\x00\x00'
0.135 Disassembled: source: 10812, dest: 21881, seq: 95, ack: 2973161958, window: 1452, ACK
0.135 Acknowledged seq: 2973160506
0.135 Assembling: source: 21881, dest: 10812, seq: 2973161958, ack: 96, window: 1452, data: "u eam, percipit "...
0.136 Sent: b'Uy*<\xb16\xd9\xe6\x00\x00\x00`P\x00\x05\xac\x00\x00\x00\x00u eam, percipit '...
0.137 Received: b'*<Uy\x00\x00\x00_\xb16\xdf\x92P\x10\x05\xac\x00\x00\x00\x00'
0.138 Disassembled: source: 10812, dest: 21881, seq: 95, ack: 2973163410, window: 1452, ACK
0.138 Acknowledged seq: 2973161958
0.138 Assembling: source: 21881, dest: 10812, seq: 2973163410, ack: 96, window: 1452, data: "nani docendi pat"...
0.139 Sent: b'Uy*<\xb16\xdf\x92\x00\x00\x00`P\x00\x05\xac\x00\x00\x00\x00nani docendi pat'...
0.141 Received: b'*<Uy\x00\x00\x00_\xb16\xe5>P\x10\x05\xac\x00\x00\x00\x00'
0.141 Disassembled: source: 10812, dest: 21881, seq: 95, ack: 2973164862, window: 1452, ACK
0.141 Acknowledged seq: 2973163410
0.142 Assembling: source: 21881, dest: 10812, seq: 2973164862, ack: 96, window: 1452, data: " decore possit r"...
0.142 Sent: b'Uy*<\xb16\xe5>\x00\x00\x00`P\x00\x05\xac\x00\x00\x00\x00 decore possit r'...
0.144 Received: b'*<Uy\x00\x00\x00_\xb16\xea\xeaP\x10\x05\xac\x00\x00\x00\x00'
0.144 Disassembled: source: 10812, dest: 21881, seq: 95, ack: 2973166314, window: 1452, ACK
0.145 Acknowledged seq: 2973164862
0.145 Assembling: source: 21881, dest: 10812, seq: 2973166314, ack: 96, window: 1452, data: " corpora consequ"...
0.145 Sent: b'Uy*<\xb16\xea\xea\x00\x00\x00`P\x00\x05\xac\x00\x00\x00\x00 corpora consequ'...
0.147 Received: b'*<Uy\x00\x00\x00_\xb16\xf0\x96P\x10\x05\xac\x00\x00\x00\x00'
0.147 Disassembled: source: 10812, dest: 21881, seq: 95, ack: 2973167766, window: 1452, ACK
0.148 Acknowledged seq: 2973166314
0.148 Assembling: source: 21881, dest: 10812, seq: 2973167766, ack: 96, window: 1452, data: "nctus conceptam "...
0.148 Sent: b'Uy*<\xb16\xf0\x96\x00\x00\x00`P\x00\x05\xac\x00\x00\x00\x00nctus conceptam '...
0.150 Received: b'*<Uy\x00\x00\x00_\xb16\xf6BP\x10\x05\xac\x00\x00\x00\x00'
0.151 Disassembled: source: 10812, dest: 21881, seq: 95, ack: 2973169218, window: 1452, ACK
0.151 Acknowledged seq: 2973167766
0.151 Assembling: source: 21881, dest: 10812, seq: 2973169218, ack: 96, window: 1452, data: "terno te, ne quo"...
0.152 Sent: b'Uy*<\xb16\xf6B\x00\x00\x00`P\x00\x05\xac\x00\x00\x00\x00terno te, ne quo'...
0.154 Received: b'*<Uy\x00\x00\x00_\xb16\xfb\xeeP\x10\x05\xac\x00\x00\x00\x00'
0.154 Disassembled: source: 10812, dest: 21881, seq: 95, ack: 2973170670, window: 1452, ACK
0.154 Acknowledged seq: 2973169218
0.154 Assembling: source: 21881, dest: 10812, seq: 2973170670, ack: 96, window: 1452, data: "orteat dissentiu"...
0.155 Sent: b'Uy*<\xb16\xfb\xee\x00\x00\x00`P\x00\x05\xac\x00\x00\x00\x00orteat dissentiu'...
0.157 Received: b'*<Uy\x00\x00\x00_\xb17\x01\x9aP\x10\x05\xac\x00\x00\x00\x00'
0.157 Disassembled: source: 10812, dest: 21881, seq: 95, ack: 2973172122, window: 1452, ACK
0.157 Acknowledged seq: 2973170670
0.158 Assembling: source: 21881, dest: 10812, seq: 2973172122, ack: 96, window: 1452, data: "tute molestie no"...
0.158 Sent: b'Uy*<\xb17\x01\x9a\x00\x00\x00`P\x00\x05\xac\x00\x00\x00\x00tute molestie no'...
0.160 Received: b'*<Uy\x00\x00\x00_\xb17\x07FP\x10\x05\xac\x00\x00\x00\x00'
0.161 Disassembled: source: 10812, dest: 21881, seq: 95, ack: 2973173574, window: 1452, ACK
0.161 Acknowledged seq: 2973172122
0.161 Assembling: source: 21881, dest: 10812, seq: 2973173574, ack: 96, window: 1452, data: "oluisse.

Sed ex"...
0.162 Sent: b'Uy*<\xb17\x07F\x00\x00\x00`P\x00\x05\xac\x00\x00\x00\x00oluisse.\n\nSed ex'...
0.164 Received: b'*<Uy\x00\x00\x00_\xb17\x0c\xf2P\x10\x05\xac\x00\x00\x00\x00'
0.164 Disassembled: source: 10812, dest: 21881, seq: 95, ack: 2973175026, window: 1452, ACK
0.164 Acknowledged seq: 2973173574
0.165 Assembling: source: 21881, dest: 10812, seq: 2973175026, ack: 96, window: 1452, data: " affert tollit l"...
0.165 Sent: b'Uy*<\xb17\x0c\xf2\x00\x00\x00`P\x00\x05\xac\x00\x00\x00\x00 affert tollit l'...
0.167 Received: b'*<Uy\x00\x00\x00_\xb17\x12\x9eP\x10\x05\xac\x00\x00\x00\x00'
0.168 Disassembled: source: 10812, dest: 21881, seq: 95, ack: 2973176478, window: 1452, ACK
0.168 Acknowledged seq: 2973175026
0.168 Assembling: source: 21881, dest: 10812, seq: 2973176478, ack: 96, window: 1452, data: "an. Ut per eirmo"...
0.169 Sent: b'Uy*<\xb17\x12\x9e\x00\x00\x00`P\x00\x05\xac\x00\x00\x00\x00an. Ut per eirmo'...
0.171 Received: b'*<Uy\x00\x00\x00_\xb17\x18JP\x10\x05\xac\x00\x00\x00\x00'
0.171 Disassembled: source: 10812, dest: 21881, seq: 95, ack: 2973177930, window: 1452, ACK
0.171 Acknowledged seq: 2973176478
0.172 Assembling: source: 21881, dest: 10812, seq: 2973177930, ack: 96, window: 1452, data: " inermis mnesarc"...
0.172 Sent: b'Uy*<\xb17\x18J\x00\x00\x00`P\x00\x05\xac\x00\x00\x00\x00 inermis mnesarc'...
0.174 Received: b'*<Uy\x00\x00\x00_\xb17\x1d\xf6P\x10\x05\xac\x00\x00\x00\x00'
0.174 Disassembled: source: 10812, dest: 21881, seq: 95, ack: 2973179382, window: 1452, ACK
0.174 Acknowledged seq: 2973177930
0.175 Assembling: source: 21881, dest: 10812, seq: 2973179382, ack: 96, window: 1452, data: "ue iracundia, an"...
0.175 Sent: b'Uy*<\xb17\x1d\xf6\x00\x00\x00`P\x00\x05\xac\x00\x00\x00\x00ue iracundia, an'...
0.177 Received: b'*<Uy\x00\x00\x00_\xb17#\xa2P\x10\x05\xac\x00\x00\x00\x00'
0.177 Disassembled: source: 10812, dest: 21881, seq: 95, ack: 2973180834, window: 1452, ACK
0.178 Acknowledged seq: 2973179382
0.178 Assembling: source: 21881, dest: 10812, seq: 2973180834, ack: 96, window: 1452, data: "ompta pro, vim e"...
0.178 Sent: b'Uy*<\xb17#\xa2\x00\x00\x00`P\x00\x05\xac\x00\x00\x00\x00ompta pro, vim e'...
0.180 Received: b'*<Uy\x00\x00\x00_\xb17)NP\x10\x05\xac\x00\x00\x00\x00'
0.181 Disassembled: source: 10812, dest: 21881, seq: 95, ack: 2973182286, window: 1452, ACK
0.181 Acknowledged seq: 2973180834
0.181 Assembling: source: 21881, dest: 10812, seq: 2973182286, ack: 96, window: 1452, data: "te sit, ex epicu"...
0.182 Sent: b'Uy*<\xb17)N\x00\x00\x00`P\x00\x05\xac\x00\x00\x00\x00te sit, ex epicu'...
0.183 Received: b'*<Uy\x00\x00\x00_\xb17.\xfaP\x10\x05\xac\x00\x00\x00\x00'
0.184 Disassembled: source: 10812, dest: 21881, seq: 95, ack: 2973183738, window: 1452, ACK
0.184 Acknowledged seq: 2973182286
0.184 Assembling: source: 21881, dest: 10812, seq: 2973183738, ack: 96, window: 1452, data: "llegebat, eu pro"...
0.185 Sent: b'Uy*<\xb17.\xfa\x00\x00\x00`P\x00\x05\xac\x00\x00\x00\x00llegebat, eu pro'...
0.186 Received: b'*<Uy\x00\x00\x00_\xb174\xa6P\x10\x05\xac\x00\x00\x00\x00'
0.187 Disassembled: source: 10812, dest: 21881, seq: 95, ack: 2973185190, window: 1452, ACK
0.187 Acknowledged seq: 2973183738
0.187 Assembling: source: 21881, dest: 10812, seq: 2973185190, ack: 96, window: 1452, data: "s. Per no sale v"...
0.188 Sent: b'Uy*<\xb174\xa6\x00\x00\x00`P\x00\x05\xac\x00\x00\x00\x00s. Per no sale v'...
0.190 Received: b'*<Uy\x00\x00\x00_\xb17:RP\x10\x05\xac\x00\x00\x00\x00'
0.190 Disassembled: source: 10812, dest: 21881, seq: 95, ack: 2973186642, window: 1452, ACK
0.190 Acknowledged seq: 2973185190
0.191 Assembling: source: 21881, dest: 10812, seq: 2973186642, ack: 96, window: 1452, data: "pte ea mel. Mea "...
0.191 Sent: b'Uy*<\xb17:R\x00\x00\x00`P\x00\x05\xac\x00\x00\x00\x00pte ea mel. Mea '...
0.193 Received: b'*<Uy\x00\x00\x00_\xb17?\xfeP\x10\x05\xac\x00\x00\x00\x00'
0.194 Disassembled: source: 10812, dest: 21881, seq: 95, ack: 2973188094, window: 1452, ACK
0.194 Acknowledged seq: 2973186642
0.194 Assembling: source: 21881, dest: 10812, seq: 2973188094, ack: 96, window: 1452, data: "acundia prodesse"...
0.195 Sent: b'Uy*<\xb17?\xfe\x00\x00\x00`P\x00\x05\xac\x00\x00\x00\x00acundia prodesse'...
0.196 Received: b'*<Uy\x00\x00\x00_\xb17E\xaaP\x10\x05\xac\x00\x00\x00\x00'
0.197 Disassembled: source: 10812, dest: 21881, seq: 95, ack: 2973189546, window: 1452, ACK
0.197 Acknowledged seq: 2973188094
0.197 Assembling: source: 21881, dest: 10812, seq: 2973189546, ack: 96, window: 1452, data: " scribentur. Ex "...
0.198 Sent: b'Uy*<\xb17E\xaa\x00\x00\x00`P\x00\x05\xac\x00\x00\x00\x00 scribentur. Ex '...
0.200 Received: b'*<Uy\x00\x00\x00_\xb17KVP\x10\x05\xac\x00\x00\x00\x00'
0.200 Disassembled: source: 10812, dest: 21881, seq: 95, ack: 2973190998, window: 1452, ACK
0.200 Acknowledged seq: 2973189546
0.201 Assembling: source: 21881, dest: 10812, seq: 2973190998, ack: 96, window: 1452, data: "us malorum assen"...
0.201 Sent: b'Uy*<\xb17KV\x00\x00\x00`P\x00\x05\xac\x00\x00\x00\x00us malorum assen'...
0.203 Received: b'*<Uy\x00\x00\x00_\xb17Q\x02P\x10\x05\xac\x00\x00\x00\x00'
0.203 Disassembled: source: 10812, dest: 21881, seq: 95, ack: 2973192450, window: 1452, ACK
0.204 Acknowledged seq: 2973190998
0.204 Assembling: source: 21881, dest: 10812, seq: 2973192450, ack: 96, window: 1452, data: "o ei, vel id anc"...
0.204 Sent: b'Uy*<\xb17Q\x02\x00\x00\x00`P\x00\x05\xac\x00\x00\x00\x00o ei, vel id anc'...
0.206 Received: b'*<Uy\x00\x00\x00_\xb17V\xaeP\x10\x05\xac\x00\x00\x00\x00'
0.207 Disassembled: source: 10812, dest: 21881, seq: 95, ack: 2973193902, window: 1452, ACK
0.207 Acknowledged seq: 2973192450
0.207 Assembling: source: 21881, dest: 10812, seq: 2973193902, ack: 96, window: 1452, data: "s accommodare, e"...
0.208 Sent: b'Uy*<\xb17V\xae\x00\x00\x00`P\x00\x05\xac\x00\x00\x00\x00s accommodare, e'...
0.210 Received: b'*<Uy\x00\x00\x00_\xb17\\ZP\x10\x05\xac\x00\x00\x00\x00'
0.210 Disassembled: source: 10812, dest: 21881, seq: 95, ack: 2973195354, window: 1452, ACK
0.210 Acknowledged seq: 2973193902
0.210 Assembling: source: 21881, dest: 10812, seq: 2973195354, ack: 96, window: 1452, data: "In sed quot sape"...
0.211 Sent: b'Uy*<\xb17\\Z\x00\x00\x00`P\x00\x05\xac\x00\x00\x00\x00In sed quot sape'...
0.213 Received: b'*<Uy\x00\x00\x00_\xb17b\x06P\x10\x05\xac\x00\x00\x00\x00'
0.213 Disassembled: source: 10812, dest: 21881, seq: 95, ack: 2973196806, window: 1452, ACK
0.213 Acknowledged seq: 2973195354
0.214 Assembling: source: 21881, dest: 10812, seq: 2973196806, ack: 96, window: 1452, data: "nes mel, quo cas"...
0.214 Sent: b'Uy*<\xb17b\x06\x00\x00\x00`P\x00\x05\xac\x00\x00\x00\x00nes mel, quo cas'...
0.216 Received: b'*<Uy\x00\x00\x00_\xb17g\xb2P\x10\x05\xac\x00\x00\x00\x00'
0.217 Disassembled: source: 10812, dest: 21881, seq: 95, ack: 2973198258, window: 1452, ACK
0.217 Acknowledged seq: 2973196806
0.217 Assembling: source: 21881, dest: 10812, seq: 2973198258, ack: 96, window: 1452, data: "corpora adipisci"...
0.218 Sent: b'Uy*<\xb17g\xb2\x00\x00\x00`P\x00\x05\xac\x00\x00\x00\x00corpora adipisci'...
0.220 Received: b'*<Uy\x00\x00\x00_\xb17m^P\x10\x05\xac\x00\x00\x00\x00'
0.220 Disassembled: source: 10812, dest: 21881, seq: 95, ack: 2973199710, window: 1452, ACK
0.220 Acknowledged seq: 2973198258
0.220 Assembling: source: 21881, dest: 10812, seq: 2973199710, ack: 96, window: 1452, data: "o homero copiosa"...
0.221 Sent: b'Uy*<\xb17m^\x00\x00\x00`P\x00\x05\xac\x00\x00\x00\x00o homero copiosa'...
0.223 Received: b'*<Uy\x00\x00\x00_\xb17s\nP\x10\x05\xac\x00\x00\x00\x00'
0.223 Disassembled: source: 10812, dest: 21881, seq: 95, ack: 2973201162, window: 1452, ACK
0.224 Acknowledged seq: 2973199710
0.224 Assembling: source: 21881, dest: 10812, seq: 2973201162, ack: 96, window: 1452, data: "ctram. Pri ne an"...
0.224 Sent: b'Uy*<\xb17s\n\x00\x00\x00`P\x00\x05\xac\x00\x00\x00\x00ctram. Pri ne an'...
0.226 Received: b'*<Uy\x00\x00\x00_\xb17x\xb6P\x10\x05\xac\x00\x00\x00\x00'
0.227 Disassembled: source: 10812, dest: 21881, seq: 95, ack: 2973202614, window: 1452, ACK
0.227 Acknowledged seq: 2973201162
0.227 Assembling: source: 21881, dest: 10812, seq: 2973202614, ack: 96, window: 1452, data: "o no. Elitr poss"...
0.228 Sent: b'Uy*<\xb17x\xb6\x00\x00\x00`P\x00\x05\xac\x00\x00\x00\x00o no. Elitr poss'...
0.230 Received: b'*<Uy\x00\x00\x00_\xb17~bP\x10\x05\xac\x00\x00\x00\x00'
0.230 Disassembled: source: 10812, dest: 21881, seq: 95, ack: 2973204066, window: 1452, ACK
0.230 Acknowledged seq: 2973202614
0.230 Assembling: source: 21881, dest: 10812, seq: 2973204066, ack: 96, window: 1452, data: "ris, sea ex utin"...
0.231 Sent: b'Uy*<\xb17~b\x00\x00\x00`P\x00\x05\xac\x00\x00\x00\x00ris, sea ex utin'...
0.234 Received: b'*<Uy\x00\x00\x00_\xb17\x84\x0eP\x10\x05\xac\x00\x00\x00\x00'
0.234 Disassembled: source: 10812, dest: 21881, seq: 95, ack: 2973205518, window: 1452, ACK
0.234 Acknowledged seq: 2973204066
0.235 Assembling: source: 21881, dest: 10812, seq: 2973205518, ack: 96, window: 1452, data: "inimicus in his."...
0.235 Sent: b'Uy*<\xb17\x84\x0e\x00\x00\x00`P\x00\x05\xac\x00\x00\x00\x00inimicus in his.'...
0.238 Received: b'*<Uy\x00\x00\x00_\xb17\x89\xbaP\x10\x05\xac\x00\x00\x00\x00'
0.238 Disassembled: source: 10812, dest: 21881, seq: 95, ack: 2973206970, window: 1452, ACK
0.239 Acknowledged seq: 2973205518
0.239 Assembling: source: 21881, dest: 10812, seq: 2973206970, ack: 96, window: 1452, data: "iis et.

Ius cu "...
0.239 Sent: b'Uy*<\xb17\x89\xba\x00\x00\x00`P\x00\x05\xac\x00\x00\x00\x00iis et.\n\nIus cu '...
0.242 Received: b'*<Uy\x00\x00\x00_\xb17\x8ffP\x10\x05\xac\x00\x00\x00\x00'
0.243 Disassembled: source: 10812, dest: 21881, seq: 95, ack: 2973208422, window: 1452, ACK
0.243 Acknowledged seq: 2973206970
0.243 Assembling: source: 21881, dest: 10812, seq: 2973208422, ack: 96, window: 1452, data: "teresset.

Te ni"...
0.244 Sent: b'Uy*<\xb17\x8ff\x00\x00\x00`P\x00\x05\xac\x00\x00\x00\x00teresset.\n\nTe ni'...
0.246 Received: b'*<Uy\x00\x00\x00_\xb17\x95\x12P\x10\x05\xac\x00\x00\x00\x00'
0.247 Disassembled: source: 10812, dest: 21881, seq: 95, ack: 2973209874, window: 1452, ACK
0.247 Acknowledged seq: 2973208422
0.247 Assembling: source: 21881, dest: 10812, seq: 2973209874, ack: 96, window: 1452, data: " volutpat corrum"...
0.248 Sent: b'Uy*<\xb17\x95\x12\x00\x00\x00`P\x00\x05\xac\x00\x00\x00\x00 volutpat corrum'...
0.249 Received: b'*<Uy\x00\x00\x00_\xb17\x9a\xbeP\x10\x05\xac\x00\x00\x00\x00'
0.250 Disassembled: source: 10812, dest: 21881, seq: 95, ack: 2973211326, window: 1452, ACK
0.250 Acknowledged seq: 2973209874
0.250 Assembling: source: 21881, dest: 10812, seq: 2973211326, ack: 96, window: 1452, data: "dem definiebas, "...
0.251 Sent: b'Uy*<\xb17\x9a\xbe\x00\x00\x00`P\x00\x05\xac\x00\x00\x00\x00dem definiebas, '...
0.253 Received: b'*<Uy\x00\x00\x00_\xb17\xa0jP\x10\x05\xac\x00\x00\x00\x00'
0.253 Disassembled: source: 10812, dest: 21881, seq: 95, ack: 2973212778, window: 1452, ACK
0.253 Acknowledged seq: 2973211326
0.254 Assembling: source: 21881, dest: 10812, seq: 2973212778, ack: 96, window: 1452, data: "tibus eam, has c"...
0.254 Sent: b'Uy*<\xb17\xa0j\x00\x00\x00`P\x00\x05\xac\x00\x00\x00\x00tibus eam, has c'...
0.256 Received: b'*<Uy\x00\x00\x00_\xb17\xa6\x16P\x10\x05\xac\x00\x00\x00\x00'
0.256 Disassembled: source: 10812, dest: 21881, seq: 95, ack: 2973214230, window: 1452, ACK
0.257 Acknowledged seq: 2973212778
0.257 Assembling: source: 21881, dest: 10812, seq: 2973214230, ack: 96, window: 1452, data: "em qui no. Ad ea"...
0.257 Sent: b'Uy*<\xb17\xa6\x16\x00\x00\x00`P\x00\x05\xac\x00\x00\x00\x00em qui no. Ad ea'...
0.259 Received: b'*<Uy\x00\x00\x00_\xb17\xab\xc2P\x10\x05\xac\x00\x00\x00\x00'
0.259 Disassembled: source: 10812, dest: 21881, seq: 95, ack: 2973215682, window: 1452, ACK
0.260 Acknowledged seq: 2973214230
0.260 Assembling: source: 21881, dest: 10812, seq: 2973215682, ack: 96, window: 1452, data: " nusquam, utamur"...
0.260 Sent: b'Uy*<\xb17\xab\xc2\x00\x00\x00`P\x00\x05\xac\x00\x00\x00\x00 nusquam, utamur'...
0.262 Received: b'*<Uy\x00\x00\x00_\xb17\xb1nP\x10\x05\xac\x00\x00\x00\x00'
0.263 Disassembled: source: 10812, dest: 21881, seq: 95, ack: 2973217134, window: 1452, ACK
0.263 Acknowledged seq: 2973215682
0.263 Assembling: source: 21881, dest: 10812, seq: 2973217134, ack: 96, window: 1452, data: "cibo magna glori"...
0.264 Sent: b'Uy*<\xb17\xb1n\x00\x00\x00`P\x00\x05\xac\x00\x00\x00\x00cibo magna glori'...
0.265 Received: b'*<Uy\x00\x00\x00_\xb17\xb7\x1aP\x10\x05\xac\x00\x00\x00\x00'
0.266 Disassembled: source: 10812, dest: 21881, seq: 95, ack: 2973218586, window: 1452, ACK
0.266 Acknowledged seq: 2973217134
0.266 Assembling: source: 21881, dest: 10812, seq: 2973218586, ack: 96, window: 1452, data: " te duo, eam cu "...
0.267 Sent: b'Uy*<\xb17\xb7\x1a\x00\x00\x00`P\x00\x05\xac\x00\x00\x00\x00 te duo, eam cu '...
0.269 Received: b'*<Uy\x00\x00\x00_\xb17\xbc\xc6P\x10\x05\xac\x00\x00\x00\x00'
0.269 Disassembled: source: 10812, dest: 21881, seq: 95, ack: 2973220038, window: 1452, ACK
0.270 Acknowledged seq: 2973218586
0.270 Assembling: source: 21881, dest: 10812, seq: 2973220038, ack: 96, window: 1452, data: " denique volupta"...
0.270 Sent: b'Uy*<\xb17\xbc\xc6\x00\x00\x00`P\x00\x05\xac\x00\x00\x00\x00 denique volupta'...
0.272 Received: b'*<Uy\x00\x00\x00_\xb17\xc2rP\x10\x05\xac\x00\x00\x00\x00'
0.273 Disassembled: source: 10812, dest: 21881, seq: 95, ack: 2973221490, window: 1452, ACK
0.273 Acknowledged seq: 2973220038
0.273 Assembling: source: 21881, dest: 10812, seq: 2973221490, ack: 96, window: 1452, data: "at ius alii indo"...
0.274 Sent: b'Uy*<\xb17\xc2r\x00\x00\x00`P\x00\x05\xac\x00\x00\x00\x00at ius alii indo'...
0.276 Received: b'*<Uy\x00\x00\x00_\xb17\xc8\x1eP\x10\x05\xac\x00\x00\x00\x00'
0.276 Disassembled: source: 10812, dest: 21881, seq: 95, ack: 2973222942, window: 1452, ACK
0.276 Acknowledged seq: 2973221490
0.277 Assembling: source: 21881, dest: 10812, seq: 2973222942, ack: 96, window: 1452, data: "issim, his facet"...
0.277 Sent: b'Uy*<\xb17\xc8\x1e\x00\x00\x00`P\x00\x05\xac\x00\x00\x00\x00issim, his facet'...
0.279 Received: b'*<Uy\x00\x00\x00_\xb17\xcd\xcaP\x10\x05\xac\x00\x00\x00\x00'
0.280 Disassembled: source: 10812, dest: 21881, seq: 95, ack: 2973224394, window: 1452, ACK
0.280 Acknowledged seq: 2973222942
0.280 Assembling: source: 21881, dest: 10812, seq: 2973224394, ack: 96, window: 1452, data: " alia dolor comp"...
0.281 Sent: b'Uy*<\xb17\xcd\xca\x00\x00\x00`P\x00\x05\xac\x00\x00\x00\x00 alia dolor comp'...
0.283 Received: b'*<Uy\x00\x00\x00_\xb17\xd3vP\x10\x05\xac\x00\x00\x00\x00'
0.283 Disassembled: source: 10812, dest: 21881, seq: 95, ack: 2973225846, window: 1452, ACK
0.284 Acknowledged seq: 2973224394
0.284 Assembling: source: 21881, dest: 10812, seq: 2973225846, ack: 96, window: 1452, data: ", reque tempor e"...
0.284 Sent: b'Uy*<\xb17\xd3v\x00\x00\x00`P\x00\x05\xac\x00\x00\x00\x00, reque tempor e'...
0.286 Received: b'*<Uy\x00\x00\x00_\xb17\xd9"P\x10\x05\xac\x00\x00\x00\x00'
0.286 Disassembled: source: 10812, dest: 21881, seq: 95, ack: 2973227298, window: 1452, ACK
0.287 Acknowledged seq: 2973225846
0.287 Assembling: source: 21881, dest: 10812, seq: 2973227298, ack: 96, window: 1452, data: "
Equidem vivendo"...
0.287 Sent: b'Uy*<\xb17\xd9"\x00\x00\x00`P\x00\x05\xac\x00\x00\x00\x00\nEquidem vivendo'...
0.289 Received: b'*<Uy\x00\x00\x00_\xb17\xde\xceP\x10\x05\xac\x00\x00\x00\x00'
0.290 Disassembled: source: 10812, dest: 21881, seq: 95, ack: 2973228750, window: 1452, ACK
0.290 Acknowledged seq: 2973227298
0.290 Assembling: source: 21881, dest: 10812, seq: 2973228750, ack: 96, window: 1452, data: "ffert petentium "...
0.291 Sent: b'Uy*<\xb17\xde\xce\x00\x00\x00`P\x00\x05\xac\x00\x00\x00\x00ffert petentium '...
0.292 Received: b'*<Uy\x00\x00\x00_\xb17\xe4zP\x10\x05\xac\x00\x00\x00\x00'
0.293 Disassembled: source: 10812, dest: 21881, seq: 95, ack: 2973230202, window: 1452, ACK
0.293 Acknowledged seq: 2973228750
0.293 Assembling: source: 21881, dest: 10812, seq: 2973230202, ack: 96, window: 1452, data: "uripidis. Te ips"...
0.294 Sent: b'Uy*<\xb17\xe4z\x00\x00\x00`P\x00\x05\xac\x00\x00\x00\x00uripidis. Te ips'...
0.295 Received: b'*<Uy\x00\x00\x00_\xb17\xea&P\x10\x05\xac\x00\x00\x00\x00'
0.296 Disassembled: source: 10812, dest: 21881, seq: 95, ack: 2973231654, window: 1452, ACK
0.296 Acknowledged seq: 2973230202
0.296 Assembling: source: 21881, dest: 10812, seq: 2973231654, ack: 96, window: 1452, data: "e, pro ei dicunt"...
0.297 Sent: b'Uy*<\xb17\xea&\x00\x00\x00`P\x00\x05\xac\x00\x00\x00\x00e, pro ei dicunt'...
0.299 Received: b'*<Uy\x00\x00\x00_\xb17\xef\xd2P\x10\x05\xac\x00\x00\x00\x00'
0.299 Disassembled: source: 10812, dest: 21881, seq: 95, ack: 2973233106, window: 1452, ACK
0.300 Acknowledged seq: 2973231654
0.300 Assembling: source: 21881, dest: 10812, seq: 2973233106, ack: 96, window: 1452, data: "iandae cu. Vel p"...
0.300 Sent: b'Uy*<\xb17\xef\xd2\x00\x00\x00`P\x00\x05\xac\x00\x00\x00\x00iandae cu. Vel p'...
0.302 Received: b'*<Uy\x00\x00\x00_\xb17\xf5~P\x10\x05\xac\x00\x00\x00\x00'
0.303 Disassembled: source: 10812, dest: 21881, seq: 95, ack: 2973234558, window: 1452, ACK
0.303 Acknowledged seq: 2973233106
0.303 Assembling: source: 21881, dest: 10812, seq: 2973234558, ack: 96, window: 1452, data: " et case diceret"...
0.304 Sent: b'Uy*<\xb17\xf5~\x00\x00\x00`P\x00\x05\xac\x00\x00\x00\x00 et case diceret'...
0.306 Received: b'*<Uy\x00\x00\x00_\xb17\xfb*P\x10\x05\xac\x00\x00\x00\x00'
0.306 Disassembled: source: 10812, dest: 21881, seq: 95, ack: 2973236010, window: 1452, ACK
0.307 Acknowledged seq: 2973234558
0.307 Assembling: source: 21881, dest: 10812, seq: 2973236010, ack: 96, window: 1452, data: "et epicuri aliqu"...
0.307 Sent: b'Uy*<\xb17\xfb*\x00\x00\x00`P\x00\x05\xac\x00\x00\x00\x00et epicuri aliqu'...
0.309 Received: b'*<Uy\x00\x00\x00_\xb18\x00\xd6P\x10\x05\xac\x00\x00\x00\x00'
0.310 Disassembled: source: 10812, dest: 21881, seq: 95, ack: 2973237462, window: 1452, ACK
0.310 Acknowledged seq: 2973236010
0.310 Assembling: source: 21881, dest: 10812, seq: 2973237462, ack: 96, window: 1452, data: "o mollis nostrud"...
0.311 Sent: b'Uy*<\xb18\x00\xd6\x00\x00\x00`P\x00\x05\xac\x00\x00\x00\x00o mollis nostrud'...
0.312 Received: b'*<Uy\x00\x00\x00_\xb18\x06\x82P\x10\x05\xac\x00\x00\x00\x00'
0.313 Disassembled: source: 10812, dest: 21881, seq: 95, ack: 2973238914, window: 1452, ACK
0.313 Acknowledged seq: 2973237462
0.313 Assembling: source: 21881, dest: 10812, seq: 2973238914, ack: 96, window: 1452, data: "ue te.Lorem ipsu"...
0.314 Sent: b'Uy*<\xb18\x06\x82\x00\x00\x00`P\x00\x05\xac\x00\x00\x00\x00ue te.Lorem ipsu'...
0.316 Received: b'*<Uy\x00\x00\x00_\xb18\x0c.P\x10\x05\xac\x00\x00\x00\x00'
0.316 Disassembled: source: 10812, dest: 21881, seq: 95, ack: 2973240366, window: 1452, ACK
0.317 Acknowledged seq: 2973238914
0.317 Assembling: source: 21881, dest: 10812, seq: 2973240366, ack: 96, window: 1452, data: "comprehensam nam"...
0.317 Sent: b'Uy*<\xb18\x0c.\x00\x00\x00`P\x00\x05\xac\x00\x00\x00\x00comprehensam nam'...
0.319 Received: b'*<Uy\x00\x00\x00_\xb18\x11\xdaP\x10\x05\xac\x00\x00\x00\x00'
0.320 Disassembled: source: 10812, dest: 21881, seq: 95, ack: 2973241818, window: 1452, ACK
0.320 Acknowledged seq: 2973240366
0.320 Assembling: source: 21881, dest: 10812, seq: 2973241818, ack: 96, window: 1452, data: "isi repudiare se"...
0.321 Sent: b'Uy*<\xb18\x11\xda\x00\x00\x00`P\x00\x05\xac\x00\x00\x00\x00isi repudiare se'...
0.323 Received: b'*<Uy\x00\x00\x00_\xb18\x17\x86P\x10\x05\xac\x00\x00\x00\x00'
0.323 Disassembled: source: 10812, dest: 21881, seq: 95, ack: 2973243270, window: 1452, ACK
0.323 Acknowledged seq: 2973241818
0.324 Assembling: source: 21881, dest: 10812, seq: 2973243270, ack: 96, window: 1452, data: "t essent scripta"...
0.324 Sent: b'Uy*<\xb18\x17\x86\x00\x00\x00`P\x00\x05\xac\x00\x00\x00\x00t essent scripta'...
0.326 Received: b'*<Uy\x00\x00\x00_\xb18\x1d2P\x10\x05\xac\x00\x00\x00\x00'
0.326 Disassembled: source: 10812, dest: 21881, seq: 95, ack: 2973244722, window: 1452, ACK
0.327 Acknowledged seq: 2973243270
0.327 Assembling: source: 21881, dest: 10812, seq: 2973244722, ack: 96, window: 1452, data: "ctatos sadipscin"...
0.327 Sent: b'Uy*<\xb18\x1d2\x00\x00\x00`P\x00\x05\xac\x00\x00\x00\x00ctatos sadipscin'...
0.329 Received: b'*<Uy\x00\x00\x00_\xb18"\xdeP\x10\x05\xac\x00\x00\x00\x00'
0.330 Disassembled: source: 10812, dest: 21881, seq: 95, ack: 2973246174, window: 1452, ACK
0.330 Acknowledged seq: 2973244722
0.330 Assembling: source: 21881, dest: 10812, seq: 2973246174, ack: 96, window: 1452, data: "apientem ea, ad "...
0.331 Sent: b'Uy*<\xb18"\xde\x00\x00\x00`P\x00\x05\xac\x00\x00\x00\x00apientem ea, ad '...
0.333 Received: b'*<Uy\x00\x00\x00_\xb18(\x8aP\x10\x05\xac\x00\x00\x00\x00'
0.333 Disassembled: source: 10812, dest: 21881, seq: 95, ack: 2973247626, window: 1452, ACK
0.333 Acknowledged seq: 2973246174
0.334 Assembling: source: 21881, dest: 10812, seq: 2973247626, ack: 96, window: 1452, data: " invenire partie"...
0.334 Sent: b'Uy*<\xb18(\x8a\x00\x00\x00`P\x00\x05\xac\x00\x00\x00\x00 invenire partie'...
0.336 Received: b'*<Uy\x00\x00\x00_\xb18.6P\x10\x05\xac\x00\x00\x00\x00'
0.337 Disassembled: source: 10812, dest: 21881, seq: 95, ack: 2973249078, window: 1452, ACK
0.337 Acknowledged seq: 2973247626
0.337 Assembling: source: 21881, dest: 10812, seq: 2973249078, ack: 96, window: 1452, data: "Qui id facer fac"...
0.338 Sent: b'Uy*<\xb18.6\x00\x00\x00`P\x00\x05\xac\x00\x00\x00\x00Qui id facer fac'...
0.340 Received: b'*<Uy\x00\x00\x00_\xb183\xe2P\x10\x05\xac\x00\x00\x00\x00'
0.340 Disassembled: source: 10812, dest: 21881, seq: 95, ack: 2973250530, window: 1452, ACK
0.340 Acknowledged seq: 2973249078
0.341 Assembling: source: 21881, dest: 10812, seq: 2973250530, ack: 96, window: 1452, data: "t pro. Duo ea au"...
0.341 Sent: b'Uy*<\xb183\xe2\x00\x00\x00`P\x00\x05\xac\x00\x00\x00\x00t pro. Duo ea au'...
0.343 Received: b'*<Uy\x00\x00\x00_\xb189\x8eP\x10\x05\xac\x00\x00\x00\x00'
0.344 Disassembled: source: 10812, dest: 21881, seq: 95, ack: 2973251982, window: 1452, ACK
0.344 Acknowledged seq: 2973250530
0.344 Assembling: source: 21881, dest: 10812, seq: 2973251982, ack: 96, window: 1452, data: "trioque adipisci"...
0.344 Sent: b'Uy*<\xb189\x8e\x00\x00\x00`P\x00\x05\xac\x00\x00\x00\x00trioque adipisci'...
0.346 Received: b'*<Uy\x00\x00\x00_\xb18?:P\x10\x05\xac\x00\x00\x00\x00'
0.347 Disassembled: source: 10812, dest: 21881, seq: 95, ack: 2973253434, window: 1452, ACK
0.347 Acknowledged seq: 2973251982
0.347 Assembling: source: 21881, dest: 10812, seq: 2973253434, ack: 96, window: 1452, data: "nec. Liber harum"...
0.348 Sent: b'Uy*<\xb18?:\x00\x00\x00`P\x00\x05\xac\x00\x00\x00\x00nec. Liber harum'...
0.350 Received: b'*<Uy\x00\x00\x00_\xb18D\xe6P\x10\x05\xac\x00\x00\x00\x00'
0.350 Disassembled: source: 10812, dest: 21881, seq: 95, ack: 2973254886, window: 1452, ACK
0.350 Acknowledged seq: 2973253434
0.351 Assembling: source: 21881, dest: 10812, seq: 2973254886, ack: 96, window: 1452, data: "isset sententiae"...
0.351 Sent: b'Uy*<\xb18D\xe6\x00\x00\x00`P\x00\x05\xac\x00\x00\x00\x00isset sententiae'...
0.353 Received: b'*<Uy\x00\x00\x00_\xb18J\x92P\x10\x05\xac\x00\x00\x00\x00'
0.354 Disassembled: source: 10812, dest: 21881, seq: 95, ack: 2973256338, window: 1452, ACK
0.354 Acknowledged seq: 2973254886
0.354 Assembling: source: 21881, dest: 10812, seq: 2973256338, ack: 96, window: 1452, data: "at soluta debiti"...
0.355 Sent: b'Uy*<\xb18J\x92\x00\x00\x00`P\x00\x05\xac\x00\x00\x00\x00at soluta debiti'...
0.356 Received: b'*<Uy\x00\x00\x00_\xb18P>P\x10\x05\xac\x00\x00\x00\x00'
0.357 Disassembled: source: 10812, dest: 21881, seq: 95, ack: 2973257790, window: 1452, ACK
0.357 Acknowledged seq: 2973256338
0.357 Assembling: source: 21881, dest: 10812, seq: 2973257790, ack: 96, window: 1452, data: " est ne. An fall"...
0.358 Sent: b'Uy*<\xb18P>\x00\x00\x00`P\x00\x05\xac\x00\x00\x00\x00 est ne. An fall'...
0.360 Received: b'*<Uy\x00\x00\x00_\xb18U\xeaP\x10\x05\xac\x00\x00\x00\x00'
0.360 Disassembled: source: 10812, dest: 21881, seq: 95, ack: 2973259242, window: 1452, ACK
0.361 Acknowledged seq: 2973257790
0.361 Assembling: source: 21881, dest: 10812, seq: 2973259242, ack: 96, window: 1452, data: "idis eu eam, per"...
0.361 Sent: b'Uy*<\xb18U\xea\x00\x00\x00`P\x00\x05\xac\x00\x00\x00\x00idis eu eam, per'...
0.363 Received: b'*<Uy\x00\x00\x00_\xb18[\x96P\x10\x05\xac\x00\x00\x00\x00'
0.364 Disassembled: source: 10812, dest: 21881, seq: 95, ack: 2973260694, window: 1452, ACK
0.364 Acknowledged seq: 2973259242
0.364 Assembling: source: 21881, dest: 10812, seq: 2973260694, ack: 96, window: 1452, data: ", ei inani docen"...
0.365 Sent: b'Uy*<\xb18[\x96\x00\x00\x00`P\x00\x05\xac\x00\x00\x00\x00, ei inani docen'...
0.367 Received: b'*<Uy\x00\x00\x00_\xb18aBP\x10\x05\xac\x00\x00\x00\x00'
0.367 Disassembled: source: 10812, dest: 21881, seq: 95, ack: 2973262146, window: 1452, ACK
0.368 Acknowledged seq: 2973260694
0.368 Assembling: source: 21881, dest: 10812, seq: 2973262146, ack: 96, window: 1452, data: "e, vis decore po"...
0.368 Sent: b'Uy*<\xb18aB\x00\x00\x00`P\x00\x05\xac\x00\x00\x00\x00e, vis decore po'...
0.370 Received: b'*<Uy\x00\x00\x00_\xb18f\xeeP\x10\x05\xac\x00\x00\x00\x00'
0.371 Disassembled: source: 10812, dest: 21881, seq: 95, ack: 2973263598, window: 1452, ACK
0.371 Acknowledged seq: 2973262146
0.371 Assembling: source: 21881, dest: 10812, seq: 2973263598, ack: 96, window: 1452, data: "m odio corpora c"...
0.372 Sent: b'Uy*<\xb18f\xee\x00\x00\x00`P\x00\x05\xac\x00\x00\x00\x00m odio corpora c'...
0.373 Received: b'*<Uy\x00\x00\x00_\xb18l\x9aP\x10\x05\xac\x00\x00\x00\x00'
0.374 Disassembled: source: 10812, dest: 21881, seq: 95, ack: 2973265050, window: 1452, ACK
0.374 Acknowledged seq: 2973263598
0.374 Assembling: source: 21881, dest: 10812, seq: 2973265050, ack: 96, window: 1452, data: "Usu sanctus conc"...
0.375 Sent: b'Uy*<\xb18l\x9a\x00\x00\x00`P\x00\x05\xac\x00\x00\x00\x00Usu sanctus conc'...
0.377 Received: b'*<Uy\x00\x00\x00_\xb18rFP\x10\x05\xac\x00\x00\x00\x00'
0.377 Disassembled: source: 10812, dest: 21881, seq: 95, ack: 2973266502, window: 1452, ACK
0.378 Acknowledged seq: 2973265050
0.378 Assembling: source: 21881, dest: 10812, seq: 2973266502, ack: 96, window: 1452, data: "eco aeterno te, "...
0.378 Sent: b'Uy*<\xb18rF\x00\x00\x00`P\x00\x05\xac\x00\x00\x00\x00eco aeterno te, '...
0.380 Received: b'*<Uy\x00\x00\x00_\xb18w\xf2P\x10\x05\xac\x00\x00\x00\x00'
0.381 Disassembled: source: 10812, dest: 21881, seq: 95, ack: 2973267954, window: 1452, ACK
0.381 Acknowledged seq: 2973266502
0.381 Assembling: source: 21881, dest: 10812, seq: 2973267954, ack: 96, window: 1452, data: "mis oporteat dis"...
0.382 Sent: b'Uy*<\xb18w\xf2\x00\x00\x00`P\x00\x05\xac\x00\x00\x00\x00mis oporteat dis'...
0.383 Received: b'*<Uy\x00\x00\x00_\xb18}\x9eP\x10\x05\xac\x00\x00\x00\x00'
0.384 Disassembled: source: 10812, dest: 21881, seq: 95, ack: 2973269406, window: 1452, ACK
0.384 Acknowledged seq: 2973267954
0.384 Assembling: source: 21881, dest: 10812, seq: 2973269406, ack: 96, window: 1452, data: "as virtute moles"...
0.385 Sent: b'Uy*<\xb18}\x9e\x00\x00\x00`P\x00\x05\xac\x00\x00\x00\x00as virtute moles'...
0.387 Received: b'*<Uy\x00\x00\x00_\xb18\x83JP\x10\x05\xac\x00\x00\x00\x00'
0.387 Disassembled: source: 10812, dest: 21881, seq: 95, ack: 2973270858, window: 1452, ACK
0.388 Acknowledged seq: 2973269406
0.388 Assembling: source: 21881, dest: 10812, seq: 2973270858, ack: 96, window: 1452, data: "llae noluisse.

"...
0.388 Sent: b'Uy*<\xb18\x83J\x00\x00\x00`P\x00\x05\xac\x00\x00\x00\x00llae noluisse.\n\n'...
0.390 Received: b'*<Uy\x00\x00\x00_\xb18\x88\xf6P\x10\x05\xac\x00\x00\x00\x00'
0.391 Disassembled: source: 10812, dest: 21881, seq: 95, ack: 2973272310, window: 1452, ACK
0.391 Acknowledged seq: 2973270858
0.391 Assembling: source: 21881, dest: 10812, seq: 2973272310, ack: 96, window: 1452, data: "At duo affert to"...
0.392 Sent: b'Uy*<\xb18\x88\xf6\x00\x00\x00`P\x00\x05\xac\x00\x00\x00\x00At duo affert to'...
0.394 Received: b'*<Uy\x00\x00\x00_\xb18\x8e\xa2P\x10\x05\xac\x00\x00\x00\x00'
0.394 Disassembled: source: 10812, dest: 21881, seq: 95, ack: 2973273762, window: 1452, ACK
0.394 Acknowledged seq: 2973272310
0.395 Assembling: source: 21881, dest: 10812, seq: 2973273762, ack: 96, window: 1452, data: "r eam an. Ut per"...
0.395 Sent: b'Uy*<\xb18\x8e\xa2\x00\x00\x00`P\x00\x05\xac\x00\x00\x00\x00r eam an. Ut per'...
0.397 Received: b'*<Uy\x00\x00\x00_\xb18\x94NP\x10\x05\xac\x00\x00\x00\x00'
0.398 Disassembled: source: 10812, dest: 21881, seq: 95, ack: 2973275214, window: 1452, ACK
0.398 Acknowledged seq: 2973273762
0.398 Assembling: source: 21881, dest: 10812, seq: 2973275214, ack: 96, window: 1452, data: "ea ex, inermis m"...
0.399 Sent: b'Uy*<\xb18\x94N\x00\x00\x00`P\x00\x05\xac\x00\x00\x00\x00ea ex, inermis m'...
0.400 Received: b'*<Uy\x00\x00\x00_\xb18\x99\xfaP\x10\x05\xac\x00\x00\x00\x00'
0.401 Disassembled: source: 10812, dest: 21881, seq: 95, ack: 2973276666, window: 1452, ACK
0.401 Acknowledged seq: 2973275214
0.401 Finished reading file
0.402 Assembling: source: 21881, dest: 10812, seq: 2973276666, ack: 96, window: 1452, data: "recteque iracund"...
0.402 Sent: b'Uy*<\xb18\x99\xfa\x00\x00\x00`P\x00\x05\xac\x00\x00\x00\x00recteque iracund'...
0.404 Received: b'*<Uy\x00\x00\x00_\xb18\x9e\x8cP\x10\x05\xac\x00\x00\x00\x00'
0.404 Disassembled: source: 10812, dest: 21881, seq: 95, ack: 2973277836, window: 1452, ACK
0.405 Acknowledged seq: 2973276666
0.405 Assembling: source: 21881, dest: 10812, seq: 2973277836, ack: 96, window: 1452, ACK, FIN
0.405 Sent: b'Uy*<\xb18\x9e\x8c\x00\x00\x00`P\x11\x05\xac\x00\x00\x00\x00'
0.407 Received: b'*<Uy\x00\x00\x00_\xb18\x9e\x8dP\x10\x05\xac\x00\x00\x00\x00'
0.408 Disassembled: source: 10812, dest: 21881, seq: 95, ack: 2973277837, window: 1452, ACK
0.408 FIN accepted; sending final packet
0.408 Assembling: source: 21881, dest: 10812, seq: 2973277837, ack: 96, window: 1452, ACK
0.408 Sent: b'Uy*<\xb18\x9e\x8d\x00\x00\x00`P\x10\x05\xac\x00\x00\x00\x00'
0.408 Closed connection
0.409 Shutting down
