0.000 NEW RUN: Server, TEST: Read_file__Common_drops
0.079 Received: b'{y\xbf\xd3\x00\x00\x00\x0f\x00\x00\x00\x00P\x02\x05\xac\x00\x00\x00\x00'
0.080 Disassembled: source: 31609, dest: 49107, seq: 15, window: 1452, SYN
0.080 SYN accepted; new connection: 127.0.0.1 on port 31609
0.081 Assembling: source: 49107, dest: 31609, seq: 3084180596, ack: 16, window: 1452, ACK, SYN
0.081 Sent: b'\xbf\xd3{y\xb7\xd4\xdct\x00\x00\x00\x10P\x12\x05\xac\x00\x00\x00\x00'
0.084 Received: b'{y\xbf\xd3\x00\x00\x00\x10\xb7\xd4\xdcuP\x10\x05\xac\x00\x00\x00\x00'
0.085 Disassembled: source: 31609, dest: 49107, seq: 16, ack: 3084180597, window: 1452, ACK
0.085 Handshake complete
0.085 Acknowledged seq: 3084180596
0.085 Assembling: source: 49107, dest: 31609, seq: 3084180597, ack: 17, window: 1452, data: "Lorem ipsum dolo"...
0.086 Failed to send packet
0.586 Sent: b'\xbf\xd3{y\xb7\xd4\xdcu\x00\x00\x00\x11P\x00\x05\xac\x00\x00\x00\x00Lorem ipsum dolo'...
0.589 Received: b'{y\xbf\xd3\x00\x00\x00\x10\xb7\xd4\xe2!P\x10\x05\xac\x00\x00\x00\x00'
0.589 Disassembled: source: 31609, dest: 49107, seq: 16, ack: 3084182049, window: 1452, ACK
0.590 Acknowledged seq: 3084180597
0.590 Assembling: source: 49107, dest: 31609, seq: 3084182049, ack: 17, window: 1452, data: "hensam nam, aper"...
0.590 Failed to send packet
1.091 Sent: b'\xbf\xd3{y\xb7\xd4\xe2!\x00\x00\x00\x11P\x00\x05\xac\x00\x00\x00\x00hensam nam, aper'...
1.093 Received: b'{y\xbf\xd3\x00\x00\x00\x10\xb7\xd4\xe7\xcdP\x10\x05\xac\x00\x00\x00\x00'
1.094 Disassembled: source: 31609, dest: 49107, seq: 16, ack: 3084183501, window: 1452, ACK
1.094 Acknowledged seq: 3084182049
1.094 Finished reading file
1.095 Assembling: source: 49107, dest: 31609, seq: 3084183501, ack: 17, window: 1452, data: "pudiare sea. No "...
1.095 Sent: b'\xbf\xd3{y\xb7\xd4\xe7\xcd\x00\x00\x00\x11P\x00\x05\xac\x00\x00\x00\x00pudiare sea. No '...
1.098 Failed to receive packet
1.595 Sent: b'\xbf\xd3{y\xb7\xd4\xe7\xcd\x00\x00\x00\x11P\x00\x05\xac\x00\x00\x00\x00pudiare sea. No '...
2.096 Sent: b'\xbf\xd3{y\xb7\xd4\xe7\xcd\x00\x00\x00\x11P\x00\x05\xac\x00\x00\x00\x00pudiare sea. No '...
2.596 Sent: b'\xbf\xd3{y\xb7\xd4\xe7\xcd\x00\x00\x00\x11P\x00\x05\xac\x00\x00\x00\x00pudiare sea. No '...
3.097 Sent: b'\xbf\xd3{y\xb7\xd4\xe7\xcd\x00\x00\x00\x11P\x00\x05\xac\x00\x00\x00\x00pudiare sea. No '...
3.597 Sent: b'\xbf\xd3{y\xb7\xd4\xe7\xcd\x00\x00\x00\x11P\x00\x05\xac\x00\x00\x00\x00pudiare sea. No '...
4.097 Error: Connection timed out
4.098 Closed connection
4.101 Shutting down
