0.000 NEW RUN: Server, TEST: Write_file__Empty
0.081 Received: b'\xb5\xc8\xce/\x00\x00\x00H\x00\x00\x00\x00P\x02\x05\xac\x00\x00\x00\x00'
0.082 Disassembled: source: 46536, dest: 52783, seq: 72, window: 1452, SYN
0.082 SYN accepted; new connection: 127.0.0.1 on port 46536
0.082 Assembling: source: 52783, dest: 46536, seq: 2974264588, ack: 73, window: 5808, ACK, SYN
0.083 Sent: b'\xce/\xb5\xc8\xb1G\xad\x0c\x00\x00\x00IP\x12\x16\xb0\x00\x00\x00\x00'
0.084 Received: b'\xb5\xc8\xce/\x00\x00\x00I\xb1G\xad\rP\x10\x16\xb0\x00\x00\x00\x00'
0.085 Disassembled: source: 46536, dest: 52783, seq: 73, ack: 2974264589, window: 5808, ACK
0.085 Assembling: source: 52783, dest: 46536, seq: 2974264589, ack: 73, window: 5808, ACK
0.085 Received: b'\xb5\xc8\xce/\x00\x00\x00I\xb1G\xad\rP\x10\x16\xb0\x00\x00\x00\x00'
0.086 Sent: b'\xce/\xb5\xc8\xb1G\xad\r\x00\x00\x00IP\x10\x16\xb0\x00\x00\x00\x00'
0.086 Disassembled: source: 46536, dest: 52783, seq: 73, ack: 2974264589, window: 5808, ACK
0.086 Assembling: source: 52783, dest: 46536, seq: 2974264589, ack: 73, window: 5808, ACK
0.087 Sent: b'\xce/\xb5\xc8\xb1G\xad\r\x00\x00\x00IP\x10\x16\xb0\x00\x00\x00\x00'
0.587 Sent: b'\xce/\xb5\xc8\xb1G\xad\r\x00\x00\x00IP\x10\x16\xb0\x00\x00\x00\x00'
1.088 Sent: b'\xce/\xb5\xc8\xb1G\xad\r\x00\x00\x00IP\x10\x16\xb0\x00\x00\x00\x00'
1.588 Sent: b'\xce/\xb5\xc8\xb1G\xad\r\x00\x00\x00IP\x10\x16\xb0\x00\x00\x00\x00'
2.089 Sent: b'\xce/\xb5\xc8\xb1G\xad\r\x00\x00\x00IP\x10\x16\xb0\x00\x00\x00\x00'
2.589 Error: Connection timed out
2.589 Closed connection
2.590 Shutting down
