0.000 NEW RUN: Server, TEST: Write_file__Random_drops
0.082 Received: b'\xe8\x86\xf37\x00\x00\x00\x0b\x00\x00\x00\x00P\x02\x05\xac\x00\x00\x00\x00'
0.083 Disassembled: source: 59526, dest: 62263, seq: 11, window: 1452, SYN
0.083 SYN accepted; new connection: 127.0.0.1 on port 59526
0.083 Assembling: source: 62263, dest: 59526, seq: 3058396957, ack: 12, window: 5808, ACK, SYN
0.084 Sent: b'\xf37\xe8\x86\xb6Ko\x1d\x00\x00\x00\x0cP\x12\x16\xb0\x00\x00\x00\x00'
0.087 Received: b'\xe8\x86\xf37\x00\x00\x00\x0c\xb6Ko\x1eP\x10\x16\xb0\x00\x00\x00\x00'
0.087 Disassembled: source: 59526, dest: 62263, seq: 12, ack: 3058396958, window: 5808, ACK
0.088 Assembling: source: 62263, dest: 59526, seq: 3058396958, ack: 12, window: 5808, ACK
0.088 Sent: b'\xf37\xe8\x86\xb6Ko\x1e\x00\x00\x00\x0cP\x10\x16\xb0\x00\x00\x00\x00'
0.089 Failed to receive packet
0.091 Received: b'\xe8\x86\xf37\x00\x00\x00\x0c\xb6Ko\x1eP\x10\x16\xb0\x00\x00\x00\x00Lorem ipsum dolo'...
0.092 Disassembled: source: 59526, dest: 62263, seq: 12, ack: 3058396958, window: 5808, ACK, data: "Lorem ipsum dolo"...
0.092 Handshake complete
0.092 Data accepted; writing to file
0.092 Assembling: source: 62263, dest: 59526, seq: 3058396958, ack: 1464, window: 5808, ACK
0.093 Sent: b'\xf37\xe8\x86\xb6Ko\x1e\x00\x00\x05\xb8P\x10\x16\xb0\x00\x00\x00\x00'
0.096 Received: b'\xe8\x86\xf37\x00\x00\x05\xb8\xb6Ko\x1eP\x00\x16\xb0\x00\x00\x00\x00hensam nam, aper'...
0.096 Disassembled: source: 59526, dest: 62263, seq: 1464, ack: 3058396958, window: 5808, data: "hensam nam, aper"...
0.096 Data accepted; writing to file
0.096 Assembling: source: 62263, dest: 59526, seq: 3058396958, ack: 2916, window: 5808, ACK
0.097 Sent: b'\xf37\xe8\x86\xb6Ko\x1e\x00\x00\x0bdP\x10\x16\xb0\x00\x00\x00\x00'
0.099 Received: b'\xe8\x86\xf37\x00\x00\x0bd\xb6Ko\x1eP\x00\x16\xb0\x00\x00\x00\x00pudiare sea. No '...
0.099 Disassembled: source: 59526, dest: 62263, seq: 2916, ack: 3058396958, window: 5808, data: "pudiare sea. No "...
0.099 Data accepted; writing to file
0.100 Assembling: source: 62263, dest: 59526, seq: 3058396958, ack: 4368, window: 5808, ACK
0.100 Sent: b'\xf37\xe8\x86\xb6Ko\x1e\x00\x00\x11\x10P\x10\x16\xb0\x00\x00\x00\x00'
0.102 Received: b'\xe8\x86\xf37\x00\x00\x11\x10\xb6Ko\x1eP\x00\x16\xb0\x00\x00\x00\x00nt scripta philo'...
0.102 Disassembled: source: 59526, dest: 62263, seq: 4368, ack: 3058396958, window: 5808, data: "nt scripta philo"...
0.102 Data accepted; writing to file
0.102 Assembling: source: 62263, dest: 59526, seq: 3058396958, ack: 5820, window: 5808, ACK
0.103 Failed to send packet
0.603 Sent: b'\xf37\xe8\x86\xb6Ko\x1e\x00\x00\x16\xbcP\x10\x16\xb0\x00\x00\x00\x00'
0.606 Failed to receive packet
1.104 Sent: b'\xf37\xe8\x86\xb6Ko\x1e\x00\x00\x16\xbcP\x10\x16\xb0\x00\x00\x00\x00'
1.107 Received: b'\xe8\x86\xf37\x00\x00\x16\xbc\xb6Ko\x1eP\x00\x16\xb0\x00\x00\x00\x00 sadipscing ei q'...
1.107 Disassembled: source: 59526, dest: 62263, seq: 5820, ack: 3058396958, window: 5808, data: " sadipscing ei q"...
1.107 Data accepted; writing to file
1.107 Assembling: source: 62263, dest: 59526, seq: 3058396958, ack: 7272, window: 5808, ACK
1.108 Sent: b'\xf37\xe8\x86\xb6Ko\x1e\x00\x00\x1chP\x10\x16\xb0\x00\x00\x00\x00'
1.111 Failed to receive packet
1.608 Sent: b'\xf37\xe8\x86\xb6Ko\x1e\x00\x00\x1chP\x10\x16\xb0\x00\x00\x00\x00'
1.611 Received: b'\xe8\x86\xf37\x00\x00\x1ch\xb6Ko\x1eP\x00\x16\xb0\x00\x00\x00\x00em ea, ad duo la'...
1.612 Disassembled: source: 59526, dest: 62263, seq: 7272, ack: 3058396958, window: 5808, data: "em ea, ad duo la"...
1.612 Data accepted; writing to file
1.612 Assembling: source: 62263, dest: 59526, seq: 3058396958, ack: 8724, window: 5808, ACK
1.612 Failed to send packet
2.113 Sent: b'\xf37\xe8\x86\xb6Ko\x1e\x00\x00"\x14P\x10\x16\xb0\x00\x00\x00\x00'
2.116 Received: b'\xe8\x86\xf37\x00\x00"\x14\xb6Ko\x1eP\x00\x16\xb0\x00\x00\x00\x00ire partiendo ad'...
2.116 Disassembled: source: 59526, dest: 62263, seq: 8724, ack: 3058396958, window: 5808, data: "ire partiendo ad"...
2.117 Data accepted; writing to file
2.117 Assembling: source: 62263, dest: 59526, seq: 3058396958, ack: 10176, window: 5808, ACK
2.117 Sent: b"\xf37\xe8\x86\xb6Ko\x1e\x00\x00'\xc0P\x10\x16\xb0\x00\x00\x00\x00"
2.120 Received: b"\xe8\x86\xf37\x00\x00'\xc0\xb6Ko\x1eP\x00\x16\xb0\x00\x00\x00\x00 facer facilisi "...
2.121 Disassembled: source: 59526, dest: 62263, seq: 10176, ack: 3058396958, window: 5808, data: " facer facilisi "...
2.121 Data accepted; writing to file
2.121 Assembling: source: 62263, dest: 59526, seq: 3058396958, ack: 11628, window: 5808, ACK
2.121 Sent: b'\xf37\xe8\x86\xb6Ko\x1e\x00\x00-lP\x10\x16\xb0\x00\x00\x00\x00'
2.124 Received: b'\xe8\x86\xf37\x00\x00-l\xb6Ko\x1eP\x00\x16\xb0\x00\x00\x00\x00 Duo ea augue fa'...
2.125 Disassembled: source: 59526, dest: 62263, seq: 11628, ack: 3058396958, window: 5808, data: " Duo ea augue fa"...
2.125 Data accepted; writing to file
2.125 Assembling: source: 62263, dest: 59526, seq: 3058396958, ack: 13080, window: 5808, ACK
2.126 Sent: b'\xf37\xe8\x86\xb6Ko\x1e\x00\x003\x18P\x10\x16\xb0\x00\x00\x00\x00'
2.127 Received: b'\xe8\x86\xf37\x00\x003\x18\xb6Ko\x1eP\x00\x16\xb0\x00\x00\x00\x00e adipiscing vit'...
2.128 Disassembled: source: 59526, dest: 62263, seq: 13080, ack: 3058396958, window: 5808, data: "e adipiscing vit"...
2.128 Data accepted; writing to file
2.128 Assembling: source: 62263, dest: 59526, seq: 3058396958, ack: 14532, window: 5808, ACK
2.129 Sent: b'\xf37\xe8\x86\xb6Ko\x1e\x00\x008\xc4P\x10\x16\xb0\x00\x00\x00\x00'
2.131 Received: b'\xe8\x86\xf37\x00\x008\xc4\xb6Ko\x1eP\x00\x16\xb0\x00\x00\x00\x00iber harum accus'...
2.131 Disassembled: source: 59526, dest: 62263, seq: 14532, ack: 3058396958, window: 5808, data: "iber harum accus"...
2.131 Data accepted; writing to file
2.131 Assembling: source: 62263, dest: 59526, seq: 3058396958, ack: 15984, window: 5808, ACK
2.132 Sent: b'\xf37\xe8\x86\xb6Ko\x1e\x00\x00>pP\x10\x16\xb0\x00\x00\x00\x00'
2.134 Received: b'\xe8\x86\xf37\x00\x00>p\xb6Ko\x1eP\x00\x16\xb0\x00\x00\x00\x00sententiae ne se'...
2.134 Disassembled: source: 59526, dest: 62263, seq: 15984, ack: 3058396958, window: 5808, data: "sententiae ne se"...
2.134 Data accepted; writing to file
2.134 Assembling: source: 62263, dest: 59526, seq: 3058396958, ack: 17436, window: 5808, ACK
2.135 Sent: b'\xf37\xe8\x86\xb6Ko\x1e\x00\x00D\x1cP\x10\x16\xb0\x00\x00\x00\x00'
2.137 Received: b'\xe8\x86\xf37\x00\x00D\x1c\xb6Ko\x1eP\x00\x16\xb0\x00\x00\x00\x00uta debitis pert'...
2.137 Disassembled: source: 59526, dest: 62263, seq: 17436, ack: 3058396958, window: 5808, data: "uta debitis pert"...
2.138 Data accepted; writing to file
2.138 Assembling: source: 62263, dest: 59526, seq: 3058396958, ack: 18888, window: 5808, ACK
2.138 Failed to send packet
2.639 Sent: b'\xf37\xe8\x86\xb6Ko\x1e\x00\x00I\xc8P\x10\x16\xb0\x00\x00\x00\x00'
2.641 Received: b'\xe8\x86\xf37\x00\x00I\xc8\xb6Ko\x1eP\x00\x16\xb0\x00\x00\x00\x00e. An falli prim'...
2.642 Disassembled: source: 59526, dest: 62263, seq: 18888, ack: 3058396958, window: 5808, data: "e. An falli prim"...
2.642 Data accepted; writing to file
2.642 Assembling: source: 62263, dest: 59526, seq: 3058396958, ack: 20340, window: 5808, ACK
2.643 Sent: b'\xf37\xe8\x86\xb6Ko\x1e\x00\x00OtP\x10\x16\xb0\x00\x00\x00\x00'
2.646 Received: b'\xe8\x86\xf37\x00\x00Ot\xb6Ko\x1eP\x00\x16\xb0\x00\x00\x00\x00u eam, percipit '...
2.646 Disassembled: source: 59526, dest: 62263, seq: 20340, ack: 3058396958, window: 5808, data: "u eam, percipit "...
2.646 Data accepted; writing to file
2.647 Assembling: source: 62263, dest: 59526, seq: 3058396958, ack: 21792, window: 5808, ACK
2.647 Sent: b'\xf37\xe8\x86\xb6Ko\x1e\x00\x00U P\x10\x16\xb0\x00\x00\x00\x00'
2.650 Received: b'\xe8\x86\xf37\x00\x00U \xb6Ko\x1eP\x00\x16\xb0\x00\x00\x00\x00nani docendi pat'...
2.650 Disassembled: source: 59526, dest: 62263, seq: 21792, ack: 3058396958, window: 5808, data: "nani docendi pat"...
2.651 Data accepted; writing to file
2.651 Assembling: source: 62263, dest: 59526, seq: 3058396958, ack: 23244, window: 5808, ACK
2.651 Sent: b'\xf37\xe8\x86\xb6Ko\x1e\x00\x00Z\xccP\x10\x16\xb0\x00\x00\x00\x00'
2.653 Received: b'\xe8\x86\xf37\x00\x00Z\xcc\xb6Ko\x1eP\x00\x16\xb0\x00\x00\x00\x00 decore possit r'...
2.654 Disassembled: source: 59526, dest: 62263, seq: 23244, ack: 3058396958, window: 5808, data: " decore possit r"...
2.654 Data accepted; writing to file
2.654 Assembling: source: 62263, dest: 59526, seq: 3058396958, ack: 24696, window: 5808, ACK
2.655 Sent: b'\xf37\xe8\x86\xb6Ko\x1e\x00\x00`xP\x10\x16\xb0\x00\x00\x00\x00'
2.656 Received: b'\xe8\x86\xf37\x00\x00`x\xb6Ko\x1eP\x00\x16\xb0\x00\x00\x00\x00 corpora consequ'...
2.657 Disassembled: source: 59526, dest: 62263, seq: 24696, ack: 3058396958, window: 5808, data: " corpora consequ"...
2.657 Data accepted; writing to file
2.657 Assembling: source: 62263, dest: 59526, seq: 3058396958, ack: 26148, window: 5808, ACK
2.658 Sent: b'\xf37\xe8\x86\xb6Ko\x1e\x00\x00f$P\x10\x16\xb0\x00\x00\x00\x00'
2.659 Received: b'\xe8\x86\xf37\x00\x00f$\xb6Ko\x1eP\x00\x16\xb0\x00\x00\x00\x00nctus conceptam '...
2.660 Disassembled: source: 59526, dest: 62263, seq: 26148, ack: 3058396958, window: 5808, data: "nctus conceptam "...
2.660 Data accepted; writing to file
2.660 Assembling: source: 62263, dest: 59526, seq: 3058396958, ack: 27600, window: 5808, ACK
2.661 Sent: b'\xf37\xe8\x86\xb6Ko\x1e\x00\x00k\xd0P\x10\x16\xb0\x00\x00\x00\x00'
2.663 Received: b'\xe8\x86\xf37\x00\x00k\xd0\xb6Ko\x1eP\x00\x16\xb0\x00\x00\x00\x00terno te, ne quo'...
2.663 Disassembled: source: 59526, dest: 62263, seq: 27600, ack: 3058396958, window: 5808, data: "terno te, ne quo"...
2.663 Data accepted; writing to file
2.663 Assembling: source: 62263, dest: 59526, seq: 3058396958, ack: 29052, window: 5808, ACK
2.664 Sent: b'\xf37\xe8\x86\xb6Ko\x1e\x00\x00q|P\x10\x16\xb0\x00\x00\x00\x00'
2.666 Received: b'\xe8\x86\xf37\x00\x00q|\xb6Ko\x1eP\x00\x16\xb0\x00\x00\x00\x00orteat dissentiu'...
2.666 Disassembled: source: 59526, dest: 62263, seq: 29052, ack: 3058396958, window: 5808, data: "orteat dissentiu"...
2.666 Data accepted; writing to file
2.667 Assembling: source: 62263, dest: 59526, seq: 3058396958, ack: 30504, window: 5808, ACK
2.667 Sent: b'\xf37\xe8\x86\xb6Ko\x1e\x00\x00w(P\x10\x16\xb0\x00\x00\x00\x00'
2.669 Received: b'\xe8\x86\xf37\x00\x00w(\xb6Ko\x1eP\x00\x16\xb0\x00\x00\x00\x00tute molestie no'...
2.669 Disassembled: source: 59526, dest: 62263, seq: 30504, ack: 3058396958, window: 5808, data: "tute molestie no"...
2.670 Data accepted; writing to file
2.670 Assembling: source: 62263, dest: 59526, seq: 3058396958, ack: 31956, window: 5808, ACK
2.670 Sent: b'\xf37\xe8\x86\xb6Ko\x1e\x00\x00|\xd4P\x10\x16\xb0\x00\x00\x00\x00'
2.672 Failed to receive packet
3.171 Sent: b'\xf37\xe8\x86\xb6Ko\x1e\x00\x00|\xd4P\x10\x16\xb0\x00\x00\x00\x00'
3.173 Received: b'\xe8\x86\xf37\x00\x00|\xd4\xb6Ko\x1eP\x00\x16\xb0\x00\x00\x00\x00oluisse.\n\nSed ex'...
3.174 Disassembled: source: 59526, dest: 62263, seq: 31956, ack: 3058396958, window: 5808, data: "oluisse.

Sed ex"...
3.174 Data accepted; writing to file
3.174 Assembling: source: 62263, dest: 59526, seq: 3058396958, ack: 33408, window: 5808, ACK
3.175 Failed to send packet
3.675 Sent: b'\xf37\xe8\x86\xb6Ko\x1e\x00\x00\x82\x80P\x10\x16\xb0\x00\x00\x00\x00'
3.678 Received: b'\xe8\x86\xf37\x00\x00\x82\x80\xb6Ko\x1eP\x00\x16\xb0\x00\x00\x00\x00 affert tollit l'...
3.678 Disassembled: source: 59526, dest: 62263, seq: 33408, ack: 3058396958, window: 5808, data: " affert tollit l"...
3.679 Data accepted; writing to file
3.679 Assembling: source: 62263, dest: 59526, seq: 3058396958, ack: 34860, window: 5808, ACK
3.679 Sent: b'\xf37\xe8\x86\xb6Ko\x1e\x00\x00\x88,P\x10\x16\xb0\x00\x00\x00\x00'
3.682 Received: b'\xe8\x86\xf37\x00\x00\x88,\xb6Ko\x1eP\x00\x16\xb0\x00\x00\x00\x00an. Ut per eirmo'...
3.683 Disassembled: source: 59526, dest: 62263, seq: 34860, ack: 3058396958, window: 5808, data: "an. Ut per eirmo"...
3.683 Data accepted; writing to file
3.683 Assembling: source: 62263, dest: 59526, seq: 3058396958, ack: 36312, window: 5808, ACK
3.684 Sent: b'\xf37\xe8\x86\xb6Ko\x1e\x00\x00\x8d\xd8P\x10\x16\xb0\x00\x00\x00\x00'
3.687 Received: b'\xe8\x86\xf37\x00\x00\x8d\xd8\xb6Ko\x1eP\x00\x16\xb0\x00\x00\x00\x00 inermis mnesarc'...
3.687 Disassembled: source: 59526, dest: 62263, seq: 36312, ack: 3058396958, window: 5808, data: " inermis mnesarc"...
3.688 Data accepted; writing to file
3.688 Assembling: source: 62263, dest: 59526, seq: 3058396958, ack: 37764, window: 5808, ACK
3.688 Sent: b'\xf37\xe8\x86\xb6Ko\x1e\x00\x00\x93\x84P\x10\x16\xb0\x00\x00\x00\x00'
3.691 Received: b'\xe8\x86\xf37\x00\x00\x93\x84\xb6Ko\x1eP\x00\x16\xb0\x00\x00\x00\x00ue iracundia, an'...
3.691 Disassembled: source: 59526, dest: 62263, seq: 37764, ack: 3058396958, window: 5808, data: "ue iracundia, an"...
3.692 Data accepted; writing to file
3.692 Assembling: source: 62263, dest: 59526, seq: 3058396958, ack: 39216, window: 5808, ACK
3.692 Sent: b'\xf37\xe8\x86\xb6Ko\x1e\x00\x00\x990P\x10\x16\xb0\x00\x00\x00\x00'
3.694 Received: b'\xe8\x86\xf37\x00\x00\x990\xb6Ko\x1eP\x00\x16\xb0\x00\x00\x00\x00ompta pro, vim e'...
3.695 Disassembled: source: 59526, dest: 62263, seq: 39216, ack: 3058396958, window: 5808, data: "ompta pro, vim e"...
3.695 Data accepted; writing to file
3.695 Assembling: source: 62263, dest: 59526, seq: 3058396958, ack: 40668, window: 5808, ACK
3.695 Sent: b'\xf37\xe8\x86\xb6Ko\x1e\x00\x00\x9e\xdcP\x10\x16\xb0\x00\x00\x00\x00'
3.697 Received: b'\xe8\x86\xf37\x00\x00\x9e\xdc\xb6Ko\x1eP\x00\x16\xb0\x00\x00\x00\x00te sit, ex epicu'...
3.698 Disassembled: source: 59526, dest: 62263, seq: 40668, ack: 3058396958, window: 5808, data: "te sit, ex epicu"...
3.698 Data accepted; writing to file
3.698 Assembling: source: 62263, dest: 59526, seq: 3058396958, ack: 42120, window: 5808, ACK
3.699 Sent: b'\xf37\xe8\x86\xb6Ko\x1e\x00\x00\xa4\x88P\x10\x16\xb0\x00\x00\x00\x00'
3.701 Received: b'\xe8\x86\xf37\x00\x00\xa4\x88\xb6Ko\x1eP\x00\x16\xb0\x00\x00\x00\x00llegebat, eu pro'...
3.701 Disassembled: source: 59526, dest: 62263, seq: 42120, ack: 3058396958, window: 5808, data: "llegebat, eu pro"...
3.701 Data accepted; writing to file
3.701 Assembling: source: 62263, dest: 59526, seq: 3058396958, ack: 43572, window: 5808, ACK
3.702 Sent: b'\xf37\xe8\x86\xb6Ko\x1e\x00\x00\xaa4P\x10\x16\xb0\x00\x00\x00\x00'
3.704 Received: b'\xe8\x86\xf37\x00\x00\xaa4\xb6Ko\x1eP\x00\x16\xb0\x00\x00\x00\x00s. Per no sale v'...
3.704 Disassembled: source: 59526, dest: 62263, seq: 43572, ack: 3058396958, window: 5808, data: "s. Per no sale v"...
3.704 Data accepted; writing to file
3.704 Assembling: source: 62263, dest: 59526, seq: 3058396958, ack: 45024, window: 5808, ACK
3.705 Sent: b'\xf37\xe8\x86\xb6Ko\x1e\x00\x00\xaf\xe0P\x10\x16\xb0\x00\x00\x00\x00'
3.707 Failed to receive packet
4.205 Sent: b'\xf37\xe8\x86\xb6Ko\x1e\x00\x00\xaf\xe0P\x10\x16\xb0\x00\x00\x00\x00'
4.208 Received: b'\xe8\x86\xf37\x00\x00\xaf\xe0\xb6Ko\x1eP\x00\x16\xb0\x00\x00\x00\x00pte ea mel. Mea '...
4.209 Disassembled: source: 59526, dest: 62263, seq: 45024, ack: 3058396958, window: 5808, data: "pte ea mel. Mea "...
4.209 Data accepted; writing to file
4.209 Assembling: source: 62263, dest: 59526, seq: 3058396958, ack: 46476, window: 5808, ACK
4.209 Sent: b'\xf37\xe8\x86\xb6Ko\x1e\x00\x00\xb5\x8cP\x10\x16\xb0\x00\x00\x00\x00'
4.212 Received: b'\xe8\x86\xf37\x00\x00\xb5\x8c\xb6Ko\x1eP\x00\x16\xb0\x00\x00\x00\x00acundia prodesse'...
4.213 Disassembled: source: 59526, dest: 62263, seq: 46476, ack: 3058396958, window: 5808, data: "acundia prodesse"...
4.213 Data accepted; writing to file
4.213 Assembling: source: 62263, dest: 59526, seq: 3058396958, ack: 47928, window: 5808, ACK
4.214 Sent: b'\xf37\xe8\x86\xb6Ko\x1e\x00\x00\xbb8P\x10\x16\xb0\x00\x00\x00\x00'
4.216 Failed to receive packet
4.714 Failed to send packet
5.214 Sent: b'\xf37\xe8\x86\xb6Ko\x1e\x00\x00\xbb8P\x10\x16\xb0\x00\x00\x00\x00'
5.217 Received: b'\xe8\x86\xf37\x00\x00\xbb8\xb6Ko\x1eP\x00\x16\xb0\x00\x00\x00\x00 scribentur. Ex '...
5.218 Disassembled: source: 59526, dest: 62263, seq: 47928, ack: 3058396958, window: 5808, data: " scribentur. Ex "...
5.218 Data accepted; writing to file
5.218 Assembling: source: 62263, dest: 59526, seq: 3058396958, ack: 49380, window: 5808, ACK
5.219 Sent: b'\xf37\xe8\x86\xb6Ko\x1e\x00\x00\xc0\xe4P\x10\x16\xb0\x00\x00\x00\x00'
5.221 Received: b'\xe8\x86\xf37\x00\x00\xc0\xe4\xb6Ko\x1eP\x00\x16\xb0\x00\x00\x00\x00us malorum assen'...
5.222 Disassembled: source: 59526, dest: 62263, seq: 49380, ack: 3058396958, window: 5808, data: "us malorum assen"...
5.222 Data accepted; writing to file
5.222 Assembling: source: 62263, dest: 59526, seq: 3058396958, ack: 50832, window: 5808, ACK
5.223 Sent: b'\xf37\xe8\x86\xb6Ko\x1e\x00\x00\xc6\x90P\x10\x16\xb0\x00\x00\x00\x00'
5.225 Received: b'\xe8\x86\xf37\x00\x00\xc6\x90\xb6Ko\x1eP\x00\x16\xb0\x00\x00\x00\x00o ei, vel id anc'...
5.226 Disassembled: source: 59526, dest: 62263, seq: 50832, ack: 3058396958, window: 5808, data: "o ei, vel id anc"...
5.226 Data accepted; writing to file
5.226 Assembling: source: 62263, dest: 59526, seq: 3058396958, ack: 52284, window: 5808, ACK
5.226 Sent: b'\xf37\xe8\x86\xb6Ko\x1e\x00\x00\xcc<P\x10\x16\xb0\x00\x00\x00\x00'
5.229 Failed to receive packet
5.727 Sent: b'\xf37\xe8\x86\xb6Ko\x1e\x00\x00\xcc<P\x10\x16\xb0\x00\x00\x00\x00'
5.730 Received: b'\xe8\x86\xf37\x00\x00\xcc<\xb6Ko\x1eP\x00\x16\xb0\x00\x00\x00\x00s accommodare, e'...
5.730 Disassembled: source: 59526, dest: 62263, seq: 52284, ack: 3058396958, window: 5808, data: "s accommodare, e"...
5.730 Data accepted; writing to file
5.730 Assembling: source: 62263, dest: 59526, seq: 3058396958, ack: 53736, window: 5808, ACK
5.731 Sent: b'\xf37\xe8\x86\xb6Ko\x1e\x00\x00\xd1\xe8P\x10\x16\xb0\x00\x00\x00\x00'
5.734 Received: b'\xe8\x86\xf37\x00\x00\xd1\xe8\xb6Ko\x1eP\x00\x16\xb0\x00\x00\x00\x00In sed quot sape'...
5.734 Disassembled: source: 59526, dest: 62263, seq: 53736, ack: 3058396958, window: 5808, data: "In sed quot sape"...
5.734 Data accepted; writing to file
5.735 Assembling: source: 62263, dest: 59526, seq: 3058396958, ack: 55188, window: 5808, ACK
5.735 Sent: b'\xf37\xe8\x86\xb6Ko\x1e\x00\x00\xd7\x94P\x10\x16\xb0\x00\x00\x00\x00'
5.738 Received: b'\xe8\x86\xf37\x00\x00\xd7\x94\xb6Ko\x1eP\x00\x16\xb0\x00\x00\x00\x00nes mel, quo cas'...
5.738 Disassembled: source: 59526, dest: 62263, seq: 55188, ack: 3058396958, window: 5808, data: "nes mel, quo cas"...
5.738 Data accepted; writing to file
5.738 Assembling: source: 62263, dest: 59526, seq: 3058396958, ack: 56640, window: 5808, ACK
5.739 Failed to send packet
6.239 Sent: b'\xf37\xe8\x86\xb6Ko\x1e\x00\x00\xdd@P\x10\x16\xb0\x00\x00\x00\x00'
6.242 Failed to receive packet
6.740 Sent: b'\xf37\xe8\x86\xb6Ko\x1e\x00\x00\xdd@P\x10\x16\xb0\x00\x00\x00\x00'
6.743 Received: b'\xe8\x86\xf37\x00\x00\xdd@\xb6Ko\x1eP\x00\x16\xb0\x00\x00\x00\x00corpora adipisci'...
6.743 Disassembled: source: 59526, dest: 62263, seq: 56640, ack: 3058396958, window: 5808, data: "corpora adipisci"...
6.743 Data accepted; writing to file
6.743 Assembling: source: 62263, dest: 59526, seq: 3058396958, ack: 58092, window: 5808, ACK
6.744 Sent: b'\xf37\xe8\x86\xb6Ko\x1e\x00\x00\xe2\xecP\x10\x16\xb0\x00\x00\x00\x00'
6.747 Received: b'\xe8\x86\xf37\x00\x00\xe2\xec\xb6Ko\x1eP\x00\x16\xb0\x00\x00\x00\x00o homero copiosa'...
6.747 Disassembled: source: 59526, dest: 62263, seq: 58092, ack: 3058396958, window: 5808, data: "o homero copiosa"...
6.748 Data accepted; writing to file
6.748 Assembling: source: 62263, dest: 59526, seq: 3058396958, ack: 59544, window: 5808, ACK
6.748 Sent: b'\xf37\xe8\x86\xb6Ko\x1e\x00\x00\xe8\x98P\x10\x16\xb0\x00\x00\x00\x00'
6.751 Received: b'\xe8\x86\xf37\x00\x00\xe8\x98\xb6Ko\x1eP\x00\x16\xb0\x00\x00\x00\x00ctram. Pri ne an'...
6.751 Disassembled: source: 59526, dest: 62263, seq: 59544, ack: 3058396958, window: 5808, data: "ctram. Pri ne an"...
6.752 Data accepted; writing to file
6.752 Assembling: source: 62263, dest: 59526, seq: 3058396958, ack: 60996, window: 5808, ACK
6.752 Sent: b'\xf37\xe8\x86\xb6Ko\x1e\x00\x00\xeeDP\x10\x16\xb0\x00\x00\x00\x00'
6.755 Received: b'\xe8\x86\xf37\x00\x00\xeeD\xb6Ko\x1eP\x00\x16\xb0\x00\x00\x00\x00o no. Elitr poss'...
6.756 Disassembled: source: 59526, dest: 62263, seq: 60996, ack: 3058396958, window: 5808, data: "o no. Elitr poss"...
6.756 Data accepted; writing to file
6.756 Assembling: source: 62263, dest: 59526, seq: 3058396958, ack: 62448, window: 5808, ACK
6.757 Sent: b'\xf37\xe8\x86\xb6Ko\x1e\x00\x00\xf3\xf0P\x10\x16\xb0\x00\x00\x00\x00'
6.758 Received: b'\xe8\x86\xf37\x00\x00\xf3\xf0\xb6Ko\x1eP\x00\x16\xb0\x00\x00\x00\x00ris, sea ex utin'...
6.759 Disassembled: source: 59526, dest: 62263, seq: 62448, ack: 3058396958, window: 5808, data: "ris, sea ex utin"...
6.759 Data accepted; writing to file
6.759 Assembling: source: 62263, dest: 59526, seq: 3058396958, ack: 63900, window: 5808, ACK
6.760 Sent: b'\xf37\xe8\x86\xb6Ko\x1e\x00\x00\xf9\x9cP\x10\x16\xb0\x00\x00\x00\x00'
6.762 Received: b'\xe8\x86\xf37\x00\x00\xf9\x9c\xb6Ko\x1eP\x00\x16\xb0\x00\x00\x00\x00inimicus in his.'...
6.762 Disassembled: source: 59526, dest: 62263, seq: 63900, ack: 3058396958, window: 5808, data: "inimicus in his."...
6.762 Data accepted; writing to file
6.763 Assembling: source: 62263, dest: 59526, seq: 3058396958, ack: 65352, window: 5808, ACK
6.763 Sent: b'\xf37\xe8\x86\xb6Ko\x1e\x00\x00\xffHP\x10\x16\xb0\x00\x00\x00\x00'
6.765 Received: b'\xe8\x86\xf37\x00\x00\xffH\xb6Ko\x1eP\x00\x16\xb0\x00\x00\x00\x00iis et.\n\nIus cu '...
6.765 Disassembled: source: 59526, dest: 62263, seq: 65352, ack: 3058396958, window: 5808, data: "iis et.

Ius cu "...
6.765 Data accepted; writing to file
6.766 Assembling: source: 62263, dest: 59526, seq: 3058396958, ack: 66804, window: 5808, ACK
6.766 Sent: b'\xf37\xe8\x86\xb6Ko\x1e\x00\x01\x04\xf4P\x10\x16\xb0\x00\x00\x00\x00'
6.768 Received: b'\xe8\x86\xf37\x00\x01\x04\xf4\xb6Ko\x1eP\x00\x16\xb0\x00\x00\x00\x00teresset.\n\nTe ni'...
6.768 Disassembled: source: 59526, dest: 62263, seq: 66804, ack: 3058396958, window: 5808, data: "teresset.

Te ni"...
6.769 Data accepted; writing to file
6.769 Assembling: source: 62263, dest: 59526, seq: 3058396958, ack: 68256, window: 5808, ACK
6.769 Sent: b'\xf37\xe8\x86\xb6Ko\x1e\x00\x01\n\xa0P\x10\x16\xb0\x00\x00\x00\x00'
6.771 Received: b'\xe8\x86\xf37\x00\x01\n\xa0\xb6Ko\x1eP\x00\x16\xb0\x00\x00\x00\x00 volutpat corrum'...
6.772 Disassembled: source: 59526, dest: 62263, seq: 68256, ack: 3058396958, window: 5808, data: " volutpat corrum"...
6.772 Data accepted; writing to file
6.772 Assembling: source: 62263, dest: 59526, seq: 3058396958, ack: 69708, window: 5808, ACK
6.772 Sent: b'\xf37\xe8\x86\xb6Ko\x1e\x00\x01\x10LP\x10\x16\xb0\x00\x00\x00\x00'
6.774 Received: b'\xe8\x86\xf37\x00\x01\x10L\xb6Ko\x1eP\x00\x16\xb0\x00\x00\x00\x00dem definiebas, '...
6.775 Disassembled: source: 59526, dest: 62263, seq: 69708, ack: 3058396958, window: 5808, data: "dem definiebas, "...
6.775 Data accepted; writing to file
6.775 Assembling: source: 62263, dest: 59526, seq: 3058396958, ack: 71160, window: 5808, ACK
6.775 Failed to send packet
7.276 Sent: b'\xf37\xe8\x86\xb6Ko\x1e\x00\x01\x15\xf8P\x10\x16\xb0\x00\x00\x00\x00'
7.279 Received: b'\xe8\x86\xf37\x00\x01\x15\xf8\xb6Ko\x1eP\x00\x16\xb0\x00\x00\x00\x00tibus eam, has c'...
7.279 Disassembled: source: 59526, dest: 62263, seq: 71160, ack: 3058396958, window: 5808, data: "tibus eam, has c"...
7.279 Data accepted; writing to file
7.280 Assembling: source: 62263, dest: 59526, seq: 3058396958, ack: 72612, window: 5808, ACK
7.280 Sent: b'\xf37\xe8\x86\xb6Ko\x1e\x00\x01\x1b\xa4P\x10\x16\xb0\x00\x00\x00\x00'
7.283 Failed to receive packet
7.780 Sent: b'\xf37\xe8\x86\xb6Ko\x1e\x00\x01\x1b\xa4P\x10\x16\xb0\x00\x00\x00\x00'
7.783 Received: b'\xe8\x86\xf37\x00\x01\x1b\xa4\xb6Ko\x1eP\x00\x16\xb0\x00\x00\x00\x00em qui no. Ad ea'...
7.784 Disassembled: source: 59526, dest: 62263, seq: 72612, ack: 3058396958, window: 5808, data: "em qui no. Ad ea"...
7.784 Data accepted; writing to file
7.784 Assembling: source: 62263, dest: 59526, seq: 3058396958, ack: 74064, window: 5808, ACK
7.785 Sent: b'\xf37\xe8\x86\xb6Ko\x1e\x00\x01!PP\x10\x16\xb0\x00\x00\x00\x00'
7.787 Received: b'\xe8\x86\xf37\x00\x01!P\xb6Ko\x1eP\x00\x16\xb0\x00\x00\x00\x00 nusquam, utamur'...
7.788 Disassembled: source: 59526, dest: 62263, seq: 74064, ack: 3058396958, window: 5808, data: " nusquam, utamur"...
7.788 Data accepted; writing to file
7.788 Assembling: source: 62263, dest: 59526, seq: 3058396958, ack: 75516, window: 5808, ACK
7.789 Failed to send packet
8.289 Sent: b'\xf37\xe8\x86\xb6Ko\x1e\x00\x01&\xfcP\x10\x16\xb0\x00\x00\x00\x00'
8.292 Received: b'\xe8\x86\xf37\x00\x01&\xfc\xb6Ko\x1eP\x00\x16\xb0\x00\x00\x00\x00cibo magna glori'...
8.293 Disassembled: source: 59526, dest: 62263, seq: 75516, ack: 3058396958, window: 5808, data: "cibo magna glori"...
8.293 Data accepted; writing to file
8.293 Assembling: source: 62263, dest: 59526, seq: 3058396958, ack: 76968, window: 5808, ACK
8.294 Sent: b'\xf37\xe8\x86\xb6Ko\x1e\x00\x01,\xa8P\x10\x16\xb0\x00\x00\x00\x00'
8.296 Received: b'\xe8\x86\xf37\x00\x01,\xa8\xb6Ko\x1eP\x00\x16\xb0\x00\x00\x00\x00 te duo, eam cu '...
8.297 Disassembled: source: 59526, dest: 62263, seq: 76968, ack: 3058396958, window: 5808, data: " te duo, eam cu "...
8.297 Data accepted; writing to file
8.297 Assembling: source: 62263, dest: 59526, seq: 3058396958, ack: 78420, window: 5808, ACK
8.298 Sent: b'\xf37\xe8\x86\xb6Ko\x1e\x00\x012TP\x10\x16\xb0\x00\x00\x00\x00'
8.300 Received: b'\xe8\x86\xf37\x00\x012T\xb6Ko\x1eP\x00\x16\xb0\x00\x00\x00\x00 denique volupta'...
8.300 Disassembled: source: 59526, dest: 62263, seq: 78420, ack: 3058396958, window: 5808, data: " denique volupta"...
8.301 Data accepted; writing to file
8.301 Assembling: source: 62263, dest: 59526, seq: 3058396958, ack: 79872, window: 5808, ACK
8.301 Sent: b'\xf37\xe8\x86\xb6Ko\x1e\x00\x018\x00P\x10\x16\xb0\x00\x00\x00\x00'
8.304 Failed to receive packet
8.802 Sent: b'\xf37\xe8\x86\xb6Ko\x1e\x00\x018\x00P\x10\x16\xb0\x00\x00\x00\x00'
8.804 Received: b'\xe8\x86\xf37\x00\x018\x00\xb6Ko\x1eP\x00\x16\xb0\x00\x00\x00\x00at ius alii indo'...
8.805 Disassembled: source: 59526, dest: 62263, seq: 79872, ack: 3058396958, window: 5808, data: "at ius alii indo"...
8.805 Data accepted; writing to file
8.805 Assembling: source: 62263, dest: 59526, seq: 3058396958, ack: 81324, window: 5808, ACK
8.806 Sent: b'\xf37\xe8\x86\xb6Ko\x1e\x00\x01=\xacP\x10\x16\xb0\x00\x00\x00\x00'
8.809 Received: b'\xe8\x86\xf37\x00\x01=\xac\xb6Ko\x1eP\x00\x16\xb0\x00\x00\x00\x00issim, his facet'...
8.809 Disassembled: source: 59526, dest: 62263, seq: 81324, ack: 3058396958, window: 5808, data: "issim, his facet"...
8.809 Data accepted; writing to file
8.810 Assembling: source: 62263, dest: 59526, seq: 3058396958, ack: 82776, window: 5808, ACK
8.810 Sent: b'\xf37\xe8\x86\xb6Ko\x1e\x00\x01CXP\x10\x16\xb0\x00\x00\x00\x00'
8.813 Received: b'\xe8\x86\xf37\x00\x01CX\xb6Ko\x1eP\x00\x16\xb0\x00\x00\x00\x00 alia dolor comp'...
8.813 Disassembled: source: 59526, dest: 62263, seq: 82776, ack: 3058396958, window: 5808, data: " alia dolor comp"...
8.814 Data accepted; writing to file
8.814 Assembling: source: 62263, dest: 59526, seq: 3058396958, ack: 84228, window: 5808, ACK
8.814 Sent: b'\xf37\xe8\x86\xb6Ko\x1e\x00\x01I\x04P\x10\x16\xb0\x00\x00\x00\x00'
8.817 Failed to receive packet
9.315 Sent: b'\xf37\xe8\x86\xb6Ko\x1e\x00\x01I\x04P\x10\x16\xb0\x00\x00\x00\x00'
9.318 Received: b'\xe8\x86\xf37\x00\x01I\x04\xb6Ko\x1eP\x00\x16\xb0\x00\x00\x00\x00, reque tempor e'...
9.318 Disassembled: source: 59526, dest: 62263, seq: 84228, ack: 3058396958, window: 5808, data: ", reque tempor e"...
9.318 Data accepted; writing to file
9.318 Assembling: source: 62263, dest: 59526, seq: 3058396958, ack: 85680, window: 5808, ACK
9.319 Sent: b'\xf37\xe8\x86\xb6Ko\x1e\x00\x01N\xb0P\x10\x16\xb0\x00\x00\x00\x00'
9.322 Received: b'\xe8\x86\xf37\x00\x01N\xb0\xb6Ko\x1eP\x00\x16\xb0\x00\x00\x00\x00\nEquidem vivendo'...
9.322 Disassembled: source: 59526, dest: 62263, seq: 85680, ack: 3058396958, window: 5808, data: "
Equidem vivendo"...
9.323 Data accepted; writing to file
9.323 Assembling: source: 62263, dest: 59526, seq: 3058396958, ack: 87132, window: 5808, ACK
9.323 Sent: b'\xf37\xe8\x86\xb6Ko\x1e\x00\x01T\\P\x10\x16\xb0\x00\x00\x00\x00'
9.326 Received: b'\xe8\x86\xf37\x00\x01T\\\xb6Ko\x1eP\x00\x16\xb0\x00\x00\x00\x00ffert petentium '...
9.326 Disassembled: source: 59526, dest: 62263, seq: 87132, ack: 3058396958, window: 5808, data: "ffert petentium "...
9.327 Data accepted; writing to file
9.327 Assembling: source: 62263, dest: 59526, seq: 3058396958, ack: 88584, window: 5808, ACK
9.327 Sent: b'\xf37\xe8\x86\xb6Ko\x1e\x00\x01Z\x08P\x10\x16\xb0\x00\x00\x00\x00'
9.330 Received: b'\xe8\x86\xf37\x00\x01Z\x08\xb6Ko\x1eP\x00\x16\xb0\x00\x00\x00\x00uripidis. Te ips'...
9.331 Disassembled: source: 59526, dest: 62263, seq: 88584, ack: 3058396958, window: 5808, data: "uripidis. Te ips"...
9.331 Data accepted; writing to file
9.331 Assembling: source: 62263, dest: 59526, seq: 3058396958, ack: 90036, window: 5808, ACK
9.332 Sent: b'\xf37\xe8\x86\xb6Ko\x1e\x00\x01_\xb4P\x10\x16\xb0\x00\x00\x00\x00'
9.334 Received: b'\xe8\x86\xf37\x00\x01_\xb4\xb6Ko\x1eP\x00\x16\xb0\x00\x00\x00\x00e, pro ei dicunt'...
9.334 Disassembled: source: 59526, dest: 62263, seq: 90036, ack: 3058396958, window: 5808, data: "e, pro ei dicunt"...
9.334 Data accepted; writing to file
9.334 Assembling: source: 62263, dest: 59526, seq: 3058396958, ack: 91488, window: 5808, ACK
9.335 Sent: b'\xf37\xe8\x86\xb6Ko\x1e\x00\x01e`P\x10\x16\xb0\x00\x00\x00\x00'
9.337 Received: b'\xe8\x86\xf37\x00\x01e`\xb6Ko\x1eP\x00\x16\xb0\x00\x00\x00\x00iandae cu. Vel p'...
9.337 Disassembled: source: 59526, dest: 62263, seq: 91488, ack: 3058396958, window: 5808, data: "iandae cu. Vel p"...
9.337 Data accepted; writing to file
9.338 Assembling: source: 62263, dest: 59526, seq: 3058396958, ack: 92940, window: 5808, ACK
9.338 Sent: b'\xf37\xe8\x86\xb6Ko\x1e\x00\x01k\x0cP\x10\x16\xb0\x00\x00\x00\x00'
9.340 Received: b'\xe8\x86\xf37\x00\x01k\x0c\xb6Ko\x1eP\x00\x16\xb0\x00\x00\x00\x00 et case diceret'...
9.340 Disassembled: source: 59526, dest: 62263, seq: 92940, ack: 3058396958, window: 5808, data: " et case diceret"...
9.341 Data accepted; writing to file
9.341 Assembling: source: 62263, dest: 59526, seq: 3058396958, ack: 94392, window: 5808, ACK
9.341 Sent: b'\xf37\xe8\x86\xb6Ko\x1e\x00\x01p\xb8P\x10\x16\xb0\x00\x00\x00\x00'
9.343 Received: b'\xe8\x86\xf37\x00\x01p\xb8\xb6Ko\x1eP\x00\x16\xb0\x00\x00\x00\x00et epicuri aliqu'...
9.344 Disassembled: source: 59526, dest: 62263, seq: 94392, ack: 3058396958, window: 5808, data: "et epicuri aliqu"...
9.344 Data accepted; writing to file
9.344 Assembling: source: 62263, dest: 59526, seq: 3058396958, ack: 95844, window: 5808, ACK
9.345 Sent: b'\xf37\xe8\x86\xb6Ko\x1e\x00\x01vdP\x10\x16\xb0\x00\x00\x00\x00'
9.346 Received: b'\xe8\x86\xf37\x00\x01vd\xb6Ko\x1eP\x00\x16\xb0\x00\x00\x00\x00o mollis nostrud'...
9.347 Disassembled: source: 59526, dest: 62263, seq: 95844, ack: 3058396958, window: 5808, data: "o mollis nostrud"...
9.347 Data accepted; writing to file
9.347 Assembling: source: 62263, dest: 59526, seq: 3058396958, ack: 97296, window: 5808, ACK
9.348 Sent: b'\xf37\xe8\x86\xb6Ko\x1e\x00\x01|\x10P\x10\x16\xb0\x00\x00\x00\x00'
9.350 Received: b'\xe8\x86\xf37\x00\x01|\x10\xb6Ko\x1eP\x00\x16\xb0\x00\x00\x00\x00ue te.Lorem ipsu'...
9.350 Disassembled: source: 59526, dest: 62263, seq: 97296, ack: 3058396958, window: 5808, data: "ue te.Lorem ipsu"...
9.350 Data accepted; writing to file
9.350 Assembling: source: 62263, dest: 59526, seq: 3058396958, ack: 98748, window: 5808, ACK
9.351 Sent: b'\xf37\xe8\x86\xb6Ko\x1e\x00\x01\x81\xbcP\x10\x16\xb0\x00\x00\x00\x00'
9.353 Failed to receive packet
9.851 Sent: b'\xf37\xe8\x86\xb6Ko\x1e\x00\x01\x81\xbcP\x10\x16\xb0\x00\x00\x00\x00'
9.854 Received: b'\xe8\x86\xf37\x00\x01\x81\xbc\xb6Ko\x1eP\x00\x16\xb0\x00\x00\x00\x00comprehensam nam'...
9.854 Disassembled: source: 59526, dest: 62263, seq: 98748, ack: 3058396958, window: 5808, data: "comprehensam nam"...
9.855 Data accepted; writing to file
9.855 Assembling: source: 62263, dest: 59526, seq: 3058396958, ack: 100200, window: 5808, ACK
9.855 Sent: b'\xf37\xe8\x86\xb6Ko\x1e\x00\x01\x87hP\x10\x16\xb0\x00\x00\x00\x00'
9.858 Received: b'\xe8\x86\xf37\x00\x01\x87h\xb6Ko\x1eP\x00\x16\xb0\x00\x00\x00\x00isi repudiare se'...
9.859 Disassembled: source: 59526, dest: 62263, seq: 100200, ack: 3058396958, window: 5808, data: "isi repudiare se"...
9.859 Data accepted; writing to file
9.859 Assembling: source: 62263, dest: 59526, seq: 3058396958, ack: 101652, window: 5808, ACK
9.860 Sent: b'\xf37\xe8\x86\xb6Ko\x1e\x00\x01\x8d\x14P\x10\x16\xb0\x00\x00\x00\x00'
9.862 Received: b'\xe8\x86\xf37\x00\x01\x8d\x14\xb6Ko\x1eP\x00\x16\xb0\x00\x00\x00\x00t essent scripta'...
9.863 Disassembled: source: 59526, dest: 62263, seq: 101652, ack: 3058396958, window: 5808, data: "t essent scripta"...
9.863 Data accepted; writing to file
9.863 Assembling: source: 62263, dest: 59526, seq: 3058396958, ack: 103104, window: 5808, ACK
9.864 Sent: b'\xf37\xe8\x86\xb6Ko\x1e\x00\x01\x92\xc0P\x10\x16\xb0\x00\x00\x00\x00'
9.865 Received: b'\xe8\x86\xf37\x00\x01\x92\xc0\xb6Ko\x1eP\x00\x16\xb0\x00\x00\x00\x00ctatos sadipscin'...
9.866 Disassembled: source: 59526, dest: 62263, seq: 103104, ack: 3058396958, window: 5808, data: "ctatos sadipscin"...
9.866 Data accepted; writing to file
9.866 Assembling: source: 62263, dest: 59526, seq: 3058396958, ack: 104556, window: 5808, ACK
9.867 Sent: b'\xf37\xe8\x86\xb6Ko\x1e\x00\x01\x98lP\x10\x16\xb0\x00\x00\x00\x00'
9.869 Failed to receive packet
10.367 Failed to send packet
10.867 Sent: b'\xf37\xe8\x86\xb6Ko\x1e\x00\x01\x98lP\x10\x16\xb0\x00\x00\x00\x00'
10.870 Received: b'\xe8\x86\xf37\x00\x01\x98l\xb6Ko\x1eP\x00\x16\xb0\x00\x00\x00\x00apientem ea, ad '...
10.871 Disassembled: source: 59526, dest: 62263, seq: 104556, ack: 3058396958, window: 5808, data: "apientem ea, ad "...
10.871 Data accepted; writing to file
10.871 Assembling: source: 62263, dest: 59526, seq: 3058396958, ack: 106008, window: 5808, ACK
10.872 Sent: b'\xf37\xe8\x86\xb6Ko\x1e\x00\x01\x9e\x18P\x10\x16\xb0\x00\x00\x00\x00'
10.875 Received: b'\xe8\x86\xf37\x00\x01\x9e\x18\xb6Ko\x1eP\x00\x16\xb0\x00\x00\x00\x00 invenire partie'...
10.875 Disassembled: source: 59526, dest: 62263, seq: 106008, ack: 3058396958, window: 5808, data: " invenire partie"...
10.875 Data accepted; writing to file
10.875 Assembling: source: 62263, dest: 59526, seq: 3058396958, ack: 107460, window: 5808, ACK
10.876 Failed to send packet
11.376 Failed to send packet
11.877 Sent: b'\xf37\xe8\x86\xb6Ko\x1e\x00\x01\xa3\xc4P\x10\x16\xb0\x00\x00\x00\x00'
11.879 Received: b'\xe8\x86\xf37\x00\x01\xa3\xc4\xb6Ko\x1eP\x00\x16\xb0\x00\x00\x00\x00Qui id facer fac'...
11.880 Disassembled: source: 59526, dest: 62263, seq: 107460, ack: 3058396958, window: 5808, data: "Qui id facer fac"...
11.880 Data accepted; writing to file
11.880 Assembling: source: 62263, dest: 59526, seq: 3058396958, ack: 108912, window: 5808, ACK
11.881 Sent: b'\xf37\xe8\x86\xb6Ko\x1e\x00\x01\xa9pP\x10\x16\xb0\x00\x00\x00\x00'
11.884 Received: b'\xe8\x86\xf37\x00\x01\xa9p\xb6Ko\x1eP\x00\x16\xb0\x00\x00\x00\x00t pro. Duo ea au'...
11.884 Disassembled: source: 59526, dest: 62263, seq: 108912, ack: 3058396958, window: 5808, data: "t pro. Duo ea au"...
11.885 Data accepted; writing to file
11.885 Assembling: source: 62263, dest: 59526, seq: 3058396958, ack: 110364, window: 5808, ACK
11.885 Sent: b'\xf37\xe8\x86\xb6Ko\x1e\x00\x01\xaf\x1cP\x10\x16\xb0\x00\x00\x00\x00'
11.888 Received: b'\xe8\x86\xf37\x00\x01\xaf\x1c\xb6Ko\x1eP\x00\x16\xb0\x00\x00\x00\x00trioque adipisci'...
11.889 Disassembled: source: 59526, dest: 62263, seq: 110364, ack: 3058396958, window: 5808, data: "trioque adipisci"...
11.889 Data accepted; writing to file
11.889 Assembling: source: 62263, dest: 59526, seq: 3058396958, ack: 111816, window: 5808, ACK
11.889 Sent: b'\xf37\xe8\x86\xb6Ko\x1e\x00\x01\xb4\xc8P\x10\x16\xb0\x00\x00\x00\x00'
11.892 Received: b'\xe8\x86\xf37\x00\x01\xb4\xc8\xb6Ko\x1eP\x00\x16\xb0\x00\x00\x00\x00nec. Liber harum'...
11.893 Disassembled: source: 59526, dest: 62263, seq: 111816, ack: 3058396958, window: 5808, data: "nec. Liber harum"...
11.893 Data accepted; writing to file
11.893 Assembling: source: 62263, dest: 59526, seq: 3058396958, ack: 113268, window: 5808, ACK
11.894 Failed to send packet
12.394 Sent: b'\xf37\xe8\x86\xb6Ko\x1e\x00\x01\xbatP\x10\x16\xb0\x00\x00\x00\x00'
12.397 Failed to receive packet
12.894 Sent: b'\xf37\xe8\x86\xb6Ko\x1e\x00\x01\xbatP\x10\x16\xb0\x00\x00\x00\x00'
12.897 Received: b'\xe8\x86\xf37\x00\x01\xbat\xb6Ko\x1eP\x00\x16\xb0\x00\x00\x00\x00isset sententiae'...
12.898 Disassembled: source: 59526, dest: 62263, seq: 113268, ack: 3058396958, window: 5808, data: "isset sententiae"...
12.898 Data accepted; writing to file
12.898 Assembling: source: 62263, dest: 59526, seq: 3058396958, ack: 114720, window: 5808, ACK
12.899 Sent: b'\xf37\xe8\x86\xb6Ko\x1e\x00\x01\xc0 P\x10\x16\xb0\x00\x00\x00\x00'
12.902 Received: b'\xe8\x86\xf37\x00\x01\xc0 \xb6Ko\x1eP\x00\x16\xb0\x00\x00\x00\x00at soluta debiti'...
12.902 Disassembled: source: 59526, dest: 62263, seq: 114720, ack: 3058396958, window: 5808, data: "at soluta debiti"...
12.902 Data accepted; writing to file
12.902 Assembling: source: 62263, dest: 59526, seq: 3058396958, ack: 116172, window: 5808, ACK
12.903 Sent: b'\xf37\xe8\x86\xb6Ko\x1e\x00\x01\xc5\xccP\x10\x16\xb0\x00\x00\x00\x00'
12.906 Failed to receive packet
13.403 Sent: b'\xf37\xe8\x86\xb6Ko\x1e\x00\x01\xc5\xccP\x10\x16\xb0\x00\x00\x00\x00'
13.406 Received: b'\xe8\x86\xf37\x00\x01\xc5\xcc\xb6Ko\x1eP\x00\x16\xb0\x00\x00\x00\x00 est ne. An fall'...
13.407 Disassembled: source: 59526, dest: 62263, seq: 116172, ack: 3058396958, window: 5808, data: " est ne. An fall"...
13.407 Data accepted; writing to file
13.407 Assembling: source: 62263, dest: 59526, seq: 3058396958, ack: 117624, window: 5808, ACK
13.407 Sent: b'\xf37\xe8\x86\xb6Ko\x1e\x00\x01\xcbxP\x10\x16\xb0\x00\x00\x00\x00'
13.410 Received: b'\xe8\x86\xf37\x00\x01\xcbx\xb6Ko\x1eP\x00\x16\xb0\x00\x00\x00\x00idis eu eam, per'...
13.411 Disassembled: source: 59526, dest: 62263, seq: 117624, ack: 3058396958, window: 5808, data: "idis eu eam, per"...
13.411 Data accepted; writing to file
13.411 Assembling: source: 62263, dest: 59526, seq: 3058396958, ack: 119076, window: 5808, ACK
13.412 Sent: b'\xf37\xe8\x86\xb6Ko\x1e\x00\x01\xd1$P\x10\x16\xb0\x00\x00\x00\x00'
13.415 Received: b'\xe8\x86\xf37\x00\x01\xd1$\xb6Ko\x1eP\x00\x16\xb0\x00\x00\x00\x00, ei inani docen'...
13.415 Disassembled: source: 59526, dest: 62263, seq: 119076, ack: 3058396958, window: 5808, data: ", ei inani docen"...
13.415 Data accepted; writing to file
13.415 Assembling: source: 62263, dest: 59526, seq: 3058396958, ack: 120528, window: 5808, ACK
13.416 Sent: b'\xf37\xe8\x86\xb6Ko\x1e\x00\x01\xd6\xd0P\x10\x16\xb0\x00\x00\x00\x00'
13.419 Received: b'\xe8\x86\xf37\x00\x01\xd6\xd0\xb6Ko\x1eP\x00\x16\xb0\x00\x00\x00\x00e, vis decore po'...
13.419 Disassembled: source: 59526, dest: 62263, seq: 120528, ack: 3058396958, window: 5808, data: "e, vis decore po"...
13.420 Data accepted; writing to file
13.420 Assembling: source: 62263, dest: 59526, seq: 3058396958, ack: 121980, window: 5808, ACK
13.420 Sent: b'\xf37\xe8\x86\xb6Ko\x1e\x00\x01\xdc|P\x10\x16\xb0\x00\x00\x00\x00'
13.422 Received: b'\xe8\x86\xf37\x00\x01\xdc|\xb6Ko\x1eP\x00\x16\xb0\x00\x00\x00\x00m odio corpora c'...
13.423 Disassembled: source: 59526, dest: 62263, seq: 121980, ack: 3058396958, window: 5808, data: "m odio corpora c"...
13.423 Data accepted; writing to file
13.423 Assembling: source: 62263, dest: 59526, seq: 3058396958, ack: 123432, window: 5808, ACK
13.423 Sent: b'\xf37\xe8\x86\xb6Ko\x1e\x00\x01\xe2(P\x10\x16\xb0\x00\x00\x00\x00'
13.425 Received: b'\xe8\x86\xf37\x00\x01\xe2(\xb6Ko\x1eP\x00\x16\xb0\x00\x00\x00\x00Usu sanctus conc'...
13.426 Disassembled: source: 59526, dest: 62263, seq: 123432, ack: 3058396958, window: 5808, data: "Usu sanctus conc"...
13.426 Data accepted; writing to file
13.426 Assembling: source: 62263, dest: 59526, seq: 3058396958, ack: 124884, window: 5808, ACK
13.427 Sent: b'\xf37\xe8\x86\xb6Ko\x1e\x00\x01\xe7\xd4P\x10\x16\xb0\x00\x00\x00\x00'
13.428 Received: b'\xe8\x86\xf37\x00\x01\xe7\xd4\xb6Ko\x1eP\x00\x16\xb0\x00\x00\x00\x00eco aeterno te, '...
13.429 Disassembled: source: 59526, dest: 62263, seq: 124884, ack: 3058396958, window: 5808, data: "eco aeterno te, "...
13.429 Data accepted; writing to file
13.429 Assembling: source: 62263, dest: 59526, seq: 3058396958, ack: 126336, window: 5808, ACK
13.430 Sent: b'\xf37\xe8\x86\xb6Ko\x1e\x00\x01\xed\x80P\x10\x16\xb0\x00\x00\x00\x00'
13.431 Received: b'\xe8\x86\xf37\x00\x01\xed\x80\xb6Ko\x1eP\x00\x16\xb0\x00\x00\x00\x00mis oporteat dis'...
13.432 Disassembled: source: 59526, dest: 62263, seq: 126336, ack: 3058396958, window: 5808, data: "mis oporteat dis"...
13.432 Data accepted; writing to file
13.432 Assembling: source: 62263, dest: 59526, seq: 3058396958, ack: 127788, window: 5808, ACK
13.433 Sent: b'\xf37\xe8\x86\xb6Ko\x1e\x00\x01\xf3,P\x10\x16\xb0\x00\x00\x00\x00'
13.435 Received: b'\xe8\x86\xf37\x00\x01\xf3,\xb6Ko\x1eP\x00\x16\xb0\x00\x00\x00\x00as virtute moles'...
13.435 Disassembled: source: 59526, dest: 62263, seq: 127788, ack: 3058396958, window: 5808, data: "as virtute moles"...
13.435 Data accepted; writing to file
13.435 Assembling: source: 62263, dest: 59526, seq: 3058396958, ack: 129240, window: 5808, ACK
13.436 Sent: b'\xf37\xe8\x86\xb6Ko\x1e\x00\x01\xf8\xd8P\x10\x16\xb0\x00\x00\x00\x00'
13.438 Received: b'\xe8\x86\xf37\x00\x01\xf8\xd8\xb6Ko\x1eP\x00\x16\xb0\x00\x00\x00\x00llae noluisse.\n\n'...
13.438 Disassembled: source: 59526, dest: 62263, seq: 129240, ack: 3058396958, window: 5808, data: "llae noluisse.

"...
13.438 Data accepted; writing to file
13.438 Assembling: source: 62263, dest: 59526, seq: 3058396958, ack: 130692, window: 5808, ACK
13.439 Failed to send packet
13.939 Failed to send packet
14.440 Sent: b'\xf37\xe8\x86\xb6Ko\x1e\x00\x01\xfe\x84P\x10\x16\xb0\x00\x00\x00\x00'
14.442 Received: b'\xe8\x86\xf37\x00\x01\xfe\x84\xb6Ko\x1eP\x00\x16\xb0\x00\x00\x00\x00At duo affert to'...
14.443 Disassembled: source: 59526, dest: 62263, seq: 130692, ack: 3058396958, window: 5808, data: "At duo affert to"...
14.443 Data accepted; writing to file
14.443 Assembling: source: 62263, dest: 59526, seq: 3058396958, ack: 132144, window: 5808, ACK
14.444 Sent: b'\xf37\xe8\x86\xb6Ko\x1e\x00\x02\x040P\x10\x16\xb0\x00\x00\x00\x00'
14.447 Received: b'\xe8\x86\xf37\x00\x02\x040\xb6Ko\x1eP\x00\x16\xb0\x00\x00\x00\x00r eam an. Ut per'...
14.447 Disassembled: source: 59526, dest: 62263, seq: 132144, ack: 3058396958, window: 5808, data: "r eam an. Ut per"...
14.447 Data accepted; writing to file
14.448 Assembling: source: 62263, dest: 59526, seq: 3058396958, ack: 133596, window: 5808, ACK
14.448 Sent: b'\xf37\xe8\x86\xb6Ko\x1e\x00\x02\t\xdcP\x10\x16\xb0\x00\x00\x00\x00'
14.451 Received: b'\xe8\x86\xf37\x00\x02\t\xdc\xb6Ko\x1eP\x00\x16\xb0\x00\x00\x00\x00ea ex, inermis m'...
14.451 Disassembled: source: 59526, dest: 62263, seq: 133596, ack: 3058396958, window: 5808, data: "ea ex, inermis m"...
14.452 Data accepted; writing to file
14.452 Assembling: source: 62263, dest: 59526, seq: 3058396958, ack: 135048, window: 5808, ACK
14.452 Sent: b'\xf37\xe8\x86\xb6Ko\x1e\x00\x02\x0f\x88P\x10\x16\xb0\x00\x00\x00\x00'
14.455 Received: b'\xe8\x86\xf37\x00\x02\x0f\x88\xb6Ko\x1eP\x00\x16\xb0\x00\x00\x00\x00recteque iracund'...
14.456 Disassembled: source: 59526, dest: 62263, seq: 135048, ack: 3058396958, window: 5808, data: "recteque iracund"...
14.456 Data accepted; writing to file
14.456 Assembling: source: 62263, dest: 59526, seq: 3058396958, ack: 136218, window: 5808, ACK
14.457 Sent: b'\xf37\xe8\x86\xb6Ko\x1e\x00\x02\x14\x1aP\x10\x16\xb0\x00\x00\x00\x00'
14.957 Sent: b'\xf37\xe8\x86\xb6Ko\x1e\x00\x02\x14\x1aP\x10\x16\xb0\x00\x00\x00\x00'
15.457 Sent: b'\xf37\xe8\x86\xb6Ko\x1e\x00\x02\x14\x1aP\x10\x16\xb0\x00\x00\x00\x00'
15.958 Sent: b'\xf37\xe8\x86\xb6Ko\x1e\x00\x02\x14\x1aP\x10\x16\xb0\x00\x00\x00\x00'
16.458 Sent: b'\xf37\xe8\x86\xb6Ko\x1e\x00\x02\x14\x1aP\x10\x16\xb0\x00\x00\x00\x00'
16.959 Error: Connection timed out
16.959 Closed connection
16.960 Shutting down
