0.000 NEW RUN: Server, TEST: Write_file__Empty
0.078 Received: b'G\r\xa3\x92\x16X\xa1K\x00\x00\x00\x00P\x02\x00\x00\xf2D\x00\x00'
0.079 Disassembled: source: 18189, dest: 41874, seq: 374907211, SYN
0.079 SYN accepted; new connection: 127.0.0.1 on port 18189
0.079 Assembling: source: 41874, dest: 18189, seq: 3202550932, ack: 374907212, window: 5808, ACK, SYN
0.080 Sent: b'\xa3\x92G\r\xbe\xe3\x0c\x94\x16X\xa1LP\x12\x16\xb0\x00\x00\x00\x00'
0.085 Received: b'G\r\xa3\x92\x16X\xa1L\xbe\xe3\x0c\x95P\x10\x16\xb0\xd4{\x00\x00'
0.085 Disassembled: source: 18189, dest: 41874, seq: 374907212, ack: 3202550933, window: 5808, ACK
0.085 Assembling: source: 41874, dest: 18189, seq: 3202550933, ack: 374907212, window: 5808, ACK
0.086 Sent: b'\xa3\x92G\r\xbe\xe3\x0c\x95\x16X\xa1LP\x10\x16\xb0\x00\x00\x00\x00'
0.092 Received: b'G\r\xa3\x92\x16X\xa1L\xbe\xe3\x0c\x95P\x11\x16\xb0\xd4|\x00\x00'
0.092 Disassembled: source: 18189, dest: 41874, seq: 374907212, ack: 3202550933, window: 5808, ACK, FIN
0.092 FIN accepted; closing
0.092 Assembling: source: 41874, dest: 18189, seq: 3202550933, ack: 374907212, window: 5808, ACK, FIN
0.093 Sent: b'\xa3\x92G\r\xbe\xe3\x0c\x95\x16X\xa1LP\x11\x16\xb0\x00\x00\x00\x00'
0.593 Sent: b'\xa3\x92G\r\xbe\xe3\x0c\x95\x16X\xa1LP\x11\x16\xb0\x00\x00\x00\x00'
1.094 Sent: b'\xa3\x92G\r\xbe\xe3\x0c\x95\x16X\xa1LP\x11\x16\xb0\x00\x00\x00\x00'
1.594 Sent: b'\xa3\x92G\r\xbe\xe3\x0c\x95\x16X\xa1LP\x11\x16\xb0\x00\x00\x00\x00'
2.095 Sent: b'\xa3\x92G\r\xbe\xe3\x0c\x95\x16X\xa1LP\x11\x16\xb0\x00\x00\x00\x00'
2.595 Error: Connection timed out
2.595 Closed connection
2.596 Shutting down
