0.000 NEW RUN: Server, TEST: Write_file__Single_packet
0.079 Received: b'\x97\xc2n\xe9\x0e\x8f?\xf3\x00\x00\x00\x00P\x02\x00\x00\xa5/\x00\x00'
0.079 Disassembled: source: 38850, dest: 28393, seq: 244269043, SYN
0.080 SYN accepted; new connection: 127.0.0.1 on port 38850
0.080 Assembling: source: 28393, dest: 38850, seq: 3202946586, ack: 244269044, window: 5808, ACK, SYN
0.081 Sent: b'n\xe9\x97\xc2\xbe\xe9\x16\x1a\x0e\x8f?\xf4P\x12\x16\xb0\x00\x00\x00\x00'
0.086 Received: b'\x97\xc2n\xe9\x0e\x8f?\xf4\xbe\xe9\x16\x1bP\x10\x16\xb0A\x88\x00\x00This file fits i'...
0.086 Disassembled: source: 38850, dest: 28393, seq: 244269044, ack: 3202946587, window: 5808, ACK, data: "This file fits i"...
0.086 Handshake complete
0.086 Data accepted; writing to file
0.087 Assembling: source: 28393, dest: 38850, seq: 3202946587, ack: 244269087, window: 5808, ACK
0.087 Sent: b'n\xe9\x97\xc2\xbe\xe9\x16\x1b\x0e\x8f@\x1fP\x10\x16\xb0\x00\x00\x00\x00'
0.092 Received: b'\x97\xc2n\xe9\x0e\x8f@\x1f\xbe\xe9\x16\x1bP\x11\x16\xb0\x91\x1e\x00\x00'
0.092 Disassembled: source: 38850, dest: 28393, seq: 244269087, ack: 3202946587, window: 5808, ACK, FIN
0.093 FIN accepted; closing
0.093 Assembling: source: 28393, dest: 38850, seq: 3202946587, ack: 244269087, window: 5808, ACK, FIN
0.093 Sent: b'n\xe9\x97\xc2\xbe\xe9\x16\x1b\x0e\x8f@\x1fP\x11\x16\xb0\x00\x00\x00\x00'
0.594 Sent: b'n\xe9\x97\xc2\xbe\xe9\x16\x1b\x0e\x8f@\x1fP\x11\x16\xb0\x00\x00\x00\x00'
1.094 Sent: b'n\xe9\x97\xc2\xbe\xe9\x16\x1b\x0e\x8f@\x1fP\x11\x16\xb0\x00\x00\x00\x00'
1.595 Sent: b'n\xe9\x97\xc2\xbe\xe9\x16\x1b\x0e\x8f@\x1fP\x11\x16\xb0\x00\x00\x00\x00'
2.095 Sent: b'n\xe9\x97\xc2\xbe\xe9\x16\x1b\x0e\x8f@\x1fP\x11\x16\xb0\x00\x00\x00\x00'
2.596 Error: Connection timed out
2.596 Closed connection
2.596 Shutting down
