0.000 NEW RUN: Server, TEST: Read_file__Latency
0.214 Received: b'\xb3\x1c\x19N\x00\x00\x00\\\x00\x00\x00\x00P\x02\x05\xa8\x00\x00\x00\x00'
0.215 Disassembled: source: 45852, dest: 6478, seq: 92, window: 1448, SYN
0.215 SYN accepted; new connection: 127.0.0.1 on port 45852
0.215 Assembling: source: 6478, dest: 45852, seq: 2179299150, ack: 93, window: 1448, ACK, SYN
0.216 Sent: b'\x19N\xb3\x1c\x81\xe5wN\x00\x00\x00]P\x12\x05\xa8\x00\x00\x00\x00'
0.716 Sent: b'\x19N\xb3\x1c\x81\xe5wN\x00\x00\x00]P\x12\x05\xa8\x00\x00\x00\x00'
1.217 Sent: b'\x19N\xb3\x1c\x81\xe5wN\x00\x00\x00]P\x12\x05\xa8\x00\x00\x00\x00'
1.220 Received: b'\xb3\x1c\x19N\x00\x00\x00]\x81\xe5wOP\x10\x05\xa8\x00\x00\x00\x00'
1.221 Disassembled: source: 45852, dest: 6478, seq: 93, ack: 2179299151, window: 1448, ACK
1.221 Handshake complete
1.221 Acknowledged seq: 2179299150
1.222 Assembling: source: 6478, dest: 45852, seq: 2179299151, ack: 94, window: 1448, data: "Lorem ipsum dolo"...
1.222 Sent: b'\x19N\xb3\x1c\x81\xe5wO\x00\x00\x00^P\x00\x05\xa8\x00\x00\x00\x00Lorem ipsum dolo'...
1.721 Received: b'\xb3\x1c\x19N\x00\x00\x00]\x81\xe5wOP\x10\x05\xa8\x00\x00\x00\x00'
1.721 Disassembled: source: 45852, dest: 6478, seq: 93, ack: 2179299151, window: 1448, ACK
1.722 Assembling: source: 6478, dest: 45852, seq: 2179300599, ack: 94, window: 1448, data: "m"
1.722 Sent: b'\x19N\xb3\x1c\x81\xe5|\xf7\x00\x00\x00^P\x00\x05\xa8\x00\x00\x00\x00m'
2.221 Received: b'\xb3\x1c\x19N\x00\x00\x00]\x81\xe5wOP\x10\x05\xa8\x00\x00\x00\x00'
2.221 Disassembled: source: 45852, dest: 6478, seq: 93, ack: 2179299151, window: 1448, ACK
2.222 Sent: b'\x19N\xb3\x1c\x81\xe5wO\x00\x00\x00^P\x00\x05\xa8\x00\x00\x00\x00Lorem ipsum dolo'...
2.223 Sent: b'\x19N\xb3\x1c\x81\xe5|\xf7\x00\x00\x00^P\x00\x05\xa8\x00\x00\x00\x00m'
2.226 Received: b'\xb3\x1c\x19N\x00\x00\x00]\x81\xe5|\xf7P\x10\x05\xa8\x00\x00\x00\x00'
2.227 Disassembled: source: 45852, dest: 6478, seq: 93, ack: 2179300599, window: 1448, ACK
2.227 Acknowledged seq: 2179299151
2.228 Assembling: source: 6478, dest: 45852, seq: 2179300600, ack: 94, window: 1448, data: "prehensam nam, a"...
2.228 Sent: b'\x19N\xb3\x1c\x81\xe5|\xf8\x00\x00\x00^P\x00\x05\xa8\x00\x00\x00\x00prehensam nam, a'...
2.726 Received: b'\xb3\x1c\x19N\x00\x00\x00]\x81\xe5|\xf8P\x10\x05\xa8\x00\x00\x00\x00'
2.727 Disassembled: source: 45852, dest: 6478, seq: 93, ack: 2179300600, window: 1448, ACK
2.727 Acknowledged seq: 2179300599
2.727 Assembling: source: 6478, dest: 45852, seq: 2179302047, ack: 94, window: 1448, data: "i"
2.728 Sent: b'\x19N\xb3\x1c\x81\xe5\x82\x9f\x00\x00\x00^P\x00\x05\xa8\x00\x00\x00\x00i'
3.228 Sent: b'\x19N\xb3\x1c\x81\xe5|\xf8\x00\x00\x00^P\x00\x05\xa8\x00\x00\x00\x00prehensam nam, a'...
3.229 Sent: b'\x19N\xb3\x1c\x81\xe5\x82\x9f\x00\x00\x00^P\x00\x05\xa8\x00\x00\x00\x00i'
3.729 Sent: b'\x19N\xb3\x1c\x81\xe5|\xf8\x00\x00\x00^P\x00\x05\xa8\x00\x00\x00\x00prehensam nam, a'...
3.729 Sent: b'\x19N\xb3\x1c\x81\xe5\x82\x9f\x00\x00\x00^P\x00\x05\xa8\x00\x00\x00\x00i'
4.229 Sent: b'\x19N\xb3\x1c\x81\xe5|\xf8\x00\x00\x00^P\x00\x05\xa8\x00\x00\x00\x00prehensam nam, a'...
4.230 Sent: b'\x19N\xb3\x1c\x81\xe5\x82\x9f\x00\x00\x00^P\x00\x05\xa8\x00\x00\x00\x00i'
4.730 Sent: b'\x19N\xb3\x1c\x81\xe5|\xf8\x00\x00\x00^P\x00\x05\xa8\x00\x00\x00\x00prehensam nam, a'...
4.731 Sent: b'\x19N\xb3\x1c\x81\xe5\x82\x9f\x00\x00\x00^P\x00\x05\xa8\x00\x00\x00\x00i'
5.231 Sent: b'\x19N\xb3\x1c\x81\xe5|\xf8\x00\x00\x00^P\x00\x05\xa8\x00\x00\x00\x00prehensam nam, a'...
5.231 Sent: b'\x19N\xb3\x1c\x81\xe5\x82\x9f\x00\x00\x00^P\x00\x05\xa8\x00\x00\x00\x00i'
5.732 Error: Connection timed out
5.732 Closed connection
6.231 Shutting down
