0.000 NEW RUN: Server, TEST: Read_file__Large_multi-packet
0.214 Received: b'$\xd6\xef\xd3\x00\x00\x00\x08\x00\x00\x00\x00P\x02\x05\xa8\x00\x00\x00\x00'
0.215 Disassembled: source: 9430, dest: 61395, seq: 8, window: 1448, SYN
0.215 SYN accepted; new connection: 127.0.0.1 on port 9430
0.215 Assembling: source: 61395, dest: 9430, seq: 2006427128, ack: 9, window: 1448, ACK, SYN
0.215 Sent: b'\xef\xd3$\xd6w\x97\xa5\xf8\x00\x00\x00\tP\x12\x05\xa8\x00\x00\x00\x00'
0.217 Received: b'$\xd6\xef\xd3\x00\x00\x00\tw\x97\xa5\xf9P\x10\x05\xa8\x00\x00\x00\x00'
0.217 Disassembled: source: 9430, dest: 61395, seq: 9, ack: 2006427129, window: 1448, ACK
0.217 Handshake complete
0.217 Acknowledged seq: 2006427128
0.218 Assembling: source: 61395, dest: 9430, seq: 2006427129, ack: 10, window: 1448, data: "Lorem ipsum dolo"...
0.218 Sent: b'\xef\xd3$\xd6w\x97\xa5\xf9\x00\x00\x00\nP\x00\x05\xa8\x00\x00\x00\x00Lorem ipsum dolo'...
0.220 Received: b'$\xd6\xef\xd3\x00\x00\x00\tw\x97\xab\xa1P\x10\x05\xa8\x00\x00\x00\x00'
0.220 Disassembled: source: 9430, dest: 61395, seq: 9, ack: 2006428577, window: 1448, ACK
0.220 Acknowledged seq: 2006427129
0.220 Assembling: source: 61395, dest: 9430, seq: 2006428577, ack: 10, window: 1448, data: "mprehensam nam, "...
0.221 Sent: b'\xef\xd3$\xd6w\x97\xab\xa1\x00\x00\x00\nP\x00\x05\xa8\x00\x00\x00\x00mprehensam nam, '...
0.222 Received: b'$\xd6\xef\xd3\x00\x00\x00\tw\x97\xb1IP\x10\x05\xa8\x00\x00\x00\x00'
0.223 Disassembled: source: 9430, dest: 61395, seq: 9, ack: 2006430025, window: 1448, ACK
0.223 Acknowledged seq: 2006428577
0.223 Assembling: source: 61395, dest: 9430, seq: 2006430025, ack: 10, window: 1448, data: "ilisi repudiare "...
0.224 Sent: b'\xef\xd3$\xd6w\x97\xb1I\x00\x00\x00\nP\x00\x05\xa8\x00\x00\x00\x00ilisi repudiare '...
0.225 Received: b'$\xd6\xef\xd3\x00\x00\x00\tw\x97\xb6\xf1P\x10\x05\xa8\x00\x00\x00\x00'
0.226 Disassembled: source: 9430, dest: 61395, seq: 9, ack: 2006431473, window: 1448, ACK
0.226 Acknowledged seq: 2006430025
0.226 Assembling: source: 61395, dest: 9430, seq: 2006431473, ack: 10, window: 1448, data: "ta.

Et essent s"...
0.226 Sent: b'\xef\xd3$\xd6w\x97\xb6\xf1\x00\x00\x00\nP\x00\x05\xa8\x00\x00\x00\x00ta.\n\nEt essent s'...
0.228 Received: b'$\xd6\xef\xd3\x00\x00\x00\tw\x97\xbc\x99P\x10\x05\xa8\x00\x00\x00\x00'
0.228 Disassembled: source: 9430, dest: 61395, seq: 9, ack: 2006432921, window: 1448, ACK
0.229 Acknowledged seq: 2006431473
0.229 Assembling: source: 61395, dest: 9430, seq: 2006432921, ack: 10, window: 1448, data: " Nihil tractatos"...
0.229 Sent: b'\xef\xd3$\xd6w\x97\xbc\x99\x00\x00\x00\nP\x00\x05\xa8\x00\x00\x00\x00 Nihil tractatos'...
0.231 Received: b'$\xd6\xef\xd3\x00\x00\x00\tw\x97\xc2AP\x10\x05\xa8\x00\x00\x00\x00'
0.231 Disassembled: source: 9430, dest: 61395, seq: 9, ack: 2006434369, window: 1448, ACK
0.231 Acknowledged seq: 2006432921
0.231 Assembling: source: 61395, dest: 9430, seq: 2006434369, ack: 10, window: 1448, data: "fert iuvaret sap"...
0.232 Sent: b'\xef\xd3$\xd6w\x97\xc2A\x00\x00\x00\nP\x00\x05\xa8\x00\x00\x00\x00fert iuvaret sap'...
0.233 Received: b'$\xd6\xef\xd3\x00\x00\x00\tw\x97\xc7\xe9P\x10\x05\xa8\x00\x00\x00\x00'
0.233 Disassembled: source: 9430, dest: 61395, seq: 9, ack: 2006435817, window: 1448, ACK
0.234 Acknowledged seq: 2006434369
0.234 Assembling: source: 61395, dest: 9430, seq: 2006435817, ack: 10, window: 1448, data: "ram adipiscing, "...
0.234 Sent: b'\xef\xd3$\xd6w\x97\xc7\xe9\x00\x00\x00\nP\x00\x05\xa8\x00\x00\x00\x00ram adipiscing, '...
0.236 Received: b'$\xd6\xef\xd3\x00\x00\x00\tw\x97\xcd\x91P\x10\x05\xa8\x00\x00\x00\x00'
0.236 Disassembled: source: 9430, dest: 61395, seq: 9, ack: 2006437265, window: 1448, ACK
0.236 Acknowledged seq: 2006435817
0.236 Assembling: source: 61395, dest: 9430, seq: 2006437265, ack: 10, window: 1448, data: "m veritus vivend"...
0.237 Sent: b'\xef\xd3$\xd6w\x97\xcd\x91\x00\x00\x00\nP\x00\x05\xa8\x00\x00\x00\x00m veritus vivend'...
0.238 Received: b'$\xd6\xef\xd3\x00\x00\x00\tw\x97\xd39P\x10\x05\xa8\x00\x00\x00\x00'
0.238 Disassembled: source: 9430, dest: 61395, seq: 9, ack: 2006438713, window: 1448, ACK
0.239 Acknowledged seq: 2006437265
0.239 Assembling: source: 61395, dest: 9430, seq: 2006438713, ack: 10, window: 1448, data: " delenit, ignota"...
0.239 Sent: b'\xef\xd3$\xd6w\x97\xd39\x00\x00\x00\nP\x00\x05\xa8\x00\x00\x00\x00 delenit, ignota'...
0.241 Received: b'$\xd6\xef\xd3\x00\x00\x00\tw\x97\xd8\xe1P\x10\x05\xa8\x00\x00\x00\x00'
0.241 Disassembled: source: 9430, dest: 61395, seq: 9, ack: 2006440161, window: 1448, ACK
0.241 Acknowledged seq: 2006438713
0.241 Assembling: source: 61395, dest: 9430, seq: 2006440161, ack: 10, window: 1448, data: "se explicari des"...
0.242 Sent: b'\xef\xd3$\xd6w\x97\xd8\xe1\x00\x00\x00\nP\x00\x05\xa8\x00\x00\x00\x00se explicari des'...
0.243 Received: b'$\xd6\xef\xd3\x00\x00\x00\tw\x97\xde\x89P\x10\x05\xa8\x00\x00\x00\x00'
0.244 Disassembled: source: 9430, dest: 61395, seq: 9, ack: 2006441609, window: 1448, ACK
0.244 Acknowledged seq: 2006440161
0.244 Assembling: source: 61395, dest: 9430, seq: 2006441609, ack: 10, window: 1448, data: "piscing, in modo"...
0.244 Sent: b'\xef\xd3$\xd6w\x97\xde\x89\x00\x00\x00\nP\x00\x05\xa8\x00\x00\x00\x00piscing, in modo'...
0.246 Received: b'$\xd6\xef\xd3\x00\x00\x00\tw\x97\xe41P\x10\x05\xa8\x00\x00\x00\x00'
0.246 Disassembled: source: 9430, dest: 61395, seq: 9, ack: 2006443057, window: 1448, ACK
0.246 Acknowledged seq: 2006441609
0.247 Assembling: source: 61395, dest: 9430, seq: 2006443057, ack: 10, window: 1448, data: "o copiosae tacim"...
0.247 Sent: b'\xef\xd3$\xd6w\x97\xe41\x00\x00\x00\nP\x00\x05\xa8\x00\x00\x00\x00o copiosae tacim'...
0.248 Received: b'$\xd6\xef\xd3\x00\x00\x00\tw\x97\xe9\xd9P\x10\x05\xa8\x00\x00\x00\x00'
0.249 Disassembled: source: 9430, dest: 61395, seq: 9, ack: 2006444505, window: 1448, ACK
0.249 Acknowledged seq: 2006443057
0.249 Assembling: source: 61395, dest: 9430, seq: 2006444505, ack: 10, window: 1448, data: "am. Pri ne antio"...
0.250 Sent: b'\xef\xd3$\xd6w\x97\xe9\xd9\x00\x00\x00\nP\x00\x05\xa8\x00\x00\x00\x00am. Pri ne antio'...
0.251 Received: b'$\xd6\xef\xd3\x00\x00\x00\tw\x97\xef\x81P\x10\x05\xa8\x00\x00\x00\x00'
0.252 Disassembled: source: 9430, dest: 61395, seq: 9, ack: 2006445953, window: 1448, ACK
0.252 Acknowledged seq: 2006444505
0.252 Assembling: source: 61395, dest: 9430, seq: 2006445953, ack: 10, window: 1448, data: "to no. Elitr pos"...
0.252 Sent: b'\xef\xd3$\xd6w\x97\xef\x81\x00\x00\x00\nP\x00\x05\xa8\x00\x00\x00\x00to no. Elitr pos'...
0.254 Received: b'$\xd6\xef\xd3\x00\x00\x00\tw\x97\xf5)P\x10\x05\xa8\x00\x00\x00\x00'
0.254 Disassembled: source: 9430, dest: 61395, seq: 9, ack: 2006447401, window: 1448, ACK
0.254 Acknowledged seq: 2006445953
0.255 Assembling: source: 61395, dest: 9430, seq: 2006447401, ack: 10, window: 1448, data: "pretaris, sea ex"...
0.255 Sent: b'\xef\xd3$\xd6w\x97\xf5)\x00\x00\x00\nP\x00\x05\xa8\x00\x00\x00\x00pretaris, sea ex'...
0.257 Received: b'$\xd6\xef\xd3\x00\x00\x00\tw\x97\xfa\xd1P\x10\x05\xa8\x00\x00\x00\x00'
0.257 Disassembled: source: 9430, dest: 61395, seq: 9, ack: 2006448849, window: 1448, ACK
0.257 Acknowledged seq: 2006447401
0.257 Assembling: source: 61395, dest: 9430, seq: 2006448849, ack: 10, window: 1448, data: "oporteat inimicu"...
0.258 Sent: b'\xef\xd3$\xd6w\x97\xfa\xd1\x00\x00\x00\nP\x00\x05\xa8\x00\x00\x00\x00oporteat inimicu'...
0.259 Received: b'$\xd6\xef\xd3\x00\x00\x00\tw\x98\x00yP\x10\x05\xa8\x00\x00\x00\x00'
0.259 Disassembled: source: 9430, dest: 61395, seq: 9, ack: 2006450297, window: 1448, ACK
0.260 Acknowledged seq: 2006448849
0.260 Assembling: source: 61395, dest: 9430, seq: 2006450297, ack: 10, window: 1448, data: "ligendi officiis"...
0.260 Sent: b'\xef\xd3$\xd6w\x98\x00y\x00\x00\x00\nP\x00\x05\xa8\x00\x00\x00\x00ligendi officiis'...
0.262 Received: b'$\xd6\xef\xd3\x00\x00\x00\tw\x98\x06!P\x10\x05\xa8\x00\x00\x00\x00'
0.262 Disassembled: source: 9430, dest: 61395, seq: 9, ack: 2006451745, window: 1448, ACK
0.262 Acknowledged seq: 2006450297
0.262 Assembling: source: 61395, dest: 9430, seq: 2006451745, ack: 10, window: 1448, data: "no vel regione i"...
0.263 Sent: b'\xef\xd3$\xd6w\x98\x06!\x00\x00\x00\nP\x00\x05\xa8\x00\x00\x00\x00no vel regione i'...
0.264 Received: b'$\xd6\xef\xd3\x00\x00\x00\tw\x98\x0b\xc9P\x10\x05\xa8\x00\x00\x00\x00'
0.265 Disassembled: source: 9430, dest: 61395, seq: 9, ack: 2006453193, window: 1448, ACK
0.265 Acknowledged seq: 2006451745
0.265 Assembling: source: 61395, dest: 9430, seq: 2006453193, ack: 10, window: 1448, data: "ibus vis ex, pro"...
0.265 Sent: b'\xef\xd3$\xd6w\x98\x0b\xc9\x00\x00\x00\nP\x00\x05\xa8\x00\x00\x00\x00ibus vis ex, pro'...
0.267 Received: b'$\xd6\xef\xd3\x00\x00\x00\tw\x98\x11qP\x10\x05\xa8\x00\x00\x00\x00'
0.268 Disassembled: source: 9430, dest: 61395, seq: 9, ack: 2006454641, window: 1448, ACK
0.268 Acknowledged seq: 2006453193
0.268 Assembling: source: 61395, dest: 9430, seq: 2006454641, ack: 10, window: 1448, data: "o vix, mel ea li"...
0.268 Sent: b'\xef\xd3$\xd6w\x98\x11q\x00\x00\x00\nP\x00\x05\xa8\x00\x00\x00\x00o vix, mel ea li'...
0.270 Received: b'$\xd6\xef\xd3\x00\x00\x00\tw\x98\x17\x19P\x10\x05\xa8\x00\x00\x00\x00'
0.270 Disassembled: source: 9430, dest: 61395, seq: 9, ack: 2006456089, window: 1448, ACK
0.270 Acknowledged seq: 2006454641
0.271 Assembling: source: 61395, dest: 9430, seq: 2006456089, ack: 10, window: 1448, data: "d. Ex fugit suav"...
0.271 Sent: b'\xef\xd3$\xd6w\x98\x17\x19\x00\x00\x00\nP\x00\x05\xa8\x00\x00\x00\x00d. Ex fugit suav'...
0.273 Received: b'$\xd6\xef\xd3\x00\x00\x00\tw\x98\x1c\xc1P\x10\x05\xa8\x00\x00\x00\x00'
0.273 Disassembled: source: 9430, dest: 61395, seq: 9, ack: 2006457537, window: 1448, ACK
0.273 Acknowledged seq: 2006456089
0.273 Assembling: source: 61395, dest: 9430, seq: 2006457537, ack: 10, window: 1448, data: "pertinax nec. De"...
0.274 Sent: b'\xef\xd3$\xd6w\x98\x1c\xc1\x00\x00\x00\nP\x00\x05\xa8\x00\x00\x00\x00pertinax nec. De'...
0.275 Received: b'$\xd6\xef\xd3\x00\x00\x00\tw\x98"iP\x10\x05\xa8\x00\x00\x00\x00'
0.276 Disassembled: source: 9430, dest: 61395, seq: 9, ack: 2006458985, window: 1448, ACK
0.276 Acknowledged seq: 2006457537
0.276 Assembling: source: 61395, dest: 9430, seq: 2006458985, ack: 10, window: 1448, data: "lli primis praes"...
0.277 Sent: b'\xef\xd3$\xd6w\x98"i\x00\x00\x00\nP\x00\x05\xa8\x00\x00\x00\x00lli primis praes'...
0.278 Received: b'$\xd6\xef\xd3\x00\x00\x00\tw\x98(\x11P\x10\x05\xa8\x00\x00\x00\x00'
0.279 Disassembled: source: 9430, dest: 61395, seq: 9, ack: 2006460433, window: 1448, ACK
0.279 Acknowledged seq: 2006458985
0.279 Assembling: source: 61395, dest: 9430, seq: 2006460433, ack: 10, window: 1448, data: "m, percipit inte"...
0.279 Sent: b'\xef\xd3$\xd6w\x98(\x11\x00\x00\x00\nP\x00\x05\xa8\x00\x00\x00\x00m, percipit inte'...
0.281 Received: b'$\xd6\xef\xd3\x00\x00\x00\tw\x98-\xb9P\x10\x05\xa8\x00\x00\x00\x00'
0.281 Disassembled: source: 9430, dest: 61395, seq: 9, ack: 2006461881, window: 1448, ACK
0.282 Acknowledged seq: 2006460433
0.282 Assembling: source: 61395, dest: 9430, seq: 2006461881, ack: 10, window: 1448, data: "nani docendi pat"...
0.282 Sent: b'\xef\xd3$\xd6w\x98-\xb9\x00\x00\x00\nP\x00\x05\xa8\x00\x00\x00\x00nani docendi pat'...
0.284 Received: b'$\xd6\xef\xd3\x00\x00\x00\tw\x983aP\x10\x05\xa8\x00\x00\x00\x00'
0.284 Disassembled: source: 9430, dest: 61395, seq: 9, ack: 2006463329, window: 1448, ACK
0.284 Acknowledged seq: 2006461881
0.285 Assembling: source: 61395, dest: 9430, seq: 2006463329, ack: 10, window: 1448, data: " vis decore poss"...
0.285 Sent: b'\xef\xd3$\xd6w\x983a\x00\x00\x00\nP\x00\x05\xa8\x00\x00\x00\x00 vis decore poss'...
0.287 Received: b'$\xd6\xef\xd3\x00\x00\x00\tw\x989\tP\x10\x05\xa8\x00\x00\x00\x00'
0.287 Disassembled: source: 9430, dest: 61395, seq: 9, ack: 2006464777, window: 1448, ACK
0.287 Acknowledged seq: 2006463329
0.287 Assembling: source: 61395, dest: 9430, seq: 2006464777, ack: 10, window: 1448, data: "eam odio corpora"...
0.288 Sent: b'\xef\xd3$\xd6w\x989\t\x00\x00\x00\nP\x00\x05\xa8\x00\x00\x00\x00eam odio corpora'...
0.289 Received: b'$\xd6\xef\xd3\x00\x00\x00\tw\x98>\xb1P\x10\x05\xa8\x00\x00\x00\x00'
0.290 Disassembled: source: 9430, dest: 61395, seq: 9, ack: 2006466225, window: 1448, ACK
0.290 Acknowledged seq: 2006464777
0.290 Assembling: source: 61395, dest: 9430, seq: 2006466225, ack: 10, window: 1448, data: " est. Usu sanctu"...
0.291 Sent: b'\xef\xd3$\xd6w\x98>\xb1\x00\x00\x00\nP\x00\x05\xa8\x00\x00\x00\x00 est. Usu sanctu'...
0.292 Received: b'$\xd6\xef\xd3\x00\x00\x00\tw\x98DYP\x10\x05\xa8\x00\x00\x00\x00'
0.293 Disassembled: source: 9430, dest: 61395, seq: 9, ack: 2006467673, window: 1448, ACK
0.293 Acknowledged seq: 2006466225
0.293 Assembling: source: 61395, dest: 9430, seq: 2006467673, ack: 10, window: 1448, data: ".

Mei graeco ae"...
0.293 Sent: b'\xef\xd3$\xd6w\x98DY\x00\x00\x00\nP\x00\x05\xa8\x00\x00\x00\x00.\n\nMei graeco ae'...
0.295 Received: b'$\xd6\xef\xd3\x00\x00\x00\tw\x98J\x01P\x10\x05\xa8\x00\x00\x00\x00'
0.295 Disassembled: source: 9430, dest: 61395, seq: 9, ack: 2006469121, window: 1448, ACK
0.296 Acknowledged seq: 2006467673
0.296 Assembling: source: 61395, dest: 9430, seq: 2006469121, ack: 10, window: 1448, data: "et. Ne sea primi"...
0.296 Sent: b'\xef\xd3$\xd6w\x98J\x01\x00\x00\x00\nP\x00\x05\xa8\x00\x00\x00\x00et. Ne sea primi'...
0.298 Received: b'$\xd6\xef\xd3\x00\x00\x00\tw\x98O\xa9P\x10\x05\xa8\x00\x00\x00\x00'
0.298 Disassembled: source: 9430, dest: 61395, seq: 9, ack: 2006470569, window: 1448, ACK
0.299 Acknowledged seq: 2006469121
0.299 Assembling: source: 61395, dest: 9430, seq: 2006470569, ack: 10, window: 1448, data: "ittam convenire."...
0.299 Sent: b'\xef\xd3$\xd6w\x98O\xa9\x00\x00\x00\nP\x00\x05\xa8\x00\x00\x00\x00ittam convenire.'...
0.301 Received: b'$\xd6\xef\xd3\x00\x00\x00\tw\x98UQP\x10\x05\xa8\x00\x00\x00\x00'
0.301 Disassembled: source: 9430, dest: 61395, seq: 9, ack: 2006472017, window: 1448, ACK
0.301 Acknowledged seq: 2006470569
0.302 Assembling: source: 61395, dest: 9430, seq: 2006472017, ack: 10, window: 1448, data: "ua et vis, id eu"...
0.302 Sent: b'\xef\xd3$\xd6w\x98UQ\x00\x00\x00\nP\x00\x05\xa8\x00\x00\x00\x00ua et vis, id eu'...
0.304 Received: b'$\xd6\xef\xd3\x00\x00\x00\tw\x98Z\xf9P\x10\x05\xa8\x00\x00\x00\x00'
0.304 Disassembled: source: 9430, dest: 61395, seq: 9, ack: 2006473465, window: 1448, ACK
0.304 Acknowledged seq: 2006472017
0.305 Assembling: source: 61395, dest: 9430, seq: 2006473465, ack: 10, window: 1448, data: "r. Et velit appa"...
0.305 Sent: b'\xef\xd3$\xd6w\x98Z\xf9\x00\x00\x00\nP\x00\x05\xa8\x00\x00\x00\x00r. Et velit appa'...
0.307 Received: b'$\xd6\xef\xd3\x00\x00\x00\tw\x98`\xa1P\x10\x05\xa8\x00\x00\x00\x00'
0.307 Disassembled: source: 9430, dest: 61395, seq: 9, ack: 2006474913, window: 1448, ACK
0.307 Acknowledged seq: 2006473465
0.307 Assembling: source: 61395, dest: 9430, seq: 2006474913, ack: 10, window: 1448, data: " novum laudem, v"...
0.308 Sent: b'\xef\xd3$\xd6w\x98`\xa1\x00\x00\x00\nP\x00\x05\xa8\x00\x00\x00\x00 novum laudem, v'...
0.309 Received: b'$\xd6\xef\xd3\x00\x00\x00\tw\x98fIP\x10\x05\xa8\x00\x00\x00\x00'
0.310 Disassembled: source: 9430, dest: 61395, seq: 9, ack: 2006476361, window: 1448, ACK
0.310 Acknowledged seq: 2006474913
0.310 Assembling: source: 61395, dest: 9430, seq: 2006476361, ack: 10, window: 1448, data: "luptatibus, cibo"...
0.311 Sent: b'\xef\xd3$\xd6w\x98fI\x00\x00\x00\nP\x00\x05\xa8\x00\x00\x00\x00luptatibus, cibo'...
0.312 Received: b'$\xd6\xef\xd3\x00\x00\x00\tw\x98k\xf1P\x10\x05\xa8\x00\x00\x00\x00'
0.313 Disassembled: source: 9430, dest: 61395, seq: 9, ack: 2006477809, window: 1448, ACK
0.313 Acknowledged seq: 2006476361
0.313 Assembling: source: 61395, dest: 9430, seq: 2006477809, ack: 10, window: 1448, data: "alii indoctum ma"...
0.313 Sent: b'\xef\xd3$\xd6w\x98k\xf1\x00\x00\x00\nP\x00\x05\xa8\x00\x00\x00\x00alii indoctum ma'...
0.315 Received: b'$\xd6\xef\xd3\x00\x00\x00\tw\x98q\x99P\x10\x05\xa8\x00\x00\x00\x00'
0.315 Disassembled: source: 9430, dest: 61395, seq: 9, ack: 2006479257, window: 1448, ACK
0.316 Acknowledged seq: 2006477809
0.316 Assembling: source: 61395, dest: 9430, seq: 2006479257, ack: 10, window: 1448, data: "im, his facete c"...
0.316 Sent: b'\xef\xd3$\xd6w\x98q\x99\x00\x00\x00\nP\x00\x05\xa8\x00\x00\x00\x00im, his facete c'...
0.318 Received: b'$\xd6\xef\xd3\x00\x00\x00\tw\x98wAP\x10\x05\xa8\x00\x00\x00\x00'
0.318 Disassembled: source: 9430, dest: 61395, seq: 9, ack: 2006480705, window: 1448, ACK
0.319 Acknowledged seq: 2006479257
0.319 Assembling: source: 61395, dest: 9430, seq: 2006480705, ack: 10, window: 1448, data: "e alia dolor com"...
0.319 Sent: b'\xef\xd3$\xd6w\x98wA\x00\x00\x00\nP\x00\x05\xa8\x00\x00\x00\x00e alia dolor com'...
0.321 Received: b'$\xd6\xef\xd3\x00\x00\x00\tw\x98|\xe9P\x10\x05\xa8\x00\x00\x00\x00'
0.321 Disassembled: source: 9430, dest: 61395, seq: 9, ack: 2006482153, window: 1448, ACK
0.321 Acknowledged seq: 2006480705
0.322 Assembling: source: 61395, dest: 9430, seq: 2006482153, ack: 10, window: 1448, data: "it ea, reque tem"...
0.322 Sent: b'\xef\xd3$\xd6w\x98|\xe9\x00\x00\x00\nP\x00\x05\xa8\x00\x00\x00\x00it ea, reque tem'...
0.324 Received: b'$\xd6\xef\xd3\x00\x00\x00\tw\x98\x82\x91P\x10\x05\xa8\x00\x00\x00\x00'
0.324 Disassembled: source: 9430, dest: 61395, seq: 9, ack: 2006483601, window: 1448, ACK
0.324 Acknowledged seq: 2006482153
0.324 Assembling: source: 61395, dest: 9430, seq: 2006483601, ack: 10, window: 1448, data: "alisque.

Equide"...
0.325 Sent: b'\xef\xd3$\xd6w\x98\x82\x91\x00\x00\x00\nP\x00\x05\xa8\x00\x00\x00\x00alisque.\n\nEquide'...
0.326 Received: b'$\xd6\xef\xd3\x00\x00\x00\tw\x98\x889P\x10\x05\xa8\x00\x00\x00\x00'
0.327 Disassembled: source: 9430, dest: 61395, seq: 9, ack: 2006485049, window: 1448, ACK
0.327 Acknowledged seq: 2006483601
0.327 Assembling: source: 61395, dest: 9430, seq: 2006485049, ack: 10, window: 1448, data: "finitiones, affe"...
0.327 Sent: b'\xef\xd3$\xd6w\x98\x889\x00\x00\x00\nP\x00\x05\xa8\x00\x00\x00\x00finitiones, affe'...
0.329 Received: b'$\xd6\xef\xd3\x00\x00\x00\tw\x98\x8d\xe1P\x10\x05\xa8\x00\x00\x00\x00'
0.330 Disassembled: source: 9430, dest: 61395, seq: 9, ack: 2006486497, window: 1448, ACK
0.330 Acknowledged seq: 2006485049
0.330 Assembling: source: 61395, dest: 9430, seq: 2006486497, ack: 10, window: 1448, data: "his duis graeco "...
0.330 Sent: b'\xef\xd3$\xd6w\x98\x8d\xe1\x00\x00\x00\nP\x00\x05\xa8\x00\x00\x00\x00his duis graeco '...
0.332 Received: b'$\xd6\xef\xd3\x00\x00\x00\tw\x98\x93\x89P\x10\x05\xa8\x00\x00\x00\x00'
0.333 Disassembled: source: 9430, dest: 61395, seq: 9, ack: 2006487945, window: 1448, ACK
0.333 Acknowledged seq: 2006486497
0.333 Assembling: source: 61395, dest: 9430, seq: 2006487945, ack: 10, window: 1448, data: "am. Alia possit "...
0.333 Sent: b'\xef\xd3$\xd6w\x98\x93\x89\x00\x00\x00\nP\x00\x05\xa8\x00\x00\x00\x00am. Alia possit '...
0.335 Received: b'$\xd6\xef\xd3\x00\x00\x00\tw\x98\x991P\x10\x05\xa8\x00\x00\x00\x00'
0.335 Disassembled: source: 9430, dest: 61395, seq: 9, ack: 2006489393, window: 1448, ACK
0.336 Acknowledged seq: 2006487945
0.336 Assembling: source: 61395, dest: 9430, seq: 2006489393, ack: 10, window: 1448, data: "cum an. Mei faci"...
0.336 Sent: b'\xef\xd3$\xd6w\x98\x991\x00\x00\x00\nP\x00\x05\xa8\x00\x00\x00\x00cum an. Mei faci'...
0.338 Received: b'$\xd6\xef\xd3\x00\x00\x00\tw\x98\x9e\xd9P\x10\x05\xa8\x00\x00\x00\x00'
0.338 Disassembled: source: 9430, dest: 61395, seq: 9, ack: 2006490841, window: 1448, ACK
0.338 Acknowledged seq: 2006489393
0.339 Assembling: source: 61395, dest: 9430, seq: 2006490841, ack: 10, window: 1448, data: " vis adhuc tatio"...
0.339 Sent: b'\xef\xd3$\xd6w\x98\x9e\xd9\x00\x00\x00\nP\x00\x05\xa8\x00\x00\x00\x00 vis adhuc tatio'...
0.340 Received: b'$\xd6\xef\xd3\x00\x00\x00\tw\x98\xa4\x81P\x10\x05\xa8\x00\x00\x00\x00'
0.341 Disassembled: source: 9430, dest: 61395, seq: 9, ack: 2006492289, window: 1448, ACK
0.341 Acknowledged seq: 2006490841
0.341 Assembling: source: 61395, dest: 9430, seq: 2006492289, ack: 10, window: 1448, data: "im eu option iuv"...
0.342 Sent: b'\xef\xd3$\xd6w\x98\xa4\x81\x00\x00\x00\nP\x00\x05\xa8\x00\x00\x00\x00im eu option iuv'...
0.343 Received: b'$\xd6\xef\xd3\x00\x00\x00\tw\x98\xaa)P\x10\x05\xa8\x00\x00\x00\x00'
0.344 Disassembled: source: 9430, dest: 61395, seq: 9, ack: 2006493737, window: 1448, ACK
0.344 Acknowledged seq: 2006492289
0.344 Assembling: source: 61395, dest: 9430, seq: 2006493737, ack: 10, window: 1448, data: "ex epicurei taci"...
0.344 Sent: b'\xef\xd3$\xd6w\x98\xaa)\x00\x00\x00\nP\x00\x05\xa8\x00\x00\x00\x00ex epicurei taci'...
0.346 Received: b'$\xd6\xef\xd3\x00\x00\x00\tw\x98\xaf\xd1P\x10\x05\xa8\x00\x00\x00\x00'
0.346 Disassembled: source: 9430, dest: 61395, seq: 9, ack: 2006495185, window: 1448, ACK
0.347 Acknowledged seq: 2006493737
0.347 Assembling: source: 61395, dest: 9430, seq: 2006495185, ack: 10, window: 1448, data: "ebat, eu pro ero"...
0.347 Sent: b'\xef\xd3$\xd6w\x98\xaf\xd1\x00\x00\x00\nP\x00\x05\xa8\x00\x00\x00\x00ebat, eu pro ero'...
0.349 Received: b'$\xd6\xef\xd3\x00\x00\x00\tw\x98\xb5yP\x10\x05\xa8\x00\x00\x00\x00'
0.349 Disassembled: source: 9430, dest: 61395, seq: 9, ack: 2006496633, window: 1448, ACK
0.350 Acknowledged seq: 2006495185
0.350 Assembling: source: 61395, dest: 9430, seq: 2006496633, ack: 10, window: 1448, data: "s. Per no sale v"...
0.350 Sent: b'\xef\xd3$\xd6w\x98\xb5y\x00\x00\x00\nP\x00\x05\xa8\x00\x00\x00\x00s. Per no sale v'...
0.352 Received: b'$\xd6\xef\xd3\x00\x00\x00\tw\x98\xbb!P\x10\x05\xa8\x00\x00\x00\x00'
0.352 Disassembled: source: 9430, dest: 61395, seq: 9, ack: 2006498081, window: 1448, ACK
0.352 Acknowledged seq: 2006496633
0.353 Assembling: source: 61395, dest: 9430, seq: 2006498081, ack: 10, window: 1448, data: "orrupte ea mel. "...
0.353 Sent: b'\xef\xd3$\xd6w\x98\xbb!\x00\x00\x00\nP\x00\x05\xa8\x00\x00\x00\x00orrupte ea mel. '...
0.355 Received: b'$\xd6\xef\xd3\x00\x00\x00\tw\x98\xc0\xc9P\x10\x05\xa8\x00\x00\x00\x00'
0.355 Disassembled: source: 9430, dest: 61395, seq: 9, ack: 2006499529, window: 1448, ACK
0.355 Acknowledged seq: 2006498081
0.355 Assembling: source: 61395, dest: 9430, seq: 2006499529, ack: 10, window: 1448, data: ". Est iracundia "...
0.356 Sent: b'\xef\xd3$\xd6w\x98\xc0\xc9\x00\x00\x00\nP\x00\x05\xa8\x00\x00\x00\x00. Est iracundia '...
0.357 Received: b'$\xd6\xef\xd3\x00\x00\x00\tw\x98\xc6qP\x10\x05\xa8\x00\x00\x00\x00'
0.358 Disassembled: source: 9430, dest: 61395, seq: 9, ack: 2006500977, window: 1448, ACK
0.358 Acknowledged seq: 2006499529
0.358 Assembling: source: 61395, dest: 9430, seq: 2006500977, ack: 10, window: 1448, data: "pta probatus scr"...
0.358 Sent: b'\xef\xd3$\xd6w\x98\xc6q\x00\x00\x00\nP\x00\x05\xa8\x00\x00\x00\x00pta probatus scr'...
0.360 Received: b'$\xd6\xef\xd3\x00\x00\x00\tw\x98\xcc\x19P\x10\x05\xa8\x00\x00\x00\x00'
0.361 Disassembled: source: 9430, dest: 61395, seq: 9, ack: 2006502425, window: 1448, ACK
0.361 Acknowledged seq: 2006500977
0.361 Assembling: source: 61395, dest: 9430, seq: 2006502425, ack: 10, window: 1448, data: "entur ei, pro ei"...
0.361 Sent: b'\xef\xd3$\xd6w\x98\xcc\x19\x00\x00\x00\nP\x00\x05\xa8\x00\x00\x00\x00entur ei, pro ei'...
0.363 Received: b'$\xd6\xef\xd3\x00\x00\x00\tw\x98\xd1\xc1P\x10\x05\xa8\x00\x00\x00\x00'
0.363 Disassembled: source: 9430, dest: 61395, seq: 9, ack: 2006503873, window: 1448, ACK
0.364 Acknowledged seq: 2006502425
0.364 Assembling: source: 61395, dest: 9430, seq: 2006503873, ack: 10, window: 1448, data: "simul euismod vi"...
0.364 Sent: b'\xef\xd3$\xd6w\x98\xd1\xc1\x00\x00\x00\nP\x00\x05\xa8\x00\x00\x00\x00simul euismod vi'...
0.366 Received: b'$\xd6\xef\xd3\x00\x00\x00\tw\x98\xd7iP\x10\x05\xa8\x00\x00\x00\x00'
0.366 Disassembled: source: 9430, dest: 61395, seq: 9, ack: 2006505321, window: 1448, ACK
0.366 Acknowledged seq: 2006503873
0.367 Assembling: source: 61395, dest: 9430, seq: 2006505321, ack: 10, window: 1448, data: ", eam id iudico "...
0.367 Sent: b'\xef\xd3$\xd6w\x98\xd7i\x00\x00\x00\nP\x00\x05\xa8\x00\x00\x00\x00, eam id iudico '...
0.369 Received: b'$\xd6\xef\xd3\x00\x00\x00\tw\x98\xdd\x11P\x10\x05\xa8\x00\x00\x00\x00'
0.369 Disassembled: source: 9430, dest: 61395, seq: 9, ack: 2006506769, window: 1448, ACK
0.369 Acknowledged seq: 2006505321
0.370 Assembling: source: 61395, dest: 9430, seq: 2006506769, ack: 10, window: 1448, data: "m vix. Ea est mu"...
0.370 Sent: b'\xef\xd3$\xd6w\x98\xdd\x11\x00\x00\x00\nP\x00\x05\xa8\x00\x00\x00\x00m vix. Ea est mu'...
0.372 Received: b'$\xd6\xef\xd3\x00\x00\x00\tw\x98\xe2\xb9P\x10\x05\xa8\x00\x00\x00\x00'
0.372 Disassembled: source: 9430, dest: 61395, seq: 9, ack: 2006508217, window: 1448, ACK
0.372 Acknowledged seq: 2006506769
0.373 Assembling: source: 61395, dest: 9430, seq: 2006508217, ack: 10, window: 1448, data: "olor sit amet, e"...
0.373 Sent: b'\xef\xd3$\xd6w\x98\xe2\xb9\x00\x00\x00\nP\x00\x05\xa8\x00\x00\x00\x00olor sit amet, e'...
0.374 Received: b'$\xd6\xef\xd3\x00\x00\x00\tw\x98\xe8aP\x10\x05\xa8\x00\x00\x00\x00'
0.375 Disassembled: source: 9430, dest: 61395, seq: 9, ack: 2006509665, window: 1448, ACK
0.375 Acknowledged seq: 2006508217
0.375 Assembling: source: 61395, dest: 9430, seq: 2006509665, ack: 10, window: 1448, data: "m, aperiam iudic"...
0.376 Sent: b'\xef\xd3$\xd6w\x98\xe8a\x00\x00\x00\nP\x00\x05\xa8\x00\x00\x00\x00m, aperiam iudic'...
0.377 Received: b'$\xd6\xef\xd3\x00\x00\x00\tw\x98\xee\tP\x10\x05\xa8\x00\x00\x00\x00'
0.378 Disassembled: source: 9430, dest: 61395, seq: 9, ack: 2006511113, window: 1448, ACK
0.378 Acknowledged seq: 2006509665
0.378 Assembling: source: 61395, dest: 9430, seq: 2006511113, ack: 10, window: 1448, data: "re sea. No eos d"...
0.378 Sent: b'\xef\xd3$\xd6w\x98\xee\t\x00\x00\x00\nP\x00\x05\xa8\x00\x00\x00\x00re sea. No eos d'...
0.380 Received: b'$\xd6\xef\xd3\x00\x00\x00\tw\x98\xf3\xb1P\x10\x05\xa8\x00\x00\x00\x00'
0.380 Disassembled: source: 9430, dest: 61395, seq: 9, ack: 2006512561, window: 1448, ACK
0.381 Acknowledged seq: 2006511113
0.381 Assembling: source: 61395, dest: 9430, seq: 2006512561, ack: 10, window: 1448, data: "t scripta philos"...
0.381 Sent: b'\xef\xd3$\xd6w\x98\xf3\xb1\x00\x00\x00\nP\x00\x05\xa8\x00\x00\x00\x00t scripta philos'...
0.383 Received: b'$\xd6\xef\xd3\x00\x00\x00\tw\x98\xf9YP\x10\x05\xa8\x00\x00\x00\x00'
0.383 Disassembled: source: 9430, dest: 61395, seq: 9, ack: 2006514009, window: 1448, ACK
0.383 Acknowledged seq: 2006512561
0.384 Assembling: source: 61395, dest: 9430, seq: 2006514009, ack: 10, window: 1448, data: "tos sadipscing e"...
0.384 Sent: b'\xef\xd3$\xd6w\x98\xf9Y\x00\x00\x00\nP\x00\x05\xa8\x00\x00\x00\x00tos sadipscing e'...
0.385 Received: b'$\xd6\xef\xd3\x00\x00\x00\tw\x98\xff\x01P\x10\x05\xa8\x00\x00\x00\x00'
0.386 Disassembled: source: 9430, dest: 61395, seq: 9, ack: 2006515457, window: 1448, ACK
0.386 Acknowledged seq: 2006514009
0.386 Assembling: source: 61395, dest: 9430, seq: 2006515457, ack: 10, window: 1448, data: "sapientem ea, ad"...
0.387 Sent: b'\xef\xd3$\xd6w\x98\xff\x01\x00\x00\x00\nP\x00\x05\xa8\x00\x00\x00\x00sapientem ea, ad'...
0.388 Received: b'$\xd6\xef\xd3\x00\x00\x00\tw\x99\x04\xa9P\x10\x05\xa8\x00\x00\x00\x00'
0.389 Disassembled: source: 9430, dest: 61395, seq: 9, ack: 2006516905, window: 1448, ACK
0.389 Acknowledged seq: 2006515457
0.389 Assembling: source: 61395, dest: 9430, seq: 2006516905, ack: 10, window: 1448, data: "g, ei invenire p"...
0.389 Sent: b'\xef\xd3$\xd6w\x99\x04\xa9\x00\x00\x00\nP\x00\x05\xa8\x00\x00\x00\x00g, ei invenire p'...
0.391 Received: b'$\xd6\xef\xd3\x00\x00\x00\tw\x99\nQP\x10\x05\xa8\x00\x00\x00\x00'
0.391 Disassembled: source: 9430, dest: 61395, seq: 9, ack: 2006518353, window: 1448, ACK
0.392 Acknowledged seq: 2006516905
0.392 Assembling: source: 61395, dest: 9430, seq: 2006518353, ack: 10, window: 1448, data: "endo at. Qui id "...
0.392 Sent: b'\xef\xd3$\xd6w\x99\nQ\x00\x00\x00\nP\x00\x05\xa8\x00\x00\x00\x00endo at. Qui id '...
0.394 Received: b'$\xd6\xef\xd3\x00\x00\x00\tw\x99\x0f\xf9P\x10\x05\xa8\x00\x00\x00\x00'
0.394 Disassembled: source: 9430, dest: 61395, seq: 9, ack: 2006519801, window: 1448, ACK
0.394 Acknowledged seq: 2006518353
0.395 Assembling: source: 61395, dest: 9430, seq: 2006519801, ack: 10, window: 1448, data: "ota nostrum et p"...
0.395 Sent: b'\xef\xd3$\xd6w\x99\x0f\xf9\x00\x00\x00\nP\x00\x05\xa8\x00\x00\x00\x00ota nostrum et p'...
0.397 Received: b'$\xd6\xef\xd3\x00\x00\x00\tw\x99\x15\xa1P\x10\x05\xa8\x00\x00\x00\x00'
0.397 Disassembled: source: 9430, dest: 61395, seq: 9, ack: 2006521249, window: 1448, ACK
0.397 Acknowledged seq: 2006519801
0.397 Assembling: source: 61395, dest: 9430, seq: 2006521249, ack: 10, window: 1448, data: "deseruisse id. P"...
0.398 Sent: b'\xef\xd3$\xd6w\x99\x15\xa1\x00\x00\x00\nP\x00\x05\xa8\x00\x00\x00\x00deseruisse id. P'...
0.399 Received: b'$\xd6\xef\xd3\x00\x00\x00\tw\x99\x1bIP\x10\x05\xa8\x00\x00\x00\x00'
0.400 Disassembled: source: 9430, dest: 61395, seq: 9, ack: 2006522697, window: 1448, ACK
0.400 Acknowledged seq: 2006521249
0.400 Assembling: source: 61395, dest: 9430, seq: 2006522697, ack: 10, window: 1448, data: "odo munere imper"...
0.400 Sent: b'\xef\xd3$\xd6w\x99\x1bI\x00\x00\x00\nP\x00\x05\xa8\x00\x00\x00\x00odo munere imper'...
0.402 Received: b'$\xd6\xef\xd3\x00\x00\x00\tw\x99 \xf1P\x10\x05\xa8\x00\x00\x00\x00'
0.403 Disassembled: source: 9430, dest: 61395, seq: 9, ack: 2006524145, window: 1448, ACK
0.403 Acknowledged seq: 2006522697
0.403 Assembling: source: 61395, dest: 9430, seq: 2006524145, ack: 10, window: 1448, data: "cimates cum, tib"...
0.403 Sent: b'\xef\xd3$\xd6w\x99 \xf1\x00\x00\x00\nP\x00\x05\xa8\x00\x00\x00\x00cimates cum, tib'...
0.405 Received: b'$\xd6\xef\xd3\x00\x00\x00\tw\x99&\x99P\x10\x05\xa8\x00\x00\x00\x00'
0.406 Disassembled: source: 9430, dest: 61395, seq: 9, ack: 2006525593, window: 1448, ACK
0.406 Acknowledged seq: 2006524145
0.406 Assembling: source: 61395, dest: 9430, seq: 2006525593, ack: 10, window: 1448, data: "tiopam molestiae"...
0.406 Sent: b'\xef\xd3$\xd6w\x99&\x99\x00\x00\x00\nP\x00\x05\xa8\x00\x00\x00\x00tiopam molestiae'...
0.408 Received: b'$\xd6\xef\xd3\x00\x00\x00\tw\x99,AP\x10\x05\xa8\x00\x00\x00\x00'
0.409 Disassembled: source: 9430, dest: 61395, seq: 9, ack: 2006527041, window: 1448, ACK
0.409 Acknowledged seq: 2006525593
0.409 Assembling: source: 61395, dest: 9430, seq: 2006527041, ack: 10, window: 1448, data: "possim qui no, v"...
0.409 Sent: b'\xef\xd3$\xd6w\x99,A\x00\x00\x00\nP\x00\x05\xa8\x00\x00\x00\x00possim qui no, v'...
0.411 Received: b'$\xd6\xef\xd3\x00\x00\x00\tw\x991\xe9P\x10\x05\xa8\x00\x00\x00\x00'
0.411 Disassembled: source: 9430, dest: 61395, seq: 9, ack: 2006528489, window: 1448, ACK
0.412 Acknowledged seq: 2006527041
0.412 Assembling: source: 61395, dest: 9430, seq: 2006528489, ack: 10, window: 1448, data: " ex utinam parti"...
0.412 Sent: b'\xef\xd3$\xd6w\x991\xe9\x00\x00\x00\nP\x00\x05\xa8\x00\x00\x00\x00 ex utinam parti'...
0.414 Received: b'$\xd6\xef\xd3\x00\x00\x00\tw\x997\x91P\x10\x05\xa8\x00\x00\x00\x00'
0.414 Disassembled: source: 9430, dest: 61395, seq: 9, ack: 2006529937, window: 1448, ACK
0.415 Acknowledged seq: 2006528489
0.415 Assembling: source: 61395, dest: 9430, seq: 2006529937, ack: 10, window: 1448, data: "icus in his. Pri"...
0.415 Sent: b'\xef\xd3$\xd6w\x997\x91\x00\x00\x00\nP\x00\x05\xa8\x00\x00\x00\x00icus in his. Pri'...
0.417 Received: b'$\xd6\xef\xd3\x00\x00\x00\tw\x99=9P\x10\x05\xa8\x00\x00\x00\x00'
0.417 Disassembled: source: 9430, dest: 61395, seq: 9, ack: 2006531385, window: 1448, ACK
0.418 Acknowledged seq: 2006529937
0.418 Assembling: source: 61395, dest: 9430, seq: 2006531385, ack: 10, window: 1448, data: "iis et.

Ius cu "...
0.418 Sent: b'\xef\xd3$\xd6w\x99=9\x00\x00\x00\nP\x00\x05\xa8\x00\x00\x00\x00iis et.\n\nIus cu '...
0.420 Received: b'$\xd6\xef\xd3\x00\x00\x00\tw\x99B\xe1P\x10\x05\xa8\x00\x00\x00\x00'
0.420 Disassembled: source: 9430, dest: 61395, seq: 9, ack: 2006532833, window: 1448, ACK
0.421 Acknowledged seq: 2006531385
0.421 Assembling: source: 61395, dest: 9430, seq: 2006532833, ack: 10, window: 1448, data: "e interesset.

T"...
0.421 Sent: b'\xef\xd3$\xd6w\x99B\xe1\x00\x00\x00\nP\x00\x05\xa8\x00\x00\x00\x00e interesset.\n\nT'...
0.423 Received: b'$\xd6\xef\xd3\x00\x00\x00\tw\x99H\x89P\x10\x05\xa8\x00\x00\x00\x00'
0.424 Disassembled: source: 9430, dest: 61395, seq: 9, ack: 2006534281, window: 1448, ACK
0.424 Acknowledged seq: 2006532833
0.424 Assembling: source: 61395, dest: 9430, seq: 2006534281, ack: 10, window: 1448, data: "pro alia volutpa"...
0.424 Sent: b'\xef\xd3$\xd6w\x99H\x89\x00\x00\x00\nP\x00\x05\xa8\x00\x00\x00\x00pro alia volutpa'...
0.426 Received: b'$\xd6\xef\xd3\x00\x00\x00\tw\x99N1P\x10\x05\xa8\x00\x00\x00\x00'
0.427 Disassembled: source: 9430, dest: 61395, seq: 9, ack: 2006535729, window: 1448, ACK
0.427 Acknowledged seq: 2006534281
0.427 Assembling: source: 61395, dest: 9430, seq: 2006535729, ack: 10, window: 1448, data: " libris equidem "...
0.428 Sent: b'\xef\xd3$\xd6w\x99N1\x00\x00\x00\nP\x00\x05\xa8\x00\x00\x00\x00 libris equidem '...
0.430 Received: b'$\xd6\xef\xd3\x00\x00\x00\tw\x99S\xd9P\x10\x05\xa8\x00\x00\x00\x00'
0.430 Disassembled: source: 9430, dest: 61395, seq: 9, ack: 2006537177, window: 1448, ACK
0.430 Acknowledged seq: 2006535729
0.431 Assembling: source: 61395, dest: 9430, seq: 2006537177, ack: 10, window: 1448, data: "uavitate volupta"...
0.431 Sent: b'\xef\xd3$\xd6w\x99S\xd9\x00\x00\x00\nP\x00\x05\xa8\x00\x00\x00\x00uavitate volupta'...
0.433 Received: b'$\xd6\xef\xd3\x00\x00\x00\tw\x99Y\x81P\x10\x05\xa8\x00\x00\x00\x00'
0.433 Disassembled: source: 9430, dest: 61395, seq: 9, ack: 2006538625, window: 1448, ACK
0.434 Acknowledged seq: 2006537177
0.434 Assembling: source: 61395, dest: 9430, seq: 2006538625, ack: 10, window: 1448, data: " Detraxit defini"...
0.434 Sent: b'\xef\xd3$\xd6w\x99Y\x81\x00\x00\x00\nP\x00\x05\xa8\x00\x00\x00\x00 Detraxit defini'...
0.436 Received: b'$\xd6\xef\xd3\x00\x00\x00\tw\x99_)P\x10\x05\xa8\x00\x00\x00\x00'
0.436 Disassembled: source: 9430, dest: 61395, seq: 9, ack: 2006540073, window: 1448, ACK
0.437 Acknowledged seq: 2006538625
0.437 Assembling: source: 61395, dest: 9430, seq: 2006540073, ack: 10, window: 1448, data: "aesent mei. Quo "...
0.437 Sent: b'\xef\xd3$\xd6w\x99_)\x00\x00\x00\nP\x00\x05\xa8\x00\x00\x00\x00aesent mei. Quo '...
0.439 Received: b'$\xd6\xef\xd3\x00\x00\x00\tw\x99d\xd1P\x10\x05\xa8\x00\x00\x00\x00'
0.440 Disassembled: source: 9430, dest: 61395, seq: 9, ack: 2006541521, window: 1448, ACK
0.440 Acknowledged seq: 2006540073
0.440 Assembling: source: 61395, dest: 9430, seq: 2006541521, ack: 10, window: 1448, data: "nterpretaris no "...
0.440 Sent: b'\xef\xd3$\xd6w\x99d\xd1\x00\x00\x00\nP\x00\x05\xa8\x00\x00\x00\x00nterpretaris no '...
0.442 Received: b'$\xd6\xef\xd3\x00\x00\x00\tw\x99jyP\x10\x05\xa8\x00\x00\x00\x00'
0.443 Disassembled: source: 9430, dest: 61395, seq: 9, ack: 2006542969, window: 1448, ACK
0.443 Acknowledged seq: 2006541521
0.443 Assembling: source: 61395, dest: 9430, seq: 2006542969, ack: 10, window: 1448, data: "patrioque has. I"...
0.444 Sent: b'\xef\xd3$\xd6w\x99jy\x00\x00\x00\nP\x00\x05\xa8\x00\x00\x00\x00patrioque has. I'...
0.445 Received: b'$\xd6\xef\xd3\x00\x00\x00\tw\x99p!P\x10\x05\xa8\x00\x00\x00\x00'
0.446 Disassembled: source: 9430, dest: 61395, seq: 9, ack: 2006544417, window: 1448, ACK
0.446 Acknowledged seq: 2006542969
0.446 Assembling: source: 61395, dest: 9430, seq: 2006544417, ack: 10, window: 1448, data: "ossit repudianda"...
0.447 Sent: b'\xef\xd3$\xd6w\x99p!\x00\x00\x00\nP\x00\x05\xa8\x00\x00\x00\x00ossit repudianda'...
0.449 Received: b'$\xd6\xef\xd3\x00\x00\x00\tw\x99u\xc9P\x10\x05\xa8\x00\x00\x00\x00'
0.449 Disassembled: source: 9430, dest: 61395, seq: 9, ack: 2006545865, window: 1448, ACK
0.449 Acknowledged seq: 2006544417
0.450 Assembling: source: 61395, dest: 9430, seq: 2006545865, ack: 10, window: 1448, data: "ora consequuntur"...
0.450 Sent: b'\xef\xd3$\xd6w\x99u\xc9\x00\x00\x00\nP\x00\x05\xa8\x00\x00\x00\x00ora consequuntur'...
0.452 Received: b'$\xd6\xef\xd3\x00\x00\x00\tw\x99{qP\x10\x05\xa8\x00\x00\x00\x00'
0.452 Disassembled: source: 9430, dest: 61395, seq: 9, ack: 2006547313, window: 1448, ACK
0.453 Acknowledged seq: 2006545865
0.453 Assembling: source: 61395, dest: 9430, seq: 2006547313, ack: 10, window: 1448, data: "ctus conceptam a"...
0.453 Sent: b'\xef\xd3$\xd6w\x99{q\x00\x00\x00\nP\x00\x05\xa8\x00\x00\x00\x00ctus conceptam a'...
0.455 Received: b'$\xd6\xef\xd3\x00\x00\x00\tw\x99\x81\x19P\x10\x05\xa8\x00\x00\x00\x00'
0.456 Disassembled: source: 9430, dest: 61395, seq: 9, ack: 2006548761, window: 1448, ACK
0.456 Acknowledged seq: 2006547313
0.456 Assembling: source: 61395, dest: 9430, seq: 2006548761, ack: 10, window: 1448, data: " aeterno te, ne "...
0.457 Sent: b'\xef\xd3$\xd6w\x99\x81\x19\x00\x00\x00\nP\x00\x05\xa8\x00\x00\x00\x00 aeterno te, ne '...
0.458 Received: b'$\xd6\xef\xd3\x00\x00\x00\tw\x99\x86\xc1P\x10\x05\xa8\x00\x00\x00\x00'
0.459 Disassembled: source: 9430, dest: 61395, seq: 9, ack: 2006550209, window: 1448, ACK
0.459 Acknowledged seq: 2006548761
0.459 Assembling: source: 61395, dest: 9430, seq: 2006550209, ack: 10, window: 1448, data: "imis oporteat di"...
0.460 Sent: b'\xef\xd3$\xd6w\x99\x86\xc1\x00\x00\x00\nP\x00\x05\xa8\x00\x00\x00\x00imis oporteat di'...
0.462 Received: b'$\xd6\xef\xd3\x00\x00\x00\tw\x99\x8ciP\x10\x05\xa8\x00\x00\x00\x00'
0.462 Disassembled: source: 9430, dest: 61395, seq: 9, ack: 2006551657, window: 1448, ACK
0.462 Acknowledged seq: 2006550209
0.463 Assembling: source: 61395, dest: 9430, seq: 2006551657, ack: 10, window: 1448, data: "re. Has virtute "...
0.463 Sent: b'\xef\xd3$\xd6w\x99\x8ci\x00\x00\x00\nP\x00\x05\xa8\x00\x00\x00\x00re. Has virtute '...
0.465 Received: b'$\xd6\xef\xd3\x00\x00\x00\tw\x99\x92\x11P\x10\x05\xa8\x00\x00\x00\x00'
0.465 Disassembled: source: 9430, dest: 61395, seq: 9, ack: 2006553105, window: 1448, ACK
0.466 Acknowledged seq: 2006551657
0.466 Assembling: source: 61395, dest: 9430, seq: 2006553105, ack: 10, window: 1448, data: " eum ancillae no"...
0.466 Sent: b'\xef\xd3$\xd6w\x99\x92\x11\x00\x00\x00\nP\x00\x05\xa8\x00\x00\x00\x00 eum ancillae no'...
0.468 Received: b'$\xd6\xef\xd3\x00\x00\x00\tw\x99\x97\xb9P\x10\x05\xa8\x00\x00\x00\x00'
0.469 Disassembled: source: 9430, dest: 61395, seq: 9, ack: 2006554553, window: 1448, ACK
0.469 Acknowledged seq: 2006553105
0.469 Assembling: source: 61395, dest: 9430, seq: 2006554553, ack: 10, window: 1448, data: "ppareat ius. At "...
0.470 Sent: b'\xef\xd3$\xd6w\x99\x97\xb9\x00\x00\x00\nP\x00\x05\xa8\x00\x00\x00\x00ppareat ius. At '...
0.471 Received: b'$\xd6\xef\xd3\x00\x00\x00\tw\x99\x9daP\x10\x05\xa8\x00\x00\x00\x00'
0.472 Disassembled: source: 9430, dest: 61395, seq: 9, ack: 2006556001, window: 1448, ACK
0.472 Acknowledged seq: 2006554553
0.472 Assembling: source: 61395, dest: 9430, seq: 2006556001, ack: 10, window: 1448, data: ", vero appellant"...
0.473 Sent: b'\xef\xd3$\xd6w\x99\x9da\x00\x00\x00\nP\x00\x05\xa8\x00\x00\x00\x00, vero appellant'...
0.475 Received: b'$\xd6\xef\xd3\x00\x00\x00\tw\x99\xa3\tP\x10\x05\xa8\x00\x00\x00\x00'
0.475 Disassembled: source: 9430, dest: 61395, seq: 9, ack: 2006557449, window: 1448, ACK
0.476 Acknowledged seq: 2006556001
0.476 Assembling: source: 61395, dest: 9430, seq: 2006557449, ack: 10, window: 1448, data: "ibo quando copio"...
0.476 Sent: b'\xef\xd3$\xd6w\x99\xa3\t\x00\x00\x00\nP\x00\x05\xa8\x00\x00\x00\x00ibo quando copio'...
0.478 Received: b'$\xd6\xef\xd3\x00\x00\x00\tw\x99\xa8\xb1P\x10\x05\xa8\x00\x00\x00\x00'
0.479 Disassembled: source: 9430, dest: 61395, seq: 9, ack: 2006558897, window: 1448, ACK
0.479 Acknowledged seq: 2006557449
0.479 Assembling: source: 61395, dest: 9430, seq: 2006558897, ack: 10, window: 1448, data: " maluisset. Sit "...
0.480 Sent: b'\xef\xd3$\xd6w\x99\xa8\xb1\x00\x00\x00\nP\x00\x05\xa8\x00\x00\x00\x00 maluisset. Sit '...
0.481 Received: b'$\xd6\xef\xd3\x00\x00\x00\tw\x99\xaeYP\x10\x05\xa8\x00\x00\x00\x00'
0.482 Disassembled: source: 9430, dest: 61395, seq: 9, ack: 2006560345, window: 1448, ACK
0.482 Acknowledged seq: 2006558897
0.482 Assembling: source: 61395, dest: 9430, seq: 2006560345, ack: 10, window: 1448, data: "e ceteros albuci"...
0.483 Sent: b'\xef\xd3$\xd6w\x99\xaeY\x00\x00\x00\nP\x00\x05\xa8\x00\x00\x00\x00e ceteros albuci'...
0.485 Received: b'$\xd6\xef\xd3\x00\x00\x00\tw\x99\xb4\x01P\x10\x05\xa8\x00\x00\x00\x00'
0.485 Disassembled: source: 9430, dest: 61395, seq: 9, ack: 2006561793, window: 1448, ACK
0.485 Acknowledged seq: 2006560345
0.486 Assembling: source: 61395, dest: 9430, seq: 2006561793, ack: 10, window: 1448, data: "complectitur sea"...
0.486 Sent: b'\xef\xd3$\xd6w\x99\xb4\x01\x00\x00\x00\nP\x00\x05\xa8\x00\x00\x00\x00complectitur sea'...
0.488 Received: b'$\xd6\xef\xd3\x00\x00\x00\tw\x99\xb9\xa9P\x10\x05\xa8\x00\x00\x00\x00'
0.489 Disassembled: source: 9430, dest: 61395, seq: 9, ack: 2006563241, window: 1448, ACK
0.489 Acknowledged seq: 2006561793
0.489 Finished reading file
0.489 Assembling: source: 61395, dest: 9430, seq: 2006563241, ack: 10, window: 1448, data: "tempor ex ius. E"...
0.490 Sent: b'\xef\xd3$\xd6w\x99\xb9\xa9\x00\x00\x00\nP\x00\x05\xa8\x00\x00\x00\x00tempor ex ius. E'...
0.491 Received: b'$\xd6\xef\xd3\x00\x00\x00\tw\x99\xba\x07P\x10\x05\xa8\x00\x00\x00\x00'
0.492 Disassembled: source: 9430, dest: 61395, seq: 9, ack: 2006563335, window: 1448, ACK
0.492 Acknowledged seq: 2006563241
0.492 Assembling: source: 61395, dest: 9430, seq: 2006563335, ack: 10, window: 1448, ACK, FIN
0.493 Sent: b'\xef\xd3$\xd6w\x99\xba\x07\x00\x00\x00\nP\x11\x05\xa8\x00\x00\x00\x00'
0.495 Received: b'$\xd6\xef\xd3\x00\x00\x00\tw\x99\xba\x08P\x10\x05\xa8\x00\x00\x00\x00'
0.495 Disassembled: source: 9430, dest: 61395, seq: 9, ack: 2006563336, window: 1448, ACK
0.495 FIN accepted; sending final packet
0.496 Assembling: source: 61395, dest: 9430, seq: 2006563336, ack: 10, window: 1448, ACK
0.496 Sent: b'\xef\xd3$\xd6w\x99\xba\x08\x00\x00\x00\nP\x10\x05\xa8\x00\x00\x00\x00'
0.496 Closed connection
0.497 Shutting down
