0.000 NEW RUN: Server, TEST: Write_file__Large_multi-packet
0.204 Received: b'O\xb7\xe6k\x00\x00\x00"\x00\x00\x00\x00P\x02\x05\xa8\x00\x00\x00\x00'
0.204 Disassembled: source: 20407, dest: 58987, seq: 34, window: 1448, SYN
0.205 SYN accepted; new connection: 127.0.0.1 on port 20407
0.205 Assembling: source: 58987, dest: 20407, seq: 2043469874, ack: 35, window: 5808, ACK, SYN
0.205 Sent: b'\xe6kO\xb7y\xcc\xe02\x00\x00\x00#P\x12\x16\xb0\x00\x00\x00\x00'
0.206 Received: b'O\xb7\xe6k\x00\x00\x00#y\xcc\xe03P\x10\x16\xb0\x00\x00\x00\x00'
0.206 Disassembled: source: 20407, dest: 58987, seq: 35, ack: 2043469875, window: 5808, ACK
0.207 Assembling: source: 58987, dest: 20407, seq: 2043469875, ack: 35, window: 5808, ACK
0.207 Sent: b'\xe6kO\xb7y\xcc\xe03\x00\x00\x00#P\x10\x16\xb0\x00\x00\x00\x00'
0.207 Received: b'O\xb7\xe6k\x00\x00\x00#y\xcc\xe03P\x10\x16\xb0\x00\x00\x00\x00Lorem ipsum dolo'...
0.208 Disassembled: source: 20407, dest: 58987, seq: 35, ack: 2043469875, window: 5808, ACK, data: "Lorem ipsum dolo"...
0.208 Handshake complete
0.208 Data accepted; writing to file
0.208 Assembling: source: 58987, dest: 20407, seq: 2043469875, ack: 1483, window: 5808, ACK
0.208 Sent: b'\xe6kO\xb7y\xcc\xe03\x00\x00\x05\xcbP\x10\x16\xb0\x00\x00\x00\x00'
0.208 Received: b'O\xb7\xe6k\x00\x00\x00#y\xcc\xe03P\x00\x16\xb0\x00\x00\x00\x00Lorem ipsum dolo'...
0.209 Disassembled: source: 20407, dest: 58987, seq: 35, ack: 2043469875, window: 5808, data: "Lorem ipsum dolo"...
0.209 Old data; ignoring
0.210 Received: b'O\xb7\xe6k\x00\x00\x05\xcby\xcc\xe03P\x10\x16\xb0\x00\x00\x00\x00mprehensam nam, '...
0.210 Disassembled: source: 20407, dest: 58987, seq: 1483, ack: 2043469875, window: 5808, ACK, data: "mprehensam nam, "...
0.210 Error: Incorrect acknowledgement flag
0.709 Sent: b'\xe6kO\xb7y\xcc\xe03\x00\x00\x05\xcbP\x10\x16\xb0\x00\x00\x00\x00'
0.712 Received: b'O\xb7\xe6k\x00\x00\x05\xcby\xcc\xe03P\x00\x16\xb0\x00\x00\x00\x00mprehensam nam, '...
0.712 Disassembled: source: 20407, dest: 58987, seq: 1483, ack: 2043469875, window: 5808, data: "mprehensam nam, "...
0.712 Data accepted; writing to file
0.713 Assembling: source: 58987, dest: 20407, seq: 2043469875, ack: 2931, window: 5808, ACK
0.713 Sent: b'\xe6kO\xb7y\xcc\xe03\x00\x00\x0bsP\x10\x16\xb0\x00\x00\x00\x00'
0.716 Received: b'O\xb7\xe6k\x00\x00\x0bsy\xcc\xe03P\x10\x16\xb0\x00\x00\x00\x00ilisi repudiare '...
0.716 Disassembled: source: 20407, dest: 58987, seq: 2931, ack: 2043469875, window: 5808, ACK, data: "ilisi repudiare "...
0.717 Error: Incorrect acknowledgement flag
1.213 Sent: b'\xe6kO\xb7y\xcc\xe03\x00\x00\x0bsP\x10\x16\xb0\x00\x00\x00\x00'
1.217 Received: b'O\xb7\xe6k\x00\x00\x0bsy\xcc\xe03P\x00\x16\xb0\x00\x00\x00\x00ilisi repudiare '...
1.217 Disassembled: source: 20407, dest: 58987, seq: 2931, ack: 2043469875, window: 5808, data: "ilisi repudiare "...
1.217 Data accepted; writing to file
1.217 Assembling: source: 58987, dest: 20407, seq: 2043469875, ack: 4379, window: 5808, ACK
1.218 Sent: b'\xe6kO\xb7y\xcc\xe03\x00\x00\x11\x1bP\x10\x16\xb0\x00\x00\x00\x00'
1.221 Received: b'O\xb7\xe6k\x00\x00\x11\x1by\xcc\xe03P\x10\x16\xb0\x00\x00\x00\x00ta.\n\nEt essent s'...
1.222 Disassembled: source: 20407, dest: 58987, seq: 4379, ack: 2043469875, window: 5808, ACK, data: "ta.

Et essent s"...
1.222 Error: Incorrect acknowledgement flag
1.718 Sent: b'\xe6kO\xb7y\xcc\xe03\x00\x00\x11\x1bP\x10\x16\xb0\x00\x00\x00\x00'
1.722 Received: b'O\xb7\xe6k\x00\x00\x11\x1by\xcc\xe03P\x00\x16\xb0\x00\x00\x00\x00ta.\n\nEt essent s'...
1.722 Disassembled: source: 20407, dest: 58987, seq: 4379, ack: 2043469875, window: 5808, data: "ta.

Et essent s"...
1.722 Data accepted; writing to file
1.723 Assembling: source: 58987, dest: 20407, seq: 2043469875, ack: 5827, window: 5808, ACK
1.723 Sent: b'\xe6kO\xb7y\xcc\xe03\x00\x00\x16\xc3P\x10\x16\xb0\x00\x00\x00\x00'
1.726 Received: b'O\xb7\xe6k\x00\x00\x16\xc3y\xcc\xe03P\x10\x16\xb0\x00\x00\x00\x00 Nihil tractatos'...
1.727 Disassembled: source: 20407, dest: 58987, seq: 5827, ack: 2043469875, window: 5808, ACK, data: " Nihil tractatos"...
1.727 Error: Incorrect acknowledgement flag
2.223 Sent: b'\xe6kO\xb7y\xcc\xe03\x00\x00\x16\xc3P\x10\x16\xb0\x00\x00\x00\x00'
2.227 Received: b'O\xb7\xe6k\x00\x00\x16\xc3y\xcc\xe03P\x00\x16\xb0\x00\x00\x00\x00 Nihil tractatos'...
2.227 Disassembled: source: 20407, dest: 58987, seq: 5827, ack: 2043469875, window: 5808, data: " Nihil tractatos"...
2.227 Data accepted; writing to file
2.227 Assembling: source: 58987, dest: 20407, seq: 2043469875, ack: 7275, window: 5808, ACK
2.228 Sent: b'\xe6kO\xb7y\xcc\xe03\x00\x00\x1ckP\x10\x16\xb0\x00\x00\x00\x00'
2.231 Received: b'O\xb7\xe6k\x00\x00\x1cky\xcc\xe03P\x10\x16\xb0\x00\x00\x00\x00fert iuvaret sap'...
2.232 Disassembled: source: 20407, dest: 58987, seq: 7275, ack: 2043469875, window: 5808, ACK, data: "fert iuvaret sap"...
2.232 Error: Incorrect acknowledgement flag
2.728 Sent: b'\xe6kO\xb7y\xcc\xe03\x00\x00\x1ckP\x10\x16\xb0\x00\x00\x00\x00'
2.732 Received: b'O\xb7\xe6k\x00\x00\x1cky\xcc\xe03P\x00\x16\xb0\x00\x00\x00\x00fert iuvaret sap'...
2.732 Disassembled: source: 20407, dest: 58987, seq: 7275, ack: 2043469875, window: 5808, data: "fert iuvaret sap"...
2.732 Data accepted; writing to file
2.733 Assembling: source: 58987, dest: 20407, seq: 2043469875, ack: 8723, window: 5808, ACK
2.733 Sent: b'\xe6kO\xb7y\xcc\xe03\x00\x00"\x13P\x10\x16\xb0\x00\x00\x00\x00'
2.736 Received: b'O\xb7\xe6k\x00\x00"\x13y\xcc\xe03P\x10\x16\xb0\x00\x00\x00\x00ram adipiscing, '...
2.737 Disassembled: source: 20407, dest: 58987, seq: 8723, ack: 2043469875, window: 5808, ACK, data: "ram adipiscing, "...
2.737 Error: Incorrect acknowledgement flag
3.233 Sent: b'\xe6kO\xb7y\xcc\xe03\x00\x00"\x13P\x10\x16\xb0\x00\x00\x00\x00'
3.236 Received: b'O\xb7\xe6k\x00\x00"\x13y\xcc\xe03P\x00\x16\xb0\x00\x00\x00\x00ram adipiscing, '...
3.237 Disassembled: source: 20407, dest: 58987, seq: 8723, ack: 2043469875, window: 5808, data: "ram adipiscing, "...
3.237 Data accepted; writing to file
3.237 Assembling: source: 58987, dest: 20407, seq: 2043469875, ack: 10171, window: 5808, ACK
3.238 Sent: b"\xe6kO\xb7y\xcc\xe03\x00\x00'\xbbP\x10\x16\xb0\x00\x00\x00\x00"
3.241 Received: b"O\xb7\xe6k\x00\x00'\xbby\xcc\xe03P\x10\x16\xb0\x00\x00\x00\x00m veritus vivend"...
3.241 Disassembled: source: 20407, dest: 58987, seq: 10171, ack: 2043469875, window: 5808, ACK, data: "m veritus vivend"...
3.242 Error: Incorrect acknowledgement flag
3.738 Sent: b"\xe6kO\xb7y\xcc\xe03\x00\x00'\xbbP\x10\x16\xb0\x00\x00\x00\x00"
3.741 Received: b"O\xb7\xe6k\x00\x00'\xbby\xcc\xe03P\x00\x16\xb0\x00\x00\x00\x00m veritus vivend"...
3.742 Disassembled: source: 20407, dest: 58987, seq: 10171, ack: 2043469875, window: 5808, data: "m veritus vivend"...
3.742 Data accepted; writing to file
3.742 Assembling: source: 58987, dest: 20407, seq: 2043469875, ack: 11619, window: 5808, ACK
3.743 Sent: b'\xe6kO\xb7y\xcc\xe03\x00\x00-cP\x10\x16\xb0\x00\x00\x00\x00'
3.746 Received: b'O\xb7\xe6k\x00\x00-cy\xcc\xe03P\x10\x16\xb0\x00\x00\x00\x00 delenit, ignota'...
3.746 Disassembled: source: 20407, dest: 58987, seq: 11619, ack: 2043469875, window: 5808, ACK, data: " delenit, ignota"...
3.747 Error: Incorrect acknowledgement flag
4.243 Sent: b'\xe6kO\xb7y\xcc\xe03\x00\x00-cP\x10\x16\xb0\x00\x00\x00\x00'
4.246 Received: b'O\xb7\xe6k\x00\x00-cy\xcc\xe03P\x00\x16\xb0\x00\x00\x00\x00 delenit, ignota'...
4.247 Disassembled: source: 20407, dest: 58987, seq: 11619, ack: 2043469875, window: 5808, data: " delenit, ignota"...
4.247 Data accepted; writing to file
4.247 Assembling: source: 58987, dest: 20407, seq: 2043469875, ack: 13067, window: 5808, ACK
4.248 Sent: b'\xe6kO\xb7y\xcc\xe03\x00\x003\x0bP\x10\x16\xb0\x00\x00\x00\x00'
4.251 Received: b'O\xb7\xe6k\x00\x003\x0by\xcc\xe03P\x10\x16\xb0\x00\x00\x00\x00se explicari des'...
4.251 Disassembled: source: 20407, dest: 58987, seq: 13067, ack: 2043469875, window: 5808, ACK, data: "se explicari des"...
4.252 Error: Incorrect acknowledgement flag
4.748 Sent: b'\xe6kO\xb7y\xcc\xe03\x00\x003\x0bP\x10\x16\xb0\x00\x00\x00\x00'
4.752 Received: b'O\xb7\xe6k\x00\x003\x0by\xcc\xe03P\x00\x16\xb0\x00\x00\x00\x00se explicari des'...
4.752 Disassembled: source: 20407, dest: 58987, seq: 13067, ack: 2043469875, window: 5808, data: "se explicari des"...
4.752 Data accepted; writing to file
4.752 Assembling: source: 58987, dest: 20407, seq: 2043469875, ack: 14515, window: 5808, ACK
4.753 Sent: b'\xe6kO\xb7y\xcc\xe03\x00\x008\xb3P\x10\x16\xb0\x00\x00\x00\x00'
4.756 Received: b'O\xb7\xe6k\x00\x008\xb3y\xcc\xe03P\x10\x16\xb0\x00\x00\x00\x00piscing, in modo'...
4.757 Disassembled: source: 20407, dest: 58987, seq: 14515, ack: 2043469875, window: 5808, ACK, data: "piscing, in modo"...
4.757 Error: Incorrect acknowledgement flag
5.253 Sent: b'\xe6kO\xb7y\xcc\xe03\x00\x008\xb3P\x10\x16\xb0\x00\x00\x00\x00'
5.257 Received: b'O\xb7\xe6k\x00\x008\xb3y\xcc\xe03P\x00\x16\xb0\x00\x00\x00\x00piscing, in modo'...
5.257 Disassembled: source: 20407, dest: 58987, seq: 14515, ack: 2043469875, window: 5808, data: "piscing, in modo"...
5.258 Data accepted; writing to file
5.258 Assembling: source: 58987, dest: 20407, seq: 2043469875, ack: 15963, window: 5808, ACK
5.258 Sent: b'\xe6kO\xb7y\xcc\xe03\x00\x00>[P\x10\x16\xb0\x00\x00\x00\x00'
5.261 Received: b'O\xb7\xe6k\x00\x00>[y\xcc\xe03P\x10\x16\xb0\x00\x00\x00\x00o copiosae tacim'...
5.262 Disassembled: source: 20407, dest: 58987, seq: 15963, ack: 2043469875, window: 5808, ACK, data: "o copiosae tacim"...
5.262 Error: Incorrect acknowledgement flag
5.759 Sent: b'\xe6kO\xb7y\xcc\xe03\x00\x00>[P\x10\x16\xb0\x00\x00\x00\x00'
5.762 Received: b'O\xb7\xe6k\x00\x00>[y\xcc\xe03P\x00\x16\xb0\x00\x00\x00\x00o copiosae tacim'...
5.762 Disassembled: source: 20407, dest: 58987, seq: 15963, ack: 2043469875, window: 5808, data: "o copiosae tacim"...
5.762 Data accepted; writing to file
5.763 Assembling: source: 58987, dest: 20407, seq: 2043469875, ack: 17411, window: 5808, ACK
5.763 Sent: b'\xe6kO\xb7y\xcc\xe03\x00\x00D\x03P\x10\x16\xb0\x00\x00\x00\x00'
5.766 Received: b'O\xb7\xe6k\x00\x00D\x03y\xcc\xe03P\x10\x16\xb0\x00\x00\x00\x00am. Pri ne antio'...
5.767 Disassembled: source: 20407, dest: 58987, seq: 17411, ack: 2043469875, window: 5808, ACK, data: "am. Pri ne antio"...
5.767 Error: Incorrect acknowledgement flag
6.263 Sent: b'\xe6kO\xb7y\xcc\xe03\x00\x00D\x03P\x10\x16\xb0\x00\x00\x00\x00'
6.267 Received: b'O\xb7\xe6k\x00\x00D\x03y\xcc\xe03P\x00\x16\xb0\x00\x00\x00\x00am. Pri ne antio'...
6.267 Disassembled: source: 20407, dest: 58987, seq: 17411, ack: 2043469875, window: 5808, data: "am. Pri ne antio"...
6.268 Data accepted; writing to file
6.268 Assembling: source: 58987, dest: 20407, seq: 2043469875, ack: 18859, window: 5808, ACK
6.268 Sent: b'\xe6kO\xb7y\xcc\xe03\x00\x00I\xabP\x10\x16\xb0\x00\x00\x00\x00'
6.271 Received: b'O\xb7\xe6k\x00\x00I\xaby\xcc\xe03P\x10\x16\xb0\x00\x00\x00\x00to no. Elitr pos'...
6.272 Disassembled: source: 20407, dest: 58987, seq: 18859, ack: 2043469875, window: 5808, ACK, data: "to no. Elitr pos"...
6.272 Error: Incorrect acknowledgement flag
6.769 Sent: b'\xe6kO\xb7y\xcc\xe03\x00\x00I\xabP\x10\x16\xb0\x00\x00\x00\x00'
6.772 Received: b'O\xb7\xe6k\x00\x00I\xaby\xcc\xe03P\x00\x16\xb0\x00\x00\x00\x00to no. Elitr pos'...
6.772 Disassembled: source: 20407, dest: 58987, seq: 18859, ack: 2043469875, window: 5808, data: "to no. Elitr pos"...
6.772 Data accepted; writing to file
6.773 Assembling: source: 58987, dest: 20407, seq: 2043469875, ack: 20307, window: 5808, ACK
6.773 Sent: b'\xe6kO\xb7y\xcc\xe03\x00\x00OSP\x10\x16\xb0\x00\x00\x00\x00'
6.776 Received: b'O\xb7\xe6k\x00\x00OSy\xcc\xe03P\x10\x16\xb0\x00\x00\x00\x00pretaris, sea ex'...
6.777 Disassembled: source: 20407, dest: 58987, seq: 20307, ack: 2043469875, window: 5808, ACK, data: "pretaris, sea ex"...
6.777 Error: Incorrect acknowledgement flag
7.273 Sent: b'\xe6kO\xb7y\xcc\xe03\x00\x00OSP\x10\x16\xb0\x00\x00\x00\x00'
7.277 Received: b'O\xb7\xe6k\x00\x00OSy\xcc\xe03P\x00\x16\xb0\x00\x00\x00\x00pretaris, sea ex'...
7.277 Disassembled: source: 20407, dest: 58987, seq: 20307, ack: 2043469875, window: 5808, data: "pretaris, sea ex"...
7.277 Data accepted; writing to file
7.277 Assembling: source: 58987, dest: 20407, seq: 2043469875, ack: 21755, window: 5808, ACK
7.278 Sent: b'\xe6kO\xb7y\xcc\xe03\x00\x00T\xfbP\x10\x16\xb0\x00\x00\x00\x00'
7.281 Received: b'O\xb7\xe6k\x00\x00T\xfby\xcc\xe03P\x10\x16\xb0\x00\x00\x00\x00oporteat inimicu'...
7.281 Disassembled: source: 20407, dest: 58987, seq: 21755, ack: 2043469875, window: 5808, ACK, data: "oporteat inimicu"...
7.282 Error: Incorrect acknowledgement flag
7.778 Sent: b'\xe6kO\xb7y\xcc\xe03\x00\x00T\xfbP\x10\x16\xb0\x00\x00\x00\x00'
7.782 Received: b'O\xb7\xe6k\x00\x00T\xfby\xcc\xe03P\x00\x16\xb0\x00\x00\x00\x00oporteat inimicu'...
7.782 Disassembled: source: 20407, dest: 58987, seq: 21755, ack: 2043469875, window: 5808, data: "oporteat inimicu"...
7.782 Data accepted; writing to file
7.783 Assembling: source: 58987, dest: 20407, seq: 2043469875, ack: 23203, window: 5808, ACK
7.783 Sent: b'\xe6kO\xb7y\xcc\xe03\x00\x00Z\xa3P\x10\x16\xb0\x00\x00\x00\x00'
7.786 Received: b'O\xb7\xe6k\x00\x00Z\xa3y\xcc\xe03P\x10\x16\xb0\x00\x00\x00\x00ligendi officiis'...
7.787 Disassembled: source: 20407, dest: 58987, seq: 23203, ack: 2043469875, window: 5808, ACK, data: "ligendi officiis"...
7.787 Error: Incorrect acknowledgement flag
8.284 Sent: b'\xe6kO\xb7y\xcc\xe03\x00\x00Z\xa3P\x10\x16\xb0\x00\x00\x00\x00'
8.287 Received: b'O\xb7\xe6k\x00\x00Z\xa3y\xcc\xe03P\x00\x16\xb0\x00\x00\x00\x00ligendi officiis'...
8.287 Disassembled: source: 20407, dest: 58987, seq: 23203, ack: 2043469875, window: 5808, data: "ligendi officiis"...
8.288 Data accepted; writing to file
8.288 Assembling: source: 58987, dest: 20407, seq: 2043469875, ack: 24651, window: 5808, ACK
8.288 Sent: b'\xe6kO\xb7y\xcc\xe03\x00\x00`KP\x10\x16\xb0\x00\x00\x00\x00'
8.291 Received: b'O\xb7\xe6k\x00\x00`Ky\xcc\xe03P\x10\x16\xb0\x00\x00\x00\x00no vel regione i'...
8.292 Disassembled: source: 20407, dest: 58987, seq: 24651, ack: 2043469875, window: 5808, ACK, data: "no vel regione i"...
8.292 Error: Incorrect acknowledgement flag
8.789 Sent: b'\xe6kO\xb7y\xcc\xe03\x00\x00`KP\x10\x16\xb0\x00\x00\x00\x00'
8.792 Received: b'O\xb7\xe6k\x00\x00`Ky\xcc\xe03P\x00\x16\xb0\x00\x00\x00\x00no vel regione i'...
8.792 Disassembled: source: 20407, dest: 58987, seq: 24651, ack: 2043469875, window: 5808, data: "no vel regione i"...
8.793 Data accepted; writing to file
8.793 Assembling: source: 58987, dest: 20407, seq: 2043469875, ack: 26099, window: 5808, ACK
8.793 Sent: b'\xe6kO\xb7y\xcc\xe03\x00\x00e\xf3P\x10\x16\xb0\x00\x00\x00\x00'
8.796 Received: b'O\xb7\xe6k\x00\x00e\xf3y\xcc\xe03P\x10\x16\xb0\x00\x00\x00\x00ibus vis ex, pro'...
8.797 Disassembled: source: 20407, dest: 58987, seq: 26099, ack: 2043469875, window: 5808, ACK, data: "ibus vis ex, pro"...
8.797 Error: Incorrect acknowledgement flag
9.294 Sent: b'\xe6kO\xb7y\xcc\xe03\x00\x00e\xf3P\x10\x16\xb0\x00\x00\x00\x00'
9.297 Received: b'O\xb7\xe6k\x00\x00e\xf3y\xcc\xe03P\x00\x16\xb0\x00\x00\x00\x00ibus vis ex, pro'...
9.298 Disassembled: source: 20407, dest: 58987, seq: 26099, ack: 2043469875, window: 5808, data: "ibus vis ex, pro"...
9.298 Data accepted; writing to file
9.298 Assembling: source: 58987, dest: 20407, seq: 2043469875, ack: 27547, window: 5808, ACK
9.298 Sent: b'\xe6kO\xb7y\xcc\xe03\x00\x00k\x9bP\x10\x16\xb0\x00\x00\x00\x00'
9.302 Received: b'O\xb7\xe6k\x00\x00k\x9by\xcc\xe03P\x10\x16\xb0\x00\x00\x00\x00o vix, mel ea li'...
9.302 Disassembled: source: 20407, dest: 58987, seq: 27547, ack: 2043469875, window: 5808, ACK, data: "o vix, mel ea li"...
9.302 Error: Incorrect acknowledgement flag
9.799 Sent: b'\xe6kO\xb7y\xcc\xe03\x00\x00k\x9bP\x10\x16\xb0\x00\x00\x00\x00'
9.802 Received: b'O\xb7\xe6k\x00\x00k\x9by\xcc\xe03P\x00\x16\xb0\x00\x00\x00\x00o vix, mel ea li'...
9.803 Disassembled: source: 20407, dest: 58987, seq: 27547, ack: 2043469875, window: 5808, data: "o vix, mel ea li"...
9.803 Data accepted; writing to file
9.803 Assembling: source: 58987, dest: 20407, seq: 2043469875, ack: 28995, window: 5808, ACK
9.804 Sent: b'\xe6kO\xb7y\xcc\xe03\x00\x00qCP\x10\x16\xb0\x00\x00\x00\x00'
9.807 Received: b'O\xb7\xe6k\x00\x00qCy\xcc\xe03P\x10\x16\xb0\x00\x00\x00\x00d. Ex fugit suav'...
9.807 Disassembled: source: 20407, dest: 58987, seq: 28995, ack: 2043469875, window: 5808, ACK, data: "d. Ex fugit suav"...
9.807 Error: Incorrect acknowledgement flag
10.304 Sent: b'\xe6kO\xb7y\xcc\xe03\x00\x00qCP\x10\x16\xb0\x00\x00\x00\x00'
10.307 Received: b'O\xb7\xe6k\x00\x00qCy\xcc\xe03P\x00\x16\xb0\x00\x00\x00\x00d. Ex fugit suav'...
10.308 Disassembled: source: 20407, dest: 58987, seq: 28995, ack: 2043469875, window: 5808, data: "d. Ex fugit suav"...
10.308 Data accepted; writing to file
10.308 Assembling: source: 58987, dest: 20407, seq: 2043469875, ack: 30443, window: 5808, ACK
10.308 Sent: b'\xe6kO\xb7y\xcc\xe03\x00\x00v\xebP\x10\x16\xb0\x00\x00\x00\x00'
10.312 Received: b'O\xb7\xe6k\x00\x00v\xeby\xcc\xe03P\x10\x16\xb0\x00\x00\x00\x00pertinax nec. De'...
10.312 Disassembled: source: 20407, dest: 58987, seq: 30443, ack: 2043469875, window: 5808, ACK, data: "pertinax nec. De"...
10.312 Error: Incorrect acknowledgement flag
10.809 Sent: b'\xe6kO\xb7y\xcc\xe03\x00\x00v\xebP\x10\x16\xb0\x00\x00\x00\x00'
10.812 Received: b'O\xb7\xe6k\x00\x00v\xeby\xcc\xe03P\x00\x16\xb0\x00\x00\x00\x00pertinax nec. De'...
10.813 Disassembled: source: 20407, dest: 58987, seq: 30443, ack: 2043469875, window: 5808, data: "pertinax nec. De"...
10.813 Data accepted; writing to file
10.813 Assembling: source: 58987, dest: 20407, seq: 2043469875, ack: 31891, window: 5808, ACK
10.814 Sent: b'\xe6kO\xb7y\xcc\xe03\x00\x00|\x93P\x10\x16\xb0\x00\x00\x00\x00'
10.817 Received: b'O\xb7\xe6k\x00\x00|\x93y\xcc\xe03P\x10\x16\xb0\x00\x00\x00\x00lli primis praes'...
10.817 Disassembled: source: 20407, dest: 58987, seq: 31891, ack: 2043469875, window: 5808, ACK, data: "lli primis praes"...
10.817 Error: Incorrect acknowledgement flag
11.314 Sent: b'\xe6kO\xb7y\xcc\xe03\x00\x00|\x93P\x10\x16\xb0\x00\x00\x00\x00'
11.317 Received: b'O\xb7\xe6k\x00\x00|\x93y\xcc\xe03P\x00\x16\xb0\x00\x00\x00\x00lli primis praes'...
11.318 Disassembled: source: 20407, dest: 58987, seq: 31891, ack: 2043469875, window: 5808, data: "lli primis praes"...
11.318 Data accepted; writing to file
11.318 Assembling: source: 58987, dest: 20407, seq: 2043469875, ack: 33339, window: 5808, ACK
11.319 Sent: b'\xe6kO\xb7y\xcc\xe03\x00\x00\x82;P\x10\x16\xb0\x00\x00\x00\x00'
11.322 Received: b'O\xb7\xe6k\x00\x00\x82;y\xcc\xe03P\x10\x16\xb0\x00\x00\x00\x00m, percipit inte'...
11.322 Disassembled: source: 20407, dest: 58987, seq: 33339, ack: 2043469875, window: 5808, ACK, data: "m, percipit inte"...
11.322 Error: Incorrect acknowledgement flag
11.819 Sent: b'\xe6kO\xb7y\xcc\xe03\x00\x00\x82;P\x10\x16\xb0\x00\x00\x00\x00'
11.822 Received: b'O\xb7\xe6k\x00\x00\x82;y\xcc\xe03P\x00\x16\xb0\x00\x00\x00\x00m, percipit inte'...
11.823 Disassembled: source: 20407, dest: 58987, seq: 33339, ack: 2043469875, window: 5808, data: "m, percipit inte"...
11.823 Data accepted; writing to file
11.823 Assembling: source: 58987, dest: 20407, seq: 2043469875, ack: 34787, window: 5808, ACK
11.824 Sent: b'\xe6kO\xb7y\xcc\xe03\x00\x00\x87\xe3P\x10\x16\xb0\x00\x00\x00\x00'
11.827 Received: b'O\xb7\xe6k\x00\x00\x87\xe3y\xcc\xe03P\x10\x16\xb0\x00\x00\x00\x00nani docendi pat'...
11.827 Disassembled: source: 20407, dest: 58987, seq: 34787, ack: 2043469875, window: 5808, ACK, data: "nani docendi pat"...
11.827 Error: Incorrect acknowledgement flag
12.324 Sent: b'\xe6kO\xb7y\xcc\xe03\x00\x00\x87\xe3P\x10\x16\xb0\x00\x00\x00\x00'
12.327 Received: b'O\xb7\xe6k\x00\x00\x87\xe3y\xcc\xe03P\x00\x16\xb0\x00\x00\x00\x00nani docendi pat'...
12.328 Disassembled: source: 20407, dest: 58987, seq: 34787, ack: 2043469875, window: 5808, data: "nani docendi pat"...
12.328 Data accepted; writing to file
12.328 Assembling: source: 58987, dest: 20407, seq: 2043469875, ack: 36235, window: 5808, ACK
12.329 Sent: b'\xe6kO\xb7y\xcc\xe03\x00\x00\x8d\x8bP\x10\x16\xb0\x00\x00\x00\x00'
12.332 Received: b'O\xb7\xe6k\x00\x00\x8d\x8by\xcc\xe03P\x10\x16\xb0\x00\x00\x00\x00 vis decore poss'...
12.332 Disassembled: source: 20407, dest: 58987, seq: 36235, ack: 2043469875, window: 5808, ACK, data: " vis decore poss"...
12.332 Error: Incorrect acknowledgement flag
12.829 Sent: b'\xe6kO\xb7y\xcc\xe03\x00\x00\x8d\x8bP\x10\x16\xb0\x00\x00\x00\x00'
12.832 Received: b'O\xb7\xe6k\x00\x00\x8d\x8by\xcc\xe03P\x00\x16\xb0\x00\x00\x00\x00 vis decore poss'...
12.833 Disassembled: source: 20407, dest: 58987, seq: 36235, ack: 2043469875, window: 5808, data: " vis decore poss"...
12.833 Data accepted; writing to file
12.833 Assembling: source: 58987, dest: 20407, seq: 2043469875, ack: 37683, window: 5808, ACK
12.834 Sent: b'\xe6kO\xb7y\xcc\xe03\x00\x00\x933P\x10\x16\xb0\x00\x00\x00\x00'
12.837 Received: b'O\xb7\xe6k\x00\x00\x933y\xcc\xe03P\x10\x16\xb0\x00\x00\x00\x00eam odio corpora'...
12.837 Disassembled: source: 20407, dest: 58987, seq: 37683, ack: 2043469875, window: 5808, ACK, data: "eam odio corpora"...
12.837 Error: Incorrect acknowledgement flag
13.334 Sent: b'\xe6kO\xb7y\xcc\xe03\x00\x00\x933P\x10\x16\xb0\x00\x00\x00\x00'
13.337 Received: b'O\xb7\xe6k\x00\x00\x933y\xcc\xe03P\x00\x16\xb0\x00\x00\x00\x00eam odio corpora'...
13.338 Disassembled: source: 20407, dest: 58987, seq: 37683, ack: 2043469875, window: 5808, data: "eam odio corpora"...
13.338 Data accepted; writing to file
13.338 Assembling: source: 58987, dest: 20407, seq: 2043469875, ack: 39131, window: 5808, ACK
13.339 Sent: b'\xe6kO\xb7y\xcc\xe03\x00\x00\x98\xdbP\x10\x16\xb0\x00\x00\x00\x00'
13.342 Received: b'O\xb7\xe6k\x00\x00\x98\xdby\xcc\xe03P\x10\x16\xb0\x00\x00\x00\x00 est. Usu sanctu'...
13.342 Disassembled: source: 20407, dest: 58987, seq: 39131, ack: 2043469875, window: 5808, ACK, data: " est. Usu sanctu"...
13.343 Error: Incorrect acknowledgement flag
13.839 Sent: b'\xe6kO\xb7y\xcc\xe03\x00\x00\x98\xdbP\x10\x16\xb0\x00\x00\x00\x00'
13.843 Received: b'O\xb7\xe6k\x00\x00\x98\xdby\xcc\xe03P\x00\x16\xb0\x00\x00\x00\x00 est. Usu sanctu'...
13.843 Disassembled: source: 20407, dest: 58987, seq: 39131, ack: 2043469875, window: 5808, data: " est. Usu sanctu"...
13.843 Data accepted; writing to file
13.843 Assembling: source: 58987, dest: 20407, seq: 2043469875, ack: 40579, window: 5808, ACK
13.844 Sent: b'\xe6kO\xb7y\xcc\xe03\x00\x00\x9e\x83P\x10\x16\xb0\x00\x00\x00\x00'
13.847 Received: b'O\xb7\xe6k\x00\x00\x9e\x83y\xcc\xe03P\x10\x16\xb0\x00\x00\x00\x00.\n\nMei graeco ae'...
13.848 Disassembled: source: 20407, dest: 58987, seq: 40579, ack: 2043469875, window: 5808, ACK, data: ".

Mei graeco ae"...
13.848 Error: Incorrect acknowledgement flag
14.344 Sent: b'\xe6kO\xb7y\xcc\xe03\x00\x00\x9e\x83P\x10\x16\xb0\x00\x00\x00\x00'
14.348 Received: b'O\xb7\xe6k\x00\x00\x9e\x83y\xcc\xe03P\x00\x16\xb0\x00\x00\x00\x00.\n\nMei graeco ae'...
14.348 Disassembled: source: 20407, dest: 58987, seq: 40579, ack: 2043469875, window: 5808, data: ".

Mei graeco ae"...
14.348 Data accepted; writing to file
14.349 Assembling: source: 58987, dest: 20407, seq: 2043469875, ack: 42027, window: 5808, ACK
14.349 Sent: b'\xe6kO\xb7y\xcc\xe03\x00\x00\xa4+P\x10\x16\xb0\x00\x00\x00\x00'
14.352 Received: b'O\xb7\xe6k\x00\x00\xa4+y\xcc\xe03P\x10\x16\xb0\x00\x00\x00\x00et. Ne sea primi'...
14.353 Disassembled: source: 20407, dest: 58987, seq: 42027, ack: 2043469875, window: 5808, ACK, data: "et. Ne sea primi"...
14.353 Error: Incorrect acknowledgement flag
14.850 Sent: b'\xe6kO\xb7y\xcc\xe03\x00\x00\xa4+P\x10\x16\xb0\x00\x00\x00\x00'
14.853 Received: b'O\xb7\xe6k\x00\x00\xa4+y\xcc\xe03P\x00\x16\xb0\x00\x00\x00\x00et. Ne sea primi'...
14.853 Disassembled: source: 20407, dest: 58987, seq: 42027, ack: 2043469875, window: 5808, data: "et. Ne sea primi"...
14.854 Data accepted; writing to file
14.854 Assembling: source: 58987, dest: 20407, seq: 2043469875, ack: 43475, window: 5808, ACK
14.854 Sent: b'\xe6kO\xb7y\xcc\xe03\x00\x00\xa9\xd3P\x10\x16\xb0\x00\x00\x00\x00'
14.857 Received: b'O\xb7\xe6k\x00\x00\xa9\xd3y\xcc\xe03P\x10\x16\xb0\x00\x00\x00\x00ittam convenire.'...
14.858 Disassembled: source: 20407, dest: 58987, seq: 43475, ack: 2043469875, window: 5808, ACK, data: "ittam convenire."...
14.858 Error: Incorrect acknowledgement flag
15.355 Sent: b'\xe6kO\xb7y\xcc\xe03\x00\x00\xa9\xd3P\x10\x16\xb0\x00\x00\x00\x00'
15.358 Received: b'O\xb7\xe6k\x00\x00\xa9\xd3y\xcc\xe03P\x00\x16\xb0\x00\x00\x00\x00ittam convenire.'...
15.358 Disassembled: source: 20407, dest: 58987, seq: 43475, ack: 2043469875, window: 5808, data: "ittam convenire."...
15.359 Data accepted; writing to file
15.359 Assembling: source: 58987, dest: 20407, seq: 2043469875, ack: 44923, window: 5808, ACK
15.359 Sent: b'\xe6kO\xb7y\xcc\xe03\x00\x00\xaf{P\x10\x16\xb0\x00\x00\x00\x00'
15.362 Received: b'O\xb7\xe6k\x00\x00\xaf{y\xcc\xe03P\x10\x16\xb0\x00\x00\x00\x00ua et vis, id eu'...
15.363 Disassembled: source: 20407, dest: 58987, seq: 44923, ack: 2043469875, window: 5808, ACK, data: "ua et vis, id eu"...
15.363 Error: Incorrect acknowledgement flag
15.860 Sent: b'\xe6kO\xb7y\xcc\xe03\x00\x00\xaf{P\x10\x16\xb0\x00\x00\x00\x00'
15.863 Received: b'O\xb7\xe6k\x00\x00\xaf{y\xcc\xe03P\x00\x16\xb0\x00\x00\x00\x00ua et vis, id eu'...
15.864 Disassembled: source: 20407, dest: 58987, seq: 44923, ack: 2043469875, window: 5808, data: "ua et vis, id eu"...
15.864 Data accepted; writing to file
15.864 Assembling: source: 58987, dest: 20407, seq: 2043469875, ack: 46371, window: 5808, ACK
15.864 Sent: b'\xe6kO\xb7y\xcc\xe03\x00\x00\xb5#P\x10\x16\xb0\x00\x00\x00\x00'
15.868 Received: b'O\xb7\xe6k\x00\x00\xb5#y\xcc\xe03P\x10\x16\xb0\x00\x00\x00\x00r. Et velit appa'...
15.868 Disassembled: source: 20407, dest: 58987, seq: 46371, ack: 2043469875, window: 5808, ACK, data: "r. Et velit appa"...
15.868 Error: Incorrect acknowledgement flag
16.365 Sent: b'\xe6kO\xb7y\xcc\xe03\x00\x00\xb5#P\x10\x16\xb0\x00\x00\x00\x00'
16.368 Received: b'O\xb7\xe6k\x00\x00\xb5#y\xcc\xe03P\x00\x16\xb0\x00\x00\x00\x00r. Et velit appa'...
16.369 Disassembled: source: 20407, dest: 58987, seq: 46371, ack: 2043469875, window: 5808, data: "r. Et velit appa"...
16.369 Data accepted; writing to file
16.369 Assembling: source: 58987, dest: 20407, seq: 2043469875, ack: 47819, window: 5808, ACK
16.370 Sent: b'\xe6kO\xb7y\xcc\xe03\x00\x00\xba\xcbP\x10\x16\xb0\x00\x00\x00\x00'
16.373 Received: b'O\xb7\xe6k\x00\x00\xba\xcby\xcc\xe03P\x10\x16\xb0\x00\x00\x00\x00 novum laudem, v'...
16.373 Disassembled: source: 20407, dest: 58987, seq: 47819, ack: 2043469875, window: 5808, ACK, data: " novum laudem, v"...
16.373 Error: Incorrect acknowledgement flag
16.870 Sent: b'\xe6kO\xb7y\xcc\xe03\x00\x00\xba\xcbP\x10\x16\xb0\x00\x00\x00\x00'
16.873 Received: b'O\xb7\xe6k\x00\x00\xba\xcby\xcc\xe03P\x00\x16\xb0\x00\x00\x00\x00 novum laudem, v'...
16.874 Disassembled: source: 20407, dest: 58987, seq: 47819, ack: 2043469875, window: 5808, data: " novum laudem, v"...
16.874 Data accepted; writing to file
16.874 Assembling: source: 58987, dest: 20407, seq: 2043469875, ack: 49267, window: 5808, ACK
16.875 Sent: b'\xe6kO\xb7y\xcc\xe03\x00\x00\xc0sP\x10\x16\xb0\x00\x00\x00\x00'
16.878 Received: b'O\xb7\xe6k\x00\x00\xc0sy\xcc\xe03P\x10\x16\xb0\x00\x00\x00\x00luptatibus, cibo'...
16.878 Disassembled: source: 20407, dest: 58987, seq: 49267, ack: 2043469875, window: 5808, ACK, data: "luptatibus, cibo"...
16.879 Error: Incorrect acknowledgement flag
17.375 Sent: b'\xe6kO\xb7y\xcc\xe03\x00\x00\xc0sP\x10\x16\xb0\x00\x00\x00\x00'
17.378 Received: b'O\xb7\xe6k\x00\x00\xc0sy\xcc\xe03P\x00\x16\xb0\x00\x00\x00\x00luptatibus, cibo'...
17.379 Disassembled: source: 20407, dest: 58987, seq: 49267, ack: 2043469875, window: 5808, data: "luptatibus, cibo"...
17.379 Data accepted; writing to file
17.379 Assembling: source: 58987, dest: 20407, seq: 2043469875, ack: 50715, window: 5808, ACK
17.380 Sent: b'\xe6kO\xb7y\xcc\xe03\x00\x00\xc6\x1bP\x10\x16\xb0\x00\x00\x00\x00'
17.383 Received: b'O\xb7\xe6k\x00\x00\xc6\x1by\xcc\xe03P\x10\x16\xb0\x00\x00\x00\x00alii indoctum ma'...
17.383 Disassembled: source: 20407, dest: 58987, seq: 50715, ack: 2043469875, window: 5808, ACK, data: "alii indoctum ma"...
17.384 Error: Incorrect acknowledgement flag
17.880 Sent: b'\xe6kO\xb7y\xcc\xe03\x00\x00\xc6\x1bP\x10\x16\xb0\x00\x00\x00\x00'
17.884 Received: b'O\xb7\xe6k\x00\x00\xc6\x1by\xcc\xe03P\x00\x16\xb0\x00\x00\x00\x00alii indoctum ma'...
17.884 Disassembled: source: 20407, dest: 58987, seq: 50715, ack: 2043469875, window: 5808, data: "alii indoctum ma"...
17.884 Data accepted; writing to file
17.884 Assembling: source: 58987, dest: 20407, seq: 2043469875, ack: 52163, window: 5808, ACK
17.885 Sent: b'\xe6kO\xb7y\xcc\xe03\x00\x00\xcb\xc3P\x10\x16\xb0\x00\x00\x00\x00'
17.888 Received: b'O\xb7\xe6k\x00\x00\xcb\xc3y\xcc\xe03P\x10\x16\xb0\x00\x00\x00\x00im, his facete c'...
17.889 Disassembled: source: 20407, dest: 58987, seq: 52163, ack: 2043469875, window: 5808, ACK, data: "im, his facete c"...
17.889 Error: Incorrect acknowledgement flag
18.385 Sent: b'\xe6kO\xb7y\xcc\xe03\x00\x00\xcb\xc3P\x10\x16\xb0\x00\x00\x00\x00'
18.389 Received: b'O\xb7\xe6k\x00\x00\xcb\xc3y\xcc\xe03P\x00\x16\xb0\x00\x00\x00\x00im, his facete c'...
18.389 Disassembled: source: 20407, dest: 58987, seq: 52163, ack: 2043469875, window: 5808, data: "im, his facete c"...
18.390 Data accepted; writing to file
18.390 Assembling: source: 58987, dest: 20407, seq: 2043469875, ack: 53611, window: 5808, ACK
18.390 Sent: b'\xe6kO\xb7y\xcc\xe03\x00\x00\xd1kP\x10\x16\xb0\x00\x00\x00\x00'
18.393 Received: b'O\xb7\xe6k\x00\x00\xd1ky\xcc\xe03P\x10\x16\xb0\x00\x00\x00\x00e alia dolor com'...
18.394 Disassembled: source: 20407, dest: 58987, seq: 53611, ack: 2043469875, window: 5808, ACK, data: "e alia dolor com"...
18.394 Error: Incorrect acknowledgement flag
18.891 Sent: b'\xe6kO\xb7y\xcc\xe03\x00\x00\xd1kP\x10\x16\xb0\x00\x00\x00\x00'
18.894 Received: b'O\xb7\xe6k\x00\x00\xd1ky\xcc\xe03P\x00\x16\xb0\x00\x00\x00\x00e alia dolor com'...
18.894 Disassembled: source: 20407, dest: 58987, seq: 53611, ack: 2043469875, window: 5808, data: "e alia dolor com"...
18.895 Data accepted; writing to file
18.895 Assembling: source: 58987, dest: 20407, seq: 2043469875, ack: 55059, window: 5808, ACK
18.895 Sent: b'\xe6kO\xb7y\xcc\xe03\x00\x00\xd7\x13P\x10\x16\xb0\x00\x00\x00\x00'
18.898 Received: b'O\xb7\xe6k\x00\x00\xd7\x13y\xcc\xe03P\x10\x16\xb0\x00\x00\x00\x00it ea, reque tem'...
18.899 Disassembled: source: 20407, dest: 58987, seq: 55059, ack: 2043469875, window: 5808, ACK, data: "it ea, reque tem"...
18.899 Error: Incorrect acknowledgement flag
19.396 Sent: b'\xe6kO\xb7y\xcc\xe03\x00\x00\xd7\x13P\x10\x16\xb0\x00\x00\x00\x00'
19.399 Received: b'O\xb7\xe6k\x00\x00\xd7\x13y\xcc\xe03P\x00\x16\xb0\x00\x00\x00\x00it ea, reque tem'...
19.399 Disassembled: source: 20407, dest: 58987, seq: 55059, ack: 2043469875, window: 5808, data: "it ea, reque tem"...
19.400 Data accepted; writing to file
19.400 Assembling: source: 58987, dest: 20407, seq: 2043469875, ack: 56507, window: 5808, ACK
19.400 Sent: b'\xe6kO\xb7y\xcc\xe03\x00\x00\xdc\xbbP\x10\x16\xb0\x00\x00\x00\x00'
19.403 Received: b'O\xb7\xe6k\x00\x00\xdc\xbby\xcc\xe03P\x10\x16\xb0\x00\x00\x00\x00alisque.\n\nEquide'...
19.404 Disassembled: source: 20407, dest: 58987, seq: 56507, ack: 2043469875, window: 5808, ACK, data: "alisque.

Equide"...
19.404 Error: Incorrect acknowledgement flag
19.901 Sent: b'\xe6kO\xb7y\xcc\xe03\x00\x00\xdc\xbbP\x10\x16\xb0\x00\x00\x00\x00'
19.904 Received: b'O\xb7\xe6k\x00\x00\xdc\xbby\xcc\xe03P\x00\x16\xb0\x00\x00\x00\x00alisque.\n\nEquide'...
19.904 Disassembled: source: 20407, dest: 58987, seq: 56507, ack: 2043469875, window: 5808, data: "alisque.

Equide"...
19.905 Data accepted; writing to file
19.905 Assembling: source: 58987, dest: 20407, seq: 2043469875, ack: 57955, window: 5808, ACK
19.905 Sent: b'\xe6kO\xb7y\xcc\xe03\x00\x00\xe2cP\x10\x16\xb0\x00\x00\x00\x00'
19.908 Received: b'O\xb7\xe6k\x00\x00\xe2cy\xcc\xe03P\x10\x16\xb0\x00\x00\x00\x00finitiones, affe'...
19.909 Disassembled: source: 20407, dest: 58987, seq: 57955, ack: 2043469875, window: 5808, ACK, data: "finitiones, affe"...
19.909 Error: Incorrect acknowledgement flag
20.406 Sent: b'\xe6kO\xb7y\xcc\xe03\x00\x00\xe2cP\x10\x16\xb0\x00\x00\x00\x00'
20.409 Received: b'O\xb7\xe6k\x00\x00\xe2cy\xcc\xe03P\x00\x16\xb0\x00\x00\x00\x00finitiones, affe'...
20.409 Disassembled: source: 20407, dest: 58987, seq: 57955, ack: 2043469875, window: 5808, data: "finitiones, affe"...
20.410 Data accepted; writing to file
20.410 Assembling: source: 58987, dest: 20407, seq: 2043469875, ack: 59403, window: 5808, ACK
20.410 Sent: b'\xe6kO\xb7y\xcc\xe03\x00\x00\xe8\x0bP\x10\x16\xb0\x00\x00\x00\x00'
20.413 Received: b'O\xb7\xe6k\x00\x00\xe8\x0by\xcc\xe03P\x10\x16\xb0\x00\x00\x00\x00his duis graeco '...
20.414 Disassembled: source: 20407, dest: 58987, seq: 59403, ack: 2043469875, window: 5808, ACK, data: "his duis graeco "...
20.414 Error: Incorrect acknowledgement flag
20.911 Sent: b'\xe6kO\xb7y\xcc\xe03\x00\x00\xe8\x0bP\x10\x16\xb0\x00\x00\x00\x00'
20.914 Received: b'O\xb7\xe6k\x00\x00\xe8\x0by\xcc\xe03P\x00\x16\xb0\x00\x00\x00\x00his duis graeco '...
20.915 Disassembled: source: 20407, dest: 58987, seq: 59403, ack: 2043469875, window: 5808, data: "his duis graeco "...
20.915 Data accepted; writing to file
20.915 Assembling: source: 58987, dest: 20407, seq: 2043469875, ack: 60851, window: 5808, ACK
20.915 Sent: b'\xe6kO\xb7y\xcc\xe03\x00\x00\xed\xb3P\x10\x16\xb0\x00\x00\x00\x00'
20.919 Received: b'O\xb7\xe6k\x00\x00\xed\xb3y\xcc\xe03P\x10\x16\xb0\x00\x00\x00\x00am. Alia possit '...
20.919 Disassembled: source: 20407, dest: 58987, seq: 60851, ack: 2043469875, window: 5808, ACK, data: "am. Alia possit "...
20.919 Error: Incorrect acknowledgement flag
21.416 Sent: b'\xe6kO\xb7y\xcc\xe03\x00\x00\xed\xb3P\x10\x16\xb0\x00\x00\x00\x00'
21.419 Received: b'O\xb7\xe6k\x00\x00\xed\xb3y\xcc\xe03P\x00\x16\xb0\x00\x00\x00\x00am. Alia possit '...
21.419 Disassembled: source: 20407, dest: 58987, seq: 60851, ack: 2043469875, window: 5808, data: "am. Alia possit "...
21.419 Data accepted; writing to file
21.420 Assembling: source: 58987, dest: 20407, seq: 2043469875, ack: 62299, window: 5808, ACK
21.420 Sent: b'\xe6kO\xb7y\xcc\xe03\x00\x00\xf3[P\x10\x16\xb0\x00\x00\x00\x00'
21.423 Received: b'O\xb7\xe6k\x00\x00\xf3[y\xcc\xe03P\x10\x16\xb0\x00\x00\x00\x00cum an. Mei faci'...
21.424 Disassembled: source: 20407, dest: 58987, seq: 62299, ack: 2043469875, window: 5808, ACK, data: "cum an. Mei faci"...
21.424 Error: Incorrect acknowledgement flag
21.921 Sent: b'\xe6kO\xb7y\xcc\xe03\x00\x00\xf3[P\x10\x16\xb0\x00\x00\x00\x00'
21.924 Received: b'O\xb7\xe6k\x00\x00\xf3[y\xcc\xe03P\x00\x16\xb0\x00\x00\x00\x00cum an. Mei faci'...
21.924 Disassembled: source: 20407, dest: 58987, seq: 62299, ack: 2043469875, window: 5808, data: "cum an. Mei faci"...
21.925 Data accepted; writing to file
21.925 Assembling: source: 58987, dest: 20407, seq: 2043469875, ack: 63747, window: 5808, ACK
21.925 Sent: b'\xe6kO\xb7y\xcc\xe03\x00\x00\xf9\x03P\x10\x16\xb0\x00\x00\x00\x00'
21.928 Received: b'O\xb7\xe6k\x00\x00\xf9\x03y\xcc\xe03P\x10\x16\xb0\x00\x00\x00\x00 vis adhuc tatio'...
21.929 Disassembled: source: 20407, dest: 58987, seq: 63747, ack: 2043469875, window: 5808, ACK, data: " vis adhuc tatio"...
21.929 Error: Incorrect acknowledgement flag
22.426 Sent: b'\xe6kO\xb7y\xcc\xe03\x00\x00\xf9\x03P\x10\x16\xb0\x00\x00\x00\x00'
22.429 Received: b'O\xb7\xe6k\x00\x00\xf9\x03y\xcc\xe03P\x00\x16\xb0\x00\x00\x00\x00 vis adhuc tatio'...
22.429 Disassembled: source: 20407, dest: 58987, seq: 63747, ack: 2043469875, window: 5808, data: " vis adhuc tatio"...
22.430 Data accepted; writing to file
22.430 Assembling: source: 58987, dest: 20407, seq: 2043469875, ack: 65195, window: 5808, ACK
22.430 Sent: b'\xe6kO\xb7y\xcc\xe03\x00\x00\xfe\xabP\x10\x16\xb0\x00\x00\x00\x00'
22.433 Received: b'O\xb7\xe6k\x00\x00\xfe\xaby\xcc\xe03P\x10\x16\xb0\x00\x00\x00\x00im eu option iuv'...
22.434 Disassembled: source: 20407, dest: 58987, seq: 65195, ack: 2043469875, window: 5808, ACK, data: "im eu option iuv"...
22.434 Error: Incorrect acknowledgement flag
22.931 Sent: b'\xe6kO\xb7y\xcc\xe03\x00\x00\xfe\xabP\x10\x16\xb0\x00\x00\x00\x00'
22.934 Received: b'O\xb7\xe6k\x00\x00\xfe\xaby\xcc\xe03P\x00\x16\xb0\x00\x00\x00\x00im eu option iuv'...
22.935 Disassembled: source: 20407, dest: 58987, seq: 65195, ack: 2043469875, window: 5808, data: "im eu option iuv"...
22.935 Data accepted; writing to file
22.935 Assembling: source: 58987, dest: 20407, seq: 2043469875, ack: 66643, window: 5808, ACK
22.935 Sent: b'\xe6kO\xb7y\xcc\xe03\x00\x01\x04SP\x10\x16\xb0\x00\x00\x00\x00'
22.938 Received: b'O\xb7\xe6k\x00\x01\x04Sy\xcc\xe03P\x10\x16\xb0\x00\x00\x00\x00ex epicurei taci'...
22.939 Disassembled: source: 20407, dest: 58987, seq: 66643, ack: 2043469875, window: 5808, ACK, data: "ex epicurei taci"...
22.939 Error: Incorrect acknowledgement flag
23.436 Sent: b'\xe6kO\xb7y\xcc\xe03\x00\x01\x04SP\x10\x16\xb0\x00\x00\x00\x00'
23.439 Received: b'O\xb7\xe6k\x00\x01\x04Sy\xcc\xe03P\x00\x16\xb0\x00\x00\x00\x00ex epicurei taci'...
23.440 Disassembled: source: 20407, dest: 58987, seq: 66643, ack: 2043469875, window: 5808, data: "ex epicurei taci"...
23.440 Data accepted; writing to file
23.440 Assembling: source: 58987, dest: 20407, seq: 2043469875, ack: 68091, window: 5808, ACK
23.441 Sent: b'\xe6kO\xb7y\xcc\xe03\x00\x01\t\xfbP\x10\x16\xb0\x00\x00\x00\x00'
23.444 Received: b'O\xb7\xe6k\x00\x01\t\xfby\xcc\xe03P\x10\x16\xb0\x00\x00\x00\x00ebat, eu pro ero'...
23.444 Disassembled: source: 20407, dest: 58987, seq: 68091, ack: 2043469875, window: 5808, ACK, data: "ebat, eu pro ero"...
23.444 Error: Incorrect acknowledgement flag
23.941 Sent: b'\xe6kO\xb7y\xcc\xe03\x00\x01\t\xfbP\x10\x16\xb0\x00\x00\x00\x00'
23.944 Received: b'O\xb7\xe6k\x00\x01\t\xfby\xcc\xe03P\x00\x16\xb0\x00\x00\x00\x00ebat, eu pro ero'...
23.945 Disassembled: source: 20407, dest: 58987, seq: 68091, ack: 2043469875, window: 5808, data: "ebat, eu pro ero"...
23.945 Data accepted; writing to file
23.945 Assembling: source: 58987, dest: 20407, seq: 2043469875, ack: 69539, window: 5808, ACK
23.946 Sent: b'\xe6kO\xb7y\xcc\xe03\x00\x01\x0f\xa3P\x10\x16\xb0\x00\x00\x00\x00'
23.949 Received: b'O\xb7\xe6k\x00\x01\x0f\xa3y\xcc\xe03P\x10\x16\xb0\x00\x00\x00\x00s. Per no sale v'...
23.949 Disassembled: source: 20407, dest: 58987, seq: 69539, ack: 2043469875, window: 5808, ACK, data: "s. Per no sale v"...
23.950 Error: Incorrect acknowledgement flag
24.446 Sent: b'\xe6kO\xb7y\xcc\xe03\x00\x01\x0f\xa3P\x10\x16\xb0\x00\x00\x00\x00'
24.450 Received: b'O\xb7\xe6k\x00\x01\x0f\xa3y\xcc\xe03P\x00\x16\xb0\x00\x00\x00\x00s. Per no sale v'...
24.450 Disassembled: source: 20407, dest: 58987, seq: 69539, ack: 2043469875, window: 5808, data: "s. Per no sale v"...
24.451 Data accepted; writing to file
24.451 Assembling: source: 58987, dest: 20407, seq: 2043469875, ack: 70987, window: 5808, ACK
24.451 Sent: b'\xe6kO\xb7y\xcc\xe03\x00\x01\x15KP\x10\x16\xb0\x00\x00\x00\x00'
24.454 Received: b'O\xb7\xe6k\x00\x01\x15Ky\xcc\xe03P\x10\x16\xb0\x00\x00\x00\x00orrupte ea mel. '...
24.455 Disassembled: source: 20407, dest: 58987, seq: 70987, ack: 2043469875, window: 5808, ACK, data: "orrupte ea mel. "...
24.455 Error: Incorrect acknowledgement flag
24.952 Sent: b'\xe6kO\xb7y\xcc\xe03\x00\x01\x15KP\x10\x16\xb0\x00\x00\x00\x00'
24.955 Received: b'O\xb7\xe6k\x00\x01\x15Ky\xcc\xe03P\x00\x16\xb0\x00\x00\x00\x00orrupte ea mel. '...
24.955 Disassembled: source: 20407, dest: 58987, seq: 70987, ack: 2043469875, window: 5808, data: "orrupte ea mel. "...
24.956 Data accepted; writing to file
24.956 Assembling: source: 58987, dest: 20407, seq: 2043469875, ack: 72435, window: 5808, ACK
24.956 Sent: b'\xe6kO\xb7y\xcc\xe03\x00\x01\x1a\xf3P\x10\x16\xb0\x00\x00\x00\x00'
24.959 Received: b'O\xb7\xe6k\x00\x01\x1a\xf3y\xcc\xe03P\x10\x16\xb0\x00\x00\x00\x00. Est iracundia '...
24.960 Disassembled: source: 20407, dest: 58987, seq: 72435, ack: 2043469875, window: 5808, ACK, data: ". Est iracundia "...
24.960 Error: Incorrect acknowledgement flag
25.457 Sent: b'\xe6kO\xb7y\xcc\xe03\x00\x01\x1a\xf3P\x10\x16\xb0\x00\x00\x00\x00'
25.460 Received: b'O\xb7\xe6k\x00\x01\x1a\xf3y\xcc\xe03P\x00\x16\xb0\x00\x00\x00\x00. Est iracundia '...
25.461 Disassembled: source: 20407, dest: 58987, seq: 72435, ack: 2043469875, window: 5808, data: ". Est iracundia "...
25.461 Data accepted; writing to file
25.461 Assembling: source: 58987, dest: 20407, seq: 2043469875, ack: 73883, window: 5808, ACK
25.462 Sent: b'\xe6kO\xb7y\xcc\xe03\x00\x01 \x9bP\x10\x16\xb0\x00\x00\x00\x00'
25.465 Received: b'O\xb7\xe6k\x00\x01 \x9by\xcc\xe03P\x10\x16\xb0\x00\x00\x00\x00pta probatus scr'...
25.465 Disassembled: source: 20407, dest: 58987, seq: 73883, ack: 2043469875, window: 5808, ACK, data: "pta probatus scr"...
25.465 Error: Incorrect acknowledgement flag
25.962 Sent: b'\xe6kO\xb7y\xcc\xe03\x00\x01 \x9bP\x10\x16\xb0\x00\x00\x00\x00'
25.965 Received: b'O\xb7\xe6k\x00\x01 \x9by\xcc\xe03P\x00\x16\xb0\x00\x00\x00\x00pta probatus scr'...
25.966 Disassembled: source: 20407, dest: 58987, seq: 73883, ack: 2043469875, window: 5808, data: "pta probatus scr"...
25.966 Data accepted; writing to file
25.966 Assembling: source: 58987, dest: 20407, seq: 2043469875, ack: 75331, window: 5808, ACK
25.967 Sent: b'\xe6kO\xb7y\xcc\xe03\x00\x01&CP\x10\x16\xb0\x00\x00\x00\x00'
25.970 Received: b'O\xb7\xe6k\x00\x01&Cy\xcc\xe03P\x10\x16\xb0\x00\x00\x00\x00entur ei, pro ei'...
25.970 Disassembled: source: 20407, dest: 58987, seq: 75331, ack: 2043469875, window: 5808, ACK, data: "entur ei, pro ei"...
25.970 Error: Incorrect acknowledgement flag
26.467 Sent: b'\xe6kO\xb7y\xcc\xe03\x00\x01&CP\x10\x16\xb0\x00\x00\x00\x00'
26.470 Received: b'O\xb7\xe6k\x00\x01&Cy\xcc\xe03P\x00\x16\xb0\x00\x00\x00\x00entur ei, pro ei'...
26.471 Disassembled: source: 20407, dest: 58987, seq: 75331, ack: 2043469875, window: 5808, data: "entur ei, pro ei"...
26.471 Data accepted; writing to file
26.471 Assembling: source: 58987, dest: 20407, seq: 2043469875, ack: 76779, window: 5808, ACK
26.472 Sent: b'\xe6kO\xb7y\xcc\xe03\x00\x01+\xebP\x10\x16\xb0\x00\x00\x00\x00'
26.475 Received: b'O\xb7\xe6k\x00\x01+\xeby\xcc\xe03P\x10\x16\xb0\x00\x00\x00\x00simul euismod vi'...
26.476 Disassembled: source: 20407, dest: 58987, seq: 76779, ack: 2043469875, window: 5808, ACK, data: "simul euismod vi"...
26.476 Error: Incorrect acknowledgement flag
26.972 Sent: b'\xe6kO\xb7y\xcc\xe03\x00\x01+\xebP\x10\x16\xb0\x00\x00\x00\x00'
26.976 Received: b'O\xb7\xe6k\x00\x01+\xeby\xcc\xe03P\x00\x16\xb0\x00\x00\x00\x00simul euismod vi'...
26.976 Disassembled: source: 20407, dest: 58987, seq: 76779, ack: 2043469875, window: 5808, data: "simul euismod vi"...
26.976 Data accepted; writing to file
26.977 Assembling: source: 58987, dest: 20407, seq: 2043469875, ack: 78227, window: 5808, ACK
26.977 Sent: b'\xe6kO\xb7y\xcc\xe03\x00\x011\x93P\x10\x16\xb0\x00\x00\x00\x00'
26.980 Received: b'O\xb7\xe6k\x00\x011\x93y\xcc\xe03P\x10\x16\xb0\x00\x00\x00\x00, eam id iudico '...
26.981 Disassembled: source: 20407, dest: 58987, seq: 78227, ack: 2043469875, window: 5808, ACK, data: ", eam id iudico "...
26.981 Error: Incorrect acknowledgement flag
27.478 Sent: b'\xe6kO\xb7y\xcc\xe03\x00\x011\x93P\x10\x16\xb0\x00\x00\x00\x00'
27.481 Received: b'O\xb7\xe6k\x00\x011\x93y\xcc\xe03P\x00\x16\xb0\x00\x00\x00\x00, eam id iudico '...
27.481 Disassembled: source: 20407, dest: 58987, seq: 78227, ack: 2043469875, window: 5808, data: ", eam id iudico "...
27.482 Data accepted; writing to file
27.482 Assembling: source: 58987, dest: 20407, seq: 2043469875, ack: 79675, window: 5808, ACK
27.482 Sent: b'\xe6kO\xb7y\xcc\xe03\x00\x017;P\x10\x16\xb0\x00\x00\x00\x00'
27.485 Received: b'O\xb7\xe6k\x00\x017;y\xcc\xe03P\x10\x16\xb0\x00\x00\x00\x00m vix. Ea est mu'...
27.486 Disassembled: source: 20407, dest: 58987, seq: 79675, ack: 2043469875, window: 5808, ACK, data: "m vix. Ea est mu"...
27.486 Error: Incorrect acknowledgement flag
27.983 Sent: b'\xe6kO\xb7y\xcc\xe03\x00\x017;P\x10\x16\xb0\x00\x00\x00\x00'
27.986 Received: b'O\xb7\xe6k\x00\x017;y\xcc\xe03P\x00\x16\xb0\x00\x00\x00\x00m vix. Ea est mu'...
27.986 Disassembled: source: 20407, dest: 58987, seq: 79675, ack: 2043469875, window: 5808, data: "m vix. Ea est mu"...
27.986 Data accepted; writing to file
27.987 Assembling: source: 58987, dest: 20407, seq: 2043469875, ack: 81123, window: 5808, ACK
27.987 Sent: b'\xe6kO\xb7y\xcc\xe03\x00\x01<\xe3P\x10\x16\xb0\x00\x00\x00\x00'
27.990 Received: b'O\xb7\xe6k\x00\x01<\xe3y\xcc\xe03P\x10\x16\xb0\x00\x00\x00\x00olor sit amet, e'...
27.991 Disassembled: source: 20407, dest: 58987, seq: 81123, ack: 2043469875, window: 5808, ACK, data: "olor sit amet, e"...
27.991 Error: Incorrect acknowledgement flag
28.488 Sent: b'\xe6kO\xb7y\xcc\xe03\x00\x01<\xe3P\x10\x16\xb0\x00\x00\x00\x00'
28.491 Received: b'O\xb7\xe6k\x00\x01<\xe3y\xcc\xe03P\x00\x16\xb0\x00\x00\x00\x00olor sit amet, e'...
28.491 Disassembled: source: 20407, dest: 58987, seq: 81123, ack: 2043469875, window: 5808, data: "olor sit amet, e"...
28.492 Data accepted; writing to file
28.492 Assembling: source: 58987, dest: 20407, seq: 2043469875, ack: 82571, window: 5808, ACK
28.492 Sent: b'\xe6kO\xb7y\xcc\xe03\x00\x01B\x8bP\x10\x16\xb0\x00\x00\x00\x00'
28.495 Received: b'O\xb7\xe6k\x00\x01B\x8by\xcc\xe03P\x10\x16\xb0\x00\x00\x00\x00m, aperiam iudic'...
28.496 Disassembled: source: 20407, dest: 58987, seq: 82571, ack: 2043469875, window: 5808, ACK, data: "m, aperiam iudic"...
28.496 Error: Incorrect acknowledgement flag
28.993 Sent: b'\xe6kO\xb7y\xcc\xe03\x00\x01B\x8bP\x10\x16\xb0\x00\x00\x00\x00'
28.996 Received: b'O\xb7\xe6k\x00\x01B\x8by\xcc\xe03P\x00\x16\xb0\x00\x00\x00\x00m, aperiam iudic'...
28.997 Disassembled: source: 20407, dest: 58987, seq: 82571, ack: 2043469875, window: 5808, data: "m, aperiam iudic"...
28.997 Data accepted; writing to file
28.997 Assembling: source: 58987, dest: 20407, seq: 2043469875, ack: 84019, window: 5808, ACK
28.998 Sent: b'\xe6kO\xb7y\xcc\xe03\x00\x01H3P\x10\x16\xb0\x00\x00\x00\x00'
29.001 Received: b'O\xb7\xe6k\x00\x01H3y\xcc\xe03P\x10\x16\xb0\x00\x00\x00\x00re sea. No eos d'...
29.001 Disassembled: source: 20407, dest: 58987, seq: 84019, ack: 2043469875, window: 5808, ACK, data: "re sea. No eos d"...
29.001 Error: Incorrect acknowledgement flag
29.498 Sent: b'\xe6kO\xb7y\xcc\xe03\x00\x01H3P\x10\x16\xb0\x00\x00\x00\x00'
29.501 Received: b'O\xb7\xe6k\x00\x01H3y\xcc\xe03P\x00\x16\xb0\x00\x00\x00\x00re sea. No eos d'...
29.502 Disassembled: source: 20407, dest: 58987, seq: 84019, ack: 2043469875, window: 5808, data: "re sea. No eos d"...
29.502 Data accepted; writing to file
29.502 Assembling: source: 58987, dest: 20407, seq: 2043469875, ack: 85467, window: 5808, ACK
29.503 Sent: b'\xe6kO\xb7y\xcc\xe03\x00\x01M\xdbP\x10\x16\xb0\x00\x00\x00\x00'
29.506 Received: b'O\xb7\xe6k\x00\x01M\xdby\xcc\xe03P\x10\x16\xb0\x00\x00\x00\x00t scripta philos'...
29.506 Disassembled: source: 20407, dest: 58987, seq: 85467, ack: 2043469875, window: 5808, ACK, data: "t scripta philos"...
29.507 Error: Incorrect acknowledgement flag
30.003 Sent: b'\xe6kO\xb7y\xcc\xe03\x00\x01M\xdbP\x10\x16\xb0\x00\x00\x00\x00'
30.006 Received: b'O\xb7\xe6k\x00\x01M\xdby\xcc\xe03P\x00\x16\xb0\x00\x00\x00\x00t scripta philos'...
30.007 Disassembled: source: 20407, dest: 58987, seq: 85467, ack: 2043469875, window: 5808, data: "t scripta philos"...
30.007 Data accepted; writing to file
30.007 Assembling: source: 58987, dest: 20407, seq: 2043469875, ack: 86915, window: 5808, ACK
30.008 Sent: b'\xe6kO\xb7y\xcc\xe03\x00\x01S\x83P\x10\x16\xb0\x00\x00\x00\x00'
30.011 Received: b'O\xb7\xe6k\x00\x01S\x83y\xcc\xe03P\x10\x16\xb0\x00\x00\x00\x00tos sadipscing e'...
30.011 Disassembled: source: 20407, dest: 58987, seq: 86915, ack: 2043469875, window: 5808, ACK, data: "tos sadipscing e"...
30.012 Error: Incorrect acknowledgement flag
30.508 Sent: b'\xe6kO\xb7y\xcc\xe03\x00\x01S\x83P\x10\x16\xb0\x00\x00\x00\x00'
30.512 Received: b'O\xb7\xe6k\x00\x01S\x83y\xcc\xe03P\x00\x16\xb0\x00\x00\x00\x00tos sadipscing e'...
30.512 Disassembled: source: 20407, dest: 58987, seq: 86915, ack: 2043469875, window: 5808, data: "tos sadipscing e"...
30.512 Data accepted; writing to file
30.512 Assembling: source: 58987, dest: 20407, seq: 2043469875, ack: 88363, window: 5808, ACK
30.513 Sent: b'\xe6kO\xb7y\xcc\xe03\x00\x01Y+P\x10\x16\xb0\x00\x00\x00\x00'
30.516 Received: b'O\xb7\xe6k\x00\x01Y+y\xcc\xe03P\x10\x16\xb0\x00\x00\x00\x00sapientem ea, ad'...
30.517 Disassembled: source: 20407, dest: 58987, seq: 88363, ack: 2043469875, window: 5808, ACK, data: "sapientem ea, ad"...
30.517 Error: Incorrect acknowledgement flag
31.013 Sent: b'\xe6kO\xb7y\xcc\xe03\x00\x01Y+P\x10\x16\xb0\x00\x00\x00\x00'
31.017 Received: b'O\xb7\xe6k\x00\x01Y+y\xcc\xe03P\x00\x16\xb0\x00\x00\x00\x00sapientem ea, ad'...
31.017 Disassembled: source: 20407, dest: 58987, seq: 88363, ack: 2043469875, window: 5808, data: "sapientem ea, ad"...
31.018 Data accepted; writing to file
31.018 Assembling: source: 58987, dest: 20407, seq: 2043469875, ack: 89811, window: 5808, ACK
31.018 Sent: b'\xe6kO\xb7y\xcc\xe03\x00\x01^\xd3P\x10\x16\xb0\x00\x00\x00\x00'
31.021 Received: b'O\xb7\xe6k\x00\x01^\xd3y\xcc\xe03P\x10\x16\xb0\x00\x00\x00\x00g, ei invenire p'...
31.022 Disassembled: source: 20407, dest: 58987, seq: 89811, ack: 2043469875, window: 5808, ACK, data: "g, ei invenire p"...
31.022 Error: Incorrect acknowledgement flag
31.519 Sent: b'\xe6kO\xb7y\xcc\xe03\x00\x01^\xd3P\x10\x16\xb0\x00\x00\x00\x00'
31.522 Received: b'O\xb7\xe6k\x00\x01^\xd3y\xcc\xe03P\x00\x16\xb0\x00\x00\x00\x00g, ei invenire p'...
31.522 Disassembled: source: 20407, dest: 58987, seq: 89811, ack: 2043469875, window: 5808, data: "g, ei invenire p"...
31.523 Data accepted; writing to file
31.523 Assembling: source: 58987, dest: 20407, seq: 2043469875, ack: 91259, window: 5808, ACK
31.523 Sent: b'\xe6kO\xb7y\xcc\xe03\x00\x01d{P\x10\x16\xb0\x00\x00\x00\x00'
31.526 Received: b'O\xb7\xe6k\x00\x01d{y\xcc\xe03P\x10\x16\xb0\x00\x00\x00\x00endo at. Qui id '...
31.527 Disassembled: source: 20407, dest: 58987, seq: 91259, ack: 2043469875, window: 5808, ACK, data: "endo at. Qui id "...
31.527 Error: Incorrect acknowledgement flag
32.024 Sent: b'\xe6kO\xb7y\xcc\xe03\x00\x01d{P\x10\x16\xb0\x00\x00\x00\x00'
32.027 Received: b'O\xb7\xe6k\x00\x01d{y\xcc\xe03P\x00\x16\xb0\x00\x00\x00\x00endo at. Qui id '...
32.028 Disassembled: source: 20407, dest: 58987, seq: 91259, ack: 2043469875, window: 5808, data: "endo at. Qui id "...
32.028 Data accepted; writing to file
32.028 Assembling: source: 58987, dest: 20407, seq: 2043469875, ack: 92707, window: 5808, ACK
32.028 Sent: b'\xe6kO\xb7y\xcc\xe03\x00\x01j#P\x10\x16\xb0\x00\x00\x00\x00'
32.032 Received: b'O\xb7\xe6k\x00\x01j#y\xcc\xe03P\x10\x16\xb0\x00\x00\x00\x00ota nostrum et p'...
32.032 Disassembled: source: 20407, dest: 58987, seq: 92707, ack: 2043469875, window: 5808, ACK, data: "ota nostrum et p"...
32.032 Error: Incorrect acknowledgement flag
32.529 Sent: b'\xe6kO\xb7y\xcc\xe03\x00\x01j#P\x10\x16\xb0\x00\x00\x00\x00'
32.532 Received: b'O\xb7\xe6k\x00\x01j#y\xcc\xe03P\x00\x16\xb0\x00\x00\x00\x00ota nostrum et p'...
32.532 Disassembled: source: 20407, dest: 58987, seq: 92707, ack: 2043469875, window: 5808, data: "ota nostrum et p"...
32.533 Data accepted; writing to file
32.533 Assembling: source: 58987, dest: 20407, seq: 2043469875, ack: 94155, window: 5808, ACK
32.533 Sent: b'\xe6kO\xb7y\xcc\xe03\x00\x01o\xcbP\x10\x16\xb0\x00\x00\x00\x00'
32.536 Received: b'O\xb7\xe6k\x00\x01o\xcby\xcc\xe03P\x10\x16\xb0\x00\x00\x00\x00deseruisse id. P'...
32.537 Disassembled: source: 20407, dest: 58987, seq: 94155, ack: 2043469875, window: 5808, ACK, data: "deseruisse id. P"...
32.537 Error: Incorrect acknowledgement flag
33.034 Sent: b'\xe6kO\xb7y\xcc\xe03\x00\x01o\xcbP\x10\x16\xb0\x00\x00\x00\x00'
33.037 Received: b'O\xb7\xe6k\x00\x01o\xcby\xcc\xe03P\x00\x16\xb0\x00\x00\x00\x00deseruisse id. P'...
33.038 Disassembled: source: 20407, dest: 58987, seq: 94155, ack: 2043469875, window: 5808, data: "deseruisse id. P"...
33.038 Data accepted; writing to file
33.038 Assembling: source: 58987, dest: 20407, seq: 2043469875, ack: 95603, window: 5808, ACK
33.039 Sent: b'\xe6kO\xb7y\xcc\xe03\x00\x01usP\x10\x16\xb0\x00\x00\x00\x00'
33.042 Received: b'O\xb7\xe6k\x00\x01usy\xcc\xe03P\x10\x16\xb0\x00\x00\x00\x00odo munere imper'...
33.042 Disassembled: source: 20407, dest: 58987, seq: 95603, ack: 2043469875, window: 5808, ACK, data: "odo munere imper"...
33.042 Error: Incorrect acknowledgement flag
33.539 Sent: b'\xe6kO\xb7y\xcc\xe03\x00\x01usP\x10\x16\xb0\x00\x00\x00\x00'
33.542 Received: b'O\xb7\xe6k\x00\x01usy\xcc\xe03P\x00\x16\xb0\x00\x00\x00\x00odo munere imper'...
33.543 Disassembled: source: 20407, dest: 58987, seq: 95603, ack: 2043469875, window: 5808, data: "odo munere imper"...
33.543 Data accepted; writing to file
33.543 Assembling: source: 58987, dest: 20407, seq: 2043469875, ack: 97051, window: 5808, ACK
33.543 Sent: b'\xe6kO\xb7y\xcc\xe03\x00\x01{\x1bP\x10\x16\xb0\x00\x00\x00\x00'
33.547 Received: b'O\xb7\xe6k\x00\x01{\x1by\xcc\xe03P\x10\x16\xb0\x00\x00\x00\x00cimates cum, tib'...
33.547 Disassembled: source: 20407, dest: 58987, seq: 97051, ack: 2043469875, window: 5808, ACK, data: "cimates cum, tib"...
33.547 Error: Incorrect acknowledgement flag
34.044 Sent: b'\xe6kO\xb7y\xcc\xe03\x00\x01{\x1bP\x10\x16\xb0\x00\x00\x00\x00'
34.047 Received: b'O\xb7\xe6k\x00\x01{\x1by\xcc\xe03P\x00\x16\xb0\x00\x00\x00\x00cimates cum, tib'...
34.048 Disassembled: source: 20407, dest: 58987, seq: 97051, ack: 2043469875, window: 5808, data: "cimates cum, tib"...
34.048 Data accepted; writing to file
34.048 Assembling: source: 58987, dest: 20407, seq: 2043469875, ack: 98499, window: 5808, ACK
34.049 Sent: b'\xe6kO\xb7y\xcc\xe03\x00\x01\x80\xc3P\x10\x16\xb0\x00\x00\x00\x00'
34.052 Received: b'O\xb7\xe6k\x00\x01\x80\xc3y\xcc\xe03P\x10\x16\xb0\x00\x00\x00\x00tiopam molestiae'...
34.052 Disassembled: source: 20407, dest: 58987, seq: 98499, ack: 2043469875, window: 5808, ACK, data: "tiopam molestiae"...
34.052 Error: Incorrect acknowledgement flag
34.549 Sent: b'\xe6kO\xb7y\xcc\xe03\x00\x01\x80\xc3P\x10\x16\xb0\x00\x00\x00\x00'
34.552 Received: b'O\xb7\xe6k\x00\x01\x80\xc3y\xcc\xe03P\x00\x16\xb0\x00\x00\x00\x00tiopam molestiae'...
34.553 Disassembled: source: 20407, dest: 58987, seq: 98499, ack: 2043469875, window: 5808, data: "tiopam molestiae"...
34.553 Data accepted; writing to file
34.553 Assembling: source: 58987, dest: 20407, seq: 2043469875, ack: 99947, window: 5808, ACK
34.554 Sent: b'\xe6kO\xb7y\xcc\xe03\x00\x01\x86kP\x10\x16\xb0\x00\x00\x00\x00'
34.557 Received: b'O\xb7\xe6k\x00\x01\x86ky\xcc\xe03P\x10\x16\xb0\x00\x00\x00\x00possim qui no, v'...
34.557 Disassembled: source: 20407, dest: 58987, seq: 99947, ack: 2043469875, window: 5808, ACK, data: "possim qui no, v"...
34.557 Error: Incorrect acknowledgement flag
35.054 Sent: b'\xe6kO\xb7y\xcc\xe03\x00\x01\x86kP\x10\x16\xb0\x00\x00\x00\x00'
35.057 Received: b'O\xb7\xe6k\x00\x01\x86ky\xcc\xe03P\x00\x16\xb0\x00\x00\x00\x00possim qui no, v'...
35.058 Disassembled: source: 20407, dest: 58987, seq: 99947, ack: 2043469875, window: 5808, data: "possim qui no, v"...
35.058 Data accepted; writing to file
35.058 Assembling: source: 58987, dest: 20407, seq: 2043469875, ack: 101395, window: 5808, ACK
35.059 Sent: b'\xe6kO\xb7y\xcc\xe03\x00\x01\x8c\x13P\x10\x16\xb0\x00\x00\x00\x00'
35.062 Received: b'O\xb7\xe6k\x00\x01\x8c\x13y\xcc\xe03P\x10\x16\xb0\x00\x00\x00\x00 ex utinam parti'...
35.062 Disassembled: source: 20407, dest: 58987, seq: 101395, ack: 2043469875, window: 5808, ACK, data: " ex utinam parti"...
35.062 Error: Incorrect acknowledgement flag
35.559 Sent: b'\xe6kO\xb7y\xcc\xe03\x00\x01\x8c\x13P\x10\x16\xb0\x00\x00\x00\x00'
35.562 Received: b'O\xb7\xe6k\x00\x01\x8c\x13y\xcc\xe03P\x00\x16\xb0\x00\x00\x00\x00 ex utinam parti'...
35.563 Disassembled: source: 20407, dest: 58987, seq: 101395, ack: 2043469875, window: 5808, data: " ex utinam parti"...
35.563 Data accepted; writing to file
35.563 Assembling: source: 58987, dest: 20407, seq: 2043469875, ack: 102843, window: 5808, ACK
35.563 Sent: b'\xe6kO\xb7y\xcc\xe03\x00\x01\x91\xbbP\x10\x16\xb0\x00\x00\x00\x00'
35.567 Received: b'O\xb7\xe6k\x00\x01\x91\xbby\xcc\xe03P\x10\x16\xb0\x00\x00\x00\x00icus in his. Pri'...
35.567 Disassembled: source: 20407, dest: 58987, seq: 102843, ack: 2043469875, window: 5808, ACK, data: "icus in his. Pri"...
35.567 Error: Incorrect acknowledgement flag
36.064 Sent: b'\xe6kO\xb7y\xcc\xe03\x00\x01\x91\xbbP\x10\x16\xb0\x00\x00\x00\x00'
36.067 Received: b'O\xb7\xe6k\x00\x01\x91\xbby\xcc\xe03P\x00\x16\xb0\x00\x00\x00\x00icus in his. Pri'...
36.067 Disassembled: source: 20407, dest: 58987, seq: 102843, ack: 2043469875, window: 5808, data: "icus in his. Pri"...
36.068 Data accepted; writing to file
36.068 Assembling: source: 58987, dest: 20407, seq: 2043469875, ack: 104291, window: 5808, ACK
36.068 Sent: b'\xe6kO\xb7y\xcc\xe03\x00\x01\x97cP\x10\x16\xb0\x00\x00\x00\x00'
36.071 Received: b'O\xb7\xe6k\x00\x01\x97cy\xcc\xe03P\x10\x16\xb0\x00\x00\x00\x00iis et.\n\nIus cu '...
36.072 Disassembled: source: 20407, dest: 58987, seq: 104291, ack: 2043469875, window: 5808, ACK, data: "iis et.

Ius cu "...
36.072 Error: Incorrect acknowledgement flag
36.569 Sent: b'\xe6kO\xb7y\xcc\xe03\x00\x01\x97cP\x10\x16\xb0\x00\x00\x00\x00'
36.572 Received: b'O\xb7\xe6k\x00\x01\x97cy\xcc\xe03P\x00\x16\xb0\x00\x00\x00\x00iis et.\n\nIus cu '...
36.572 Disassembled: source: 20407, dest: 58987, seq: 104291, ack: 2043469875, window: 5808, data: "iis et.

Ius cu "...
36.573 Data accepted; writing to file
36.573 Assembling: source: 58987, dest: 20407, seq: 2043469875, ack: 105739, window: 5808, ACK
36.573 Sent: b'\xe6kO\xb7y\xcc\xe03\x00\x01\x9d\x0bP\x10\x16\xb0\x00\x00\x00\x00'
36.576 Received: b'O\xb7\xe6k\x00\x01\x9d\x0by\xcc\xe03P\x10\x16\xb0\x00\x00\x00\x00e interesset.\n\nT'...
36.577 Disassembled: source: 20407, dest: 58987, seq: 105739, ack: 2043469875, window: 5808, ACK, data: "e interesset.

T"...
36.577 Error: Incorrect acknowledgement flag
37.074 Sent: b'\xe6kO\xb7y\xcc\xe03\x00\x01\x9d\x0bP\x10\x16\xb0\x00\x00\x00\x00'
37.077 Received: b'O\xb7\xe6k\x00\x01\x9d\x0by\xcc\xe03P\x00\x16\xb0\x00\x00\x00\x00e interesset.\n\nT'...
37.077 Disassembled: source: 20407, dest: 58987, seq: 105739, ack: 2043469875, window: 5808, data: "e interesset.

T"...
37.077 Data accepted; writing to file
37.078 Assembling: source: 58987, dest: 20407, seq: 2043469875, ack: 107187, window: 5808, ACK
37.078 Sent: b'\xe6kO\xb7y\xcc\xe03\x00\x01\xa2\xb3P\x10\x16\xb0\x00\x00\x00\x00'
37.081 Received: b'O\xb7\xe6k\x00\x01\xa2\xb3y\xcc\xe03P\x10\x16\xb0\x00\x00\x00\x00pro alia volutpa'...
37.082 Disassembled: source: 20407, dest: 58987, seq: 107187, ack: 2043469875, window: 5808, ACK, data: "pro alia volutpa"...
37.082 Error: Incorrect acknowledgement flag
37.579 Sent: b'\xe6kO\xb7y\xcc\xe03\x00\x01\xa2\xb3P\x10\x16\xb0\x00\x00\x00\x00'
37.582 Received: b'O\xb7\xe6k\x00\x01\xa2\xb3y\xcc\xe03P\x00\x16\xb0\x00\x00\x00\x00pro alia volutpa'...
37.582 Disassembled: source: 20407, dest: 58987, seq: 107187, ack: 2043469875, window: 5808, data: "pro alia volutpa"...
37.583 Data accepted; writing to file
37.583 Assembling: source: 58987, dest: 20407, seq: 2043469875, ack: 108635, window: 5808, ACK
37.583 Sent: b'\xe6kO\xb7y\xcc\xe03\x00\x01\xa8[P\x10\x16\xb0\x00\x00\x00\x00'
37.586 Received: b'O\xb7\xe6k\x00\x01\xa8[y\xcc\xe03P\x10\x16\xb0\x00\x00\x00\x00 libris equidem '...
37.587 Disassembled: source: 20407, dest: 58987, seq: 108635, ack: 2043469875, window: 5808, ACK, data: " libris equidem "...
37.587 Error: Incorrect acknowledgement flag
38.084 Sent: b'\xe6kO\xb7y\xcc\xe03\x00\x01\xa8[P\x10\x16\xb0\x00\x00\x00\x00'
38.087 Received: b'O\xb7\xe6k\x00\x01\xa8[y\xcc\xe03P\x00\x16\xb0\x00\x00\x00\x00 libris equidem '...
38.088 Disassembled: source: 20407, dest: 58987, seq: 108635, ack: 2043469875, window: 5808, data: " libris equidem "...
38.088 Data accepted; writing to file
38.088 Assembling: source: 58987, dest: 20407, seq: 2043469875, ack: 110083, window: 5808, ACK
38.088 Sent: b'\xe6kO\xb7y\xcc\xe03\x00\x01\xae\x03P\x10\x16\xb0\x00\x00\x00\x00'
38.092 Received: b'O\xb7\xe6k\x00\x01\xae\x03y\xcc\xe03P\x10\x16\xb0\x00\x00\x00\x00uavitate volupta'...
38.092 Disassembled: source: 20407, dest: 58987, seq: 110083, ack: 2043469875, window: 5808, ACK, data: "uavitate volupta"...
38.092 Error: Incorrect acknowledgement flag
38.589 Sent: b'\xe6kO\xb7y\xcc\xe03\x00\x01\xae\x03P\x10\x16\xb0\x00\x00\x00\x00'
38.592 Received: b'O\xb7\xe6k\x00\x01\xae\x03y\xcc\xe03P\x00\x16\xb0\x00\x00\x00\x00uavitate volupta'...
38.593 Disassembled: source: 20407, dest: 58987, seq: 110083, ack: 2043469875, window: 5808, data: "uavitate volupta"...
38.593 Data accepted; writing to file
38.593 Assembling: source: 58987, dest: 20407, seq: 2043469875, ack: 111531, window: 5808, ACK
38.594 Sent: b'\xe6kO\xb7y\xcc\xe03\x00\x01\xb3\xabP\x10\x16\xb0\x00\x00\x00\x00'
38.597 Received: b'O\xb7\xe6k\x00\x01\xb3\xaby\xcc\xe03P\x10\x16\xb0\x00\x00\x00\x00 Detraxit defini'...
38.597 Disassembled: source: 20407, dest: 58987, seq: 111531, ack: 2043469875, window: 5808, ACK, data: " Detraxit defini"...
38.597 Error: Incorrect acknowledgement flag
39.094 Sent: b'\xe6kO\xb7y\xcc\xe03\x00\x01\xb3\xabP\x10\x16\xb0\x00\x00\x00\x00'
39.097 Received: b'O\xb7\xe6k\x00\x01\xb3\xaby\xcc\xe03P\x00\x16\xb0\x00\x00\x00\x00 Detraxit defini'...
39.098 Disassembled: source: 20407, dest: 58987, seq: 111531, ack: 2043469875, window: 5808, data: " Detraxit defini"...
39.098 Data accepted; writing to file
39.098 Assembling: source: 58987, dest: 20407, seq: 2043469875, ack: 112979, window: 5808, ACK
39.099 Sent: b'\xe6kO\xb7y\xcc\xe03\x00\x01\xb9SP\x10\x16\xb0\x00\x00\x00\x00'
39.102 Received: b'O\xb7\xe6k\x00\x01\xb9Sy\xcc\xe03P\x10\x16\xb0\x00\x00\x00\x00aesent mei. Quo '...
39.102 Disassembled: source: 20407, dest: 58987, seq: 112979, ack: 2043469875, window: 5808, ACK, data: "aesent mei. Quo "...
39.102 Error: Incorrect acknowledgement flag
39.599 Sent: b'\xe6kO\xb7y\xcc\xe03\x00\x01\xb9SP\x10\x16\xb0\x00\x00\x00\x00'
39.602 Received: b'O\xb7\xe6k\x00\x01\xb9Sy\xcc\xe03P\x00\x16\xb0\x00\x00\x00\x00aesent mei. Quo '...
39.603 Disassembled: source: 20407, dest: 58987, seq: 112979, ack: 2043469875, window: 5808, data: "aesent mei. Quo "...
39.603 Data accepted; writing to file
39.603 Assembling: source: 58987, dest: 20407, seq: 2043469875, ack: 114427, window: 5808, ACK
39.604 Sent: b'\xe6kO\xb7y\xcc\xe03\x00\x01\xbe\xfbP\x10\x16\xb0\x00\x00\x00\x00'
39.607 Received: b'O\xb7\xe6k\x00\x01\xbe\xfby\xcc\xe03P\x10\x16\xb0\x00\x00\x00\x00nterpretaris no '...
39.607 Disassembled: source: 20407, dest: 58987, seq: 114427, ack: 2043469875, window: 5808, ACK, data: "nterpretaris no "...
39.607 Error: Incorrect acknowledgement flag
40.104 Sent: b'\xe6kO\xb7y\xcc\xe03\x00\x01\xbe\xfbP\x10\x16\xb0\x00\x00\x00\x00'
40.107 Received: b'O\xb7\xe6k\x00\x01\xbe\xfby\xcc\xe03P\x00\x16\xb0\x00\x00\x00\x00nterpretaris no '...
40.108 Disassembled: source: 20407, dest: 58987, seq: 114427, ack: 2043469875, window: 5808, data: "nterpretaris no "...
40.108 Data accepted; writing to file
40.108 Assembling: source: 58987, dest: 20407, seq: 2043469875, ack: 115875, window: 5808, ACK
40.109 Sent: b'\xe6kO\xb7y\xcc\xe03\x00\x01\xc4\xa3P\x10\x16\xb0\x00\x00\x00\x00'
40.112 Received: b'O\xb7\xe6k\x00\x01\xc4\xa3y\xcc\xe03P\x10\x16\xb0\x00\x00\x00\x00patrioque has. I'...
40.112 Disassembled: source: 20407, dest: 58987, seq: 115875, ack: 2043469875, window: 5808, ACK, data: "patrioque has. I"...
40.113 Error: Incorrect acknowledgement flag
40.609 Sent: b'\xe6kO\xb7y\xcc\xe03\x00\x01\xc4\xa3P\x10\x16\xb0\x00\x00\x00\x00'
40.612 Received: b'O\xb7\xe6k\x00\x01\xc4\xa3y\xcc\xe03P\x00\x16\xb0\x00\x00\x00\x00patrioque has. I'...
40.613 Disassembled: source: 20407, dest: 58987, seq: 115875, ack: 2043469875, window: 5808, data: "patrioque has. I"...
40.613 Data accepted; writing to file
40.613 Assembling: source: 58987, dest: 20407, seq: 2043469875, ack: 117323, window: 5808, ACK
40.614 Sent: b'\xe6kO\xb7y\xcc\xe03\x00\x01\xcaKP\x10\x16\xb0\x00\x00\x00\x00'
40.617 Received: b'O\xb7\xe6k\x00\x01\xcaKy\xcc\xe03P\x10\x16\xb0\x00\x00\x00\x00ossit repudianda'...
40.618 Disassembled: source: 20407, dest: 58987, seq: 117323, ack: 2043469875, window: 5808, ACK, data: "ossit repudianda"...
40.618 Error: Incorrect acknowledgement flag
41.114 Sent: b'\xe6kO\xb7y\xcc\xe03\x00\x01\xcaKP\x10\x16\xb0\x00\x00\x00\x00'
41.118 Received: b'O\xb7\xe6k\x00\x01\xcaKy\xcc\xe03P\x00\x16\xb0\x00\x00\x00\x00ossit repudianda'...
41.119 Disassembled: source: 20407, dest: 58987, seq: 117323, ack: 2043469875, window: 5808, data: "ossit repudianda"...
41.119 Data accepted; writing to file
41.119 Assembling: source: 58987, dest: 20407, seq: 2043469875, ack: 118771, window: 5808, ACK
41.119 Sent: b'\xe6kO\xb7y\xcc\xe03\x00\x01\xcf\xf3P\x10\x16\xb0\x00\x00\x00\x00'
41.122 Received: b'O\xb7\xe6k\x00\x01\xcf\xf3y\xcc\xe03P\x10\x16\xb0\x00\x00\x00\x00ora consequuntur'...
41.123 Disassembled: source: 20407, dest: 58987, seq: 118771, ack: 2043469875, window: 5808, ACK, data: "ora consequuntur"...
41.123 Error: Incorrect acknowledgement flag
41.620 Sent: b'\xe6kO\xb7y\xcc\xe03\x00\x01\xcf\xf3P\x10\x16\xb0\x00\x00\x00\x00'
41.623 Received: b'O\xb7\xe6k\x00\x01\xcf\xf3y\xcc\xe03P\x00\x16\xb0\x00\x00\x00\x00ora consequuntur'...
41.624 Disassembled: source: 20407, dest: 58987, seq: 118771, ack: 2043469875, window: 5808, data: "ora consequuntur"...
41.624 Data accepted; writing to file
41.624 Assembling: source: 58987, dest: 20407, seq: 2043469875, ack: 120219, window: 5808, ACK
41.625 Sent: b'\xe6kO\xb7y\xcc\xe03\x00\x01\xd5\x9bP\x10\x16\xb0\x00\x00\x00\x00'
41.628 Received: b'O\xb7\xe6k\x00\x01\xd5\x9by\xcc\xe03P\x10\x16\xb0\x00\x00\x00\x00ctus conceptam a'...
41.628 Disassembled: source: 20407, dest: 58987, seq: 120219, ack: 2043469875, window: 5808, ACK, data: "ctus conceptam a"...
41.628 Error: Incorrect acknowledgement flag
42.125 Sent: b'\xe6kO\xb7y\xcc\xe03\x00\x01\xd5\x9bP\x10\x16\xb0\x00\x00\x00\x00'
42.128 Received: b'O\xb7\xe6k\x00\x01\xd5\x9by\xcc\xe03P\x00\x16\xb0\x00\x00\x00\x00ctus conceptam a'...
42.129 Disassembled: source: 20407, dest: 58987, seq: 120219, ack: 2043469875, window: 5808, data: "ctus conceptam a"...
42.129 Data accepted; writing to file
42.129 Assembling: source: 58987, dest: 20407, seq: 2043469875, ack: 121667, window: 5808, ACK
42.130 Sent: b'\xe6kO\xb7y\xcc\xe03\x00\x01\xdbCP\x10\x16\xb0\x00\x00\x00\x00'
42.133 Received: b'O\xb7\xe6k\x00\x01\xdbCy\xcc\xe03P\x10\x16\xb0\x00\x00\x00\x00 aeterno te, ne '...
42.133 Disassembled: source: 20407, dest: 58987, seq: 121667, ack: 2043469875, window: 5808, ACK, data: " aeterno te, ne "...
42.133 Error: Incorrect acknowledgement flag
42.630 Sent: b'\xe6kO\xb7y\xcc\xe03\x00\x01\xdbCP\x10\x16\xb0\x00\x00\x00\x00'
42.633 Received: b'O\xb7\xe6k\x00\x01\xdbCy\xcc\xe03P\x00\x16\xb0\x00\x00\x00\x00 aeterno te, ne '...
42.634 Disassembled: source: 20407, dest: 58987, seq: 121667, ack: 2043469875, window: 5808, data: " aeterno te, ne "...
42.634 Data accepted; writing to file
42.634 Assembling: source: 58987, dest: 20407, seq: 2043469875, ack: 123115, window: 5808, ACK
42.634 Sent: b'\xe6kO\xb7y\xcc\xe03\x00\x01\xe0\xebP\x10\x16\xb0\x00\x00\x00\x00'
42.637 Received: b'O\xb7\xe6k\x00\x01\xe0\xeby\xcc\xe03P\x10\x16\xb0\x00\x00\x00\x00imis oporteat di'...
42.638 Disassembled: source: 20407, dest: 58987, seq: 123115, ack: 2043469875, window: 5808, ACK, data: "imis oporteat di"...
42.638 Error: Incorrect acknowledgement flag
43.135 Sent: b'\xe6kO\xb7y\xcc\xe03\x00\x01\xe0\xebP\x10\x16\xb0\x00\x00\x00\x00'
43.138 Received: b'O\xb7\xe6k\x00\x01\xe0\xeby\xcc\xe03P\x00\x16\xb0\x00\x00\x00\x00imis oporteat di'...
43.138 Disassembled: source: 20407, dest: 58987, seq: 123115, ack: 2043469875, window: 5808, data: "imis oporteat di"...
43.138 Data accepted; writing to file
43.139 Assembling: source: 58987, dest: 20407, seq: 2043469875, ack: 124563, window: 5808, ACK
43.139 Sent: b'\xe6kO\xb7y\xcc\xe03\x00\x01\xe6\x93P\x10\x16\xb0\x00\x00\x00\x00'
43.142 Received: b'O\xb7\xe6k\x00\x01\xe6\x93y\xcc\xe03P\x10\x16\xb0\x00\x00\x00\x00re. Has virtute '...
43.142 Disassembled: source: 20407, dest: 58987, seq: 124563, ack: 2043469875, window: 5808, ACK, data: "re. Has virtute "...
43.143 Error: Incorrect acknowledgement flag
43.640 Sent: b'\xe6kO\xb7y\xcc\xe03\x00\x01\xe6\x93P\x10\x16\xb0\x00\x00\x00\x00'
43.643 Received: b'O\xb7\xe6k\x00\x01\xe6\x93y\xcc\xe03P\x00\x16\xb0\x00\x00\x00\x00re. Has virtute '...
43.643 Disassembled: source: 20407, dest: 58987, seq: 124563, ack: 2043469875, window: 5808, data: "re. Has virtute "...
43.643 Data accepted; writing to file
43.644 Assembling: source: 58987, dest: 20407, seq: 2043469875, ack: 126011, window: 5808, ACK
43.644 Sent: b'\xe6kO\xb7y\xcc\xe03\x00\x01\xec;P\x10\x16\xb0\x00\x00\x00\x00'
43.647 Received: b'O\xb7\xe6k\x00\x01\xec;y\xcc\xe03P\x10\x16\xb0\x00\x00\x00\x00 eum ancillae no'...
43.648 Disassembled: source: 20407, dest: 58987, seq: 126011, ack: 2043469875, window: 5808, ACK, data: " eum ancillae no"...
43.648 Error: Incorrect acknowledgement flag
44.145 Sent: b'\xe6kO\xb7y\xcc\xe03\x00\x01\xec;P\x10\x16\xb0\x00\x00\x00\x00'
44.148 Received: b'O\xb7\xe6k\x00\x01\xec;y\xcc\xe03P\x00\x16\xb0\x00\x00\x00\x00 eum ancillae no'...
44.148 Disassembled: source: 20407, dest: 58987, seq: 126011, ack: 2043469875, window: 5808, data: " eum ancillae no"...
44.149 Data accepted; writing to file
44.149 Assembling: source: 58987, dest: 20407, seq: 2043469875, ack: 127459, window: 5808, ACK
44.149 Sent: b'\xe6kO\xb7y\xcc\xe03\x00\x01\xf1\xe3P\x10\x16\xb0\x00\x00\x00\x00'
44.152 Received: b'O\xb7\xe6k\x00\x01\xf1\xe3y\xcc\xe03P\x10\x16\xb0\x00\x00\x00\x00ppareat ius. At '...
44.153 Disassembled: source: 20407, dest: 58987, seq: 127459, ack: 2043469875, window: 5808, ACK, data: "ppareat ius. At "...
44.153 Error: Incorrect acknowledgement flag
44.650 Sent: b'\xe6kO\xb7y\xcc\xe03\x00\x01\xf1\xe3P\x10\x16\xb0\x00\x00\x00\x00'
44.653 Received: b'O\xb7\xe6k\x00\x01\xf1\xe3y\xcc\xe03P\x00\x16\xb0\x00\x00\x00\x00ppareat ius. At '...
44.654 Disassembled: source: 20407, dest: 58987, seq: 127459, ack: 2043469875, window: 5808, data: "ppareat ius. At "...
44.654 Data accepted; writing to file
44.654 Assembling: source: 58987, dest: 20407, seq: 2043469875, ack: 128907, window: 5808, ACK
44.655 Sent: b'\xe6kO\xb7y\xcc\xe03\x00\x01\xf7\x8bP\x10\x16\xb0\x00\x00\x00\x00'
44.658 Received: b'O\xb7\xe6k\x00\x01\xf7\x8by\xcc\xe03P\x10\x16\xb0\x00\x00\x00\x00, vero appellant'...
44.658 Disassembled: source: 20407, dest: 58987, seq: 128907, ack: 2043469875, window: 5808, ACK, data: ", vero appellant"...
44.658 Error: Incorrect acknowledgement flag
45.155 Sent: b'\xe6kO\xb7y\xcc\xe03\x00\x01\xf7\x8bP\x10\x16\xb0\x00\x00\x00\x00'
45.159 Received: b'O\xb7\xe6k\x00\x01\xf7\x8by\xcc\xe03P\x00\x16\xb0\x00\x00\x00\x00, vero appellant'...
45.159 Disassembled: source: 20407, dest: 58987, seq: 128907, ack: 2043469875, window: 5808, data: ", vero appellant"...
45.160 Data accepted; writing to file
45.160 Assembling: source: 58987, dest: 20407, seq: 2043469875, ack: 130355, window: 5808, ACK
45.160 Sent: b'\xe6kO\xb7y\xcc\xe03\x00\x01\xfd3P\x10\x16\xb0\x00\x00\x00\x00'
45.163 Received: b'O\xb7\xe6k\x00\x01\xfd3y\xcc\xe03P\x10\x16\xb0\x00\x00\x00\x00ibo quando copio'...
45.164 Disassembled: source: 20407, dest: 58987, seq: 130355, ack: 2043469875, window: 5808, ACK, data: "ibo quando copio"...
45.164 Error: Incorrect acknowledgement flag
45.661 Sent: b'\xe6kO\xb7y\xcc\xe03\x00\x01\xfd3P\x10\x16\xb0\x00\x00\x00\x00'
45.664 Received: b'O\xb7\xe6k\x00\x01\xfd3y\xcc\xe03P\x00\x16\xb0\x00\x00\x00\x00ibo quando copio'...
45.664 Disassembled: source: 20407, dest: 58987, seq: 130355, ack: 2043469875, window: 5808, data: "ibo quando copio"...
45.665 Data accepted; writing to file
45.665 Assembling: source: 58987, dest: 20407, seq: 2043469875, ack: 131803, window: 5808, ACK
45.665 Sent: b'\xe6kO\xb7y\xcc\xe03\x00\x02\x02\xdbP\x10\x16\xb0\x00\x00\x00\x00'
45.668 Received: b'O\xb7\xe6k\x00\x02\x02\xdby\xcc\xe03P\x10\x16\xb0\x00\x00\x00\x00 maluisset. Sit '...
45.669 Disassembled: source: 20407, dest: 58987, seq: 131803, ack: 2043469875, window: 5808, ACK, data: " maluisset. Sit "...
45.669 Error: Incorrect acknowledgement flag
46.166 Sent: b'\xe6kO\xb7y\xcc\xe03\x00\x02\x02\xdbP\x10\x16\xb0\x00\x00\x00\x00'
46.169 Received: b'O\xb7\xe6k\x00\x02\x02\xdby\xcc\xe03P\x00\x16\xb0\x00\x00\x00\x00 maluisset. Sit '...
46.170 Disassembled: source: 20407, dest: 58987, seq: 131803, ack: 2043469875, window: 5808, data: " maluisset. Sit "...
46.170 Data accepted; writing to file
46.170 Assembling: source: 58987, dest: 20407, seq: 2043469875, ack: 133251, window: 5808, ACK
46.171 Sent: b'\xe6kO\xb7y\xcc\xe03\x00\x02\x08\x83P\x10\x16\xb0\x00\x00\x00\x00'
46.174 Received: b'O\xb7\xe6k\x00\x02\x08\x83y\xcc\xe03P\x10\x16\xb0\x00\x00\x00\x00e ceteros albuci'...
46.174 Disassembled: source: 20407, dest: 58987, seq: 133251, ack: 2043469875, window: 5808, ACK, data: "e ceteros albuci"...
46.174 Error: Incorrect acknowledgement flag
46.671 Sent: b'\xe6kO\xb7y\xcc\xe03\x00\x02\x08\x83P\x10\x16\xb0\x00\x00\x00\x00'
46.675 Received: b'O\xb7\xe6k\x00\x02\x08\x83y\xcc\xe03P\x00\x16\xb0\x00\x00\x00\x00e ceteros albuci'...
46.675 Disassembled: source: 20407, dest: 58987, seq: 133251, ack: 2043469875, window: 5808, data: "e ceteros albuci"...
46.675 Data accepted; writing to file
46.675 Assembling: source: 58987, dest: 20407, seq: 2043469875, ack: 134699, window: 5808, ACK
46.676 Sent: b'\xe6kO\xb7y\xcc\xe03\x00\x02\x0e+P\x10\x16\xb0\x00\x00\x00\x00'
46.679 Received: b'O\xb7\xe6k\x00\x02\x0e+y\xcc\xe03P\x10\x16\xb0\x00\x00\x00\x00complectitur sea'...
46.679 Disassembled: source: 20407, dest: 58987, seq: 134699, ack: 2043469875, window: 5808, ACK, data: "complectitur sea"...
46.680 Error: Incorrect acknowledgement flag
47.176 Sent: b'\xe6kO\xb7y\xcc\xe03\x00\x02\x0e+P\x10\x16\xb0\x00\x00\x00\x00'
47.180 Received: b'O\xb7\xe6k\x00\x02\x0e+y\xcc\xe03P\x00\x16\xb0\x00\x00\x00\x00complectitur sea'...
47.180 Disassembled: source: 20407, dest: 58987, seq: 134699, ack: 2043469875, window: 5808, data: "complectitur sea"...
47.180 Data accepted; writing to file
47.181 Assembling: source: 58987, dest: 20407, seq: 2043469875, ack: 136147, window: 5808, ACK
47.181 Sent: b'\xe6kO\xb7y\xcc\xe03\x00\x02\x13\xd3P\x10\x16\xb0\x00\x00\x00\x00'
47.184 Received: b'O\xb7\xe6k\x00\x02\x13\xd3y\xcc\xe03P\x10\x16\xb0\x00\x00\x00\x00tempor ex ius. E'...
47.184 Disassembled: source: 20407, dest: 58987, seq: 136147, ack: 2043469875, window: 5808, ACK, data: "tempor ex ius. E"...
47.185 Error: Incorrect acknowledgement flag
47.681 Sent: b'\xe6kO\xb7y\xcc\xe03\x00\x02\x13\xd3P\x10\x16\xb0\x00\x00\x00\x00'
47.685 Received: b'O\xb7\xe6k\x00\x02\x13\xd3y\xcc\xe03P\x00\x16\xb0\x00\x00\x00\x00tempor ex ius. E'...
47.685 Disassembled: source: 20407, dest: 58987, seq: 136147, ack: 2043469875, window: 5808, data: "tempor ex ius. E"...
47.685 Data accepted; writing to file
47.685 Assembling: source: 58987, dest: 20407, seq: 2043469875, ack: 136241, window: 5808, ACK
47.686 Sent: b'\xe6kO\xb7y\xcc\xe03\x00\x02\x141P\x10\x16\xb0\x00\x00\x00\x00'
48.186 Sent: b'\xe6kO\xb7y\xcc\xe03\x00\x02\x141P\x10\x16\xb0\x00\x00\x00\x00'
48.687 Sent: b'\xe6kO\xb7y\xcc\xe03\x00\x02\x141P\x10\x16\xb0\x00\x00\x00\x00'
49.187 Sent: b'\xe6kO\xb7y\xcc\xe03\x00\x02\x141P\x10\x16\xb0\x00\x00\x00\x00'
49.688 Sent: b'\xe6kO\xb7y\xcc\xe03\x00\x02\x141P\x10\x16\xb0\x00\x00\x00\x00'
50.189 Error: Connection timed out
50.189 Closed connection
50.689 Shutting down
