0.000 NEW RUN: Server, TEST: Write_file__Relaxed
0.213 Received: b'\x15l\xfb\xde\x00\x00\x00\x19\x00\x00\x00\x00P\x02\x05\xa8\x00\x00\x00\x00'
0.213 Disassembled: source: 5484, dest: 64478, seq: 25, window: 1448, SYN
0.214 SYN accepted; new connection: 127.0.0.1 on port 5484
0.214 Assembling: source: 64478, dest: 5484, seq: 1984231190, ack: 26, window: 5808, ACK, SYN
0.214 Sent: b'\xfb\xde\x15lvD\xf7\x16\x00\x00\x00\x1aP\x12\x16\xb0\x00\x00\x00\x00'
0.216 Received: b'\x15l\xfb\xde\x00\x00\x00\x1avD\xf7\x17P\x10\x16\xb0\x00\x00\x00\x00'
0.216 Disassembled: source: 5484, dest: 64478, seq: 26, ack: 1984231191, window: 5808, ACK
0.216 Assembling: source: 64478, dest: 5484, seq: 1984231191, ack: 26, window: 5808, ACK
0.217 Sent: b'\xfb\xde\x15lvD\xf7\x17\x00\x00\x00\x1aP\x10\x16\xb0\x00\x00\x00\x00'
0.217 Received: b'\x15l\xfb\xde\x00\x00\x00\x1avD\xf7\x17P\x10\x16\xb0\x00\x00\x00\x00'
0.217 Disassembled: source: 5484, dest: 64478, seq: 26, ack: 1984231191, window: 5808, ACK
0.217 Assembling: source: 64478, dest: 5484, seq: 1984231191, ack: 26, window: 5808, ACK
0.218 Sent: b'\xfb\xde\x15lvD\xf7\x17\x00\x00\x00\x1aP\x10\x16\xb0\x00\x00\x00\x00'
0.718 Sent: b'\xfb\xde\x15lvD\xf7\x17\x00\x00\x00\x1aP\x10\x16\xb0\x00\x00\x00\x00'
1.218 Sent: b'\xfb\xde\x15lvD\xf7\x17\x00\x00\x00\x1aP\x10\x16\xb0\x00\x00\x00\x00'
1.719 Sent: b'\xfb\xde\x15lvD\xf7\x17\x00\x00\x00\x1aP\x10\x16\xb0\x00\x00\x00\x00'
2.219 Sent: b'\xfb\xde\x15lvD\xf7\x17\x00\x00\x00\x1aP\x10\x16\xb0\x00\x00\x00\x00'
2.719 Error: Connection timed out
2.720 Closed connection
2.720 Shutting down
