0.000 NEW RUN: Server, TEST: Write_file__Latency
0.217 Received: b'h=\xdf^\x00\x00\x00,\x00\x00\x00\x00P\x02\x05\xa8\x00\x00\x00\x00'
0.218 Disassembled: source: 26685, dest: 57182, seq: 44, window: 1448, SYN
0.218 SYN accepted; new connection: 127.0.0.1 on port 26685
0.218 Assembling: source: 57182, dest: 26685, seq: 2194374123, ack: 45, window: 5808, ACK, SYN
0.218 Sent: b'\xdf^h=\x82\xcb}\xeb\x00\x00\x00-P\x12\x16\xb0\x00\x00\x00\x00'
0.719 Sent: b'\xdf^h=\x82\xcb}\xeb\x00\x00\x00-P\x12\x16\xb0\x00\x00\x00\x00'
1.220 Sent: b'\xdf^h=\x82\xcb}\xeb\x00\x00\x00-P\x12\x16\xb0\x00\x00\x00\x00'
1.223 Received: b'h=\xdf^\x00\x00\x00-\x82\xcb}\xecP\x10\x16\xb0\x00\x00\x00\x00'
1.224 Disassembled: source: 26685, dest: 57182, seq: 45, ack: 2194374124, window: 5808, ACK
1.224 Assembling: source: 57182, dest: 26685, seq: 2194374124, ack: 45, window: 5808, ACK
1.225 Sent: b'\xdf^h=\x82\xcb}\xec\x00\x00\x00-P\x10\x16\xb0\x00\x00\x00\x00'
1.226 Received: b'h=\xdf^\x00\x00\x00-\x82\xcb}\xecP\x10\x16\xb0\x00\x00\x00\x00Lorem ipsum dolo'...
1.226 Disassembled: source: 26685, dest: 57182, seq: 45, ack: 2194374124, window: 5808, ACK, data: "Lorem ipsum dolo"...
1.226 Handshake complete
1.226 Data accepted; writing to file
1.227 Assembling: source: 57182, dest: 26685, seq: 2194374124, ack: 1493, window: 5808, ACK
1.227 Sent: b'\xdf^h=\x82\xcb}\xec\x00\x00\x05\xd5P\x10\x16\xb0\x00\x00\x00\x00'
1.723 Received: b'h=\xdf^\x00\x00\x00-\x82\xcb}\xecP\x00\x16\xb0\x00\x00\x00\x00Lorem ipsum dolo'...
1.724 Disassembled: source: 26685, dest: 57182, seq: 45, ack: 2194374124, window: 5808, data: "Lorem ipsum dolo"...
1.724 Old data; ignoring
1.728 Sent: b'\xdf^h=\x82\xcb}\xec\x00\x00\x05\xd5P\x10\x16\xb0\x00\x00\x00\x00'
2.224 Received: b'h=\xdf^\x00\x00\x00-\x82\xcb}\xecP\x10\x16\xb0\x00\x00\x00\x00Lorem ipsum dolo'...
2.224 Disassembled: source: 26685, dest: 57182, seq: 45, ack: 2194374124, window: 5808, ACK, data: "Lorem ipsum dolo"...
2.225 Old data; ignoring
2.228 Received: b'h=\xdf^\x00\x00\x00-\x82\xcb}\xecP\x00\x16\xb0\x00\x00\x00\x00Lorem ipsum dolo'...
2.228 Disassembled: source: 26685, dest: 57182, seq: 45, ack: 2194374124, window: 5808, data: "Lorem ipsum dolo"...
2.229 Old data; ignoring
2.229 Sent: b'\xdf^h=\x82\xcb}\xec\x00\x00\x05\xd5P\x10\x16\xb0\x00\x00\x00\x00'
2.232 Received: b'h=\xdf^\x00\x00\x05\xd5\x82\xcb}\xecP\x10\x16\xb0\x00\x00\x00\x00mprehensam nam, '...
2.232 Disassembled: source: 26685, dest: 57182, seq: 1493, ack: 2194374124, window: 5808, ACK, data: "mprehensam nam, "...
2.232 Error: Incorrect acknowledgement flag
2.730 Sent: b'\xdf^h=\x82\xcb}\xec\x00\x00\x05\xd5P\x10\x16\xb0\x00\x00\x00\x00'
2.732 Received: b'h=\xdf^\x00\x00\x05\xd5\x82\xcb}\xecP\x00\x16\xb0\x00\x00\x00\x00mprehensam nam, '...
2.733 Disassembled: source: 26685, dest: 57182, seq: 1493, ack: 2194374124, window: 5808, data: "mprehensam nam, "...
2.733 Data accepted; writing to file
2.733 Assembling: source: 57182, dest: 26685, seq: 2194374124, ack: 2941, window: 5808, ACK
2.734 Sent: b'\xdf^h=\x82\xcb}\xec\x00\x00\x0b}P\x10\x16\xb0\x00\x00\x00\x00'
3.233 Received: b'h=\xdf^\x00\x00\x05\xd5\x82\xcb}\xecP\x10\x16\xb0\x00\x00\x00\x00mprehensam nam, '...
3.233 Disassembled: source: 26685, dest: 57182, seq: 1493, ack: 2194374124, window: 5808, ACK, data: "mprehensam nam, "...
3.234 Old data; ignoring
3.235 Sent: b'\xdf^h=\x82\xcb}\xec\x00\x00\x0b}P\x10\x16\xb0\x00\x00\x00\x00'
3.734 Received: b'h=\xdf^\x00\x00\x05\xd5\x82\xcb}\xecP\x00\x16\xb0\x00\x00\x00\x00mprehensam nam, '...
3.734 Disassembled: source: 26685, dest: 57182, seq: 1493, ack: 2194374124, window: 5808, data: "mprehensam nam, "...
3.734 Old data; ignoring
3.735 Sent: b'\xdf^h=\x82\xcb}\xec\x00\x00\x0b}P\x10\x16\xb0\x00\x00\x00\x00'
3.739 Received: b'h=\xdf^\x00\x00\x0b}\x82\xcb}\xecP\x10\x16\xb0\x00\x00\x00\x00ilisi repudiare '...
3.739 Disassembled: source: 26685, dest: 57182, seq: 2941, ack: 2194374124, window: 5808, ACK, data: "ilisi repudiare "...
3.739 Error: Incorrect acknowledgement flag
4.236 Sent: b'\xdf^h=\x82\xcb}\xec\x00\x00\x0b}P\x10\x16\xb0\x00\x00\x00\x00'
4.239 Received: b'h=\xdf^\x00\x00\x0b}\x82\xcb}\xecP\x00\x16\xb0\x00\x00\x00\x00ilisi repudiare '...
4.240 Disassembled: source: 26685, dest: 57182, seq: 2941, ack: 2194374124, window: 5808, data: "ilisi repudiare "...
4.240 Data accepted; writing to file
4.240 Assembling: source: 57182, dest: 26685, seq: 2194374124, ack: 3288, window: 5808, ACK
4.241 Sent: b'\xdf^h=\x82\xcb}\xec\x00\x00\x0c\xd8P\x10\x16\xb0\x00\x00\x00\x00'
4.740 Received: b'h=\xdf^\x00\x00\x0b}\x82\xcb}\xecP\x10\x16\xb0\x00\x00\x00\x00ilisi repudiare '...
4.740 Disassembled: source: 26685, dest: 57182, seq: 2941, ack: 2194374124, window: 5808, ACK, data: "ilisi repudiare "...
4.741 Old data; ignoring
4.741 Sent: b'\xdf^h=\x82\xcb}\xec\x00\x00\x0c\xd8P\x10\x16\xb0\x00\x00\x00\x00'
5.240 Received: b'h=\xdf^\x00\x00\x0b}\x82\xcb}\xecP\x00\x16\xb0\x00\x00\x00\x00ilisi repudiare '...
5.241 Disassembled: source: 26685, dest: 57182, seq: 2941, ack: 2194374124, window: 5808, data: "ilisi repudiare "...
5.241 Old data; ignoring
5.242 Sent: b'\xdf^h=\x82\xcb}\xec\x00\x00\x0c\xd8P\x10\x16\xb0\x00\x00\x00\x00'
5.743 Sent: b'\xdf^h=\x82\xcb}\xec\x00\x00\x0c\xd8P\x10\x16\xb0\x00\x00\x00\x00'
6.243 Sent: b'\xdf^h=\x82\xcb}\xec\x00\x00\x0c\xd8P\x10\x16\xb0\x00\x00\x00\x00'
6.744 Error: Connection timed out
6.744 Closed connection
7.243 Shutting down
