0.000 NEW RUN: Server, TEST: Read_file__Single_packet
0.208 Received: b'V\xe4\xe8\xe1\x00\x00\x00E\x00\x00\x00\x00P\x02\x05\xa8\x00\x00\x00\x00'
0.208 Disassembled: source: 22244, dest: 59617, seq: 69, window: 1448, SYN
0.208 SYN accepted; new connection: 127.0.0.1 on port 22244
0.209 Assembling: source: 59617, dest: 22244, seq: 1488404199, ack: 70, window: 1448, ACK, SYN
0.209 Sent: b'\xe8\xe1V\xe4X\xb7>\xe7\x00\x00\x00FP\x12\x05\xa8\x00\x00\x00\x00'
0.211 Received: b'V\xe4\xe8\xe1\x00\x00\x00FX\xb7>\xe8P\x10\x05\xa8\x00\x00\x00\x00'
0.211 Disassembled: source: 22244, dest: 59617, seq: 70, ack: 1488404200, window: 1448, ACK
0.211 Handshake complete
0.212 Acknowledged seq: 1488404199
0.212 Finished reading file
0.212 Assembling: source: 59617, dest: 22244, seq: 1488404200, ack: 71, window: 1448, data: "This file fits i"...
0.212 Sent: b'\xe8\xe1V\xe4X\xb7>\xe8\x00\x00\x00GP\x00\x05\xa8\x00\x00\x00\x00This file fits i'...
0.712 Sent: b'\xe8\xe1V\xe4X\xb7>\xe8\x00\x00\x00GP\x00\x05\xa8\x00\x00\x00\x00This file fits i'...
1.213 Sent: b'\xe8\xe1V\xe4X\xb7>\xe8\x00\x00\x00GP\x00\x05\xa8\x00\x00\x00\x00This file fits i'...
1.713 Sent: b'\xe8\xe1V\xe4X\xb7>\xe8\x00\x00\x00GP\x00\x05\xa8\x00\x00\x00\x00This file fits i'...
2.214 Sent: b'\xe8\xe1V\xe4X\xb7>\xe8\x00\x00\x00GP\x00\x05\xa8\x00\x00\x00\x00This file fits i'...
2.714 Sent: b'\xe8\xe1V\xe4X\xb7>\xe8\x00\x00\x00GP\x00\x05\xa8\x00\x00\x00\x00This file fits i'...
3.215 Error: Connection timed out
3.215 Closed connection
3.215 Shutting down
