0.000 NEW RUN: Server, TEST: Read_file__Small_multi-packet
0.206 Received: b'\xa0Z\x91V\x00\x00\x00C\x00\x00\x00\x00P\x02\x05\xa8\x00\x00\x00\x00'
0.207 Disassembled: source: 41050, dest: 37206, seq: 67, window: 1448, SYN
0.207 SYN accepted; new connection: 127.0.0.1 on port 41050
0.208 Assembling: source: 37206, dest: 41050, seq: 1500458858, ack: 68, window: 1448, ACK, SYN
0.208 Sent: b'\x91V\xa0ZYo/j\x00\x00\x00DP\x12\x05\xa8\x00\x00\x00\x00'
0.209 Received: b'\xa0Z\x91V\x00\x00\x00DYo/kP\x10\x05\xa8\x00\x00\x00\x00'
0.210 Disassembled: source: 41050, dest: 37206, seq: 68, ack: 1500458859, window: 1448, ACK
0.210 Handshake complete
0.210 Acknowledged seq: 1500458858
0.210 Assembling: source: 37206, dest: 41050, seq: 1500458859, ack: 69, window: 1448, data: "Lorem ipsum dolo"...
0.210 Sent: b'\x91V\xa0ZYo/k\x00\x00\x00EP\x00\x05\xa8\x00\x00\x00\x00Lorem ipsum dolo'...
0.711 Sent: b'\x91V\xa0ZYo/k\x00\x00\x00EP\x00\x05\xa8\x00\x00\x00\x00Lorem ipsum dolo'...
1.211 Sent: b'\x91V\xa0ZYo/k\x00\x00\x00EP\x00\x05\xa8\x00\x00\x00\x00Lorem ipsum dolo'...
1.712 Sent: b'\x91V\xa0ZYo/k\x00\x00\x00EP\x00\x05\xa8\x00\x00\x00\x00Lorem ipsum dolo'...
2.212 Sent: b'\x91V\xa0ZYo/k\x00\x00\x00EP\x00\x05\xa8\x00\x00\x00\x00Lorem ipsum dolo'...
2.712 Sent: b'\x91V\xa0ZYo/k\x00\x00\x00EP\x00\x05\xa8\x00\x00\x00\x00Lorem ipsum dolo'...
3.213 Error: Connection timed out
3.213 Closed connection
3.214 Shutting down
