0.000 NEW RUN: Server, TEST: Read_file__Relaxed
0.202 Received: b'\x98\x8aX\xd1\x00\x00\x00O\x00\x00\x00\x00P\x02\x05\xa8\x00\x00\x00\x00'
0.203 Disassembled: source: 39050, dest: 22737, seq: 79, window: 1448, SYN
0.203 SYN accepted; new connection: 127.0.0.1 on port 39050
0.203 Assembling: source: 22737, dest: 39050, seq: 1627688319, ack: 80, window: 1448, ACK, SYN
0.204 Sent: b'X\xd1\x98\x8aa\x04\x8d\x7f\x00\x00\x00PP\x12\x05\xa8\x00\x00\x00\x00'
0.205 Received: b'\x98\x8aX\xd1\x00\x00\x00Pa\x04\x8d\x80P\x10\x05\xa8\x00\x00\x00\x00'
0.206 Disassembled: source: 39050, dest: 22737, seq: 80, ack: 1627688320, window: 1448, ACK
0.206 Handshake complete
0.206 Acknowledged seq: 1627688319
0.206 Finished reading file
0.206 Assembling: source: 22737, dest: 39050, seq: 1627688320, ack: 81, window: 1448, ACK, FIN
0.206 Sent: b'X\xd1\x98\x8aa\x04\x8d\x80\x00\x00\x00QP\x11\x05\xa8\x00\x00\x00\x00'
0.707 Sent: b'X\xd1\x98\x8aa\x04\x8d\x80\x00\x00\x00QP\x11\x05\xa8\x00\x00\x00\x00'
1.207 Sent: b'X\xd1\x98\x8aa\x04\x8d\x80\x00\x00\x00QP\x11\x05\xa8\x00\x00\x00\x00'
1.708 Sent: b'X\xd1\x98\x8aa\x04\x8d\x80\x00\x00\x00QP\x11\x05\xa8\x00\x00\x00\x00'
2.208 Sent: b'X\xd1\x98\x8aa\x04\x8d\x80\x00\x00\x00QP\x11\x05\xa8\x00\x00\x00\x00'
2.708 Sent: b'X\xd1\x98\x8aa\x04\x8d\x80\x00\x00\x00QP\x11\x05\xa8\x00\x00\x00\x00'
3.209 Error: Connection timed out
3.209 Closed connection
3.210 Shutting down
