0.000 NEW RUN: Server, TEST: Write_file__Random_drops
0.212 Received: b'\xf3{<-\x00\x00\x00W\x00\x00\x00\x00P\x02\x05\xa8\x00\x00\x00\x00'
0.213 Disassembled: source: 62331, dest: 15405, seq: 87, window: 1448, SYN
0.213 SYN accepted; new connection: 127.0.0.1 on port 62331
0.213 Assembling: source: 15405, dest: 62331, seq: 1735616222, ack: 88, window: 5808, ACK, SYN
0.213 Sent: b'<-\xf3{gsf\xde\x00\x00\x00XP\x12\x16\xb0\x00\x00\x00\x00'
0.215 Received: b'\xf3{<-\x00\x00\x00Xgsf\xdfP\x10\x16\xb0\x00\x00\x00\x00'
0.215 Disassembled: source: 62331, dest: 15405, seq: 88, ack: 1735616223, window: 5808, ACK
0.216 Assembling: source: 15405, dest: 62331, seq: 1735616223, ack: 88, window: 5808, ACK
0.216 Sent: b'<-\xf3{gsf\xdf\x00\x00\x00XP\x10\x16\xb0\x00\x00\x00\x00'
0.217 Received: b'\xf3{<-\x00\x00\x00Xgsf\xdfP\x10\x16\xb0\x00\x00\x00\x00Lorem ipsum dolo'...
0.217 Disassembled: source: 62331, dest: 15405, seq: 88, ack: 1735616223, window: 5808, ACK, data: "Lorem ipsum dolo"...
0.217 Handshake complete
0.217 Data accepted; writing to file
0.217 Assembling: source: 15405, dest: 62331, seq: 1735616223, ack: 1536, window: 5808, ACK
0.218 Sent: b'<-\xf3{gsf\xdf\x00\x00\x06\x00P\x10\x16\xb0\x00\x00\x00\x00'
0.218 Received: b'\xf3{<-\x00\x00\x00Xgsf\xdfP\x10\x16\xb0\x00\x00\x00\x00Lorem ipsum dolo'...
0.219 Disassembled: source: 62331, dest: 15405, seq: 88, ack: 1735616223, window: 5808, ACK, data: "Lorem ipsum dolo"...
0.219 Old data; ignoring
0.718 Sent: b'<-\xf3{gsf\xdf\x00\x00\x06\x00P\x10\x16\xb0\x00\x00\x00\x00'
1.218 Sent: b'<-\xf3{gsf\xdf\x00\x00\x06\x00P\x10\x16\xb0\x00\x00\x00\x00'
1.719 Sent: b'<-\xf3{gsf\xdf\x00\x00\x06\x00P\x10\x16\xb0\x00\x00\x00\x00'
2.219 Sent: b'<-\xf3{gsf\xdf\x00\x00\x06\x00P\x10\x16\xb0\x00\x00\x00\x00'
2.720 Error: Connection timed out
2.720 Closed connection
2.721 Shutting down
