0.000 NEW RUN: Server, TEST: Write_file__Small_multi-packet
0.222 Received: b'\x89\xd4\xd2-\x00\x00\x00\x17\x00\x00\x00\x00P\x02\x05\xa8\x00\x00\x00\x00'
0.223 Disassembled: source: 35284, dest: 53805, seq: 23, window: 1448, SYN
0.223 SYN accepted; new connection: 127.0.0.1 on port 35284
0.223 Assembling: source: 53805, dest: 35284, seq: 1688884827, ack: 24, window: 5808, ACK, SYN
0.224 Sent: b'\xd2-\x89\xd4d\xaaV[\x00\x00\x00\x18P\x12\x16\xb0\x00\x00\x00\x00'
0.225 Received: b'\x89\xd4\xd2-\x00\x00\x00\x18d\xaaV\\P\x10\x16\xb0\x00\x00\x00\x00'
0.226 Disassembled: source: 35284, dest: 53805, seq: 24, ack: 1688884828, window: 5808, ACK
0.226 Assembling: source: 53805, dest: 35284, seq: 1688884828, ack: 24, window: 5808, ACK
0.226 Sent: b'\xd2-\x89\xd4d\xaaV\\\x00\x00\x00\x18P\x10\x16\xb0\x00\x00\x00\x00'
0.227 Received: b'\x89\xd4\xd2-\x00\x00\x00\x18d\xaaV\\P\x10\x16\xb0\x00\x00\x00\x00Lorem ipsum dolo'...
0.227 Disassembled: source: 35284, dest: 53805, seq: 24, ack: 1688884828, window: 5808, ACK, data: "Lorem ipsum dolo"...
0.227 Handshake complete
0.227 Data accepted; writing to file
0.227 Assembling: source: 53805, dest: 35284, seq: 1688884828, ack: 1472, window: 5808, ACK
0.227 Sent: b'\xd2-\x89\xd4d\xaaV\\\x00\x00\x05\xc0P\x10\x16\xb0\x00\x00\x00\x00'
0.228 Received: b'\x89\xd4\xd2-\x00\x00\x00\x18d\xaaV\\P\x10\x16\xb0\x00\x00\x00\x00Lorem ipsum dolo'...
0.228 Disassembled: source: 35284, dest: 53805, seq: 24, ack: 1688884828, window: 5808, ACK, data: "Lorem ipsum dolo"...
0.228 Old data; ignoring
0.728 Sent: b'\xd2-\x89\xd4d\xaaV\\\x00\x00\x05\xc0P\x10\x16\xb0\x00\x00\x00\x00'
1.228 Sent: b'\xd2-\x89\xd4d\xaaV\\\x00\x00\x05\xc0P\x10\x16\xb0\x00\x00\x00\x00'
1.729 Sent: b'\xd2-\x89\xd4d\xaaV\\\x00\x00\x05\xc0P\x10\x16\xb0\x00\x00\x00\x00'
2.229 Sent: b'\xd2-\x89\xd4d\xaaV\\\x00\x00\x05\xc0P\x10\x16\xb0\x00\x00\x00\x00'
2.729 Error: Connection timed out
2.730 Closed connection
2.731 Shutting down
