0.000 NEW RUN: Server, TEST: Read_file__Large_multi-packet
0.241 Received: b'n+D\x85\x00\x00\x00[\x00\x00\x00\x00P\x02\x05\xa8\x00\x00\x00\x00'
0.241 Disassembled: source: 28203, dest: 17541, seq: 91, window: 1448, SYN
0.241 SYN accepted; new connection: 127.0.0.1 on port 28203
0.241 Assembling: source: 17541, dest: 28203, seq: 437117943, ack: 92, window: 1448, ACK, SYN
0.242 Sent: b'D\x85n+\x1a\r\xe3\xf7\x00\x00\x00\\P\x12\x05\xa8\x00\x00\x00\x00'
0.244 Received: b'n+D\x85\x00\x00\x00\\\x1a\r\xe3\xf8P\x10\x05\xa8\x00\x00\x00\x00'
0.244 Disassembled: source: 28203, dest: 17541, seq: 92, ack: 437117944, window: 1448, ACK
0.244 Handshake complete
0.244 Acknowledged seq: 437117943
0.244 Assembling: source: 17541, dest: 28203, seq: 437117944, ack: 93, window: 1448, data: "Lorem ipsum dolo"...
0.244 Sent: b'D\x85n+\x1a\r\xe3\xf8\x00\x00\x00]P\x00\x05\xa8\x00\x00\x00\x00Lorem ipsum dolo'...
0.246 Received: b'n+D\x85\x00\x00\x00]\x1a\r\xe9\xa0P\x10\x05\xa8\x00\x00\x00\x00'
0.246 Disassembled: source: 28203, dest: 17541, seq: 93, ack: 437119392, window: 1448, ACK
0.246 Acknowledged seq: 437117944
0.246 Assembling: source: 17541, dest: 28203, seq: 437119392, ack: 94, window: 1448, data: "mprehensam nam, "...
0.247 Sent: b'D\x85n+\x1a\r\xe9\xa0\x00\x00\x00^P\x00\x05\xa8\x00\x00\x00\x00mprehensam nam, '...
0.248 Received: b'n+D\x85\x00\x00\x00^\x1a\r\xefHP\x10\x05\xa8\x00\x00\x00\x00'
0.249 Disassembled: source: 28203, dest: 17541, seq: 94, ack: 437120840, window: 1448, ACK
0.249 Acknowledged seq: 437119392
0.249 Assembling: source: 17541, dest: 28203, seq: 437120840, ack: 95, window: 1448, data: "ilisi repudiare "...
0.249 Sent: b'D\x85n+\x1a\r\xefH\x00\x00\x00_P\x00\x05\xa8\x00\x00\x00\x00ilisi repudiare '...
0.251 Received: b'n+D\x85\x00\x00\x00_\x1a\r\xf4\xf0P\x10\x05\xa8\x00\x00\x00\x00'
0.251 Disassembled: source: 28203, dest: 17541, seq: 95, ack: 437122288, window: 1448, ACK
0.251 Acknowledged seq: 437120840
0.251 Assembling: source: 17541, dest: 28203, seq: 437122288, ack: 96, window: 1448, data: "ta.

Et essent s"...
0.251 Sent: b'D\x85n+\x1a\r\xf4\xf0\x00\x00\x00`P\x00\x05\xa8\x00\x00\x00\x00ta.\n\nEt essent s'...
0.253 Received: b'n+D\x85\x00\x00\x00`\x1a\r\xfa\x98P\x10\x05\xa8\x00\x00\x00\x00'
0.253 Disassembled: source: 28203, dest: 17541, seq: 96, ack: 437123736, window: 1448, ACK
0.253 Acknowledged seq: 437122288
0.253 Assembling: source: 17541, dest: 28203, seq: 437123736, ack: 97, window: 1448, data: " Nihil tractatos"...
0.254 Sent: b'D\x85n+\x1a\r\xfa\x98\x00\x00\x00aP\x00\x05\xa8\x00\x00\x00\x00 Nihil tractatos'...
0.255 Received: b'n+D\x85\x00\x00\x00a\x1a\x0e\x00@P\x10\x05\xa8\x00\x00\x00\x00'
0.255 Disassembled: source: 28203, dest: 17541, seq: 97, ack: 437125184, window: 1448, ACK
0.255 Acknowledged seq: 437123736
0.255 Assembling: source: 17541, dest: 28203, seq: 437125184, ack: 98, window: 1448, data: "fert iuvaret sap"...
0.256 Sent: b'D\x85n+\x1a\x0e\x00@\x00\x00\x00bP\x00\x05\xa8\x00\x00\x00\x00fert iuvaret sap'...
0.257 Received: b'n+D\x85\x00\x00\x00b\x1a\x0e\x05\xe8P\x10\x05\xa8\x00\x00\x00\x00'
0.257 Disassembled: source: 28203, dest: 17541, seq: 98, ack: 437126632, window: 1448, ACK
0.257 Acknowledged seq: 437125184
0.257 Assembling: source: 17541, dest: 28203, seq: 437126632, ack: 99, window: 1448, data: "ram adipiscing, "...
0.257 Sent: b'D\x85n+\x1a\x0e\x05\xe8\x00\x00\x00cP\x00\x05\xa8\x00\x00\x00\x00ram adipiscing, '...
0.259 Received: b'n+D\x85\x00\x00\x00c\x1a\x0e\x0b\x90P\x10\x05\xa8\x00\x00\x00\x00'
0.259 Disassembled: source: 28203, dest: 17541, seq: 99, ack: 437128080, window: 1448, ACK
0.259 Acknowledged seq: 437126632
0.259 Assembling: source: 17541, dest: 28203, seq: 437128080, ack: 100, window: 1448, data: "m veritus vivend"...
0.259 Sent: b'D\x85n+\x1a\x0e\x0b\x90\x00\x00\x00dP\x00\x05\xa8\x00\x00\x00\x00m veritus vivend'...
0.260 Received: b'n+D\x85\x00\x00\x00d\x1a\x0e\x118P\x10\x05\xa8\x00\x00\x00\x00'
0.261 Disassembled: source: 28203, dest: 17541, seq: 100, ack: 437129528, window: 1448, ACK
0.261 Acknowledged seq: 437128080
0.261 Assembling: source: 17541, dest: 28203, seq: 437129528, ack: 101, window: 1448, data: " delenit, ignota"...
0.261 Sent: b'D\x85n+\x1a\x0e\x118\x00\x00\x00eP\x00\x05\xa8\x00\x00\x00\x00 delenit, ignota'...
0.263 Received: b'n+D\x85\x00\x00\x00e\x1a\x0e\x16\xe0P\x10\x05\xa8\x00\x00\x00\x00'
0.263 Disassembled: source: 28203, dest: 17541, seq: 101, ack: 437130976, window: 1448, ACK
0.263 Acknowledged seq: 437129528
0.263 Assembling: source: 17541, dest: 28203, seq: 437130976, ack: 102, window: 1448, data: "se explicari des"...
0.263 Sent: b'D\x85n+\x1a\x0e\x16\xe0\x00\x00\x00fP\x00\x05\xa8\x00\x00\x00\x00se explicari des'...
0.264 Received: b'n+D\x85\x00\x00\x00f\x1a\x0e\x1c\x88P\x10\x05\xa8\x00\x00\x00\x00'
0.265 Disassembled: source: 28203, dest: 17541, seq: 102, ack: 437132424, window: 1448, ACK
0.265 Acknowledged seq: 437130976
0.265 Assembling: source: 17541, dest: 28203, seq: 437132424, ack: 103, window: 1448, data: "piscing, in modo"...
0.265 Sent: b'D\x85n+\x1a\x0e\x1c\x88\x00\x00\x00gP\x00\x05\xa8\x00\x00\x00\x00piscing, in modo'...
0.266 Received: b'n+D\x85\x00\x00\x00g\x1a\x0e"0P\x10\x05\xa8\x00\x00\x00\x00'
0.267 Disassembled: source: 28203, dest: 17541, seq: 103, ack: 437133872, window: 1448, ACK
0.267 Acknowledged seq: 437132424
0.267 Assembling: source: 17541, dest: 28203, seq: 437133872, ack: 104, window: 1448, data: "o copiosae tacim"...
0.267 Sent: b'D\x85n+\x1a\x0e"0\x00\x00\x00hP\x00\x05\xa8\x00\x00\x00\x00o copiosae tacim'...
0.268 Received: b"n+D\x85\x00\x00\x00h\x1a\x0e'\xd8P\x10\x05\xa8\x00\x00\x00\x00"
0.269 Disassembled: source: 28203, dest: 17541, seq: 104, ack: 437135320, window: 1448, ACK
0.269 Acknowledged seq: 437133872
0.269 Assembling: source: 17541, dest: 28203, seq: 437135320, ack: 105, window: 1448, data: "am. Pri ne antio"...
0.269 Sent: b"D\x85n+\x1a\x0e'\xd8\x00\x00\x00iP\x00\x05\xa8\x00\x00\x00\x00am. Pri ne antio"...
0.270 Received: b'n+D\x85\x00\x00\x00i\x1a\x0e-\x80P\x10\x05\xa8\x00\x00\x00\x00'
0.270 Disassembled: source: 28203, dest: 17541, seq: 105, ack: 437136768, window: 1448, ACK
0.270 Acknowledged seq: 437135320
0.271 Assembling: source: 17541, dest: 28203, seq: 437136768, ack: 106, window: 1448, data: "to no. Elitr pos"...
0.271 Sent: b'D\x85n+\x1a\x0e-\x80\x00\x00\x00jP\x00\x05\xa8\x00\x00\x00\x00to no. Elitr pos'...
0.272 Received: b'n+D\x85\x00\x00\x00j\x1a\x0e3(P\x10\x05\xa8\x00\x00\x00\x00'
0.272 Disassembled: source: 28203, dest: 17541, seq: 106, ack: 437138216, window: 1448, ACK
0.272 Acknowledged seq: 437136768
0.273 Assembling: source: 17541, dest: 28203, seq: 437138216, ack: 107, window: 1448, data: "pretaris, sea ex"...
0.273 Sent: b'D\x85n+\x1a\x0e3(\x00\x00\x00kP\x00\x05\xa8\x00\x00\x00\x00pretaris, sea ex'...
0.274 Received: b'n+D\x85\x00\x00\x00k\x1a\x0e8\xd0P\x10\x05\xa8\x00\x00\x00\x00'
0.274 Disassembled: source: 28203, dest: 17541, seq: 107, ack: 437139664, window: 1448, ACK
0.274 Acknowledged seq: 437138216
0.275 Assembling: source: 17541, dest: 28203, seq: 437139664, ack: 108, window: 1448, data: "oporteat inimicu"...
0.275 Sent: b'D\x85n+\x1a\x0e8\xd0\x00\x00\x00lP\x00\x05\xa8\x00\x00\x00\x00oporteat inimicu'...
0.276 Received: b'n+D\x85\x00\x00\x00l\x1a\x0e>xP\x10\x05\xa8\x00\x00\x00\x00'
0.276 Disassembled: source: 28203, dest: 17541, seq: 108, ack: 437141112, window: 1448, ACK
0.276 Acknowledged seq: 437139664
0.276 Assembling: source: 17541, dest: 28203, seq: 437141112, ack: 109, window: 1448, data: "ligendi officiis"...
0.277 Sent: b'D\x85n+\x1a\x0e>x\x00\x00\x00mP\x00\x05\xa8\x00\x00\x00\x00ligendi officiis'...
0.278 Received: b'n+D\x85\x00\x00\x00m\x1a\x0eD P\x10\x05\xa8\x00\x00\x00\x00'
0.278 Disassembled: source: 28203, dest: 17541, seq: 109, ack: 437142560, window: 1448, ACK
0.278 Acknowledged seq: 437141112
0.278 Assembling: source: 17541, dest: 28203, seq: 437142560, ack: 110, window: 1448, data: "no vel regione i"...
0.279 Sent: b'D\x85n+\x1a\x0eD \x00\x00\x00nP\x00\x05\xa8\x00\x00\x00\x00no vel regione i'...
0.280 Received: b'n+D\x85\x00\x00\x00n\x1a\x0eI\xc8P\x10\x05\xa8\x00\x00\x00\x00'
0.280 Disassembled: source: 28203, dest: 17541, seq: 110, ack: 437144008, window: 1448, ACK
0.280 Acknowledged seq: 437142560
0.280 Assembling: source: 17541, dest: 28203, seq: 437144008, ack: 111, window: 1448, data: "ibus vis ex, pro"...
0.280 Sent: b'D\x85n+\x1a\x0eI\xc8\x00\x00\x00oP\x00\x05\xa8\x00\x00\x00\x00ibus vis ex, pro'...
0.282 Received: b'n+D\x85\x00\x00\x00o\x1a\x0eOpP\x10\x05\xa8\x00\x00\x00\x00'
0.282 Disassembled: source: 28203, dest: 17541, seq: 111, ack: 437145456, window: 1448, ACK
0.282 Acknowledged seq: 437144008
0.282 Assembling: source: 17541, dest: 28203, seq: 437145456, ack: 112, window: 1448, data: "o vix, mel ea li"...
0.282 Sent: b'D\x85n+\x1a\x0eOp\x00\x00\x00pP\x00\x05\xa8\x00\x00\x00\x00o vix, mel ea li'...
0.283 Received: b'n+D\x85\x00\x00\x00p\x1a\x0eU\x18P\x10\x05\xa8\x00\x00\x00\x00'
0.284 Disassembled: source: 28203, dest: 17541, seq: 112, ack: 437146904, window: 1448, ACK
0.284 Acknowledged seq: 437145456
0.284 Assembling: source: 17541, dest: 28203, seq: 437146904, ack: 113, window: 1448, data: "d. Ex fugit suav"...
0.284 Sent: b'D\x85n+\x1a\x0eU\x18\x00\x00\x00qP\x00\x05\xa8\x00\x00\x00\x00d. Ex fugit suav'...
0.285 Received: b'n+D\x85\x00\x00\x00q\x1a\x0eZ\xc0P\x10\x05\xa8\x00\x00\x00\x00'
0.286 Disassembled: source: 28203, dest: 17541, seq: 113, ack: 437148352, window: 1448, ACK
0.286 Acknowledged seq: 437146904
0.286 Assembling: source: 17541, dest: 28203, seq: 437148352, ack: 114, window: 1448, data: "pertinax nec. De"...
0.286 Sent: b'D\x85n+\x1a\x0eZ\xc0\x00\x00\x00rP\x00\x05\xa8\x00\x00\x00\x00pertinax nec. De'...
0.287 Received: b'n+D\x85\x00\x00\x00r\x1a\x0e`hP\x10\x05\xa8\x00\x00\x00\x00'
0.287 Disassembled: source: 28203, dest: 17541, seq: 114, ack: 437149800, window: 1448, ACK
0.288 Acknowledged seq: 437148352
0.288 Assembling: source: 17541, dest: 28203, seq: 437149800, ack: 115, window: 1448, data: "lli primis praes"...
0.288 Sent: b'D\x85n+\x1a\x0e`h\x00\x00\x00sP\x00\x05\xa8\x00\x00\x00\x00lli primis praes'...
0.289 Received: b'n+D\x85\x00\x00\x00s\x1a\x0ef\x10P\x10\x05\xa8\x00\x00\x00\x00'
0.289 Disassembled: source: 28203, dest: 17541, seq: 115, ack: 437151248, window: 1448, ACK
0.290 Acknowledged seq: 437149800
0.290 Assembling: source: 17541, dest: 28203, seq: 437151248, ack: 116, window: 1448, data: "m, percipit inte"...
0.290 Sent: b'D\x85n+\x1a\x0ef\x10\x00\x00\x00tP\x00\x05\xa8\x00\x00\x00\x00m, percipit inte'...
0.291 Received: b'n+D\x85\x00\x00\x00t\x1a\x0ek\xb8P\x10\x05\xa8\x00\x00\x00\x00'
0.291 Disassembled: source: 28203, dest: 17541, seq: 116, ack: 437152696, window: 1448, ACK
0.292 Acknowledged seq: 437151248
0.292 Assembling: source: 17541, dest: 28203, seq: 437152696, ack: 117, window: 1448, data: "nani docendi pat"...
0.292 Sent: b'D\x85n+\x1a\x0ek\xb8\x00\x00\x00uP\x00\x05\xa8\x00\x00\x00\x00nani docendi pat'...
0.293 Received: b'n+D\x85\x00\x00\x00u\x1a\x0eq`P\x10\x05\xa8\x00\x00\x00\x00'
0.293 Disassembled: source: 28203, dest: 17541, seq: 117, ack: 437154144, window: 1448, ACK
0.293 Acknowledged seq: 437152696
0.294 Assembling: source: 17541, dest: 28203, seq: 437154144, ack: 118, window: 1448, data: " vis decore poss"...
0.294 Sent: b'D\x85n+\x1a\x0eq`\x00\x00\x00vP\x00\x05\xa8\x00\x00\x00\x00 vis decore poss'...
0.295 Received: b'n+D\x85\x00\x00\x00v\x1a\x0ew\x08P\x10\x05\xa8\x00\x00\x00\x00'
0.295 Disassembled: source: 28203, dest: 17541, seq: 118, ack: 437155592, window: 1448, ACK
0.295 Acknowledged seq: 437154144
0.296 Assembling: source: 17541, dest: 28203, seq: 437155592, ack: 119, window: 1448, data: "eam odio corpora"...
0.296 Sent: b'D\x85n+\x1a\x0ew\x08\x00\x00\x00wP\x00\x05\xa8\x00\x00\x00\x00eam odio corpora'...
0.297 Received: b'n+D\x85\x00\x00\x00w\x1a\x0e|\xb0P\x10\x05\xa8\x00\x00\x00\x00'
0.297 Disassembled: source: 28203, dest: 17541, seq: 119, ack: 437157040, window: 1448, ACK
0.297 Acknowledged seq: 437155592
0.297 Assembling: source: 17541, dest: 28203, seq: 437157040, ack: 120, window: 1448, data: " est. Usu sanctu"...
0.298 Sent: b'D\x85n+\x1a\x0e|\xb0\x00\x00\x00xP\x00\x05\xa8\x00\x00\x00\x00 est. Usu sanctu'...
0.299 Received: b'n+D\x85\x00\x00\x00x\x1a\x0e\x82XP\x10\x05\xa8\x00\x00\x00\x00'
0.299 Disassembled: source: 28203, dest: 17541, seq: 120, ack: 437158488, window: 1448, ACK
0.299 Acknowledged seq: 437157040
0.300 Assembling: source: 17541, dest: 28203, seq: 437158488, ack: 121, window: 1448, data: ".

Mei graeco ae"...
0.300 Sent: b'D\x85n+\x1a\x0e\x82X\x00\x00\x00yP\x00\x05\xa8\x00\x00\x00\x00.\n\nMei graeco ae'...
0.301 Received: b'n+D\x85\x00\x00\x00y\x1a\x0e\x88\x00P\x10\x05\xa8\x00\x00\x00\x00'
0.301 Disassembled: source: 28203, dest: 17541, seq: 121, ack: 437159936, window: 1448, ACK
0.301 Acknowledged seq: 437158488
0.301 Assembling: source: 17541, dest: 28203, seq: 437159936, ack: 122, window: 1448, data: "et. Ne sea primi"...
0.302 Sent: b'D\x85n+\x1a\x0e\x88\x00\x00\x00\x00zP\x00\x05\xa8\x00\x00\x00\x00et. Ne sea primi'...
0.303 Received: b'n+D\x85\x00\x00\x00z\x1a\x0e\x8d\xa8P\x10\x05\xa8\x00\x00\x00\x00'
0.303 Disassembled: source: 28203, dest: 17541, seq: 122, ack: 437161384, window: 1448, ACK
0.303 Acknowledged seq: 437159936
0.303 Assembling: source: 17541, dest: 28203, seq: 437161384, ack: 123, window: 1448, data: "ittam convenire."...
0.304 Sent: b'D\x85n+\x1a\x0e\x8d\xa8\x00\x00\x00{P\x00\x05\xa8\x00\x00\x00\x00ittam convenire.'...
0.305 Received: b'n+D\x85\x00\x00\x00{\x1a\x0e\x93PP\x10\x05\xa8\x00\x00\x00\x00'
0.305 Disassembled: source: 28203, dest: 17541, seq: 123, ack: 437162832, window: 1448, ACK
0.305 Acknowledged seq: 437161384
0.305 Assembling: source: 17541, dest: 28203, seq: 437162832, ack: 124, window: 1448, data: "ua et vis, id eu"...
0.305 Sent: b'D\x85n+\x1a\x0e\x93P\x00\x00\x00|P\x00\x05\xa8\x00\x00\x00\x00ua et vis, id eu'...
0.307 Received: b'n+D\x85\x00\x00\x00|\x1a\x0e\x98\xf8P\x10\x05\xa8\x00\x00\x00\x00'
0.307 Disassembled: source: 28203, dest: 17541, seq: 124, ack: 437164280, window: 1448, ACK
0.307 Acknowledged seq: 437162832
0.307 Assembling: source: 17541, dest: 28203, seq: 437164280, ack: 125, window: 1448, data: "r. Et velit appa"...
0.307 Sent: b'D\x85n+\x1a\x0e\x98\xf8\x00\x00\x00}P\x00\x05\xa8\x00\x00\x00\x00r. Et velit appa'...
0.309 Received: b'n+D\x85\x00\x00\x00}\x1a\x0e\x9e\xa0P\x10\x05\xa8\x00\x00\x00\x00'
0.309 Disassembled: source: 28203, dest: 17541, seq: 125, ack: 437165728, window: 1448, ACK
0.309 Acknowledged seq: 437164280
0.309 Assembling: source: 17541, dest: 28203, seq: 437165728, ack: 126, window: 1448, data: " novum laudem, v"...
0.309 Sent: b'D\x85n+\x1a\x0e\x9e\xa0\x00\x00\x00~P\x00\x05\xa8\x00\x00\x00\x00 novum laudem, v'...
0.310 Received: b'n+D\x85\x00\x00\x00~\x1a\x0e\xa4HP\x10\x05\xa8\x00\x00\x00\x00'
0.311 Disassembled: source: 28203, dest: 17541, seq: 126, ack: 437167176, window: 1448, ACK
0.311 Acknowledged seq: 437165728
0.311 Assembling: source: 17541, dest: 28203, seq: 437167176, ack: 127, window: 1448, data: "luptatibus, cibo"...
0.311 Sent: b'D\x85n+\x1a\x0e\xa4H\x00\x00\x00\x7fP\x00\x05\xa8\x00\x00\x00\x00luptatibus, cibo'...
0.312 Received: b'n+D\x85\x00\x00\x00\x7f\x1a\x0e\xa9\xf0P\x10\x05\xa8\x00\x00\x00\x00'
0.313 Disassembled: source: 28203, dest: 17541, seq: 127, ack: 437168624, window: 1448, ACK
0.313 Acknowledged seq: 437167176
0.313 Assembling: source: 17541, dest: 28203, seq: 437168624, ack: 128, window: 1448, data: "alii indoctum ma"...
0.313 Sent: b'D\x85n+\x1a\x0e\xa9\xf0\x00\x00\x00\x80P\x00\x05\xa8\x00\x00\x00\x00alii indoctum ma'...
0.314 Received: b'n+D\x85\x00\x00\x00\x80\x1a\x0e\xaf\x98P\x10\x05\xa8\x00\x00\x00\x00'
0.315 Disassembled: source: 28203, dest: 17541, seq: 128, ack: 437170072, window: 1448, ACK
0.315 Acknowledged seq: 437168624
0.315 Assembling: source: 17541, dest: 28203, seq: 437170072, ack: 129, window: 1448, data: "im, his facete c"...
0.315 Sent: b'D\x85n+\x1a\x0e\xaf\x98\x00\x00\x00\x81P\x00\x05\xa8\x00\x00\x00\x00im, his facete c'...
0.316 Received: b'n+D\x85\x00\x00\x00\x81\x1a\x0e\xb5@P\x10\x05\xa8\x00\x00\x00\x00'
0.316 Disassembled: source: 28203, dest: 17541, seq: 129, ack: 437171520, window: 1448, ACK
0.317 Acknowledged seq: 437170072
0.317 Assembling: source: 17541, dest: 28203, seq: 437171520, ack: 130, window: 1448, data: "e alia dolor com"...
0.317 Sent: b'D\x85n+\x1a\x0e\xb5@\x00\x00\x00\x82P\x00\x05\xa8\x00\x00\x00\x00e alia dolor com'...
0.318 Received: b'n+D\x85\x00\x00\x00\x82\x1a\x0e\xba\xe8P\x10\x05\xa8\x00\x00\x00\x00'
0.319 Disassembled: source: 28203, dest: 17541, seq: 130, ack: 437172968, window: 1448, ACK
0.319 Acknowledged seq: 437171520
0.319 Assembling: source: 17541, dest: 28203, seq: 437172968, ack: 131, window: 1448, data: "it ea, reque tem"...
0.319 Sent: b'D\x85n+\x1a\x0e\xba\xe8\x00\x00\x00\x83P\x00\x05\xa8\x00\x00\x00\x00it ea, reque tem'...
0.320 Received: b'n+D\x85\x00\x00\x00\x83\x1a\x0e\xc0\x90P\x10\x05\xa8\x00\x00\x00\x00'
0.320 Disassembled: source: 28203, dest: 17541, seq: 131, ack: 437174416, window: 1448, ACK
0.321 Acknowledged seq: 437172968
0.321 Assembling: source: 17541, dest: 28203, seq: 437174416, ack: 132, window: 1448, data: "alisque.

Equide"...
0.321 Sent: b'D\x85n+\x1a\x0e\xc0\x90\x00\x00\x00\x84P\x00\x05\xa8\x00\x00\x00\x00alisque.\n\nEquide'...
0.322 Received: b'n+D\x85\x00\x00\x00\x84\x1a\x0e\xc68P\x10\x05\xa8\x00\x00\x00\x00'
0.322 Disassembled: source: 28203, dest: 17541, seq: 132, ack: 437175864, window: 1448, ACK
0.323 Acknowledged seq: 437174416
0.323 Assembling: source: 17541, dest: 28203, seq: 437175864, ack: 133, window: 1448, data: "finitiones, affe"...
0.323 Sent: b'D\x85n+\x1a\x0e\xc68\x00\x00\x00\x85P\x00\x05\xa8\x00\x00\x00\x00finitiones, affe'...
0.324 Received: b'n+D\x85\x00\x00\x00\x85\x1a\x0e\xcb\xe0P\x10\x05\xa8\x00\x00\x00\x00'
0.324 Disassembled: source: 28203, dest: 17541, seq: 133, ack: 437177312, window: 1448, ACK
0.325 Acknowledged seq: 437175864
0.325 Assembling: source: 17541, dest: 28203, seq: 437177312, ack: 134, window: 1448, data: "his duis graeco "...
0.325 Sent: b'D\x85n+\x1a\x0e\xcb\xe0\x00\x00\x00\x86P\x00\x05\xa8\x00\x00\x00\x00his duis graeco '...
0.326 Received: b'n+D\x85\x00\x00\x00\x86\x1a\x0e\xd1\x88P\x10\x05\xa8\x00\x00\x00\x00'
0.326 Disassembled: source: 28203, dest: 17541, seq: 134, ack: 437178760, window: 1448, ACK
0.327 Acknowledged seq: 437177312
0.327 Assembling: source: 17541, dest: 28203, seq: 437178760, ack: 135, window: 1448, data: "am. Alia possit "...
0.327 Sent: b'D\x85n+\x1a\x0e\xd1\x88\x00\x00\x00\x87P\x00\x05\xa8\x00\x00\x00\x00am. Alia possit '...
0.328 Received: b'n+D\x85\x00\x00\x00\x87\x1a\x0e\xd70P\x10\x05\xa8\x00\x00\x00\x00'
0.328 Disassembled: source: 28203, dest: 17541, seq: 135, ack: 437180208, window: 1448, ACK
0.328 Acknowledged seq: 437178760
0.328 Assembling: source: 17541, dest: 28203, seq: 437180208, ack: 136, window: 1448, data: "cum an. Mei faci"...
0.329 Sent: b'D\x85n+\x1a\x0e\xd70\x00\x00\x00\x88P\x00\x05\xa8\x00\x00\x00\x00cum an. Mei faci'...
0.330 Received: b'n+D\x85\x00\x00\x00\x88\x1a\x0e\xdc\xd8P\x10\x05\xa8\x00\x00\x00\x00'
0.330 Disassembled: source: 28203, dest: 17541, seq: 136, ack: 437181656, window: 1448, ACK
0.330 Acknowledged seq: 437180208
0.330 Assembling: source: 17541, dest: 28203, seq: 437181656, ack: 137, window: 1448, data: " vis adhuc tatio"...
0.331 Sent: b'D\x85n+\x1a\x0e\xdc\xd8\x00\x00\x00\x89P\x00\x05\xa8\x00\x00\x00\x00 vis adhuc tatio'...
0.332 Received: b'n+D\x85\x00\x00\x00\x89\x1a\x0e\xe2\x80P\x10\x05\xa8\x00\x00\x00\x00'
0.332 Disassembled: source: 28203, dest: 17541, seq: 137, ack: 437183104, window: 1448, ACK
0.332 Acknowledged seq: 437181656
0.332 Assembling: source: 17541, dest: 28203, seq: 437183104, ack: 138, window: 1448, data: "im eu option iuv"...
0.332 Sent: b'D\x85n+\x1a\x0e\xe2\x80\x00\x00\x00\x8aP\x00\x05\xa8\x00\x00\x00\x00im eu option iuv'...
0.334 Received: b'n+D\x85\x00\x00\x00\x8a\x1a\x0e\xe8(P\x10\x05\xa8\x00\x00\x00\x00'
0.334 Disassembled: source: 28203, dest: 17541, seq: 138, ack: 437184552, window: 1448, ACK
0.334 Acknowledged seq: 437183104
0.334 Assembling: source: 17541, dest: 28203, seq: 437184552, ack: 139, window: 1448, data: "ex epicurei taci"...
0.334 Sent: b'D\x85n+\x1a\x0e\xe8(\x00\x00\x00\x8bP\x00\x05\xa8\x00\x00\x00\x00ex epicurei taci'...
0.336 Received: b'n+D\x85\x00\x00\x00\x8b\x1a\x0e\xed\xd0P\x10\x05\xa8\x00\x00\x00\x00'
0.336 Disassembled: source: 28203, dest: 17541, seq: 139, ack: 437186000, window: 1448, ACK
0.336 Acknowledged seq: 437184552
0.336 Assembling: source: 17541, dest: 28203, seq: 437186000, ack: 140, window: 1448, data: "ebat, eu pro ero"...
0.336 Sent: b'D\x85n+\x1a\x0e\xed\xd0\x00\x00\x00\x8cP\x00\x05\xa8\x00\x00\x00\x00ebat, eu pro ero'...
0.337 Received: b'n+D\x85\x00\x00\x00\x8c\x1a\x0e\xf3xP\x10\x05\xa8\x00\x00\x00\x00'
0.338 Disassembled: source: 28203, dest: 17541, seq: 140, ack: 437187448, window: 1448, ACK
0.338 Acknowledged seq: 437186000
0.338 Assembling: source: 17541, dest: 28203, seq: 437187448, ack: 141, window: 1448, data: "s. Per no sale v"...
0.338 Sent: b'D\x85n+\x1a\x0e\xf3x\x00\x00\x00\x8dP\x00\x05\xa8\x00\x00\x00\x00s. Per no sale v'...
0.339 Received: b'n+D\x85\x00\x00\x00\x8d\x1a\x0e\xf9 P\x10\x05\xa8\x00\x00\x00\x00'
0.340 Disassembled: source: 28203, dest: 17541, seq: 141, ack: 437188896, window: 1448, ACK
0.340 Acknowledged seq: 437187448
0.340 Assembling: source: 17541, dest: 28203, seq: 437188896, ack: 142, window: 1448, data: "orrupte ea mel. "...
0.340 Sent: b'D\x85n+\x1a\x0e\xf9 \x00\x00\x00\x8eP\x00\x05\xa8\x00\x00\x00\x00orrupte ea mel. '...
0.341 Received: b'n+D\x85\x00\x00\x00\x8e\x1a\x0e\xfe\xc8P\x10\x05\xa8\x00\x00\x00\x00'
0.341 Disassembled: source: 28203, dest: 17541, seq: 142, ack: 437190344, window: 1448, ACK
0.342 Acknowledged seq: 437188896
0.342 Assembling: source: 17541, dest: 28203, seq: 437190344, ack: 143, window: 1448, data: ". Est iracundia "...
0.342 Sent: b'D\x85n+\x1a\x0e\xfe\xc8\x00\x00\x00\x8fP\x00\x05\xa8\x00\x00\x00\x00. Est iracundia '...
0.343 Received: b'n+D\x85\x00\x00\x00\x8f\x1a\x0f\x04pP\x10\x05\xa8\x00\x00\x00\x00'
0.343 Disassembled: source: 28203, dest: 17541, seq: 143, ack: 437191792, window: 1448, ACK
0.343 Acknowledged seq: 437190344
0.344 Assembling: source: 17541, dest: 28203, seq: 437191792, ack: 144, window: 1448, data: "pta probatus scr"...
0.344 Sent: b'D\x85n+\x1a\x0f\x04p\x00\x00\x00\x90P\x00\x05\xa8\x00\x00\x00\x00pta probatus scr'...
0.345 Received: b'n+D\x85\x00\x00\x00\x90\x1a\x0f\n\x18P\x10\x05\xa8\x00\x00\x00\x00'
0.345 Disassembled: source: 28203, dest: 17541, seq: 144, ack: 437193240, window: 1448, ACK
0.345 Acknowledged seq: 437191792
0.345 Assembling: source: 17541, dest: 28203, seq: 437193240, ack: 145, window: 1448, data: "entur ei, pro ei"...
0.346 Sent: b'D\x85n+\x1a\x0f\n\x18\x00\x00\x00\x91P\x00\x05\xa8\x00\x00\x00\x00entur ei, pro ei'...
0.347 Received: b'n+D\x85\x00\x00\x00\x91\x1a\x0f\x0f\xc0P\x10\x05\xa8\x00\x00\x00\x00'
0.347 Disassembled: source: 28203, dest: 17541, seq: 145, ack: 437194688, window: 1448, ACK
0.347 Acknowledged seq: 437193240
0.347 Assembling: source: 17541, dest: 28203, seq: 437194688, ack: 146, window: 1448, data: "simul euismod vi"...
0.348 Sent: b'D\x85n+\x1a\x0f\x0f\xc0\x00\x00\x00\x92P\x00\x05\xa8\x00\x00\x00\x00simul euismod vi'...
0.349 Received: b'n+D\x85\x00\x00\x00\x92\x1a\x0f\x15hP\x10\x05\xa8\x00\x00\x00\x00'
0.349 Disassembled: source: 28203, dest: 17541, seq: 146, ack: 437196136, window: 1448, ACK
0.349 Acknowledged seq: 437194688
0.349 Assembling: source: 17541, dest: 28203, seq: 437196136, ack: 147, window: 1448, data: ", eam id iudico "...
0.350 Sent: b'D\x85n+\x1a\x0f\x15h\x00\x00\x00\x93P\x00\x05\xa8\x00\x00\x00\x00, eam id iudico '...
0.351 Received: b'n+D\x85\x00\x00\x00\x93\x1a\x0f\x1b\x10P\x10\x05\xa8\x00\x00\x00\x00'
0.351 Disassembled: source: 28203, dest: 17541, seq: 147, ack: 437197584, window: 1448, ACK
0.351 Acknowledged seq: 437196136
0.351 Assembling: source: 17541, dest: 28203, seq: 437197584, ack: 148, window: 1448, data: "m vix. Ea est mu"...
0.352 Sent: b'D\x85n+\x1a\x0f\x1b\x10\x00\x00\x00\x94P\x00\x05\xa8\x00\x00\x00\x00m vix. Ea est mu'...
0.353 Received: b'n+D\x85\x00\x00\x00\x94\x1a\x0f \xb8P\x10\x05\xa8\x00\x00\x00\x00'
0.353 Disassembled: source: 28203, dest: 17541, seq: 148, ack: 437199032, window: 1448, ACK
0.353 Acknowledged seq: 437197584
0.353 Assembling: source: 17541, dest: 28203, seq: 437199032, ack: 149, window: 1448, data: "olor sit amet, e"...
0.353 Sent: b'D\x85n+\x1a\x0f \xb8\x00\x00\x00\x95P\x00\x05\xa8\x00\x00\x00\x00olor sit amet, e'...
0.356 Received: b'n+D\x85\x00\x00\x00\x95\x1a\x0f&`P\x10\x05\xa8\x00\x00\x00\x00'
0.357 Disassembled: source: 28203, dest: 17541, seq: 149, ack: 437200480, window: 1448, ACK
0.357 Acknowledged seq: 437199032
0.357 Assembling: source: 17541, dest: 28203, seq: 437200480, ack: 150, window: 1448, data: "m, aperiam iudic"...
0.357 Sent: b'D\x85n+\x1a\x0f&`\x00\x00\x00\x96P\x00\x05\xa8\x00\x00\x00\x00m, aperiam iudic'...
0.359 Received: b'n+D\x85\x00\x00\x00\x96\x1a\x0f,\x08P\x10\x05\xa8\x00\x00\x00\x00'
0.359 Disassembled: source: 28203, dest: 17541, seq: 150, ack: 437201928, window: 1448, ACK
0.359 Acknowledged seq: 437200480
0.359 Assembling: source: 17541, dest: 28203, seq: 437201928, ack: 151, window: 1448, data: "re sea. No eos d"...
0.360 Sent: b'D\x85n+\x1a\x0f,\x08\x00\x00\x00\x97P\x00\x05\xa8\x00\x00\x00\x00re sea. No eos d'...
0.361 Received: b'n+D\x85\x00\x00\x00\x97\x1a\x0f1\xb0P\x10\x05\xa8\x00\x00\x00\x00'
0.361 Disassembled: source: 28203, dest: 17541, seq: 151, ack: 437203376, window: 1448, ACK
0.361 Acknowledged seq: 437201928
0.362 Assembling: source: 17541, dest: 28203, seq: 437203376, ack: 152, window: 1448, data: "t scripta philos"...
0.362 Sent: b'D\x85n+\x1a\x0f1\xb0\x00\x00\x00\x98P\x00\x05\xa8\x00\x00\x00\x00t scripta philos'...
0.364 Received: b'n+D\x85\x00\x00\x00\x98\x1a\x0f7XP\x10\x05\xa8\x00\x00\x00\x00'
0.364 Disassembled: source: 28203, dest: 17541, seq: 152, ack: 437204824, window: 1448, ACK
0.364 Acknowledged seq: 437203376
0.364 Assembling: source: 17541, dest: 28203, seq: 437204824, ack: 153, window: 1448, data: "tos sadipscing e"...
0.364 Sent: b'D\x85n+\x1a\x0f7X\x00\x00\x00\x99P\x00\x05\xa8\x00\x00\x00\x00tos sadipscing e'...
0.366 Received: b'n+D\x85\x00\x00\x00\x99\x1a\x0f=\x00P\x10\x05\xa8\x00\x00\x00\x00'
0.366 Disassembled: source: 28203, dest: 17541, seq: 153, ack: 437206272, window: 1448, ACK
0.366 Acknowledged seq: 437204824
0.366 Assembling: source: 17541, dest: 28203, seq: 437206272, ack: 154, window: 1448, data: "sapientem ea, ad"...
0.366 Sent: b'D\x85n+\x1a\x0f=\x00\x00\x00\x00\x9aP\x00\x05\xa8\x00\x00\x00\x00sapientem ea, ad'...
0.368 Received: b'n+D\x85\x00\x00\x00\x9a\x1a\x0fB\xa8P\x10\x05\xa8\x00\x00\x00\x00'
0.368 Disassembled: source: 28203, dest: 17541, seq: 154, ack: 437207720, window: 1448, ACK
0.368 Acknowledged seq: 437206272
0.368 Assembling: source: 17541, dest: 28203, seq: 437207720, ack: 155, window: 1448, data: "g, ei invenire p"...
0.369 Sent: b'D\x85n+\x1a\x0fB\xa8\x00\x00\x00\x9bP\x00\x05\xa8\x00\x00\x00\x00g, ei invenire p'...
0.370 Received: b'n+D\x85\x00\x00\x00\x9b\x1a\x0fHPP\x10\x05\xa8\x00\x00\x00\x00'
0.370 Disassembled: source: 28203, dest: 17541, seq: 155, ack: 437209168, window: 1448, ACK
0.370 Acknowledged seq: 437207720
0.370 Assembling: source: 17541, dest: 28203, seq: 437209168, ack: 156, window: 1448, data: "endo at. Qui id "...
0.370 Sent: b'D\x85n+\x1a\x0fHP\x00\x00\x00\x9cP\x00\x05\xa8\x00\x00\x00\x00endo at. Qui id '...
0.372 Received: b'n+D\x85\x00\x00\x00\x9c\x1a\x0fM\xf8P\x10\x05\xa8\x00\x00\x00\x00'
0.372 Disassembled: source: 28203, dest: 17541, seq: 156, ack: 437210616, window: 1448, ACK
0.372 Acknowledged seq: 437209168
0.372 Assembling: source: 17541, dest: 28203, seq: 437210616, ack: 157, window: 1448, data: "ota nostrum et p"...
0.372 Sent: b'D\x85n+\x1a\x0fM\xf8\x00\x00\x00\x9dP\x00\x05\xa8\x00\x00\x00\x00ota nostrum et p'...
0.374 Received: b'n+D\x85\x00\x00\x00\x9d\x1a\x0fS\xa0P\x10\x05\xa8\x00\x00\x00\x00'
0.374 Disassembled: source: 28203, dest: 17541, seq: 157, ack: 437212064, window: 1448, ACK
0.374 Acknowledged seq: 437210616
0.374 Assembling: source: 17541, dest: 28203, seq: 437212064, ack: 158, window: 1448, data: "deseruisse id. P"...
0.374 Sent: b'D\x85n+\x1a\x0fS\xa0\x00\x00\x00\x9eP\x00\x05\xa8\x00\x00\x00\x00deseruisse id. P'...
0.375 Received: b'n+D\x85\x00\x00\x00\x9e\x1a\x0fYHP\x10\x05\xa8\x00\x00\x00\x00'
0.376 Disassembled: source: 28203, dest: 17541, seq: 158, ack: 437213512, window: 1448, ACK
0.376 Acknowledged seq: 437212064
0.376 Assembling: source: 17541, dest: 28203, seq: 437213512, ack: 159, window: 1448, data: "odo munere imper"...
0.376 Sent: b'D\x85n+\x1a\x0fYH\x00\x00\x00\x9fP\x00\x05\xa8\x00\x00\x00\x00odo munere imper'...
0.377 Received: b'n+D\x85\x00\x00\x00\x9f\x1a\x0f^\xf0P\x10\x05\xa8\x00\x00\x00\x00'
0.378 Disassembled: source: 28203, dest: 17541, seq: 159, ack: 437214960, window: 1448, ACK
0.378 Acknowledged seq: 437213512
0.378 Assembling: source: 17541, dest: 28203, seq: 437214960, ack: 160, window: 1448, data: "cimates cum, tib"...
0.378 Sent: b'D\x85n+\x1a\x0f^\xf0\x00\x00\x00\xa0P\x00\x05\xa8\x00\x00\x00\x00cimates cum, tib'...
0.379 Received: b'n+D\x85\x00\x00\x00\xa0\x1a\x0fd\x98P\x10\x05\xa8\x00\x00\x00\x00'
0.380 Disassembled: source: 28203, dest: 17541, seq: 160, ack: 437216408, window: 1448, ACK
0.380 Acknowledged seq: 437214960
0.380 Assembling: source: 17541, dest: 28203, seq: 437216408, ack: 161, window: 1448, data: "tiopam molestiae"...
0.380 Sent: b'D\x85n+\x1a\x0fd\x98\x00\x00\x00\xa1P\x00\x05\xa8\x00\x00\x00\x00tiopam molestiae'...
0.381 Received: b'n+D\x85\x00\x00\x00\xa1\x1a\x0fj@P\x10\x05\xa8\x00\x00\x00\x00'
0.381 Disassembled: source: 28203, dest: 17541, seq: 161, ack: 437217856, window: 1448, ACK
0.382 Acknowledged seq: 437216408
0.382 Assembling: source: 17541, dest: 28203, seq: 437217856, ack: 162, window: 1448, data: "possim qui no, v"...
0.382 Sent: b'D\x85n+\x1a\x0fj@\x00\x00\x00\xa2P\x00\x05\xa8\x00\x00\x00\x00possim qui no, v'...
0.383 Received: b'n+D\x85\x00\x00\x00\xa2\x1a\x0fo\xe8P\x10\x05\xa8\x00\x00\x00\x00'
0.383 Disassembled: source: 28203, dest: 17541, seq: 162, ack: 437219304, window: 1448, ACK
0.383 Acknowledged seq: 437217856
0.384 Assembling: source: 17541, dest: 28203, seq: 437219304, ack: 163, window: 1448, data: " ex utinam parti"...
0.384 Sent: b'D\x85n+\x1a\x0fo\xe8\x00\x00\x00\xa3P\x00\x05\xa8\x00\x00\x00\x00 ex utinam parti'...
0.385 Received: b'n+D\x85\x00\x00\x00\xa3\x1a\x0fu\x90P\x10\x05\xa8\x00\x00\x00\x00'
0.385 Disassembled: source: 28203, dest: 17541, seq: 163, ack: 437220752, window: 1448, ACK
0.385 Acknowledged seq: 437219304
0.385 Assembling: source: 17541, dest: 28203, seq: 437220752, ack: 164, window: 1448, data: "icus in his. Pri"...
0.386 Sent: b'D\x85n+\x1a\x0fu\x90\x00\x00\x00\xa4P\x00\x05\xa8\x00\x00\x00\x00icus in his. Pri'...
0.387 Received: b'n+D\x85\x00\x00\x00\xa4\x1a\x0f{8P\x10\x05\xa8\x00\x00\x00\x00'
0.387 Disassembled: source: 28203, dest: 17541, seq: 164, ack: 437222200, window: 1448, ACK
0.387 Acknowledged seq: 437220752
0.387 Assembling: source: 17541, dest: 28203, seq: 437222200, ack: 165, window: 1448, data: "iis et.

Ius cu "...
0.387 Sent: b'D\x85n+\x1a\x0f{8\x00\x00\x00\xa5P\x00\x05\xa8\x00\x00\x00\x00iis et.\n\nIus cu '...
0.389 Received: b'n+D\x85\x00\x00\x00\xa5\x1a\x0f\x80\xe0P\x10\x05\xa8\x00\x00\x00\x00'
0.389 Disassembled: source: 28203, dest: 17541, seq: 165, ack: 437223648, window: 1448, ACK
0.389 Acknowledged seq: 437222200
0.389 Assembling: source: 17541, dest: 28203, seq: 437223648, ack: 166, window: 1448, data: "e interesset.

T"...
0.389 Sent: b'D\x85n+\x1a\x0f\x80\xe0\x00\x00\x00\xa6P\x00\x05\xa8\x00\x00\x00\x00e interesset.\n\nT'...
0.391 Received: b'n+D\x85\x00\x00\x00\xa6\x1a\x0f\x86\x88P\x10\x05\xa8\x00\x00\x00\x00'
0.391 Disassembled: source: 28203, dest: 17541, seq: 166, ack: 437225096, window: 1448, ACK
0.391 Acknowledged seq: 437223648
0.391 Assembling: source: 17541, dest: 28203, seq: 437225096, ack: 167, window: 1448, data: "pro alia volutpa"...
0.391 Sent: b'D\x85n+\x1a\x0f\x86\x88\x00\x00\x00\xa7P\x00\x05\xa8\x00\x00\x00\x00pro alia volutpa'...
0.392 Received: b'n+D\x85\x00\x00\x00\xa7\x1a\x0f\x8c0P\x10\x05\xa8\x00\x00\x00\x00'
0.393 Disassembled: source: 28203, dest: 17541, seq: 167, ack: 437226544, window: 1448, ACK
0.393 Acknowledged seq: 437225096
0.393 Assembling: source: 17541, dest: 28203, seq: 437226544, ack: 168, window: 1448, data: " libris equidem "...
0.393 Sent: b'D\x85n+\x1a\x0f\x8c0\x00\x00\x00\xa8P\x00\x05\xa8\x00\x00\x00\x00 libris equidem '...
0.395 Received: b'n+D\x85\x00\x00\x00\xa8\x1a\x0f\x91\xd8P\x10\x05\xa8\x00\x00\x00\x00'
0.395 Disassembled: source: 28203, dest: 17541, seq: 168, ack: 437227992, window: 1448, ACK
0.395 Acknowledged seq: 437226544
0.395 Assembling: source: 17541, dest: 28203, seq: 437227992, ack: 169, window: 1448, data: "uavitate volupta"...
0.395 Sent: b'D\x85n+\x1a\x0f\x91\xd8\x00\x00\x00\xa9P\x00\x05\xa8\x00\x00\x00\x00uavitate volupta'...
0.396 Received: b'n+D\x85\x00\x00\x00\xa9\x1a\x0f\x97\x80P\x10\x05\xa8\x00\x00\x00\x00'
0.397 Disassembled: source: 28203, dest: 17541, seq: 169, ack: 437229440, window: 1448, ACK
0.397 Acknowledged seq: 437227992
0.397 Assembling: source: 17541, dest: 28203, seq: 437229440, ack: 170, window: 1448, data: " Detraxit defini"...
0.397 Sent: b'D\x85n+\x1a\x0f\x97\x80\x00\x00\x00\xaaP\x00\x05\xa8\x00\x00\x00\x00 Detraxit defini'...
0.398 Received: b'n+D\x85\x00\x00\x00\xaa\x1a\x0f\x9d(P\x10\x05\xa8\x00\x00\x00\x00'
0.399 Disassembled: source: 28203, dest: 17541, seq: 170, ack: 437230888, window: 1448, ACK
0.399 Acknowledged seq: 437229440
0.399 Assembling: source: 17541, dest: 28203, seq: 437230888, ack: 171, window: 1448, data: "aesent mei. Quo "...
0.399 Sent: b'D\x85n+\x1a\x0f\x9d(\x00\x00\x00\xabP\x00\x05\xa8\x00\x00\x00\x00aesent mei. Quo '...
0.400 Received: b'n+D\x85\x00\x00\x00\xab\x1a\x0f\xa2\xd0P\x10\x05\xa8\x00\x00\x00\x00'
0.400 Disassembled: source: 28203, dest: 17541, seq: 171, ack: 437232336, window: 1448, ACK
0.401 Acknowledged seq: 437230888
0.401 Assembling: source: 17541, dest: 28203, seq: 437232336, ack: 172, window: 1448, data: "nterpretaris no "...
0.401 Sent: b'D\x85n+\x1a\x0f\xa2\xd0\x00\x00\x00\xacP\x00\x05\xa8\x00\x00\x00\x00nterpretaris no '...
0.402 Received: b'n+D\x85\x00\x00\x00\xac\x1a\x0f\xa8xP\x10\x05\xa8\x00\x00\x00\x00'
0.402 Disassembled: source: 28203, dest: 17541, seq: 172, ack: 437233784, window: 1448, ACK
0.402 Acknowledged seq: 437232336
0.403 Assembling: source: 17541, dest: 28203, seq: 437233784, ack: 173, window: 1448, data: "patrioque has. I"...
0.403 Sent: b'D\x85n+\x1a\x0f\xa8x\x00\x00\x00\xadP\x00\x05\xa8\x00\x00\x00\x00patrioque has. I'...
0.404 Received: b'n+D\x85\x00\x00\x00\xad\x1a\x0f\xae P\x10\x05\xa8\x00\x00\x00\x00'
0.404 Disassembled: source: 28203, dest: 17541, seq: 173, ack: 437235232, window: 1448, ACK
0.404 Acknowledged seq: 437233784
0.405 Assembling: source: 17541, dest: 28203, seq: 437235232, ack: 174, window: 1448, data: "ossit repudianda"...
0.405 Sent: b'D\x85n+\x1a\x0f\xae \x00\x00\x00\xaeP\x00\x05\xa8\x00\x00\x00\x00ossit repudianda'...
0.406 Received: b'n+D\x85\x00\x00\x00\xae\x1a\x0f\xb3\xc8P\x10\x05\xa8\x00\x00\x00\x00'
0.406 Disassembled: source: 28203, dest: 17541, seq: 174, ack: 437236680, window: 1448, ACK
0.406 Acknowledged seq: 437235232
0.406 Assembling: source: 17541, dest: 28203, seq: 437236680, ack: 175, window: 1448, data: "ora consequuntur"...
0.407 Sent: b'D\x85n+\x1a\x0f\xb3\xc8\x00\x00\x00\xafP\x00\x05\xa8\x00\x00\x00\x00ora consequuntur'...
0.408 Received: b'n+D\x85\x00\x00\x00\xaf\x1a\x0f\xb9pP\x10\x05\xa8\x00\x00\x00\x00'
0.408 Disassembled: source: 28203, dest: 17541, seq: 175, ack: 437238128, window: 1448, ACK
0.408 Acknowledged seq: 437236680
0.408 Assembling: source: 17541, dest: 28203, seq: 437238128, ack: 176, window: 1448, data: "ctus conceptam a"...
0.409 Sent: b'D\x85n+\x1a\x0f\xb9p\x00\x00\x00\xb0P\x00\x05\xa8\x00\x00\x00\x00ctus conceptam a'...
0.410 Received: b'n+D\x85\x00\x00\x00\xb0\x1a\x0f\xbf\x18P\x10\x05\xa8\x00\x00\x00\x00'
0.410 Disassembled: source: 28203, dest: 17541, seq: 176, ack: 437239576, window: 1448, ACK
0.410 Acknowledged seq: 437238128
0.410 Assembling: source: 17541, dest: 28203, seq: 437239576, ack: 177, window: 1448, data: " aeterno te, ne "...
0.411 Sent: b'D\x85n+\x1a\x0f\xbf\x18\x00\x00\x00\xb1P\x00\x05\xa8\x00\x00\x00\x00 aeterno te, ne '...
0.412 Received: b'n+D\x85\x00\x00\x00\xb1\x1a\x0f\xc4\xc0P\x10\x05\xa8\x00\x00\x00\x00'
0.412 Disassembled: source: 28203, dest: 17541, seq: 177, ack: 437241024, window: 1448, ACK
0.412 Acknowledged seq: 437239576
0.412 Assembling: source: 17541, dest: 28203, seq: 437241024, ack: 178, window: 1448, data: "imis oporteat di"...
0.412 Sent: b'D\x85n+\x1a\x0f\xc4\xc0\x00\x00\x00\xb2P\x00\x05\xa8\x00\x00\x00\x00imis oporteat di'...
0.414 Received: b'n+D\x85\x00\x00\x00\xb2\x1a\x0f\xcahP\x10\x05\xa8\x00\x00\x00\x00'
0.414 Disassembled: source: 28203, dest: 17541, seq: 178, ack: 437242472, window: 1448, ACK
0.414 Acknowledged seq: 437241024
0.414 Assembling: source: 17541, dest: 28203, seq: 437242472, ack: 179, window: 1448, data: "re. Has virtute "...
0.414 Sent: b'D\x85n+\x1a\x0f\xcah\x00\x00\x00\xb3P\x00\x05\xa8\x00\x00\x00\x00re. Has virtute '...
0.415 Received: b'n+D\x85\x00\x00\x00\xb3\x1a\x0f\xd0\x10P\x10\x05\xa8\x00\x00\x00\x00'
0.416 Disassembled: source: 28203, dest: 17541, seq: 179, ack: 437243920, window: 1448, ACK
0.416 Acknowledged seq: 437242472
0.416 Assembling: source: 17541, dest: 28203, seq: 437243920, ack: 180, window: 1448, data: " eum ancillae no"...
0.416 Sent: b'D\x85n+\x1a\x0f\xd0\x10\x00\x00\x00\xb4P\x00\x05\xa8\x00\x00\x00\x00 eum ancillae no'...
0.417 Received: b'n+D\x85\x00\x00\x00\xb4\x1a\x0f\xd5\xb8P\x10\x05\xa8\x00\x00\x00\x00'
0.418 Disassembled: source: 28203, dest: 17541, seq: 180, ack: 437245368, window: 1448, ACK
0.418 Acknowledged seq: 437243920
0.418 Assembling: source: 17541, dest: 28203, seq: 437245368, ack: 181, window: 1448, data: "ppareat ius. At "...
0.418 Sent: b'D\x85n+\x1a\x0f\xd5\xb8\x00\x00\x00\xb5P\x00\x05\xa8\x00\x00\x00\x00ppareat ius. At '...
0.419 Received: b'n+D\x85\x00\x00\x00\xb5\x1a\x0f\xdb`P\x10\x05\xa8\x00\x00\x00\x00'
0.419 Disassembled: source: 28203, dest: 17541, seq: 181, ack: 437246816, window: 1448, ACK
0.419 Acknowledged seq: 437245368
0.420 Assembling: source: 17541, dest: 28203, seq: 437246816, ack: 182, window: 1448, data: ", vero appellant"...
0.420 Sent: b'D\x85n+\x1a\x0f\xdb`\x00\x00\x00\xb6P\x00\x05\xa8\x00\x00\x00\x00, vero appellant'...
0.421 Received: b'n+D\x85\x00\x00\x00\xb6\x1a\x0f\xe1\x08P\x10\x05\xa8\x00\x00\x00\x00'
0.421 Disassembled: source: 28203, dest: 17541, seq: 182, ack: 437248264, window: 1448, ACK
0.421 Acknowledged seq: 437246816
0.422 Assembling: source: 17541, dest: 28203, seq: 437248264, ack: 183, window: 1448, data: "ibo quando copio"...
0.422 Sent: b'D\x85n+\x1a\x0f\xe1\x08\x00\x00\x00\xb7P\x00\x05\xa8\x00\x00\x00\x00ibo quando copio'...
0.423 Received: b'n+D\x85\x00\x00\x00\xb7\x1a\x0f\xe6\xb0P\x10\x05\xa8\x00\x00\x00\x00'
0.423 Disassembled: source: 28203, dest: 17541, seq: 183, ack: 437249712, window: 1448, ACK
0.423 Acknowledged seq: 437248264
0.424 Assembling: source: 17541, dest: 28203, seq: 437249712, ack: 184, window: 1448, data: " maluisset. Sit "...
0.424 Sent: b'D\x85n+\x1a\x0f\xe6\xb0\x00\x00\x00\xb8P\x00\x05\xa8\x00\x00\x00\x00 maluisset. Sit '...
0.425 Received: b'n+D\x85\x00\x00\x00\xb8\x1a\x0f\xecXP\x10\x05\xa8\x00\x00\x00\x00'
0.425 Disassembled: source: 28203, dest: 17541, seq: 184, ack: 437251160, window: 1448, ACK
0.425 Acknowledged seq: 437249712
0.425 Assembling: source: 17541, dest: 28203, seq: 437251160, ack: 185, window: 1448, data: "e ceteros albuci"...
0.426 Sent: b'D\x85n+\x1a\x0f\xecX\x00\x00\x00\xb9P\x00\x05\xa8\x00\x00\x00\x00e ceteros albuci'...
0.427 Received: b'n+D\x85\x00\x00\x00\xb9\x1a\x0f\xf2\x00P\x10\x05\xa8\x00\x00\x00\x00'
0.427 Disassembled: source: 28203, dest: 17541, seq: 185, ack: 437252608, window: 1448, ACK
0.427 Acknowledged seq: 437251160
0.427 Assembling: source: 17541, dest: 28203, seq: 437252608, ack: 186, window: 1448, data: "complectitur sea"...
0.427 Sent: b'D\x85n+\x1a\x0f\xf2\x00\x00\x00\x00\xbaP\x00\x05\xa8\x00\x00\x00\x00complectitur sea'...
0.429 Received: b'n+D\x85\x00\x00\x00\xba\x1a\x0f\xf7\xa8P\x10\x05\xa8\x00\x00\x00\x00'
0.429 Disassembled: source: 28203, dest: 17541, seq: 186, ack: 437254056, window: 1448, ACK
0.429 Acknowledged seq: 437252608
0.429 Finished reading file
0.429 Assembling: source: 17541, dest: 28203, seq: 437254056, ack: 187, window: 1448, data: "tempor ex ius. E"...
0.430 Sent: b'D\x85n+\x1a\x0f\xf7\xa8\x00\x00\x00\xbbP\x00\x05\xa8\x00\x00\x00\x00tempor ex ius. E'...
0.431 Received: b'n+D\x85\x00\x00\x00\xbb\x1a\x0f\xf8\x06P\x10\x05\xa8\x00\x00\x00\x00'
0.431 Disassembled: source: 28203, dest: 17541, seq: 187, ack: 437254150, window: 1448, ACK
0.431 Acknowledged seq: 437254056
0.431 Assembling: source: 17541, dest: 28203, seq: 437254150, ack: 188, window: 1448, ACK, FIN
0.431 Sent: b'D\x85n+\x1a\x0f\xf8\x06\x00\x00\x00\xbcP\x11\x05\xa8\x00\x00\x00\x00'
0.433 Received: b'n+D\x85\x00\x00\x00\xbc\x1a\x0f\xf8\x07P\x10\x05\xa8\x00\x00\x00\x00'
0.433 Disassembled: source: 28203, dest: 17541, seq: 188, ack: 437254151, window: 1448, ACK
0.433 FIN accepted; sending final packet
0.433 Assembling: source: 17541, dest: 28203, seq: 437254151, ack: 188, window: 1448, ACK
0.433 Sent: b'D\x85n+\x1a\x0f\xf8\x07\x00\x00\x00\xbcP\x10\x05\xa8\x00\x00\x00\x00'
0.433 Closed connection
0.434 Shutting down
