0.000 NEW RUN: Server, TEST: Read_file__Single_packet
0.230 Received: b'\x8d\x9a\xc9\xbb\x00\x00\x00?\x00\x00\x00\x00P\x02\x05\xa8\x00\x00\x00\x00'
0.230 Disassembled: source: 36250, dest: 51643, seq: 63, window: 1448, SYN
0.230 SYN accepted; new connection: 127.0.0.1 on port 36250
0.231 Assembling: source: 51643, dest: 36250, seq: 436044257, ack: 64, window: 1448, ACK, SYN
0.231 Sent: b'\xc9\xbb\x8d\x9a\x19\xfd\x81\xe1\x00\x00\x00@P\x12\x05\xa8\x00\x00\x00\x00'
0.232 Received: b'\x8d\x9a\xc9\xbb\x00\x00\x00@\x19\xfd\x81\xe2P\x10\x05\xa8\x00\x00\x00\x00'
0.232 Disassembled: source: 36250, dest: 51643, seq: 64, ack: 436044258, window: 1448, ACK
0.232 Handshake complete
0.233 Acknowledged seq: 436044257
0.233 Finished reading file
0.233 Assembling: source: 51643, dest: 36250, seq: 436044258, ack: 65, window: 1448, data: "This file fits i"...
0.233 Sent: b'\xc9\xbb\x8d\x9a\x19\xfd\x81\xe2\x00\x00\x00AP\x00\x05\xa8\x00\x00\x00\x00This file fits i'...
0.234 Received: b'\x8d\x9a\xc9\xbb\x00\x00\x00A\x19\xfd\x82\rP\x10\x05\xa8\x00\x00\x00\x00'
0.234 Disassembled: source: 36250, dest: 51643, seq: 65, ack: 436044301, window: 1448, ACK
0.235 Acknowledged seq: 436044258
0.235 Assembling: source: 51643, dest: 36250, seq: 436044301, ack: 66, window: 1448, ACK, FIN
0.235 Sent: b'\xc9\xbb\x8d\x9a\x19\xfd\x82\r\x00\x00\x00BP\x11\x05\xa8\x00\x00\x00\x00'
0.236 Received: b'\x8d\x9a\xc9\xbb\x00\x00\x00B\x19\xfd\x82\x0eP\x10\x05\xa8\x00\x00\x00\x00'
0.236 Disassembled: source: 36250, dest: 51643, seq: 66, ack: 436044302, window: 1448, ACK
0.237 FIN accepted; sending final packet
0.237 Assembling: source: 51643, dest: 36250, seq: 436044302, ack: 66, window: 1448, ACK
0.237 Sent: b'\xc9\xbb\x8d\x9a\x19\xfd\x82\x0e\x00\x00\x00BP\x10\x05\xa8\x00\x00\x00\x00'
0.237 Closed connection
0.237 Shutting down
