0.000 NEW RUN: Server, TEST: Write_file__Single_packet
0.206 Received: b'0T3\x7f\x00\x00\x00*\x00\x00\x00\x00P\x02\x05\xa8\x00\x00\x00\x00'
0.206 Disassembled: source: 12372, dest: 13183, seq: 42, window: 1448, SYN
0.206 SYN accepted; new connection: 127.0.0.1 on port 12372
0.206 Assembling: source: 13183, dest: 12372, seq: 438887642, ack: 43, window: 5808, ACK, SYN
0.207 Sent: b'3\x7f0T\x1a(\xe4\xda\x00\x00\x00+P\x12\x16\xb0\x00\x00\x00\x00'
0.208 Received: b'0T3\x7f\x00\x00\x00+\x1a(\xe4\xdbP\x10\x16\xb0\x00\x00\x00\x00'
0.208 Disassembled: source: 12372, dest: 13183, seq: 43, ack: 438887643, window: 5808, ACK
0.208 Assembling: source: 13183, dest: 12372, seq: 438887643, ack: 43, window: 5808, ACK
0.209 Sent: b'3\x7f0T\x1a(\xe4\xdb\x00\x00\x00+P\x10\x16\xb0\x00\x00\x00\x00'
0.209 Received: b'0T3\x7f\x00\x00\x00,\x1a(\xe4\xdbP\x10\x16\xb0\x00\x00\x00\x00This file fits i'...
0.209 Disassembled: source: 12372, dest: 13183, seq: 44, ack: 438887643, window: 5808, ACK, data: "This file fits i"...
0.209 Handshake complete
0.209 Data accepted; adding to buffer
0.209 Assembling: source: 13183, dest: 12372, seq: 438887643, ack: 43, window: 5808, ACK
0.210 Sent: b'3\x7f0T\x1a(\xe4\xdb\x00\x00\x00+P\x10\x16\xb0\x00\x00\x00\x00'
0.710 Sent: b'3\x7f0T\x1a(\xe4\xdb\x00\x00\x00+P\x10\x16\xb0\x00\x00\x00\x00'
1.210 Sent: b'3\x7f0T\x1a(\xe4\xdb\x00\x00\x00+P\x10\x16\xb0\x00\x00\x00\x00'
1.711 Sent: b'3\x7f0T\x1a(\xe4\xdb\x00\x00\x00+P\x10\x16\xb0\x00\x00\x00\x00'
2.211 Sent: b'3\x7f0T\x1a(\xe4\xdb\x00\x00\x00+P\x10\x16\xb0\x00\x00\x00\x00'
2.712 Error: Connection timed out
2.712 Closed connection
2.713 Shutting down
