0.000 NEW RUN: Server, TEST: Write_file__Large_multi-packet
0.205 Received: b'@\x10i\xff\x00\x00\x00\x1c\x00\x00\x00\x00P\x02\x05\xa8\x00\x00\x00\x00'
0.206 Disassembled: source: 16400, dest: 27135, seq: 28, window: 1448, SYN
0.206 SYN accepted; new connection: 127.0.0.1 on port 16400
0.206 Assembling: source: 27135, dest: 16400, seq: 440425987, ack: 29, window: 5808, ACK, SYN
0.206 Sent: b'i\xff@\x10\x1a@^\x03\x00\x00\x00\x1dP\x12\x16\xb0\x00\x00\x00\x00'
0.208 Received: b'@\x10i\xff\x00\x00\x00\x1d\x1a@^\x04P\x10\x16\xb0\x00\x00\x00\x00'
0.208 Disassembled: source: 16400, dest: 27135, seq: 29, ack: 440425988, window: 5808, ACK
0.208 Assembling: source: 27135, dest: 16400, seq: 440425988, ack: 29, window: 5808, ACK
0.208 Sent: b'i\xff@\x10\x1a@^\x04\x00\x00\x00\x1dP\x10\x16\xb0\x00\x00\x00\x00'
0.209 Received: b'@\x10i\xff\x00\x00\x00\x1e\x1a@^\x04P\x10\x16\xb0\x00\x00\x00\x00Lorem ipsum dolo'...
0.209 Disassembled: source: 16400, dest: 27135, seq: 30, ack: 440425988, window: 5808, ACK, data: "Lorem ipsum dolo"...
0.209 Handshake complete
0.209 Data accepted; adding to buffer
0.209 Assembling: source: 27135, dest: 16400, seq: 440425988, ack: 29, window: 5808, ACK
0.209 Sent: b'i\xff@\x10\x1a@^\x04\x00\x00\x00\x1dP\x10\x16\xb0\x00\x00\x00\x00'
0.210 Received: b'@\x10i\xff\x00\x00\x00\x1f\x1a@^\x05P\x10\x16\xb0\x00\x00\x00\x00'
0.210 Disassembled: source: 16400, dest: 27135, seq: 31, ack: 440425989, window: 5808, ACK
0.210 Error: Incorrect acknowledgement flag
0.211 Received: b'@\x10i\xff\x00\x00\x00 \x1a@^\x05P\x10\x16\xb0\x00\x00\x00\x00mprehensam nam, '...
0.211 Disassembled: source: 16400, dest: 27135, seq: 32, ack: 440425989, window: 5808, ACK, data: "mprehensam nam, "...
0.211 Error: Incorrect acknowledgement flag
0.211 Received: b'@\x10i\xff\x00\x00\x00!\x1a@^\x06P\x10\x16\xb0\x00\x00\x00\x00'
0.212 Disassembled: source: 16400, dest: 27135, seq: 33, ack: 440425990, window: 5808, ACK
0.212 Error: Incorrect acknowledgement flag
0.212 Received: b'@\x10i\xff\x00\x00\x00"\x1a@^\x06P\x10\x16\xb0\x00\x00\x00\x00ilisi repudiare '...
0.213 Disassembled: source: 16400, dest: 27135, seq: 34, ack: 440425990, window: 5808, ACK, data: "ilisi repudiare "...
0.213 Error: Incorrect acknowledgement flag
0.710 Sent: b'i\xff@\x10\x1a@^\x04\x00\x00\x00\x1dP\x10\x16\xb0\x00\x00\x00\x00'
0.711 Received: b'@\x10i\xff\x00\x00\x00#\x1a@^\x07P\x10\x16\xb0\x00\x00\x00\x00'
0.712 Disassembled: source: 16400, dest: 27135, seq: 35, ack: 440425991, window: 5808, ACK
0.712 Error: Incorrect acknowledgement flag
0.712 Received: b'@\x10i\xff\x00\x00\x00$\x1a@^\x07P\x10\x16\xb0\x00\x00\x00\x00ta.\n\nEt essent s'...
0.713 Disassembled: source: 16400, dest: 27135, seq: 36, ack: 440425991, window: 5808, ACK, data: "ta.

Et essent s"...
0.713 Error: Incorrect acknowledgement flag
1.210 Sent: b'i\xff@\x10\x1a@^\x04\x00\x00\x00\x1dP\x10\x16\xb0\x00\x00\x00\x00'
1.213 Received: b'@\x10i\xff\x00\x00\x00%\x1a@^\x08P\x10\x16\xb0\x00\x00\x00\x00'
1.213 Disassembled: source: 16400, dest: 27135, seq: 37, ack: 440425992, window: 5808, ACK
1.213 Error: Incorrect acknowledgement flag
1.215 Received: b'@\x10i\xff\x00\x00\x00&\x1a@^\x08P\x10\x16\xb0\x00\x00\x00\x00 Nihil tractatos'...
1.215 Disassembled: source: 16400, dest: 27135, seq: 38, ack: 440425992, window: 5808, ACK, data: " Nihil tractatos"...
1.216 Error: Incorrect acknowledgement flag
1.711 Sent: b'i\xff@\x10\x1a@^\x04\x00\x00\x00\x1dP\x10\x16\xb0\x00\x00\x00\x00'
1.713 Received: b"@\x10i\xff\x00\x00\x00'\x1a@^\tP\x10\x16\xb0\x00\x00\x00\x00"
1.714 Disassembled: source: 16400, dest: 27135, seq: 39, ack: 440425993, window: 5808, ACK
1.714 Error: Incorrect acknowledgement flag
1.715 Received: b'@\x10i\xff\x00\x00\x00(\x1a@^\tP\x10\x16\xb0\x00\x00\x00\x00fert iuvaret sap'...
1.716 Disassembled: source: 16400, dest: 27135, seq: 40, ack: 440425993, window: 5808, ACK, data: "fert iuvaret sap"...
1.716 Error: Incorrect acknowledgement flag
2.211 Sent: b'i\xff@\x10\x1a@^\x04\x00\x00\x00\x1dP\x10\x16\xb0\x00\x00\x00\x00'
2.214 Received: b'@\x10i\xff\x00\x00\x00)\x1a@^\nP\x10\x16\xb0\x00\x00\x00\x00'
2.214 Disassembled: source: 16400, dest: 27135, seq: 41, ack: 440425994, window: 5808, ACK
2.214 Error: Incorrect acknowledgement flag
2.216 Received: b'@\x10i\xff\x00\x00\x00*\x1a@^\nP\x10\x16\xb0\x00\x00\x00\x00ram adipiscing, '...
2.216 Disassembled: source: 16400, dest: 27135, seq: 42, ack: 440425994, window: 5808, ACK, data: "ram adipiscing, "...
2.216 Error: Incorrect acknowledgement flag
2.711 Error: Connection timed out
2.712 Closed connection
2.717 Shutting down
