0.000 NEW RUN: Server, TEST: Write_file__Empty
0.223 Received: b'k&\xc9\x08\x00\x00\x00R\x00\x00\x00\x00P\x02\x05\xa8\x00\x00\x00\x00'
0.224 Disassembled: source: 27430, dest: 51464, seq: 82, window: 1448, SYN
0.224 SYN accepted; new connection: 127.0.0.1 on port 27430
0.224 Assembling: source: 51464, dest: 27430, seq: 438369034, ack: 83, window: 5808, ACK, SYN
0.224 Sent: b'\xc9\x08k&\x1a \xfb\n\x00\x00\x00SP\x12\x16\xb0\x00\x00\x00\x00'
0.226 Received: b'k&\xc9\x08\x00\x00\x00S\x1a \xfb\x0bP\x10\x16\xb0\x00\x00\x00\x00'
0.227 Disassembled: source: 27430, dest: 51464, seq: 83, ack: 438369035, window: 5808, ACK
0.227 Assembling: source: 51464, dest: 27430, seq: 438369035, ack: 83, window: 5808, ACK
0.227 Sent: b'\xc9\x08k&\x1a \xfb\x0b\x00\x00\x00SP\x10\x16\xb0\x00\x00\x00\x00'
0.228 Received: b'k&\xc9\x08\x00\x00\x00T\x1a \xfb\x0bP\x10\x16\xb0\x00\x00\x00\x00'
0.228 Disassembled: source: 27430, dest: 51464, seq: 84, ack: 438369035, window: 5808, ACK
0.228 Assembling: source: 51464, dest: 27430, seq: 438369035, ack: 83, window: 5808, ACK
0.228 Sent: b'\xc9\x08k&\x1a \xfb\x0b\x00\x00\x00SP\x10\x16\xb0\x00\x00\x00\x00'
0.729 Sent: b'\xc9\x08k&\x1a \xfb\x0b\x00\x00\x00SP\x10\x16\xb0\x00\x00\x00\x00'
1.229 Sent: b'\xc9\x08k&\x1a \xfb\x0b\x00\x00\x00SP\x10\x16\xb0\x00\x00\x00\x00'
1.729 Sent: b'\xc9\x08k&\x1a \xfb\x0b\x00\x00\x00SP\x10\x16\xb0\x00\x00\x00\x00'
2.230 Sent: b'\xc9\x08k&\x1a \xfb\x0b\x00\x00\x00SP\x10\x16\xb0\x00\x00\x00\x00'
2.730 Error: Connection timed out
2.730 Closed connection
2.731 Shutting down
