0.000 NEW RUN: Server, TEST: Write_file__Relaxed
0.195 Received: b'\xcf\xfcG\x17\x00\x00\x00\x0b\x00\x00\x00\x00P\x02\x05\xa8\x00\x00\x00\x00'
0.195 Disassembled: source: 53244, dest: 18199, seq: 11, window: 1448, SYN
0.196 SYN accepted; new connection: 127.0.0.1 on port 53244
0.196 Assembling: source: 18199, dest: 53244, seq: 434469590, ack: 12, window: 5808, ACK, SYN
0.196 Sent: b'G\x17\xcf\xfc\x19\xe5z\xd6\x00\x00\x00\x0cP\x12\x16\xb0\x00\x00\x00\x00'
0.197 Received: b'\xcf\xfcG\x17\x00\x00\x00\x0c\x19\xe5z\xd7P\x10\x16\xb0\x00\x00\x00\x00'
0.198 Disassembled: source: 53244, dest: 18199, seq: 12, ack: 434469591, window: 5808, ACK
0.198 Assembling: source: 18199, dest: 53244, seq: 434469591, ack: 12, window: 5808, ACK
0.198 Sent: b'G\x17\xcf\xfc\x19\xe5z\xd7\x00\x00\x00\x0cP\x10\x16\xb0\x00\x00\x00\x00'
0.198 Received: b'\xcf\xfcG\x17\x00\x00\x00\r\x19\xe5z\xd7P\x10\x16\xb0\x00\x00\x00\x00'
0.199 Disassembled: source: 53244, dest: 18199, seq: 13, ack: 434469591, window: 5808, ACK
0.199 Assembling: source: 18199, dest: 53244, seq: 434469591, ack: 12, window: 5808, ACK
0.199 Sent: b'G\x17\xcf\xfc\x19\xe5z\xd7\x00\x00\x00\x0cP\x10\x16\xb0\x00\x00\x00\x00'
0.699 Sent: b'G\x17\xcf\xfc\x19\xe5z\xd7\x00\x00\x00\x0cP\x10\x16\xb0\x00\x00\x00\x00'
1.200 Sent: b'G\x17\xcf\xfc\x19\xe5z\xd7\x00\x00\x00\x0cP\x10\x16\xb0\x00\x00\x00\x00'
1.700 Sent: b'G\x17\xcf\xfc\x19\xe5z\xd7\x00\x00\x00\x0cP\x10\x16\xb0\x00\x00\x00\x00'
2.201 Sent: b'G\x17\xcf\xfc\x19\xe5z\xd7\x00\x00\x00\x0cP\x10\x16\xb0\x00\x00\x00\x00'
2.701 Error: Connection timed out
2.702 Closed connection
3.202 Shutting down
