0.000 NEW RUN: Server, TEST: Read_file__Large_multi-packet
0.211 Received: b'\xe0\xe9Ob\x00\x00\x00L\x00\x00\x00\x00P\x02\x05\xa8\x00\x00\x00\x00'
0.212 Disassembled: source: 57577, dest: 20322, seq: 76, window: 1448, SYN
0.212 SYN accepted; new connection: 127.0.0.1 on port 57577
0.213 Assembling: source: 20322, dest: 57577, seq: 3079232136, ack: 77, window: 1448, ACK, SYN
0.213 Sent: b'Ob\xe0\xe9\xb7\x89Z\x88\x00\x00\x00MP\x12\x05\xa8\x00\x00\x00\x00'
0.215 Received: b'\xe0\xe9Ob\x00\x00\x00M\xb7\x89Z\x89P\x10\x05\xa8\x00\x00\x00\x00'
0.215 Disassembled: source: 57577, dest: 20322, seq: 77, ack: 3079232137, window: 1448, ACK
0.215 Handshake complete
0.215 Acknowledged seq: 3079232136
0.216 Assembling: source: 20322, dest: 57577, seq: 3079232137, ack: 78, window: 1448, data: "Lorem ipsum dolo"...
0.216 Sent: b'Ob\xe0\xe9\xb7\x89Z\x89\x00\x00\x00NP\x00\x05\xa8\x00\x00\x00\x00Lorem ipsum dolo'...
0.716 Sent: b'Ob\xe0\xe9\xb7\x89Z\x89\x00\x00\x00NP\x00\x05\xa8\x00\x00\x00\x00Lorem ipsum dolo'...
1.216 Sent: b'Ob\xe0\xe9\xb7\x89Z\x89\x00\x00\x00NP\x00\x05\xa8\x00\x00\x00\x00Lorem ipsum dolo'...
1.717 Sent: b'Ob\xe0\xe9\xb7\x89Z\x89\x00\x00\x00NP\x00\x05\xa8\x00\x00\x00\x00Lorem ipsum dolo'...
2.217 Sent: b'Ob\xe0\xe9\xb7\x89Z\x89\x00\x00\x00NP\x00\x05\xa8\x00\x00\x00\x00Lorem ipsum dolo'...
2.718 Sent: b'Ob\xe0\xe9\xb7\x89Z\x89\x00\x00\x00NP\x00\x05\xa8\x00\x00\x00\x00Lorem ipsum dolo'...
3.218 Error: Connection timed out
3.218 Closed connection
3.219 Shutting down
