0.000 NEW RUN: Server, TEST: Read_file__Random_drops
0.075 Received: b'\x1bcw"\x00\x00\x00\x1a\x00\x00\x00\x00P\x02\x05\xa8\x00\x00\x00\x00'
0.076 Disassembled: source: 7011, dest: 30498, seq: 26, window: 1448, SYN
0.077 SYN accepted; new connection: 127.0.0.1 on port 7011
0.077 Assembling: source: 30498, dest: 7011, seq: 1699332287, ack: 27, window: 1448, ACK, SYN
0.078 Sent: b'w"\x1bceI\xc0\xbf\x00\x00\x00\x1bP\x12\x05\xa8\x00\x00\x00\x00'
0.081 Received: b'\x1bcw"\x00\x00\x00\x1beI\xc0\xc0P\x10\x05\xa8\x00\x00\x00\x00'
0.081 Disassembled: source: 7011, dest: 30498, seq: 27, ack: 1699332288, window: 1448, ACK
0.081 Handshake complete
0.081 Acknowledged seq: 1699332287
0.082 Assembling: source: 30498, dest: 7011, seq: 1699332288, ack: 28, window: 1448, data: "Lorem ipsum dolo"...
0.082 Sent: b'w"\x1bceI\xc0\xc0\x00\x00\x00\x1cP\x00\x05\xa8\x00\x00\x00\x00Lorem ipsum dolo'...
0.085 Received: b'\x1bcw"\x00\x00\x00\x1beI\xc6hP\x10\x05\xa8\x00\x00\x00\x00'
0.086 Disassembled: source: 7011, dest: 30498, seq: 27, ack: 1699333736, window: 1448, ACK
0.086 Acknowledged seq: 1699332288
0.086 Assembling: source: 30498, dest: 7011, seq: 1699333736, ack: 28, window: 1448, data: "mprehensam nam, "...
0.086 Sent: b'w"\x1bceI\xc6h\x00\x00\x00\x1cP\x00\x05\xa8\x00\x00\x00\x00mprehensam nam, '...
0.090 Received: b'\x1bcw"\x00\x00\x00\x1beI\xcc\x10P\x10\x05\xa8\x00\x00\x00\x00'
0.090 Disassembled: source: 7011, dest: 30498, seq: 27, ack: 1699335184, window: 1448, ACK
0.090 Acknowledged seq: 1699333736
0.091 Assembling: source: 30498, dest: 7011, seq: 1699335184, ack: 28, window: 1448, data: "ilisi repudiare "...
0.091 Sent: b'w"\x1bceI\xcc\x10\x00\x00\x00\x1cP\x00\x05\xa8\x00\x00\x00\x00ilisi repudiare '...
0.094 Received: b'\x1bcw"\x00\x00\x00\x1beI\xd1\xb8P\x10\x05\xa8\x00\x00\x00\x00'
0.094 Disassembled: source: 7011, dest: 30498, seq: 27, ack: 1699336632, window: 1448, ACK
0.095 Acknowledged seq: 1699335184
0.095 Assembling: source: 30498, dest: 7011, seq: 1699336632, ack: 28, window: 1448, data: "ta.

Et essent s"...
0.095 Failed to send packet
0.596 Sent: b'w"\x1bceI\xd1\xb8\x00\x00\x00\x1cP\x00\x05\xa8\x00\x00\x00\x00ta.\n\nEt essent s'...
0.598 Received: b'\x1bcw"\x00\x00\x00\x1beI\xd7`P\x10\x05\xa8\x00\x00\x00\x00'
0.599 Disassembled: source: 7011, dest: 30498, seq: 27, ack: 1699338080, window: 1448, ACK
0.599 Acknowledged seq: 1699336632
0.599 Assembling: source: 30498, dest: 7011, seq: 1699338080, ack: 28, window: 1448, data: " Nihil tractatos"...
0.600 Sent: b'w"\x1bceI\xd7`\x00\x00\x00\x1cP\x00\x05\xa8\x00\x00\x00\x00 Nihil tractatos'...
0.603 Failed to receive packet
1.100 Sent: b'w"\x1bceI\xd7`\x00\x00\x00\x1cP\x00\x05\xa8\x00\x00\x00\x00 Nihil tractatos'...
1.103 Received: b'\x1bcw"\x00\x00\x00\x1beI\xdd\x08P\x10\x05\xa8\x00\x00\x00\x00'
1.104 Disassembled: source: 7011, dest: 30498, seq: 27, ack: 1699339528, window: 1448, ACK
1.104 Acknowledged seq: 1699338080
1.104 Assembling: source: 30498, dest: 7011, seq: 1699339528, ack: 28, window: 1448, data: "fert iuvaret sap"...
1.104 Sent: b'w"\x1bceI\xdd\x08\x00\x00\x00\x1cP\x00\x05\xa8\x00\x00\x00\x00fert iuvaret sap'...
1.107 Received: b'\x1bcw"\x00\x00\x00\x1beI\xe2\xb0P\x10\x05\xa8\x00\x00\x00\x00'
1.108 Disassembled: source: 7011, dest: 30498, seq: 27, ack: 1699340976, window: 1448, ACK
1.108 Acknowledged seq: 1699339528
1.108 Assembling: source: 30498, dest: 7011, seq: 1699340976, ack: 28, window: 1448, data: "ram adipiscing, "...
1.109 Sent: b'w"\x1bceI\xe2\xb0\x00\x00\x00\x1cP\x00\x05\xa8\x00\x00\x00\x00ram adipiscing, '...
1.112 Received: b'\x1bcw"\x00\x00\x00\x1beI\xe8XP\x10\x05\xa8\x00\x00\x00\x00'
1.112 Disassembled: source: 7011, dest: 30498, seq: 27, ack: 1699342424, window: 1448, ACK
1.113 Acknowledged seq: 1699340976
1.113 Assembling: source: 30498, dest: 7011, seq: 1699342424, ack: 28, window: 1448, data: "m veritus vivend"...
1.113 Failed to send packet
1.614 Sent: b'w"\x1bceI\xe8X\x00\x00\x00\x1cP\x00\x05\xa8\x00\x00\x00\x00m veritus vivend'...
1.617 Failed to receive packet
2.114 Sent: b'w"\x1bceI\xe8X\x00\x00\x00\x1cP\x00\x05\xa8\x00\x00\x00\x00m veritus vivend'...
2.117 Received: b'\x1bcw"\x00\x00\x00\x1beI\xee\x00P\x10\x05\xa8\x00\x00\x00\x00'
2.117 Disassembled: source: 7011, dest: 30498, seq: 27, ack: 1699343872, window: 1448, ACK
2.118 Acknowledged seq: 1699342424
2.118 Assembling: source: 30498, dest: 7011, seq: 1699343872, ack: 28, window: 1448, data: " delenit, ignota"...
2.118 Sent: b'w"\x1bceI\xee\x00\x00\x00\x00\x1cP\x00\x05\xa8\x00\x00\x00\x00 delenit, ignota'...
2.121 Received: b'\x1bcw"\x00\x00\x00\x1beI\xf3\xa8P\x10\x05\xa8\x00\x00\x00\x00'
2.122 Disassembled: source: 7011, dest: 30498, seq: 27, ack: 1699345320, window: 1448, ACK
2.122 Acknowledged seq: 1699343872
2.122 Assembling: source: 30498, dest: 7011, seq: 1699345320, ack: 28, window: 1448, data: "se explicari des"...
2.123 Sent: b'w"\x1bceI\xf3\xa8\x00\x00\x00\x1cP\x00\x05\xa8\x00\x00\x00\x00se explicari des'...
2.126 Received: b'\x1bcw"\x00\x00\x00\x1beI\xf9PP\x10\x05\xa8\x00\x00\x00\x00'
2.126 Disassembled: source: 7011, dest: 30498, seq: 27, ack: 1699346768, window: 1448, ACK
2.127 Acknowledged seq: 1699345320
2.127 Assembling: source: 30498, dest: 7011, seq: 1699346768, ack: 28, window: 1448, data: "piscing, in modo"...
2.127 Sent: b'w"\x1bceI\xf9P\x00\x00\x00\x1cP\x00\x05\xa8\x00\x00\x00\x00piscing, in modo'...
2.130 Received: b'\x1bcw"\x00\x00\x00\x1beI\xfe\xf8P\x10\x05\xa8\x00\x00\x00\x00'
2.131 Disassembled: source: 7011, dest: 30498, seq: 27, ack: 1699348216, window: 1448, ACK
2.131 Acknowledged seq: 1699346768
2.131 Assembling: source: 30498, dest: 7011, seq: 1699348216, ack: 28, window: 1448, data: "o copiosae tacim"...
2.132 Sent: b'w"\x1bceI\xfe\xf8\x00\x00\x00\x1cP\x00\x05\xa8\x00\x00\x00\x00o copiosae tacim'...
2.134 Received: b'\x1bcw"\x00\x00\x00\x1beJ\x04\xa0P\x10\x05\xa8\x00\x00\x00\x00'
2.134 Disassembled: source: 7011, dest: 30498, seq: 27, ack: 1699349664, window: 1448, ACK
2.134 Acknowledged seq: 1699348216
2.135 Assembling: source: 30498, dest: 7011, seq: 1699349664, ack: 28, window: 1448, data: "am. Pri ne antio"...
2.135 Sent: b'w"\x1bceJ\x04\xa0\x00\x00\x00\x1cP\x00\x05\xa8\x00\x00\x00\x00am. Pri ne antio'...
2.137 Received: b'\x1bcw"\x00\x00\x00\x1beJ\nHP\x10\x05\xa8\x00\x00\x00\x00'
2.137 Disassembled: source: 7011, dest: 30498, seq: 27, ack: 1699351112, window: 1448, ACK
2.138 Acknowledged seq: 1699349664
2.138 Assembling: source: 30498, dest: 7011, seq: 1699351112, ack: 28, window: 1448, data: "to no. Elitr pos"...
2.138 Sent: b'w"\x1bceJ\nH\x00\x00\x00\x1cP\x00\x05\xa8\x00\x00\x00\x00to no. Elitr pos'...
2.140 Received: b'\x1bcw"\x00\x00\x00\x1beJ\x0f\xf0P\x10\x05\xa8\x00\x00\x00\x00'
2.141 Disassembled: source: 7011, dest: 30498, seq: 27, ack: 1699352560, window: 1448, ACK
2.141 Acknowledged seq: 1699351112
2.141 Assembling: source: 30498, dest: 7011, seq: 1699352560, ack: 28, window: 1448, data: "pretaris, sea ex"...
2.142 Sent: b'w"\x1bceJ\x0f\xf0\x00\x00\x00\x1cP\x00\x05\xa8\x00\x00\x00\x00pretaris, sea ex'...
2.143 Received: b'\x1bcw"\x00\x00\x00\x1beJ\x15\x98P\x10\x05\xa8\x00\x00\x00\x00'
2.144 Disassembled: source: 7011, dest: 30498, seq: 27, ack: 1699354008, window: 1448, ACK
2.144 Acknowledged seq: 1699352560
2.144 Assembling: source: 30498, dest: 7011, seq: 1699354008, ack: 28, window: 1448, data: "oporteat inimicu"...
2.145 Sent: b'w"\x1bceJ\x15\x98\x00\x00\x00\x1cP\x00\x05\xa8\x00\x00\x00\x00oporteat inimicu'...
2.147 Received: b'\x1bcw"\x00\x00\x00\x1beJ\x1b@P\x10\x05\xa8\x00\x00\x00\x00'
2.147 Disassembled: source: 7011, dest: 30498, seq: 27, ack: 1699355456, window: 1448, ACK
2.148 Acknowledged seq: 1699354008
2.148 Assembling: source: 30498, dest: 7011, seq: 1699355456, ack: 28, window: 1448, data: "ligendi officiis"...
2.148 Sent: b'w"\x1bceJ\x1b@\x00\x00\x00\x1cP\x00\x05\xa8\x00\x00\x00\x00ligendi officiis'...
2.150 Received: b'\x1bcw"\x00\x00\x00\x1beJ \xe8P\x10\x05\xa8\x00\x00\x00\x00'
2.151 Disassembled: source: 7011, dest: 30498, seq: 27, ack: 1699356904, window: 1448, ACK
2.151 Acknowledged seq: 1699355456
2.151 Assembling: source: 30498, dest: 7011, seq: 1699356904, ack: 28, window: 1448, data: "no vel regione i"...
2.152 Sent: b'w"\x1bceJ \xe8\x00\x00\x00\x1cP\x00\x05\xa8\x00\x00\x00\x00no vel regione i'...
2.154 Received: b'\x1bcw"\x00\x00\x00\x1beJ&\x90P\x10\x05\xa8\x00\x00\x00\x00'
2.154 Disassembled: source: 7011, dest: 30498, seq: 27, ack: 1699358352, window: 1448, ACK
2.155 Acknowledged seq: 1699356904
2.155 Assembling: source: 30498, dest: 7011, seq: 1699358352, ack: 28, window: 1448, data: "ibus vis ex, pro"...
2.155 Sent: b'w"\x1bceJ&\x90\x00\x00\x00\x1cP\x00\x05\xa8\x00\x00\x00\x00ibus vis ex, pro'...
2.157 Received: b'\x1bcw"\x00\x00\x00\x1beJ,8P\x10\x05\xa8\x00\x00\x00\x00'
2.158 Disassembled: source: 7011, dest: 30498, seq: 27, ack: 1699359800, window: 1448, ACK
2.158 Acknowledged seq: 1699358352
2.158 Assembling: source: 30498, dest: 7011, seq: 1699359800, ack: 28, window: 1448, data: "o vix, mel ea li"...
2.159 Sent: b'w"\x1bceJ,8\x00\x00\x00\x1cP\x00\x05\xa8\x00\x00\x00\x00o vix, mel ea li'...
2.161 Received: b'\x1bcw"\x00\x00\x00\x1beJ1\xe0P\x10\x05\xa8\x00\x00\x00\x00'
2.161 Disassembled: source: 7011, dest: 30498, seq: 27, ack: 1699361248, window: 1448, ACK
2.162 Acknowledged seq: 1699359800
2.162 Assembling: source: 30498, dest: 7011, seq: 1699361248, ack: 28, window: 1448, data: "d. Ex fugit suav"...
2.162 Sent: b'w"\x1bceJ1\xe0\x00\x00\x00\x1cP\x00\x05\xa8\x00\x00\x00\x00d. Ex fugit suav'...
2.164 Received: b'\x1bcw"\x00\x00\x00\x1beJ7\x88P\x10\x05\xa8\x00\x00\x00\x00'
2.165 Disassembled: source: 7011, dest: 30498, seq: 27, ack: 1699362696, window: 1448, ACK
2.165 Acknowledged seq: 1699361248
2.165 Assembling: source: 30498, dest: 7011, seq: 1699362696, ack: 28, window: 1448, data: "pertinax nec. De"...
2.166 Sent: b'w"\x1bceJ7\x88\x00\x00\x00\x1cP\x00\x05\xa8\x00\x00\x00\x00pertinax nec. De'...
2.168 Received: b'\x1bcw"\x00\x00\x00\x1beJ=0P\x10\x05\xa8\x00\x00\x00\x00'
2.168 Disassembled: source: 7011, dest: 30498, seq: 27, ack: 1699364144, window: 1448, ACK
2.168 Acknowledged seq: 1699362696
2.169 Assembling: source: 30498, dest: 7011, seq: 1699364144, ack: 28, window: 1448, data: "lli primis praes"...
2.169 Sent: b'w"\x1bceJ=0\x00\x00\x00\x1cP\x00\x05\xa8\x00\x00\x00\x00lli primis praes'...
2.171 Received: b'\x1bcw"\x00\x00\x00\x1beJB\xd8P\x10\x05\xa8\x00\x00\x00\x00'
2.172 Disassembled: source: 7011, dest: 30498, seq: 27, ack: 1699365592, window: 1448, ACK
2.172 Acknowledged seq: 1699364144
2.172 Assembling: source: 30498, dest: 7011, seq: 1699365592, ack: 28, window: 1448, data: "m, percipit inte"...
2.173 Sent: b'w"\x1bceJB\xd8\x00\x00\x00\x1cP\x00\x05\xa8\x00\x00\x00\x00m, percipit inte'...
2.175 Received: b'\x1bcw"\x00\x00\x00\x1beJH\x80P\x10\x05\xa8\x00\x00\x00\x00'
2.175 Disassembled: source: 7011, dest: 30498, seq: 27, ack: 1699367040, window: 1448, ACK
2.175 Acknowledged seq: 1699365592
2.176 Assembling: source: 30498, dest: 7011, seq: 1699367040, ack: 28, window: 1448, data: "nani docendi pat"...
2.176 Sent: b'w"\x1bceJH\x80\x00\x00\x00\x1cP\x00\x05\xa8\x00\x00\x00\x00nani docendi pat'...
2.178 Received: b'\x1bcw"\x00\x00\x00\x1beJN(P\x10\x05\xa8\x00\x00\x00\x00'
2.179 Disassembled: source: 7011, dest: 30498, seq: 27, ack: 1699368488, window: 1448, ACK
2.179 Acknowledged seq: 1699367040
2.179 Assembling: source: 30498, dest: 7011, seq: 1699368488, ack: 28, window: 1448, data: " vis decore poss"...
2.180 Sent: b'w"\x1bceJN(\x00\x00\x00\x1cP\x00\x05\xa8\x00\x00\x00\x00 vis decore poss'...
2.182 Received: b'\x1bcw"\x00\x00\x00\x1beJS\xd0P\x10\x05\xa8\x00\x00\x00\x00'
2.182 Disassembled: source: 7011, dest: 30498, seq: 27, ack: 1699369936, window: 1448, ACK
2.183 Acknowledged seq: 1699368488
2.183 Assembling: source: 30498, dest: 7011, seq: 1699369936, ack: 28, window: 1448, data: "eam odio corpora"...
2.183 Sent: b'w"\x1bceJS\xd0\x00\x00\x00\x1cP\x00\x05\xa8\x00\x00\x00\x00eam odio corpora'...
2.185 Received: b'\x1bcw"\x00\x00\x00\x1beJYxP\x10\x05\xa8\x00\x00\x00\x00'
2.186 Disassembled: source: 7011, dest: 30498, seq: 27, ack: 1699371384, window: 1448, ACK
2.186 Acknowledged seq: 1699369936
2.186 Assembling: source: 30498, dest: 7011, seq: 1699371384, ack: 28, window: 1448, data: " est. Usu sanctu"...
2.187 Sent: b'w"\x1bceJYx\x00\x00\x00\x1cP\x00\x05\xa8\x00\x00\x00\x00 est. Usu sanctu'...
2.189 Received: b'\x1bcw"\x00\x00\x00\x1beJ_ P\x10\x05\xa8\x00\x00\x00\x00'
2.189 Disassembled: source: 7011, dest: 30498, seq: 27, ack: 1699372832, window: 1448, ACK
2.190 Acknowledged seq: 1699371384
2.190 Assembling: source: 30498, dest: 7011, seq: 1699372832, ack: 28, window: 1448, data: ".

Mei graeco ae"...
2.190 Sent: b'w"\x1bceJ_ \x00\x00\x00\x1cP\x00\x05\xa8\x00\x00\x00\x00.\n\nMei graeco ae'...
2.192 Received: b'\x1bcw"\x00\x00\x00\x1beJd\xc8P\x10\x05\xa8\x00\x00\x00\x00'
2.193 Disassembled: source: 7011, dest: 30498, seq: 27, ack: 1699374280, window: 1448, ACK
2.193 Acknowledged seq: 1699372832
2.193 Assembling: source: 30498, dest: 7011, seq: 1699374280, ack: 28, window: 1448, data: "et. Ne sea primi"...
2.194 Sent: b'w"\x1bceJd\xc8\x00\x00\x00\x1cP\x00\x05\xa8\x00\x00\x00\x00et. Ne sea primi'...
2.196 Received: b'\x1bcw"\x00\x00\x00\x1beJjpP\x10\x05\xa8\x00\x00\x00\x00'
2.196 Disassembled: source: 7011, dest: 30498, seq: 27, ack: 1699375728, window: 1448, ACK
2.197 Acknowledged seq: 1699374280
2.197 Assembling: source: 30498, dest: 7011, seq: 1699375728, ack: 28, window: 1448, data: "ittam convenire."...
2.197 Sent: b'w"\x1bceJjp\x00\x00\x00\x1cP\x00\x05\xa8\x00\x00\x00\x00ittam convenire.'...
2.199 Received: b'\x1bcw"\x00\x00\x00\x1beJp\x18P\x10\x05\xa8\x00\x00\x00\x00'
2.200 Disassembled: source: 7011, dest: 30498, seq: 27, ack: 1699377176, window: 1448, ACK
2.200 Acknowledged seq: 1699375728
2.200 Assembling: source: 30498, dest: 7011, seq: 1699377176, ack: 28, window: 1448, data: "ua et vis, id eu"...
2.201 Sent: b'w"\x1bceJp\x18\x00\x00\x00\x1cP\x00\x05\xa8\x00\x00\x00\x00ua et vis, id eu'...
2.203 Received: b'\x1bcw"\x00\x00\x00\x1beJu\xc0P\x10\x05\xa8\x00\x00\x00\x00'
2.203 Disassembled: source: 7011, dest: 30498, seq: 27, ack: 1699378624, window: 1448, ACK
2.203 Acknowledged seq: 1699377176
2.204 Assembling: source: 30498, dest: 7011, seq: 1699378624, ack: 28, window: 1448, data: "r. Et velit appa"...
2.204 Sent: b'w"\x1bceJu\xc0\x00\x00\x00\x1cP\x00\x05\xa8\x00\x00\x00\x00r. Et velit appa'...
2.206 Received: b'\x1bcw"\x00\x00\x00\x1beJ{hP\x10\x05\xa8\x00\x00\x00\x00'
2.207 Disassembled: source: 7011, dest: 30498, seq: 27, ack: 1699380072, window: 1448, ACK
2.207 Acknowledged seq: 1699378624
2.207 Assembling: source: 30498, dest: 7011, seq: 1699380072, ack: 28, window: 1448, data: " novum laudem, v"...
2.208 Sent: b'w"\x1bceJ{h\x00\x00\x00\x1cP\x00\x05\xa8\x00\x00\x00\x00 novum laudem, v'...
2.210 Failed to receive packet
2.708 Sent: b'w"\x1bceJ{h\x00\x00\x00\x1cP\x00\x05\xa8\x00\x00\x00\x00 novum laudem, v'...
2.711 Received: b'\x1bcw"\x00\x00\x00\x1beJ\x81\x10P\x10\x05\xa8\x00\x00\x00\x00'
2.711 Disassembled: source: 7011, dest: 30498, seq: 27, ack: 1699381520, window: 1448, ACK
2.712 Acknowledged seq: 1699380072
2.712 Assembling: source: 30498, dest: 7011, seq: 1699381520, ack: 28, window: 1448, data: "luptatibus, cibo"...
2.712 Sent: b'w"\x1bceJ\x81\x10\x00\x00\x00\x1cP\x00\x05\xa8\x00\x00\x00\x00luptatibus, cibo'...
2.715 Received: b'\x1bcw"\x00\x00\x00\x1beJ\x86\xb8P\x10\x05\xa8\x00\x00\x00\x00'
2.716 Disassembled: source: 7011, dest: 30498, seq: 27, ack: 1699382968, window: 1448, ACK
2.716 Acknowledged seq: 1699381520
2.716 Assembling: source: 30498, dest: 7011, seq: 1699382968, ack: 28, window: 1448, data: "alii indoctum ma"...
2.717 Sent: b'w"\x1bceJ\x86\xb8\x00\x00\x00\x1cP\x00\x05\xa8\x00\x00\x00\x00alii indoctum ma'...
2.720 Received: b'\x1bcw"\x00\x00\x00\x1beJ\x8c`P\x10\x05\xa8\x00\x00\x00\x00'
2.720 Disassembled: source: 7011, dest: 30498, seq: 27, ack: 1699384416, window: 1448, ACK
2.720 Acknowledged seq: 1699382968
2.721 Assembling: source: 30498, dest: 7011, seq: 1699384416, ack: 28, window: 1448, data: "im, his facete c"...
2.721 Sent: b'w"\x1bceJ\x8c`\x00\x00\x00\x1cP\x00\x05\xa8\x00\x00\x00\x00im, his facete c'...
2.724 Received: b'\x1bcw"\x00\x00\x00\x1beJ\x92\x08P\x10\x05\xa8\x00\x00\x00\x00'
2.724 Disassembled: source: 7011, dest: 30498, seq: 27, ack: 1699385864, window: 1448, ACK
2.724 Acknowledged seq: 1699384416
2.725 Assembling: source: 30498, dest: 7011, seq: 1699385864, ack: 28, window: 1448, data: "e alia dolor com"...
2.725 Sent: b'w"\x1bceJ\x92\x08\x00\x00\x00\x1cP\x00\x05\xa8\x00\x00\x00\x00e alia dolor com'...
2.727 Failed to receive packet
3.226 Sent: b'w"\x1bceJ\x92\x08\x00\x00\x00\x1cP\x00\x05\xa8\x00\x00\x00\x00e alia dolor com'...
3.228 Received: b'\x1bcw"\x00\x00\x00\x1beJ\x97\xb0P\x10\x05\xa8\x00\x00\x00\x00'
3.229 Disassembled: source: 7011, dest: 30498, seq: 27, ack: 1699387312, window: 1448, ACK
3.229 Acknowledged seq: 1699385864
3.229 Assembling: source: 30498, dest: 7011, seq: 1699387312, ack: 28, window: 1448, data: "it ea, reque tem"...
3.230 Sent: b'w"\x1bceJ\x97\xb0\x00\x00\x00\x1cP\x00\x05\xa8\x00\x00\x00\x00it ea, reque tem'...
3.233 Received: b'\x1bcw"\x00\x00\x00\x1beJ\x9dXP\x10\x05\xa8\x00\x00\x00\x00'
3.233 Disassembled: source: 7011, dest: 30498, seq: 27, ack: 1699388760, window: 1448, ACK
3.234 Acknowledged seq: 1699387312
3.234 Assembling: source: 30498, dest: 7011, seq: 1699388760, ack: 28, window: 1448, data: "alisque.

Equide"...
3.234 Sent: b'w"\x1bceJ\x9dX\x00\x00\x00\x1cP\x00\x05\xa8\x00\x00\x00\x00alisque.\n\nEquide'...
3.237 Received: b'\x1bcw"\x00\x00\x00\x1beJ\xa3\x00P\x10\x05\xa8\x00\x00\x00\x00'
3.238 Disassembled: source: 7011, dest: 30498, seq: 27, ack: 1699390208, window: 1448, ACK
3.238 Acknowledged seq: 1699388760
3.238 Assembling: source: 30498, dest: 7011, seq: 1699390208, ack: 28, window: 1448, data: "finitiones, affe"...
3.239 Sent: b'w"\x1bceJ\xa3\x00\x00\x00\x00\x1cP\x00\x05\xa8\x00\x00\x00\x00finitiones, affe'...
3.241 Received: b'\x1bcw"\x00\x00\x00\x1beJ\xa8\xa8P\x10\x05\xa8\x00\x00\x00\x00'
3.241 Disassembled: source: 7011, dest: 30498, seq: 27, ack: 1699391656, window: 1448, ACK
3.241 Acknowledged seq: 1699390208
3.241 Assembling: source: 30498, dest: 7011, seq: 1699391656, ack: 28, window: 1448, data: "his duis graeco "...
3.242 Sent: b'w"\x1bceJ\xa8\xa8\x00\x00\x00\x1cP\x00\x05\xa8\x00\x00\x00\x00his duis graeco '...
3.244 Received: b'\x1bcw"\x00\x00\x00\x1beJ\xaePP\x10\x05\xa8\x00\x00\x00\x00'
3.244 Disassembled: source: 7011, dest: 30498, seq: 27, ack: 1699393104, window: 1448, ACK
3.245 Acknowledged seq: 1699391656
3.245 Assembling: source: 30498, dest: 7011, seq: 1699393104, ack: 28, window: 1448, data: "am. Alia possit "...
3.245 Sent: b'w"\x1bceJ\xaeP\x00\x00\x00\x1cP\x00\x05\xa8\x00\x00\x00\x00am. Alia possit '...
3.247 Received: b'\x1bcw"\x00\x00\x00\x1beJ\xb3\xf8P\x10\x05\xa8\x00\x00\x00\x00'
3.248 Disassembled: source: 7011, dest: 30498, seq: 27, ack: 1699394552, window: 1448, ACK
3.248 Acknowledged seq: 1699393104
3.248 Assembling: source: 30498, dest: 7011, seq: 1699394552, ack: 28, window: 1448, data: "cum an. Mei faci"...
3.249 Sent: b'w"\x1bceJ\xb3\xf8\x00\x00\x00\x1cP\x00\x05\xa8\x00\x00\x00\x00cum an. Mei faci'...
3.250 Received: b'\x1bcw"\x00\x00\x00\x1beJ\xb9\xa0P\x10\x05\xa8\x00\x00\x00\x00'
3.251 Disassembled: source: 7011, dest: 30498, seq: 27, ack: 1699396000, window: 1448, ACK
3.251 Acknowledged seq: 1699394552
3.251 Assembling: source: 30498, dest: 7011, seq: 1699396000, ack: 28, window: 1448, data: " vis adhuc tatio"...
3.252 Sent: b'w"\x1bceJ\xb9\xa0\x00\x00\x00\x1cP\x00\x05\xa8\x00\x00\x00\x00 vis adhuc tatio'...
3.254 Received: b'\x1bcw"\x00\x00\x00\x1beJ\xbfHP\x10\x05\xa8\x00\x00\x00\x00'
3.254 Disassembled: source: 7011, dest: 30498, seq: 27, ack: 1699397448, window: 1448, ACK
3.255 Acknowledged seq: 1699396000
3.255 Assembling: source: 30498, dest: 7011, seq: 1699397448, ack: 28, window: 1448, data: "im eu option iuv"...
3.255 Sent: b'w"\x1bceJ\xbfH\x00\x00\x00\x1cP\x00\x05\xa8\x00\x00\x00\x00im eu option iuv'...
3.257 Received: b'\x1bcw"\x00\x00\x00\x1beJ\xc4\xf0P\x10\x05\xa8\x00\x00\x00\x00'
3.258 Disassembled: source: 7011, dest: 30498, seq: 27, ack: 1699398896, window: 1448, ACK
3.258 Acknowledged seq: 1699397448
3.258 Assembling: source: 30498, dest: 7011, seq: 1699398896, ack: 28, window: 1448, data: "ex epicurei taci"...
3.259 Sent: b'w"\x1bceJ\xc4\xf0\x00\x00\x00\x1cP\x00\x05\xa8\x00\x00\x00\x00ex epicurei taci'...
3.261 Received: b'\x1bcw"\x00\x00\x00\x1beJ\xca\x98P\x10\x05\xa8\x00\x00\x00\x00'
3.261 Disassembled: source: 7011, dest: 30498, seq: 27, ack: 1699400344, window: 1448, ACK
3.262 Acknowledged seq: 1699398896
3.262 Assembling: source: 30498, dest: 7011, seq: 1699400344, ack: 28, window: 1448, data: "ebat, eu pro ero"...
3.262 Failed to send packet
3.763 Sent: b'w"\x1bceJ\xca\x98\x00\x00\x00\x1cP\x00\x05\xa8\x00\x00\x00\x00ebat, eu pro ero'...
3.766 Received: b'\x1bcw"\x00\x00\x00\x1beJ\xd0@P\x10\x05\xa8\x00\x00\x00\x00'
3.766 Disassembled: source: 7011, dest: 30498, seq: 27, ack: 1699401792, window: 1448, ACK
3.766 Acknowledged seq: 1699400344
3.767 Assembling: source: 30498, dest: 7011, seq: 1699401792, ack: 28, window: 1448, data: "s. Per no sale v"...
3.767 Sent: b'w"\x1bceJ\xd0@\x00\x00\x00\x1cP\x00\x05\xa8\x00\x00\x00\x00s. Per no sale v'...
3.770 Received: b'\x1bcw"\x00\x00\x00\x1beJ\xd5\xe8P\x10\x05\xa8\x00\x00\x00\x00'
3.770 Disassembled: source: 7011, dest: 30498, seq: 27, ack: 1699403240, window: 1448, ACK
3.771 Acknowledged seq: 1699401792
3.771 Assembling: source: 30498, dest: 7011, seq: 1699403240, ack: 28, window: 1448, data: "orrupte ea mel. "...
3.772 Sent: b'w"\x1bceJ\xd5\xe8\x00\x00\x00\x1cP\x00\x05\xa8\x00\x00\x00\x00orrupte ea mel. '...
3.774 Failed to receive packet
4.272 Sent: b'w"\x1bceJ\xd5\xe8\x00\x00\x00\x1cP\x00\x05\xa8\x00\x00\x00\x00orrupte ea mel. '...
4.275 Received: b'\x1bcw"\x00\x00\x00\x1beJ\xdb\x90P\x10\x05\xa8\x00\x00\x00\x00'
4.275 Disassembled: source: 7011, dest: 30498, seq: 27, ack: 1699404688, window: 1448, ACK
4.275 Acknowledged seq: 1699403240
4.276 Assembling: source: 30498, dest: 7011, seq: 1699404688, ack: 28, window: 1448, data: ". Est iracundia "...
4.276 Sent: b'w"\x1bceJ\xdb\x90\x00\x00\x00\x1cP\x00\x05\xa8\x00\x00\x00\x00. Est iracundia '...
4.279 Received: b'\x1bcw"\x00\x00\x00\x1beJ\xe18P\x10\x05\xa8\x00\x00\x00\x00'
4.280 Disassembled: source: 7011, dest: 30498, seq: 27, ack: 1699406136, window: 1448, ACK
4.280 Acknowledged seq: 1699404688
4.280 Assembling: source: 30498, dest: 7011, seq: 1699406136, ack: 28, window: 1448, data: "pta probatus scr"...
4.281 Sent: b'w"\x1bceJ\xe18\x00\x00\x00\x1cP\x00\x05\xa8\x00\x00\x00\x00pta probatus scr'...
4.284 Received: b'\x1bcw"\x00\x00\x00\x1beJ\xe6\xe0P\x10\x05\xa8\x00\x00\x00\x00'
4.284 Disassembled: source: 7011, dest: 30498, seq: 27, ack: 1699407584, window: 1448, ACK
4.284 Acknowledged seq: 1699406136
4.285 Assembling: source: 30498, dest: 7011, seq: 1699407584, ack: 28, window: 1448, data: "entur ei, pro ei"...
4.285 Sent: b'w"\x1bceJ\xe6\xe0\x00\x00\x00\x1cP\x00\x05\xa8\x00\x00\x00\x00entur ei, pro ei'...
4.287 Received: b'\x1bcw"\x00\x00\x00\x1beJ\xec\x88P\x10\x05\xa8\x00\x00\x00\x00'
4.287 Disassembled: source: 7011, dest: 30498, seq: 27, ack: 1699409032, window: 1448, ACK
4.287 Acknowledged seq: 1699407584
4.288 Assembling: source: 30498, dest: 7011, seq: 1699409032, ack: 28, window: 1448, data: "simul euismod vi"...
4.288 Sent: b'w"\x1bceJ\xec\x88\x00\x00\x00\x1cP\x00\x05\xa8\x00\x00\x00\x00simul euismod vi'...
4.290 Received: b'\x1bcw"\x00\x00\x00\x1beJ\xf20P\x10\x05\xa8\x00\x00\x00\x00'
4.291 Disassembled: source: 7011, dest: 30498, seq: 27, ack: 1699410480, window: 1448, ACK
4.291 Acknowledged seq: 1699409032
4.291 Assembling: source: 30498, dest: 7011, seq: 1699410480, ack: 28, window: 1448, data: ", eam id iudico "...
4.292 Failed to send packet
4.792 Sent: b'w"\x1bceJ\xf20\x00\x00\x00\x1cP\x00\x05\xa8\x00\x00\x00\x00, eam id iudico '...
4.795 Received: b'\x1bcw"\x00\x00\x00\x1beJ\xf7\xd8P\x10\x05\xa8\x00\x00\x00\x00'
4.795 Disassembled: source: 7011, dest: 30498, seq: 27, ack: 1699411928, window: 1448, ACK
4.796 Acknowledged seq: 1699410480
4.796 Assembling: source: 30498, dest: 7011, seq: 1699411928, ack: 28, window: 1448, data: "m vix. Ea est mu"...
4.796 Sent: b'w"\x1bceJ\xf7\xd8\x00\x00\x00\x1cP\x00\x05\xa8\x00\x00\x00\x00m vix. Ea est mu'...
4.799 Received: b'\x1bcw"\x00\x00\x00\x1beJ\xfd\x80P\x10\x05\xa8\x00\x00\x00\x00'
4.800 Disassembled: source: 7011, dest: 30498, seq: 27, ack: 1699413376, window: 1448, ACK
4.800 Acknowledged seq: 1699411928
4.801 Assembling: source: 30498, dest: 7011, seq: 1699413376, ack: 28, window: 1448, data: "olor sit amet, e"...
4.801 Sent: b'w"\x1bceJ\xfd\x80\x00\x00\x00\x1cP\x00\x05\xa8\x00\x00\x00\x00olor sit amet, e'...
4.804 Received: b'\x1bcw"\x00\x00\x00\x1beK\x03(P\x10\x05\xa8\x00\x00\x00\x00'
4.804 Disassembled: source: 7011, dest: 30498, seq: 27, ack: 1699414824, window: 1448, ACK
4.804 Acknowledged seq: 1699413376
4.805 Assembling: source: 30498, dest: 7011, seq: 1699414824, ack: 28, window: 1448, data: "m, aperiam iudic"...
4.805 Sent: b'w"\x1bceK\x03(\x00\x00\x00\x1cP\x00\x05\xa8\x00\x00\x00\x00m, aperiam iudic'...
4.807 Received: b'\x1bcw"\x00\x00\x00\x1beK\x08\xd0P\x10\x05\xa8\x00\x00\x00\x00'
4.807 Disassembled: source: 7011, dest: 30498, seq: 27, ack: 1699416272, window: 1448, ACK
4.808 Acknowledged seq: 1699414824
4.808 Assembling: source: 30498, dest: 7011, seq: 1699416272, ack: 28, window: 1448, data: "re sea. No eos d"...
4.808 Sent: b'w"\x1bceK\x08\xd0\x00\x00\x00\x1cP\x00\x05\xa8\x00\x00\x00\x00re sea. No eos d'...
4.810 Received: b'\x1bcw"\x00\x00\x00\x1beK\x0exP\x10\x05\xa8\x00\x00\x00\x00'
4.811 Disassembled: source: 7011, dest: 30498, seq: 27, ack: 1699417720, window: 1448, ACK
4.811 Acknowledged seq: 1699416272
4.811 Assembling: source: 30498, dest: 7011, seq: 1699417720, ack: 28, window: 1448, data: "t scripta philos"...
4.812 Failed to send packet
5.312 Sent: b'w"\x1bceK\x0ex\x00\x00\x00\x1cP\x00\x05\xa8\x00\x00\x00\x00t scripta philos'...
5.315 Received: b'\x1bcw"\x00\x00\x00\x1beK\x14 P\x10\x05\xa8\x00\x00\x00\x00'
5.315 Disassembled: source: 7011, dest: 30498, seq: 27, ack: 1699419168, window: 1448, ACK
5.316 Acknowledged seq: 1699417720
5.316 Assembling: source: 30498, dest: 7011, seq: 1699419168, ack: 28, window: 1448, data: "tos sadipscing e"...
5.316 Sent: b'w"\x1bceK\x14 \x00\x00\x00\x1cP\x00\x05\xa8\x00\x00\x00\x00tos sadipscing e'...
5.319 Received: b'\x1bcw"\x00\x00\x00\x1beK\x19\xc8P\x10\x05\xa8\x00\x00\x00\x00'
5.320 Disassembled: source: 7011, dest: 30498, seq: 27, ack: 1699420616, window: 1448, ACK
5.320 Acknowledged seq: 1699419168
5.320 Assembling: source: 30498, dest: 7011, seq: 1699420616, ack: 28, window: 1448, data: "sapientem ea, ad"...
5.321 Sent: b'w"\x1bceK\x19\xc8\x00\x00\x00\x1cP\x00\x05\xa8\x00\x00\x00\x00sapientem ea, ad'...
5.324 Received: b'\x1bcw"\x00\x00\x00\x1beK\x1fpP\x10\x05\xa8\x00\x00\x00\x00'
5.324 Disassembled: source: 7011, dest: 30498, seq: 27, ack: 1699422064, window: 1448, ACK
5.324 Acknowledged seq: 1699420616
5.325 Assembling: source: 30498, dest: 7011, seq: 1699422064, ack: 28, window: 1448, data: "g, ei invenire p"...
5.325 Sent: b'w"\x1bceK\x1fp\x00\x00\x00\x1cP\x00\x05\xa8\x00\x00\x00\x00g, ei invenire p'...
5.328 Received: b'\x1bcw"\x00\x00\x00\x1beK%\x18P\x10\x05\xa8\x00\x00\x00\x00'
5.328 Disassembled: source: 7011, dest: 30498, seq: 27, ack: 1699423512, window: 1448, ACK
5.328 Acknowledged seq: 1699422064
5.329 Assembling: source: 30498, dest: 7011, seq: 1699423512, ack: 28, window: 1448, data: "endo at. Qui id "...
5.329 Sent: b'w"\x1bceK%\x18\x00\x00\x00\x1cP\x00\x05\xa8\x00\x00\x00\x00endo at. Qui id '...
5.331 Received: b'\x1bcw"\x00\x00\x00\x1beK*\xc0P\x10\x05\xa8\x00\x00\x00\x00'
5.331 Disassembled: source: 7011, dest: 30498, seq: 27, ack: 1699424960, window: 1448, ACK
5.332 Acknowledged seq: 1699423512
5.332 Assembling: source: 30498, dest: 7011, seq: 1699424960, ack: 28, window: 1448, data: "ota nostrum et p"...
5.332 Sent: b'w"\x1bceK*\xc0\x00\x00\x00\x1cP\x00\x05\xa8\x00\x00\x00\x00ota nostrum et p'...
5.334 Received: b'\x1bcw"\x00\x00\x00\x1beK0hP\x10\x05\xa8\x00\x00\x00\x00'
5.335 Disassembled: source: 7011, dest: 30498, seq: 27, ack: 1699426408, window: 1448, ACK
5.335 Acknowledged seq: 1699424960
5.335 Assembling: source: 30498, dest: 7011, seq: 1699426408, ack: 28, window: 1448, data: "deseruisse id. P"...
5.336 Sent: b'w"\x1bceK0h\x00\x00\x00\x1cP\x00\x05\xa8\x00\x00\x00\x00deseruisse id. P'...
5.338 Received: b'\x1bcw"\x00\x00\x00\x1beK6\x10P\x10\x05\xa8\x00\x00\x00\x00'
5.338 Disassembled: source: 7011, dest: 30498, seq: 27, ack: 1699427856, window: 1448, ACK
5.338 Acknowledged seq: 1699426408
5.339 Assembling: source: 30498, dest: 7011, seq: 1699427856, ack: 28, window: 1448, data: "odo munere imper"...
5.339 Sent: b'w"\x1bceK6\x10\x00\x00\x00\x1cP\x00\x05\xa8\x00\x00\x00\x00odo munere imper'...
5.341 Received: b'\x1bcw"\x00\x00\x00\x1beK;\xb8P\x10\x05\xa8\x00\x00\x00\x00'
5.342 Disassembled: source: 7011, dest: 30498, seq: 27, ack: 1699429304, window: 1448, ACK
5.342 Acknowledged seq: 1699427856
5.342 Assembling: source: 30498, dest: 7011, seq: 1699429304, ack: 28, window: 1448, data: "cimates cum, tib"...
5.343 Sent: b'w"\x1bceK;\xb8\x00\x00\x00\x1cP\x00\x05\xa8\x00\x00\x00\x00cimates cum, tib'...
5.345 Received: b'\x1bcw"\x00\x00\x00\x1beKA`P\x10\x05\xa8\x00\x00\x00\x00'
5.345 Disassembled: source: 7011, dest: 30498, seq: 27, ack: 1699430752, window: 1448, ACK
5.345 Acknowledged seq: 1699429304
5.346 Assembling: source: 30498, dest: 7011, seq: 1699430752, ack: 28, window: 1448, data: "tiopam molestiae"...
5.346 Failed to send packet
5.846 Sent: b'w"\x1bceKA`\x00\x00\x00\x1cP\x00\x05\xa8\x00\x00\x00\x00tiopam molestiae'...
5.849 Received: b'\x1bcw"\x00\x00\x00\x1beKG\x08P\x10\x05\xa8\x00\x00\x00\x00'
5.850 Disassembled: source: 7011, dest: 30498, seq: 27, ack: 1699432200, window: 1448, ACK
5.850 Acknowledged seq: 1699430752
5.850 Assembling: source: 30498, dest: 7011, seq: 1699432200, ack: 28, window: 1448, data: "possim qui no, v"...
5.851 Sent: b'w"\x1bceKG\x08\x00\x00\x00\x1cP\x00\x05\xa8\x00\x00\x00\x00possim qui no, v'...
5.854 Received: b'\x1bcw"\x00\x00\x00\x1beKL\xb0P\x10\x05\xa8\x00\x00\x00\x00'
5.854 Disassembled: source: 7011, dest: 30498, seq: 27, ack: 1699433648, window: 1448, ACK
5.855 Acknowledged seq: 1699432200
5.855 Assembling: source: 30498, dest: 7011, seq: 1699433648, ack: 28, window: 1448, data: " ex utinam parti"...
5.855 Sent: b'w"\x1bceKL\xb0\x00\x00\x00\x1cP\x00\x05\xa8\x00\x00\x00\x00 ex utinam parti'...
5.858 Failed to receive packet
6.356 Sent: b'w"\x1bceKL\xb0\x00\x00\x00\x1cP\x00\x05\xa8\x00\x00\x00\x00 ex utinam parti'...
6.359 Received: b'\x1bcw"\x00\x00\x00\x1beKRXP\x10\x05\xa8\x00\x00\x00\x00'
6.359 Disassembled: source: 7011, dest: 30498, seq: 27, ack: 1699435096, window: 1448, ACK
6.359 Acknowledged seq: 1699433648
6.360 Assembling: source: 30498, dest: 7011, seq: 1699435096, ack: 28, window: 1448, data: "icus in his. Pri"...
6.360 Failed to send packet
6.860 Sent: b'w"\x1bceKRX\x00\x00\x00\x1cP\x00\x05\xa8\x00\x00\x00\x00icus in his. Pri'...
6.863 Received: b'\x1bcw"\x00\x00\x00\x1beKX\x00P\x10\x05\xa8\x00\x00\x00\x00'
6.864 Disassembled: source: 7011, dest: 30498, seq: 27, ack: 1699436544, window: 1448, ACK
6.864 Acknowledged seq: 1699435096
6.864 Assembling: source: 30498, dest: 7011, seq: 1699436544, ack: 28, window: 1448, data: "iis et.

Ius cu "...
6.865 Sent: b'w"\x1bceKX\x00\x00\x00\x00\x1cP\x00\x05\xa8\x00\x00\x00\x00iis et.\n\nIus cu '...
6.868 Received: b'\x1bcw"\x00\x00\x00\x1beK]\xa8P\x10\x05\xa8\x00\x00\x00\x00'
6.868 Disassembled: source: 7011, dest: 30498, seq: 27, ack: 1699437992, window: 1448, ACK
6.868 Acknowledged seq: 1699436544
6.869 Assembling: source: 30498, dest: 7011, seq: 1699437992, ack: 28, window: 1448, data: "e interesset.

T"...
6.869 Sent: b'w"\x1bceK]\xa8\x00\x00\x00\x1cP\x00\x05\xa8\x00\x00\x00\x00e interesset.\n\nT'...
6.872 Failed to receive packet
7.370 Sent: b'w"\x1bceK]\xa8\x00\x00\x00\x1cP\x00\x05\xa8\x00\x00\x00\x00e interesset.\n\nT'...
7.372 Received: b'\x1bcw"\x00\x00\x00\x1beKcPP\x10\x05\xa8\x00\x00\x00\x00'
7.373 Disassembled: source: 7011, dest: 30498, seq: 27, ack: 1699439440, window: 1448, ACK
7.373 Acknowledged seq: 1699437992
7.373 Assembling: source: 30498, dest: 7011, seq: 1699439440, ack: 28, window: 1448, data: "pro alia volutpa"...
7.374 Sent: b'w"\x1bceKcP\x00\x00\x00\x1cP\x00\x05\xa8\x00\x00\x00\x00pro alia volutpa'...
7.377 Received: b'\x1bcw"\x00\x00\x00\x1beKh\xf8P\x10\x05\xa8\x00\x00\x00\x00'
7.377 Disassembled: source: 7011, dest: 30498, seq: 27, ack: 1699440888, window: 1448, ACK
7.378 Acknowledged seq: 1699439440
7.378 Assembling: source: 30498, dest: 7011, seq: 1699440888, ack: 28, window: 1448, data: " libris equidem "...
7.378 Failed to send packet
7.879 Failed to send packet
8.379 Sent: b'w"\x1bceKh\xf8\x00\x00\x00\x1cP\x00\x05\xa8\x00\x00\x00\x00 libris equidem '...
8.382 Received: b'\x1bcw"\x00\x00\x00\x1beKn\xa0P\x10\x05\xa8\x00\x00\x00\x00'
8.382 Disassembled: source: 7011, dest: 30498, seq: 27, ack: 1699442336, window: 1448, ACK
8.383 Acknowledged seq: 1699440888
8.383 Assembling: source: 30498, dest: 7011, seq: 1699442336, ack: 28, window: 1448, data: "uavitate volupta"...
8.383 Sent: b'w"\x1bceKn\xa0\x00\x00\x00\x1cP\x00\x05\xa8\x00\x00\x00\x00uavitate volupta'...
8.386 Received: b'\x1bcw"\x00\x00\x00\x1beKtHP\x10\x05\xa8\x00\x00\x00\x00'
8.387 Disassembled: source: 7011, dest: 30498, seq: 27, ack: 1699443784, window: 1448, ACK
8.387 Acknowledged seq: 1699442336
8.387 Assembling: source: 30498, dest: 7011, seq: 1699443784, ack: 28, window: 1448, data: " Detraxit defini"...
8.388 Sent: b'w"\x1bceKtH\x00\x00\x00\x1cP\x00\x05\xa8\x00\x00\x00\x00 Detraxit defini'...
8.391 Received: b'\x1bcw"\x00\x00\x00\x1beKy\xf0P\x10\x05\xa8\x00\x00\x00\x00'
8.392 Disassembled: source: 7011, dest: 30498, seq: 27, ack: 1699445232, window: 1448, ACK
8.392 Acknowledged seq: 1699443784
8.392 Assembling: source: 30498, dest: 7011, seq: 1699445232, ack: 28, window: 1448, data: "aesent mei. Quo "...
8.393 Failed to send packet
8.893 Sent: b'w"\x1bceKy\xf0\x00\x00\x00\x1cP\x00\x05\xa8\x00\x00\x00\x00aesent mei. Quo '...
8.896 Received: b'\x1bcw"\x00\x00\x00\x1beK\x7f\x98P\x10\x05\xa8\x00\x00\x00\x00'
8.896 Disassembled: source: 7011, dest: 30498, seq: 27, ack: 1699446680, window: 1448, ACK
8.897 Acknowledged seq: 1699445232
8.897 Assembling: source: 30498, dest: 7011, seq: 1699446680, ack: 28, window: 1448, data: "nterpretaris no "...
8.897 Sent: b'w"\x1bceK\x7f\x98\x00\x00\x00\x1cP\x00\x05\xa8\x00\x00\x00\x00nterpretaris no '...
8.900 Received: b'\x1bcw"\x00\x00\x00\x1beK\x85@P\x10\x05\xa8\x00\x00\x00\x00'
8.901 Disassembled: source: 7011, dest: 30498, seq: 27, ack: 1699448128, window: 1448, ACK
8.901 Acknowledged seq: 1699446680
8.901 Assembling: source: 30498, dest: 7011, seq: 1699448128, ack: 28, window: 1448, data: "patrioque has. I"...
8.902 Sent: b'w"\x1bceK\x85@\x00\x00\x00\x1cP\x00\x05\xa8\x00\x00\x00\x00patrioque has. I'...
8.905 Received: b'\x1bcw"\x00\x00\x00\x1beK\x8a\xe8P\x10\x05\xa8\x00\x00\x00\x00'
8.905 Disassembled: source: 7011, dest: 30498, seq: 27, ack: 1699449576, window: 1448, ACK
8.905 Acknowledged seq: 1699448128
8.906 Assembling: source: 30498, dest: 7011, seq: 1699449576, ack: 28, window: 1448, data: "ossit repudianda"...
8.906 Sent: b'w"\x1bceK\x8a\xe8\x00\x00\x00\x1cP\x00\x05\xa8\x00\x00\x00\x00ossit repudianda'...
8.908 Received: b'\x1bcw"\x00\x00\x00\x1beK\x90\x90P\x10\x05\xa8\x00\x00\x00\x00'
8.909 Disassembled: source: 7011, dest: 30498, seq: 27, ack: 1699451024, window: 1448, ACK
8.909 Acknowledged seq: 1699449576
8.909 Assembling: source: 30498, dest: 7011, seq: 1699451024, ack: 28, window: 1448, data: "ora consequuntur"...
8.910 Sent: b'w"\x1bceK\x90\x90\x00\x00\x00\x1cP\x00\x05\xa8\x00\x00\x00\x00ora consequuntur'...
8.911 Received: b'\x1bcw"\x00\x00\x00\x1beK\x968P\x10\x05\xa8\x00\x00\x00\x00'
8.912 Disassembled: source: 7011, dest: 30498, seq: 27, ack: 1699452472, window: 1448, ACK
8.912 Acknowledged seq: 1699451024
8.912 Assembling: source: 30498, dest: 7011, seq: 1699452472, ack: 28, window: 1448, data: "ctus conceptam a"...
8.913 Sent: b'w"\x1bceK\x968\x00\x00\x00\x1cP\x00\x05\xa8\x00\x00\x00\x00ctus conceptam a'...
8.915 Received: b'\x1bcw"\x00\x00\x00\x1beK\x9b\xe0P\x10\x05\xa8\x00\x00\x00\x00'
8.915 Disassembled: source: 7011, dest: 30498, seq: 27, ack: 1699453920, window: 1448, ACK
8.916 Acknowledged seq: 1699452472
8.916 Assembling: source: 30498, dest: 7011, seq: 1699453920, ack: 28, window: 1448, data: " aeterno te, ne "...
8.916 Sent: b'w"\x1bceK\x9b\xe0\x00\x00\x00\x1cP\x00\x05\xa8\x00\x00\x00\x00 aeterno te, ne '...
8.918 Received: b'\x1bcw"\x00\x00\x00\x1beK\xa1\x88P\x10\x05\xa8\x00\x00\x00\x00'
8.919 Disassembled: source: 7011, dest: 30498, seq: 27, ack: 1699455368, window: 1448, ACK
8.919 Acknowledged seq: 1699453920
8.919 Assembling: source: 30498, dest: 7011, seq: 1699455368, ack: 28, window: 1448, data: "imis oporteat di"...
8.920 Sent: b'w"\x1bceK\xa1\x88\x00\x00\x00\x1cP\x00\x05\xa8\x00\x00\x00\x00imis oporteat di'...
8.921 Received: b'\x1bcw"\x00\x00\x00\x1beK\xa70P\x10\x05\xa8\x00\x00\x00\x00'
8.922 Disassembled: source: 7011, dest: 30498, seq: 27, ack: 1699456816, window: 1448, ACK
8.922 Acknowledged seq: 1699455368
8.922 Assembling: source: 30498, dest: 7011, seq: 1699456816, ack: 28, window: 1448, data: "re. Has virtute "...
8.923 Sent: b'w"\x1bceK\xa70\x00\x00\x00\x1cP\x00\x05\xa8\x00\x00\x00\x00re. Has virtute '...
8.925 Received: b'\x1bcw"\x00\x00\x00\x1beK\xac\xd8P\x10\x05\xa8\x00\x00\x00\x00'
8.925 Disassembled: source: 7011, dest: 30498, seq: 27, ack: 1699458264, window: 1448, ACK
8.926 Acknowledged seq: 1699456816
8.926 Assembling: source: 30498, dest: 7011, seq: 1699458264, ack: 28, window: 1448, data: " eum ancillae no"...
8.926 Sent: b'w"\x1bceK\xac\xd8\x00\x00\x00\x1cP\x00\x05\xa8\x00\x00\x00\x00 eum ancillae no'...
8.928 Received: b'\x1bcw"\x00\x00\x00\x1beK\xb2\x80P\x10\x05\xa8\x00\x00\x00\x00'
8.929 Disassembled: source: 7011, dest: 30498, seq: 27, ack: 1699459712, window: 1448, ACK
8.929 Acknowledged seq: 1699458264
8.929 Assembling: source: 30498, dest: 7011, seq: 1699459712, ack: 28, window: 1448, data: "ppareat ius. At "...
8.930 Sent: b'w"\x1bceK\xb2\x80\x00\x00\x00\x1cP\x00\x05\xa8\x00\x00\x00\x00ppareat ius. At '...
8.932 Received: b'\x1bcw"\x00\x00\x00\x1beK\xb8(P\x10\x05\xa8\x00\x00\x00\x00'
8.933 Disassembled: source: 7011, dest: 30498, seq: 27, ack: 1699461160, window: 1448, ACK
8.933 Acknowledged seq: 1699459712
8.933 Assembling: source: 30498, dest: 7011, seq: 1699461160, ack: 28, window: 1448, data: ", vero appellant"...
8.934 Sent: b'w"\x1bceK\xb8(\x00\x00\x00\x1cP\x00\x05\xa8\x00\x00\x00\x00, vero appellant'...
8.935 Received: b'\x1bcw"\x00\x00\x00\x1beK\xbd\xd0P\x10\x05\xa8\x00\x00\x00\x00'
8.936 Disassembled: source: 7011, dest: 30498, seq: 27, ack: 1699462608, window: 1448, ACK
8.936 Acknowledged seq: 1699461160
8.936 Assembling: source: 30498, dest: 7011, seq: 1699462608, ack: 28, window: 1448, data: "ibo quando copio"...
8.937 Sent: b'w"\x1bceK\xbd\xd0\x00\x00\x00\x1cP\x00\x05\xa8\x00\x00\x00\x00ibo quando copio'...
8.939 Received: b'\x1bcw"\x00\x00\x00\x1beK\xc3xP\x10\x05\xa8\x00\x00\x00\x00'
8.940 Disassembled: source: 7011, dest: 30498, seq: 27, ack: 1699464056, window: 1448, ACK
8.940 Acknowledged seq: 1699462608
8.940 Assembling: source: 30498, dest: 7011, seq: 1699464056, ack: 28, window: 1448, data: " maluisset. Sit "...
8.940 Sent: b'w"\x1bceK\xc3x\x00\x00\x00\x1cP\x00\x05\xa8\x00\x00\x00\x00 maluisset. Sit '...
8.943 Received: b'\x1bcw"\x00\x00\x00\x1beK\xc9 P\x10\x05\xa8\x00\x00\x00\x00'
8.943 Disassembled: source: 7011, dest: 30498, seq: 27, ack: 1699465504, window: 1448, ACK
8.943 Acknowledged seq: 1699464056
8.944 Assembling: source: 30498, dest: 7011, seq: 1699465504, ack: 28, window: 1448, data: "e ceteros albuci"...
8.944 Sent: b'w"\x1bceK\xc9 \x00\x00\x00\x1cP\x00\x05\xa8\x00\x00\x00\x00e ceteros albuci'...
8.946 Received: b'\x1bcw"\x00\x00\x00\x1beK\xce\xc8P\x10\x05\xa8\x00\x00\x00\x00'
8.947 Disassembled: source: 7011, dest: 30498, seq: 27, ack: 1699466952, window: 1448, ACK
8.947 Acknowledged seq: 1699465504
8.947 Assembling: source: 30498, dest: 7011, seq: 1699466952, ack: 28, window: 1448, data: "complectitur sea"...
8.948 Sent: b'w"\x1bceK\xce\xc8\x00\x00\x00\x1cP\x00\x05\xa8\x00\x00\x00\x00complectitur sea'...
8.950 Received: b'\x1bcw"\x00\x00\x00\x1beK\xd4pP\x10\x05\xa8\x00\x00\x00\x00'
8.950 Disassembled: source: 7011, dest: 30498, seq: 27, ack: 1699468400, window: 1448, ACK
8.950 Acknowledged seq: 1699466952
8.951 Finished reading file
8.951 Assembling: source: 30498, dest: 7011, seq: 1699468400, ack: 28, window: 1448, data: "tempor ex ius. E"...
8.951 Failed to send packet
9.452 Sent: b'w"\x1bceK\xd4p\x00\x00\x00\x1cP\x00\x05\xa8\x00\x00\x00\x00tempor ex ius. E'...
9.455 Received: b'\x1bcw"\x00\x00\x00\x1beK\xd4\xceP\x10\x05\xa8\x00\x00\x00\x00'
9.455 Disassembled: source: 7011, dest: 30498, seq: 27, ack: 1699468494, window: 1448, ACK
9.455 Acknowledged seq: 1699468400
9.456 Assembling: source: 30498, dest: 7011, seq: 1699468494, ack: 28, window: 1448, ACK, FIN
9.456 Sent: b'w"\x1bceK\xd4\xce\x00\x00\x00\x1cP\x11\x05\xa8\x00\x00\x00\x00'
9.459 Received: b'\x1bcw"\x00\x00\x00\x1beK\xd4\xcfP\x10\x05\xa8\x00\x00\x00\x00'
9.459 Disassembled: source: 7011, dest: 30498, seq: 27, ack: 1699468495, window: 1448, ACK
9.459 FIN accepted; sending final packet
9.460 Assembling: source: 30498, dest: 7011, seq: 1699468495, ack: 28, window: 1448, ACK
9.460 Sent: b'w"\x1bceK\xd4\xcf\x00\x00\x00\x1cP\x10\x05\xa8\x00\x00\x00\x00'
9.460 Closed connection
9.461 Shutting down
