0.000 NEW RUN: Server, TEST: Write_file__Latency
0.075 Received: b'8\x95\x96\xf6\x00\x00\x00\x0f\x00\x00\x00\x00P\x02\x05\xa8\x00\x00\x00\x00'
0.076 Disassembled: source: 14485, dest: 38646, seq: 15, window: 1448, SYN
0.077 SYN accepted; new connection: 127.0.0.1 on port 14485
0.077 Assembling: source: 38646, dest: 14485, seq: 1808743849, ack: 16, window: 5808, ACK, SYN
0.077 Sent: b'\x96\xf68\x95k\xcf=\xa9\x00\x00\x00\x10P\x12\x16\xb0\x00\x00\x00\x00'
0.578 Sent: b'\x96\xf68\x95k\xcf=\xa9\x00\x00\x00\x10P\x12\x16\xb0\x00\x00\x00\x00'
1.079 Sent: b'\x96\xf68\x95k\xcf=\xa9\x00\x00\x00\x10P\x12\x16\xb0\x00\x00\x00\x00'
1.082 Received: b'8\x95\x96\xf6\x00\x00\x00\x10k\xcf=\xaaP\x10\x16\xb0\x00\x00\x00\x00'
1.082 Disassembled: source: 14485, dest: 38646, seq: 16, ack: 1808743850, window: 5808, ACK
1.083 Assembling: source: 38646, dest: 14485, seq: 1808743850, ack: 16, window: 5808, ACK
1.083 Sent: b'\x96\xf68\x95k\xcf=\xaa\x00\x00\x00\x10P\x10\x16\xb0\x00\x00\x00\x00'
1.084 Received: b'8\x95\x96\xf6\x00\x00\x00\x10k\xcf=\xaaP\x10\x16\xb0\x00\x00\x00\x00Lorem ipsum dolo'...
1.085 Disassembled: source: 14485, dest: 38646, seq: 16, ack: 1808743850, window: 5808, ACK, data: "Lorem ipsum dolo"...
1.085 Handshake complete
1.085 Data accepted; writing to file
1.085 Assembling: source: 38646, dest: 14485, seq: 1808743850, ack: 1464, window: 5808, ACK
1.086 Sent: b'\x96\xf68\x95k\xcf=\xaa\x00\x00\x05\xb8P\x10\x16\xb0\x00\x00\x00\x00'
1.583 Received: b'8\x95\x96\xf6\x00\x00\x00\x10k\xcf=\xaaP\x00\x16\xb0\x00\x00\x00\x00Lorem ipsum dolo'...
1.583 Disassembled: source: 14485, dest: 38646, seq: 16, ack: 1808743850, window: 5808, data: "Lorem ipsum dolo"...
1.583 Old data; ignoring
1.586 Sent: b'\x96\xf68\x95k\xcf=\xaa\x00\x00\x05\xb8P\x10\x16\xb0\x00\x00\x00\x00'
2.083 Received: b'8\x95\x96\xf6\x00\x00\x00\x10k\xcf=\xaaP\x10\x16\xb0\x00\x00\x00\x00Lorem ipsum dolo'...
2.084 Disassembled: source: 14485, dest: 38646, seq: 16, ack: 1808743850, window: 5808, ACK, data: "Lorem ipsum dolo"...
2.084 Old data; ignoring
2.087 Sent: b'\x96\xf68\x95k\xcf=\xaa\x00\x00\x05\xb8P\x10\x16\xb0\x00\x00\x00\x00'
2.088 Received: b'8\x95\x96\xf6\x00\x00\x00\x10k\xcf=\xaaP\x00\x16\xb0\x00\x00\x00\x00Lorem ipsum dolo'...
2.088 Disassembled: source: 14485, dest: 38646, seq: 16, ack: 1808743850, window: 5808, data: "Lorem ipsum dolo"...
2.089 Old data; ignoring
2.090 Received: b'8\x95\x96\xf6\x00\x00\x05\xb8k\xcf=\xaaP\x10\x16\xb0\x00\x00\x00\x00mprehensam nam, '...
2.091 Disassembled: source: 14485, dest: 38646, seq: 1464, ack: 1808743850, window: 5808, ACK, data: "mprehensam nam, "...
2.091 Error: Incorrect acknowledgement flag
2.588 Sent: b'\x96\xf68\x95k\xcf=\xaa\x00\x00\x05\xb8P\x10\x16\xb0\x00\x00\x00\x00'
2.591 Received: b'8\x95\x96\xf6\x00\x00\x05\xb8k\xcf=\xaaP\x00\x16\xb0\x00\x00\x00\x00mprehensam nam, '...
2.592 Disassembled: source: 14485, dest: 38646, seq: 1464, ack: 1808743850, window: 5808, data: "mprehensam nam, "...
2.592 Data accepted; writing to file
2.592 Assembling: source: 38646, dest: 14485, seq: 1808743850, ack: 2912, window: 5808, ACK
2.593 Sent: b'\x96\xf68\x95k\xcf=\xaa\x00\x00\x0b`P\x10\x16\xb0\x00\x00\x00\x00'
3.092 Received: b'8\x95\x96\xf6\x00\x00\x05\xb8k\xcf=\xaaP\x10\x16\xb0\x00\x00\x00\x00mprehensam nam, '...
3.093 Disassembled: source: 14485, dest: 38646, seq: 1464, ack: 1808743850, window: 5808, ACK, data: "mprehensam nam, "...
3.093 Old data; ignoring
3.093 Sent: b'\x96\xf68\x95k\xcf=\xaa\x00\x00\x0b`P\x10\x16\xb0\x00\x00\x00\x00'
3.592 Received: b'8\x95\x96\xf6\x00\x00\x05\xb8k\xcf=\xaaP\x00\x16\xb0\x00\x00\x00\x00mprehensam nam, '...
3.593 Disassembled: source: 14485, dest: 38646, seq: 1464, ack: 1808743850, window: 5808, data: "mprehensam nam, "...
3.593 Old data; ignoring
3.594 Sent: b'\x96\xf68\x95k\xcf=\xaa\x00\x00\x0b`P\x10\x16\xb0\x00\x00\x00\x00'
3.597 Received: b'8\x95\x96\xf6\x00\x00\x0b`k\xcf=\xaaP\x10\x16\xb0\x00\x00\x00\x00ilisi repudiare '...
3.598 Disassembled: source: 14485, dest: 38646, seq: 2912, ack: 1808743850, window: 5808, ACK, data: "ilisi repudiare "...
3.598 Error: Incorrect acknowledgement flag
4.094 Sent: b'\x96\xf68\x95k\xcf=\xaa\x00\x00\x0b`P\x10\x16\xb0\x00\x00\x00\x00'
4.098 Received: b'8\x95\x96\xf6\x00\x00\x0b`k\xcf=\xaaP\x00\x16\xb0\x00\x00\x00\x00ilisi repudiare '...
4.098 Disassembled: source: 14485, dest: 38646, seq: 2912, ack: 1808743850, window: 5808, data: "ilisi repudiare "...
4.098 Data accepted; writing to file
4.099 Assembling: source: 38646, dest: 14485, seq: 1808743850, ack: 3259, window: 5808, ACK
4.099 Sent: b'\x96\xf68\x95k\xcf=\xaa\x00\x00\x0c\xbbP\x10\x16\xb0\x00\x00\x00\x00'
4.598 Received: b'8\x95\x96\xf6\x00\x00\x0b`k\xcf=\xaaP\x10\x16\xb0\x00\x00\x00\x00ilisi repudiare '...
4.598 Disassembled: source: 14485, dest: 38646, seq: 2912, ack: 1808743850, window: 5808, ACK, data: "ilisi repudiare "...
4.599 Old data; ignoring
4.600 Sent: b'\x96\xf68\x95k\xcf=\xaa\x00\x00\x0c\xbbP\x10\x16\xb0\x00\x00\x00\x00'
5.099 Received: b'8\x95\x96\xf6\x00\x00\x0b`k\xcf=\xaaP\x00\x16\xb0\x00\x00\x00\x00ilisi repudiare '...
5.100 Disassembled: source: 14485, dest: 38646, seq: 2912, ack: 1808743850, window: 5808, data: "ilisi repudiare "...
5.100 Old data; ignoring
5.100 Sent: b'\x96\xf68\x95k\xcf=\xaa\x00\x00\x0c\xbbP\x10\x16\xb0\x00\x00\x00\x00'
5.601 Sent: b'\x96\xf68\x95k\xcf=\xaa\x00\x00\x0c\xbbP\x10\x16\xb0\x00\x00\x00\x00'
6.102 Sent: b'\x96\xf68\x95k\xcf=\xaa\x00\x00\x0c\xbbP\x10\x16\xb0\x00\x00\x00\x00'
6.602 Error: Connection timed out
6.602 Closed connection
7.102 Shutting down
