0.000 NEW RUN: Server, TEST: Write_file__Empty
0.078 Received: b'\xdcQj\xee\x00\x00\x00c\x00\x00\x00\x00P\x02\x05\xa8\x00\x00\x00\x00'
0.079 Disassembled: source: 56401, dest: 27374, seq: 99, window: 1448, SYN
0.079 SYN accepted; new connection: 127.0.0.1 on port 56401
0.079 Assembling: source: 27374, dest: 56401, seq: 1592796353, ack: 100, window: 5808, ACK, SYN
0.080 Sent: b'j\xee\xdcQ^\xf0$\xc1\x00\x00\x00dP\x12\x16\xb0\x00\x00\x00\x00'
0.083 Received: b'\xdcQj\xee\x00\x00\x00d^\xf0$\xc2P\x10\x16\xb0\x00\x00\x00\x00'
0.083 Disassembled: source: 56401, dest: 27374, seq: 100, ack: 1592796354, window: 5808, ACK
0.084 Assembling: source: 27374, dest: 56401, seq: 1592796354, ack: 100, window: 5808, ACK
0.084 Sent: b'j\xee\xdcQ^\xf0$\xc2\x00\x00\x00dP\x10\x16\xb0\x00\x00\x00\x00'
0.085 Received: b'\xdcQj\xee\x00\x00\x00d^\xf0$\xc2P\x10\x16\xb0\x00\x00\x00\x00'
0.086 Disassembled: source: 56401, dest: 27374, seq: 100, ack: 1592796354, window: 5808, ACK
0.086 Assembling: source: 27374, dest: 56401, seq: 1592796354, ack: 100, window: 5808, ACK
0.086 Sent: b'j\xee\xdcQ^\xf0$\xc2\x00\x00\x00dP\x10\x16\xb0\x00\x00\x00\x00'
0.587 Sent: b'j\xee\xdcQ^\xf0$\xc2\x00\x00\x00dP\x10\x16\xb0\x00\x00\x00\x00'
1.087 Sent: b'j\xee\xdcQ^\xf0$\xc2\x00\x00\x00dP\x10\x16\xb0\x00\x00\x00\x00'
1.587 Sent: b'j\xee\xdcQ^\xf0$\xc2\x00\x00\x00dP\x10\x16\xb0\x00\x00\x00\x00'
2.088 Sent: b'j\xee\xdcQ^\xf0$\xc2\x00\x00\x00dP\x10\x16\xb0\x00\x00\x00\x00'
2.588 Error: Connection timed out
2.588 Closed connection
2.589 Shutting down
