0.000 NEW RUN: Server, TEST: Write_file__Random_drops
0.078 Received: b'&51\xae\x00\x00\x00\x0c\x00\x00\x00\x00P\x02\x05\xa8\x00\x00\x00\x00'
0.079 Disassembled: source: 9781, dest: 12718, seq: 12, window: 1448, SYN
0.080 SYN accepted; new connection: 127.0.0.1 on port 9781
0.080 Assembling: source: 12718, dest: 9781, seq: 1709108112, ack: 13, window: 5808, ACK, SYN
0.080 Sent: b'1\xae&5e\xde\xeb\x90\x00\x00\x00\rP\x12\x16\xb0\x00\x00\x00\x00'
0.082 Received: b'&51\xae\x00\x00\x00\re\xde\xeb\x91P\x10\x16\xb0\x00\x00\x00\x00'
0.083 Disassembled: source: 9781, dest: 12718, seq: 13, ack: 1709108113, window: 5808, ACK
0.083 Assembling: source: 12718, dest: 9781, seq: 1709108113, ack: 13, window: 5808, ACK
0.083 Failed to receive packet
0.083 Sent: b'1\xae&5e\xde\xeb\x91\x00\x00\x00\rP\x10\x16\xb0\x00\x00\x00\x00'
0.086 Received: b'&51\xae\x00\x00\x00\re\xde\xeb\x91P\x00\x16\xb0\x00\x00\x00\x00Lorem ipsum dolo'...
0.086 Disassembled: source: 9781, dest: 12718, seq: 13, ack: 1709108113, window: 5808, data: "Lorem ipsum dolo"...
0.086 Error: Incorrect acknowledgement flag
0.584 Sent: b'1\xae&5e\xde\xeb\x91\x00\x00\x00\rP\x10\x16\xb0\x00\x00\x00\x00'
0.587 Received: b'&51\xae\x00\x00\x00\re\xde\xeb\x91P\x10\x16\xb0\x00\x00\x00\x00Lorem ipsum dolo'...
0.588 Disassembled: source: 9781, dest: 12718, seq: 13, ack: 1709108113, window: 5808, ACK, data: "Lorem ipsum dolo"...
0.588 Handshake complete
0.588 Data accepted; writing to file
0.588 Assembling: source: 12718, dest: 9781, seq: 1709108113, ack: 1461, window: 5808, ACK
0.588 Sent: b'1\xae&5e\xde\xeb\x91\x00\x00\x05\xb5P\x10\x16\xb0\x00\x00\x00\x00'
0.591 Received: b'&51\xae\x00\x00\x05\xb5e\xde\xeb\x91P\x00\x16\xb0\x00\x00\x00\x00mprehensam nam, '...
0.592 Disassembled: source: 9781, dest: 12718, seq: 1461, ack: 1709108113, window: 5808, data: "mprehensam nam, "...
0.592 Data accepted; writing to file
0.592 Assembling: source: 12718, dest: 9781, seq: 1709108113, ack: 2909, window: 5808, ACK
0.593 Sent: b'1\xae&5e\xde\xeb\x91\x00\x00\x0b]P\x10\x16\xb0\x00\x00\x00\x00'
0.596 Received: b'&51\xae\x00\x00\x0b]e\xde\xeb\x91P\x10\x16\xb0\x00\x00\x00\x00ilisi repudiare '...
0.596 Disassembled: source: 9781, dest: 12718, seq: 2909, ack: 1709108113, window: 5808, ACK, data: "ilisi repudiare "...
0.597 Error: Incorrect acknowledgement flag
1.093 Sent: b'1\xae&5e\xde\xeb\x91\x00\x00\x0b]P\x10\x16\xb0\x00\x00\x00\x00'
1.096 Received: b'&51\xae\x00\x00\x0b]e\xde\xeb\x91P\x00\x16\xb0\x00\x00\x00\x00ilisi repudiare '...
1.097 Disassembled: source: 9781, dest: 12718, seq: 2909, ack: 1709108113, window: 5808, data: "ilisi repudiare "...
1.097 Data accepted; writing to file
1.097 Assembling: source: 12718, dest: 9781, seq: 1709108113, ack: 4357, window: 5808, ACK
1.098 Sent: b'1\xae&5e\xde\xeb\x91\x00\x00\x11\x05P\x10\x16\xb0\x00\x00\x00\x00'
1.101 Received: b'&51\xae\x00\x00\x11\x05e\xde\xeb\x91P\x10\x16\xb0\x00\x00\x00\x00ta.\n\nEt essent s'...
1.101 Disassembled: source: 9781, dest: 12718, seq: 4357, ack: 1709108113, window: 5808, ACK, data: "ta.

Et essent s"...
1.102 Error: Incorrect acknowledgement flag
1.598 Sent: b'1\xae&5e\xde\xeb\x91\x00\x00\x11\x05P\x10\x16\xb0\x00\x00\x00\x00'
1.601 Received: b'&51\xae\x00\x00\x11\x05e\xde\xeb\x91P\x00\x16\xb0\x00\x00\x00\x00ta.\n\nEt essent s'...
1.602 Disassembled: source: 9781, dest: 12718, seq: 4357, ack: 1709108113, window: 5808, data: "ta.

Et essent s"...
1.602 Data accepted; writing to file
1.602 Assembling: source: 12718, dest: 9781, seq: 1709108113, ack: 5805, window: 5808, ACK
1.603 Failed to send packet
2.103 Failed to send packet
2.604 Sent: b'1\xae&5e\xde\xeb\x91\x00\x00\x16\xadP\x10\x16\xb0\x00\x00\x00\x00'
2.607 Received: b'&51\xae\x00\x00\x16\xade\xde\xeb\x91P\x10\x16\xb0\x00\x00\x00\x00 Nihil tractatos'...
2.607 Disassembled: source: 9781, dest: 12718, seq: 5805, ack: 1709108113, window: 5808, ACK, data: " Nihil tractatos"...
2.607 Error: Incorrect acknowledgement flag
3.104 Failed to send packet
3.604 Sent: b'1\xae&5e\xde\xeb\x91\x00\x00\x16\xadP\x10\x16\xb0\x00\x00\x00\x00'
3.608 Received: b'&51\xae\x00\x00\x16\xade\xde\xeb\x91P\x00\x16\xb0\x00\x00\x00\x00 Nihil tractatos'...
3.608 Disassembled: source: 9781, dest: 12718, seq: 5805, ack: 1709108113, window: 5808, data: " Nihil tractatos"...
3.609 Data accepted; writing to file
3.609 Assembling: source: 12718, dest: 9781, seq: 1709108113, ack: 7253, window: 5808, ACK
3.609 Sent: b'1\xae&5e\xde\xeb\x91\x00\x00\x1cUP\x10\x16\xb0\x00\x00\x00\x00'
3.612 Received: b'&51\xae\x00\x00\x1cUe\xde\xeb\x91P\x10\x16\xb0\x00\x00\x00\x00fert iuvaret sap'...
3.613 Disassembled: source: 9781, dest: 12718, seq: 7253, ack: 1709108113, window: 5808, ACK, data: "fert iuvaret sap"...
3.613 Error: Incorrect acknowledgement flag
4.110 Sent: b'1\xae&5e\xde\xeb\x91\x00\x00\x1cUP\x10\x16\xb0\x00\x00\x00\x00'
4.113 Received: b'&51\xae\x00\x00\x1cUe\xde\xeb\x91P\x00\x16\xb0\x00\x00\x00\x00fert iuvaret sap'...
4.113 Disassembled: source: 9781, dest: 12718, seq: 7253, ack: 1709108113, window: 5808, data: "fert iuvaret sap"...
4.114 Data accepted; writing to file
4.114 Assembling: source: 12718, dest: 9781, seq: 1709108113, ack: 8701, window: 5808, ACK
4.114 Sent: b'1\xae&5e\xde\xeb\x91\x00\x00!\xfdP\x10\x16\xb0\x00\x00\x00\x00'
4.117 Received: b'&51\xae\x00\x00!\xfde\xde\xeb\x91P\x10\x16\xb0\x00\x00\x00\x00ram adipiscing, '...
4.118 Disassembled: source: 9781, dest: 12718, seq: 8701, ack: 1709108113, window: 5808, ACK, data: "ram adipiscing, "...
4.118 Error: Incorrect acknowledgement flag
4.615 Sent: b'1\xae&5e\xde\xeb\x91\x00\x00!\xfdP\x10\x16\xb0\x00\x00\x00\x00'
4.618 Received: b'&51\xae\x00\x00!\xfde\xde\xeb\x91P\x00\x16\xb0\x00\x00\x00\x00ram adipiscing, '...
4.618 Disassembled: source: 9781, dest: 12718, seq: 8701, ack: 1709108113, window: 5808, data: "ram adipiscing, "...
4.619 Data accepted; writing to file
4.619 Assembling: source: 12718, dest: 9781, seq: 1709108113, ack: 10149, window: 5808, ACK
4.619 Sent: b"1\xae&5e\xde\xeb\x91\x00\x00'\xa5P\x10\x16\xb0\x00\x00\x00\x00"
4.622 Received: b"&51\xae\x00\x00'\xa5e\xde\xeb\x91P\x10\x16\xb0\x00\x00\x00\x00m veritus vivend"...
4.623 Disassembled: source: 9781, dest: 12718, seq: 10149, ack: 1709108113, window: 5808, ACK, data: "m veritus vivend"...
4.623 Error: Incorrect acknowledgement flag
5.120 Sent: b"1\xae&5e\xde\xeb\x91\x00\x00'\xa5P\x10\x16\xb0\x00\x00\x00\x00"
5.123 Received: b"&51\xae\x00\x00'\xa5e\xde\xeb\x91P\x00\x16\xb0\x00\x00\x00\x00m veritus vivend"...
5.123 Disassembled: source: 9781, dest: 12718, seq: 10149, ack: 1709108113, window: 5808, data: "m veritus vivend"...
5.124 Data accepted; writing to file
5.124 Assembling: source: 12718, dest: 9781, seq: 1709108113, ack: 11597, window: 5808, ACK
5.124 Sent: b'1\xae&5e\xde\xeb\x91\x00\x00-MP\x10\x16\xb0\x00\x00\x00\x00'
5.127 Failed to receive packet
5.625 Sent: b'1\xae&5e\xde\xeb\x91\x00\x00-MP\x10\x16\xb0\x00\x00\x00\x00'
5.628 Received: b'&51\xae\x00\x00-Me\xde\xeb\x91P\x00\x16\xb0\x00\x00\x00\x00 delenit, ignota'...
5.628 Disassembled: source: 9781, dest: 12718, seq: 11597, ack: 1709108113, window: 5808, data: " delenit, ignota"...
5.629 Data accepted; writing to file
5.629 Assembling: source: 12718, dest: 9781, seq: 1709108113, ack: 13045, window: 5808, ACK
5.629 Sent: b'1\xae&5e\xde\xeb\x91\x00\x002\xf5P\x10\x16\xb0\x00\x00\x00\x00'
5.632 Received: b'&51\xae\x00\x002\xf5e\xde\xeb\x91P\x10\x16\xb0\x00\x00\x00\x00se explicari des'...
5.633 Disassembled: source: 9781, dest: 12718, seq: 13045, ack: 1709108113, window: 5808, ACK, data: "se explicari des"...
5.633 Error: Incorrect acknowledgement flag
6.130 Sent: b'1\xae&5e\xde\xeb\x91\x00\x002\xf5P\x10\x16\xb0\x00\x00\x00\x00'
6.133 Received: b'&51\xae\x00\x002\xf5e\xde\xeb\x91P\x00\x16\xb0\x00\x00\x00\x00se explicari des'...
6.134 Disassembled: source: 9781, dest: 12718, seq: 13045, ack: 1709108113, window: 5808, data: "se explicari des"...
6.134 Data accepted; writing to file
6.134 Assembling: source: 12718, dest: 9781, seq: 1709108113, ack: 14493, window: 5808, ACK
6.135 Sent: b'1\xae&5e\xde\xeb\x91\x00\x008\x9dP\x10\x16\xb0\x00\x00\x00\x00'
6.138 Received: b'&51\xae\x00\x008\x9de\xde\xeb\x91P\x10\x16\xb0\x00\x00\x00\x00piscing, in modo'...
6.138 Disassembled: source: 9781, dest: 12718, seq: 14493, ack: 1709108113, window: 5808, ACK, data: "piscing, in modo"...
6.138 Error: Incorrect acknowledgement flag
6.635 Sent: b'1\xae&5e\xde\xeb\x91\x00\x008\x9dP\x10\x16\xb0\x00\x00\x00\x00'
6.638 Received: b'&51\xae\x00\x008\x9de\xde\xeb\x91P\x00\x16\xb0\x00\x00\x00\x00piscing, in modo'...
6.639 Disassembled: source: 9781, dest: 12718, seq: 14493, ack: 1709108113, window: 5808, data: "piscing, in modo"...
6.639 Data accepted; writing to file
6.639 Assembling: source: 12718, dest: 9781, seq: 1709108113, ack: 15941, window: 5808, ACK
6.640 Sent: b'1\xae&5e\xde\xeb\x91\x00\x00>EP\x10\x16\xb0\x00\x00\x00\x00'
6.643 Received: b'&51\xae\x00\x00>Ee\xde\xeb\x91P\x10\x16\xb0\x00\x00\x00\x00o copiosae tacim'...
6.643 Disassembled: source: 9781, dest: 12718, seq: 15941, ack: 1709108113, window: 5808, ACK, data: "o copiosae tacim"...
6.644 Error: Incorrect acknowledgement flag
7.140 Sent: b'1\xae&5e\xde\xeb\x91\x00\x00>EP\x10\x16\xb0\x00\x00\x00\x00'
7.144 Received: b'&51\xae\x00\x00>Ee\xde\xeb\x91P\x00\x16\xb0\x00\x00\x00\x00o copiosae tacim'...
7.144 Disassembled: source: 9781, dest: 12718, seq: 15941, ack: 1709108113, window: 5808, data: "o copiosae tacim"...
7.144 Data accepted; writing to file
7.144 Assembling: source: 12718, dest: 9781, seq: 1709108113, ack: 17389, window: 5808, ACK
7.145 Sent: b'1\xae&5e\xde\xeb\x91\x00\x00C\xedP\x10\x16\xb0\x00\x00\x00\x00'
7.148 Received: b'&51\xae\x00\x00C\xede\xde\xeb\x91P\x10\x16\xb0\x00\x00\x00\x00am. Pri ne antio'...
7.148 Disassembled: source: 9781, dest: 12718, seq: 17389, ack: 1709108113, window: 5808, ACK, data: "am. Pri ne antio"...
7.149 Error: Incorrect acknowledgement flag
7.645 Sent: b'1\xae&5e\xde\xeb\x91\x00\x00C\xedP\x10\x16\xb0\x00\x00\x00\x00'
7.648 Received: b'&51\xae\x00\x00C\xede\xde\xeb\x91P\x00\x16\xb0\x00\x00\x00\x00am. Pri ne antio'...
7.649 Disassembled: source: 9781, dest: 12718, seq: 17389, ack: 1709108113, window: 5808, data: "am. Pri ne antio"...
7.649 Data accepted; writing to file
7.649 Assembling: source: 12718, dest: 9781, seq: 1709108113, ack: 18837, window: 5808, ACK
7.650 Sent: b'1\xae&5e\xde\xeb\x91\x00\x00I\x95P\x10\x16\xb0\x00\x00\x00\x00'
7.653 Received: b'&51\xae\x00\x00I\x95e\xde\xeb\x91P\x10\x16\xb0\x00\x00\x00\x00to no. Elitr pos'...
7.653 Disassembled: source: 9781, dest: 12718, seq: 18837, ack: 1709108113, window: 5808, ACK, data: "to no. Elitr pos"...
7.654 Error: Incorrect acknowledgement flag
8.150 Sent: b'1\xae&5e\xde\xeb\x91\x00\x00I\x95P\x10\x16\xb0\x00\x00\x00\x00'
8.154 Received: b'&51\xae\x00\x00I\x95e\xde\xeb\x91P\x00\x16\xb0\x00\x00\x00\x00to no. Elitr pos'...
8.154 Disassembled: source: 9781, dest: 12718, seq: 18837, ack: 1709108113, window: 5808, data: "to no. Elitr pos"...
8.154 Data accepted; writing to file
8.154 Assembling: source: 12718, dest: 9781, seq: 1709108113, ack: 20285, window: 5808, ACK
8.155 Failed to send packet
8.655 Failed to send packet
9.156 Sent: b'1\xae&5e\xde\xeb\x91\x00\x00O=P\x10\x16\xb0\x00\x00\x00\x00'
9.159 Received: b'&51\xae\x00\x00O=e\xde\xeb\x91P\x10\x16\xb0\x00\x00\x00\x00pretaris, sea ex'...
9.159 Disassembled: source: 9781, dest: 12718, seq: 20285, ack: 1709108113, window: 5808, ACK, data: "pretaris, sea ex"...
9.160 Error: Incorrect acknowledgement flag
9.656 Sent: b'1\xae&5e\xde\xeb\x91\x00\x00O=P\x10\x16\xb0\x00\x00\x00\x00'
9.659 Received: b'&51\xae\x00\x00O=e\xde\xeb\x91P\x00\x16\xb0\x00\x00\x00\x00pretaris, sea ex'...
9.660 Disassembled: source: 9781, dest: 12718, seq: 20285, ack: 1709108113, window: 5808, data: "pretaris, sea ex"...
9.660 Data accepted; writing to file
9.660 Assembling: source: 12718, dest: 9781, seq: 1709108113, ack: 21733, window: 5808, ACK
9.661 Sent: b'1\xae&5e\xde\xeb\x91\x00\x00T\xe5P\x10\x16\xb0\x00\x00\x00\x00'
9.664 Received: b'&51\xae\x00\x00T\xe5e\xde\xeb\x91P\x10\x16\xb0\x00\x00\x00\x00oporteat inimicu'...
9.664 Disassembled: source: 9781, dest: 12718, seq: 21733, ack: 1709108113, window: 5808, ACK, data: "oporteat inimicu"...
9.665 Error: Incorrect acknowledgement flag
10.161 Sent: b'1\xae&5e\xde\xeb\x91\x00\x00T\xe5P\x10\x16\xb0\x00\x00\x00\x00'
10.165 Failed to receive packet
10.662 Sent: b'1\xae&5e\xde\xeb\x91\x00\x00T\xe5P\x10\x16\xb0\x00\x00\x00\x00'
10.665 Received: b'&51\xae\x00\x00T\xe5e\xde\xeb\x91P\x10\x16\xb0\x00\x00\x00\x00oporteat inimicu'...
10.666 Disassembled: source: 9781, dest: 12718, seq: 21733, ack: 1709108113, window: 5808, ACK, data: "oporteat inimicu"...
10.666 Error: Incorrect acknowledgement flag
11.162 Sent: b'1\xae&5e\xde\xeb\x91\x00\x00T\xe5P\x10\x16\xb0\x00\x00\x00\x00'
11.165 Received: b'&51\xae\x00\x00T\xe5e\xde\xeb\x91P\x00\x16\xb0\x00\x00\x00\x00oporteat inimicu'...
11.166 Disassembled: source: 9781, dest: 12718, seq: 21733, ack: 1709108113, window: 5808, data: "oporteat inimicu"...
11.166 Data accepted; writing to file
11.166 Assembling: source: 12718, dest: 9781, seq: 1709108113, ack: 23181, window: 5808, ACK
11.167 Sent: b'1\xae&5e\xde\xeb\x91\x00\x00Z\x8dP\x10\x16\xb0\x00\x00\x00\x00'
11.170 Received: b'&51\xae\x00\x00Z\x8de\xde\xeb\x91P\x10\x16\xb0\x00\x00\x00\x00ligendi officiis'...
11.171 Disassembled: source: 9781, dest: 12718, seq: 23181, ack: 1709108113, window: 5808, ACK, data: "ligendi officiis"...
11.171 Error: Incorrect acknowledgement flag
11.667 Sent: b'1\xae&5e\xde\xeb\x91\x00\x00Z\x8dP\x10\x16\xb0\x00\x00\x00\x00'
11.670 Received: b'&51\xae\x00\x00Z\x8de\xde\xeb\x91P\x00\x16\xb0\x00\x00\x00\x00ligendi officiis'...
11.671 Disassembled: source: 9781, dest: 12718, seq: 23181, ack: 1709108113, window: 5808, data: "ligendi officiis"...
11.671 Data accepted; writing to file
11.671 Assembling: source: 12718, dest: 9781, seq: 1709108113, ack: 24629, window: 5808, ACK
11.672 Failed to send packet
12.172 Failed to send packet
12.673 Failed to send packet
13.173 Sent: b'1\xae&5e\xde\xeb\x91\x00\x00`5P\x10\x16\xb0\x00\x00\x00\x00'
13.176 Received: b'&51\xae\x00\x00`5e\xde\xeb\x91P\x10\x16\xb0\x00\x00\x00\x00no vel regione i'...
13.177 Disassembled: source: 9781, dest: 12718, seq: 24629, ack: 1709108113, window: 5808, ACK, data: "no vel regione i"...
13.177 Error: Incorrect acknowledgement flag
13.673 Sent: b'1\xae&5e\xde\xeb\x91\x00\x00`5P\x10\x16\xb0\x00\x00\x00\x00'
13.677 Received: b'&51\xae\x00\x00`5e\xde\xeb\x91P\x00\x16\xb0\x00\x00\x00\x00no vel regione i'...
13.677 Disassembled: source: 9781, dest: 12718, seq: 24629, ack: 1709108113, window: 5808, data: "no vel regione i"...
13.677 Data accepted; writing to file
13.678 Assembling: source: 12718, dest: 9781, seq: 1709108113, ack: 26077, window: 5808, ACK
13.678 Sent: b'1\xae&5e\xde\xeb\x91\x00\x00e\xddP\x10\x16\xb0\x00\x00\x00\x00'
13.681 Received: b'&51\xae\x00\x00e\xdde\xde\xeb\x91P\x10\x16\xb0\x00\x00\x00\x00ibus vis ex, pro'...
13.682 Disassembled: source: 9781, dest: 12718, seq: 26077, ack: 1709108113, window: 5808, ACK, data: "ibus vis ex, pro"...
13.682 Error: Incorrect acknowledgement flag
14.179 Failed to send packet
14.679 Sent: b'1\xae&5e\xde\xeb\x91\x00\x00e\xddP\x10\x16\xb0\x00\x00\x00\x00'
14.682 Received: b'&51\xae\x00\x00e\xdde\xde\xeb\x91P\x00\x16\xb0\x00\x00\x00\x00ibus vis ex, pro'...
14.683 Disassembled: source: 9781, dest: 12718, seq: 26077, ack: 1709108113, window: 5808, data: "ibus vis ex, pro"...
14.683 Data accepted; writing to file
14.683 Assembling: source: 12718, dest: 9781, seq: 1709108113, ack: 27525, window: 5808, ACK
14.683 Sent: b'1\xae&5e\xde\xeb\x91\x00\x00k\x85P\x10\x16\xb0\x00\x00\x00\x00'
14.687 Received: b'&51\xae\x00\x00k\x85e\xde\xeb\x91P\x10\x16\xb0\x00\x00\x00\x00o vix, mel ea li'...
14.687 Disassembled: source: 9781, dest: 12718, seq: 27525, ack: 1709108113, window: 5808, ACK, data: "o vix, mel ea li"...
14.687 Error: Incorrect acknowledgement flag
15.184 Sent: b'1\xae&5e\xde\xeb\x91\x00\x00k\x85P\x10\x16\xb0\x00\x00\x00\x00'
15.187 Received: b'&51\xae\x00\x00k\x85e\xde\xeb\x91P\x00\x16\xb0\x00\x00\x00\x00o vix, mel ea li'...
15.188 Disassembled: source: 9781, dest: 12718, seq: 27525, ack: 1709108113, window: 5808, data: "o vix, mel ea li"...
15.188 Data accepted; writing to file
15.188 Assembling: source: 12718, dest: 9781, seq: 1709108113, ack: 28973, window: 5808, ACK
15.189 Sent: b'1\xae&5e\xde\xeb\x91\x00\x00q-P\x10\x16\xb0\x00\x00\x00\x00'
15.192 Received: b'&51\xae\x00\x00q-e\xde\xeb\x91P\x10\x16\xb0\x00\x00\x00\x00d. Ex fugit suav'...
15.192 Disassembled: source: 9781, dest: 12718, seq: 28973, ack: 1709108113, window: 5808, ACK, data: "d. Ex fugit suav"...
15.192 Error: Incorrect acknowledgement flag
15.689 Failed to send packet
16.189 Sent: b'1\xae&5e\xde\xeb\x91\x00\x00q-P\x10\x16\xb0\x00\x00\x00\x00'
16.192 Received: b'&51\xae\x00\x00q-e\xde\xeb\x91P\x00\x16\xb0\x00\x00\x00\x00d. Ex fugit suav'...
16.193 Disassembled: source: 9781, dest: 12718, seq: 28973, ack: 1709108113, window: 5808, data: "d. Ex fugit suav"...
16.193 Data accepted; writing to file
16.193 Assembling: source: 12718, dest: 9781, seq: 1709108113, ack: 30421, window: 5808, ACK
16.194 Sent: b'1\xae&5e\xde\xeb\x91\x00\x00v\xd5P\x10\x16\xb0\x00\x00\x00\x00'
16.197 Failed to receive packet
16.694 Sent: b'1\xae&5e\xde\xeb\x91\x00\x00v\xd5P\x10\x16\xb0\x00\x00\x00\x00'
16.698 Received: b'&51\xae\x00\x00v\xd5e\xde\xeb\x91P\x00\x16\xb0\x00\x00\x00\x00pertinax nec. De'...
16.698 Disassembled: source: 9781, dest: 12718, seq: 30421, ack: 1709108113, window: 5808, data: "pertinax nec. De"...
16.698 Data accepted; writing to file
16.699 Assembling: source: 12718, dest: 9781, seq: 1709108113, ack: 31869, window: 5808, ACK
16.699 Sent: b'1\xae&5e\xde\xeb\x91\x00\x00|}P\x10\x16\xb0\x00\x00\x00\x00'
16.702 Received: b'&51\xae\x00\x00|}e\xde\xeb\x91P\x10\x16\xb0\x00\x00\x00\x00lli primis praes'...
16.703 Disassembled: source: 9781, dest: 12718, seq: 31869, ack: 1709108113, window: 5808, ACK, data: "lli primis praes"...
16.703 Error: Incorrect acknowledgement flag
17.199 Sent: b'1\xae&5e\xde\xeb\x91\x00\x00|}P\x10\x16\xb0\x00\x00\x00\x00'
17.203 Received: b'&51\xae\x00\x00|}e\xde\xeb\x91P\x00\x16\xb0\x00\x00\x00\x00lli primis praes'...
17.203 Disassembled: source: 9781, dest: 12718, seq: 31869, ack: 1709108113, window: 5808, data: "lli primis praes"...
17.204 Data accepted; writing to file
17.204 Assembling: source: 12718, dest: 9781, seq: 1709108113, ack: 33317, window: 5808, ACK
17.204 Sent: b'1\xae&5e\xde\xeb\x91\x00\x00\x82%P\x10\x16\xb0\x00\x00\x00\x00'
17.207 Received: b'&51\xae\x00\x00\x82%e\xde\xeb\x91P\x10\x16\xb0\x00\x00\x00\x00m, percipit inte'...
17.208 Disassembled: source: 9781, dest: 12718, seq: 33317, ack: 1709108113, window: 5808, ACK, data: "m, percipit inte"...
17.208 Error: Incorrect acknowledgement flag
17.705 Sent: b'1\xae&5e\xde\xeb\x91\x00\x00\x82%P\x10\x16\xb0\x00\x00\x00\x00'
17.708 Received: b'&51\xae\x00\x00\x82%e\xde\xeb\x91P\x00\x16\xb0\x00\x00\x00\x00m, percipit inte'...
17.709 Disassembled: source: 9781, dest: 12718, seq: 33317, ack: 1709108113, window: 5808, data: "m, percipit inte"...
17.709 Data accepted; writing to file
17.709 Assembling: source: 12718, dest: 9781, seq: 1709108113, ack: 34765, window: 5808, ACK
17.709 Sent: b'1\xae&5e\xde\xeb\x91\x00\x00\x87\xcdP\x10\x16\xb0\x00\x00\x00\x00'
17.712 Received: b'&51\xae\x00\x00\x87\xcde\xde\xeb\x91P\x10\x16\xb0\x00\x00\x00\x00nani docendi pat'...
17.713 Disassembled: source: 9781, dest: 12718, seq: 34765, ack: 1709108113, window: 5808, ACK, data: "nani docendi pat"...
17.713 Error: Incorrect acknowledgement flag
18.210 Sent: b'1\xae&5e\xde\xeb\x91\x00\x00\x87\xcdP\x10\x16\xb0\x00\x00\x00\x00'
18.213 Received: b'&51\xae\x00\x00\x87\xcde\xde\xeb\x91P\x00\x16\xb0\x00\x00\x00\x00nani docendi pat'...
18.213 Disassembled: source: 9781, dest: 12718, seq: 34765, ack: 1709108113, window: 5808, data: "nani docendi pat"...
18.214 Data accepted; writing to file
18.214 Assembling: source: 12718, dest: 9781, seq: 1709108113, ack: 36213, window: 5808, ACK
18.214 Sent: b'1\xae&5e\xde\xeb\x91\x00\x00\x8duP\x10\x16\xb0\x00\x00\x00\x00'
18.217 Received: b'&51\xae\x00\x00\x8due\xde\xeb\x91P\x10\x16\xb0\x00\x00\x00\x00 vis decore poss'...
18.218 Disassembled: source: 9781, dest: 12718, seq: 36213, ack: 1709108113, window: 5808, ACK, data: " vis decore poss"...
18.218 Error: Incorrect acknowledgement flag
18.715 Failed to send packet
19.215 Sent: b'1\xae&5e\xde\xeb\x91\x00\x00\x8duP\x10\x16\xb0\x00\x00\x00\x00'
19.218 Received: b'&51\xae\x00\x00\x8due\xde\xeb\x91P\x00\x16\xb0\x00\x00\x00\x00 vis decore poss'...
19.219 Disassembled: source: 9781, dest: 12718, seq: 36213, ack: 1709108113, window: 5808, data: " vis decore poss"...
19.219 Data accepted; writing to file
19.219 Assembling: source: 12718, dest: 9781, seq: 1709108113, ack: 37661, window: 5808, ACK
19.220 Sent: b'1\xae&5e\xde\xeb\x91\x00\x00\x93\x1dP\x10\x16\xb0\x00\x00\x00\x00'
19.223 Received: b'&51\xae\x00\x00\x93\x1de\xde\xeb\x91P\x10\x16\xb0\x00\x00\x00\x00eam odio corpora'...
19.223 Disassembled: source: 9781, dest: 12718, seq: 37661, ack: 1709108113, window: 5808, ACK, data: "eam odio corpora"...
19.224 Error: Incorrect acknowledgement flag
19.720 Sent: b'1\xae&5e\xde\xeb\x91\x00\x00\x93\x1dP\x10\x16\xb0\x00\x00\x00\x00'
19.723 Received: b'&51\xae\x00\x00\x93\x1de\xde\xeb\x91P\x00\x16\xb0\x00\x00\x00\x00eam odio corpora'...
19.724 Disassembled: source: 9781, dest: 12718, seq: 37661, ack: 1709108113, window: 5808, data: "eam odio corpora"...
19.724 Data accepted; writing to file
19.724 Assembling: source: 12718, dest: 9781, seq: 1709108113, ack: 39109, window: 5808, ACK
19.725 Sent: b'1\xae&5e\xde\xeb\x91\x00\x00\x98\xc5P\x10\x16\xb0\x00\x00\x00\x00'
19.728 Failed to receive packet
20.225 Sent: b'1\xae&5e\xde\xeb\x91\x00\x00\x98\xc5P\x10\x16\xb0\x00\x00\x00\x00'
20.229 Received: b'&51\xae\x00\x00\x98\xc5e\xde\xeb\x91P\x00\x16\xb0\x00\x00\x00\x00 est. Usu sanctu'...
20.229 Disassembled: source: 9781, dest: 12718, seq: 39109, ack: 1709108113, window: 5808, data: " est. Usu sanctu"...
20.229 Data accepted; writing to file
20.229 Assembling: source: 12718, dest: 9781, seq: 1709108113, ack: 40557, window: 5808, ACK
20.230 Sent: b'1\xae&5e\xde\xeb\x91\x00\x00\x9emP\x10\x16\xb0\x00\x00\x00\x00'
20.233 Received: b'&51\xae\x00\x00\x9eme\xde\xeb\x91P\x10\x16\xb0\x00\x00\x00\x00.\n\nMei graeco ae'...
20.234 Disassembled: source: 9781, dest: 12718, seq: 40557, ack: 1709108113, window: 5808, ACK, data: ".

Mei graeco ae"...
20.234 Error: Incorrect acknowledgement flag
20.730 Sent: b'1\xae&5e\xde\xeb\x91\x00\x00\x9emP\x10\x16\xb0\x00\x00\x00\x00'
20.734 Received: b'&51\xae\x00\x00\x9eme\xde\xeb\x91P\x00\x16\xb0\x00\x00\x00\x00.\n\nMei graeco ae'...
20.734 Disassembled: source: 9781, dest: 12718, seq: 40557, ack: 1709108113, window: 5808, data: ".

Mei graeco ae"...
20.735 Data accepted; writing to file
20.735 Assembling: source: 12718, dest: 9781, seq: 1709108113, ack: 42005, window: 5808, ACK
20.735 Sent: b'1\xae&5e\xde\xeb\x91\x00\x00\xa4\x15P\x10\x16\xb0\x00\x00\x00\x00'
20.738 Received: b'&51\xae\x00\x00\xa4\x15e\xde\xeb\x91P\x10\x16\xb0\x00\x00\x00\x00et. Ne sea primi'...
20.739 Disassembled: source: 9781, dest: 12718, seq: 42005, ack: 1709108113, window: 5808, ACK, data: "et. Ne sea primi"...
20.739 Error: Incorrect acknowledgement flag
21.236 Sent: b'1\xae&5e\xde\xeb\x91\x00\x00\xa4\x15P\x10\x16\xb0\x00\x00\x00\x00'
21.239 Received: b'&51\xae\x00\x00\xa4\x15e\xde\xeb\x91P\x00\x16\xb0\x00\x00\x00\x00et. Ne sea primi'...
21.239 Disassembled: source: 9781, dest: 12718, seq: 42005, ack: 1709108113, window: 5808, data: "et. Ne sea primi"...
21.240 Data accepted; writing to file
21.240 Assembling: source: 12718, dest: 9781, seq: 1709108113, ack: 43453, window: 5808, ACK
21.240 Sent: b'1\xae&5e\xde\xeb\x91\x00\x00\xa9\xbdP\x10\x16\xb0\x00\x00\x00\x00'
21.243 Received: b'&51\xae\x00\x00\xa9\xbde\xde\xeb\x91P\x10\x16\xb0\x00\x00\x00\x00ittam convenire.'...
21.244 Disassembled: source: 9781, dest: 12718, seq: 43453, ack: 1709108113, window: 5808, ACK, data: "ittam convenire."...
21.244 Error: Incorrect acknowledgement flag
21.741 Sent: b'1\xae&5e\xde\xeb\x91\x00\x00\xa9\xbdP\x10\x16\xb0\x00\x00\x00\x00'
21.744 Received: b'&51\xae\x00\x00\xa9\xbde\xde\xeb\x91P\x00\x16\xb0\x00\x00\x00\x00ittam convenire.'...
21.745 Disassembled: source: 9781, dest: 12718, seq: 43453, ack: 1709108113, window: 5808, data: "ittam convenire."...
21.745 Data accepted; writing to file
21.745 Assembling: source: 12718, dest: 9781, seq: 1709108113, ack: 44901, window: 5808, ACK
21.746 Sent: b'1\xae&5e\xde\xeb\x91\x00\x00\xafeP\x10\x16\xb0\x00\x00\x00\x00'
21.749 Received: b'&51\xae\x00\x00\xafee\xde\xeb\x91P\x10\x16\xb0\x00\x00\x00\x00ua et vis, id eu'...
21.749 Disassembled: source: 9781, dest: 12718, seq: 44901, ack: 1709108113, window: 5808, ACK, data: "ua et vis, id eu"...
21.749 Error: Incorrect acknowledgement flag
22.246 Sent: b'1\xae&5e\xde\xeb\x91\x00\x00\xafeP\x10\x16\xb0\x00\x00\x00\x00'
22.249 Received: b'&51\xae\x00\x00\xafee\xde\xeb\x91P\x00\x16\xb0\x00\x00\x00\x00ua et vis, id eu'...
22.250 Disassembled: source: 9781, dest: 12718, seq: 44901, ack: 1709108113, window: 5808, data: "ua et vis, id eu"...
22.250 Data accepted; writing to file
22.250 Assembling: source: 12718, dest: 9781, seq: 1709108113, ack: 46349, window: 5808, ACK
22.250 Sent: b'1\xae&5e\xde\xeb\x91\x00\x00\xb5\rP\x10\x16\xb0\x00\x00\x00\x00'
22.254 Received: b'&51\xae\x00\x00\xb5\re\xde\xeb\x91P\x10\x16\xb0\x00\x00\x00\x00r. Et velit appa'...
22.254 Disassembled: source: 9781, dest: 12718, seq: 46349, ack: 1709108113, window: 5808, ACK, data: "r. Et velit appa"...
22.254 Error: Incorrect acknowledgement flag
22.751 Failed to send packet
23.251 Sent: b'1\xae&5e\xde\xeb\x91\x00\x00\xb5\rP\x10\x16\xb0\x00\x00\x00\x00'
23.255 Received: b'&51\xae\x00\x00\xb5\re\xde\xeb\x91P\x00\x16\xb0\x00\x00\x00\x00r. Et velit appa'...
23.255 Disassembled: source: 9781, dest: 12718, seq: 46349, ack: 1709108113, window: 5808, data: "r. Et velit appa"...
23.255 Data accepted; writing to file
23.256 Assembling: source: 12718, dest: 9781, seq: 1709108113, ack: 47797, window: 5808, ACK
23.256 Sent: b'1\xae&5e\xde\xeb\x91\x00\x00\xba\xb5P\x10\x16\xb0\x00\x00\x00\x00'
23.259 Received: b'&51\xae\x00\x00\xba\xb5e\xde\xeb\x91P\x10\x16\xb0\x00\x00\x00\x00 novum laudem, v'...
23.260 Disassembled: source: 9781, dest: 12718, seq: 47797, ack: 1709108113, window: 5808, ACK, data: " novum laudem, v"...
23.260 Error: Incorrect acknowledgement flag
23.756 Sent: b'1\xae&5e\xde\xeb\x91\x00\x00\xba\xb5P\x10\x16\xb0\x00\x00\x00\x00'
23.759 Received: b'&51\xae\x00\x00\xba\xb5e\xde\xeb\x91P\x00\x16\xb0\x00\x00\x00\x00 novum laudem, v'...
23.760 Disassembled: source: 9781, dest: 12718, seq: 47797, ack: 1709108113, window: 5808, data: " novum laudem, v"...
23.760 Data accepted; writing to file
23.760 Assembling: source: 12718, dest: 9781, seq: 1709108113, ack: 49245, window: 5808, ACK
23.761 Sent: b'1\xae&5e\xde\xeb\x91\x00\x00\xc0]P\x10\x16\xb0\x00\x00\x00\x00'
23.764 Received: b'&51\xae\x00\x00\xc0]e\xde\xeb\x91P\x10\x16\xb0\x00\x00\x00\x00luptatibus, cibo'...
23.764 Disassembled: source: 9781, dest: 12718, seq: 49245, ack: 1709108113, window: 5808, ACK, data: "luptatibus, cibo"...
23.764 Error: Incorrect acknowledgement flag
24.261 Sent: b'1\xae&5e\xde\xeb\x91\x00\x00\xc0]P\x10\x16\xb0\x00\x00\x00\x00'
24.264 Received: b'&51\xae\x00\x00\xc0]e\xde\xeb\x91P\x00\x16\xb0\x00\x00\x00\x00luptatibus, cibo'...
24.265 Disassembled: source: 9781, dest: 12718, seq: 49245, ack: 1709108113, window: 5808, data: "luptatibus, cibo"...
24.265 Data accepted; writing to file
24.265 Assembling: source: 12718, dest: 9781, seq: 1709108113, ack: 50693, window: 5808, ACK
24.266 Sent: b'1\xae&5e\xde\xeb\x91\x00\x00\xc6\x05P\x10\x16\xb0\x00\x00\x00\x00'
24.269 Received: b'&51\xae\x00\x00\xc6\x05e\xde\xeb\x91P\x10\x16\xb0\x00\x00\x00\x00alii indoctum ma'...
24.269 Disassembled: source: 9781, dest: 12718, seq: 50693, ack: 1709108113, window: 5808, ACK, data: "alii indoctum ma"...
24.270 Error: Incorrect acknowledgement flag
24.766 Sent: b'1\xae&5e\xde\xeb\x91\x00\x00\xc6\x05P\x10\x16\xb0\x00\x00\x00\x00'
24.770 Received: b'&51\xae\x00\x00\xc6\x05e\xde\xeb\x91P\x00\x16\xb0\x00\x00\x00\x00alii indoctum ma'...
24.770 Disassembled: source: 9781, dest: 12718, seq: 50693, ack: 1709108113, window: 5808, data: "alii indoctum ma"...
24.770 Data accepted; writing to file
24.771 Assembling: source: 12718, dest: 9781, seq: 1709108113, ack: 52141, window: 5808, ACK
24.771 Sent: b'1\xae&5e\xde\xeb\x91\x00\x00\xcb\xadP\x10\x16\xb0\x00\x00\x00\x00'
24.774 Failed to receive packet
25.271 Sent: b'1\xae&5e\xde\xeb\x91\x00\x00\xcb\xadP\x10\x16\xb0\x00\x00\x00\x00'
25.275 Received: b'&51\xae\x00\x00\xcb\xade\xde\xeb\x91P\x00\x16\xb0\x00\x00\x00\x00im, his facete c'...
25.275 Disassembled: source: 9781, dest: 12718, seq: 52141, ack: 1709108113, window: 5808, data: "im, his facete c"...
25.276 Data accepted; writing to file
25.276 Assembling: source: 12718, dest: 9781, seq: 1709108113, ack: 53589, window: 5808, ACK
25.276 Sent: b'1\xae&5e\xde\xeb\x91\x00\x00\xd1UP\x10\x16\xb0\x00\x00\x00\x00'
25.279 Failed to receive packet
25.777 Sent: b'1\xae&5e\xde\xeb\x91\x00\x00\xd1UP\x10\x16\xb0\x00\x00\x00\x00'
25.780 Received: b'&51\xae\x00\x00\xd1Ue\xde\xeb\x91P\x00\x16\xb0\x00\x00\x00\x00e alia dolor com'...
25.781 Disassembled: source: 9781, dest: 12718, seq: 53589, ack: 1709108113, window: 5808, data: "e alia dolor com"...
25.781 Data accepted; writing to file
25.781 Assembling: source: 12718, dest: 9781, seq: 1709108113, ack: 55037, window: 5808, ACK
25.781 Sent: b'1\xae&5e\xde\xeb\x91\x00\x00\xd6\xfdP\x10\x16\xb0\x00\x00\x00\x00'
25.784 Received: b'&51\xae\x00\x00\xd6\xfde\xde\xeb\x91P\x10\x16\xb0\x00\x00\x00\x00it ea, reque tem'...
25.785 Disassembled: source: 9781, dest: 12718, seq: 55037, ack: 1709108113, window: 5808, ACK, data: "it ea, reque tem"...
25.785 Error: Incorrect acknowledgement flag
26.282 Sent: b'1\xae&5e\xde\xeb\x91\x00\x00\xd6\xfdP\x10\x16\xb0\x00\x00\x00\x00'
26.285 Received: b'&51\xae\x00\x00\xd6\xfde\xde\xeb\x91P\x00\x16\xb0\x00\x00\x00\x00it ea, reque tem'...
26.286 Disassembled: source: 9781, dest: 12718, seq: 55037, ack: 1709108113, window: 5808, data: "it ea, reque tem"...
26.286 Data accepted; writing to file
26.286 Assembling: source: 12718, dest: 9781, seq: 1709108113, ack: 56485, window: 5808, ACK
26.287 Failed to send packet
26.787 Sent: b'1\xae&5e\xde\xeb\x91\x00\x00\xdc\xa5P\x10\x16\xb0\x00\x00\x00\x00'
26.790 Received: b'&51\xae\x00\x00\xdc\xa5e\xde\xeb\x91P\x10\x16\xb0\x00\x00\x00\x00alisque.\n\nEquide'...
26.791 Disassembled: source: 9781, dest: 12718, seq: 56485, ack: 1709108113, window: 5808, ACK, data: "alisque.

Equide"...
26.791 Error: Incorrect acknowledgement flag
27.287 Sent: b'1\xae&5e\xde\xeb\x91\x00\x00\xdc\xa5P\x10\x16\xb0\x00\x00\x00\x00'
27.291 Received: b'&51\xae\x00\x00\xdc\xa5e\xde\xeb\x91P\x00\x16\xb0\x00\x00\x00\x00alisque.\n\nEquide'...
27.291 Disassembled: source: 9781, dest: 12718, seq: 56485, ack: 1709108113, window: 5808, data: "alisque.

Equide"...
27.292 Data accepted; writing to file
27.292 Assembling: source: 12718, dest: 9781, seq: 1709108113, ack: 57933, window: 5808, ACK
27.292 Sent: b'1\xae&5e\xde\xeb\x91\x00\x00\xe2MP\x10\x16\xb0\x00\x00\x00\x00'
27.295 Received: b'&51\xae\x00\x00\xe2Me\xde\xeb\x91P\x10\x16\xb0\x00\x00\x00\x00finitiones, affe'...
27.296 Disassembled: source: 9781, dest: 12718, seq: 57933, ack: 1709108113, window: 5808, ACK, data: "finitiones, affe"...
27.296 Error: Incorrect acknowledgement flag
27.793 Sent: b'1\xae&5e\xde\xeb\x91\x00\x00\xe2MP\x10\x16\xb0\x00\x00\x00\x00'
27.796 Received: b'&51\xae\x00\x00\xe2Me\xde\xeb\x91P\x00\x16\xb0\x00\x00\x00\x00finitiones, affe'...
27.796 Disassembled: source: 9781, dest: 12718, seq: 57933, ack: 1709108113, window: 5808, data: "finitiones, affe"...
27.797 Data accepted; writing to file
27.797 Assembling: source: 12718, dest: 9781, seq: 1709108113, ack: 59381, window: 5808, ACK
27.797 Sent: b'1\xae&5e\xde\xeb\x91\x00\x00\xe7\xf5P\x10\x16\xb0\x00\x00\x00\x00'
27.800 Received: b'&51\xae\x00\x00\xe7\xf5e\xde\xeb\x91P\x10\x16\xb0\x00\x00\x00\x00his duis graeco '...
27.801 Disassembled: source: 9781, dest: 12718, seq: 59381, ack: 1709108113, window: 5808, ACK, data: "his duis graeco "...
27.801 Error: Incorrect acknowledgement flag
28.298 Sent: b'1\xae&5e\xde\xeb\x91\x00\x00\xe7\xf5P\x10\x16\xb0\x00\x00\x00\x00'
28.301 Received: b'&51\xae\x00\x00\xe7\xf5e\xde\xeb\x91P\x00\x16\xb0\x00\x00\x00\x00his duis graeco '...
28.301 Disassembled: source: 9781, dest: 12718, seq: 59381, ack: 1709108113, window: 5808, data: "his duis graeco "...
28.302 Data accepted; writing to file
28.302 Assembling: source: 12718, dest: 9781, seq: 1709108113, ack: 60829, window: 5808, ACK
28.302 Sent: b'1\xae&5e\xde\xeb\x91\x00\x00\xed\x9dP\x10\x16\xb0\x00\x00\x00\x00'
28.305 Received: b'&51\xae\x00\x00\xed\x9de\xde\xeb\x91P\x10\x16\xb0\x00\x00\x00\x00am. Alia possit '...
28.306 Disassembled: source: 9781, dest: 12718, seq: 60829, ack: 1709108113, window: 5808, ACK, data: "am. Alia possit "...
28.306 Error: Incorrect acknowledgement flag
28.803 Sent: b'1\xae&5e\xde\xeb\x91\x00\x00\xed\x9dP\x10\x16\xb0\x00\x00\x00\x00'
28.806 Received: b'&51\xae\x00\x00\xed\x9de\xde\xeb\x91P\x00\x16\xb0\x00\x00\x00\x00am. Alia possit '...
28.807 Disassembled: source: 9781, dest: 12718, seq: 60829, ack: 1709108113, window: 5808, data: "am. Alia possit "...
28.807 Data accepted; writing to file
28.807 Assembling: source: 12718, dest: 9781, seq: 1709108113, ack: 62277, window: 5808, ACK
28.807 Sent: b'1\xae&5e\xde\xeb\x91\x00\x00\xf3EP\x10\x16\xb0\x00\x00\x00\x00'
28.811 Failed to receive packet
29.308 Sent: b'1\xae&5e\xde\xeb\x91\x00\x00\xf3EP\x10\x16\xb0\x00\x00\x00\x00'
29.311 Received: b'&51\xae\x00\x00\xf3Ee\xde\xeb\x91P\x00\x16\xb0\x00\x00\x00\x00cum an. Mei faci'...
29.312 Disassembled: source: 9781, dest: 12718, seq: 62277, ack: 1709108113, window: 5808, data: "cum an. Mei faci"...
29.312 Data accepted; writing to file
29.312 Assembling: source: 12718, dest: 9781, seq: 1709108113, ack: 63725, window: 5808, ACK
29.312 Sent: b'1\xae&5e\xde\xeb\x91\x00\x00\xf8\xedP\x10\x16\xb0\x00\x00\x00\x00'
29.316 Failed to receive packet
29.813 Sent: b'1\xae&5e\xde\xeb\x91\x00\x00\xf8\xedP\x10\x16\xb0\x00\x00\x00\x00'
29.816 Received: b'&51\xae\x00\x00\xf8\xede\xde\xeb\x91P\x00\x16\xb0\x00\x00\x00\x00 vis adhuc tatio'...
29.817 Disassembled: source: 9781, dest: 12718, seq: 63725, ack: 1709108113, window: 5808, data: " vis adhuc tatio"...
29.817 Data accepted; writing to file
29.817 Assembling: source: 12718, dest: 9781, seq: 1709108113, ack: 65173, window: 5808, ACK
29.818 Sent: b'1\xae&5e\xde\xeb\x91\x00\x00\xfe\x95P\x10\x16\xb0\x00\x00\x00\x00'
29.821 Received: b'&51\xae\x00\x00\xfe\x95e\xde\xeb\x91P\x10\x16\xb0\x00\x00\x00\x00im eu option iuv'...
29.821 Disassembled: source: 9781, dest: 12718, seq: 65173, ack: 1709108113, window: 5808, ACK, data: "im eu option iuv"...
29.821 Error: Incorrect acknowledgement flag
30.318 Sent: b'1\xae&5e\xde\xeb\x91\x00\x00\xfe\x95P\x10\x16\xb0\x00\x00\x00\x00'
30.321 Received: b'&51\xae\x00\x00\xfe\x95e\xde\xeb\x91P\x00\x16\xb0\x00\x00\x00\x00im eu option iuv'...
30.322 Disassembled: source: 9781, dest: 12718, seq: 65173, ack: 1709108113, window: 5808, data: "im eu option iuv"...
30.322 Data accepted; writing to file
30.322 Assembling: source: 12718, dest: 9781, seq: 1709108113, ack: 66621, window: 5808, ACK
30.323 Sent: b'1\xae&5e\xde\xeb\x91\x00\x01\x04=P\x10\x16\xb0\x00\x00\x00\x00'
30.326 Received: b'&51\xae\x00\x01\x04=e\xde\xeb\x91P\x10\x16\xb0\x00\x00\x00\x00ex epicurei taci'...
30.326 Disassembled: source: 9781, dest: 12718, seq: 66621, ack: 1709108113, window: 5808, ACK, data: "ex epicurei taci"...
30.327 Error: Incorrect acknowledgement flag
30.823 Sent: b'1\xae&5e\xde\xeb\x91\x00\x01\x04=P\x10\x16\xb0\x00\x00\x00\x00'
30.827 Received: b'&51\xae\x00\x01\x04=e\xde\xeb\x91P\x00\x16\xb0\x00\x00\x00\x00ex epicurei taci'...
30.827 Disassembled: source: 9781, dest: 12718, seq: 66621, ack: 1709108113, window: 5808, data: "ex epicurei taci"...
30.827 Data accepted; writing to file
30.828 Assembling: source: 12718, dest: 9781, seq: 1709108113, ack: 68069, window: 5808, ACK
30.828 Sent: b'1\xae&5e\xde\xeb\x91\x00\x01\t\xe5P\x10\x16\xb0\x00\x00\x00\x00'
30.831 Received: b'&51\xae\x00\x01\t\xe5e\xde\xeb\x91P\x10\x16\xb0\x00\x00\x00\x00ebat, eu pro ero'...
30.832 Disassembled: source: 9781, dest: 12718, seq: 68069, ack: 1709108113, window: 5808, ACK, data: "ebat, eu pro ero"...
30.832 Error: Incorrect acknowledgement flag
31.329 Sent: b'1\xae&5e\xde\xeb\x91\x00\x01\t\xe5P\x10\x16\xb0\x00\x00\x00\x00'
31.332 Received: b'&51\xae\x00\x01\t\xe5e\xde\xeb\x91P\x00\x16\xb0\x00\x00\x00\x00ebat, eu pro ero'...
31.332 Disassembled: source: 9781, dest: 12718, seq: 68069, ack: 1709108113, window: 5808, data: "ebat, eu pro ero"...
31.333 Data accepted; writing to file
31.333 Assembling: source: 12718, dest: 9781, seq: 1709108113, ack: 69517, window: 5808, ACK
31.333 Sent: b'1\xae&5e\xde\xeb\x91\x00\x01\x0f\x8dP\x10\x16\xb0\x00\x00\x00\x00'
31.336 Received: b'&51\xae\x00\x01\x0f\x8de\xde\xeb\x91P\x10\x16\xb0\x00\x00\x00\x00s. Per no sale v'...
31.337 Disassembled: source: 9781, dest: 12718, seq: 69517, ack: 1709108113, window: 5808, ACK, data: "s. Per no sale v"...
31.337 Error: Incorrect acknowledgement flag
31.834 Sent: b'1\xae&5e\xde\xeb\x91\x00\x01\x0f\x8dP\x10\x16\xb0\x00\x00\x00\x00'
31.837 Received: b'&51\xae\x00\x01\x0f\x8de\xde\xeb\x91P\x00\x16\xb0\x00\x00\x00\x00s. Per no sale v'...
31.838 Disassembled: source: 9781, dest: 12718, seq: 69517, ack: 1709108113, window: 5808, data: "s. Per no sale v"...
31.838 Data accepted; writing to file
31.838 Assembling: source: 12718, dest: 9781, seq: 1709108113, ack: 70965, window: 5808, ACK
31.838 Sent: b'1\xae&5e\xde\xeb\x91\x00\x01\x155P\x10\x16\xb0\x00\x00\x00\x00'
31.841 Failed to receive packet
32.339 Sent: b'1\xae&5e\xde\xeb\x91\x00\x01\x155P\x10\x16\xb0\x00\x00\x00\x00'
32.342 Failed to receive packet
32.839 Sent: b'1\xae&5e\xde\xeb\x91\x00\x01\x155P\x10\x16\xb0\x00\x00\x00\x00'
32.843 Received: b'&51\xae\x00\x01\x155e\xde\xeb\x91P\x10\x16\xb0\x00\x00\x00\x00orrupte ea mel. '...
32.843 Disassembled: source: 9781, dest: 12718, seq: 70965, ack: 1709108113, window: 5808, ACK, data: "orrupte ea mel. "...
32.843 Error: Incorrect acknowledgement flag
33.340 Sent: b'1\xae&5e\xde\xeb\x91\x00\x01\x155P\x10\x16\xb0\x00\x00\x00\x00'
33.343 Received: b'&51\xae\x00\x01\x155e\xde\xeb\x91P\x00\x16\xb0\x00\x00\x00\x00orrupte ea mel. '...
33.344 Disassembled: source: 9781, dest: 12718, seq: 70965, ack: 1709108113, window: 5808, data: "orrupte ea mel. "...
33.344 Data accepted; writing to file
33.344 Assembling: source: 12718, dest: 9781, seq: 1709108113, ack: 72413, window: 5808, ACK
33.344 Sent: b'1\xae&5e\xde\xeb\x91\x00\x01\x1a\xddP\x10\x16\xb0\x00\x00\x00\x00'
33.348 Received: b'&51\xae\x00\x01\x1a\xdde\xde\xeb\x91P\x10\x16\xb0\x00\x00\x00\x00. Est iracundia '...
33.348 Disassembled: source: 9781, dest: 12718, seq: 72413, ack: 1709108113, window: 5808, ACK, data: ". Est iracundia "...
33.348 Error: Incorrect acknowledgement flag
33.845 Sent: b'1\xae&5e\xde\xeb\x91\x00\x01\x1a\xddP\x10\x16\xb0\x00\x00\x00\x00'
33.848 Received: b'&51\xae\x00\x01\x1a\xdde\xde\xeb\x91P\x00\x16\xb0\x00\x00\x00\x00. Est iracundia '...
33.849 Disassembled: source: 9781, dest: 12718, seq: 72413, ack: 1709108113, window: 5808, data: ". Est iracundia "...
33.849 Data accepted; writing to file
33.849 Assembling: source: 12718, dest: 9781, seq: 1709108113, ack: 73861, window: 5808, ACK
33.850 Sent: b'1\xae&5e\xde\xeb\x91\x00\x01 \x85P\x10\x16\xb0\x00\x00\x00\x00'
33.853 Failed to receive packet
34.350 Sent: b'1\xae&5e\xde\xeb\x91\x00\x01 \x85P\x10\x16\xb0\x00\x00\x00\x00'
34.353 Failed to receive packet
34.850 Sent: b'1\xae&5e\xde\xeb\x91\x00\x01 \x85P\x10\x16\xb0\x00\x00\x00\x00'
34.854 Received: b'&51\xae\x00\x01 \x85e\xde\xeb\x91P\x10\x16\xb0\x00\x00\x00\x00pta probatus scr'...
34.854 Disassembled: source: 9781, dest: 12718, seq: 73861, ack: 1709108113, window: 5808, ACK, data: "pta probatus scr"...
34.855 Error: Incorrect acknowledgement flag
35.351 Sent: b'1\xae&5e\xde\xeb\x91\x00\x01 \x85P\x10\x16\xb0\x00\x00\x00\x00'
35.354 Received: b'&51\xae\x00\x01 \x85e\xde\xeb\x91P\x00\x16\xb0\x00\x00\x00\x00pta probatus scr'...
35.355 Disassembled: source: 9781, dest: 12718, seq: 73861, ack: 1709108113, window: 5808, data: "pta probatus scr"...
35.355 Data accepted; writing to file
35.355 Assembling: source: 12718, dest: 9781, seq: 1709108113, ack: 75309, window: 5808, ACK
35.356 Sent: b'1\xae&5e\xde\xeb\x91\x00\x01&-P\x10\x16\xb0\x00\x00\x00\x00'
35.359 Received: b'&51\xae\x00\x01&-e\xde\xeb\x91P\x10\x16\xb0\x00\x00\x00\x00entur ei, pro ei'...
35.359 Disassembled: source: 9781, dest: 12718, seq: 75309, ack: 1709108113, window: 5808, ACK, data: "entur ei, pro ei"...
35.359 Error: Incorrect acknowledgement flag
35.856 Sent: b'1\xae&5e\xde\xeb\x91\x00\x01&-P\x10\x16\xb0\x00\x00\x00\x00'
35.859 Received: b'&51\xae\x00\x01&-e\xde\xeb\x91P\x00\x16\xb0\x00\x00\x00\x00entur ei, pro ei'...
35.860 Disassembled: source: 9781, dest: 12718, seq: 75309, ack: 1709108113, window: 5808, data: "entur ei, pro ei"...
35.860 Data accepted; writing to file
35.860 Assembling: source: 12718, dest: 9781, seq: 1709108113, ack: 76757, window: 5808, ACK
35.861 Failed to send packet
36.361 Sent: b'1\xae&5e\xde\xeb\x91\x00\x01+\xd5P\x10\x16\xb0\x00\x00\x00\x00'
36.364 Received: b'&51\xae\x00\x01+\xd5e\xde\xeb\x91P\x10\x16\xb0\x00\x00\x00\x00simul euismod vi'...
36.365 Disassembled: source: 9781, dest: 12718, seq: 76757, ack: 1709108113, window: 5808, ACK, data: "simul euismod vi"...
36.365 Error: Incorrect acknowledgement flag
36.862 Sent: b'1\xae&5e\xde\xeb\x91\x00\x01+\xd5P\x10\x16\xb0\x00\x00\x00\x00'
36.865 Received: b'&51\xae\x00\x01+\xd5e\xde\xeb\x91P\x00\x16\xb0\x00\x00\x00\x00simul euismod vi'...
36.865 Disassembled: source: 9781, dest: 12718, seq: 76757, ack: 1709108113, window: 5808, data: "simul euismod vi"...
36.865 Data accepted; writing to file
36.866 Assembling: source: 12718, dest: 9781, seq: 1709108113, ack: 78205, window: 5808, ACK
36.866 Sent: b'1\xae&5e\xde\xeb\x91\x00\x011}P\x10\x16\xb0\x00\x00\x00\x00'
36.869 Received: b'&51\xae\x00\x011}e\xde\xeb\x91P\x10\x16\xb0\x00\x00\x00\x00, eam id iudico '...
36.870 Disassembled: source: 9781, dest: 12718, seq: 78205, ack: 1709108113, window: 5808, ACK, data: ", eam id iudico "...
36.870 Error: Incorrect acknowledgement flag
37.367 Sent: b'1\xae&5e\xde\xeb\x91\x00\x011}P\x10\x16\xb0\x00\x00\x00\x00'
37.370 Received: b'&51\xae\x00\x011}e\xde\xeb\x91P\x00\x16\xb0\x00\x00\x00\x00, eam id iudico '...
37.370 Disassembled: source: 9781, dest: 12718, seq: 78205, ack: 1709108113, window: 5808, data: ", eam id iudico "...
37.371 Data accepted; writing to file
37.371 Assembling: source: 12718, dest: 9781, seq: 1709108113, ack: 79653, window: 5808, ACK
37.371 Sent: b'1\xae&5e\xde\xeb\x91\x00\x017%P\x10\x16\xb0\x00\x00\x00\x00'
37.374 Received: b'&51\xae\x00\x017%e\xde\xeb\x91P\x10\x16\xb0\x00\x00\x00\x00m vix. Ea est mu'...
37.375 Disassembled: source: 9781, dest: 12718, seq: 79653, ack: 1709108113, window: 5808, ACK, data: "m vix. Ea est mu"...
37.375 Error: Incorrect acknowledgement flag
37.872 Sent: b'1\xae&5e\xde\xeb\x91\x00\x017%P\x10\x16\xb0\x00\x00\x00\x00'
37.875 Received: b'&51\xae\x00\x017%e\xde\xeb\x91P\x00\x16\xb0\x00\x00\x00\x00m vix. Ea est mu'...
37.876 Disassembled: source: 9781, dest: 12718, seq: 79653, ack: 1709108113, window: 5808, data: "m vix. Ea est mu"...
37.876 Data accepted; writing to file
37.876 Assembling: source: 12718, dest: 9781, seq: 1709108113, ack: 81101, window: 5808, ACK
37.877 Sent: b'1\xae&5e\xde\xeb\x91\x00\x01<\xcdP\x10\x16\xb0\x00\x00\x00\x00'
37.880 Received: b'&51\xae\x00\x01<\xcde\xde\xeb\x91P\x10\x16\xb0\x00\x00\x00\x00olor sit amet, e'...
37.880 Disassembled: source: 9781, dest: 12718, seq: 81101, ack: 1709108113, window: 5808, ACK, data: "olor sit amet, e"...
37.880 Error: Incorrect acknowledgement flag
38.377 Sent: b'1\xae&5e\xde\xeb\x91\x00\x01<\xcdP\x10\x16\xb0\x00\x00\x00\x00'
38.380 Received: b'&51\xae\x00\x01<\xcde\xde\xeb\x91P\x00\x16\xb0\x00\x00\x00\x00olor sit amet, e'...
38.381 Disassembled: source: 9781, dest: 12718, seq: 81101, ack: 1709108113, window: 5808, data: "olor sit amet, e"...
38.381 Data accepted; writing to file
38.381 Assembling: source: 12718, dest: 9781, seq: 1709108113, ack: 82549, window: 5808, ACK
38.381 Sent: b'1\xae&5e\xde\xeb\x91\x00\x01BuP\x10\x16\xb0\x00\x00\x00\x00'
38.384 Received: b'&51\xae\x00\x01Bue\xde\xeb\x91P\x10\x16\xb0\x00\x00\x00\x00m, aperiam iudic'...
38.385 Disassembled: source: 9781, dest: 12718, seq: 82549, ack: 1709108113, window: 5808, ACK, data: "m, aperiam iudic"...
38.385 Error: Incorrect acknowledgement flag
38.882 Failed to send packet
39.382 Sent: b'1\xae&5e\xde\xeb\x91\x00\x01BuP\x10\x16\xb0\x00\x00\x00\x00'
39.386 Received: b'&51\xae\x00\x01Bue\xde\xeb\x91P\x00\x16\xb0\x00\x00\x00\x00m, aperiam iudic'...
39.386 Disassembled: source: 9781, dest: 12718, seq: 82549, ack: 1709108113, window: 5808, data: "m, aperiam iudic"...
39.386 Data accepted; writing to file
39.386 Assembling: source: 12718, dest: 9781, seq: 1709108113, ack: 83997, window: 5808, ACK
39.387 Sent: b'1\xae&5e\xde\xeb\x91\x00\x01H\x1dP\x10\x16\xb0\x00\x00\x00\x00'
39.390 Received: b'&51\xae\x00\x01H\x1de\xde\xeb\x91P\x10\x16\xb0\x00\x00\x00\x00re sea. No eos d'...
39.390 Disassembled: source: 9781, dest: 12718, seq: 83997, ack: 1709108113, window: 5808, ACK, data: "re sea. No eos d"...
39.391 Error: Incorrect acknowledgement flag
39.887 Failed to send packet
40.388 Sent: b'1\xae&5e\xde\xeb\x91\x00\x01H\x1dP\x10\x16\xb0\x00\x00\x00\x00'
40.391 Received: b'&51\xae\x00\x01H\x1de\xde\xeb\x91P\x00\x16\xb0\x00\x00\x00\x00re sea. No eos d'...
40.392 Disassembled: source: 9781, dest: 12718, seq: 83997, ack: 1709108113, window: 5808, data: "re sea. No eos d"...
40.392 Data accepted; writing to file
40.392 Assembling: source: 12718, dest: 9781, seq: 1709108113, ack: 85445, window: 5808, ACK
40.392 Sent: b'1\xae&5e\xde\xeb\x91\x00\x01M\xc5P\x10\x16\xb0\x00\x00\x00\x00'
40.396 Received: b'&51\xae\x00\x01M\xc5e\xde\xeb\x91P\x10\x16\xb0\x00\x00\x00\x00t scripta philos'...
40.396 Disassembled: source: 9781, dest: 12718, seq: 85445, ack: 1709108113, window: 5808, ACK, data: "t scripta philos"...
40.396 Error: Incorrect acknowledgement flag
40.893 Failed to send packet
41.393 Sent: b'1\xae&5e\xde\xeb\x91\x00\x01M\xc5P\x10\x16\xb0\x00\x00\x00\x00'
41.397 Received: b'&51\xae\x00\x01M\xc5e\xde\xeb\x91P\x00\x16\xb0\x00\x00\x00\x00t scripta philos'...
41.397 Disassembled: source: 9781, dest: 12718, seq: 85445, ack: 1709108113, window: 5808, data: "t scripta philos"...
41.397 Data accepted; writing to file
41.397 Assembling: source: 12718, dest: 9781, seq: 1709108113, ack: 86893, window: 5808, ACK
41.398 Sent: b'1\xae&5e\xde\xeb\x91\x00\x01SmP\x10\x16\xb0\x00\x00\x00\x00'
41.401 Received: b'&51\xae\x00\x01Sme\xde\xeb\x91P\x10\x16\xb0\x00\x00\x00\x00tos sadipscing e'...
41.402 Disassembled: source: 9781, dest: 12718, seq: 86893, ack: 1709108113, window: 5808, ACK, data: "tos sadipscing e"...
41.402 Error: Incorrect acknowledgement flag
41.898 Sent: b'1\xae&5e\xde\xeb\x91\x00\x01SmP\x10\x16\xb0\x00\x00\x00\x00'
41.901 Received: b'&51\xae\x00\x01Sme\xde\xeb\x91P\x00\x16\xb0\x00\x00\x00\x00tos sadipscing e'...
41.902 Disassembled: source: 9781, dest: 12718, seq: 86893, ack: 1709108113, window: 5808, data: "tos sadipscing e"...
41.902 Data accepted; writing to file
41.902 Assembling: source: 12718, dest: 9781, seq: 1709108113, ack: 88341, window: 5808, ACK
41.903 Sent: b'1\xae&5e\xde\xeb\x91\x00\x01Y\x15P\x10\x16\xb0\x00\x00\x00\x00'
41.906 Received: b'&51\xae\x00\x01Y\x15e\xde\xeb\x91P\x10\x16\xb0\x00\x00\x00\x00sapientem ea, ad'...
41.907 Disassembled: source: 9781, dest: 12718, seq: 88341, ack: 1709108113, window: 5808, ACK, data: "sapientem ea, ad"...
41.907 Error: Incorrect acknowledgement flag
42.403 Sent: b'1\xae&5e\xde\xeb\x91\x00\x01Y\x15P\x10\x16\xb0\x00\x00\x00\x00'
42.407 Received: b'&51\xae\x00\x01Y\x15e\xde\xeb\x91P\x00\x16\xb0\x00\x00\x00\x00sapientem ea, ad'...
42.407 Disassembled: source: 9781, dest: 12718, seq: 88341, ack: 1709108113, window: 5808, data: "sapientem ea, ad"...
42.407 Data accepted; writing to file
42.408 Assembling: source: 12718, dest: 9781, seq: 1709108113, ack: 89789, window: 5808, ACK
42.408 Sent: b'1\xae&5e\xde\xeb\x91\x00\x01^\xbdP\x10\x16\xb0\x00\x00\x00\x00'
42.411 Received: b'&51\xae\x00\x01^\xbde\xde\xeb\x91P\x10\x16\xb0\x00\x00\x00\x00g, ei invenire p'...
42.412 Disassembled: source: 9781, dest: 12718, seq: 89789, ack: 1709108113, window: 5808, ACK, data: "g, ei invenire p"...
42.412 Error: Incorrect acknowledgement flag
42.909 Sent: b'1\xae&5e\xde\xeb\x91\x00\x01^\xbdP\x10\x16\xb0\x00\x00\x00\x00'
42.912 Received: b'&51\xae\x00\x01^\xbde\xde\xeb\x91P\x00\x16\xb0\x00\x00\x00\x00g, ei invenire p'...
42.912 Disassembled: source: 9781, dest: 12718, seq: 89789, ack: 1709108113, window: 5808, data: "g, ei invenire p"...
42.913 Data accepted; writing to file
42.913 Assembling: source: 12718, dest: 9781, seq: 1709108113, ack: 91237, window: 5808, ACK
42.913 Sent: b'1\xae&5e\xde\xeb\x91\x00\x01deP\x10\x16\xb0\x00\x00\x00\x00'
42.916 Received: b'&51\xae\x00\x01dee\xde\xeb\x91P\x10\x16\xb0\x00\x00\x00\x00endo at. Qui id '...
42.917 Disassembled: source: 9781, dest: 12718, seq: 91237, ack: 1709108113, window: 5808, ACK, data: "endo at. Qui id "...
42.917 Error: Incorrect acknowledgement flag
43.414 Sent: b'1\xae&5e\xde\xeb\x91\x00\x01deP\x10\x16\xb0\x00\x00\x00\x00'
43.417 Received: b'&51\xae\x00\x01dee\xde\xeb\x91P\x00\x16\xb0\x00\x00\x00\x00endo at. Qui id '...
43.418 Disassembled: source: 9781, dest: 12718, seq: 91237, ack: 1709108113, window: 5808, data: "endo at. Qui id "...
43.418 Data accepted; writing to file
43.418 Assembling: source: 12718, dest: 9781, seq: 1709108113, ack: 92685, window: 5808, ACK
43.418 Sent: b'1\xae&5e\xde\xeb\x91\x00\x01j\rP\x10\x16\xb0\x00\x00\x00\x00'
43.421 Received: b'&51\xae\x00\x01j\re\xde\xeb\x91P\x10\x16\xb0\x00\x00\x00\x00ota nostrum et p'...
43.422 Disassembled: source: 9781, dest: 12718, seq: 92685, ack: 1709108113, window: 5808, ACK, data: "ota nostrum et p"...
43.422 Error: Incorrect acknowledgement flag
43.919 Sent: b'1\xae&5e\xde\xeb\x91\x00\x01j\rP\x10\x16\xb0\x00\x00\x00\x00'
43.922 Received: b'&51\xae\x00\x01j\re\xde\xeb\x91P\x00\x16\xb0\x00\x00\x00\x00ota nostrum et p'...
43.923 Disassembled: source: 9781, dest: 12718, seq: 92685, ack: 1709108113, window: 5808, data: "ota nostrum et p"...
43.923 Data accepted; writing to file
43.923 Assembling: source: 12718, dest: 9781, seq: 1709108113, ack: 94133, window: 5808, ACK
43.924 Sent: b'1\xae&5e\xde\xeb\x91\x00\x01o\xb5P\x10\x16\xb0\x00\x00\x00\x00'
43.927 Received: b'&51\xae\x00\x01o\xb5e\xde\xeb\x91P\x10\x16\xb0\x00\x00\x00\x00deseruisse id. P'...
43.927 Disassembled: source: 9781, dest: 12718, seq: 94133, ack: 1709108113, window: 5808, ACK, data: "deseruisse id. P"...
43.927 Error: Incorrect acknowledgement flag
44.424 Sent: b'1\xae&5e\xde\xeb\x91\x00\x01o\xb5P\x10\x16\xb0\x00\x00\x00\x00'
44.427 Received: b'&51\xae\x00\x01o\xb5e\xde\xeb\x91P\x00\x16\xb0\x00\x00\x00\x00deseruisse id. P'...
44.428 Disassembled: source: 9781, dest: 12718, seq: 94133, ack: 1709108113, window: 5808, data: "deseruisse id. P"...
44.428 Data accepted; writing to file
44.428 Assembling: source: 12718, dest: 9781, seq: 1709108113, ack: 95581, window: 5808, ACK
44.429 Sent: b'1\xae&5e\xde\xeb\x91\x00\x01u]P\x10\x16\xb0\x00\x00\x00\x00'
44.432 Received: b'&51\xae\x00\x01u]e\xde\xeb\x91P\x10\x16\xb0\x00\x00\x00\x00odo munere imper'...
44.432 Disassembled: source: 9781, dest: 12718, seq: 95581, ack: 1709108113, window: 5808, ACK, data: "odo munere imper"...
44.432 Error: Incorrect acknowledgement flag
44.929 Sent: b'1\xae&5e\xde\xeb\x91\x00\x01u]P\x10\x16\xb0\x00\x00\x00\x00'
44.932 Received: b'&51\xae\x00\x01u]e\xde\xeb\x91P\x00\x16\xb0\x00\x00\x00\x00odo munere imper'...
44.933 Disassembled: source: 9781, dest: 12718, seq: 95581, ack: 1709108113, window: 5808, data: "odo munere imper"...
44.933 Data accepted; writing to file
44.933 Assembling: source: 12718, dest: 9781, seq: 1709108113, ack: 97029, window: 5808, ACK
44.933 Sent: b'1\xae&5e\xde\xeb\x91\x00\x01{\x05P\x10\x16\xb0\x00\x00\x00\x00'
44.937 Received: b'&51\xae\x00\x01{\x05e\xde\xeb\x91P\x10\x16\xb0\x00\x00\x00\x00cimates cum, tib'...
44.937 Disassembled: source: 9781, dest: 12718, seq: 97029, ack: 1709108113, window: 5808, ACK, data: "cimates cum, tib"...
44.937 Error: Incorrect acknowledgement flag
45.434 Sent: b'1\xae&5e\xde\xeb\x91\x00\x01{\x05P\x10\x16\xb0\x00\x00\x00\x00'
45.437 Received: b'&51\xae\x00\x01{\x05e\xde\xeb\x91P\x00\x16\xb0\x00\x00\x00\x00cimates cum, tib'...
45.438 Disassembled: source: 9781, dest: 12718, seq: 97029, ack: 1709108113, window: 5808, data: "cimates cum, tib"...
45.438 Data accepted; writing to file
45.438 Assembling: source: 12718, dest: 9781, seq: 1709108113, ack: 98477, window: 5808, ACK
45.439 Sent: b'1\xae&5e\xde\xeb\x91\x00\x01\x80\xadP\x10\x16\xb0\x00\x00\x00\x00'
45.442 Received: b'&51\xae\x00\x01\x80\xade\xde\xeb\x91P\x10\x16\xb0\x00\x00\x00\x00tiopam molestiae'...
45.442 Disassembled: source: 9781, dest: 12718, seq: 98477, ack: 1709108113, window: 5808, ACK, data: "tiopam molestiae"...
45.442 Error: Incorrect acknowledgement flag
45.939 Sent: b'1\xae&5e\xde\xeb\x91\x00\x01\x80\xadP\x10\x16\xb0\x00\x00\x00\x00'
45.942 Received: b'&51\xae\x00\x01\x80\xade\xde\xeb\x91P\x00\x16\xb0\x00\x00\x00\x00tiopam molestiae'...
45.943 Disassembled: source: 9781, dest: 12718, seq: 98477, ack: 1709108113, window: 5808, data: "tiopam molestiae"...
45.943 Data accepted; writing to file
45.943 Assembling: source: 12718, dest: 9781, seq: 1709108113, ack: 99925, window: 5808, ACK
45.944 Sent: b'1\xae&5e\xde\xeb\x91\x00\x01\x86UP\x10\x16\xb0\x00\x00\x00\x00'
45.947 Received: b'&51\xae\x00\x01\x86Ue\xde\xeb\x91P\x10\x16\xb0\x00\x00\x00\x00possim qui no, v'...
45.947 Disassembled: source: 9781, dest: 12718, seq: 99925, ack: 1709108113, window: 5808, ACK, data: "possim qui no, v"...
45.948 Error: Incorrect acknowledgement flag
46.444 Sent: b'1\xae&5e\xde\xeb\x91\x00\x01\x86UP\x10\x16\xb0\x00\x00\x00\x00'
46.447 Received: b'&51\xae\x00\x01\x86Ue\xde\xeb\x91P\x00\x16\xb0\x00\x00\x00\x00possim qui no, v'...
46.448 Disassembled: source: 9781, dest: 12718, seq: 99925, ack: 1709108113, window: 5808, data: "possim qui no, v"...
46.448 Data accepted; writing to file
46.448 Assembling: source: 12718, dest: 9781, seq: 1709108113, ack: 101373, window: 5808, ACK
46.449 Sent: b'1\xae&5e\xde\xeb\x91\x00\x01\x8b\xfdP\x10\x16\xb0\x00\x00\x00\x00'
46.452 Received: b'&51\xae\x00\x01\x8b\xfde\xde\xeb\x91P\x10\x16\xb0\x00\x00\x00\x00 ex utinam parti'...
46.452 Disassembled: source: 9781, dest: 12718, seq: 101373, ack: 1709108113, window: 5808, ACK, data: " ex utinam parti"...
46.452 Error: Incorrect acknowledgement flag
46.949 Sent: b'1\xae&5e\xde\xeb\x91\x00\x01\x8b\xfdP\x10\x16\xb0\x00\x00\x00\x00'
46.952 Received: b'&51\xae\x00\x01\x8b\xfde\xde\xeb\x91P\x00\x16\xb0\x00\x00\x00\x00 ex utinam parti'...
46.953 Disassembled: source: 9781, dest: 12718, seq: 101373, ack: 1709108113, window: 5808, data: " ex utinam parti"...
46.953 Data accepted; writing to file
46.953 Assembling: source: 12718, dest: 9781, seq: 1709108113, ack: 102821, window: 5808, ACK
46.954 Sent: b'1\xae&5e\xde\xeb\x91\x00\x01\x91\xa5P\x10\x16\xb0\x00\x00\x00\x00'
46.957 Received: b'&51\xae\x00\x01\x91\xa5e\xde\xeb\x91P\x10\x16\xb0\x00\x00\x00\x00icus in his. Pri'...
46.957 Disassembled: source: 9781, dest: 12718, seq: 102821, ack: 1709108113, window: 5808, ACK, data: "icus in his. Pri"...
46.958 Error: Incorrect acknowledgement flag
47.454 Sent: b'1\xae&5e\xde\xeb\x91\x00\x01\x91\xa5P\x10\x16\xb0\x00\x00\x00\x00'
47.458 Received: b'&51\xae\x00\x01\x91\xa5e\xde\xeb\x91P\x00\x16\xb0\x00\x00\x00\x00icus in his. Pri'...
47.458 Disassembled: source: 9781, dest: 12718, seq: 102821, ack: 1709108113, window: 5808, data: "icus in his. Pri"...
47.458 Data accepted; writing to file
47.459 Assembling: source: 12718, dest: 9781, seq: 1709108113, ack: 104269, window: 5808, ACK
47.459 Sent: b'1\xae&5e\xde\xeb\x91\x00\x01\x97MP\x10\x16\xb0\x00\x00\x00\x00'
47.462 Received: b'&51\xae\x00\x01\x97Me\xde\xeb\x91P\x10\x16\xb0\x00\x00\x00\x00iis et.\n\nIus cu '...
47.463 Disassembled: source: 9781, dest: 12718, seq: 104269, ack: 1709108113, window: 5808, ACK, data: "iis et.

Ius cu "...
47.463 Error: Incorrect acknowledgement flag
47.959 Sent: b'1\xae&5e\xde\xeb\x91\x00\x01\x97MP\x10\x16\xb0\x00\x00\x00\x00'
47.963 Received: b'&51\xae\x00\x01\x97Me\xde\xeb\x91P\x00\x16\xb0\x00\x00\x00\x00iis et.\n\nIus cu '...
47.963 Disassembled: source: 9781, dest: 12718, seq: 104269, ack: 1709108113, window: 5808, data: "iis et.

Ius cu "...
47.964 Data accepted; writing to file
47.964 Assembling: source: 12718, dest: 9781, seq: 1709108113, ack: 105717, window: 5808, ACK
47.964 Sent: b'1\xae&5e\xde\xeb\x91\x00\x01\x9c\xf5P\x10\x16\xb0\x00\x00\x00\x00'
47.967 Failed to receive packet
48.465 Sent: b'1\xae&5e\xde\xeb\x91\x00\x01\x9c\xf5P\x10\x16\xb0\x00\x00\x00\x00'
48.468 Received: b'&51\xae\x00\x01\x9c\xf5e\xde\xeb\x91P\x00\x16\xb0\x00\x00\x00\x00e interesset.\n\nT'...
48.469 Disassembled: source: 9781, dest: 12718, seq: 105717, ack: 1709108113, window: 5808, data: "e interesset.

T"...
48.469 Data accepted; writing to file
48.469 Assembling: source: 12718, dest: 9781, seq: 1709108113, ack: 107165, window: 5808, ACK
48.469 Sent: b'1\xae&5e\xde\xeb\x91\x00\x01\xa2\x9dP\x10\x16\xb0\x00\x00\x00\x00'
48.472 Received: b'&51\xae\x00\x01\xa2\x9de\xde\xeb\x91P\x10\x16\xb0\x00\x00\x00\x00pro alia volutpa'...
48.473 Disassembled: source: 9781, dest: 12718, seq: 107165, ack: 1709108113, window: 5808, ACK, data: "pro alia volutpa"...
48.473 Error: Incorrect acknowledgement flag
48.970 Sent: b'1\xae&5e\xde\xeb\x91\x00\x01\xa2\x9dP\x10\x16\xb0\x00\x00\x00\x00'
48.973 Received: b'&51\xae\x00\x01\xa2\x9de\xde\xeb\x91P\x00\x16\xb0\x00\x00\x00\x00pro alia volutpa'...
48.974 Disassembled: source: 9781, dest: 12718, seq: 107165, ack: 1709108113, window: 5808, data: "pro alia volutpa"...
48.974 Data accepted; writing to file
48.974 Assembling: source: 12718, dest: 9781, seq: 1709108113, ack: 108613, window: 5808, ACK
48.975 Sent: b'1\xae&5e\xde\xeb\x91\x00\x01\xa8EP\x10\x16\xb0\x00\x00\x00\x00'
48.978 Received: b'&51\xae\x00\x01\xa8Ee\xde\xeb\x91P\x10\x16\xb0\x00\x00\x00\x00 libris equidem '...
48.978 Disassembled: source: 9781, dest: 12718, seq: 108613, ack: 1709108113, window: 5808, ACK, data: " libris equidem "...
48.978 Error: Incorrect acknowledgement flag
49.475 Sent: b'1\xae&5e\xde\xeb\x91\x00\x01\xa8EP\x10\x16\xb0\x00\x00\x00\x00'
49.478 Failed to receive packet
49.975 Sent: b'1\xae&5e\xde\xeb\x91\x00\x01\xa8EP\x10\x16\xb0\x00\x00\x00\x00'
49.979 Received: b'&51\xae\x00\x01\xa8Ee\xde\xeb\x91P\x10\x16\xb0\x00\x00\x00\x00 libris equidem '...
49.979 Disassembled: source: 9781, dest: 12718, seq: 108613, ack: 1709108113, window: 5808, ACK, data: " libris equidem "...
49.979 Error: Incorrect acknowledgement flag
50.476 Sent: b'1\xae&5e\xde\xeb\x91\x00\x01\xa8EP\x10\x16\xb0\x00\x00\x00\x00'
50.479 Received: b'&51\xae\x00\x01\xa8Ee\xde\xeb\x91P\x00\x16\xb0\x00\x00\x00\x00 libris equidem '...
50.480 Disassembled: source: 9781, dest: 12718, seq: 108613, ack: 1709108113, window: 5808, data: " libris equidem "...
50.480 Data accepted; writing to file
50.480 Assembling: source: 12718, dest: 9781, seq: 1709108113, ack: 110061, window: 5808, ACK
50.481 Sent: b'1\xae&5e\xde\xeb\x91\x00\x01\xad\xedP\x10\x16\xb0\x00\x00\x00\x00'
50.484 Received: b'&51\xae\x00\x01\xad\xede\xde\xeb\x91P\x10\x16\xb0\x00\x00\x00\x00uavitate volupta'...
50.484 Disassembled: source: 9781, dest: 12718, seq: 110061, ack: 1709108113, window: 5808, ACK, data: "uavitate volupta"...
50.484 Error: Incorrect acknowledgement flag
50.981 Sent: b'1\xae&5e\xde\xeb\x91\x00\x01\xad\xedP\x10\x16\xb0\x00\x00\x00\x00'
50.984 Received: b'&51\xae\x00\x01\xad\xede\xde\xeb\x91P\x00\x16\xb0\x00\x00\x00\x00uavitate volupta'...
50.984 Disassembled: source: 9781, dest: 12718, seq: 110061, ack: 1709108113, window: 5808, data: "uavitate volupta"...
50.985 Data accepted; writing to file
50.985 Assembling: source: 12718, dest: 9781, seq: 1709108113, ack: 111509, window: 5808, ACK
50.985 Sent: b'1\xae&5e\xde\xeb\x91\x00\x01\xb3\x95P\x10\x16\xb0\x00\x00\x00\x00'
50.988 Received: b'&51\xae\x00\x01\xb3\x95e\xde\xeb\x91P\x10\x16\xb0\x00\x00\x00\x00 Detraxit defini'...
50.989 Disassembled: source: 9781, dest: 12718, seq: 111509, ack: 1709108113, window: 5808, ACK, data: " Detraxit defini"...
50.989 Error: Incorrect acknowledgement flag
51.486 Failed to send packet
51.986 Sent: b'1\xae&5e\xde\xeb\x91\x00\x01\xb3\x95P\x10\x16\xb0\x00\x00\x00\x00'
51.989 Received: b'&51\xae\x00\x01\xb3\x95e\xde\xeb\x91P\x00\x16\xb0\x00\x00\x00\x00 Detraxit defini'...
51.990 Disassembled: source: 9781, dest: 12718, seq: 111509, ack: 1709108113, window: 5808, data: " Detraxit defini"...
51.990 Data accepted; writing to file
51.990 Assembling: source: 12718, dest: 9781, seq: 1709108113, ack: 112957, window: 5808, ACK
51.991 Sent: b'1\xae&5e\xde\xeb\x91\x00\x01\xb9=P\x10\x16\xb0\x00\x00\x00\x00'
51.994 Received: b'&51\xae\x00\x01\xb9=e\xde\xeb\x91P\x10\x16\xb0\x00\x00\x00\x00aesent mei. Quo '...
51.994 Disassembled: source: 9781, dest: 12718, seq: 112957, ack: 1709108113, window: 5808, ACK, data: "aesent mei. Quo "...
51.995 Error: Incorrect acknowledgement flag
52.491 Sent: b'1\xae&5e\xde\xeb\x91\x00\x01\xb9=P\x10\x16\xb0\x00\x00\x00\x00'
52.495 Received: b'&51\xae\x00\x01\xb9=e\xde\xeb\x91P\x00\x16\xb0\x00\x00\x00\x00aesent mei. Quo '...
52.495 Disassembled: source: 9781, dest: 12718, seq: 112957, ack: 1709108113, window: 5808, data: "aesent mei. Quo "...
52.495 Data accepted; writing to file
52.496 Assembling: source: 12718, dest: 9781, seq: 1709108113, ack: 114405, window: 5808, ACK
52.496 Sent: b'1\xae&5e\xde\xeb\x91\x00\x01\xbe\xe5P\x10\x16\xb0\x00\x00\x00\x00'
52.499 Received: b'&51\xae\x00\x01\xbe\xe5e\xde\xeb\x91P\x10\x16\xb0\x00\x00\x00\x00nterpretaris no '...
52.500 Disassembled: source: 9781, dest: 12718, seq: 114405, ack: 1709108113, window: 5808, ACK, data: "nterpretaris no "...
52.500 Error: Incorrect acknowledgement flag
52.997 Sent: b'1\xae&5e\xde\xeb\x91\x00\x01\xbe\xe5P\x10\x16\xb0\x00\x00\x00\x00'
53.000 Received: b'&51\xae\x00\x01\xbe\xe5e\xde\xeb\x91P\x00\x16\xb0\x00\x00\x00\x00nterpretaris no '...
53.000 Disassembled: source: 9781, dest: 12718, seq: 114405, ack: 1709108113, window: 5808, data: "nterpretaris no "...
53.001 Data accepted; writing to file
53.001 Assembling: source: 12718, dest: 9781, seq: 1709108113, ack: 115853, window: 5808, ACK
53.001 Sent: b'1\xae&5e\xde\xeb\x91\x00\x01\xc4\x8dP\x10\x16\xb0\x00\x00\x00\x00'
53.004 Received: b'&51\xae\x00\x01\xc4\x8de\xde\xeb\x91P\x10\x16\xb0\x00\x00\x00\x00patrioque has. I'...
53.005 Disassembled: source: 9781, dest: 12718, seq: 115853, ack: 1709108113, window: 5808, ACK, data: "patrioque has. I"...
53.005 Error: Incorrect acknowledgement flag
53.502 Sent: b'1\xae&5e\xde\xeb\x91\x00\x01\xc4\x8dP\x10\x16\xb0\x00\x00\x00\x00'
53.505 Received: b'&51\xae\x00\x01\xc4\x8de\xde\xeb\x91P\x00\x16\xb0\x00\x00\x00\x00patrioque has. I'...
53.505 Disassembled: source: 9781, dest: 12718, seq: 115853, ack: 1709108113, window: 5808, data: "patrioque has. I"...
53.505 Data accepted; writing to file
53.506 Assembling: source: 12718, dest: 9781, seq: 1709108113, ack: 117301, window: 5808, ACK
53.506 Sent: b'1\xae&5e\xde\xeb\x91\x00\x01\xca5P\x10\x16\xb0\x00\x00\x00\x00'
53.509 Received: b'&51\xae\x00\x01\xca5e\xde\xeb\x91P\x10\x16\xb0\x00\x00\x00\x00ossit repudianda'...
53.510 Disassembled: source: 9781, dest: 12718, seq: 117301, ack: 1709108113, window: 5808, ACK, data: "ossit repudianda"...
53.510 Error: Incorrect acknowledgement flag
54.007 Sent: b'1\xae&5e\xde\xeb\x91\x00\x01\xca5P\x10\x16\xb0\x00\x00\x00\x00'
54.010 Received: b'&51\xae\x00\x01\xca5e\xde\xeb\x91P\x00\x16\xb0\x00\x00\x00\x00ossit repudianda'...
54.010 Disassembled: source: 9781, dest: 12718, seq: 117301, ack: 1709108113, window: 5808, data: "ossit repudianda"...
54.011 Data accepted; writing to file
54.011 Assembling: source: 12718, dest: 9781, seq: 1709108113, ack: 118749, window: 5808, ACK
54.011 Sent: b'1\xae&5e\xde\xeb\x91\x00\x01\xcf\xddP\x10\x16\xb0\x00\x00\x00\x00'
54.014 Received: b'&51\xae\x00\x01\xcf\xdde\xde\xeb\x91P\x10\x16\xb0\x00\x00\x00\x00ora consequuntur'...
54.015 Disassembled: source: 9781, dest: 12718, seq: 118749, ack: 1709108113, window: 5808, ACK, data: "ora consequuntur"...
54.015 Error: Incorrect acknowledgement flag
54.512 Sent: b'1\xae&5e\xde\xeb\x91\x00\x01\xcf\xddP\x10\x16\xb0\x00\x00\x00\x00'
54.515 Received: b'&51\xae\x00\x01\xcf\xdde\xde\xeb\x91P\x00\x16\xb0\x00\x00\x00\x00ora consequuntur'...
54.516 Disassembled: source: 9781, dest: 12718, seq: 118749, ack: 1709108113, window: 5808, data: "ora consequuntur"...
54.516 Data accepted; writing to file
54.516 Assembling: source: 12718, dest: 9781, seq: 1709108113, ack: 120197, window: 5808, ACK
54.517 Sent: b'1\xae&5e\xde\xeb\x91\x00\x01\xd5\x85P\x10\x16\xb0\x00\x00\x00\x00'
54.520 Received: b'&51\xae\x00\x01\xd5\x85e\xde\xeb\x91P\x10\x16\xb0\x00\x00\x00\x00ctus conceptam a'...
54.520 Disassembled: source: 9781, dest: 12718, seq: 120197, ack: 1709108113, window: 5808, ACK, data: "ctus conceptam a"...
54.520 Error: Incorrect acknowledgement flag
55.017 Sent: b'1\xae&5e\xde\xeb\x91\x00\x01\xd5\x85P\x10\x16\xb0\x00\x00\x00\x00'
55.020 Received: b'&51\xae\x00\x01\xd5\x85e\xde\xeb\x91P\x00\x16\xb0\x00\x00\x00\x00ctus conceptam a'...
55.021 Disassembled: source: 9781, dest: 12718, seq: 120197, ack: 1709108113, window: 5808, data: "ctus conceptam a"...
55.021 Data accepted; writing to file
55.021 Assembling: source: 12718, dest: 9781, seq: 1709108113, ack: 121645, window: 5808, ACK
55.022 Sent: b'1\xae&5e\xde\xeb\x91\x00\x01\xdb-P\x10\x16\xb0\x00\x00\x00\x00'
55.025 Received: b'&51\xae\x00\x01\xdb-e\xde\xeb\x91P\x10\x16\xb0\x00\x00\x00\x00 aeterno te, ne '...
55.025 Disassembled: source: 9781, dest: 12718, seq: 121645, ack: 1709108113, window: 5808, ACK, data: " aeterno te, ne "...
55.026 Error: Incorrect acknowledgement flag
55.522 Sent: b'1\xae&5e\xde\xeb\x91\x00\x01\xdb-P\x10\x16\xb0\x00\x00\x00\x00'
55.525 Received: b'&51\xae\x00\x01\xdb-e\xde\xeb\x91P\x00\x16\xb0\x00\x00\x00\x00 aeterno te, ne '...
55.526 Disassembled: source: 9781, dest: 12718, seq: 121645, ack: 1709108113, window: 5808, data: " aeterno te, ne "...
55.526 Data accepted; writing to file
55.526 Assembling: source: 12718, dest: 9781, seq: 1709108113, ack: 123093, window: 5808, ACK
55.527 Sent: b'1\xae&5e\xde\xeb\x91\x00\x01\xe0\xd5P\x10\x16\xb0\x00\x00\x00\x00'
55.530 Received: b'&51\xae\x00\x01\xe0\xd5e\xde\xeb\x91P\x10\x16\xb0\x00\x00\x00\x00imis oporteat di'...
55.530 Disassembled: source: 9781, dest: 12718, seq: 123093, ack: 1709108113, window: 5808, ACK, data: "imis oporteat di"...
55.531 Error: Incorrect acknowledgement flag
56.027 Sent: b'1\xae&5e\xde\xeb\x91\x00\x01\xe0\xd5P\x10\x16\xb0\x00\x00\x00\x00'
56.031 Received: b'&51\xae\x00\x01\xe0\xd5e\xde\xeb\x91P\x00\x16\xb0\x00\x00\x00\x00imis oporteat di'...
56.031 Disassembled: source: 9781, dest: 12718, seq: 123093, ack: 1709108113, window: 5808, data: "imis oporteat di"...
56.031 Data accepted; writing to file
56.032 Assembling: source: 12718, dest: 9781, seq: 1709108113, ack: 124541, window: 5808, ACK
56.032 Sent: b'1\xae&5e\xde\xeb\x91\x00\x01\xe6}P\x10\x16\xb0\x00\x00\x00\x00'
56.035 Received: b'&51\xae\x00\x01\xe6}e\xde\xeb\x91P\x10\x16\xb0\x00\x00\x00\x00re. Has virtute '...
56.036 Disassembled: source: 9781, dest: 12718, seq: 124541, ack: 1709108113, window: 5808, ACK, data: "re. Has virtute "...
56.036 Error: Incorrect acknowledgement flag
56.532 Sent: b'1\xae&5e\xde\xeb\x91\x00\x01\xe6}P\x10\x16\xb0\x00\x00\x00\x00'
56.536 Failed to receive packet
57.033 Sent: b'1\xae&5e\xde\xeb\x91\x00\x01\xe6}P\x10\x16\xb0\x00\x00\x00\x00'
57.036 Received: b'&51\xae\x00\x01\xe6}e\xde\xeb\x91P\x10\x16\xb0\x00\x00\x00\x00re. Has virtute '...
57.037 Disassembled: source: 9781, dest: 12718, seq: 124541, ack: 1709108113, window: 5808, ACK, data: "re. Has virtute "...
57.037 Error: Incorrect acknowledgement flag
57.533 Sent: b'1\xae&5e\xde\xeb\x91\x00\x01\xe6}P\x10\x16\xb0\x00\x00\x00\x00'
57.536 Received: b'&51\xae\x00\x01\xe6}e\xde\xeb\x91P\x00\x16\xb0\x00\x00\x00\x00re. Has virtute '...
57.537 Disassembled: source: 9781, dest: 12718, seq: 124541, ack: 1709108113, window: 5808, data: "re. Has virtute "...
57.537 Data accepted; writing to file
57.537 Assembling: source: 12718, dest: 9781, seq: 1709108113, ack: 125989, window: 5808, ACK
57.538 Sent: b'1\xae&5e\xde\xeb\x91\x00\x01\xec%P\x10\x16\xb0\x00\x00\x00\x00'
57.541 Received: b'&51\xae\x00\x01\xec%e\xde\xeb\x91P\x10\x16\xb0\x00\x00\x00\x00 eum ancillae no'...
57.541 Disassembled: source: 9781, dest: 12718, seq: 125989, ack: 1709108113, window: 5808, ACK, data: " eum ancillae no"...
57.542 Error: Incorrect acknowledgement flag
58.038 Sent: b'1\xae&5e\xde\xeb\x91\x00\x01\xec%P\x10\x16\xb0\x00\x00\x00\x00'
58.042 Received: b'&51\xae\x00\x01\xec%e\xde\xeb\x91P\x00\x16\xb0\x00\x00\x00\x00 eum ancillae no'...
58.042 Disassembled: source: 9781, dest: 12718, seq: 125989, ack: 1709108113, window: 5808, data: " eum ancillae no"...
58.042 Data accepted; writing to file
58.042 Assembling: source: 12718, dest: 9781, seq: 1709108113, ack: 127437, window: 5808, ACK
58.043 Sent: b'1\xae&5e\xde\xeb\x91\x00\x01\xf1\xcdP\x10\x16\xb0\x00\x00\x00\x00'
58.046 Received: b'&51\xae\x00\x01\xf1\xcde\xde\xeb\x91P\x10\x16\xb0\x00\x00\x00\x00ppareat ius. At '...
58.047 Disassembled: source: 9781, dest: 12718, seq: 127437, ack: 1709108113, window: 5808, ACK, data: "ppareat ius. At "...
58.047 Error: Incorrect acknowledgement flag
58.543 Sent: b'1\xae&5e\xde\xeb\x91\x00\x01\xf1\xcdP\x10\x16\xb0\x00\x00\x00\x00'
58.547 Received: b'&51\xae\x00\x01\xf1\xcde\xde\xeb\x91P\x00\x16\xb0\x00\x00\x00\x00ppareat ius. At '...
58.547 Disassembled: source: 9781, dest: 12718, seq: 127437, ack: 1709108113, window: 5808, data: "ppareat ius. At "...
58.547 Data accepted; writing to file
58.548 Assembling: source: 12718, dest: 9781, seq: 1709108113, ack: 128885, window: 5808, ACK
58.548 Failed to send packet
59.049 Sent: b'1\xae&5e\xde\xeb\x91\x00\x01\xf7uP\x10\x16\xb0\x00\x00\x00\x00'
59.052 Received: b'&51\xae\x00\x01\xf7ue\xde\xeb\x91P\x10\x16\xb0\x00\x00\x00\x00, vero appellant'...
59.052 Disassembled: source: 9781, dest: 12718, seq: 128885, ack: 1709108113, window: 5808, ACK, data: ", vero appellant"...
59.052 Error: Incorrect acknowledgement flag
59.549 Sent: b'1\xae&5e\xde\xeb\x91\x00\x01\xf7uP\x10\x16\xb0\x00\x00\x00\x00'
59.552 Received: b'&51\xae\x00\x01\xf7ue\xde\xeb\x91P\x00\x16\xb0\x00\x00\x00\x00, vero appellant'...
59.553 Disassembled: source: 9781, dest: 12718, seq: 128885, ack: 1709108113, window: 5808, data: ", vero appellant"...
59.553 Data accepted; writing to file
59.553 Assembling: source: 12718, dest: 9781, seq: 1709108113, ack: 130333, window: 5808, ACK
59.554 Sent: b'1\xae&5e\xde\xeb\x91\x00\x01\xfd\x1dP\x10\x16\xb0\x00\x00\x00\x00'
59.557 Received: b'&51\xae\x00\x01\xfd\x1de\xde\xeb\x91P\x10\x16\xb0\x00\x00\x00\x00ibo quando copio'...
59.557 Disassembled: source: 9781, dest: 12718, seq: 130333, ack: 1709108113, window: 5808, ACK, data: "ibo quando copio"...
59.557 Error: Incorrect acknowledgement flag
60.054 Sent: b'1\xae&5e\xde\xeb\x91\x00\x01\xfd\x1dP\x10\x16\xb0\x00\x00\x00\x00'
60.057 Received: b'&51\xae\x00\x01\xfd\x1de\xde\xeb\x91P\x00\x16\xb0\x00\x00\x00\x00ibo quando copio'...
60.058 Disassembled: source: 9781, dest: 12718, seq: 130333, ack: 1709108113, window: 5808, data: "ibo quando copio"...
60.058 Data accepted; writing to file
60.058 Assembling: source: 12718, dest: 9781, seq: 1709108113, ack: 131781, window: 5808, ACK
60.059 Sent: b'1\xae&5e\xde\xeb\x91\x00\x02\x02\xc5P\x10\x16\xb0\x00\x00\x00\x00'
60.062 Received: b'&51\xae\x00\x02\x02\xc5e\xde\xeb\x91P\x10\x16\xb0\x00\x00\x00\x00 maluisset. Sit '...
60.062 Disassembled: source: 9781, dest: 12718, seq: 131781, ack: 1709108113, window: 5808, ACK, data: " maluisset. Sit "...
60.063 Error: Incorrect acknowledgement flag
60.559 Sent: b'1\xae&5e\xde\xeb\x91\x00\x02\x02\xc5P\x10\x16\xb0\x00\x00\x00\x00'
60.563 Received: b'&51\xae\x00\x02\x02\xc5e\xde\xeb\x91P\x00\x16\xb0\x00\x00\x00\x00 maluisset. Sit '...
60.563 Disassembled: source: 9781, dest: 12718, seq: 131781, ack: 1709108113, window: 5808, data: " maluisset. Sit "...
60.563 Data accepted; writing to file
60.564 Assembling: source: 12718, dest: 9781, seq: 1709108113, ack: 133229, window: 5808, ACK
60.564 Sent: b'1\xae&5e\xde\xeb\x91\x00\x02\x08mP\x10\x16\xb0\x00\x00\x00\x00'
60.567 Received: b'&51\xae\x00\x02\x08me\xde\xeb\x91P\x10\x16\xb0\x00\x00\x00\x00e ceteros albuci'...
60.568 Disassembled: source: 9781, dest: 12718, seq: 133229, ack: 1709108113, window: 5808, ACK, data: "e ceteros albuci"...
60.568 Error: Incorrect acknowledgement flag
61.065 Sent: b'1\xae&5e\xde\xeb\x91\x00\x02\x08mP\x10\x16\xb0\x00\x00\x00\x00'
61.068 Received: b'&51\xae\x00\x02\x08me\xde\xeb\x91P\x00\x16\xb0\x00\x00\x00\x00e ceteros albuci'...
61.068 Disassembled: source: 9781, dest: 12718, seq: 133229, ack: 1709108113, window: 5808, data: "e ceteros albuci"...
61.069 Data accepted; writing to file
61.069 Assembling: source: 12718, dest: 9781, seq: 1709108113, ack: 134677, window: 5808, ACK
61.069 Sent: b'1\xae&5e\xde\xeb\x91\x00\x02\x0e\x15P\x10\x16\xb0\x00\x00\x00\x00'
61.072 Received: b'&51\xae\x00\x02\x0e\x15e\xde\xeb\x91P\x10\x16\xb0\x00\x00\x00\x00complectitur sea'...
61.073 Disassembled: source: 9781, dest: 12718, seq: 134677, ack: 1709108113, window: 5808, ACK, data: "complectitur sea"...
61.073 Error: Incorrect acknowledgement flag
61.570 Sent: b'1\xae&5e\xde\xeb\x91\x00\x02\x0e\x15P\x10\x16\xb0\x00\x00\x00\x00'
61.573 Received: b'&51\xae\x00\x02\x0e\x15e\xde\xeb\x91P\x00\x16\xb0\x00\x00\x00\x00complectitur sea'...
61.574 Disassembled: source: 9781, dest: 12718, seq: 134677, ack: 1709108113, window: 5808, data: "complectitur sea"...
61.574 Data accepted; writing to file
61.574 Assembling: source: 12718, dest: 9781, seq: 1709108113, ack: 136125, window: 5808, ACK
61.574 Sent: b'1\xae&5e\xde\xeb\x91\x00\x02\x13\xbdP\x10\x16\xb0\x00\x00\x00\x00'
61.578 Received: b'&51\xae\x00\x02\x13\xbde\xde\xeb\x91P\x10\x16\xb0\x00\x00\x00\x00tempor ex ius. E'...
61.578 Disassembled: source: 9781, dest: 12718, seq: 136125, ack: 1709108113, window: 5808, ACK, data: "tempor ex ius. E"...
61.578 Error: Incorrect acknowledgement flag
62.075 Sent: b'1\xae&5e\xde\xeb\x91\x00\x02\x13\xbdP\x10\x16\xb0\x00\x00\x00\x00'
62.078 Received: b'&51\xae\x00\x02\x13\xbde\xde\xeb\x91P\x00\x16\xb0\x00\x00\x00\x00tempor ex ius. E'...
62.079 Disassembled: source: 9781, dest: 12718, seq: 136125, ack: 1709108113, window: 5808, data: "tempor ex ius. E"...
62.079 Data accepted; writing to file
62.079 Assembling: source: 12718, dest: 9781, seq: 1709108113, ack: 136219, window: 5808, ACK
62.080 Sent: b'1\xae&5e\xde\xeb\x91\x00\x02\x14\x1bP\x10\x16\xb0\x00\x00\x00\x00'
62.580 Sent: b'1\xae&5e\xde\xeb\x91\x00\x02\x14\x1bP\x10\x16\xb0\x00\x00\x00\x00'
63.080 Sent: b'1\xae&5e\xde\xeb\x91\x00\x02\x14\x1bP\x10\x16\xb0\x00\x00\x00\x00'
63.581 Sent: b'1\xae&5e\xde\xeb\x91\x00\x02\x14\x1bP\x10\x16\xb0\x00\x00\x00\x00'
64.081 Sent: b'1\xae&5e\xde\xeb\x91\x00\x02\x14\x1bP\x10\x16\xb0\x00\x00\x00\x00'
64.582 Error: Connection timed out
64.582 Closed connection
64.583 Shutting down
