0.000 NEW RUN: Server, TEST: Write_file__Large_multi-packet
0.077 Received: b'\xc9\xe8 \xa1\x00\x00\x00U\x00\x00\x00\x00P\x02\x05\xa8\x00\x00\x00\x00'
0.078 Disassembled: source: 51688, dest: 8353, seq: 85, window: 1448, SYN
0.078 SYN accepted; new connection: 127.0.0.1 on port 51688
0.078 Assembling: source: 8353, dest: 51688, seq: 1628048022, ack: 86, window: 5808, ACK, SYN
0.079 Sent: b' \xa1\xc9\xe8a\n\n\x96\x00\x00\x00VP\x12\x16\xb0\x00\x00\x00\x00'
0.081 Received: b'\xc9\xe8 \xa1\x00\x00\x00Va\n\n\x97P\x10\x16\xb0\x00\x00\x00\x00'
0.081 Disassembled: source: 51688, dest: 8353, seq: 86, ack: 1628048023, window: 5808, ACK
0.081 Assembling: source: 8353, dest: 51688, seq: 1628048023, ack: 86, window: 5808, ACK
0.082 Received: b'\xc9\xe8 \xa1\x00\x00\x00Va\n\n\x97P\x10\x16\xb0\x00\x00\x00\x00Lorem ipsum dolo'...
0.082 Sent: b' \xa1\xc9\xe8a\n\n\x97\x00\x00\x00VP\x10\x16\xb0\x00\x00\x00\x00'
0.083 Disassembled: source: 51688, dest: 8353, seq: 86, ack: 1628048023, window: 5808, ACK, data: "Lorem ipsum dolo"...
0.083 Handshake complete
0.083 Data accepted; writing to file
0.083 Assembling: source: 8353, dest: 51688, seq: 1628048023, ack: 1534, window: 5808, ACK
0.083 Sent: b' \xa1\xc9\xe8a\n\n\x97\x00\x00\x05\xfeP\x10\x16\xb0\x00\x00\x00\x00'
0.084 Received: b'\xc9\xe8 \xa1\x00\x00\x00Va\n\n\x97P\x00\x16\xb0\x00\x00\x00\x00Lorem ipsum dolo'...
0.084 Disassembled: source: 51688, dest: 8353, seq: 86, ack: 1628048023, window: 5808, data: "Lorem ipsum dolo"...
0.084 Old data; ignoring
0.085 Received: b'\xc9\xe8 \xa1\x00\x00\x05\xfea\n\n\x97P\x10\x16\xb0\x00\x00\x00\x00mprehensam nam, '...
0.085 Disassembled: source: 51688, dest: 8353, seq: 1534, ack: 1628048023, window: 5808, ACK, data: "mprehensam nam, "...
0.086 Error: Incorrect acknowledgement flag
0.584 Sent: b' \xa1\xc9\xe8a\n\n\x97\x00\x00\x05\xfeP\x10\x16\xb0\x00\x00\x00\x00'
0.586 Received: b'\xc9\xe8 \xa1\x00\x00\x05\xfea\n\n\x97P\x00\x16\xb0\x00\x00\x00\x00mprehensam nam, '...
0.587 Disassembled: source: 51688, dest: 8353, seq: 1534, ack: 1628048023, window: 5808, data: "mprehensam nam, "...
0.587 Data accepted; writing to file
0.587 Assembling: source: 8353, dest: 51688, seq: 1628048023, ack: 2982, window: 5808, ACK
0.587 Sent: b' \xa1\xc9\xe8a\n\n\x97\x00\x00\x0b\xa6P\x10\x16\xb0\x00\x00\x00\x00'
0.590 Received: b'\xc9\xe8 \xa1\x00\x00\x0b\xa6a\n\n\x97P\x10\x16\xb0\x00\x00\x00\x00ilisi repudiare '...
0.591 Disassembled: source: 51688, dest: 8353, seq: 2982, ack: 1628048023, window: 5808, ACK, data: "ilisi repudiare "...
0.591 Error: Incorrect acknowledgement flag
1.088 Sent: b' \xa1\xc9\xe8a\n\n\x97\x00\x00\x0b\xa6P\x10\x16\xb0\x00\x00\x00\x00'
1.091 Received: b'\xc9\xe8 \xa1\x00\x00\x0b\xa6a\n\n\x97P\x00\x16\xb0\x00\x00\x00\x00ilisi repudiare '...
1.091 Disassembled: source: 51688, dest: 8353, seq: 2982, ack: 1628048023, window: 5808, data: "ilisi repudiare "...
1.092 Data accepted; writing to file
1.092 Assembling: source: 8353, dest: 51688, seq: 1628048023, ack: 4430, window: 5808, ACK
1.092 Sent: b' \xa1\xc9\xe8a\n\n\x97\x00\x00\x11NP\x10\x16\xb0\x00\x00\x00\x00'
1.095 Received: b'\xc9\xe8 \xa1\x00\x00\x11Na\n\n\x97P\x10\x16\xb0\x00\x00\x00\x00ta.\n\nEt essent s'...
1.096 Disassembled: source: 51688, dest: 8353, seq: 4430, ack: 1628048023, window: 5808, ACK, data: "ta.

Et essent s"...
1.096 Error: Incorrect acknowledgement flag
1.593 Sent: b' \xa1\xc9\xe8a\n\n\x97\x00\x00\x11NP\x10\x16\xb0\x00\x00\x00\x00'
1.596 Received: b'\xc9\xe8 \xa1\x00\x00\x11Na\n\n\x97P\x00\x16\xb0\x00\x00\x00\x00ta.\n\nEt essent s'...
1.596 Disassembled: source: 51688, dest: 8353, seq: 4430, ack: 1628048023, window: 5808, data: "ta.

Et essent s"...
1.597 Data accepted; writing to file
1.597 Assembling: source: 8353, dest: 51688, seq: 1628048023, ack: 5878, window: 5808, ACK
1.597 Sent: b' \xa1\xc9\xe8a\n\n\x97\x00\x00\x16\xf6P\x10\x16\xb0\x00\x00\x00\x00'
1.600 Received: b'\xc9\xe8 \xa1\x00\x00\x16\xf6a\n\n\x97P\x10\x16\xb0\x00\x00\x00\x00 Nihil tractatos'...
1.601 Disassembled: source: 51688, dest: 8353, seq: 5878, ack: 1628048023, window: 5808, ACK, data: " Nihil tractatos"...
1.601 Error: Incorrect acknowledgement flag
2.098 Sent: b' \xa1\xc9\xe8a\n\n\x97\x00\x00\x16\xf6P\x10\x16\xb0\x00\x00\x00\x00'
2.101 Received: b'\xc9\xe8 \xa1\x00\x00\x16\xf6a\n\n\x97P\x00\x16\xb0\x00\x00\x00\x00 Nihil tractatos'...
2.101 Disassembled: source: 51688, dest: 8353, seq: 5878, ack: 1628048023, window: 5808, data: " Nihil tractatos"...
2.102 Data accepted; writing to file
2.102 Assembling: source: 8353, dest: 51688, seq: 1628048023, ack: 7326, window: 5808, ACK
2.102 Sent: b' \xa1\xc9\xe8a\n\n\x97\x00\x00\x1c\x9eP\x10\x16\xb0\x00\x00\x00\x00'
2.105 Received: b'\xc9\xe8 \xa1\x00\x00\x1c\x9ea\n\n\x97P\x10\x16\xb0\x00\x00\x00\x00fert iuvaret sap'...
2.106 Disassembled: source: 51688, dest: 8353, seq: 7326, ack: 1628048023, window: 5808, ACK, data: "fert iuvaret sap"...
2.106 Error: Incorrect acknowledgement flag
2.603 Sent: b' \xa1\xc9\xe8a\n\n\x97\x00\x00\x1c\x9eP\x10\x16\xb0\x00\x00\x00\x00'
2.606 Received: b'\xc9\xe8 \xa1\x00\x00\x1c\x9ea\n\n\x97P\x00\x16\xb0\x00\x00\x00\x00fert iuvaret sap'...
2.606 Disassembled: source: 51688, dest: 8353, seq: 7326, ack: 1628048023, window: 5808, data: "fert iuvaret sap"...
2.607 Data accepted; writing to file
2.607 Assembling: source: 8353, dest: 51688, seq: 1628048023, ack: 8774, window: 5808, ACK
2.607 Sent: b' \xa1\xc9\xe8a\n\n\x97\x00\x00"FP\x10\x16\xb0\x00\x00\x00\x00'
2.610 Received: b'\xc9\xe8 \xa1\x00\x00"Fa\n\n\x97P\x10\x16\xb0\x00\x00\x00\x00ram adipiscing, '...
2.611 Disassembled: source: 51688, dest: 8353, seq: 8774, ack: 1628048023, window: 5808, ACK, data: "ram adipiscing, "...
2.611 Error: Incorrect acknowledgement flag
3.108 Sent: b' \xa1\xc9\xe8a\n\n\x97\x00\x00"FP\x10\x16\xb0\x00\x00\x00\x00'
3.111 Received: b'\xc9\xe8 \xa1\x00\x00"Fa\n\n\x97P\x00\x16\xb0\x00\x00\x00\x00ram adipiscing, '...
3.111 Disassembled: source: 51688, dest: 8353, seq: 8774, ack: 1628048023, window: 5808, data: "ram adipiscing, "...
3.111 Data accepted; writing to file
3.112 Assembling: source: 8353, dest: 51688, seq: 1628048023, ack: 10222, window: 5808, ACK
3.112 Sent: b" \xa1\xc9\xe8a\n\n\x97\x00\x00'\xeeP\x10\x16\xb0\x00\x00\x00\x00"
3.115 Received: b"\xc9\xe8 \xa1\x00\x00'\xeea\n\n\x97P\x10\x16\xb0\x00\x00\x00\x00m veritus vivend"...
3.116 Disassembled: source: 51688, dest: 8353, seq: 10222, ack: 1628048023, window: 5808, ACK, data: "m veritus vivend"...
3.116 Error: Incorrect acknowledgement flag
3.612 Sent: b" \xa1\xc9\xe8a\n\n\x97\x00\x00'\xeeP\x10\x16\xb0\x00\x00\x00\x00"
3.616 Received: b"\xc9\xe8 \xa1\x00\x00'\xeea\n\n\x97P\x00\x16\xb0\x00\x00\x00\x00m veritus vivend"...
3.616 Disassembled: source: 51688, dest: 8353, seq: 10222, ack: 1628048023, window: 5808, data: "m veritus vivend"...
3.616 Data accepted; writing to file
3.616 Assembling: source: 8353, dest: 51688, seq: 1628048023, ack: 11670, window: 5808, ACK
3.617 Sent: b' \xa1\xc9\xe8a\n\n\x97\x00\x00-\x96P\x10\x16\xb0\x00\x00\x00\x00'
3.620 Received: b'\xc9\xe8 \xa1\x00\x00-\x96a\n\n\x97P\x10\x16\xb0\x00\x00\x00\x00 delenit, ignota'...
3.620 Disassembled: source: 51688, dest: 8353, seq: 11670, ack: 1628048023, window: 5808, ACK, data: " delenit, ignota"...
3.621 Error: Incorrect acknowledgement flag
4.117 Sent: b' \xa1\xc9\xe8a\n\n\x97\x00\x00-\x96P\x10\x16\xb0\x00\x00\x00\x00'
4.120 Received: b'\xc9\xe8 \xa1\x00\x00-\x96a\n\n\x97P\x00\x16\xb0\x00\x00\x00\x00 delenit, ignota'...
4.121 Disassembled: source: 51688, dest: 8353, seq: 11670, ack: 1628048023, window: 5808, data: " delenit, ignota"...
4.121 Data accepted; writing to file
4.121 Assembling: source: 8353, dest: 51688, seq: 1628048023, ack: 13118, window: 5808, ACK
4.122 Sent: b' \xa1\xc9\xe8a\n\n\x97\x00\x003>P\x10\x16\xb0\x00\x00\x00\x00'
4.125 Received: b'\xc9\xe8 \xa1\x00\x003>a\n\n\x97P\x10\x16\xb0\x00\x00\x00\x00se explicari des'...
4.125 Disassembled: source: 51688, dest: 8353, seq: 13118, ack: 1628048023, window: 5808, ACK, data: "se explicari des"...
4.126 Error: Incorrect acknowledgement flag
4.622 Sent: b' \xa1\xc9\xe8a\n\n\x97\x00\x003>P\x10\x16\xb0\x00\x00\x00\x00'
4.625 Received: b'\xc9\xe8 \xa1\x00\x003>a\n\n\x97P\x00\x16\xb0\x00\x00\x00\x00se explicari des'...
4.626 Disassembled: source: 51688, dest: 8353, seq: 13118, ack: 1628048023, window: 5808, data: "se explicari des"...
4.626 Data accepted; writing to file
4.626 Assembling: source: 8353, dest: 51688, seq: 1628048023, ack: 14566, window: 5808, ACK
4.627 Sent: b' \xa1\xc9\xe8a\n\n\x97\x00\x008\xe6P\x10\x16\xb0\x00\x00\x00\x00'
4.630 Received: b'\xc9\xe8 \xa1\x00\x008\xe6a\n\n\x97P\x10\x16\xb0\x00\x00\x00\x00piscing, in modo'...
4.630 Disassembled: source: 51688, dest: 8353, seq: 14566, ack: 1628048023, window: 5808, ACK, data: "piscing, in modo"...
4.630 Error: Incorrect acknowledgement flag
5.127 Sent: b' \xa1\xc9\xe8a\n\n\x97\x00\x008\xe6P\x10\x16\xb0\x00\x00\x00\x00'
5.130 Received: b'\xc9\xe8 \xa1\x00\x008\xe6a\n\n\x97P\x00\x16\xb0\x00\x00\x00\x00piscing, in modo'...
5.131 Disassembled: source: 51688, dest: 8353, seq: 14566, ack: 1628048023, window: 5808, data: "piscing, in modo"...
5.131 Data accepted; writing to file
5.131 Assembling: source: 8353, dest: 51688, seq: 1628048023, ack: 16014, window: 5808, ACK
5.132 Sent: b' \xa1\xc9\xe8a\n\n\x97\x00\x00>\x8eP\x10\x16\xb0\x00\x00\x00\x00'
5.135 Received: b'\xc9\xe8 \xa1\x00\x00>\x8ea\n\n\x97P\x10\x16\xb0\x00\x00\x00\x00o copiosae tacim'...
5.135 Disassembled: source: 51688, dest: 8353, seq: 16014, ack: 1628048023, window: 5808, ACK, data: "o copiosae tacim"...
5.135 Error: Incorrect acknowledgement flag
5.632 Sent: b' \xa1\xc9\xe8a\n\n\x97\x00\x00>\x8eP\x10\x16\xb0\x00\x00\x00\x00'
5.635 Received: b'\xc9\xe8 \xa1\x00\x00>\x8ea\n\n\x97P\x00\x16\xb0\x00\x00\x00\x00o copiosae tacim'...
5.636 Disassembled: source: 51688, dest: 8353, seq: 16014, ack: 1628048023, window: 5808, data: "o copiosae tacim"...
5.636 Data accepted; writing to file
5.636 Assembling: source: 8353, dest: 51688, seq: 1628048023, ack: 17462, window: 5808, ACK
5.636 Sent: b' \xa1\xc9\xe8a\n\n\x97\x00\x00D6P\x10\x16\xb0\x00\x00\x00\x00'
5.639 Received: b'\xc9\xe8 \xa1\x00\x00D6a\n\n\x97P\x10\x16\xb0\x00\x00\x00\x00am. Pri ne antio'...
5.640 Disassembled: source: 51688, dest: 8353, seq: 17462, ack: 1628048023, window: 5808, ACK, data: "am. Pri ne antio"...
5.640 Error: Incorrect acknowledgement flag
6.137 Sent: b' \xa1\xc9\xe8a\n\n\x97\x00\x00D6P\x10\x16\xb0\x00\x00\x00\x00'
6.140 Received: b'\xc9\xe8 \xa1\x00\x00D6a\n\n\x97P\x00\x16\xb0\x00\x00\x00\x00am. Pri ne antio'...
6.140 Disassembled: source: 51688, dest: 8353, seq: 17462, ack: 1628048023, window: 5808, data: "am. Pri ne antio"...
6.141 Data accepted; writing to file
6.141 Assembling: source: 8353, dest: 51688, seq: 1628048023, ack: 18910, window: 5808, ACK
6.141 Sent: b' \xa1\xc9\xe8a\n\n\x97\x00\x00I\xdeP\x10\x16\xb0\x00\x00\x00\x00'
6.144 Received: b'\xc9\xe8 \xa1\x00\x00I\xdea\n\n\x97P\x10\x16\xb0\x00\x00\x00\x00to no. Elitr pos'...
6.145 Disassembled: source: 51688, dest: 8353, seq: 18910, ack: 1628048023, window: 5808, ACK, data: "to no. Elitr pos"...
6.145 Error: Incorrect acknowledgement flag
6.642 Sent: b' \xa1\xc9\xe8a\n\n\x97\x00\x00I\xdeP\x10\x16\xb0\x00\x00\x00\x00'
6.645 Received: b'\xc9\xe8 \xa1\x00\x00I\xdea\n\n\x97P\x00\x16\xb0\x00\x00\x00\x00to no. Elitr pos'...
6.645 Disassembled: source: 51688, dest: 8353, seq: 18910, ack: 1628048023, window: 5808, data: "to no. Elitr pos"...
6.646 Data accepted; writing to file
6.646 Assembling: source: 8353, dest: 51688, seq: 1628048023, ack: 20358, window: 5808, ACK
6.646 Sent: b' \xa1\xc9\xe8a\n\n\x97\x00\x00O\x86P\x10\x16\xb0\x00\x00\x00\x00'
6.649 Received: b'\xc9\xe8 \xa1\x00\x00O\x86a\n\n\x97P\x10\x16\xb0\x00\x00\x00\x00pretaris, sea ex'...
6.650 Disassembled: source: 51688, dest: 8353, seq: 20358, ack: 1628048023, window: 5808, ACK, data: "pretaris, sea ex"...
6.650 Error: Incorrect acknowledgement flag
7.147 Sent: b' \xa1\xc9\xe8a\n\n\x97\x00\x00O\x86P\x10\x16\xb0\x00\x00\x00\x00'
7.150 Received: b'\xc9\xe8 \xa1\x00\x00O\x86a\n\n\x97P\x00\x16\xb0\x00\x00\x00\x00pretaris, sea ex'...
7.150 Disassembled: source: 51688, dest: 8353, seq: 20358, ack: 1628048023, window: 5808, data: "pretaris, sea ex"...
7.150 Data accepted; writing to file
7.150 Assembling: source: 8353, dest: 51688, seq: 1628048023, ack: 21806, window: 5808, ACK
7.151 Sent: b' \xa1\xc9\xe8a\n\n\x97\x00\x00U.P\x10\x16\xb0\x00\x00\x00\x00'
7.154 Received: b'\xc9\xe8 \xa1\x00\x00U.a\n\n\x97P\x10\x16\xb0\x00\x00\x00\x00oporteat inimicu'...
7.155 Disassembled: source: 51688, dest: 8353, seq: 21806, ack: 1628048023, window: 5808, ACK, data: "oporteat inimicu"...
7.155 Error: Incorrect acknowledgement flag
7.651 Sent: b' \xa1\xc9\xe8a\n\n\x97\x00\x00U.P\x10\x16\xb0\x00\x00\x00\x00'
7.655 Received: b'\xc9\xe8 \xa1\x00\x00U.a\n\n\x97P\x00\x16\xb0\x00\x00\x00\x00oporteat inimicu'...
7.655 Disassembled: source: 51688, dest: 8353, seq: 21806, ack: 1628048023, window: 5808, data: "oporteat inimicu"...
7.655 Data accepted; writing to file
7.655 Assembling: source: 8353, dest: 51688, seq: 1628048023, ack: 23254, window: 5808, ACK
7.656 Sent: b' \xa1\xc9\xe8a\n\n\x97\x00\x00Z\xd6P\x10\x16\xb0\x00\x00\x00\x00'
7.659 Received: b'\xc9\xe8 \xa1\x00\x00Z\xd6a\n\n\x97P\x10\x16\xb0\x00\x00\x00\x00ligendi officiis'...
7.659 Disassembled: source: 51688, dest: 8353, seq: 23254, ack: 1628048023, window: 5808, ACK, data: "ligendi officiis"...
7.660 Error: Incorrect acknowledgement flag
8.156 Sent: b' \xa1\xc9\xe8a\n\n\x97\x00\x00Z\xd6P\x10\x16\xb0\x00\x00\x00\x00'
8.159 Received: b'\xc9\xe8 \xa1\x00\x00Z\xd6a\n\n\x97P\x00\x16\xb0\x00\x00\x00\x00ligendi officiis'...
8.160 Disassembled: source: 51688, dest: 8353, seq: 23254, ack: 1628048023, window: 5808, data: "ligendi officiis"...
8.160 Data accepted; writing to file
8.160 Assembling: source: 8353, dest: 51688, seq: 1628048023, ack: 24702, window: 5808, ACK
8.161 Sent: b' \xa1\xc9\xe8a\n\n\x97\x00\x00`~P\x10\x16\xb0\x00\x00\x00\x00'
8.164 Received: b'\xc9\xe8 \xa1\x00\x00`~a\n\n\x97P\x10\x16\xb0\x00\x00\x00\x00no vel regione i'...
8.164 Disassembled: source: 51688, dest: 8353, seq: 24702, ack: 1628048023, window: 5808, ACK, data: "no vel regione i"...
8.165 Error: Incorrect acknowledgement flag
8.661 Sent: b' \xa1\xc9\xe8a\n\n\x97\x00\x00`~P\x10\x16\xb0\x00\x00\x00\x00'
8.664 Received: b'\xc9\xe8 \xa1\x00\x00`~a\n\n\x97P\x00\x16\xb0\x00\x00\x00\x00no vel regione i'...
8.665 Disassembled: source: 51688, dest: 8353, seq: 24702, ack: 1628048023, window: 5808, data: "no vel regione i"...
8.665 Data accepted; writing to file
8.665 Assembling: source: 8353, dest: 51688, seq: 1628048023, ack: 26150, window: 5808, ACK
8.666 Sent: b' \xa1\xc9\xe8a\n\n\x97\x00\x00f&P\x10\x16\xb0\x00\x00\x00\x00'
8.669 Received: b'\xc9\xe8 \xa1\x00\x00f&a\n\n\x97P\x10\x16\xb0\x00\x00\x00\x00ibus vis ex, pro'...
8.669 Disassembled: source: 51688, dest: 8353, seq: 26150, ack: 1628048023, window: 5808, ACK, data: "ibus vis ex, pro"...
8.669 Error: Incorrect acknowledgement flag
9.166 Sent: b' \xa1\xc9\xe8a\n\n\x97\x00\x00f&P\x10\x16\xb0\x00\x00\x00\x00'
9.169 Received: b'\xc9\xe8 \xa1\x00\x00f&a\n\n\x97P\x00\x16\xb0\x00\x00\x00\x00ibus vis ex, pro'...
9.170 Disassembled: source: 51688, dest: 8353, seq: 26150, ack: 1628048023, window: 5808, data: "ibus vis ex, pro"...
9.170 Data accepted; writing to file
9.170 Assembling: source: 8353, dest: 51688, seq: 1628048023, ack: 27598, window: 5808, ACK
9.171 Sent: b' \xa1\xc9\xe8a\n\n\x97\x00\x00k\xceP\x10\x16\xb0\x00\x00\x00\x00'
9.174 Received: b'\xc9\xe8 \xa1\x00\x00k\xcea\n\n\x97P\x10\x16\xb0\x00\x00\x00\x00o vix, mel ea li'...
9.174 Disassembled: source: 51688, dest: 8353, seq: 27598, ack: 1628048023, window: 5808, ACK, data: "o vix, mel ea li"...
9.174 Error: Incorrect acknowledgement flag
9.671 Sent: b' \xa1\xc9\xe8a\n\n\x97\x00\x00k\xceP\x10\x16\xb0\x00\x00\x00\x00'
9.674 Received: b'\xc9\xe8 \xa1\x00\x00k\xcea\n\n\x97P\x00\x16\xb0\x00\x00\x00\x00o vix, mel ea li'...
9.675 Disassembled: source: 51688, dest: 8353, seq: 27598, ack: 1628048023, window: 5808, data: "o vix, mel ea li"...
9.675 Data accepted; writing to file
9.675 Assembling: source: 8353, dest: 51688, seq: 1628048023, ack: 29046, window: 5808, ACK
9.675 Sent: b' \xa1\xc9\xe8a\n\n\x97\x00\x00qvP\x10\x16\xb0\x00\x00\x00\x00'
9.678 Received: b'\xc9\xe8 \xa1\x00\x00qva\n\n\x97P\x10\x16\xb0\x00\x00\x00\x00d. Ex fugit suav'...
9.679 Disassembled: source: 51688, dest: 8353, seq: 29046, ack: 1628048023, window: 5808, ACK, data: "d. Ex fugit suav"...
9.679 Error: Incorrect acknowledgement flag
10.176 Sent: b' \xa1\xc9\xe8a\n\n\x97\x00\x00qvP\x10\x16\xb0\x00\x00\x00\x00'
10.179 Received: b'\xc9\xe8 \xa1\x00\x00qva\n\n\x97P\x00\x16\xb0\x00\x00\x00\x00d. Ex fugit suav'...
10.179 Disassembled: source: 51688, dest: 8353, seq: 29046, ack: 1628048023, window: 5808, data: "d. Ex fugit suav"...
10.180 Data accepted; writing to file
10.180 Assembling: source: 8353, dest: 51688, seq: 1628048023, ack: 30494, window: 5808, ACK
10.180 Sent: b' \xa1\xc9\xe8a\n\n\x97\x00\x00w\x1eP\x10\x16\xb0\x00\x00\x00\x00'
10.183 Received: b'\xc9\xe8 \xa1\x00\x00w\x1ea\n\n\x97P\x10\x16\xb0\x00\x00\x00\x00pertinax nec. De'...
10.184 Disassembled: source: 51688, dest: 8353, seq: 30494, ack: 1628048023, window: 5808, ACK, data: "pertinax nec. De"...
10.184 Error: Incorrect acknowledgement flag
10.681 Sent: b' \xa1\xc9\xe8a\n\n\x97\x00\x00w\x1eP\x10\x16\xb0\x00\x00\x00\x00'
10.684 Received: b'\xc9\xe8 \xa1\x00\x00w\x1ea\n\n\x97P\x00\x16\xb0\x00\x00\x00\x00pertinax nec. De'...
10.684 Disassembled: source: 51688, dest: 8353, seq: 30494, ack: 1628048023, window: 5808, data: "pertinax nec. De"...
10.684 Data accepted; writing to file
10.685 Assembling: source: 8353, dest: 51688, seq: 1628048023, ack: 31942, window: 5808, ACK
10.685 Sent: b' \xa1\xc9\xe8a\n\n\x97\x00\x00|\xc6P\x10\x16\xb0\x00\x00\x00\x00'
10.688 Received: b'\xc9\xe8 \xa1\x00\x00|\xc6a\n\n\x97P\x10\x16\xb0\x00\x00\x00\x00lli primis praes'...
10.689 Disassembled: source: 51688, dest: 8353, seq: 31942, ack: 1628048023, window: 5808, ACK, data: "lli primis praes"...
10.689 Error: Incorrect acknowledgement flag
11.186 Sent: b' \xa1\xc9\xe8a\n\n\x97\x00\x00|\xc6P\x10\x16\xb0\x00\x00\x00\x00'
11.189 Received: b'\xc9\xe8 \xa1\x00\x00|\xc6a\n\n\x97P\x00\x16\xb0\x00\x00\x00\x00lli primis praes'...
11.189 Disassembled: source: 51688, dest: 8353, seq: 31942, ack: 1628048023, window: 5808, data: "lli primis praes"...
11.189 Data accepted; writing to file
11.189 Assembling: source: 8353, dest: 51688, seq: 1628048023, ack: 33390, window: 5808, ACK
11.190 Sent: b' \xa1\xc9\xe8a\n\n\x97\x00\x00\x82nP\x10\x16\xb0\x00\x00\x00\x00'
11.193 Received: b'\xc9\xe8 \xa1\x00\x00\x82na\n\n\x97P\x10\x16\xb0\x00\x00\x00\x00m, percipit inte'...
11.193 Disassembled: source: 51688, dest: 8353, seq: 33390, ack: 1628048023, window: 5808, ACK, data: "m, percipit inte"...
11.194 Error: Incorrect acknowledgement flag
11.690 Sent: b' \xa1\xc9\xe8a\n\n\x97\x00\x00\x82nP\x10\x16\xb0\x00\x00\x00\x00'
11.693 Received: b'\xc9\xe8 \xa1\x00\x00\x82na\n\n\x97P\x00\x16\xb0\x00\x00\x00\x00m, percipit inte'...
11.694 Disassembled: source: 51688, dest: 8353, seq: 33390, ack: 1628048023, window: 5808, data: "m, percipit inte"...
11.694 Data accepted; writing to file
11.694 Assembling: source: 8353, dest: 51688, seq: 1628048023, ack: 34838, window: 5808, ACK
11.695 Sent: b' \xa1\xc9\xe8a\n\n\x97\x00\x00\x88\x16P\x10\x16\xb0\x00\x00\x00\x00'
11.698 Received: b'\xc9\xe8 \xa1\x00\x00\x88\x16a\n\n\x97P\x10\x16\xb0\x00\x00\x00\x00nani docendi pat'...
11.698 Disassembled: source: 51688, dest: 8353, seq: 34838, ack: 1628048023, window: 5808, ACK, data: "nani docendi pat"...
11.698 Error: Incorrect acknowledgement flag
12.195 Sent: b' \xa1\xc9\xe8a\n\n\x97\x00\x00\x88\x16P\x10\x16\xb0\x00\x00\x00\x00'
12.198 Received: b'\xc9\xe8 \xa1\x00\x00\x88\x16a\n\n\x97P\x00\x16\xb0\x00\x00\x00\x00nani docendi pat'...
12.199 Disassembled: source: 51688, dest: 8353, seq: 34838, ack: 1628048023, window: 5808, data: "nani docendi pat"...
12.199 Data accepted; writing to file
12.199 Assembling: source: 8353, dest: 51688, seq: 1628048023, ack: 36286, window: 5808, ACK
12.200 Sent: b' \xa1\xc9\xe8a\n\n\x97\x00\x00\x8d\xbeP\x10\x16\xb0\x00\x00\x00\x00'
12.203 Received: b'\xc9\xe8 \xa1\x00\x00\x8d\xbea\n\n\x97P\x10\x16\xb0\x00\x00\x00\x00 vis decore poss'...
12.203 Disassembled: source: 51688, dest: 8353, seq: 36286, ack: 1628048023, window: 5808, ACK, data: " vis decore poss"...
12.203 Error: Incorrect acknowledgement flag
12.700 Sent: b' \xa1\xc9\xe8a\n\n\x97\x00\x00\x8d\xbeP\x10\x16\xb0\x00\x00\x00\x00'
12.703 Received: b'\xc9\xe8 \xa1\x00\x00\x8d\xbea\n\n\x97P\x00\x16\xb0\x00\x00\x00\x00 vis decore poss'...
12.704 Disassembled: source: 51688, dest: 8353, seq: 36286, ack: 1628048023, window: 5808, data: " vis decore poss"...
12.704 Data accepted; writing to file
12.704 Assembling: source: 8353, dest: 51688, seq: 1628048023, ack: 37734, window: 5808, ACK
12.704 Sent: b' \xa1\xc9\xe8a\n\n\x97\x00\x00\x93fP\x10\x16\xb0\x00\x00\x00\x00'
12.707 Received: b'\xc9\xe8 \xa1\x00\x00\x93fa\n\n\x97P\x10\x16\xb0\x00\x00\x00\x00eam odio corpora'...
12.708 Disassembled: source: 51688, dest: 8353, seq: 37734, ack: 1628048023, window: 5808, ACK, data: "eam odio corpora"...
12.708 Error: Incorrect acknowledgement flag
13.205 Sent: b' \xa1\xc9\xe8a\n\n\x97\x00\x00\x93fP\x10\x16\xb0\x00\x00\x00\x00'
13.208 Received: b'\xc9\xe8 \xa1\x00\x00\x93fa\n\n\x97P\x00\x16\xb0\x00\x00\x00\x00eam odio corpora'...
13.208 Disassembled: source: 51688, dest: 8353, seq: 37734, ack: 1628048023, window: 5808, data: "eam odio corpora"...
13.209 Data accepted; writing to file
13.209 Assembling: source: 8353, dest: 51688, seq: 1628048023, ack: 39182, window: 5808, ACK
13.209 Sent: b' \xa1\xc9\xe8a\n\n\x97\x00\x00\x99\x0eP\x10\x16\xb0\x00\x00\x00\x00'
13.212 Received: b'\xc9\xe8 \xa1\x00\x00\x99\x0ea\n\n\x97P\x10\x16\xb0\x00\x00\x00\x00 est. Usu sanctu'...
13.213 Disassembled: source: 51688, dest: 8353, seq: 39182, ack: 1628048023, window: 5808, ACK, data: " est. Usu sanctu"...
13.213 Error: Incorrect acknowledgement flag
13.710 Sent: b' \xa1\xc9\xe8a\n\n\x97\x00\x00\x99\x0eP\x10\x16\xb0\x00\x00\x00\x00'
13.713 Received: b'\xc9\xe8 \xa1\x00\x00\x99\x0ea\n\n\x97P\x00\x16\xb0\x00\x00\x00\x00 est. Usu sanctu'...
13.713 Disassembled: source: 51688, dest: 8353, seq: 39182, ack: 1628048023, window: 5808, data: " est. Usu sanctu"...
13.714 Data accepted; writing to file
13.714 Assembling: source: 8353, dest: 51688, seq: 1628048023, ack: 40630, window: 5808, ACK
13.714 Sent: b' \xa1\xc9\xe8a\n\n\x97\x00\x00\x9e\xb6P\x10\x16\xb0\x00\x00\x00\x00'
13.717 Received: b'\xc9\xe8 \xa1\x00\x00\x9e\xb6a\n\n\x97P\x10\x16\xb0\x00\x00\x00\x00.\n\nMei graeco ae'...
13.718 Disassembled: source: 51688, dest: 8353, seq: 40630, ack: 1628048023, window: 5808, ACK, data: ".

Mei graeco ae"...
13.718 Error: Incorrect acknowledgement flag
14.215 Sent: b' \xa1\xc9\xe8a\n\n\x97\x00\x00\x9e\xb6P\x10\x16\xb0\x00\x00\x00\x00'
14.218 Received: b'\xc9\xe8 \xa1\x00\x00\x9e\xb6a\n\n\x97P\x00\x16\xb0\x00\x00\x00\x00.\n\nMei graeco ae'...
14.218 Disassembled: source: 51688, dest: 8353, seq: 40630, ack: 1628048023, window: 5808, data: ".

Mei graeco ae"...
14.218 Data accepted; writing to file
14.219 Assembling: source: 8353, dest: 51688, seq: 1628048023, ack: 42078, window: 5808, ACK
14.219 Sent: b' \xa1\xc9\xe8a\n\n\x97\x00\x00\xa4^P\x10\x16\xb0\x00\x00\x00\x00'
14.222 Received: b'\xc9\xe8 \xa1\x00\x00\xa4^a\n\n\x97P\x10\x16\xb0\x00\x00\x00\x00et. Ne sea primi'...
14.223 Disassembled: source: 51688, dest: 8353, seq: 42078, ack: 1628048023, window: 5808, ACK, data: "et. Ne sea primi"...
14.223 Error: Incorrect acknowledgement flag
14.719 Sent: b' \xa1\xc9\xe8a\n\n\x97\x00\x00\xa4^P\x10\x16\xb0\x00\x00\x00\x00'
14.723 Received: b'\xc9\xe8 \xa1\x00\x00\xa4^a\n\n\x97P\x00\x16\xb0\x00\x00\x00\x00et. Ne sea primi'...
14.723 Disassembled: source: 51688, dest: 8353, seq: 42078, ack: 1628048023, window: 5808, data: "et. Ne sea primi"...
14.723 Data accepted; writing to file
14.723 Assembling: source: 8353, dest: 51688, seq: 1628048023, ack: 43526, window: 5808, ACK
14.724 Sent: b' \xa1\xc9\xe8a\n\n\x97\x00\x00\xaa\x06P\x10\x16\xb0\x00\x00\x00\x00'
14.727 Received: b'\xc9\xe8 \xa1\x00\x00\xaa\x06a\n\n\x97P\x10\x16\xb0\x00\x00\x00\x00ittam convenire.'...
14.727 Disassembled: source: 51688, dest: 8353, seq: 43526, ack: 1628048023, window: 5808, ACK, data: "ittam convenire."...
14.728 Error: Incorrect acknowledgement flag
15.224 Sent: b' \xa1\xc9\xe8a\n\n\x97\x00\x00\xaa\x06P\x10\x16\xb0\x00\x00\x00\x00'
15.227 Received: b'\xc9\xe8 \xa1\x00\x00\xaa\x06a\n\n\x97P\x00\x16\xb0\x00\x00\x00\x00ittam convenire.'...
15.228 Disassembled: source: 51688, dest: 8353, seq: 43526, ack: 1628048023, window: 5808, data: "ittam convenire."...
15.228 Data accepted; writing to file
15.228 Assembling: source: 8353, dest: 51688, seq: 1628048023, ack: 44974, window: 5808, ACK
15.229 Sent: b' \xa1\xc9\xe8a\n\n\x97\x00\x00\xaf\xaeP\x10\x16\xb0\x00\x00\x00\x00'
15.232 Received: b'\xc9\xe8 \xa1\x00\x00\xaf\xaea\n\n\x97P\x10\x16\xb0\x00\x00\x00\x00ua et vis, id eu'...
15.232 Disassembled: source: 51688, dest: 8353, seq: 44974, ack: 1628048023, window: 5808, ACK, data: "ua et vis, id eu"...
15.233 Error: Incorrect acknowledgement flag
15.729 Sent: b' \xa1\xc9\xe8a\n\n\x97\x00\x00\xaf\xaeP\x10\x16\xb0\x00\x00\x00\x00'
15.732 Received: b'\xc9\xe8 \xa1\x00\x00\xaf\xaea\n\n\x97P\x00\x16\xb0\x00\x00\x00\x00ua et vis, id eu'...
15.733 Disassembled: source: 51688, dest: 8353, seq: 44974, ack: 1628048023, window: 5808, data: "ua et vis, id eu"...
15.733 Data accepted; writing to file
15.733 Assembling: source: 8353, dest: 51688, seq: 1628048023, ack: 46422, window: 5808, ACK
15.734 Sent: b' \xa1\xc9\xe8a\n\n\x97\x00\x00\xb5VP\x10\x16\xb0\x00\x00\x00\x00'
15.737 Received: b'\xc9\xe8 \xa1\x00\x00\xb5Va\n\n\x97P\x10\x16\xb0\x00\x00\x00\x00r. Et velit appa'...
15.737 Disassembled: source: 51688, dest: 8353, seq: 46422, ack: 1628048023, window: 5808, ACK, data: "r. Et velit appa"...
15.737 Error: Incorrect acknowledgement flag
16.234 Sent: b' \xa1\xc9\xe8a\n\n\x97\x00\x00\xb5VP\x10\x16\xb0\x00\x00\x00\x00'
16.237 Received: b'\xc9\xe8 \xa1\x00\x00\xb5Va\n\n\x97P\x00\x16\xb0\x00\x00\x00\x00r. Et velit appa'...
16.238 Disassembled: source: 51688, dest: 8353, seq: 46422, ack: 1628048023, window: 5808, data: "r. Et velit appa"...
16.238 Data accepted; writing to file
16.238 Assembling: source: 8353, dest: 51688, seq: 1628048023, ack: 47870, window: 5808, ACK
16.239 Sent: b' \xa1\xc9\xe8a\n\n\x97\x00\x00\xba\xfeP\x10\x16\xb0\x00\x00\x00\x00'
16.242 Received: b'\xc9\xe8 \xa1\x00\x00\xba\xfea\n\n\x97P\x10\x16\xb0\x00\x00\x00\x00 novum laudem, v'...
16.242 Disassembled: source: 51688, dest: 8353, seq: 47870, ack: 1628048023, window: 5808, ACK, data: " novum laudem, v"...
16.242 Error: Incorrect acknowledgement flag
16.739 Sent: b' \xa1\xc9\xe8a\n\n\x97\x00\x00\xba\xfeP\x10\x16\xb0\x00\x00\x00\x00'
16.742 Received: b'\xc9\xe8 \xa1\x00\x00\xba\xfea\n\n\x97P\x00\x16\xb0\x00\x00\x00\x00 novum laudem, v'...
16.743 Disassembled: source: 51688, dest: 8353, seq: 47870, ack: 1628048023, window: 5808, data: " novum laudem, v"...
16.743 Data accepted; writing to file
16.743 Assembling: source: 8353, dest: 51688, seq: 1628048023, ack: 49318, window: 5808, ACK
16.743 Sent: b' \xa1\xc9\xe8a\n\n\x97\x00\x00\xc0\xa6P\x10\x16\xb0\x00\x00\x00\x00'
16.746 Received: b'\xc9\xe8 \xa1\x00\x00\xc0\xa6a\n\n\x97P\x10\x16\xb0\x00\x00\x00\x00luptatibus, cibo'...
16.747 Disassembled: source: 51688, dest: 8353, seq: 49318, ack: 1628048023, window: 5808, ACK, data: "luptatibus, cibo"...
16.747 Error: Incorrect acknowledgement flag
17.244 Sent: b' \xa1\xc9\xe8a\n\n\x97\x00\x00\xc0\xa6P\x10\x16\xb0\x00\x00\x00\x00'
17.247 Received: b'\xc9\xe8 \xa1\x00\x00\xc0\xa6a\n\n\x97P\x00\x16\xb0\x00\x00\x00\x00luptatibus, cibo'...
17.247 Disassembled: source: 51688, dest: 8353, seq: 49318, ack: 1628048023, window: 5808, data: "luptatibus, cibo"...
17.248 Data accepted; writing to file
17.248 Assembling: source: 8353, dest: 51688, seq: 1628048023, ack: 50766, window: 5808, ACK
17.248 Sent: b' \xa1\xc9\xe8a\n\n\x97\x00\x00\xc6NP\x10\x16\xb0\x00\x00\x00\x00'
17.251 Received: b'\xc9\xe8 \xa1\x00\x00\xc6Na\n\n\x97P\x10\x16\xb0\x00\x00\x00\x00alii indoctum ma'...
17.252 Disassembled: source: 51688, dest: 8353, seq: 50766, ack: 1628048023, window: 5808, ACK, data: "alii indoctum ma"...
17.252 Error: Incorrect acknowledgement flag
17.749 Sent: b' \xa1\xc9\xe8a\n\n\x97\x00\x00\xc6NP\x10\x16\xb0\x00\x00\x00\x00'
17.752 Received: b'\xc9\xe8 \xa1\x00\x00\xc6Na\n\n\x97P\x00\x16\xb0\x00\x00\x00\x00alii indoctum ma'...
17.752 Disassembled: source: 51688, dest: 8353, seq: 50766, ack: 1628048023, window: 5808, data: "alii indoctum ma"...
17.752 Data accepted; writing to file
17.753 Assembling: source: 8353, dest: 51688, seq: 1628048023, ack: 52214, window: 5808, ACK
17.753 Sent: b' \xa1\xc9\xe8a\n\n\x97\x00\x00\xcb\xf6P\x10\x16\xb0\x00\x00\x00\x00'
17.756 Received: b'\xc9\xe8 \xa1\x00\x00\xcb\xf6a\n\n\x97P\x10\x16\xb0\x00\x00\x00\x00im, his facete c'...
17.757 Disassembled: source: 51688, dest: 8353, seq: 52214, ack: 1628048023, window: 5808, ACK, data: "im, his facete c"...
17.757 Error: Incorrect acknowledgement flag
18.254 Sent: b' \xa1\xc9\xe8a\n\n\x97\x00\x00\xcb\xf6P\x10\x16\xb0\x00\x00\x00\x00'
18.257 Received: b'\xc9\xe8 \xa1\x00\x00\xcb\xf6a\n\n\x97P\x00\x16\xb0\x00\x00\x00\x00im, his facete c'...
18.257 Disassembled: source: 51688, dest: 8353, seq: 52214, ack: 1628048023, window: 5808, data: "im, his facete c"...
18.257 Data accepted; writing to file
18.257 Assembling: source: 8353, dest: 51688, seq: 1628048023, ack: 53662, window: 5808, ACK
18.258 Sent: b' \xa1\xc9\xe8a\n\n\x97\x00\x00\xd1\x9eP\x10\x16\xb0\x00\x00\x00\x00'
18.261 Received: b'\xc9\xe8 \xa1\x00\x00\xd1\x9ea\n\n\x97P\x10\x16\xb0\x00\x00\x00\x00e alia dolor com'...
18.262 Disassembled: source: 51688, dest: 8353, seq: 53662, ack: 1628048023, window: 5808, ACK, data: "e alia dolor com"...
18.262 Error: Incorrect acknowledgement flag
18.758 Sent: b' \xa1\xc9\xe8a\n\n\x97\x00\x00\xd1\x9eP\x10\x16\xb0\x00\x00\x00\x00'
18.761 Received: b'\xc9\xe8 \xa1\x00\x00\xd1\x9ea\n\n\x97P\x00\x16\xb0\x00\x00\x00\x00e alia dolor com'...
18.762 Disassembled: source: 51688, dest: 8353, seq: 53662, ack: 1628048023, window: 5808, data: "e alia dolor com"...
18.762 Data accepted; writing to file
18.762 Assembling: source: 8353, dest: 51688, seq: 1628048023, ack: 55110, window: 5808, ACK
18.763 Sent: b' \xa1\xc9\xe8a\n\n\x97\x00\x00\xd7FP\x10\x16\xb0\x00\x00\x00\x00'
18.766 Received: b'\xc9\xe8 \xa1\x00\x00\xd7Fa\n\n\x97P\x10\x16\xb0\x00\x00\x00\x00it ea, reque tem'...
18.766 Disassembled: source: 51688, dest: 8353, seq: 55110, ack: 1628048023, window: 5808, ACK, data: "it ea, reque tem"...
18.767 Error: Incorrect acknowledgement flag
19.263 Sent: b' \xa1\xc9\xe8a\n\n\x97\x00\x00\xd7FP\x10\x16\xb0\x00\x00\x00\x00'
19.266 Received: b'\xc9\xe8 \xa1\x00\x00\xd7Fa\n\n\x97P\x00\x16\xb0\x00\x00\x00\x00it ea, reque tem'...
19.267 Disassembled: source: 51688, dest: 8353, seq: 55110, ack: 1628048023, window: 5808, data: "it ea, reque tem"...
19.267 Data accepted; writing to file
19.267 Assembling: source: 8353, dest: 51688, seq: 1628048023, ack: 56558, window: 5808, ACK
19.268 Sent: b' \xa1\xc9\xe8a\n\n\x97\x00\x00\xdc\xeeP\x10\x16\xb0\x00\x00\x00\x00'
19.271 Received: b'\xc9\xe8 \xa1\x00\x00\xdc\xeea\n\n\x97P\x10\x16\xb0\x00\x00\x00\x00alisque.\n\nEquide'...
19.271 Disassembled: source: 51688, dest: 8353, seq: 56558, ack: 1628048023, window: 5808, ACK, data: "alisque.

Equide"...
19.271 Error: Incorrect acknowledgement flag
19.768 Sent: b' \xa1\xc9\xe8a\n\n\x97\x00\x00\xdc\xeeP\x10\x16\xb0\x00\x00\x00\x00'
19.771 Received: b'\xc9\xe8 \xa1\x00\x00\xdc\xeea\n\n\x97P\x00\x16\xb0\x00\x00\x00\x00alisque.\n\nEquide'...
19.772 Disassembled: source: 51688, dest: 8353, seq: 56558, ack: 1628048023, window: 5808, data: "alisque.

Equide"...
19.772 Data accepted; writing to file
19.772 Assembling: source: 8353, dest: 51688, seq: 1628048023, ack: 58006, window: 5808, ACK
19.773 Sent: b' \xa1\xc9\xe8a\n\n\x97\x00\x00\xe2\x96P\x10\x16\xb0\x00\x00\x00\x00'
19.776 Received: b'\xc9\xe8 \xa1\x00\x00\xe2\x96a\n\n\x97P\x10\x16\xb0\x00\x00\x00\x00finitiones, affe'...
19.776 Disassembled: source: 51688, dest: 8353, seq: 58006, ack: 1628048023, window: 5808, ACK, data: "finitiones, affe"...
19.776 Error: Incorrect acknowledgement flag
20.273 Sent: b' \xa1\xc9\xe8a\n\n\x97\x00\x00\xe2\x96P\x10\x16\xb0\x00\x00\x00\x00'
20.276 Received: b'\xc9\xe8 \xa1\x00\x00\xe2\x96a\n\n\x97P\x00\x16\xb0\x00\x00\x00\x00finitiones, affe'...
20.277 Disassembled: source: 51688, dest: 8353, seq: 58006, ack: 1628048023, window: 5808, data: "finitiones, affe"...
20.277 Data accepted; writing to file
20.277 Assembling: source: 8353, dest: 51688, seq: 1628048023, ack: 59454, window: 5808, ACK
20.277 Sent: b' \xa1\xc9\xe8a\n\n\x97\x00\x00\xe8>P\x10\x16\xb0\x00\x00\x00\x00'
20.280 Received: b'\xc9\xe8 \xa1\x00\x00\xe8>a\n\n\x97P\x10\x16\xb0\x00\x00\x00\x00his duis graeco '...
20.281 Disassembled: source: 51688, dest: 8353, seq: 59454, ack: 1628048023, window: 5808, ACK, data: "his duis graeco "...
20.281 Error: Incorrect acknowledgement flag
20.778 Sent: b' \xa1\xc9\xe8a\n\n\x97\x00\x00\xe8>P\x10\x16\xb0\x00\x00\x00\x00'
20.781 Received: b'\xc9\xe8 \xa1\x00\x00\xe8>a\n\n\x97P\x00\x16\xb0\x00\x00\x00\x00his duis graeco '...
20.781 Disassembled: source: 51688, dest: 8353, seq: 59454, ack: 1628048023, window: 5808, data: "his duis graeco "...
20.782 Data accepted; writing to file
20.782 Assembling: source: 8353, dest: 51688, seq: 1628048023, ack: 60902, window: 5808, ACK
20.782 Sent: b' \xa1\xc9\xe8a\n\n\x97\x00\x00\xed\xe6P\x10\x16\xb0\x00\x00\x00\x00'
20.785 Received: b'\xc9\xe8 \xa1\x00\x00\xed\xe6a\n\n\x97P\x10\x16\xb0\x00\x00\x00\x00am. Alia possit '...
20.786 Disassembled: source: 51688, dest: 8353, seq: 60902, ack: 1628048023, window: 5808, ACK, data: "am. Alia possit "...
20.786 Error: Incorrect acknowledgement flag
21.283 Sent: b' \xa1\xc9\xe8a\n\n\x97\x00\x00\xed\xe6P\x10\x16\xb0\x00\x00\x00\x00'
21.286 Received: b'\xc9\xe8 \xa1\x00\x00\xed\xe6a\n\n\x97P\x00\x16\xb0\x00\x00\x00\x00am. Alia possit '...
21.286 Disassembled: source: 51688, dest: 8353, seq: 60902, ack: 1628048023, window: 5808, data: "am. Alia possit "...
21.287 Data accepted; writing to file
21.287 Assembling: source: 8353, dest: 51688, seq: 1628048023, ack: 62350, window: 5808, ACK
21.287 Sent: b' \xa1\xc9\xe8a\n\n\x97\x00\x00\xf3\x8eP\x10\x16\xb0\x00\x00\x00\x00'
21.290 Received: b'\xc9\xe8 \xa1\x00\x00\xf3\x8ea\n\n\x97P\x10\x16\xb0\x00\x00\x00\x00cum an. Mei faci'...
21.291 Disassembled: source: 51688, dest: 8353, seq: 62350, ack: 1628048023, window: 5808, ACK, data: "cum an. Mei faci"...
21.291 Error: Incorrect acknowledgement flag
21.788 Sent: b' \xa1\xc9\xe8a\n\n\x97\x00\x00\xf3\x8eP\x10\x16\xb0\x00\x00\x00\x00'
21.790 Received: b'\xc9\xe8 \xa1\x00\x00\xf3\x8ea\n\n\x97P\x00\x16\xb0\x00\x00\x00\x00cum an. Mei faci'...
21.790 Disassembled: source: 51688, dest: 8353, seq: 62350, ack: 1628048023, window: 5808, data: "cum an. Mei faci"...
21.790 Data accepted; writing to file
21.791 Assembling: source: 8353, dest: 51688, seq: 1628048023, ack: 63798, window: 5808, ACK
21.791 Sent: b' \xa1\xc9\xe8a\n\n\x97\x00\x00\xf96P\x10\x16\xb0\x00\x00\x00\x00'
21.794 Received: b'\xc9\xe8 \xa1\x00\x00\xf96a\n\n\x97P\x10\x16\xb0\x00\x00\x00\x00 vis adhuc tatio'...
21.794 Disassembled: source: 51688, dest: 8353, seq: 63798, ack: 1628048023, window: 5808, ACK, data: " vis adhuc tatio"...
21.795 Error: Incorrect acknowledgement flag
22.291 Sent: b' \xa1\xc9\xe8a\n\n\x97\x00\x00\xf96P\x10\x16\xb0\x00\x00\x00\x00'
22.294 Received: b'\xc9\xe8 \xa1\x00\x00\xf96a\n\n\x97P\x00\x16\xb0\x00\x00\x00\x00 vis adhuc tatio'...
22.295 Disassembled: source: 51688, dest: 8353, seq: 63798, ack: 1628048023, window: 5808, data: " vis adhuc tatio"...
22.295 Data accepted; writing to file
22.295 Assembling: source: 8353, dest: 51688, seq: 1628048023, ack: 65246, window: 5808, ACK
22.295 Sent: b' \xa1\xc9\xe8a\n\n\x97\x00\x00\xfe\xdeP\x10\x16\xb0\x00\x00\x00\x00'
22.299 Received: b'\xc9\xe8 \xa1\x00\x00\xfe\xdea\n\n\x97P\x10\x16\xb0\x00\x00\x00\x00im eu option iuv'...
22.299 Disassembled: source: 51688, dest: 8353, seq: 65246, ack: 1628048023, window: 5808, ACK, data: "im eu option iuv"...
22.299 Error: Incorrect acknowledgement flag
22.796 Sent: b' \xa1\xc9\xe8a\n\n\x97\x00\x00\xfe\xdeP\x10\x16\xb0\x00\x00\x00\x00'
22.799 Received: b'\xc9\xe8 \xa1\x00\x00\xfe\xdea\n\n\x97P\x00\x16\xb0\x00\x00\x00\x00im eu option iuv'...
22.800 Disassembled: source: 51688, dest: 8353, seq: 65246, ack: 1628048023, window: 5808, data: "im eu option iuv"...
22.800 Data accepted; writing to file
22.800 Assembling: source: 8353, dest: 51688, seq: 1628048023, ack: 66694, window: 5808, ACK
22.801 Sent: b' \xa1\xc9\xe8a\n\n\x97\x00\x01\x04\x86P\x10\x16\xb0\x00\x00\x00\x00'
22.804 Received: b'\xc9\xe8 \xa1\x00\x01\x04\x86a\n\n\x97P\x10\x16\xb0\x00\x00\x00\x00ex epicurei taci'...
22.804 Disassembled: source: 51688, dest: 8353, seq: 66694, ack: 1628048023, window: 5808, ACK, data: "ex epicurei taci"...
22.804 Error: Incorrect acknowledgement flag
23.301 Sent: b' \xa1\xc9\xe8a\n\n\x97\x00\x01\x04\x86P\x10\x16\xb0\x00\x00\x00\x00'
23.304 Received: b'\xc9\xe8 \xa1\x00\x01\x04\x86a\n\n\x97P\x00\x16\xb0\x00\x00\x00\x00ex epicurei taci'...
23.305 Disassembled: source: 51688, dest: 8353, seq: 66694, ack: 1628048023, window: 5808, data: "ex epicurei taci"...
23.305 Data accepted; writing to file
23.305 Assembling: source: 8353, dest: 51688, seq: 1628048023, ack: 68142, window: 5808, ACK
23.305 Sent: b' \xa1\xc9\xe8a\n\n\x97\x00\x01\n.P\x10\x16\xb0\x00\x00\x00\x00'
23.308 Received: b'\xc9\xe8 \xa1\x00\x01\n.a\n\n\x97P\x10\x16\xb0\x00\x00\x00\x00ebat, eu pro ero'...
23.309 Disassembled: source: 51688, dest: 8353, seq: 68142, ack: 1628048023, window: 5808, ACK, data: "ebat, eu pro ero"...
23.309 Error: Incorrect acknowledgement flag
23.806 Sent: b' \xa1\xc9\xe8a\n\n\x97\x00\x01\n.P\x10\x16\xb0\x00\x00\x00\x00'
23.809 Received: b'\xc9\xe8 \xa1\x00\x01\n.a\n\n\x97P\x00\x16\xb0\x00\x00\x00\x00ebat, eu pro ero'...
23.809 Disassembled: source: 51688, dest: 8353, seq: 68142, ack: 1628048023, window: 5808, data: "ebat, eu pro ero"...
23.810 Data accepted; writing to file
23.810 Assembling: source: 8353, dest: 51688, seq: 1628048023, ack: 69590, window: 5808, ACK
23.810 Sent: b' \xa1\xc9\xe8a\n\n\x97\x00\x01\x0f\xd6P\x10\x16\xb0\x00\x00\x00\x00'
23.813 Received: b'\xc9\xe8 \xa1\x00\x01\x0f\xd6a\n\n\x97P\x10\x16\xb0\x00\x00\x00\x00s. Per no sale v'...
23.814 Disassembled: source: 51688, dest: 8353, seq: 69590, ack: 1628048023, window: 5808, ACK, data: "s. Per no sale v"...
23.814 Error: Incorrect acknowledgement flag
24.311 Sent: b' \xa1\xc9\xe8a\n\n\x97\x00\x01\x0f\xd6P\x10\x16\xb0\x00\x00\x00\x00'
24.314 Received: b'\xc9\xe8 \xa1\x00\x01\x0f\xd6a\n\n\x97P\x00\x16\xb0\x00\x00\x00\x00s. Per no sale v'...
24.314 Disassembled: source: 51688, dest: 8353, seq: 69590, ack: 1628048023, window: 5808, data: "s. Per no sale v"...
24.315 Data accepted; writing to file
24.315 Assembling: source: 8353, dest: 51688, seq: 1628048023, ack: 71038, window: 5808, ACK
24.315 Sent: b' \xa1\xc9\xe8a\n\n\x97\x00\x01\x15~P\x10\x16\xb0\x00\x00\x00\x00'
24.318 Received: b'\xc9\xe8 \xa1\x00\x01\x15~a\n\n\x97P\x10\x16\xb0\x00\x00\x00\x00orrupte ea mel. '...
24.319 Disassembled: source: 51688, dest: 8353, seq: 71038, ack: 1628048023, window: 5808, ACK, data: "orrupte ea mel. "...
24.319 Error: Incorrect acknowledgement flag
24.816 Sent: b' \xa1\xc9\xe8a\n\n\x97\x00\x01\x15~P\x10\x16\xb0\x00\x00\x00\x00'
24.819 Received: b'\xc9\xe8 \xa1\x00\x01\x15~a\n\n\x97P\x00\x16\xb0\x00\x00\x00\x00orrupte ea mel. '...
24.819 Disassembled: source: 51688, dest: 8353, seq: 71038, ack: 1628048023, window: 5808, data: "orrupte ea mel. "...
24.819 Data accepted; writing to file
24.820 Assembling: source: 8353, dest: 51688, seq: 1628048023, ack: 72486, window: 5808, ACK
24.820 Sent: b' \xa1\xc9\xe8a\n\n\x97\x00\x01\x1b&P\x10\x16\xb0\x00\x00\x00\x00'
24.823 Received: b'\xc9\xe8 \xa1\x00\x01\x1b&a\n\n\x97P\x10\x16\xb0\x00\x00\x00\x00. Est iracundia '...
24.824 Disassembled: source: 51688, dest: 8353, seq: 72486, ack: 1628048023, window: 5808, ACK, data: ". Est iracundia "...
24.824 Error: Incorrect acknowledgement flag
25.320 Sent: b' \xa1\xc9\xe8a\n\n\x97\x00\x01\x1b&P\x10\x16\xb0\x00\x00\x00\x00'
25.323 Received: b'\xc9\xe8 \xa1\x00\x01\x1b&a\n\n\x97P\x00\x16\xb0\x00\x00\x00\x00. Est iracundia '...
25.324 Disassembled: source: 51688, dest: 8353, seq: 72486, ack: 1628048023, window: 5808, data: ". Est iracundia "...
25.324 Data accepted; writing to file
25.324 Assembling: source: 8353, dest: 51688, seq: 1628048023, ack: 73934, window: 5808, ACK
25.325 Sent: b' \xa1\xc9\xe8a\n\n\x97\x00\x01 \xceP\x10\x16\xb0\x00\x00\x00\x00'
25.328 Received: b'\xc9\xe8 \xa1\x00\x01 \xcea\n\n\x97P\x10\x16\xb0\x00\x00\x00\x00pta probatus scr'...
25.328 Disassembled: source: 51688, dest: 8353, seq: 73934, ack: 1628048023, window: 5808, ACK, data: "pta probatus scr"...
25.329 Error: Incorrect acknowledgement flag
25.825 Sent: b' \xa1\xc9\xe8a\n\n\x97\x00\x01 \xceP\x10\x16\xb0\x00\x00\x00\x00'
25.828 Received: b'\xc9\xe8 \xa1\x00\x01 \xcea\n\n\x97P\x00\x16\xb0\x00\x00\x00\x00pta probatus scr'...
25.829 Disassembled: source: 51688, dest: 8353, seq: 73934, ack: 1628048023, window: 5808, data: "pta probatus scr"...
25.829 Data accepted; writing to file
25.829 Assembling: source: 8353, dest: 51688, seq: 1628048023, ack: 75382, window: 5808, ACK
25.830 Sent: b' \xa1\xc9\xe8a\n\n\x97\x00\x01&vP\x10\x16\xb0\x00\x00\x00\x00'
25.833 Received: b'\xc9\xe8 \xa1\x00\x01&va\n\n\x97P\x10\x16\xb0\x00\x00\x00\x00entur ei, pro ei'...
25.833 Disassembled: source: 51688, dest: 8353, seq: 75382, ack: 1628048023, window: 5808, ACK, data: "entur ei, pro ei"...
25.833 Error: Incorrect acknowledgement flag
26.330 Sent: b' \xa1\xc9\xe8a\n\n\x97\x00\x01&vP\x10\x16\xb0\x00\x00\x00\x00'
26.333 Received: b'\xc9\xe8 \xa1\x00\x01&va\n\n\x97P\x00\x16\xb0\x00\x00\x00\x00entur ei, pro ei'...
26.334 Disassembled: source: 51688, dest: 8353, seq: 75382, ack: 1628048023, window: 5808, data: "entur ei, pro ei"...
26.334 Data accepted; writing to file
26.334 Assembling: source: 8353, dest: 51688, seq: 1628048023, ack: 76830, window: 5808, ACK
26.335 Sent: b' \xa1\xc9\xe8a\n\n\x97\x00\x01,\x1eP\x10\x16\xb0\x00\x00\x00\x00'
26.338 Received: b'\xc9\xe8 \xa1\x00\x01,\x1ea\n\n\x97P\x10\x16\xb0\x00\x00\x00\x00simul euismod vi'...
26.338 Disassembled: source: 51688, dest: 8353, seq: 76830, ack: 1628048023, window: 5808, ACK, data: "simul euismod vi"...
26.338 Error: Incorrect acknowledgement flag
26.835 Sent: b' \xa1\xc9\xe8a\n\n\x97\x00\x01,\x1eP\x10\x16\xb0\x00\x00\x00\x00'
26.837 Received: b'\xc9\xe8 \xa1\x00\x01,\x1ea\n\n\x97P\x00\x16\xb0\x00\x00\x00\x00simul euismod vi'...
26.838 Disassembled: source: 51688, dest: 8353, seq: 76830, ack: 1628048023, window: 5808, data: "simul euismod vi"...
26.838 Data accepted; writing to file
26.838 Assembling: source: 8353, dest: 51688, seq: 1628048023, ack: 78278, window: 5808, ACK
26.838 Sent: b' \xa1\xc9\xe8a\n\n\x97\x00\x011\xc6P\x10\x16\xb0\x00\x00\x00\x00'
26.840 Received: b'\xc9\xe8 \xa1\x00\x011\xc6a\n\n\x97P\x10\x16\xb0\x00\x00\x00\x00, eam id iudico '...
26.841 Disassembled: source: 51688, dest: 8353, seq: 78278, ack: 1628048023, window: 5808, ACK, data: ", eam id iudico "...
26.841 Error: Incorrect acknowledgement flag
27.339 Sent: b' \xa1\xc9\xe8a\n\n\x97\x00\x011\xc6P\x10\x16\xb0\x00\x00\x00\x00'
27.341 Received: b'\xc9\xe8 \xa1\x00\x011\xc6a\n\n\x97P\x00\x16\xb0\x00\x00\x00\x00, eam id iudico '...
27.342 Disassembled: source: 51688, dest: 8353, seq: 78278, ack: 1628048023, window: 5808, data: ", eam id iudico "...
27.342 Data accepted; writing to file
27.342 Assembling: source: 8353, dest: 51688, seq: 1628048023, ack: 79726, window: 5808, ACK
27.343 Sent: b' \xa1\xc9\xe8a\n\n\x97\x00\x017nP\x10\x16\xb0\x00\x00\x00\x00'
27.345 Received: b'\xc9\xe8 \xa1\x00\x017na\n\n\x97P\x10\x16\xb0\x00\x00\x00\x00m vix. Ea est mu'...
27.346 Disassembled: source: 51688, dest: 8353, seq: 79726, ack: 1628048023, window: 5808, ACK, data: "m vix. Ea est mu"...
27.346 Error: Incorrect acknowledgement flag
27.843 Sent: b' \xa1\xc9\xe8a\n\n\x97\x00\x017nP\x10\x16\xb0\x00\x00\x00\x00'
27.846 Received: b'\xc9\xe8 \xa1\x00\x017na\n\n\x97P\x00\x16\xb0\x00\x00\x00\x00m vix. Ea est mu'...
27.847 Disassembled: source: 51688, dest: 8353, seq: 79726, ack: 1628048023, window: 5808, data: "m vix. Ea est mu"...
27.847 Data accepted; writing to file
27.847 Assembling: source: 8353, dest: 51688, seq: 1628048023, ack: 81174, window: 5808, ACK
27.847 Sent: b' \xa1\xc9\xe8a\n\n\x97\x00\x01=\x16P\x10\x16\xb0\x00\x00\x00\x00'
27.850 Received: b'\xc9\xe8 \xa1\x00\x01=\x16a\n\n\x97P\x10\x16\xb0\x00\x00\x00\x00olor sit amet, e'...
27.851 Disassembled: source: 51688, dest: 8353, seq: 81174, ack: 1628048023, window: 5808, ACK, data: "olor sit amet, e"...
27.851 Error: Incorrect acknowledgement flag
28.348 Sent: b' \xa1\xc9\xe8a\n\n\x97\x00\x01=\x16P\x10\x16\xb0\x00\x00\x00\x00'
28.351 Received: b'\xc9\xe8 \xa1\x00\x01=\x16a\n\n\x97P\x00\x16\xb0\x00\x00\x00\x00olor sit amet, e'...
28.351 Disassembled: source: 51688, dest: 8353, seq: 81174, ack: 1628048023, window: 5808, data: "olor sit amet, e"...
28.352 Data accepted; writing to file
28.352 Assembling: source: 8353, dest: 51688, seq: 1628048023, ack: 82622, window: 5808, ACK
28.352 Sent: b' \xa1\xc9\xe8a\n\n\x97\x00\x01B\xbeP\x10\x16\xb0\x00\x00\x00\x00'
28.355 Received: b'\xc9\xe8 \xa1\x00\x01B\xbea\n\n\x97P\x10\x16\xb0\x00\x00\x00\x00m, aperiam iudic'...
28.356 Disassembled: source: 51688, dest: 8353, seq: 82622, ack: 1628048023, window: 5808, ACK, data: "m, aperiam iudic"...
28.356 Error: Incorrect acknowledgement flag
28.853 Sent: b' \xa1\xc9\xe8a\n\n\x97\x00\x01B\xbeP\x10\x16\xb0\x00\x00\x00\x00'
28.856 Received: b'\xc9\xe8 \xa1\x00\x01B\xbea\n\n\x97P\x00\x16\xb0\x00\x00\x00\x00m, aperiam iudic'...
28.856 Disassembled: source: 51688, dest: 8353, seq: 82622, ack: 1628048023, window: 5808, data: "m, aperiam iudic"...
28.856 Data accepted; writing to file
28.857 Assembling: source: 8353, dest: 51688, seq: 1628048023, ack: 84070, window: 5808, ACK
28.857 Sent: b' \xa1\xc9\xe8a\n\n\x97\x00\x01HfP\x10\x16\xb0\x00\x00\x00\x00'
28.860 Received: b'\xc9\xe8 \xa1\x00\x01Hfa\n\n\x97P\x10\x16\xb0\x00\x00\x00\x00re sea. No eos d'...
28.861 Disassembled: source: 51688, dest: 8353, seq: 84070, ack: 1628048023, window: 5808, ACK, data: "re sea. No eos d"...
28.861 Error: Incorrect acknowledgement flag
29.358 Sent: b' \xa1\xc9\xe8a\n\n\x97\x00\x01HfP\x10\x16\xb0\x00\x00\x00\x00'
29.361 Received: b'\xc9\xe8 \xa1\x00\x01Hfa\n\n\x97P\x00\x16\xb0\x00\x00\x00\x00re sea. No eos d'...
29.361 Disassembled: source: 51688, dest: 8353, seq: 84070, ack: 1628048023, window: 5808, data: "re sea. No eos d"...
29.362 Data accepted; writing to file
29.362 Assembling: source: 8353, dest: 51688, seq: 1628048023, ack: 85518, window: 5808, ACK
29.362 Sent: b' \xa1\xc9\xe8a\n\n\x97\x00\x01N\x0eP\x10\x16\xb0\x00\x00\x00\x00'
29.365 Received: b'\xc9\xe8 \xa1\x00\x01N\x0ea\n\n\x97P\x10\x16\xb0\x00\x00\x00\x00t scripta philos'...
29.366 Disassembled: source: 51688, dest: 8353, seq: 85518, ack: 1628048023, window: 5808, ACK, data: "t scripta philos"...
29.366 Error: Incorrect acknowledgement flag
29.863 Sent: b' \xa1\xc9\xe8a\n\n\x97\x00\x01N\x0eP\x10\x16\xb0\x00\x00\x00\x00'
29.866 Received: b'\xc9\xe8 \xa1\x00\x01N\x0ea\n\n\x97P\x00\x16\xb0\x00\x00\x00\x00t scripta philos'...
29.866 Disassembled: source: 51688, dest: 8353, seq: 85518, ack: 1628048023, window: 5808, data: "t scripta philos"...
29.866 Data accepted; writing to file
29.867 Assembling: source: 8353, dest: 51688, seq: 1628048023, ack: 86966, window: 5808, ACK
29.867 Sent: b' \xa1\xc9\xe8a\n\n\x97\x00\x01S\xb6P\x10\x16\xb0\x00\x00\x00\x00'
29.870 Received: b'\xc9\xe8 \xa1\x00\x01S\xb6a\n\n\x97P\x10\x16\xb0\x00\x00\x00\x00tos sadipscing e'...
29.871 Disassembled: source: 51688, dest: 8353, seq: 86966, ack: 1628048023, window: 5808, ACK, data: "tos sadipscing e"...
29.871 Error: Incorrect acknowledgement flag
30.367 Sent: b' \xa1\xc9\xe8a\n\n\x97\x00\x01S\xb6P\x10\x16\xb0\x00\x00\x00\x00'
30.371 Received: b'\xc9\xe8 \xa1\x00\x01S\xb6a\n\n\x97P\x00\x16\xb0\x00\x00\x00\x00tos sadipscing e'...
30.371 Disassembled: source: 51688, dest: 8353, seq: 86966, ack: 1628048023, window: 5808, data: "tos sadipscing e"...
30.371 Data accepted; writing to file
30.371 Assembling: source: 8353, dest: 51688, seq: 1628048023, ack: 88414, window: 5808, ACK
30.372 Sent: b' \xa1\xc9\xe8a\n\n\x97\x00\x01Y^P\x10\x16\xb0\x00\x00\x00\x00'
30.375 Received: b'\xc9\xe8 \xa1\x00\x01Y^a\n\n\x97P\x10\x16\xb0\x00\x00\x00\x00sapientem ea, ad'...
30.375 Disassembled: source: 51688, dest: 8353, seq: 88414, ack: 1628048023, window: 5808, ACK, data: "sapientem ea, ad"...
30.376 Error: Incorrect acknowledgement flag
30.872 Sent: b' \xa1\xc9\xe8a\n\n\x97\x00\x01Y^P\x10\x16\xb0\x00\x00\x00\x00'
30.875 Received: b'\xc9\xe8 \xa1\x00\x01Y^a\n\n\x97P\x00\x16\xb0\x00\x00\x00\x00sapientem ea, ad'...
30.876 Disassembled: source: 51688, dest: 8353, seq: 88414, ack: 1628048023, window: 5808, data: "sapientem ea, ad"...
30.876 Data accepted; writing to file
30.876 Assembling: source: 8353, dest: 51688, seq: 1628048023, ack: 89862, window: 5808, ACK
30.877 Sent: b' \xa1\xc9\xe8a\n\n\x97\x00\x01_\x06P\x10\x16\xb0\x00\x00\x00\x00'
30.880 Received: b'\xc9\xe8 \xa1\x00\x01_\x06a\n\n\x97P\x10\x16\xb0\x00\x00\x00\x00g, ei invenire p'...
30.880 Disassembled: source: 51688, dest: 8353, seq: 89862, ack: 1628048023, window: 5808, ACK, data: "g, ei invenire p"...
30.881 Error: Incorrect acknowledgement flag
31.377 Sent: b' \xa1\xc9\xe8a\n\n\x97\x00\x01_\x06P\x10\x16\xb0\x00\x00\x00\x00'
31.380 Received: b'\xc9\xe8 \xa1\x00\x01_\x06a\n\n\x97P\x00\x16\xb0\x00\x00\x00\x00g, ei invenire p'...
31.381 Disassembled: source: 51688, dest: 8353, seq: 89862, ack: 1628048023, window: 5808, data: "g, ei invenire p"...
31.381 Data accepted; writing to file
31.381 Assembling: source: 8353, dest: 51688, seq: 1628048023, ack: 91310, window: 5808, ACK
31.382 Sent: b' \xa1\xc9\xe8a\n\n\x97\x00\x01d\xaeP\x10\x16\xb0\x00\x00\x00\x00'
31.385 Received: b'\xc9\xe8 \xa1\x00\x01d\xaea\n\n\x97P\x10\x16\xb0\x00\x00\x00\x00endo at. Qui id '...
31.385 Disassembled: source: 51688, dest: 8353, seq: 91310, ack: 1628048023, window: 5808, ACK, data: "endo at. Qui id "...
31.385 Error: Incorrect acknowledgement flag
31.882 Sent: b' \xa1\xc9\xe8a\n\n\x97\x00\x01d\xaeP\x10\x16\xb0\x00\x00\x00\x00'
31.884 Received: b'\xc9\xe8 \xa1\x00\x01d\xaea\n\n\x97P\x00\x16\xb0\x00\x00\x00\x00endo at. Qui id '...
31.885 Disassembled: source: 51688, dest: 8353, seq: 91310, ack: 1628048023, window: 5808, data: "endo at. Qui id "...
31.885 Data accepted; writing to file
31.885 Assembling: source: 8353, dest: 51688, seq: 1628048023, ack: 92758, window: 5808, ACK
31.886 Sent: b' \xa1\xc9\xe8a\n\n\x97\x00\x01jVP\x10\x16\xb0\x00\x00\x00\x00'
31.888 Received: b'\xc9\xe8 \xa1\x00\x01jVa\n\n\x97P\x10\x16\xb0\x00\x00\x00\x00ota nostrum et p'...
31.889 Disassembled: source: 51688, dest: 8353, seq: 92758, ack: 1628048023, window: 5808, ACK, data: "ota nostrum et p"...
31.889 Error: Incorrect acknowledgement flag
32.386 Sent: b' \xa1\xc9\xe8a\n\n\x97\x00\x01jVP\x10\x16\xb0\x00\x00\x00\x00'
32.389 Received: b'\xc9\xe8 \xa1\x00\x01jVa\n\n\x97P\x00\x16\xb0\x00\x00\x00\x00ota nostrum et p'...
32.389 Disassembled: source: 51688, dest: 8353, seq: 92758, ack: 1628048023, window: 5808, data: "ota nostrum et p"...
32.390 Data accepted; writing to file
32.390 Assembling: source: 8353, dest: 51688, seq: 1628048023, ack: 94206, window: 5808, ACK
32.390 Sent: b' \xa1\xc9\xe8a\n\n\x97\x00\x01o\xfeP\x10\x16\xb0\x00\x00\x00\x00'
32.393 Received: b'\xc9\xe8 \xa1\x00\x01o\xfea\n\n\x97P\x10\x16\xb0\x00\x00\x00\x00deseruisse id. P'...
32.394 Disassembled: source: 51688, dest: 8353, seq: 94206, ack: 1628048023, window: 5808, ACK, data: "deseruisse id. P"...
32.394 Error: Incorrect acknowledgement flag
32.891 Sent: b' \xa1\xc9\xe8a\n\n\x97\x00\x01o\xfeP\x10\x16\xb0\x00\x00\x00\x00'
32.894 Received: b'\xc9\xe8 \xa1\x00\x01o\xfea\n\n\x97P\x00\x16\xb0\x00\x00\x00\x00deseruisse id. P'...
32.894 Disassembled: source: 51688, dest: 8353, seq: 94206, ack: 1628048023, window: 5808, data: "deseruisse id. P"...
32.894 Data accepted; writing to file
32.895 Assembling: source: 8353, dest: 51688, seq: 1628048023, ack: 95654, window: 5808, ACK
32.895 Sent: b' \xa1\xc9\xe8a\n\n\x97\x00\x01u\xa6P\x10\x16\xb0\x00\x00\x00\x00'
32.898 Received: b'\xc9\xe8 \xa1\x00\x01u\xa6a\n\n\x97P\x10\x16\xb0\x00\x00\x00\x00odo munere imper'...
32.899 Disassembled: source: 51688, dest: 8353, seq: 95654, ack: 1628048023, window: 5808, ACK, data: "odo munere imper"...
32.899 Error: Incorrect acknowledgement flag
33.396 Sent: b' \xa1\xc9\xe8a\n\n\x97\x00\x01u\xa6P\x10\x16\xb0\x00\x00\x00\x00'
33.399 Received: b'\xc9\xe8 \xa1\x00\x01u\xa6a\n\n\x97P\x00\x16\xb0\x00\x00\x00\x00odo munere imper'...
33.399 Disassembled: source: 51688, dest: 8353, seq: 95654, ack: 1628048023, window: 5808, data: "odo munere imper"...
33.400 Data accepted; writing to file
33.400 Assembling: source: 8353, dest: 51688, seq: 1628048023, ack: 97102, window: 5808, ACK
33.400 Sent: b' \xa1\xc9\xe8a\n\n\x97\x00\x01{NP\x10\x16\xb0\x00\x00\x00\x00'
33.403 Received: b'\xc9\xe8 \xa1\x00\x01{Na\n\n\x97P\x10\x16\xb0\x00\x00\x00\x00cimates cum, tib'...
33.404 Disassembled: source: 51688, dest: 8353, seq: 97102, ack: 1628048023, window: 5808, ACK, data: "cimates cum, tib"...
33.404 Error: Incorrect acknowledgement flag
33.901 Sent: b' \xa1\xc9\xe8a\n\n\x97\x00\x01{NP\x10\x16\xb0\x00\x00\x00\x00'
33.904 Received: b'\xc9\xe8 \xa1\x00\x01{Na\n\n\x97P\x00\x16\xb0\x00\x00\x00\x00cimates cum, tib'...
33.904 Disassembled: source: 51688, dest: 8353, seq: 97102, ack: 1628048023, window: 5808, data: "cimates cum, tib"...
33.904 Data accepted; writing to file
33.905 Assembling: source: 8353, dest: 51688, seq: 1628048023, ack: 98550, window: 5808, ACK
33.905 Sent: b' \xa1\xc9\xe8a\n\n\x97\x00\x01\x80\xf6P\x10\x16\xb0\x00\x00\x00\x00'
33.908 Received: b'\xc9\xe8 \xa1\x00\x01\x80\xf6a\n\n\x97P\x10\x16\xb0\x00\x00\x00\x00tiopam molestiae'...
33.909 Disassembled: source: 51688, dest: 8353, seq: 98550, ack: 1628048023, window: 5808, ACK, data: "tiopam molestiae"...
33.909 Error: Incorrect acknowledgement flag
34.405 Sent: b' \xa1\xc9\xe8a\n\n\x97\x00\x01\x80\xf6P\x10\x16\xb0\x00\x00\x00\x00'
34.408 Received: b'\xc9\xe8 \xa1\x00\x01\x80\xf6a\n\n\x97P\x00\x16\xb0\x00\x00\x00\x00tiopam molestiae'...
34.409 Disassembled: source: 51688, dest: 8353, seq: 98550, ack: 1628048023, window: 5808, data: "tiopam molestiae"...
34.409 Data accepted; writing to file
34.409 Assembling: source: 8353, dest: 51688, seq: 1628048023, ack: 99998, window: 5808, ACK
34.410 Sent: b' \xa1\xc9\xe8a\n\n\x97\x00\x01\x86\x9eP\x10\x16\xb0\x00\x00\x00\x00'
34.413 Received: b'\xc9\xe8 \xa1\x00\x01\x86\x9ea\n\n\x97P\x10\x16\xb0\x00\x00\x00\x00possim qui no, v'...
34.413 Disassembled: source: 51688, dest: 8353, seq: 99998, ack: 1628048023, window: 5808, ACK, data: "possim qui no, v"...
34.414 Error: Incorrect acknowledgement flag
34.910 Sent: b' \xa1\xc9\xe8a\n\n\x97\x00\x01\x86\x9eP\x10\x16\xb0\x00\x00\x00\x00'
34.913 Received: b'\xc9\xe8 \xa1\x00\x01\x86\x9ea\n\n\x97P\x00\x16\xb0\x00\x00\x00\x00possim qui no, v'...
34.914 Disassembled: source: 51688, dest: 8353, seq: 99998, ack: 1628048023, window: 5808, data: "possim qui no, v"...
34.914 Data accepted; writing to file
34.914 Assembling: source: 8353, dest: 51688, seq: 1628048023, ack: 101446, window: 5808, ACK
34.915 Sent: b' \xa1\xc9\xe8a\n\n\x97\x00\x01\x8cFP\x10\x16\xb0\x00\x00\x00\x00'
34.918 Received: b'\xc9\xe8 \xa1\x00\x01\x8cFa\n\n\x97P\x10\x16\xb0\x00\x00\x00\x00 ex utinam parti'...
34.918 Disassembled: source: 51688, dest: 8353, seq: 101446, ack: 1628048023, window: 5808, ACK, data: " ex utinam parti"...
34.918 Error: Incorrect acknowledgement flag
35.415 Sent: b' \xa1\xc9\xe8a\n\n\x97\x00\x01\x8cFP\x10\x16\xb0\x00\x00\x00\x00'
35.418 Received: b'\xc9\xe8 \xa1\x00\x01\x8cFa\n\n\x97P\x00\x16\xb0\x00\x00\x00\x00 ex utinam parti'...
35.419 Disassembled: source: 51688, dest: 8353, seq: 101446, ack: 1628048023, window: 5808, data: " ex utinam parti"...
35.419 Data accepted; writing to file
35.419 Assembling: source: 8353, dest: 51688, seq: 1628048023, ack: 102894, window: 5808, ACK
35.420 Sent: b' \xa1\xc9\xe8a\n\n\x97\x00\x01\x91\xeeP\x10\x16\xb0\x00\x00\x00\x00'
35.423 Received: b'\xc9\xe8 \xa1\x00\x01\x91\xeea\n\n\x97P\x10\x16\xb0\x00\x00\x00\x00icus in his. Pri'...
35.423 Disassembled: source: 51688, dest: 8353, seq: 102894, ack: 1628048023, window: 5808, ACK, data: "icus in his. Pri"...
35.423 Error: Incorrect acknowledgement flag
35.920 Sent: b' \xa1\xc9\xe8a\n\n\x97\x00\x01\x91\xeeP\x10\x16\xb0\x00\x00\x00\x00'
35.923 Received: b'\xc9\xe8 \xa1\x00\x01\x91\xeea\n\n\x97P\x00\x16\xb0\x00\x00\x00\x00icus in his. Pri'...
35.924 Disassembled: source: 51688, dest: 8353, seq: 102894, ack: 1628048023, window: 5808, data: "icus in his. Pri"...
35.924 Data accepted; writing to file
35.924 Assembling: source: 8353, dest: 51688, seq: 1628048023, ack: 104342, window: 5808, ACK
35.925 Sent: b' \xa1\xc9\xe8a\n\n\x97\x00\x01\x97\x96P\x10\x16\xb0\x00\x00\x00\x00'
35.928 Received: b'\xc9\xe8 \xa1\x00\x01\x97\x96a\n\n\x97P\x10\x16\xb0\x00\x00\x00\x00iis et.\n\nIus cu '...
35.928 Disassembled: source: 51688, dest: 8353, seq: 104342, ack: 1628048023, window: 5808, ACK, data: "iis et.

Ius cu "...
35.928 Error: Incorrect acknowledgement flag
36.425 Sent: b' \xa1\xc9\xe8a\n\n\x97\x00\x01\x97\x96P\x10\x16\xb0\x00\x00\x00\x00'
36.428 Received: b'\xc9\xe8 \xa1\x00\x01\x97\x96a\n\n\x97P\x00\x16\xb0\x00\x00\x00\x00iis et.\n\nIus cu '...
36.429 Disassembled: source: 51688, dest: 8353, seq: 104342, ack: 1628048023, window: 5808, data: "iis et.

Ius cu "...
36.429 Data accepted; writing to file
36.429 Assembling: source: 8353, dest: 51688, seq: 1628048023, ack: 105790, window: 5808, ACK
36.430 Sent: b' \xa1\xc9\xe8a\n\n\x97\x00\x01\x9d>P\x10\x16\xb0\x00\x00\x00\x00'
36.433 Received: b'\xc9\xe8 \xa1\x00\x01\x9d>a\n\n\x97P\x10\x16\xb0\x00\x00\x00\x00e interesset.\n\nT'...
36.433 Disassembled: source: 51688, dest: 8353, seq: 105790, ack: 1628048023, window: 5808, ACK, data: "e interesset.

T"...
36.433 Error: Incorrect acknowledgement flag
36.930 Sent: b' \xa1\xc9\xe8a\n\n\x97\x00\x01\x9d>P\x10\x16\xb0\x00\x00\x00\x00'
36.932 Received: b'\xc9\xe8 \xa1\x00\x01\x9d>a\n\n\x97P\x00\x16\xb0\x00\x00\x00\x00e interesset.\n\nT'...
36.933 Disassembled: source: 51688, dest: 8353, seq: 105790, ack: 1628048023, window: 5808, data: "e interesset.

T"...
36.933 Data accepted; writing to file
36.933 Assembling: source: 8353, dest: 51688, seq: 1628048023, ack: 107238, window: 5808, ACK
36.934 Sent: b' \xa1\xc9\xe8a\n\n\x97\x00\x01\xa2\xe6P\x10\x16\xb0\x00\x00\x00\x00'
36.936 Received: b'\xc9\xe8 \xa1\x00\x01\xa2\xe6a\n\n\x97P\x10\x16\xb0\x00\x00\x00\x00pro alia volutpa'...
36.937 Disassembled: source: 51688, dest: 8353, seq: 107238, ack: 1628048023, window: 5808, ACK, data: "pro alia volutpa"...
36.937 Error: Incorrect acknowledgement flag
37.434 Sent: b' \xa1\xc9\xe8a\n\n\x97\x00\x01\xa2\xe6P\x10\x16\xb0\x00\x00\x00\x00'
37.437 Received: b'\xc9\xe8 \xa1\x00\x01\xa2\xe6a\n\n\x97P\x00\x16\xb0\x00\x00\x00\x00pro alia volutpa'...
37.437 Disassembled: source: 51688, dest: 8353, seq: 107238, ack: 1628048023, window: 5808, data: "pro alia volutpa"...
37.438 Data accepted; writing to file
37.438 Assembling: source: 8353, dest: 51688, seq: 1628048023, ack: 108686, window: 5808, ACK
37.438 Sent: b' \xa1\xc9\xe8a\n\n\x97\x00\x01\xa8\x8eP\x10\x16\xb0\x00\x00\x00\x00'
37.441 Received: b'\xc9\xe8 \xa1\x00\x01\xa8\x8ea\n\n\x97P\x10\x16\xb0\x00\x00\x00\x00 libris equidem '...
37.442 Disassembled: source: 51688, dest: 8353, seq: 108686, ack: 1628048023, window: 5808, ACK, data: " libris equidem "...
37.442 Error: Incorrect acknowledgement flag
37.939 Sent: b' \xa1\xc9\xe8a\n\n\x97\x00\x01\xa8\x8eP\x10\x16\xb0\x00\x00\x00\x00'
37.942 Received: b'\xc9\xe8 \xa1\x00\x01\xa8\x8ea\n\n\x97P\x00\x16\xb0\x00\x00\x00\x00 libris equidem '...
37.942 Disassembled: source: 51688, dest: 8353, seq: 108686, ack: 1628048023, window: 5808, data: " libris equidem "...
37.942 Data accepted; writing to file
37.943 Assembling: source: 8353, dest: 51688, seq: 1628048023, ack: 110134, window: 5808, ACK
37.943 Sent: b' \xa1\xc9\xe8a\n\n\x97\x00\x01\xae6P\x10\x16\xb0\x00\x00\x00\x00'
37.946 Received: b'\xc9\xe8 \xa1\x00\x01\xae6a\n\n\x97P\x10\x16\xb0\x00\x00\x00\x00uavitate volupta'...
37.947 Disassembled: source: 51688, dest: 8353, seq: 110134, ack: 1628048023, window: 5808, ACK, data: "uavitate volupta"...
37.947 Error: Incorrect acknowledgement flag
38.444 Sent: b' \xa1\xc9\xe8a\n\n\x97\x00\x01\xae6P\x10\x16\xb0\x00\x00\x00\x00'
38.447 Received: b'\xc9\xe8 \xa1\x00\x01\xae6a\n\n\x97P\x00\x16\xb0\x00\x00\x00\x00uavitate volupta'...
38.447 Disassembled: source: 51688, dest: 8353, seq: 110134, ack: 1628048023, window: 5808, data: "uavitate volupta"...
38.447 Data accepted; writing to file
38.447 Assembling: source: 8353, dest: 51688, seq: 1628048023, ack: 111582, window: 5808, ACK
38.448 Sent: b' \xa1\xc9\xe8a\n\n\x97\x00\x01\xb3\xdeP\x10\x16\xb0\x00\x00\x00\x00'
38.451 Received: b'\xc9\xe8 \xa1\x00\x01\xb3\xdea\n\n\x97P\x10\x16\xb0\x00\x00\x00\x00 Detraxit defini'...
38.451 Disassembled: source: 51688, dest: 8353, seq: 111582, ack: 1628048023, window: 5808, ACK, data: " Detraxit defini"...
38.452 Error: Incorrect acknowledgement flag
38.948 Sent: b' \xa1\xc9\xe8a\n\n\x97\x00\x01\xb3\xdeP\x10\x16\xb0\x00\x00\x00\x00'
38.951 Received: b'\xc9\xe8 \xa1\x00\x01\xb3\xdea\n\n\x97P\x00\x16\xb0\x00\x00\x00\x00 Detraxit defini'...
38.952 Disassembled: source: 51688, dest: 8353, seq: 111582, ack: 1628048023, window: 5808, data: " Detraxit defini"...
38.952 Data accepted; writing to file
38.952 Assembling: source: 8353, dest: 51688, seq: 1628048023, ack: 113030, window: 5808, ACK
38.953 Sent: b' \xa1\xc9\xe8a\n\n\x97\x00\x01\xb9\x86P\x10\x16\xb0\x00\x00\x00\x00'
38.956 Received: b'\xc9\xe8 \xa1\x00\x01\xb9\x86a\n\n\x97P\x10\x16\xb0\x00\x00\x00\x00aesent mei. Quo '...
38.956 Disassembled: source: 51688, dest: 8353, seq: 113030, ack: 1628048023, window: 5808, ACK, data: "aesent mei. Quo "...
38.957 Error: Incorrect acknowledgement flag
39.453 Sent: b' \xa1\xc9\xe8a\n\n\x97\x00\x01\xb9\x86P\x10\x16\xb0\x00\x00\x00\x00'
39.456 Received: b'\xc9\xe8 \xa1\x00\x01\xb9\x86a\n\n\x97P\x00\x16\xb0\x00\x00\x00\x00aesent mei. Quo '...
39.457 Disassembled: source: 51688, dest: 8353, seq: 113030, ack: 1628048023, window: 5808, data: "aesent mei. Quo "...
39.457 Data accepted; writing to file
39.457 Assembling: source: 8353, dest: 51688, seq: 1628048023, ack: 114478, window: 5808, ACK
39.458 Sent: b' \xa1\xc9\xe8a\n\n\x97\x00\x01\xbf.P\x10\x16\xb0\x00\x00\x00\x00'
39.461 Received: b'\xc9\xe8 \xa1\x00\x01\xbf.a\n\n\x97P\x10\x16\xb0\x00\x00\x00\x00nterpretaris no '...
39.461 Disassembled: source: 51688, dest: 8353, seq: 114478, ack: 1628048023, window: 5808, ACK, data: "nterpretaris no "...
39.461 Error: Incorrect acknowledgement flag
39.958 Sent: b' \xa1\xc9\xe8a\n\n\x97\x00\x01\xbf.P\x10\x16\xb0\x00\x00\x00\x00'
39.961 Received: b'\xc9\xe8 \xa1\x00\x01\xbf.a\n\n\x97P\x00\x16\xb0\x00\x00\x00\x00nterpretaris no '...
39.962 Disassembled: source: 51688, dest: 8353, seq: 114478, ack: 1628048023, window: 5808, data: "nterpretaris no "...
39.962 Data accepted; writing to file
39.962 Assembling: source: 8353, dest: 51688, seq: 1628048023, ack: 115926, window: 5808, ACK
39.963 Sent: b' \xa1\xc9\xe8a\n\n\x97\x00\x01\xc4\xd6P\x10\x16\xb0\x00\x00\x00\x00'
39.966 Received: b'\xc9\xe8 \xa1\x00\x01\xc4\xd6a\n\n\x97P\x10\x16\xb0\x00\x00\x00\x00patrioque has. I'...
39.966 Disassembled: source: 51688, dest: 8353, seq: 115926, ack: 1628048023, window: 5808, ACK, data: "patrioque has. I"...
39.966 Error: Incorrect acknowledgement flag
40.463 Sent: b' \xa1\xc9\xe8a\n\n\x97\x00\x01\xc4\xd6P\x10\x16\xb0\x00\x00\x00\x00'
40.466 Received: b'\xc9\xe8 \xa1\x00\x01\xc4\xd6a\n\n\x97P\x00\x16\xb0\x00\x00\x00\x00patrioque has. I'...
40.466 Disassembled: source: 51688, dest: 8353, seq: 115926, ack: 1628048023, window: 5808, data: "patrioque has. I"...
40.467 Data accepted; writing to file
40.467 Assembling: source: 8353, dest: 51688, seq: 1628048023, ack: 117374, window: 5808, ACK
40.467 Sent: b' \xa1\xc9\xe8a\n\n\x97\x00\x01\xca~P\x10\x16\xb0\x00\x00\x00\x00'
40.470 Received: b'\xc9\xe8 \xa1\x00\x01\xca~a\n\n\x97P\x10\x16\xb0\x00\x00\x00\x00ossit repudianda'...
40.471 Disassembled: source: 51688, dest: 8353, seq: 117374, ack: 1628048023, window: 5808, ACK, data: "ossit repudianda"...
40.471 Error: Incorrect acknowledgement flag
40.968 Sent: b' \xa1\xc9\xe8a\n\n\x97\x00\x01\xca~P\x10\x16\xb0\x00\x00\x00\x00'
40.971 Received: b'\xc9\xe8 \xa1\x00\x01\xca~a\n\n\x97P\x00\x16\xb0\x00\x00\x00\x00ossit repudianda'...
40.971 Disassembled: source: 51688, dest: 8353, seq: 117374, ack: 1628048023, window: 5808, data: "ossit repudianda"...
40.972 Data accepted; writing to file
40.972 Assembling: source: 8353, dest: 51688, seq: 1628048023, ack: 118822, window: 5808, ACK
40.972 Sent: b' \xa1\xc9\xe8a\n\n\x97\x00\x01\xd0&P\x10\x16\xb0\x00\x00\x00\x00'
40.975 Received: b'\xc9\xe8 \xa1\x00\x01\xd0&a\n\n\x97P\x10\x16\xb0\x00\x00\x00\x00ora consequuntur'...
40.976 Disassembled: source: 51688, dest: 8353, seq: 118822, ack: 1628048023, window: 5808, ACK, data: "ora consequuntur"...
40.976 Error: Incorrect acknowledgement flag
41.473 Sent: b' \xa1\xc9\xe8a\n\n\x97\x00\x01\xd0&P\x10\x16\xb0\x00\x00\x00\x00'
41.476 Received: b'\xc9\xe8 \xa1\x00\x01\xd0&a\n\n\x97P\x00\x16\xb0\x00\x00\x00\x00ora consequuntur'...
41.476 Disassembled: source: 51688, dest: 8353, seq: 118822, ack: 1628048023, window: 5808, data: "ora consequuntur"...
41.477 Data accepted; writing to file
41.477 Assembling: source: 8353, dest: 51688, seq: 1628048023, ack: 120270, window: 5808, ACK
41.477 Sent: b' \xa1\xc9\xe8a\n\n\x97\x00\x01\xd5\xceP\x10\x16\xb0\x00\x00\x00\x00'
41.480 Received: b'\xc9\xe8 \xa1\x00\x01\xd5\xcea\n\n\x97P\x10\x16\xb0\x00\x00\x00\x00ctus conceptam a'...
41.481 Disassembled: source: 51688, dest: 8353, seq: 120270, ack: 1628048023, window: 5808, ACK, data: "ctus conceptam a"...
41.481 Error: Incorrect acknowledgement flag
41.978 Sent: b' \xa1\xc9\xe8a\n\n\x97\x00\x01\xd5\xceP\x10\x16\xb0\x00\x00\x00\x00'
41.980 Received: b'\xc9\xe8 \xa1\x00\x01\xd5\xcea\n\n\x97P\x00\x16\xb0\x00\x00\x00\x00ctus conceptam a'...
41.980 Disassembled: source: 51688, dest: 8353, seq: 120270, ack: 1628048023, window: 5808, data: "ctus conceptam a"...
41.980 Data accepted; writing to file
41.980 Assembling: source: 8353, dest: 51688, seq: 1628048023, ack: 121718, window: 5808, ACK
41.981 Sent: b' \xa1\xc9\xe8a\n\n\x97\x00\x01\xdbvP\x10\x16\xb0\x00\x00\x00\x00'
41.983 Received: b'\xc9\xe8 \xa1\x00\x01\xdbva\n\n\x97P\x10\x16\xb0\x00\x00\x00\x00 aeterno te, ne '...
41.983 Disassembled: source: 51688, dest: 8353, seq: 121718, ack: 1628048023, window: 5808, ACK, data: " aeterno te, ne "...
41.984 Error: Incorrect acknowledgement flag
42.481 Sent: b' \xa1\xc9\xe8a\n\n\x97\x00\x01\xdbvP\x10\x16\xb0\x00\x00\x00\x00'
42.484 Received: b'\xc9\xe8 \xa1\x00\x01\xdbva\n\n\x97P\x00\x16\xb0\x00\x00\x00\x00 aeterno te, ne '...
42.485 Disassembled: source: 51688, dest: 8353, seq: 121718, ack: 1628048023, window: 5808, data: " aeterno te, ne "...
42.485 Data accepted; writing to file
42.485 Assembling: source: 8353, dest: 51688, seq: 1628048023, ack: 123166, window: 5808, ACK
42.486 Sent: b' \xa1\xc9\xe8a\n\n\x97\x00\x01\xe1\x1eP\x10\x16\xb0\x00\x00\x00\x00'
42.489 Received: b'\xc9\xe8 \xa1\x00\x01\xe1\x1ea\n\n\x97P\x10\x16\xb0\x00\x00\x00\x00imis oporteat di'...
42.489 Disassembled: source: 51688, dest: 8353, seq: 123166, ack: 1628048023, window: 5808, ACK, data: "imis oporteat di"...
42.489 Error: Incorrect acknowledgement flag
42.986 Sent: b' \xa1\xc9\xe8a\n\n\x97\x00\x01\xe1\x1eP\x10\x16\xb0\x00\x00\x00\x00'
42.989 Received: b'\xc9\xe8 \xa1\x00\x01\xe1\x1ea\n\n\x97P\x00\x16\xb0\x00\x00\x00\x00imis oporteat di'...
42.990 Disassembled: source: 51688, dest: 8353, seq: 123166, ack: 1628048023, window: 5808, data: "imis oporteat di"...
42.990 Data accepted; writing to file
42.990 Assembling: source: 8353, dest: 51688, seq: 1628048023, ack: 124614, window: 5808, ACK
42.991 Sent: b' \xa1\xc9\xe8a\n\n\x97\x00\x01\xe6\xc6P\x10\x16\xb0\x00\x00\x00\x00'
42.994 Received: b'\xc9\xe8 \xa1\x00\x01\xe6\xc6a\n\n\x97P\x10\x16\xb0\x00\x00\x00\x00re. Has virtute '...
42.994 Disassembled: source: 51688, dest: 8353, seq: 124614, ack: 1628048023, window: 5808, ACK, data: "re. Has virtute "...
42.994 Error: Incorrect acknowledgement flag
43.491 Sent: b' \xa1\xc9\xe8a\n\n\x97\x00\x01\xe6\xc6P\x10\x16\xb0\x00\x00\x00\x00'
43.494 Received: b'\xc9\xe8 \xa1\x00\x01\xe6\xc6a\n\n\x97P\x00\x16\xb0\x00\x00\x00\x00re. Has virtute '...
43.495 Disassembled: source: 51688, dest: 8353, seq: 124614, ack: 1628048023, window: 5808, data: "re. Has virtute "...
43.495 Data accepted; writing to file
43.495 Assembling: source: 8353, dest: 51688, seq: 1628048023, ack: 126062, window: 5808, ACK
43.496 Sent: b' \xa1\xc9\xe8a\n\n\x97\x00\x01\xecnP\x10\x16\xb0\x00\x00\x00\x00'
43.499 Received: b'\xc9\xe8 \xa1\x00\x01\xecna\n\n\x97P\x10\x16\xb0\x00\x00\x00\x00 eum ancillae no'...
43.499 Disassembled: source: 51688, dest: 8353, seq: 126062, ack: 1628048023, window: 5808, ACK, data: " eum ancillae no"...
43.499 Error: Incorrect acknowledgement flag
43.996 Sent: b' \xa1\xc9\xe8a\n\n\x97\x00\x01\xecnP\x10\x16\xb0\x00\x00\x00\x00'
43.999 Received: b'\xc9\xe8 \xa1\x00\x01\xecna\n\n\x97P\x00\x16\xb0\x00\x00\x00\x00 eum ancillae no'...
44.000 Disassembled: source: 51688, dest: 8353, seq: 126062, ack: 1628048023, window: 5808, data: " eum ancillae no"...
44.000 Data accepted; writing to file
44.000 Assembling: source: 8353, dest: 51688, seq: 1628048023, ack: 127510, window: 5808, ACK
44.000 Sent: b' \xa1\xc9\xe8a\n\n\x97\x00\x01\xf2\x16P\x10\x16\xb0\x00\x00\x00\x00'
44.003 Received: b'\xc9\xe8 \xa1\x00\x01\xf2\x16a\n\n\x97P\x10\x16\xb0\x00\x00\x00\x00ppareat ius. At '...
44.004 Disassembled: source: 51688, dest: 8353, seq: 127510, ack: 1628048023, window: 5808, ACK, data: "ppareat ius. At "...
44.004 Error: Incorrect acknowledgement flag
44.501 Sent: b' \xa1\xc9\xe8a\n\n\x97\x00\x01\xf2\x16P\x10\x16\xb0\x00\x00\x00\x00'
44.504 Received: b'\xc9\xe8 \xa1\x00\x01\xf2\x16a\n\n\x97P\x00\x16\xb0\x00\x00\x00\x00ppareat ius. At '...
44.504 Disassembled: source: 51688, dest: 8353, seq: 127510, ack: 1628048023, window: 5808, data: "ppareat ius. At "...
44.505 Data accepted; writing to file
44.505 Assembling: source: 8353, dest: 51688, seq: 1628048023, ack: 128958, window: 5808, ACK
44.505 Sent: b' \xa1\xc9\xe8a\n\n\x97\x00\x01\xf7\xbeP\x10\x16\xb0\x00\x00\x00\x00'
44.508 Received: b'\xc9\xe8 \xa1\x00\x01\xf7\xbea\n\n\x97P\x10\x16\xb0\x00\x00\x00\x00, vero appellant'...
44.509 Disassembled: source: 51688, dest: 8353, seq: 128958, ack: 1628048023, window: 5808, ACK, data: ", vero appellant"...
44.509 Error: Incorrect acknowledgement flag
45.006 Sent: b' \xa1\xc9\xe8a\n\n\x97\x00\x01\xf7\xbeP\x10\x16\xb0\x00\x00\x00\x00'
45.009 Received: b'\xc9\xe8 \xa1\x00\x01\xf7\xbea\n\n\x97P\x00\x16\xb0\x00\x00\x00\x00, vero appellant'...
45.009 Disassembled: source: 51688, dest: 8353, seq: 128958, ack: 1628048023, window: 5808, data: ", vero appellant"...
45.010 Data accepted; writing to file
45.010 Assembling: source: 8353, dest: 51688, seq: 1628048023, ack: 130406, window: 5808, ACK
45.010 Sent: b' \xa1\xc9\xe8a\n\n\x97\x00\x01\xfdfP\x10\x16\xb0\x00\x00\x00\x00'
45.013 Received: b'\xc9\xe8 \xa1\x00\x01\xfdfa\n\n\x97P\x10\x16\xb0\x00\x00\x00\x00ibo quando copio'...
45.014 Disassembled: source: 51688, dest: 8353, seq: 130406, ack: 1628048023, window: 5808, ACK, data: "ibo quando copio"...
45.014 Error: Incorrect acknowledgement flag
45.511 Sent: b' \xa1\xc9\xe8a\n\n\x97\x00\x01\xfdfP\x10\x16\xb0\x00\x00\x00\x00'
45.514 Received: b'\xc9\xe8 \xa1\x00\x01\xfdfa\n\n\x97P\x00\x16\xb0\x00\x00\x00\x00ibo quando copio'...
45.514 Disassembled: source: 51688, dest: 8353, seq: 130406, ack: 1628048023, window: 5808, data: "ibo quando copio"...
45.514 Data accepted; writing to file
45.515 Assembling: source: 8353, dest: 51688, seq: 1628048023, ack: 131854, window: 5808, ACK
45.515 Sent: b' \xa1\xc9\xe8a\n\n\x97\x00\x02\x03\x0eP\x10\x16\xb0\x00\x00\x00\x00'
45.518 Received: b'\xc9\xe8 \xa1\x00\x02\x03\x0ea\n\n\x97P\x10\x16\xb0\x00\x00\x00\x00 maluisset. Sit '...
45.519 Disassembled: source: 51688, dest: 8353, seq: 131854, ack: 1628048023, window: 5808, ACK, data: " maluisset. Sit "...
45.519 Error: Incorrect acknowledgement flag
46.016 Sent: b' \xa1\xc9\xe8a\n\n\x97\x00\x02\x03\x0eP\x10\x16\xb0\x00\x00\x00\x00'
46.019 Received: b'\xc9\xe8 \xa1\x00\x02\x03\x0ea\n\n\x97P\x00\x16\xb0\x00\x00\x00\x00 maluisset. Sit '...
46.019 Disassembled: source: 51688, dest: 8353, seq: 131854, ack: 1628048023, window: 5808, data: " maluisset. Sit "...
46.019 Data accepted; writing to file
46.019 Assembling: source: 8353, dest: 51688, seq: 1628048023, ack: 133302, window: 5808, ACK
46.020 Sent: b' \xa1\xc9\xe8a\n\n\x97\x00\x02\x08\xb6P\x10\x16\xb0\x00\x00\x00\x00'
46.023 Received: b'\xc9\xe8 \xa1\x00\x02\x08\xb6a\n\n\x97P\x10\x16\xb0\x00\x00\x00\x00e ceteros albuci'...
46.023 Disassembled: source: 51688, dest: 8353, seq: 133302, ack: 1628048023, window: 5808, ACK, data: "e ceteros albuci"...
46.024 Error: Incorrect acknowledgement flag
46.520 Sent: b' \xa1\xc9\xe8a\n\n\x97\x00\x02\x08\xb6P\x10\x16\xb0\x00\x00\x00\x00'
46.523 Received: b'\xc9\xe8 \xa1\x00\x02\x08\xb6a\n\n\x97P\x00\x16\xb0\x00\x00\x00\x00e ceteros albuci'...
46.524 Disassembled: source: 51688, dest: 8353, seq: 133302, ack: 1628048023, window: 5808, data: "e ceteros albuci"...
46.524 Data accepted; writing to file
46.524 Assembling: source: 8353, dest: 51688, seq: 1628048023, ack: 134750, window: 5808, ACK
46.525 Sent: b' \xa1\xc9\xe8a\n\n\x97\x00\x02\x0e^P\x10\x16\xb0\x00\x00\x00\x00'
46.528 Received: b'\xc9\xe8 \xa1\x00\x02\x0e^a\n\n\x97P\x10\x16\xb0\x00\x00\x00\x00complectitur sea'...
46.528 Disassembled: source: 51688, dest: 8353, seq: 134750, ack: 1628048023, window: 5808, ACK, data: "complectitur sea"...
46.529 Error: Incorrect acknowledgement flag
47.025 Sent: b' \xa1\xc9\xe8a\n\n\x97\x00\x02\x0e^P\x10\x16\xb0\x00\x00\x00\x00'
47.028 Received: b'\xc9\xe8 \xa1\x00\x02\x0e^a\n\n\x97P\x00\x16\xb0\x00\x00\x00\x00complectitur sea'...
47.029 Disassembled: source: 51688, dest: 8353, seq: 134750, ack: 1628048023, window: 5808, data: "complectitur sea"...
47.029 Data accepted; writing to file
47.029 Assembling: source: 8353, dest: 51688, seq: 1628048023, ack: 136198, window: 5808, ACK
47.030 Sent: b' \xa1\xc9\xe8a\n\n\x97\x00\x02\x14\x06P\x10\x16\xb0\x00\x00\x00\x00'
47.033 Received: b'\xc9\xe8 \xa1\x00\x02\x14\x06a\n\n\x97P\x10\x16\xb0\x00\x00\x00\x00tempor ex ius. E'...
47.033 Disassembled: source: 51688, dest: 8353, seq: 136198, ack: 1628048023, window: 5808, ACK, data: "tempor ex ius. E"...
47.033 Error: Incorrect acknowledgement flag
47.530 Sent: b' \xa1\xc9\xe8a\n\n\x97\x00\x02\x14\x06P\x10\x16\xb0\x00\x00\x00\x00'
47.533 Received: b'\xc9\xe8 \xa1\x00\x02\x14\x06a\n\n\x97P\x00\x16\xb0\x00\x00\x00\x00tempor ex ius. E'...
47.534 Disassembled: source: 51688, dest: 8353, seq: 136198, ack: 1628048023, window: 5808, data: "tempor ex ius. E"...
47.534 Data accepted; writing to file
47.534 Assembling: source: 8353, dest: 51688, seq: 1628048023, ack: 136292, window: 5808, ACK
47.535 Sent: b' \xa1\xc9\xe8a\n\n\x97\x00\x02\x14dP\x10\x16\xb0\x00\x00\x00\x00'
48.035 Sent: b' \xa1\xc9\xe8a\n\n\x97\x00\x02\x14dP\x10\x16\xb0\x00\x00\x00\x00'
48.536 Sent: b' \xa1\xc9\xe8a\n\n\x97\x00\x02\x14dP\x10\x16\xb0\x00\x00\x00\x00'
49.036 Sent: b' \xa1\xc9\xe8a\n\n\x97\x00\x02\x14dP\x10\x16\xb0\x00\x00\x00\x00'
49.536 Sent: b' \xa1\xc9\xe8a\n\n\x97\x00\x02\x14dP\x10\x16\xb0\x00\x00\x00\x00'
50.037 Error: Connection timed out
50.037 Closed connection
50.038 Shutting down
