0.000 NEW RUN: Server, TEST: Write_file__Relaxed
0.081 Received: b'$\x81@\x89\x00\x00\x007\x00\x00\x00\x00P\x02\x05\xa8\x00\x00\x00\x00'
0.082 Disassembled: source: 9345, dest: 16521, seq: 55, window: 1448, SYN
0.082 SYN accepted; new connection: 127.0.0.1 on port 9345
0.083 Assembling: source: 16521, dest: 9345, seq: 1570051193, ack: 56, window: 5808, ACK, SYN
0.083 Sent: b'@\x89$\x81]\x95\x14y\x00\x00\x008P\x12\x16\xb0\x00\x00\x00\x00'
0.085 Received: b'$\x81@\x89\x00\x00\x008]\x95\x14zP\x10\x16\xb0\x00\x00\x00\x00'
0.086 Disassembled: source: 9345, dest: 16521, seq: 56, ack: 1570051194, window: 5808, ACK
0.086 Assembling: source: 16521, dest: 9345, seq: 1570051194, ack: 56, window: 5808, ACK
0.086 Received: b'$\x81@\x89\x00\x00\x008]\x95\x14zP\x10\x16\xb0\x00\x00\x00\x00'
0.087 Sent: b'@\x89$\x81]\x95\x14z\x00\x00\x008P\x10\x16\xb0\x00\x00\x00\x00'
0.087 Disassembled: source: 9345, dest: 16521, seq: 56, ack: 1570051194, window: 5808, ACK
0.087 Assembling: source: 16521, dest: 9345, seq: 1570051194, ack: 56, window: 5808, ACK
0.088 Sent: b'@\x89$\x81]\x95\x14z\x00\x00\x008P\x10\x16\xb0\x00\x00\x00\x00'
0.588 Sent: b'@\x89$\x81]\x95\x14z\x00\x00\x008P\x10\x16\xb0\x00\x00\x00\x00'
1.089 Sent: b'@\x89$\x81]\x95\x14z\x00\x00\x008P\x10\x16\xb0\x00\x00\x00\x00'
1.589 Sent: b'@\x89$\x81]\x95\x14z\x00\x00\x008P\x10\x16\xb0\x00\x00\x00\x00'
2.089 Sent: b'@\x89$\x81]\x95\x14z\x00\x00\x008P\x10\x16\xb0\x00\x00\x00\x00'
2.590 Error: Connection timed out
2.590 Closed connection
2.591 Shutting down
