0.000 NEW RUN: Server, TEST: Read_file__Single_packet
0.201 Received: b'\xe1\xe9n\xdc\x00\x00\x00\x17\x00\x00\x00\x00P\x02\x05\xa8\x00\x00\x00\x00'
0.202 Disassembled: source: 57833, dest: 28380, seq: 23, window: 1448, SYN
0.202 SYN accepted; new connection: 127.0.0.1 on port 57833
0.202 Assembling: source: 28380, dest: 57833, seq: 2484477287, ack: 24, window: 1448, ACK, SYN
0.202 Sent: b'n\xdc\xe1\xe9\x94\x16\x1dg\x00\x00\x00\x18P\x12\x05\xa8\x00\x00\x00\x00'
0.205 Received: b'\xe1\xe9n\xdc\x00\x00\x00\x18\x94\x16\x1dhP\x10\x05\xa8\x00\x00\x00\x00'
0.205 Disassembled: source: 57833, dest: 28380, seq: 24, ack: 2484477288, window: 1448, ACK
0.205 Handshake complete
0.205 Acknowledged seq: 2484477287
0.205 Finished reading file
0.205 Assembling: source: 28380, dest: 57833, seq: 2484477288, ack: 25, window: 1448, data: "This file fits i"...
0.206 Sent: b'n\xdc\xe1\xe9\x94\x16\x1dh\x00\x00\x00\x19P\x00\x05\xa8\x00\x00\x00\x00This file fits i'...
0.706 Sent: b'n\xdc\xe1\xe9\x94\x16\x1dh\x00\x00\x00\x19P\x00\x05\xa8\x00\x00\x00\x00This file fits i'...
1.206 Sent: b'n\xdc\xe1\xe9\x94\x16\x1dh\x00\x00\x00\x19P\x00\x05\xa8\x00\x00\x00\x00This file fits i'...
1.707 Sent: b'n\xdc\xe1\xe9\x94\x16\x1dh\x00\x00\x00\x19P\x00\x05\xa8\x00\x00\x00\x00This file fits i'...
2.207 Sent: b'n\xdc\xe1\xe9\x94\x16\x1dh\x00\x00\x00\x19P\x00\x05\xa8\x00\x00\x00\x00This file fits i'...
2.708 Sent: b'n\xdc\xe1\xe9\x94\x16\x1dh\x00\x00\x00\x19P\x00\x05\xa8\x00\x00\x00\x00This file fits i'...
3.208 Error: Connection timed out
3.208 Closed connection
3.209 Shutting down
