0.000 NEW RUN: Server, TEST: Read_file__Very_large_multi-packet
0.213 Received: b'\xdd\x17\x84T\x00\x00\x00\\\x00\x00\x00\x00P\x02\x05\xa8\x00\x00\x00\x00'
0.214 Disassembled: source: 56599, dest: 33876, seq: 92, window: 1448, SYN
0.214 SYN accepted; new connection: 127.0.0.1 on port 56599
0.214 Assembling: source: 33876, dest: 56599, seq: 2560186945, ack: 93, window: 1448, ACK, SYN
0.215 Sent: b'\x84T\xdd\x17\x98\x99ZA\x00\x00\x00]P\x12\x05\xa8\x00\x00\x00\x00'
0.217 Received: b'\xdd\x17\x84T\x00\x00\x00]\x98\x99ZBP\x10\x05\xa8\x00\x00\x00\x00'
0.217 Disassembled: source: 56599, dest: 33876, seq: 93, ack: 2560186946, window: 1448, ACK
0.217 Handshake complete
0.217 Acknowledged seq: 2560186945
0.218 Assembling: source: 33876, dest: 56599, seq: 2560186946, ack: 94, window: 1448, data: b'@\x96o\xec!c\x93Z\xed\x08f\xcd}`>&'...
0.218 Sent: b'\x84T\xdd\x17\x98\x99ZB\x00\x00\x00^P\x00\x05\xa8\x00\x00\x00\x00@\x96o\xec!c\x93Z\xed\x08f\xcd}`>&'...
0.718 Sent: b'\x84T\xdd\x17\x98\x99ZB\x00\x00\x00^P\x00\x05\xa8\x00\x00\x00\x00@\x96o\xec!c\x93Z\xed\x08f\xcd}`>&'...
1.219 Sent: b'\x84T\xdd\x17\x98\x99ZB\x00\x00\x00^P\x00\x05\xa8\x00\x00\x00\x00@\x96o\xec!c\x93Z\xed\x08f\xcd}`>&'...
1.719 Sent: b'\x84T\xdd\x17\x98\x99ZB\x00\x00\x00^P\x00\x05\xa8\x00\x00\x00\x00@\x96o\xec!c\x93Z\xed\x08f\xcd}`>&'...
2.219 Sent: b'\x84T\xdd\x17\x98\x99ZB\x00\x00\x00^P\x00\x05\xa8\x00\x00\x00\x00@\x96o\xec!c\x93Z\xed\x08f\xcd}`>&'...
2.720 Sent: b'\x84T\xdd\x17\x98\x99ZB\x00\x00\x00^P\x00\x05\xa8\x00\x00\x00\x00@\x96o\xec!c\x93Z\xed\x08f\xcd}`>&'...
3.220 Error: Connection timed out
3.220 Closed connection
3.221 Shutting down
