0.000 NEW RUN: Server, TEST: Read_file__Latency
0.210 Received: b'Z\xb6B\xc2\x00\x00\x008\x00\x00\x00\x00P\x02\x05\xa8\x00\x00\x00\x00'
0.211 Disassembled: source: 23222, dest: 17090, seq: 56, window: 1448, SYN
0.211 SYN accepted; new connection: 127.0.0.1 on port 23222
0.211 Assembling: source: 17090, dest: 23222, seq: 2553021729, ack: 57, window: 1448, ACK, SYN
0.212 Sent: b'B\xc2Z\xb6\x98,\x05!\x00\x00\x009P\x12\x05\xa8\x00\x00\x00\x00'
0.712 Sent: b'B\xc2Z\xb6\x98,\x05!\x00\x00\x009P\x12\x05\xa8\x00\x00\x00\x00'
1.213 Sent: b'B\xc2Z\xb6\x98,\x05!\x00\x00\x009P\x12\x05\xa8\x00\x00\x00\x00'
1.217 Received: b'Z\xb6B\xc2\x00\x00\x009\x98,\x05"P\x10\x05\xa8\x00\x00\x00\x00'
1.217 Disassembled: source: 23222, dest: 17090, seq: 57, ack: 2553021730, window: 1448, ACK
1.217 Handshake complete
1.217 Acknowledged seq: 2553021729
1.218 Assembling: source: 17090, dest: 23222, seq: 2553021730, ack: 58, window: 1448, data: "Lorem ipsum dolo"...
1.218 Sent: b'B\xc2Z\xb6\x98,\x05"\x00\x00\x00:P\x00\x05\xa8\x00\x00\x00\x00Lorem ipsum dolo'...
1.719 Sent: b'B\xc2Z\xb6\x98,\x05"\x00\x00\x00:P\x00\x05\xa8\x00\x00\x00\x00Lorem ipsum dolo'...
2.219 Sent: b'B\xc2Z\xb6\x98,\x05"\x00\x00\x00:P\x00\x05\xa8\x00\x00\x00\x00Lorem ipsum dolo'...
2.720 Sent: b'B\xc2Z\xb6\x98,\x05"\x00\x00\x00:P\x00\x05\xa8\x00\x00\x00\x00Lorem ipsum dolo'...
3.220 Sent: b'B\xc2Z\xb6\x98,\x05"\x00\x00\x00:P\x00\x05\xa8\x00\x00\x00\x00Lorem ipsum dolo'...
3.721 Sent: b'B\xc2Z\xb6\x98,\x05"\x00\x00\x00:P\x00\x05\xa8\x00\x00\x00\x00Lorem ipsum dolo'...
4.221 Error: Connection timed out
4.222 Closed connection
4.721 Shutting down
