0.000 NEW RUN: Server, TEST: Read_file__Small_multi-packet
0.215 Received: b'vM\xa9v\x00\x00\x00c\x00\x00\x00\x00P\x02\x05\xa8\x00\x00\x00\x00'
0.216 Disassembled: source: 30285, dest: 43382, seq: 99, window: 1448, SYN
0.216 SYN accepted; new connection: 127.0.0.1 on port 30285
0.216 Assembling: source: 43382, dest: 30285, seq: 2490583072, ack: 100, window: 1448, ACK, SYN
0.216 Sent: b'\xa9vvM\x94sH \x00\x00\x00dP\x12\x05\xa8\x00\x00\x00\x00'
0.218 Received: b'vM\xa9v\x00\x00\x00d\x94sH!P\x10\x05\xa8\x00\x00\x00\x00'
0.218 Disassembled: source: 30285, dest: 43382, seq: 100, ack: 2490583073, window: 1448, ACK
0.218 Handshake complete
0.219 Acknowledged seq: 2490583072
0.219 Assembling: source: 43382, dest: 30285, seq: 2490583073, ack: 101, window: 1448, data: "Lorem ipsum dolo"...
0.219 Sent: b'\xa9vvM\x94sH!\x00\x00\x00eP\x00\x05\xa8\x00\x00\x00\x00Lorem ipsum dolo'...
0.719 Sent: b'\xa9vvM\x94sH!\x00\x00\x00eP\x00\x05\xa8\x00\x00\x00\x00Lorem ipsum dolo'...
1.220 Sent: b'\xa9vvM\x94sH!\x00\x00\x00eP\x00\x05\xa8\x00\x00\x00\x00Lorem ipsum dolo'...
1.720 Sent: b'\xa9vvM\x94sH!\x00\x00\x00eP\x00\x05\xa8\x00\x00\x00\x00Lorem ipsum dolo'...
2.221 Sent: b'\xa9vvM\x94sH!\x00\x00\x00eP\x00\x05\xa8\x00\x00\x00\x00Lorem ipsum dolo'...
2.721 Sent: b'\xa9vvM\x94sH!\x00\x00\x00eP\x00\x05\xa8\x00\x00\x00\x00Lorem ipsum dolo'...
3.221 Error: Connection timed out
3.222 Closed connection
3.222 Shutting down
